PROBLEM_FILE = /tmp/tsp/13742.tmp/sample.tsp
48612379 0.720306
48599460 0.720343
48591052 0.720347
48516673 0.720352
48507907 0.720356
48426669 0.720361
48279410 0.720367
48278865 0.720371
48247184 0.720379
48203552 0.720391
48201632 0.720401
48201554 0.720406
48152021 0.720409
48065340 0.720418
47928149 0.720430
47823112 0.720457
47818257 0.720477
47758203 0.720493
47757128 0.720497
47635459 0.720508
47534446 0.720519
47463510 0.720523
47382995 0.720533
47316999 0.720542
47209674 0.720546
47201244 0.720553
47181358 0.720557
47060797 0.720572
47005019 0.720584
46933112 0.720596
46917042 0.720599
46910845 0.720612
46891577 0.720616
46851392 0.720622
46665448 0.720629
46664228 0.720633
46585541 0.720645
46583140 0.720650
46565530 0.720654
46550519 0.720657
46478533 0.720669
46475701 0.720677
46197061 0.720693
46148060 0.720704
46145651 0.720707
46117741 0.720721
46089456 0.720732
46055169 0.720735
46035882 0.720784
45795425 0.720795
45734237 0.720799
45731310 0.720819
45715432 0.720861
45682528 0.720865
45645590 0.720872
45579800 0.720879
45541333 0.720883
45537674 0.720887
45508016 0.720891
45506734 0.720897
45426582 0.720903
45410446 0.720915
45393453 0.720935
45301311 0.720940
45299997 0.720964
45289232 0.721008
45277628 0.721012
45263698 0.721029
45261229 0.721032
45236453 0.721050
45225762 0.721054
45218694 0.721057
45108010 0.721066
44932466 0.721073
44902218 0.721076
44878796 0.721080
44861170 0.721094
44852153 0.721099
44795982 0.721121
44750767 0.721129
44700213 0.721134
44699571 0.721138
44663876 0.721144
44646623 0.721149
44626844 0.721153
44605860 0.721164
44540432 0.721179
44531144 0.721193
44501852 0.721198
44391237 0.721203
44365742 0.721206
44352357 0.721212
44287523 0.721221
44264762 0.721225
44197137 0.721228
44171667 0.721239
44163877 0.721249
44155245 0.721253
44129394 0.721268
44094342 0.721272
44075178 0.721278
43999712 0.721282
43993045 0.721285
43984867 0.721293
43942865 0.721297
43865719 0.721301
43858241 0.721305
43844148 0.721308
43807744 0.721317
43769044 0.721320
43760961 0.721323
43740960 0.721327
43714420 0.721331
43695687 0.721339
43654996 0.721347
43564008 0.721357
43558218 0.721361
43518692 0.721365
43503473 0.721369
43482693 0.721377
43480234 0.721381
43445718 0.721387
43332397 0.721391
43302881 0.721395
43293400 0.721400
43270148 0.721421
43236875 0.721429
43221898 0.721437
43180235 0.721444
43169622 0.721452
43042019 0.721460
43040394 0.721463
42959783 0.721472
42953576 0.721480
42948648 0.721489
42890672 0.721493
42543865 0.721506
42457682 0.721511
42438709 0.721517
42436435 0.721521
42405763 0.721524
42396732 0.721534
42378067 0.721540
42375311 0.721547
42372550 0.721550
42366155 0.721562
42348800 0.721570
42340776 0.721573
42206740 0.721583
42161024 0.721596
42092300 0.721600
42082625 0.721604
42048182 0.721607
42030739 0.721610
41981667 0.721619
41935902 0.721636
41922725 0.721643
41922628 0.721647
41834133 0.721655
41831120 0.721669
41774118 0.721675
41592113 0.721706
41553241 0.721714
41509984 0.721718
41501567 0.721726
41487542 0.721731
41480842 0.721735
41469208 0.721739
41461568 0.721749
41424751 0.721753
41388713 0.721756
41373919 0.721766
41365049 0.721779
41170981 0.721808
41135118 0.721812
41113232 0.721815
41109709 0.721818
41054533 0.721822
41051368 0.721829
41027408 0.721845
40991824 0.721849
40967014 0.721867
40949570 0.721873
40935559 0.721879
40877761 0.721887
40855733 0.721893
40822552 0.721919
40796751 0.721926
40744717 0.721930
40704309 0.721934
40700644 0.721938
40654509 0.721953
40652368 0.721968
40638794 0.721981
40620108 0.722006
40573787 0.722012
40569508 0.722016
40514437 0.722032
40514177 0.722041
40509947 0.722054
40495696 0.722077
40463650 0.722080
40435767 0.722084
40420581 0.722091
40379429 0.722095
40351958 0.722107
40349544 0.722111
40348961 0.722115
40320377 0.722119
40229660 0.722123
40226967 0.722130
40198680 0.722137
40180307 0.722141
40121705 0.722155
40088048 0.722161
40081067 0.722165
40044678 0.722169
39992101 0.722183
39980506 0.722189
39922291 0.722193
39905842 0.722196
39853210 0.722200
39851920 0.722204
39833374 0.722215
39828881 0.722218
39819498 0.722230
39807879 0.722243
39674790 0.722251
39634374 0.722262
39607505 0.722272
39579373 0.722276
39577201 0.722282
39562586 0.722295
39496282 0.722301
39447419 0.722310
39390116 0.722315
39366687 0.722318
39348475 0.722322
39318134 0.722325
39296854 0.722340
39275913 0.722349
39123044 0.722359
39004825 0.722368
38964456 0.722375
38927413 0.722380
38916596 0.722390
38907475 0.722393
38887299 0.722406
38869018 0.722409
38824368 0.722412
38764391 0.722421
38755760 0.722425
38693861 0.722439
38658255 0.722443
38655473 0.722447
38525599 0.722451
38522854 0.722454
38472537 0.722461
38454800 0.722464
38404638 0.722473
38386522 0.722483
38331858 0.722486
38316888 0.722491
38186663 0.722497
37988443 0.722505
37988216 0.722511
37968244 0.722522
37963158 0.722525
37955165 0.722532
37867316 0.722545
37854147 0.722556
37844339 0.722559
37835955 0.722575
37834984 0.722592
37827744 0.722599
37753167 0.722604
37727324 0.722627
37131568 0.722633
37113784 0.722636
36953848 0.722653
36951345 0.722656
36950738 0.722660
36934294 0.722665
36929638 0.722684
36644449 0.722695
36594164 0.722703
36585212 0.722707
36567113 0.722710
36554298 0.722717
36524865 0.722727
36510313 0.722736
36305146 0.722743
36304235 0.722754
36288477 0.722758
36286919 0.722765
36229242 0.722777
36213776 0.722780
36195888 0.722783
36170296 0.722790
36166862 0.722794
36127749 0.722798
36126264 0.722801
36090438 0.722804
36081617 0.722808
36045726 0.722812
36042252 0.722815
35991135 0.722819
35969098 0.722823
35961507 0.722826
35891120 0.722830
35890566 0.722857
35885308 0.722861
35876117 0.722866
35872418 0.722872
35808696 0.722879
35723290 0.722884
35694219 0.722895
35668770 0.722919
35647233 0.722923
35643252 0.722934
35642847 0.722937
35614058 0.722945
35607832 0.722948
35605616 0.722956
35467585 0.722961
35450923 0.722968
35397774 0.722973
35396292 0.723015
35389538 0.723020
35258610 0.723042
35249379 0.723055
35243238 0.723062
35181003 0.723073
35173738 0.723077
35171359 0.723083
35170631 0.723094
35167702 0.723100
35148539 0.723107
35132894 0.723111
35127936 0.723115
35098228 0.723127
35097753 0.723145
35075330 0.723159
35071938 0.723162
35048476 0.723191
35036593 0.723197
35008852 0.723211
34966627 0.723216
34929546 0.723224
34926904 0.723228
34897403 0.723232
34895747 0.723239
34891565 0.723251
34854543 0.723260
34262846 0.723267
34233883 0.723275
34228538 0.723279
34158131 0.723285
34153054 0.723292
34151744 0.723295
34137332 0.723300
34135709 0.723312
34135551 0.723316
34116476 0.723351
34087705 0.723358
34069801 0.723366
34061996 0.723371
34054868 0.723376
34044123 0.723396
34035809 0.723422
34025504 0.723429
33761724 0.723437
33758164 0.723441
33734870 0.723444
33728773 0.723447
33725131 0.723456
33671548 0.723467
33661836 0.723471
33623205 0.723475
33612986 0.723479
33594058 0.723483
33341401 0.723503
33234632 0.723509
33223448 0.723513
33217042 0.723518
33151454 0.723529
33138028 0.723533
33134272 0.723540
33066076 0.723547
33015178 0.723560
33008598 0.723565
32919022 0.723569
32870984 0.723577
32848216 0.723581
32793655 0.723592
32762840 0.723600
32752737 0.723605
32483250 0.723619
32474614 0.723623
32466123 0.723630
32457594 0.723634
32328195 0.723646
32319459 0.723652
31716985 0.723664
31712680 0.723668
31546140 0.723685
31531704 0.723700
31531299 0.723731
31529252 0.723748
31512546 0.723757
31480052 0.723761
31472951 0.723765
31468216 0.723768
31418712 0.723772
31360832 0.723782
31349073 0.723797
31346568 0.723808
31329130 0.723812
31325776 0.723816
31317795 0.723820
31307150 0.723828
31305471 0.723832
31278884 0.723846
31244537 0.723854
31234000 0.723858
31194153 0.723861
31184099 0.723866
31169084 0.723870
31154730 0.723877
31107940 0.723895
31102513 0.723917
31086724 0.723928
31028410 0.723936
31012602 0.723954
30975110 0.723974
30975093 0.723978
30952970 0.723985
30939331 0.723994
30919584 0.724009
30900515 0.724013
30892302 0.724026
30876567 0.724030
30868772 0.724036
30802756 0.724043
30678875 0.724117
30653409 0.724121
30645858 0.724125
30607494 0.724130
30607458 0.724134
30572856 0.724159
30533115 0.724171
30524015 0.724198
30483140 0.724208
30468532 0.724218
30464324 0.724240
30460458 0.724246
30454760 0.724251
30433482 0.724254
30413955 0.724264
30381610 0.724273
30335643 0.724279
30330437 0.724308
30321104 0.724373
30315692 0.724410
30315675 0.724413
30312671 0.724422
30296521 0.724432
30187572 0.724477
30181349 0.724512
30176401 0.724515
30097162 0.724520
30059768 0.724545
30048435 0.724552
30041440 0.724558
30032966 0.724562
29942788 0.724567
29937696 0.724583
29884962 0.724589
29821943 0.724599
29813882 0.724605
29781454 0.724611
29770586 0.724619
29754901 0.724624
29747399 0.724647
29740324 0.724675
29735709 0.724679
29624602 0.724689
29580582 0.724697
29572112 0.724701
29567531 0.724705
29513862 0.724712
29497148 0.724722
29466531 0.724729
29462648 0.724733
29409319 0.724740
29403602 0.724747
29374939 0.724755
29371841 0.724762
29352260 0.724781
29349041 0.724795
29331071 0.724801
29329798 0.724812
29325112 0.724834
29324065 0.724838
29318300 0.724856
29291593 0.724860
29284093 0.724871
29263418 0.724878
29251037 0.724883
29240129 0.724897
29177432 0.724901
29161098 0.724941
29158837 0.724945
29042060 0.724991
29006479 0.725003
28993443 0.725006
28979080 0.725026
28966508 0.725037
28925946 0.725041
28922190 0.725047
28915631 0.725056
28892382 0.725060
28884526 0.725067
28853320 0.725070
28842542 0.725074
28806524 0.725082
28796721 0.725109
28789266 0.725113
28785421 0.725121
28776542 0.725164
28754328 0.725168
28745941 0.725171
28738042 0.725175
28721937 0.725225
28717972 0.725231
28717426 0.725235
28700950 0.725240
28664333 0.725244
28631605 0.725274
28631434 0.725280
28621120 0.725288
28603156 0.725292
28544912 0.725297
28543168 0.725305
28536498 0.725308
28501267 0.725322
28498555 0.725336
28494589 0.725353
28483576 0.725360
28466058 0.725367
28392760 0.725371
28374927 0.725377
28356667 0.725404
28280941 0.725412
28268575 0.725426
28268335 0.725430
28245723 0.725443
28236399 0.725448
28222884 0.725478
28220712 0.725493
28196148 0.725536
28053151 0.725561
28048454 0.725585
28042628 0.725589
28040513 0.725605
28024124 0.725630
27984716 0.725634
27956415 0.725653
27943410 0.725672
27911485 0.725676
27907345 0.725747
27904775 0.725772
27899170 0.725832
27898401 0.725842
27894463 0.725859
27875839 0.725864
27871307 0.725883
27868254 0.725891
27862447 0.725963
27817495 0.725972
27799064 0.725984
27771151 0.726004
27770631 0.726009
27728496 0.726040
27709170 0.726044
27699370 0.726049
27618052 0.726055
27616741 0.726066
27598418 0.726069
27589290 0.726082
27550994 0.726089
27517714 0.726095
27454820 0.726111
27447081 0.726116
27439790 0.726119
27436245 0.726144
27392752 0.726148
27388265 0.726153
27374622 0.726159
27330219 0.726176
27301960 0.726182
27299559 0.726187
27287813 0.726191
27283062 0.726251
27270691 0.726324
27265697 0.726328
27233415 0.726334
27232681 0.726366
27232008 0.726381
27229932 0.726384
27228729 0.726409
27226008 0.726416
27224347 0.726420
27195036 0.726424
27162973 0.726449
27152783 0.726453
26860025 0.727441
26812681 0.727447
26805496 0.727475
26802162 0.727530
26796048 0.727534
26774215 0.727582
26755391 0.727589
26753800 0.727638
26750769 0.728049
26747327 0.728064
26731422 0.728150
26692901 0.728160
26656939 0.728168
26655786 0.728174
26639236 0.728223
26626754 0.728325
26558474 0.728346
26533198 0.728436
26531043 0.728465
26530943 0.728489
26512642 0.728494
26506032 0.728537
26498129 0.728548
26495031 0.728557
26487157 0.728671
26467461 0.728691
26462775 0.728699
26443962 0.728738
26439725 0.728742
26427054 0.728748
26422436 0.728751
26418605 0.728771
26395998 0.728795
26394789 0.728887
26391098 0.729642
26388041 0.729728
26385112 0.729741
26383545 0.729748
26381438 0.729757
26375495 0.729772
26362596 0.729787
26359423 0.729791
26345372 0.729832
26305345 0.730100
26291740 0.730259
26249817 0.730266
26249501 0.730278
26242004 0.730399
26221383 0.730408
26212860 0.730425
26204699 0.730438
26204303 0.730453
26202882 0.730461
26196950 0.730524
26189966 0.730530
26149364 0.730534
26148167 0.731762
26143617 0.731801
26143295 0.731969
26143196 0.732046
26143044 0.732072
26078859 0.732366
26061956 0.732464
26050317 0.732474
26023790 0.732478
26023131 0.732636
26009994 0.732645
26004544 0.732659
25996153 0.732765
25980665 0.732779
25969676 0.732861
25965204 0.733242
25937684 0.733250
25935650 0.733254
25933686 0.733258
25930187 0.733759
25928037 0.733835
25916063 0.733900
25910015 0.733920
25898234 0.733926
25895232 0.733943
25869581 0.733958
25868334 0.733965
25862035 0.734724
25859571 0.734769
25844961 0.734819
25840552 0.734838
25831837 0.734852
25821713 0.735019
25817021 0.735155
25814168 0.735167
25809938 0.735674
25804606 0.735690
25797214 0.735719
25793565 0.735725
25777549 0.735735
25776998 0.735793
25675512 0.735815
25626932 0.736025
25623482 0.736138
25622074 0.736154
25615707 0.736160
25614122 0.736167
25604388 0.736453
25595085 0.736466
25572670 0.736470
25572628 0.736964
25572256 0.736997
25568716 0.737026
25567759 0.737031
25566643 0.737036
25564910 0.737049
25563646 0.737071
25558639 0.737085
25557442 0.737099
25553592 0.737707
25552907 0.738013
25551227 0.738022
25546831 0.738029
25544825 0.738059
25538850 0.738071
25538461 0.738117
25529256 0.738166
25528711 0.738170
25525722 0.738178
25473608 0.738302
25469039 0.738394
25468151 0.738408
25467830 0.738416
25467026 0.738469
25465985 0.738574
25465303 0.738664
25464752 0.738668
25431515 0.738697
25427101 0.738700
25425558 0.738712
25414188 0.738730
25412065 0.738737
25400372 0.738740
25398585 0.738743
25397956 0.738771
25342023 0.738785
25340224 0.738845
25340130 0.738887
25338844 0.739090
25321116 0.739204
25306529 0.739314
25306092 0.739321
25249626 0.739333
25249622 0.739377
25246449 0.739401
25239403 0.739405
25234937 0.739437
25232893 0.739445
25212976 0.739774
25200075 0.740009
25197463 0.740092
25190194 0.740146
25188859 0.740167
25179127 0.740181
25173774 0.740360
25156630 0.740370
25123249 0.740374
25121615 0.740707
25117915 0.740953
25114024 0.740959
25105690 0.740963
25096372 0.741036
25080361 0.741206
25079197 0.741302
25076584 0.741314
25072638 0.741865
25067252 0.741926
25050780 0.741938
25034476 0.741955
25030875 0.741998
25027079 0.742108
25015842 0.742115
25012170 0.742119
25010010 0.742153
25008602 0.742169
24989439 0.742177
24942039 0.742252
24935964 0.742326
24917731 0.742330
24911740 0.742334
24910407 0.742411
24910169 0.742417
24909832 0.742453
24856732 0.742603
24855505 0.748096
24852538 0.748226
24840962 0.748252
24816721 0.748266
24810719 0.748302
24808444 0.748489
24807953 0.748513
24794896 0.753338
24782749 0.753568
24775410 0.753579
24771433 0.753594
24767954 0.753904
24749122 0.754104
24748571 0.754109
24748482 0.754132
24747917 0.754141
24747733 0.754177
24746492 0.754180
24745559 0.754305
24738390 0.754369
24712269 0.754382
24704454 0.754387
24684703 0.754710
24671273 0.754752
24664554 0.754791
24659153 0.754806
24650293 0.754831
24645004 0.754852
24638973 0.754858
24638956 0.754861
24633386 0.754942
24610893 0.754950
24606200 0.755040
24593445 0.755168
24585553 0.755179
24582707 0.755191
24581653 0.755336
24578978 0.755365
24571813 0.755482
24562456 0.755665
24551999 0.755678
24544651 0.757150
24534881 0.757157
24533817 0.757163
24530221 0.757235
24529438 0.767010
24523325 0.769554
24519596 0.769564
24517290 0.769574
24515629 0.769577
24515569 0.769834
24512119 0.769841
24492790 0.769981
24490334 0.771755
24482736 0.775150
24470162 0.775518
24466854 0.775532
24464179 0.775602
24456636 0.775627
24452147 0.775706
24450527 0.780215
24450036 0.780274
24450004 0.780485
24449956 0.780927
24449405 0.781496
24447862 0.781723
24447444 0.781796
24447283 0.781803
24445547 0.781901
24442851 0.782044
24442350 0.783062
24440158 0.783372
24438449 0.784019
24432860 0.784180
24432366 0.784447
24430907 0.785259
24419760 0.785579
24419083 0.785604
24415187 0.785702
24405591 0.786283
24399499 0.786352
24396077 0.786447
24392627 0.788691
24383352 0.788859
24372358 0.788894
24367410 0.788899
24353586 0.788903
24353564 0.789056
24350081 0.795370
24349471 0.797238
24349439 0.797411
24349345 0.798837
24347452 0.829429
24336209 0.879568
24334285 0.978293
24329986 0.985859
24329285 0.986295
24328568 0.986390
24328163 0.986417
24327737 0.986479
24326184 0.986520
24323058 0.986623
24318648 0.993799
24316960 1.433637
24313671 1.934014
24305496 3.082422
24303894 3.082776
24303146 3.085050
24303146 603.085083
