PROBLEM_FILE = /tmp/tsp/11753.tmp/sample.tsp
80269868 3.794978
80169109 3.795021
80157494 3.795044
80155832 3.795057
80150058 3.795060
80146452 3.795064
80135533 3.795072
80090703 3.795087
80070007 3.795098
80053622 3.795112
79889311 3.795124
79759029 3.795141
79756877 3.795152
79728180 3.795161
79725748 3.795176
79725279 3.795180
79718516 3.795196
79709988 3.795204
79709721 3.795208
79705279 3.795212
79691217 3.795219
79687742 3.795223
79596273 3.795227
79594925 3.795233
79545847 3.795241
79521573 3.795247
79511963 3.795251
79504222 3.795254
79504144 3.795260
79500039 3.795271
79484761 3.795301
79483958 3.795309
79481688 3.795316
79472888 3.795326
79468170 3.795331
79438615 3.795336
79414339 3.795340
79409438 3.795345
79400085 3.795357
78910859 3.795372
78910616 3.795384
78877197 3.795393
78843702 3.795405
78842202 3.795408
78823574 3.795419
78806508 3.795434
78700207 3.795450
78695061 3.795454
78693199 3.795458
78662397 3.795464
78650589 3.795471
78639839 3.795479
78638891 3.795488
78606267 3.795498
78602483 3.795502
78591500 3.795505
78560427 3.795512
78550675 3.795517
78546763 3.795520
78532833 3.795526
78494115 3.795535
78427296 3.795540
78377292 3.795545
78351570 3.795549
78343227 3.795552
78292599 3.795555
78263651 3.795559
78257265 3.795563
78236705 3.795567
78230837 3.795571
78229991 3.795593
78190939 3.795598
78173014 3.795602
78169819 3.795620
78165900 3.795624
78091764 3.795630
78056313 3.795636
78052390 3.795643
78044934 3.795649
78012237 3.795653
78012176 3.795660
78011116 3.795668
77975164 3.795673
77973654 3.795676
77972440 3.795680
77961844 3.795686
77951667 3.795697
77944875 3.795701
77942841 3.795722
77941536 3.795731
77898479 3.795743
77867481 3.795751
77866366 3.795755
77854566 3.795758
77846737 3.795772
77840054 3.795775
77832226 3.795785
77828495 3.795791
77822526 3.795808
77736945 3.795818
77728848 3.795829
77690944 3.795833
77690759 3.795839
77633362 3.795855
77630420 3.795858
77624205 3.795862
77622487 3.795865
77561432 3.795870
77559423 3.795898
77502014 3.795903
77498572 3.795907
77466994 3.795915
77450644 3.795925
77441057 3.795929
77418119 3.795934
77406279 3.795940
77268891 3.795952
77268653 3.795956
77261469 3.795962
77227127 3.795971
77193062 3.795980
77186044 3.795987
77181614 3.796005
77174135 3.796012
77156972 3.796024
77143434 3.796033
77142818 3.796045
77138922 3.796050
77110196 3.796053
77046039 3.796072
77018487 3.796076
77013066 3.796082
77011481 3.796095
76995678 3.796099
76955304 3.796104
76941659 3.796108
76915198 3.796118
76865896 3.796140
76804665 3.796144
76798769 3.796156
76697813 3.796160
76695716 3.796172
76689243 3.796183
76686266 3.796187
76641062 3.796190
76618766 3.796210
76617698 3.796214
76598161 3.796241
76590172 3.796244
76587876 3.796250
76573818 3.796253
76562160 3.796257
76517895 3.796265
76212719 3.796279
76211423 3.796294
76177500 3.796307
76165982 3.796313
76130812 3.796322
76104890 3.796328
76090814 3.796332
76047318 3.796346
76046109 3.796356
76033102 3.796377
76018369 3.796383
75984628 3.796393
75983954 3.796400
75969581 3.796404
75960362 3.796407
75937402 3.796411
75842552 3.796420
75780739 3.796436
75763726 3.796445
75755076 3.796455
75689991 3.796465
75672055 3.796468
75661284 3.796471
75656439 3.796478
75574159 3.796487
75524802 3.796492
75522144 3.796501
75518300 3.796512
75517936 3.796516
75420307 3.796521
75419236 3.796529
75408855 3.796561
75367052 3.796574
75325869 3.796585
75274224 3.796605
75271558 3.796610
75213617 3.796621
75138217 3.796629
75132437 3.796632
75120976 3.796636
75099011 3.796641
75098391 3.796647
75098098 3.796651
75089427 3.796657
75088157 3.796660
75074232 3.796665
75024625 3.796677
75019589 3.796681
75013519 3.796685
74978546 3.796693
74956131 3.796697
74932774 3.796701
74926352 3.796705
74925691 3.796708
74893274 3.796712
74888785 3.796716
74882863 3.796726
74873113 3.796729
74816851 3.796743
74809702 3.796750
74807648 3.796754
74807289 3.796764
74748825 3.796770
74719235 3.796774
74713469 3.796777
74680230 3.796790
74665832 3.796795
74662876 3.796798
74618956 3.796804
74594236 3.796815
74575213 3.796831
74541448 3.796851
74524076 3.796855
74476462 3.796882
74474455 3.796900
74466034 3.796904
74462897 3.796908
74413940 3.796911
74407517 3.796922
74343187 3.796939
74299782 3.796946
74297813 3.796950
74291292 3.796954
74290347 3.796958
74285124 3.796961
74269502 3.796964
74250480 3.796976
74244568 3.796980
74241872 3.796987
74226278 3.797002
74213632 3.797007
74196374 3.797011
74159049 3.797021
74142822 3.797040
74115793 3.797048
74114062 3.797053
74107790 3.797063
74101452 3.797077
74071547 3.797081
74005366 3.797090
73930004 3.797097
73897738 3.797102
73768182 3.797108
73706642 3.797116
73703502 3.797120
73686504 3.797125
73643365 3.797141
73611569 3.797146
73594530 3.797158
73591109 3.797172
73571919 3.797175
73568994 3.797181
73467161 3.797193
73450253 3.797199
73422027 3.797208
73281108 3.797212
73251170 3.797223
73162534 3.797245
73151901 3.797251
73144424 3.797260
73118335 3.797266
73105805 3.797275
73084562 3.797289
73074152 3.797307
73070763 3.797314
73059236 3.797319
73019289 3.797331
73019198 3.797339
72991871 3.797343
72975227 3.797349
72968832 3.797360
72961762 3.797371
72937268 3.797382
72919072 3.797389
72916791 3.797393
72865240 3.797397
72782120 3.797407
72714305 3.797421
72681554 3.797429
72667547 3.797433
72531144 3.797444
72499271 3.797450
72492602 3.797456
72458468 3.797470
72454741 3.797474
72454572 3.797477
72452437 3.797481
72446969 3.797512
72368917 3.797517
71797309 3.797531
71451280 3.797536
71211967 3.797549
71207569 3.797556
71198447 3.797585
71193127 3.797600
71189705 3.797617
71188539 3.797623
71179229 3.797628
71174331 3.797649
71164950 3.797713
71147335 3.797723
71145566 3.797727
71133185 3.797730
71086824 3.797733
71060070 3.797738
70895466 3.797751
70891840 3.797756
70823406 3.797765
70696670 3.797773
70666093 3.797807
70661799 3.797811
70639292 3.797819
70608833 3.797829
70601675 3.797841
70573513 3.797854
70502682 3.797865
70492444 3.797878
70471774 3.797881
70466429 3.797885
70461454 3.797890
70454252 3.797919
70429378 3.797936
70420224 3.797942
70410616 3.797946
70378570 3.797956
70372360 3.797960
70364875 3.797966
70350312 3.797969
70323628 3.797974
70312173 3.797987
70305158 3.798000
70296709 3.798006
70234469 3.798015
70222684 3.798018
70219991 3.798025
70172996 3.798028
70166149 3.798032
70118559 3.798038
70118474 3.798044
70063059 3.798064
70056336 3.798092
70015868 3.798104
70013472 3.798130
70012328 3.798139
70008532 3.798150
70004806 3.798162
69965444 3.798175
69957916 3.798189
69952060 3.798193
69926626 3.798210
69858540 3.798217
69840770 3.798221
69447776 3.798237
69407547 3.798243
69400454 3.798247
69383874 3.798250
69383135 3.798259
69366633 3.798268
69340788 3.798284
69320963 3.798289
69303680 3.798298
69294510 3.798305
69254784 3.798326
69233255 3.798335
69228594 3.798362
69220933 3.798367
69086670 3.798381
69078187 3.798386
69073155 3.798390
68951436 3.798401
68928216 3.798406
68887757 3.798420
68872837 3.798432
68835342 3.798445
68835290 3.798456
68822374 3.798462
68820980 3.798480
68771263 3.798496
68766978 3.798500
68742918 3.798510
68711885 3.798521
68665752 3.798533
68635337 3.798538
68632174 3.798542
68619367 3.798562
68607201 3.798568
68592730 3.798573
68586470 3.798591
68547183 3.798599
68547064 3.798603
68546729 3.798606
68232975 3.798615
68232204 3.798643
68214441 3.798654
68187350 3.798664
68150861 3.798669
68142152 3.798680
68133313 3.798684
68033840 3.798694
67999852 3.798702
67944962 3.798711
67923652 3.798714
67905237 3.798718
67819495 3.798724
67785984 3.798731
67784408 3.798751
67783199 3.798777
67752767 3.798791
67747900 3.798798
67527286 3.798804
67516862 3.798808
67456850 3.798813
67450602 3.798817
67441973 3.798827
67431646 3.798831
67421219 3.798834
67408292 3.798840
67404061 3.798845
67397324 3.798858
67373396 3.798863
67348125 3.798877
67319881 3.798895
67311090 3.798899
67294732 3.798902
67293546 3.798909
67284123 3.798913
67264881 3.798920
67258057 3.798937
67251400 3.798944
67228321 3.798948
67207309 3.798956
67188124 3.798961
67187233 3.798967
67184348 3.798971
67181129 3.798977
67164813 3.798989
67018835 3.799003
67014526 3.799023
67010028 3.799057
66986249 3.799065
66929556 3.799082
66921595 3.799091
66916425 3.799096
66915494 3.799100
66865116 3.799104
66837490 3.799119
66795695 3.799128
66758276 3.799131
66739915 3.799135
66735536 3.799138
66713549 3.799142
66692502 3.799146
66673600 3.799149
66655672 3.799167
66648240 3.799171
66569060 3.799178
66513474 3.799183
66492107 3.799197
66347773 3.799214
66191309 3.799232
66146791 3.799248
66116650 3.799267
66114555 3.799280
66100519 3.799292
66095367 3.799299
66094747 3.799306
66051475 3.799317
66048777 3.799326
66017239 3.799330
65939988 3.799337
65939781 3.799342
65933517 3.799345
65925299 3.799350
65918231 3.799364
65913228 3.799370
65899046 3.799377
65855935 3.799430
65851598 3.799435
65845767 3.799439
65837815 3.799457
65823532 3.799465
65793353 3.799469
65754866 3.799486
65729592 3.799490
65723742 3.799499
65722124 3.799504
65691033 3.799512
65666362 3.799533
65665220 3.799541
65659682 3.799545
65651372 3.799555
65648941 3.799568
65645780 3.799593
65594116 3.799608
65576322 3.799613
65575823 3.799616
65546081 3.799627
65532621 3.799638
65512163 3.799646
65511619 3.799649
65504160 3.799655
65502875 3.799662
65468333 3.799670
64830387 3.799687
64827954 3.799692
64824889 3.799707
64725048 3.799718
64719237 3.799726
64714132 3.799731
64686596 3.799735
64656730 3.799741
64635543 3.799746
64609374 3.799751
64594988 3.799759
64575570 3.799764
64562302 3.799769
64526686 3.799773
64516940 3.799777
64513403 3.799780
64483397 3.799787
64463533 3.799804
64459946 3.799808
64449536 3.799812
64447570 3.799816
64423989 3.799822
64405801 3.799826
64403031 3.799839
64388782 3.799844
64376280 3.799855
64371892 3.799868
64354473 3.799871
64345268 3.799878
64343945 3.799886
64333929 3.799889
64333430 3.799902
64325844 3.799906
64320481 3.799917
64300990 3.799921
64297396 3.799927
64290499 3.799934
64285185 3.799948
64113489 3.799960
64107952 3.799984
64105404 3.799992
64062915 3.800002
63866007 3.800011
63854829 3.800020
63760358 3.800029
63757387 3.800033
63751558 3.800036
63750300 3.800058
63733396 3.800072
63714547 3.800076
63681309 3.800090
63601383 3.800104
63573065 3.800109
63565961 3.800113
63423551 3.800146
63350902 3.800168
63344064 3.800183
63339843 3.800187
63332126 3.800199
63324906 3.800204
63322530 3.800211
63310722 3.800215
63309382 3.800219
63305806 3.800224
63303818 3.800228
63303044 3.800231
63282069 3.800236
63234773 3.800241
63222483 3.800265
63214215 3.800273
63171579 3.800276
63165729 3.800281
63162078 3.800286
63152422 3.800290
63151650 3.800294
63117238 3.800298
63111597 3.800332
62994151 3.800336
62966968 3.800358
62903679 3.800368
62880436 3.800390
62880210 3.800410
62875428 3.800413
62799225 3.800455
62789584 3.800488
62781028 3.800492
62771548 3.800499
62675965 3.800506
62673484 3.800514
62663353 3.800518
62624213 3.800530
62602882 3.800541
62543465 3.800548
62540604 3.800559
62532145 3.800562
62512583 3.800569
62511316 3.800583
62511282 3.800589
62509882 3.800593
62496724 3.800599
62473849 3.800606
62466272 3.800611
62462829 3.800615
62459313 3.800653
62450566 3.800669
62411367 3.800676
62376062 3.800686
62346152 3.800690
62299147 3.800699
62201586 3.800708
62193114 3.800711
62180965 3.800715
62124684 3.800720
61998559 3.800733
61980136 3.800744
61969930 3.800756
61838962 3.800765
61765728 3.800774
61737224 3.800779
61733673 3.800784
61697205 3.800788
61691524 3.800792
61670136 3.800796
61668558 3.800799
61654238 3.800803
61428459 3.800818
61413887 3.800826
61405105 3.800837
61379953 3.800844
61377985 3.800855
61325706 3.800862
61321939 3.800873
61318596 3.800877
61313948 3.800883
61306860 3.800889
61287317 3.800902
61234879 3.800915
61210526 3.800929
61155419 3.800933
61113686 3.800936
61106917 3.800939
61106775 3.800943
61105401 3.800951
61101072 3.800954
61080938 3.800958
61074705 3.800965
61067513 3.800980
61057166 3.800988
61049571 3.801000
61024002 3.801010
60946872 3.801034
60941636 3.801087
60907396 3.801101
60901716 3.801105
60895391 3.801111
60873997 3.801117
60846787 3.801121
60838447 3.801124
60804203 3.801132
60798840 3.801154
60785173 3.801158
60778550 3.801185
60760252 3.801192
60744598 3.801196
60704254 3.801209
60677272 3.801227
60613926 3.801238
60606989 3.801242
60593270 3.801252
60587833 3.801273
60551494 3.801287
60547577 3.801300
60537960 3.801309
60531282 3.801313
60524707 3.801327
60520551 3.801332
60486877 3.801339
60477041 3.801342
60443889 3.801351
60425687 3.801354
60424481 3.801362
60411696 3.801365
60392002 3.801369
60353947 3.801378
60291321 3.801390
60281803 3.801394
60174483 3.801403
60148049 3.801409
60130893 3.801422
60093435 3.801426
60084278 3.801444
60060303 3.801457
59947460 3.801471
59945218 3.801480
59847139 3.801487
59816056 3.801499
59668337 3.801507
59598096 3.801530
59572381 3.801540
59567671 3.801562
59550704 3.801567
59542326 3.801571
59527346 3.801575
59517500 3.801582
59495959 3.801588
59491075 3.801594
59466477 3.801618
59447537 3.801627
59404174 3.801640
59393905 3.801644
59390202 3.801648
59385389 3.801653
59377723 3.801659
59334559 3.801664
59331598 3.801668
59322522 3.801708
59317397 3.801713
59316483 3.801717
59314352 3.801742
59256108 3.801751
59250249 3.801766
59248386 3.801774
59217792 3.801784
59217254 3.801792
59214502 3.801800
59194144 3.801804
59186814 3.801810
58976649 3.801832
58960208 3.801836
58937974 3.801880
58928538 3.801895
58888359 3.801899
58865917 3.801902
58849916 3.801916
58849856 3.801928
58832667 3.801932
58831520 3.801940
58809477 3.801945
58777787 3.801952
58769832 3.801969
58759755 3.801978
58743840 3.801985
58742197 3.801990
58737445 3.802003
58707188 3.802006
58694908 3.802010
58680695 3.802023
58673660 3.802027
58650581 3.802030
58650278 3.802033
58643584 3.802065
58643540 3.802069
58638412 3.802097
58637233 3.802103
58632641 3.802111
58631472 3.802116
58608278 3.802122
58607170 3.802174
58573261 3.802198
58537142 3.802202
58507325 3.802212
58485655 3.802218
58477290 3.802239
58458967 3.802247
58364335 3.802270
58351155 3.802280
58345368 3.802286
58294831 3.802290
58276547 3.802296
58266049 3.802309
58243427 3.802322
58237223 3.802354
58235651 3.802388
58212558 3.802436
58210605 3.802444
58202901 3.802450
58196880 3.802460
58164759 3.802473
58160022 3.802478
58150631 3.802499
58137749 3.802509
58117351 3.802521
58105379 3.802551
58104433 3.802556
58044083 3.802563
58039360 3.802575
58033554 3.802579
58019965 3.802582
58003131 3.802593
57975583 3.802597
57972763 3.802600
57958336 3.802605
57952407 3.802609
57948556 3.802615
57945389 3.802620
57942837 3.802625
57942508 3.802632
57893779 3.802636
57877262 3.802647
57851437 3.802657
57849125 3.802669
57838400 3.802673
57835259 3.802679
57828245 3.802683
57825934 3.802695
57812055 3.802710
57806912 3.802740
57806722 3.802757
57804151 3.802761
57796292 3.802764
57767826 3.802769
57756477 3.802774
57744736 3.802779
57736816 3.802789
57636283 3.802802
57622539 3.802813
57594036 3.802817
57560498 3.802822
57508789 3.802831
57491472 3.802837
57490235 3.802841
57471141 3.802845
57428598 3.802851
57421656 3.802856
57415482 3.802864
57409757 3.802886
57350439 3.802896
57346545 3.802915
57292474 3.802926
57250810 3.802931
57250108 3.802942
57235528 3.802946
57231627 3.802992
57218965 3.803001
57209770 3.803011
57196407 3.803014
57152829 3.803019
57141885 3.803039
57112706 3.803044
57112065 3.803047
57079485 3.803051
57074013 3.803058
57058792 3.803065
57052845 3.803080
57009550 3.803088
57009326 3.803100
56973477 3.803116
56936793 3.803126
56885162 3.803137
56882593 3.803153
56840234 3.803160
56813147 3.803166
56806408 3.803171
56805938 3.803174
56702479 3.803180
56693802 3.803193
56685931 3.803198
56682609 3.803207
56621806 3.803220
56614493 3.803234
56523200 3.803241
56518228 3.803246
56494190 3.803251
56488825 3.803297
56481672 3.803301
56479408 3.803305
56470873 3.803310
56462011 3.803314
56443689 3.803318
56441484 3.803331
56427060 3.803343
56382367 3.803359
56360255 3.803368
56281139 3.803392
56241329 3.803402
56233311 3.803411
56212146 3.803415
56186111 3.803419
56137992 3.803443
56017810 3.803468
55927299 3.803476
55916717 3.803482
55896943 3.803486
55884812 3.803516
55864518 3.803528
55856892 3.803598
55851216 3.803606
55838038 3.803613
55836011 3.803618
55821587 3.803628
55808132 3.803632
55806646 3.803645
55785897 3.803659
55771334 3.803666
55752879 3.803670
55734356 3.803680
55724689 3.803684
55702942 3.803691
55685020 3.803697
55675813 3.803703
55670388 3.803709
55639202 3.803715
55625077 3.803725
55621901 3.803739
55593867 3.803743
55593594 3.803747
55573900 3.803751
55566234 3.803754
55447383 3.803759
55405554 3.803773
55401107 3.803777
55397427 3.803780
55387064 3.803787
55385657 3.803805
55380334 3.803813
55365673 3.803816
55342772 3.803820
55331203 3.803832
55329575 3.803842
55300789 3.803858
55300714 3.803866
55288644 3.803871
55278934 3.803875
55276606 3.803881
55145037 3.803894
55080885 3.803902
55024040 3.803908
54997576 3.803918
54985830 3.803926
54954446 3.803939
54943603 3.803943
54905534 3.803947
54902023 3.803952
54883480 3.803957
54853533 3.803961
54846174 3.803964
54827347 3.803970
54803918 3.803975
54779386 3.803982
54769438 3.804008
54765948 3.804015
54745806 3.804019
54736365 3.804041
54729020 3.804054
54727389 3.804058
54697507 3.804066
54622452 3.804069
54615357 3.804074
54592551 3.804078
54591729 3.804082
54586047 3.804094
54565694 3.804101
54554677 3.804107
54516433 3.804121
54503922 3.804127
54301578 3.804131
54282505 3.804135
54267683 3.804139
54262144 3.804143
54191563 3.804154
54179716 3.804160
54091116 3.804196
54082221 3.804201
54079703 3.804210
54077201 3.804214
54076148 3.804234
54073341 3.804239
54071997 3.804260
54058035 3.804272
54050732 3.804281
54035134 3.804286
54031035 3.804290
54027343 3.804293
53973232 3.804300
53963330 3.804317
53929443 3.804342
53924380 3.804347
53924244 3.804355
53911194 3.804361
53898336 3.804367
53896237 3.804385
53883257 3.804396
53880097 3.804412
53851220 3.804436
53845667 3.804443
53844405 3.804490
53841593 3.804496
53822486 3.804594
53811120 3.804633
53804691 3.804640
53796474 3.804660
53791948 3.804665
53785326 3.804674
53783944 3.804682
53761850 3.804704
53735764 3.804708
53705953 3.804715
53698199 3.804721
53697342 3.804731
53692894 3.804735
53691555 3.804755
53682474 3.804765
53651279 3.804786
53648237 3.804798
53642105 3.804807
53367352 3.804813
53363780 3.804817
53344223 3.804822
53338313 3.804833
53335843 3.804839
53325118 3.804842
53136305 3.804857
53131743 3.804861
53115400 3.804865
53102047 3.804877
53089005 3.804881
53083453 3.804898
53070652 3.804912
53059607 3.804925
53058633 3.804936
53051545 3.804952
53048888 3.804958
53040574 3.804981
53036542 3.805001
53025641 3.805034
52959269 3.805040
52957163 3.805043
52943081 3.805048
52923321 3.805052
52913001 3.805056
52874237 3.805060
52872612 3.805076
52866985 3.805081
52865918 3.805114
52864664 3.805148
52863711 3.805160
52844862 3.805186
52835632 3.805201
52757883 3.805206
52754362 3.805222
52751567 3.805230
52739042 3.805236
52725757 3.805270
52720233 3.805276
52710495 3.805281
52706056 3.805284
52626165 3.805288
52609712 3.805301
52608282 3.805344
52605043 3.805370
52599594 3.805383
52599122 3.805402
52598201 3.805407
52586243 3.805416
52578009 3.805422
52550614 3.805434
52508465 3.805441
52507704 3.805447
52477813 3.805451
52453637 3.805469
52434467 3.805477
52431868 3.805501
52421383 3.805512
52417209 3.805535
52393455 3.805545
52362256 3.805551
52358864 3.805558
52358041 3.805775
52349155 3.805779
52322987 3.805795
52316097 3.805800
52217406 3.805847
52198637 3.805857
52189992 3.805864
52186631 3.805868
52157527 3.805872
52151780 3.805889
52091084 3.805910
52043284 3.805918
52040305 3.805923
52024687 3.805926
51998188 3.805948
51990689 3.805952
51972077 3.805988
51951687 3.805998
51934156 3.806015
51929638 3.806031
51916117 3.806039
51904494 3.806090
51892936 3.806106
51889475 3.806131
51885971 3.806138
51858792 3.806150
51823138 3.806157
51816889 3.806160
51793383 3.806163
51780308 3.806211
51774206 3.806215
51762741 3.806219
51749292 3.806223
51737386 3.806229
51736753 3.806241
51686148 3.806260
51680903 3.806264
51679743 3.806267
51615572 3.806271
51586508 3.806274
51582166 3.806287
51580698 3.806313
51567533 3.806317
51431740 3.806330
51400089 3.806348
51394322 3.806353
51365246 3.806356
51311893 3.806364
51297360 3.806367
51263877 3.806377
51225685 3.806386
51206484 3.806390
51189850 3.806396
51169184 3.806414
51152546 3.806418
51147123 3.806451
51141932 3.806455
51134372 3.806518
51127377 3.806539
51078353 3.806543
51066561 3.806548
51054598 3.806554
51040230 3.806558
51036275 3.806562
51036021 3.806583
50976903 3.806599
50930242 3.806603
50927430 3.806612
50852616 3.806618
50850062 3.806652
50844636 3.806656
50829781 3.806661
50829177 3.806664
50749364 3.806674
50747423 3.806689
50743897 3.806699
50720185 3.806704
50693808 3.806726
50678967 3.806739
50664199 3.806744
50647978 3.806748
50634816 3.806764
50626175 3.806775
50543130 3.806782
50503474 3.806799
50503406 3.806811
50502030 3.806827
50455421 3.806836
50453126 3.806840
50448591 3.806843
50435686 3.806847
50434080 3.806853
50432532 3.806858
50431328 3.806871
50417140 3.806900
50405070 3.806904
50378603 3.806907
50372693 3.806911
50361763 3.806915
50354539 3.806920
50323620 3.806927
50322488 3.806935
50286800 3.806946
50285144 3.806959
50276767 3.806963
50253735 3.806969
50242154 3.806972
50237881 3.806994
50236001 3.806999
50232964 3.807032
50225507 3.807040
50222485 3.807057
50173556 3.807065
50173500 3.807303
50135586 3.807317
50126823 3.807329
50124032 3.807525
50053181 3.807538
50051462 3.807582
50040575 3.807587
50040268 3.807595
50030938 3.807599
50023043 3.807605
50018894 3.807632
49975956 3.807640
49956241 3.807661
49955357 3.807690
49937212 3.807694
49913295 3.807700
49912297 3.807785
49864938 3.807793
49861935 3.807802
49850926 3.807862
49842708 3.807873
49838223 3.807885
49829104 3.807889
49826871 3.807896
49824553 3.807902
49823159 3.807921
49802676 3.807928
49801634 3.807973
49797125 3.807993
49769639 3.808011
49764559 3.808018
49763936 3.808025
49754100 3.808048
49737686 3.808093
49701334 3.808098
49699331 3.808101
49691851 3.808108
49678802 3.808111
49668558 3.808130
49656141 3.808134
49635763 3.808163
49628156 3.808219
49582802 3.808242
49570188 3.808285
49568566 3.808289
49557268 3.808309
49531596 3.808313
49531472 3.808316
49527793 3.808331
49503012 3.808349
49457072 3.808372
49430505 3.808394
49392883 3.808399
49383859 3.808410
49383375 3.808414
49382752 3.808447
49372988 3.808453
49318752 3.808464
49299438 3.808489
49294018 3.808492
49279407 3.808517
49274702 3.808533
49254180 3.808538
49249514 3.808543
49242690 3.808547
49203898 3.808561
49171597 3.808573
49163196 3.808583
49144964 3.808608
49143358 3.808615
49097832 3.808627
49091733 3.808636
49064199 3.808640
49050153 3.808655
49044018 3.808659
49014759 3.808667
48843918 3.808686
48833705 3.808697
48823052 3.808703
48805569 3.808719
48805329 3.808764
48787983 3.808794
48770554 3.808812
48739272 3.808826
48732051 3.808843
48730427 3.808883
48722951 3.808893
48666954 3.808932
48665510 3.809007
48659101 3.809012
48657995 3.809030
48656770 3.809053
48655050 3.809060
48640135 3.809071
48624363 3.809076
48602557 3.809114
48601066 3.809119
48600265 3.809166
48598992 3.809206
48582206 3.809220
48570957 3.809241
48556330 3.809282
48498699 3.809298
48496595 3.809320
48469626 3.809617
48452468 3.809625
48439183 3.809632
48438379 3.809636
48438073 3.809646
48427922 3.809658
48413617 3.809664
48379938 3.809669
48364394 3.809679
48362565 3.809683
48347580 3.809694
48341355 3.809707
48328630 3.809714
48325003 3.809718
48306451 3.809745
48282452 3.809755
48275969 3.809760
48264672 3.809777
48246543 3.809803
48244838 3.809806
48241649 3.809844
48234447 3.809848
48228739 3.809854
48228711 3.809884
48227743 3.809901
48222877 3.809930
48176040 3.809935
48174581 3.809943
48157602 3.809948
48127134 3.810161
48123306 3.810191
48116454 3.810205
48112149 3.810225
48080882 3.810308
48064295 3.810341
47942378 3.810356
47893207 3.810365
47883181 3.810374
47875024 3.810378
47874409 3.810384
47873931 3.810394
47871537 3.810428
47821650 3.810451
47820369 3.810455
47814063 3.810556
47812146 3.810560
47810130 3.810582
47794192 3.810586
47793705 3.810591
47782839 3.810595
47781581 3.810608
47767362 3.810617
47766988 3.810622
47702931 3.810641
47661897 3.810655
47508844 3.810668
47505450 3.810701
47502023 3.810715
47490377 3.810720
47489909 3.810742
47473354 3.810755
47464055 3.810760
47454080 3.810769
47452039 3.810785
47449246 3.810789
47448759 3.810794
47418811 3.810819
47408735 3.810823
47396802 3.810832
47396721 3.810835
47388060 3.810862
47364243 3.810867
47356220 3.810883
47334436 3.810916
47324453 3.810920
47265275 3.810951
47157137 3.810979
47143596 3.811011
47134328 3.811019
47128546 3.811046
47126863 3.811057
47124244 3.811064
47098706 3.811068
47097520 3.811079
47095503 3.811105
47094674 3.811183
47084329 3.811233
47084210 3.811238
47074123 3.811243
47057909 3.811252
47046689 3.811256
47039594 3.811260
47038213 3.811285
47037029 3.811421
47004350 3.811438
46969537 3.811509
46968734 3.811606
46968655 3.811615
46964786 3.811629
46961375 3.811637
46952065 3.811646
46929120 3.811770
46926520 3.811843
46925250 3.811848
46921225 3.811867
46884849 3.811887
46860053 3.811907
46811407 3.811918
46810886 3.811928
46798787 3.811932
46789711 3.811983
46781160 3.811989
46769947 3.811997
46767364 3.812001
46763703 3.812006
46727472 3.812014
46677398 3.812044
46676241 3.812063
46667876 3.812072
46657158 3.812075
46653978 3.812197
46647570 3.812207
46644547 3.812220
46641568 3.812239
46635119 3.812271
46633291 3.812319
46632895 3.812323
46617005 3.812380
46590532 3.812385
46588381 3.812400
46585813 3.812430
46583888 3.812439
46580860 3.812462
46566763 3.812491
46527726 3.812686
46523851 3.812694
46520208 3.812699
46513059 3.812709
46489915 3.812742
46489315 3.812821
46483003 3.812825
46481607 3.812833
46475380 3.812842
46471749 3.812963
46468026 3.813103
46467886 3.813292
46464108 3.813318
46447636 3.813329
46444501 3.813384
46443965 3.813393
46435989 3.813397
46428524 3.813452
46419791 3.813457
46411249 3.813464
46381265 3.813472
45872069 3.813510
45834434 3.813520
45812646 3.813543
45811181 3.813547
45787469 3.813566
45776322 3.813574
45761422 3.813583
45756606 3.813587
45730719 3.813592
45718167 3.813610
45716087 3.813625
45713270 3.813630
45619938 3.813634
45616877 3.813656
45577904 3.813673
45563040 3.813692
45549623 3.813696
45546526 3.813700
45545440 3.813704
45542909 3.813723
45541855 3.813727
45540277 3.813731
45531906 3.813735
45454675 3.813859
45448739 3.813866
45444135 3.813892
45417522 3.813911
45414491 3.813915
45404938 3.813923
45400458 3.813928
45376566 3.814136
45372389 3.814212
45298729 3.814225
45280907 3.814262
45278007 3.814285
45275301 3.814290
45260354 3.814301
45205263 3.814305
45201192 3.814343
45199488 3.814366
45192974 3.814372
45190096 3.814478
45187096 3.814501
45179498 3.814545
45126516 3.814556
45115059 3.814561
45108083 3.814565
45102250 3.814569
45100389 3.814577
45070957 3.814590
45068468 3.814609
44978868 3.814628
44955519 3.814636
44949122 3.814639
44937266 3.814661
44835917 3.814667
44832003 3.814674
44825270 3.814691
44803503 3.814733
44798650 3.814746
44798327 3.814765
44507410 3.814790
44505831 3.814798
44490243 3.814802
44487599 3.814806
44485805 3.814819
44480794 3.814846
44464281 3.814853
44458750 3.814934
44457706 3.815247
44452537 3.815274
44397847 3.815294
44379356 3.815298
44375343 3.815310
44374705 3.815352
44374078 3.815423
44370800 3.815463
44365277 3.815467
44363101 3.815487
44342391 3.815506
44319617 3.815511
44318290 3.815519
44317150 3.815542
44305993 3.815555
44256661 3.815563
44237482 3.815576
44236890 3.815582
44222637 3.815589
44181569 3.815599
44154096 3.815609
44151316 3.815630
44147400 3.815638
44134366 3.815778
44112024 3.815828
44111263 3.815910
44108497 3.815952
44103083 3.815967
44102494 3.815976
44090246 3.816004
44080922 3.816016
44004806 3.816281
43991735 3.816289
43989980 3.816302
43986215 3.816309
43985195 3.816312
43974170 3.816374
43970390 3.816395
43969655 3.816586
43960661 3.816736
43940152 3.816759
43939512 3.816763
43935579 3.816782
43925323 3.816789
43918822 3.816796
43875901 3.816861
43826330 3.816881
43795733 3.816905
43789858 3.816958
43784238 3.816969
43773299 3.816997
43764226 3.817003
43761044 3.817014
43756572 3.817031
43754501 3.817057
43750500 3.817066
43741926 3.817070
43737280 3.817073
43737038 3.817078
43710841 3.817081
43647939 3.817088
43644730 3.817098
43641928 3.817110
43638947 3.817133
43620807 3.817138
43612160 3.817150
43593927 3.817154
43588169 3.817164
43579640 3.817290
43574294 3.817454
43563955 3.817460
43552935 3.817464
43549661 3.817475
43548319 3.817489
43547628 3.817504
43544318 3.817511
43518236 3.817526
43513748 3.817570
43505111 3.817576
43492817 3.817583
43484445 3.817696
43454938 3.817713
43453576 3.817721
43447237 3.817731
43444183 3.817743
43405274 3.817748
43370524 3.817753
43369190 3.817771
43326833 3.817782
43315917 3.817793
43315288 3.817802
43302693 3.817809
43297337 3.817812
43296112 3.817822
43280702 3.817827
43272102 3.817934
43271439 3.817977
43269299 3.817983
43268440 3.817992
43258749 3.818153
43258368 3.818164
43256499 3.818241
43254780 3.818255
43253284 3.818319
43250510 3.818324
43247604 3.818347
43242429 3.818352
43233112 3.818380
43232399 3.818420
43229521 3.818445
43224020 3.818457
43221919 3.818861
43221331 3.818873
43200994 3.818881
43200808 3.819028
43197227 3.820693
43192740 3.820703
43187213 3.820724
43173844 3.820757
43172927 3.820769
43171262 3.820787
43171088 3.820804
43165119 3.820809
43160677 3.820861
43157320 3.820868
43126561 3.820902
43126423 3.820909
43125812 3.820914
43117805 3.820931
43113197 3.820991
43111240 3.820995
43087385 3.821001
43071956 3.821004
43017110 3.821100
43015423 3.821153
43013355 3.821188
43011751 3.821193
43009970 3.821201
43002889 3.821228
43000754 3.821249
42997474 3.821299
42996318 3.821393
42992514 3.821399
42878636 3.821409
42875089 3.821414
42854256 3.821425
42821996 3.821469
42817610 3.821483
42803779 3.821490
42802531 3.821496
42801248 3.821532
42797728 3.821625
42767706 3.821629
42764102 3.821670
42762894 3.821676
42761549 3.821704
42757779 3.821752
42753534 3.821769
42728801 3.821775
42710888 3.821783
42690501 3.821812
42659620 3.821827
42654993 3.821850
42654396 3.821871
42650040 3.821883
42616966 3.821892
42615860 3.821896
42612324 3.822010
42603815 3.822017
42592339 3.822061
42579673 3.822117
42572241 3.822135
42551831 3.822142
42550510 3.822149
42538380 3.822228
42510730 3.822238
42474824 3.822242
42465774 3.822255
42455814 3.822464
42445494 3.822469
42445090 3.822478
42422433 3.822512
42403017 3.822519
42401875 3.822540
42394327 3.822596
42393155 3.822612
42392058 3.822653
42388671 3.822702
42380584 3.822725
42378975 3.822736
42374556 3.822741
42365689 3.822884
42361930 3.823096
42226786 3.824341
42226632 3.824440
42215522 3.824445
42212107 3.824465
42210605 3.824594
42209550 3.824849
42205558 3.824874
42188523 3.825092
42187420 3.825242
42186677 3.825253
42159907 3.825275
42154282 3.825362
42153538 3.825366
42145556 3.825386
42145487 3.825478
42144445 3.826208
42109735 3.826248
42098772 3.826256
42095985 3.826363
42085064 3.826384
42076778 3.826391
42076515 3.826402
42064310 3.826410
42046333 3.826720
42019176 3.826727
41993585 3.826756
41990815 3.826789
41983416 3.826808
41976160 3.826855
41972306 3.826956
41971412 3.827007
41969610 3.827186
41914046 3.827220
41902321 3.827227
41894452 3.827298
41892636 3.827305
41888013 3.827330
41885697 3.827437
41872716 3.827447
41868010 3.827451
41864415 3.827461
41863718 3.827511
41863251 3.827519
41863034 3.827523
41846591 3.827538
41832221 3.827716
41831923 3.827823
41814859 3.827834
41784769 3.827838
41771682 3.828044
41771295 3.828925
41751936 3.828936
41749091 3.828940
41743460 3.828962
41740046 3.828973
41731085 3.829041
41723276 3.829060
41722729 3.829067
41683619 3.829080
41683207 3.829184
41679488 3.829352
41678611 3.829359
41676436 3.829365
41662255 3.829374
41661278 3.829388
41653952 3.829395
41647956 3.829400
41646577 3.829572
41641529 3.829583
41640735 3.829592
41620454 3.829892
41607273 3.829974
41607149 3.829991
41606805 3.829995
41602495 3.833572
41586139 3.833669
41569590 3.833688
41562790 3.833735
41561615 3.833749
41561085 3.833900
41555906 3.834004
41533621 3.834036
41532587 3.834051
41526639 3.834199
41524214 3.834594
41523246 3.834960
41507136 3.834972
41488519 3.835034
41484892 3.835365
41468582 3.835388
41463634 3.835738
41456394 3.835744
41434240 3.835885
41429183 3.835890
41424667 3.835937
41420649 3.835941
41417684 3.835971
41413849 3.835980
41406293 3.835984
41401374 3.836088
41401321 3.836093
41388282 3.840871
41385235 3.840889
41382785 3.840908
41379965 3.840918
41377024 3.841259
41364256 3.841293
41362405 3.841321
41361127 3.841487
41359175 3.841506
41357532 3.841559
41353940 3.841771
41351415 3.841832
41350259 3.841871
41349641 3.843361
41345544 3.843463
41343956 3.843487
41327695 3.843498
41311632 3.843504
41309498 3.843528
41298880 3.843662
41298489 3.843764
41285670 3.843815
41284373 3.843826
41282212 3.843833
41163747 3.843901
41006475 3.843936
41000529 3.843942
40999409 3.844623
40998673 3.844628
40998621 3.844676
40998555 3.844707
40997020 3.844719
40994703 3.844726
40992612 3.844733
40983475 3.844737
40982755 3.844950
40975664 3.844969
40972103 3.844996
40969985 3.845000
40967695 3.845530
40967525 3.845557
40960377 3.845616
40957590 3.845834
40955077 3.845845
40953414 3.846003
40947298 3.846014
40946331 3.846033
40946216 3.846130
40944443 3.846137
40940306 3.846233
40937222 3.846243
40937008 3.846249
40928658 3.846271
40919448 3.846409
40884472 3.846414
40879550 3.846428
40743199 3.854692
40742358 3.854795
40739984 3.854882
40738255 3.854888
40731789 3.854932
40724738 3.855033
40723263 3.855180
40719047 3.855216
40689731 3.855224
40677409 3.855243
40673961 3.855255
40673066 3.855270
40668082 3.855276
40664086 3.855281
40661694 3.855340
40661267 3.855408
40661223 3.855528
40659949 3.855580
40659133 3.855644
40657729 3.855649
40654462 3.855810
40626499 3.855832
40609301 3.855838
40598948 3.855869
40598608 3.855878
40596477 3.855911
40581268 3.855916
40575626 3.855920
40564782 3.855953
40546833 3.856032
40542922 3.856036
40540793 3.856042
40540012 3.856310
40523428 3.856402
40517214 3.856410
40517028 3.856426
40511739 3.856706
40502912 3.856745
40499507 3.856750
40497949 3.856831
40496977 3.856841
40495313 3.856871
40486447 3.857312
40480852 3.860723
40479935 3.860765
40477862 3.860780
40477005 3.860908
40468285 3.861060
40258284 3.863434
40256128 3.863498
40255240 3.863560
40252366 3.863597
40144009 3.864079
40139925 3.864313
40134634 3.864319
40131271 3.864323
40129728 3.864376
40129644 3.864532
40129021 3.864540
40128335 3.864544
40109198 3.864549
40104938 3.864617
40104637 3.865976
40100904 3.866024
40100110 3.866087
40099986 3.866091
40098523 3.866097
40097439 3.866116
40092973 3.866120
40092241 3.869976
40092074 3.870943
40080438 3.870952
40075934 3.871141
40071050 3.871146
40062655 3.871155
40054616 3.871253
40052523 3.871470
40052230 3.871485
40037086 3.871587
40032796 3.871594
40032507 3.883803
40031671 3.883921
40019682 3.884024
40016296 3.884099
40009584 3.884105
40009361 3.884136
40008470 3.884182
39998743 3.884257
39997129 3.884326
39997019 3.884331
39996777 3.884336
39994407 3.884374
39986243 3.884452
39985244 3.884472
39985165 3.884539
39984834 3.885320
39969475 3.885332
39968677 3.885349
39956549 3.885359
39945673 3.885439
39939604 3.886024
39910847 3.886335
39905625 3.888998
39905553 3.889064
39901341 3.889171
39891740 3.889276
39886349 3.889429
39882670 3.889700
39882181 3.889728
39870100 3.889959
39868072 3.889978
39867599 3.890718
39867475 3.890744
39867190 3.893301
39860284 3.893323
39857419 3.893361
39856101 3.893390
39853513 3.893419
39852911 3.893423
39852694 3.893432
39851534 3.893514
39849656 3.893649
39845264 3.893692
39841117 3.894074
39840738 3.897901
39837642 3.897919
39828697 3.897924
39827513 3.897936
39821949 3.897956
39819487 3.898017
39815064 3.898039
39812188 3.898410
39810678 3.898479
39810599 3.898487
39807736 3.898575
39804400 3.898580
39795748 3.898666
39793987 3.900185
39792365 3.900945
39791472 3.901534
39791128 3.901540
39785888 3.902053
39759698 3.902969
39751249 3.902983
39745463 3.903004
39742770 3.903020
39738953 3.903051
39731096 3.903315
39725005 3.906509
39722534 3.906523
39718787 3.907603
39713228 3.907614
39708653 3.907623
39708427 3.909602
39704634 3.910609
39696934 3.910657
39696855 3.910666
39695601 3.912717
39694262 3.913910
39689094 3.915617
39682958 3.915746
39681536 3.915775
39679578 3.916896
39679401 3.917115
39672427 3.917228
39670515 3.917291
39669057 3.918945
39658966 3.918968
39658637 3.918973
39658386 3.919040
39655504 3.919188
39655130 3.919194
39615024 3.919333
39612932 3.919349
39598222 3.919354
39595552 3.919418
39594705 3.919580
39563295 3.921656
39559258 3.923898
39549041 3.925233
39548036 3.926657
39541831 3.926704
39536819 3.929412
39534992 3.929888
39522715 3.933764
39522312 3.933846
39519099 3.934301
39518429 3.934345
39517940 3.934689
39516417 3.936245
39515503 3.938246
39513232 3.938732
39513020 3.938741
39512222 3.938971
39505919 3.938979
39505731 3.939009
39505113 3.939548
39502526 3.939634
39499465 3.939700
39495974 3.939870
39492489 3.939876
39479478 3.939883
39479027 3.940565
39473711 3.942974
39470721 3.957440
39464849 3.957514
39461160 3.957557
39446490 3.957598
39445641 3.957657
39445617 3.957687
39442757 3.957741
39441996 3.960073
39439447 3.960194
39438631 3.960282
39438581 3.961243
39437327 3.962073
39435998 3.962168
39435409 3.963829
39432549 3.964522
39428885 3.964709
39428658 3.965253
39425070 3.965814
39423881 3.965821
39423222 3.965945
39421948 3.966045
39416578 3.966066
39404864 3.966072
39403008 3.966078
39402581 3.966453
39402496 3.970130
39402040 3.975157
39400588 3.975657
39399578 3.976437
39397485 3.976694
39394639 3.976923
39389847 3.977022
39389179 3.977451
39385140 3.984214
39384721 3.984239
39381458 3.984385
39374377 3.986929
39372976 3.986942
39371782 3.987176
39371596 3.987727
39371437 3.988888
39371144 3.989132
39370572 3.989139
39367050 3.989350
39365750 3.989436
39364350 3.990906
39363132 3.990996
39362285 3.991471
39358340 3.994677
39357536 3.997541
39355853 3.997783
39355288 3.997863
39354362 3.998897
39353356 3.999283
39353242 4.000785
39352981 4.000804
39350192 4.001562
39349703 4.001731
39347832 4.001751
39347488 4.012015
39342058 4.017597
39341299 4.018058
39339500 4.018065
39338744 4.024589
39337567 4.024638
39329622 4.026185
39326263 4.026296
39325725 4.027013
39323857 4.030184
39319226 4.030199
39315276 4.030204
39314130 4.030645
39314023 4.036805
39310217 4.037723
39302997 4.038267
39301997 4.041027
39299583 4.041153
39298710 4.041247
39296828 4.042927
39295828 4.047811
39294216 4.048367
39294205 4.057837
39292866 4.058287
39290174 4.058609
39289250 4.058614
39286343 4.073332
39284142 4.073348
39283605 4.073379
39282079 4.087338
39279463 4.087353
39277469 4.093557
39276545 4.102448
39272187 4.102713
39270931 4.103557
39268692 4.103565
39268450 4.103569
39268227 4.104263
39267281 4.251404
39265936 4.251467
39263698 4.251647
39260614 4.254694
39260321 4.257747
39259918 4.259301
39259162 4.259333
39258388 4.259342
39256140 4.299065
39255923 4.303240
39254922 4.361020
39254204 4.429732
39249990 4.429768
39247912 4.431165
39247684 4.431967
39246415 4.466112
39242212 4.509786
39240233 4.977462
39239291 4.977510
39238418 4.977515
39236926 4.995111
39235223 5.722040
39232940 5.813396
39231872 5.813578
39231506 5.902178
39231150 5.902202
39230678 5.902207
39229271 6.645894
39228987 6.646024
39227763 7.063464
39227735 8.234944
39227343 8.315432
39222712 8.315817
39221001 34.014926
39219421 34.099162
39216027 39.829776
39215998 96.081953
39215602 96.362014
39214036 96.757941
39214036 696.762979
