23781877 0.047666
21139894 0.121556
21135651 0.123097
21128506 0.127600
21128018 0.133345
21127845 0.135783
21127038 0.136880
21123927 0.137918
21111271 0.140342
21107248 0.143174
21101521 0.144021
21101458 0.144959
21098486 0.145287
21095580 0.147375
21095115 0.148918
21093016 0.155497
21089339 0.157709
21080901 0.158298
21079925 0.159216
21079859 0.159499
21079516 0.160837
21076963 0.161186
21066389 0.163112
21063870 0.164544
21061866 0.164927
21061526 0.170754
21023947 0.171858
21023583 0.173941
21022781 0.174539
21022360 0.183027
21019470 0.183949
21018944 0.184429
21018514 0.185148
21018172 0.190456
21017897 0.191389
21014522 0.195497
21013356 0.196142
21013068 0.201000
21012927 0.201389
21011903 0.203085
21009321 0.206287
21008372 0.212340
21003474 0.214436
21002129 0.216637
20999786 0.222860
20999652 0.235928
20999313 0.236890
20998692 0.238977
20998691 0.240092
20994371 0.242412
20994149 0.243228
20977550 0.246119
20977299 0.247842
20976470 0.249793
20975728 0.251716
20975640 0.256535
20921598 0.256783
20921111 0.260926
20920869 0.265270
20920225 0.268902
20918824 0.269816
20916685 0.271506
20916500 0.274468
20907667 0.280116
20907653 0.281238
20901217 0.290303
20900758 0.292655
20897693 0.296649
20897680 0.299296
20897501 0.304206
20897211 0.304510
20896982 0.304822
20894358 0.308166
20893957 0.308715
20893804 0.311536
20893638 0.318440
20892559 0.320733
20892453 0.321823
20892104 0.323156
20892059 0.323516
20891803 0.325502
20891760 0.327410
20890122 0.331472
20890019 0.331940
20889303 0.342248
20889203 0.342895
20888883 0.343879
20886716 0.346683
20877175 0.347275
20877089 0.356675
20876840 0.376435
20876795 0.384259
20876621 0.384973
20871566 0.386171
20871259 0.386655
20869279 0.389637
20869249 0.390517
20867930 0.394151
20864839 0.396555
20864325 0.398183
20864257 0.399772
20860954 0.402405
20847532 0.403947
20844726 0.411066
20844670 0.416265
20843269 0.425949
20842922 0.428922
20842619 0.429700
20839847 0.434707
20838355 0.435993
20838141 0.441512
20834734 0.443642
20834368 0.444363
20834273 0.447489
20832553 0.448547
20831544 0.455570
20829618 0.456798
20829349 0.461074
20828847 0.470481
20828701 0.471654
20828625 0.477640
20824447 0.478749
20824326 0.485530
20824283 0.493488
20821537 0.494607
20820893 0.495032
20820046 0.497299
20817111 0.509329
20815007 0.514311
20813691 0.519853
20813228 0.520794
20807691 0.523406
20806657 0.523716
20804752 0.524809
20804704 0.525109
20804193 0.529414
20803759 0.541622
20798056 0.557886
20797750 0.558472
20797379 0.560246
20795943 0.560693
20795349 0.564223
20795286 0.567883
20794794 0.570905
20794641 0.572085
20793724 0.576377
20793653 0.581044
20792880 0.595218
20792646 0.596730
20792621 0.616079
20792600 0.627079
20792492 0.627847
20792183 0.638320
20790899 0.655165
20790487 0.664070
20790005 0.677241
20767553 0.683129
20766480 0.692431
20766294 0.694533
20758953 0.695584
20758491 0.697672
20758440 0.703258
20758056 0.709587
20757984 0.716746
20756247 0.730496
20753707 0.750258
20753630 0.759789
20751243 0.761673
20750777 0.766033
20749347 0.767916
20749170 0.779275
20748644 0.789289
20746919 0.815186
20746444 0.815946
20746317 0.822569
20746301 0.834487
20746255 0.835025
20745953 0.839835
20745595 0.841734
20745468 0.846995
20745327 0.847745
20743730 0.864418
20743702 0.869806
20743601 0.884627
20743428 0.885698
20743159 0.898217
20743098 0.924987
20742975 0.930153
20741766 0.934558
20741670 0.940048
20741266 0.940293
20739354 0.942592
20739083 0.946762
20737900 0.958041
20734941 0.975559
20733317 1.007455
20732830 1.009241
20732530 1.015375
20732012 1.022421
20729837 1.022760
20729572 1.025068
20729470 1.026256
20729250 1.033676
20729098 1.037101
20726663 1.039499
20726291 1.042618
20726167 1.046952
20726045 1.057256
20725693 1.057542
20725673 1.061356
20723103 1.071449
20722039 1.106863
20721985 1.107325
20721777 1.117184
20721732 1.121875
20720016 1.123349
20719902 1.126370
20719687 1.133132
20719519 1.159235
20719463 1.171058
20719403 1.171296
20719288 1.176811
20718387 1.186835
20715968 1.189523
20715845 1.228753
20715781 1.230194
20715719 1.233865
20715412 1.254828
20714811 1.262721
20714779 1.268815
20714090 1.273511
20714010 1.308122
20713425 1.318362
20713238 1.327586
20713147 1.329961
20711482 1.334824
20711464 1.336089
20710643 1.344740
20710598 1.345447
20710136 1.407047
20710134 1.407697
20709991 1.415993
20709969 1.424972
20707499 1.444574
20707430 1.503811
20707258 1.533418
20706828 1.562692
20706827 1.586411
20706686 1.604505
20706590 1.631410
20706489 1.634802
20705703 1.662374
20705155 1.679537
20705116 1.681007
20704934 1.743329
20704602 1.749826
20704275 1.763056
20703837 1.769252
20703138 1.773454
20702675 1.794694
20702669 1.904903
20702385 1.908770
20702274 1.911954
20701604 1.960776
20701478 1.964821
20701348 2.027747
20701335 2.089639
20701312 2.110066
20700857 2.116364
20700854 2.132533
20700508 2.137607
20700438 2.173638
20700358 2.214242
20700244 2.263023
20696497 2.264374
20696413 2.293323
20696230 2.316372
20696205 2.336766
20695761 2.356934
20695617 2.357593
20695567 2.367545
20695546 2.376827
20695496 2.476713
20695424 2.532768
20695265 2.547040
20695083 2.568439
20695056 2.582065
20694561 2.600125
20694517 2.618301
20694254 2.659740
20694146 2.707750
20693722 2.744532
20693674 2.814231
20693423 2.840489
20693165 3.020368
20693143 3.089300
20693079 3.110962
20692944 3.206020
20690462 3.314751
20690208 3.324149
20689759 3.441779
20689742 3.458955
20685542 3.477176
20685526 3.479035
20685484 3.525822
20683518 3.567886
20683490 3.868431
20683256 3.885615
20683020 3.929036
20682907 3.961607
20682852 3.993541
20682815 4.030517
20682771 4.136844
20682678 4.598001
20682595 4.599714
20682591 4.688844
20682582 5.425139
20682435 5.902650
20682359 6.211652
20682333 6.245984
20682059 6.413950
20681820 6.429688
20681782 6.558096
20681488 6.564274
20681478 6.724487
20680956 6.747066
20680867 6.844347
20680851 7.009722
20680661 7.044046
20680567 7.345613
20679970 7.377447
20679765 7.528198
20678261 7.770173
20678248 7.805469
20678101 7.910643
20678081 8.186559
20677209 8.270743
20677207 8.580005
20677166 9.090295
20676769 9.581444
20676659 9.783417
20676205 9.940852
20675988 10.234468
20675974 10.268044
20675964 10.704765
20675927 17.410180
20675629 17.735313
20674761 18.286243
20674543 18.438409
20674431 18.530560
20655663 18.649989
20654709 18.664220
20651602 18.715406
20651598 18.735696
20651478 18.740157
20651476 19.172405
20648791 19.217697
20645835 19.240492
20645435 19.254304
20645361 19.357992
20645186 19.452706
20641689 19.454441
20641319 19.455079
20639723 19.496811
20638813 19.545421
20638724 19.656860
20638557 19.901163
20638433 19.930443
20637801 20.134502
20637456 20.224296
20637448 21.045661
20636204 50.750555
20636194 50.754337
20635880 50.809476
20635831 50.871037
20635785 50.943054
20635618 51.030055
20635492 51.210387
20635459 51.508492
20635141 51.730079
20635063 51.734961
20634924 51.757010
20634868 51.813222
20634716 51.906174
20634582 51.919489
20634521 52.200480
20633155 52.224515
20633005 52.468955
20631954 52.557620
20631707 52.577694
20631616 52.658025
20631478 52.839180
20631406 52.860005
20631057 52.925313
20630924 94.126712
20630893 94.253472
20630738 94.615597
20630689 94.638958
20630493 94.795217
20630286 101.730769
20629970 101.840893
20629957 101.856959
20629849 101.946053
20629549 101.976200
20629493 101.983944
20629215 102.476737
20629127 102.513280
20628805 102.838017
20628754 103.281014
20628666 103.305319
20628652 103.478260
20628650 104.701608
20628545 104.945702
20628434 105.311742
20628346 105.391186
20628314 105.405760
20628146 105.558530
20628121 105.668166
20628067 105.792298
20627954 105.859519
20627867 105.862455
20627727 105.922105
20627432 105.963115
20627421 106.016579
20620604 219.640316
20620353 219.705408
20620258 219.752994
20620212 219.908908
20620137 220.301000
20620033 220.488891
20619955 220.643279
20619793 220.738425
20619619 220.812626
20619613 221.118021
20619419 221.188195
20619406 221.215228
20619274 221.247695
20619157 221.340543
20618879 221.349341
20617824 221.354770
20617591 221.389755
20617297 221.417309
20617287 221.423236
20617225 221.451077
20617028 221.568323
20616914 346.470714
20616760 346.531827
20616711 346.547017
20616636 346.557592
20616357 346.685569
20616337 346.725915
20616280 346.744550
20616018 346.974627
20615910 347.020731
20615837 347.450672
20615822 348.000399
20615630 348.393887
20615529 348.562630
20615495 348.686140
20615319 348.713759
20615313 349.012434
20614856 349.423335
