15568034 0.054419
13657453 0.146657
13653767 0.150505
13652014 0.153674
13651918 0.157536
13650050 0.158863
13650001 0.160611
13647272 0.161739
13647198 0.162763
13646005 0.164283
13645930 0.164690
13640200 0.165865
13639887 0.166706
13626712 0.175269
13618393 0.177287
13618386 0.177612
13616143 0.183914
13615373 0.185541
13614800 0.185735
13613037 0.186834
13609163 0.188654
13608917 0.189151
13602942 0.190157
13601850 0.194258
13601388 0.201085
13601130 0.201583
13601037 0.205190
13600854 0.205935
13597182 0.209819
13596310 0.211293
13595282 0.215305
13594879 0.217283
13592430 0.218860
13579413 0.221568
13579375 0.222297
13578594 0.223341
13571076 0.239786
13570196 0.240316
13570186 0.242720
13567772 0.247561
13563316 0.250327
13563179 0.253974
13563023 0.255581
13560613 0.257118
13560009 0.258846
13559946 0.260039
13559912 0.273521
13559507 0.276191
13558452 0.286780
13558359 0.289788
13554804 0.294340
13553812 0.295667
13551700 0.297613
13551464 0.299098
13550619 0.303814
13550591 0.307112
13550590 0.309036
13550415 0.309482
13550408 0.309914
13550351 0.310458
13549893 0.321193
13547860 0.322478
13547648 0.324036
13546604 0.326068
13543642 0.341905
13543510 0.343016
13541961 0.344735
13540707 0.345415
13538623 0.346712
13538512 0.347363
13537830 0.348306
13537072 0.349480
13537014 0.353387
13536900 0.354607
13534678 0.372943
13534503 0.373449
13534393 0.378664
13534222 0.381792
13532979 0.391834
13532966 0.394089
13532912 0.402381
13532023 0.402913
13529697 0.404858
13529694 0.409115
13529088 0.409853
13524968 0.416726
13521121 0.418536
13518787 0.419403
13517837 0.422770
13517570 0.429787
13517448 0.431144
13517096 0.434631
13513416 0.440576
13513171 0.442133
13513140 0.445703
13512809 0.450084
13511717 0.454061
13509674 0.458017
13508939 0.463489
13508934 0.466585
13508684 0.488283
13508541 0.492693
13508318 0.504176
13508189 0.504689
13508164 0.510145
13508149 0.516800
13507293 0.518067
13506546 0.521041
13506520 0.522286
13506338 0.523270
13504939 0.527455
13504918 0.527857
13504524 0.532409
13504504 0.535710
13501667 0.537188
13501585 0.540327
13501581 0.542103
13501009 0.547726
13500952 0.548496
13500791 0.552895
13499296 0.554001
13499275 0.561372
13499192 0.564199
13498479 0.573367
13497965 0.573889
13497743 0.577195
13497436 0.580909
13497373 0.584337
13497174 0.597590
13497084 0.602292
13496938 0.608347
13496684 0.610030
13496656 0.621556
13496640 0.629007
13495788 0.629835
13495240 0.633213
13494948 0.641318
13494735 0.645048
13494708 0.647780
13494382 0.650950
13493292 0.658167
13493274 0.662453
13493260 0.662752
13493140 0.663779
13492470 0.664140
13492399 0.665958
13492269 0.668406
13491897 0.686592
13491380 0.687332
13491295 0.688755
13491219 0.694833
13487283 0.707585
13487088 0.709844
13448668 0.723072
13448215 0.723350
13447805 0.727147
13447618 0.729225
13440230 0.730226
13439956 0.730746
13439816 0.733591
13438768 0.740253
13438544 0.741800
13438389 0.742926
13437596 0.747765
13436725 0.752777
13435924 0.756179
13435442 0.760439
13433480 0.761163
13432900 0.766119
13429192 0.766637
13429053 0.775812
13428603 0.777660
13428182 0.779217
13427865 0.781765
13427678 0.786461
13426812 0.789029
13426781 0.790872
13426516 0.792759
13425785 0.796881
13425166 0.800814
13425137 0.803575
13425106 0.806545
13424986 0.829496
13424746 0.829709
13424713 0.832427
13417460 0.842977
13417255 0.847422
13417173 0.850171
13417155 0.852290
13417109 0.854068
13416788 0.872744
13416630 0.885554
13416188 0.889852
13415847 0.906543
13415801 0.912237
13414646 0.915348
13414578 0.916377
13414322 0.930301
13414288 0.930898
13414181 0.941040
13414178 0.941393
13414067 0.950378
13413967 0.950844
13412356 0.954742
13412114 0.956150
13412051 0.964848
13412007 0.972545
13411100 0.976161
13411057 0.978146
13410958 0.982534
13410952 0.988748
13409220 1.000110
13409129 1.011206
13409094 1.011929
13409016 1.021730
13409002 1.031366
13408995 1.037588
13408971 1.038636
13408590 1.040218
13406732 1.044028
13406706 1.045936
13406684 1.048110
13406683 1.052168
13406586 1.057128
13406520 1.060050
13405995 1.063496
13405623 1.067737
13403634 1.068257
13402532 1.077792
13402352 1.080343
13402286 1.081487
13402003 1.088154
13401778 1.096929
13401475 1.104988
13401306 1.123815
13401298 1.140495
13401083 1.150880
13401079 1.160717
13400961 1.179216
13399982 1.183153
13399934 1.196524
13399382 1.198435
13399065 1.201027
13398801 1.201532
13398782 1.209386
13398538 1.210690
13398240 1.211271
13398065 1.211546
13397698 1.213137
13397333 1.239171
13397331 1.240715
13397330 1.253767
13396934 1.286879
13396636 1.290205
13396538 1.293618
13396167 1.299966
13396157 1.310674
13395297 1.312496
13394652 1.312735
13394164 1.356295
13393906 1.419667
13392686 1.431654
13392363 1.437739
13392333 1.438511
13392286 1.442211
13392218 1.444675
13392177 1.452896
13392099 1.454316
13392094 1.465590
13391946 1.489443
13391944 1.504950
13391807 1.523679
13391579 1.527288
13391494 1.547009
13391488 1.547526
13391477 1.559642
13389779 1.571160
13389723 1.575962
13389713 1.586006
13389276 1.612467
13389233 1.629139
13389121 1.647258
13389097 1.657097
13389046 1.664956
13388982 1.671613
13388909 1.680638
13388682 1.707684
13388638 1.725471
13388338 1.726084
13388269 1.728950
13388255 1.756679
13388222 1.760788
13388210 1.775472
13387973 1.793035
13387813 1.801483
13387758 1.801859
13387695 1.808043
13387651 1.815458
13387520 1.829227
13387507 1.829646
13387444 1.841322
13387412 1.844114
13387403 1.845009
13387250 1.869652
13387213 1.908443
13386952 1.913317
13386524 1.923338
13386392 1.926627
13386261 1.927169
13385578 1.939046
13385566 1.946156
13385177 1.946903
13385162 1.952118
13384736 1.997413
13384393 2.000348
13384365 2.010864
13384191 2.033802
13384012 2.041008
13383939 2.061824
13383853 2.072472
13383831 2.100670
13383747 2.119428
13383735 2.121503
13383516 2.141547
13383465 2.169063
13383405 2.182195
13382125 2.210113
13381816 2.214773
13381365 2.216351
13381338 2.222128
13381305 2.235705
13374758 2.253422
13374732 2.259381
13373882 2.276824
13373672 2.298209
13373631 2.298593
13373518 2.305546
13373298 2.308492
13373288 2.318476
13373217 2.342709
13372967 2.361082
13372883 2.376757
13372838 2.383051
13372667 2.433590
13372656 2.443394
13372411 2.458191
13372108 2.480270
13372102 2.488121
13371937 2.495421
13371929 2.529317
13371861 2.538528
13371823 2.552515
13370987 2.590941
13370907 2.605297
13367651 2.619033
13367602 2.662645
13367488 2.673087
13366979 2.705433
13366893 2.795750
13366821 2.798599
13366745 2.807903
13366597 2.815366
13366578 2.856905
13366567 2.864517
13366517 2.947628
13366364 2.952298
13366331 2.975403
13366153 3.014440
13365948 3.038484
13365905 3.040388
13365792 3.052944
13365752 3.110483
13365444 3.110914
13365229 3.130799
13365004 3.135137
13364774 3.159234
13364737 3.195782
13364722 3.223622
13364695 3.226761
13363714 3.234094
13363693 3.392906
13363646 3.444029
13363586 3.454606
13363491 3.501523
13363490 3.539908
13363446 3.545340
13363434 3.577092
13363393 3.594268
13363335 3.643999
13363095 3.705403
13363049 3.725565
13362994 3.728351
13361838 3.762496
13361446 3.809470
13361237 3.823094
13361167 3.852696
13360999 3.908768
13360881 3.951253
13360589 4.009081
13360430 4.019904
13360386 4.059865
13360353 4.075982
13360285 4.081993
13360263 4.112693
13360079 4.139156
13359786 4.162534
13359600 4.225343
13359593 4.227027
13359514 4.237599
13359489 4.281906
13359481 4.309284
13359262 4.341998
13359261 4.355526
13359183 4.402375
13359053 4.459106
13359029 4.471693
13358860 4.486239
13358748 4.511615
13358401 4.646134
13358396 4.678877
13358344 4.713572
13358300 4.925443
13358283 5.038634
13358219 5.103207
13358145 5.149733
13358109 5.166842
13358045 5.222333
13358028 5.285024
13358024 5.384525
13357896 5.475013
13357881 5.514728
13357814 5.667820
13357624 5.680788
13357611 5.730070
13357599 5.752568
13357574 5.791950
13357549 5.814303
13357537 5.840260
13357277 5.926184
13357250 6.002765
13357078 6.027495
13356993 6.145533
13356990 6.200822
13356913 6.317601
13356875 6.376086
13356646 6.447306
13356637 6.489839
13356599 6.520620
13356394 6.596305
13356278 6.621147
13356195 6.712884
13355923 6.809042
13355874 6.819910
13355775 6.872582
13355725 7.054661
13355239 7.281811
13355232 7.413777
13355178 7.515361
13355108 7.531328
13355105 7.569013
13354910 7.650428
13354905 7.668802
13354280 7.676242
13354237 7.956151
13353599 8.170888
13353580 8.199517
13353577 8.477592
13353557 8.662102
13353552 8.761673
13353376 8.762491
13353294 8.998095
13353069 9.229544
13352952 9.290709
13352918 9.456472
13352753 9.522820
13352745 9.524499
13352737 9.790997
13352592 9.837003
13352541 9.970858
13352335 10.300484
13352291 10.303084
13351880 10.344021
13351849 10.375158
13351573 10.375928
13351266 10.446200
13350911 10.551960
13350883 10.671379
13350802 10.678708
13350798 10.841264
13350772 10.880970
13350659 11.557772
13350619 12.076201
13350569 12.116205
13350223 12.794712
13349519 12.857230
13349330 12.928326
13348969 13.315615
13348889 26.146157
13348764 26.550546
13342005 40.522643
13341995 40.576060
13341993 40.604441
13341990 40.736332
13341880 48.724502
13341829 48.878356
13341746 49.266186
13341456 49.284863
13341394 49.296686
13341294 49.374461
13341034 49.650227
13340934 49.753076
13340892 49.771002
13340824 49.961399
13340781 50.081977
13340511 50.380552
13340440 50.389138
13340383 50.609638
13340326 50.873114
13340305 51.619902
13339856 51.884308
13339630 51.903154
13339575 51.933654
13339561 52.083569
13339509 52.198463
13339488 52.298853
13339487 52.354230
13339403 52.538087
13339352 52.781109
13339316 52.848036
13339179 52.871041
13338957 52.971210
13338911 53.406244
13338905 53.461772
13338900 53.666002
13338840 54.351559
13338516 54.421868
13338287 54.764253
13338215 54.771582
13338192 55.039490
13338089 55.122458
13329849 71.168013
13329841 71.170206
13329809 71.180144
13327581 71.185877
13327156 71.187348
13327041 71.198794
13326633 71.204766
13326608 71.206610
13326437 71.220216
13324569 71.226108
13324492 71.237126
13324231 71.241058
13324155 71.272237
13324074 71.285356
13323787 71.293549
13323773 71.332906
13322746 71.334173
13322704 71.341612
13322007 71.367324
13321775 71.407536
13321690 71.434078
13321091 71.438007
13321079 71.459398
13321019 71.463588
13321015 71.469422
13320950 71.475373
13320901 71.491139
13320850 71.516218
13320779 71.517990
13319922 71.525753
13319742 71.554863
13318989 71.556828
13318702 71.562989
13318197 71.573263
13318162 71.574351
13317924 71.577222
13317209 71.595237
13316847 71.619466
13316807 71.636904
13316793 71.651919
13316723 71.661750
13316685 71.666052
13315272 71.673858
13315256 71.694751
13315236 71.736431
13315046 71.736880
13314882 71.760697
13314859 71.768238
13314828 71.798587
13314796 71.818154
13314706 71.837026
13314678 71.884079
13314677 71.894900
13314470 71.899840
13314247 71.908486
13313801 71.914966
13313769 71.923374
13313749 71.925308
13313340 71.983401
13313246 72.037477
13312744 72.061931
13312739 72.070977
13312384 72.073008
13312326 72.088341
13312272 72.104562
13311844 72.108110
13311746 72.110391
13311412 72.121080
13309035 72.139010
13309011 72.141969
13308916 72.156780
13308845 72.175590
13308487 72.175937
13308409 72.182954
13308405 72.204227
13308112 72.226300
13307806 72.241312
13307723 72.269213
13307696 72.325713
13307657 72.396682
13307578 72.424553
13307139 72.426130
13306860 72.427146
13306793 72.467765
13306792 72.491380
13306449 72.511717
13306379 72.570825
13306224 72.680913
13306215 72.684739
13306202 72.751961
13304552 72.762365
13303753 72.817002
13303469 72.840500
13303444 72.854623
13303442 72.887822
13303441 72.897963
13303125 72.911738
13303103 72.924867
13303068 72.983523
13303005 73.073400
13302984 73.133242
13302790 73.159211
13302784 73.228400
13302640 73.231801
13302616 73.235795
13302520 73.354208
13302508 73.388600
13301955 73.391104
13301934 73.391612
13301929 73.487481
13301841 73.514489
13301804 73.539139
13301795 73.629988
13301634 73.651523
13301600 73.661094
13301566 73.687532
13301564 73.788420
13301439 73.802912
13301387 73.807908
13301364 73.816994
13300775 73.848723
13300773 73.982718
13300629 74.074778
13300559 74.108138
13300535 74.133231
13300511 74.214058
13300473 74.294502
13300363 74.332503
13300140 74.386639
13300137 74.406072
13300050 74.525779
13299820 74.539805
13299802 74.584618
13299790 74.585942
13299746 74.640939
13299380 74.641295
13299159 74.658844
13298127 74.692652
13298111 74.778857
13298061 74.784795
13297745 74.824124
13297688 74.839115
13295773 74.843723
13295737 74.859742
13295476 75.002975
13295261 75.050919
13295198 75.129377
13295152 75.191949
13295052 75.430389
13295051 75.434193
13294223 75.591654
13294218 75.621765
13294213 75.729000
13294117 75.857218
13294103 75.861298
13294006 75.935162
13293796 76.132487
13293624 76.164825
13293559 76.524482
13293500 76.783251
13293494 76.840003
13293069 76.859246
13293042 77.017814
13287971 77.018884
13287130 77.341455
13287080 77.466083
13287060 77.498850
13286601 77.582113
13286576 77.644603
13286211 77.662835
13285727 77.739072
13285718 77.761229
13285694 77.784851
13285681 78.186333
13285626 78.417578
13285476 78.462978
13285418 79.281827
13285410 79.377321
13285409 79.667443
13284761 79.898875
13284610 79.977410
13284479 80.365907
13284161 80.440233
13284116 80.475826
13284109 80.586961
13283974 81.042274
13283944 81.101096
13283871 81.271453
13283835 81.272719
13283820 81.310548
13283759 81.466084
13283726 81.511071
13283722 81.659476
13283393 240.111906
13283189 240.247134
13283085 240.259758
13283079 240.353528
13282892 240.403610
13282855 240.421697
13282631 240.508297
13282584 254.234982
13282528 254.285132
13282147 254.287091
13282077 254.379285
13282016 254.397311
13281919 254.434786
13281888 254.455970
13281780 254.458219
13281556 254.529149
13281538 254.546067
13281528 254.685031
13281488 254.790840
13281058 254.815258
13280972 254.848481
13280672 254.948377
