27288756 0.054940
24020278 0.153778
23980679 0.157063
23980627 0.157459
23973767 0.161919
23973030 0.162443
23972951 0.166048
23965556 0.167303
23964557 0.176084
23964530 0.181237
23963921 0.185541
23962732 0.186162
23962345 0.190926
23962045 0.193208
23958736 0.198268
23958658 0.199593
23958506 0.199695
23958396 0.207427
23958329 0.212285
23952241 0.215356
23951384 0.216372
23947671 0.220342
23947328 0.221290
23947195 0.221772
23890019 0.224701
23889590 0.233116
23888630 0.236923
23888232 0.242910
23887211 0.249729
23881973 0.252658
23879968 0.256460
23879070 0.256976
23876290 0.258500
23874680 0.261261
23874046 0.263419
23874007 0.266557
23870767 0.267090
23870022 0.269604
23869958 0.270362
23864684 0.292982
23863779 0.293557
23861383 0.298558
23859777 0.300364
23818075 0.306948
23762761 0.310374
23761527 0.311076
23761236 0.311834
23758783 0.326100
23756415 0.338589
23756152 0.341912
23755282 0.359180
23754844 0.362447
23751302 0.363205
23750996 0.364097
23750901 0.367019
23748433 0.370297
23732947 0.371155
23732415 0.373359
23732274 0.376763
23731671 0.377277
23731005 0.377889
23731002 0.379059
23730458 0.380866
23728286 0.381663
23721517 0.388107
23720489 0.388749
23719603 0.400100
23719090 0.401772
23718907 0.404608
23718838 0.407970
23718771 0.412336
23718564 0.412781
23717179 0.414385
23716867 0.415004
23715421 0.415657
23714722 0.424941
23707630 0.443413
23707145 0.444721
23706715 0.453094
23706009 0.463079
23705973 0.466020
23705613 0.466374
23704768 0.466952
23703466 0.468248
23703454 0.470423
23703372 0.471978
23692225 0.482619
23691859 0.483896
23691380 0.484434
23689633 0.488042
23689092 0.489375
23689088 0.489412
23688353 0.492187
23687355 0.494122
23687253 0.495654
23687143 0.496801
23685161 0.506040
23685060 0.506506
23684167 0.507836
23683195 0.510141
23679164 0.511902
23678388 0.515043
23671392 0.515477
23670993 0.520694
23670950 0.524994
23670122 0.535131
23670008 0.537874
23669247 0.545289
23669183 0.547636
23669136 0.550704
23668530 0.554691
23667571 0.556297
23665999 0.557069
23665847 0.576572
23664164 0.578410
23664140 0.582608
23663375 0.583069
23663313 0.602007
23660805 0.606199
23660804 0.607116
23659706 0.619776
23659701 0.621911
23658810 0.623256
23658564 0.625094
23658364 0.627399
23657975 0.629173
23657952 0.630444
23657372 0.632270
23656076 0.634515
23655997 0.635665
23654629 0.636494
23654185 0.659015
23653855 0.664324
23653637 0.666421
23651743 0.684052
23651607 0.693899
23650637 0.694594
23650134 0.701220
23649850 0.708012
23648647 0.709063
23647954 0.711625
23647544 0.712209
23647283 0.715875
23646800 0.742681
23645873 0.744139
23645540 0.745314
23645240 0.745546
23645215 0.750597
23645120 0.753677
23645078 0.753768
23645036 0.762121
23644773 0.768595
23644722 0.798082
23643717 0.799783
23642890 0.805312
23642556 0.806152
23640839 0.807638
23639821 0.810554
23639662 0.826743
23639644 0.837042
23638981 0.838679
23638960 0.843891
23638916 0.853447
23638706 0.876313
23634344 0.882455
23633905 0.887834
23633904 0.891182
23633875 0.897212
23632171 0.905384
23631831 0.910363
23631782 0.913091
23631498 0.915130
23629359 0.920521
23629132 0.923387
23627816 0.924768
23627094 0.929927
23626861 0.930919
23626794 0.932888
23625580 0.933485
23625479 0.947025
23623505 0.956901
23623005 0.957659
23622953 0.961187
23622634 0.962273
23622167 0.966171
23620803 0.968975
23620407 0.979309
23619978 0.981646
23619592 0.982999
23618565 0.992300
23618543 1.000529
23617367 1.003768
23617274 1.016112
23616840 1.023285
23616774 1.025343
23616482 1.038906
23616255 1.043769
23616061 1.047297
23615729 1.052917
23615613 1.053814
23615546 1.056816
23615163 1.058222
23614895 1.058922
23614701 1.061764
23614523 1.073787
23614440 1.087012
23614381 1.100251
23614372 1.112877
23613632 1.118971
23613561 1.128202
23611760 1.141009
23611616 1.141375
23611612 1.150101
23611611 1.157849
23611596 1.162550
23611560 1.169685
23611042 1.170537
23611032 1.186314
23610208 1.217331
23609939 1.233986
23609077 1.247511
23608897 1.256165
23608615 1.258237
23608318 1.260509
23608315 1.264595
23608118 1.265596
23607920 1.266126
23607868 1.277210
23607743 1.313215
23607609 1.315724
23607500 1.316573
23607486 1.327893
23607385 1.337412
23607179 1.340389
23607087 1.341725
23606975 1.344714
23606889 1.347344
23604332 1.350902
23604122 1.360828
23604041 1.371950
23604034 1.393320
23604010 1.400430
23604004 1.432010
23603973 1.436978
23603879 1.438911
23603718 1.442538
23603510 1.445808
23602732 1.456375
23597480 1.476687
23597279 1.481041
23597194 1.484400
23597188 1.546539
23597071 1.595199
23596749 1.601943
23596566 1.617014
23595438 1.620352
23595375 1.631490
23595314 1.669437
23595310 1.675853
23595175 1.676492
23594772 1.677813
23594640 1.678097
23594588 1.702827
23594412 1.704211
23594325 1.709659
23594156 1.717274
23594139 1.741320
23594027 1.772224
23592251 1.778602
23592246 1.810498
23592080 1.826550
23591981 1.833988
23591910 1.862362
23591726 1.953214
23591261 1.970183
23591237 1.979965
23591184 1.995275
23591015 2.007432
23590947 2.008260
23590914 2.014835
23588568 2.051410
23588524 2.090200
23588224 2.113760
23588134 2.140779
23588025 2.175924
23587919 2.184976
23586918 2.185836
23586897 2.194490
23586746 2.223868
23586673 2.232019
23586630 2.239305
23586531 2.239912
23583749 2.251215
23583524 2.252701
23583078 2.269822
23582934 2.303738
23582744 2.322161
23582741 2.333149
23582610 2.334216
23582381 2.337779
23582365 2.348165
23581780 2.361995
23581287 2.378065
23581269 2.381055
23580740 2.383614
23579551 2.430412
23579215 2.431234
23579174 2.431432
23573380 2.466866
23572614 2.472574
23571939 2.507354
23571827 2.513164
23571615 2.523550
23570363 2.543416
23570133 2.549870
23569784 2.569404
23567774 2.588201
23567688 2.656235
23565613 2.675499
23565170 2.700691
23565106 2.758823
23565003 2.760088
23562937 2.780474
23562041 2.783372
23561909 2.784619
23560970 2.787060
23560947 2.792651
23559868 2.793911
23559845 2.797384
23559807 2.799221
23559782 2.804595
23559725 2.808116
23559715 2.811706
23559545 2.820957
23559372 2.840397
23558738 2.854023
23558687 2.861930
23558633 2.874580
23558499 2.907783
23558321 2.908937
23558151 2.915561
23558125 2.916559
23557532 2.929604
23557235 2.951210
23557086 2.987965
23556997 3.000721
23556955 3.001151
23556935 3.068160
23556765 3.082534
23556718 3.083241
23556041 3.141545
23555892 3.149664
23554978 3.167214
23554909 3.181565
23554837 3.200278
23554745 3.225460
23554069 3.227520
23553824 3.245870
23553707 3.290121
23553429 3.291694
23553335 3.294433
23553192 3.304332
23553167 3.363666
23553124 3.368591
23552990 3.371371
23552911 3.381069
23552640 3.391920
23552535 3.398389
23552343 3.402855
23551464 3.405410
23551222 3.453684
23550523 3.492883
23550498 3.505574
23550318 3.640917
23549347 3.674242
23549290 3.678763
23549039 3.690772
23549034 3.701934
23548534 3.714144
23546529 3.725699
23546311 3.739841
23546199 3.748191
23545905 3.758954
23545884 3.767378
23545864 3.838048
23545843 3.863108
23545571 3.887015
23545461 3.901659
23545385 3.931786
23545341 3.946928
23545168 3.988370
23544827 4.078902
23544687 4.153725
23544660 4.177763
23544513 4.306527
23544511 4.317832
23544271 4.334297
23543934 4.336834
23543773 4.443575
23543763 4.446170
23543659 4.446689
23543638 4.461488
23543445 4.483273
23543383 4.598726
23543371 4.606267
23543042 4.670437
23542784 4.725255
23542707 4.747522
23542671 4.754307
23542591 4.833476
23542519 4.842514
23541986 4.848439
23541882 4.879635
23541845 4.890164
23541620 4.903062
23541522 4.922842
23541388 4.966319
23541307 4.995324
23541204 5.254291
23541163 5.260119
23540257 5.300883
23540038 5.358423
23540002 5.428412
23539966 5.498799
23539495 5.596315
23539462 5.674258
23539404 5.691205
23539368 5.869403
23539316 5.899815
23539314 5.953480
23539237 5.987519
23538601 5.988744
23538465 6.000308
23538178 6.011685
23538051 6.028197
23538021 6.041428
23537928 6.192402
23537864 6.212882
23537823 6.257633
23537780 6.258289
23537236 6.269065
23537199 6.506899
23537167 6.554377
23537157 6.571626
23536956 6.628946
23536898 6.725075
23451535 6.920465
23450257 6.941909
23449952 6.964774
23448902 6.973384
23445405 7.025703
23444227 7.126420
23444174 7.133454
23442164 7.187881
23437514 7.207673
23437479 7.210377
23437137 7.245636
23437009 7.262178
23436909 7.344627
23436816 7.408773
23436804 7.474005
23436493 7.476552
23436451 7.482225
23436144 7.517669
23436118 7.524545
23436117 7.717044
23435961 7.788250
23435808 7.825643
23435785 7.885405
23435019 7.993420
23434279 8.030826
23434091 8.120807
23433732 8.158557
23433729 8.241692
23432443 8.332974
23432385 8.377480
23432274 8.483567
23432122 8.488174
23431872 8.546710
23431458 8.763319
23431361 8.880462
23431170 8.886415
23431120 8.894051
23431106 8.917236
23430692 9.014571
23430675 9.066968
23430617 9.165903
23430534 9.252781
23430522 9.319190
23430495 9.530279
23430493 10.117815
23430310 10.149783
23429798 10.646229
23429590 10.651989
23429556 11.257752
23429322 11.413875
23429293 11.683466
23429279 12.010916
23429274 12.104315
23429135 12.734167
23429057 13.073951
23428961 13.153354
23428920 13.272704
23428594 13.674900
23428589 13.742125
23428583 13.748608
23428366 14.393591
23428145 97.740291
23427843 97.744345
23427818 97.750816
23427791 98.042947
23427577 98.517537
23427479 98.729211
23427332 180.307618
23427316 180.356420
23427189 180.390105
23427081 180.681483
23426276 180.880030
23426222 181.062132
23426165 181.245350
23426161 181.327702
23426149 181.454733
23426050 181.829258
23425861 182.511249
23425654 182.518695
23425618 182.621686
23425597 182.631441
23425339 182.813167
23425036 234.294996
23425030 234.300534
23424934 234.868333
23424928 234.955069
23424923 235.095786
23424876 235.327254
23424853 235.358127
23424748 235.505574
23424690 235.679853
23424448 235.804011
23424393 235.952918
23424285 236.019603
23423980 236.040685
23423865 236.174835
23423818 236.383635
23423792 236.610918
23423791 237.030466
23423574 237.200266
23423039 237.207940
23422478 237.288826
23422370 237.341886
23422281 237.354966
23422218 237.436851
23422208 237.455494
23422117 237.740930
23421720 237.901052
23421684 238.059130
23421679 238.250841
23420275 372.302564
23420187 372.437077
23420131 372.459397
23420117 372.592810
23420113 372.618940
23420070 372.640736
23419887 372.752974
23419354 373.120712
23419353 373.316724
23419224 373.467598
23418721 373.646355
23418618 373.677038
23417797 373.744134
23417780 373.748027
23417718 373.771606
23417443 373.781007
23417442 373.799062
23416925 373.851081
23416742 373.931741
23416364 373.959640
23416010 374.030363
23415756 374.046391
23415666 374.284550
23415646 374.291972
23414516 374.294014
23413833 374.310872
23413741 374.312169
23413734 374.322061
23412752 374.352820
23412560 374.435979
23412495 374.486385
23412351 374.552035
23412052 374.632344
23411853 374.660494
23411772 374.687777
23411740 375.087625
23411658 375.203135
23409369 375.380657
23409115 375.461578
23408554 375.560974
23408314 375.671498
23408304 375.927094
23408287 376.031478
23408219 376.032941
23408180 376.153274
23407907 376.193422
23407871 376.334888
23407496 377.378103
23407115 377.404288
23407082 377.599274
23406439 377.646417
23406312 377.926822
