16196314 0.054346
14125526 0.171677
14122989 0.193232
14121524 0.194250
14121376 0.196842
14118751 0.197650
14118154 0.202245
14116693 0.202915
14114905 0.209063
14114481 0.210419
14113824 0.211837
14111116 0.212671
14106969 0.214864
14106493 0.219385
14106284 0.219861
14105794 0.222551
14103162 0.225795
14102491 0.226713
14100898 0.229892
14100827 0.232561
14100824 0.233597
14100475 0.234281
14093364 0.239598
14093295 0.240204
14091800 0.241122
14091574 0.245114
14090770 0.245565
14090623 0.246085
14084600 0.248674
14084327 0.250547
14076218 0.257608
14075966 0.260611
14075545 0.264090
14074927 0.268082
14074297 0.269057
14073028 0.270468
14071759 0.271351
14071083 0.272082
14070569 0.272843
14068741 0.279149
14068471 0.282925
14068300 0.284091
14067163 0.294694
14066863 0.298130
14064239 0.302894
14063076 0.303566
14050381 0.309338
14050268 0.311130
14048756 0.312128
14046724 0.315230
14045237 0.316843
14044271 0.319213
14044081 0.321508
14041497 0.323354
14040764 0.325090
14040545 0.328062
14039709 0.330602
14038988 0.339630
14037677 0.344055
14037554 0.348478
14034993 0.349349
14031219 0.355890
14030979 0.360017
14029634 0.365336
14027142 0.368401
14026408 0.369882
14025415 0.371346
14024095 0.381420
14022101 0.387989
14022091 0.392361
14019045 0.394130
14018975 0.394813
14018778 0.404266
14018209 0.417674
14018190 0.421558
14017812 0.422462
14016529 0.425930
14016073 0.427965
14015736 0.434762
14013124 0.436981
14012626 0.438802
14012475 0.440844
14012418 0.445065
14011838 0.445954
13993155 0.461707
13992862 0.463236
13992590 0.464349
13992446 0.468245
13989857 0.471378
13989845 0.474631
13988665 0.491393
13988286 0.502426
13987310 0.504470
13982982 0.514000
13982973 0.515047
13982819 0.517742
13982741 0.521937
13982628 0.522553
13981152 0.541001
13981025 0.541524
13980781 0.546473
13980776 0.546812
13980570 0.556703
13980399 0.562842
13980307 0.567464
13980027 0.568849
13978961 0.573023
13978756 0.578580
13978369 0.580197
13977544 0.589718
13977535 0.590530
13977496 0.597205
13977446 0.597645
13976970 0.601347
13976682 0.603058
13976651 0.610685
13976539 0.614471
13976141 0.617385
13975332 0.618603
13975153 0.620394
13974734 0.623183
13974511 0.623680
13974440 0.637543
13974421 0.643985
13974294 0.645362
13974065 0.646832
13973952 0.648109
13973887 0.648582
13972588 0.651428
13972587 0.652080
13972157 0.652967
13971868 0.654925
13970546 0.655395
13969508 0.661976
13969240 0.666062
13968456 0.667726
13968162 0.672565
13965035 0.675643
13964989 0.681561
13964675 0.683643
13964364 0.685309
13964284 0.691328
13962890 0.697807
13962676 0.700040
13962671 0.700991
13961667 0.702749
13961642 0.703816
13960259 0.715285
13960086 0.717375
13959618 0.722228
13958815 0.723196
13958128 0.735647
13957406 0.739009
13956054 0.742123
13955547 0.745781
13955354 0.746130
13955313 0.748946
13951368 0.750936
13950569 0.762720
13949700 0.766711
13949662 0.770875
13949530 0.774135
13949427 0.776295
13949293 0.780352
13949216 0.782885
13949034 0.800790
13948908 0.810444
13948246 0.812323
13948045 0.816777
13948033 0.817772
13947937 0.818604
13947928 0.819111
13947639 0.823440
13947268 0.826321
13947148 0.834137
13946598 0.838018
13946432 0.838418
13946257 0.844224
13946216 0.846541
13946200 0.847039
13945383 0.855481
13945379 0.857259
13944899 0.860394
13944819 0.861872
13944514 0.863766
13944448 0.864796
13944039 0.866705
13944007 0.882952
13943676 0.888946
13943543 0.891149
13943505 0.902718
13943254 0.916098
13943154 0.922572
13943025 0.926128
13942827 0.929985
13942715 0.930668
13942611 0.936330
13942508 0.953027
13942421 0.956317
13941762 0.957098
13941750 0.967403
13941736 0.981274
13940974 1.005053
13940943 1.009926
13940767 1.012141
13940710 1.019247
13940371 1.025054
13940328 1.032680
13940286 1.046492
13940254 1.052320
13939528 1.059598
13938343 1.063009
13938077 1.075601
13937899 1.077791
13937052 1.085188
13936926 1.085912
13936539 1.088219
13936488 1.089977
13935116 1.092412
13935092 1.092800
13935067 1.129300
13934756 1.143374
13934653 1.174644
13934575 1.176451
13934443 1.186031
13934023 1.202026
13933367 1.216302
13933319 1.221021
13933057 1.243356
13932905 1.245403
13931430 1.247385
13931154 1.248436
13928954 1.265388
13928742 1.275451
13928730 1.289956
13928393 1.293797
13928263 1.294920
13928016 1.299254
13927772 1.304316
13927081 1.305842
13926965 1.321385
13926224 1.331734
13926194 1.347103
13925903 1.349237
13920264 1.369140
13919937 1.379599
13919785 1.388821
13919780 1.393733
13919750 1.422613
13919709 1.431236
13917589 1.447691
13917148 1.452175
13917060 1.455698
13916896 1.466594
13916778 1.467257
13916747 1.472261
13916465 1.483914
13916069 1.485113
13915194 1.503826
13915028 1.515505
13914913 1.518099
13914897 1.522572
13914885 1.528160
13914884 1.530415
13914879 1.546760
13914493 1.551640
13914425 1.562627
13913773 1.582463
13913755 1.583147
13913748 1.592489
13913545 1.597306
13913295 1.607799
13913233 1.611141
13913211 1.615470
13912795 1.622144
13912640 1.636390
13911616 1.652691
13911481 1.661398
13911315 1.662810
13911304 1.664503
13911297 1.667580
13911290 1.690605
13911254 1.715556
13910876 1.745993
13907140 1.749971
13906757 1.757337
13906702 1.779587
13904915 1.780569
13904831 1.789366
13904794 1.795065
13904707 1.799377
13904559 1.843675
13904261 1.867545
13904234 1.868551
13903675 1.871141
13903392 1.872293
13903241 1.873062
13902885 1.902920
13901772 1.909550
13901655 1.911744
13900718 1.913730
13900230 1.924310
13900108 1.942941
13900064 1.950468
13900003 1.961652
13899429 1.978850
13899202 2.035531
13899115 2.038057
13898899 2.044715
13898812 2.113605
13898737 2.123518
13898709 2.129696
13898425 2.161090
13898305 2.161368
13898228 2.167057
13898044 2.182390
13898007 2.182827
13897876 2.193465
13897757 2.207280
13897441 2.214679
13897071 2.223386
13896994 2.254820
13896945 2.256689
13896812 2.260719
13896739 2.278992
13896655 2.299170
13896559 2.302135
13896228 2.327253
13895747 2.329568
13895564 2.339918
13895433 2.346529
13895386 2.355989
13895346 2.401110
13895328 2.435599
13895165 2.442107
13895158 2.452255
13894858 2.466711
13894733 2.482459
13894728 2.492337
13894169 2.512198
13894081 2.512803
13894027 2.520740
13893522 2.545922
13893204 2.560234
13893047 2.567906
13892990 2.622302
13892727 2.623259
13892654 2.671876
13891888 2.676617
13891781 2.698404
13891567 2.701634
13891541 2.713769
13891513 2.714340
13891076 2.734478
13890978 2.738965
13890450 2.758329
13890420 2.763396
13889920 2.783831
13889913 2.821203
13889883 2.836646
13889824 2.868402
13889778 3.004749
13889699 3.023634
13889694 3.046854
13889653 3.056521
13889464 3.064117
13889072 3.095911
13889021 3.101161
13888934 3.114206
13888823 3.152330
13888689 3.193919
13888688 3.241540
13888523 3.295582
13888354 3.358371
13888207 3.435352
13888064 3.436262
13888049 3.463523
13888038 3.476581
13887874 3.486178
13887784 3.495072
13887645 3.495390
13887448 3.526804
13887339 3.646527
13887266 3.657681
13887159 3.720098
13886943 3.734044
13886927 3.763749
13886800 3.785086
13886792 3.942592
13886697 4.006839
13886693 4.047151
13886673 4.064408
13886547 4.091805
13886089 4.166000
13885984 4.177003
13885967 4.220184
13885570 4.230896
13885316 4.268701
13884680 4.321477
13884635 4.349095
13884599 4.385598
13884584 4.446755
13884483 4.457176
13884365 4.506159
13884348 4.513244
13883990 4.557419
13882567 4.643364
13882455 4.749019
13882421 4.765159
13882412 4.809773
13881848 4.812353
13881819 4.857346
13881672 4.860242
13881242 4.882727
13881187 5.006058
13880834 5.024949
13880807 5.130624
13880739 5.205222
13880419 5.361431
13880278 5.382164
13880159 5.442019
13880095 5.522901
13880086 5.591424
13880082 5.612203
13880066 5.616355
13879934 5.637348
13879930 5.648363
13879425 5.757171
13879339 5.963407
13879324 6.004866
13879318 6.010825
13879097 6.012198
13878973 6.017559
13878963 6.099274
13878864 6.135122
13878723 6.161024
13878702 6.164803
13878528 6.188633
13878217 6.204774
13878078 6.233848
13878060 6.266369
13878042 6.317338
13878018 6.325975
13877712 6.353950
13877694 6.381257
13877621 6.390515
13877618 6.392933
13877598 6.476990
13877504 6.518236
13877252 6.609489
13877212 6.674019
13877103 6.687850
13876974 6.711342
13876972 6.730852
13876911 6.786064
13876412 6.801431
13876318 6.849576
13876273 6.852915
13876220 6.868510
13876177 6.944407
13876174 6.945524
13876168 7.022822
13876163 7.078415
13876154 7.107958
13875906 7.145519
13875355 7.192339
13875314 7.217342
13874866 7.241829
13874837 7.273325
13874801 7.285808
13874799 7.549789
13874687 7.550982
13874686 7.581465
13874552 7.636764
13873887 7.691601
13873794 7.698405
13873747 7.886746
13873700 7.889275
13873647 7.980769
13873524 8.014391
13873518 8.025487
13873488 8.051673
13873458 8.057384
13873269 8.066204
13873218 8.210813
13872921 8.216443
13872914 8.240911
13872899 8.246739
13872820 8.248591
13872789 8.249144
13872788 8.682097
13872485 8.721822
13872336 9.025135
13872310 9.477226
13872306 9.497629
13872288 9.603055
13872071 9.708477
13872063 9.777324
13872047 9.785634
13872007 10.223276
13871339 10.399627
13871199 10.508127
13871132 10.756429
13871111 10.802010
13871102 11.094821
13871024 11.125695
13870746 11.184577
13870672 11.354594
13870664 11.386513
13870465 12.061935
13870431 12.193362
13870226 13.449705
13870141 13.869823
13870033 14.323264
13869593 14.708641
13869591 14.822006
13869552 14.826888
13869536 14.884024
13869490 24.171236
13869473 24.194972
13869466 24.253918
13869142 24.264457
13869001 24.371798
13868925 24.494661
13868648 24.729574
13868606 24.858970
13868583 24.958968
13868573 25.030590
13868345 25.043163
13868305 25.075704
13868296 25.124075
13868277 25.247505
13868237 25.378449
13868139 25.392602
13867928 25.590839
13867769 25.736680
13867448 25.988517
13867352 26.201469
13867321 26.537947
13867307 26.663867
13867297 27.333817
13867264 27.350095
13867260 27.822391
13867227 28.099711
13867187 28.144071
13867123 28.255089
13866781 28.525931
13866583 28.589486
13866567 28.956647
13866552 29.002062
13866414 29.166923
13866403 29.427493
13866244 29.592152
13866205 30.133906
13866073 30.183189
13865936 30.386109
13865576 135.100868
13865503 135.149933
13865379 135.313886
13865325 135.447175
13865321 135.644587
13865122 135.787697
13865081 135.848945
13864970 135.917142
13864920 136.104951
13864773 136.660272
13864763 136.674587
13864697 136.811522
13863434 181.588998
13863413 181.603049
13863404 181.604729
13863238 181.693660
13863234 181.695779
13863167 181.739269
13862669 181.743444
13862629 181.751222
13862620 181.970745
13862529 181.985558
13862386 181.988138
13862363 182.080253
13861785 182.123930
13861609 204.918046
13861591 204.925317
13861419 204.945101
13861283 205.149657
13861242 205.234331
13861151 205.599808
13860804 205.715466
13860755 205.865014
13860662 205.887349
13860631 206.095884
13860590 206.179106
13860397 206.257330
13860210 206.266433
13860168 206.480543
13860164 206.690907
13860158 206.732148
13860128 206.834445
13860087 206.892962
13860036 206.917991
13859457 208.009120
13859387 208.434677
13859337 208.653385
13859314 208.679479
13859209 208.900964
13859017 208.982166
13858988 209.063144
13858871 209.102704
13858793 209.891777
13858735 210.264567
13858670 210.622883
13858641 210.893971
13858075 210.923555
13857961 211.345538
13857754 211.484889
13857619 211.598074
