22738015 0.106976
20175904 0.263309
20174972 0.266930
20173588 0.270339
20173391 0.272990
20173146 0.274671
20170931 0.275713
20170916 0.276307
20170799 0.278344
20170657 0.279314
20170576 0.281040
20170493 0.282318
20148964 0.285064
20147655 0.291246
20145058 0.293927
20143934 0.295548
20141197 0.299214
20140923 0.300854
20140336 0.305777
20131926 0.318961
20130434 0.320889
20127580 0.322034
20127025 0.325084
20122469 0.328923
20122417 0.331281
20122032 0.335262
20121721 0.337080
20121465 0.337720
20119869 0.338574
20117352 0.339490
20115672 0.343720
20114802 0.346600
20113079 0.348719
20110668 0.350816
20110371 0.351389
20105964 0.354128
20104298 0.355511
20104159 0.363308
20103889 0.364438
20103127 0.365219
20102615 0.365604
20100921 0.370562
20100629 0.371853
20100069 0.374061
20097961 0.376974
20097304 0.378992
20096951 0.383042
20096610 0.386918
20095911 0.388807
20095839 0.394428
20095557 0.403899
20094982 0.405792
20094962 0.406181
20093103 0.408031
20092920 0.412069
20091770 0.414871
20091418 0.415524
20091044 0.416685
20089746 0.420030
20087629 0.421661
20087544 0.425745
20087413 0.429983
20087285 0.430636
20087043 0.430897
20086705 0.434454
20086644 0.437521
20085600 0.440608
20084797 0.441339
20084526 0.448129
20083433 0.449084
20081704 0.452296
20080571 0.453706
20080468 0.454890
20080305 0.455671
20080193 0.456668
20079763 0.459003
20079361 0.459464
20078240 0.460686
20077531 0.464938
20076817 0.467069
20074482 0.468710
20074229 0.471138
20073937 0.476091
20069288 0.476901
20068761 0.478264
20066503 0.478789
20061394 0.481891
20057617 0.483894
20057511 0.491631
20057327 0.494990
20056849 0.510116
20056837 0.513476
20055475 0.515830
20055282 0.517436
20054730 0.524400
20054505 0.530031
20053116 0.532140
20053062 0.534193
20051477 0.535092
20051122 0.535723
20050865 0.542699
20049338 0.544973
20049336 0.550061
20048980 0.561605
20048059 0.565422
20043179 0.576066
20043133 0.576646
20042240 0.594160
20042103 0.595339
20037594 0.597027
20036808 0.597885
20036750 0.602497
20035367 0.604957
20034379 0.608191
20034350 0.610609
20034100 0.612737
20033959 0.615845
20033511 0.623507
20033494 0.626839
20032358 0.647642
20031599 0.649499
20031591 0.652813
20031436 0.653340
20031407 0.660238
20031253 0.661539
20028407 0.662842
20028111 0.666916
20028033 0.667530
20027917 0.670423
20027813 0.672320
20027124 0.672979
20027043 0.677774
20026413 0.678625
20025550 0.683994
20025057 0.685203
20024492 0.686486
20024318 0.686836
20024070 0.687598
20019680 0.691032
20018466 0.696999
20017887 0.710039
20017403 0.714542
20016688 0.716638
20015571 0.727757
20014960 0.738321
20014926 0.740213
20012934 0.741202
20012586 0.742403
20012399 0.742710
20012353 0.743378
20012348 0.746208
20011953 0.753593
20011680 0.760916
20005647 0.763063
20004992 0.771647
20003196 0.788980
20002888 0.790116
20000419 0.791874
20000289 0.793269
20000270 0.793545
19998369 0.794960
19997528 0.797336
19997290 0.798813
19996995 0.799488
19996417 0.807286
19995798 0.810244
19995352 0.811050
19994862 0.812212
19994565 0.813233
19994409 0.813843
19994367 0.814496
19993307 0.820561
19992514 0.821590
19991802 0.822216
19991612 0.824431
19989350 0.826097
19986695 0.828231
19986559 0.829385
19986291 0.832936
19986286 0.842271
19985404 0.848584
19985296 0.855451
19985124 0.860815
19983838 0.865682
19983647 0.866621
19976667 0.875469
19976599 0.879107
19975234 0.881634
19974978 0.882321
19974755 0.882774
19971247 0.883754
19969218 0.890320
19968403 0.899689
19968234 0.900611
19966828 0.901384
19966611 0.905517
19965920 0.908477
19965879 0.909000
19961713 0.915592
19960754 0.920108
19960612 0.925080
19959595 0.929226
19958315 0.933063
19958272 0.934287
19958022 0.940863
19957518 0.945325
19956583 0.948204
19955252 0.960268
19955074 0.972731
19955064 0.974405
19954762 0.975884
19954297 0.976425
19954044 0.977857
19953591 0.997203
19953485 1.004327
19953440 1.007872
19952765 1.016805
19952714 1.017641
19952667 1.018233
19952496 1.037458
19952483 1.043661
19950945 1.057168
19950755 1.062562
19950255 1.063203
19949538 1.063702
19949413 1.064240
19949316 1.066870
19949278 1.070530
19948911 1.081883
19948623 1.086108
19948060 1.087023
19947770 1.091129
19947647 1.095752
19947604 1.097882
19947330 1.099944
19946246 1.109099
19945174 1.112618
19945120 1.113727
19945110 1.114267
19944978 1.120184
19944663 1.132009
19944594 1.134489
19944410 1.137578
19944233 1.138686
19944093 1.140823
19943875 1.144708
19943733 1.148533
19943722 1.150093
19943583 1.151003
19943487 1.152426
19943433 1.158917
19936645 1.160222
19936157 1.164106
19936138 1.167923
19935899 1.171796
19935592 1.180341
19935181 1.181128
19934926 1.181729
19934664 1.188758
19934663 1.192571
19934487 1.196277
19934394 1.197767
19934289 1.204552
19934266 1.207713
19934203 1.208882
19933930 1.240033
19933358 1.242543
19932597 1.244821
19932491 1.253151
19932374 1.254624
19931668 1.255247
19930982 1.257344
19930940 1.275620
19930904 1.286187
19930872 1.287721
19930791 1.298140
19930150 1.316795
19929594 1.323946
19929324 1.325604
19929237 1.326029
19929193 1.328751
19929132 1.338145
19928959 1.350403
19928900 1.360875
19928744 1.361070
19928673 1.371536
19928488 1.377176
19928462 1.383634
19926727 1.384459
19926704 1.388012
19925745 1.400203
19925679 1.415207
19924952 1.415735
19924906 1.446937
19924806 1.471173
19924795 1.474134
19924256 1.489005
19924155 1.494875
19922570 1.502229
19922355 1.511290
19922295 1.512469
19922159 1.515599
19922041 1.528111
19921914 1.539299
19921514 1.539823
19921413 1.552461
19921250 1.553731
19921195 1.571901
19921183 1.575090
19921028 1.579273
19920574 1.601217
19920344 1.662315
19919808 1.664527
19919454 1.703577
19919268 1.722494
19918983 1.752391
19918913 1.761029
19918895 1.822824
19918828 1.841100
19918230 1.852652
19917997 1.853571
19917969 1.877078
19917968 1.878904
19917533 1.882208
19917360 1.891614
19917296 1.898036
19917168 1.901370
19916766 1.901600
19916536 1.904916
19916220 1.905553
19916063 1.918564
19915973 1.925088
19915919 1.949045
19915733 1.955402
19915511 1.965930
19915295 1.968880
19915276 1.995321
19914564 1.996685
19914492 2.017181
19914429 2.020735
19914416 2.027404
19914109 2.047203
19914013 2.063722
19913913 2.074230
19913581 2.085540
19913550 2.107499
19913482 2.110592
19912381 2.127310
19912122 2.138587
19912116 2.158029
19911994 2.167582
19911898 2.181406
19911870 2.186245
19911458 2.210427
19911192 2.257929
19911165 2.265354
19911122 2.267171
19910898 2.268194
19910693 2.272959
19910452 2.281659
19910378 2.311797
19910273 2.314806
19909264 2.332900
19909121 2.341289
19909106 2.365186
19909038 2.371210
19909007 2.374949
19908836 2.379883
19908711 2.393043
19908538 2.444295
19908232 2.445584
19908148 2.464630
19908075 2.475656
19906891 2.497997
19906880 2.507726
19906834 2.516341
19906685 2.561873
19906444 2.588706
19906263 2.604739
19906229 2.659281
19906203 2.690718
19905718 2.712252
19905707 2.717668
19905706 2.723093
19905696 2.735850
19905520 2.738418
19905379 2.748226
19905200 2.763157
19896025 2.765801
19896019 2.773820
19895928 2.789243
19895926 2.796256
19895295 2.805766
19895223 2.807535
19895207 2.809354
19895117 2.811951
19895059 2.812861
19894987 2.814955
19893931 2.826536
19893559 2.831104
19893478 2.831531
19893430 2.836446
19893338 2.845359
19893129 2.869729
19892713 2.880727
19892574 2.889541
19892399 2.894889
19890720 2.902442
19890504 2.907656
19890500 2.908398
19890429 2.909347
19889853 2.923429
19888712 2.941811
19888488 2.952839
19888463 2.957020
19885410 2.982750
19885344 2.994204
19885311 3.005156
19885061 3.017044
19885054 3.018553
19884835 3.027032
19884411 3.039822
19884302 3.072036
19884288 3.091208
19884014 3.121692
19883944 3.165957
19883922 3.167093
19883531 3.173740
19883130 3.176282
19883086 3.192773
19883079 3.196598
19882983 3.220344
19882892 3.228381
19882733 3.245625
19882704 3.249986
19882569 3.253393
19881891 3.259168
19881795 3.269687
19881738 3.271073
19881440 3.273308
19881321 3.276411
19881219 3.359396
19881208 3.374711
19881199 3.380414
19880649 3.385982
19879577 3.389247
19879439 3.400617
19879422 3.406314
19879391 3.415069
19878551 3.418943
19878539 3.422423
19878416 3.436113
19877842 3.458530
19876770 3.460460
19876572 3.462367
19876381 3.482642
19876166 3.490993
19876001 3.543877
19875935 3.560186
19875918 3.571007
19875399 3.588616
19875376 3.590573
19875118 3.595156
19875113 3.620438
19874739 3.621991
19874721 3.640201
19874074 3.654470
19873635 3.655973
19873528 3.695535
19873509 3.722307
19873413 3.725306
19873391 3.739197
19873292 3.739928
19873233 3.741761
19873207 3.747369
19873164 3.753560
19873101 3.761251
19873075 3.808899
19873044 3.820238
19873027 3.855072
19872989 3.873550
19872889 3.908137
19872695 3.910989
19872288 3.957293
19871270 3.967485
19871193 3.973078
19871101 4.028164
19871000 4.046477
19870813 4.047586
19870596 4.076731
19870522 4.094073
19870090 4.110189
19869950 4.113244
19869909 4.116255
19869902 4.196634
19869897 4.221574
19869881 4.238309
19869877 4.261311
19869875 4.269549
19869857 4.302126
19868873 4.329337
19868849 4.346892
19868663 4.381323
19868621 4.386332
19868567 4.387882
19868493 4.389897
19868284 4.400842
19868194 4.449129
19867833 4.460279
19867782 4.477585
19867591 4.503024
19867532 4.503444
19865518 4.508315
19865397 4.563578
19865367 4.589220
19865167 4.652848
19865062 4.681491
19864852 4.794955
19864841 4.815424
19864535 4.820462
19864507 4.881318
19864497 4.898300
19864452 4.911539
19864448 4.942026
19864430 4.971454
19863832 4.973684
19863677 4.987646
19863539 4.993307
19863503 5.030345
19863433 5.052086
19863271 5.082128
19863269 5.083602
19862968 5.191648
19862907 5.202642
19862886 5.258382
19861190 5.258545
19861184 5.274842
19861152 5.293206
19861134 5.313567
19860906 5.329717
19860808 5.333926
19860800 5.346443
19860768 5.386903
19860651 5.395883
19860619 5.472968
19860541 5.487860
19860476 5.489938
19860436 5.513609
19860224 5.555822
19860200 5.591440
19860184 5.650791
19859790 5.661471
19859268 5.734499
19859258 5.736365
19859018 5.786115
19858822 5.814240
19858804 5.887580
19858789 5.953559
19858539 5.972422
19858042 6.051894
19857649 6.089754
19857536 6.170863
19857405 6.202449
19857390 6.210588
19856694 6.223842
19856591 6.272650
19856517 6.344997
19856496 6.528631
19856239 6.572349
19856212 6.574822
19856007 6.659577
19856006 6.660660
19855998 6.676595
19855652 6.697011
19855443 6.782897
19855316 6.791798
19855264 6.795016
19855125 6.861009
19855112 6.862967
19854937 6.961257
19854694 7.037317
19854638 7.080727
19854339 7.248919
19854255 7.253519
19853918 7.264111
19853699 7.314680
19853457 7.378623
19852768 7.477729
19852755 7.481170
19852555 7.492819
19852549 7.557789
19852512 7.609341
19852274 7.609630
19851315 7.633563
19851253 7.726135
19851093 7.746588
19851085 7.787626
19851034 7.843506
19851014 7.892275
19850984 7.963801
19850820 8.010450
19850695 8.027077
19850366 8.066994
19850332 8.079753
19850133 8.110338
19849448 8.241229
19849397 8.318395
19849184 8.406674
19849172 8.657718
19848889 8.723209
19848531 8.753677
19848431 8.762803
19848223 8.904617
19848195 8.944409
19848150 8.995506
19848002 9.017101
19847558 9.046065
19847479 9.127032
19847432 9.127758
19847378 9.137771
19847358 9.223993
19847108 9.233217
19846971 9.252054
19846765 9.292019
19846674 9.354620
19846597 9.530772
19846375 9.545004
19846221 9.645588
19846187 9.726224
19846120 9.734974
19846111 9.939170
19846097 9.950473
19846046 10.042349
19845987 10.078431
19845938 10.190581
19845868 10.191406
19845732 10.405199
19844426 10.488352
19843857 10.509201
19843671 10.548800
19843459 10.567527
19843418 10.568690
19841022 10.655084
19840947 10.717243
19840822 10.758419
19840692 10.923431
19840636 10.965877
19840456 10.966706
19840271 11.205790
19837857 11.253397
19837772 11.401446
19836439 11.402896
19836404 11.425642
19836342 11.677647
19836175 11.769184
19835227 11.962211
19834880 11.968229
19834667 12.079113
19832993 12.144376
19832930 12.318487
19832449 12.321105
19832346 12.558318
19832315 12.705802
19832108 12.707981
19832053 12.834305
19831802 12.945141
19831741 13.257019
19831728 13.526279
19831710 13.560210
19831631 13.603999
19831622 14.383583
19831425 14.441753
19831376 14.610881
19831316 14.827066
19830995 14.836035
19830726 15.434101
19830710 15.702683
19830580 16.108051
19830574 16.223636
19830571 16.492864
19830563 16.684052
19830482 16.704147
19829975 16.825727
19829795 17.086658
19829794 17.090030
19829749 17.119192
19829744 17.243139
19829665 17.406032
19829601 17.613730
19829585 17.674588
19829226 17.834170
19829203 17.877945
19829136 18.164698
19829109 18.203648
19828607 18.274053
19828364 18.526806
19827919 18.756877
19827609 19.126424
19827541 19.166804
19827324 19.510007
19827274 19.615456
19827268 19.805656
19827006 19.809851
19826971 19.872397
19826968 19.905404
19826956 19.917808
19826931 20.114371
19826894 20.125174
19826741 20.607990
19826682 20.888318
19826421 21.380768
19826420 21.404559
19826280 21.492738
19826184 21.707122
19826141 21.960324
19826124 22.005824
19826079 22.070633
19825991 267.635183
19825953 267.961894
19825819 268.018064
19825722 268.104209
19825540 268.258577
19825530 268.346540
19825509 268.419352
19825432 268.537887
19825414 268.902100
19825390 268.914385
19825388 269.056375
19824969 269.147350
19824939 269.194668
19824879 269.671666
19824679 269.685627
19824577 269.697422
19824548 269.834047
19824465 269.846114
