10793571 0.012305
9285471 0.034757
9285196 0.038905
9281029 0.040554
9280335 0.043735
9257681 0.046815
9244356 0.048086
9242534 0.049010
9232915 0.049903
9232350 0.050807
9217992 0.052681
9217628 0.056587
9216502 0.058128
9214815 0.063917
9214103 0.067396
9209971 0.068312
9208011 0.070093
9206803 0.070560
9206460 0.071264
9203669 0.083249
9195842 0.086689
9195677 0.090226
9195516 0.092161
9194110 0.092702
9168568 0.099143
9168263 0.099553
9164092 0.100896
9162634 0.102446
9160988 0.105374
9158338 0.108434
9158273 0.112150
9157307 0.114871
9157180 0.115808
9157056 0.117202
9157052 0.122857
9156910 0.124978
9154984 0.125925
9153954 0.129913
9146849 0.133484
9146558 0.134899
9142510 0.140595
9142257 0.141504
9141183 0.144907
9139395 0.150725
9139102 0.182181
9136021 0.192241
9135101 0.201177
9134345 0.203727
9133239 0.215358
9132111 0.217564
9131926 0.223735
9131260 0.229329
9131191 0.245470
9131168 0.279918
9131145 0.284957
9131097 0.287682
9130837 0.309592
9130801 0.318052
9130015 0.322174
9129644 0.323464
9129573 0.342965
9129493 0.351589
9129452 0.373809
9129126 0.403840
9127712 0.452410
9127203 0.457079
9126903 0.463085
9124973 0.478950
9123779 0.483601
9122500 0.506066
9122453 0.523481
9122383 0.533383
9122115 0.535551
9122102 0.559751
9121906 0.576266
9121360 0.613562
9121168 0.616460
9120977 0.635382
9118378 0.688005
9118109 0.692010
9117164 0.706490
9117143 0.752242
9116197 0.859438
9113481 1.421656
9111231 1.433473
9110924 1.739622
9110865 5.847045
9110749 6.015761
9110727 6.092087
9110714 6.203199
9110553 6.256242
9110418 6.269857
9110406 6.338246
9110402 69.769071
9110308 69.854861
9110175 69.922464
9109667 70.335805
9105677 70.342602
9105666 70.387056
9105231 70.387927
9104747 70.391776
9103153 70.427189
9102874 70.439357
9102520 70.486305
9102432 70.514513
9100860 70.571544
9100584 70.708500
9100254 70.760924
9099805 102.907172
9099642 102.911997
9099589 102.922381
9099333 102.929188
9099304 102.930867
9098891 103.004432
9098254 103.018521
9098196 103.029476
9098061 103.063692
9097667 103.090789
9097255 103.094391
9096066 103.103690
9090398 122.402877
