34768134 0.147182
30110440 0.349636
30102162 0.355947
30097722 0.356947
30097219 0.361783
30096870 0.365117
30095179 0.366017
30093305 0.369374
30093080 0.370192
30091596 0.372423
30090517 0.373516
30089355 0.379153
30088382 0.385335
30087700 0.386418
30082235 0.388998
30059130 0.391602
30047353 0.398429
30046862 0.402659
30046603 0.404363
30040751 0.411428
30039911 0.412753
30039777 0.416272
30039549 0.421143
30039407 0.430957
30012456 0.434354
30010690 0.436031
30009981 0.438804
30009980 0.442613
30003718 0.443762
30003547 0.449731
30002479 0.451996
30002209 0.454061
30000966 0.461273
29998809 0.472928
29998489 0.474770
29996691 0.475359
29996272 0.478345
29995316 0.483384
29995108 0.491197
29994886 0.493705
29991201 0.501532
29988359 0.504446
29985786 0.509488
29985464 0.516300
29982660 0.518762
29982429 0.523053
29981310 0.524834
29979062 0.526911
29978578 0.528610
29977354 0.531103
29969803 0.533211
29969488 0.537687
29949159 0.539370
29943603 0.541101
29943569 0.541802
29943529 0.543505
29942921 0.545033
29942874 0.548782
29941070 0.550074
29940295 0.551625
29940032 0.556344
29938964 0.558143
29926308 0.558670
29918587 0.566449
29918152 0.567091
29918111 0.568242
29917284 0.569798
29915818 0.574646
29915751 0.577646
29913593 0.584632
29913372 0.586904
29912807 0.590874
29912759 0.592467
29912615 0.593950
29912600 0.598530
29912325 0.599499
29912205 0.606622
29911682 0.609134
29911225 0.619241
29911216 0.627897
29910993 0.637940
29910799 0.644977
29908536 0.651345
29908177 0.651857
29908043 0.657542
29906530 0.658730
29902198 0.668310
29902104 0.674451
29901892 0.678011
29901809 0.689415
29899837 0.696550
29899550 0.703359
29899111 0.709941
29897172 0.714683
29897075 0.719921
29896877 0.720416
29896538 0.723583
29891831 0.727460
29890723 0.729522
29890463 0.730329
29885153 0.732125
29885089 0.740668
29884816 0.741789
29884173 0.743147
29884114 0.745956
29883770 0.748679
29882785 0.751144
29881783 0.762407
29881656 0.765432
29881648 0.778621
29881459 0.785350
29880983 0.788229
29880941 0.789275
29880771 0.795642
29880422 0.800806
29877102 0.801381
29876908 0.801993
29876888 0.805937
29874788 0.811536
29873273 0.817198
29873084 0.818518
29872829 0.823053
29870364 0.827042
29870227 0.828924
29868253 0.841099
29867616 0.841827
29866292 0.842880
29865556 0.852704
29865507 0.854588
29865395 0.855694
29865218 0.860778
29862598 0.862699
29860592 0.874099
29858736 0.876997
29857769 0.883002
29855656 0.893377
29693653 0.896893
29689862 0.897348
29679021 0.899879
29678309 0.910802
29678091 0.911535
29677260 0.912297
29676066 0.919053
29676051 0.924748
29676030 0.925052
29675931 0.929636
29675475 0.935114
29675447 0.939147
29674919 0.953243
29674851 0.953819
29674761 0.965108
29674571 0.966528
29674476 0.968214
29673324 0.972608
29671542 0.978817
29669358 0.982274
29666613 0.983709
29666167 0.984130
29665933 0.988442
29665764 1.008025
29664438 1.029048
29657215 1.033722
29657150 1.056557
29655885 1.068923
29654174 1.079717
29653842 1.080902
29653539 1.083067
29652512 1.084923
29651836 1.086960
29651575 1.088646
29646895 1.097513
29646879 1.099045
29645454 1.104128
29645329 1.106090
29644974 1.109749
29644234 1.116564
29643927 1.119897
29640512 1.121646
29639749 1.122010
29639701 1.134017
29639485 1.135403
29639269 1.141838
29638947 1.145951
29638938 1.147114
29638857 1.147733
29634442 1.169246
29629848 1.169698
29629535 1.175003
29628811 1.176466
29628699 1.185332
29628382 1.193177
29628222 1.196615
29628153 1.197974
29628049 1.200153
29627314 1.205395
29627079 1.211685
29597063 1.214552
29596728 1.216360
29595789 1.219104
29592568 1.233379
29592439 1.237596
29590058 1.239503
29589642 1.240329
29589514 1.243149
29589015 1.248448
29588812 1.259569
29588598 1.277447
29588459 1.279193
29588319 1.280407
29588224 1.284967
29588023 1.287167
29587456 1.288169
29587387 1.292056
29585318 1.297953
29578923 1.303474
29578210 1.304434
29557053 1.306714
29557051 1.310684
29556987 1.321668
29556789 1.327943
29556763 1.331240
29556677 1.335254
29547767 1.341315
29547494 1.354615
29546274 1.356267
29546134 1.357824
29545909 1.360785
29545685 1.361110
29545677 1.381039
29545093 1.384847
29544285 1.388149
29544042 1.395608
29542449 1.406468
29542171 1.407869
29541496 1.411102
29541236 1.412078
29521097 1.430317
29521065 1.436114
29521009 1.448389
29520730 1.450749
29520528 1.460893
29520440 1.466977
29519215 1.469640
29515155 1.470792
29513841 1.478646
29511586 1.497139
29511525 1.499008
29511432 1.501228
29511378 1.509398
29511280 1.513586
29510663 1.514241
29510380 1.515216
29510146 1.516488
29510025 1.532162
29509947 1.532422
29509491 1.536765
29509438 1.552190
29507927 1.553840
29507788 1.557917
29507697 1.561922
29507506 1.578872
29506980 1.581290
29506932 1.584527
29505989 1.585556
29505153 1.590313
29504921 1.595137
29504892 1.595807
29504458 1.596308
29503855 1.609254
29502880 1.619324
29502710 1.626994
29502622 1.630344
29502598 1.631560
29502563 1.638840
29441895 1.640653
29441494 1.651661
29441423 1.654435
29441409 1.656402
29440120 1.675102
29440049 1.687418
29437814 1.688658
29436901 1.689739
29436727 1.694945
29433786 1.695959
29433563 1.696392
29433380 1.708553
29432991 1.718541
29432694 1.724282
29432690 1.760359
29432687 1.793501
29432611 1.803586
29432522 1.815638
29431609 1.818418
29431592 1.826810
29431450 1.827633
29431269 1.835408
29430985 1.837341
29430734 1.847208
29430659 1.853536
29430303 1.864376
29430199 1.865184
29429823 1.879703
29429605 1.896784
29429291 1.914594
29429227 1.916869
29429074 1.919575
29429062 1.920127
29428985 1.935804
29428744 1.937739
29317142 1.945582
29317078 1.959897
29317034 1.968432
29316541 1.974402
29315233 1.975416
29315180 1.980598
29315031 2.000240
29313906 2.003728
29313878 2.020749
29312270 2.036415
29311895 2.036898
29311701 2.048038
29311668 2.058943
29311231 2.059383
29311197 2.063941
29311166 2.086785
29311158 2.089503
29310952 2.098088
29310413 2.103788
29310350 2.108958
29310243 2.120221
29310192 2.133497
29309790 2.141423
29309672 2.143309
29309446 2.147367
29308787 2.151457
29308579 2.175814
29306906 2.177595
29305082 2.203923
29305053 2.204484
29304975 2.212604
29304802 2.223385
29304581 2.249619
29304547 2.250989
29304506 2.252171
29303942 2.260000
29303557 2.283783
29303452 2.287318
29303117 2.300092
29302938 2.314540
29302908 2.327523
29302721 2.377541
29300439 2.395317
29297939 2.448474
29297898 2.461300
29297884 2.475666
29297669 2.483378
29296973 2.498344
29296842 2.508089
29296694 2.509342
29296405 2.531224
29296348 2.535758
29296078 2.554432
29296048 2.559702
29296026 2.582455
29295669 2.602047
29295645 2.605560
29295374 2.621964
29295316 2.632293
29295182 2.643466
29294689 2.647179
29294633 2.661359
29294589 2.662962
29294583 2.751322
29294386 2.761228
29294380 2.765579
29294128 2.771076
29293495 2.787874
29293369 2.807174
29293360 2.808405
29293317 2.810936
29293266 2.813685
29293260 2.816561
29293121 2.822449
29293113 2.823099
29293089 2.824772
29292999 2.847591
29292331 2.861917
29292280 2.868885
29290979 2.870487
29290700 2.879379
29290429 2.942495
29289487 2.956757
29289451 2.960782
29289087 2.967140
29288592 2.991293
29287992 3.081490
29287950 3.091295
29287864 3.111389
29287849 3.117328
29287360 3.131044
29287321 3.170894
29287317 3.177672
29287284 3.206933
29287149 3.210659
29287142 3.217633
29287069 3.217917
29286447 3.236931
29286443 3.241621
29279334 3.271709
29275770 3.305207
29275707 3.314547
29275656 3.321804
29275432 3.322348
29275124 3.323587
29275099 3.352390
29275082 3.417017
29274999 3.421157
29274833 3.423512
29274735 3.438694
29273673 3.470694
29273168 3.543085
29273006 3.574968
29272591 3.579613
29272284 3.592279
29272192 3.598819
29272146 3.611699
29272123 3.626087
29272040 3.653892
29271985 3.667466
29271821 3.678920
29271474 3.699336
29271370 3.714739
29271369 3.755089
29271367 3.769950
29271358 3.787482
29270901 3.836022
29270796 3.875621
29270746 3.886493
29270646 3.894583
29270332 3.897293
29270258 3.932040
29270008 3.941623
29269599 3.951452
29269598 3.963592
29269596 3.966069
29269488 3.967389
29269375 3.980812
29269218 4.005202
29269121 4.007759
29268479 4.042692
29268465 4.047281
29268327 4.051737
29267034 4.103418
29266892 4.132528
29266756 4.156939
29266732 4.158464
29266648 4.182871
29266480 4.183320
29265409 4.189560
29265269 4.202333
29265083 4.220163
29264944 4.240184
29264940 4.245146
29264872 4.258288
29264829 4.274060
29264798 4.274850
29264738 4.286305
29264474 4.294562
29264391 4.330413
29264043 4.362848
29263974 4.369216
29262742 4.426970
29262514 4.463563
29262279 4.487305
29262180 4.505057
29260942 4.505734
29260867 4.545518
29260689 4.557203
29260654 4.568545
29260629 4.615548
29260604 4.640787
29249008 4.644825
29210134 4.655189
29209653 4.701895
29208184 4.730487
29207067 4.771094
29207007 4.811759
29206674 4.830140
29206220 4.845903
29206106 4.848881
29205946 4.866352
29205932 4.876821
29205764 4.884460
29205676 4.899781
29205579 4.937231
29205559 4.964983
29205447 4.992903
29205417 4.995462
29205409 4.998939
29205404 5.019938
29205355 5.042427
29205178 5.072512
29205171 5.128948
29205134 5.165143
29204518 5.165883
29204427 5.257917
29204376 5.394570
29203828 5.447000
29203800 5.465073
29203125 5.469903
29202903 5.491310
29202678 5.506608
29202534 5.517603
29202189 5.569040
29201084 5.607600
29200775 5.622579
29200732 5.668211
29200729 5.669982
29200595 5.730509
29200590 5.814779
29199608 5.853811
29199235 5.866582
29199087 5.870311
29198595 5.982524
29198570 6.028118
29198465 6.035271
29198358 6.081461
29198309 6.086804
29198044 6.192218
29197993 6.241156
29193697 6.264045
29191160 6.286552
29191100 6.293684
29189958 6.332845
29189940 6.390421
29189830 6.495811
29189667 6.558725
29189356 6.589564
29188869 6.664431
29188837 6.698397
29188622 6.701081
29188387 6.766621
29188340 6.823018
29188321 6.840803
29188197 7.013452
29186651 7.210444
29186643 7.215165
29186615 7.375667
29186597 7.447210
29186252 7.450650
29186156 7.467329
29186071 7.528924
29186034 7.544496
29185621 7.568936
29185526 7.673878
29185454 7.675901
29184653 7.685372
29184544 7.716163
29184150 7.752546
29183405 7.815303
29183386 7.815700
29182825 7.868984
29182818 7.873381
29182565 7.899177
29182514 7.925467
29182509 8.168079
29182497 8.182591
29182488 8.200611
29182346 8.245973
29182228 8.320206
29182187 8.323423
29182185 8.381243
29182183 8.394054
29182155 8.401421
29181964 8.407253
29181571 8.563795
29180880 8.590460
29180877 8.634595
29180735 8.634925
29180665 8.659214
29180608 8.730577
29180520 8.775911
29180482 8.783531
29180461 8.784579
29180220 8.801672
29180008 8.897448
29179866 8.931495
29178942 8.955889
29178649 8.995095
29178592 9.016819
29178454 9.037848
29178044 9.040256
29177516 9.110475
29177511 9.141969
29177405 9.160360
29177373 9.167658
29177276 9.218568
29177019 9.251429
29176976 9.333372
29176900 9.513427
29176888 9.542182
29176807 9.561975
29176564 9.654985
29176507 9.679130
29176462 9.696574
29176299 9.704876
29176294 9.731413
29176290 9.759934
29176282 9.957086
29176280 10.002369
29176257 10.026905
29176227 10.027883
29176120 10.049913
29176118 10.112603
29176040 10.139120
29175992 10.186130
29175734 10.223786
29175696 10.243978
29175638 10.259881
29175615 10.274080
29175578 10.289104
29163901 10.388394
29163446 10.430796
29163444 10.607188
29163353 10.635153
29163246 10.636723
29163242 10.637397
29157719 10.679148
29157500 10.772196
29157498 10.796734
29157465 10.826958
29157257 10.836721
29157243 10.898485
29157195 10.945996
29157173 10.963123
29156742 11.016570
29156600 11.031045
29156301 11.042249
29156297 11.160136
29156155 11.405882
29155348 11.529755
29155338 11.551570
29155092 11.581349
29155045 11.585813
29154903 11.666578
29154896 11.713007
29154757 11.758165
29154225 11.772745
29154218 11.777486
29154197 11.804891
29154140 11.868137
29154075 12.009025
29153558 12.377129
29153517 12.426196
29153491 12.436507
29153489 12.447899
29153488 12.473487
29153472 12.558480
29153438 12.575870
29153312 12.845089
29153282 12.877402
29153275 12.879783
29153201 12.903728
29153119 12.940849
29153098 13.009113
29152989 13.054235
29152966 13.140641
29152933 13.230458
29152908 13.272612
29152774 13.355844
29152765 13.464389
29152535 13.470229
29152443 13.506169
29152397 13.522163
29152396 13.565494
29152330 13.567004
29152164 13.578293
29152148 13.749346
29152128 13.764127
29152075 13.805546
29151888 13.891748
29151484 13.927962
29151468 13.933284
29151426 14.031603
29151388 14.086318
29151365 14.093263
29151133 14.208241
29151071 14.214045
29150853 14.228249
29150817 14.280495
29150528 14.327246
29150502 14.455964
29150498 14.460218
29150414 14.530408
29150366 14.595037
29150359 14.883648
29150345 14.962817
29150301 15.135405
29150032 15.373065
29149897 15.434851
29149151 15.599088
29148917 15.719759
29148849 15.863453
29148683 15.870821
29148663 15.877332
29148635 15.879279
29148570 16.024205
29148343 16.088671
29148314 16.130816
29148050 16.306384
29147724 16.441689
29147723 16.586102
29147653 16.834362
29147532 16.926537
29147500 16.934127
29147382 16.946183
29147380 17.112598
29147292 17.184749
29147174 17.203686
29146931 17.252185
29146921 17.618173
29146758 17.674647
29146713 17.975240
29146518 18.208508
29146458 18.500684
29146325 18.740385
29146311 18.828261
29146242 19.051834
29146047 19.439071
29146045 19.948238
29145910 19.989864
29145882 20.233353
29145728 20.420963
29145619 20.545202
29145436 20.706904
29145402 20.782849
29145350 20.800069
29145346 20.826631
29145137 20.887551
29145116 20.913781
29145028 21.419926
29144926 21.428358
29144909 21.431460
29144869 21.498050
29144576 21.574331
29144539 21.669507
29144401 22.032881
29144397 22.398246
29144160 22.648495
29144106 22.868142
29144089 22.873294
29144061 22.971463
29143887 23.168518
29143788 23.551698
29143750 23.568016
29143595 23.574127
29143590 23.662154
29143526 23.662854
29143505 23.764479
29143444 24.522591
29143289 24.691038
29143188 24.852201
29143122 25.872419
29142980 26.163613
29142956 26.165214
29142946 26.186536
29142794 26.244826
29142788 26.248100
29142387 26.352596
29142380 26.479080
29142342 26.764315
29142317 27.640292
29087329 27.724715
29087321 28.243937
29087252 28.311221
29086751 28.341846
29086726 28.594056
29086708 29.504338
29086566 29.900905
29086559 30.188137
29086556 30.462665
29086477 31.001828
29086401 31.281540
29086381 31.540843
29086374 31.688791
29086373 32.047679
29086349 32.326596
28997685 45.952075
28997058 45.995268
28997054 46.033310
28997014 46.043207
28996951 46.066455
28996796 46.079147
28986431 46.084644
28985672 46.164951
28985293 46.248792
28985255 46.256949
28985208 46.263356
28985183 46.334237
28985161 46.335594
28985111 46.368351
28985110 46.421795
28985099 46.551303
28985089 46.714209
28984908 46.760046
28983918 46.761218
28983914 46.932858
28983901 47.036752
28983850 47.084743
28983371 47.128572
28983229 47.317632
28983151 47.390385
28982997 47.451982
28982952 47.585956
28982893 47.630723
28982881 47.784445
28982480 47.804569
28982456 47.807459
28982082 47.816410
28982035 47.835260
28981860 47.938156
28981811 48.122030
28980386 48.360587
28980370 48.451551
28980362 48.494791
28979219 48.512416
28969985 48.612133
28969885 48.637702
28969818 48.670398
28969813 48.750712
28969792 48.852134
28969718 48.947995
28969712 48.954475
28969642 48.965148
28969359 49.115756
28969213 49.221483
28966915 49.307966
28966728 49.404420
28966523 49.628391
28966071 49.679454
28964975 49.708703
28964687 49.756048
28964681 49.844031
28964551 49.935707
28964523 50.070652
28964351 50.140147
28964202 50.179968
28964136 50.262714
28964124 50.330973
28963592 50.399532
28963569 50.522358
28963353 50.604484
28963306 50.757342
28963295 50.812173
28963184 50.948190
28959206 51.199824
28959023 51.534060
28958773 51.765295
28958771 52.135590
28958716 52.346075
28958624 52.620418
28958559 52.780873
28957924 52.814330
28957668 52.868546
28957591 52.879135
28957393 52.972337
28956821 53.039962
28956520 53.078140
28956504 53.085957
28956402 53.127912
28956378 53.334568
28956354 53.754125
28956328 54.482640
28956313 54.859720
28956174 54.980469
28956077 55.004912
28956058 55.006576
28956009 55.064943
28955979 55.483267
28955963 55.548215
28955957 55.653130
28954959 55.703729
28954953 55.820794
28954600 56.657037
28954557 56.800271
28954533 56.817705
28953418 56.849043
28953373 56.952696
28953312 56.974378
28953234 57.026231
28953229 57.263883
28953216 57.408094
28953212 57.529636
28953209 57.542165
28941492 58.094381
28941490 58.114048
28941457 58.171268
28941445 58.217256
28941352 58.337059
28941322 58.396429
28941241 58.840157
28940810 59.468199
28940791 59.469425
28940613 59.766790
28940575 59.805457
28940478 60.224943
28940427 60.322900
28939871 60.625866
28939251 60.699599
28939157 61.382764
28939145 61.908897
28939051 62.191071
28939025 62.336456
28938813 62.540673
28937978 62.801785
28937920 62.888197
28937919 62.896229
28937909 63.493742
28937905 63.527484
28937831 63.581685
28937805 63.922956
28933804 63.923566
28933743 64.305970
28933696 64.564435
28933587 64.626631
28933552 64.860098
28930947 89.641913
28930754 89.647182
28926753 89.700533
28926572 89.947350
28926495 90.002052
28924379 90.024398
28924378 90.378359
28924020 90.486062
28923643 90.519067
28923621 90.971591
28923459 91.021100
28923335 91.267801
28922994 91.311428
28922866 91.373862
28922736 91.965965
28922723 92.149482
28922669 92.780938
28922635 93.087751
28922628 93.249208
28922592 93.299417
28922572 93.623752
28922484 93.975794
28922342 94.048016
28922315 94.145258
28922259 94.341429
28922184 183.930860
28922048 183.996522
28921745 184.320837
28921720 184.367892
28921591 184.479643
28921527 184.718520
28921515 184.744370
28921002 184.985944
28920741 185.202480
28920739 185.208951
28920634 185.277490
28920626 185.482540
28920572 185.520377
28920462 185.845624
28920421 186.617266
28920345 187.360819
28920108 187.622145
28920104 187.669902
28919775 187.892214
28919730 188.068722
28919618 188.183505
28919477 188.215361
28918176 188.231813
28918144 188.327095
28917946 188.475743
28917742 188.877167
28917739 189.340475
28917693 189.477862
28917038 190.082676
28916870 190.160398
28910590 190.233045
28910069 190.278876
28908369 190.443428
28908315 190.454353
28908192 190.494605
28904802 191.128623
28904456 191.170481
28904051 191.174230
28904021 191.222898
28904015 191.510677
28903991 191.543937
28903952 191.849657
28903810 192.282819
28903780 192.408947
28903658 192.950118
28903626 192.970201
28903613 193.154337
28903525 193.211962
28903421 223.369911
28903319 223.399361
28903269 223.805448
28902654 224.420260
28902597 224.552792
28902461 224.847791
28896919 224.994775
28896859 225.021448
28896556 225.138637
28896537 225.272395
28896445 225.780898
28896301 225.782488
28896133 225.899977
28879164 237.135379
28879112 237.326205
28877719 237.342948
28877693 237.357983
28877650 237.437621
28877211 237.452494
28877089 237.456155
28876868 237.475210
28876864 237.500042
28876722 237.670358
28876684 237.671538
28876681 237.824220
28876524 237.868401
28876457 237.876155
28876437 237.921336
28876362 238.121617
28876312 238.170803
28876207 238.341958
28876186 238.346773
28871885 238.472508
28870456 238.507681
28870342 238.714561
28870014 238.766528
28868477 238.792815
28868472 238.883804
28868299 238.956272
28868089 239.048131
28868084 239.121035
28866850 239.128570
28866624 239.166050
28865256 239.167347
28865248 239.261707
28865205 239.592566
28865203 239.694893
28864983 239.741578
28864756 239.972022
28864753 240.011628
28864661 240.105776
28864493 240.113373
28864345 240.365855
28864338 240.535809
28864337 240.554762
28864077 240.689755
28863449 240.727122
28862364 240.762007
28862331 240.944661
28861705 240.967863
28861592 241.025866
28861461 241.195750
28861445 241.240141
28861317 241.367515
28861292 241.548546
28860834 241.553467
28860786 241.591898
28860690 241.833093
28860614 241.833575
28860288 241.963650
28860272 241.967869
28859691 242.168692
28859681 242.540401
28859527 242.560167
28859511 242.651821
28859138 242.704289
28859131 243.053592
28858991 243.072431
28858970 243.095252
28858962 243.162884
28858949 243.290864
28858932 243.441345
28858803 243.469477
28858799 243.496372
28858797 243.515828
28858657 243.587479
28858629 243.615756
28858490 243.747805
28858218 243.774854
28858206 243.924955
28858154 244.084203
28858145 244.156959
28858098 244.204504
28857969 244.471857
28857950 244.510707
28857860 244.837880
28857789 245.245508
28857688 245.341012
28857035 245.392608
28857020 245.461000
28856877 245.541184
28856796 245.672057
28856794 246.097089
28856789 246.788156
28856704 246.838984
28856690 247.169057
28856670 247.171344
28855441 247.427734
28855325 247.818059
28855239 247.838108
28855193 247.934763
28855164 247.958897
28855157 247.987906
28854934 248.149297
28854560 248.188524
28854518 248.225066
28854441 248.243277
28854391 248.402293
28854161 248.824892
28853755 248.843007
28853114 248.898308
28853029 249.158050
28852977 249.173674
28852957 249.227286
28852946 249.718489
28852734 249.973464
28852535 250.000228
28852534 250.034567
28852205 250.484372
28852065 250.685881
28851993 251.052739
28851818 251.081264
28851806 251.279862
28851800 251.437659
28851749 251.676669
28851642 251.804015
28851550 251.823001
28851325 252.328472
28851255 252.395927
28846269 252.648672
28845877 252.721692
28845833 252.795744
28845814 253.169579
28845812 253.938374
28845575 254.095203
28845570 254.224919
28845555 254.247820
28845486 254.558023
28845398 254.703600
28844987 255.085911
28844959 255.348567
28844942 255.413578
28844738 255.429892
28844618 255.457695
28844605 255.520873
28844316 255.543176
28844256 255.633428
28844130 255.762663
28844127 255.858945
28843897 255.984629
28843562 256.004376
28843560 256.163003
28843546 256.516030
28843520 256.714238
28843260 256.743350
28843254 256.826130
28843068 256.827968
28843040 256.894694
28843037 256.921128
28843027 258.421639
