12606662 0.012564
10970079 0.032533
10969830 0.035248
10963457 0.036081
10962286 0.037384
10961904 0.037692
10961706 0.038021
10959364 0.040835
10956908 0.047539
10953893 0.049189
10953462 0.050726
10952154 0.052275
10877084 0.059985
10873827 0.060322
10873527 0.061343
10823433 0.063975
10818556 0.064908
10815767 0.066513
10815730 0.066928
10814166 0.073865
10812187 0.075167
10811252 0.081278
10811230 0.084855
10810411 0.086145
10809730 0.089528
10807892 0.090127
10805033 0.090943
10805008 0.094043
10804519 0.108786
10800651 0.112865
10799563 0.118773
10795825 0.122807
10792468 0.124132
10778220 0.124754
10771532 0.130718
10770998 0.131237
10770532 0.132481
10770527 0.133538
10770088 0.133811
10769627 0.141695
10768755 0.145238
10768604 0.147460
10768151 0.150834
10767808 0.155726
10765992 0.170112
10764600 0.192156
10763249 0.199441
10763224 0.202660
10762107 0.203462
10761146 0.218595
10759846 0.222574
10759102 0.223037
10757875 0.230125
10756809 0.239587
10754064 0.258512
10752950 0.261584
10751738 0.272587
10751247 0.282544
10751226 0.290260
10750635 0.291288
10750152 0.309333
10749849 0.310067
10749038 0.310706
10748924 0.315850
10744396 0.327751
10742458 0.332520
10741714 0.334259
10740300 0.335961
10739815 0.348058
10738849 0.349495
10738794 0.355167
10738727 0.367181
10738508 0.372193
10738399 0.383514
10733891 0.392992
10733840 0.402609
10733476 0.407738
10733345 0.422773
10732307 0.451728
10730823 0.455267
10727953 0.457065
10727636 0.460288
10727335 0.460963
10725570 0.465911
10725257 0.467907
10723375 0.478892
10723250 0.484606
10723240 0.486701
10722651 0.490436
10722361 0.494207
10722291 0.505088
10721824 0.518099
10708730 0.525313
10707924 0.540819
10707902 0.541379
10707726 0.544775
10707095 0.550168
10707048 0.563219
10704154 0.563582
10704102 0.567170
10703806 0.567702
10702631 0.578926
10701063 0.583478
10701049 0.591893
10700898 0.605792
10699933 0.631331
10699540 0.665360
10698799 0.668158
10697869 0.688529
10697537 0.696029
10697463 0.697350
10697425 0.702604
10697311 0.733259
10697193 0.754889
10696994 0.755756
10696596 0.772781
10696377 0.826578
10696068 1.127281
10695920 1.128642
10695839 1.450656
10693682 1.491640
10693580 1.555723
10693202 1.588319
10693003 1.777283
10692577 2.028101
10691683 2.520014
10691184 2.553447
10691036 2.580597
10690894 2.800334
10688622 2.831488
10688135 2.857413
10687868 2.859539
10687813 9.497125
10687470 9.520999
10687356 9.535683
10687319 9.668135
10687299 10.707615
10686685 10.711837
10686549 10.722529
10686528 11.051552
10686321 11.097492
10685956 39.416190
10685560 39.427468
10685542 39.496530
10685306 39.502590
10685296 39.582774
10685210 39.727919
10685161 39.792964
10685133 39.848806
10684645 39.866668
10684635 39.962057
10684421 40.021786
10684418 40.119214
10684364 40.343425
10684185 40.364675
10684112 40.700766
10684031 41.164890
10683917 41.233097
10683897 41.235481
10683820 41.241157
10683534 90.027670
10683457 90.186598
10679909 92.552448
10679854 92.634726
10679677 92.723973
10679662 92.933350
10679525 106.571582
10679292 106.578442
10679162 106.585748
10678567 106.728145
10678371 106.849204
10678242 106.862276
10678203 109.411853
10678109 109.436454
10677398 109.442805
10677361 109.580526
10676613 186.662018
10676052 363.806079
