10680541 0.018645
9371294 0.053210
9371282 0.053891
9365402 0.055655
9363972 0.056591
9334024 0.060032
9332334 0.066163
9332316 0.066619
9240708 0.069651
9238412 0.072510
9237891 0.073331
9237873 0.079209
9212260 0.081624
9211655 0.081949
9208992 0.085904
9206076 0.088338
9203867 0.102218
9203654 0.106537
9201671 0.109800
9193802 0.110644
9193657 0.114232
9190750 0.115780
9187839 0.117117
9187752 0.118762
9183290 0.122042
9180934 0.126345
9177681 0.129767
9176481 0.130692
9175722 0.133107
9175578 0.133430
9175035 0.134382
9174364 0.138878
9173409 0.140788
9172435 0.141948
9172093 0.147727
9171504 0.150153
9171272 0.155565
9171256 0.161118
9171125 0.162775
9170800 0.167549
9168450 0.168092
9168281 0.174900
9167392 0.177969
9165969 0.185083
9165284 0.189923
9165144 0.194878
9164557 0.196658
9161762 0.198576
9160599 0.201679
9158648 0.219674
9158029 0.246832
9155916 0.262469
9153803 0.271540
9152025 0.280853
9151665 0.284012
9151589 0.288086
9151373 0.308893
9150686 0.309248
9149929 0.313323
9149823 0.319173
9149755 0.322382
9149688 0.333644
9149308 0.342685
9149199 0.350854
9149016 0.354303
9148574 0.396849
9147329 0.403083
9145959 0.403946
9145768 0.412817
9145765 0.416051
9145750 0.417478
9145424 0.417987
9145250 0.424079
9144815 0.445256
9144645 0.452908
9144229 0.477309
9143986 0.487525
9143757 0.487770
9143739 0.500882
9143673 0.505848
9143085 0.525986
9142937 0.528692
9142223 0.535996
9141850 0.544924
9141847 0.580343
9140668 0.591138
9139705 0.602822
9139397 0.613429
9138939 0.623279
9138747 0.630114
9136877 0.631686
9135731 0.632181
9135157 0.640900
9135150 0.649380
9135006 0.657238
9134967 0.668378
9134068 0.767832
9133719 0.775900
9133656 0.802993
9133129 0.823162
9132801 0.898495
9132718 0.914358
9129724 0.952855
9129543 0.961939
9129367 1.012684
9129248 1.028148
9127421 1.064394
9127416 1.069108
9127232 1.073624
9127197 1.096626
9126804 1.145305
9126763 1.164451
9125931 1.170429
9125617 1.190068
9125115 1.201655
9123893 1.233038
9123667 1.276458
9123612 1.349005
9123464 1.387863
9123431 1.451010
9123030 1.458434
9123014 1.464141
9122895 1.550286
9121873 1.641271
9121692 1.652212
9121646 1.854926
9121558 1.880797
9121520 1.893654
9121437 1.945608
9121269 2.015577
9121204 2.029923
9120660 2.040380
9120534 2.058975
9119732 2.173790
9118809 2.254244
9117820 2.325988
9116433 2.432226
9116357 2.458562
9116351 2.543834
9115817 2.549186
9115560 2.612072
9115170 2.630138
9114826 2.650132
9114455 2.661671
9114233 2.667685
9113855 2.669585
9113390 2.812209
9113362 2.848003
9113354 2.908742
9113204 3.205689
9113200 3.555747
9113074 53.896549
9113009 53.927655
9112919 53.940100
9112718 54.036812
9112236 54.095389
9112182 54.125803
9112167 54.132770
9112068 54.189702
9111874 54.287446
9111871 54.374883
9111652 54.485820
9111380 54.504058
9111373 54.523170
9111278 54.548008
9111230 54.760785
9110882 55.351869
9108395 149.402740
9108183 149.476609
9108008 149.932899
