16599065 0.033318
14479535 0.080785
14475108 0.081461
14474856 0.081979
14474837 0.086077
14472976 0.086767
14408266 0.089379
14396098 0.094388
14395823 0.097063
14395594 0.106799
14388439 0.109421
14384919 0.110133
14383717 0.113713
14383540 0.118858
14367539 0.119728
14366986 0.120463
14364514 0.121564
14364329 0.123005
14361424 0.124788
14359328 0.126641
14359186 0.127653
14359043 0.135174
14358570 0.140937
14358431 0.141654
14357987 0.143588
14357903 0.144166
14357680 0.146780
14354997 0.147657
14349832 0.150740
14347269 0.151223
14346196 0.153008
14343166 0.154246
14340917 0.154539
14340711 0.154919
14340545 0.154975
14338276 0.157669
14332878 0.160312
14266826 0.163984
14266415 0.164664
14266218 0.166468
14266112 0.168458
14266099 0.169050
14263612 0.171828
14263435 0.172571
14262932 0.175439
14262490 0.178849
14259287 0.180750
14253891 0.187606
14252339 0.188122
14252043 0.188970
14250848 0.193234
14250529 0.196314
14249736 0.197099
14249426 0.202538
14247627 0.206595
14247096 0.222513
14246777 0.227428
14237649 0.234705
14235754 0.237648
14234363 0.244327
14231812 0.246357
14229794 0.247498
14229791 0.251328
14229568 0.254690
14228981 0.255726
14228948 0.259831
14228734 0.260783
14228220 0.262322
14228202 0.265129
14228094 0.278984
14227688 0.282382
14227435 0.286150
14227423 0.299130
14227152 0.299589
14226377 0.300158
14226242 0.302002
14222322 0.305495
14222234 0.305901
14220918 0.314584
14220244 0.317026
14219920 0.323627
14214363 0.326112
14209896 0.329624
14209578 0.333734
14209451 0.334574
14209275 0.356593
14209254 0.357832
14198953 0.358999
14198584 0.360450
14198450 0.361032
14198245 0.364366
14197210 0.383219
14197147 0.389505
14195238 0.392215
14186835 0.395442
14186446 0.396543
14186418 0.397181
14186092 0.404769
14183349 0.412448
14183344 0.434618
14183015 0.449959
14181945 0.455023
14180355 0.468198
14180247 0.469949
14178579 0.472710
14178538 0.478076
14178191 0.479549
14175113 0.482123
14174101 0.506567
14173977 0.521306
14172894 0.542017
14172860 0.553803
14171705 0.555898
14171517 0.559987
14170003 0.576940
14169995 0.579826
14169710 0.583160
14168383 0.584809
14168353 0.592872
14168241 0.593850
14167853 0.599526
14167800 0.603352
14167757 0.605651
14167718 0.607629
14165271 0.613955
14165224 0.614718
14165191 0.625477
14164331 0.626939
14164161 0.629051
14164125 0.642163
14164019 0.657204
14163414 0.664604
14163297 0.667717
14163280 0.667942
14163239 0.671743
14163005 0.673884
14162160 0.678221
14162072 0.693916
14161788 0.696317
14161201 0.698147
14160238 0.704974
14160066 0.715225
14159036 0.725396
14158974 0.726870
14158969 0.736697
14158842 0.743468
14158833 0.743594
14158519 0.745226
14158348 0.757913
14158343 0.771776
14155634 0.777532
14154762 0.778897
14154691 0.802444
14154662 0.805783
14154519 0.818741
14154013 0.819687
14153134 0.820739
14152861 0.832396
14152317 0.846920
14152296 0.855664
14151753 0.858185
14151225 0.994050
14151125 1.009509
14151086 1.068747
14150951 1.111015
14150947 1.114174
14150753 1.125248
14150591 1.145651
14150540 1.159710
14150530 1.162376
14150246 1.216730
14150102 1.219551
14149694 1.223385
14149647 1.224726
14149380 1.253406
14149205 1.280587
14149195 1.284474
14149153 1.290149
14149126 1.301800
14149066 1.314586
14148273 1.361860
14148159 1.379875
14148018 1.394646
14147951 1.410240
14147811 1.419892
14130598 1.447875
14130553 1.459708
14130547 1.474428
14130543 1.502222
14129701 1.532640
14129700 1.550375
14129366 1.568411
14129305 1.599567
14129229 1.602546
14129210 1.675469
14129209 1.753241
14129132 1.753863
14129050 1.769745
14129023 1.878699
14129006 1.880029
14128939 1.890420
14128824 1.892703
14128820 1.923487
14128562 1.954822
14128439 1.963467
14128434 1.987550
14128370 2.027084
14128277 2.061144
14128229 2.069846
14128101 2.086175
14127841 2.087158
14127644 2.155508
14127628 2.180348
14127611 2.209491
14127430 2.236134
14127357 2.470326
14127336 2.522438
14127335 2.582245
14127209 2.611631
14127149 2.622774
14126981 2.625717
14126957 2.705786
14126903 2.725400
14126855 2.845567
14125667 3.033566
14125611 3.043932
14125574 3.093120
14124765 3.102258
14124759 3.187835
14124746 3.250517
14124732 3.263176
14124723 3.309187
14124601 3.339467
14124591 3.528391
14124590 3.618803
14120931 3.716204
14120916 3.735580
14111918 3.741014
14111828 3.757260
14111679 3.787259
14111449 3.790445
14111267 3.791260
14111236 3.798746
14111141 3.882684
14110657 4.076091
14109954 4.080019
14109692 4.111762
14109648 4.113154
14109577 4.144848
14109522 4.147759
14109497 4.165151
14109478 4.335996
14109104 4.528234
14109075 4.581880
14108556 4.584417
14108361 4.588534
14108297 4.672659
14108208 4.801246
14108108 4.954925
14107671 4.968621
14107057 5.015072
14105972 5.016486
14105566 5.201904
14105497 5.252714
14105295 5.274632
14105283 5.305513
14104254 5.317549
14104239 5.416114
14104228 5.564311
14104149 5.758608
14104140 5.764485
14102671 14.999274
14102388 15.021867
14096909 15.028888
14096785 15.042480
14096676 15.097360
14096531 15.132357
14096513 15.142129
14096236 15.170018
14095671 15.271605
14082068 15.349924
14081813 15.357617
14081783 15.373932
14081751 15.377022
14081691 15.401454
14081659 15.475366
14081648 15.585618
14081618 15.622886
14081123 15.662527
14080911 15.688431
14080830 15.721055
14080821 15.754500
14080536 15.784503
14080432 15.992849
14080279 16.026715
14080231 16.123775
14080181 16.135811
14079092 16.218348
14079039 16.224880
14078748 16.277171
14078737 16.434752
14078716 16.571107
14078687 16.629501
14078478 16.641134
14078463 16.649150
14078096 16.755478
14078060 16.756379
14077921 16.868948
14077885 16.999226
14077862 17.016298
14077860 17.042187
14077142 17.098585
14076788 17.182124
14076718 17.213490
14075770 17.430520
14075740 17.457490
14074328 17.458088
14071202 17.460661
14070429 17.480374
14068997 17.494343
14068032 17.500159
14067029 17.502518
14061625 17.569102
14061066 17.679791
14060069 17.716388
14060020 17.720604
14047741 17.745640
14045417 17.766949
14045398 17.779667
14044532 17.795538
14035834 17.823621
14035714 17.830942
14035259 17.857475
14034530 17.868193
14034434 17.874909
14034190 17.908287
14033975 17.913898
14033692 17.916686
14032993 18.085318
14032607 18.103134
14032352 18.168185
14032276 18.235554
14030553 18.338082
14027770 18.424602
14027142 18.613806
14027118 18.841238
14026357 19.033049
14026136 19.045283
14022256 19.082991
14021840 19.095181
14019261 19.133724
14018497 19.140266
14018412 19.147820
14018400 19.152742
14015860 19.219431
14015707 19.286693
14015320 19.538388
14015224 19.549818
14015082 19.915971
14014907 92.525182
14014890 92.549996
14014483 92.601276
14014262 92.914885
14013644 92.967606
14013475 93.026197
14013453 93.404393
14013335 93.506600
14013078 93.623610
14013076 93.678870
14013038 93.679133
14013011 93.815647
14012860 94.084575
14012349 94.210141
14012324 94.248455
14012284 94.606752
14012208 94.739234
14012115 95.723393
14012063 96.993983
14009946 212.370316
14009937 212.435536
14009107 212.441694
14009092 212.640738
14006634 339.964171
14006609 339.975523
14006577 340.005993
14006513 340.168680
14006067 340.260989
14006058 340.323731
14005574 340.324774
14005518 340.462085
14005482 340.503009
14005452 340.509534
14005089 340.564258
14004746 340.566691
14004697 340.607021
14004634 340.618543
14004624 340.635453
14004619 340.861178
14004591 340.874723
14004582 340.899875
14004528 340.965618
14004483 341.189982
14004468 341.319759
14004461 341.947119
14004427 341.992521
14004413 342.034006
14004254 342.105535
14004227 342.291206
14004197 342.320254
14004183 342.343789
14004180 342.529091
14004151 342.714003
14004145 342.767551
14004144 376.650877
14003809 376.692852
14003694 376.710619
14003667 376.839316
14003666 376.848532
14003548 376.920201
14003547 376.945834
14003544 377.053193
14003516 377.194002
14003493 377.340561
14003479 377.545029
14003431 377.733835
14002879 485.853473
14002793 485.880674
14002766 485.968336
14002554 486.076063
14002493 486.118190
14002278 486.143567
14002267 486.302962
14002263 486.343002
14002114 486.427356
14002049 486.498594
14002045 486.529226
14002016 486.643830
14001987 486.786299
14001977 486.817880
14001950 486.843863
14001378 487.071722
14001375 487.347187
