6409785 0.004613
5578537 0.013168
5549430 0.015789
5541862 0.019446
5537983 0.027250
5533584 0.028707
5531896 0.030919
5527966 0.032702
5524658 0.033683
5519804 0.035891
5519274 0.041581
5518386 0.043907
5517918 0.044250
5516908 0.047620
5515849 0.048903
5515011 0.051646
5514813 0.072877
5514555 0.076080
5513164 0.079374
5512879 0.109453
5508470 0.198366
5507993 0.277754
5507862 0.282844
5505319 0.384106
5504573 0.385112
5503787 0.394959
5503732 0.460618
5503420 0.469771
5503387 0.581967
5502672 0.664850
5502447 0.707126
5502199 0.728266
5500990 0.736647
5500859 0.743766
5500833 0.746435
5500536 2.553364
5500254 2.590532
5499625 6.166421
5497806 6.878824
5497632 11.922169
5497319 11.924317
5496995 11.961461
5496851 11.993081
5496810 12.036553
5496755 12.059593
5495926 23.704246
5495885 23.737910
5495655 27.832718
5495511 27.835382
5494440 27.838136
5494174 39.722649
5493304 88.748857
5493296 246.960843
5493263 329.565725
