/home/shared/ihuerta/TSP_algorithm_selection/SOLVERS/CONCORDE/concorde -x /tmp/25495.tmp/sample.tsp
5982291 0.000004
Time for Total: 9.14 seconds (9.14 total in 1 calls)
5980338 13.362818
5980162 65.076649
5980024 100.257835
5979980 134.221380
5979673 164.374599
5979367 213.153834
Do not branch, the lp is within 1.0 of the upperbound
Do not branch, the lp is within 1.0 of the upperbound
Do not branch, the lp is within 1.0 of the upperbound
Do not branch, the lp is within 1.0 of the upperbound
Do not branch, the lp is within 1.0 of the upperbound
Do not branch, the lp is within 1.0 of the upperbound
Do not branch, the lp is within 1.0 of the upperbound
Do not cut, the lp is within 1.0 of the upperbound
Do not cut, the lp is within 1.0 of the upperbound
Do not branch, the lp is within 1.0 of the upperbound
Do not branch, the lp is within 1.0 of the upperbound
Do not branch, the lp is within 1.0 of the upperbound
Do not branch, the lp is within 1.0 of the upperbound
Do not branch, the lp is within 1.0 of the upperbound

5979367 257.520432
