/home/shared/ihuerta/TSP_algorithm_selection/SOLVERS/CONCORDE/concorde -x /tmp/23280.tmp/sample.tsp
28169944 0.000005
Time for Total: 13.01 seconds (13.01 total in 1 calls)
28162297 13.974415
28123339 19.271830
28119878 25.001187
28119293 77.677388
28112919 139.664945
28109992 161.181896
28107193 180.102835
28106534 207.051537
28106363 736.870068
28105848 1122.859864
Do not cut, the lp is within 1.0 of the upperbound
Do not cut, the lp is within 1.0 of the upperbound
Do not branch, the lp is within 1.0 of the upperbound
Do not cut, the lp is within 1.0 of the upperbound
Do not branch, the lp is within 1.0 of the upperbound
Do not cut, the lp is within 1.0 of the upperbound
Do not branch, the lp is within 1.0 of the upperbound
Do not cut, the lp is within 1.0 of the upperbound
Do not cut, the lp is within 1.0 of the upperbound
Do not branch, the lp is within 1.0 of the upperbound
Do not branch, the lp is within 1.0 of the upperbound
Do not branch, the lp is within 1.0 of the upperbound
Do not cut, the lp is within 1.0 of the upperbound
Do not cut, the lp is within 1.0 of the upperbound
Do not cut, the lp is within 1.0 of the upperbound
Do not cut, the lp is within 1.0 of the upperbound
Do not branch, the lp is within 1.0 of the upperbound
Do not branch, the lp is within 1.0 of the upperbound
Do not cut, the lp is within 1.0 of the upperbound
Do not cut, the lp is within 1.0 of the upperbound
Do not cut, the lp is within 1.0 of the upperbound
Do not cut, the lp is within 1.0 of the upperbound
Do not cut, the lp is within 1.0 of the upperbound
Do not cut, the lp is within 1.0 of the upperbound
Do not branch, the lp is within 1.0 of the upperbound
Do not branch, the lp is within 1.0 of the upperbound
Do not branch, the lp is within 1.0 of the upperbound
Do not branch, the lp is within 1.0 of the upperbound
Do not cut, the lp is within 1.0 of the upperbound
Do not cut, the lp is within 1.0 of the upperbound
Do not cut, the lp is within 1.0 of the upperbound
Do not cut, the lp is within 1.0 of the upperbound
Do not cut, the lp is within 1.0 of the upperbound
Do not cut, the lp is within 1.0 of the upperbound
Do not branch, the lp is within 1.0 of the upperbound
Do not cut, the lp is within 1.0 of the upperbound
Do not cut, the lp is within 1.0 of the upperbound
Do not cut, the lp is within 1.0 of the upperbound
Do not cut, the lp is within 1.0 of the upperbound
Do not branch, the lp is within 1.0 of the upperbound
Do not cut, the lp is within 1.0 of the upperbound
Do not cut, the lp is within 1.0 of the upperbound
Do not branch, the lp is within 1.0 of the upperbound
Do not branch, the lp is within 1.0 of the upperbound
Do not branch, the lp is within 1.0 of the upperbound
Do not cut, the lp is within 1.0 of the upperbound
Do not branch, the lp is within 1.0 of the upperbound

28105848 1087.301774
