/home/shared/ihuerta/TSP_algorithm_selection/SOLVERS/CONCORDE/concorde -x /tmp/30855.tmp/sample.tsp
8205511 0.000006
Time for Total: 12.62 seconds (12.62 total in 1 calls)
8200205 13.710641
8198052 17.383691
8197758 124.088784
8196992 202.449624
8195663 220.081401
8195495 245.925943
8195395 261.971724
8195264 509.355183
Do not branch, the lp is within 1.0 of the upperbound
Do not cut, the lp is within 1.0 of the upperbound
Do not cut, the lp is within 1.0 of the upperbound
Do not branch, the lp is within 1.0 of the upperbound
Do not branch, the lp is within 1.0 of the upperbound
Do not branch, the lp is within 1.0 of the upperbound
Do not cut, the lp is within 1.0 of the upperbound
Do not branch, the lp is within 1.0 of the upperbound
Do not branch, the lp is within 1.0 of the upperbound
Do not cut, the lp is within 1.0 of the upperbound
Do not cut, the lp is within 1.0 of the upperbound
Do not cut, the lp is within 1.0 of the upperbound
Do not branch, the lp is within 1.0 of the upperbound

8195264 648.548873
