15421263 1.156221181
15396652 1.272490356
15389424 1.329057723
15333629 1.379050757
15326387 1.428278853
15308798 1.477011758
15299121 1.520249677
15260639 1.562480414
15208808 1.604527616
15192606 1.64628555
15171401 1.687506923
15163731 1.728216494
15151608 1.768811827
15144438 1.808600811
15125595 1.846462741
15111294 1.884576529
15100655 1.922415246
15095197 1.959777312
15046931 1.99826552
15043737 2.035625983
15039284 2.072450919
15034940 2.109101707
15029586 2.145282077
15017520 2.180801125
14995711 2.215716415
14993869 2.250983037
14988944 2.285914563
14985549 2.320721609
14967897 2.355225662
14960944 2.388746002
14947370 2.422357662
14944906 2.455329741
14925036 2.488328347
14905965 2.520683701
14904288 2.553129617
14894264 2.618634142
14890697 2.650820758
14887078 2.68232305
14880746 2.713800625
14879061 2.74512379
14862725 2.776389016
14851148 2.806692853
14834482 2.837223222
14832363 2.866644046
14830781 2.895757169
14820794 2.924349628
14818082 2.95320353
14815817 2.980997939
14811729 3.009168125
14810497 3.037295476
14809782 3.064383394
14808066 3.090548098
14807346 3.116849176
14805607 3.142404923
14805278 3.167525105
14803620 3.19183754
14802863 3.218372035
14801866 3.245202719
14799079 3.269506317
14798667 3.292142146
14797855 3.31438488
14797005 3.335623121
14795186 3.356673152
14793612 3.377467311
14793365 3.397816976
14793102 3.437465422
14792553 3.569426819
14792274 3.640095603
