24086013 1.18910516
24056819 1.319752736
24026999 1.39031695
23965141 1.452051334
23940135 1.503956108
23915521 1.554096247
23899129 1.604691662
23811424 1.655923369
23792917 1.709404396
23781049 1.763328466
23771119 1.817911741
23725960 1.873565195
23701155 1.925635963
23682662 1.976853604
23658570 2.027397933
23649754 2.076023741
23647188 2.12516697
23619942 2.173532166
23603094 2.223270599
23586689 2.273936928
23553805 2.321187824
23551888 2.368473776
23504484 2.415167869
23476997 2.463061113
23423673 2.508408556
23416516 2.555409852
23414789 2.601136518
23406741 2.647582148
23363056 2.693558813
23342993 2.739640411
23327958 2.78939271
23314447 2.83619593
23307895 2.881831944
23290543 2.926824812
23288190 2.973157418
23249803 3.018564332
23245297 3.06462552
23238957 3.107031888
23235159 3.149404384
23228266 3.192449209
23224777 3.234994098
23201798 3.278515822
23170357 3.319853405
23136873 3.360644332
23129328 3.402625073
23127278 3.442892799
23123868 3.482628002
23120275 3.521980322
23103556 3.561240189
23103371 3.600436826
23102301 3.639808246
23098924 3.679014467
23093306 3.716619715
23092546 3.945777846
23091230 3.980366161
23085693 4.046578648
23084016 4.07760696
23083774 4.107394726
23080117 4.136154152
23074499 4.165122124
23072887 4.386595733
23071679 4.492191147
