24019209 1.204921751
23962988 1.354469647
23955292 1.416887599
23905642 1.478311566
23880389 1.538218332
23859929 1.591532005
23812929 1.642078728
23801071 1.694248412
23724821 1.748637043
23690408 1.803323429
23677740 1.858879336
23666672 1.912982434
23645942 1.968396025
23630475 2.022429828
23584255 2.075217233
23576406 2.127376804
23567264 2.179133177
23544278 2.226173723
23514035 2.277208243
23456253 2.329868654
23452680 2.380530477
23437564 2.431031618
23420801 2.47692609
23415306 2.520183497
23410320 2.563592243
23403228 2.606980826
23394347 2.650790374
23346303 2.694673589
23336846 2.73798272
23325397 2.781944304
23302999 2.824468317
23295029 2.867077559
23287411 2.910313433
23271066 2.952314204
23251493 2.994888947
23241880 3.0356205
23222195 3.077621824
23185225 3.117627425
23182243 3.159322665
23171721 3.200868045
23166537 3.239701029
23144824 3.279442713
23142360 3.318411903
23137800 3.357464071
23135590 3.39654051
23131782 3.435062706
23129375 3.47391874
23119259 3.512335441
23106228 3.54888965
23068955 3.587056222
23067571 3.659466783
23063196 3.69477039
23059574 3.73186834
23059558 3.768032342
23059545 3.80772829
23050423 3.845118247
23047847 3.879294262
23042070 3.91264473
23037653 3.945338628
23032469 4.010509174
23032362 4.041770558
23031932 4.073723083
23031503 4.104340364
23024435 4.134666812
23019809 4.248571098
23018164 4.302763062
23017097 4.379878699
