24075239 1.105056868
24049879 1.239670585
24018745 1.302595032
23967809 1.36177939
23927874 1.418099845
23874583 1.468632522
23865594 1.518910831
23813422 1.568467467
23782574 1.621865009
23769502 1.673342471
23753298 1.725525156
23707524 1.775226194
23701084 1.82317805
23698678 1.871798473
23679175 1.920457693
23629480 1.966642639
23618885 2.016272049
23595676 2.068567302
23582863 2.11773508
23571510 2.168367606
23537854 2.215140585
23509666 2.261268057
23480944 2.304911792
23461263 2.347814467
23449266 2.389858736
23443239 2.432616084
23428251 2.474291907
23423414 2.515835002
23405230 2.557140017
23328462 2.598258414
23325100 2.638993065
23315231 2.680157806
23307906 2.721094841
23301474 2.76136952
23290405 2.802013903
23280773 2.841660594
23276510 2.880457405
23272143 2.919912891
23264614 2.959461926
23234431 2.997508396
23229450 3.035913644
23227478 3.072529423
23199393 3.109491001
23199108 3.146900208
23196343 3.183589137
23195352 3.220189218
23192279 3.255768337
23176846 3.291644596
23176834 3.326937364
23149772 3.36198709
23147200 3.397114079
23135126 3.430611035
23127772 3.465217829
23125059 3.49859762
23123779 3.532604259
23118922 3.566880606
23116861 3.600121114
23116106 3.672898526
23109257 3.705948538
23104153 3.738809025
23103233 3.772521573
23097812 3.836380311
23092325 3.867579307
23083885 3.898887802
23083704 3.960961712
23082567 4.080995299
