24324487 1.133174312
24257812 1.278752925
24215271 1.344066116
24198716 1.411242182
24157160 1.463713004
24132601 1.514902399
24111856 1.565476593
24080704 1.617023077
24069587 1.670884837
24055232 1.723866512
24035687 1.777116177
24012775 1.828545023
24010350 1.875772578
24002463 1.921806501
23992221 1.968705212
23964906 2.014210131
23905018 2.059210397
23892240 2.105124148
23879476 2.151305818
23857691 2.198371757
23851009 2.242634828
23839748 2.287889113
23803706 2.332489543
23774071 2.376067924
23722308 2.420837992
23711037 2.464072107
23693505 2.507613935
23687342 2.551008726
23682310 2.593016973
23675229 2.635120354
23649514 2.678057185
23644492 2.721766223
23624062 2.765089167
23607758 2.809216971
23597836 2.852669652
23582804 2.894302906
23580139 2.935531456
23578576 2.976926956
23572810 3.017392408
23559972 3.057294047
23545640 3.098676254
23540310 3.138590211
23534529 3.1795843
23523110 3.217516974
23504923 3.256019449
23492561 3.295139749
23476727 3.334462079
23471896 3.37145397
23455822 3.409013166
23454544 3.446735567
23448867 3.483625231
23446592 3.520260698
23440099 3.557042852
23434919 3.592967448
23404645 3.630073539
23403600 3.665180029
23402037 3.700460138
23400972 3.770926889
23396342 3.805855272
23396043 3.841407054
23387293 3.876758824
23386297 3.910245132
23384919 3.943903053
23382934 3.9764027
23381580 4.046199793
23379335 4.082172723
23378339 4.114695406
23378013 4.145774501
23377466 4.177197763
23367215 4.207528873
23366778 4.267735898
23366060 4.297365474
23366019 4.326868043
23365774 4.35675972
23364962 4.444673674
23364599 4.502248953
23364156 4.531214041
23364025 4.559594199
23363984 4.587957406
23362931 4.617026254
23362349 4.644472299
23362071 4.672279332
23357311 4.751644165
