29344533 2.09612298
29291940 2.294830629
29273080 2.39902623
29259021 2.485007715
29238859 2.577454307
29221116 2.675132565
29203976 2.770214071
29189839 2.866550616
29169921 2.966165012
29163863 3.053603615
29146146 3.143900453
29108420 3.230447199
29083905 3.315283652
29058496 3.398801093
29026077 3.483723884
29019749 3.565706675
29003467 3.65149348
28980703 3.733509545
28960019 3.815024541
28931506 3.890737648
28918244 3.962341893
28888972 4.035110063
28835639 4.108003804
28815363 4.179788986
28806891 4.248831241
28783039 4.319075167
28761988 4.390194754
28747419 4.460700736
28743336 4.531968033
28740357 4.601355557
28707769 4.671805024
28682727 4.740309123
28679884 4.810059089
28642216 4.88058988
28639008 4.949813357
28626302 5.018690043
28616279 5.085941872
28597963 5.154280245
28579928 5.222280143
28564674 5.29020018
28558902 5.3573737
28557418 5.42429661
28554174 5.4931705
28535521 5.558432568
28520300 5.624817237
28511528 5.691787556
28509618 5.756076814
28500361 5.820412686
28462498 5.884767849
28459656 5.948321403
28426758 6.013249363
28419293 6.078574345
28416289 6.142583328
28383805 6.20538866
28381614 6.268635267
28380480 6.393406835
28378834 6.455829845
28360786 6.516813851
28342895 6.578359714
28340537 6.764740324
28337781 6.824597529
28320228 6.885244226
28316469 6.944377882
28274996 7.004928376
28267374 7.066261637
28257740 7.125725744
28255521 7.184647982
28252001 7.242332205
28249306 7.30074247
28245647 7.358746161
28244273 7.416808598
28243693 7.47376231
28229780 7.530022684
28216703 7.587290089
28206195 7.643172504
28202286 7.698772753
28195837 7.752809801
28187225 7.809144498
28184291 7.863975917
28177550 7.919421656
28173597 7.97511699
28171268 8.028797773
28161936 8.081479618
28160364 8.133425008
28157619 8.184268429
28157446 8.235563205
28157373 8.288775185
28151037 8.340828733
28149406 8.394539147
28146911 8.448683792
28143109 8.502042107
28135383 8.55457277
28132689 8.606054765
28130432 8.657958112
28130127 8.758592
28124468 8.80881246
28122567 8.906399315
28122335 8.955119324
28121826 9.001502459
28120287 9.047616362
28119747 9.094129164
28119351 9.140422492
28119046 9.185306047
28119045 9.230093474
