17585328 2.049648483
17549464 2.201703449
17538941 2.279230199
17522768 2.354695902
17503436 2.433132267
17503329 2.513966054
17476380 2.586644178
17459140 2.658832833
17446869 2.731384862
17430739 2.802416415
17425041 2.871303591
17406456 2.937833948
17378864 3.004348264
17372456 3.073089279
17363895 3.138270812
17324162 3.20410831
17316358 3.271905935
17295840 3.33710191
17291073 3.403132048
17275596 3.469165377
17264861 3.53507411
17255406 3.600662982
17250938 3.662908877
17243774 3.726763652
17238588 3.790274206
17221843 3.854744888
17213446 3.920258941
17204463 3.981772684
17193230 4.046151509
17188582 4.108450443
17185679 4.17055847
17159834 4.233873915
17143129 4.295148926
17131516 4.419106555
17089725 4.479908656
17086129 4.539985936
17084615 4.600098847
17081294 4.661874234
17066505 4.721055596
17058912 4.781392103
17055432 4.841594993
17051415 4.960177833
17047870 5.019637441
17044249 5.078939112
17038873 5.136033675
17032838 5.195551898
17028830 5.253933137
17020349 5.369964663
17010543 5.427378452
17001272 5.486196647
16997004 5.542507643
16994173 5.599222676
16983494 5.656276958
16979891 5.713930519
16971727 5.770951825
16964392 5.827723363
16954572 5.882391667
16941286 5.937646383
16938717 5.991803032
16929268 6.04676377
16924346 6.101096773
16923296 6.155076611
16921169 6.208757396
16919438 6.262140843
16899914 6.315559938
16897144 6.368704004
16890925 6.420512714
16889215 6.47339106
16879438 6.525036742
16876210 6.577518366
16873573 6.629502293
16871547 6.681526564
16868564 6.732346876
16857390 6.78273448
16855528 6.833453459
16853402 6.884255982
16850818 6.933698429
16849514 6.983130561
16845207 7.032167757
16832430 7.080697894
16826118 7.128401304
16823401 7.177108329
16821976 7.225078454
16817874 7.272096433
16811259 7.318496357
16810454 7.363368724
16809444 7.452714546
16808782 7.497519931
16808176 7.542572032
16808056 7.585400021
16806872 7.627480615
16806353 7.669726175
16802536 7.711222283
16800425 7.752489992
16799865 7.833448602
16798933 7.95070525
16797622 7.989087339
16797298 8.027671238
16796800 8.101013425
16795832 8.172855302
16795403 8.243792544
16795102 8.278608892
16795039 8.31348555
16794944 8.347724737
16794896 8.381721651
16794689 8.416574813
16794598 8.450715167
16793644 8.518597436
16793321 8.586344032
16793232 8.720997005
16793224 8.884726573
16792936 9.319603923
16792804 20.451262335
16792561 20.521049962
