7381268 3.080029781
7365484 3.288937804
7362981 3.39648599
7356025 3.496389574
7341389 3.59870559
7340184 3.69843186
7333985 3.792525999
7329336 3.88320108
7325616 3.979007347
7321329 4.075356857
7315001 4.17097387
7294050 4.265391
7292273 4.356498613
7290338 4.443717052
7284094 4.530016712
7279430 4.616131672
7279073 4.701149253
7275519 4.788077545
7273040 4.874847938
7271025 4.959476164
7266389 5.045017733
7257729 5.129170277
7254616 5.21414752
7245613 5.297046796
7243399 5.382459795
7238600 5.465952077
7237476 5.548819631
7237036 5.63023752
7227521 5.712250892
7224616 5.794254712
7222135 5.875559565
7221168 5.954120998
7220282 6.034542809
7216497 6.115709527
7214565 6.194617424
7208787 6.27363469
7206477 6.352437301
7204732 6.431986285
7203249 6.507456722
7200766 6.584067278
7199192 6.659916463
7197194 6.735799441
7195175 6.811154563
7193678 6.884754016
7189872 6.959169066
7174686 7.033578253
7174063 7.108114688
7169154 7.181756426
7167910 7.253343938
7167410 7.32545322
7166623 7.397467247
7163045 7.470714622
7162836 7.614522644
7160914 7.686928381
7158674 7.828575348
7157568 7.898779802
7156734 7.969434941
7155735 8.04040182
7154686 8.110029009
7154235 8.17959449
7153454 8.248940494
7152654 8.318720238
7152169 8.387337014
7150516 8.455213878
7147498 8.524023128
7146465 8.593167684
7146094 8.661132284
7142189 8.728887269
7141806 8.795999495
7140223 8.863521027
7137776 8.92903734
7136753 8.993345147
7135132 9.057736972
7133368 9.122482499
7131282 9.187824211
7124311 9.252008771
7123172 9.315668063
7122699 9.378479793
7122031 9.441983966
7121725 9.504917408
7121047 9.567412165
7120560 9.629485086
7119470 9.691261057
7119267 9.753837776
7118261 9.815350333
7117819 9.875643475
7115736 9.935599313
7115316 9.995043748
7114346 10.054360305
7110648 10.113492556
7109833 10.172933111
7109321 10.231512462
7107866 10.289320996
7107727 10.347837946
7107414 10.404472142
7107028 10.46125956
7106694 10.518360377
7106434 10.573632274
7105910 10.629474759
7104875 10.684817053
7104756 10.738967675
7104157 10.793602391
7103871 10.846525202
7103041 10.899433403
7100623 10.952386716
7100340 11.004480066
7100146 11.055462677
7099697 11.107048909
7099273 11.158536439
7098977 11.209573028
7098894 11.259460704
7098261 11.309257889
7098200 11.357551184
7098064 11.405056764
7097867 11.453285955
7097482 11.501112477
7097304 11.548262411
7096959 11.595739124
7096894 11.641617555
7096653 11.687218367
7096513 11.73255509
7096383 11.776732404
7096164 11.820980153
7095922 11.865562383
7095701 11.909413605
7095636 11.953034297
7095556 12.037598292
7095162 12.12047524
7095128 12.203886238
7095095 12.245024328
7095030 12.366668901
7095018 12.528201697
7095012 12.567807424
7094979 12.606791024
