33644259 3.422531894
33542291 3.644135606
33520434 3.775682794
33510867 3.906719378
33502486 4.038002908
33482998 4.159852171
33461620 4.281104367
33447481 4.405436639
33440227 4.532261163
33419449 4.65880998
33363880 4.778481847
33357102 4.895551759
33319060 5.015477867
33300461 5.12872655
33232016 5.246560816
33202926 5.357688604
33140324 5.473491095
33115127 5.58976685
33070695 5.707023356
33061324 5.8179056
33052615 5.928164477
33038640 6.041417031
33013109 6.155556923
33006453 6.268872837
33003933 6.378573945
32982289 6.488882202
32971767 6.599588494
32965015 6.709835435
32952586 6.820780242
32948175 6.931471959
32926314 7.041930151
32909428 7.151864316
32893495 7.258861293
32872425 7.364561308
32825450 7.466862914
32802978 7.572219805
32794231 7.679265165
32776973 7.783811875
32770559 7.890400114
32761974 7.996034268
32752841 8.099368557
32713446 8.205739286
32696458 8.30693459
32681193 8.408205125
32658760 8.512613882
32629561 8.616725969
32623078 8.720791012
32593350 8.822101343
32588979 8.927059803
32585878 9.03032863
32574212 9.133868777
32540843 9.234465504
32540197 9.3382494
32536229 9.438061227
32491361 9.539812705
32477328 9.642101533
32472068 9.743138693
32466370 9.834621393
32431462 9.927393377
32424256 10.017948874
32401012 10.107363117
32390836 10.197653167
32389674 10.286390778
32384352 10.37757611
32382158 10.467811324
32364551 10.557652843
32355075 10.646522938
32319951 10.732445981
32308611 10.821086488
32300486 10.907216225
32295111 10.995123659
32292680 11.079858591
32281688 11.166950317
32280903 11.253374079
32277289 11.340208889
32275516 11.425161682
32271178 11.509227802
32256309 11.591343454
32256294 11.674831309
32244163 11.758073007
32240363 11.841424463
32232750 11.925459526
32229499 12.009017596
32225505 12.090959774
32203790 12.175099401
32201793 12.256886717
32193879 12.337272163
32187512 12.498120803
32181937 12.57654798
32156602 12.655973994
32152090 12.735183654
32151424 12.815628872
32149408 12.895231737
32149173 12.972726043
32145170 13.050767515
32143999 13.128471565
32143785 13.205884597
32136945 13.282688242
32129212 13.358932914
32124803 13.43585726
32114633 13.510830288
32103184 13.585151808
32102979 13.659928485
32090709 13.736516566
32086220 13.812333313
32083533 13.888942863
32079697 13.963698716
32077109 14.109777363
32072776 14.181215578
32069028 14.323880335
32063931 14.394626024
32060767 14.465183722
32054247 14.536833989
32048950 14.60643913
32047363 14.676612902
32045497 14.743921896
32043528 14.812700319
32043526 14.88045633
32041682 14.947800184
32040514 15.015983482
32036633 15.081583355
32035244 15.213569571
32034977 15.281178339
32033450 15.347887293
32032515 15.414252894
32030724 15.481453055
32030018 15.547074072
32029307 15.612530167
32027456 15.808150307
32024159 15.871354966
32022888 15.936725043
32022873 16.061507128
32018303 16.188670359
32016437 16.380901479
32016313 16.516926556
32015830 16.706190583
32014409 16.768583859
32012956 17.130204905
32009916 17.190258741
32007391 17.617102932
32006609 17.734545245
32004883 17.789438587
