10406339 0.528728049
10390030 0.617320212
10374470 0.651117605
10354245 0.680294061
10351381 0.706372642
10331444 0.733198266
10312287 0.758723948
10296553 0.783229256
10291555 0.806139663
10275936 0.829859583
10253852 0.852138482
10250375 0.87443652
10244909 0.896221412
10210484 0.917859209
10209375 0.939229806
10204424 0.961007738
10199996 1.024779676
10163427 1.045605966
10157367 1.109644342
10149873 1.128597348
10147365 1.146847989
10141483 1.164982699
10138507 1.183081288
10131225 1.201190207
10123995 1.218310841
10121538 1.235164247
10117261 1.250785093
10113156 1.28090565
10111863 1.30749489
