34460155 49.206592081
34452856 49.668460241
34449564 50.075630384
34443595 50.460364605
34255183 50.872448789
34178404 51.270151192
33973810 51.682808716
33969277 52.078169669
33962520 52.469329879
33693570 52.850504997
33592303 53.253085269
33582724 53.633389144
33553116 54.022733997
33542514 54.405961826
33538990 54.783009365
33528682 55.162975691
33523551 55.546448209
33280075 55.93516651
33276291 56.311450879
33263525 56.694661481
33261445 57.090109601
33003436 57.473572716
32995058 57.860315394
32972433 58.234478947
32968218 58.616075157
32950645 59.001590428
32945509 59.378988967
32941286 59.773754525
32938492 60.158567505
32933154 60.542654887
32926928 60.929904406
32889653 61.319636092
32881358 61.704885841
32877581 62.10200488
32692234 62.471996437
32685918 62.849459746
32676460 63.241929344
32671394 63.63359961
32666712 64.010385321
32654957 64.392428512
32647702 64.770377982
32643662 65.141591037
32638265 65.529180637
32633071 65.913155918
32614975 66.293041113
32610525 66.669578975
32604132 67.046206542
32597035 67.409962241
32595234 67.789432033
32591782 68.167426017
32587802 68.541747016
32585300 68.909534926
32579011 69.281929159
32561485 69.650783294
32558176 70.026823668
32554862 70.40753735
32528282 70.777090448
32526839 71.145986293
32525598 71.51737422
32519430 71.889059903
32476672 72.252955528
32475741 72.627952253
32473450 72.99347871
32470983 73.352833853
32463960 73.723987435
32456277 74.085545427
32451262 74.448688789
32445645 74.816187223
32442400 75.184589039
32435133 75.546553142
32428319 75.909944137
32394480 76.26620039
32384101 76.617871948
32366998 76.971299747
32360846 77.324459426
32354165 77.692732589
32352319 78.042061114
32349162 78.393432286
32346333 78.747802454
32338624 79.094280826
32334327 79.445977241
32331971 79.806050515
32316442 80.150312552
32314913 80.496463229
32308700 80.834826497
32306241 81.183497951
32301855 81.52401848
32300289 81.863399325
32271849 82.202875868
32262601 82.544029009
32256922 82.880763515
32251529 83.221594436
32248684 83.553600267
32246659 83.889009386
32238961 84.2164244
32228518 84.559973608
32220256 84.8955689
32219374 85.231435478
32216288 85.556744312
32205528 85.891519336
32204235 86.228593494
32185985 86.567214913
32174297 86.894614383
32164536 87.228228478
32158526 87.546843395
32154737 87.872378158
32148242 88.206249191
32145120 88.527028963
32136919 88.845756836
32134102 89.174790756
32127718 89.508616715
32125862 89.841190251
32118883 90.175770664
32114821 90.492973811
32098669 90.82081945
32095290 91.151689758
32090871 91.469248344
32089000 91.792663984
32073181 92.112196163
32067086 92.429832252
32064716 92.759273963
32058131 93.079577969
32056203 93.395102814
32051984 93.711253569
32048909 94.031929229
32046067 94.343670704
32044269 94.666189091
32032374 94.98402526
32030157 95.298638346
32028200 95.618103362
32023413 95.932217645
32022103 96.241730324
32020200 96.557062121
32019290 96.871876861
32015415 97.189429011
32007498 97.503258407
32005245 97.816572733
32004369 98.130784419
31986541 98.438590921
31974054 98.742859534
31973627 99.045108197
31969880 99.354019322
31967844 99.658188221
31963819 99.964018796
31960018 100.2746254
31956980 100.581420241
31952171 100.885341301
31950754 101.201564176
31945889 101.498774439
31942603 101.802423832
31938691 102.105928413
31915396 102.413923038
31912349 102.72314057
31904922 103.023846648
31901557 103.326460298
31900058 103.625488177
31896478 103.930581652
31893550 104.237496835
31892463 104.538801956
31890456 104.839297428
31887723 105.142149109
31885109 105.436745716
31882884 105.739560619
31869606 106.035948529
31868395 106.334042012
31866919 106.633493095
31863705 106.935124003
31857579 107.229927461
31853199 107.523478782
31835563 107.822727014
31826703 108.119756511
31825161 108.409171068
31821917 108.702599923
31820285 108.994379191
31817440 109.297530523
31814682 109.583378597
31812066 109.876802866
31809172 110.168056662
31807697 110.467352982
31801946 110.75788002
31798134 111.047545472
31796346 111.33015622
31790663 111.615749452
31789918 111.906452376
31784420 112.195212441
31782428 112.484115885
31771625 112.767522176
31770236 113.053253067
31768642 113.338874182
31761855 113.628508406
31760026 113.915305054
31758269 114.205540864
31754854 114.488992236
31752767 114.773566919
31752112 115.060649385
31750638 115.351529065
31748775 115.635245636
31737797 115.918551502
31734784 116.205654606
31731410 116.492070804
31725435 116.774308724
31722062 117.057346534
31715163 117.337292278
31707571 117.617116237
31704866 117.901657153
31702276 118.194627921
31700810 118.475352606
31699353 118.760913869
31694342 119.0400663
31686082 119.322089309
31683577 119.599323087
31669731 119.87538634
31663063 120.148754392
31657340 120.428217481
31652714 120.705890801
31652132 120.985626513
31643097 121.265638626
31637216 121.542772954
31635615 121.817137794
31634861 122.097387766
31634143 122.380868526
31632644 122.657109424
31631944 122.926209246
31630442 123.202568776
31628821 123.480806655
31624084 123.754200234
31620899 124.026240081
31616416 124.301597286
31612213 124.581447053
31611434 124.852078479
31608167 125.121689347
31606138 125.389278992
31600886 125.665953825
31599753 125.937725563
31595960 126.205288893
31593465 126.473088979
31586309 126.741284171
31585783 127.020329163
31585012 127.281956121
31584096 127.550574177
31577806 127.810834633
31574793 128.084336921
31573299 128.350082015
31572915 128.612216389
31571911 128.878755664
31569656 129.156889829
31565387 129.420599268
31564436 129.683265232
31560684 129.940844453
31556074 130.201310625
31553434 130.461825339
31551735 130.7218652
31548997 130.979004344
31548349 131.238045606
31546427 131.493897021
31542671 131.752713317
31538503 132.017791365
31532606 132.274293974
31524717 132.529690323
31509411 132.785930576
31503741 133.044847874
31500982 133.300881856
31500028 133.557484747
31499287 133.813137001
31497989 134.069770067
31497267 134.324249005
31491731 134.574737389
31489416 134.825781453
31485143 135.080367677
31483105 135.58689645
31474544 135.835916376
31471211 136.086790936
31467020 136.336232263
31465875 136.587148351
31464427 136.834693663
31460073 137.082533122
31457952 137.330271048
31453097 137.579441611
31452536 137.826019279
31449658 138.073611727
31448486 138.324103503
31446563 138.571561644
31443573 138.816687422
31442677 139.061568522
31438453 139.309248722
31437935 139.555660258
31436819 139.800562988
31436127 140.046090359
31435522 140.288857752
31435069 140.535088129
31433066 140.780412962
31429335 141.020915986
31427078 141.263174756
31421340 141.503259686
31419064 141.744892393
31417905 141.98573063
31415237 142.227676337
31412547 142.469035818
31411791 142.708721006
31411132 142.948290551
31409415 143.193162991
31407389 143.433601802
31406207 143.676036884
31403811 143.914780571
31403464 144.149333006
31400269 144.386535901
31396778 144.626280832
31395131 144.862429584
31394571 145.101479408
31388517 145.335839646
31386781 145.57186329
31385722 145.806433047
31383577 146.043211528
31382644 146.283564706
31381597 146.519160229
31380555 146.755173785
31379983 146.990813324
31376727 147.223551397
31375386 147.455138695
31374625 147.686147999
31373681 147.920523979
31373417 148.153034444
31369969 148.383778169
31369354 148.618783399
31367929 148.852916473
31366814 149.086642934
31366486 149.318798454
31361957 149.550509665
31360654 149.779091316
31360326 150.010352512
31357561 150.241393772
31355767 150.472298329
31352287 150.702060482
31350415 150.928269324
31349385 151.157075179
31348990 151.385640775
31348436 151.612493036
31345878 151.841895783
31343231 152.067628459
31342851 152.299281652
31340544 152.526659557
31340109 152.752005554
31337393 152.979754756
31333131 153.201071108
31332448 153.428160145
31331356 153.653590898
31331239 153.880271054
31330121 154.109297248
31329774 154.334846853
31328758 154.561198341
31326147 154.787312916
31324984 155.010412492
31324212 155.238732817
31323046 155.4616337
31321678 155.686213489
31320651 155.908971727
31320021 156.131351127
31317511 156.350532722
31316899 156.574837613
31314563 156.795236252
31312277 157.018252761
31311186 157.242363044
31308814 157.465684387
31307635 157.685864009
31306915 157.909056693
31304884 158.128473159
31304336 158.349116673
31303515 158.569510211
31302744 158.788448199
31299751 159.008295091
31299310 159.226537651
31295945 159.445856681
31294101 159.662626682
31292816 159.880743614
31291604 160.098745263
31288609 160.315740986
31286938 160.535597341
31285722 160.754187588
31285333 160.970289888
31283888 161.183465664
31282272 161.614940904
31282027 162.044759188
31281428 162.26325531
31280517 162.477109802
31280290 162.692174063
31280167 162.907553524
31278586 163.331321327
31278355 163.543031767
31277761 163.753572211
31276928 163.968161522
31276479 164.179624518
31276179 164.390870047
31275264 164.60267262
31274421 164.813358242
31274013 165.026807097
31272957 165.24025198
31272479 165.451201216
31272207 165.662074968
31271331 165.873766696
31270236 166.084365201
31269438 166.298042546
31269075 166.508913476
31268257 166.717844028
31266361 166.927879003
31264517 167.131175766
31263053 167.337485589
31262379 167.543450505
31260801 167.751786588
31260404 167.961089515
31259835 168.170533428
31259244 168.377460881
31258781 168.583802439
31257972 168.789620839
31256300 168.996158084
31256087 169.198820534
31254693 169.405411258
31253889 169.609218712
31253280 169.814702483
31252962 170.018219588
31252526 170.224147914
31252134 170.426757323
31251812 170.631013488
31251389 170.83399025
31250737 171.038602222
31249919 171.239283783
31247851 171.439059726
31247398 171.638970252
31246557 171.842497132
31245907 172.045272943
31245561 172.248447327
31244903 172.449082608
31243540 172.648024873
31242669 172.848640279
31242282 173.049213902
31241371 173.247574418
31239670 173.447973804
31238365 173.649195723
31238292 173.848513465
31237721 174.245717653
31237316 174.442810287
31236689 174.643772794
31236490 174.843658709
31236184 175.041124229
31235345 175.238718962
31235298 175.43717952
31234653 175.636167565
31234128 175.829371701
31233171 176.024956791
31232277 176.224384771
31231655 176.620996429
31231161 176.817855296
31230389 177.013238972
31229939 177.406418291
31229445 177.600996648
31229300 177.795867337
31228655 177.993026632
31228172 178.58043467
31227560 178.776218799
31226612 178.965198182
31226180 179.350656405
31225792 179.736674404
31224838 179.928772352
31224815 180.121816202
31224496 180.314490145
31224147 180.694700954
31222924 180.885829679
31222275 181.076607924
31221700 181.45512698
31221121 181.646519969
31220492 181.835703886
31220342 182.028875318
31219467 182.219892047
31219121 182.597418692
31218812 182.973945728
31218685 183.16112551
31218463 183.349394761
31218114 183.728410344
31218110 183.917618894
31217903 184.10305678
31217448 184.2903856
31216984 184.476174709
31216471 184.660827632
31215738 184.848209731
31215613 185.034602186
31215328 185.217450167
31214830 359.906212452
31214198 360.096170407
31214164 360.480653204
31213857 361.221184954
31213628 714.361084414
31213564 894.166245706
31213026 894.352519158
31212611 1421.521173377
31212523 1598.015271456
31212265 1598.20121433
31212159 1598.389886419
31211643 2132.276055534
31211435 2132.649873545
31211416 2132.837658138
31211293 2308.507156316
31211076 2308.6932915
