13039886 1.57096324
13000583 1.705408467
12918258 1.774183419
12902555 1.834187651
12889393 1.89180421
12876442 1.958383583
12868112 2.01802941
12863169 2.074144024
12858393 2.130406352
12852763 2.184450456
12848559 2.241580374
12811440 2.29376127
12802096 2.346271406
12799573 2.396357738
12793570 2.445090894
12774347 2.494564696
12770001 2.543876299
12763736 2.591903771
12758178 2.640027925
12743772 2.688428324
12740944 2.735297211
12735435 2.783021615
12725789 2.829950957
12716929 2.87571009
12714348 2.921769076
12712497 2.96756224
12708993 3.013318481
12691144 3.057932673
12688121 3.102553305
12684162 3.146349773
12655025 3.190739167
12647756 3.234478736
12642126 3.277635419
12632137 3.31985723
12627872 3.362800468
12624443 3.405167969
12606057 3.447587962
12600797 3.489620198
12587680 3.531254819
12586312 3.572603953
12581626 3.613805964
12580348 3.654216718
12578585 3.694740107
12575410 3.734626739
12569471 3.773516784
12566544 3.813167958
12561649 3.852439209
12559448 3.891205884
12543363 3.929789781
12542352 3.967532087
12538428 4.005330741
12534239 4.043227631
12533730 4.080834643
12532477 4.117935154
12524003 4.154587128
12521662 4.189853238
12513896 4.225844254
12503041 4.261020148
12500280 4.295971387
12498943 4.330249913
12497355 4.364225664
12496665 4.397609392
12494586 4.430329571
12492952 4.463118767
12492348 4.494485309
12490075 4.525152033
12489022 4.555452004
12488367 4.584954554
12486214 4.613987055
12485648 4.642806164
12485163 4.670765834
12483801 4.697643246
12483485 4.723954068
12481722 4.749754192
12480761 4.775396276
12480666 4.800367422
12480425 4.824343732
12479979 4.848819901
12479521 4.872605382
12479421 4.89830439
12478808 4.925014478
12478711 4.948396387
12478057 4.969701421
12477883 4.990505758
12477803 5.031585967
12477748 5.051645815
12477660 5.070600766
12477436 5.107748116
