14170684 2.116467621
14143145 2.268074101
14029191 2.360910532
14018615 2.436787581
13988289 2.512914582
13983427 2.589444852
13970957 2.665514793
13937471 2.737874555
13935324 2.812944332
13928045 2.880005436
13921811 2.951372446
13917370 3.018606333
13885431 3.083210067
13882078 3.145668459
13841635 3.205810636
13835620 3.266297666
13812025 3.325024038
13807486 3.383186823
13802412 3.441463392
13795845 3.49959234
13792291 3.557675795
13781970 3.614985541
13745834 3.67146042
13739144 3.726994885
13731888 3.783074347
13710803 3.839403415
13707684 3.895097946
13705587 3.950381496
13703646 4.004525235
13690697 4.060522683
13678898 4.114396037
13676585 4.167844254
13666479 4.221359963
13662052 4.274141825
13657238 4.326420021
13655136 4.378997121
13644788 4.432050109
13641204 4.482931137
13635767 4.533239345
13626164 4.584111674
13622468 4.634820013
13616516 4.685950965
13592812 4.736222065
13587080 4.786282745
13582391 4.835879914
13582260 4.884349925
13578322 4.932648257
13572734 4.980342976
13571472 5.028367108
13569641 5.074831142
13566388 5.121130303
13561171 5.168011138
13556250 5.214193798
13546764 5.260084071
13537551 5.305412375
13533581 5.350610185
13528947 5.395695716
13525991 5.439819695
13516366 5.48360183
13508640 5.527677728
13507390 5.571066776
13504045 5.614535656
13503373 5.699686704
13495823 5.741118082
13495048 5.783130042
13490038 5.823928391
13489632 5.864201131
13488115 5.904287717
13487877 5.944679428
13485395 5.983989015
13484552 6.061606418
13484537 6.099923245
13483343 6.138779299
13482689 6.17662437
13482501 6.21419226
13482489 6.251485641
13480621 6.288014437
13480218 6.323814436
13477931 6.35989938
13476977 6.39629691
13474946 6.432382209
13474704 6.467478942
13470846 6.502095564
13470440 6.537359206
13468409 6.571011354
13468165 6.6050721
13467669 6.638668556
13467283 6.671572666
13465646 6.70359786
13465430 6.735477083
13465360 6.767830094
13465210 6.829740366
13465190 6.859897053
13464537 6.947662519
13464198 6.976795148
13463559 7.039491181
13463443 7.071507301
13463021 7.098739079
13462635 7.150727691
13462570 7.227555313
13462557 7.252605359
13462527 7.299287669
13462449 7.34267104
