24149119 1.091260616
24130762 1.226001216
24112939 1.289622723
24094614 1.341732869
24064334 1.392412612
24032933 1.439592412
23865739 1.487863408
23844977 1.53629031
23839782 1.587163632
23836476 1.637008407
23823497 1.68637172
23787047 1.733836308
23771465 1.782517032
23748330 1.827857209
23739185 1.874078617
23702369 1.91909663
23695394 1.96358709
23672805 2.008695896
23659193 2.053886264
23652094 2.10174847
23644850 2.146034772
23643489 2.189730539
23596669 2.234015684
23585839 2.277741685
23570257 2.320166123
23540020 2.362691234
23535093 2.406219411
23529554 2.450619116
23456672 2.494621839
23432892 2.538283848
23428443 2.581475301
23423930 2.626233802
23416992 2.669002475
23400210 2.71158123
23398717 2.753615366
23391374 2.795847727
23390109 2.837245434
23388912 2.877704779
23342389 2.91744717
23340428 2.956951239
23323264 2.995393656
23322909 3.034802208
23310677 3.073816056
23310175 3.11224224
23306308 3.150406655
23304426 3.188617346
23299773 3.26346828
23293153 3.300835878
23290532 3.337449372
23253939 3.374225802
23251899 3.410655435
23237033 3.446050085
23219934 3.482953424
23217926 3.518511944
23214961 3.55359579
23201808 3.587094495
23200163 3.620771819
23198521 3.653950244
23193574 3.687010872
23191178 3.719907342
23181398 3.752104001
23181376 3.783801034
23179809 3.845578196
23176914 3.879384414
23175974 3.910814907
23169756 3.939773588
23169473 3.967241165
23168815 3.99473547
23168411 4.02110048
23168080 4.046882785
23168061 4.071615213
23167695 4.09541936
23167454 4.140738415
23167351 4.198928164
