24002799 1.148120686
23970670 1.274462446
23949880 1.332594875
23932486 1.383067398
23917559 1.431695661
23910243 1.479484049
23873169 1.526312727
23849569 1.571987885
23829433 1.620986896
23809825 1.669981106
23783579 1.71905946
23728182 1.76776151
23720650 1.816357024
23715624 1.863524482
23657272 1.909878127
23652148 1.955272698
23647425 1.99938307
23557922 2.042967583
23551324 2.08877957
23545986 2.133502606
23542571 2.178080823
23530842 2.22143817
23524238 2.264058521
23510674 2.308561827
23480868 2.35148762
23471912 2.393491944
23464058 2.436128739
23455867 2.47809339
23436841 2.521310245
23430620 2.563409841
23404640 2.605460455
23401487 2.647999116
23395105 2.691250726
23385236 2.734056692
23353637 2.775762005
23347533 2.817264855
23338464 2.858263678
23333900 2.898378844
23317513 2.938340095
23305311 2.976933989
23298207 3.016640513
23285203 3.056138201
23276647 3.09428246
23256418 3.132850093
23254922 3.170891853
23245699 3.209041798
23237517 3.245783763
23227090 3.282739131
23185308 3.319002898
23175756 3.355559345
23173860 3.393094284
23160547 3.430357263
23159138 3.466654973
23157336 3.504012223
23149941 3.540207095
23147661 3.57698579
23143743 3.612665665
23141450 3.647687619
23140891 3.682684752
23139780 3.71753183
23139328 3.751306899
23134495 3.785299796
23133524 3.819526221
23131770 3.853832653
23131367 3.887102834
23129958 3.919409189
23129125 3.952002148
23119135 3.984451035
23117333 4.015721966
23116758 4.108865299
23116418 4.139651493
23116182 4.199178981
23116075 4.367012557
23113022 4.444450234
23112915 4.51788507
23111344 5.191910642
23109369 18.077235366
