23963552 1.066292745
23941687 1.206926104
23881123 1.281828433
23865121 1.334356882
23846054 1.38398706
23838324 1.43342391
23822018 1.481386109
23776051 1.53131139
23754195 1.581258344
23719380 1.632166931
23711613 1.681733314
23643287 1.730280641
23636831 1.778464223
23631672 1.82493812
23631111 1.871386363
23615610 1.917848186
23601054 1.963636798
23515207 2.008922434
23459280 2.053865169
23442686 2.099801761
23434990 2.14522995
23410958 2.189189567
23401090 2.233006134
23349988 2.276631565
23345464 2.319116222
23313807 2.362009827
23313591 2.404731769
23294746 2.446441813
23281676 2.487999383
23279129 2.529463242
23278330 2.570312057
23234948 2.61300606
23222681 2.654887784
23221032 2.695632535
23219105 2.736086709
23211466 2.979505525
23196585 3.018484939
23182823 3.056459004
23177647 3.094691492
23176054 3.170727103
23175205 3.207473383
23151844 3.280375049
23151426 3.3167005
23141346 3.352571439
23137706 3.424533374
23136857 3.45962182
23135834 3.495917857
23135281 3.530061629
23133584 3.563876773
23129046 3.597567251
23128058 3.631800366
23126358 3.665366374
23122203 3.69878199
23121650 3.731750628
23117642 3.765954108
23115631 3.79938531
23113931 3.832213878
23113867 3.865350903
23113209 3.897214658
23112937 3.963324305
23112360 3.996340183
23110824 4.029466109
23101521 4.094934977
23101249 4.128106195
23100720 4.226556356
23098920 4.290537541
