24437136 1.256309058
24413899 1.382166174
24399151 1.444582796
24388424 1.496086765
24348761 1.546396576
24198596 1.595254302
24189846 1.643289209
24162147 1.693052834
24156274 1.744399919
24141864 1.793976735
24133622 1.843006393
24116611 1.89044324
24111393 1.935616056
24079387 1.982402038
24069516 2.029388684
24050119 2.077335255
24033292 2.125118316
24026659 2.172700162
24014446 2.219275172
23980004 2.265705583
23923130 2.310091382
23866120 2.354444167
23853746 2.399111424
23847037 2.443079169
23840237 2.486227996
23811446 2.529568725
23801076 2.57232511
23765847 2.614944463
23755777 2.656724872
23746100 2.698732252
23721547 2.781459336
23702286 2.821890143
23694760 2.86368394
23683227 2.905283359
23676586 2.946451061
23672379 2.986723203
23651631 3.02588881
23641383 3.066267594
23626666 3.106266573
23621451 3.144119022
23616517 3.183168768
23610653 3.220097826
23585159 3.25803422
23560434 3.295250021
23551441 3.331270592
23548341 3.36670571
23546371 3.403023488
23533795 3.440154642
23519354 3.476008674
23515566 3.511548229
23512152 3.546527918
23508093 3.580394613
23505238 3.613768554
23498023 3.646499045
23489626 3.678721395
23479402 3.711892579
23474035 3.743109433
23472994 3.774327308
23468357 3.805793144
23466813 3.867290496
23465382 3.896580452
23465133 3.926591243
23464287 3.956962861
23458868 3.985722241
23458561 4.014385471
23458544 4.122421414
23458407 4.147668861
23458339 4.172456508
