24003829 1.06145336
23991084 1.178143058
23934905 1.290300448
23899822 1.338244844
23883589 1.386933967
23824766 1.435141264
23784113 1.482232792
23768008 1.53181318
23729089 1.582019549
23715334 1.631371483
23703332 1.679882095
23679391 1.727482161
23664156 1.775594526
23588729 1.820786022
23539140 1.867235451
23528103 1.912249584
23504849 1.957010257
23496949 2.001924785
23477173 2.04868376
23469866 2.094620003
23436358 2.13822581
23427815 2.18202236
23420742 2.225993427
23396143 2.269289592
23385277 2.312455912
23359286 2.356438112
23345298 2.400422343
23313013 2.443433281
23304797 2.48482351
23296785 2.527735797
23252562 2.57026973
23249020 2.612765389
23242964 2.652874209
23206399 2.693721019
23201198 2.735090555
23185230 2.777008962
23184418 2.818478435
23152904 2.858716669
23150719 2.899415584
23135041 2.939185881
23130769 2.978864972
23128418 3.018054931
23126590 3.057460932
23124771 3.096687741
23122899 3.134078023
23109135 3.172274885
23094016 3.208872767
23090608 3.245760292
23088423 3.282310108
23088416 3.318562399
23065224 3.352847103
23063405 3.388110498
23052176 3.423416117
23049352 3.457570403
23047618 3.491287484
23040545 3.524603096
23039328 3.558518142
23035928 3.592487198
23034644 3.625361784
23030674 3.658464473
23021084 3.690215642
23018350 3.753335313
23017530 3.78531891
23012843 3.816157614
23012157 3.8463484
23009892 3.875355687
23008208 3.904460611
23006682 3.932940325
23004603 3.9602163
23004135 3.986754172
23003313 4.038281267
