24230182 1.079902019
24200856 1.218496007
24145403 1.275630085
24140326 1.334437241
24090644 1.384811348
24058301 1.434025749
24043558 1.482514632
23976962 1.530678643
23969862 1.581714435
23958667 1.632574075
23915868 1.682414497
23908946 1.732094039
23885794 1.780899782
23879289 1.827219952
23860518 1.87351441
23761212 1.919696163
23743719 1.965413603
23725763 2.011258811
23718219 2.057525401
23659141 2.103644017
23631529 2.148961057
23615849 2.194774448
23611002 2.239604833
23594195 2.283742988
23583077 2.327446685
23578107 2.370563485
23569993 2.412365396
23513633 2.454977528
23506284 2.49836252
23492780 2.542132118
23479697 2.585430423
23469888 2.627269093
23435059 2.670553163
23429347 2.712695684
23414073 2.755192329
23404215 2.795816858
23397810 2.837916809
23371799 2.878819756
23370740 2.920637195
23369144 2.960641725
23356721 2.99997051
23351993 3.038190378
23338541 3.077477637
23332962 3.115645116
23289700 3.15326202
23285774 3.191127434
23274569 3.227715741
23271923 3.264559349
23263840 3.300760071
23262487 3.337595964
23261428 3.372348366
23260994 3.408358386
23250952 3.443126267
23246657 3.477769344
23244923 3.512005301
23242763 3.54561583
23239834 3.579436193
23237983 3.614828612
23235035 3.650827883
23221369 3.683973169
23216636 3.716868235
23215069 3.749602969
23206038 3.78159897
23205659 3.812989969
23204581 3.844404124
23202303 3.875566343
23201715 3.905353106
23200996 4.074751714
