23974131 1.027157238
23900526 1.157438146
23854002 1.215094108
23818186 1.264281004
23778943 1.318209858
23768943 1.415314369
23655970 1.463767612
23631601 1.513474437
23624725 1.56354666
23588564 1.611611541
23579598 1.660464856
23566042 1.70891119
23556107 1.758501714
23542088 1.80333322
23521086 1.849366276
23486282 1.894514044
23453106 1.940063985
23437566 1.986204114
23432676 2.032091959
23418898 2.07783979
23413269 2.121652848
23410069 2.166526006
23367798 2.211133242
23364340 2.254820269
23319503 2.300006454
23305409 2.344568226
23277463 2.389394572
23266466 2.433764931
23261950 2.477273879
23249995 2.521557795
23226177 2.563754423
23197682 2.605886876
23193494 2.6480379
23189671 2.690770152
23183238 2.732845921
23177997 2.774508782
23175979 2.815171986
23167358 2.855584012
23140483 2.895241586
23130762 2.935478944
23118182 2.974316499
23105684 3.013441259
23103796 3.05267963
23092826 3.091155616
23088933 3.129942166
23086065 3.168171323
23070765 3.205835221
23069685 3.28014048
23067236 3.317825307
23066815 3.355080792
23053493 3.428145315
23048626 3.465265102
23042048 3.500301875
23040149 3.536623903
23035842 3.571400765
23021661 3.609798887
23016952 3.647763573
23013987 3.681808419
23012927 3.716102541
22987791 3.782553431
22987049 3.816228429
22984916 3.848874291
22981023 3.881282841
22979116 3.914676729
22976493 3.946633982
22975527 3.978050138
22975258 4.009928964
