23815960 1.042638246
23776456 1.15766578
23725959 1.22100948
23687115 1.326707971
23654411 1.37594689
23645313 1.42381219
23625186 1.472034834
23573184 1.522969369
23569170 1.573255733
23543013 1.622972953
23495831 1.672150613
23481717 1.718271825
23455357 1.763305344
23440087 1.808985454
23435163 1.8549604
23430898 1.900714535
23400465 1.945987591
23389785 1.991438761
23367053 2.038066497
23361720 2.083388657
23301005 2.127018164
23293275 2.17100078
23278748 2.213673833
23272492 2.257166456
23257323 2.300424434
23217302 2.344196786
23199529 2.3878955
23169068 2.430995347
23162115 2.47445884
23137947 2.516537482
23109163 2.559297697
23107654 2.601682811
23099922 2.643680832
23078126 2.683629598
23075940 2.724800868
23067421 2.765870269
23065206 2.805548596
23063811 2.845844708
23061330 2.885904212
23046320 2.925367028
23023129 2.963525489
23010339 3.002509773
23007913 3.041418604
23006054 3.08052674
22999284 3.118462426
22974644 3.155979612
22972521 3.193349515
22970807 3.230257848
22947629 3.266898184
22940817 3.30308039
22938521 3.338881367
22935339 3.374880568
22933440 3.411505005
22932379 3.448076048
22925802 3.483470851
22924738 3.519232688
22924038 3.555019762
22915832 3.589679949
22914973 3.624678377
22914767 3.659322238
22913797 3.693665884
22913768 3.728343555
22906300 3.796142432
22905389 3.829554062
22903375 3.86650795
22901209 3.903203495
22899940 3.936496071
22899383 4.001910108
22899249 4.034366249
22897836 4.066931809
22897769 4.324745316
22897161 4.389176899
22895945 4.420192709
22895449 4.451565359
22895337 4.483532434
22895270 4.5147832
22893138 4.545617914
22889984 4.576097529
