23953500 1.096385735
23940012 1.221797578
23909295 1.283536237
23879850 1.333606822
23842339 1.382758534
23802684 1.430861637
23777175 1.478727443
23754568 1.526560495
23734921 1.576384711
23726018 1.62533359
23699555 1.674196234
23687923 1.721583407
23676774 1.768841781
23670619 1.813817744
23647055 1.859984767
23635395 1.905333835
23608210 1.950094893
23587199 1.994397055
23580471 2.040791383
23552628 2.086648381
23531382 2.130047152
23518510 2.172799263
23493455 2.215961052
23485465 2.260231467
23478002 2.304545038
23438302 2.34805545
23410740 2.390959061
23404884 2.433389413
23392057 2.475959099
23389492 2.519025437
23381729 2.562398659
23351516 2.604013073
23343962 2.64698178
23340156 2.68903711
23336292 2.729903057
23323128 2.770652639
23303431 2.811069733
23294491 2.851596697
23271338 2.892045728
23269473 2.931831557
23267803 2.97085017
23256139 3.00927956
23251428 3.04791188
23244620 3.086386552
23233762 3.125233137
23231803 3.162442361
23218984 3.199591597
23212351 3.274036879
23204753 3.311346911
23200237 3.349322722
23198744 3.386085002
23198550 3.421812001
23195855 3.45766435
23193731 3.49419852
23191342 3.529892772
23172445 3.566205897
23169346 3.601297011
23167539 3.636570885
23164019 3.671794079
23163316 3.707382835
23162186 3.742433675
23157719 3.777243673
23155274 3.811974664
23153472 3.84634689
23151629 3.881316208
23150570 3.913710369
23150219 3.947461952
23138008 4.014822041
23134729 4.047887867
23134504 4.080964886
23128274 4.113566133
23127646 4.178605205
23126986 4.210468087
23126064 4.27501722
23125648 4.306197253
23125420 4.33771766
23125044 4.369185153
23124342 4.461764575
23123410 4.692937664
23122618 4.74994086
23122242 4.804917566
23122134 44.59271887
23121963 44.695275228
