29553737 2.061119357
29500747 2.240180319
29444974 2.334164313
29417384 2.416173479
29371563 2.502276068
29315505 2.679475784
29303440 2.763254452
29288357 2.848810043
29276201 2.926158359
29267153 3.008156867
29237614 3.086887811
29228727 3.162680909
29207695 3.238396889
29204242 3.313932707
29155512 3.389846145
29148381 3.464101529
29144815 3.538498945
29134177 3.611945211
29116905 3.683820973
29074821 3.758370984
29065233 3.83208423
29051286 3.905758932
29024112 3.975984116
28989680 4.049223815
28984122 4.12039967
28970622 4.192131498
28949290 4.26372856
28916463 4.332429323
28907744 4.40464577
28901000 4.474092988
28870086 4.544885703
28862812 4.615956544
28851222 4.685999046
28839703 4.753780572
28823464 4.822606272
28820111 4.893461114
28808245 4.963496262
28805929 5.031557523
28793387 5.099906403
28763679 5.167741792
28749794 5.237389384
28739646 5.3040239
28734425 5.371520024
28731285 5.439207621
28728115 5.505735733
28699165 5.573209649
28650457 5.639816479
28643060 5.705278271
28640501 5.772272104
28634664 5.837902822
28628329 5.90263186
28608681 5.970021583
28604385 6.034041456
28581362 6.099133154
28566179 6.162607544
28559022 6.227031902
28535702 6.288973465
28514118 6.351077149
28489431 6.413997749
28485865 6.47590505
28482941 6.538558487
28478438 6.600494332
28476773 6.660625842
28437770 6.719305695
28431754 6.780634339
28427283 6.840902777
28421251 6.90206866
28418639 6.963846238
28416547 7.024113139
28412326 7.083831399
28407425 7.143688833
28405405 7.20286842
28397230 7.262204524
28395403 7.320450526
28393735 7.37702466
28389875 7.43337389
28375804 7.54823194
28371301 7.605051284
28369685 7.661879645
28367665 7.716613503
28362619 7.771927031
28355631 7.825750677
28354973 7.88218489
28347794 7.938017777
28332387 7.991345805
28331022 8.044964809
28330834 8.099209759
28329741 8.152285262
28327852 8.204967396
28326364 8.258817871
28325977 8.311538467
28324298 8.363346337
28316969 8.413655347
28307044 8.465666059
28303510 8.516938406
28298267 8.617319965
28296999 8.66838293
28296973 8.71782793
28295298 8.767145338
28295097 8.814996504
28294803 8.862794227
28292101 8.912225849
28291602 8.961115342
28291280 9.009716633
28290916 9.058249272
28290715 9.1048541
28290421 9.150952347
28290395 9.197124249
28289648 9.24464088
28288916 10.162584163
28288184 10.928667429
28287953 35.5626017
28287127 36.122168547
28286770 36.669037711
28286460 103.508755051
28286309 103.852121554
28285344 128.561281655
28285193 129.069904546
