29130753 2.054679695
29076640 2.221632197
29064120 2.30970365
29058464 2.393119379
29044653 2.478825686
29027622 2.563360665
29021170 2.651721606
29012829 2.733067892
28989248 2.814271505
28960660 2.88746099
28933465 2.963957852
28905525 3.038538173
28904688 3.112744444
28872567 3.187859519
28792015 3.260698976
28785083 3.332845388
28759685 3.407474621
28747235 3.478436599
28738624 3.551493193
28736419 3.62266664
28661214 3.693511839
28646794 3.765179329
28591096 3.837021885
28566722 3.906433042
28552741 3.97814549
28549060 4.047802142
28517871 4.11856467
28504131 4.18821602
28500486 4.257471017
28488504 4.327962783
28478929 4.395716475
28477177 4.462427612
28442922 4.53133135
28430538 4.59891419
28372713 4.665875712
28348756 4.732806124
28309170 4.799984487
28289360 4.867248003
28281892 4.933856555
28251400 4.998666424
28235082 5.064880451
28227764 5.128378377
28217350 5.193616093
28197357 5.259507734
28188141 5.32538564
28173677 5.387875711
28168013 5.452416413
28157959 5.517351834
28156726 5.581451785
28133300 5.643603616
28126857 5.706640485
28120043 5.771786635
28103541 5.834636844
28100954 5.895735866
28098186 5.957100477
28077833 6.019049798
28073449 6.080361965
28069276 6.142109045
28062462 6.203634361
28050089 6.264686235
28029245 6.324997102
28028497 6.38472445
28017220 6.505440115
28012429 6.56559197
28010811 6.625933617
28001340 6.685307731
27971879 6.742763931
27968179 6.800971492
27967463 6.858256195
27962462 6.916609573
27961142 6.975773165
27957804 7.03312657
27904642 7.089010941
27891693 7.145785373
27883356 7.20023838
27882991 7.254869188
27881880 7.31033272
27881432 7.363233925
27877048 7.418335874
27875867 7.470864197
27875508 7.524630246
27873883 7.628445849
27873018 7.68124302
27869064 7.733974456
27865241 7.784346576
27864525 7.836177013
27863526 7.887355929
27862754 7.937344286
27862389 7.987078332
27861876 8.035240077
27861511 8.084589545
27860763 8.179472623
27858167 8.274529808
27856559 8.370145609
27855696 8.418665922
27854501 8.462022954
27854156 8.591073817
27853311 8.631880243
27851517 8.75512078
27851384 8.87176562
27850583 9.135599261
27848975 9.172656257
27848839 9.698378243
27848803 9.928011968
