29430882 2.040533645
29394544 2.198809178
29346850 2.288592705
29300090 2.367659251
29260403 2.453922213
29200310 2.546958131
29192879 2.637753274
29178976 2.722385893
29167610 2.802557166
29159981 2.882470502
29137318 2.958771939
29107396 3.034410955
29090200 3.112262487
29076163 3.192098317
29043285 3.267456626
29029108 3.340962982
28997184 3.414378703
28947485 3.486869045
28931443 3.561973378
28900288 3.63414287
28895427 3.705973099
28841158 3.779079977
28828933 3.849896996
28808805 3.919952824
28801535 3.989602856
28780899 4.060492336
28765459 4.130410193
28752475 4.202663853
28743611 4.272777856
28727108 4.344940058
28723957 4.411538606
28708618 4.480155191
28702366 4.549146758
28690675 4.618882706
28676893 4.686571932
28662296 4.754748729
28650042 4.822911839
28642518 4.892327845
28632821 4.959683332
28560510 5.025848138
28554164 5.092358432
28553199 5.158844853
28551084 5.226918299
28547357 5.29251698
28539018 5.359657127
28523959 5.425440681
28505847 5.491504371
28501233 5.556379371
28495623 5.621112998
28493088 5.685702781
28480945 5.749816638
28476668 5.813827624
28468427 5.877407087
28465181 5.941355438
28451627 6.005445768
28449541 6.068488695
28445991 6.131895926
28437298 6.195103974
28432818 6.257237062
28425727 6.317540512
28407255 6.379439767
28392089 6.439752193
28388669 6.502314501
28381439 6.564052883
28374255 6.624439651
28371923 6.685068262
28333765 6.745246165
28329672 6.805304012
28314745 6.862455426
28307614 6.922482507
28305558 6.980876996
28296192 7.040667011
28293052 7.096491733
28289705 7.153831534
28288805 7.21238139
28283107 7.269178791
28280821 7.326913452
28253006 7.38392476
28248736 7.44048782
28239965 7.496218683
28237767 7.551582511
28235733 7.607083437
28235197 7.663697996
28231720 7.718558106
28220994 7.773251323
28215201 7.82765316
28214417 7.881292054
28211988 7.935548792
28209711 7.987554821
28179205 8.039491772
28174254 8.091869251
28172056 8.144004312
28170852 8.195751353
28170648 8.247708349
28169342 8.298977424
28166190 8.398372903
28162985 8.495281852
28161222 8.589750898
28158453 8.637746323
28157867 8.682714565
28154324 8.726417821
28153874 8.770082769
28153719 8.854935202
28153590 8.895739461
28152417 8.936066248
28151413 8.973671381
28150510 9.08363108
28149780 9.182780452
28149391 9.248197233
28148568 9.280703797
28148125 9.311567616
28147802 9.341569633
28147266 9.370781448
28147076 20.256860944
28146923 20.297795682
28144812 20.378612081
