29649404 2.082614199
29613662 2.257265702
29585200 2.34278795
29551058 2.41942689
29529978 2.501737305
29500897 2.59469306
29480935 2.679041082
29438897 2.762823814
29422580 2.84406404
29374340 2.923189634
29360650 3.002027842
29318215 3.075142655
29306407 3.148849558
29252649 3.221435641
29234187 3.294449677
29226281 3.366013545
29158413 3.438332343
29155182 3.510359687
29120722 3.581801455
29075314 3.652615134
29038204 3.723881362
29026321 3.795546844
29015696 3.867088086
28991580 3.936713441
28980934 4.004990331
28963793 4.071462852
28955262 4.139261225
28948875 4.207293565
28932794 4.275978926
28929303 4.342960618
28926491 4.411102821
28907352 4.47745846
28882099 4.543824705
28875101 4.610925914
28860328 4.677022324
28846605 4.742400806
28824075 4.807818654
28822988 4.873291617
28797718 4.938719453
28779583 5.002701648
28763038 5.067857687
28759928 5.131545918
28735904 5.195219313
28727772 5.258574465
28720610 5.322316657
28707984 5.384724069
28694147 5.447208765
28683230 5.509021961
28676690 5.571005885
28587994 5.631981148
28585757 5.694791738
28576079 5.754744889
28561172 5.816073495
28560146 5.8779523
28551878 5.936724707
28551598 5.997734202
28541875 6.057784367
28541059 6.117605444
28537745 6.179261674
28526879 6.238602309
28522000 6.297541651
28509734 6.357557216
28504276 6.472913377
28498750 6.530391471
28490696 6.588798696
28486842 6.646603917
28481585 6.704735461
28470312 6.761174262
28461929 6.818606858
28458325 6.874630975
28446481 6.930237813
28440751 6.985283199
28428111 7.0398817
28415939 7.094733313
28400157 7.149650779
28363679 7.203274422
28359430 7.259746561
28354195 7.312931521
28352645 7.366317014
28352109 7.41899743
28350536 7.47161153
28347222 7.576023847
28339602 7.627976665
28339076 7.680384898
28338520 7.730115368
28336592 7.832024005
28331014 7.88158549
28327828 7.931166902
28319922 7.980520718
28312460 8.031076531
28311712 8.079814137
28311186 8.128922448
28305540 8.177790792
28302081 8.225755776
28300920 8.273074332
28299758 8.320529771
28292893 8.367504766
28291958 8.506466582
28290444 8.551643506
28290210 8.598367865
28290048 8.644218225
28289545 8.689046684
28289311 8.732715507
28288740 8.81953725
28288380 8.860830456
28288187 8.902897848
28288146 9.105802112
28287977 9.143397327
28287643 9.216459464
