29393176 1.936164422
29384931 2.102442244
29348031 2.197148995
29237986 2.2831972
29173822 2.368139848
29156460 2.454002232
29141690 2.538578501
29130787 2.622162752
29118746 2.704341137
29087975 2.78725117
29056289 2.86871443
29037348 2.945097498
29002972 3.020857894
28998329 3.096500662
28987008 3.169354296
28944714 3.245048904
28910826 3.317760464
28895399 3.390607092
28864110 3.465389332
28845200 3.539737514
28831495 3.613123969
28784542 3.685213466
28762144 3.758020761
28718584 3.829182522
28686437 3.900239376
28675534 3.971506938
28616336 4.042574294
28607022 4.112078121
28593471 4.182453622
28582398 4.253586608
28560129 4.32525804
28522321 4.39444088
28501668 4.465120943
28492525 4.535132619
28487715 4.605825194
28482618 4.676651685
28466931 4.744600654
28457811 4.814371019
28446772 4.882312818
28437253 4.950220906
28406229 5.018895546
28377195 5.086128149
28355726 5.152575012
28338950 5.219501482
28323683 5.287528524
28302029 5.35404088
28296809 5.419457609
28295206 5.483312047
28292849 5.547797136
28281084 5.612759319
28275859 5.674082506
28269018 5.737554469
28257149 5.800214094
28246860 5.863197788
28234575 5.925382064
28232218 5.987576089
28230855 6.049470247
28224296 6.110141671
28221212 6.172669975
28197273 6.233215855
28125968 6.292450519
28123104 6.353045381
28113761 6.412075688
28103245 6.471323824
28098966 6.532181212
28096746 6.591759853
28095198 6.649026679
28092089 6.709073041
28091685 6.766279506
28083570 6.823397252
28081365 6.880913845
28074319 6.936771072
28068174 6.992274535
28063895 7.048395041
28045160 7.104243613
28044348 7.158116892
28035372 7.211460874
28033486 7.264696104
28025507 7.318620644
28023635 7.372197043
28010881 7.423594079
28005063 7.475862507
28003654 7.526419464
27995843 7.62571475
27993771 7.721580643
27993541 7.768228961
27990380 7.814009092
27986537 7.858036175
27977586 7.902302892
27977520 7.945808405
27975653 7.989141197
27973861 8.03147215
27972334 8.071980605
27964887 8.112831675
27963794 8.153733126
27962843 8.192809691
27961750 8.232504451
27954628 8.272863668
27953176 8.309964538
27950630 8.347731989
27949818 8.38399116
27949156 8.420536794
27948063 8.456860092
27947833 8.491830479
27947260 8.562456703
27947251 8.595853221
