29155242 2.021996294
29088139 2.201717821
29048016 2.290778742
29015168 2.370185727
28922602 2.454561096
28910552 2.54242979
28889179 2.625557719
28882955 2.709761111
28858783 2.787884635
28827511 2.863075403
28807411 2.939817997
28796393 3.01611808
28781841 3.092799026
28752564 3.169521479
28747872 3.245128144
28695343 3.319048946
28685237 3.390793542
28657431 3.464472758
28646769 3.53782134
28611703 3.607805799
28598637 3.678134198
28592122 3.748306609
28556067 3.819446132
28548719 3.88924118
28509067 3.95713914
28493711 4.026919465
28486122 4.094797284
28475468 4.162923547
28461910 4.232119828
28455363 4.301525006
28444561 4.369834651
28433060 4.436034904
28416564 4.50267024
28367387 4.567606882
28362623 4.633666258
28358662 4.701347979
28332899 4.767200133
28318731 4.834188202
28314252 4.900970514
28306505 4.967200297
28304187 5.031330386
28294297 5.09479282
28290423 5.159557688
28285181 5.223056974
28257641 5.285191916
28240794 5.349030279
28207445 5.410408905
28178063 5.472979093
28169098 5.534443206
28164416 5.595661322
28162308 5.655431115
28089045 5.71586241
28079892 5.777206631
28074583 5.837377101
28074437 5.897359169
28065907 5.957561319
28064212 6.016913963
28051686 6.07528963
28046005 6.135672516
28033203 6.193916279
28032011 6.252598482
28027109 6.310920288
28025610 6.369509151
28023897 6.427573114
28015552 6.487322473
28003363 6.544603813
27986625 6.600927186
27981807 6.6563495
27974282 6.712278386
27970259 6.767498404
27967977 6.823575131
27959612 6.87870809
27950059 6.933007952
27940254 6.989717527
27936266 7.044477648
27926271 7.100971886
27922261 7.15842659
27920803 7.215391977
27907585 7.269383787
27906580 7.321058106
27898425 7.374686805
27896411 7.426396518
27884334 7.478843941
27882052 7.581188184
27879432 7.681919778
27879325 7.732120028
27870299 7.781871178
27867633 7.831425953
27865861 7.881624842
27863601 7.930512304
27860390 7.97946285
27859953 8.121601108
27858255 8.168465081
27854102 8.261849943
27852330 8.309309842
27851845 8.353723442
27851802 8.444877467
27851365 8.489197445
27848915 8.53399835
27847789 8.665779817
27847687 8.707569806
27847304 8.788145561
27844553 9.070706678
27843763 11.154114522
