34161725 3.129153495
34130951 3.330508659
34120369 3.454794895
34091303 3.56883145
34059596 3.686990007
34039403 3.796466773
34009101 3.9052381
33985176 4.027109509
33940707 4.142430728
33935002 4.254339068
33917499 4.36285756
33886464 4.47152709
33859092 4.576428611
33820834 4.684217388
33755545 4.792331659
33700470 4.901679061
33693472 5.00853216
33684811 5.112068373
33668789 5.217001659
33649254 5.320263952
33621778 5.42289905
33615152 5.523437027
33581885 5.626091756
33537487 5.7275191
33524644 5.828689659
33488881 5.931788738
33480387 6.031062006
33467953 6.130780801
33433259 6.230921175
33418713 6.333159246
33408432 6.433949593
33398657 6.533312565
33381142 6.635131419
33376803 6.737003415
33372405 6.837011371
33347037 6.933750499
33307179 7.033409557
33295430 7.135962384
33290025 7.231934663
33287516 7.328592122
33282556 7.423661147
33266773 7.518969792
33247705 7.611901574
33225046 7.706089569
33219657 7.800188936
33184824 7.895055122
33171379 7.988813667
33161732 8.081424827
33154597 8.175597381
33134234 8.268552454
33129140 8.362562102
33124456 8.455889197
33118491 8.548301558
33115018 8.640886373
33113952 8.732061237
33094156 8.82351492
33089463 8.913778703
33086645 9.006025432
33080625 9.096802553
33063017 9.187203331
33054372 9.27594425
33040857 9.364876337
33032655 9.453399878
33029958 9.54253642
33019919 9.630709914
32999846 9.719079081
32990405 9.809523106
32975825 9.896646234
32891538 9.985089199
32882756 10.069436495
32877761 10.154718904
32859555 10.239945108
32857373 10.323450799
32854802 10.406319081
32852639 10.492656625
32844069 10.575290109
32840003 10.659476451
32837984 10.74176505
32834562 10.827090962
32829698 10.911009661
32823212 10.99644725
32814074 11.078899867
32811864 11.158385584
32810842 11.238198762
32802445 11.319513251
32799921 11.401262226
32788825 11.482396386
32786481 11.562835374
32766941 11.644355985
32756972 11.725296173
32747572 11.804339424
32745322 11.884623977
32743419 11.964117416
32736408 12.043797053
32732004 12.123253945
32730283 12.20189132
32715675 12.279010901
32709037 12.35714989
32706690 12.433502122
32697077 12.511184486
32693814 12.58676031
32691818 12.664098655
32678688 12.73777719
32677411 12.812490298
32659437 12.886606878
32655354 12.961368346
32645295 13.035751366
32640905 13.179272257
32640067 13.326850224
32638071 13.471030263
32633563 13.543011647
32632741 13.612833863
32628957 13.684305036
32623242 13.75349895
32620145 13.825177932
32614099 13.894433867
32611752 13.962630271
32609814 14.031187787
32608082 14.098174883
32604681 14.165736559
32598417 14.299459809
32597184 14.364098486
32595907 14.427772201
32594341 14.621863651
32594125 14.683455482
32593832 14.746790874
32593251 14.807046574
32591024 14.867126492
32589791 14.926367385
32589322 14.987031047
32588986 15.102100281
32588067 15.157536593
32588028 15.211677134
32587427 15.268042179
32587243 15.323722075
32586352 15.378702922
32586212 15.433561843
32585805 15.487118876
32584227 15.540071051
32583764 15.593698105
32583515 15.647053425
32583447 15.700247903
32583307 15.753653547
32583210 15.805118957
32582886 16.064627211
32581693 35.531148823
32581540 35.58632344
32581346 35.867346194
32581065 36.246955753
32580741 36.455274479
