33757896 3.134521215
33704585 3.338220575
33693674 3.461157285
33663144 3.579046149
33630528 3.700235597
33602605 3.8129416
33584898 3.922613675
33570881 4.042180006
33547884 4.157508598
33526330 4.268734627
33482075 4.378487638
33434021 4.484150262
33422535 4.594085896
33414895 4.697141812
33402542 4.801469196
33390186 4.904249128
33347582 5.006753087
33303344 5.10782855
33292794 5.213940165
33251871 5.318885733
33239090 5.424565326
33220943 5.527788093
33205909 5.631880166
33173032 5.734162756
33168600 5.833170711
33166066 5.936228828
33130899 6.039296287
33128245 6.139559502
33122108 6.240590154
33111759 6.342759139
33099745 6.444272125
33079126 6.543791302
33061751 6.643974518
33055294 6.742256747
33006562 6.839664855
33004315 6.93700372
32999386 7.034540958
32972933 7.136048248
32969766 7.234332489
32957489 7.332667159
32931358 7.428427937
32901695 7.521686493
32898797 7.620058181
32892024 7.713387263
32869756 7.811200543
32857730 7.908004405
32849857 8.004190977
32841300 8.098899085
32834294 8.191470109
32824770 8.287645867
32819061 8.381680646
32804111 8.472400082
32783064 8.565193129
32771042 8.657840672
32767651 8.747738951
32755571 8.836967011
32719891 8.927430065
32688086 9.017680271
32675919 9.107031826
32675866 9.197029624
32671302 9.284480564
32663569 9.373419053
32614766 9.462581798
32604384 9.551270015
32582594 9.639863052
32572657 9.728020303
32564870 9.818611778
32563814 9.904784877
32541433 9.99014865
32529232 10.075830751
32521481 10.163234447
32519430 10.246591381
32506601 10.333234015
32501112 10.420738371
32495127 10.503884158
32492865 10.58715577
32476453 10.670945305
32473508 10.754921725
32470369 10.83678353
32467742 10.92096248
32466831 10.9999787
32464256 11.084120938
32452611 11.165686174
32449472 11.247540686
32446511 11.327774956
32437254 11.410155801
32427202 11.569510622
32426104 11.648487246
32411874 11.730525953
32382780 11.809651136
32381041 11.968209376
32380189 12.046114887
32379104 12.122998165
32377631 12.200705442
32375628 12.277673763
32364933 12.354850237
32356335 12.432049261
32350683 12.508442902
32338544 12.584363582
32333583 12.660275234
32331704 12.734767192
32330391 12.808540099
32325516 12.884323317
32321399 12.955954138
32319228 13.10305436
32313786 13.175591815
32306314 13.248271514
32292767 13.320979965
32292696 13.392437333
32287053 13.461252537
32275939 13.531982622
32274445 13.599419229
32273031 13.669859044
32266921 13.736359955
32265292 13.804314142
32262898 13.871509414
32260961 13.938975522
32256512 14.005201935
32254328 14.06968162
32251337 14.13441152
32249269 14.199514797
32249159 14.263059539
32245469 14.390092093
32244910 14.454016481
32244335 14.516590532
32241322 14.580437434
32240505 14.642631703
32240484 14.704268108
32239475 14.827512891
32236371 14.888468482
32235760 15.009838962
32235231 15.06773599
32234933 15.129848719
32232711 15.197002487
32231213 15.256056002
32230700 15.3158387
32228652 15.374461897
32228253 15.429954496
32227539 15.488685431
32222482 15.544735763
32222078 15.713678627
32220748 15.769082338
32220253 15.934442103
32219823 16.04324337
32219605 16.098825518
32218797 16.153009993
32218224 16.208297395
32217925 16.262766237
32217854 16.318175777
32217842 16.427487309
32217475 16.483064473
32216849 17.934006799
32216846 19.76604083
32216339 40.668528592
