34266638 3.13641249
34182525 3.32920186
34153871 3.453749964
34122874 3.579224356
34095628 3.701424457
34052557 3.825593133
34034541 3.94234753
34028427 4.061430618
34003691 4.176100566
33996172 4.287724611
33973740 4.40135871
33950150 4.514199332
33932368 4.621108494
33878223 4.729148448
33863319 4.836291048
33842301 4.946308737
33830087 5.053762014
33789482 5.159862938
33758271 5.268714898
33744118 5.375521725
33726115 5.483428075
33710191 5.589772129
33701587 5.696372281
33686020 5.79584705
33655378 5.901250723
33645982 6.004328805
33635844 6.106448627
33623800 6.209432714
33591274 6.31245792
33584185 6.412800769
33544427 6.516315901
33524616 6.616281321
33511178 6.714444334
33490116 6.816632759
33454439 6.915381518
33432075 7.014296529
33406245 7.116295653
33339786 7.212874242
33320987 7.312423368
33293729 7.410176551
33289173 7.506625335
33280311 7.604076304
33272535 7.70143556
33259882 7.798103273
33252779 7.898324925
33247314 7.99316545
33231660 8.089397341
33224351 8.187202761
33217724 8.28328333
33208582 8.376424015
33196105 8.470758763
33193602 8.565882214
33185629 8.661770216
33171273 8.755054172
33136581 8.850880433
33128681 8.944167513
33125016 9.035503622
33115472 9.128767538
33110210 9.220410023
33105567 9.312078435
33068172 9.404631641
33060873 9.495610163
33055898 9.589376772
33004168 9.680359124
32995706 9.76897142
32977027 9.85867795
32975447 9.949621293
32974939 10.037325818
32967915 10.124795298
32963714 10.21171406
32956491 10.300153317
32950997 10.472037753
32940605 10.557557925
32932625 10.644142941
32931228 10.727953166
32926712 10.813447092
32924607 10.899355278
32918333 10.985107514
32909485 11.069837295
32899964 11.154339807
32896856 11.238041545
32891179 11.322269151
32888604 11.40394504
32886585 11.487197683
32873667 11.569746764
32867286 11.65412369
32861046 11.733920811
32850445 11.813629065
32844558 11.893888577
32838247 11.975470514
32824114 12.134219959
32818826 12.216411065
32807498 12.297937047
32801187 12.375976344
32790991 12.455298945
32786516 12.534084048
32784981 12.611375864
32779263 12.689475086
32776344 12.768366657
32773084 12.844143169
32766911 12.921793564
32765464 12.998715941
32764465 13.07444477
32759071 13.150464362
32754683 13.228172781
32753520 13.300442013
32749992 13.376397764
32746972 13.451285437
32737118 13.52399519
32736933 13.597015802
32734611 13.741856287
32726369 13.815533884
32724849 13.888380333
32723689 13.962796346
32712430 14.033673642
32702954 14.104938775
32701526 14.318940281
32698506 14.390902202
32694736 14.461324418
32682936 14.53332337
32682787 14.673872043
32682088 15.016989909
32682015 15.217452274
32680151 15.282965313
32679541 15.416029229
32677207 15.482059118
32676627 15.547826076
32676290 15.614111879
32675311 15.6778876
32671434 15.80866582
32670192 15.885573819
32669363 15.949934204
32668919 16.014393262
32668022 16.078905819
32667377 16.270233742
32664425 16.400605911
32663851 16.463087348
32663240 16.652994003
32661395 16.716123481
32661278 16.779208153
32659783 16.904397551
32659693 17.032069
32659175 17.275729171
32659110 45.865214951
