33982574 3.162072629
33965267 3.355078517
33925012 3.477545988
33869445 3.594241605
33857845 3.713425374
33817581 3.833057849
33804676 3.939993968
33754351 4.060338864
33720377 4.181299024
33686619 4.299791192
33632364 4.417353006
33607756 4.52671389
33587100 4.631415257
33570673 4.740507485
33547927 4.849060693
33529692 4.959577131
33514718 5.065351812
33498412 5.169619889
33493007 5.27308883
33471193 5.378307564
33376175 5.481687748
33357727 5.58301119
33350746 5.683272287
33306107 5.78689672
33302083 5.887621595
33283211 5.986793129
33263342 6.088808373
33249633 6.187338175
33203912 6.285200516
33194839 6.387839805
33178687 6.491369629
33171757 6.592935595
33168196 6.690571729
33155504 6.787511257
33152192 6.887219833
33115216 6.985034935
33111637 7.083012544
33099591 7.178542669
33095005 7.274970181
33080436 7.374421675
33074383 7.471263526
33069748 7.569439024
33057793 7.666291139
33047701 7.76156678
32991352 7.856640323
32984654 7.950484762
32980131 8.044988976
32933736 8.140084183
32917842 8.231430874
32910964 8.326461119
32889700 8.416691149
32881855 8.510140184
32870322 8.603907542
32864341 8.695733884
32857958 8.787345991
32845397 8.877078104
32830290 8.965330319
32817919 9.057928617
32810784 9.152956549
32796515 9.246166433
32791139 9.335921438
32733125 9.425068914
32720621 9.516048597
32714988 9.606294448
32707609 9.695797459
32704966 9.785295137
32699936 9.871122636
32688925 9.956681088
32680629 10.046280984
32671348 10.134594466
32667392 10.22176105
32662753 10.307459726
32661317 10.394129712
32640739 10.479832863
32635499 10.563549394
32629953 10.64917035
32623350 10.73450314
32605980 10.819050587
32604325 10.900098223
32601769 10.981983706
32599904 11.060309674
32584893 11.140046747
32570617 11.220300378
32564086 11.300811343
32561629 11.380856566
32545442 11.462317402
32534801 11.618860352
32529081 11.698499252
32524332 11.776987948
32504799 11.854471232
32499917 11.933917503
32472931 12.010747536
32468103 12.088709902
32460779 12.240105399
32442797 12.312023172
32437447 12.388314054
32434354 12.462760033
32406697 12.536372382
32395498 12.612020803
32390318 12.685711578
32386469 12.758687497
32385237 12.832197692
32383821 12.903112656
32383806 12.973873505
32382630 13.045199074
32381759 13.185463734
32377710 13.253683633
32361906 13.321719575
32359588 13.388897751
32358338 13.455611521
32357336 13.52442214
32345049 13.589811756
32344210 13.656109202
32343186 13.783201745
32342066 13.907835494
32337099 13.970472947
32336087 14.033531912
32331894 14.097617404
32331284 14.159535249
32330517 14.219575013
32328452 14.281723172
32326465 14.342348366
32326240 14.400373053
32325480 14.460079437
32324454 14.515793273
32322918 14.583140613
32322047 14.64705183
32321092 14.701987773
32318990 14.758159986
32318801 14.815328868
32318018 14.870475431
32314811 14.926743575
32314533 14.980793134
32314518 15.036166051
32313615 15.145256012
32312914 15.199647647
32312899 15.253418252
32312889 15.307476721
32312085 15.361277671
32312075 15.415581159
32311902 15.519087876
32311421 34.021989025
32311248 34.233255536
