78197267 1303.315312
77183950 1303.315330
77073635 1303.315332
77059252 1303.315333
76612586 1303.315335
74027502 1303.315336
72709219 1303.315337
72227833 1303.315339
71090329 1316.052028
70506426 1329.217115
69895245 1342.205484
69879560 1355.391120
69876135 1368.763940
69834940 1381.918128
69156071 1395.074442
68227703 1395.074449
68165296 1408.082529
68136647 1421.370427
68024181 1434.547606
67631348 1447.707599
67625673 1460.735241
67620940 1473.716455
66934436 1487.069361
66647826 1500.037046
66642664 1513.180494
66474070 1513.180500
66335319 1513.180502
66178827 1526.359034
65928508 1526.359040
65926566 1539.117074
65867901 1539.117080
65091717 1539.117082
64718091 1551.808695
64508763 1551.808701
64197987 1564.848015
63969824 1577.906513
63968954 1577.906519
63956501 1590.826708
63631372 1603.813001
62977969 1603.813008
62502408 1616.369230
62498016 1629.064457
62495834 1641.990849
62311818 1654.774534
62183187 1654.774540
62099049 1667.729312
61509869 1680.516950
61503179 1693.209433
61319739 1693.209438
60691283 1706.199741
60574280 1718.645360
60504281 1718.645365
59509520 1731.237504
59364804 1743.884583
59362033 1756.495852
58574116 1756.495857
58338483 1769.227268
57815402 1781.812119
57803529 1794.364988
57802248 1806.777434
57795989 1819.229536
57147762 1831.620250
57145821 1844.098608
57143598 1856.584177
56120671 1868.886703
55286005 1881.221977
55229185 1893.475453
55219113 1905.831656
55042425 1918.008346
55026366 1930.138623
55024774 1942.360699
55021908 1954.686946
55020205 1966.850885
55015967 1978.882184
54791943 1991.144162
53971442 2003.304760
53969598 2015.485594
53950379 2027.458845
53948434 2039.496665
53523012 2051.618990
53518884 2063.620531
53174205 2063.620536
52607633 2075.687799
52607312 2087.648885
51449630 2099.502569
51443375 2111.388479
51430624 2123.043721
51427386 2134.877308
51421535 2146.875567
51405590 2158.984217
51286152 2171.084702
51100796 2182.679131
50709256 2194.724214
50583135 2206.421484
50489905 2218.275261
50489532 2229.986385
50424474 2241.579229
50415507 2253.263815
50011009 2253.263821
49918602 2264.815265
49916807 2276.345942
49904252 2288.017552
48882643 2299.661268
48878330 2311.310241
48867233 2322.976546
48863101 2334.457219
48337447 2346.224412
48336698 2357.805131
47924683 2369.364615
47503532 2380.864614
47496731 2392.499467
47485785 2404.029886
47485367 2415.697242
47464241 2427.252374
47176691 2427.252379
47174831 2438.607112
47174072 2449.991736
47169943 2461.329002
47166981 2472.565051
46789242 2483.880168
46787450 2495.517534
46784772 2506.744691
46556317 2506.744697
46404378 2518.170666
46403232 2529.343698
46399375 2540.452178
46398574 2551.500522
46396618 2562.706384
45783412 2573.868929
45781705 2584.843320
45779100 2595.878555
45340844 2606.947954
44553333 2617.808741
44550403 2628.822239
44496701 2639.883927
44403509 2650.977079
44382145 2661.912551
44381161 2672.985029
43623605 2672.985037
43543872 2684.140100
43541752 2695.132279
43382776 2706.183009
43344909 2717.150547
43321264 2727.928242
43314537 2738.745606
43309144 2749.767846
43300279 2760.633042
43297695 2771.489812
43293630 2782.150156
43292434 2792.844928
43291004 2803.564243
43274331 2814.338721
43171094 2825.183288
43168262 2836.035696
43165274 2846.804069
43161765 2857.568832
42956151 2868.210550
42885247 2878.937213
42883155 2889.589519
42779652 2900.197941
42774483 2910.675185
42772760 2921.307068
42730293 2921.307074
42561271 2931.750079
42546167 2942.225697
42540784 2952.825891
42537822 2963.347439
42341211 2973.911575
42298875 2984.486480
42153088 2994.810021
42147289 3005.154149
42037657 3015.463384
42035635 3026.042601
41864901 3036.447895
41862327 3046.856292
41674076 3057.130994
41672124 3067.403360
41659499 3077.652037
41648130 3088.057380
41516610 3088.057386
41514836 3098.480878
41417945 3108.909266
41241887 3108.909272
41241091 3119.135829
41239260 3129.311172
41233708 3139.516874
41232684 3149.621011
41170996 3159.761652
41168360 3169.863448
41164202 3169.863454
41093760 3169.863455
41091433 3180.263273
40825293 3190.354092
40825254 3200.430434
40823055 3200.430440
4