PROBLEM_FILE = /tmp/tsp/17677.tmp/example.tmp
50774 0.763239
50745 0.763260
50699 0.763282
50696 0.763292
50691 0.763296
50684 0.763304
50677 0.763315
50669 0.763319
50471 0.763332
50413 0.763337
50410 0.763345
50387 0.763356
50383 0.763360
50373 0.763363
50370 0.763369
50368 0.763374
50331 0.763379
50327 0.763382
50326 0.763389
50320 0.763396
50317 0.763411
50300 0.763416
50294 0.763422
50287 0.763432
50278 0.763439
50268 0.763445
50265 0.763454
50260 0.763458
50257 0.763469
50254 0.763479
50246 0.763485
50243 0.763493
50232 0.763512
50227 0.763539
50222 0.763543
50214 0.763548
50194 0.763563
50189 0.763573
50187 0.763590
50173 0.763597
49809 0.763601
49799 0.763607
49794 0.763611
49792 0.763627
49752 0.763637
49663 0.763646
49662 0.763654
49657 0.763660
49655 0.763679
49652 0.763690
49650 0.763694
49645 0.763704
49640 0.763710
49627 0.763719
49626 0.763733
49622 0.763740
49620 0.763746
49616 0.763762
49607 0.763782
49602 0.763788
49596 0.763791
49595 0.763796
49589 0.763803
49587 0.763812
49586 0.763819
49581 0.763831
49574 0.763845
49093 0.763852
49092 0.763860
49075 0.763870
49073 0.763877
49072 0.763880
49058 0.763891
49053 0.763895
49049 0.763910
49028 0.763921
49023 0.763925
48922 0.763933
48905 0.763937
48774 0.763944
48746 0.763948
48732 0.763952
47085 0.763960
47080 0.763974
47079 0.763982
47074 0.763995
47069 0.764000
47065 0.764014
47063 0.764022
47045 0.764029
47041 0.764036
47034 0.764042
47027 0.764054
47018 0.764060
47015 0.764067
47011 0.764071
47009 0.764079
47001 0.764086
47000 0.764104
46831 0.764121
46824 0.764132
46808 0.764143
46800 0.764151
45784 0.764155
45640 0.764158
45404 0.764177
45399 0.764180
45393 0.764183
45110 0.764194
45044 0.764198
44901 0.764207
44783 0.764210
44635 0.764223
44602 0.764226
44588 0.764230
44583 0.764242
44580 0.764247
44575 0.764266
44574 0.764276
43213 0.764282
43209 0.764302
43194 0.764318
43192 0.764335
43187 0.764341
43186 0.764350
43181 0.764357
43174 0.764364
43156 0.764371
43145 0.764378
43131 0.764387
43128 0.764391
43126 0.764398
43124 0.764401
43122 0.764406
43101 0.764415
43060 0.764425
43055 0.764439
43051 0.764444
43001 0.764457
42684 0.764467
42021 0.764470
42005 0.764474
41901 0.764476
41887 0.764489
41850 0.764498
41848 0.764501
41609 0.764504
41506 0.764511
41502 0.764518
41370 0.764522
41367 0.764525
41359 0.764528
41347 0.764530
41336 0.764533
41331 0.764539
41330 0.764546
41325 0.764556
41291 0.764564
41286 0.764568
41283 0.764573
41279 0.764591
41277 0.764596
41276 0.764608
41269 0.764612
41255 0.764622
41251 0.764627
41246 0.764637
41241 0.764649
41235 0.764654
41233 0.764666
41214 0.764675
41200 0.764687
41198 0.764694
41197 0.764701
41193 0.764713
41190 0.764723
41186 0.764734
41182 0.764792
41167 0.764803
41160 0.764810
41155 0.764828
41145 0.764848
41140 0.764853
41138 0.764868
41127 0.764881
41118 0.764912
41107 0.764927
41105 0.764953
41101 0.764960
41081 0.764996
41068 0.765029
41055 0.765034
41034 0.765038
41031 0.765044
41024 0.765048
41023 0.765062
41022 0.765068
41008 0.765073
40986 0.765077
40973 0.765081
40943 0.765085
40801 0.765095
40793 0.765099
40774 0.765120
40696 0.765204
40691 0.765212
40685 0.765219
40327 0.765238
40190 0.765279
40140 0.765294
40122 0.765312
40113 0.765316
40059 0.765328
40057 0.765332
40047 0.765341
39909 0.765354
39907 0.765369
39902 0.765379
39895 0.765382
39893 0.765387
39877 0.765436
39846 0.765441
39834 0.765446
39805 0.765450
39804 0.765453
39800 0.765463
39760 0.765475
39712 0.765481
39660 0.765491
39638 0.765494
39589 0.765498
39577 0.765502
39548 0.765508
39538 0.765512
39406 0.765520
39362 0.765524
39279 0.765535
39271 0.765539
39192 0.765546
39179 0.765550
39104 0.765553
39029 0.765561
38956 0.765570
38951 0.765573
38936 0.765578
38934 0.765589
38924 0.765599
38918 0.765603
38906 0.765609
38902 0.765613
38897 0.765626
38653 0.765646
38652 0.765653
38643 0.765667
38641 0.765675
38635 0.765679
38634 0.765685
38623 0.765690
38620 0.765700
38614 0.765707
38591 0.765712
38582 0.765722
38577 0.765728
38576 0.765732
38530 0.765736
38529 0.765750
38514 0.765761
38433 0.765814
38429 0.765824
38425 0.765827
38413 0.765831
38409 0.765840
38402 0.765846
38399 0.765850
38359 0.765854
38337 0.765859
38329 0.765865
38315 0.765873
38172 0.765881
38165 0.765885
38162 0.765888
38108 0.765898
38010 0.765906
38005 0.765913
37986 0.765917
37937 0.765921
37900 0.765928
37895 0.765931
37879 0.765938
37773 0.765946
37766 0.765957
37755 0.765961
37644 0.765974
37636 0.765982
37632 0.765987
37629 0.765992
37616 0.766003
37615 0.766009
37611 0.766013
37607 0.766018
37606 0.766027
37604 0.766032
36794 0.766043
36790 0.766050
36786 0.766060
36782 0.766065
36779 0.766068
36774 0.766072
36771 0.766083
36715 0.766093
36679 0.766096
36671 0.766100
36660 0.766111
36447 0.766121
36387 0.766129
35925 0.766133
35913 0.766136
35904 0.766145
35900 0.766152
35894 0.766165
35759 0.766181
35754 0.766190
35753 0.766201
35751 0.766216
35747 0.766220
35745 0.766230
35621 0.766239
35498 0.766258
35476 0.766262
35436 0.766511
35411 0.766518
35376 0.766533
35375 0.766549
35373 0.766557
35367 0.766573
35350 0.766580
35349 0.766591
35344 0.766596
35339 0.766606
35333 0.766611
35326 0.766621
35321 0.766625
35318 0.766628
34706 0.766635
34699 0.766638
34691 0.766647
34689 0.766653
34683 0.766666
34679 0.766674
34672 0.766724
34661 0.766745
34654 0.766756
34653 0.766774
34652 0.766780
34642 0.766794
34639 0.766800
34637 0.766813
34623 0.766829
34617 0.766836
34616 0.766840
34612 0.766854
34603 0.766860
34601 0.766875
34599 0.766887
34598 0.766902
34592 0.766917
34587 0.766933
34585 0.766949
34562 0.766966
34543 0.766977
34525 0.766995
34524 0.767009
34519 0.767024
34518 0.767059
34464 0.767067
34449 0.767074
34437 0.767078
34421 0.767087
34407 0.767099
34406 0.767109
34402 0.767119
34399 0.767124
34370 0.767130
34363 0.767145
34342 0.767154
34312 0.767164
34208 0.767174
34194 0.767184
34192 0.767187
34125 0.767191
34028 0.767195
34013 0.767201
34010 0.767204
34000 0.767216
33976 0.767235
33958 0.767239
33944 0.767247
33863 0.767251
33855 0.767271
33854 0.767280
33849 0.767284
33845 0.767289
33832 0.767292
33828 0.767313
33824 0.767343
33823 0.767354
33817 0.767366
33813 0.767370
33811 0.767373
33801 0.767380
33799 0.767385
33797 0.767391
33794 0.767406
33779 0.767416
33778 0.767430
33775 0.767441
33771 0.767446
33764 0.767452
33751 0.767456
33739 0.767459
33714 0.767474
33708 0.767492
33700 0.767496
33693 0.767512
33670 0.767515
33669 0.767522
33665 0.767530
33663 0.767538
33648 0.767546
33647 0.767568
33646 0.767577
33645 0.767585
33642 0.767624
33638 0.767652
33636 0.767660
33632 0.767669
33625 0.767691
33614 0.767696
33610 0.767732
33609 0.767759
33608 0.767769
33598 0.767775
33594 0.767806
33591 0.767845
33590 0.767852
33479 0.767913
33478 0.767945
33474 0.767957
33444 0.767988
33442 0.767999
33437 0.768010
33433 0.768020
33422 0.768033
33411 0.768038
33410 0.768051
33406 0.768060
33395 0.768078
33391 0.768097
33318 0.768127
33298 0.768141
33296 0.768150
33295 0.768163
33294 0.768174
33291 0.768186
33290 0.768193
33286 0.768196
33277 0.768205
33273 0.768209
33257 0.768236
33254 0.768246
33251 0.768263
33240 0.768272
33228 0.768279
33223 0.768282
33164 0.768286
33160 0.768289
32566 0.768292
32539 0.768296
32483 0.768303
32462 0.768306
32458 0.768311
32439 0.768318
32438 0.768322
32437 0.768326
32435 0.768337
32431 0.768340
32429 0.768347
32422 0.768352
32414 0.768359
32397 0.768383
32394 0.768396
32385 0.768403
32383 0.768407
32381 0.768421
32380 0.768428
32378 0.768435
32376 0.768483
32371 0.768553
32368 0.768558
32366 0.768603
32360 0.768614
32359 0.768620
32354 0.768628
32352 0.768864
32177 0.768902
32173 0.768915
32170 0.769110
32166 0.769124
32164 0.769131
32159 0.769202
31481 0.769239
31480 0.769253
30686 0.769326
30672 0.769331
30570 0.769350
30468 0.769432
30466 0.769442
30441 0.769451
30436 0.769460
30404 0.769514
30279 0.769554
30272 0.769620
30266 0.769636
30263 0.769641
30261 0.769646
30256 0.769652
30248 0.769655
30243 0.769659
30151 0.769662
30105 0.769688
29949 0.769693
29943 0.769698
29934 0.769702
29904 0.769706
29902 0.769719
29897 0.769795
29896 0.769802
29891 0.769831
29415 0.769878
29399 0.769882
29396 0.769885
29392 0.769888
29386 0.769897
28088 0.769914
27799 0.769923
27780 0.769945
27779 0.769974
27778 0.769978
27774 0.769984
27772 0.770003
27768 0.770017
27767 0.770040
27764 0.770052
27755 0.770070
27752 0.770078
27750 0.770090
27743 0.770097
27741 0.770106
27735 0.770165
27733 0.770190
27731 0.770236
27729 0.770243
27715 0.791635
27440 0.802615
27435 0.802622
27423 0.802628
27411 0.802632
27409 0.802640
27404 0.802644
27401 0.802731
27399 0.802743
27398 0.802749
27372 0.946300
27371 0.946332
27366 0.946340
27351 0.946357
27319 0.946362
27198 0.946370
27193 0.946394
27168 0.946401
26679 0.946411
26674 0.946414
26670 0.946424
26668 0.946445
26665 0.946451
26660 0.946475
26638 0.946479
26428 0.946487
26426 0.946505
26390 0.946508
26355 0.946511
26350 0.946671
26133 0.946730
26123 0.946742
26102 0.946764
26091 0.946770
26089 0.946775
26085 0.946780
26080 0.946804
26072 0.946854
26017 0.946888
26016 0.946954
26011 0.946969
25977 0.946996
25974 0.947005
25973 0.947011
25944 0.947015
25926 0.947019
25923 0.947026
25906 0.947030
25904 0.947034
25902 0.947040
25901 0.947048
25899 0.947059
25895 0.947076
25862 0.947208
25644 0.947292
25642 0.947315
25629 0.947320
25625 0.947324
25323 0.947346
25321 0.947350
25319 0.947358
25315 0.947361
25101 0.947371
24941 0.947383
24938 0.947393
24905 0.947397
24772 0.947420
24727 0.947423
24717 0.947437
24684 0.947443
24681 0.947447
24673 0.947450
24668 0.947473
24666 0.947481
24662 0.947489
24661 0.947499
24658 0.947521
24656 0.947557
24652 0.947569
24651 0.947577
24650 0.947582
24646 0.947594
24644 0.947611
24641 0.947617
24639 0.947626
24617 0.947695
24613 0.947706
24605 0.947719
24595 0.947739
24589 0.947751
24584 0.947759
24573 0.947793
24562 0.947798
24556 0.947817
24553 0.947826
24548 0.947830
24543 0.947840
24540 0.947859
24538 0.947873
24532 0.947903
24464 0.947923
24460 0.947943
24456 0.947950
24419 0.947975
24415 0.947979
24407 0.947983
24388 0.947990
24387 0.947998
24373 0.948019
24369 0.948042
24367 0.948046
24361 0.948055
24338 0.948061
24334 0.948070
24322 0.948073
24315 0.948082
24313 0.948086
24307 0.948090
24304 0.948116
24295 0.948125
24287 0.948131
24185 0.948688
24184 0.948700
24167 0.948706
24154 0.948713
24148 0.948719
24147 0.948732
24142 0.948737
24134 0.948742
24132 0.948745
24131 0.948760
24126 0.948765
24122 0.948785
24120 0.948790
24117 0.948802
24092 0.948826
24066 0.948833
24040 0.948840
24039 0.948844
23996 0.948882
23994 0.948917
23978 0.948925
23973 0.948931
23971 0.949085
23970 0.949122
23968 0.949172
23967 0.949185
23965 0.949192
23961 0.949259
23950 0.949266
23939 0.949276
23934 0.949283
23928 0.949291
23924 0.949295
23920 0.949318
23918 0.949344
23909 0.949348
23907 0.949351
23858 0.949400
23081 0.949791
23070 0.949815
23068 0.949857
23048 0.949877
23018 0.949896
22710 0.949908
22704 0.949916
22695 0.949923
22694 0.949929
22693 0.949933
22667 0.949957
22609 0.949975
22605 0.949991
22602 0.950000
22599 0.950005
22598 0.950057
22596 0.950071
22595 0.950126
22591 0.950133
22250 0.950145
22237 0.950161
22226 0.950171
22051 0.950276
22049 0.950296
22047 0.950334
22043 0.950350
22040 0.950437
22033 0.950463
22010 0.950467
22005 0.950470
22000 0.950473
21953 0.950509
21817 0.950516
21815 0.950577
21788 0.954650
21787 0.954697
21482 0.954708
21475 0.954825
21463 0.954937
21462 0.955029
21457 0.955043
21456 0.955107
21452 0.955155
21450 0.955241
21444 0.955275
21443 0.955280
21442 0.955287
21440 0.955405
21437 0.955418
21429 0.955423
21427 0.955579
21420 0.955668
21418 0.955672
21410 0.957588
21404 0.957667
21403 0.957678
21402 0.957787
21400 0.958054
21396 0.958123
21395 0.958133
21362 0.959531
21341 0.959540
21337 0.959667
21332 0.959711
21330 0.959752
21325 0.959760
21320 0.960031
21319 0.960093
21310 0.960105
21306 0.960154
21304 0.960364
21303 0.960665
21289 0.964021
21286 0.964036
21285 0.964059
21281 0.964926
21276 0.964933
21274 0.964946
21272 0.964957
21270 0.964961
21265 0.964976
21231 0.965285
21230 0.965304
21226 0.965326
21224 0.965523
21223 0.965537
21218 0.969195
21215 0.969233
21170 0.969252
20937 0.969261
20925 0.969264
20921 0.969655
20918 0.969663
20916 0.972509
20914 0.972601
20912 0.972665
20910 0.972678
20904 0.972695
20899 0.972701
20898 0.972791
20897 0.972826
20894 0.972844
20892 0.972848
20887 0.972925
20870 0.972929
20826 0.973000
20824 0.973048
20818 0.973062
20816 0.973069
20812 0.973079
20811 0.973083
20805 0.973109
20801 0.973118
20799 0.973191
20797 0.973614
20795 0.982640
20779 0.982646
20778 0.984582
20753 1.046843
20742 1.053737
20741 1.053767
20730 1.053789
20727 1.060701
20676 1.060736
20674 1.060916
20669 1.060924
20629 1.060962
20623 1.061107
20618 1.068989
20609 1.069136
20604 1.069151
20601 1.069163
20599 1.069198
20598 1.069286
20597 1.088566
20520 1.094558
20519 1.094566
20511 1.094596
20509 1.094644
20499 1.101410
20498 1.102316
20475 1.102321
20342 1.102818
20315 1.102862
20312 1.102866
20308 1.103338
20307 1.103356
20303 1.103911
20301 1.134885
20300 1.136459
20297 1.137111
20282 1.137115
20277 1.137124
20275 1.137149
20274 1.232390
20272 1.236538
20267 1.239078
20262 1.239176
20260 1.239220
20258 1.239225
20256 1.239239
20254 1.239260
20252 1.241275
20251 1.241905
20249 1.244433
20243 1.244960
20238 1.306532
20229 1.306538
20218 1.306576
20201 1.306580
20184 1.508597
20180 1.508644
20179 1.511564
20178 1.511570
20177 6.650449
20175 6.699160
20174 6.699170
20173 6.699179
20169 6.699220
20164 6.699269
20158 91.340974
20148 91.340997
20143 91.341083
20140 91.341100
20137 91.341105
20136 91.824253
20134 91.824266
20133 91.833046
20131 91.833081
20130 91.833128
20127 91.833711
20127 691.865225
