28049267 101.26093666
28046903 102.08745138
28035896 102.80648317
28031229 103.538111063
28029162 104.291327302
28008011 105.023955468
28004949 105.754452802
27986355 106.499581713
27975474 107.221829394
27867684 107.934700088
27865152 108.684658362
27858123 109.398811349
27852646 110.098315572
27849458 110.799499767
27842609 111.514502966
27836980 112.188175226
27806832 112.894923233
27804245 113.616133315
27793241 114.316023012
27783178 115.034224698
27779162 115.742089933
27777970 116.452605641
27774013 117.154638535
27770628 117.851570857
27768976 118.561208302
27764996 119.274507402
27763788 120.002018328
27723795 120.70737758
27637358 121.41268
27634640 122.16894948
27631178 122.878344878
27625214 123.585655704
27622223 124.30108163
27620631 125.010468489
27618585 125.700846373
27613570 126.401849711
27612340 127.134215764
27609972 127.861109153
27606952 128.568480163
27605983 129.293135663
27604986 129.984897127
27594869 130.696970859
27579036 131.40544114
27578434 132.124625194
27542557 132.817353112
27539000 133.495585095
27536777 134.214296462
27535329 134.935172745
27525248 135.646527615
27520192 136.368513967
27516841 137.05913566
27514319 137.769707446
27507780 138.457428649
27506386 139.147186129
27505115 139.841125476
27502517 140.541683491
27500775 141.247955809
27499860 141.960930189
27492365 142.687109036
27486246 143.400798648
27485612 144.13474694
27480506 144.829887966
27472331 145.531817186
27470811 146.270217304
27427661 146.960781544
27426723 147.686847812
27424408 148.401026503
27422912 149.104639963
27420055 149.79926865
27417770 150.504188666
27391873 151.219104968
27390793 151.908596286
27389120 152.602499435
27387683 153.331451717
27383897 154.04944506
27383238 154.732081705
27377281 155.41214766
27376613 156.10437497
27371518 156.826182327
27354304 157.521649262
27353540 158.215571016
27353233 158.916810384
27347688 159.616504332
27346497 160.327464812
27342753 161.028215411
27341713 161.740234006
27338512 162.443130443
27334534 163.164732422
27333327 163.872229828
27331341 164.57430471
27328831 165.300703047
27327736 165.999156926
27327431 166.711449207
27323883 167.420975127
27320201 168.096057243
27318816 168.814539709
27315294 169.520491987
27311227 170.195750252
27310581 170.878764674
27306553 171.597064987
27293547 172.302861504
27288930 173.009481437
27286702 173.716944073
27282512 174.39879519
27279929 175.12212319
27278803 175.820836755
27276145 176.53249154
27274633 177.253744541
27273836 177.971763873
27273603 178.681608576
27239794 179.418135609
27238139 180.11469244
27234902 180.819233426
27234407 181.542171016
27230358 182.249820117
27229236 182.969547888
27225458 183.700246504
27220233 184.404226251
27214454 185.119315693
27213471 185.820764968
27209062 186.551675188
27207378 187.279601652
27206829 187.989047115
27198121 188.669081385
27197136 189.390099062
27195852 190.128276486
27192092 190.84245424
27189274 191.562470951
27184183 192.295841007
27181714 193.024123961
27177756 193.740575345
27173335 194.474630029
27170702 195.195058137
27169967 195.905124309
27163270 196.61816297
27161311 197.326152227
27160585 198.044863555
27159240 198.721678564
27158772 199.400823418
27148353 200.09102148
27147837 200.811458614
27147151 201.535242532
27144668 202.260734586
27143562 202.971446221
27142764 203.686029868
27136620 204.386272268
27135846 205.115571029
27134942 205.829638029
27130240 206.555773215
27128231 207.262723329
27125575 207.978733311
27121374 208.666848582
27119400 209.345223551
27114788 210.073116382
27113836 210.784390461
27109831 211.523736153
27107717 212.278090584
27107259 213.032384558
27105870 213.727536628
27104892 214.458282872
27103766 215.184005381
27100889 215.925800522
27099820 216.62561046
27095086 217.312721931
27094171 218.005625597
27090507 218.72739124
27088338 219.45463717
27083886 220.190177793
27083636 220.898187459
27079498 221.609297368
27078117 222.321281472
27069400 223.008512818
27068174 223.712522144
27065547 224.448602499
27064155 225.190897702
27062835 225.907131795
27061533 226.621673832
27061300 227.332700272
27059911 228.037535565
27057264 228.745221745
27056480 229.456889702
27053238 230.191089485
27043820 230.908971551
27038862 231.609991549
27035733 232.31406871
27031877 233.051494929
27030218 233.808596374
27028775 234.545845791
27027550 235.27175302
27020291 235.981766821
27017233 236.698441542
27015948 237.377330271
27003608 238.094387248
27002731 238.841173375
27002071 239.567482247
27001177 240.305637318
26999808 241.006094647
26999349 241.728014366
26996285 242.472924007
26995888 243.172343786
26995098 243.902301382
26992732 244.60977639
26992408 245.328627172
26980847 246.066245007
26979802 246.773824498
26972860 247.511443135
26972034 248.229057435
26970382 248.966373857
26967772 249.704060189
26966816 250.442470201
26964311 251.169072442
26963319 251.924862465
26962355 252.659121296
26960807 253.398253545
26959879 254.118161215
26955939 254.861703147
26955739 255.593894775
26955568 256.301655979
26948467 257.030458735
26946886 257.734473535
26946177 258.438829297
26937939 259.138995591
26936737 259.89913202
26926096 260.599390052
26925076 261.344137458
26924941 262.078959692
26923043 262.81900506
26920232 263.569020461
26919766 264.283344747
26913656 265.06170556
26912036 265.794855523
26911649 266.52492248
26909963 267.2787671
26906400 268.019027545
26904551 268.735254951
26893895 269.451621834
26891255 270.197609318
26889463 270.90402329
26889118 271.629970819
26887961 272.379695916
26887289 273.095113861
26884953 273.845979199
26883104 274.59246948
26881607 275.319885142
26878095 276.04080938
26876989 276.769587764
26876519 277.509907172
26866233 278.235880089
26865515 279.02364705
26864449 279.749924032
26864202 280.485481588
26863817 281.232530351
26862135 281.965854726
26859049 282.706668546
26855714 283.453264862
26851475 284.1543186
26851409 284.910809979
26850725 285.670568809
26850206 286.392745898
26846471 287.139365662
26846395 287.873189219
26845974 288.617182269
26845292 289.338263645
26844539 290.080962922
26843298 290.839872083
26840050 291.549267539
26838811 292.305144002
26838638 293.060514984
26836373 293.799027362
26833683 294.552801551
26832353 295.335554136
26831381 296.071633835
26828027 296.810865665
26827395 297.552593907
26822014 298.302483868
26820976 299.069630462
26819866 299.82968804
26817653 300.588269801
26817243 301.312338044
26815849 302.0845134
26814251 302.849937101
26813201 303.602330219
26812995 304.38280193
26812717 305.140410005
26812673 305.884004446
26812258 306.666334138
26811912 307.432462636
26811769 308.196466426
26808596 308.944328621
26808582 309.689773897
26808109 310.434431742
26806621 311.188382072
26805620 311.94615728
26803575 312.692540805
26803161 313.436732642
26803069 314.183241684
26802581 314.910378657
26800641 315.673701405
26798972 316.423784298
26795456 317.179344158
26793714 317.937776891
26792896 318.702946219
26790094 319.458316327
26788719 320.20279086
26786919 320.958850247
26785904 321.708134788
26784391 322.425154305
26783927 323.172290493
26783716 323.940917976
26782869 324.707233891
26782754 325.457475543
26782397 326.213470747
26781824 326.958698631
26781552 327.740145593
26777094 329.224307294
26774143 329.979642849
26772497 330.741797227
26771062 331.477100992
26770736 332.214992322
26764092 332.976874982
26762071 333.745718009
26761661 334.495033643
26757611 335.248354087
26757206 336.7530169
26756273 337.504704532
26755722 338.281253741
26753435 339.013962725
26753147 339.79437672
26751644 340.560814499
26750867 341.294019213
26748426 342.039858222
26748310 342.784079081
26747828 343.53465611
26747483 344.276498865
26742537 345.004952822
26741971 345.769320863
26739292 346.513269386
26738135 347.302472963
26737931 348.078142492
26737510 348.811923119
26731177 349.566018725
26729577 350.334226014
26729381 351.114100338
26726014 351.880492251
26724288 352.616555182
26723506 353.408388662
26723111 354.173386667
26722693 354.923325402
26720093 355.668115866
26719443 356.442325687
26718962 357.180499329
26717902 357.940370837
26716903 358.708301219
26715953 359.467913348
26715861 360.222885456
26714480 360.959013573
26712306 361.692601086
26711545 362.442912552
26710354 363.204658342
26709209 363.952844316
26705003 364.696032396
26703982 365.449049118
26703660 366.195781067
26703007 366.942018739
26702657 367.698314089
26702008 368.430889282
26700217 369.191968347
26695700 369.92990843
26694925 370.669332842
26694788 371.408251158
26694048 372.15903021
26693237 372.947128297
26691228 373.688272658
26690971 374.470068558
26689805 375.207994259
26688514 375.945978635
26688215 376.665530396
26687935 377.40074159
26687774 378.129722486
26683598 378.88459335
26682941 379.638948989
26681735 380.363169435
26680945 381.111505522
26680645 381.859595081
26679019 382.577187654
26677900 383.318901728
26677298 384.045095684
26672324 384.815156386
26672120 385.569081266
26671841 386.311377318
26671607 387.049347372
26670848 387.79732018
26669080 388.515082992
26667006 389.248127835
26665427 389.98713655
26664582 390.732321332
26663030 392.224206728
26662534 392.936549906
26662062 393.648596502
26660303 394.36990908
26659860 395.106141475
26658649 395.859855211
26657057 396.561521767
26653252 397.346820599
26652217 398.067026452
26651251 398.791197656
26650368 399.490540776
26650330 400.215245008
26649304 400.918698195
26648816 401.638013484
26647597 403.060960082
26646923 403.780674512
26646596 404.544238711
26645163 405.260528426
26643880 405.992955395
26643742 406.739952541
26643542 407.474853138
26642791 408.181578161
26642268 408.911719164
26641471 409.607746743
26641308 410.336016199
26639828 411.044854343
26638879 411.760637514
26637916 412.442951672
26636613 413.135587884
26636052 413.840019847
26635102 414.54537668
26634955 415.277461941
26633845 415.978888409
26632861 416.694545272
26631458 417.370600704
26630799 418.09593103
26630360 418.819724635
26630125 419.55272387
26628632 420.280791944
26628543 420.994447274
26627796 421.721024736
26624987 422.42690791
26624903 423.137205021
26624333 423.840892786
26624218 424.530993925
26623982 425.223144669
26622208 425.912339857
26621514 426.623273536
26618003 427.323872791
26617380 428.03357627
26616783 428.726705996
26616605 429.44377134
26616367 430.149822595
26614559 430.818440327
26613734 431.511945471
26613441 432.20343233
26612233 432.885780461
26610910 433.585767412
26610608 434.287643553
26610156 434.957336611
26608788 435.678023453
26608672 436.384662787
26608113 437.094774446
26607822 437.759984436
26607741 438.470259506
26604020 439.154878812
26603884 439.850437862
26603697 440.518374534
26602844 441.198426285
26602551 442.562363317
26601024 443.253721111
26600156 443.93338664
26599873 444.624848686
26597794 445.323728833
26596932 445.992546067
26596364 446.657237622
26595631 447.311283945
26594855 447.990249099
26594474 448.685884786
26593843 449.364848747
26591651 450.032650258
26591430 450.696771312
26591158 451.376608068
26591094 452.066317764
26590956 452.747737251
26590687 453.459368171
26589619 454.138324291
26589375 454.816294243
26589232 455.482751739
26589123 456.162588132
26588489 456.821388558
26588433 457.460560165
26587205 458.124156163
26586597 458.777407021
26586306 459.421991861
26586291 460.080158763
26585380 460.729621531
26584147 461.374108352
26583989 462.008282007
26582472 462.703809927
