16118476 107.116858937
16108184 107.964123551
16088437 108.721238115
16078217 109.506489159
16077274 110.288825655
16072643 111.045528561
16069389 111.818811146
16067609 112.574213919
16066030 113.309547425
16050067 114.082482136
16040666 114.84499064
16038371 115.623608342
16037023 116.38835499
16031884 117.148036055
16030139 117.906716366
16027306 118.659254254
16020757 119.442907007
16019531 120.188919983
16003582 120.93880327
15999989 121.677742536
15999110 122.449594893
15995888 123.194195732
15994622 123.950479609
15991646 124.697381395
15989613 125.495957072
15987931 126.262748686
15982516 127.039666413
15980550 127.794111289
15977079 128.564076637
15975463 129.307155671
15958682 130.067774194
15942339 130.854401356
15937669 131.591991754
15935152 132.37293413
15923257 133.12201811
15920754 133.885016139
15918273 134.644313241
15915866 135.396843862
15906037 136.155933184
15900363 136.917565905
15899001 137.685125195
15895687 138.436890203
15892562 139.177202889
15891673 139.944771295
15891137 140.71222352
15886964 141.454232804
15878875 142.212111361
15872938 142.960940863
15872017 143.704966751
15858059 144.444709492
15857776 145.200038401
15855345 145.948551506
15852147 146.693570869
15848687 147.424030611
15848083 148.193076209
15845732 148.912000866
15843005 149.670424964
15837607 150.427903625
15835781 151.183805108
15832927 151.938947285
15830363 152.695653458
15827493 153.451548375
15825973 154.21510832
15823651 154.973838974
15798200 155.715249472
15795518 156.471078144
15794887 157.242880609
15757992 158.019282272
15755142 158.774606951
15751268 159.516832526
15748506 160.273043371
15745775 161.051810281
15745206 162.603847103
15743204 163.375445457
15742680 164.132982161
15742308 164.897805513
15741462 165.696704477
15739240 166.461718815
15738106 167.240658832
15737672 168.011708101
15735211 168.780319175
15731001 169.541351903
15729841 170.305124086
15727066 171.07861255
15725751 171.873565033
15723969 172.628156522
15719675 173.396190233
15716998 174.171830225
15711273 174.925264149
15710623 175.684187988
15710603 176.454540828
15710264 177.242896449
15709561 177.998082455
15708560 178.742848399
15707363 179.530108273
15703013 180.267661838
15700685 181.04474737
15691753 181.834108437
15691217 182.619376299
15690600 183.404805987
15689085 184.154815632
15688217 184.909034929
15686769 185.664115413
15684720 186.436904907
15683953 187.221222282
15668922 187.994452397
15668354 188.758030497
15666911 189.519885094
15665493 190.271779167
15664325 191.039913645
15662267 191.811243984
15661614 192.619528404
15652933 193.399483625
15651451 194.165202763
15650694 194.948930904
15648612 196.487215268
15647270 197.232435213
15646069 197.998432649
15645160 198.770549632
15643984 199.560309691
15643012 200.326995264
15642240 201.105733604
15639266 201.911029024
15637266 202.672670922
15636021 203.440792776
15630685 204.229240466
15628806 204.986687871
15628185 205.73758959
15627012 206.500750975
15626333 207.28975356
15624621 208.08212345
15624178 208.866590868
15623481 209.631867706
15622036 210.432568195
15619075 211.203446139
15618478 211.971835813
15618155 212.722241073
15608125 213.530300274
15607580 214.319432979
15606377 215.092742929
15593163 215.876590311
15591170 216.64347963
15582382 217.401399514
15580805 218.187513561
15577362 218.965516059
15576889 219.744240215
15576530 220.513329398
15574528 221.286577269
15573660 222.071740528
15571321 222.842664396
15570282 223.618279752
15570142 224.380147643
15569683 225.172568051
15568822 225.950247832
15568194 226.713350321
15559681 227.472522775
15559164 228.23564513
15558204 229.01405181
15557826 229.776616394
15555928 230.555725456
15555266 231.345591037
15555101 232.117234776
15553871 232.880009891
15553729 233.665893506
15552982 234.478885237
15550377 235.254433946
15546468 236.034955705
15535690 236.859224143
15534712 237.662030044
15534211 238.448693492
15533278 239.259460906
15532611 240.0222245
15529465 240.814524629
15529328 241.632167736
15528034 242.419301444
15525674 243.18376742
15525529 243.904282606
15524857 244.695722513
15521312 245.520267133
15519764 246.293233462
15519628 247.096292173
15519215 247.875532472
15518826 248.648410021
15514089 249.422060557
15511693 250.235870414
15509997 251.007234775
15509723 251.785831586
15508569 252.557064654
15507944 253.35537772
15507703 254.159524515
15507532 254.952513703
15504475 255.766237157
15503322 256.551276164
15502640 257.353816626
15502320 258.119564757
15500880 258.926930769
15499940 259.68892427
15496642 260.463278176
15496413 261.261496885
15495308 262.087012802
15494679 262.852191823
15494419 263.663198977
15477683 264.439434961
15471412 265.234850475
15471254 266.03822625
15463569 266.830758144
15463081 267.569227437
15462922 268.350103686
15462673 269.141736957
15461816 269.972238954
15461139 270.742043548
15460440 271.538728237
15459169 272.313602987
15458385 273.132639317
15457922 273.92606568
15455946 274.708605283
15453897 275.477030976
15453749 276.226525871
15452639 276.999231021
15446870 277.81188434
15446524 278.607809524
15445647 279.388879644
15445408 280.175941963
15442549 280.972260354
15441527 281.784705694
15441243 282.583215987
15440351 283.37704297
15438819 284.165735132
15437644 284.991401458
15437277 285.799690462
15435173 286.622769861
15434767 287.440850396
15432765 288.227939926
15431890 289.0252224
15430739 289.821867119
15429650 290.600188761
15429556 291.365488376
15428872 292.160890702
15428552 292.972157162
15428180 293.774908197
15427619 294.566615609
15427185 295.343668565
15425629 296.141773761
15424363 296.96604548
15423924 297.730958882
15423298 298.527570087
15422294 299.318443441
15419469 300.10180732
15419073 300.865239344
15418406 301.655636068
15416343 302.456500081
15414431 303.248325212
15413784 304.10281716
15413561 304.905476671
15412644 305.71097798
15412425 306.548439115
15411298 307.346263953
15410715 308.125230729
15410227 308.904465838
15409175 309.696417457
15408480 310.500186356
15407494 311.285393188
15406752 312.106605099
15406463 312.903661411
15406279 313.673627037
15405376 314.461407594
15405027 315.265417191
15404941 316.054868684
15401947 316.891742286
15400402 317.697578397
15399084 318.505077323
15398675 319.294981385
15398456 320.107574906
15395117 320.899594884
15394852 321.67842362
15394735 322.540975767
15394461 323.339533391
15393630 324.145602101
15392572 324.975074351
15391836 325.783589457
15383636 326.588193857
15382569 327.407711498
15381991 328.220011508
15381629 329.037980612
15380446 329.858672228
15379234 330.676288999
15379135 331.499406493
15376836 332.319030935
15375844 333.129782237
15374160 333.94529699
15373584 334.745173371
15372869 335.549063843
15372238 336.335433938
15372044 337.151972675
15370919 337.963390401
15359207 338.750326476
15358956 339.550596746
15358119 340.339759658
15356295 341.194481861
15355619 341.988851853
15355039 342.810332234
15354214 343.624363056
15350940 344.430155382
15350645 345.232503999
15348121 346.05894231
15347813 346.887097352
15347202 347.713931615
15346242 348.527040271
15344034 349.346254558
15343608 350.158017144
15342714 350.976409354
15342330 351.750724934
15336975 352.577230811
15336701 353.402868016
15335871 354.219426032
15335711 355.06903288
15335421 355.896481286
15335229 356.720832781
15334635 357.528214964
15334234 358.382221822
15333245 359.22580256
15333083 360.035156955
15332864 360.876282188
15332333 361.739525751
15332149 362.568276635
15331880 363.381306296
15331495 364.188022925
15330925 365.011933752
15330771 365.823687828
15329942 366.660018563
15329212 367.46777595
15328457 368.284801277
15328405 369.114486705
15326187 369.951323026
15325557 370.813926209
15325064 371.640843301
15324301 372.451248132
15324127 373.293669808
15322775 374.148897899
15321824 375.000093242
15321552 375.838777899
15320983 376.647981073
15315837 377.481275734
15315711 378.315853665
15315660 379.127967013
15315490 379.945642139
15313565 380.786170731
15311304 381.600120537
15309922 382.490919229
15309333 383.323624249
15308859 384.147183487
15308088 384.96981396
15307473 385.849360857
15306726 386.673759433
15306625 387.488105314
15306432 388.323915604
15304943 389.135699052
15304662 389.935824202
15304232 390.759993178
15304139 391.597744719
15303174 392.409537819
15303103 393.249641602
15302891 394.084580782
15302688 394.916212298
15301868 395.75372461
15301037 396.581208333
15300889 397.389170343
15300189 398.206511757
15299277 399.039234727
15298489 399.85252824
15297545 400.637087944
15296522 401.46297949
15294088 402.325573882
15292914 403.118622123
15291656 403.912127526
15289940 404.78134378
15289688 405.605993204
15289404 406.432319487
15288800 408.126392466
15288365 408.923051313
15288281 409.704729959
15287800 410.513637355
15286117 411.323578842
15284912 412.172140635
15283707 412.978807527
15283450 413.812688314
15282720 414.641726401
15281092 415.471357807
15280961 416.295047024
15278634 417.141200635
15277803 417.948630839
15277769 418.764800853
15276852 419.63876215
15274369 420.460141008
15273912 421.286716883
15270023 422.125086159
15270005 422.993602828
15269893 423.805458434
15269093 424.614429767
15268248 425.412837679
15267124 426.228083088
15267077 427.014797859
15266973 427.818297644
15266855 428.636348135
15266634 429.465260456
15265556 430.296299285
15265340 431.11267175
15265073 431.858598427
15264898 432.68701141
15264473 433.509005305
15262677 434.309860227
15261276 435.126227955
15260528 435.940511274
15259990 436.794518822
15258145 437.608815949
15257385 439.214351767
15257223 439.996610877
15257111 440.831290255
15256056 441.632862719
15255918 442.449859502
15254136 443.247799453
15253223 444.038464747
15252207 444.861567118
15252182 445.630762746
15251980 446.440766897
15251336 447.216208776
15250091 448.05388062
15249951 448.839722943
15249382 449.602475098
15248786 450.393128977
15246663 451.2133444
15246271 451.990260034
15245008 452.80447379
15244645 453.613607076
15244176 454.372565695
15243992 455.180808002
15242830 456.005299431
15241793 456.823760539
15241313 457.601868324
15240527 458.388757918
15239828 459.146406392
15238905 459.938166292
15238259 460.750896442
15237326 461.531830462
15236869 462.285616409
15236672 463.046838214
15236561 463.812714135
15236472 464.598755075
15235473 465.374815324
15235001 466.134444181
15234896 466.894954957
15234792 467.673903778
15234627 468.447347781
15234433 469.216831424
15233699 470.012009663
15232830 470.763023575
15231162 471.484235128
15230387 472.242038186
15229593 472.992193423
15228753 473.760144315
15228418 474.547163956
15228128 475.293375685
15227453 476.024556355
15227134 476.787894462
15226603 477.545940911
15224854 478.320265155
15224761 479.080904502
15224675 479.829072806
15224631 480.571418315
15224508 481.347523533
15224203 482.099933994
15224079 482.882650054
15220591 483.662165486
15220264 484.409383769
15219592 485.165815533
15219452 485.915257492
15218768 486.648026759
15218762 487.380833353
15218372 488.14839089
15218136 488.909655228
15217025 489.66391533
15216436 490.425364142
15215802 491.966572954
15215371 492.72200409
15215308 493.465135214
15213057 494.943006557
15212918 495.725388409
15212809 496.481917558
15212232 497.2295524
15211920 498.009165843
15211761 498.739155292
15210194 499.47518999
15210126 500.22842767
15210040 500.979383
15209543 501.711620774
