23100877 182.770521812
23085052 183.764005362
23071392 184.67236599
23058140 185.576877601
23038620 186.513879391
23026632 187.442104671
23025127 188.373704454
23017976 189.311982365
23013157 190.209179471
23010160 191.132641095
22930174 192.082062117
22868881 193.955358897
22856155 194.846726915
22853052 195.74256693
22848624 196.641017843
22811961 197.548795217
22809385 198.454759254
22803852 199.357994431
22801014 200.253883342
22792219 201.157133276
22770321 202.016816639
22769631 202.942122374
22769243 203.833466098
22768133 204.713553704
22766961 205.575907229
22764944 206.471798101
22756211 207.360468054
22706376 208.23870126
22705026 209.120330176
22704509 210.038533899
22700575 210.901375895
22694002 211.745000281
22689153 212.644608442
22678083 213.568420081
22673369 214.482904118
22670586 215.371457143
22667219 216.291691877
22666117 217.17245582
22664458 218.082242219
22663339 218.999155969
22660668 219.912858322
22658679 220.824309854
22658195 221.726408651
22657429 222.615188859
22654672 223.552753616
22654188 224.446513699
22653756 225.347066905
22650757 226.239985563
22648737 227.132914591
22633027 228.02591377
22625509 228.907394398
22623429 229.798772242
22621633 230.681724153
22610566 231.593629294
22609933 232.489323272
22606934 233.382943142
22605064 234.274735479
22603924 235.169741242
22602539 236.061829584
22595812 236.928509697
22594933 237.843892336
22589898 238.744085097
22589084 239.652346837
22581826 240.553532544
22571789 241.425056205
22569776 242.320647401
22568247 243.207952186
22541136 244.11157335
22539020 244.995084189
22538097 245.878768321
22535161 246.746936939
22530556 247.656647473
22530250 248.584949565
22523859 249.466526975
22517897 250.356408128
22514042 251.2432598
22509205 252.13858338
22508330 253.055691811
22507716 253.92846712
22504965 254.806722462
22502988 255.711895287
22501957 256.605598374
22495172 257.468262872
22491484 258.332327222
22478387 259.217994739
22476167 260.11477704
22474752 261.037201734
22474380 261.963043669
22473954 262.857844419
22436984 263.753633807
22432857 264.668804833
22431864 265.565873009
22422138 266.473067189
22413216 267.375058764
22412737 268.272513949
22410890 269.192626843
22410011 270.109828363
22405001 270.994498118
22404815 271.917137141
22401320 272.827735668
22400390 273.760797322
22399891 274.689500113
22398964 275.598876022
22396922 276.47941484
22392128 277.371297172
22391678 278.255920493
22389876 279.158747442
22387666 280.068346333
22365372 280.947504033
22363813 281.823892799
22361426 282.702339084
22360950 283.613391862
22360063 284.46842214
22359284 285.379279286
22358605 286.290013639
22358057 287.18961577
22356440 288.078671729
22355510 288.938050716
22353982 289.865129477
22352546 290.770425092
22348438 291.652281932
22346947 292.546417598
22343339 293.468636796
22340688 294.350821493
22338770 295.214652873
22334802 296.105369187
22334559 297.012187469
22330399 297.916967005
22329526 298.803067596
22328032 299.715712969
22326935 300.574739023
22322608 301.470136128
22322299 302.372777001
22321368 303.296830119
22318499 304.18897318
22316398 305.09964389
22315430 305.978067107
22311684 306.89527304
22310591 307.82386077
22306110 308.739484631
22303445 309.613167026
22302272 310.478811918
22300040 311.375133776
22298714 312.30223742
22290608 313.229470624
22289282 314.137977722
22279410 315.03760135
22277971 315.998186596
22276964 316.879820852
22276156 317.792124497
22274092 318.712931085
22272375 319.622037141
22271826 320.546508087
22267656 321.442743446
22266531 322.411038483
22262219 323.299187049
22262035 324.188960602
22259589 325.135598451
22255954 326.016621241
22254011 326.932322075
22251808 327.850332079
22251495 328.775681207
22250858 329.648241136
22250036 330.546207432
22245353 331.450307374
22245115 332.326105339
22237392 333.223458355
22236456 334.147879357
22234768 335.065050501
22234104 335.959145918
22233272 336.858100094
22227089 337.757031063
22221617 338.639972568
22221375 339.523071257
22212408 340.399440944
22211669 341.306000732
22206884 342.219760376
22205973 343.110932526
22203415 343.998680759
22198607 344.919596633
22196141 345.799709026
22195680 346.697425574
22184846 347.593063448
22183957 348.477115882
22183743 349.394355912
22182652 350.282275329
22181831 351.176739372
22177815 352.046184689
22174762 352.941013689
22174154 353.846704002
22172185 354.768668721
22171072 355.622142864
22170947 356.536025632
22166973 357.41894405
22165933 358.353819537
22161253 359.229971138
22160044 360.124994824
22158753 361.003305531
22145605 361.914898366
22144526 362.829919241
22142872 363.729942147
22142488 364.644824834
22141709 365.550206193
22137491 366.449845216
22137159 367.320234276
22124924 368.22147508
22124368 369.136109161
22123430 370.049763138
22097632 370.96450561
22097209 371.859669175
22096213 372.758981321
22094952 373.669913135
22094013 374.550600761
22093347 375.471117158
22091253 376.385541677
22090219 377.292546464
22079371 378.187541184
22076422 379.087395402
22075157 379.997928653
22075002 380.892764165
22074120 381.787625997
22073366 382.713758914
22070208 383.653509358
22069533 384.627571765
22069220 385.554087536
22067691 386.496658814
22067138 387.3964638
22066714 388.307137669
22066362 389.206139143
22065797 390.10652894
22065036 391.02752741
22064130 391.944514264
22064003 392.85149872
22063821 393.738602963
22060659 394.623445133
22060257 395.558206835
22058806 396.475397714
22058344 397.371246337
22057926 398.285407813
22057530 399.145019472
22057320 400.023511622
22055649 400.926179314
22054204 401.838397368
22052816 402.743469657
22051736 403.628062565
22051189 404.570920423
22050949 405.481323682
22050537 406.360326244
22048872 407.241094848
22047647 408.109044202
22047332 409.012627689
22046536 409.911035932
22046020 410.780529312
22043961 411.677819013
22042866 412.55041597
22040046 413.471177592
22038876 414.347771921
22037412 415.252256268
22035984 416.157474751
22035108 417.048652982
22033775 417.98851167
22032920 418.884946709
22032392 419.783703694
22031700 420.666495991
22030460 421.59970218
22028131 422.473887886
22026111 423.39434534
22022449 424.287561891
22020677 425.19143391
22019767 426.140740036
22019691 427.037122992
22019405 427.970742133
22018006 428.873001281
22017254 429.785737902
22012483 430.693466894
22009028 431.599608238
22006959 432.541556283
22006609 433.448281043
22006078 434.363592509
22005174 435.284827428
22004033 436.20024881
22002394 437.139223181
21998058 438.048999281
21992412 438.968392846
21991110 439.832580884
21990914 440.764623256
21990191 441.64698761
21989000 442.537074203
21988716 443.454758547
21987082 444.378101417
21986403 445.293157489
21985776 446.18345487
21984899 447.108921925
21981972 448.032979119
21981303 448.946715322
21979673 449.879842658
21974594 450.796401831
21974132 451.726486327
21966548 452.636329388
21965140 453.514220539
21964883 454.430994793
21963895 455.339943074
21962977 456.250505837
21962411 457.133779696
21961794 458.013388288
21960823 458.886746678
21957424 459.829413391
21956524 460.721859296
21954582 461.668518401
21954302 462.565299604
21951854 463.489684853
21951529 464.407858748
21950996 465.296140141
21950530 466.189219855
21949872 467.07861686
21948689 468.002115855
21948342 468.914938165
21946602 469.82490704
21945016 470.697193665
21944506 471.624626413
21943111 472.56675353
21942375 473.506630102
21941059 474.428953823
21940630 475.346795415
21940318 476.276829107
21937964 477.209489757
21936938 478.153140204
21936201 479.085461187
21934853 480.001183217
21933651 480.942581625
21932932 481.86980881
21930568 482.818019887
21926978 483.743310573
21926622 484.683062166
21926050 485.60575346
21920169 486.494989385
21919938 487.370759835
21919793 488.277760033
21919112 489.225197889
21918173 490.149696849
21918079 491.021149889
21914563 491.928084088
21913192 492.85005553
21912845 493.798762014
21911903 494.733528593
21911738 495.649050828
21909524 496.584546954
21907005 497.516578483
21906070 498.39811584
21905594 499.315492729
21902709 500.226959374
21900612 501.129254477
21900296 502.054803861
21899030 503.013434513
21896498 503.937030934
21896360 504.830406735
21895337 505.745394727
21895196 506.675356226
21893786 507.59100321
21893285 508.494704803
21893163 509.429928926
21892327 510.36245277
21890908 511.276947859
21889796 512.208297182
21872505 513.111925835
21870642 514.058603679
21868735 515.005574075
21868642 515.955717744
21867569 516.891446744
21865319 517.806236653
21864533 520.63771367
21864038 521.550549108
21862881 522.501156644
21861938 523.42700866
21861655 524.354844057
21860524 525.261308449
21858597 526.149141945
21857936 527.037858225
21857675 527.961649156
21854341 528.909207058
21854003 529.807199304
21852824 530.741959655
21851450 531.598079225
21851187 532.510698013
21848430 533.41534518
21847167 534.344286393
21845188 535.291907666
21845062 536.233612452
21844448 537.19024845
21843959 538.08814954
21843564 539.02222166
21843214 539.942099529
21842910 540.868464989
21842823 541.772455341
21841402 542.699160924
21841323 543.627428067
21839667 544.57125718
21839319 545.471603006
21839162 546.373548339
21838929 547.310405542
21837268 548.262718195
21837155 549.192842716
21837009 550.116780478
21836082 551.022566814
21834655 551.894559123
21834569 552.824682172
21834268 553.745655352
21829760 554.718331437
21829557 555.702770462
21828430 556.626294374
21825783 557.606198384
21825601 558.557718928
21825413 559.481008011
21825047 560.413685809
21823048 561.28780606
21822425 562.23130269
21821682 563.179087294
21820558 564.108371119
21820175 565.93760715
21820067 566.899616851
21818662 567.81967505
21816487 568.765897917
21816306 569.730165545
21809619 570.666285371
21809610 571.57988854
21808186 572.517888348
21808092 573.488434765
21803530 574.413883863
21797056 575.32193576
21796179 576.210434373
21795933 577.150030069
21794160 578.077134757
21792733 579.070953627
21789471 580.031765659
21789237 580.973658354
21788833 581.924248169
21788498 582.859556127
21788429 583.80084123
21787946 584.783444917
21787868 585.750694835
21786796 586.728630612
21786105 587.65588482
21786029 588.614362654
21785358 589.600213633
21783924 590.563690675
21783045 591.513555784
21781019 592.463168589
21780850 593.412449196
21776950 594.387252003
21776604 596.306691588
21776588 597.22121061
21776404 598.178379001
21776061 599.171301319
21775832 600.209341475
21774593 601.177491087
21773505 602.139966714
21773409 603.052559354
21772871 604.05060124
21769478 604.989064815
21769385 605.921841304
21768957 606.874841269
21768144 607.834844677
21765084 608.802969552
21761662 609.791722417
21760860 610.748286843
21760396 612.735580888
21759994 613.744757837
21759935 614.707932712
21759851 615.67849208
21756263 616.624799706
21756050 617.604595146
21755790 618.542817443
21755571 619.541603412
21755272 620.550758449
21755071 621.535834412
21754312 622.519874987
21754143 623.482464296
21752873 624.467443842
21752347 625.505100949
21751621 626.46917642
21751081 627.421355291
21749366 628.406151615
21749221 629.399597397
21748068 630.349768416
21747820 631.343113053
21747116 632.360835378
21745905 633.356603592
21742767 634.375177573
21742067 635.378463814
21741863 636.364671106
21741145 637.367090339
21738863 638.311470054
21738567 639.306912036
21738362 640.294535624
21737861 641.300428572
