16905229 220.789072596
16900756 221.875155212
16893524 222.900379105
16876671 223.876458162
16874940 224.90953554
16850482 225.949625363
16849230 226.96754291
16844526 228.018902061
16834209 229.015312934
16830929 230.008204947
16828418 231.045531663
16822137 232.062720211
16819314 233.060066208
16814052 234.051008699
16810020 235.062279785
16804679 236.0266285
16803453 237.036770812
16774292 238.016281132
16770132 239.041908419
16769059 240.093924598
16766943 241.119853362
16763711 242.127527325
16762670 243.115351305
16761376 244.078282778
16758698 245.046303765
16757345 246.060284074
16753936 247.057548741
16752719 248.054942334
16751611 249.070881825
16736246 250.058397332
16735552 251.068169938
16734461 252.068960048
16732931 253.032869612
16727783 254.067376365
16725407 255.038561631
16721820 256.062860582
16719912 257.022772351
16716297 258.026361646
16712301 258.995311449
16703102 259.993943957
16694950 261.03483667
16693389 262.03141147
16690960 263.045936944
16690419 264.032065466
16683611 264.997730899
16679495 265.978724927
16679039 266.977665428
16675675 267.973672679
16670933 269.005730475
16632247 269.982358149
16631332 270.988424304
16629828 271.979413278
16628484 272.970035238
16624751 273.977168194
16623591 274.98285985
16623291 275.962112821
16622726 276.989321874
16622003 278.002083627
16613266 278.993946709
16609008 279.99751416
16601210 280.96797666
16600936 281.952936297
16600442 282.949593158
16599878 283.948051872
16599461 284.888162415
16598436 285.920289102
16596181 286.901815246
16594714 287.878865452
16593740 288.903221604
16593106 289.893715379
16589870 290.907983663
16588267 291.901147861
16587170 292.914146798
16586485 293.907424683
16586305 294.913111171
16576789 295.893666278
16575019 296.919535935
16574037 297.93363067
16572685 298.948416273
16572301 299.93445168
16570891 300.923578933
16568870 301.941101436
16568289 302.923484598
16567340 303.923297134
16565139 304.963344496
16554166 305.90991889
16544356 306.928551616
16543924 307.935292786
16543176 308.894505544
16542594 309.886627702
16541387 310.885917821
16539969 311.861062911
16538650 312.855168819
16532202 313.87034631
16520604 314.851033891
16520094 315.846950804
16519470 316.838981325
16518902 317.860036169
16517922 318.891272636
16517579 319.861758472
16517328 320.877633808
16516536 321.881658003
16513825 322.864856178
16513027 323.882803089
16512200 324.862308305
16510855 325.852050009
16510027 326.836096861
16507347 327.835898522
16496761 328.825409819
16493916 329.803477609
16493687 330.81764498
16491950 331.828643844
16490363 332.831586847
16489904 333.834450476
16488564 334.814335463
16487072 335.842655713
16486985 336.832167049
16476495 337.842509482
16475704 338.814255487
16474622 339.798098472
16474574 340.788869316
16474128 341.819597057
16473347 342.791824181
16469781 343.759752648
16467928 344.778506956
16466901 345.779520761
16466259 346.808147367
16463044 347.827196036
16462832 348.813934952
16462369 349.833470223
16461557 350.832292416
16460864 351.830578672
16453797 352.826380034
16452077 353.84481724
16448935 354.876987846
16448363 355.907813665
16447324 356.894090338
16445851 357.893912134
16444301 358.879911364
16443791 359.864985602
16441402 360.85511348
16426751 361.862785165
16425237 362.852833837
16422218 363.876078961
16419967 364.906299393
16419237 365.89962709
16418330 366.896606222
16417480 367.882120568
16416324 368.905553225
16416042 369.903799844
16414792 370.922464125
16414105 371.901595574
16411790 372.906458429
16411467 373.90722865
16410366 374.949493386
16408738 375.947870174
16407695 376.961941763
16402945 377.935901978
16390345 378.935628908
16389680 379.938992944
16385917 380.947267097
16385218 381.945043444
16384365 382.941867317
16380547 383.941906325
16379689 384.983989525
16377077 386.000175783
16376712 386.97844183
16375643 387.981719401
16374365 389.000435672
16372188 389.972738157
16370295 390.981764674
16368837 391.967573327
16368229 392.958111982
16368027 393.953153225
16367097 394.956170053
16366746 395.965516541
16365693 396.968502026
16358888 397.985221608
16358653 399.002528362
16358240 399.969074757
16357112 400.984978088
16356964 401.977456684
16356120 402.967579363
16355799 403.929264111
16354977 404.936087944
16354749 405.927618339
16354215 406.933234458
16352683 407.936614777
16351414 408.928595805
16351036 409.956998666
16348916 410.958777326
16348560 411.948033505
16347269 412.973415745
16346951 413.945016704
16343466 414.925550542
16342518 415.915106059
16341382 416.914724497
16341012 417.92376685
16340683 418.910361416
16339557 419.915835261
16338935 420.862453647
16337992 421.838897053
16337387 422.845332409
16336107 423.823527234
16334168 424.81666675
16333796 425.80823929
16331832 426.808513473
16331702 427.809139909
16331393 428.828445239
16329531 429.830112704
16322256 430.866619169
16317739 431.839002896
16317281 432.828645935
16316743 433.845704878
16316156 434.819315157
16316133 435.836747404
16315405 436.806810185
16315080 437.8057495
16313980 438.781085301
16311442 439.766207732
16310191 440.743714758
16309066 441.774444481
16308829 442.745554781
16307921 443.73543031
16306023 444.748355565
16305954 445.772398592
16305469 446.767054897
16304452 447.746805525
16301250 448.747323345
16299627 449.736037397
16298360 450.704583966
16291814 451.712330076
16290361 452.703273102
16289588 453.706106633
16288122 454.743175559
16285145 455.708103276
16282655 456.689480327
16282369 457.664525076
16281314 458.660155808
16280407 459.620435065
16278867 460.621009461
16278558 461.603767039
16278342 462.605856409
16276314 463.607919548
16273859 464.613093009
16272963 465.594846555
16272146 466.604359052
16270838 467.610783092
16269593 468.602356409
16269487 469.563056173
16268956 470.563225704
16268494 471.549295381
16264012 472.527563871
16263261 473.54487496
16262381 474.521157473
16260382 475.529491111
16259903 476.52615495
16259215 477.518616212
16257961 478.52824902
16257839 479.511460604
16257340 480.506548047
16257233 481.502043706
16256730 482.469945449
16255560 483.459051683
16255283 484.450985783
16254736 485.458944333
16253757 486.435384439
16253733 487.417538152
16253678 488.354233578
16252264 489.355049407
16251986 490.282076569
16251360 491.24369824
16249859 492.221993226
16248717 493.209010936
16248467 494.191179844
16245210 495.210267521
16244768 496.227288736
16244249 497.200753034
16243910 498.189720656
16242931 499.197559331
16242132 500.197916968
16240078 501.221938849
16239741 502.219913623
16237905 503.232265328
16236520 504.262101293
16235974 505.206339811
16235487 506.183929456
16234855 507.170373735
16232601 508.127211569
16231488 509.132459144
16230423 510.117460778
16229206 511.117015089
16227392 512.104979269
16227229 513.115890134
16226877 514.090673432
16225878 515.120848996
16225545 516.096582561
16223773 517.094601867
16221791 518.084016482
16216159 519.053524703
16215420 520.049955009
16214839 521.060968873
16214779 522.031755431
16214026 523.014078995
16213654 523.959185508
16213105 524.903812501
16211561 525.893320743
16211293 526.92272779
16207507 527.898229629
16207243 528.888520561
16205403 529.865593738
16204501 530.857667077
16203883 531.83059779
16202986 532.826404697
16201664 533.787278777
16201306 534.776859633
16196438 535.73975303
16196106 536.730760481
16195063 537.746964435
16193909 538.759353886
16193339 539.781869323
16192639 540.742135791
16192441 541.736907159
16191534 542.747961291
16190994 543.729324841
16187848 544.678312674
16186312 545.673919584
16185676 546.673125516
16185168 547.683996981
16184058 548.695066331
16182951 549.651783782
16181107 550.662995268
16177132 551.646441492
16176886 552.641217293
16176213 553.646182452
16175903 554.621341387
16175537 555.569323946
16175107 556.532581434
16174880 557.464280152
16172300 558.430355913
16171840 559.449878918
16161577 560.439609897
16161173 561.461573429
16160864 562.490995038
16159961 563.436916531
16159671 564.434767248
16158509 565.473383415
16157660 566.508573811
16157009 567.527973394
16156506 568.544246394
16156229 569.578591921
16153639 570.544396084
16153598 571.547527673
16151826 572.522669176
16151347 573.547794662
16150501 574.550617464
16149959 575.589835951
16146857 576.575728048
16144722 577.571104599
16144074 578.549343498
16142763 579.558343305
16141743 580.519235336
16140916 581.524787398
16139360 582.494678958
16138740 583.450630276
16138349 584.424881252
16136946 585.414406432
16134357 586.349177064
16134044 587.335058401
16133406 588.348752339
16130342 590.335107079
16129830 591.346791149
16128823 592.32853526
16127990 593.358553145
16127174 594.377685173
16126948 595.360270697
16125185 596.362561658
16124787 597.378543176
16124228 598.332281988
16123873 599.331672386
16122482 600.327416622
16122199 601.281753732
16121960 602.285879543
16121359 603.299167616
16119737 604.270374519
16119005 605.254492348
16117474 606.235155967
16117287 607.241704682
16116987 608.232053913
16116197 609.23691886
16109837 610.279623079
16109471 611.275343021
16109300 612.259177565
16108402 613.232183153
16108038 614.270261692
16107648 615.293567442
16107494 616.290875337
16107103 617.290300068
16105762 618.264675118
16104780 619.293041523
16102078 620.287268004
16101962 621.301245187
16101765 622.279467151
16101486 623.277165119
16100109 624.286914221
16099941 625.266236219
16099444 626.251757926
16099035 627.214335643
16098898 628.201281523
16098277 629.190011345
16096810 630.158974233
16096403 631.123893313
16088982 632.113374822
16088734 633.070038042
16088237 634.035412381
16085615 635.043364082
16085374 636.088104892
16085026 637.07755772
16084979 638.079898398
16084054 639.037827133
16082380 640.044724164
16082242 641.050270247
16081027 642.043741971
16079483 643.031917132
16079463 644.009416147
16078402 645.025813959
16077415 646.041721705
16077186 647.057074295
16075654 648.044756434
16075456 649.056804337
16075117 650.015903984
16074410 651.001268063
16073589 652.00421638
16073313 652.990781487
16071817 653.974703736
16070894 654.981108175
16070766 655.996575079
16070025 656.955521705
16069501 657.907267148
16069314 658.871349762
16068570 659.87081881
16068047 660.8365462
16067870 661.838499235
16067675 662.834053198
16066662 663.832013356
16065099 664.81675824
16064987 665.850938302
16064824 666.883872886
16064480 667.88106146
16064158 668.866251291
16063990 669.853479814
16063526 670.823342437
16063242 671.836190848
16062431 672.828693107
16062122 673.849793607
16060926 674.906301427
16060459 675.892689123
16060001 676.922956597
16059745 677.892790411
16058728 678.966620953
16058071 679.983689373
16057920 680.986431418
16057638 682.008318507
16056384 683.042720772
16055949 684.027104312
16055300 685.004938614
16054463 686.015376476
16052368 687.026176389
16052249 688.001319773
16050972 689.010738521
16049460 690.002794841
16048837 691.006586352
16048097 691.984766372
16047782 693.05056785
16047199 694.044125397
16046181 695.056593212
16045935 696.024492462
16044736 697.058679262
16044307 698.035067971
16044192 699.006500523
16044189 699.985416851
16043025 700.969821672
16042584 701.976093444
16042169 702.981835489
16039918 705.007626062
16039800 706.016834755
16039704 707.041821007
16038903 708.039471824
16038795 709.035058138
16037889 710.060268683
16037138 711.078279757
16036499 712.154551922
16036082 713.149032487
16035602 714.150375086
16035433 715.17254582
16034110 716.172466842
16032711 717.166966619
16032184 718.185725223
16031635 719.214931306
