26105097 282.05730146
26099529 283.285583204
26099060 284.455242801
26051591 285.638598834
26048464 286.802043925
26037613 287.961035661
26035359 289.101850463
25992618 290.270127795
25784121 291.408976387
25781672 292.526591817
25781241 293.648032001
25779537 294.792393561
25777837 295.928635612
25747046 297.060764977
25733463 298.188268786
25723793 299.33093915
25721061 300.479824421
25719615 301.624660937
25718402 302.742334423
25715458 303.851394529
25703666 305.009720548
25702526 306.185197445
25701478 307.360313624
25695847 308.428026436
25687390 309.507204377
25687062 310.6493451
25686589 311.781057241
25685066 312.892783691
25680721 314.03173839
25680151 315.149582868
25676555 316.273723661
25676292 317.406730924
25675038 318.539766042
25673590 319.705447692
25671069 320.826517127
25658166 321.952711808
25650344 323.057305776
25648318 324.213333254
25646278 325.376668768
25645103 326.47964968
25643397 327.579203078
25640637 328.692034293
25640539 329.82792081
25638051 330.9755899
25637582 332.099847568
25636846 333.256607542
25630969 334.357582287
25626992 335.455300361
25624644 336.555634806
25623053 337.662511598
25621210 338.827681101
25619565 339.929127475
25616363 341.027387494
25615543 342.111425829
25613162 343.205494708
25612593 344.321186534
25610801 345.456563318
25609411 346.552407398
25608243 347.715974249
25603042 348.894529603
25600204 350.053466146
25596689 351.179040397
25593609 352.318794268
25592115 353.462431421
25588784 354.564652124
25585965 355.669143348
25565628 356.785707939
25555884 357.913665338
25551947 359.006316035
25550486 360.122311874
25549659 361.252258946
25543966 362.395509717
25526435 363.553538989
25524876 364.683412959
25519578 365.789542989
25514826 366.942364356
25507691 368.087753346
25506107 369.197292494
25504776 370.329200184
25504179 371.430822557
25499836 372.565588962
25495065 373.675036878
25484597 374.809312164
25478430 375.907748551
25434284 377.011696116
25426869 378.128986068
25424713 379.252562151
25423263 380.36652883
25422838 381.544798659
25420052 382.674487472
25417505 383.820496878
25416158 384.912963088
25412809 386.014612141
25412124 387.160930643
25411322 388.276111371
25410025 389.402187731
25408779 390.488982735
25407495 391.60370208
25405943 392.705973638
25403833 393.808632173
25401523 394.906071342
25400434 396.018459682
25398297 397.142456834
25398114 398.27623503
25387714 399.402410734
25385075 401.661627426
25383291 402.80028618
25382687 403.919836702
25380707 405.029385195
25380317 406.088893458
25377751 407.180961101
25377206 408.307197136
25376076 409.405633652
25375859 410.553570539
25374798 411.655178865
25360710 412.774644767
25357927 413.901588585
25356726 414.997658251
25339164 416.068368251
25337947 417.172361791
25336253 418.221114237
25333629 419.333226166
25333018 420.449953882
25324895 421.535624678
25319715 422.672186734
25318058 423.770119607
25306743 424.862717516
25305033 425.951290563
25301703 427.020600069
25300911 428.140736363
25296296 429.228976718
25295346 430.326707608
25291496 431.417361028
25289895 432.494920152
25287480 433.574292237
25282296 434.673896552
25281517 435.76514291
25272750 436.916423127
25271714 438.057155794
25265995 439.156458587
25265647 440.232994394
25265395 441.324470454
25262464 442.411068782
25262170 443.547238192
25258511 444.60590512
25257012 445.681727073
25255589 446.789478777
25253157 447.920210395
25251079 449.00665399
25244581 450.10367728
25242427 451.254683753
25239242 452.348735814
25235007 453.458921974
25232660 454.55559173
25231657 455.638373388
25228537 456.73749154
25228437 457.817359394
25226097 458.902802022
25224606 460.008482449
25218153 461.148841566
25217158 463.332181369
25215244 464.415578436
25212602 465.543248128
25211458 466.66260226
25207818 467.774427362
25206446 468.882267168
25205852 469.974686126
25202632 471.110270949
25201817 472.195120817
25196794 473.347246721
25196298 474.480737759
25195886 475.565994578
25195031 476.646212972
25194336 477.75396949
25192895 478.865114476
25192595 479.946037254
25187034 481.083945325
25185784 482.112886551
25170582 483.158414338
25169561 484.251789858
25168463 485.36039581
25167376 486.46424473
25166012 487.508996182
25164840 488.601488221
25163791 489.71190367
25163257 490.76442383
25162360 491.85834603
25160662 492.955323713
25158551 494.050147088
25158000 495.165238333
25154471 496.247013464
25152117 497.3508236
25151447 498.41944248
25150644 499.496386277
25148588 500.601850861
25147846 501.686229384
25146680 502.725143618
25144563 503.84983361
25137640 504.938466466
25136984 506.024826858
25136943 507.112206478
25134143 508.227186191
25124777 509.279540097
25123975 510.334108117
25123232 511.43125425
25122015 512.534416522
25121141 513.615726831
25119108 514.756456628
25116235 515.814573988
25113911 516.905834196
25113555 518.02930228
25112050 519.120281715
25109976 520.211509299
25106437 521.279437259
25106035 522.368380987
25104997 523.482469292
25104715 524.617074077
25098016 525.700211425
25097630 526.826680267
25097302 527.933238345
25094059 529.040515054
25093651 530.129207818
25090722 531.221302105
25089834 532.282709121
25088857 533.43002038
25087421 534.549336592
25085918 535.635727884
25085010 536.695393055
25083936 537.781240926
25082591 538.889012319
25082036 539.983753419
25081203 541.060612311
25076879 542.184716184
25075527 543.306735643
25072263 544.468398814
25071120 545.539081497
25068034 546.643577262
25065476 547.754735749
25065012 548.84185102
25063028 549.907606376
25061865 551.003998186
25060300 552.080809861
25057866 553.179299676
25057371 554.267688377
25054406 555.419967353
25054175 556.511295706
25052830 557.589204827
25052256 558.689123067
25051305 559.776212549
25049888 560.879323816
25049569 562.012963358
25048969 563.074730463
25048528 564.183744213
25047395 565.340675343
25047163 566.412788232
25041460 567.49776732
25041204 568.623442664
25040907 569.76566616
25037678 570.865621244
25033512 571.937974865
25032737 573.071476492
25030960 574.150166565
25027795 575.258512752
25023931 576.357810647
25023660 577.502524348
25015187 578.632279053
25015090 579.68160399
25014583 580.76863504
25013374 581.860808351
25012697 582.987771791
25005497 584.070982405
25001127 585.153557232
25000238 586.264015175
24999371 587.374608201
24999056 588.472338719
24999004 589.531066529
24998617 590.633912359
24997753 591.746314196
24993824 592.815390862
24992793 593.897657833
24989761 594.992637267
24989138 596.053301809
24987686 597.147529752
24981148 598.241901744
24979537 599.286369622
24978921 600.344582028
24972657 601.438892417
24971639 602.503382547
24970675 603.548338276
24969622 604.669029659
24968667 605.757444058
24968188 606.785225738
24966872 607.864920091
24965699 608.943601581
24965356 610.028871094
24964730 611.097723298
24963712 612.214939275
24952896 613.276474934
24952294 614.373063735
24950788 615.43972024
24950426 616.525377864
24949746 617.633468457
24945053 618.715290331
24942742 619.76241701
24942548 620.788375688
24942378 621.896208959
24937695 622.9813469
24935336 624.068059489
24934715 625.136796083
24934537 626.170741292
24933653 627.281087638
24932786 628.401775145
24931980 629.477678996
24931719 630.528298941
24927830 631.609743438
24926793 632.713316161
24926522 633.762376477
24926447 634.862657242
24926283 635.954621724
24926173 637.026655089
24923461 638.090580682
24923370 639.182839874
24922632 640.259292523
24919405 641.347133386
24918476 642.448452866
24918030 643.507967981
24916753 644.614113507
24905840 645.751661068
24902597 646.76410236
24901842 647.83059091
24901556 648.899214391
24901078 650.010609223
24900965 651.041680744
24900400 652.146835668
24900059 653.210683619
24899542 654.26427976
24898481 655.354359789
24898142 656.433934685
24893206 657.514484179
24890847 658.568132988
24890449 659.612152924
24888729 660.660013452
24888420 661.73126655
24887351 662.802374679
24882000 663.858057455
24881566 664.941093943
24880732 666.023230154
24880344 667.063217604
24876482 668.155660482
24876123 669.252972914
24875701 670.310992858
24872090 671.339263772
24871577 672.383112022
24871302 673.439276863
24870904 674.509957681
24869890 675.647210178
24869406 676.753515735
24868713 677.794291705
24865622 678.855964931
24864719 679.923030716
24861801 681.004088885
24860184 682.064567631
24858346 683.139482191
24857836 684.219908206
24856717 685.352480128
24855054 686.445443403
24854912 687.506446293
24854590 688.577273906
24849346 689.641172749
24848732 690.733231187
24848415 691.779804654
24847696 692.839969158
24847489 693.862281708
24844972 694.942072744
24844364 696.017082602
24843714 697.056046861
24837351 698.112386085
24837059 699.227541943
24836556 700.33423632
24836349 701.407004249
24836068 702.457792112
24835273 703.507327198
24834620 704.529195583
24831735 705.611572776
24828676 706.679993496
24827890 707.817615595
24827788 708.910966492
24827025 709.991717215
24826187 711.093041888
24824495 712.166100823
24823403 713.250433255
24822690 714.346241161
24821598 715.48330783
24821372 716.608017936
24818935 717.665253206
24818100 718.7568492
24817963 719.804334144
24817269 720.892944265
24816498 721.97442835
24814203 723.010877539
24813923 724.114137263
24811115 725.2102843
24810769 726.301157811
24810624 727.332620597
24809140 728.377226203
24808865 729.476093476
24807698 730.561208659
24807472 731.635530701
24807217 732.709592969
24805940 733.758480111
24802046 734.823955724
24800178 735.927992946
24800006 737.010137583
24799741 738.079907698
24799403 739.151192037
24797740 740.272502279
24797611 741.339672979
24797430 742.37395965
24796355 743.412728268
24788212 744.520153514
24787539 745.570968669
24786848 746.663947054
24786825 747.769941806
24786084 748.842178644
24781497 749.869954749
24781076 750.990747402
24779403 752.100985605
24778251 753.19444173
24776663 754.298867274
24775563 755.416791901
24774269 756.465634491
24774205 757.518493132
24773892 758.591237827
24759493 759.679728377
24754806 760.761005011
24754239 761.82406147
24752501 763.92407499
24751417 766.117782346
24751186 767.210260332
24750929 768.302905795
24749197 769.399425785
24748658 770.482597327
24747819 771.543831396
24746935 772.621836783
24745724 773.690928125
24743872 774.766257491
24742802 775.848283815
24742656 776.921419703
24742608 778.004898972
24742287 779.089529447
24739156 780.127038779
24739108 781.190555379
24738901 782.285130022
24737682 783.339011513
24737398 784.377497527
24736204 785.454927498
24735718 786.592077663
24735476 787.655861325
24735364 788.77735498
24734341 789.879586309
24734155 790.990334705
24731930 792.065827321
24731806 793.131757546
24730860 794.198929806
24730699 795.310367641
24730528 796.426673066
24730413 797.496522029
24730017 798.595846743
24727296 799.716874273
24727139 800.831890821
24727108 801.936447284
24726290 803.0659662
24725982 804.122002492
24725810 805.23318304
24724192 806.326495602
24724020 807.401550154
24723881 808.507665234
24721520 809.619092448
24720448 810.73251721
24720127 811.815361728
24719818 812.907141858
24718866 813.951664599
24718354 815.042982269
24717983 816.116223755
24717853 817.19294606
24717341 819.395974474
24716786 820.510347045
24716440 821.600223234
24711806 822.72977724
24706507 823.830677064
24706428 824.950936825
24706025 826.096529219
24705441 827.178542774
24704921 828.243610595
24703896 829.348698427
24702632 830.489326589
