5587315 3.884803292
5574918 4.07919
5570383 4.207266425
5568482 4.475171918
5562327 4.595668083
5560251 4.712981659
5553426 4.829624513
5552001 4.949855316
5544962 5.074468635
5541671 5.202635766
5538802 5.315429456
5517334 5.432111734
5515915 5.546087888
5514684 5.658932427
5512029 5.768855684
5510400 5.882969079
5500752 5.997977858
5499624 6.106713799
5493784 6.216545474
5493602 6.32814566
5486624 6.439346148
5486194 6.550964318
5477002 6.66368501
5475565 6.775895444
5474646 6.887874
5473740 7.000420621
5470778 7.110825696
5469943 7.220155818
5466393 7.328389481
5466076 7.436195449
5464673 7.545388938
5463318 7.652202651
5460192 7.757590518
5453335 7.865507426
5452114 7.973637974
5451787 8.078486461
5451642 8.184460696
5449638 8.290460526
5448893 8.396441103
5447409 8.501471822
5442998 8.604409781
5442002 8.708792453
5440419 8.812529186
5437697 8.916193339
5435839 9.020789895
5434486 9.119596588
5432703 9.221959268
5432191 9.322778853
5430951 9.421707771
5428558 9.52243907
5428395 9.62471261
5425262 9.723695886
5423857 9.823460772
5421977 9.923479831
5421437 10.020510355
5421021 10.118336791
5417079 10.21339641
5413657 10.31012332
5411968 10.40950828
5411456 10.506972068
5410669 10.604179227
5402085 10.698789103
5401461 10.794819681
5400400 10.891622256
5398928 10.98467691
5398706 11.080003106
5397697 11.174603494
5396902 11.267507298
5396390 11.361808811
5396147 11.451001406
5395678 11.543122422
5393163 11.633934095
5392844 11.725848199
5392445 11.81514989
5390880 11.905999937
5389557 11.997863278
5388709 12.087469304
5388555 12.175943997
5388374 12.266561087
5387631 12.35398463
5385917 12.44522433
5384748 12.532973769
5384606 12.622086875
5383614 12.709797839
5383150 12.799965502
5380388 12.88677497
5379995 12.973207031
5379431 13.060519365
5378300 13.147671785
5374989 13.232100621
5373997 13.316124395
5373363 13.403218438
5372992 13.486413796
5372482 13.568802109
5370841 13.735832685
5370338 13.819135604
5370180 13.900943493
5369887 13.984842776
5369513 14.067252049
5369223 14.149379546
5368498 14.231379808
5368198 14.312846176
5368190 14.393281791
5367800 14.473068532
5366628 14.553516264
5364025 14.630969792
5363940 14.709332632
5363376 14.786978416
5363364 14.864155393
5362993 14.939609655
5362732 15.01429908
5362463 15.090679394
5361904 15.164806862
5361801 15.238576946
5360847 15.310471821
5360272 15.38127675
5359902 15.451618974
5359616 15.522387384
5359419 15.589976872
5358363 15.657661845
5358154 15.723917121
5358015 15.788903721
5357474 15.854910948
5357311 15.920306342
5357188 16.048425782
5357168 16.113842839
5357091 16.177157315
5356976 16.296478879
5356871 16.35746489
5356523 16.417068982
5356465 16.475915872
5356390 16.533620066
5356369 16.591654367
5356334 16.648451829
5356256 16.705144227
5356199 16.761154577
5356095 16.81598435
5356047 16.87057351
5356022 16.92193229
5355975 16.9750235
5355930 17.026201733
5355905 17.077277481
5355904 17.128145544
5355881 17.178894167
5355861 17.227924885
5355838 17.277784
5355830 17.372858252
5355802 17.420079195
5355800 17.513622945
5355792 17.754749135
5355781 18.153636495
5355768 18.628943235
