34870363 360.11183282
34858998 361.50014422
34856490 362.821547308
34851727 364.133617648
34847969 365.454463464
34821533 366.778520932
34819069 368.099647489
34742111 369.424625644
34737966 370.716671492
34729008 371.948931657
34724170 373.237917813
34721822 374.505263093
34711981 375.796908305
34710441 377.079636044
34706725 378.385328952
34703439 379.696824333
34696688 380.967551596
34683460 382.312216654
34681004 383.567250912
34666409 384.864463903
34664221 386.155556047
34644678 387.467041668
34640857 388.766093224
34640057 390.060288908
34636823 391.327703388
34635667 392.625186836
34634311 393.893507171
34611820 395.156422125
34608425 396.406314703
34607908 397.711505727
34602424 398.989191381
34566822 400.250450701
34560437 401.561913266
34538690 402.786845712
34538245 404.063900154
34535451 405.29108155
34533478 406.547310155
34463028 407.856130948
34453068 409.108466928
34448638 410.400324036
34447591 411.704114183
34434582 413.03310162
34430117 414.342228893
34427740 415.616878824
34423818 416.936746681
34406558 418.193989958
34403076 419.484985453
34391463 420.792261026
34390420 422.089755109
34384315 423.449769985
34382886 424.755606893
34381442 426.031757935
34373819 427.291775814
34370132 428.548960068
34351210 429.897191737
34324209 431.182259143
34241073 432.394762967
34236692 433.706188158
34230993 435.047005249
34229730 436.377566022
34225048 437.63810042
34223140 438.935411178
34219541 440.252528813
34218347 441.530012528
34213981 442.825878885
34212434 444.063384252
34210186 445.318539541
34205218 446.627109936
34202593 447.949453313
34201324 449.243535818
34194492 450.528735629
34193463 451.856603193
34170932 453.094602491
34162193 454.385822458
34149008 455.670430631
34148653 457.012388973
34147835 458.262149417
34145166 459.553320853
34084992 460.874005115
34082910 462.200889521
34079897 463.47855052
34077883 464.747224727
34077514 466.03033195
34074961 467.361865431
34073925 468.641965682
34068497 469.931291855
34067615 471.254522455
34060784 472.525538496
34054586 473.833030257
34052137 475.097230671
34050247 476.404227075
34047989 477.693702642
34045959 478.928618697
34044822 480.199273321
34029385 481.467338163
34024958 482.725429421
34024047 483.987726364
34022781 485.297673371
34016179 486.632125207
34012103 487.881538537
34010129 489.167102823
34005165 490.430987275
34002312 491.771667651
34000144 493.035749239
33996884 494.353689657
33988504 495.659102535
33986615 496.920502323
33980333 498.24905281
33978454 499.576329196
33977673 500.898162023
33976104 502.18013312
33975211 503.488217519
33939238 504.755155811
33938829 506.104345123
33936589 507.440585575
33935495 508.715681379
33926509 510.068238802
33925880 511.30872933
33921190 512.617235882
33880310 513.91080626
33876409 515.188282241
33875655 516.487799517
33875074 517.675959149
33873820 518.936855333
33867211 520.234098258
33854329 521.503115326
33852604 522.857670488
33851342 524.164221899
33849396 525.508551184
33848647 526.73061509
33843617 528.027842016
33838695 529.317329133
33838476 530.596894136
33837126 531.915066915
33836453 533.283300579
33834049 534.569855508
33832449 535.923504829
33830206 537.197904005
33829715 538.493583904
33829387 539.824387125
33822815 541.095154881
33820602 542.428352769
33818350 543.75148629
33817664 545.001355488
33816469 546.285542425
33815293 547.567735931
33813959 548.873497589
33807484 550.20028569
33804831 551.472887307
33803237 552.772710661
33798469 554.062997657
33793058 555.349673022
33792504 556.639287975
33790612 559.22586985
33786424 560.514820885
33782464 561.785299337
33781921 563.08666585
33781266 564.380087134
33781078 565.744577157
33772360 567.09834756
33767151 568.392322967
33765493 569.681022248
33764384 571.043995332
33756835 572.344682119
33755521 573.668212796
33755188 574.998179252
33753927 576.350471768
33752890 577.66266267
33752037 578.990941002
33751123 580.28590607
33750620 581.554323535
33744058 582.835361536
33743692 584.112610988
33695402 585.410328932
33689220 586.691124906
33688558 587.978765622
33687646 589.268721742
33684319 590.547094907
33683350 591.787917776
33681268 593.083117055
33678577 594.329074763
33675716 595.642016384
33671566 596.913940689
33669962 598.198346288
33668158 599.475217555
33663002 600.727150014
33660571 602.068357724
33657779 603.352243382
33651627 604.601947441
33650989 605.883179763
33650020 607.194292463
33646940 608.452084697
33646246 609.735350214
33646069 611.062655559
33631645 612.342934781
33631146 613.65937409
33630534 614.979149886
33628158 616.291884887
33627219 617.575870196
33626414 618.936632606
33622967 620.261303931
33621916 621.555129164
33620241 622.872866342
33619151 624.227150034
33618431 625.528705238
33614139 626.803290372
33613795 628.101596763
33609945 629.39232585
33609293 630.687378505
33603847 631.98913631
33602543 633.295993827
33601700 634.554604686
33599945 635.831977728
33597545 637.107233368
33595719 638.437721226
33591891 639.775129373
33591018 641.049353008
33590179 642.378096634
33589223 643.678643464
33582046 644.954531998
33580867 646.283213546
33580745 647.607550893
33580208 648.897300533
33579649 650.229199955
33578559 651.563432485
33577224 652.872537292
33576896 654.119087134
33576641 655.375988734
33575825 656.698414446
33575253 658.027118138
33550706 659.328052232
33547219 660.608348008
33545418 661.903952221
33543176 663.211950843
33542700 664.528962764
33540871 665.799337505
33535042 667.10009397
33534236 668.44024086
33533308 669.733366981
33531755 671.064151586
33531316 672.336824502
33530413 673.668853566
33529892 674.952765207
33529496 676.20648144
33528734 677.499902932
33525973 678.836934339
33520986 680.13256033
33520165 681.415845594
33516112 682.706957687
33515184 683.999469658
33513319 685.366238789
33512619 686.688190359
33510382 688.021377169
33509677 689.306771893
33509317 690.595307971
33508978 691.869927646
33508254 693.216336744
33506804 694.498385018
33506565 695.794875447
33505354 697.085680779
33504795 698.383712305
33501651 699.637900236
33499201 700.922166286
33497299 702.169336865
33496777 703.477419416
33496614 704.801079208
33493344 706.099740468
33490562 707.380408273
33488557 708.643791522
33486827 709.999429762
33480457 711.280140673
33475878 712.55036467
33475539 713.865773324
33473822 715.151154189
33466836 716.437167598
33458286 717.763291694
33457760 719.015303674
33454640 720.298807314
33453334 721.619914344
33449245 722.970187543
33447728 724.259708427
33444747 725.513548305
33443854 726.846865853
33438542 728.112292183
33438046 729.419442328
33437053 730.749190466
33436512 732.072187663
33435372 733.396571382
33433554 734.705269539
33432157 735.968688916
33431746 737.240534217
33431450 738.579449653
33431043 739.854407766
33430671 741.175887446
33430416 742.417206172
33422045 743.661428582
33418162 744.96938554
33417354 746.310812729
33416774 747.629104247
33411046 748.966659996
33410169 750.332016133
33409764 751.65079055
33408147 752.927334092
33406237 754.253215298
33406032 755.545856434
33405894 756.873217319
33405265 758.159313218
33405109 759.478047262
33403794 760.796856068
33403323 762.116965767
33401711 763.421188829
33398863 764.725438166
33397152 766.028698362
33396672 767.40699828
33395394 768.750746017
33394891 770.065827698
33391360 771.373692331
33389318 772.689436617
33389135 773.968965145
33388237 775.267544143
33385891 776.490316818
33384753 777.732533297
33384071 779.017866412
33383901 780.321512797
33382074 781.604512225
33381731 782.939210584
33381073 784.259263638
33379095 785.575036739
33377825 786.869000336
33377245 788.148931478
33376049 789.498004197
33370730 790.779422351
33369505 792.084786616
33368851 793.37303358
33365354 794.683722693
33364511 795.952509421
33361913 797.240218231
33360865 798.547447037
33357390 799.840815741
33357067 801.180942008
33352285 802.462198885
33351278 803.769802237
33350449 805.007771694
33348764 806.261734363
33346844 807.578473351
33346503 808.866775721
33345980 810.150328407
33340847 811.40903814
33339950 812.70129519
33338366 813.956163254
33335136 815.243969816
33334930 816.481435293
33333623 817.772183169
33332906 819.03792094
33332737 820.399001364
33331976 821.720615567
33331317 823.001662912
33331047 824.311170444
33330495 825.589903002
33330237 826.813419547
33329940 828.094083449
33328905 829.405746068
33328503 830.708251548
33327885 831.940723127
33326844 833.209578317
33321232 834.483186705
33320758 835.759625146
33319815 837.015850307
33319235 838.27020811
33318114 839.542365407
33315950 840.818781429
33315684 842.080027117
33314352 843.403347597
33313045 844.70865819
33312598 846.019692156
33311735 847.289353264
33308618 848.607510713
33308035 849.902285561
33307605 851.161883505
33305564 852.472085797
33305365 853.753868364
33304889 855.052039883
33304658 856.355355656
33303618 857.668363302
33297400 858.981569553
33296918 860.288585328
33296700 861.547371005
33296481 862.875928508
33296178 865.460433993
33295306 866.747313721
33293260 868.083285089
33292556 869.377134166
33292333 870.661359313
33291669 871.968107648
33291387 873.246998588
33290956 874.56875587
33290889 875.847405162
33290377 877.188196749
33286413 878.490744835
33285610 879.834663705
33284882 881.153278079
33282261 882.429472487
33280525 883.760788819
33278848 885.045466665
33278397 886.315919628
33277723 887.636962073
33276456 888.912380723
33275017 890.221032484
33274635 891.502820572
33256623 892.77832675
33255905 894.127770231
33254960 895.436849811
33253967 896.719311467
33252696 898.013416054
33246952 899.327062518
33246062 900.588637829
33245552 901.874115627
33245248 903.153947983
33243933 904.465486948
33242488 905.777035081
33238453 907.10978278
33238229 908.386893857
33236905 909.704264429
33235954 911.020598621
33235117 912.275974494
33234374 913.57518343
33234095 914.890887495
33233726 916.187755859
33232249 917.435426355
33232092 918.709381139
33231999 919.970974798
33230169 921.291112819
33228337 922.609431232
33226561 923.897830286
33225951 925.142044772
33225493 926.362491822
33225377 927.629738163
33225062 928.894003415
33222982 930.21087972
33209666 931.530965888
33209481 932.895855462
33208930 934.180110477
33208660 935.513579376
33208552 936.815167302
33207314 938.16022834
33203242 939.372865429
33202487 940.650675206
33201374 943.168544362
33201025 944.472645258
33200877 945.799829562
33199692 947.118670263
33199514 948.4113349
33199444 949.762648137
33198084 951.083732334
33197709 952.332581025
33197200 953.64500681
33196851 954.923032473
33196110 956.191371472
33194789 957.506934641
33194384 958.819693583
33194253 960.094421852
33191745 961.374473101
33191530 962.646795627
33191489 963.934415605
33191412 965.200692299
33182757 966.465479547
33181394 967.81105517
33180281 969.084314805
33176993 970.369499575
33175430 971.605643167
33172961 972.875007483
33172751 974.229317779
33172454 975.514072393
33171666 976.812549797
33171041 978.061895097
33168793 979.325393065
33168407 980.636259972
33166448 981.95638892
33164753 983.234589844
33164514 984.474559902
33164396 985.756912097
33163076 987.050680798
33162721 988.310258844
33162266 989.645348454
33162011 990.956434328
33161724 992.233786606
33160692 993.541596984
33160517 994.83024448
33160190 996.118212515
33159938 997.444890482
33157500 998.679408848
33156938 1000.01614443
33156106 1001.326456382
33154794 1002.634201534
33153837 1003.960978622
33152008 1005.319193723
33151280 1006.571749851
33150750 1007.802770679
