7519155 7.359573849
7501448 7.621292791
7495934 7.811819748
7473568 7.993541772
7405757 8.171807717
7399839 8.337656925
7389062 8.520954884
7372404 8.704921006
7362372 8.879341339
7359160 9.055843679
7347157 9.228666726
7344075 9.394036207
7343139 9.556117893
7334000 9.718021727
7324993 9.882795504
7323203 10.045502188
7320274 10.20123307
7317204 10.358300955
7312752 10.517562508
7312057 10.680206522
7308107 10.837649866
7296416 10.998653466
7291408 11.15560965
7290972 11.314661838
7287703 11.470880853
7281559 11.629302877
7280359 11.788742872
7275771 11.942604557
7274566 12.093264221
7274481 12.248915609
7266417 12.402809895
7265441 12.562610191
7262135 12.718907441
7258982 12.87720832
7254836 13.038308188
7250517 13.190881346
7247337 13.344247992
7245818 13.500459371
7242327 13.6534102
7239372 13.805679707
7235590 13.96047673
7234918 14.111855305
7231192 14.262121657
7229729 14.412083395
7225562 14.56289577
7224952 14.712452792
7221342 14.85882215
7219625 15.004328908
7218472 15.15477036
7215643 15.30396839
7214510 15.450812326
7212017 15.594167126
7209584 15.742962456
7208543 15.892721503
7202282 16.039474224
7201581 16.185952475
7197268 16.332518659
7195535 16.478350414
7191686 16.622840929
7187337 16.76710966
7186845 16.917484283
7185832 17.066865142
7184661 17.212558285
7178096 17.353804839
7176782 17.492014367
7175200 17.63477134
7174314 17.78140511
7172479 17.927123809
7171397 18.069281864
7170555 18.20459429
7166690 18.347960782
7166300 18.485840681
7166118 18.624856472
7165800 18.760501779
7160807 18.893604977
7160128 19.034043255
7156269 19.169082966
7154986 19.30791205
7151472 19.445132326
7147176 19.579837522
7146356 19.714299754
7145329 19.847717032
7143480 19.985518878
7140974 20.120378092
7140627 20.249748943
7139706 20.384377289
7137300 20.51742747
7136759 20.644318068
7135446 20.775850219
7134606 20.904327882
7134305 21.029763128
7132351 21.158672238
7132034 21.28740924
7131635 21.418823196
7129476 21.54631139
7128861 21.6728277
7127758 21.798029931
7126193 21.926296983
7124576 22.05389215
7124219 22.1802056
7123868 22.304900826
7122813 22.429074818
7121111 22.550587789
7118096 22.676326276
7117826 22.800529632
7116670 22.922830826
7115475 23.045522521
7113095 23.164420796
7112752 23.283229225
7112245 23.405393441
7110888 23.523668935
7110725 23.642348192
7109097 23.757750076
7108064 23.878230268
7107491 23.995862798
7106157 24.111240824
7105903 24.342643615
7105838 24.458357995
7102423 24.571123535
7102411 24.686930947
7102232 24.802497961
7101797 24.91558494
7101616 25.140771764
7101252 25.255928438
7100867 25.3666436
7097094 25.477915049
7096915 25.586610822
7095342 25.698418205
7095142 25.811566813
7094797 25.922724328
7093756 26.029161481
7091639 26.13769909
7091561 26.246639601
7091277 26.353735551
7091161 26.460374346
7091001 26.570242303
7090960 26.679831771
7090813 26.891701461
7090193 26.998770213
7090018 27.206199625
7089235 27.313536468
7087227 27.414360502
7086892 27.513391101
7085503 27.614866326
7084924 27.714673957
7084459 27.812234879
7083465 27.909109547
7083190 28.008609865
7083017 28.207009505
7082918 28.303063085
7082456 28.495798934
7082372 28.686062675
7081855 28.776758622
7081753 28.869892788
7081687 28.962500943
7081515 29.054455675
7081503 29.143995055
7081336 29.232192851
7081227 29.318580936
7081178 29.404186835
7080396 29.490143338
7080210 29.575042252
7080099 29.660952019
7079956 29.745630601
7079040 29.828786348
7078772 29.914235907
7078727 29.997046162
7078670 30.081327277
7078517 30.162755343
7078295 30.242654027
7078183 30.32199111
7078063 30.399624207
7077898 30.479426922
7077726 30.556860085
7077519 30.635973209
7077257 30.715504076
7076911 30.793838846
7076800 30.866557494
7076601 30.944418978
7076491 31.020245769
7076406 31.096225926
7076230 31.169555278
7076162 31.242009123
7076085 31.313214937
7075993 31.382940265
7075938 31.452263202
7075843 31.519867687
7075831 31.588457093
7075798 31.653486267
7075741 31.716749992
7075710 31.780943536
7075680 31.842830172
7075661 31.906573148
7075553 31.970016485
7075521 32.032071072
7075377 32.090942053
7075358 32.483275062
7075345 32.5381714
7075304 32.644057185
7075272 32.699909042
7075182 32.969727338
7075163 33.173533739
7075148 33.324375766
7075117 33.373620609
