9813704 8.11000962
9804729 8.37226246
9793337 8.57103216
9784758 8.76085807
9781158 8.960774533
9773084 9.137434616
9759931 9.329209432
9757043 9.529714632
9756111 9.71696429
9754732 9.896563291
9744464 10.08325371
9738519 10.263026676
9731684 10.444755054
9729937 10.61885074
9704824 10.794599367
9695184 10.974137187
9687966 11.152506117
9686532 11.329205985
9683425 11.506194905
9679771 11.682779417
9671762 11.864546236
9663048 12.037659015
9651186 12.216246431
9645867 12.388267061
9643754 12.557857683
9641686 12.733068916
9638682 12.904857266
9636425 13.071435427
9635672 13.24324737
9631759 13.413953851
9621593 13.587066989
9621211 13.760256718
9613564 13.934376187
9611108 14.105576952
9606761 14.277361719
9605246 14.448909766
9601797 14.616753156
9594813 14.78339908
9591873 14.953382344
9588834 15.119672627
9583134 15.288022944
9573919 15.451973698
9571711 15.615342287
9569026 15.776635576
9566311 15.939737635
9562714 16.106080883
9558565 16.269053897
9557772 16.430981477
9555161 16.593238468
9549588 16.757277791
9548633 16.918493757
9547397 17.081898021
9539784 17.242388967
9534250 17.400957418
9531807 17.561068401
9531753 17.717413991
9530676 17.86911264
9529065 18.029453038
9528005 18.185531159
9527409 18.343767252
9525564 18.507460555
9520299 18.667738373
9516448 18.824833258
9511774 18.980782012
9509700 19.134939891
9506105 19.29032232
9503509 19.440146648
9502342 19.58988155
9501236 19.744137087
9498627 19.899094056
9490237 20.047016503
9488929 20.202049607
9484964 20.353190217
9483908 20.503737256
9482801 20.659592087
9482056 20.81035857
9481139 20.956368287
9478778 21.10131607
9478704 21.248409212
9477221 21.393115717
9476910 21.538252394
9476202 21.683057
9474617 21.82795464
9473763 21.96913905
9470409 22.111311423
9469870 22.255017052
9469265 22.397112182
9468929 22.539626646
9468362 22.683692419
9464745 22.820319234
9462481 22.963861845
9461502 23.101609107
9458926 23.240646619
9456271 23.383087025
9452353 23.521795549
9450879 23.661197902
9450337 23.802233996
9448695 23.937259015
9447897 24.074558989
9445322 24.206857795
9442417 24.343611317
9441275 24.476239075
9439664 24.613309949
9439206 24.74512728
9438406 24.879481493
9421511 25.012481878
9418371 25.142963575
9418223 25.27267317
9418086 25.40366886
9417724 25.536687582
9417517 25.797498368
9416851 25.928325374
9416646 26.056515131
9416041 26.182449336
9414770 26.31024165
9414439 26.436365493
9413556 26.561055313
9413218 26.684061551
9412133 26.807277264
9410043 26.932323562
9408366 27.057562913
9407788 27.17743046
9407643 27.293625306
9407447 27.41740765
9407241 27.54030153
9407167 27.662428918
9407038 27.784170311
9406405 27.903496638
9406119 28.022446557
9405035 28.142410273
9404468 28.261405282
9404425 28.377659502
9404195 28.494164257
9403921 28.613418262
9403280 28.727681284
9402677 28.847002701
9402286 28.962135758
9401467 29.07896956
9401186 29.194701367
9400641 29.3080773
9400529 29.419329441
9399728 29.533519519
9399635 29.643969329
9399299 29.753525698
9398717 29.866148985
9398564 29.973246715
9397536 30.080742206
9397229 30.298459072
9396958 30.405296679
9396741 30.617593161
9396551 30.721489562
9396369 30.819008153
9396082 30.922002731
9395801 31.025579885
9395360 31.131259191
9395004 31.23423918
9394772 31.33989113
9394687 31.443070744
9394432 31.541617548
9393108 31.644179443
9392925 31.744698332
9392401 31.844410939
9392305 31.941565217
9392107 32.038436339
9391778 32.138587916
9391546 32.239188833
9391169 32.337772879
9390831 32.435282455
9390233 32.533316444
9389922 32.628367507
9389735 32.724458014
9389653 32.821089943
9389054 32.916275426
9388892 33.012081239
9388790 33.106804742
9388772 33.205014962
9388520 33.302015553
9388470 33.398912677
9388370 33.494012708
9388021 33.589078697
9387760 33.683906356
9387583 33.777134482
9387455 33.869759795
9387112 33.961592113
9386916 34.055058442
9386826 34.144445723
9386677 34.236934664
9386465 34.327408921
9386405 34.415678992
9386274 34.505932664
9386034 34.596434665
9386012 34.686351115
9385935 34.77621493
9385702 34.863748136
9385636 34.948719459
9385411 35.033907341
9385355 35.122169836
9385331 35.207804668
9385281 35.293651359
9385249 35.378863184
9385074 35.462466066
9385055 35.544086131
9385054 35.626667519
9385040 35.793151305
9384960 35.954784688
9384802 36.035553715
9384650 36.192734873
9384617 36.352828199
9384558 36.432813733
9384541 36.509164388
9384503 36.589698852
9384464 36.668446514
9384446 36.74563828
9384428 36.822910705
9384339 37.054595591
9384320 37.130816549
9384306 37.282035966
9384287 37.432156396
9384283 37.506025767
9384280 37.581890868
9384279 37.657597241
9384156 37.729324156
9384152 37.939849233
9384151 38.221580416
9384125 129.264426363
