13025731 13.901617212
13013021 14.254284541
13006075 14.521521984
12990115 14.771818928
12948892 15.040372205
12945728 15.300733187
12938598 15.550785483
12936369 15.796547478
12899181 16.055817961
12897532 16.303301673
12889619 16.551233888
12829083 16.798133544
12811335 17.041101133
12810648 17.284016182
12808338 17.529497233
12804445 17.771617389
12799487 18.008119515
12794707 18.254323083
12765518 18.489017298
12760577 18.725928856
12758441 18.964069088
12740506 19.200251813
12738649 19.433554481
12736185 19.670323021
12733462 19.913462823
12732868 20.158077678
12731720 20.39287569
12729016 20.635890507
12726480 20.87648702
12716182 21.11615266
12712896 21.351624829
12710515 21.582587872
12710288 21.81970374
12707470 22.0635243
12705602 22.297283311
12703073 22.529669351
12700716 22.767088505
12694660 22.998486263
12685832 23.235165259
12681029 23.474546106
12680910 23.703157002
12680066 23.934735272
12673827 24.164358325
12671023 24.399937468
12667739 24.623624996
12663097 24.855512153
12661173 25.08056328
12657849 25.305031415
12651435 25.541128357
12644986 25.76340469
12637346 25.986124881
12624389 26.210893687
12610902 26.432432174
12607309 26.660305875
12606381 26.888168264
12602024 27.112170064
12601769 27.345658871
12601287 27.568834915
12600778 27.783842031
12599763 28.000834872
12597939 28.22229236
12596984 28.440711788
12586998 28.655823215
12585606 28.871576916
12583972 29.086152494
12582657 29.310963894
12581621 29.526116673
12579761 29.735119303
12576241 29.950831623
12575906 30.165569542
12575198 30.388164344
12573847 30.602526984
12572701 30.815741145
12571756 31.022429584
12569622 31.236884908
12568527 31.44545321
12565897 31.652992654
12565317 31.865944855
12562437 32.082383826
12559333 32.299524596
12558422 32.50671261
12556253 32.718632277
12555760 32.93466562
12550797 33.139806125
12550210 33.347020241
12548568 33.551264547
12547855 33.756824357
12546707 33.969913247
12541889 34.178963918
12541483 34.382268042
12540851 34.591850689
12539031 34.794084642
12537564 34.997249522
12537034 35.198222271
12536770 35.393100878
12534266 35.600173254
12529331 35.801346124
12528576 36.003417392
12526962 36.201549956
12517769 36.405672636
12517319 36.59694421
12516640 36.796362697
12514978 36.995005071
12514678 37.191918226
12514377 37.391094496
12512420 37.582164478
12511959 37.77343654
12511550 37.968042778
12509297 38.167786315
12507343 38.365204625
12506637 38.557966193
12504967 38.749006479
12502776 38.940847798
12500788 39.135882798
12499964 39.325768344
12496295 39.517693806
12495309 39.705946206
12494339 39.894505065
12494100 40.087813448
12493126 40.280654228
12491317 40.473506698
12491159 40.667421337
12490427 40.849427434
12488857 41.034622515
12488212 41.218479635
12488002 41.40316033
12477487 41.586444072
12476162 41.773620731
12473791 41.959050354
12473788 42.146642164
12472851 42.331285332
12471414 42.513370396
12470954 42.690538015
12470358 42.876959053
12470114 43.060700323
12469062 43.247606124
12468835 43.432366154
12467479 43.61475048
12466275 43.797954517
12465397 43.974853141
12464218 44.150549783
12464023 44.329506037
12463932 44.507404609
12461624 44.678922435
12460737 44.856778747
12460255 45.030650081
12459783 45.377295521
12459261 45.548008318
12458596 45.721453861
12456746 45.89384843
12456426 46.066572613
12455768 46.236818836
12455560 46.405395531
12454876 46.576318483
12453820 46.749712369
12453760 47.082441709
12453643 47.251939997
12452956 47.423980033
12452910 47.592760891
12452836 47.756098803
12451169 47.9215154
12451019 48.08939856
12450641 48.255238569
12449947 48.421286806
12449887 48.58306703
12449732 48.743449055
12448891 48.905104031
12448765 49.067919104
12447992 49.230234256
12447547 49.394722198
12446793 49.554408241
12446115 49.714937023
12445893 49.87428868
12444991 50.036253349
12441785 50.197437937
12441770 50.353281092
12440659 50.513576536
12440634 50.671432102
12440538 50.821871129
12440422 50.979093787
12440125 51.131393428
12440011 51.288796881
12439981 51.443697382
12439943 51.603314231
12439733 51.760390258
12439028 51.913112692
12438637 52.06837377
12438501 52.220365162
12438383 52.537911267
12438263 52.692802862
12437920 52.84832439
12437851 53.003043338
12437833 53.153140824
12437753 53.308466398
12437504 53.463819706
12437354 53.763461081
12436510 53.912197409
12436416 54.060989485
12436002 54.210389846
12435954 54.358858001
12435705 54.504461754
12435535 54.656451198
12435401 54.803250542
12435118 54.952884246
12434677 55.103121247
12434428 55.254323455
12434399 55.404889712
12434297 55.554249575
12434164 55.696128199
12434079 55.843360356
12434034 55.991587239
12434027 56.137188981
12433504 56.282506143
12432898 56.434593522
12432757 56.580626869
12432658 56.727906374
12432625 56.873405181
12432580 57.01186605
12432491 57.152765949
12432144 57.292826109
12432079 57.443600871
12432041 57.587410475
12431967 57.733717536
12431820 57.878383728
12431727 58.019163822
12431391 58.165287061
12431373 58.308778428
12431082 58.451856202
12430684 58.595878479
12430562 58.735703462
12430238 59.018913761
12430151 59.158378943
12429805 59.302548819
12429634 59.716670351
12429252 59.861830847
12429192 60.139185955
12429167 60.278036281
12429142 60.42082852
12429106 60.561062345
12429048 60.832907693
12429043 60.965895115
12428945 61.107176826
12428791 61.248991894
12428647 61.389090647
12428628 61.530720967
12428567 61.798962192
12428486 61.936644523
12428456 62.072196744
12428453 62.208579274
12428124 62.346104766
12428064 62.479866401
12427958 62.617216847
12427859 62.753253229
12427841 62.886809537
12427817 63.026006923
12427689 63.158122782
12427628 63.434203462
12427502 63.706353543
12427418 64.102809774
12427367 64.367677521
12427344 65.027555268
12427274 65.164185827
12427168 65.298538621
12427160 65.556923175
12427159 65.815646284
12427120 65.941986394
12427118 66.329061073
12426972 66.46175658
12426969 66.716239012
12426908 66.842671577
12426825 66.970885771
12426759 67.098248133
12426722 67.224677394
12426718 67.355961716
12426716 67.608098169
12426639 67.742532737
12426638 67.995897235
12426600 68.249755797
12426517 68.750518129
12426504 69.006113396
12426502 69.132479914
12426491 69.255719776
12426437 75.09944252
12426436 83.451173545
12426432 232.043472861
12426344 232.30938519
12426333 232.701533255
12426323 233.082124924
12426312 233.335868506
12426301 316.757587301
12426235 327.3454053
