11493570 16.131471134
11489830 16.503703284
11457695 16.802192539
11444473 17.083333958
11438809 17.375390644
11429137 17.673945927
11399062 17.959208628
11392025 18.247418867
11385654 18.524175687
11384327 18.802826439
11382241 19.077725308
11356291 19.351217999
11324647 19.626455723
11320009 19.904308499
11314357 20.16811591
11307840 20.437106559
11303885 20.709811055
11300802 20.984498409
11299480 21.250796637
11292075 21.526204586
11270925 21.792420925
11262665 22.068281794
11234912 22.336929763
11224952 22.609099813
11221681 22.876887743
11220379 23.150933523
11213451 23.419735407
11207546 23.678184585
11200017 23.935584351
11190849 24.199342688
11189421 24.458706767
11186952 24.726844787
11170496 24.995377893
11169412 25.257235153
11167602 25.509917481
11166802 25.764004638
11165824 26.030219232
11163553 26.294302778
11161147 26.544699509
11159009 26.802670353
11156532 27.055034572
11154904 27.308375117
11150165 27.565311419
11148551 27.818239429
11146126 28.072660622
11113271 28.327514785
11112414 28.583810752
11111280 28.83684185
11103388 29.093503317
11102959 29.352623472
11102208 29.604689435
11098973 29.858463346
11096328 30.109929807
11093015 30.364869774
11092061 30.619029286
11091443 30.875521328
11081795 31.119872298
11080648 31.374481728
11079411 31.621609415
11076389 31.881076878
11065857 32.136373547
11064231 32.383527473
11063556 32.640316329
11049624 32.884099307
11047597 33.124072507
11046621 33.375575477
11043754 33.625806288
11042987 33.872572354
11040990 34.12254429
11040009 34.366282905
11039781 34.622326238
11039194 34.862598926
11036551 35.108353234
11036482 35.351070702
11035496 35.602128783
11033132 35.837350187
11030411 36.081126716
11029433 36.32686687
11026929 36.565573149
11025137 36.80931418
11024278 37.04362375
11023456 37.278527377
11020987 37.518961734
11020408 37.755687364
11017712 38.004762424
11016393 38.242564166
11012341 38.479960671
11009662 38.72354566
11008310 38.961990899
11004013 39.201676938
11003752 39.431128445
11002400 39.667649996
10996137 39.893443392
10991225 40.135172115
10991068 40.372469224
10988220 40.607070808
10986921 40.84173696
10986058 41.07957433
10985130 41.316753234
10980752 41.551623081
10980158 41.776717803
10978271 42.007180631
10975638 42.234548362
10957090 42.462198986
10954932 42.686351916
10953996 42.922055672
10953493 43.153276829
10950831 43.377587756
10949708 43.604383098
10947804 43.830331018
10943780 44.053910716
10941105 44.282764885
10938771 44.513817661
10937798 44.735092365
10937146 44.96345606
10936416 45.178932214
10934821 45.396645586
10933935 45.625950516
10931788 45.845190363
10931201 46.067636819
10929394 46.288724313
10928951 46.505619005
10928350 46.729057103
10927919 46.952916844
10927468 47.172952919
10927122 47.396857932
10925464 47.618816714
10924688 47.832703686
10923269 48.052587455
10921165 48.269779688
10920823 48.491644502
10920434 48.715597542
10918674 48.931695106
10917556 49.148965933
10916445 49.359691074
10913353 49.576931496
10911112 49.785445442
10909078 50.007207535
10908494 50.214987231
10908025 50.425149314
10907641 50.638441054
10907375 50.846868862
10906250 51.056521105
10905336 51.271296124
10903158 51.482709076
10901357 51.689772764
10900038 51.888908723
10898907 52.097478335
10897977 52.306635738
10897610 52.517149587
10897195 52.719248417
10896304 52.926020621
10895394 53.131294388
10894911 53.336234811
10893584 53.542679706
10887305 53.751558437
10886821 53.96104394
10886104 54.170579398
10884910 54.375472917
10883568 54.582627399
10882514 54.784037219
10881541 54.986684884
10880125 55.185256186
10879756 55.381943097
10879294 55.588146286
10878302 55.790192128
10878115 55.992372237
10877769 56.191801753
10877212 56.391351107
10875020 56.588223559
10874794 56.790606605
10874357 56.98902708
10873755 57.190239996
10873094 57.393425229
10872798 57.590323775
10870685 57.785767194
10869860 57.97998751
10869089 58.174656492
10867930 58.370030873
10867714 58.565975705
10867276 58.945513716
10866892 59.139858288
10866098 59.332081657
10864396 59.526680468
10863487 59.715494553
10863211 59.905220992
10861881 60.094718033
10860366 60.280951689
10859180 60.466252444
10858027 60.653899697
10857821 60.840358703
10857681 61.028047087
10857152 61.215349613
10856181 61.398637612
10853584 61.580483374
10852791 61.760720578
10852187 61.941769627
10851931 62.295139545
10851413 62.476404308
10851174 62.656597093
10850513 62.830747817
10850267 63.008594736
10849420 63.181567576
10848783 63.355557353
10848396 63.527916558
10847477 63.699460017
10847261 63.873217201
10847145 64.206254597
10846917 64.373854237
10846337 64.538880892
10845531 64.702270733
10842714 64.871041664
10841937 65.029440031
10841583 65.198717656
10839197 65.360162323
10838610 65.519623356
10838551 65.677205291
10837994 65.991811968
10837707 66.143788891
10837439 66.308515991
10837253 66.461234012
10836585 66.611602626
10836443 66.7649708
10836343 66.917133554
10836032 67.067182486
10834936 67.212424554
10834301 67.365394634
10833984 67.514872466
10833513 67.664195611
10833042 67.813384871
10832589 67.958153495
10832488 68.106006696
10832419 68.252094046
10832382 68.396805807
10832123 68.541722302
10831755 68.685622128
10831338 68.82405636
10831301 68.961261409
10830220 69.100635943
10829488 69.238730934
10829306 69.379677998
10829134 69.517817801
10828900 69.650954158
10828634 69.786393336
10828226 69.919553601
10827809 70.054225554
10827337 70.190481789
10826892 70.32487687
10826886 70.458048262
10826543 70.595551894
10826419 70.728017928
10826309 70.859671325
10826131 71.111463534
10825963 71.240272076
10825941 71.366789672
10825753 71.49414657
10825636 71.621646335
10825579 71.744440416
10825453 71.869985028
10824970 71.993577777
10824956 72.117558004
10824859 72.242197291
10824679 72.49417391
10824413 72.619242129
10824230 72.739538806
10824091 72.982073375
10824005 73.102426386
10823868 73.220251609
10823733 73.339656803
10823513 73.45848141
10823397 73.578543265
10823385 73.696632648
10823254 73.814331355
10823213 73.934494494
10823044 74.052098941
10822974 74.168303176
10822906 74.282469031
10822503 74.398999579
10822406 74.516994193
10822366 74.751534298
10822182 74.866976511
10821929 74.982612977
10821872 75.099598044
10821741 75.328953213
10821641 75.444760859
10821508 75.562000665
10821457 75.677256122
10821375 75.793842389
10821321 75.907814689
10821266 76.1386508
10821236 76.255137029
10821173 76.599685722
10821158 76.712580349
10821111 76.82764124
10821085 77.170219945
10821080 77.627864588
10821051 77.857800447
10821047 77.971471156
10821041 78.203032554
10821022 78.652870556
10821004 78.761920587
10820992 78.98200291
10820988 79.206164106
10820962 79.317614018
10820948 79.428223068
10820944 79.537476133
10820942 79.651556561
10820937 81.621130268
