11824667 18.929167175
11808322 19.316610145
11730924 19.630007878
11728364 19.928948856
11726283 20.238809106
11725081 20.546986162
11721713 20.852751361
11706150 21.153966585
11702338 21.457575598
11698246 21.75391623
11694952 22.060191574
11693913 22.358546284
11686677 22.654771636
11686095 22.957158376
11683232 23.258809906
11675779 23.551272857
11667919 23.843121007
11663239 24.141971342
11661988 24.726752893
11658878 25.016085343
11648427 25.30094157
11627498 25.587498361
11615412 25.879186817
11613531 26.158861304
11612724 26.44835403
11611389 26.732039973
11609266 27.025971529
11604224 27.321711
11603068 27.61178013
11599542 27.898701105
11597734 28.186546335
11592402 28.469522637
11591523 28.742204188
11589229 29.0271979
11581886 29.308409674
11579697 29.590081343
11572267 29.872648958
11561669 30.157089285
11552363 30.444417248
11549715 30.728862366
11546767 31.012355301
11532726 31.292412904
11531664 31.571006414
11528131 31.84332389
11525047 32.12152862
11521702 32.395453233
11518824 32.677620362
11517942 32.950888926
11516904 33.230020401
11515041 33.499571128
11513522 33.774276634
11511589 34.044080775
11509075 34.314492331
11504293 34.5839837
11500658 34.858477535
11497940 35.131258275
11495731 35.40685856
11494327 35.676062087
11489988 35.944147574
11488342 36.219367968
11487803 36.491134975
11486358 36.759213642
11484527 37.036926317
11483551 37.304769561
11474666 37.57977844
11472386 37.849218867
11471804 38.116435772
11469792 38.38596855
11462966 38.661898664
11459777 38.91832181
11455336 39.180433829
11455059 39.459961089
11454086 39.713313901
11449289 39.976274056
11448478 40.236115287
11445369 40.500875494
11441044 40.760158496
11438717 41.018340014
11436525 41.281094873
11427467 41.541294913
11425679 41.798561707
11423791 42.055942996
11420188 42.306612903
11419182 42.566212399
11416925 42.822076375
11415956 43.081698933
11415174 43.336845449
11414673 43.583666314
11411665 43.836315722
11409250 44.087966423
11408897 44.33565834
11408038 44.589891886
11406710 44.834166774
11405064 45.085341698
11401654 45.34011805
11401361 45.589614294
11399819 45.839519024
11399597 46.092354348
11397427 46.335982537
11397019 46.580205643
11395319 46.82826572
11394202 47.071175893
11393042 47.328409598
11392099 47.583513615
11389951 47.825438035
11389632 48.069331075
11389045 48.320048978
11387204 48.569903161
11384465 48.821031797
11383482 49.060712929
11383116 49.302931078
11381636 49.54935153
11378879 49.7901326
11376367 50.032071109
11366748 50.282150603
11366297 50.526385637
11366067 50.764046111
11365734 51.012542701
11361941 51.250299679
11360731 51.4921533
11359793 51.733627512
11358378 52.196606859
11355954 52.432641602
11355421 52.676831268
11354340 52.914357375
11351936 53.156754908
11350098 53.391129524
11348966 53.624371284
11347654 53.852832135
11346624 54.078877946
11345534 54.316417097
11344496 54.544543965
11343009 54.774283455
11342285 55.000203519
11341194 55.232777359
11338592 55.463458775
11337614 55.68909951
11336319 55.920003257
11334026 56.150048329
11331026 56.380103735
11329505 56.611299335
11328454 56.856029943
11327017 57.081455123
11322155 57.30855288
11321879 57.531299642
11321412 57.757042901
11321297 57.988116111
11321291 58.209010526
11321127 58.427443685
11318312 58.660947669
11315547 58.878116487
11314950 59.102347594
11311643 59.325753237
11310792 59.547334322
11310136 59.761160444
11308852 59.975883959
11308477 60.191722654
11306713 60.416647364
11304878 60.632724572
11303716 60.851531285
11303673 61.06648475
11303400 61.295756278
11303216 61.517286674
11302276 61.738244181
11301889 61.957831055
11300855 62.170894585
11299572 62.600642102
11298899 62.815590124
11298167 63.026873903
11296986 63.231406351
11296511 63.434846622
11296140 63.642977355
11292905 63.849127462
11292673 64.061483767
11290536 64.267205478
11290340 64.471085678
11289502 64.680507618
11288875 64.880382576
11288436 65.085236572
11287890 65.288620354
11287199 65.486955709
11286376 65.685917458
11285301 65.885967145
11284126 66.088999051
11283337 66.286023661
11283063 66.483409161
11282626 66.683492554
11282378 66.880111113
11282153 67.072247376
11281446 67.263219493
11281071 67.455200688
11280699 67.651407258
11280203 67.842105847
11279486 68.03435636
11279127 68.226283206
11274622 68.417347762
11274501 68.609856734
11274107 68.801249259
11273830 68.988245386
11272708 69.177521893
11272554 69.367421111
11271621 69.555959568
11271525 69.744352327
11271107 69.929976452
11270728 70.111387909
11270683 70.299451175
11270530 70.480248549
11269845 70.665009591
11269624 70.847877202
11269584 71.023607428
11269133 71.202372512
11269036 71.380367974
11268802 71.558560232
11268310 71.737857096
11267822 71.917557259
11267763 72.095856994
11266372 72.272143531
11266029 72.446446167
11265566 72.624020168
11264699 72.801898568
11264348 72.979126423
11263832 73.155062113
11263636 73.329622688
11263049 73.50464645
11262391 73.680033283
11262309 73.851705211
11261924 74.01753576
11260772 74.184669103
11260526 74.359185208
11260178 74.530797368
11259889 74.697897552
11259654 74.867198256
11259252 75.039978923
11258664 75.209219101
11258643 75.375671319
11258494 75.54243181
11258484 75.706096776
11258207 75.865159422
11257038 76.029452839
11256570 76.193853921
11256235 76.355548383
11255647 76.519915222
11255498 76.680015374
11255294 76.843309897
11255226 77.004524994
11255028 77.159019335
11254603 77.317689948
11254145 77.635414957
11253928 77.792507894
11253300 77.94980235
11253124 78.10286024
11252988 78.25931931
11252404 78.416774459
11252238 78.566387517
11251677 78.725319286
11251435 78.877316346
11251100 79.027644234
11250968 79.179135657
11250709 79.328951
11250495 79.476306535
11250436 79.622731719
11250300 79.772331273
11250078 79.92160328
11249948 80.071688116
11249824 80.216848735
11249713 80.36627764
11249618 80.51013164
11249410 80.657235152
11249246 80.80061554
11249122 80.943879431
11249102 81.085959748
11248466 81.227462923
11248269 81.367384181
11248055 81.510026697
11247999 81.65231646
11247518 81.795314776
11247360 81.933964925
11247323 82.072368161
11247065 82.213044211
11246841 82.350416914
11246830 82.493862762
11246767 82.634507856
11246732 82.913560243
11246646 83.052827031
11246611 83.335297881
11246506 83.609549384
11246491 83.746978079
11246487 83.883058318
11246459 84.160659078
11246286 84.298699762
11246055 84.432161788
11246039 84.707985797
11245771 84.842731412
11245628 84.978008297
11245617 85.112686977
11245517 85.248866153
11245482 85.386173847
11245440 85.654906832
11245394 85.790378068
11245334 86.466457287
11245239 86.602562827
11245198 86.736916756
11245149 86.867583292
11245094 87.002645224
11245056 87.138336483
11245019 87.27144625
11244984 87.539268713
11244976 87.675703455
11244944 87.810180722
11244929 88.076573235
11244857 88.208623603
11244829 88.612241791
11244819 88.746958049
11244807 88.883565617
11244783 89.018556426
11244770 89.155561053
11244768 89.69078573
11244758 89.828033189
11244599 89.959832102
11244598 90.088213774
11244594 90.222817259
11244593 90.360842681
11244577 90.761218912
11244541 90.894217256
11244454 386.170881675
