16167368 31.512547859
16165332 32.011513056
16161633 32.446134336
16151670 32.855496298
16149815 33.275250024
16137988 33.718401686
16066550 34.149829458
16059720 34.549567072
16055291 34.947885235
16017250 35.36065483
16015527 35.774542203
16014826 36.191227895
15991799 36.601396815
15977625 37.022835468
15974023 37.425608766
15968706 37.831695441
15946943 38.244876692
15934043 38.642582418
15899933 39.039644444
15899137 39.445946101
15898003 39.850724073
15894451 40.244350707
15893252 40.64442324
15886321 41.025867422
15883859 41.419843639
15879358 41.830337124
15864718 42.220972863
15851971 42.611829785
15837416 43.010886574
15803325 43.420020139
15793576 43.820318401
15790085 44.219196941
15781703 44.624394762
15778508 45.032304244
15771678 45.425432945
15759681 45.817982461
15753202 46.20204997
15747205 46.594104455
15740730 46.988131833
15736382 47.397052757
15733764 47.793635093
15727253 48.200969863
15712227 48.599166792
15707298 48.996534643
15702034 49.399553785
15696101 49.785891424
15657210 50.177609164
15654155 50.577492929
15653466 50.974683573
15652025 51.368899549
15651847 51.769768185
15648604 52.176846098
15647288 52.572059101
15644034 52.969729263
15640652 53.369207068
15635986 53.756900563
15619098 54.142714936
15615350 54.535364482
15611187 54.922587787
15610584 55.325130087
15607672 55.700315393
15606050 56.097481271
15597631 56.490513994
15597523 56.879206616
15596627 57.260107175
15595053 57.639950256
15589139 58.030957607
15588294 58.404228286
15587263 58.779747021
15580784 59.161763598
15578755 59.545570112
15578070 59.930102527
15573604 60.305867045
15571955 60.679302904
15568275 61.053517597
15557275 61.435635601
15557152 61.807567148
15552313 62.569498908
15551096 62.954757972
15545248 63.326802804
15544048 63.700820946
15543135 64.083320346
15542453 64.456096907
15540195 64.824751292
15535800 65.207305572
15533687 65.586377405
15532493 65.951970238
15524242 66.32606248
15522161 66.699712883
15520514 67.070032955
15518801 67.453658523
15516604 67.83449443
15511216 68.2059981
15510423 68.581194117
15509379 68.942316449
15503396 69.316784093
15501311 69.70654665
15500961 70.089218098
15499580 70.482445068
15497929 70.867172139
15486255 71.234789848
15479937 71.614163099
15476312 71.99058835
15475298 72.355060133
15472918 72.728018394
15472277 73.091037307
15471159 73.447018216
15470769 73.8107711
15469741 74.174325613
15467490 74.542478651
15464587 74.917648934
15463150 75.281026993
15462212 75.648162831
15458137 76.012296166
15455372 76.371547943
15454696 76.729794828
15449853 77.082241215
15449144 77.445878219
15444889 77.808579318
15441877 78.159172974
15438023 78.506089268
15435994 78.869711372
15434668 79.241164366
15433738 79.597119464
15432986 79.94906678
15430988 80.307845877
15426398 80.667717612
15424289 81.0198133
15422712 81.384491168
15421098 81.736471216
15418393 82.082222368
15417146 82.435271847
15414054 82.791664805
15412413 83.146490836
15411832 83.49404419
15411497 83.852451663
15410238 84.199018289
15409222 84.543533072
15408370 84.884286029
15407017 85.235420205
15400052 85.576937627
15399153 85.936547712
15397736 86.277955359
15395500 86.620735953
15394737 86.974380204
15394140 87.310915909
15390724 87.654232652
15389567 87.985604992
15386993 88.323491885
15385176 88.658195349
15384854 89.013907559
15383188 89.350834043
15382599 89.685434329
15382024 90.022633646
15380447 90.364278415
15380231 90.703029747
15377318 91.037386129
15376929 91.383010513
15375127 91.722547418
15374064 92.064573815
15373381 92.401176282
15373205 92.741220019
15371465 93.065515328
15369230 93.410905456
15367903 93.756493076
15366062 94.087715653
15359905 94.423741748
15357896 94.749393928
15357276 95.092208684
15356961 95.421028521
15356468 95.770242004
15356029 96.095324838
15355589 96.43114922
15354150 96.75073195
15353026 97.07860168
15352086 97.401243261
15350756 97.729930458
15348683 98.060654134
15348307 98.383159633
15346624 98.707245203
15346246 99.035823254
15345463 99.361711623
15344088 99.681892208
15343618 100.007421296
15340997 100.328334939
15339419 100.649760157
15337036 100.983481933
15335743 101.296394955
15334803 101.613149671
15331273 101.940271269
15327441 102.265957061
15324807 102.590181922
15324189 102.90198361
15323665 103.221132847
15322327 103.53726906
15322188 103.86208176
15320901 104.165688583
15320547 104.470555367
15319504 104.786311012
15318176 105.092215026
15317322 105.411567778
15317002 105.721027666
15316807 106.038665427
15312793 106.344500218
15312601 106.642932261
15311324 106.949130574
15310833 107.262542001
15310301 107.559955687
15309487 107.863282898
15308053 108.152944516
15306922 108.461046166
15305596 108.763553858
15301831 109.066122807
15301054 109.377461867
15299817 109.683604578
15299342 109.981699573
15298532 110.270431162
15298307 110.569563829
15297898 110.869514308
15297095 111.175658547
15296355 111.471711219
15295665 111.763954025
15293867 112.063168689
15292847 112.353063359
15290128 112.65104572
15289840 112.947401209
15288908 113.234860611
15288838 113.523904864
15288335 113.808000301
15287016 114.098117563
15287006 114.385622394
15286631 114.671538862
15286091 114.960299011
15285263 115.248892148
15283634 115.528645525
15282818 115.816540327
15281069 116.117784105
15279408 116.416898002
15279231 116.715300721
15277716 117.000697246
15276750 117.579816383
15276662 117.863318276
15276332 118.14972511
15272960 118.433084681
15272732 118.733452249
15272136 119.013288695
15271769 119.304125158
15271079 119.586776089
15271013 119.864923219
15270884 120.152190383
15269937 120.417001653
15269445 120.701880226
15269267 120.97789717
15268734 121.257511056
15268543 121.535779938
15267369 121.813291322
15267162 122.091654528
15266725 122.360238094
15266507 122.630513069
15266130 122.90056703
15265368 123.171758819
15265225 123.448938642
15264565 123.723851964
15264257 123.999664878
15263640 124.265785204
15263049 124.546309249
15262689 124.809918183
15262684 125.0730858
15262164 125.343601024
15261737 125.611047604
15261402 125.882851238
15260216 126.149205972
15260156 126.410802497
15259809 126.678823501
15259310 126.933552137
15258725 127.187899125
15258656 127.459488516
15258478 127.975225179
15258262 128.24129638
15257642 128.50188066
15257541 128.767359625
15257115 129.023547788
15256263 129.281028681
15256017 129.53737058
15255420 129.793538942
15255327 130.042184877
15255012 130.297064464
15254819 130.548722698
15254746 130.797463862
15254391 131.044321776
15254167 131.300298463
15253965 131.553304691
15253670 131.80159814
15253259 132.05916007
15252921 132.303307188
15252744 132.549967543
15252309 132.788572047
15252152 133.034467827
15252026 133.278535421
15251484 133.521842034
15251398 133.76171208
15250954 133.999337141
15250194 134.243739935
15249940 134.475636069
15248364 134.720100294
15248322 134.96356516
15247797 135.1933648
15247680 135.442125016
15247527 135.678535591
15247502 135.915582735
15247247 136.155574638
15246748 136.395762432
15246253 137.121184599
15246184 137.359387979
15246089 137.58760884
15245954 137.824513534
15244607 138.067951242
15244401 138.310659105
15242642 138.774377929
15242375 139.00782793
15242250 139.24221944
15242006 139.474737967
15241619 139.708965086
15241584 139.938677339
15241462 140.167312
15241378 140.639018597
15241367 140.8749627
15240974 141.103046441
15240736 141.331968521
15240707 141.566686411
15240695 141.800725074
15240574 142.025803735
15240569 142.493642476
15240349 142.958590587
15240331 143.418388647
15240259 143.652549271
15240173 143.880489102
15240024 144.109516706
15239971 144.33408053
15239872 144.561600204
15239856 144.787700235
15239716 145.24226257
15239653 145.702587622
15239546 146.14646085
15239320 146.373794221
15239215 146.60770149
15239151 147.051325983
15239088 147.735822662
15239058 148.188468714
15238871 148.413986486
15238806 148.650820166
15238778 149.099358941
15238525 149.324253171
15238472 149.547567405
15238466 149.772805277
15238257 150.221890139
15238227 150.44480737
15238195 150.910396522
15238008 151.383861006
15237968 151.834505452
15237912 152.286250607
15237910 152.511594555
15237879 152.956455207
15237853 153.181482568
15237759 153.398839141
15237741 155.207199092
15237675 155.647854678
15237635 156.314158382
15237591 156.757067023
15237587 156.986299429
15237545 157.209285538
15237529 157.43702543
15237484 157.65718486
15237299 157.874601389
15237235 158.096393504
15237141 158.337582894
15236856 158.795765632
15236565 159.466591525
15236501 159.930880035
15236497 160.153052038
15236491 160.605173637
15236465 160.83130934
15236460 161.733691602
15236438 162.179252821
15236388 162.398548358
15236384 162.627946809
15236321 163.075173613
15236319 163.530064819
15236294 165.842236672
15236282 166.297749527
15236251 166.525500862
15236212 167.202104642
15236150 167.881070862
15235799 168.572229872
15235792 171.527808688
15235790 172.696370815
