11410206 35.348029883
11408031 35.889765622
11402795 36.333257838
11399944 36.763310573
11392078 37.221028189
11369515 37.66927945
11366805 38.116545562
11362024 38.568954248
11247629 39.002154653
11246688 39.427457497
11244432 39.87743267
11242925 40.301091785
11238389 40.728394707
11236040 41.154846071
11232300 41.609415301
11229529 42.054208191
11229011 42.480912618
11226833 42.900545616
11226444 43.321758591
11223627 43.739479402
11221025 44.166812448
11219896 44.584030069
11217522 45.017663014
11213747 45.447854482
11212247 45.871586122
11210256 46.307691383
11208620 46.732250655
11208038 47.153869399
11206502 47.569558655
11187604 47.986466374
11179920 48.401416569
11176102 48.834511628
11173512 49.257128117
11171156 49.684046033
11168510 50.11305296
11166266 50.537156434
11163370 50.948951219
11162334 51.367639712
11158883 51.800145478
11156916 52.220651484
11153502 52.635324865
11152087 53.070985292
11151322 53.515834175
11150722 53.9384723
11150050 54.362035111
11145668 54.793122996
11130402 55.214362343
11125889 55.626079771
11124881 56.03754978
11123390 56.464964586
11118367 56.877718317
11109679 57.294612526
11108554 57.716878361
11106051 58.14190165
11105502 58.55654888
11100527 58.966732514
11098336 59.376440627
11097196 59.775158966
11093322 60.185335355
11089613 60.604309362
11087861 61.018846825
11082482 61.431891671
11082330 61.840809838
11080281 62.261280032
11079883 62.662652271
11074832 63.07894296
11073406 63.497804499
11072840 63.905551992
11071582 64.323197454
11070717 64.741868738
11067271 65.159674747
11065755 65.559662017
11061473 65.97056377
11057126 66.374422435
11056693 66.767887326
11045288 67.166487006
11044912 67.564322957
11044180 67.965980023
11034158 68.380486901
11033395 68.786273012
11031389 69.183787826
11029814 69.596193688
11027188 69.991277335
11026894 70.365013572
11025505 70.759519267
11020955 71.164899233
11019203 71.567901246
11016992 71.94622962
11011846 72.342684032
11010439 72.754121931
11007278 73.143286287
11003883 73.541472524
11003085 73.929784563
11002217 74.317182664
11001229 74.699114956
10999358 75.07832131
10996822 75.459872869
10990766 75.843873733
10988800 76.23090699
10987500 76.616945681
10985027 76.995261928
10984335 77.395727379
10984021 77.791965669
10983541 78.163333663
10983519 78.534101143
10980737 78.908421515
10980380 79.298213711
10977790 79.668625522
10976180 80.052467179
10973104 80.422414266
10972051 80.79851366
10971476 81.187420939
10970531 81.572229793
10969459 81.948431111
10965982 82.320466813
10964196 82.705306212
10963614 83.093601921
10962626 83.479083736
10962528 83.857760276
10960859 84.22855515
10959804 84.608880131
10959207 84.98369292
10958387 85.366115268
10956884 85.75422826
10955820 86.123955787
10954763 86.499184151
10954118 87.234811066
10947239 87.598195428
10946179 87.965826524
10945763 88.334998842
10945378 88.68929807
10945087 89.050397701
10944104 89.409839043
10928134 89.771902665
10927250 90.145515274
10926930 90.520250873
10921332 90.876207822
10913837 91.248759825
10912109 91.60975809
10911824 91.957797816
10911780 92.317598359
10911137 92.666510043
10909803 93.034403985
10909490 93.390615516
10909333 93.746903781
10905726 94.104469499
10905151 94.453476794
10902210 94.807279284
10901538 95.157288632
10901147 95.497271904
10900741 95.858939128
10900436 96.209283831
10899626 96.563279954
10899494 96.917423447
10898966 97.273392063
10898300 97.619061832
10898194 97.952890651
10897539 98.307824301
10896815 98.666157042
10896453 99.007959932
10896261 99.339892315
10895820 99.682378321
10894132 100.021783099
10893626 100.359175588
10893375 100.702781186
10892296 101.04940843
10891393 101.381976954
10891307 101.713181658
10890198 102.056178924
10889361 102.395966357
10888991 102.73600568
10888342 103.066386561
10886431 103.401682302
10885596 103.738787156
10885449 104.078589768
10885427 104.4121153
10879304 104.749626664
10878898 105.081193505
10878121 105.402656386
10876292 105.731588896
10870711 106.05984345
10870568 106.389655125
10870301 106.713832147
10869580 107.048457971
10868839 107.369178314
10868745 107.685869792
10868514 108.335832825
10866317 108.670076628
10864851 108.999864402
10862715 109.328250817
10862149 109.648283259
10862094 109.957917984
10860197 110.269203719
10860057 110.586187608
10859860 110.903162571
10859221 111.218789095
10858073 111.53586674
10857469 111.854302589
10856773 112.169571377
10856636 112.481810722
10855954 112.805671333
10853283 113.11919121
10853080 113.431622585
10852618 113.758010283
10850508 114.068558885
10850150 114.39071858
10849213 114.705947225
10848363 115.015123215
10847847 115.317804947
10847720 115.620491597
10845318 115.92343296
10844654 116.233403213
10844539 116.544789309
10844283 116.853230003
10844003 117.160473261
10843454 117.467927327
10841644 117.767045152
10841183 118.063215714
10840525 118.353191131
10839885 118.952905188
10839783 119.238839921
10839602 119.532674786
10839387 119.815999831
10838131 120.106353121
10837598 120.386771937
10837536 120.674485949
10837201 120.964842345
10836589 121.247616089
10836199 121.541677927
10835939 121.834008952
10835866 122.111386045
10834958 122.40737551
10834804 122.683746397
10834738 122.969249098
10834728 123.255085928
10834444 123.536116238
10833587 123.810512677
10833542 124.093780962
10833112 124.370032229
10832410 124.648995324
10832049 124.915983324
10831807 125.185715122
10831521 125.467665464
10831473 125.737486196
10831084 126.01445367
10831026 126.286318596
10830671 126.561281895
10830568 126.839821458
10830430 127.128141294
10829337 127.412647949
10828958 127.700533558
10828396 127.968347617
10828213 128.238963102
10827723 128.505445258
10827323 128.774083504
10827092 129.028344637
10826724 129.290352284
10826548 129.552724982
10825587 129.818881321
10825212 130.072782128
10824918 130.330370729
10824747 130.584566012
10824543 130.843408901
10823656 131.104896597
10823472 131.353737972
10823112 131.601473977
10822688 131.861815949
10822396 132.109090248
10821935 132.361682004
10820491 132.617648516
10820074 132.864055914
10819603 133.11787768
10819214 133.361926385
10819034 133.607568811
10818991 133.845302845
10818585 134.084994153
10818468 134.324509956
10818240 134.561561841
10818148 134.799901139
10818035 135.036463982
10817953 135.274028616
10817843 135.515483972
10817200 135.747950335
10817148 135.982784692
10817111 136.212191958
10816969 136.438378348
10816898 136.673684332
10816181 136.902990418
10815544 137.135509631
10815222 137.359537265
10814925 137.585940636
10814811 137.816004413
10814626 138.042215877
10814545 138.264557426
10814204 138.482821621
10813803 138.918864527
10813574 139.143548761
10813333 139.355606084
10813182 139.574160698
10813063 140.008579866
10812953 140.223695713
10812707 140.440124137
10812589 140.654311042
10812456 140.86883286
10812417 141.07596711
10812148 141.281021801
10812077 141.480147142
10811868 141.897407007
10811831 142.098575473
10811736 142.298883079
10811624 142.497334659
10811459 142.698264386
10811388 142.898646335
10811327 143.094886462
10811160 143.29103906
10810937 143.483760355
10810525 143.681137181
10810451 143.880618582
10809842 144.075682309
10809756 144.268356441
10809644 144.463979003
10809585 144.657761786
10809505 144.845826885
10809420 145.222320004
10809391 145.410347357
10809308 145.59772906
10809244 145.972129927
10809222 146.526668203
10809174 146.710050666
10809148 147.435000729
10809084 147.617107426
10808952 147.794831396
10808890 148.15812416
10808787 148.33526351
10808726 148.512325806
10808678 148.693176162
10808648 149.045924626
10808605 149.226407775
10808590 149.403301587
10808560 149.577636632
10808520 150.108996907
10808502 150.286656412
10808407 150.467187731
10808313 150.644297242
10808280 151.001632444
10808156 151.178023499
10808082 151.529866541
10808017 151.707447916
10807981 152.052483554
10807878 152.405153515
10807816 153.099949151
10807500 154.154275153
10807406 154.330861139
10807380 154.507195621
10807377 154.684031041
10807358 154.861334175
10807355 155.034791825
10807314 155.208909233
10807294 155.390025129
10807287 156.088761008
10807286 156.446889908
10807277 157.152680385
10807270 157.505868281
10807247 157.68148743
10807224 157.85517648
10807211 158.030153564
10807185 158.212340413
10807169 159.279833205
10807146 159.642453186
10807145 159.998338865
10807101 160.353637642
10807090 160.528500388
10807074 161.053656096
10807036 162.932711367
10807025 172.056150198
10807013 490.649944004
10806948 491.22979188
10806890 491.804846136
10806849 492.000741975
10806837 492.188689786
10806793 492.381097298
10806777 492.765758309
10806766 493.337970937
10806764 493.725852797
10806738 493.912178022
10806700 496.927697776
10806688 498.805531264
10806672 500.313241088
10806646 502.192647044
10806615 511.619264401
