6719496 0.812784151
6706318 0.928973313
6700821 0.977769803
6653397 1.020258985
6647900 1.058433078
6629318 1.094851959
6625197 1.130401404
6621908 1.166270805
6621390 1.201692191
6600120 1.23763386
6597539 1.273134144
6591833 1.308756551
6583667 1.344895551
6583642 1.38002498
6580035 1.415400886
6576914 1.449738134
6573720 1.484220201
6567875 1.51754818
6567336 1.550584018
6564317 1.583317048
6563774 1.616248849
6562950 1.649055817
6562604 1.680863278
6545978 1.712496535
6543652 1.74430279
6543142 1.775151993
6535702 1.805729393
6534058 1.835619683
6526538 1.86593837
6522800 1.895761144
6520629 1.92555234
6516997 1.954198406
6513503 1.982545465
6512420 2.011160589
6511817 2.038796466
6510749 2.066219958
6509142 2.094242159
6508958 2.121146894
6507485 2.145825097
6507065 2.194630243
6506305 2.217968483
6506087 2.262349374
6505769 2.323470101
6505526 2.343474654
6505372 2.362188417
6505148 2.379391257
6505023 2.394879049
