17764628 54.543487407
17756957 55.139102693
17684675 55.673486236
17677912 56.206548742
17675213 56.755093758
17669849 57.297582267
17660922 57.830064224
17606059 58.351081304
17595482 58.872536924
17586952 59.413093254
17579931 59.941170012
17572363 60.490411588
17566258 61.025774987
17562601 61.545851293
17559033 62.071184575
17552643 62.576846499
17551255 63.08291717
17546864 63.613350329
17531655 64.136180525
17525514 64.651418372
17522644 65.19846453
17504585 65.702422436
17501829 66.224213211
17498269 66.738229547
17494934 67.263960331
17488743 67.810615604
17486957 68.343308439
17485275 68.873168465
17483670 69.382539542
17481214 69.88811155
17476670 70.410728463
17460077 70.941437387
17457985 71.46761942
17456000 71.977416483
17454566 72.487094145
17446424 73.016192541
17445390 73.53691815
17444058 74.055425763
17437834 74.576450044
17430699 75.104476463
17423236 75.638302528
17421402 76.165286188
17417028 76.706030918
17412040 77.232568921
17395435 77.76136511
17394478 78.289415158
17388445 78.814008348
17386833 79.341268842
17383874 79.863981033
17378859 80.376607775
17376932 80.909167642
17371841 81.427807798
17367853 81.953050927
17365101 82.465460938
17358519 83.00039762
17353136 83.516894914
17350772 84.040866642
17349698 84.55484597
17349180 85.090698693
17345745 85.619820897
17345044 86.152674157
17341895 86.680702292
17324982 87.200829501
17322326 87.718804798
17313213 88.238213807
17305729 88.783441439
17296153 89.312872113
17293572 89.834708334
17292825 90.369451558
17282725 90.891187811
17275571 91.409292822
17274217 91.941328354
17273346 92.467414057
17269895 92.987256516
17265543 93.507287876
17264537 94.028410066
17261782 94.556934914
17258338 95.080020198
17249218 95.601684059
17237719 96.130291441
17233012 96.664149727
17231920 97.205421499
17230517 97.716091897
17229558 98.257305421
17227019 98.786386237
17226764 99.328758891
17225156 99.858642431
17224527 100.409240046
17223517 100.921872924
17221323 101.46801911
17219248 101.982752413
17218014 102.51498333
17212209 103.043597204
17207840 103.57301752
17205692 104.116784304
17203859 104.646329118
17192054 105.160920857
17187851 105.696226925
17185332 106.235276623
17176554 106.762873602
17175540 107.296537472
17173852 107.808516692
17172913 108.348691775
17172266 108.878566343
17167863 109.396044004
17162931 109.91653748
17161125 110.455139241
17160464 110.995404866
17158358 111.527631811
17157791 112.059110517
17157255 112.607386827
17154789 113.139459899
17154304 113.681314831
17148637 114.205811129
17147782 114.731450512
17146474 115.263002871
17144608 115.783032934
17143880 116.3071282
17141951 116.845666228
17136428 117.386209973
17134427 117.93946873
17128030 118.460446728
17124501 118.994360058
17122728 119.527848094
17118657 120.059571118
17115229 120.597833193
17114593 121.129503661
17108852 121.678069847
17108482 122.21120315
17107605 122.742682544
17106660 123.283788061
17105691 123.823683764
17103657 124.366226835
17092865 124.913258303
17092256 125.466307229
17090274 125.99967771
17087281 126.542544383
17081026 127.063738776
17080439 127.60487959
17079613 128.141156075
17072051 128.66201566
17071572 129.181328386
17071205 129.708532376
17069729 130.267805226
17068175 130.80273089
17065802 131.35388301
17062225 131.891299437
17060897 132.443101052
17055967 132.976694748
17055569 133.528451029
17053880 134.085800155
17049987 134.632153909
17049092 135.1935101
17048736 135.724301733
17047636 136.280449234
17040120 136.832593523
17038356 137.348152737
17037750 137.896624052
17036337 138.464328075
17035984 139.008618753
17034201 139.549910685
17027431 140.10591007
17025827 140.674460056
17024690 141.222635759
17022424 141.781676538
17019867 142.313282331
17017909 142.854385874
17014647 143.389193336
17013944 143.944421471
17009007 144.47265135
17008077 145.044240931
17005562 145.587284788
17000920 146.141309109
16988479 146.673169615
16988017 147.201294134
16986506 147.756054125
16984058 148.304800524
16983637 148.844385546
16982926 149.401645302
16981238 149.942930924
16979401 150.485232867
16978825 151.052019207
16977641 151.602299288
16976394 152.151985446
16975326 152.705107111
16972700 153.260167982
16968216 153.77298499
16967709 154.339444741
16967183 154.862526498
16959548 155.415818186
16955345 155.957820365
16954600 156.510595433
16949366 157.053361481
16949058 157.594464415
16946927 158.138393426
16945861 158.691600326
16944704 159.232591717
16943841 159.769652817
16942363 160.303533777
16941334 160.854931379
16939297 161.384209818
16937327 161.963721673
16936498 162.518125249
16936113 163.062858254
16931625 163.610117601
16929244 164.158111353
16927982 164.694111777
16926873 165.223565318
16925375 165.766446736
16924822 166.288164581
16923258 166.840040424
16922742 167.373976668
16918869 167.914035455
16918720 168.492859936
16912132 169.021923445
16910331 169.565341911
16908825 170.105539798
16906861 170.659556689
16905076 171.192291775
16904597 171.721345901
16904147 172.250989653
16898610 172.792331187
16897280 173.326873917
16887557 173.868794404
16884834 174.413940303
16882897 174.962711298
16879067 175.493747885
16878193 176.044091251
16877974 176.585998811
16876427 177.141093452
16875388 177.698755725
16874537 178.245837648
16873009 178.813524393
16870786 179.350562176
16862567 179.874978943
16862189 180.397477674
16861012 180.933604373
16854704 181.502833385
16854559 182.036218812
16854557 182.572953407
16852641 183.119071637
16850025 183.661315796
16849677 184.197601798
16849271 184.735357793
16848233 185.26624233
16847373 185.787834402
16846361 186.309200135
16846092 186.835397929
16844631 187.3575795
16844240 187.893855362
16840732 188.429393915
16837282 188.960680833
16836169 189.492849519
16834687 190.028031061
16833690 190.566641444
16833162 191.116058086
16832703 191.658369857
16832420 192.20263685
16830830 192.731667904
16830592 193.284304568
16827669 193.821924613
16826079 194.375351018
16825856 194.916751315
16825593 195.465908658
16825165 195.99916295
16824871 196.525700298
16822061 197.035546243
16820736 197.554905684
16816755 198.068976085
16815945 198.598183268
16812518 199.131700569
16810513 199.657486988
16807442 200.188160742
16804788 200.708403793
16804299 201.23700607
16802629 201.759668855
16802011 202.289752943
16800926 202.80719704
16799152 203.321157633
16799017 203.840795521
16798072 204.359865999
16796686 204.857308453
16795534 205.381827558
16794359 205.91388594
16793183 206.443564829
16792323 206.976677173
16790870 207.492333803
16784211 208.023114863
16783413 208.54785987
16781877 209.056441551
16781441 209.555553289
16781319 210.057809585
16779413 210.574700107
16778983 211.0764871
16777741 211.578861637
16777543 212.101272561
16776749 212.609589737
16776308 213.624687945
16770800 214.123606665
16770690 214.617368694
16769186 215.120798888
16768755 215.618506796
16768614 216.110625098
16768026 216.61457425
16767326 217.118670636
16767105 217.619791463
16764144 218.110598151
16763238 218.604749116
16761591 219.099523449
16761241 219.592230276
16760524 220.081265676
16759570 220.583351152
16759515 221.068625061
16757895 221.569895995
16757836 222.065350179
16757080 222.540268889
16756589 223.04647585
16755884 223.536646123
16755857 224.023206205
16750874 224.506098888
16750552 224.990599489
16748320 225.475235511
16745835 225.963714256
16744317 226.447621013
16744054 226.949239292
16743541 227.9326863
16743178 228.423323481
16742420 228.90411096
16740819 229.381074913
16740411 229.86445748
16740164 230.789504269
16738429 231.259493341
16737833 231.749510798
16737459 232.229895893
16736805 232.690909199
16736588 233.61472055
16735533 234.088641923
16735296 234.551514156
16735035 235.014186042
16734748 235.47554547
16734586 235.958664886
16733868 236.42071871
16733581 236.909100342
16733110 237.376884706
16733034 237.841924302
16732150 238.306947028
16731742 238.77341869
16730389 239.225872942
16730212 239.690588184
16729953 240.141866509
16728649 240.600616675
16727427 241.059296456
16726303 241.513120275
16724392 241.984547044
16723766 242.43320501
16721628 242.885322125
16720911 243.746154459
16720595 244.199868723
16719334 244.655668134
16717922 245.105664824
16716217 245.539446785
16715481 245.962729592
16713360 246.393872748
16713120 246.851438298
16712886 247.292219693
16712613 247.720136599
16712008 248.16105153
16711655 248.595903282
16710706 249.03798063
16710412 249.474518545
16710129 249.909408869
16710034 250.337062236
16709307 250.773201532
16708815 251.210009519
16708090 251.640834886
16707910 252.071789072
16707499 252.505433517
16704806 252.920315324
16702874 253.361428666
16701984 253.781092596
16701637 254.189777572
16701074 254.603298481
16700831 255.00965915
16700822 255.415491117
16700172 255.84804152
16699920 256.265630717
16699198 256.681820711
16699172 257.511524011
16699136 257.924430166
16698322 258.326325173
16697827 258.742331531
16697546 259.153198748
16697297 259.555377054
16696883 259.985704266
16691061 260.381222577
16691017 260.79881836
16690805 261.204533462
16690686 261.610763746
16689649 262.003982221
16688690 262.408009092
16688254 262.822840589
16687734 263.21636357
16687498 264.055534982
16687116 264.54175083
16686812 264.977681742
16686428 265.406661277
16686403 265.832572755
16686079 266.254045894
16685769 266.709203566
16685530 267.159137455
16684994 267.58179577
16683572 268.476007819
16682572 268.87549858
16682172 269.273887003
16681964 269.658480481
16681226 270.425543244
16681099 271.179206111
16680951 271.558131252
16680832 271.938565075
16680799 272.318604866
16680572 272.711193402
16679854 273.853533675
16679760 274.224471605
16679381 274.601324106
16679307 274.970083642
16678841 275.331308394
16678526 275.709302194
16678424 276.080492135
16678045 276.456122705
16677328 276.832996357
16677158 277.211652458
16677145 277.575855888
16676940 277.950828978
16676455 278.335830247
16676070 278.693387939
16675388 279.065174035
16675297 279.43791902
16675027 279.817933756
16674606 280.175802658
16674596 280.530410201
16674525 280.908604996
16673928 281.281524872
16673500 281.655955308
16673149 282.039248832
16673123 282.410297483
16672954 282.767806092
16672680 283.117299692
16672396 283.47520654
16671982 283.83529525
16671835 284.193129418
16671671 284.545206054
16671358 284.896020867
16670862 285.258321322
16670766 285.606659611
16670593 285.954912568
16670538 286.306369216
16670445 286.652166439
16670073 286.991368339
16669557 287.350906051
16669013 287.693638858
16668891 288.043949663
16668878 288.381865678
16667125 288.716941441
16666734 289.060664541
16666047 289.403837088
16665905 289.740482554
16664280 290.072465544
16664231 290.407589794
16663869 291.080764035
16663795 291.423016871
16663399 291.760844197
16662929 292.101903827
16662652 292.762235466
16662522 293.112450422
16662152 293.458787351
16662016 293.796363059
16661900 294.139893367
16661639 294.474864115
16661466 295.466793336
16661130 296.137341145
16660929 296.810009496
16660571 297.146438411
16660383 297.490515268
