PROBLEM_FILE = /tmp/tsp/28695.tmp/example.tmp
36487165 0.488368
36443583 0.488384
36424860 0.488396
36394313 0.488399
36302087 0.488407
36266770 0.488410
36260432 0.488413
36232936 0.488416
36230974 0.488420
36230708 0.488425
36194327 0.488429
36176426 0.488433
36105135 0.488439
35811675 0.488443
35806316 0.488447
35484911 0.488454
35266193 0.488462
35255067 0.488466
35212854 0.488472
35152946 0.488481
35141386 0.488484
34915239 0.488488
34910190 0.488491
34875864 0.488494
34588010 0.488503
34583839 0.488508
34582432 0.488511
34546927 0.488518
34539578 0.488529
34525029 0.488533
34517450 0.488543
34499302 0.488547
34477202 0.488551
34417700 0.488562
34161612 0.488569
34065249 0.488574
34049571 0.488581
34014332 0.488592
33992000 0.488595
33981523 0.488605
33960854 0.488613
33943597 0.488616
33924208 0.488620
33923649 0.488624
33596615 0.488629
33585213 0.488633
33563875 0.488645
33520109 0.488654
33514276 0.488659
33496851 0.488674
32949213 0.488682
32937675 0.488696
32925216 0.488702
32894854 0.488709
32893895 0.488713
32893791 0.488720
32882234 0.488724
32853491 0.488765
32572189 0.488771
32564449 0.488778
32518852 0.488782
32492031 0.488786
32166957 0.488790
32159906 0.488795
31964075 0.488800
31864331 0.488806
31840474 0.488810
31700184 0.488823
31560018 0.488837
31546923 0.488857
31542348 0.488870
31531208 0.488874
31503825 0.488883
31503403 0.488889
31495452 0.488902
31492206 0.488908
31487330 0.488923
31455253 0.488930
31423423 0.488934
31386284 0.488938
31360236 0.488947
31291713 0.488962
31281423 0.488966
31269075 0.488971
31268455 0.488974
31220076 0.488980
31215794 0.488984
31215466 0.488997
31203857 0.489004
31166186 0.489021
31125839 0.489025
31092412 0.489036
31017692 0.489080
30941592 0.489086
30538301 0.489104
30533775 0.489108
30533085 0.489115
30516968 0.489122
30501210 0.489125
30488797 0.489128
30397034 0.489140
30126744 0.489147
30091118 0.489154
30001449 0.489165
29965827 0.489168
29934328 0.489177
29885317 0.489186
29856131 0.489190
29849284 0.489193
29813850 0.489196
29750589 0.489204
29661552 0.489215
29622867 0.489218
29558921 0.489223
29536267 0.489226
29507806 0.489231
29489813 0.489235
29479630 0.489249
29474229 0.489253
29341643 0.489261
29335150 0.489264
29323344 0.489268
29296268 0.489272
29257918 0.489283
29216594 0.489286
29213769 0.489296
29206099 0.489299
29198542 0.489313
29195347 0.489331
29187149 0.489336
29140257 0.489339
29086500 0.489345
29068221 0.489351
29042236 0.489354
29036406 0.489359
29036374 0.489362
28802014 0.489365
28798947 0.489369
28796864 0.489379
28773306 0.489391
28718503 0.489395
28682761 0.489405
28664834 0.489410
28654263 0.489414
28634859 0.489425
28633644 0.489428
28595420 0.489452
28591707 0.489455
28586988 0.489459
28577502 0.489462
28575774 0.489464
28571528 0.489478
28571384 0.489488
28554493 0.489504
28550614 0.489515
28546695 0.489522
28526434 0.489535
28524142 0.489547
28504138 0.489552
28500421 0.489557
28487254 0.489562
28455631 0.489568
28449230 0.489579
28444471 0.489584
28288844 0.489598
28266312 0.489605
28191208 0.489612
28180050 0.489623
28148313 0.489627
28138258 0.489630
28130452 0.489633
28123931 0.489637
28109958 0.489647
28098946 0.489661
28084314 0.489664
28075211 0.489668
27911999 0.489672
27900513 0.489688
27895930 0.489695
27791023 0.489705
27781824 0.489708
27769660 0.489711
27733402 0.489715
27717511 0.489718
27707075 0.489733
27692452 0.489737
27684218 0.489742
27678552 0.489746
27651329 0.489749
27554697 0.489779
27359044 0.489784
27353791 0.489793
27352885 0.489801
27340041 0.489804
27325592 0.489811
27324359 0.489816
27314517 0.489821
27293906 0.489824
27288505 0.489831
27278014 0.489852
27251946 0.489878
27228400 0.489881
27191178 0.489885
27173043 0.489889
27075420 0.489896
27030243 0.489901
27023359 0.489910
27015028 0.489914
27004957 0.489919
27002925 0.489927
27002390 0.489931
26988208 0.489934
26987789 0.489944
26756336 0.489955
26736670 0.489958
26721651 0.489968
26555995 0.489980
26544624 0.489985
26520698 0.489998
26480379 0.490006
26408137 0.490009
26389844 0.490024
26380382 0.490028
26368444 0.490038
26352690 0.490053
26346532 0.490056
26345435 0.490064
26338822 0.490067
26316465 0.490074
26294045 0.490078
26253347 0.490089
26220443 0.490098
26199042 0.490106
26180111 0.490117
26157480 0.490121
26044178 0.490133
26041251 0.490139
26039425 0.490143
26031174 0.490149
25979888 0.490156
25957249 0.490170
25933549 0.490179
25918235 0.490182
25917857 0.490191
25917420 0.490195
25910723 0.490199
25898494 0.490228
25885705 0.490243
25883475 0.490247
25861574 0.490251
25856122 0.490257
25818557 0.490384
25815864 0.490388
25775348 0.490396
25762039 0.490403
25759793 0.490407
25747772 0.490410
25729207 0.490415
25726825 0.490425
25629274 0.490448
25597819 0.490455
25578207 0.490462
25566802 0.490470
25560758 0.490477
25503968 0.490481
25486998 0.490492
25456844 0.490499
25452248 0.490514
25446455 0.490518
25436422 0.490521
25261149 0.490528
25236548 0.490533
25230265 0.490537
25229860 0.490541
25229583 0.490545
25178498 0.490560
25161628 0.490573
25155323 0.490576
25153454 0.490579
25143368 0.490583
24982437 0.490587
24966397 0.490593
24962750 0.490598
24962304 0.490602
24962187 0.490606
24959022 0.490609
24954338 0.490625
24943807 0.490634
24897200 0.490639
24832803 0.490645
24831554 0.490663
24815844 0.490676
24807380 0.490697
24787519 0.490701
24758043 0.490728
24750371 0.490739
24587631 0.490745
24587192 0.490779
24580390 0.490788
24568718 0.490791
24557974 0.490794
24556725 0.490808
24526962 0.490821
24261167 0.490827
24244566 0.490831
24244381 0.490834
24242737 0.490842
24207198 0.490847
24206368 0.490857
24195513 0.490864
24191028 0.490870
24189537 0.490878
24184614 0.490884
24177955 0.490888
24177722 0.490893
24174585 0.490897
24174471 0.490902
24166753 0.490913
24166015 0.490916
24158194 0.490920
24122461 0.490944
24117116 0.490951
24081677 0.490958
24071416 0.490961
24067125 0.490969
24064756 0.490972
24060011 0.490975
24052426 0.490982
24031864 0.490994
24004417 0.490997
23978564 0.491000
23973962 0.491007
23964251 0.491018
23947953 0.491023
23918619 0.491030
23880140 0.491034
23877752 0.491037
23869449 0.491041
23805166 0.491047
23786037 0.491051
23768892 0.491055
23765853 0.491061
23752906 0.491090
23734145 0.491093
23705516 0.491108
23693176 0.491115
23655197 0.491122
23653588 0.491126
23649175 0.491129
23585953 0.491139
23569803 0.491142
23544740 0.491145
23533558 0.491148
23361943 0.491152
23358224 0.491155
23310180 0.491159
23296334 0.491164
23288175 0.491168
23128793 0.491199
23085133 0.491203
23052370 0.491206
22986140 0.491210
22976517 0.491215
22960577 0.491218
22938566 0.491240
22704959 0.491247
22702881 0.491250
22686209 0.491287
22410953 0.491294
22407799 0.491306
22378588 0.491314
22375608 0.491324
22370849 0.491327
22365857 0.491334
22351809 0.491340
22337479 0.491350
22323560 0.491357
22320437 0.491363
22317457 0.491366
22315090 0.491375
22310185 0.491383
22297387 0.491388
22277357 0.491396
22276738 0.491405
22165329 0.491423
22159186 0.491426
22153038 0.491434
22147496 0.491441
22056591 0.491446
21941015 0.491454
21939730 0.491471
21917926 0.491476
21908742 0.491482
21897161 0.491490
21883534 0.491507
21879594 0.491511
21856977 0.491515
21845798 0.491564
21829272 0.491568
21827310 0.491572
21786881 0.491607
21773198 0.491621
21761299 0.491625
21758609 0.491632
21757888 0.491640
21753720 0.491643
21753081 0.491647
21751756 0.491651
21722121 0.491658
21707455 0.491662
21706516 0.491665
21701979 0.491678
21699129 0.491681
21695751 0.491687
21652432 0.491772
21643191 0.491777
21634172 0.491781
21634028 0.491785
21626641 0.491798
21621000 0.491801
21616202 0.491807
21564694 0.491813
21557306 0.491818
21515154 0.491831
21507459 0.491837
21439038 0.491844
21357017 0.491857
21350222 0.491897
21338259 0.491907
21328254 0.491935
21326496 0.491939
21215106 0.491945
21201521 0.491960
21200651 0.491970
21187203 0.491984
21186112 0.492035
21179045 0.492058
21178724 0.492062
21166964 0.492070
21142227 0.492080
21124267 0.492083
21111789 0.492087
21053548 0.492116
21035299 0.492120
21031330 0.492129
21030592 0.492132
21026614 0.492137
21003911 0.492150
21003824 0.492193
20929480 0.492217
20917586 0.492232
20909845 0.492236
20855316 0.492244
20783790 0.492255
20783315 0.492259
20768708 0.492276
20764128 0.492280
20762842 0.492290
20752613 0.492293
20609867 0.492310
20563641 0.492313
20562933 0.492322
20503676 0.492329
20497502 0.492333
20496808 0.492351
20482510 0.492360
20475612 0.492365
20470774 0.492401
20470743 0.492429
20234796 0.492464
20221475 0.492468
20162951 0.492480
20156395 0.492503
20154904 0.492509
20150795 0.492524
20146916 0.492529
20145399 0.492533
20130373 0.492548
20011452 0.492579
19967681 0.492585
19964338 0.492589
19952819 0.492593
19935118 0.492597
19920940 0.492605
19904493 0.492608
19901277 0.492618
19856188 0.492622
19739981 0.492633
19727931 0.492637
19685180 0.492656
19654785 0.492678
19643423 0.492688
19626499 0.492691
19625415 0.492694
19619672 0.492700
19616119 0.492725
19608353 0.492748
19583180 0.492756
19575865 0.492781
19574008 0.492785
19572585 0.492792
19560876 0.492804
19457861 0.492815
19456378 0.492821
19447247 0.492824
19405312 0.492831
19396529 0.492842
19344375 0.492869
19343588 0.492873
19335384 0.492879
19330544 0.492884
19329869 0.492888
19329267 0.492895
19322185 0.493012
19289385 0.493018
19282330 0.493024
19269188 0.493029
19257194 0.493034
19251127 0.493037
19247908 0.493041
19124403 0.493068
19123448 0.493073
19106056 0.493076
19092190 0.493080
19085025 0.493094
19080212 0.493104
19053537 0.493130
19027338 0.493139
19026499 0.493145
19025661 0.493149
19006070 0.493185
18985422 0.493190
18982922 0.493194
18977192 0.493197
18975074 0.493200
18947108 0.493216
18929409 0.493223
18926859 0.493226
18924710 0.493238
18903590 0.493242
18817871 0.493246
18813651 0.493249
18702235 0.493263
18675132 0.493281
18670975 0.493363
18669815 0.493367
18666421 0.493375
18664673 0.493379
18661405 0.493382
18635019 0.493386
18634802 0.493396
18631209 0.493401
18599484 0.493415
18593991 0.493421
18557257 0.493463
18551150 0.493505
18550716 0.493533
18546680 0.493555
18541372 0.493559
18536309 0.493563
18529913 0.493568
18524396 0.493591
18520002 0.493606
18513178 0.493610
18498045 0.493613
18496742 0.493623
18493970 0.493651
18490854 0.493655
18489642 0.493662
18474613 0.493715
18453548 0.493730
18449239 0.493736
18421895 0.493829
18385387 0.493857
18370640 0.493874
18347288 0.493878
18313445 0.493889
18275069 0.493904
18268883 0.493909
18262624 0.493914
18253104 0.493921
18228203 0.493925
18219557 0.493928
18095662 0.493931
18071231 0.493937
18069604 0.493941
18043596 0.493944
18042547 0.493987
18039560 0.494027
18025619 0.494073
17943348 0.494080
17938030 0.494108
17906560 0.494128
17880125 0.494134
17866686 0.494139
17860921 0.494173
17853052 0.494179
17844351 0.494183
17836251 0.494189
17832110 0.494638
17801099 0.494645
17798307 0.494678
17795255 0.494731
17790667 0.494797
17788901 0.494801
17781615 0.494805
17776084 0.494818
17760363 0.494822
17750486 0.494892
17742186 0.494916
17732433 0.494922
17730233 0.494930
17729821 0.494955
17696517 0.495013
17689251 0.495017
17687210 0.495021
17684864 0.495025
17668139 0.495030
17309493 0.495045
17309178 0.495056
17307405 0.495067
17305953 0.495186
17302515 0.495193
17301582 0.495216
17296933 0.495224
17254304 0.495235
17253632 0.495247
17221052 0.495305
17219526 0.495309
17200961 0.495321
17196301 0.495335
17175315 0.495503
17171421 0.495512
17157309 0.495518
17146604 0.495522
17144400 0.495554
17121206 0.495560
17102431 0.495570
17102154 0.495574
17096343 0.495637
17086798 0.495649
17080761 0.495664
17075429 0.495678
17072988 0.495708
17021781 0.495712
17008971 0.495735
17006276 0.495741
16995526 0.495751
16989068 0.495755
16986802 0.495759
16982508 0.495778
16982160 0.495786
16945832 0.495803
16923043 0.495807
16922106 0.495874
16918634 0.495878
16916305 0.495892
16914405 0.495979
16907965 0.496058
16901908 0.496089
16892453 0.496110
16884210 0.496123
16882889 0.496129
16880660 0.496142
16875850 0.496147
16867982 0.496150
16866510 0.496196
16849298 0.496233
16847433 0.496261
16846469 0.496268
16845890 0.496272
16845851 0.496278
16824979 0.496284
16771443 0.496472
16770902 0.496518
16766578 0.496527
16762619 0.497458
16759925 0.497499
16731523 0.497508
16726888 0.497566
16723627 0.497570
16723000 0.497599
16721749 0.497614
16713093 0.497619
16697603 0.497651
16695868 0.497660
16695523 0.497680
16693636 0.497695
16650153 0.497706
16640955 0.497739
16639507 0.497765
16639264 0.497839
16631425 0.497857
16630486 0.497860
16627057 0.497865
16624324 0.497869
16623466 0.497895
16613775 0.498055
16611404 0.498062
16605394 0.498075
16593139 0.498079
16584417 0.498242
16578097 0.498247
16571525 0.498538
16571088 0.498544
16570811 0.498835
16565480 0.498863
16560560 0.498874
16556428 0.498880
16555464 0.498939
16553510 0.498975
16551764 0.499101
16550107 0.499233
16538069 0.499242
16533363 0.499267
16525142 0.501620
16524747 0.501632
16510626 0.501638
16509427 0.501641
16495761 0.501645
16479276 0.501652
16477867 0.501693
16473682 0.501702
16456897 0.501740
16447557 0.501784
16443979 0.501787
16443745 0.504835
16437183 0.504892
16321542 0.504954
16315634 0.504964
16255458 0.504976
16249519 0.514099
16242888 0.514303
16242596 0.514441
16233854 0.514447
16229867 0.557087
16222394 0.557095
16217328 0.557186
16214239 0.557273
16209714 0.557718
16203538 0.557755
16189389 0.557760
16168321 0.557765
16160737 0.557769
16151523 0.558309
16149798 0.558449
16141212 0.561429
16140378 0.565851
16135672 0.565864
16129729 0.565868
16124026 0.566306
16122554 0.566310
16119538 0.566326
16091864 0.566334
16091196 0.566352
16071992 0.566357
16061331 0.568453
16059934 0.568495
16059785 0.568502
16058980 0.568653
16028488 0.568661
16020926 0.583798
16018565 0.583829
16018259 0.584017
16015228 0.584037
16010233 0.584102
16001138 0.612025
15980613 0.612037
15960286 0.612040
15949985 0.612121
15949670 0.612383
15941464 0.612457
15935277 0.612477
15933246 0.612487
15933030 0.612491
15929676 0.612507
15912070 0.612510
15906004 0.612567
15905539 0.612576
15904216 0.612653
15900949 0.612710
15899057 0.612721
15890651 0.625785
15882018 0.625791
15865745 0.626263
15845404 0.626287
15816490 0.626302
15813751 0.626327
15803635 0.626340
15797843 0.626356
15795929 0.626368
15783777 0.626377
15764003 0.626480
15762963 0.626527
15761490 0.626532
15759774 0.627551
15756723 0.636573
15756062 0.636654
15753812 0.636669
15751599 0.639014
15749568 0.641344
15738607 0.641349
15738008 0.641354
15736371 0.643221
15726723 0.643260
15726280 0.644280
15725060 0.644313
15722702 0.644416
15721375 0.649527
15719366 0.649590
15704758 0.657228
15700224 0.657248
15694410 0.657253
15694069 0.657339
15688476 0.657344
15685292 0.657543
15679700 0.657689
15677694 0.667388
15673360 0.668920
15667426 0.668936
15662140 0.668946
15649966 0.671668
15649013 0.671686
15647675 0.674707
15640702 0.674760
15640381 0.678798
15635886 0.685479
15633123 0.685558
15632190 0.685823
15623100 0.685915
15621728 0.686189
15618443 0.686211
15608013 0.686234
15606680 0.686238
15601187 0.686334
15598309 0.687671
15596219 0.687683
15593691 0.687690
15593250 0.694459
15585141 0.694688
15582342 0.721005
15576417 0.721206
15564182 0.721269
15562094 0.721306
15559966 0.739102
15556921 0.745482
15551737 0.745488
15548923 0.745792
15539927 0.745800
15538575 0.755290
15536571 0.755329
15532348 0.755346
15526562 0.755405
15521733 0.757802
15521324 0.757930
15519805 0.777546
15514291 0.777552
15500828 0.780090
15499889 0.782836
15499858 0.782971
15499250 0.782985
15496565 0.782998
15491697 0.783006
15486243 0.881725
15476825 0.885886
15475813 0.887700
15474149 0.901658
15472954 0.901705
15470098 0.905839
15462945 0.905874
15458983 0.907967
15458874 0.944587
15456941 0.944600
15456814 0.956526
15455619 0.956542
15454497 1.415997
15454091 1.518862
15450658 2.206203
15448766 2.260816
15447431 2.735310
15447423 2.735322
15444069 2.735330
15443180 6.076986
15442180 6.338526
15441539 6.338554
15440579 6.339012
15440523 11.206208
15440061 11.209963
15438665 11.218726
15434207 11.233129
15434070 12.036469
15433627 12.064595
15433627 612.268000
