PROBLEM_FILE = /tmp/tsp/28704.tmp/example.tmp
30753963 0.503122
30727441 0.503141
30683028 0.503156
30622548 0.503173
30600409 0.503180
29318400 0.503197
29299171 0.503203
29171852 0.503221
29153472 0.503226
29140519 0.503229
29134911 0.503236
29099205 0.503255
29076091 0.503263
29063925 0.503268
29017211 0.503273
29010471 0.503278
29003756 0.503285
29000966 0.503298
28985077 0.503301
28940724 0.503314
28788616 0.503325
28763573 0.503333
28754590 0.503338
28690407 0.503344
28657883 0.503347
28652049 0.503351
28324891 0.503368
28315672 0.503372
28306974 0.503382
28301864 0.503390
28285292 0.503394
28176063 0.503400
28147100 0.503407
28124470 0.503412
28061670 0.503416
28023825 0.503420
28000930 0.503424
27902369 0.503434
27898624 0.503438
27894855 0.503441
27819121 0.503451
27782770 0.503459
27773909 0.503473
27766868 0.503481
27678759 0.503485
27665044 0.503488
27647203 0.503494
27610041 0.503504
27598589 0.503513
27585838 0.503521
27547174 0.503525
27401335 0.503539
27397987 0.503543
27320120 0.503550
27303399 0.503553
27296394 0.503559
27282221 0.503569
27276011 0.503574
27176382 0.503588
27174485 0.503594
27150202 0.503619
27141666 0.503626
27095994 0.503633
27024974 0.503650
27013643 0.503658
27013609 0.503667
27006311 0.503670
26919320 0.503682
26901897 0.503685
26854289 0.503696
26791562 0.503699
26735518 0.503709
26731290 0.503752
26717250 0.503768
26715449 0.503772
26703273 0.503787
26691215 0.503791
26669522 0.503806
26642187 0.503810
26641807 0.503813
26621182 0.503821
26611306 0.503826
26605898 0.503829
26601509 0.503833
26554679 0.503838
26554181 0.503869
26548227 0.503892
26539313 0.503895
26529960 0.503898
26518937 0.503906
26507741 0.503913
26505142 0.503980
26497389 0.504097
26473428 0.504146
26467646 0.504154
26456658 0.504241
26455833 0.504247
26453607 0.504275
26428215 0.504281
26401779 0.504287
26396110 0.504290
26359573 0.504296
26304844 0.504302
26297050 0.504305
26246797 0.504312
26243946 0.504316
26168629 0.504322
26161232 0.504336
26160193 0.504340
26150372 0.504351
26117161 0.504360
26074461 0.504374
26057246 0.504384
26047581 0.504389
26013915 0.504392
25824232 0.504402
25822315 0.504408
25817460 0.504416
25729499 0.504424
25688966 0.504428
25686319 0.504432
25659680 0.504437
25650511 0.504440
25632797 0.504448
25627489 0.504461
25626143 0.504478
25618318 0.504491
25617196 0.504499
25596166 0.504551
25594744 0.504562
25569172 0.504575
25546786 0.504588
25537521 0.504592
25528922 0.504599
25441216 0.504605
25406829 0.504608
25388274 0.504615
25388122 0.504625
25377423 0.504630
25355190 0.504643
25354672 0.504647
25352747 0.504660
25297201 0.504664
25293430 0.504673
25275618 0.504683
25204472 0.504688
25199944 0.504692
25199751 0.504695
25181278 0.504705
25179911 0.504738
25159607 0.504753
25146218 0.504757
25141377 0.504761
25141034 0.504770
25061677 0.504780
25052424 0.504787
25045150 0.504800
25035074 0.504809
24847448 0.504826
24844292 0.504830
24796307 0.504837
24768546 0.504843
24705273 0.504848
24690457 0.504855
24677680 0.504858
24662726 0.504862
24639542 0.504866
24628190 0.504875
24584109 0.504879
24547536 0.504883
24463442 0.504887
24395324 0.504891
24378968 0.504906
24378628 0.504913
24367811 0.504916
24360535 0.504922
24348325 0.504926
24344330 0.504931
24341534 0.504938
24333169 0.504943
24323640 0.504946
24302422 0.504961
24278374 0.504970
24267073 0.504974
24251049 0.504977
24250925 0.504983
24206142 0.504987
23901409 0.504993
23847914 0.505000
23811771 0.505013
23801166 0.505016
23777256 0.505020
23769142 0.505030
23749384 0.505034
23615942 0.505042
23599209 0.505049
23594061 0.505052
23585724 0.505066
23556063 0.505069
23514684 0.505073
23402292 0.505084
23347753 0.505097
23341837 0.505104
23314308 0.505108
23296478 0.505113
23277678 0.505117
23260681 0.505131
23255608 0.505142
23246745 0.505157
23243415 0.505168
23221569 0.505179
23208730 0.505184
23199334 0.505191
23087046 0.505199
23083565 0.505205
23072468 0.505213
23072409 0.505218
23072005 0.505224
23041845 0.505227
23040848 0.505230
22976581 0.505242
22971250 0.505245
22823836 0.505253
22812148 0.505257
22787426 0.505260
22784243 0.505304
22774929 0.505316
22772265 0.505329
22738826 0.505341
22732517 0.505357
22730097 0.505364
22671828 0.505371
22607511 0.505378
22590125 0.505386
22582958 0.505389
22573536 0.505401
22561407 0.505405
22560813 0.505409
22554432 0.505425
21891866 0.505438
21869642 0.505441
21868249 0.505448
21864482 0.505463
21839334 0.505476
21839049 0.505488
21822527 0.505499
21817290 0.505502
21802841 0.505505
21717857 0.505515
21715825 0.505519
21704522 0.505526
21691643 0.505532
21684281 0.505535
21628574 0.505550
21611241 0.505557
21610868 0.505561
21582928 0.505567
21579502 0.505573
21575589 0.505587
21483333 0.505592
21483285 0.505596
21467674 0.505599
21462957 0.505622
21457864 0.505626
21454306 0.505636
21431716 0.505649
21405141 0.505654
21375877 0.505658
21358437 0.505670
21334638 0.505677
21323878 0.505684
21256523 0.505691
21235118 0.505711
21218337 0.505715
21217999 0.505726
21176993 0.505734
21167671 0.505738
21163417 0.505758
21158033 0.505770
21151635 0.505779
21143580 0.505789
21115969 0.505800
21096642 0.505803
21092045 0.505814
21087655 0.505821
21076978 0.505825
21064789 0.505828
21054518 0.505831
20999985 0.505837
20990535 0.505840
20902752 0.505857
20862160 0.505861
20860390 0.505865
20847988 0.505871
20839118 0.505874
20833833 0.505879
20793409 0.505889
20791894 0.505892
20773098 0.505899
20749787 0.505903
20746418 0.505927
20729619 0.505932
20501440 0.505939
20492936 0.505942
20489607 0.505947
20485298 0.505952
20479831 0.505955
20457510 0.505966
20434463 0.505971
20414525 0.505975
20377897 0.505978
20294105 0.506000
20287368 0.506003
20276170 0.506007
20273491 0.506010
20260359 0.506013
20180081 0.506020
19925417 0.506036
19912308 0.506045
19912204 0.506048
19907555 0.506078
19882592 0.506090
19876948 0.506098
19856855 0.506112
19846948 0.506122
19833640 0.506126
19833116 0.506129
19827349 0.506132
19809127 0.506138
19804916 0.506153
19750871 0.506159
19750321 0.506190
19747433 0.506194
19723358 0.506206
19706460 0.506211
19703154 0.506215
19690486 0.506218
19667967 0.506230
19666179 0.506245
19635617 0.506255
19604915 0.506259
19598273 0.506282
19542214 0.506295
19493747 0.506298
19485113 0.506309
19475322 0.506316
19473799 0.506319
19446054 0.506322
19444608 0.506328
19431753 0.506331
19420548 0.506342
19324310 0.506354
19319213 0.506368
19260657 0.506373
19258675 0.506381
19258228 0.506386
19244749 0.506390
19243570 0.506394
19209928 0.506400
19208033 0.506423
19203400 0.506429
19193634 0.506436
19190958 0.506440
19184432 0.506455
19179817 0.506459
19169503 0.506462
19161647 0.506465
19084077 0.506469
19083307 0.506473
19051633 0.506477
19004426 0.506482
18962740 0.506486
18958688 0.506496
18948055 0.506514
18937511 0.506518
18922468 0.506522
18919415 0.506527
18916853 0.506533
18837057 0.506537
18824503 0.506540
18700099 0.506544
18696740 0.506549
18673573 0.506553
18661331 0.506569
18655363 0.506591
18649913 0.506631
18627588 0.506636
18619840 0.506640
18614633 0.506658
18384095 0.506665
18365635 0.506673
18363899 0.506699
18356767 0.506702
18281531 0.506713
18255877 0.506730
18253955 0.506742
18252135 0.506753
18225208 0.506758
18211979 0.506774
18194675 0.506778
18187987 0.506792
18097876 0.506798
18096933 0.506801
18090642 0.506807
18079597 0.506818
18065179 0.506821
18056150 0.506826
18037680 0.506834
18034584 0.506842
18029418 0.506846
18027322 0.506857
18022696 0.506860
18019767 0.506866
18000084 0.506870
17998113 0.506919
17995592 0.506924
17995561 0.506927
17995541 0.506931
17975888 0.506937
17973908 0.506949
17972673 0.507009
17967452 0.507018
17953857 0.507024
17949960 0.507033
17939249 0.507040
17912364 0.507043
17901967 0.507048
17897462 0.507068
17892895 0.507072
17845829 0.507097
17845116 0.507107
17832468 0.507115
17829695 0.507125
17808834 0.507157
17792373 0.507161
17786518 0.507165
17760346 0.507172
17711555 0.507193
17704325 0.507197
17685654 0.507223
17641906 0.507231
17622663 0.507234
17612217 0.507238
17578321 0.507262
17531068 0.507270
17525603 0.507274
17516181 0.507306
17514879 0.507314
17508246 0.507381
17490835 0.507412
17451033 0.507452
17446010 0.507479
17442559 0.507487
17434502 0.507511
17423368 0.507517
17418419 0.507522
17413906 0.507546
17398584 0.507549
17395468 0.507553
17380956 0.507562
17380023 0.507566
17360157 0.507570
17314346 0.507582
17291842 0.507599
17277792 0.507604
17267908 0.507609
17265455 0.507614
17255522 0.507641
17242111 0.507681
17237577 0.507698
17229198 0.507703
17224630 0.507707
17222828 0.507710
17181618 0.507713
17177811 0.507721
17157421 0.507724
17152371 0.507740
17122523 0.507743
17118368 0.507759
17117071 0.507779
17112813 0.507782
17090494 0.507789
17084019 0.507831
17075169 0.507835
17070904 0.507858
17067966 0.507863
17067412 0.507866
17062539 0.507871
17061438 0.507875
17057836 0.507878
17015397 0.507892
16996895 0.507897
16919334 0.507902
16904985 0.507907
16884760 0.507913
16880422 0.507918
16877374 0.507931
16872921 0.507950
16868357 0.507954
16782180 0.507984
16775073 0.507988
16774639 0.508041
16771247 0.508045
16770813 0.508052
16768905 0.508058
16766152 0.508061
16765249 0.508080
16753715 0.508162
16750946 0.508182
16738600 0.508186
16702412 0.508210
16691848 0.508225
16691022 0.508241
16688351 0.508244
16688316 0.508266
16644822 0.508271
16632458 0.508274
16612273 0.508298
16604921 0.508302
16563256 0.508314
16540346 0.508320
16539847 0.508336
16517266 0.508364
16514860 0.508397
16513684 0.508412
16510529 0.508422
16506682 0.508427
16505284 0.508431
16431229 0.508441
16430583 0.508734
16430430 0.508739
16417221 0.508745
16401338 0.508756
16378331 0.508766
16370979 0.508773
16357024 0.508777
16347189 0.508786
16340029 0.508790
16338475 0.508793
16305104 0.508822
16290442 0.508830
16288949 0.508841
16287052 0.508846
16285210 0.508854
16280956 0.509102
16246979 0.509108
16211806 0.509116
16210645 0.509150
16206707 0.509191
16202959 0.509208
16189554 0.509234
16161849 0.509240
16144124 0.509275
16143975 0.509297
16133452 0.509303
16114784 0.509307
16097266 0.509313
16088602 0.509321
16087347 0.509331
16071548 0.509338
16066026 0.509354
16053778 0.509457
16042928 0.509481
16037638 0.510236
16033644 0.510243
16030886 0.510256
16030742 0.510272
16010942 0.510346
15998578 0.510369
15994816 0.510805
15154476 0.511281
15152650 0.511307
15144316 0.511316
15142831 0.511320
15127742 0.511326
15117101 0.511335
15110942 0.511359
15105559 0.511375
15103190 0.511391
15101766 0.511395
15101171 0.511401
15100120 0.511407
15098043 0.511699
15096921 0.511744
15096223 0.511842
15094475 0.512859
15093849 0.513023
15071744 0.513061
15063272 0.513087
15059418 0.513109
15047588 0.513118
15045415 0.513136
15040189 0.513186
15036125 0.513201
15034796 0.513212
15033128 0.514261
15032384 0.514279
15031864 0.514395
15028892 0.514910
15002031 0.515612
15000596 0.515617
14995873 0.515661
14984739 0.515738
14982987 0.515746
14981799 0.517010
14981540 0.517017
14976646 0.517025
14968367 0.517152
14964277 0.517163
14946941 0.517172
14939376 0.517181
14932988 0.517205
14932394 0.517216
14920849 0.517305
14913717 0.517311
14904489 0.517324
14903383 0.517329
14900625 0.517405
14899763 0.517421
14894813 0.517723
14892858 0.517750
14892344 0.517832
14883971 0.517850
14867552 0.517867
14859293 0.517881
14859002 0.517884
14854115 0.517917
14852084 0.517951
14850749 0.518120
14848391 0.518127
14845794 0.518131
14838702 0.518141
14820410 0.518243
14816948 0.518546
14811986 0.519242
14787036 0.519736
14745196 0.519764
14743718 0.519774
14737003 0.520081
14735329 0.520551
14732661 0.520843
14727471 0.520847
14723731 0.520948
14715383 0.521222
14711540 0.521253
14710954 0.521989
14708095 0.522019
14700747 0.522071
14689128 0.522077
14683971 0.522086
14680942 0.522094
14680422 0.522119
14678754 0.522125
14677155 0.524985
14650308 0.526007
14617093 0.526016
14616332 0.528037
14614743 0.528043
14614558 0.528068
14603604 0.528175
14602482 0.528213
14601784 0.528274
14600713 0.528757
14586042 0.528787
14581155 0.528818
14574770 0.528827
14573824 0.528898
14570883 0.531608
14567343 0.695073
14566403 0.695280
14564430 0.695304
14562662 0.695676
14557766 0.695717
14556987 0.859533
14556254 0.859541
14546954 0.859573
14533720 0.859579
14531935 0.859598
14530149 0.859969
14527005 0.862001
14523913 0.864631
14521412 0.864642
14520714 0.864700
14517247 0.864727
14511881 0.864736
14511287 0.864741
14507685 0.865458
14506759 0.869948
14504349 0.869953
14501884 0.872538
14500121 0.872800
14499107 1.032588
14489762 1.305879
14488173 1.310222
14484540 1.310284
14479031 1.310320
14473467 1.310557
14464032 1.310563
14463363 1.310942
14460190 1.311114
14459863 1.313083
14457073 1.313941
14455700 1.315667
14448767 1.315797
14436704 1.434783
14433644 1.535995
14432030 1.953312
14425767 1.953490
14423655 2.290952
14423402 2.291237
14419527 2.291244
14418415 2.291322
14417857 2.738020
14415960 2.738511
14413473 5.883498
14413088 5.982825
14411946 5.982917
14408507 5.983269
14405648 5.984517
14400214 6.043097
14400183 6.043223
14397393 6.043658
14394408 6.043662
14393998 6.043679
14392572 6.045018
14387500 6.045026
14384680 6.144365
14384374 6.148619
14382044 6.148666
14381524 6.310512
14381161 6.310523
14380899 6.310528
14376290 6.310702
14371685 6.497326
14368727 6.601339
14367754 6.601350
14365231 6.602662
14361263 6.602804
14360567 6.602921
14360434 6.603034
14356453 6.603130
14355153 8.339952
14354559 9.481095
14352641 9.482331
14352612 9.962495
14352202 9.963107
14351794 10.762496
14351314 11.009784
14351055 11.009794
14350461 11.009798
14346273 11.010030
14342970 15.484158
14340035 15.484227
14336769 15.484924
14336669 15.486253
14332930 16.686396
14332886 38.908431
14331402 38.908440
14328620 38.908542
14327669 136.481815
14327422 201.551060
14327422 802.769177
