PROBLEM_FILE = /tmp/tsp/29868.tmp/example.tmp
45702325 1.521072
45684767 1.521097
45674422 1.521103
45655167 1.521107
45640708 1.521118
45617980 1.521123
45602195 1.521129
45570445 1.521140
45544413 1.521147
45543340 1.521155
45510127 1.521160
45504894 1.521164
45498686 1.521174
45469272 1.521178
45437682 1.521183
45407394 1.521196
45399435 1.521200
45365120 1.521206
45361150 1.521210
45352270 1.521213
45329208 1.521219
45327400 1.521232
45303975 1.521236
45303622 1.521241
45295502 1.521253
45286695 1.521257
45282270 1.521260
45280184 1.521263
45252985 1.521268
45217236 1.521273
45206442 1.521282
45157696 1.521292
45145988 1.521296
45142558 1.521300
45141522 1.521316
45047234 1.521319
45044657 1.521323
45039029 1.521331
45010939 1.521337
44950798 1.521351
44902685 1.521363
44893791 1.521367
44827191 1.521371
44623423 1.521385
44606564 1.521391
44480706 1.521396
44479277 1.521399
44143395 1.521410
44142760 1.521415
44102294 1.521430
44090959 1.521440
44068051 1.521451
44062408 1.521456
44048606 1.521459
43815979 1.521467
43804684 1.521470
43803552 1.521480
43799937 1.521484
43222164 1.521491
43221819 1.521494
43210225 1.521500
43146185 1.521504
43130484 1.521511
43107778 1.521519
43102464 1.521522
43102037 1.521531
43096449 1.521544
43095303 1.521547
43094546 1.521553
43076728 1.521558
43069441 1.521594
43045942 1.521602
43027722 1.521612
43027486 1.521621
43023419 1.521624
43014461 1.521628
43014182 1.521631
43010814 1.521642
42997991 1.521662
42996309 1.521665
42994685 1.521669
42991538 1.521675
42986775 1.521682
42983609 1.521685
42865684 1.521693
42735126 1.521704
42730347 1.521715
42705970 1.521719
42658140 1.521724
42630134 1.521727
42627036 1.521730
42619580 1.521734
42594810 1.521737
42591592 1.521748
42582153 1.521755
42559763 1.521759
42553184 1.521763
42552286 1.521767
42551751 1.521777
42053174 1.521785
41962660 1.521796
41926504 1.521806
41914864 1.521813
41910237 1.521817
41861261 1.521822
41860866 1.521842
41821989 1.521856
41819660 1.521861
41809786 1.521864
41809185 1.521868
41773020 1.521872
41739782 1.521890
41721557 1.521896
41716610 1.521899
41682966 1.521903
41669988 1.521909
41666480 1.521924
41661592 1.521928
41636635 1.521931
41630434 1.521948
41626214 1.521954
41622444 1.521957
41609912 1.521969
41567822 1.521975
41486503 1.521985
41479232 1.521994
41460638 1.521999
41455730 1.522002
41410537 1.522008
41397957 1.522020
41371141 1.522030
41354743 1.522036
41274372 1.522041
41261889 1.522047
41259740 1.522051
41254526 1.522058
41246851 1.522062
41172486 1.522070
41138534 1.522074
41128830 1.522078
41078932 1.522085
41073942 1.522100
41073203 1.522117
40958187 1.522129
40948494 1.522141
40944615 1.522145
40860863 1.522154
40734939 1.522163
40718444 1.522169
40706511 1.522175
40683220 1.522182
40660558 1.522190
40652526 1.522194
40642739 1.522201
40497342 1.522206
40494456 1.522211
40470977 1.522215
40468088 1.522221
40421495 1.522236
40419166 1.522240
40416978 1.522250
40402747 1.522257
40382995 1.522265
40372229 1.522270
40313772 1.522277
40305781 1.522280
40267431 1.522285
40258650 1.522298
40252623 1.522301
40236471 1.522304
40231294 1.522315
40230927 1.522326
40219850 1.522329
40216777 1.522335
40203595 1.522339
40200710 1.522342
40196893 1.522345
40047598 1.522357
40039601 1.522361
40039393 1.522366
40030484 1.522371
40002084 1.522376
39939840 1.522381
39939770 1.522385
39884227 1.522390
39864099 1.522404
39857146 1.522417
39853062 1.522421
39690335 1.522426
39645410 1.522431
39639137 1.522435
39626887 1.522438
39620191 1.522447
39608181 1.522451
39605603 1.522464
39588757 1.522472
39566298 1.522479
39558060 1.522483
39554465 1.522490
39549569 1.522494
39546566 1.522500
39532872 1.522506
39531290 1.522521
39529370 1.522525
39504112 1.522536
39344877 1.522546
39332842 1.522558
39332342 1.522562
39331989 1.522567
39327383 1.522573
39326586 1.522582
39314214 1.522593
39296243 1.522598
39277788 1.522602
39238252 1.522610
39229395 1.522616
39212347 1.522625
39204775 1.522637
39200245 1.522644
39170220 1.522651
39084305 1.522662
39074925 1.522665
39071396 1.522672
39067744 1.522677
39067681 1.522682
39046317 1.522688
39006036 1.522699
38991818 1.522705
38987323 1.522709
38949436 1.522716
38928650 1.522720
38928597 1.522735
38923196 1.522741
38918042 1.522749
38914276 1.522769
38862444 1.522779
38852088 1.522787
38845632 1.522801
38838454 1.522805
38826732 1.522809
38824438 1.522817
38821673 1.522842
38820698 1.522845
38799350 1.522852
38778079 1.522867
38768771 1.522870
38750058 1.522874
38745017 1.522927
38738793 1.522933
38724993 1.522940
38724309 1.522945
38710112 1.522953
38605477 1.522970
38590454 1.522974
38550501 1.522980
38549648 1.522990
38547878 1.522994
38546294 1.522997
38395808 1.523002
38393674 1.523006
38380922 1.523017
38380557 1.523021
38374799 1.523031
38338929 1.523038
38335597 1.523043
38076589 1.523047
38052392 1.523059
38036109 1.523063
38021514 1.523066
38016757 1.523070
37999120 1.523077
37970321 1.523080
37901957 1.523093
37790217 1.523109
37776598 1.523115
37767347 1.523119
37757129 1.523123
37045017 1.523134
37038355 1.523138
37034109 1.523152
37029097 1.523160
36991387 1.523168
36988499 1.523185
36963858 1.523199
36961312 1.523202
36947894 1.523209
36859048 1.523220
36857639 1.523224
36848430 1.523235
36847125 1.523241
36844186 1.523250
36840944 1.523254
36815644 1.523257
36805598 1.523265
36597842 1.523273
36577367 1.523281
36570274 1.523286
36569840 1.523289
36564151 1.523293
36564121 1.523296
36560253 1.523302
36556222 1.523306
36535520 1.523310
36529436 1.523313
36500132 1.523318
36493922 1.523325
36479452 1.523329
36453212 1.523338
36373870 1.523349
36368644 1.523355
36367981 1.523363
36362230 1.523370
36357619 1.523374
36350542 1.523381
36305016 1.523386
36290880 1.523395
36285240 1.523399
36269659 1.523402
36251803 1.523405
36241769 1.523408
36231067 1.523412
36229686 1.523417
36228869 1.523421
36222200 1.523424
36214070 1.523427
36210247 1.523433
36172544 1.523444
36169419 1.523450
36147881 1.523454
36137432 1.523461
36126975 1.523468
36119693 1.523472
36001437 1.523482
35946499 1.523492
35938302 1.523497
35915999 1.523508
35885456 1.523517
35881591 1.523532
35851352 1.523542
35835194 1.523546
35789576 1.523551
35789121 1.523554
35773481 1.523565
35753682 1.523575
35661293 1.523586
35650578 1.523609
35648226 1.523620
35614060 1.523628
35590104 1.523632
35562053 1.523642
35540430 1.523648
35535517 1.523652
35535137 1.523655
35528712 1.523659
35521014 1.523668
35506072 1.523673
35412399 1.523680
35410034 1.523683
35394257 1.523686
35365065 1.523691
35314750 1.523694
35258965 1.523698
35257720 1.523701
35252827 1.523706
35122071 1.523718
35111258 1.523723
35109982 1.523731
35103098 1.523734
35075629 1.523738
35068344 1.523755
35067994 1.523759
35039910 1.523764
35034339 1.523768
34973933 1.523772
34971033 1.523775
34963912 1.523782
34902305 1.523787
34893082 1.523797
34890319 1.523841
34865543 1.523846
34863739 1.523849
34861441 1.523857
34859066 1.523873
34854991 1.523890
34850202 1.523903
34833711 1.523915
34832817 1.523919
34828775 1.523925
34825114 1.523936
34808807 1.523940
34793364 1.523958
34792664 1.523970
34790929 1.523974
34790041 1.523977
34772625 1.523984
34771238 1.523995
34765201 1.523999
34764527 1.524012
34759506 1.524015
34755347 1.524019
34719757 1.524024
34677155 1.524028
34644364 1.524036
34524525 1.524041
34519423 1.524054
34515053 1.524069
34501089 1.524072
34498066 1.524077
34478537 1.524088
34477066 1.524104
34466818 1.524111
34462453 1.524122
34462110 1.524126
34440217 1.524139
34438072 1.524142
34437751 1.524146
34429300 1.524149
34424426 1.524159
34394600 1.524167
34385737 1.524170
34370544 1.524180
34323805 1.524192
34313619 1.524208
34302347 1.524214
34293576 1.524219
34283824 1.524228
34272176 1.524232
34270428 1.524258
34111755 1.524280
34110550 1.524283
34099050 1.524287
34080693 1.524294
34072928 1.524305
34067668 1.524313
34060268 1.524316
34052551 1.524319
34050657 1.524323
34048769 1.524336
34045740 1.524339
34043898 1.524356
34039664 1.524360
34025167 1.524364
34018880 1.524369
34013140 1.524381
34012845 1.524384
33974609 1.524389
33974425 1.524401
33970609 1.524409
33966176 1.524414
33964869 1.524422
33897960 1.524428
33848016 1.524438
33845642 1.524445
33816863 1.524466
33796584 1.524473
33770883 1.524478
33765952 1.524524
33746680 1.524531
33732631 1.524535
33730677 1.524540
33700581 1.524543
33694440 1.524551
33692141 1.524554
33663435 1.524562
33662892 1.524566
33642933 1.524577
33636754 1.524590
33635276 1.524593
33626610 1.524597
33614941 1.524600
33609224 1.524611
33595557 1.524616
33593817 1.524621
33592339 1.524624
33562097 1.524631
33558885 1.524639
33551284 1.524645
33545139 1.524648
33536900 1.524663
33457458 1.524675
33455046 1.524679
33448732 1.524683
33388626 1.524687
33336138 1.524701
33326302 1.524709
33278916 1.524722
33260475 1.524725
33254603 1.524728
33245153 1.524737
33227753 1.524740
33227550 1.524743
33145853 1.524757
33134317 1.524762
33112120 1.524766
33102359 1.524770
33081029 1.524780
33066708 1.524784
33062142 1.524793
33056273 1.524799
33045865 1.524804
33044628 1.524816
33038372 1.524828
33029013 1.524832
33005861 1.524840
32991842 1.524843
32986238 1.524846
32659565 1.524855
32654179 1.524868
32634897 1.524874
32550872 1.524890
32549848 1.524893
32546727 1.524903
31962700 1.524915
31959700 1.524920
31933499 1.524934
31853636 1.524953
31774649 1.524967
31765852 1.524981
31727238 1.524986
31725681 1.524989
31719878 1.524992
31712537 1.524995
31710314 1.524999
31706159 1.525003
31705967 1.525006
31677387 1.525013
31671421 1.525030
31645838 1.525035
31626795 1.525041
31622638 1.525045
31602000 1.525048
31564666 1.525056
31557941 1.525087
31557937 1.525090
31548778 1.525110
31535686 1.525115
31533336 1.525120
31517064 1.525131
31504990 1.525137
31484160 1.525141
31451243 1.525144
31411516 1.525148
31377306 1.525162
31372428 1.525169
31351345 1.525173
31347234 1.525180
31312824 1.525188
31299501 1.525193
31293282 1.525196
31279740 1.525237
31267697 1.525248
31261116 1.525255
31250351 1.525259
31228069 1.525270
31193699 1.525279
31186088 1.525283
31170973 1.525286
31154395 1.525293
31145260 1.525302
31145137 1.525305
31136259 1.525314
31130635 1.525317
31115839 1.525327
31099173 1.525336
31078899 1.525340
31023152 1.525346
31008311 1.525353
31006173 1.525358
31001909 1.525361
31000120 1.525373
30995051 1.525383
30987188 1.525386
30797238 1.525392
30778539 1.525396
30773936 1.525398
30732815 1.525410
30683886 1.525417
30682960 1.525421
30673738 1.525429
30501759 1.525439
30498478 1.525466
30201524 1.525469
30191395 1.525479
30188046 1.525502
30183435 1.525507
30178657 1.525510
30175303 1.525541
30149182 1.525547
30130861 1.525552
30129888 1.525555
30129098 1.525565
30126256 1.525570
30109057 1.525576
30107716 1.525580
30103605 1.525583
30084758 1.525586
30051574 1.525589
30033645 1.525599
29988689 1.525603
29976797 1.525607
29964893 1.525638
29964289 1.525653
29950551 1.525657
29948086 1.525660
29919461 1.525666
29908910 1.525676
29894588 1.525682
29878064 1.525686
29841502 1.525691
29838394 1.525696
29827754 1.525700
29818174 1.525706
29809317 1.525712
29799388 1.525716
29779770 1.525722
29762058 1.525735
29761814 1.525739
29757477 1.525745
29742309 1.525756
29742041 1.525760
29737251 1.525768
29731828 1.525774
29691859 1.525777
29688968 1.525805
29681902 1.525810
29641398 1.525815
29452538 1.525827
29448381 1.525833
29446903 1.525858
29438728 1.525862
29433872 1.525865
29416113 1.525882
29390893 1.525892
29363620 1.525897
29363608 1.525913
29360689 1.525917
29338330 1.525920
29329926 1.525923
29329021 1.525926
29328523 1.525929
29324399 1.525939
29320284 1.525953
29314132 1.525957
29310406 1.525968
29308355 1.525975
29304681 1.525979
29298246 1.525982
29297493 1.525992
29274293 1.525995
29253748 1.526002
29236582 1.526012
29203421 1.526016
29182960 1.526043
29168932 1.526047
29165017 1.526055
29141295 1.526058
29134460 1.526061
29134103 1.526073
29130565 1.526076
29094490 1.526088
29085166 1.526105
29055849 1.526109
29042239 1.526112
29039809 1.526115
29039442 1.526121
29031647 1.526140
29030039 1.526150
29021699 1.526155
29020989 1.526158
29019256 1.526164
29000383 1.526174
28997590 1.526193
28997083 1.526204
28989522 1.526209
28988004 1.526225
28982139 1.526228
28951432 1.526237
28947246 1.526241
28929038 1.526247
28919423 1.526250
28918276 1.526261
28907244 1.526267
28897521 1.526271
28896234 1.526274
28855166 1.526286
28845688 1.526298
28841022 1.526312
28832572 1.526318
28827834 1.526326
28824382 1.526329
28803752 1.526332
28783640 1.526336
28767184 1.526339
28750147 1.526344
28749028 1.526347
28745576 1.526353
28731513 1.526360
28725079 1.526364
28710599 1.526377
28678974 1.526388
28658819 1.526393
28657071 1.526396
28629670 1.526401
28601271 1.526406
28565278 1.526427
28534320 1.526433
28397879 1.526442
28373165 1.526452
28365500 1.526461
28364632 1.526465
28292090 1.526472
28263903 1.526496
28245775 1.526502
28245086 1.526511
28197355 1.526515
28174227 1.526518
28157369 1.526524
28153207 1.526533
28130522 1.526538
28125221 1.526541
28125183 1.526547
28085905 1.526560
28085554 1.526564
28083366 1.526568
28083029 1.526583
28070642 1.526587
28057304 1.526597
28046275 1.526613
28017502 1.526620
28007618 1.526627
28003448 1.526636
27996469 1.526644
27992566 1.526651
27991942 1.526655
27990853 1.526665
27988719 1.526680
27978385 1.526688
27967083 1.526693
27959224 1.526697
27831027 1.526702
27825882 1.526708
27806121 1.526719
27774837 1.526728
27758266 1.526732
27744904 1.526736
27731574 1.526740
27685840 1.526744
27669587 1.526747
27669368 1.526759
27662760 1.526773
27660627 1.526784
27648354 1.526808
27257151 1.526820
27257045 1.526825
27248488 1.526837
27236195 1.526841
27200610 1.526852
27199688 1.526856
27192493 1.526861
27173149 1.526871
27169774 1.526882
27163109 1.526888
27150120 1.526897
27135031 1.526911
27128180 1.526916
27126275 1.526922
27113539 1.526931
27113295 1.526949
27108950 1.526957
27094865 1.526961
26999378 1.526966
26997705 1.526969
26987091 1.527020
26978592 1.527028
26975141 1.527032
26974000 1.527035
26958870 1.527039
26957693 1.527073
26954280 1.527089
26951113 1.527093
26937825 1.527098
26931909 1.527106
26926740 1.527113
26922651 1.527118
26916839 1.527124
26915588 1.527136
26913005 1.527140
26905862 1.527174
26880454 1.527219
26872350 1.527235
26832253 1.527249
26801272 1.527254
26789859 1.527281
26769926 1.527287
26755843 1.527291
26725534 1.527295
26722251 1.527301
26719285 1.527304
26708128 1.527307
26683102 1.527322
26663908 1.527325
26635721 1.527333
26624442 1.527357
26621354 1.527362
26609745 1.527365
26599150 1.527373
26593090 1.527394
26570961 1.527397
26567450 1.527400
26560916 1.527407
26548112 1.527410
26546754 1.527445
26538094 1.527452
26531458 1.527457
26515707 1.527471
26505941 1.527479
26499616 1.527484
26493643 1.527487
26481400 1.527507
26467061 1.527512
26466195 1.527520
26464322 1.527562
26449797 1.527589
26432239 1.527598
26407340 1.527622
26381641 1.527638
26372276 1.527642
26365176 1.527645
26354507 1.527652
26352037 1.527656
26320519 1.527666
26318488 1.527676
26313785 1.527679
26299623 1.527682
26297246 1.527688
26282205 1.527698
26274212 1.527706
26271997 1.527730
26254825 1.527745
26212068 1.527752
26212002 1.527756
26205745 1.527785
26198836 1.527836
26198297 1.527840
26196313 1.527859
26188823 1.527864
26186153 1.527868
26155524 1.527876
26150653 1.527880
26148121 1.527907
26027976 1.527920
26004431 1.527926
25994593 1.527931
25991932 1.527959
25991355 1.527974
25989987 1.527988
25979387 1.527992
25961349 1.528002
25958950 1.528006
25958748 1.528085
25935444 1.528105
25934378 1.528115
25816244 1.528124
25807196 1.528133
25800735 1.528147
25751257 1.528162
25748542 1.528169
25745824 1.528179
25726492 1.528183
25709973 1.528186
25704829 1.528190
25704007 1.528195
25696895 1.528211
25696307 1.528285
25680646 1.528289
25676542 1.528293
25669750 1.528300
25668097 1.528304
25652060 1.528307
25647284 1.528311
25644445 1.528335
25644072 1.528369
25605393 1.528375
25600110 1.528383
25589869 1.528390
25582029 1.528394
25580680 1.528421
25577148 1.528425
25574436 1.528434
25567297 1.528440
25564957 1.528446
25563987 1.528454
25480465 1.528476
25477537 1.528497
25469795 1.528503
25448063 1.528518
25416844 1.528537
25401680 1.528544
25398772 1.528549
25372920 1.528552
25360411 1.528561
25353011 1.528572
25352016 1.528578
25346607 1.528582
25256830 1.528591
25253394 1.528603
25236157 1.528640
25234079 1.528645
25233956 1.528650
25229551 1.528660
25216982 1.528724
25214133 1.528728
25203789 1.528738
25196355 1.528756
25190995 1.528777
25183996 1.528800
25182886 1.528889
25181688 1.528911
25168093 1.529034
25165643 1.529053
25161652 1.529068
25151684 1.529081
25151025 1.529085
25148859 1.529090
25147204 1.529102
25145772 1.529128
25119343 1.529197
25116185 1.529237
25109678 1.529243
25098403 1.529247
25089622 1.529253
25086696 1.529261
25059364 1.529271
25057774 1.529285
25045204 1.529291
25042923 1.529328
25039377 1.529414
25031390 1.529425
25017713 1.529429
25017696 1.529445
25002131 1.529473
24996108 1.529498
24976171 1.529513
24975274 1.529526
24959041 1.529547
24955532 1.529559
24930869 1.529568
24928826 1.529572
24860666 1.529583
24860179 1.529593
24858060 1.529596
24851936 1.529610
24848787 1.529614
24846156 1.529619
24844274 1.529622
24840212 1.529637
24839203 1.529690
24837756 1.529695
24823575 1.529702
24812137 1.529706
24783220 1.529711
24783010 1.529715
24779244 1.529719
24777368 1.529723
24774621 1.529727
24732314 1.529731
24721254 1.529738
24717297 1.529752
24708094 1.529756
24704441 1.529773
24697205 1.529777
24687529 1.529787
24675848 1.529803
24672982 1.529808
24661218 1.529812
24654578 1.529816
24606685 1.529819
24598033 1.529850
24596784 1.529889
24585717 1.529995
24515061 1.530000
24291537 1.530039
24290191 1.530055
24278608 1.530061
24278033 1.530140
24258028 1.530145
24240087 1.530148
24238747 1.530154
24221375 1.530187
24217274 1.530192
24212382 1.530286
24192884 1.530294
24192433 1.530331
24181404 1.530348
24180867 1.530389
24178823 1.530393
24165089 1.530397
24161031 1.530410
24149749 1.530414
24141594 1.530441
24138144 1.530446
24131197 1.530452
24129537 1.530457
24128379 1.530989
24127223 1.531041
24125464 1.531054
24124434 1.531119
24118163 1.531142
24112837 1.531151
24109834 1.531154
24108320 1.531160
24102426 1.531177
24083588 1.531182
24072231 1.531195
24067902 1.531201
24064467 1.531212
24058044 1.531227
24053807 1.531233
23624976 1.531245
23622720 1.531250
23621118 1.531254
23619624 1.531370
23611510 1.531381
23605182 1.531406
23601519 1.531418
23596838 1.531422
23595195 1.531426
23594121 1.531431
23594012 1.531434
23577660 1.531459
23566790 1.531489
23559658 1.531505
23559419 1.531509
23559189 1.531545
23558240 1.531572
23550674 1.531788
23547216 1.531815
23545869 1.531834
23542248 1.531855
23531983 1.531859
23529676 1.531868
23529477 1.531873
23508448 1.531877
23506752 1.531946
23504961 1.531964
23499394 1.531968
23498663 1.531973
23495304 1.531984
23460808 1.532029
23457151 1.532038
23443846 1.532042
23440749 1.532046
23440134 1.532055
23432202 1.532134
23428521 1.532145
23417019 1.532395
23416781 1.532406
23413304 1.532410
23413017 1.532414
23396493 1.532418
23274766 1.532446
23264796 1.532452
23262870 1.532455
23259985 1.532497
23253236 1.532504
23242510 1.532509
23241898 1.532546
23239593 1.532563
23236411 1.532575
23236277 1.532590
23228099 1.532616
23226754 1.532643
23226679 1.532655
23225054 1.532659
23221961 1.532666
23220297 1.532669
23219106 1.532673
23218306 1.532678
23213298 1.532757
23204130 1.532761
23202552 1.532789
23199904 1.532849
23180785 1.532855
23180341 1.532861
23140063 1.532871
23128988 1.532875
23125438 1.532880
23111441 1.532904
23087292 1.532909
23078035 1.532916
23077182 1.533308
23064813 1.533542
23029333 1.533672
23028815 1.533678
23021397 1.533682
23020527 1.533701
23015300 1.533714
23003685 1.533761
22994765 1.533783
22991799 1.533796
22990255 1.533800
22976799 1.533813
22968861 1.533823
22958640 1.533826
22940001 1.533832
22939302 1.533835
22939229 1.533838
22920551 1.533845
22898934 1.533859
22882752 1.533866
22863532 1.533889
22764506 1.533893
22757226 1.533907
22746554 1.533914
22742232 1.534038
22741048 1.534046
22729970 1.534050
22717424 1.534074
22711339 1.534122
22505942 1.535088
22503886 1.535097
22502171 1.535106
22501907 1.535112
22493516 1.535136
22491214 1.535330
22491120 1.535349
22488500 1.535367
22487206 1.535378
22483366 1.535381
22477615 1.535384
22477550 1.535389
22476508 1.535419
22476135 1.535426
22458839 1.535455
22455859 1.535467
22444929 1.535493
22441794 1.535584
22437735 1.535606
22431403 1.535612
22427739 1.535893
22427187 1.535932
22425446 1.535938
22416722 1.535945
22329604 1.535952
22318916 1.536016
22318522 1.536025
22315430 1.536233
22309202 1.536338
22281935 1.536349
22275640 1.536374
22274131 1.536379
22269875 1.536387
22268962 1.536402
22260781 1.536891
22244898 1.536898
22239873 1.537062
22229110 1.537267
22226417 1.537279
22210546 1.537290
22193055 1.537301
22191630 1.537324
22189587 1.537351
22185287 1.537364
22180845 1.537394
22180668 1.537431
22179705 1.537437
22179401 1.537566
22178799 1.537618
22176206 1.537648
22174365 1.537683
22174161 1.537896
22169351 1.537912
22156227 1.537926
22154483 1.537934
22142622 1.538189
22142554 1.538196
22140925 1.538201
22139658 1.538205
22134506 1.538265
22131509 1.538507
22130392 1.538513
22122635 1.538530
22097679 1.538537
22097668 1.538548
22082068 1.538577
22080790 1.538613
22078666 1.538618
22069778 1.538621
22066476 1.538632
22056850 1.538724
21999013 1.538728
21985770 1.538736
21984295 1.538761
21980876 1.538766
21974197 1.538927
21969588 1.539000
21955866 1.539005
21954212 1.539028
21954113 1.539033
21953460 1.539054
21950677 1.539059
21949949 1.539080
21949887 1.539172
21942284 1.539413
21942170 1.539437
21937047 1.539441
21912046 1.539445
21911697 1.539454
21902188 1.539462
21901720 1.539628
21901318 1.539658
21893529 1.539916
21887994 1.539939
21884183 1.539957
21580190 1.540851
21569996 1.540857
21559263 1.540873
21558357 1.541013
21554433 1.541062
21553926 1.541067
21550762 1.541074
21545767 1.541078
21542672 1.541085
21526002 1.541114
21524065 1.541186
21516812 1.541467
21509450 1.541762
21504305 1.541922
21502537 1.541928
21497232 1.541937
20948188 1.541942
20945019 1.541951
20936819 1.541955
20928298 1.541978
20927507 1.542009
20914323 1.542013
20911446 1.542032
20908202 1.542043
20907871 1.542053
20906266 1.542349
20904636 1.542355
20903103 1.542367
20886419 1.542371
20885497 1.542374
20877732 1.542382
20875915 1.542469
20874541 1.542473
20874404 1.542478
20870576 1.542482
20862355 1.542527
20861277 1.542544
20856364 1.542548
20838229 1.542558
20834763 1.542589
20831674 1.542599
20820171 1.542612
20818697 1.542617
20817315 1.542636
20799023 1.542650
20775827 1.542659
20775303 1.543296
20770032 1.543326
20768589 1.543368
20767431 1.543414
20765306 1.543423
20757289 1.543474
20756961 1.543480
20754001 1.543491
20744356 1.543495
20744232 1.543543
20744184 1.545294
20737282 1.545305
20735393 1.545331
20730647 1.545377
20729443 1.545496
20728808 1.545501
20726214 1.545905
20725875 1.545910
20721617 1.546078
20714975 1.546104
20711578 1.548027
20705849 1.548033
20704912 1.548039
20704646 1.551526
20693613 1.555006
20692497 1.555011
20685367 1.555044
20681633 1.555050
20675560 1.555121
20674758 1.555141
20666547 1.555198
20651711 1.555203
20650310 1.555445
20649088 1.555487
20646680 1.555563
20645613 1.555629
20644598 1.555635
20640339 1.555639
20638488 1.555642
20637020 1.555649
20636110 1.555655
20627997 1.555677
20618187 1.555964
20608437 1.555968
20604121 1.556024
20601157 1.556076
20596597 1.556089
20596248 1.556094
20589641 1.556097
20579342 1.557575
20576943 1.557582
20576775 1.557598
20576502 1.557620
20575285 1.557625
20574775 1.557628
20561642 1.557632
20559645 1.557641
20557610 1.557669
20555236 1.557839
20554053 1.557843
20553749 1.557889
20553521 1.557898
20551804 1.557910
20551803 1.557917
20548253 1.557973
20460323 1.558496
20457583 1.558581
20456834 1.558635
20455906 1.558968
20454621 1.558974
20454409 1.559349
20429787 1.559357
20426780 1.559433
20426187 1.559442
20423508 1.559841
20420039 1.559860
20416915 1.559864
20411970 1.559952
20411473 1.560195
20410988 1.560209
20404867 1.560372
20404274 1.572841
20400169 1.573108
20398920 1.573147
20397427 1.573339
20392151 1.573371
20390246 1.573375
20389425 1.573561
20383908 1.573573
20381406 1.573578
20379591 1.573602
20379382 1.573656
20373894 1.573677
20370408 1.573758
20368544 1.573923
20343090 1.573929
20342505 1.573933
20335407 1.573995
20332873 1.574041
20332774 1.574047
20331976 1.574095
20326352 1.598865
20323975 1.598873
20323316 1.598886
20318667 1.598974
20317970 1.598979
20315032 1.599029
20314120 1.599717
20311702 1.600035
20311300 1.600073
20306604 1.600078
20303353 1.600088
20302712 1.600101
20302365 1.600108
20301247 1.600208
20301136 1.600212
20296227 1.600219
20289280 1.600223
20279238 1.600233
20278233 1.600283
20277721 1.600356
20271398 1.600449
20260707 1.601000
20241245 1.601010
20239799 1.601016
20237271 1.601050
20235908 1.618358
20233295 1.618393
20231409 1.618412
20230724 1.618423
20230437 1.618427
20218729 1.618920
20216850 1.619170
20215479 1.620118
20214961 1.620139
20213610 1.620281
20211225 1.631073
20210836 1.631078
20209623 1.649296
20207481 1.649561
20203363 1.652465
20200641 1.654698
20199674 1.655057
20198916 1.659262
20194262 1.667624
20191720 1.667664
20186342 1.668081
20184721 1.668448
20182315 1.668598
20181329 1.670355
20179713 1.670407
20176511 1.670902
20176273 1.682795
20175451 1.682801
20171229 1.683629
20168711 1.683667
20157167 1.683675
20151747 1.685162
20146463 1.685248
20139774 1.685278
20138837 1.687296
20138291 1.687738
20137237 1.687796
20132239 1.687813
20128645 1.691089
20127057 1.691718
20125999 1.691850
20125483 1.692020
20125111 1.692159
20124190 1.692753
20123594 1.692762
20123500 1.692767
20123281 1.693849
20110505 1.694336
20106621 1.694380
20106377 1.694402
20106130 1.694618
20104496 1.694720
20093991 1.694881
20070721 1.695579
20069116 1.695591
20068653 1.695758
20067328 1.695834
20066706 1.696066
20064279 1.711525
20063005 1.711577
20062571 1.732033
20061945 1.732072
20060382 1.733037
20049313 1.733044
20048801 1.733499
20048145 1.733510
20047894 1.734892
20045296 1.738280
20044658 1.738930
20043828 1.738950
20043705 1.740347
20042292 1.740429
20038621 1.740503
20037872 1.740519
20029252 1.740524
20029174 1.740548
20027753 1.740569
20023145 1.740574
20022483 1.740629
20019519 1.741435
20004173 1.741440
19999517 1.741447
19998810 1.741467
19997967 1.741488
19973369 1.741941
19971959 1.741946
19960236 1.741962
19959770 1.741966
19959002 1.754827
19958014 1.754983
19953857 1.755017
19951673 1.755092
19951002 1.755099
19950866 1.794795
19949785 1.794878
19949439 1.811768
19947795 1.822800
19943889 1.822825
19942524 1.822839
19941922 1.822843
19940826 1.846586
19940004 1.883108
19936953 1.883163
19936897 1.902419
19935476 1.903145
19934422 2.040935
19932023 2.042100
19931157 2.043415
19931094 2.043422
19930345 2.044917
19925082 2.050886
19920922 2.050942
19919098 2.051074
19912500 2.051093
19912291 2.051098
19908595 2.051103
19904466 2.051111
19901197 2.051116
19898569 2.051213
19894775 2.063383
19893993 2.065825
19893915 2.065905
19889842 2.067210
19889815 2.080901
19882789 2.125695
19882554 2.126335
19882498 2.149718
19882068 2.150315
19880819 2.151383
19880792 2.155531
19876746 2.196192
19875767 2.204778
19875693 2.240393
19875530 2.240664
19875511 2.240742
19875254 2.799584
19874728 3.080072
19872936 3.114093
19872701 3.137129
19872243 3.169084
19866612 5.260214
19866170 5.267037
19862325 5.277735
19862251 5.309168
19861889 5.309333
19856790 5.329663
19854958 5.339448
19852044 5.341054
19850778 5.383613
19848873 5.406143
19848217 6.357611
19846983 6.608557
19845671 6.608589
19844802 6.969439
19841415 6.969475
19841219 7.240792
19840668 7.723961
19840025 9.720177
19834502 9.720524
19834502 609.781590
