PROBLEM_FILE = /tmp/tsp/29637.tmp/example.tmp
38464784 1.627253
38458671 1.627280
38435501 1.627285
38430133 1.627289
38395603 1.627292
38392245 1.627316
38374003 1.627324
38354221 1.627328
38351825 1.627338
38336951 1.627346
38286274 1.627357
38217999 1.627364
38194458 1.627369
38193810 1.627374
38182702 1.627379
38137307 1.627385
38136052 1.627388
38134969 1.627393
38132690 1.627397
38128074 1.627405
38116692 1.627412
38116517 1.627415
38053056 1.627424
38046799 1.627431
38026620 1.627439
37994052 1.627444
37977209 1.627449
37956310 1.627453
37874833 1.627460
37841105 1.627474
37830782 1.627487
37805836 1.627497
37802971 1.627500
37798279 1.627504
37164710 1.627526
37145668 1.627530
37144235 1.627539
37110816 1.627545
37094587 1.627550
37092633 1.627558
37066123 1.627570
36995354 1.627584
36993573 1.627587
36985198 1.627597
36980984 1.627601
36913711 1.627607
36907694 1.627626
36894119 1.627630
36847210 1.627639
36809528 1.627645
36805841 1.627656
36763046 1.627663
36706863 1.627676
36685213 1.627680
36683768 1.627684
36682692 1.627687
36667642 1.627694
36628657 1.627706
36628057 1.627710
36619585 1.627717
36610693 1.627721
36570694 1.627733
36464533 1.627744
36454452 1.627763
36410575 1.627771
36402408 1.627780
36372221 1.627796
36358556 1.627811
36355356 1.627815
36344545 1.627828
36344139 1.627834
36343012 1.627839
36341909 1.627843
36319362 1.627855
36318021 1.627859
36302417 1.627865
36292461 1.627878
36255999 1.627884
36240844 1.627895
36234153 1.627899
36208163 1.627906
36199642 1.627920
36190712 1.627924
36168245 1.627943
36145188 1.627947
36144568 1.627951
36125415 1.627955
36124011 1.627959
36120902 1.627962
36118393 1.627970
36052724 1.627978
36046908 1.627982
36046647 1.627985
36045671 1.627997
36024023 1.628004
36023173 1.628008
35999725 1.628017
35997279 1.628020
35991028 1.628023
35987281 1.628032
35965959 1.628041
35941666 1.628053
35915629 1.628058
35902452 1.628077
35901933 1.628087
35895551 1.628092
35884477 1.628105
35879550 1.628109
35877552 1.628130
35838863 1.628134
35825543 1.628148
35819744 1.628162
35818554 1.628175
35804899 1.628185
35803311 1.628189
35794602 1.628195
35781915 1.628202
35754667 1.628216
35749555 1.628219
35748952 1.628223
35730924 1.628226
35713623 1.628232
35708192 1.628239
35692471 1.628242
35667048 1.628248
35664033 1.628255
35659930 1.628259
35658699 1.628263
35649321 1.628271
35645955 1.628279
35612747 1.628287
35603148 1.628301
35598163 1.628305
35597378 1.628317
35588446 1.628326
35521838 1.628329
35468569 1.628334
35464863 1.628337
35457512 1.628340
35448141 1.628344
35446954 1.628348
35429269 1.628362
35423121 1.628366
35417401 1.628378
35409202 1.628381
35405364 1.628385
35390245 1.628391
35379206 1.628399
35367933 1.628409
35367347 1.628412
35360738 1.628417
35360680 1.628420
35346239 1.628428
35294171 1.628433
35248212 1.628438
35238532 1.628442
35229427 1.628448
35217734 1.628453
35214601 1.628456
35213382 1.628460
35210078 1.628472
35159749 1.628479
35159531 1.628485
35153071 1.628497
35146851 1.628501
35139133 1.628504
35136143 1.628507
35127912 1.628511
35125395 1.628517
35121737 1.628523
35121621 1.628526
35119877 1.628529
35104076 1.628545
35101408 1.628555
35086895 1.628559
35026431 1.628572
35021735 1.628577
35016716 1.628585
35001664 1.628596
34997724 1.628602
34858319 1.628614
34857814 1.628634
34855449 1.628638
34753383 1.628645
34723228 1.628651
34677891 1.628668
34623573 1.628673
34615268 1.628693
34611150 1.628697
34604357 1.628701
34594769 1.628704
34592521 1.628716
34484558 1.628720
34475683 1.628730
34474680 1.628739
34474029 1.628745
34473253 1.628749
34452128 1.628752
34436510 1.628758
34434397 1.628763
34415149 1.628769
34403169 1.628780
34347088 1.628789
34323596 1.628793
34296895 1.628804
34190980 1.628816
34189599 1.628820
34184655 1.628824
34159836 1.628836
34157779 1.628844
34138754 1.628850
34122030 1.628855
34116320 1.628870
34106279 1.628876
34098290 1.628885
34072364 1.628891
34056758 1.628894
33987707 1.628904
33914669 1.628911
33910536 1.628921
33903144 1.628924
33876312 1.628935
33868563 1.628944
33857950 1.628957
33830258 1.628962
33783048 1.628970
33763677 1.628983
33760686 1.628987
33756087 1.628997
33730984 1.629002
33623493 1.629018
33603255 1.629022
33597200 1.629025
33591279 1.629031
33583581 1.629041
33582725 1.629047
33581855 1.629050
33528339 1.629057
33498340 1.629088
33489211 1.629091
33463451 1.629097
33432886 1.629107
33415197 1.629114
33414102 1.629121
33402138 1.629125
33397378 1.629147
33379036 1.629151
33356244 1.629159
33351476 1.629177
33348510 1.629187
33343941 1.629191
33341167 1.629205
33315906 1.629229
33295084 1.629234
33263821 1.629250
33255565 1.629254
33232037 1.629259
33221822 1.629277
33220676 1.629282
33200062 1.629290
33178792 1.629294
33168870 1.629304
33166295 1.629310
33127742 1.629323
33119766 1.629327
33106026 1.629339
33096911 1.629343
33055642 1.629347
33055031 1.629350
33040609 1.629359
33027954 1.629364
32989754 1.629369
32971907 1.629380
32920363 1.629386
32918599 1.629389
32889930 1.629398
32856098 1.629410
32853915 1.629414
32849223 1.629417
32840350 1.629421
32839735 1.629424
32815236 1.629431
32759212 1.629439
32734807 1.629449
32728488 1.629454
32110018 1.629477
32089022 1.629481
32088988 1.629489
32082128 1.629493
32073752 1.629497
32054326 1.629502
32043360 1.629514
32034998 1.629528
32009132 1.629536
32008954 1.629540
31948983 1.629547
31920314 1.629551
31891635 1.629564
31891602 1.629572
31882709 1.629577
31871186 1.629583
31856925 1.629587
31851494 1.629593
31835041 1.629604
31834887 1.629611
31824605 1.629617
31823871 1.629631
31799617 1.629655
31795944 1.629660
31790163 1.629665
31777885 1.629683
31773309 1.629691
31769610 1.629695
31754581 1.629704
31747056 1.629713
31741244 1.629727
31718360 1.629740
31715106 1.629749
31695623 1.629763
31660703 1.629767
31644619 1.629771
31623127 1.629778
31466698 1.629791
31456589 1.629799
31454492 1.629810
31445293 1.629814
31434805 1.629817
31259682 1.629827
31254368 1.629833
31253218 1.629840
31167983 1.629844
31146835 1.629854
31124831 1.629864
31035756 1.629869
31031099 1.629873
30924412 1.629877
30913795 1.629884
30870862 1.629892
30843306 1.629899
30833461 1.629903
30831990 1.629908
30828401 1.629911
30795383 1.629914
30782431 1.629918
30773233 1.629921
30768691 1.629926
30743405 1.629930
30730564 1.629937
30723849 1.629942
30721702 1.629946
30712711 1.629963
30703728 1.629967
30701954 1.629987
30676992 1.629999
30661117 1.630002
30653384 1.630007
30636711 1.630011
30634025 1.630016
30630180 1.630021
30624261 1.630024
30616696 1.630037
30599278 1.630041
30589919 1.630049
30564194 1.630055
30556846 1.630058
30540971 1.630062
30531005 1.630065
30501310 1.630073
30481070 1.630081
30465291 1.630085
30434266 1.630089
30426412 1.630093
30415353 1.630096
30398760 1.630104
30391054 1.630108
30352492 1.630111
30339491 1.630114
30321393 1.630122
30312121 1.630135
30263785 1.630141
30230914 1.630169
30157822 1.630175
30148945 1.630188
30076946 1.630194
30076076 1.630200
30066928 1.630203
30037474 1.630208
30008529 1.630220
29990622 1.630224
29990528 1.630232
29979065 1.630238
29919941 1.630255
29914344 1.630259
29904784 1.630262
29902532 1.630265
29899246 1.630275
29893752 1.630286
29890488 1.630290
29889779 1.630294
29882201 1.630298
29846872 1.630304
29842982 1.630307
29833339 1.630313
29828583 1.630317
29824817 1.630323
29816530 1.630328
29526013 1.630338
29520519 1.630368
29518560 1.630372
29505019 1.630385
28953993 1.630402
28927817 1.630408
28905147 1.630412
28838679 1.630417
28824295 1.630420
28816145 1.630430
28815319 1.630434
28742591 1.630444
28742368 1.630448
28740209 1.630453
28726364 1.630457
28698265 1.630460
28665930 1.630464
28656189 1.630468
28636799 1.630475
28615034 1.630484
28582682 1.630510
28556856 1.630514
28556765 1.630546
28552648 1.630551
28547996 1.630559
28535522 1.630575
28507681 1.630584
28503008 1.630588
28472569 1.630592
28445932 1.630597
28433529 1.630613
28433448 1.630617
28424631 1.630620
28402529 1.630629
28394515 1.630634
28392763 1.630643
28288943 1.630654
28245184 1.630663
28154406 1.630673
28149055 1.630682
28143241 1.630686
28141887 1.630694
28140103 1.630698
28129425 1.630701
28128987 1.630705
28094738 1.630715
28078028 1.630726
28075774 1.630754
28052460 1.630758
28041109 1.630765
28019042 1.630770
28017993 1.630776
27997661 1.630780
27994101 1.630784
27992238 1.630791
27987665 1.630795
27976569 1.630802
27974221 1.630808
27966007 1.630816
27948562 1.630820
27920614 1.630848
27910374 1.630862
27849187 1.630875
27842909 1.630881
27840290 1.630886
27839362 1.630889
27819037 1.630892
27806906 1.630897
27804036 1.630909
27791067 1.630916
27787648 1.630921
27778963 1.630936
27773442 1.630945
27768117 1.630949
27756534 1.630952
27745453 1.630964
27743954 1.630968
27742768 1.630974
27730541 1.630989
27691648 1.630995
27686548 1.630999
27680724 1.631003
27676165 1.631006
27672235 1.631009
27663474 1.631029
27633036 1.631044
27632374 1.631183
27591421 1.631187
27588406 1.631191
27483367 1.631204
27480471 1.631221
27478004 1.631227
27442867 1.631233
27410571 1.631246
27404231 1.631249
27399420 1.631252
27367155 1.631256
27364392 1.631260
27349700 1.631266
27304240 1.631272
27294330 1.631277
27277599 1.631283
27275011 1.631286
27267436 1.631290
27249608 1.631294
27244863 1.631312
27235081 1.631318
27228319 1.631323
27211920 1.631331
27208974 1.631345
27208601 1.631349
27201099 1.631357
27200908 1.631362
27200510 1.631366
27180114 1.631384
27167547 1.631389
27166196 1.631393
27131374 1.631397
27107321 1.631402
27103488 1.631413
27098911 1.631416
27018764 1.631423
27018568 1.631427
27010710 1.631439
27008552 1.631445
26999640 1.631451
26999202 1.631456
26996996 1.631465
26992913 1.631470
26991007 1.631478
26833990 1.631493
26826141 1.631503
26825011 1.631510
26824583 1.631517
26801207 1.631525
26787349 1.631529
26786459 1.631534
26781135 1.631539
26764296 1.631549
26734872 1.631562
26734392 1.631568
26730321 1.631574
26712226 1.631578
26711512 1.631582
26682412 1.631585
26655088 1.631598
26640719 1.631609
26640455 1.631627
26636113 1.631631
26626987 1.631635
26623794 1.631640
26614873 1.631644
26609278 1.631648
26608678 1.631651
26598980 1.631662
26597360 1.631670
26589667 1.631711
26585064 1.631715
26582836 1.631719
26579281 1.631734
26570560 1.631739
26569655 1.631742
26558744 1.631776
26558566 1.631780
26556237 1.631789
26553361 1.631793
26540859 1.631798
26536993 1.631835
26511108 1.631844
26506156 1.631847
26503762 1.631851
26495873 1.631856
26493318 1.631860
26461055 1.631869
26384729 1.631886
26324452 1.631894
26323304 1.631898
26321561 1.631913
26305807 1.631917
26288538 1.631920
26273645 1.631927
26259995 1.631937
26253163 1.631956
26239867 1.631973
26230898 1.631983
26221088 1.631988
26188329 1.631992
26159507 1.632000
26143090 1.632004
26133477 1.632009
26124109 1.632016
26111334 1.632021
26110125 1.632024
26095549 1.632033
26082237 1.632045
26082167 1.632049
26074535 1.632058
26053226 1.632063
26043502 1.632074
26014025 1.632081
25988534 1.632093
25977002 1.632097
25972187 1.632157
25971709 1.632165
25968313 1.632169
25958745 1.632245
25938793 1.632251
25933408 1.632260
25933216 1.632264
25919184 1.632277
25918109 1.632281
25908128 1.632284
25886914 1.632341
25831720 1.632346
25831004 1.632354
25794750 1.632365
25791181 1.632374
25786282 1.632377
25782859 1.632382
25769040 1.632389
25768178 1.632392
25762624 1.632403
25761552 1.632436
25757161 1.632488
25554064 1.632497
25518833 1.632502
25516182 1.632510
25495315 1.632514
25492277 1.632519
25465909 1.632528
25460792 1.632555
25427498 1.632574
25280152 1.632583
25269532 1.632587
25253689 1.632592
25249160 1.632612
25230042 1.632617
25223155 1.632623
25206139 1.632629
25198220 1.632633
25192007 1.632636
25187935 1.632648
25162825 1.632668
25093858 1.632680
25093571 1.632692
25087871 1.632696
25081971 1.632699
25079300 1.632703
25071565 1.632708
25067652 1.632729
25039140 1.632736
25038822 1.632739
24998024 1.632751
24997167 1.632792
24983484 1.632808
24977590 1.632814
24976007 1.632817
24973915 1.632821
24880595 1.632825
24865070 1.632828
24853513 1.632831
24850265 1.632844
24848187 1.632870
24783820 1.632877
24773793 1.632881
24744439 1.632905
24743160 1.632919
24736530 1.632975
24734456 1.632983
24724174 1.632987
24716073 1.632991
24682869 1.632996
24674029 1.633000
24672350 1.633039
24661410 1.633045
24654941 1.633053
24654487 1.633062
24653098 1.633066
24649667 1.633076
24573144 1.633089
24568793 1.633095
24560350 1.633150
24537035 1.633164
24530633 1.633174
24528386 1.633189
24509162 1.633192
24489785 1.633197
24482253 1.633201
24469336 1.633208
24460467 1.633212
24426305 1.633216
24412706 1.633227
24351595 1.633231
24345740 1.633234
24321587 1.633247
24305460 1.633259
24262307 1.633270
24260321 1.633274
24256446 1.633277
24253099 1.633294
24247361 1.633310
24247089 1.633318
24238641 1.633323
24238255 1.633378
24234046 1.633382
24224586 1.633389
24221550 1.633398
24207478 1.633401
24194984 1.633413
24147055 1.633426
24130252 1.633440
24104166 1.633445
24099557 1.633453
24088710 1.633457
24086936 1.633467
24086445 1.633476
24001911 1.633491
23978852 1.633497
23969316 1.633500
23965719 1.633504
23945656 1.633509
23932957 1.633518
23923942 1.633529
23914757 1.633533
23914061 1.633545
23902720 1.633565
23897334 1.633635
23875770 1.633645
23874081 1.633652
23872794 1.633658
23867336 1.633665
23824135 1.633693
23819672 1.633700
23813653 1.633705
23786516 1.633720
23770217 1.633728
23741558 1.633735
23735160 1.633739
23733777 1.633772
23731222 1.633780
23730788 1.633810
23718101 1.633922
23715479 1.633931
23679735 1.633957
23677832 1.633978
23664553 1.633985
23663655 1.633989
23655240 1.633993
23654127 1.633996
23603769 1.634005
23579816 1.634019
23548676 1.634039
23532687 1.634046
23525676 1.634051
23513475 1.634055
23511380 1.634067
23483356 1.634074
23472942 1.634081
23439060 1.634091
23413662 1.634102
23373140 1.634115
23372633 1.634137
23369200 1.634155
23349132 1.634160
23339106 1.634177
23328030 1.634215
23326689 1.634219
23286558 1.634229
23284067 1.634274
23282643 1.634279
23268543 1.634287
23266069 1.634301
23251435 1.634309
23251349 1.634314
23243337 1.634318
23240416 1.634324
23203230 1.634333
23186716 1.634339
23185161 1.634363
23178846 1.634370
23174922 1.634373
23169499 1.634380
23168175 1.634392
23162455 1.634405
23162088 1.634410
23159864 1.634417
23158247 1.634449
23154116 1.634455
23148421 1.634458
23147832 1.634462
23140513 1.634516
23137299 1.634542
23128845 1.634570
23126770 1.634576
23124826 1.634579
23122056 1.634591
23114179 1.634595
23111024 1.634600
23110452 1.634605
23108390 1.634611
23098049 1.634615
23067348 1.634926
23066899 1.634931
23059147 1.634936
23055433 1.634949
23049091 1.634952
23043768 1.634956
23034686 1.634959
23032082 1.634983
23030594 1.634993
22990004 1.634998
22982916 1.635068
22967929 1.635074
22965780 1.635079
22959954 1.635085
22956775 1.635099
22956404 1.635128
22955573 1.635133
22949990 1.635143
22931573 1.635156
22890183 1.635163
22862666 1.635191
22859259 1.635231
22857154 1.635242
22856872 1.635270
22814329 1.635280
22814127 1.635302
22785837 1.635306
22775599 1.635322
22770575 1.635326
22766198 1.635339
22762692 1.635429
22751397 1.635434
22726106 1.635446
22724255 1.635458
22722297 1.635462
22719740 1.635470
22712949 1.635478
22711962 1.635482
22703353 1.635579
22702174 1.635585
22698147 1.635596
22696612 1.635768
22688873 1.635778
22687298 1.635782
22683860 1.635790
22680296 1.635793
22677746 1.635801
22671855 1.635804
22670788 1.635859
22668856 1.635864
22568491 1.635872
22559791 1.635877
22558980 1.635949
22550653 1.635979
22543655 1.635985
22538735 1.636024
22537901 1.636030
22537791 1.636129
22536577 1.636139
22534247 1.636145
22493546 1.636273
22484662 1.636300
22481623 1.636311
22468350 1.636318
22467094 1.636331
22466475 1.636339
22462721 1.636423
22457677 1.636546
22456644 1.636551
22452672 1.636554
22437452 1.636770
22432916 1.636777
22423370 1.636904
22398703 1.637054
22387135 1.637066
22384850 1.637079
22381740 1.637084
22377954 1.637102
22377637 1.637106
22366908 1.637129
22363517 1.637137
22350250 1.637140
22347979 1.637144
22347657 1.637148
22343912 1.637154
22333957 1.637169
22330044 1.637174
22285649 1.637182
22261498 1.637195
22243689 1.637213
22242258 1.637226
22241905 1.637349
22232099 1.637355
22219420 1.637366
22212566 1.637374
22188797 1.637378
22182067 1.637388
22170551 1.637393
22166273 1.637396
22165125 1.637404
22163552 1.637418
22160763 1.637423
22113058 1.637431
22097986 1.637438
22093941 1.637462
22090992 1.637470
22077840 1.637475
22077437 1.637480
22077196 1.637491
22063517 1.637498
22062479 1.637501
22042245 1.637505
22012929 1.637509
22006432 1.637513
22004497 1.637518
21960077 1.637522
21958678 1.637534
21949621 1.637560
21943290 1.637611
21939125 1.637759
21937951 1.637768
21930072 1.637776
21926138 1.637780
21925704 1.637785
21924570 1.637789
21904996 1.637794
21903928 1.637842
21902794 1.637848
21899262 1.637868
21897012 1.637872
21891506 1.637941
21887829 1.637966
21879550 1.637969
21878602 1.637974
21877327 1.638017
21868659 1.638031
21866155 1.638041
21858907 1.638079
21858121 1.638085
21857110 1.638089
21855479 1.638097
21855446 1.638100
21840699 1.638156
21835110 1.638160
21834592 1.638167
21832095 1.638176
21829201 1.638179
21828941 1.638263
21825409 1.638268
21820892 1.638278
21817634 1.638285
21816138 1.638320
21806475 1.638369
21800706 1.638385
21795185 1.638400
21778296 1.638407
21766651 1.638440
21760968 1.638455
21754900 1.638474
21752275 1.638479
21747477 1.638495
21742263 1.638519
21739898 1.638526
21725428 1.638573
21725063 1.638601
21720013 1.638624
21717605 1.638631
21712192 1.638635
21710229 1.638659
21701578 1.638666
21694166 1.638678
21692852 1.638685
21688617 1.638695
21686837 1.638882
21682675 1.638928
21681806 1.638938
21638282 1.638953
21630839 1.638956
21629472 1.638963
21617144 1.639240
21608679 1.639246
21603221 1.639288
21591483 1.639297
21591369 1.639336
21582094 1.639340
21580734 1.639349
21579328 1.639370
21576689 1.639402
21573781 1.640420
21567622 1.640438
21563813 1.640486
21558753 1.640491
21552495 1.640498
21551221 1.640545
21548476 1.640592
21543775 1.640597
21542283 1.640605
21538525 1.640610
21537711 1.640613
21535731 1.640617
21534768 1.640620
21151456 1.640949
21148866 1.640962
21148263 1.640983
21145321 1.641030
21144372 1.641038
21142520 1.641051
21139005 1.641097
21137955 1.641101
21136397 1.641194
21134553 1.641200
21121960 1.641299
21113270 1.641303
21108673 1.641311
21104998 1.641328
21103327 1.641512
21102675 1.641524
21096252 1.641534
21092350 1.641587
21090905 1.641603
21090515 1.641612
21083620 1.641615
21070974 1.641618
21054286 1.641642
21040739 1.641647
21035799 1.641743
21031289 1.641755
21025767 1.641763
21025492 1.641782
21022411 1.641836
21019165 1.641847
21017940 1.641911
21015667 1.641916
21008843 1.641920
21006966 1.642078
20980727 1.642087
20978499 1.642095
20976661 1.642148
20972768 1.642164
20967714 1.642181
20962275 1.642278
20960066 1.642325
20958413 1.642329
20958324 1.642334
20955640 1.642376
20953517 1.642574
20947681 1.643025
20946212 1.643105
20941024 1.643110
20937828 1.643115
20928945 1.643159
20926556 1.643207
20921588 1.643211
20919340 1.643215
20916335 1.643412
20911639 1.643447
20901025 1.643524
20899062 1.643530
20884535 1.643534
20883840 1.643545
20883464 1.643568
20882915 1.643623
20878029 1.643641
20868677 1.643662
20861794 1.643666
20860233 1.643670
20857069 1.643680
20856965 1.643687
20855078 1.643695
20848607 1.643702
20844469 1.643736
20844319 1.643741
20843869 1.643744
20809982 1.643774
20808813 1.643778
20785460 1.643782
20784197 1.643789
20779124 1.643792
20740395 1.643812
20737722 1.643820
20731035 1.643832
20720016 1.643838
20718666 1.643844
20690236 1.643848
20674852 1.643854
20664425 1.644140
20661605 1.644145
20660818 1.644151
20660564 1.644154
20656516 1.644164
20652258 1.644185
20652205 1.644190
20642723 1.644199
20641650 1.644212
20636803 1.644216
20634414 1.644225
20630096 1.644229
20624624 1.644233
20623447 1.644242
20621299 1.644257
20621127 1.644261
20617948 1.644275
20617651 1.644282
20614141 1.644659
20610947 1.644724
20606148 1.644746
20605822 1.644752
20605300 1.644769
20591414 1.644780
20587917 1.644833
20579081 1.644856
20578986 1.644861
20527118 1.644889
20517984 1.645136
20517542 1.645173
20514511 1.645356
20512739 1.645365
20509665 1.645380
20509188 1.646568
20508974 1.646574
20508477 1.646595
20506388 1.647378
20506130 1.647387
20503701 1.647392
20503450 1.647405
20491178 1.647567
20488424 1.648117
20462630 1.648231
20454504 1.648237
20451598 1.648277
20449295 1.648514
20446728 1.648528
20445151 1.648583
20441927 1.648810
20441302 1.649962
20440625 1.651114
20440181 1.651426
20440078 1.651787
20437543 1.651827
20434769 1.652009
20430253 1.652367
20406081 1.652377
20404691 1.652381
20402018 1.652389
20398246 1.652417
20397759 1.652441
20390551 1.652573
20388759 1.652582
20373591 1.652615
20370012 1.653553
20369447 1.653573
20336941 1.653578
20333715 1.653581
20332719 1.653584
20328226 1.653616
20326294 1.653714
20326285 1.653732
20322930 1.654099
20314554 1.654115
20305591 1.654121
20300531 1.654124
20297585 1.654131
20297351 1.654136
20288870 1.654143
20286977 1.654147
20284392 1.654151
20283292 1.654163
20281894 1.654168
20281669 1.654184
20279199 1.654189
20278359 1.654217
20278278 1.654221
20273059 1.654307
20265743 1.654312
20234148 1.654350
20228144 1.654390
20223246 1.654529
20209155 1.654537
20207270 1.654545
20207240 1.655605
20206387 1.655625
20198046 1.655629
20197338 1.655635
20188325 1.655649
20187377 1.655677
20180960 1.655721
20178439 1.655771
20175680 1.655780
20170530 1.655787
20170038 1.655794
20169989 1.655801
20168597 1.655805
20166158 1.655927
20162863 1.655985
20154755 1.656006
20153100 1.656165
20152276 1.656373
20151586 1.656381
20149122 1.656390
20149089 1.656394
20148332 1.656759
20146723 1.656783
20131110 1.656813
20130008 1.656820
20122439 1.657055
20121301 1.657211
20115332 1.657376
20115236 1.657381
20115108 1.657387
20106099 1.657449
20102028 1.657470
20101329 1.657498
20097699 1.657519
20097327 1.657639
20097036 1.657790
20093923 1.657795
20087981 1.658008
20084847 1.658037
20071177 1.658050
20054489 1.658209
20049733 1.658284
20049666 1.658304
20039653 1.658322
20039002 1.658506
20036901 1.658520
20013973 1.658534
19994989 1.658543
19994255 1.658547
19994217 1.658576
19994184 1.658715
19961146 1.660225
19959152 1.660278
19958475 1.660290
19957845 1.660366
19952785 1.660372
19949550 1.660377
19948899 1.660436
19944829 1.660623
19935629 1.662076
19928355 1.662086
19927634 1.662104
19919781 1.662133
19910889 1.662151
19906030 1.662448
19903600 1.662478
19899941 1.662493
19891639 1.662497
19891080 1.662538
19882688 1.662571
19881035 1.662656
19877645 1.702667
19840127 1.763416
19835084 1.763435
19826699 1.763442
19825169 1.763750
19822163 1.763762
19821089 1.763970
19820020 1.764032
19817080 1.764170
19814376 1.764244
19813010 1.767819
19809839 1.768216
19805144 1.768414
19803629 1.768473
19792619 1.768492
19782819 1.768501
19782552 1.768547
19781923 1.768662
19781415 1.768669
19779068 1.768730
19775720 1.768735
19774946 1.768749
19774899 1.768753
19772212 1.768756
19769523 1.768763
19768261 1.768793
19766293 1.768819
19765894 1.769137
19761038 1.769162
19760923 1.769174
19760274 1.769178
19748351 1.769224
19745406 1.769874
19744582 1.769999
19743874 1.770017
19742929 1.770022
19742381 1.770027
19740673 1.770058
19735558 1.770114
19732821 1.770120
19726147 1.770137
19725857 1.770144
19723621 1.770223
19723302 1.770243
19722876 1.770392
19718019 1.770435
19717765 1.770439
19717732 1.770456
19710820 1.770464
19710213 1.770991
19710090 1.771161
19709096 1.771165
19705356 1.771171
19705172 1.771191
19701448 1.771275
19695646 1.771392
19692638 1.771410
19691926 1.771414
19689994 1.771454
19689223 1.771518
19683908 1.771834
19682020 1.771894
19680495 1.772014
19680019 1.772074
19679537 1.772087
19676804 1.772135
19676764 1.772192
19665822 1.775112
19665510 1.775218
19665315 1.778926
19664925 1.784194
19664602 1.784210
19663103 1.784738
19661180 1.784744
19656467 1.784751
19656451 1.784925
19651835 1.785166
19649811 1.791003
19640062 1.793993
19605851 1.794110
19602165 1.794258
19598930 1.798887
19590985 1.798916
19588112 1.798921
19573223 1.799381
19572926 1.799421
19567990 1.799440
19553309 1.834798
19552042 1.834819
19532760 1.834828
19532410 1.834894
19532384 1.834898
19531998 1.836208
19529010 1.836236
19528818 1.836264
19527936 1.836319
19527525 1.836325
19525055 1.836584
19523498 1.836591
19519007 1.836607
19518701 1.836809
19509059 1.836966
19508053 1.837157
19507562 1.839376
19505463 1.839446
19502884 1.839450
19498218 1.839545
19496952 1.839639
19496558 1.839817
19495060 1.839833
19494191 1.840641
19492811 1.841005
19492727 1.841084
19487116 1.841089
19486796 1.841096
19484005 1.841104
19483854 1.841111
19483653 1.841117
19452409 1.841121
19451780 1.841124
19444112 1.841135
19441509 1.841149
19440775 1.841154
19440321 1.845304
19436726 1.845791
19434816 1.845819
19434218 1.848926
19414632 1.849418
19412276 1.850993
19408862 1.851238
19407052 1.851448
19405426 1.851458
19393730 1.854836
19391736 1.854843
19389053 1.855246
19388796 1.855790
19374420 1.856641
19370396 1.856646
19367588 1.856752
19362528 1.856758
19360304 1.856779
19358290 1.948521
19351577 1.948846
19350315 1.948851
19337590 1.948857
19337266 1.949284
19334424 1.949291
19333369 1.949678
19330384 1.949793
19328710 1.949811
19328337 1.949941
19326338 1.950403
19324776 2.416665
19320833 2.419546
19316362 2.419588
19314768 2.500690
19314462 2.500762
19313520 2.500771
19313153 2.500803
19311484 2.500877
19310865 2.500992
19310600 2.501004
19310415 2.595544
19309443 2.596246
19309112 3.088249
19301943 3.088259
19298192 3.088279
19290797 3.088285
19290475 3.091653
19284792 3.102822
19283777 3.104099
19281474 3.104822
19277164 3.186219
19276862 3.186338
19267496 3.186345
19258592 3.186350
19258067 3.186395
19254948 3.186402
19247822 3.186493
19246409 3.187553
19246018 3.188685
19245755 3.188724
19245124 3.188988
19244881 3.189069
19243500 3.195412
19241958 3.196697
19241525 7.674493
19240958 7.678749
19239637 7.678764
19239441 7.678906
19237573 7.685640
19237503 7.686007
19231717 7.903606
19228726 8.231498
19228223 8.231528
19220004 8.231532
19219148 8.656515
19217768 8.656529
19217292 9.224028
19216241 9.224174
19214377 9.224458
19214223 9.224478
19213250 9.224490
19212617 9.224496
19212091 9.224519
19211100 9.225013
19209941 9.225024
19207561 9.225106
19199655 9.225116
19199393 9.226049
19198611 9.226239
19197588 9.226703
19188215 9.226974
19187950 9.227088
19185150 9.970216
19182806 9.972648
19182418 9.978105
19177288 9.981318
19175498 9.981673
19174774 9.981713
19174066 9.981891
19173015 9.981924
19171888 9.981956
19171255 9.983786
19170729 9.983810
19170053 9.989164
19169617 9.989194
19168979 9.989474
19166983 35.586931
19164639 35.586945
19163603 35.592075
19163532 37.106949
19155832 108.018163
19155327 108.018306
19147456 108.112094
19145838 108.114811
19145620 108.114866
19143472 108.562612
19142424 108.562719
19141561 108.563237
19141307 110.402899
19140311 117.060559
19139497 117.063086
19139442 117.063244
19138469 117.064033
19138207 117.072090
19138152 117.072380
19137968 117.073210
19136448 120.990808
19135848 121.005713
19134757 125.523272
19134231 125.523286
19132800 129.137527
19131534 129.137543
19131141 129.895090
19131141 730.147170
