10981 0.007919
9434 0.017014
9413 0.018104
9409 0.019337
9408 0.019527
9401 0.019857
9399 0.020028
9397 0.021923
9392 0.022671
9390 0.023461
9388 0.023653
9384 0.023827
9381 0.024323
9372 0.025129
9368 0.026485
9361 0.029652
9360 0.030005
9358 0.030210
9357 0.030564
9335 0.031482
9329 0.031662
9328 0.032703
9325 0.033485
9317 0.036098
9315 0.036467
9314 0.037805
9313 0.038509
9312 0.038771
9303 0.039831
9301 0.040533
9300 0.041168
9298 0.042342
9296 0.042574
9289 0.044865
9287 0.045318
9284 0.045720
9283 0.049097
9280 0.049643
9279 0.049859
9276 0.051412
9275 0.051598
9272 0.052453
9271 0.057901
9270 0.059544
9269 0.059684
9259 0.064622
9258 0.065489
9256 0.066039
9253 0.066189
9251 0.068601
9246 0.070948
9245 0.073883
9244 0.077389
9243 0.078735
9242 0.079068
9240 0.079499
9239 0.081205
9238 0.081665
9237 0.083845
9236 0.085870
9234 0.087677
9226 0.092375
9223 0.096724
9222 0.097317
9221 0.100118
9219 0.101505
9218 0.102782
9216 0.104216
9215 0.107776
9214 0.111496
9213 0.119252
9212 0.119536
9211 0.126759
9210 0.129605
9205 0.132356
9204 0.132673
9195 0.138483
9194 0.143759
9193 0.146348
9190 0.149455
9187 0.150266
9169 0.150578
9168 0.157274
9167 0.160261
9165 0.168515
9164 0.194994
9161 0.201099
9160 0.207133
9157 0.240070
9155 0.240926
9153 0.244226
9152 0.304552
9151 0.323919
9150 0.387592
9149 0.400572
9148 0.425132
9147 0.436943
9146 0.458626
9145 0.489743
9144 0.501054
9143 0.779132
9142 0.889298
9141 2.358312
9139 2.361255
9138 2.380925
9134 2.387690
9133 27.787084
9131 42.146355
9130 86.245774
9128 150.872144
9127 150.873818
9126 150.884280
9125 150.951578
