108551502 0.056114
95915059 0.163023
95904382 0.163629
95890282 0.164479
95887141 0.165095
95881377 0.166479
95869527 0.168173
95848314 0.169295
95843398 0.170580
95821669 0.173612
95813696 0.175706
95808486 0.177199
95803059 0.178216
95801596 0.178829
95792862 0.180561
95786458 0.181756
95774663 0.182037
95769854 0.182594
95768840 0.183013
95759133 0.183786
95756885 0.184126
95753223 0.185177
95741074 0.185800
95740180 0.186304
95714180 0.187219
95714030 0.187443
95706226 0.188142
95698726 0.192458
95698282 0.193108
95691259 0.194022
95686970 0.195258
95673171 0.196439
95669357 0.196730
95660989 0.202704
95660532 0.203012
95656327 0.203510
95653643 0.203758
95653266 0.204259
95642020 0.204865
95623741 0.206201
95618983 0.208674
95615713 0.209281
95597956 0.211612
95589508 0.213110
95584367 0.214086
95575991 0.214678
95573775 0.216109
95563932 0.216837
95560779 0.218292
95535295 0.219109
95533817 0.233400
95524313 0.235581
95488976 0.237369
95488283 0.240461
95485404 0.241309
95476225 0.242273
95475287 0.245501
95457532 0.246234
95456068 0.246596
95454288 0.248615
95452847 0.249590
95441465 0.250170
95435781 0.252556
95435603 0.254587
95432140 0.255914
95431474 0.256837
95427601 0.259179
95427209 0.260048
95425403 0.264005
95425045 0.264494
95421452 0.271221
95420003 0.272729
95416974 0.273095
95415057 0.273291
95402202 0.275269
95399070 0.275942
95379812 0.277536
95379044 0.279000
95369754 0.279713
95367363 0.280044
95365681 0.280955
95362393 0.282946
95362289 0.284641
95359406 0.286793
95359343 0.287477
95357089 0.288033
95337598 0.289641
95335985 0.290524
95328798 0.292283
95324270 0.293588
95321742 0.293814
95315590 0.296732
95314860 0.298308
95310244 0.298927
95298999 0.299451
95296375 0.300890
95284347 0.301212
95282299 0.302620
95275646 0.303215
95268722 0.306420
95265397 0.307826
95262988 0.308299
95262754 0.309865
95260971 0.312337
95258294 0.313638
95250511 0.316141
95246372 0.317592
95246346 0.318163
95244394 0.320664
95243728 0.323672
95243467 0.324171
95242218 0.328677
95239349 0.329384
95238833 0.329854
95233797 0.332145
95231618 0.333023
95230225 0.333725
95228858 0.334373
95227549 0.336769
95227385 0.338823
95226669 0.341422
95224688 0.344659
95223060 0.345068
95222385 0.345878
95216527 0.347971
95211341 0.349101
95209739 0.350072
95207301 0.352286
95201234 0.355184
95191239 0.360466
95185719 0.365698
95176303 0.368124
95176153 0.368554
95174063 0.369081
95170837 0.370205
95165078 0.386842
95160118 0.387449
95159780 0.387850
95159152 0.389516
95147195 0.392678
95144620 0.396785
95133438 0.397667
95129311 0.399239
95127562 0.400443
95126726 0.402821
95123236 0.405565
95120138 0.405952
95118759 0.408606
95118449 0.411847
95113424 0.415910
95110039 0.417066
95106603 0.417523
95101302 0.419800
95094087 0.423797
95093025 0.429809
95089567 0.434957
95087376 0.437664
95087149 0.438934
95076397 0.439466
95075974 0.441280
95074310 0.443599
95073018 0.445056
95073004 0.445277
95069374 0.446224
95068629 0.447284
95058249 0.448729
95056085 0.452021
95049198 0.453235
95048799 0.453718
95048793 0.455110
95047777 0.463391
95045358 0.463639
95038939 0.470648
95026572 0.472734
95023479 0.480309
95022620 0.481299
95009641 0.483003
95008504 0.483471
95006834 0.484623
95006794 0.484811
95004096 0.486001
95002672 0.493277
95001010 0.496867
94999799 0.504700
94997288 0.504921
94996186 0.506391
94990068 0.508561
94986445 0.515388
94984313 0.517442
94981669 0.518445
94978526 0.519036
94977680 0.519831
94976688 0.520210
94976476 0.534460
94975718 0.534742
94973486 0.535815
94972527 0.544186
94969563 0.551054
94969358 0.551360
94966695 0.552033
94963349 0.555049
94961989 0.560984
94955498 0.568136
94955348 0.569416
94954165 0.569718
94953672 0.572751
94949194 0.578045
94948587 0.588399
94947909 0.589792
94941005 0.592528
94940939 0.592882
94940817 0.598503
94939324 0.598844
94936454 0.604413
94936251 0.604643
94935918 0.611932
94929315 0.612751
94927570 0.617050
94926927 0.617761
94926114 0.619296
94924813 0.619973
94923338 0.620789
94922673 0.621133
94918928 0.622309
94918343 0.630218
94915905 0.633018
94908463 0.636428
94906844 0.638645
94900324 0.645209
94896973 0.651624
94896693 0.654235
94896665 0.663397
94895951 0.672358
94894398 0.679569
94893758 0.685888
94893042 0.699262
94892390 0.701023
94892088 0.702109
94888590 0.702664
94888340 0.705403
94888111 0.708186
94886110 0.709304
94880559 0.714635
94879555 0.719099
94879091 0.723263
94878930 0.726600
94875984 0.727603
94875956 0.735467
94874151 0.743959
94873984 0.746840
94873721 0.748799
94870793 0.749015
94869913 0.750176
94866676 0.751185
94863545 0.764800
94863500 0.765044
94861599 0.765214
94861155 0.772894
94861116 0.774478
94860873 0.783095
94860509 0.785232
94859431 0.789232
94857965 0.795643
94857496 0.796496
94856693 0.797062
94853365 0.798612
94848697 0.799280
94846827 0.809235
94845479 0.818653
94844941 0.818873
94844490 0.819351
94841313 0.823737
94840120 0.828682
94837081 0.833100
94832274 0.836412
94829302 0.850092
94827700 0.859648
94824539 0.860916
94821604 0.863288
94820341 0.864960
94819161 0.865402
94819050 0.878828
94816828 0.884898
94816710 0.892301
94816699 0.903279
94813652 0.903698
94813575 0.904055
94810424 0.911570
94809795 0.912119
94805379 0.912650
94804259 0.917224
94803958 0.918233
94803050 0.920024
94803005 0.920254
94801724 0.921383
94801113 0.921575
94797930 0.931937
94796828 0.934037
94796450 0.937588
94795010 0.939185
94792468 0.946782
94789855 0.949313
94788899 0.954117
94788797 0.957042
94788464 0.965722
94786616 0.967914
94785056 0.971977
94784426 0.979973
94784172 0.987507
94784085 0.990533
94782785 0.991496
94781893 0.993821
94781529 0.995098
94779503 1.017861
94777943 1.019333
94776333 1.025943
94775429 1.033383
94775258 1.035291
94774742 1.037781
94774357 1.043113
94773120 1.048724
94772615 1.055980
94769837 1.060147
94769056 1.061548
94767528 1.070370
94766366 1.080447
94765894 1.084175
94765610 1.090324
94763467 1.106201
94761159 1.106421
94760966 1.112220
94758670 1.112740
94757081 1.113320
94754843 1.118504
94754477 1.123897
94752415 1.124814
94748277 1.135537
94743834 1.143280
94743077 1.143649
94742321 1.151364
94739914 1.154300
94733975 1.157298
94733932 1.162059
94732824 1.162599
94729838 1.167862
94729764 1.168089
94727991 1.171080
94727040 1.172472
94724361 1.178255
94719820 1.179562
94718936 1.182313
94715410 1.183285
94709313 1.188939
94708211 1.189732
94706874 1.190688
94697235 1.194413
94697115 1.196337
94695576 1.197240
94693463 1.199192
94692898 1.203370
94692016 1.214827
94690266 1.223092
94689953 1.229291
94688056 1.233348
94684631 1.238256
94683173 1.239255
94682638 1.241645
94681281 1.243731
94679938 1.244022
94679002 1.265262
94676790 1.270564
94665886 1.275532
94665738 1.280660
94665733 1.283152
94665591 1.289445
94665248 1.320536
94664475 1.325725
94658055 1.344806
94657288 1.347994
94656611 1.348771
94656523 1.354488
94655880 1.359851
94655592 1.372131
94655187 1.372659
94654523 1.375189
94652556 1.384772
94652409 1.390079
94652291 1.406947
94651915 1.410155
94651830 1.443703
94651203 1.486119
94651178 1.494371
94649044 1.504514
94648955 1.505831
94648057 1.509435
94645521 1.521588
94645492 1.525950
94643488 1.527601
94642533 1.528458
94641918 1.535260
94641903 1.535544
94641002 1.546527
94640849 1.552017
94640741 1.554138
94640046 1.556593
94640017 1.562974
94637723 1.565488
94636240 1.565908
94635827 1.568614
94635529 1.580038
94635063 1.607929
94633414 1.608325
94633045 1.617991
94627354 1.625122
94626542 1.630650
94622708 1.631964
94622522 1.632472
94622151 1.633034
94621244 1.633410
94620735 1.645376
94619351 1.646505
94618763 1.648746
94618342 1.656870
94618129 1.663000
94618073 1.663699
94617842 1.666265
94617245 1.681170
94616770 1.686037
94607441 1.691750
94606969 1.706595
94606319 1.709669
94604478 1.717834
94602050 1.719088
94601509 1.727950
94601113 1.728615
94600191 1.743400
94598704 1.743818
94598262 1.752907
94597980 1.753108
94597862 1.777155
94594760 1.787215
94592797 1.787977
94591194 1.796402
94588746 1.799798
94587257 1.813508
94576492 1.816813
94575819 1.821768
94575447 1.825058
94574770 1.848588
94573076 1.848806
94570979 1.851293
94570719 1.869866
94570443 1.879879
94569293 1.883573
94569250 1.890132
94566120 1.892539
94564126 1.894491
94560078 1.917102
94559553 1.921543
94559299 1.924577
94558725 1.931763
94556114 1.939809
94555504 1.943188
94553367 1.985867
94553308 1.988517
94553250 2.014607
94552531 2.016172
94551650 2.055764
94551562 2.060753
94551319 2.078582
94551140 2.105152
94546183 2.132708
94546081 2.142662
94545887 2.143799
94544920 2.145607
94543416 2.146780
94542532 2.149865
94542390 2.158062
94542160 2.166844
94541505 2.196171
94540924 2.204614
94540893 2.214205
94540097 2.216999
94539887 2.224486
94539808 2.250148
94538210 2.250870
94537928 2.259382
94537445 2.270210
94537255 2.312476
94536397 2.316891
94536350 2.325806
94535810 2.326715
94535643 2.349584
94534671 2.425032
94534628 2.434584
94532918 2.456038
94532699 2.457208
94530396 2.470356
94529626 2.485252
94528959 2.511326
94527379 2.516161
94526398 2.517188
94522097 2.522783
94521798 2.539096
94521227 2.556621
94520344 2.563464
94520316 2.566859
94512449 2.574710
94511167 2.590238
94508859 2.593219
94508251 2.617191
94504843 2.620084
94504500 2.620664
94503684 2.669275
94503077 2.681631
94502929 2.699652
94501208 2.706694
94500848 2.757587
94499172 2.805424
94498745 2.809508
94497774 2.837883
94495358 2.841139
94493735 2.846587
94493337 2.871176
94491500 2.897894
94490839 2.902868
94490328 2.908311
94489445 2.912909
94489369 2.915956
94489238 2.931337
94488965 2.935332
94488652 2.962067
94485341 2.976706
94483889 2.978152
94483820 3.038425
94481562 3.047089
94478703 3.060566
94477969 3.065918
94477946 3.078210
94476488 3.087456
94476473 3.112234
94475427 3.124206
94475100 3.141754
94474625 3.147991
94474093 3.160011
94474032 3.205121
94473797 3.232864
94473196 3.266862
94471122 3.290785
94470806 3.301109
94470199 3.302075
94469872 3.316088
94469819 3.331467
94469607 3.352793
94468167 3.354015
94467242 3.386403
94465580 3.417111
94463532 3.437857
94461981 3.448391
94459228 3.452946
94458468 3.483610
94458148 3.503319
94456485 3.530379
94455573 3.572766
94455420 3.592026
94454912 3.606796
94454873 3.629459
94454834 3.629767
94453957 3.652030
94453734 3.671161
94453725 3.678049
94453373 3.687177
94452928 3.707060
94449514 3.734534
94449326 3.736426
94449144 3.749148
94444608 3.764527
94443877 3.780527
94442009 3.785135
94441267 3.802526
94439844 3.850018
94439407 3.902801
94439197 3.917434
94439098 3.919029
94437506 3.981337
94434675 4.037548
94433647 4.048841
94433615 4.068593
94432836 4.162878
94431731 4.165142
94430928 4.233649
94430572 4.298990
94429982 4.318096
94429868 4.350233
94429529 4.356792
94429275 4.391781
94429175 4.436364
94428569 4.518022
94428511 4.526047
94427269 4.539781
94426833 4.559480
94426592 4.569588
94425498 4.586365
94425071 4.595802
94424457 4.595994
94424291 4.597739
94423809 4.699160
94423418 4.715942
94422811 4.726827
94422504 4.767252
94420380 4.787920
94419808 4.806301
94419211 4.833816
94418634 4.858219
94418402 4.878989
94417408 4.895351
94416817 4.907205
94416773 4.930439
94415523 4.938299
94415219 4.980551
94415016 5.057524
94414856 5.074552
94414766 5.100631
94412871 5.107453
94412729 5.138445
94412333 5.201959
94411719 5.215844
94408931 5.225337
94408362 5.257032
94404931 5.327953
94403662 5.361736
94402063 5.427985
94401229 5.482389
94400938 5.510467
94399740 5.586075
94399106 5.626582
94398484 5.835636
94397877 5.912063
94397640 5.986435
94396987 6.006602
94395111 6.054200
94394981 6.122111
94394936 6.146188
94393504 6.170301
94393475 6.236427
94393201 6.289276
94393175 6.405624
94392467 6.622035
94391178 6.699965
94390153 6.700627
94390042 6.717936
94389876 6.782382
94389578 6.894682
94388376 6.969503
94388245 6.998608
94388221 7.026753
94384754 7.089613
94384114 7.094003
94382981 7.245609
94382395 7.340402
94382306 7.430196
94381743 7.759812
94381635 7.775651
94379934 7.834529
94379774 7.909535
94379380 7.922701
94379182 8.023065
94376646 8.028818
94376622 8.072540
94376139 8.091485
94376078 8.162731
94375491 8.221789
94375214 8.258896
94373415 8.682245
94371327 8.855517
94371317 8.921907
94370989 8.945772
94370312 9.222832
94368161 9.225619
94367861 9.382763
94367465 9.445110
94365926 10.314096
94365924 10.405764
94365781 143.908155
94365047 143.990041
94364816 144.040056
94364176 144.059388
94364115 144.163056
94364077 144.190816
94362895 144.193832
94362891 144.195540
94361758 144.240522
94361509 144.406926
94361449 144.407301
94360904 144.426672
94360574 144.486289
94356134 144.685995
94353142 144.686269
94352982 144.738066
94352883 144.784097
94352527 144.906644
94352214 144.990393
94351832 145.084284
94351422 145.163707
94350741 145.269556
94349982 145.708041
94349880 145.836286
94349568 145.919381
94348783 146.043666
94348782 146.218536
94348562 146.225243
94348504 146.241241
94348368 146.320074
94348332 146.391039
94348040 207.367709
94347640 207.516395
94347295 207.545342
94346416 207.575122
94346242 207.577536
94345946 207.662332
94345530 425.684819
94345207 425.780407
94344612 425.813440
94342366 436.024578
94341589 436.146672
94341490 498.357988
94341429 498.541301
94340957 498.892934
94340539 508.700167
94339764 508.804234
94339613 508.978886
94337586 508.996020
94337367 508.996176
94335129 509.028138
94335027 509.057008
94334824 509.156568
94334803 767.447987
94334296 767.465001
94333939 767.476328
94333836 767.497023
94333832 767.516514
94333653 767.565287
94331950 767.928228
94331914 768.192399
94331695 768.225196
94330544 768.241532
94330525 768.440568
94329111 768.460189
94328885 768.621618
94328699 768.643588
94327656 963.314832
94326918 963.363456
94325525 963.369004
94325470 963.394969
94324817 963.590417
94324620 963.671267
94324453 963.956676
94324387 964.163638
94323011 964.189694
94322489 964.211331
94321731 964.345387
94321042 964.489407
94320983 964.539146
94320247 964.540895
94319609 964.569421
94317684 964.725654
94317616 964.825268
94317527 965.258046
94317250 965.555519
