100308400 0.045192
88105826 0.134427
88097464 0.134720
88086023 0.135957
88074537 0.136511
88073144 0.137013
88059211 0.137600
88059161 0.137966
88053823 0.138425
88044421 0.138958
88039857 0.139359
88038093 0.139829
88028476 0.142338
88027601 0.142647
88012544 0.146893
88011207 0.147576
88007818 0.148505
88000608 0.154912
87992026 0.156659
87991127 0.157440
87869270 0.162309
87847475 0.163086
87825141 0.164126
87825082 0.164362
87818222 0.170029
87808148 0.171268
87805983 0.174829
87794476 0.176219
87786342 0.178013
87781278 0.179399
87778804 0.181235
87772523 0.182844
87771705 0.183788
87744691 0.186948
87743145 0.187726
87742442 0.187931
87742277 0.188346
87738735 0.189222
87720394 0.192419
87708815 0.197598
87695183 0.199002
87694598 0.203803
87687312 0.204283
87684943 0.207215
87671638 0.208335
87663132 0.210587
87663047 0.214019
87650128 0.215669
87649280 0.216465
87642203 0.217904
87634866 0.223719
87634456 0.223979
87625147 0.224591
87618976 0.224930
87617075 0.225316
87613398 0.225937
87606417 0.226179
87600961 0.227124
87598885 0.227610
87598346 0.227776
87596420 0.229102
87593672 0.229796
87593653 0.237232
87593637 0.238193
87587968 0.238780
87585956 0.240540
87580455 0.241394
87574945 0.242942
87573465 0.243209
87566311 0.244240
87550975 0.245738
87540316 0.246894
87537333 0.248582
87533441 0.252200
87531866 0.252785
87529943 0.256741
87525016 0.257827
87523181 0.261380
87522532 0.261789
87519646 0.262261
87517642 0.263818
87515456 0.264937
87513232 0.265974
87510671 0.266566
87499358 0.270845
87493968 0.275642
87490832 0.279921
87483474 0.285114
87471261 0.285877
87466780 0.289343
87457683 0.290116
87456643 0.290719
87455823 0.297172
87454902 0.303800
87448574 0.305742
87445257 0.305991
87424548 0.307074
87421162 0.307688
87417938 0.307917
87417248 0.309859
87416287 0.312080
87413022 0.319949
87406895 0.320441
87406765 0.321726
87404053 0.326265
87391537 0.330330
87389442 0.334816
87384019 0.337986
87376601 0.344751
87373922 0.345340
87370821 0.346186
87370260 0.349497
87367664 0.355872
87354641 0.359230
87354443 0.360140
87349848 0.363665
87342489 0.366254
87332666 0.368825
87327421 0.369113
87325788 0.372152
87323542 0.372953
87321183 0.375385
87320384 0.380370
87320299 0.386070
87319618 0.386315
87310587 0.387256
87309613 0.388674
87309581 0.388931
87305822 0.392447
87305112 0.395875
87301963 0.398490
87301587 0.400673
87299820 0.402470
87281489 0.408510
87273765 0.410314
87270343 0.410580
87266681 0.412061
87266526 0.412994
87265770 0.413840
87257052 0.415486
87245335 0.417778
87235329 0.420277
87234551 0.423025
87234405 0.426608
87229385 0.433125
87222732 0.434449
87222671 0.437051
87219164 0.437565
87218662 0.440942
87218366 0.441717
87216435 0.442610
87216359 0.446500
87215491 0.449053
87212715 0.453080
87206094 0.460963
87198346 0.462038
87197921 0.462666
87196834 0.468707
87195975 0.469015
87194303 0.470887
87193768 0.471505
87192642 0.476559
87192583 0.480349
87192070 0.486381
87188773 0.487854
87187341 0.490178
87186829 0.494688
87175896 0.498095
87174167 0.499533
87173308 0.502212
87172719 0.503890
87163789 0.504564
87163044 0.507529
87159930 0.508336
87158211 0.508572
87157912 0.509216
87157234 0.509924
87151525 0.510584
87146140 0.515685
87145597 0.517982
87143416 0.518576
87138892 0.522314
87138636 0.523070
87137207 0.526755
87131319 0.534630
87130643 0.542678
87130440 0.545036
87124102 0.551986
87114590 0.557590
87113754 0.557855
87113064 0.560385
87110533 0.562613
87109021 0.564185
87108723 0.573607
87108026 0.573840
87106146 0.574673
87104296 0.577096
87103278 0.577649
87103218 0.580517
87092082 0.586654
87089949 0.590155
87088315 0.600314
87084705 0.602665
87083150 0.608887
87080173 0.609601
87070329 0.612520
87069994 0.619714
87068269 0.619978
87067707 0.625705
87067564 0.631116
87062120 0.638116
87055771 0.639585
87053935 0.640370
87052928 0.643080
87051112 0.643460
87045002 0.648719
87043103 0.650476
87042758 0.658104
87039416 0.658538
87037279 0.658897
87030497 0.669726
87030163 0.670091
87029776 0.674459
87029766 0.674642
87029348 0.678951
87027493 0.681120
87027391 0.684917
87026577 0.699106
87020887 0.700953
87019529 0.704728
87019106 0.708241
87012898 0.717849
87012246 0.721897
87009674 0.728610
87009465 0.728826
87007757 0.738406
87004897 0.743028
87004848 0.758521
87003488 0.759230
87003400 0.761275
87003083 0.770903
87002727 0.774310
87001342 0.779542
86998528 0.789158
86997525 0.793611
86996605 0.800745
86990423 0.807121
86987916 0.810464
86984421 0.818410
86984079 0.825077
86984026 0.832333
86983506 0.840498
86975454 0.843474
86975320 0.848372
86974886 0.855953
86970783 0.858637
86970005 0.872622
86969451 0.878528
86968209 0.880614
86967895 0.881373
86962652 0.886082
86961505 0.886641
86961210 0.890366
86960883 0.891478
86959310 0.907467
86955836 0.908023
86954827 0.915205
86954629 0.919112
86954098 0.928749
86952701 0.929064
86950321 0.947084
86949611 0.951599
86949222 0.960749
86948679 0.965540
86948198 0.971182
86945370 0.971894
86944845 0.972764
86944632 0.980279
86943411 0.983869
86942506 0.985616
86939139 0.992503
86937786 1.020760
86937535 1.028337
86935757 1.030714
86934640 1.032679
86930859 1.040654
86929141 1.041821
86926341 1.065391
86926296 1.070891
86925759 1.071172
86923740 1.075674
86919610 1.076785
86918010 1.079477
86917967 1.079731
86917412 1.085106
86916013 1.093774
86912758 1.098622
86911404 1.100413
86911270 1.113972
86909498 1.118741
86905817 1.130850
86905643 1.135178
86903784 1.138816
86903422 1.157164
86901210 1.164629
86900525 1.165049
86899875 1.183220
86899466 1.197947
86898366 1.204816
86897621 1.205694
86896623 1.254884
86893685 1.257487
86893528 1.272013
86893477 1.278960
86892751 1.289182
86891406 1.290269
86891360 1.290752
86886048 1.296472
86885956 1.302231
86885906 1.309823
86881524 1.326416
86880322 1.333779
86878907 1.335269
86878450 1.338730
86877046 1.346808
86872805 1.350829
86871557 1.351663
86869856 1.353348
86862993 1.377987
86862558 1.380979
86857852 1.381831
86856791 1.386223
86853811 1.388720
86853295 1.399137
86852724 1.401909
86851811 1.415998
86850751 1.429428
86848435 1.429650
86847318 1.437576
86846848 1.438680
86844627 1.445170
86843792 1.447764
86841036 1.448684
86841014 1.471284
86839982 1.479997
86839403 1.490532
86839219 1.493741
86838432 1.496245
86838411 1.498356
86837959 1.507627
86837348 1.512015
86837170 1.522161
86836889 1.527313
86836529 1.551028
86835249 1.553384
86834181 1.555986
86830018 1.565760
86829358 1.577552
86827503 1.584664
86825799 1.589148
86824824 1.594583
86824192 1.602148
86824095 1.609959
86822131 1.610611
86821241 1.613907
86819027 1.621540
86817856 1.633162
86817383 1.639285
86814833 1.643112
86813418 1.645933
86812349 1.659522
86812325 1.673062
86812031 1.674347
86811736 1.684058
86811639 1.709421
86811601 1.721335
86810632 1.740551
86809865 1.742898
86808576 1.750738
86808322 1.760811
86805351 1.771628
86801626 1.779854
86800614 1.784808
86799731 1.790500
86796633 1.795077
86793741 1.801947
86791212 1.803000
86790420 1.824981
86789742 1.828346
86788669 1.835162
86787328 1.849946
86786783 1.867706
86786641 1.897229
86785217 1.908810
86779419 1.941265
86778486 1.949459
86778184 1.955815
86778174 1.960400
86778062 1.968223
86777766 1.974070
86777264 1.994398
86777076 2.026584
86776050 2.031032
86775598 2.117920
86773214 2.148268
86770636 2.168126
86770234 2.169089
86765145 2.190995
86764510 2.216308
86763512 2.233660
86761776 2.235573
86761083 2.253060
86760945 2.266208
86760233 2.272467
86759858 2.297243
86759735 2.351071
86759162 2.374349
86756502 2.383715
86755368 2.407031
86755361 2.407929
86754530 2.420583
86748641 2.481887
86748175 2.495063
86747912 2.495631
86742931 2.512115
86741665 2.526593
86741179 2.539901
86741021 2.553436
86737130 2.555028
86736786 2.565016
86736126 2.574858
86736011 2.594069
86734484 2.602568
86734275 2.624509
86727403 2.649057
86726634 2.655392
86726406 2.662668
86726174 2.669749
86726020 2.672648
86726000 2.683699
86724509 2.690414
86723840 2.708622
86723745 2.709040
86722305 2.717738
86722233 2.721672
86721295 2.735408
86720156 2.757322
86719977 2.768867
86719880 2.772467
86719546 2.811926
86719219 2.828689
86717301 2.836029
86714165 2.843260
86712584 2.860087
86710635 2.869043
86709062 2.917561
86705404 2.926355
86704349 2.982489
86703067 3.037819
86703008 3.040759
86702784 3.083237
86701253 3.134501
86700040 3.163980
86699361 3.213201
86698622 3.225261
86697275 3.267128
86696576 3.335214
86696513 3.376788
86694661 3.401308
86693025 3.471283
86692984 3.472258
86691524 3.476194
86690829 3.492277
86690713 3.502031
86690352 3.525211
86688253 3.547604
86687930 3.590805
86687103 3.631067
86686551 3.635378
86686167 3.702496
86685741 3.709799
86683653 3.711968
86682392 3.748803
86679438 3.762091
86678624 3.823507
86675949 3.844725
86675501 3.878867
86674399 3.892683
86674365 3.912225
86674243 3.936767
86674097 4.006141
86674003 4.020502
86672963 4.049834
86672272 4.070415
86669254 4.236325
86669193 4.241925
86669091 4.246457
86668608 4.282587
86668121 4.335337
86667730 4.340457
86667521 4.373770
86666956 4.398474
86666809 4.401315
86666455 4.412822
86666350 4.429629
86664148 4.498934
86663942 4.512367
86660697 4.612156
86658529 4.625380
86654351 4.637888
86653629 4.642922
86653281 4.655796
86652544 4.686714
86652451 4.687216
86650087 4.730198
86648959 4.775019
86648791 4.790916
86648488 4.792825
86647798 4.807798
86646673 4.825749
86646074 4.858292
86646067 4.875083
86644338 4.889522
86642876 4.972022
86641376 5.002728
86641105 5.024608
86640838 5.030398
86640716 5.087771
86639646 5.180146
86639218 5.246711
86638835 5.390642
86638708 5.442359
86637919 5.526931
86636364 5.564698
86636131 5.626332
86635907 5.633327
86635384 5.748717
86634966 5.802188
86634299 5.879371
86630825 5.885753
86630818 5.910514
86630463 5.960339
86630313 5.999817
86628263 6.206167
86628011 6.218697
86628004 6.287947
86627903 6.372168
86627182 6.387026
86627115 6.439985
86625259 6.474169
86624295 6.628271
86623674 6.703405
86621062 6.730439
86619692 6.749204
86619027 6.907217
86619009 6.965645
86615772 7.038230
86614731 7.180412
86614689 7.373052
86607602 8.573079
86607404 8.593212
86606302 8.723684
86605953 8.726352
86605601 16.858729
86604323 17.017287
86604150 17.075017
86603428 17.215807
86602320 17.232394
86599979 17.235723
86599831 17.263482
86598999 17.276518
86598812 17.339339
86598611 17.502977
86596769 17.539451
86596539 17.564133
86595940 17.589304
86594364 17.637064
86593687 17.649827
86593413 17.659732
86592988 24.198536
86592900 24.260172
86592545 24.283708
86591945 24.290252
86591480 24.295252
86590278 24.326663
86590215 24.339556
86589978 24.366272
86589085 24.371624
86589014 24.488356
86588470 24.553575
86588313 24.613413
86587480 24.907903
86585693 25.039104
86585058 25.074885
86584520 25.118854
86584215 25.122239
86582413 25.195511
86582038 25.212728
86581907 25.232279
86581608 25.262812
86580548 25.288726
86580459 25.309103
86579864 25.316540
86578389 25.326402
86578345 25.364917
86578186 25.373371
86577601 25.620207
86576071 25.775911
86576007 25.816172
86575323 25.816789
86575155 25.919435
86575088 26.216636
86574424 243.315024
86574362 243.509461
86572557 243.916251
86571975 244.023431
86571197 244.035961
86570380 244.138923
86570140 244.339576
86569937 355.523076
86569817 355.559546
86569317 355.758546
86566293 355.810597
86564719 355.867051
86564679 355.905943
86564251 356.083833
86563802 356.112800
86563402 356.155334
86563290 356.539984
86562384 356.544251
86562029 356.918537
86561945 357.148234
86561028 357.168091
86560427 357.271194
86560202 357.377611
86559354 357.734489
86559173 357.740177
