93241367 0.053193
82136519 0.125099
82131545 0.125625
82130282 0.126826
82123459 0.127942
82118502 0.128877
82117840 0.129197
82111605 0.130530
82096665 0.131319
82084047 0.135652
82075321 0.136436
82074373 0.136822
82069764 0.137430
82053080 0.138866
82051433 0.142344
82045242 0.142697
82038979 0.142967
82031099 0.144260
82018045 0.144957
81993243 0.145788
81979444 0.147878
81970636 0.150234
81970500 0.151442
81956400 0.160912
81951986 0.161395
81951913 0.161646
81947467 0.161978
81945930 0.163358
81940497 0.164227
81938687 0.167868
81933251 0.168670
81931702 0.169513
81914906 0.179733
81914453 0.179874
81908739 0.181436
81904156 0.182454
81896956 0.184029
81894770 0.184895
81891082 0.185116
81863256 0.191249
81859921 0.192142
81858651 0.192316
81856705 0.193253
81855296 0.193519
81851454 0.195253
81845361 0.197193
81842653 0.202145
81838674 0.204032
81827159 0.210261
81822122 0.210803
81813570 0.213618
81808753 0.213936
81799376 0.216472
81797641 0.217802
81796006 0.218262
81794948 0.218493
81785750 0.220312
81783207 0.222829
81778215 0.223273
81777697 0.223539
81776933 0.224327
81771530 0.225630
81768147 0.227307
81760841 0.228964
81754982 0.230597
81754043 0.235268
81750034 0.239198
81747913 0.239419
81747252 0.239901
81741222 0.240412
81739690 0.243687
81717772 0.245767
81714068 0.246417
81712588 0.247072
81712254 0.248462
81710050 0.249422
81708857 0.249915
81705889 0.250867
81698857 0.256753
81698739 0.257877
81693046 0.261536
81687602 0.261966
81683152 0.262953
81680281 0.263717
81675033 0.264748
81674383 0.265665
81672094 0.268317
81665260 0.268859
81663068 0.269452
81660050 0.271321
81657872 0.272617
81650711 0.273758
81647625 0.274594
81646059 0.275377
81637548 0.277758
81633568 0.278605
81632034 0.279556
81624320 0.282011
81624178 0.282624
81617925 0.283691
81617685 0.292761
81614961 0.293088
81614695 0.295528
81613986 0.296909
81606641 0.298420
81584496 0.299238
81571286 0.306527
81567213 0.309655
81566510 0.310325
81566123 0.311392
81561947 0.312373
81556997 0.314676
81541057 0.316541
81530454 0.324923
81530220 0.325603
81527916 0.326504
81527657 0.327237
81519450 0.329643
81517053 0.331346
81505592 0.332295
81495604 0.336474
81494493 0.338726
81491228 0.339250
81489380 0.339613
81483566 0.346919
81480852 0.347184
81475896 0.349190
81468338 0.352564
81466668 0.356890
81464646 0.357293
81463032 0.357918
81461276 0.359000
81446734 0.363465
81442366 0.364711
81442244 0.371245
81441653 0.372022
81435319 0.372905
81434260 0.378682
81433943 0.378946
81433942 0.379192
81423613 0.386112
81422108 0.386805
81419842 0.389307
81413480 0.391771
81410191 0.394659
81406810 0.397459
81403833 0.401462
81391340 0.402894
81390930 0.408321
81387104 0.414219
81384024 0.414494
81382777 0.419852
81382438 0.423894
81382096 0.424048
81382077 0.424371
81381507 0.425772
81378132 0.426899
81377550 0.431746
81375648 0.432299
81371972 0.434689
81370471 0.435598
81368974 0.438304
81367457 0.451833
81364357 0.453234
81357344 0.456044
81351837 0.459597
81350476 0.463885
81350474 0.466000
81350391 0.468316
81349598 0.470713
81340015 0.472678
81338502 0.472886
81337866 0.478395
81336283 0.481329
81330925 0.482893
81330872 0.489661
81327775 0.496562
81326478 0.496916
81324655 0.499722
81320216 0.501696
81318093 0.504110
81311236 0.506068
81298441 0.512377
81298204 0.514611
81297825 0.515125
81291748 0.531050
81289720 0.546565
81289524 0.547306
81289192 0.551514
81287844 0.555578
81287490 0.555726
81286540 0.562334
81284650 0.562925
81283071 0.573007
81281847 0.575428
81280939 0.576038
81280784 0.577296
81278805 0.579281
81274841 0.580737
81272909 0.583738
81272107 0.589869
81269747 0.599591
81268903 0.604166
81266160 0.611573
81265302 0.615610
81264943 0.616524
81262555 0.617875
81253680 0.621702
81253232 0.623035
81252033 0.627804
81251342 0.634477
81250469 0.634729
81248744 0.642828
81247095 0.644562
81245783 0.648876
81243035 0.651500
81242034 0.658422
81240693 0.660716
81234466 0.664328
81234411 0.682852
81233133 0.687935
81226090 0.689103
81222269 0.695899
81221489 0.699289
81215564 0.702590
81208490 0.703390
81208322 0.707189
81208228 0.708948
81206071 0.716146
81204787 0.722420
81203469 0.723263
81198587 0.724970
81198461 0.738033
81197566 0.738201
81196816 0.744474
81195828 0.756432
81195761 0.767947
81193543 0.770846
81192961 0.772813
81192206 0.773152
81191912 0.774287
81191848 0.779028
81190482 0.786573
81190471 0.810801
81189252 0.812815
81184448 0.813527
81183133 0.814071
81181688 0.818791
81180517 0.832632
81179945 0.832855
81177883 0.834733
81176527 0.836614
81164863 0.848670
81163905 0.851862
81163229 0.860557
81157754 0.862783
81153270 0.869378
81152351 0.888858
81152045 0.898692
81141389 0.903287
81140953 0.905240
81140796 0.910055
81137246 0.913353
81136783 0.928783
81135787 0.956452
81134488 0.984355
81134486 0.992386
81132133 0.994186
81131198 1.002554
81129326 1.005545
81127603 1.008372
81127162 1.009943
81126968 1.013475
81126944 1.017516
81125373 1.017994
81119228 1.026737
81104464 1.030281
81103505 1.042771
81103112 1.058710
81098887 1.061183
81096712 1.061417
81096334 1.070531
81095063 1.076963
81095007 1.077165
81094981 1.095849
81093402 1.107915
81093139 1.117970
81093036 1.122457
81090280 1.128607
81090247 1.130408
81088788 1.152460
81087492 1.153064
81086295 1.153472
81086019 1.166698
81084070 1.180090
81083658 1.182547
81082814 1.184389
81082584 1.191382
81082525 1.203923
81082357 1.205090
81081735 1.207122
81079866 1.248837
81077042 1.249198
81076965 1.262684
81067716 1.263409
81063148 1.282737
81063134 1.283838
81060574 1.288623
81059083 1.291299
81056931 1.297651
81056819 1.327006
81055414 1.327228
81055378 1.328278
81055093 1.330824
81054991 1.348087
81054703 1.349812
81051465 1.386375
81050756 1.387177
81050719 1.400435
81050040 1.401854
81048166 1.426784
81047755 1.439160
81047113 1.439707
81046228 1.464269
81045340 1.496222
81044589 1.496466
81042628 1.502531
81041477 1.506451
81041303 1.512074
81041199 1.553698
81039936 1.563185
81039921 1.565110
81039532 1.570794
81039439 1.578115
81038190 1.596656
81036828 1.608298
81036300 1.615539
81034329 1.617724
81028114 1.633919
81027643 1.662260
81027343 1.663730
81027205 1.668620
81026625 1.670463
81026544 1.684048
81025941 1.743767
81024856 1.753223
81024115 1.777568
81021947 1.850652
81021616 1.858476
81021189 1.888142
81020130 1.915579
81019982 1.915825
81019817 1.917251
81018298 1.957524
81017781 1.963552
81017619 1.992349
81010308 1.997589
81009792 2.009108
81007879 2.014031
81004045 2.063600
81001175 2.072210
81000298 2.088181
80996074 2.095603
80996044 2.104742
80995171 2.106057
80992702 2.120132
80992649 2.133234
80991377 2.140713
80991211 2.142232
80990919 2.150578
80988978 2.151690
80988512 2.186919
80984597 2.189046
80984535 2.217321
80982070 2.218140
80981606 2.231211
80979611 2.250707
80976588 2.270923
80974293 2.271808
80973836 2.294363
80972447 2.307100
80972389 2.319606
80970869 2.347196
80967497 2.349435
80964915 2.362758
80958505 2.364138
80958438 2.400451
80958348 2.406714
80957922 2.427098
80957717 2.428325
80957425 2.436699
80957127 2.447666
80956859 2.470270
80956553 2.478338
80956191 2.488023
80955647 2.525320
80954735 2.542287
80954042 2.545158
80953756 2.546015
80953054 2.569131
80951166 2.574433
80949632 2.580643
80947444 2.598879
80946979 2.601704
80945435 2.604366
80943902 2.608480
80942816 2.660338
80942664 2.681134
80941485 2.693819
80940922 2.722730
80938987 2.766296
80938377 2.772937
80938077 2.775883
80937922 2.783504
80937591 2.792004
80937229 2.793602
80937053 2.811312
80933483 2.842359
80933450 2.842809
80929858 2.858379
80929541 2.872948
80928986 2.885092
80927082 2.896285
80926197 2.898422
80915871 2.916901
80915064 2.939676
80913755 3.009051
80913562 3.046338
80912721 3.049491
80910531 3.058022
80910439 3.068123
80905156 3.069336
80904242 3.072158
80903931 3.074534
80903017 3.094452
80901425 3.118839
80901252 3.177346
80900428 3.230645
80898740 3.294515
80895789 3.314296
80894084 3.322527
80892555 3.327877
80892232 3.391578
80891219 3.445482
80891002 3.473775
80889991 3.504977
80889649 3.508593
80887429 3.541298
80887231 3.562335
80885880 3.576446
80883177 3.635852
80881435 3.690157
80880956 3.720952
80880898 3.781795
80880367 3.813184
80878397 3.886702
80877398 3.938245
80875324 3.973328
80874319 4.021716
80873524 4.048706
80872443 4.087081
80870319 4.106332
80868777 4.106569
80868744 4.166504
80867619 4.258283
80866112 4.271282
80865815 4.359767
80865758 4.366789
80865719 4.500812
80862867 4.507744
80862216 4.516346
80861557 4.621439
80861271 4.647745
80859984 4.654229
80859816 4.705835
80858554 4.744884
80858003 4.807661
80857206 4.967232
80857046 4.973946
80856992 5.019812
80856554 5.039443
80855737 5.041272
80854084 5.046479
80854077 5.103604
80853613 5.103916
80852661 5.120978
80851252 5.195531
80850671 5.232205
80849636 5.272574
80848409 5.310776
80848382 5.381215
80846962 5.485198
80846647 5.494786
80845033 5.733816
80843611 5.736141
80842540 5.863934
80841976 5.921404
80841785 5.992836
80841728 6.060247
80841660 6.075143
80841589 6.115112
80841387 6.264149
80841260 6.713474
80840564 6.744910
80839920 6.779099
80838892 7.096953
80838749 7.138626
80838324 7.246400
80837055 7.260067
80836814 7.261165
80835074 11.150716
80833344 11.176218
80833335 11.179127
80832437 11.216608
80831728 11.344714
80831665 11.348814
80829906 11.440772
80829577 11.516314
80828982 11.578243
80827930 11.603457
80826893 11.791325
80826281 11.819589
80825841 11.823813
80825784 11.845385
80822879 11.849701
80821652 11.893505
80821033 11.964138
80820708 11.965519
80820297 12.045301
80820289 12.088607
80818353 12.237261
80818187 12.269496
80818045 12.363136
80817744 12.436553
80816429 12.438677
80815900 12.490789
80815644 12.551397
80815413 12.641932
80815284 12.779867
80814005 12.780008
80813881 13.096237
80810107 13.162659
80805768 13.764832
80805634 14.326163
80805244 14.446627
80805088 14.559314
80804179 14.577689
80802769 14.597495
80801807 42.955281
80801307 42.974978
80800566 43.062716
80798767 43.302368
80798685 43.397308
80798633 43.513703
80798551 43.545623
80798478 43.552261
80797061 43.588424
80795402 72.065544
80795253 72.189172
80794212 72.266831
80792201 72.277728
80788948 72.303059
80786369 72.837219
80785777 114.300669
80785137 114.414725
80785109 114.725507
80784549 114.733093
80784123 114.889112
80784040 115.103509
80783191 115.156932
80783143 115.374685
80782369 115.725610
80782332 115.743830
80781936 115.824129
80777609 115.906677
80777588 116.029232
80776956 412.166550
80776831 412.322719
80774263 412.368029
80774147 412.502169
80773409 412.603376
80773101 412.652922
80771267 412.865730
80770930 412.882394
80770690 412.950138
80770096 413.240921
80769703 413.392562
80768483 413.790444
80767748 413.849984
80767257 413.882092
80766654 413.921648
80766167 413.927135
80763830 414.132645
80763797 414.584773
