41730028 0.007793
35927787 0.019360
35926709 0.019613
35921149 0.021030
35887636 0.023184
35886226 0.026076
35878578 0.026568
35858117 0.027638
35854722 0.027983
35852969 0.029524
35851324 0.031003
35850588 0.032802
35831615 0.035040
35830426 0.038410
35814032 0.038920
35813450 0.039780
35801061 0.042474
35776387 0.046533
35772079 0.047545
35769794 0.052206
35763488 0.057643
35762231 0.057973
35761178 0.058827
35743457 0.059803
35721750 0.061728
35716626 0.063969
35692604 0.066619
35686262 0.068524
35675349 0.068794
35674372 0.070487
35671372 0.070797
35657418 0.071441
35654471 0.071584
35654112 0.073830
35653778 0.079765
35653164 0.083790
35651602 0.095215
35650091 0.099118
35646597 0.102328
35638835 0.110411
35638777 0.111277
35634719 0.116710
35631304 0.124171
35613585 0.128549
35612680 0.143110
35595135 0.150123
35594918 0.151082
35590626 0.211800
35587779 0.229868
35579954 0.317702
35576254 0.343200
35575703 0.359032
35558921 0.369290
35558705 0.503261
35555847 0.557722
35553364 0.623706
35547933 0.750991
35544238 0.755093
35542764 0.788417
35541583 0.801020
35539349 15.552007
35534861 15.877883
35533138 101.217323
35531714 101.226589
35530528 101.248556
35529304 101.260035
35529112 101.322660
35529043 101.325448
35528201 323.182725
35526924 494.240031
35526833 494.255105
35521686 494.277027
35520938 494.295369
35518787 494.438754
35518511 494.455959
