91467025 0.041814
79882752 0.109880
79870888 0.110674
79864116 0.111588
79848537 0.113126
79844176 0.114171
79837186 0.115439
79822287 0.115676
79820043 0.116902
79810099 0.118165
79799233 0.119320
79779438 0.125020
79776170 0.129644
79774799 0.129776
79766909 0.130873
79758537 0.131489
79749306 0.133850
79747692 0.135353
79726612 0.137912
79726397 0.138196
79713605 0.139086
79712809 0.140089
79697708 0.142762
79681372 0.146898
79675404 0.147364
79653162 0.150765
79650661 0.151580
79645974 0.154946
79635621 0.156011
79628384 0.156765
79626377 0.157378
79620778 0.158393
79620523 0.158704
79613125 0.166952
79606346 0.168435
79598740 0.169567
79595132 0.170729
79593824 0.174682
79592111 0.177286
79589111 0.177846
79579630 0.181671
79575594 0.181940
79574271 0.182221
79568376 0.183351
79563245 0.187182
79560676 0.188040
79552598 0.189405
79537537 0.191212
79530924 0.193088
79529284 0.193599
79526560 0.193823
79521572 0.195077
79520695 0.196289
79517870 0.197647
79511240 0.198069
79507470 0.200006
79505424 0.201941
79505217 0.203593
79503619 0.207493
79502337 0.208054
79496430 0.209325
79491092 0.210473
79490498 0.212103
79483397 0.216624
79481956 0.218338
79472131 0.220625
79461199 0.223977
79460603 0.228200
79460600 0.228905
79459694 0.229518
79457317 0.231449
79455373 0.233619
79448785 0.235535
79446756 0.236535
79419868 0.237918
79414922 0.241816
79408646 0.243339
79408442 0.245172
79400397 0.252870
79398906 0.254769
79389065 0.263102
79377065 0.264327
79376485 0.275951
79371994 0.276892
79370449 0.278591
79366072 0.279586
79364794 0.279931
79359431 0.284206
79355434 0.284602
79352467 0.290008
79349867 0.292883
79348293 0.293744
79347367 0.295146
79346221 0.295440
79341789 0.296268
79338043 0.296731
79338004 0.297848
79336620 0.300200
79320596 0.301827
79313753 0.302830
79312425 0.303831
79311948 0.304874
79303956 0.310500
79299594 0.312533
79295502 0.314555
79294113 0.315281
79293822 0.318706
79293618 0.320506
79290489 0.322337
79289290 0.322689
79286719 0.323665
79285384 0.326589
79284026 0.326924
79280841 0.328327
79275318 0.328699
79273321 0.329417
79271987 0.329762
79270745 0.330452
79263713 0.331091
79261737 0.331728
79260611 0.332690
79258121 0.335939
79247081 0.337016
79242228 0.339219
79239306 0.339693
79238685 0.340415
79238518 0.340682
79223841 0.341597
79221397 0.342275
79220525 0.343050
79212189 0.345682
79210178 0.350922
79203164 0.352541
79203037 0.352759
79202303 0.353115
79201529 0.358873
79201159 0.361490
79199835 0.366708
79197012 0.367556
79196125 0.368899
79191016 0.369465
79188142 0.373803
79186899 0.378511
79186897 0.378951
79186439 0.380408
79185821 0.380760
79183151 0.384192
79166578 0.388940
79165670 0.393294
79160229 0.397773
79159932 0.398372
79157866 0.400274
79149840 0.401039
79149160 0.401285
79148746 0.404616
79148573 0.413756
79147549 0.416257
79145509 0.423092
79144453 0.423965
79141246 0.430251
79139920 0.430890
79137268 0.433458
79135661 0.434983
79134189 0.435998
79129641 0.436883
79128384 0.437109
79127707 0.444478
79127434 0.445891
79127084 0.446452
79124898 0.448790
79114146 0.450277
79108329 0.450439
79107927 0.454425
79105834 0.460885
79099742 0.464207
79099198 0.467344
79099190 0.468020
79094187 0.470586
79092232 0.470853
79091502 0.478408
79090335 0.483444
79086838 0.487347
79082869 0.488157
79082074 0.495632
79080329 0.506652
79078366 0.509497
79073896 0.523606
79073892 0.526264
79071849 0.526612
79069069 0.526911
79066232 0.532190
79065700 0.533175
79064743 0.536055
79058905 0.536933
79057728 0.537416
79053176 0.539189
79052157 0.539893
79051880 0.542301
79050637 0.561941
79046326 0.563822
79040010 0.564859
79038318 0.566433
79032514 0.575595
79029994 0.585545
79029838 0.590055
79027386 0.592481
79018510 0.597350
79015593 0.601005
79015287 0.607652
79012986 0.609672
79012859 0.610797
79011481 0.612681
79011209 0.616923
79005410 0.621611
79005167 0.622406
79004540 0.625915
78999303 0.627349
78991320 0.630941
78983574 0.636277
78983537 0.643279
78980738 0.645864
78977836 0.649050
78973460 0.652662
78971776 0.653955
78971327 0.664415
78961437 0.672098
78961152 0.672419
78959774 0.673723
78957376 0.683362
78950811 0.691248
78945791 0.692041
78945174 0.695827
78943786 0.708719
78939956 0.711551
78934717 0.712061
78933328 0.714922
78930947 0.715761
78930520 0.716848
78927753 0.722716
78925075 0.725257
78920171 0.731905
78916243 0.732574
78915544 0.732890
78914432 0.738471
78912791 0.740735
78908357 0.743029
78903706 0.750272
78900594 0.750856
78898099 0.751135
78897637 0.757898
78894744 0.759058
78894587 0.761290
78886937 0.776844
78886102 0.778136
78885868 0.779979
78883323 0.791657
78881491 0.794871
78881269 0.797433
78879700 0.797993
78873156 0.798779
78868835 0.800649
78865431 0.801961
78864918 0.802462
78864128 0.806056
78862357 0.808508
78861821 0.824411
78861617 0.837582
78860927 0.838247
78855665 0.840068
78854648 0.840264
78853104 0.840430
78851933 0.842907
78851878 0.843326
78847841 0.847386
78847415 0.855595
78846904 0.856421
78844415 0.863813
78841817 0.866393
78838527 0.871370
78836970 0.885236
78836794 0.914675
78835340 0.928798
78833893 0.930991
78832994 0.946106
78832804 0.951965
78832723 0.966936
78821176 0.970469
78821093 0.978122
78819519 0.982000
78818944 0.983379
78818229 0.986948
78816682 0.987314
78815971 0.987669
78815629 0.988009
78814736 0.990596
78813910 0.996697
78812849 1.001422
78812281 1.002542
78811492 1.005918
78810088 1.007573
78808898 1.029144
78806838 1.036572
78805685 1.039487
78804324 1.040902
78804257 1.043209
78800326 1.053193
78794926 1.053721
78793934 1.060308
78792598 1.064277
78789909 1.071127
78787568 1.073206
78786895 1.090037
78786015 1.104533
78785595 1.107418
78785447 1.114554
78784986 1.120384
78784546 1.120688
78780877 1.121421
78777756 1.135007
78777579 1.141200
78776117 1.142558
78775907 1.146181
78774775 1.153894
78773682 1.163991
78772339 1.166345
78770043 1.167048
78768983 1.176740
78768465 1.179575
78767993 1.203791
78765926 1.205878
78751265 1.210544
78750467 1.227982
78747816 1.235000
78746095 1.252104
78745138 1.258212
78740949 1.265330
78739061 1.267115
78737559 1.283919
78737277 1.293237
78737264 1.293940
78734753 1.294422
78733446 1.320210
78733134 1.324094
78732862 1.325363
78732709 1.336381
78732223 1.354604
78729058 1.361268
78728466 1.367947
78727578 1.374877
78727294 1.375319
78725121 1.399716
78725116 1.414158
78724110 1.450691
78721682 1.502799
78721147 1.509442
78721113 1.517090
78719661 1.532423
78717453 1.539701
78717285 1.556452
78712549 1.569294
78712364 1.571177
78709568 1.577258
78709405 1.577355
78709258 1.578233
78708951 1.598250
78706351 1.617503
78705846 1.617673
78701570 1.619570
78700858 1.620105
78700297 1.653787
78700110 1.657208
78695043 1.664099
78694835 1.667523
78694508 1.697480
78694049 1.697981
78693909 1.700458
78693856 1.709445
78693517 1.713664
78684338 1.740257
78683550 1.748480
78681032 1.749681
78679372 1.754304
78679256 1.775017
78674673 1.776700
78674066 1.778707
78671983 1.780694
78671703 1.781093
78671642 1.784905
78671357 1.792937
78670307 1.822180
78670098 1.827755
78669073 1.832654
78668624 1.839632
78668079 1.842715
78667887 1.846944
78667124 1.859993
78666286 1.868468
78661745 1.874431
78661094 1.901356
78660527 1.951489
78660354 1.959030
78659789 1.963699
78659429 1.974854
78659200 1.979399
78658140 2.002853
78657922 2.018183
78653625 2.079309
78653480 2.087855
78653176 2.088640
78652580 2.102481
78649656 2.110660
78648454 2.133534
78643865 2.134878
78643670 2.135179
78642971 2.148897
78642408 2.163024
78638682 2.197820
78637332 2.215617
78637064 2.241725
78636425 2.255870
78636279 2.277539
78635070 2.307915
78634714 2.316446
78631428 2.345803
78630858 2.369332
78629781 2.374582
78622250 2.391088
78621325 2.402302
78621105 2.463434
78618958 2.471291
78617629 2.545007
78616218 2.548315
78614739 2.553272
78610528 2.554907
78609746 2.582945
78608097 2.584943
78606675 2.596283
78605234 2.597798
78605040 2.602967
78604568 2.622358
78604453 2.633272
78599505 2.651923
78599271 2.674137
78598481 2.697926
78597909 2.703559
78596308 2.720276
78594005 2.722580
78593847 2.732767
78590696 2.776000
78590133 2.780810
78588627 2.821431
78587685 2.825829
78585679 2.844999
78585136 2.850366
78582787 2.857492
78581759 2.893332
78581738 2.895726
78581651 2.906177
78579517 2.930500
78578531 2.941255
78577786 2.971697
78575010 3.015221
78574819 3.030824
78574618 3.031770
78574215 3.032898
78569148 3.034966
78568339 3.096695
78564429 3.133101
78563725 3.135296
78562931 3.145551
78561592 3.158085
78555608 3.173868
78555107 3.197335
78554965 3.198632
78554235 3.206267
78554211 3.215844
78553734 3.279277
78552024 3.342211
78551816 3.478748
78551450 3.569435
78550764 3.669099
78549728 3.675777
78546687 3.704084
78546669 3.725696
78545280 3.727782
78544595 3.793030
78543838 3.802363
78542881 3.832067
78542514 3.873377
78540480 3.884136
78539749 3.935703
78539550 3.956571
78539154 3.966526
78529732 4.240914
78528636 4.334270
78528444 4.342715
78527826 4.343349
78527307 4.372698
78523727 4.658971
78521852 4.736027
78520269 4.921698
78520140 5.015299
78519260 5.021259
78519160 5.140852
78518950 5.256545
78518077 5.372927
78517350 5.726405
78517307 5.746155
78516270 5.777177
78515277 6.039685
78514470 6.154427
78513838 6.253083
78510751 6.363436
78510354 6.378177
78510087 6.443808
78509814 6.578006
78509573 6.683856
78505932 6.749727
78503854 6.953455
78503828 6.957628
78502664 7.039775
78501981 7.060239
78501946 7.083588
78501914 12.850323
78501525 13.025680
78501368 13.074141
78501267 13.080455
78500737 13.138307
78500213 13.141428
78497299 13.210266
78497154 13.348547
78497130 13.423688
78496053 13.689551
78495955 13.885976
78495409 14.012670
78494884 14.013860
78494691 14.095701
78494587 14.195380
78494244 39.929037
78493978 40.302075
78493105 40.555734
78492890 40.593971
78490789 40.595572
78489237 40.596220
78488967 40.600295
78487972 40.620243
78486726 40.653467
78486429 40.659185
78486179 40.679414
78485861 40.700852
78484263 40.791706
78483647 40.846320
78481613 40.874719
78481243 40.940022
78481052 40.966354
78479928 41.034348
78479573 41.091200
78479540 41.152648
78478642 41.314866
78478434 41.433743
78475167 41.525692
78474922 41.567172
78474851 41.759094
78474712 41.947657
78474289 42.385054
78474267 48.965132
78473934 49.124988
78472446 49.275403
78472089 49.311041
78470985 49.590809
78469557 218.529972
78467838 218.543368
78467379 218.595756
78467101 218.736190
78465158 275.965397
78464428 276.099266
78464129 276.107098
78463598 276.141650
78462558 318.309284
78461285 318.322972
78460791 318.353481
78460477 318.373447
78460404 367.327959
78460349 367.382137
78459333 367.538454
78457133 367.618301
78455431 367.723670
78453802 381.792041
78453521 381.851093
78452286 535.530656
78450682 536.165493
78449988 536.286963
78448579 536.415407
78448109 536.432051
78447753 536.517558
78446679 536.610636
78446306 728.091931
78446226 728.326862
78446018 728.395035
78445922 728.498016
