26000874 0.002796
21858914 0.006319
21839565 0.007701
21827904 0.008306
21824099 0.008582
21798785 0.010001
21788344 0.011759
21784576 0.012035
21745761 0.012965
21744432 0.014774
21720354 0.016194
21711810 0.019729
21707656 0.022192
21693834 0.025768
21692093 0.027237
21687103 0.027460
21676739 0.029413
21669805 0.030967
21641563 0.032964
21634251 0.033044
21633407 0.060502
21629921 0.062254
21626744 0.127833
21620548 0.133170
21612218 0.141238
21602554 0.186972
21594792 0.191492
21589388 0.195707
21585745 0.210293
21581072 0.210500
21577952 0.236611
21573569 0.241017
21570061 0.262694
21565896 19.079320
21565761 23.468534
21564311 26.098849
