38624227 0.005954
32871618 0.015913
32861999 0.016460
32787029 0.017809
32766830 0.018892
32755717 0.019586
32746969 0.019939
32739539 0.021672
32730983 0.022146
32729182 0.022992
32725883 0.025569
32713399 0.031541
32702933 0.034119
32701376 0.036318
32686798 0.037676
32667258 0.037994
32645663 0.038252
32644009 0.040486
32638323 0.043600
32634312 0.044018
32629479 0.051274
32626622 0.054301
32621953 0.056698
32615966 0.058502
32610283 0.060793
32598609 0.063517
32592383 0.066167
32586929 0.071289
32584363 0.071790
32579200 0.074378
32577476 0.086138
32576117 0.092104
32575853 0.094247
32573176 0.095237
32571900 0.100989
32567005 0.112333
32562160 0.112525
32555417 0.114098
32550430 0.117815
32548264 0.121339
32546684 0.126465
32539030 0.126708
32538675 0.128565
32537077 0.131993
32535016 0.133984
32530610 0.134299
32529634 0.135164
32526373 0.136514
32523518 0.138589
32522154 0.138736
32520032 0.142073
32517853 0.143042
32516489 0.147143
32513276 0.150571
32512679 0.151221
32504197 0.163184
32498156 0.176240
32498115 0.192691
32497908 0.196024
32492852 0.197833
32491157 0.204806
32487484 0.208882
32486252 0.216305
32481226 0.218589
32475017 0.246469
32464305 0.250661
32463465 0.279545
32459712 0.322436
32459021 0.346242
32456416 0.353461
32443743 0.359524
32441947 0.365058
32435716 0.393484
32429804 0.400504
32428860 0.401981
32428774 0.418965
32427267 0.435389
32426178 0.451430
32422477 0.466048
32417280 0.492706
32416103 0.512572
32415814 0.571719
32415557 0.596095
32415457 0.605808
32413814 0.611191
32409873 0.613994
32409758 0.718978
32407898 0.721237
32406712 0.752331
32405560 0.760748
32404376 0.766969
32401873 0.767413
32400854 0.774931
32400721 0.798393
32399815 0.830536
32399033 0.845091
32397229 0.876101
32391712 0.909478
32391182 0.978926
32388266 0.987492
32387689 1.608159
32385502 1.610796
32379818 1.612374
32377205 1.624170
32376482 1.638240
32376132 1.703495
32375361 1.704898
32375275 1.734014
32373569 1.735986
32371447 8.010071
32370295 8.051672
32367647 8.070361
32366730 8.091065
32366111 8.191798
32365420 8.228181
32364236 8.409303
32364117 8.488988
32363587 8.491705
32362185 44.673003
32360962 63.295003
32359763 63.414141
32356144 156.812437
