54324530 0.013503
47658251 0.033888
47638942 0.035222
47637204 0.037314
47628814 0.037761
47606871 0.038298
47605698 0.041240
47593333 0.041757
47587059 0.043032
47585462 0.043595
47585342 0.043911
47566710 0.046231
47562580 0.047568
47558178 0.047850
47547117 0.049378
47544514 0.049944
47538848 0.052303
47537812 0.052603
47536174 0.052904
47530033 0.053408
47505683 0.053771
47502159 0.054273
47499467 0.055072
47499272 0.056256
47489146 0.056519
47487657 0.056825
47481854 0.060322
47475839 0.061925
47473736 0.069239
47473168 0.069990
47471177 0.070594
47464071 0.072172
47450403 0.073398
47449562 0.074672
47448268 0.075161
47446740 0.076512
47445580 0.078178
47433256 0.079615
47432654 0.080007
47427935 0.082903
47424556 0.089832
47423990 0.090041
47419456 0.090446
47413086 0.091894
47405949 0.092326
47401495 0.094573
47399364 0.099293
47399206 0.101636
47396250 0.104716
47393829 0.106235
47393333 0.108878
47392241 0.115583
47391988 0.116756
47386057 0.120964
47383736 0.123307
47374726 0.127664
47374364 0.129880
47369660 0.132170
47368173 0.139967
47364225 0.140742
47360678 0.142318
47360650 0.142894
47356694 0.144405
47350977 0.145133
47350724 0.147968
47347751 0.148483
47344899 0.150455
47341536 0.152370
47338874 0.153870
47337892 0.156619
47329093 0.168855
47328883 0.170492
47318132 0.175489
47315623 0.185506
47295637 0.190613
47291510 0.192158
47274123 0.193706
47271583 0.193940
47266729 0.198134
47265654 0.198590
47258780 0.199171
47258770 0.199909
47258504 0.201169
47255115 0.202156
47245724 0.214948
47237723 0.218911
47236759 0.219177
47235114 0.220689
47231511 0.223108
47231115 0.231939
47230965 0.242126
47220414 0.242785
47218965 0.246206
47210220 0.255370
47209891 0.262300
47206699 0.278632
47206023 0.283361
47205033 0.287035
47204273 0.294299
47203291 0.300361
47197667 0.303273
47193320 0.308762
47193192 0.310735
47193109 0.311391
47188068 0.322131
47187582 0.329716
47185982 0.336248
47185485 0.345330
47173021 0.350673
47168114 0.353633
47167598 0.358368
47166983 0.358709
47165320 0.377526
47154958 0.385966
47153687 0.386065
47152964 0.392270
47150347 0.396065
47148778 0.402506
47144452 0.404897
47140671 0.405809
47138584 0.407554
47136161 0.409629
47134501 0.412013
47133197 0.416779
47131568 0.417882
47125856 0.425234
47118581 0.440690
47116509 0.454087
47108520 0.465562
47104410 0.477984
47095762 0.490741
47093350 0.508118
47091705 0.513264
47090638 0.518677
47090586 0.522287
47085467 0.548988
47085267 0.553481
47084081 0.555792
47083998 0.556102
47083792 0.556943
47080269 0.574569
47070659 0.631390
47070163 0.643426
47068339 0.662807
47068127 0.757235
47064616 0.826989
47061471 0.848401
47061376 0.850855
47058082 0.874771
47055224 0.889929
47055051 0.893117
47051040 0.926447
47048003 0.949750
47047951 0.969380
47046554 0.974137
47045002 0.992296
47044408 1.050119
47043420 1.063115
47042383 1.131308
47041940 1.184987
47039515 1.251100
47038652 1.265974
47038146 1.274301
47032376 1.276301
47028065 1.290112
47026120 1.330794
47025593 1.388236
47022250 1.503367
47016619 1.512610
47008159 1.516153
47006648 1.591147
47006025 1.597553
47005740 1.606611
47003742 1.611987
47003486 1.694332
47003238 1.694841
47001591 1.704445
47001174 1.717244
47000807 1.726897
46998767 1.774360
46997293 1.817104
46996085 1.845040
46995797 1.851529
46994697 1.877425
46994481 1.893927
46993698 2.139316
46980829 2.169043
46979675 2.246287
46979535 2.273794
46979401 2.277514
46979287 2.309049
46978755 6.891037
46976055 7.039938
46971705 18.438707
46971548 18.567138
46971300 18.706085
46970097 18.996543
46969722 30.505981
46968950 30.574648
46968529 30.656949
46968124 30.659349
46963593 30.671069
46963358 30.697047
46963192 30.724680
46962786 30.743197
46960134 30.755134
46959604 30.757978
46959216 30.842313
46958013 30.976371
46957430 30.989384
