47782933 0.010109
41487971 0.024788
41477441 0.025262
41473212 0.025918
41472364 0.026266
41466063 0.027001
41461478 0.027458
41453785 0.028096
41449715 0.030859
41438679 0.033026
41420474 0.034596
41410601 0.035525
41407392 0.036239
41403073 0.036899
41394419 0.037273
41367381 0.038176
41357879 0.038780
41341115 0.039525
41336221 0.041227
41334422 0.042387
41333613 0.043496
41308810 0.044679
41308443 0.046676
41290484 0.046873
41285341 0.047808
41272256 0.052890
41264601 0.053314
41247843 0.054984
41246649 0.055330
41243470 0.056469
41226548 0.056848
41226418 0.058521
41213349 0.059278
41210237 0.059574
41209117 0.059882
41190462 0.063330
41182167 0.063800
41181614 0.065864
41173679 0.068442
41161902 0.069657
41160226 0.070181
41157775 0.076107
41156433 0.076702
41155933 0.078170
41145099 0.082374
41142409 0.087229
41140815 0.089507
41140349 0.090118
41138059 0.092052
41132102 0.100226
41126404 0.104016
41120504 0.105145
41093384 0.108246
41090288 0.110092
41067314 0.117067
41066384 0.119332
41066011 0.121975
41064594 0.124526
41051208 0.125663
41044526 0.127570
41040215 0.128288
41033191 0.129827
41033183 0.131052
41031447 0.131424
41030445 0.141479
41029005 0.145647
41026733 0.150186
41014007 0.157762
41013159 0.160215
41012413 0.162176
41009356 0.163854
41008824 0.168236
41006354 0.168681
40996603 0.169671
40988933 0.170854
40986638 0.172787
40980253 0.173767
40974841 0.174110
40968758 0.175943
40965731 0.185325
40964008 0.186751
40962825 0.194236
40962793 0.197493
40958068 0.219780
40955037 0.223676
40948995 0.227546
40948669 0.228857
40946158 0.245114
40933596 0.250594
40929549 0.251183
40913647 0.258104
40911397 0.281463
40910125 0.292293
40908771 0.315469
40907622 0.332569
40901602 0.339574
40898265 0.348458
40896411 0.359355
40893307 0.361338
40892821 0.367532
40891840 0.371106
40878660 0.372309
40877776 0.376518
40876259 0.379819
40873374 0.390201
40871892 0.391974
40869073 0.395315
40865191 0.396790
40863467 0.401039
40863075 0.405567
40862265 0.429883
40859328 0.431065
40859117 0.464588
40852514 0.464968
40852371 0.467329
40851776 0.491852
40851004 0.552713
40848328 0.554124
40848056 0.554823
40845535 0.558521
40844211 0.586824
40843923 0.595695
40842941 0.613420
40841702 0.625347
40839613 0.651935
40838499 0.660279
40829303 0.660420
40828973 0.703072
40828756 0.763860
40822281 0.914532
40821440 0.945575
40821023 0.953617
40820806 0.979265
40820584 1.199510
40820362 1.404741
40820094 5.522675
40819693 5.530517
40817197 5.543865
40814885 5.556146
40810266 5.570809
40809820 5.571493
40809541 5.574473
40808762 5.578095
40808529 5.595397
40807600 5.608101
40806790 5.635239
40805647 5.671179
40805613 5.700075
40805258 5.702613
40804744 5.774990
40803993 5.879812
40803203 5.959329
40803164 6.133091
40800166 6.183679
40799457 6.346756
40799014 6.391742
40795533 22.707479
40794388 22.751140
40792829 22.751561
40791671 22.933320
40791250 22.953797
40791095 23.079045
40790035 23.119479
40787121 23.250144
40785932 157.639704
40785349 157.656795
40784539 157.713573
40779308 157.817618
40779035 443.859998
40777595 443.863801
