41294473 0.012035
36609476 0.028247
36464631 0.029763
36447733 0.030433
36428905 0.030955
36416941 0.032192
36404936 0.035561
36383822 0.036191
36326674 0.036991
36321615 0.037598
36311911 0.040016
36308321 0.040394
36300962 0.042486
36290081 0.043404
36287329 0.044122
36276254 0.044680
36259768 0.045343
36238458 0.046020
36229480 0.046449
36228409 0.046901
36219839 0.049806
36195829 0.051338
36155961 0.052450
36152521 0.053062
36144869 0.054658
36142610 0.054797
36141690 0.054960
36129053 0.056082
36102367 0.058759
36100041 0.066508
36098286 0.066996
36085272 0.067856
36075165 0.070953
36066575 0.072718
36065015 0.073022
36056797 0.074891
36056598 0.075237
36044249 0.075874
36040665 0.077702
36037576 0.078008
36035650 0.080745
36034394 0.082283
36034251 0.087797
36028427 0.088525
36016124 0.091315
36008541 0.102021
36007267 0.103073
36005844 0.107567
35991994 0.108190
35988266 0.110809
35987391 0.117900
35984669 0.118939
35983936 0.125324
35982548 0.129777
35973721 0.132643
35972232 0.149691
35964682 0.165693
35963711 0.166889
35959702 0.171508
35958969 0.171693
35954439 0.174624
35952513 0.177405
35951534 0.194264
35942397 0.203172
35942002 0.208782
35941737 0.256155
35935115 0.263456
35929769 0.286525
35929446 0.288481
35928995 0.289518
35928823 0.289694
35926655 0.292141
35923914 0.298151
35923833 0.317078
35920693 0.330409
35919291 0.334967
35918926 0.344309
35918513 0.349322
35915935 0.355025
35913624 0.360876
35913276 0.370938
35910115 0.372368
35905225 0.485444
35893986 0.490279
35893795 0.503663
35893242 0.510142
35892245 0.525675
35890402 0.534187
35890298 0.541825
35886259 0.619769
35884126 0.867146
35882074 0.939652
35880711 0.945729
35880148 1.206179
35879790 1.206874
35873551 1.647590
35866821 1.654720
35865231 1.661207
35864315 1.703809
35857429 1.704832
35855482 1.936338
35853670 2.165648
35851821 2.384391
35850742 2.413234
35848887 2.443697
35848715 2.481658
35846004 6.431627
35842558 6.433244
35841728 6.497778
35841711 6.501931
35839928 7.304730
35838218 7.521631
35836816 7.571587
35829602 7.627485
35828951 7.653506
35827630 7.666169
35827510 60.521290
35824467 63.925821
35822900 64.052751
35821810 95.280904
35821264 99.163392
35819258 99.164991
35817743 99.173985
35816917 99.345289
35815365 99.398501
35815174 99.400587
35815025 99.406845
35813818 99.475871
35813415 187.865428
35812865 187.884543
35812674 188.085112
