75625003 0.037956
66984232 0.077112
66981959 0.079175
66979198 0.081485
66955949 0.082155
66948837 0.087426
66941324 0.088084
66920216 0.089055
66917812 0.090511
66865150 0.091525
66845705 0.093559
66826449 0.095109
66825121 0.095943
66803006 0.097401
66802748 0.099479
66797237 0.099752
66791312 0.100717
66782292 0.103959
66764047 0.104846
66762536 0.105637
66756802 0.105982
66753199 0.107116
66750731 0.107449
66749273 0.109990
66721916 0.112264
66718661 0.113505
66718304 0.113974
66717905 0.114911
66716433 0.115850
66714382 0.117076
66694749 0.117964
66694543 0.118384
66692664 0.119044
66666168 0.120320
66664250 0.121430
66095988 0.125233
66092532 0.126129
66066907 0.129495
66055201 0.130529
66047274 0.132097
66047208 0.132796
66043110 0.134324
66033488 0.135227
66028590 0.135776
66026726 0.140607
66026501 0.141960
66025004 0.143413
66021278 0.144774
66018402 0.145851
66011899 0.146331
66007776 0.146826
66002509 0.147420
66001217 0.148745
65997270 0.149506
65997196 0.152303
65997042 0.152890
65994226 0.155209
65991308 0.155687
65985849 0.155899
65985741 0.159015
65964595 0.161591
65957919 0.161832
65948068 0.169841
65945220 0.172684
65938800 0.173345
65923566 0.179714
65921552 0.180708
65917546 0.181466
65913839 0.182976
65906643 0.183659
65900366 0.186571
65899523 0.186938
65876925 0.188756
65862021 0.190536
65861795 0.190705
65857763 0.196277
65845291 0.196636
65843738 0.196970
65841678 0.197350
65839892 0.197721
65833109 0.201158
65827425 0.203600
65826923 0.203858
65822897 0.206059
65817552 0.208104
65806102 0.209644
65801448 0.221385
65801113 0.223904
65801083 0.224461
65797930 0.225567
65797918 0.229706
65780941 0.230515
65771425 0.236124
65770213 0.236494
65764140 0.240430
65758067 0.246340
65757801 0.246754
65754922 0.252960
65746294 0.253523
65745254 0.257292
65743567 0.260767
65740009 0.263017
65736024 0.263095
65730183 0.268736
65721941 0.285751
65716862 0.291614
65711486 0.292172
65710314 0.293474
65702090 0.297171
65699106 0.298460
65697590 0.299170
65697164 0.304361
65692132 0.306155
65691602 0.316096
65690972 0.318707
65688866 0.319128
65688609 0.319288
65688566 0.324611
65688515 0.332081
65687104 0.337480
65685962 0.340501
65684509 0.341704
65677987 0.346184
65677364 0.350380
65665632 0.362360
65665022 0.362833
65661227 0.370136
65661183 0.374089
65659627 0.374907
65657928 0.378348
65657218 0.382965
65657071 0.392622
65656719 0.395041
65655235 0.395215
65654358 0.400118
65654092 0.412573
65650274 0.417077
65649099 0.425521
65642488 0.436674
65641655 0.437028
65639051 0.444615
65637850 0.459970
65634507 0.464207
65632592 0.469343
65623788 0.473882
65623344 0.482519
65621615 0.492902
65621132 0.500248
65618765 0.502629
65618003 0.504876
65615838 0.505640
65615574 0.508863
65615168 0.511482
65614205 0.511655
65610096 0.514684
65605786 0.516803
65596871 0.526007
65592221 0.526510
65591745 0.531760
65590800 0.542496
65584991 0.550872
65583965 0.551747
65583706 0.560506
65582758 0.564940
65575522 0.574873
65574417 0.575303
65572654 0.575956
65567561 0.578717
65562786 0.592522
65557289 0.592759
65557058 0.593039
65554738 0.595272
65554137 0.600084
65550651 0.601872
65550522 0.605179
65548694 0.607383
65548289 0.630015
65541223 0.636031
65538500 0.640569
65533873 0.640984
65531338 0.648763
65530702 0.669016
65529596 0.674758
65524181 0.679530
65523940 0.695743
65523682 0.701594
65523452 0.712152
65521605 0.715932
65520193 0.716693
65519949 0.728806
65512979 0.731080
65509659 0.733147
65507590 0.733989
65506980 0.734561
65506209 0.734930
65503629 0.759520
65503407 0.762207
65503109 0.763960
65502160 0.771293
65501424 0.786219
65498237 0.800629
65494899 0.847436
65492618 0.859908
65491811 0.870504
65491650 0.909798
65491418 0.910883
65488532 0.914625
65488292 0.923597
65487346 0.925241
65485970 0.927723
65484534 0.928132
65483761 0.934310
65483158 0.940858
65480183 0.943619
65477823 0.943781
65477638 0.955597
65474825 0.964643
65474234 0.992437
65473755 0.993784
65472648 0.993891
65472448 0.997515
65472294 1.009200
65465751 1.035227
65464158 1.048101
65460921 1.053206
65457668 1.053904
65452325 1.054314
65451683 1.057240
65450465 1.061359
65450062 1.068104
65449731 1.078742
65448948 1.084007
65448028 1.087616
65446552 1.091247
65444623 1.114557
65444120 1.115286
65441769 1.143329
65441226 1.168518
65440962 1.182981
65440395 1.206725
65439926 1.229718
65439699 1.251693
65437788 1.253788
65436124 1.254900
65430393 1.260877
65429995 1.262205
65429082 1.286357
65422214 1.288281
65422002 1.335035
65421111 1.356144
65419227 1.385999
65418234 1.400734
65418067 1.408974
65417324 1.409389
65414793 1.451850
65413894 1.501879
65411270 1.512756
65411264 1.520101
65411018 1.541958
65409872 1.621488
65408710 1.624657
65406596 1.642798
65406307 1.709158
65405642 1.737224
65402465 1.816207
65401983 1.816841
65400714 1.837131
65400282 1.840349
65398828 1.856605
65398237 1.868876
65397912 1.880470
65397190 1.885072
65396025 1.924932
65395566 2.009489
65394793 2.079129
65394732 2.154763
65394383 2.154861
65392945 2.184491
65392506 2.194655
65391760 2.200252
65391011 2.251024
65390128 2.267494
65389272 2.317018
65386905 2.343522
65386763 2.354878
65386435 2.614664
65381271 2.665529
65380127 2.673459
65379973 2.779103
65379459 2.844565
65379092 2.895507
65378706 2.899285
65376746 2.930579
65375437 2.935237
65375109 2.980668
65374541 3.001975
65372854 3.013587
65372830 3.059985
65371776 3.104953
65371319 3.133317
65370977 3.194856
65369419 3.227384
65369417 3.326855
65368747 3.367558
65363649 3.444715
65363443 3.469478
65361819 3.692496
65361387 3.846475
65360658 3.854490
65360220 3.874178
65360032 3.955792
65359543 4.151836
65357628 4.216664
65357407 4.547269
65357051 4.572921
65355992 4.690333
65355375 4.695904
65354968 4.708159
65354239 4.729323
65352635 4.786539
65352529 4.852856
65350585 4.880679
65350098 4.944325
65349352 12.885646
65349070 12.943420
65347821 13.079308
65347198 13.150670
65346433 13.427176
65345534 13.511064
65344688 13.562136
65344415 13.610674
65343728 13.708688
65343275 13.843215
65340595 13.909294
65340310 14.016547
65337320 14.042681
65335329 32.438111
65335228 32.642469
65335052 33.256848
65332935 33.332052
65332284 33.400319
65330031 33.484243
65329444 33.611163
65329250 33.662346
65329082 33.774717
65329012 61.740000
65324832 61.755255
65323613 61.995749
65323506 62.020195
65323269 62.036421
65322622 62.187499
65322280 62.432333
65319574 62.442257
65319375 65.875608
65319098 65.899590
65315567 65.917729
65315134 65.938970
65315013 65.958418
65313234 65.989465
65313153 65.990729
65312503 65.990982
65310530 66.015604
65309323 66.029022
65306383 66.051448
65305415 66.052622
65305354 66.088539
65304148 66.236780
65304106 66.337402
65303963 66.632693
65303102 66.642262
65302441 66.743495
65301614 66.801527
65298831 66.808880
65297038 66.897485
65296623 67.003205
65295578 67.047345
65295545 67.070237
65294306 67.071435
65293908 67.093504
65291686 67.141556
65291237 67.224845
65290943 67.256229
