56531920 0.076312
47825522 0.306541
47816917 0.318515
47810603 0.320826
47792078 0.322829
47768161 0.325525
47768097 0.325901
47761823 0.328083
47761017 0.330016
47756627 0.337755
47752230 0.342126
47749662 0.349150
47733380 0.354811
47724553 0.357331
47720512 0.363296
47717026 0.365813
47715599 0.367451
47712112 0.371089
47710874 0.374393
47708734 0.382579
47678409 0.387272
47670591 0.396786
47668561 0.397975
47668466 0.399894
47662940 0.400825
47662276 0.413704
47651685 0.414973
47650468 0.416687
47647176 0.421634
47647050 0.422142
47642099 0.424011
47636208 0.425903
47635980 0.430046
47635320 0.437300
47563467 0.443290
47558281 0.447737
47556108 0.452957
47544972 0.454781
47543770 0.455358
47540792 0.461825
47387499 0.471462
47387368 0.479934
47384524 0.486214
47361794 0.493036
47361558 0.494388
47328289 0.499180
47327832 0.510024
47327762 0.510798
47327202 0.514444
47323157 0.515014
47322679 0.517246
47321744 0.536513
47321173 0.543465
47321064 0.548261
47320556 0.550629
47319813 0.553033
47307435 0.560193
47307258 0.575060
47284862 0.577087
47256697 0.580478
47252894 0.581299
47252041 0.595078
47248487 0.602222
47248211 0.604913
47245361 0.605883
47245151 0.607619
47236110 0.616938
47235547 0.618753
47204327 0.621187
47189886 0.624726
47189415 0.625669
47186478 0.631217
47184967 0.634203
47161293 0.639466
47129122 0.643225
47128809 0.647445
47124987 0.654257
47124443 0.656227
47124430 0.661673
47118491 0.663302
47118105 0.674221
47115267 0.682527
47114998 0.683360
47114293 0.684838
47113851 0.686482
47113474 0.691798
47113016 0.695667
47107850 0.703246
47107444 0.703435
47107403 0.705408
47102350 0.707298
47102154 0.710798
47039733 0.716165
47039134 0.718548
47036692 0.720835
47036623 0.721442
47035328 0.723869
47008347 0.728194
47000561 0.736670
46975488 0.738466
46968993 0.752691
46968682 0.755302
46929405 0.765141
46928782 0.767611
46923898 0.769422
46916206 0.775899
46915674 0.785609
46913260 0.787798
46909841 0.800421
46908252 0.802923
46865655 0.813632
46864867 0.816251
46864571 0.824862
46862734 0.825475
46862370 0.826134
46859516 0.829024
46858913 0.829881
46857355 0.831005
46856935 0.834774
46852686 0.839963
46849627 0.843148
46847686 0.855870
46842836 0.870992
46830781 0.878324
46830131 0.885584
46823172 0.906736
46821571 0.914956
46821107 0.916985
46820818 0.917178
46819600 0.921828
46818808 0.927025
46816120 0.940692
46815973 0.941195
46813876 0.943351
46813275 0.948300
46811971 0.949294
46811584 0.970283
46809330 0.973950
46806792 0.974660
46806506 0.975966
46806460 0.980321
46796514 0.984229
46791106 0.987932
46786507 0.996104
46783972 0.998929
46783683 1.000115
46782460 1.002427
46781475 1.007635
46780741 1.038140
46778870 1.040093
46773974 1.055930
46772156 1.063416
46764316 1.069175
46764006 1.070782
46754429 1.074501
46749674 1.078357
46749196 1.079349
46746084 1.093325
46743196 1.094762
46740184 1.099791
46734923 1.103709
46731346 1.126613
46729101 1.142767
46725086 1.147064
46716399 1.155227
46716126 1.155769
46712004 1.162807
46709667 1.165633
46709075 1.176207
46705865 1.182834
46704412 1.184270
46703098 1.194960
46702853 1.202086
46702226 1.204403
46699416 1.205137
46698994 1.210470
46696182 1.218391
46694575 1.222996
46693836 1.225669
46693790 1.227903
46692756 1.236357
46692538 1.247784
46691244 1.266206
46678095 1.270565
46675695 1.282182
46674821 1.297719
46674506 1.300634
46671600 1.309118
46670215 1.314384
46659574 1.345246
46659218 1.352524
46658621 1.353753
46657664 1.357756
46657040 1.365296
46655744 1.369129
46654739 1.371266
46653422 1.373130
46653265 1.378019
46650490 1.382519
46649850 1.384100
46615900 1.403560
46614645 1.417557
46608727 1.426257
46606888 1.439868
46605429 1.454473
46583925 1.457502
46582893 1.503041
46578798 1.507010
46575695 1.510873
46574478 1.512630
46574012 1.540420
46573035 1.560185
46572730 1.567360
46572646 1.570057
46537399 1.577899
46537058 1.580910
46536257 1.588406
46535763 1.591622
46533764 1.595129
46532929 1.600326
46532823 1.607422
46521800 1.614623
46519934 1.619618
46519601 1.631574
46518496 1.650217
46515261 1.663390
46514861 1.670376
46514358 1.670930
46512734 1.672568
46512551 1.684123
46511842 1.710131
46511791 1.712370
46510570 1.732063
46508009 1.737601
46507122 1.748612
46506648 1.757894
46505448 1.762758
46505399 1.768352
46503042 1.779064
46501774 1.790560
46501655 1.804176
46499841 1.818054
46498201 1.820786
46497523 1.823195
46496898 1.824064
46488824 1.828601
46488712 1.830115
46487275 1.842293
46486471 1.866942
46486404 1.886154
46485762 1.886967
46485754 1.888970
46485651 1.936739
46484535 1.947366
46484271 1.966307
46483367 1.970988
46483228 1.989953
46483124 2.001516
46482794 2.006369
46480421 2.009612
46477671 2.016275
46477462 2.031633
46476916 2.033052
46475897 2.042374
46475226 2.050083
46474509 2.064005
46472053 2.068698
46464549 2.072129
46459589 2.107136
46455246 2.116581
46454567 2.117625
46454504 2.128513
46454044 2.132709
46452107 2.137364
46452066 2.141191
46448894 2.142465
46448784 2.147263
46448196 2.149530
46447339 2.150328
46446814 2.160107
46446548 2.176511
46437203 2.180341
46437121 2.192202
46437018 2.205200
46436810 2.220967
46436654 2.228289
46436627 2.270622
46434409 2.274340
46434041 2.282285
46433037 2.294779
46432220 2.302745
46430953 2.306885
46430157 2.313800
46429808 2.320313
46429792 2.321942
46428226 2.330905
46425242 2.342390
46424977 2.347265
46421062 2.348070
46420792 2.367620
46420721 2.381545
46417780 2.386746
46417775 2.389367
46417715 2.390385
46417654 2.404769
46417359 2.411551
46416897 2.415300
46416826 2.429379
46415528 2.437286
46410221 2.449637
46409886 2.464304
46409420 2.480919
46408512 2.514157
46408456 2.517440
46408332 2.529568
46406416 2.540715
46406236 2.556302
46406222 2.597236
46404025 2.599285
46403840 2.615214
46403370 2.615474
46402389 2.616628
46401518 2.628507
46401358 2.633202
46399155 2.636507
46398162 2.643747
46397419 2.655894
46394714 2.661293
46394626 2.663734
46394614 2.668078
46394415 2.689621
46393686 2.690022
46391583 2.701409
46391373 2.710555
46380593 2.715763
46379562 2.757029
46379017 2.764192
46378512 2.774779
46377235 2.775915
46376878 2.804824
46376854 2.830290
46375631 2.846056
46373373 2.848663
46373271 2.862781
46373105 2.872433
46372798 2.874441
46372710 2.879726
46372598 2.880619
46370896 2.882673
46370715 2.885477
46370598 2.887628
46370453 2.893424
46369948 2.900167
46342153 2.922161
46341349 2.939011
46339901 2.951323
46334825 2.976699
46334394 2.982424
46334336 2.987867
46334206 2.990524
46331227 3.033702
46330857 3.062577
46330618 3.064728
46330365 3.071474
46330217 3.082704
46329802 3.083627
46329439 3.084779
46326576 3.089196
46326364 3.095537
46326104 3.096188
46324316 3.116562
46323710 3.133191
46322550 3.141583
46322407 3.162330
46321380 3.164737
46319158 3.173656
46318236 3.179855
46314966 3.188766
46279945 3.195598
46277660 3.210585
46275996 3.256929
46252056 3.266804
46248859 3.267285
46247007 3.269022
46246892 3.273462
46246554 3.275605
46246260 3.281164
46246031 3.294193
46244348 3.296809
46244314 3.307972
46242040 3.319866
46237565 3.323145
46236515 3.325708
46236356 3.342078
46235643 3.350239
46235504 3.358967
46235296 3.363529
46235279 3.395893
46234202 3.402856
46234077 3.404351
46233531 3.440971
46233460 3.456677
46233422 3.457389
46225537 3.462778
46223392 3.476661
46222627 3.498080
46219869 3.502859
46219641 3.513221
46218297 3.529613
46217979 3.558766
46214197 3.566333
46208166 3.609540
46207797 3.613926
46206939 3.615119
46206866 3.629742
46205442 3.636866
46188693 3.642252
46187138 3.699099
46186746 3.701104
46186049 3.728899
46185808 3.758973
46185791 3.779369
46184694 3.788575
46183925 3.797281
46183811 3.799716
46183536 3.816959
46183095 3.826190
46180613 3.835341
46180586 3.847808
46178688 3.864674
46178179 3.904233
46178148 3.905050
46177464 3.930347
46176737 3.982821
46173851 3.997554
46173247 4.033397
46173055 4.034361
46170617 4.051459
46170405 4.055027
46170319 4.062711
46169770 4.070186
46169263 4.109245
46167952 4.112915
46167587 4.122063
46167021 4.183032
46166857 4.186602
46166039 4.196151
46164513 4.224767
46163357 4.225158
46162329 4.228968
46161791 4.247167
46161652 4.287284
46159402 4.292427
46158923 4.316211
46158888 4.321948
46158257 4.353429
46157813 4.361025
46157638 4.374300
46156014 4.378384
46154590 4.402653
46154421 4.418632
46151873 4.463930
46151818 4.468072
46150155 4.500386
46149631 4.509894
46149626 4.514996
46149237 4.579961
46149099 4.601692
46147456 4.623636
46147407 4.625263
46146102 4.636108
46146086 4.689257
46145741 4.720590
46143060 4.728597
46142564 4.756476
46141922 4.791534
46140946 4.797599
46140049 4.806857
46140032 4.807314
46139941 4.842100
46139745 4.856221
46139667 4.860938
46139284 4.885016
46138381 4.895363
46137772 4.914478
46137506 4.917509
46137295 4.961254
46136429 4.966337
46136214 4.992864
46133753 5.014553
46133550 5.024859
46132600 5.051005
46132553 5.082664
46131652 5.088943
46131537 5.117033
46131260 5.129504
46131144 5.139681
46131056 5.225876
46130586 5.226635
46130493 5.230802
46128541 5.235044
46128488 5.239592
46125412 5.240671
46124784 5.257274
46124457 5.267625
46123409 5.271358
46123369 5.277234
46123002 5.307235
46122933 5.308023
46122826 5.347327
46122393 5.378469
46122270 5.405493
46121721 5.411661
46121514 5.416467
46121126 5.442375
46120542 5.473068
46119342 5.497117
46119260 5.506274
46117967 5.547685
46117755 5.563064
46117414 5.565031
46116612 5.571187
46116508 5.600637
46116131 5.615898
46115895 5.663300
46115808 5.686179
46114344 5.708001
46114078 5.710683
46113314 5.726149
46113009 5.754272
46112841 5.754951
46109978 5.767361
46108689 5.774970
46108306 5.815042
46107843 5.826273
46107456 5.833963
46106222 5.838498
46105906 5.857231
46105396 5.907885
46104324 5.914131
46104244 5.914794
46103314 5.997626
46103228 6.006894
46103222 6.014570
46103052 6.101756
46100792 6.141997
46098837 6.216584
46098061 6.234061
46097476 6.250545
46097309 6.251915
46097143 6.288428
46096814 6.298624
46096669 6.308080
46096351 6.322115
46096242 6.324510
46095814 6.336692
46095795 6.361680
46095631 6.374464
46095323 6.380222
46095202 6.381619
46094817 6.392804
46094788 6.407248
46093367 6.413202
46092892 6.455330
46092513 6.479774
46092009 6.486651
46091854 6.503566
46091762 6.527530
46091636 6.560536
46089576 6.567100
46089519 6.596502
46087535 6.685200
46087133 6.688441
46084688 6.755592
46083131 6.779275
46082343 6.794245
46081931 6.797345
46081840 6.842300
46080717 6.856563
46077856 6.887248
46077829 6.957766
46077571 6.960546
46077130 6.965419
46076968 7.009218
46076081 7.019828
46075626 7.036246
46075220 7.074189
46074704 7.093244
46073339 7.111812
46071808 7.116513
46069842 7.196576
46069314 7.229215
46068892 7.304360
46068681 7.358755
46068226 7.379322
46067999 7.389339
46067899 7.419925
46067733 7.421684
46067655 7.443344
46066528 7.449706
46066407 7.471300
46066145 7.487344
46065720 7.493117
46064184 7.524121
46063179 7.555430
46062863 7.560101
46061517 7.562761
46061417 7.638315
46060858 7.671301
46060549 7.680618
46059614 7.689389
46059030 7.717540
46058577 7.730640
46057627 7.750211
46057588 7.758848
46056987 7.775410
46056504 7.780937
46054776 7.796568
46054743 7.805370
46054648 7.878138
46054631 7.911194
46054623 7.933568
46053929 7.993504
46052673 8.002935
46052502 8.060915
46052257 8.113970
46051218 8.184301
46049910 8.216217
46048915 8.221456
46048670 8.359624
46047487 8.366164
46042541 8.399453
46041395 8.477665
46041186 8.492614
46040909 8.551225
46040871 8.554284
46040832 8.634164
46040547 8.884151
46039849 8.890281
46039590 8.990830
46039164 9.094903
46039013 9.185901
46038932 9.294817
46038492 9.311375
46035981 9.349822
46035980 9.401325
46035936 9.456303
46035870 9.477379
46035673 9.487823
46033197 9.506759
46033015 9.510152
46032676 9.517055
46032598 9.577423
46030999 9.598339
46030925 9.638681
46030419 9.670251
46030126 9.683137
46029789 9.776877
46029705 9.817046
46029600 9.822974
46029473 10.003700
46029195 10.075739
46028386 10.111985
46027843 10.134461
46027729 10.142669
46027016 10.322190
46026808 10.380776
46026698 10.501105
46026558 10.671625
46026309 10.885570
46026226 10.987813
46025931 10.996965
46025170 11.064232
46024003 11.512479
46023844 11.516869
46023626 11.575988
46023030 11.621781
46022721 11.651218
46022620 11.777661
46021501 11.778401
46020971 11.832389
46010656 11.903141
46007445 11.916512
46007300 11.936466
46006590 11.937885
46005969 12.063241
46005528 12.073630
46004928 12.104931
45986652 12.183066
45986335 12.311864
45985870 12.394145
45985299 12.534436
45984993 12.861310
45984601 12.997131
45984597 13.069545
45984309 13.081793
45983926 13.099489
45983549 13.156822
45983469 13.167248
45982993 13.202976
45982333 13.400958
45981962 13.510481
45981760 13.593251
45981681 13.726805
45981010 13.900220
45980809 13.919206
45979546 14.013297
45979310 14.145763
45978977 14.189103
45978799 14.330809
45977493 14.552228
45977001 14.624016
45976821 14.820739
45976818 14.861400
45976639 15.046019
45976479 15.084533
45976234 15.111867
45975756 15.140967
45974570 15.157183
45974408 15.331328
45974352 15.353164
45974141 15.464673
45973967 15.829793
45973658 15.951058
45973138 16.219220
45973065 16.250173
45972957 16.405789
45972854 16.653684
45972743 16.710481
45972442 16.917848
45971613 17.218398
45971328 17.566684
45971246 17.759427
45970600 17.778179
45970123 18.011610
45969969 18.250082
45969823 18.257180
45969610 18.443867
45969474 18.585379
45968898 18.657990
45968796 18.936150
45967653 19.218720
45966308 19.281642
45965394 19.716118
45965355 19.903153
45965301 20.733256
45964975 20.943015
45964960 21.006088
45964836 21.295526
45964408 21.552146
45963794 21.879289
45962837 22.100502
45962611 22.192600
45962035 22.360944
45961983 22.413629
45961936 22.750480
45961551 22.967144
45960590 23.004271
45960562 23.192173
45959942 23.367633
45959482 23.497754
45959117 23.522491
45959087 23.715671
45958383 23.815033
45958174 23.861791
45958136 23.925672
45957984 24.003714
45957187 24.060526
45956288 24.129141
45956208 24.283386
45955793 24.662106
45955368 24.693896
45953778 24.878914
45953741 24.927353
45953648 25.054670
45953562 25.086606
45953457 25.305153
45953424 25.319266
45953046 25.362892
45953030 25.389017
45952798 26.022415
45952723 26.141507
45952683 26.605823
45952414 26.752085
45952148 26.872082
45952025 26.945241
45951761 27.287814
45951606 27.869091
45951602 28.268149
45951334 28.461981
45951150 28.615755
45950704 28.626607
45950178 28.884268
45949123 29.003353
45947986 29.214565
45944282 29.483548
45943671 29.535051
45943657 29.697193
45943504 29.959467
45943204 30.041431
45943000 30.045499
45942837 30.103149
45942313 30.213327
45941958 30.289077
45940927 30.787440
45940682 30.867437
45940671 31.092365
45940601 31.284950
45940180 31.405022
45939219 31.456129
45938991 31.486310
45938795 31.505961
45938685 31.529869
45938599 31.558786
45938300 31.574958
45938270 31.796355
45938155 31.927952
45937387 32.916627
45937171 33.223230
45936914 33.288758
45936598 33.963422
45936549 33.983914
45927607 34.039076
45925147 34.085703
45925087 34.132015
45923873 34.182516
45923763 34.224058
45923607 34.266866
45920685 34.529872
45920584 34.737169
45919934 35.004996
45919887 35.084683
45919776 35.206893
45918360 35.462683
45918229 35.540045
45916652 35.773559
45916509 36.122288
45916474 36.916447
45916404 37.052165
45914514 56.507190
45913895 56.654613
45913793 56.736396
45913067 56.772017
45912807 56.784298
45912654 56.939174
45912646 57.123559
45912397 57.227385
45912101 57.252985
45911939 57.306992
45911582 57.364538
45910872 57.484552
45909852 57.513569
45909525 57.597951
45909480 57.673292
45909216 57.773825
45908671 57.872387
45908394 58.177745
45908303 58.500471
45908267 58.527551
45908095 58.657284
45907983 59.314656
45907898 59.360075
45907724 59.407926
45907638 59.525109
45907586 59.571693
45907437 59.751227
45907320 59.829591
45907171 59.897463
45907130 60.044071
45906883 60.234253
45906854 60.252469
45906781 60.265559
45906006 60.357815
45905424 60.588547
45905143 60.694237
45904819 60.860575
45904181 61.414548
45904155 61.518395
45903746 61.599427
45903557 61.619568
45903329 61.710922
45903299 61.717637
45903293 61.750369
45903183 61.853500
45902527 61.890705
45902252 61.998398
45902250 61.998861
45902134 62.296667
45892682 62.574909
45892645 62.635792
45892609 62.754615
45892300 62.908455
45892217 63.070708
45891926 63.110224
45891295 63.162512
45891057 63.809869
45890756 63.826754
45890613 63.953689
45889061 64.298064
45888659 64.431146
45888640 64.534195
45885955 64.688447
45885691 64.712732
45885442 64.858216
45884997 64.995295
45884934 65.098230
45884831 65.116961
45884724 65.377335
45884652 65.908472
45884419 65.980833
45883191 66.032480
45882907 66.173323
45882727 66.385408
45882695 66.480284
45882361 66.724682
45882082 66.735829
45881983 66.785225
45881668 66.806452
45881043 67.129305
45881038 67.174462
45881008 67.511586
45880624 67.557050
45880501 67.700528
45880367 68.178693
45879200 68.267433
45871038 68.731755
45871034 68.832206
45870983 68.990229
45870785 69.316618
45870552 69.445193
45870423 69.847731
45870294 70.280463
45870275 70.634606
45870154 71.957862
45870124 72.100074
45870014 72.170158
45869741 73.084428
45868705 73.676422
45867975 73.813635
45867734 74.457188
45867516 74.506723
45867415 94.178443
45866875 94.230578
45866597 94.380500
45866596 94.385636
45866563 94.608550
45866039 94.636169
45865669 94.754071
45865590 94.841147
45865145 95.002130
45864939 95.300293
45864869 95.422571
45864860 95.446075
45864781 95.466783
45864451 95.782115
45864431 97.050878
45863839 97.401500
45863834 97.532379
45863271 98.043880
45862846 98.117357
45862685 98.700169
45862101 98.737048
45861977 98.966009
45860617 99.431535
45860338 99.448336
45860207 99.460698
45859747 99.943876
45859684 100.136457
45859201 100.465813
45859150 100.565452
45859111 101.465039
45858610 102.251578
45858524 102.830329
45858510 104.001544
45858374 104.231163
45858317 104.607775
45857952 104.751953
45857816 104.829685
45857763 104.831880
45857670 105.392484
45856544 105.753720
45856445 105.942513
45856367 105.989664
45856054 106.402370
45855577 106.456866
45855507 106.647425
45855477 108.922345
45854191 196.184325
45851586 196.249219
45849962 196.251936
45849703 196.254271
45848933 196.254611
45848842 196.260040
45848779 196.295863
45841488 196.297206
45841475 196.302224
45841118 196.317832
45840633 196.364696
45840244 196.421303
45839475 196.459261
45839064 196.553096
45839019 196.562401
45838304 196.570292
45838292 196.573204
45838264 196.574524
45834747 196.586309
45834243 196.667195
45834219 196.746557
45834034 196.879406
45834018 196.894760
45833090 196.916366
45832715 196.997537
45832580 197.139243
45832421 197.166521
45832370 197.184266
45831328 197.219785
45831281 197.259191
45830994 197.273330
45830778 197.317295
45830777 197.366007
45830623 197.443453
45830581 197.578984
45829725 197.700154
45829518 197.717438
45829367 197.754795
45829334 197.810631
45828779 197.892187
45828432 197.901039
45828428 197.923200
45827960 197.987419
45827934 198.105199
45827119 198.136986
45827030 198.209677
45825864 198.253968
45825796 198.290841
45825066 198.391994
45824242 198.414112
45824060 198.478798
45823708 198.493036
45823533 198.506821
45823275 198.548054
45823224 198.639042
45822747 198.653993
45822669 198.878935
45822478 198.889966
45821257 198.991355
45821140 199.015818
45821037 199.259958
45820953 199.453020
45820770 199.665788
45820664 199.822357
45820576 199.883081
45819485 199.999979
45819100 200.050755
45818350 200.144841
45818093 200.162093
45817814 200.665943
45817763 201.015633
45817276 201.076562
45817007 201.251809
45816949 201.328032
45816173 201.335756
45815438 201.509474
45814917 201.702380
45814720 201.806321
45814385 201.988454
45814371 202.187748
45813841 202.289725
45813627 202.466991
45813402 202.605090
45813054 202.824144
45812995 202.938624
45812828 203.145166
45812764 203.362856
45812762 203.405468
45812610 203.519108
45812153 203.877361
45812060 204.109427
45811775 204.113776
45811630 204.134921
45811544 204.205804
45811335 204.218723
45811328 204.460644
45811314 204.907095
45810965 204.956537
45810859 205.297864
45810688 205.495565
45810535 206.272454
45810051 206.410470
45809961 206.495194
45809295 206.612936
45809214 206.808435
45808996 206.843761
45808527 206.973652
45808027 206.983876
45808017 207.100155
45807912 207.521382
45807487 207.768453
45807466 207.979254
45807398 208.324877
45807242 208.502530
45803176 208.514150
45803119 208.574423
45801982 208.752994
45801573 208.753911
45800598 208.993554
45800588 209.280856
45800560 209.290629
45800508 209.518416
45800402 209.529340
45800248 209.744490
45799588 209.816251
45798963 209.862897
45798040 209.866589
45797859 209.924823
45797505 209.926416
45797374 210.072214
45797222 210.439881
45796668 210.588422
45795616 210.603514
45795511 210.623440
45795478 210.626174
45795178 210.718466
45794191 211.099758
45794104 211.129987
45793835 211.359900
45793488 211.433901
45793400 211.583007
45793394 211.940064
45792424 212.071420
45790026 212.111050
45789492 212.544591
45788936 212.752842
45788792 212.769541
45787477 213.006814
45785849 213.115803
45785829 213.750149
45785638 213.972976
45785499 214.008492
45785127 214.298763
45785053 214.313584
45784166 214.364541
45783765 214.376991
45783534 214.433287
45783504 214.459754
45783159 214.468047
45783140 214.684217
45783137 214.881143
45783090 215.126959
45782392 215.906100
45782362 216.023620
45782008 216.100349
45781765 216.694084
45781734 216.716228
45780639 216.853211
45780246 217.746944
45779950 217.925658
45778873 218.100115
45778600 218.374006
45778461 218.429309
45777871 218.748286
45777030 218.905988
45776975 218.929813
45776836 219.163437
45776653 219.784528
45776136 220.379517
45776101 220.561615
45774873 220.662157
45774723 220.881167
45773942 222.055081
45773697 222.641701
45773016 398.037926
45772978 398.102566
45772831 398.212699
45772187 398.268976
45772096 398.332909
45772088 398.483713
45771736 398.504338
45771360 398.693866
45770477 398.826019
45770230 399.063350
45770200 399.127634
45769954 399.485183
45769607 399.749844
45769082 399.866774
45767554 400.120673
45767501 400.338902
45767340 400.433915
45767290 400.465937
45765969 400.554253
45765687 400.829749
45765464 400.910370
45764280 400.983607
45764147 401.180007
45763915 401.180418
45763265 401.229058
45762854 401.391090
45762222 401.532299
45762214 401.597071
45761889 401.736022
45761736 402.047224
45761393 402.161939
45761103 402.164022
45761051 402.342828
45760635 402.499108
45760549 403.049652
45760419 403.380500
45760417 403.530331
45760150 403.611415
45760072 403.736922
45759563 404.411974
45758728 404.672300
45754306 404.921466
45753365 405.068406
45752506 405.295550
45750379 405.391061
45750310 405.622360
45750260 405.801140
45750086 405.965490
45749581 406.157636
45749536 406.453903
45748811 406.729887
45748654 407.057302
45748621 407.311031
45748191 407.364564
45748156 407.417865
45746112 407.601392
45746095 407.850165
45745981 408.000099
45745950 408.010782
45745890 408.315170
45745253 408.340154
45745034 408.486388
45744669 408.539921
45744526 408.627973
45744330 408.789707
45744304 409.601135
