52651843 0.059760
44920819 0.258389
44913110 0.262268
44899017 0.269781
44898799 0.284995
44890514 0.290729
44884154 0.296824
44882176 0.300929
44875718 0.303740
44874833 0.304766
44874093 0.306749
44871425 0.311783
44870512 0.329432
44869833 0.332274
44869728 0.338388
44868571 0.341488
44825697 0.343041
44824930 0.344617
44823569 0.346493
44812256 0.348388
44795629 0.363123
44794060 0.363792
44770367 0.381701
44764702 0.399850
44760844 0.400698
44754635 0.408435
44751170 0.413089
44745805 0.416385
44737739 0.417492
44732002 0.422881
44730621 0.458610
44709904 0.460951
44703918 0.470439
44700267 0.479880
44700003 0.480862
44699824 0.486414
44660900 0.493571
44657610 0.494601
44654602 0.495800
44651209 0.504793
44648091 0.515084
44647109 0.518511
44642361 0.519751
44641783 0.526785
44639880 0.533895
44637788 0.535083
44622377 0.537380
44622036 0.540054
44620054 0.544714
44619726 0.546020
44617819 0.546853
44521285 0.551467
44519127 0.554758
44514006 0.559363
44513207 0.577160
44513175 0.585646
44506576 0.587318
44506496 0.597191
44499720 0.598828
44499373 0.609566
44495951 0.621647
44494213 0.633035
43957503 0.645451
43956734 0.656220
43753341 0.663171
43748145 0.664791
43746826 0.677004
43746239 0.677652
43728870 0.679562
43728526 0.682122
43727780 0.683067
43713274 0.686752
43711837 0.703215
43711753 0.712690
43704370 0.715153
43696396 0.721160
43678842 0.725737
43677343 0.743368
43675438 0.755834
43673596 0.766220
43671627 0.782547
43670098 0.792573
43669432 0.802981
43665127 0.806991
43664688 0.810059
43663851 0.813876
43660429 0.816200
43613057 0.827225
43608301 0.839067
43608039 0.840311
43601780 0.844345
43600177 0.846093
43593848 0.848856
43593202 0.857641
43591809 0.859515
43591114 0.860675
43588873 0.861838
43588739 0.863276
43588031 0.866550
43586678 0.868778
43582257 0.872030
43582144 0.886464
43580415 0.898731
43580404 0.911994
43577382 0.916230
43577320 0.919921
43574295 0.928050
43572906 0.936000
43569794 0.937941
43568201 0.942700
43568153 0.954826
43567932 0.957485
43566062 0.962319
43564498 0.969219
43563948 0.974547
43560720 0.983333
43560534 0.985425
43560004 0.987701
43557917 0.991406
43556491 0.994182
43554335 0.996736
43552007 1.011126
43550593 1.013856
43550517 1.028184
43546779 1.030204
43546424 1.032853
43545812 1.045177
43545450 1.048725
43543686 1.054993
43543450 1.060932
43540294 1.098928
43538499 1.114594
43536584 1.119251
43532685 1.124552
43530726 1.125703
43527760 1.131890
43506126 1.136732
43503344 1.138042
43503125 1.139513
43500675 1.141942
43500670 1.145868
43500483 1.160157
43499554 1.163677
43499459 1.169988
43499164 1.176678
43495333 1.188000
43494626 1.190348
43491118 1.195017
43490029 1.195957
43487389 1.197544
43487150 1.202744
43486962 1.211332
43486200 1.225888
43482420 1.229157
43482190 1.232552
43478521 1.256534
43478035 1.262816
43475094 1.270749
43474681 1.274557
43474153 1.276556
43470065 1.286025
43468863 1.293797
43468141 1.320149
43467927 1.339328
43466534 1.351862
43464846 1.358790
43464827 1.359507
43462758 1.370148
43461802 1.372081
43459818 1.373692
43458570 1.421083
43458309 1.422531
43457573 1.423940
43429205 1.431729
43428660 1.444635
43427587 1.448877
43426689 1.459402
43426638 1.462127
43425430 1.469502
43424874 1.471758
43424441 1.475519
43423844 1.476578
43423470 1.498657
43419687 1.516189
43418319 1.517999
43409937 1.531939
43408891 1.535503
43407622 1.538999
43406194 1.554414
43405084 1.568435
43403823 1.591778
43403726 1.604520
43402529 1.628816
43402470 1.630815
43402278 1.631613
43401688 1.634298
43400538 1.636066
43359059 1.639419
43358507 1.654012
43354539 1.661324
43341386 1.670940
43340115 1.686014
43339460 1.688139
43336922 1.701645
43336885 1.708793
43336371 1.713594
43335708 1.718775
43334113 1.737462
43333146 1.739736
43327483 1.748211
43327290 1.757684
43326381 1.764867
43325993 1.773043
43325947 1.778288
43325933 1.782883
43324639 1.794735
43324091 1.808437
43321804 1.834788
43320291 1.840458
43318857 1.853320
43316127 1.858487
43315278 1.860876
43312742 1.865099
43311335 1.883294
43308131 1.919111
43306061 1.919690
43304520 1.969494
43304013 1.973893
43301526 1.994193
43301128 2.006273
43299942 2.044089
43299276 2.050121
43299035 2.053539
43298462 2.060798
43298277 2.061751
43297003 2.064130
43294208 2.069574
43293748 2.071533
43293053 2.072321
43292702 2.078492
43292655 2.083898
43291417 2.087578
43290883 2.093453
43289196 2.099393
43288583 2.101606
43288204 2.107017
43288102 2.122292
43287088 2.142331
43285892 2.146450
43285589 2.146966
43284753 2.148046
43283390 2.154014
43282547 2.174845
43282510 2.175879
43282455 2.186926
43280899 2.193814
43279598 2.206604
43270953 2.216415
43270922 2.217320
43270320 2.251185
43269750 2.261422
43268413 2.265375
43268368 2.284029
43265989 2.321324
43265688 2.323315
43265406 2.341989
43264557 2.345687
43259724 2.359556
43259460 2.397400
43259368 2.404156
43258487 2.423171
43257346 2.427965
43256453 2.429412
43255316 2.430043
43255219 2.435475
43254431 2.448642
43254348 2.459915
43254337 2.509342
43253271 2.512901
43251524 2.532764
43250468 2.550927
43249746 2.557019
43249397 2.558581
43248898 2.608634
43248785 2.612526
43248489 2.637755
43248338 2.647298
43246932 2.649595
43235868 2.667921
43235393 2.668575
43234652 2.676374
43234549 2.748761
43233579 2.765995
43232440 2.777624
43232179 2.820020
43232028 2.830875
43231994 2.834023
43231954 2.838072
43231949 2.854840
43230506 2.867256
43230425 2.883958
43230271 2.903111
43230150 2.929691
43224839 2.943042
43224752 2.999887
43224334 3.055590
43222974 3.063795
43222807 3.084194
43221786 3.086553
43218172 3.091817
43217769 3.102000
43217615 3.103680
43215256 3.118417
43214840 3.119366
43214400 3.139326
43213778 3.146208
43211983 3.157856
43209414 3.178394
43208010 3.181376
43207605 3.188342
43206706 3.189612
43206521 3.270664
43205860 3.270876
43205642 3.276236
43205597 3.287454
43205385 3.303275
43205311 3.303807
43204050 3.317670
43203260 3.321261
43202874 3.385129
43202513 3.387134
43201603 3.402202
43200336 3.417315
43199765 3.418314
43199479 3.426440
43198676 3.451238
43197251 3.457470
43196697 3.538211
43196122 3.561352
43194861 3.627310
43192604 3.650749
43191080 3.652909
43190904 3.654364
43190697 3.667669
43190687 3.670642
43190674 3.683224
43190375 3.723021
43188609 3.782893
43188205 3.784464
43187692 3.795726
43187344 3.830454
43187037 3.841854
43186712 3.890103
43185431 3.925713
43185247 3.935541
43185157 3.975444
43184102 4.012823
43182458 4.028109
43182356 4.028680
43180940 4.045263
43180054 4.155731
43178771 4.159684
43177076 4.169148
43176981 4.180076
43176033 4.195730
43175906 4.289747
43175780 4.302980
43175488 4.309786
43175424 4.335155
43175392 4.357254
43173085 4.424703
43172527 4.426621
43157241 4.447052
43156413 4.505692
43154815 4.546775
43150350 4.554962
43150286 4.584882
43150271 4.604788
43149436 4.614658
43149083 4.617078
43149075 4.654333
43148986 4.700121
43148920 4.705899
43148219 4.719058
43148023 4.720454
43147790 4.733294
43146960 4.744037
43143159 4.776716
43140449 4.782775
43139831 4.798534
43139604 4.853551
43134385 4.868733
43133989 4.911128
43132828 4.939028
43131691 4.958218
43131621 4.976760
43131054 4.977386
43130483 4.978680
43130056 5.022083
43130006 5.025865
43129691 5.042167
43129330 5.059244
43129319 5.082601
43128449 5.120748
43127590 5.139182
43127535 5.142509
43126650 5.174303
43126596 5.183694
43125936 5.187693
43125760 5.196119
43125652 5.200388
43124217 5.218854
43123298 5.229220
43123028 5.249403
43122321 5.267626
43121627 5.280899
43120526 5.295128
43120523 5.342871
43120067 5.397497
43118914 5.411589
43118694 5.527440
43118054 5.538709
43117896 5.542063
43117537 5.597293
43114185 5.635517
43110642 5.660847
43110254 5.676624
43110080 5.684091
43110013 5.724130
43109092 5.743407
43108938 5.755120
43108750 5.758713
43108114 5.774853
43107049 5.853440
43103695 5.915561
43103639 5.962280
43103227 5.981184
43102718 5.990317
43102121 5.991373
43101092 5.996091
43101020 6.039397
43100966 6.053894
43100743 6.093182
43100563 6.099411
43099525 6.137718
43098817 6.140098
43096968 6.164152
43096956 6.170918
43093393 6.179690
43093183 6.198325
43092669 6.270484
43092179 6.369287
43090367 6.403953
43089852 6.475671
43089515 6.480991
43088771 6.485792
43088250 6.567396
43087573 6.572841
43078379 6.590254
43077655 6.594394
43072506 6.624912
43063356 6.653568
43060876 6.686080
43060504 6.691447
43060495 6.698305
43032191 6.709090
43027210 6.710183
43026985 6.735653
43026783 6.817748
43025281 6.867721
43025221 6.870458
43024593 6.903402
43024469 6.905463
43024280 6.957072
43024132 6.983209
43024110 6.987919
43020736 6.996886
43020666 7.001415
43020360 7.018835
43020329 7.043677
43020107 7.070177
43019769 7.083530
43019736 7.117412
43018293 7.123503
43015766 7.139944
43015747 7.147809
43014792 7.157793
43014266 7.207744
43014237 7.210732
43013691 7.254673
43013434 7.258640
43012978 7.327840
43012810 7.395000
43012611 7.408489
43011579 7.423071
43009461 7.436336
43009290 7.446658
43009029 7.463556
43008497 7.474881
43007659 7.517633
43007412 7.529593
43007160 7.534765
43005657 7.547715
43003330 7.566611
43003295 7.616130
43002637 7.643437
43001656 7.749495
43001312 7.804433
43001112 7.814855
43001005 7.829053
42999151 7.857485
42998854 7.862269
42997624 7.869959
42997588 7.939294
42997505 7.990754
42997304 7.999104
42997244 8.015620
42997187 8.076792
42995336 8.097272
42983245 8.185634
42978395 8.231946
42978354 8.303832
42978320 8.385454
42978066 8.407580
42977752 8.455784
42977650 8.462997
42977608 8.575441
42977431 8.590285
42975703 8.595114
42975398 8.611377
42974906 8.613030
42974714 8.661026
42974708 8.669128
42973975 8.766869
42973868 8.772995
42973818 8.888003
42973487 8.923389
42972821 8.941677
42972631 8.957717
42972125 9.041312
42971945 9.061553
42971150 9.155025
42970977 9.189262
42970312 9.220058
42970004 9.251256
42969457 9.297366
42969360 9.344166
42969334 9.362082
42969053 9.368396
42968881 9.386100
42968488 9.409928
42968307 9.413737
42967955 9.419086
42967474 9.436741
42967304 9.588291
42965161 9.702637
42965074 9.792578
42964988 9.808816
42964551 9.980244
42963861 9.983596
42963827 10.039625
42963641 10.062081
42963366 10.097458
42962108 10.184513
42961770 10.204023
42961036 10.205645
42960840 10.346209
42960711 10.425704
42960491 10.431338
42960203 10.572750
42960128 10.595816
42959806 10.626825
42959065 10.643257
42958050 10.730582
42957745 10.833220
42956917 10.906549
42955979 10.933228
42955830 11.041663
42953989 11.048040
42953857 11.070480
42953694 11.090622
42953647 11.109660
42953232 11.123968
42953163 11.135932
42953090 11.284307
42952878 11.379300
42952225 11.430437
42951585 11.460196
42951508 11.494981
42950818 11.514605
42950788 11.541628
42950626 11.666996
42950262 11.751050
42949235 11.784642
42949054 11.794901
42947604 11.808625
42947562 11.879133
42946408 11.891643
42945742 11.965489
42945554 11.991433
42945179 12.038597
42945043 12.059298
42944532 12.111121
42944431 12.183813
42943638 12.185598
42943282 12.256314
42943221 12.352440
42942401 12.358420
42942238 12.404692
42941883 12.407495
42941744 12.417428
42941696 12.423784
42941596 12.430251
42941216 12.437028
42941029 12.540670
42941001 12.574619
42940494 12.598316
42940435 12.603794
42940369 12.617706
42940362 12.645829
42939594 12.728309
42939426 12.754961
42939394 12.761606
42939227 12.767318
42939178 12.789318
42938761 12.820470
42937825 12.828245
42936604 12.852860
42936277 12.904259
42935631 12.936325
42935515 13.065073
42935309 13.538347
42935256 13.622432
42935196 13.642390
42935004 13.656024
42934940 13.864048
42933881 13.989538
42933616 14.065658
42933200 14.091642
42932607 14.099178
42932593 14.134320
42932548 14.135379
42932187 14.243440
42931850 14.290211
42931440 14.479732
42931211 14.632160
42930879 14.696991
42930731 14.725280
42930569 15.271364
42929657 15.327689
42929648 15.364764
42929491 15.411046
42929372 15.546755
42929046 15.601072
42927918 15.767705
42927893 15.778222
42927857 16.281888
42927687 16.312512
42927667 16.555301
42927569 17.224417
42927491 17.377715
42927466 17.619431
42927427 17.729432
42926722 18.055899
42926559 18.077331
42926216 18.084365
42925317 18.123401
42924641 18.157873
42924316 18.197221
42923742 18.223810
42923237 18.905178
42922876 18.936778
42922635 19.084645
42922052 19.368193
42921926 19.412792
42921487 19.442057
42921440 19.472682
42921107 19.483187
42921071 19.664837
42920775 19.733108
42920766 19.926104
42920657 20.112736
42920479 20.542082
42920071 20.605924
42919769 20.784033
42919722 20.865696
42919428 20.973279
42919079 21.123115
42918798 21.392541
42918769 21.596230
42918476 21.729508
42917932 21.988267
42917801 22.074921
42917481 22.091690
42917084 22.463380
42917029 23.352018
42916151 23.524524
42915971 23.616022
42915852 24.061550
42915690 24.259315
42915587 24.356189
42913602 24.366551
42913326 24.709765
42913279 24.737103
42912321 24.871574
42911819 25.147704
42911216 25.151052
42910608 25.224026
42910520 25.264127
42910124 25.406974
42909713 26.182761
42909453 26.249109
42908252 26.264771
42908201 26.284271
42908198 26.609470
42907589 26.896605
42907377 27.301493
42907319 27.355273
42905892 27.590272
42905347 27.847656
42904445 27.978598
42904337 30.015484
42904163 30.018696
42903983 30.193332
42903807 30.402745
42903551 31.867914
42903463 32.164301
42903314 52.234682
42903076 52.269471
42902321 52.483893
42901620 52.504009
42901212 52.524940
42900872 52.634519
42900499 52.652577
42899981 52.669472
42899809 52.703347
42899156 53.051555
42898820 53.078939
42898694 53.236000
42898617 53.370068
42897901 53.420314
42897873 53.424713
42897711 53.455297
42897490 53.510393
42896679 53.523955
42896626 53.802170
42896530 53.851266
42896376 53.960838
42895715 54.009890
42895443 54.178843
42895124 54.528539
42894591 54.826838
42894252 54.896722
42893933 55.036149
42893853 55.128575
42893570 55.194989
42893441 55.594465
42893309 56.080096
42892963 56.202833
42892910 56.224726
42892885 56.461588
42892711 56.669526
42892642 56.765328
42892442 56.789730
42892096 56.928202
42891021 56.941786
42890291 56.991010
42889525 57.271905
42889258 57.602812
42889082 57.834493
42888946 58.114594
42888367 58.879843
42888136 59.014644
42888019 59.509724
42887920 60.517839
42887832 60.716883
42887460 61.083936
42887051 61.653534
42886997 62.768303
42886728 62.862783
42886246 62.891919
42885779 63.265555
42884831 63.380283
42884756 66.024154
42884373 67.149575
42882153 82.465128
42880740 82.524077
42880590 82.547327
42880052 82.571531
42880024 82.583856
42879992 82.624036
42873083 82.677697
42873028 82.726033
42873026 82.760754
42872857 82.847299
42872649 82.848385
42871262 82.856543
42870989 83.007053
42870836 83.198319
42870762 83.219557
42870635 83.312359
42870476 83.321956
42870298 83.424593
42869761 83.486317
42869574 83.489921
42868697 83.494559
42867926 83.567811
42866945 83.626452
42866883 83.770143
42866225 83.808652
42866058 83.839542
42865926 83.927153
42865887 83.986661
42865013 84.092327
42864998 84.132686
42864954 84.135452
42864813 84.166294
42864384 84.260552
42864262 84.287377
42863442 84.331605
42862705 84.408768
42861911 84.441295
42861200 84.494066
42860510 84.503296
42860373 84.527892
42860372 84.657262
42860341 84.673594
42860106 84.692696
42860042 84.746865
42860003 84.859564
42859763 84.923215
42859725 84.954446
42858599 85.002123
42858597 85.176081
42857951 85.206588
42857591 85.239273
42857167 85.357021
42856820 85.453561
42856654 85.583748
42856630 85.620285
42856211 85.717804
42855475 85.773743
42855431 85.896349
42855418 86.300382
42855072 86.626928
42854977 86.713514
42854925 86.717417
42854817 86.728521
42854800 86.922145
42854465 87.068050
42854053 87.150110
42854009 87.177947
42853889 87.275687
42853571 87.351093
42853374 87.353791
42838444 87.514118
42838417 87.602744
42837779 87.829279
42836764 87.855082
42836412 87.862793
42836183 88.006718
42834722 88.195002
42834429 88.219900
42831412 88.259301
42831056 88.329310
42830770 88.653325
42830715 88.921075
42830669 89.028707
42828541 89.032235
42828399 89.083693
42828327 89.253397
42828109 89.339340
42828102 89.349078
42828041 89.428168
42828035 89.640425
42827575 89.654603
42826140 89.884715
42825406 89.992349
42825191 90.013512
42825153 90.346939
42824308 90.765682
42824250 90.986904
42823526 91.180214
42823234 92.114328
42823144 92.433508
42823122 92.584383
42822660 92.838242
42822381 92.842412
42822247 93.065321
42822164 93.165857
42822113 93.327076
42821609 93.433196
42819634 93.660147
42819493 93.891207
42819204 94.374702
42819085 94.510699
42818656 94.687376
42747672 95.228458
42747446 95.262602
42729824 95.338013
42729192 95.399731
42726362 95.478050
42726097 95.510373
42725983 95.662300
42720133 95.947104
42720131 96.226376
42719143 96.341215
42718602 96.466732
42718582 96.547347
42717777 96.561254
42717746 96.740686
42717208 96.778915
42716964 96.914626
42716643 97.057248
42715688 97.437033
42714746 97.724216
42713923 97.743101
42713357 98.403718
42712880 98.534424
42712427 98.569497
42712407 98.974330
42712317 99.119034
42712256 99.134310
42712014 99.488023
42711715 100.163764
42711553 100.190634
42711537 100.317986
42711405 100.326427
42711087 100.726009
42711078 100.899345
42710957 101.139229
42710791 101.349097
42710212 101.577130
