27163064 0.013781
21491091 0.057615
21400004 0.067303
21386242 0.069755
21368407 0.072990
21368124 0.076809
21333803 0.084397
21322055 0.090804
21314781 0.092893
21310005 0.094676
21309672 0.095017
21269338 0.108379
21262793 0.111068
21252021 0.114915
21246004 0.116347
21243001 0.118016
21242508 0.119863
21241840 0.122466
21234756 0.126129
21233747 0.131467
21231776 0.137069
21230561 0.139694
21226000 0.143354
21224679 0.144045
21222435 0.146098
21220446 0.149095
21212377 0.152817
21210544 0.156619
21207154 0.157314
21206451 0.164111
21206344 0.188506
21206252 0.189779
21204278 0.198496
21204262 0.199548
21197965 0.222053
21195829 0.222894
21194433 0.230242
21186656 0.240761
21182779 0.255692
21182711 0.273380
21182224 0.274037
21180358 0.284166
21180282 0.321638
21176590 0.327470
21173446 0.332230
21170406 0.336180
21166440 0.337062
21166303 0.342508
21165428 0.348014
21165171 0.361940
21161578 0.362249
21161061 0.368602
21160936 0.389609
21154686 0.413137
21153646 0.420264
21151493 0.424678
21148718 0.442507
21145744 0.458668
21145430 0.463252
21145043 0.464237
21143949 0.478571
21141659 0.508089
21140118 0.514451
21139201 0.522373
21138111 0.527617
21136909 0.530208
21136654 0.534714
21136378 0.536423
21136262 0.539633
21135536 0.540843
21135082 0.552212
21134496 0.562647
21128847 0.580833
21128153 0.588231
21127673 0.589209
21126293 0.590765
21121685 0.623605
21121361 0.715340
21120899 0.721128
21120261 0.722230
21119323 0.748174
21116781 0.758461
21110002 0.806729
21109781 0.809548
21107955 0.811549
21105395 0.823775
21104581 0.843913
21104387 0.848497
21104377 0.853997
21103030 0.870843
21102383 0.875290
21100489 0.895266
21100134 0.924393
21099901 0.944228
21099358 0.984579
21099288 0.995943
21098617 0.997143
21098488 1.032578
21095297 1.064182
21091883 1.085275
21091595 1.116778
21091543 1.172069
21090754 1.187204
21090168 1.303498
21089512 1.382819
21088570 1.393813
21088305 1.399657
21087413 1.411516
21086809 1.412316
21086365 1.427851
21086306 1.452323
21084855 1.467027
21084782 1.476743
21084780 1.517705
21084533 1.531187
21084057 1.550847
21083836 1.554718
21083409 1.627222
21080364 1.643531
21078690 1.669830
21078471 1.687016
21078172 1.697029
21078078 1.716016
21077802 1.820480
21077438 2.023281
21075701 2.092739
21075110 2.101773
21073968 2.179614
21073665 2.213616
21073443 2.264924
21071423 2.335436
21070985 2.373205
21070589 2.414977
21069989 2.516694
21069672 2.686729
21067070 2.695700
21067011 2.717780
21066738 2.778998
21065765 2.969014
21065561 3.042498
21065340 3.046520
21065320 3.136728
21064850 3.292243
21064047 3.317812
21063297 3.342040
21063062 3.579289
21062911 3.588206
21061160 3.597242
21060861 3.946606
21060766 3.994137
21060734 4.056140
21059102 4.263019
21058724 4.331197
21058456 4.539928
21058434 4.714325
21058373 5.758615
21057720 5.761628
21057071 5.868147
21056728 5.980709
21054597 6.280944
21054538 6.351365
21052757 6.648466
21052555 6.695261
21052518 23.432202
21051874 23.433894
21051683 37.171785
21051393 37.551180
21050165 37.562076
21049642 37.583981
21049198 37.668324
21048984 37.741921
21047973 37.786836
21047394 39.390674
21047080 53.520448
21046107 54.348718
21035497 55.488776
21034068 55.498960
21031186 55.500582
21030590 55.501629
21017934 55.502511
21017080 55.526653
21015685 55.544485
21015593 55.545238
21015013 55.547385
21014339 55.547985
21009304 55.548582
21008844 55.566358
21008599 55.579428
21002600 55.586558
20997855 55.587032
20996182 55.588886
20995238 55.597023
20993729 55.598516
20993312 55.599303
20992391 55.610841
20992040 55.626230
20989985 55.636484
20985126 55.673275
20983800 55.694905
20983020 55.706087
20979167 55.713605
20977394 55.723559
20974979 55.739385
20968454 55.741379
20965453 55.767828
20964810 55.802483
20964556 55.805011
20964314 55.858767
20963964 55.875416
20963245 55.877823
20961914 55.897933
20959542 55.901342
20958603 55.903850
20957523 55.909040
20954772 55.911145
20954426 55.927014
20948474 55.936502
20948462 55.944965
20941967 55.986227
20941319 56.037059
20940859 56.067099
20936319 56.081636
20932481 56.152485
20929705 56.160285
20929250 56.177585
20922987 56.184619
20922791 56.194056
20921151 56.210785
20920651 56.245609
20920134 56.258422
20920115 56.360471
20918414 56.367518
20916680 56.377122
20914998 56.377842
20914390 56.382673
20912745 56.526544
20910305 56.542602
20909790 56.685405
20909007 56.838154
20908058 57.318330
20907528 57.321398
20906536 57.393069
20905144 57.426640
20904603 57.450449
20903408 57.509546
20903196 57.512910
20902202 58.316747
20901969 58.558467
20901670 58.640514
20900415 58.643663
20900256 58.652084
20898218 58.794042
20897478 58.822965
20897237 58.857098
20896569 58.877615
20896075 59.015371
20895824 59.092568
20895423 59.114988
20895012 59.252467
20894716 59.540390
20892819 59.597925
20892551 59.609800
20891973 59.697885
20890642 59.698716
20889607 59.842624
20889344 59.951885
20888821 60.004428
20888645 60.217932
20888390 60.329830
20888141 60.332889
20888079 60.688624
20888060 61.052184
20887642 61.135478
20887328 61.286235
20887303 61.451456
20886857 61.597770
20886789 61.814760
20886566 61.841079
20886507 62.064589
