22551483 0.009791
18442859 0.038916
18441899 0.044231
18433589 0.046950
18379313 0.047950
18372622 0.050665
18370741 0.054520
18323687 0.060972
18322496 0.063670
18322155 0.064229
18319623 0.071504
18318587 0.073310
18279256 0.078373
18273194 0.085781
18267565 0.095269
18239308 0.098229
18238335 0.120596
18233999 0.125930
18232315 0.139782
18228907 0.141110
18222007 0.145961
18220145 0.152951
18210390 0.173710
18209825 0.185944
18208463 0.187159
18115807 0.190417
18111407 0.196840
18110810 0.201008
18108017 0.208441
18107950 0.208805
18105353 0.210397
18103486 0.217299
18085399 0.219625
18014053 0.222126
18013714 0.226682
18009625 0.228593
18007027 0.229400
18000512 0.230938
17994163 0.237701
17992492 0.242437
17989116 0.243035
17976419 0.260326
17976331 0.266148
17973952 0.267915
17973789 0.272140
17973762 0.276622
17971925 0.280430
17926127 0.290673
17925368 0.311180
17923126 0.313156
17921637 0.320245
17920052 0.320849
17911090 0.330630
17910787 0.331143
17910413 0.335495
17910284 0.342096
17910066 0.346996
17909914 0.350185
17907980 0.362211
17906370 0.363038
17905802 0.371985
17904775 0.386124
17902676 0.387692
17897476 0.418618
17897462 0.423677
17895353 0.447483
17894899 0.460500
17894610 0.460725
17890854 0.489135
17890208 0.503235
17889722 0.543649
17887544 0.557531
17887530 0.559085
17886761 0.573951
17886203 0.597721
17884047 0.625362
17881749 0.628835
17881543 0.640376
17881303 0.644000
17877544 0.676157
17872962 0.696510
17872668 0.714743
17872033 0.718334
17870012 0.733200
17867097 0.760920
17866955 0.810718
17866753 0.937633
17865485 1.031742
17863877 1.089639
17862756 1.163477
17861054 1.196683
17860714 1.348385
17860469 1.423117
17859075 1.448269
17858703 1.570271
17857071 1.581026
17855947 1.590591
17855821 1.593049
17855089 1.639130
17851864 1.656250
17850417 1.710556
17848955 1.835124
17847768 2.102012
17846766 2.210541
17845256 2.241235
17843987 2.276104
17843858 2.318718
17843677 2.327121
17840987 2.346093
17840766 2.405017
17840372 2.795222
17840265 3.766567
17840238 4.089588
17839143 4.294389
17838732 33.887011
17838381 33.898342
17837377 33.963334
17835130 33.987236
17835099 34.022768
17833742 34.063018
17832056 34.102460
17831922 34.107601
17830166 34.126403
17828751 34.131827
17828525 34.134171
17827168 34.149465
17823897 34.151961
17823549 34.170268
17823089 34.172289
17822867 34.185556
17820716 34.192691
17819271 34.196649
17818078 34.234908
17817025 34.254852
17815501 34.259128
17814236 34.408470
17812842 34.413449
17808234 34.435082
17804700 34.495680
17802751 34.548308
17802561 34.626101
17802101 34.632960
17802031 34.650185
17797756 34.720144
17797594 34.749953
17797125 34.766139
17796148 34.868637
17795835 34.926449
17793155 34.933452
17792844 34.950015
17791919 35.015108
17791077 35.225362
17790610 35.388534
17790374 35.650582
17790128 35.687826
17788048 35.772171
17787610 35.812310
17786579 35.836850
17786270 35.840236
17784246 36.056223
17782623 36.330982
17782556 36.430414
17782351 36.539922
17781403 36.562238
17781333 36.623850
17780766 36.865155
17780733 37.272943
17779578 37.344541
17779480 37.362440
17779257 37.402608
17779076 121.858513
17777713 121.887301
17777476 122.010609
17777447 122.119029
17777086 123.369394
17776462 123.378998
17776279 123.424950
17775905 123.473020
