19851469 0.006501
16364011 0.027562
16345822 0.034662
16338734 0.035184
16306591 0.040211
16304484 0.040425
16302658 0.041934
16159482 0.043486
16153210 0.047485
16136547 0.049104
15898908 0.067429
15894657 0.071167
15888345 0.073308
15846917 0.080994
15682349 0.090636
15681374 0.093915
15674150 0.095780
15673844 0.096673
15673646 0.113611
15664638 0.122344
15655708 0.123894
15655563 0.126609
15654554 0.141641
15640090 0.163993
15631931 0.194390
15625920 0.194714
15622527 0.199124
15619818 0.215294
15612535 0.219535
15606676 0.224566
15606008 0.235306
15605949 0.256749
15601234 0.259787
15600479 0.262898
15598132 0.268374
15596569 0.288060
15591431 0.290397
15587283 0.302278
15586738 0.303672
15576603 0.310505
15571868 0.315956
15570669 0.319957
15563246 0.321377
15553816 0.329372
15549618 0.343641
15549597 0.350523
15548258 0.363850
15547898 0.364062
15547306 0.388126
15546717 0.388908
15546676 0.404596
15484303 0.440763
15483721 0.459004
15481262 0.462167
15468641 0.499557
15466946 0.501033
15466307 0.508475
15465751 0.520018
15464117 0.545168
15454972 0.550805
15454465 0.552180
15449474 0.623048
15449204 0.623844
15447499 0.632227
15446515 0.641474
15445613 0.650675
15442922 0.711436
15441754 0.713093
15441556 0.733382
15436349 0.746363
15435954 0.753167
15435319 0.775618
15435078 0.799751
15426508 0.802195
15425144 0.814973
15422706 0.862309
15415402 0.866051
15412475 0.901247
15409813 0.929321
15401897 1.068398
15400529 1.085670
15400344 1.104243
15399532 1.125844
15399371 1.154757
15398437 1.238729
15397745 1.247663
15396702 1.257720
15396457 1.397717
15395785 1.446453
15395507 1.486508
15395109 1.600556
15394296 1.626732
15391115 1.645132
15390078 1.651860
15389954 1.671831
15389254 1.744007
15387740 2.035394
15383237 2.477230
15383140 2.597413
15378072 2.642969
15377942 2.727567
15377810 2.733836
15377459 2.757677
15376354 2.954697
15374294 3.165804
15372503 3.610819
15372457 131.112765
15372098 131.238791
15370927 131.251122
15370251 194.577269
15370194 194.645890
15370115 194.704254
15369140 282.564251
15368235 300.963454
