39863592 0.034676
33589205 0.147133
33585491 0.149770
33554696 0.155562
33550575 0.158374
33534832 0.163642
33533085 0.171085
33483983 0.188880
33482568 0.189266
33323427 0.195572
33319921 0.200937
33309089 0.203499
33291187 0.206261
33286405 0.208469
33284809 0.213768
33283812 0.218880
33282062 0.221221
33282012 0.227002
33280897 0.231246
33280638 0.231989
33253935 0.237688
33252242 0.239530
33244847 0.242213
33243501 0.247410
33063931 0.259282
33063210 0.260397
33059737 0.264856
32991141 0.270720
32985811 0.272043
32966897 0.276703
32965320 0.278242
32962474 0.283684
32959164 0.308540
32957798 0.308879
32942387 0.321518
32941744 0.327642
32941468 0.339302
32940006 0.340113
32906078 0.343321
32895330 0.389974
32893901 0.408954
32885875 0.419148
32885643 0.420746
32885298 0.422009
32877871 0.426490
32877221 0.439377
32870685 0.441979
32869116 0.443127
32868806 0.452857
32866347 0.454629
32864918 0.456214
32860757 0.474366
32860344 0.476319
32860247 0.484371
32860136 0.493053
32831423 0.497742
32831111 0.502456
32830264 0.503379
32826334 0.504443
32801014 0.514211
32800870 0.518163
32799669 0.520300
32748232 0.523910
32747074 0.530054
32746244 0.536388
32743874 0.541033
32735240 0.552246
32732922 0.561744
32722716 0.564248
32720445 0.565959
32719075 0.570488
32718618 0.571158
32718140 0.575041
32717684 0.602494
32717413 0.605237
32714940 0.618778
32714078 0.620418
32683885 0.629661
32680624 0.639578
32678964 0.648191
32671621 0.650245
32669244 0.653114
32667154 0.654844
32662038 0.666359
32658448 0.675330
32657677 0.676170
32657078 0.682280
32655768 0.699173
32655377 0.701967
32651330 0.703865
32635597 0.722717
32627094 0.725351
32626277 0.728449
32625510 0.730258
32624720 0.735292
32624635 0.756002
32621588 0.763840
32620523 0.778139
32619097 0.788789
32618482 0.789611
32615256 0.800056
32615084 0.801124
32610879 0.808782
32610336 0.825921
32610200 0.828260
32604293 0.835760
32603730 0.837437
32602062 0.840119
32595001 0.847841
32593864 0.852095
32586286 0.856428
32583999 0.877761
32581351 0.885843
32541471 0.893684
32538935 0.901489
32535696 0.921905
32535626 0.935364
32535206 0.962348
32534542 0.964052
32534040 0.966803
32531495 0.971572
32526597 0.973214
32525493 0.985393
32524391 0.987478
32523640 0.988735
32523036 0.989649
32494158 0.993611
32462615 1.002456
32461886 1.011283
32461409 1.017656
32459117 1.021423
32456990 1.038835
32456529 1.044283
32455810 1.045093
32454621 1.051339
32447654 1.053493
32442857 1.064095
32442786 1.072165
32442158 1.073303
32439816 1.075991
32439264 1.081207
32438739 1.085316
32434259 1.096550
32428402 1.098827
32427962 1.103851
32427856 1.107611
32424867 1.110131
32423953 1.111173
32419936 1.113124
32416623 1.113926
32415739 1.117555
32413901 1.140112
32411526 1.151013
32410793 1.154932
32410293 1.160064
32409509 1.161086
32409139 1.167926
32408232 1.178887
32405035 1.184969
32404247 1.198429
32404240 1.209390
32404067 1.215583
32403617 1.220412
32396963 1.223324
32395766 1.227102
32394057 1.234739
32393667 1.250469
32388304 1.265356
32388100 1.278445
32387790 1.282562
32387688 1.300988
32387385 1.320821
32386075 1.322256
32381477 1.323803
32381420 1.331907
32380322 1.332611
32380245 1.334871
32376023 1.338806
32374569 1.349729
32374236 1.351437
32373435 1.353012
32368569 1.356260
32367529 1.365331
32367039 1.369374
32367001 1.371066
32366630 1.380044
32362601 1.396570
32362570 1.424102
32361472 1.461910
32344513 1.468169
32343620 1.470275
32343606 1.471386
32342780 1.482300
32342429 1.483631
32341761 1.488409
32341715 1.499485
32341340 1.525860
32339910 1.527752
32339004 1.555620
32338380 1.557464
32337447 1.563008
32337255 1.568699
32335173 1.573721
32333800 1.580038
32332426 1.584746
32328516 1.588156
32324816 1.593306
32322810 1.621759
32321519 1.637429
32319576 1.645732
32319130 1.652007
32310915 1.663881
32307391 1.670598
32307240 1.678199
32305719 1.690604
32305582 1.691021
32305276 1.691493
32303372 1.702586
32302894 1.703727
32302585 1.720094
32299954 1.723939
32299580 1.729268
32299453 1.730040
32299438 1.736376
32298843 1.759478
32287395 1.761313
32287321 1.773965
32287277 1.778308
32283163 1.795360
32281273 1.813187
32277191 1.819976
32276670 1.849633
32276247 1.869834
32274669 1.891078
32273762 1.901041
32273224 1.904719
32273134 1.930236
32273016 1.935100
32272671 1.939763
32271535 1.963872
32271185 1.969626
32265067 1.994440
32263792 2.007382
32261819 2.016702
32260418 2.032166
32259930 2.041371
32259685 2.046608
32259380 2.067947
32256517 2.081668
32256402 2.085534
32251529 2.095330
32250036 2.096202
32249841 2.112947
32249151 2.148208
32248860 2.171366
32248108 2.218807
32247222 2.249621
32246634 2.268456
32245794 2.275277
32244795 2.277046
32244346 2.279322
32243150 2.292206
32242324 2.295217
32241752 2.297342
32241589 2.316694
32239497 2.326302
32239060 2.329172
32238396 2.334063
32238051 2.360552
32236182 2.363647
32234425 2.371825
32233835 2.430951
32233327 2.433976
32232385 2.444458
32230257 2.450904
32229619 2.505380
32228501 2.514284
32228471 2.516467
32223018 2.541521
32222142 2.552996
32221907 2.554250
32221313 2.584446
32220363 2.619018
32219601 2.631918
32218738 2.634361
32217089 2.646318
32217026 2.709897
32216922 2.714335
32216016 2.719592
32213770 2.731990
32213610 2.733388
32213556 2.757053
32211530 2.761477
32210175 2.803336
32209778 2.830470
32208861 2.928611
32208177 2.968293
32206082 2.996380
32205912 3.041149
32205873 3.095103
32188621 3.153459
32188555 3.187376
32187511 3.193368
32187191 3.212416
32178780 3.225133
32176904 3.236526
32176381 3.294910
32176251 3.307132
32174800 3.351985
32171587 3.391221
32171454 3.397133
32171180 3.409004
32170029 3.431021
32169320 3.454427
32168617 3.467749
32168605 3.487591
32168244 3.514859
32168158 3.526824
32167476 3.551445
32167424 3.564997
32167021 3.596826
32166951 3.728223
32166885 3.795799
32166476 3.803130
32166319 3.873854
32165803 3.877678
32165644 3.905660
32163016 3.931872
32162545 4.011339
32156973 4.044808
32156643 4.201757
32156616 4.242612
32155920 4.309302
32154602 4.354137
32152368 4.357864
32151764 4.386833
32150958 4.403427
32149226 4.456928
32148287 4.512726
32148254 4.604088
32147954 4.633240
32147830 4.644872
32146659 4.688335
32146533 4.713325
32145781 4.722500
32142976 4.743999
32142930 4.745264
32141216 4.749911
32141155 4.771325
32140677 4.924941
32140629 4.937167
32139976 5.041383
32139691 5.135671
32139320 5.143199
32139015 5.156231
32138752 5.184353
32138323 5.216104
32136479 5.232387
32136391 5.233226
32136259 5.317387
32136205 5.366733
32135104 5.377269
32134914 5.401864
32134237 5.444643
32133984 5.449604
32133435 5.455508
32133213 5.470011
32132537 5.537675
32132498 5.659967
32132446 5.709089
32132442 5.710821
32131854 5.762762
32131572 5.798200
32130925 5.835692
32130894 5.899429
32130726 5.958687
32129604 5.964994
32127830 5.979078
32127653 5.991505
32126694 6.057091
32125534 6.150294
32125091 6.197036
32124843 6.211749
32122985 6.254668
32122475 6.292083
32122176 6.332317
32121825 6.499238
32121502 6.763397
32119174 6.816575
32118757 6.919315
32118311 6.991452
32115010 7.015563
32114190 7.044583
32114085 7.179159
32112762 7.193565
32112709 7.233552
32112473 7.296490
32112402 7.298379
32111963 7.402403
32110844 7.436681
32110718 7.481713
32110017 7.485002
32109702 7.509752
32109647 7.572707
32109588 7.591856
32108666 7.613006
32108284 7.650352
32107146 7.681968
32107100 7.698439
32106937 7.793877
32106746 7.847075
32106604 7.849415
32106284 7.917852
32106182 7.983186
32105954 8.275879
32105485 8.400733
32104950 8.447949
32104364 8.582183
32103913 8.606875
32103000 8.644574
32102304 8.749438
32102001 9.042269
32101852 9.114472
32101251 9.286573
32100977 9.619203
32100954 9.688290
32100491 9.747546
32100178 9.801469
32100038 10.291641
32099838 10.491513
32099014 11.240234
32098929 11.620685
32098809 12.110859
32098676 12.526657
32098327 12.619175
32098078 12.665601
32098075 12.830927
32097974 13.392112
32097939 13.913790
32097900 14.004637
32096905 14.177016
32096719 14.189173
32096697 14.311633
32095770 14.396664
32095011 14.441232
32094620 14.671371
32094607 14.795318
32094400 14.853258
32094015 15.037423
32093840 15.164149
32093634 15.412632
32093447 15.439498
32093375 15.927529
32093247 15.941897
32093233 16.882882
32093194 17.295891
32092835 17.454811
32092649 30.440595
32091697 30.448882
32091683 30.486554
32091305 30.499232
32091262 30.669193
32091233 30.678026
32090016 30.687361
32088531 30.736762
32086861 30.772463
32086507 30.783850
32086503 30.936026
32086379 30.936848
32085793 30.938685
32085741 31.166773
32081730 31.190116
32081481 31.256428
32080801 31.293939
32080566 31.350529
32080150 31.443426
32079630 31.473037
32078888 31.485273
32078445 31.621288
32077859 31.679668
32077753 31.688080
32077455 31.854017
32077450 31.887381
32077125 31.931525
32076995 32.324421
32075742 32.499270
32075683 32.609199
32074803 33.081741
32073252 33.095792
32072919 33.100599
32072754 33.325166
32072471 33.349619
32072424 33.396848
32072254 33.409435
32072101 33.490827
32072098 33.724106
32071681 33.774868
32071354 33.805640
32070848 33.911784
32070658 34.026325
32070414 34.150408
32070276 34.415985
32069830 34.576537
32069264 34.610389
32069127 34.623763
32068040 34.753000
32067485 34.847602
32067343 35.155000
32067158 35.267063
32064959 35.564386
32064778 35.807288
32064597 35.845839
32057986 35.967977
32057756 36.245619
32057456 36.474788
32056392 36.488183
32056093 36.586120
