55914811 0.070852
46948828 0.309179
46815866 0.315922
46814203 0.319340
46779714 0.321907
46774316 0.324547
46770523 0.327084
46766378 0.333033
46764009 0.335246
46763254 0.340189
46762555 0.341721
46748969 0.344735
46740026 0.350089
46736332 0.353577
46725849 0.358347
46725467 0.359645
46720590 0.363872
46716786 0.378974
46712938 0.384874
46711196 0.386549
46683540 0.394514
46677991 0.396181
46645044 0.399585
46644572 0.402033
46631753 0.408310
46630696 0.416135
46629939 0.416886
46629675 0.422355
46585675 0.432940
46583222 0.444202
46582751 0.447245
46573792 0.452241
46568273 0.459905
46565327 0.462200
46563911 0.464481
46563523 0.469820
46563444 0.474178
46561395 0.481570
46560689 0.486373
46559277 0.488125
46558460 0.488851
46525418 0.495418
46521466 0.496719
46479031 0.502329
46477599 0.507339
46473069 0.522651
46469325 0.528952
46453618 0.534671
46449450 0.540014
46435491 0.544157
46433851 0.547469
46363010 0.562684
46362931 0.563133
46362241 0.564239
46358474 0.568261
46349333 0.569087
46343680 0.574668
46339101 0.578128
46337399 0.579949
46334866 0.588969
46334364 0.593497
46334144 0.595786
46333547 0.596585
46330740 0.598966
46330006 0.612065
46325642 0.615148
46324682 0.631770
46323477 0.637728
46323351 0.642143
46320518 0.650954
46318977 0.661589
46317217 0.666339
46316631 0.667650
46314217 0.669214
46249773 0.679891
46249187 0.685045
46201340 0.694040
46200432 0.702502
46199886 0.705076
46199413 0.706808
46198225 0.725917
46169836 0.729304
46169509 0.730126
46169065 0.735230
46167346 0.738316
46166988 0.738597
46165275 0.739517
46162615 0.751995
46162456 0.753105
46162042 0.764907
46157829 0.793109
46156939 0.794750
46156527 0.799062
46154709 0.801100
46121993 0.809315
46121917 0.813894
46115414 0.820488
46114531 0.822399
46113190 0.823350
46110701 0.832498
46110399 0.838409
46109610 0.838928
46108007 0.839226
46093195 0.841645
46086908 0.846189
46085143 0.848971
46085074 0.860153
46081690 0.874271
46080977 0.886581
46079564 0.899244
46078946 0.901372
46075940 0.905261
46075470 0.918894
46073481 0.922568
46073479 0.925056
46069919 0.927710
46064324 0.942481
46059113 0.943871
46056678 0.962325
46052420 0.965414
46048443 0.968482
45989413 0.990090
45989019 0.998040
45987936 1.009082
45987586 1.012522
45977853 1.019060
45977803 1.022575
45976271 1.028527
45973290 1.032961
45964739 1.043508
45963398 1.049548
45962945 1.062630
45960244 1.063466
45959083 1.072297
45958895 1.075379
45957264 1.077327
45956199 1.077904
45955037 1.080334
45953012 1.081906
45951499 1.099286
45949866 1.108253
45949206 1.112760
45948339 1.126591
45945648 1.129303
45945279 1.130739
45943685 1.133066
45939517 1.141210
45937402 1.142319
45931631 1.144231
45931338 1.151296
45913944 1.155584
45912723 1.157932
45911341 1.167481
45909480 1.173667
45909373 1.192505
45894625 1.195126
45892336 1.202853
45886637 1.215362
45873329 1.220560
45873021 1.227033
45871713 1.232139
45870997 1.233115
45869984 1.234197
45868523 1.236587
45866042 1.239671
45864121 1.242466
45862931 1.260422
45861061 1.262370
45860856 1.272777
45860077 1.273378
45858125 1.277547
45855762 1.279284
45851946 1.295109
45851204 1.305773
45850792 1.314217
45843415 1.330462
45843313 1.354784
45842526 1.360685
45841669 1.363807
45814578 1.369979
45812715 1.375873
45812313 1.379815
45811017 1.388676
45810246 1.393592
45805342 1.410159
45792297 1.414592
45790621 1.427722
45788732 1.433125
45788187 1.438641
45787940 1.441713
45787598 1.445361
45785050 1.451843
45776619 1.464291
45775930 1.472440
45774255 1.473656
45764154 1.478930
45761940 1.495963
45761162 1.524432
45754387 1.526797
45754338 1.555647
45746820 1.561334
45744868 1.573689
45742662 1.575625
45742328 1.577649
45742104 1.603228
45741610 1.606592
45741588 1.616043
45741124 1.621263
45740949 1.621415
45740702 1.638126
45734790 1.645407
45732521 1.650187
45730429 1.656694
45730319 1.664477
45730132 1.677976
45728067 1.688020
45726652 1.698952
45725749 1.701402
45723071 1.704452
45722593 1.706299
45722520 1.709406
45722403 1.710121
45722094 1.728404
45719635 1.730377
45719587 1.732270
45719484 1.746575
45719154 1.767519
45718717 1.769182
45717767 1.790440
45717679 1.814450
45717081 1.819996
45716670 1.825720
45716055 1.827693
45715726 1.850918
45714742 1.860311
45712921 1.861257
45712909 1.864449
45712555 1.865486
45712165 1.881181
45711160 1.890161
45709441 1.906918
45709027 1.910298
45708230 1.916473
45708145 1.917036
45707304 1.923097
45707271 1.923906
45706887 1.924109
45702530 1.955068
45702148 1.957967
45702019 1.961328
45701539 1.963693
45701497 1.968249
45700369 1.975048
45699308 1.980758
45699270 2.014334
45699041 2.028338
45693948 2.054322
45693567 2.054914
45691567 2.057445
45691530 2.059939
45691526 2.072266
45689862 2.095388
45688981 2.122901
45687775 2.127807
45686207 2.131491
45684046 2.138662
45676972 2.147613
45675721 2.150939
45673989 2.155046
45672910 2.165854
45672238 2.175198
45671648 2.183489
45669396 2.210745
45668402 2.258302
45668348 2.260763
45668055 2.262462
45667477 2.282466
45666930 2.295232
45660671 2.299798
45659814 2.312967
45656002 2.324205
45655891 2.356446
45654835 2.366743
45654470 2.378310
45653828 2.401403
45653215 2.423661
45653086 2.424411
45652779 2.444944
45651971 2.457756
45651072 2.462056
45649780 2.468602
45649755 2.471220
45648419 2.472042
45647200 2.475148
45646842 2.479789
45645987 2.480778
45645803 2.494566
45645348 2.511007
45643460 2.522260
45643003 2.524231
45642846 2.530655
45641239 2.535250
45640375 2.543273
45638040 2.566256
45636875 2.569222
45636474 2.574321
45635639 2.578462
45635561 2.579977
45635243 2.593445
45635114 2.593792
45635060 2.602415
45634981 2.625222
45633693 2.627139
45633585 2.646299
45633426 2.648789
45632924 2.662091
45631569 2.663147
45630747 2.713755
45630631 2.758872
45630458 2.771482
45627900 2.800919
45627737 2.824439
45627101 2.825887
45624753 2.837935
45623504 2.847831
45622977 2.873835
45621275 2.887174
45620961 2.908712
45620139 2.917276
45619667 2.932008
45619617 2.946574
45619419 2.947490
45619087 2.980610
45618356 2.992948
45618304 3.021367
45617877 3.028004
45617645 3.091808
45616296 3.099986
45615001 3.116457
45614598 3.140392
45614446 3.142142
45613897 3.188648
45613433 3.196917
45612933 3.248537
45612642 3.258207
45610689 3.260476
45607486 3.273400
45607465 3.274034
45606971 3.278517
45606959 3.294146
45605175 3.307456
45605154 3.311483
45604886 3.318294
45604387 3.338556
45604319 3.376170
45604262 3.389300
45604132 3.405374
45603343 3.421896
45602492 3.424820
45601449 3.431048
45601154 3.460167
45600725 3.483559
45600423 3.489009
45599527 3.495474
45597073 3.520260
45596832 3.534577
45596782 3.547194
45596552 3.548837
45596351 3.549223
45595985 3.556376
45595505 3.570304
45595309 3.593978
45595109 3.618490
45594601 3.629183
45594163 3.630891
45594008 3.639299
45592678 3.686217
45592536 3.705138
45591400 3.755168
45590560 3.759085
45590527 3.774198
45589984 3.787150
45589494 3.827660
45589483 3.830292
45589389 3.853502
45589230 3.910019
45588797 3.914614
45588491 3.964428
45588246 3.966144
45587148 3.991232
45586137 4.053186
45585900 4.078256
45585481 4.088123
45584791 4.101154
45584528 4.114957
45584519 4.145523
45584268 4.180947
45583408 4.187057
45583291 4.199594
45582192 4.224181
45581269 4.246647
45580968 4.249144
45580772 4.253241
45580423 4.257928
45580309 4.284596
45579975 4.358403
45578647 4.360451
45578394 4.386234
45578239 4.391805
45577207 4.422822
45577111 4.476224
45576453 4.493411
45575421 4.500689
45573492 4.510910
45573405 4.517475
45573303 4.564032
45573273 4.637739
45571495 4.641933
45571431 4.642433
45570846 4.659291
45570230 4.673311
45569656 4.698600
45569176 4.709235
45569097 4.714956
45568003 4.725057
45567991 4.734643
45567117 4.784015
45566953 4.785235
45566175 4.789917
45565728 4.795734
45565274 4.797910
45565259 4.830354
45564927 4.871096
45564024 4.895804
45563914 4.902497
45561775 4.993409
45561422 5.008092
45560917 5.011428
45560657 5.058242
45557164 5.098189
45556372 5.104922
45554354 5.127121
45551038 5.132631
45550970 5.172044
45550795 5.192500
45550360 5.201848
45550355 5.210022
45550200 5.210576
45548716 5.344388
45548632 5.358649
45548178 5.363064
45548176 5.377449
45547938 5.400183
45547828 5.411867
45547350 5.463188
45547281 5.592373
45546924 5.600538
45546914 5.604402
45545982 5.645974
45543863 5.679036
45543762 5.688724
45543719 5.757998
45543667 5.769923
45542713 5.781299
45542662 5.818449
45542477 5.849863
45542197 5.892436
45541936 5.912923
45541736 5.919196
45537299 5.951632
45536821 5.979095
45535205 6.068831
45534917 6.070034
45534735 6.078324
45533442 6.112404
45533334 6.115605
45533196 6.118493
45530934 6.195198
45530585 6.212323
45530092 6.238002
45529870 6.239112
45529516 6.241808
45528942 6.257562
45528139 6.259726
45527210 6.300947
45526953 6.328452
45525777 6.438699
45516015 6.445621
45515620 6.482735
45515558 6.505025
45515445 6.523351
45515349 6.600235
45515300 6.670554
45514786 6.673593
45514484 6.792716
45514295 6.799463
45512186 6.804138
45511928 6.815073
45510585 6.825538
45510502 6.827467
45508806 6.908724
45508208 6.921782
45507903 6.929613
45507226 6.951287
45506995 6.965321
45504320 6.991418
45503273 7.025273
45503194 7.028312
45503184 7.031650
45503140 7.041416
45503105 7.048148
45503007 7.059863
45502915 7.062100
45502597 7.082427
45500239 7.084896
45499859 7.089209
45499569 7.100060
45498171 7.144878
45498098 7.150629
45497322 7.158833
45497220 7.196252
45496635 7.235801
45496623 7.261164
45495876 7.261732
45495746 7.265145
45495644 7.298746
45495414 7.301954
45494494 7.304499
45494307 7.352220
45493499 7.366114
45492734 7.372290
45492445 7.402150
45492276 7.406920
45492073 7.477839
45491802 7.511737
45491273 7.517585
45491228 7.524325
45490690 7.547807
45490564 7.549852
45490211 7.556680
45489739 7.607747
45489635 7.660604
45489627 7.701990
45489290 7.704632
45489219 7.714816
45488555 7.818446
45488037 7.820617
45488033 7.828606
45487164 7.846456
45486406 7.890859
45486371 7.907791
45486138 7.917567
45485869 7.946938
45485716 7.966014
45485375 7.971329
45485191 8.003013
45485096 8.046476
45484627 8.083422
45483916 8.099414
45482993 8.104382
45482636 8.138679
45481603 8.363114
45481374 8.372407
45481314 8.388450
45477941 8.426066
45476499 8.469552
45475517 8.506788
45474886 8.573768
45474819 8.628022
45474800 8.660907
45474506 8.807103
45473667 8.989846
45473317 8.997537
45472419 8.998579
45472103 9.099518
45471614 9.261688
45471548 9.277137
45470241 9.402305
45469312 9.448334
45469196 9.448941
45468707 9.596196
45468483 9.840737
45468134 9.848416
45468099 9.929701
45467724 10.061674
45467642 10.107541
45466312 10.151464
45466183 10.211086
45465502 10.388167
45464849 10.430500
45464840 10.461970
45464233 10.545722
45463770 10.565239
45463738 10.668780
45463212 10.673737
45463072 10.758082
45462128 10.816769
45462036 10.908169
45461984 10.913486
45461967 10.922888
45461888 11.028355
45461749 11.192950
45461511 11.263425
45461123 11.360297
45460874 11.390022
45460748 11.546166
45460226 11.547460
45459403 11.565493
45459299 11.654138
45458474 11.837710
45458165 11.916891
45457996 11.917478
45457857 11.977748
45457806 12.078373
45457464 12.118568
45457396 12.124331
45457105 12.372943
45456770 12.523573
45456483 12.555980
45454750 12.766351
45454418 12.772582
45453839 12.790570
45453831 12.884288
45453795 12.976853
45453592 13.082372
45453236 13.143174
45450126 13.149945
45449602 13.174544
45443614 13.227876
45443482 13.278073
45443387 13.360287
45443208 13.397933
45443151 13.407436
45442603 13.505211
45441210 13.533088
45441007 13.812300
45436389 13.846238
45435693 13.901650
45435376 13.922939
45435134 13.935512
45434849 13.999270
45434011 14.002755
45433539 14.113703
45433195 14.233320
45433139 14.291336
45433082 14.405545
45432624 14.408816
45432309 14.434551
45430613 14.475761
45429597 14.568663
45429271 14.669096
45429155 14.814205
45428823 14.971529
45428677 14.981200
45428351 15.064532
45427792 15.142389
45426689 15.147677
45426294 15.278298
45421289 15.462378
45419095 15.489812
45418063 15.583626
45417989 15.651230
45417736 15.674634
45414535 15.772752
45412610 15.799157
45412392 15.864095
45410301 15.876851
45410105 15.889222
45406952 15.958194
45406875 16.000659
45406440 16.032420
45404994 16.049519
45404745 16.057666
45402614 16.060262
45401725 16.100591
45401711 16.106746
45401385 16.127784
45399753 16.132884
45399719 16.261199
45399596 16.326708
45399533 16.387802
45391111 16.547585
45389349 16.578208
45388911 16.676738
45388821 16.687809
45388117 16.789648
45388112 17.006694
45387425 17.316342
45385714 17.334120
45385540 17.344744
45384762 17.568913
45384409 17.662376
45384047 17.790432
45383529 17.910210
45382627 18.040568
45382521 18.071259
45382417 18.150749
45380485 18.190601
45380026 18.304043
45378204 18.368080
45377963 18.372320
45377848 18.549486
45377227 18.697847
45376997 18.819345
45376534 18.837990
45376244 18.926166
45374549 18.930870
45372928 19.171729
45372437 19.544865
45372409 19.606543
45372330 19.628187
45371933 19.677564
45371195 19.758129
45371100 19.791896
45371083 19.916360
45371041 19.991682
45370824 19.995122
45367529 20.108895
45366736 20.178079
45366070 20.343008
45366057 20.347004
45366022 20.497246
45365850 20.517575
45365470 20.534877
45365310 20.591988
45365252 20.617629
45365219 20.702052
45364082 20.807663
45363937 21.016744
45363888 21.185190
45363482 21.287792
45363416 21.308982
45363196 21.461925
45363016 21.728119
45362829 21.728925
45362258 22.056568
45361922 22.133289
45361718 22.266577
45361307 22.443487
45361139 22.546468
45361102 22.598440
45360626 22.659251
45359448 22.794094
45359376 22.865147
45359074 22.943939
45358863 22.967868
45358715 22.983073
45358571 23.768520
45358102 24.354526
45357287 24.747159
45357225 24.820911
45357030 25.285293
45356540 25.299021
45356499 25.329049
45356444 25.334184
45356391 25.850639
45356318 26.104823
45355980 26.254801
45355892 26.323656
45355311 26.903351
45355172 26.982727
45355139 27.015894
45354820 27.051323
45354419 27.073256
45354387 27.111181
45353948 27.113354
45353863 27.596164
45353689 28.360063
45353190 29.147177
45353118 30.583959
45352693 30.650122
45352682 31.218712
45352182 31.400270
45351868 31.508596
45351646 31.708643
45351240 31.720873
45299773 31.866962
45294729 31.904217
45294672 31.905429
45294337 31.933183
45276994 31.952385
45271250 32.024680
45267895 32.039122
45265810 32.059946
45257480 32.270272
45257161 32.281666
45256686 32.341371
45255167 32.471384
45254152 32.503812
45253807 32.596560
45253407 32.650833
45251960 32.726214
45250908 32.840691
45250853 32.853510
45242468 32.869158
45242278 33.060920
45241591 33.187665
45240298 33.198256
45237832 33.234610
45237518 33.386631
45236394 33.398437
45235784 33.485204
45235433 33.590217
45235056 33.831210
45234445 33.984306
45234359 33.985178
45234191 34.059986
45233284 34.386519
45232301 34.487893
45232246 34.516957
45231922 34.742229
45231809 34.901806
45231533 35.214309
45230095 35.459828
45229853 35.496845
45229414 57.482727
45229383 57.769930
45229318 58.159360
45229297 58.464863
45228260 58.761265
45228076 58.918252
45227555 58.978172
45227192 59.129371
45227002 59.290127
45226992 59.973080
45226963 60.711584
45226559 61.833079
45226287 61.979533
45226209 62.411980
45225819 62.533914
45225409 62.615503
45224674 63.197884
45224672 63.563506
45224192 63.871225
45224095 64.742498
45224043 65.455448
45223680 68.852145
45223495 68.869795
45223131 69.061804
45223073 69.648501
45223039 69.799274
45222763 69.862395
45222467 69.921679
45222149 70.756320
45222083 71.809230
45221906 71.980299
45221896 72.067111
45192398 104.414557
45190420 104.514650
45189564 104.517132
45189121 104.557357
45186768 104.608806
45186554 104.670977
45186442 104.802505
45185970 104.919609
45185809 105.107867
45184937 105.148637
45184667 105.717257
45182515 105.719282
45182274 105.752496
45182201 105.991347
45182008 106.176144
45181746 106.186901
45174746 106.424764
45174654 106.432535
45173605 106.475857
45173305 106.778954
45173177 107.202665
45173075 107.309243
45172831 107.388564
45172077 107.534605
45172025 107.870840
45171898 108.525686
45171519 108.749449
45171467 109.207235
45171356 109.263833
45166831 217.732540
