47994291 0.051293
40685935 0.218186
40681685 0.220404
40669544 0.222817
40668773 0.225674
40597361 0.239888
40576095 0.243589
40570405 0.254488
40554517 0.260071
40504346 0.269257
40491184 0.276903
40480927 0.279596
40472850 0.284389
40454356 0.289315
40450751 0.292582
40380548 0.301215
40376518 0.303801
40374371 0.304992
40371381 0.305568
40361269 0.308074
40360268 0.315810
40358803 0.317016
40355766 0.318581
40351586 0.319280
40346784 0.324298
40291352 0.328639
40280843 0.331210
40279270 0.331641
40279252 0.339385
40278552 0.341368
40268566 0.360542
40166212 0.366744
40164449 0.371705
40110658 0.379526
40087611 0.382640
40086288 0.388405
40056287 0.401540
40054981 0.404251
40051681 0.408608
40044311 0.410431
40013242 0.415310
40008169 0.417656
40003366 0.424170
40003308 0.428380
40001071 0.430004
39994255 0.431905
39990254 0.435860
39990239 0.436679
39989784 0.438321
39985244 0.439531
39978296 0.455888
39973230 0.457646
39968882 0.458014
39967783 0.463892
39936109 0.468935
39924766 0.475153
39921769 0.476646
39920924 0.477919
39920866 0.480904
39917785 0.511144
39917643 0.511835
39917136 0.514873
39913228 0.517390
39909870 0.519451
39906055 0.520567
39905902 0.525636
39903851 0.526319
39901216 0.528024
39895470 0.537204
39895153 0.541698
39893392 0.543096
39888704 0.549583
39887004 0.569611
39884502 0.571240
39884488 0.583950
39883837 0.584476
39882426 0.585641
39878024 0.590093
39874091 0.598516
39873167 0.603133
39867791 0.605686
39864507 0.607446
39863642 0.612192
39863456 0.619289
39863333 0.625134
39861678 0.625579
39854109 0.627239
39851591 0.637995
39847626 0.641120
39847337 0.643772
39846946 0.656686
39846436 0.658703
39840867 0.661228
39838636 0.667728
39838416 0.676879
39815684 0.680007
39812798 0.696845
39811571 0.706958
39801440 0.711791
39793271 0.716508
39793231 0.718266
39782663 0.728427
39773511 0.730561
39772000 0.733227
39770070 0.741214
39770045 0.754402
39701853 0.761941
39695902 0.765607
39694583 0.768760
39692758 0.773926
39689645 0.788065
39649552 0.792881
39648481 0.805255
39647717 0.807856
39647625 0.808346
39646929 0.834638
39643802 0.837261
39643490 0.840941
39641349 0.844561
39639115 0.848864
39636946 0.849214
39636504 0.850325
39622831 0.856711
39594106 0.863441
39593996 0.864866
39592651 0.868726
39592545 0.888876
39592505 0.893083
39591951 0.894115
39590458 0.894703
39589900 0.909149
39586976 0.911052
39586154 0.913037
39585949 0.913390
39585164 0.916695
39584304 0.928839
39565970 0.954408
39565402 0.964199
39562735 0.969130
39562644 0.972188
39561178 0.972750
39561047 0.973236
39560259 0.990986
39559265 0.991671
39559252 1.004966
39552280 1.031563
39551694 1.032854
39550041 1.033330
39548554 1.039720
39543004 1.048217
39541364 1.055289
39541237 1.061771
39541096 1.091784
39539440 1.094013
39539283 1.109188
39538624 1.116204
39537623 1.123433
39530324 1.134049
39525809 1.156962
39519616 1.166297
39517455 1.186743
39515767 1.192720
39514390 1.197802
39514319 1.208815
39512213 1.229181
39508745 1.252453
39508418 1.258325
39508100 1.280869
39506511 1.282485
39506351 1.292019
39504440 1.300634
39504278 1.301834
39501648 1.303453
39501304 1.307834
39499313 1.310871
39497842 1.312447
39497341 1.315708
39495058 1.324103
39494798 1.336501
39494575 1.348313
39493768 1.368543
39492872 1.425705
39489928 1.427029
39489854 1.428059
39489079 1.431265
39487541 1.449007
39484470 1.454721
39483276 1.471146
39482816 1.479721
39482179 1.481122
39479443 1.500065
39478493 1.507256
39477944 1.517287
39477682 1.520361
39474610 1.529824
39474492 1.550842
39464205 1.566123
39464004 1.592875
39460077 1.597528
39458248 1.606709
39457731 1.608229
39457464 1.631096
39454037 1.635906
39453309 1.639406
39453005 1.650699
39452275 1.658477
39451594 1.660185
39450331 1.678324
39449164 1.683818
39449083 1.685466
39447200 1.691825
39447084 1.693652
39446363 1.713017
39446153 1.737472
39443515 1.741324
39439365 1.756580
39437331 1.757650
39436638 1.764558
39436334 1.824043
39432777 1.836867
39432679 1.855891
39432431 1.857098
39431997 1.858537
39431395 1.863471
39430837 1.867535
39430629 1.872681
39430163 1.879813
39430114 1.883982
39429451 1.890583
39428368 1.912039
39428038 1.913779
39424564 1.938173
39424421 1.938674
39421586 1.943553
39420982 1.944170
39417593 1.946803
39413487 1.955080
39412677 1.969971
39412411 1.972180
39412097 1.973071
39410815 1.988431
39397808 2.016944
39396376 2.020013
39395848 2.025735
39394887 2.031688
39394565 2.033690
39394480 2.057231
39394197 2.059815
39390478 2.063972
39389226 2.068193
39387642 2.084520
39385292 2.088602
39384504 2.092024
39383050 2.107947
39380329 2.108672
39379707 2.128670
39378965 2.131003
39378793 2.133531
39378295 2.140332
39378025 2.155525
39377077 2.169049
39375926 2.185640
39374756 2.235711
39374728 2.236111
39372044 2.237085
39372008 2.240507
39371084 2.262893
39368909 2.265778
39367693 2.283415
39367611 2.301450
39367110 2.303512
39366645 2.332282
39364758 2.336276
39364080 2.345819
39363583 2.348963
39362276 2.361010
39360474 2.383403
39360409 2.383833
39360325 2.387057
39358994 2.398292
39358342 2.414927
39357270 2.424148
39355485 2.446647
39355478 2.459712
39351641 2.461810
39310462 2.477906
39309948 2.487435
39283000 2.500163
39282954 2.538569
39282941 2.551633
39282100 2.556651
39281200 2.584124
39280742 2.593601
39278745 2.623394
39277378 2.653405
39277166 2.653760
39276953 2.654988
39276107 2.655629
39275347 2.705527
39274517 2.720775
39274481 2.721692
39273279 2.730139
39272880 2.752608
39272176 2.758822
39271419 2.776234
39267114 2.780667
39266860 2.783483
39266776 2.805556
39266731 2.806932
39266637 2.807533
39266430 2.812492
39266266 2.830995
39265894 2.846408
39265882 2.906378
39265841 2.911555
39265722 2.945433
39265310 2.946504
39265093 2.964329
39264881 2.992681
39263422 3.022652
39262272 3.033985
39262260 3.068580
39261998 3.104731
39260720 3.116065
39260049 3.138087
39259507 3.142893
39259411 3.162574
39258444 3.236538
39257984 3.238470
39256947 3.302107
39256875 3.304344
39255738 3.359273
39254122 3.381108
39253927 3.410449
39253836 3.433154
39253258 3.446805
39252800 3.456554
39252405 3.463906
39251670 3.511803
39251314 3.519587
39251177 3.541688
39251119 3.548278
39250160 3.628822
39249016 3.663914
39248490 3.689611
39248198 3.732724
39247863 3.782034
39247687 3.790649
39247007 3.805087
39246787 3.834980
39246126 3.855954
39245412 3.882624
39245395 3.886889
39244442 3.965556
39243629 3.965813
39243423 3.972081
39243159 4.089931
39242711 4.099325
39242603 4.142548
39240062 4.166838
39239728 4.185212
39239706 4.186235
39239544 4.239598
39238623 4.243709
39238575 4.303087
39237238 4.308130
39237042 4.329594
39234502 4.337509
39234040 4.342774
39233711 4.347650
39233079 4.394099
39232944 4.396985
39232705 4.399127
39232422 4.413365
39232240 4.413844
39231408 4.435992
39231155 4.451339
39230974 4.473830
39230531 4.507889
39229646 4.544241
39229019 4.608053
39228801 4.649908
39228437 4.694573
39226458 4.752966
39226333 4.756003
39226182 4.760977
39225637 4.771878
39225592 4.825910
39224811 4.911486
39223248 4.929944
39221073 4.935462
39220983 4.970000
39220523 4.976366
39220419 5.035621
39220390 5.049277
39220325 5.099697
39220318 5.125862
39220308 5.126090
39219890 5.135466
39218516 5.169774
39217787 5.191460
39217547 5.204940
39216929 5.274687
39216526 5.303960
39216427 5.312870
39216007 5.361245
39215996 5.396928
39215673 5.416123
39215535 5.442211
39215363 5.513304
39215337 5.531989
39215288 5.538664
39215141 5.544532
39214950 5.545400
39214930 5.579630
39214010 5.655973
39213736 5.701756
39213720 5.729674
39213700 5.804003
39213343 5.891388
39202206 5.907190
39202157 5.954049
39201896 6.007388
39201823 6.011646
39192741 6.013757
39191758 6.022756
39191479 6.069799
39191334 6.083834
39189000 6.197561
39188742 6.214179
39187606 6.239552
39186496 6.322860
39184764 6.330184
39184318 6.364145
39183670 6.415725
39183011 6.433389
39182286 6.479218
39181360 6.506183
39181254 6.565878
39180747 6.608908
39180655 6.623317
39180554 6.672835
39180269 6.703568
39179850 6.706110
39179782 6.746278
39179626 6.749611
39177446 6.769444
39176182 6.798708
39175539 6.902662
39175365 6.915703
39175153 6.962873
39175014 6.977373
39174623 6.990988
39174390 7.004685
39173726 7.033492
39173355 7.127515
39173201 7.177824
39172901 7.367337
39172637 7.663783
39172089 7.665249
39169769 7.844314
39168982 7.908626
39168962 7.936549
39168201 8.006483
39168088 8.052544
39167938 8.074278
39167751 8.075447
39167480 8.078341
39167355 8.188609
39167054 8.310459
39166873 8.467612
39166472 8.569446
39166091 8.585636
39165978 8.661740
39165766 8.686809
39165209 8.696307
39163552 8.705220
39163046 8.720750
39163037 8.730210
39162729 8.776601
39162591 8.776767
39162463 8.795663
39162359 8.990118
39161003 9.266817
39160921 9.270326
39160863 9.428940
39160797 9.517619
39159901 9.609324
39159718 9.844484
39159321 9.903189
39158236 9.967417
39158224 10.010744
39157966 10.036039
39155993 10.064005
39155566 10.113859
39154817 10.118871
39153933 10.263707
39152047 10.278494
39151346 10.293210
39150226 10.358717
39149895 10.427699
39148580 10.468855
39148558 10.488462
39148111 10.520198
39147057 10.611499
39146813 10.639360
39146751 10.688704
39145751 10.777652
39144856 10.807104
39140588 10.835184
39138786 10.863344
39138567 10.913496
39138466 10.987329
39137486 11.067463
39137418 11.153447
39137303 11.407946
39137291 11.541681
39137014 11.597868
39135383 11.603224
39134592 11.622951
39134342 11.645358
39134160 11.682297
39131712 11.686314
39131222 11.777130
39131207 11.843118
39130634 11.952515
39130093 12.159726
39129650 12.209268
39129574 12.225831
39129178 12.228286
39128693 12.410836
39128473 12.569471
39128355 12.629463
39122336 12.679207
39122156 12.715682
39122030 12.896236
39121876 12.922794
39121751 12.989703
39121306 12.998313
39121033 13.037551
39119030 13.200091
39118833 13.362275
39113796 13.386824
39113536 13.387906
39113528 13.500808
39111527 13.518325
39111499 13.534331
39111362 13.589631
39110612 13.679917
39110490 13.683729
39108176 13.722013
39107540 13.760212
39107369 13.829564
39106757 13.911650
39105515 13.948856
39105496 14.035332
39105472 14.193330
39093341 14.244997
39093258 14.253068
39093049 14.261170
39092430 14.367614
39091950 14.799375
39091293 14.900676
39091103 14.920790
39090598 15.029189
39089244 15.061296
39088870 15.062307
39088590 15.172968
39088451 15.284957
39088398 15.475095
39088195 15.520619
39084450 15.852435
39083451 15.918729
39081112 15.972588
39080682 16.125359
39068790 16.276119
39068058 16.314505
39067589 16.420938
39067366 16.435566
39066521 16.547437
39066459 16.741610
39066177 17.029582
39066123 17.061732
39065669 17.185414
39064951 17.274291
39047869 17.384168
39045642 17.446941
39044127 17.467779
39044037 17.529316
39043124 17.530196
39042831 17.742071
39033457 17.754265
39033254 17.801847
39033210 17.839540
39032637 17.857588
39032615 17.893458
39032584 17.918891
39032555 17.933348
39032315 17.963940
39028636 17.970582
39028019 18.036822
39027228 18.213682
39026879 18.238669
39025521 18.341062
39025501 18.401581
39025334 18.511794
39024817 18.780238
39024781 18.808799
39024703 19.004982
39024382 19.220488
39024219 19.252336
39023422 19.352810
39020406 19.506141
39019219 19.525830
39018436 19.550344
39018186 19.689724
39017980 19.699433
39017619 19.716486
39016775 19.758588
39016145 19.965699
39014893 20.036917
39014680 20.114439
39013922 20.341849
39013876 20.473761
39013473 20.489708
39013418 20.895983
39012953 21.000642
39012026 21.001163
39011425 21.013765
39011307 21.116218
39011266 21.277204
39010695 21.341433
39010664 21.342739
39010647 21.427500
39010571 21.476960
39009929 21.520256
39009084 21.703238
39008883 21.876292
39008024 21.914691
39007989 22.003149
39006677 22.131641
39006613 22.268945
39006527 22.310889
39006183 22.342897
39005983 22.348715
39004857 22.684840
39004408 22.802891
39004388 22.874268
39004247 22.998206
39003860 23.156516
39003593 23.240899
39003451 23.339468
39003287 23.543859
39003221 23.624606
39002796 23.667463
39001707 23.689936
39001614 24.011074
39001052 24.250938
39000428 24.383849
39000140 24.392686
39000126 24.414143
38999659 24.609281
38999591 24.869540
38999570 24.875602
38999134 25.036170
38998795 25.308243
38998604 25.390943
38998153 25.501195
38997912 25.669461
38997191 25.836248
38996909 25.866570
38996863 25.920214
38996803 25.936323
38996680 26.252980
38996561 26.330775
38996411 26.332159
38995583 26.436210
38995252 26.503204
38994714 26.932648
38994680 26.959980
38993993 27.136847
38993947 27.339450
38988046 36.948817
38981835 37.012753
38978296 37.029291
38976952 37.082697
38976731 37.154366
38975909 37.209293
38974601 37.243565
38973817 37.298288
38973544 37.328291
38973446 37.334308
38972906 37.342252
38972832 37.380384
38972609 37.394326
38972097 37.401549
38971563 37.402201
38971533 37.442053
38970878 37.582185
38970624 37.590415
38969800 37.616346
38965423 37.750261
38965177 37.772138
38965123 37.777761
38963536 37.868716
38963005 37.914728
38961247 37.932925
38960330 38.115323
38960218 38.136784
38960102 38.171654
38959913 38.189474
38959912 38.298453
38959396 38.344091
38959293 38.421449
38959155 38.422332
38959128 38.483987
38958658 38.562195
38958558 38.726819
38958502 38.818149
38958187 38.838415
38958126 38.865391
38957957 39.586375
38957871 39.613141
38957532 39.654312
38955723 39.699325
38955613 39.727903
38955463 39.855975
38955339 39.873739
38954990 39.885071
38952852 39.952387
38952691 40.151135
38952622 40.305390
38952433 40.329796
38951889 40.381755
38951855 40.478594
38951349 40.558772
38951320 40.573005
38950586 40.675318
38950394 41.032326
38949846 41.167009
38949514 41.189733
38949381 41.263866
38948144 41.329615
38947478 41.465494
38947375 41.759137
38947347 41.939936
38947219 42.120346
38946679 42.215966
38946160 42.221662
38944978 42.298005
38944705 42.628275
38944685 42.662329
38944342 42.764015
38943910 42.813790
38943470 42.828217
38942804 42.953612
38941716 43.234350
38941553 43.257630
38941156 43.404688
38941033 43.653307
38939916 43.769103
38939298 43.817574
38939275 43.857023
38939144 43.909370
38926508 43.971053
38925611 44.034980
38925550 44.076303
38920634 44.115179
38919129 44.178733
38919064 44.207287
38918825 44.295438
38917812 44.306509
38915695 44.315405
38914256 44.485945
38913868 44.507165
38913461 44.550202
38913401 44.553659
38913217 44.661795
38911386 44.806198
38911232 44.819197
38908731 44.853038
38908412 44.924772
38908008 44.935699
38907400 45.037071
38907020 45.104359
38906645 45.120507
38905268 45.213628
38905169 45.252676
38880704 45.265427
38877321 45.270441
38876670 45.417625
38857379 45.489342
38856745 45.494228
38842262 45.544930
38842059 45.623760
38841797 45.688163
38841366 45.692265
38841062 45.762358
38838318 45.790579
38837223 45.920812
38835189 45.925698
38834694 45.980431
38834487 46.016479
38832328 46.022645
38832046 46.077015
38831852 46.088036
38831826 46.129677
38830837 46.186436
38828782 46.217292
38827133 46.248548
38823818 46.360335
38822785 46.382190
38822472 46.405844
38822457 46.471753
38822432 46.501852
38818439 46.538249
38817743 46.592704
38811265 46.926754
38811010 47.048454
38810781 47.074316
38808005 47.119165
38807865 47.162757
38807629 47.178455
38807424 47.236380
38805075 47.253141
38804978 47.336167
38804550 47.399448
38804432 47.424475
38804360 47.434707
38802485 47.520093
38802446 47.579293
38801741 47.643700
38801692 47.645536
38801047 47.690817
38800778 47.774616
38800089 47.786112
38799132 47.939037
38798574 47.966877
38797951 47.993428
38796563 48.133996
38795685 48.139495
38795376 48.325319
38795329 48.520821
38795205 48.557818
38794473 48.595613
38793812 48.817865
38790814 48.920911
38790147 49.107994
38788640 49.120238
38787440 49.247647
38786993 49.462213
38786690 49.508536
38786637 49.550870
38786544 49.650577
38786176 49.908829
38786015 49.926969
38785912 49.989430
38785584 50.169772
38784800 50.417133
38784587 50.435141
38784523 50.593527
38784369 50.833186
38784273 51.079021
38783642 51.592009
38783543 51.636750
38783371 51.661158
38782240 51.729708
38782092 51.868254
38781974 51.935930
38781457 52.017788
38781336 52.337763
38780420 52.452278
38780362 52.721330
38780103 53.477265
38779964 53.794173
38779751 53.982863
38779343 70.510316
38778963 70.523454
38778101 70.622682
38777053 70.636183
38776942 71.025642
38776545 71.029037
38776544 71.173414
38776161 71.327079
38775682 71.513487
38775622 71.542014
38775279 71.608251
38775171 71.880842
38774066 71.889091
38774028 71.968212
38773959 71.980496
38773859 72.046777
38771241 72.171292
38770963 72.369471
38770853 72.483366
38770097 72.589502
38769979 72.824392
38769917 72.848643
38769217 73.173530
38768816 73.488868
38768625 74.040989
38768553 74.045436
38767471 74.140593
38767389 74.155816
38767209 74.542642
38767156 74.582104
38766845 74.604190
38765973 74.747208
38765122 74.776985
38763595 74.813282
38763503 74.983626
38762188 75.050478
38761551 75.358414
38756629 75.396857
38756539 75.543394
38756513 75.554406
38756394 75.769790
38756213 75.935669
38756133 76.107296
38756065 76.243448
38755761 76.298124
38755602 76.418030
38755414 76.468010
38755076 76.522124
38755021 76.599120
38754982 76.618563
38754968 76.725981
38754868 76.778399
38754672 76.852685
38754645 76.856300
38753670 76.935646
38753021 77.269380
38752986 77.321907
38752783 77.370616
38752756 77.766224
38752471 77.827009
38752025 78.034784
38751918 78.199173
38751916 78.696830
38751582 79.257894
38751188 79.352557
38751031 79.961492
38750876 195.786103
38750723 195.854843
38750711 195.940193
38749799 195.995885
38749111 196.201075
38748977 196.231823
38746850 196.271647
38746817 196.320203
38745960 196.617099
38745202 196.663578
38745128 196.775234
38744408 196.789531
38743717 196.834696
38743076 196.908556
38743045 197.065347
38742778 197.085221
38742640 197.183083
38742604 197.196236
38739708 197.199063
38738842 197.245124
38738190 197.249377
38738009 197.271850
38736869 197.319119
38736402 197.369453
38735187 197.437373
38733936 197.490925
38733907 197.797343
38733822 197.861796
38733081 197.930703
38732997 198.121745
38732861 198.415902
38732787 198.491251
38732482 198.644316
38731567 198.793968
38730972 198.951558
38730874 198.991266
38730103 199.448592
38730081 199.510687
38729972 199.622341
38729808 199.750595
38729769 199.878526
38729756 199.973669
38729345 200.520812
38729245 201.100235
38728456 201.142931
38728407 201.462138
38728405 202.073800
38728366 202.760287
38728010 202.811221
38727468 202.867619
38726932 203.005601
38725951 203.757365
38725497 203.930787
38725296 204.252181
38725264 204.543191
38725100 204.620997
38724943 204.672371
38724928 204.695968
38724888 204.809151
38724788 204.842872
38724717 204.885944
38724229 204.978694
38723259 205.037607
38723043 205.302553
38722714 205.308258
38722584 205.383430
38722428 205.392312
38721981 205.712399
38720819 205.878292
38720036 205.889352
38719330 206.058625
38719201 206.075473
38718965 206.371344
38718568 206.702673
38718175 207.002151
38718116 207.386377
38718000 207.487191
38717888 207.920537
38696540 240.104366
38684187 240.116966
38683951 240.118160
38683606 240.151243
38683424 240.155600
38683241 240.170215
38683001 240.180775
38682517 240.199190
38682263 240.200303
38681790 240.211502
38677744 240.306079
38675470 240.334954
38674971 240.360477
38674700 240.385952
38674595 240.387970
38674084 240.420030
38670454 240.431922
38670302 240.437352
38670118 240.448524
38667414 240.451083
38667228 240.466028
38666844 240.519956
38666803 240.535835
38666763 240.558881
38665544 240.563454
38664840 240.619273
38664364 240.663787
38664315 240.681858
38664191 240.696876
38663038 240.702334
38662826 240.711092
38662051 240.732226
38661230 240.815362
38660099 240.837651
38658025 240.849655
38657714 240.880144
38657269 240.904900
38656719 240.919242
38650372 240.950390
38650332 240.972804
38647844 240.975817
38647160 240.977543
38646074 240.994541
38645099 240.997723
38644753 241.062854
38644066 241.065061
38644008 241.115323
38643031 241.116516
38642533 241.133701
38642175 241.139720
38642137 241.145426
38641445 241.147739
38641229 241.175002
38641189 241.177518
38640491 241.184896
38640429 241.189869
38640312 241.195630
38640034 241.199723
38638779 241.202778
38638702 241.223575
38638656 241.234113
38638565 241.242659
38638331 241.289844
38635007 241.298215
38634878 241.302540
38634452 241.329043
38634432 241.331679
38634109 241.399994
38634028 241.427216
38633735 241.461718
38633675 241.531721
38632366 241.644260
38632290 241.670531
38632271 241.679431
38631822 241.683428
38631672 241.737533
38628803 241.750456
38628311 241.781096
38628282 241.818626
38628213 241.845529
38626733 241.858131
38626429 241.912138
38625745 241.948015
38625457 241.999782
38625382 242.015987
38625269 242.061952
38625153 242.065866
38624437 242.069247
38623235 242.087732
38622991 242.107608
38622794 242.222278
38622725 242.280373
38622679 242.282176
38621791 242.290326
38621334 242.296309
38621171 242.323929
38619214 242.578075
38618480 242.623185
38618209 242.678804
38617847 242.787290
38617759 242.847457
38617439 242.852815
38617336 242.870235
38616385 242.884466
38616275 242.919208
38615444 242.997241
38614588 243.051924
38614409 243.057790
38614101 243.078522
38614094 243.116530
38613871 243.118741
38612869 243.134566
38612740 243.137565
38612295 243.269299
38612070 243.309362
38612050 243.442739
38611999 243.466510
38610879 243.527396
38610797 243.600443
38610021 243.650705
38610020 243.757645
38609898 243.921168
38609189 243.967289
38608789 244.021071
38608597 244.047936
38608204 244.176097
38608100 244.346495
38607003 244.409389
38606688 244.435233
38606537 244.479388
38605968 244.521474
38605500 244.573983
38605286 244.700111
38604851 244.808212
38604093 244.862461
38603399 244.876753
38603269 244.894584
38603255 244.939307
38602923 244.956553
38602589 245.011707
38602478 245.097576
38601924 245.135735
38601914 245.201993
38601467 245.344978
38601367 245.357208
38601100 245.384092
38600817 245.463827
38600781 245.521642
38600575 245.621608
38600499 245.704230
38600327 245.930502
38599455 246.200224
38598733 246.246711
38598706 246.275515
38598485 246.421900
38598283 246.595621
38597502 246.905727
38597334 246.914679
38596460 247.232006
38596450 247.643341
38596259 247.713771
38596107 247.832979
38595635 248.462560
38595563 248.481858
38595507 248.508095
38594696 248.690401
38594678 248.935450
38594640 249.014122
38594609 249.060782
38593708 249.138459
38593624 249.413885
38593246 249.619433
38592972 249.664996
38592644 249.701209
38591803 249.940330
38591745 249.995843
38591726 250.652126
38591516 250.842961
38591249 250.966885
38591114 251.691969
38591058 252.188165
38590784 252.232796
38590685 252.298273
38590546 252.396315
38590369 252.428050
38590264 252.609867
38590139 252.622317
38590120 253.203020
38590051 253.363458
38589458 253.984040
38589370 254.057657
38589152 254.317601
38589016 254.661427
38588756 254.815811
38588676 255.358553
38588064 255.469512
38588057 255.608407
38587828 255.675962
38587356 255.875140
38586427 255.902265
38586399 255.930242
38585460 255.998932
38585306 256.270049
38585177 256.305429
38584748 256.313201
38584707 256.358963
38584586 256.401731
38582775 256.541003
38582746 257.206621
38582012 258.076954
38581976 258.080032
38581893 258.823077
38581835 258.957709
38581620 259.018054
38581513 259.161741
38581055 259.469922
38580975 259.633955
38580936 259.746519
38580822 259.827323
38580638 259.827644
38580408 260.143139
