16836423 0.003733
14107209 0.029901
14062534 0.032197
14060401 0.042868
14055610 0.046058
14047557 0.047506
14036226 0.049745
14020361 0.051509
14013645 0.063428
14009468 0.075027
14008894 0.082245
13992362 0.087333
13991440 0.091967
13981276 0.095666
13978617 0.102561
13975689 0.106413
13974100 0.118740
13972718 0.122237
13957996 0.125414
13948468 0.136018
13934278 0.154163
13932793 0.160596
13929632 0.162679
13928977 0.179207
13926678 0.185138
13923948 0.186603
13910146 0.188298
13901768 0.193406
13897253 0.204010
13893015 0.207174
13890457 0.210719
13887254 0.244548
13885386 0.247365
13882810 0.289257
13879704 0.295859
13876950 0.296940
13874008 0.334935
13872639 0.335856
13868778 0.337304
13868439 0.385479
13868124 0.397909
13867469 0.404910
13863399 0.416516
13856934 0.456907
13856866 0.501675
13856555 0.503819
13855959 0.540951
13855219 0.555028
13854355 0.557805
13854089 0.563339
13851427 0.590396
13851122 0.624323
13849412 0.654496
13844350 0.676093
13840758 0.723988
13827750 0.970791
13793262 0.973404
13664888 0.987064
13646511 0.991277
13646278 0.997630
13646150 1.012053
13642519 1.042831
13638859 1.047305
13629829 1.053392
13616886 1.054288
13612045 1.076574
13610877 1.093106
13604983 1.107244
13604740 1.126935
13604090 1.128131
13603776 1.137234
13602896 1.138887
13598154 1.151383
13597943 1.175954
13593648 1.192374
13591143 1.199704
13589229 1.206598
13576679 1.239378
13568397 1.246635
13565952 1.252954
13563089 1.701069
13562766 1.775917
13560677 1.783225
13560363 1.873392
13559855 1.977268
13558697 2.057070
13557835 9.560575
13557646 20.193970
13557485 49.038975
