21403381 0.014263
17972797 0.047543
17970734 0.053174
17939468 0.060151
17938632 0.060375
17938289 0.061213
17937237 0.062856
17919954 0.067857
17910727 0.069237
17908488 0.069653
17878214 0.084431
17875663 0.086710
17860900 0.093608
17855759 0.095191
17829967 0.097509
17827562 0.099201
17824152 0.101841
17823759 0.106340
17815654 0.112719
17789009 0.136796
17787020 0.143415
17782524 0.147611
17769983 0.148960
17767932 0.150992
17762918 0.154362
17756355 0.155844
17746228 0.163905
17740439 0.168019
17739633 0.168685
17738945 0.171756
17726392 0.183735
17721051 0.227596
17555935 0.235958
17555920 0.238193
17532562 0.241416
17524132 0.241656
17523462 0.243084
17504847 0.245088
17494828 0.245970
17494178 0.246969
17490611 0.249027
17489252 0.251111
17447760 0.255603
17447753 0.283802
17445673 0.287586
17443550 0.296522
17440874 0.299393
17437543 0.337551
17434249 0.344576
17425859 0.348237
17407820 0.350878
17406590 0.363132
17406038 0.365556
17403377 0.367857
17402679 0.376534
17401276 0.387913
17386939 0.406192
17385842 0.414567
17385770 0.419016
17384436 0.420442
17379741 0.430110
17378684 0.439725
17374998 0.450662
17360685 0.468200
17356100 0.472836
17349563 0.478092
17345494 0.525390
17345431 0.527915
17345285 0.543220
17344754 0.552605
17328707 0.554163
17326601 0.564682
17324626 0.565685
17323682 0.624854
17322093 0.644845
17320629 0.653533
17314112 0.666499
17310974 0.675945
17304053 0.694345
17303917 0.711612
17301520 0.716787
17301505 0.732203
17300346 0.741594
17300207 0.751256
17299656 0.794677
17299525 0.812493
17299375 0.841357
17295940 0.849436
17292665 0.865274
17292255 0.876900
17291220 0.908149
17291159 0.908634
17290511 0.913947
17290464 0.914674
17290123 0.959669
17289651 0.990071
17288872 0.994334
17286499 1.015863
17285031 1.102482
17282999 1.164757
17282094 1.175936
17281636 1.237452
17281217 1.294611
17280910 1.346743
17276229 1.369216
17276070 1.429823
17275450 1.454975
17274953 1.514497
17274476 1.662482
17273896 1.739174
17272398 1.859418
17271954 1.904011
17271074 1.923218
17270815 2.067598
17269565 2.139278
17269521 2.214596
17268462 2.540652
17267095 2.630922
17266823 2.703226
17265728 2.738864
17265548 2.867929
17261269 2.876804
17261123 2.979150
17259941 3.416594
17259223 3.824439
17257883 4.535926
17251267 4.728033
17250282 4.731271
17241837 4.734116
17234399 4.735189
17198715 4.737266
17196495 4.737812
17192586 4.740610
17191664 4.740838
17189979 4.745450
17188206 4.747392
17187335 4.782554
17179828 4.785238
17175933 4.793267
17175918 4.794554
17174411 4.796578
17172799 4.799333
17171540 4.803674
17167774 4.808183
17164914 4.809764
17159856 4.819343
17154534 4.823158
17150202 4.824611
17142781 4.837117
17141989 4.841877
17140861 4.843066
17140464 4.854425
17123425 4.869098
17122434 4.871264
17122066 4.875217
17122002 4.882829
17111250 4.894235
17110340 4.897423
17110058 4.901306
17109334 4.909667
17106996 4.917119
17105599 4.924434
17104663 4.949053
17097085 4.950648
17096431 4.953913
17092885 4.957246
17091600 4.980688
17090456 4.982365
17090169 4.997103
17082958 4.998490
17081353 5.042950
17081196 5.043153
17080828 5.060617
17076640 5.072791
17075208 5.079109
17074190 5.081017
17073690 5.084122
17073174 5.103104
17064732 5.119978
17064390 5.120569
17064268 5.130415
17061195 5.135397
17060635 5.136553
17060598 5.139679
17060375 5.144646
17059850 5.151592
17058221 5.166208
17057945 5.290414
17057401 5.293599
17057267 5.349549
17056690 5.399655
17055351 5.416080
17051878 5.439711
17051557 5.441559
17049119 5.454643
17049002 5.459806
17046472 5.464970
17045749 5.511091
17044678 5.517052
17044456 5.538245
17044258 5.555598
17040428 5.640149
17036961 5.685645
17036420 5.763837
17035759 5.808958
17034261 5.824875
17031467 5.904875
17031120 5.933299
17030304 5.995691
17023427 5.998263
17023352 6.016353
17023344 6.018631
17022661 6.021543
17021411 6.042495
17021072 6.066306
17018473 6.183980
17018277 6.193256
17017985 6.194708
17017072 6.201248
17015701 6.232766
17014666 6.285340
17014048 6.293246
17011815 6.357867
17008278 6.595908
17008071 9.622127
17007332 9.661602
17005705 9.678916
17004003 9.680867
17002221 9.716639
17000342 9.749559
16997671 9.778134
16997302 9.864688
16996290 9.922198
16993454 10.136698
16992864 10.244350
16992266 10.286714
16991891 10.535535
16991828 10.727847
16991209 11.239665
16991153 11.242960
16991027 11.245577
16990807 11.436565
16989722 11.499364
16988791 15.834540
16988689 26.518497
16987646 27.094994
16984996 30.183567
16983687 30.550111
16983345 30.797013
16982995 30.826181
16981946 30.931131
16981869 30.968108
16981174 31.091352
16981064 177.924799
16980696 177.956299
