33700234 0.022309
27815508 0.092651
27774802 0.104205
27768565 0.118829
27754376 0.120945
27608104 0.124783
27593729 0.130751
27593026 0.137885
27391779 0.140892
27391010 0.141809
27385615 0.143055
27370738 0.147804
27367869 0.149990
27367089 0.150592
27365860 0.151240
27355543 0.152596
27352504 0.154429
27352318 0.155562
27351743 0.162791
27349114 0.163623
27347749 0.164868
27347162 0.167299
27345688 0.169065
27336679 0.180332
27333161 0.185109
27252264 0.187660
27249614 0.188964
27249163 0.189453
27245236 0.190689
27242552 0.197735
27240570 0.202601
27239945 0.205210
27232628 0.206093
27216077 0.212488
27215310 0.219470
27211331 0.225698
27206938 0.226270
27206256 0.230018
27203983 0.231434
27189001 0.237830
27186112 0.239153
27174993 0.252055
27174627 0.253120
27172775 0.255517
27153109 0.269426
27152468 0.273516
27145918 0.277145
27140313 0.279137
27139855 0.284339
27139303 0.291079
27132807 0.297093
27128189 0.300587
27109501 0.320503
27108902 0.321668
27108035 0.325844
27092328 0.332296
27091626 0.332823
27090614 0.354659
27089229 0.358388
27084954 0.359172
27079486 0.366174
27078664 0.366368
27077367 0.367052
27076888 0.378328
27076163 0.382352
27058373 0.386498
27055628 0.393174
27054167 0.442120
27053509 0.450220
27049708 0.453861
27046815 0.457634
27045648 0.460130
27045643 0.464871
27042775 0.466969
27038153 0.471306
27037497 0.474868
27029362 0.480451
27025019 0.486824
27020561 0.488666
27020263 0.492663
27019143 0.520218
27017921 0.529224
27017374 0.540641
27014848 0.562559
27014830 0.564554
26993523 0.568969
26987070 0.585377
26981640 0.592778
26981571 0.594834
26972142 0.619413
26970766 0.622177
26970671 0.638443
26970611 0.641836
26969122 0.645005
26967137 0.654438
26966730 0.656459
26955313 0.659400
26954563 0.663274
26945403 0.666826
26943615 0.682268
26938673 0.683295
26937298 0.683931
26934350 0.698223
26933587 0.751091
26933417 0.762262
26931041 0.768021
26930283 0.769642
26929479 0.775711
26925359 0.800077
26924695 0.802817
26833630 0.815421
26827804 0.816340
26822488 0.816512
26817112 0.822233
26816393 0.829394
26816117 0.854172
26815437 0.856723
26796462 0.858871
26796023 0.872564
26795552 0.885218
26791107 0.966612
26789738 0.969285
26789310 0.994733
26788028 0.995478
26787580 1.000204
26785989 1.004479
26785854 1.028578
26785423 1.034565
26785309 1.067986
26785167 1.095186
26784812 1.120259
26784359 1.122038
26783907 1.126108
26783852 1.140047
26783569 1.143781
26783299 1.156508
26780267 1.166624
26780192 1.180165
26778543 1.189452
26776264 1.195036
26775754 1.213079
26775355 1.215400
26774286 1.250359
26773348 1.289337
26770004 1.301694
26764869 1.339761
26748378 1.343332
26747260 1.371112
26746621 1.372615
26744985 1.401795
26740468 1.419332
26738096 1.437831
26736645 1.457831
26735090 1.472222
26734309 1.474575
26731610 1.480732
26731224 1.502936
26730545 1.517569
26724157 1.524186
26723924 1.525932
26721402 1.536707
26719017 1.540081
26718635 1.559337
26717820 1.566423
26716793 1.583752
26716317 1.589319
26714496 1.592561
26714493 1.594356
26710602 1.596053
26710543 1.597986
26708813 1.662513
26708383 1.700600
26705421 1.719317
26703733 1.734820
26703095 1.740953
26701881 1.752353
26695293 1.819016
26693907 1.825123
26693791 1.825771
26693031 1.832693
26692158 1.884533
26691295 1.901308
26690325 1.928000
26690017 1.948540
26689052 1.993731
26688626 2.041510
26688445 2.044800
26687184 2.046579
26686579 2.051642
26685538 2.092531
26685526 2.122887
26685497 2.184206
26685459 2.216756
26685403 2.249846
26685387 2.294446
26684924 2.309087
26684315 2.384449
26684218 2.397633
26683024 2.403224
26682886 2.607546
26682876 2.610326
26682636 2.712537
26681639 2.836445
26679915 2.840998
26679522 2.888433
26678221 2.920450
26675860 2.940648
26675587 2.988700
26674490 2.994949
26674325 3.043507
26673739 3.056369
26672694 3.075238
26672004 3.175702
26671562 3.196852
26671389 3.200670
26671137 3.219426
26671058 3.242294
26670707 3.273085
26668603 3.297163
26667390 3.316374
26666177 3.337376
26665942 3.547902
26665119 3.597559
26664969 3.628342
26664250 3.719869
26663769 3.801262
26646559 3.908517
26643535 3.951533
26639373 3.953228
26636892 4.081783
26635746 4.123980
26635686 4.138734
26631925 4.183654
26629328 4.184249
26628389 4.187563
26626533 4.285872
26619042 4.313006
26617366 4.315736
26605248 4.536429
26601960 4.549624
26601604 4.597842
26600395 4.635383
26599326 4.645168
26599281 4.659300
26599182 4.813615
26599001 4.851372
26591212 4.852521
26590619 4.903929
26589978 4.970357
26589627 5.035204
26589507 5.107195
26584119 5.214817
26583518 5.257592
26582335 5.335083
26579575 5.529426
26579313 5.632033
26579219 5.781436
26578708 5.891072
26575420 5.952514
26575399 5.953399
26574339 5.975648
26573583 6.185973
26571807 6.210182
26571361 6.245209
26571060 6.309591
26570944 6.364014
26570927 6.428228
26568365 6.626596
26568160 6.687438
26568149 7.192826
26567493 7.844116
26565765 8.589465
26565672 8.695750
26565515 8.809681
26565451 8.870932
26565374 9.049223
26565290 9.143160
26565061 9.412330
26564930 9.501293
26562837 9.584912
26562667 9.800296
