30552989 0.030369
25548299 0.089741
25547705 0.090062
25537856 0.096491
25522453 0.098749
25517210 0.099653
25505712 0.110439
25503871 0.112007
25498148 0.112654
25400516 0.116874
25399524 0.117347
25381443 0.124850
25377882 0.127942
25367094 0.131164
25349373 0.134635
25291237 0.144982
25290699 0.146359
25288496 0.148562
25287023 0.149959
25280068 0.151268
25279084 0.151750
25277327 0.157134
25276488 0.161596
25273083 0.173687
25272549 0.179035
25268816 0.180290
25264674 0.189384
25262080 0.190436
25259835 0.192418
25259554 0.203153
25257717 0.216606
25257495 0.228546
25256212 0.229624
25255317 0.232385
25241932 0.234148
25236870 0.237155
25235636 0.238244
25233407 0.240266
25231729 0.243880
25210828 0.246307
25210111 0.247402
25209091 0.268488
25208130 0.270679
25203946 0.281244
25187896 0.282243
25186295 0.283162
25185042 0.284420
25183638 0.291907
25182034 0.293760
25173339 0.299528
25172237 0.300341
25166591 0.312624
25165985 0.313512
25165165 0.317190
25140017 0.322254
25139265 0.339790
25137512 0.340578
25137361 0.342557
25133345 0.345633
25132268 0.352875
25131636 0.357920
25129018 0.360195
25126928 0.366904
25125945 0.374396
25115558 0.384811
25105152 0.387758
25104386 0.390157
25095097 0.391500
25095086 0.404979
25094473 0.406064
25093599 0.411420
25089672 0.421553
25089109 0.430672
25086396 0.446709
25085844 0.452366
25083227 0.458589
25082183 0.521389
25081336 0.522272
25079970 0.552260
25077555 0.556585
25073062 0.564135
25072179 0.565352
25066196 0.630888
25065940 0.631009
25065755 0.659011
25062850 0.675322
25062658 0.681973
25054380 0.691256
25052261 0.755211
25044246 0.758260
25043485 0.763451
25039637 0.776593
25039269 0.780735
25033509 0.783901
25033292 0.805089
25033023 0.807163
25031084 0.808151
25028376 0.808994
25024964 0.814372
25024849 0.818355
25023831 0.824956
25022456 0.836679
25021169 0.852295
25018359 0.857516
25013378 0.891432
25012414 0.902654
25012134 0.916658
25012023 0.919578
25000489 0.925482
24987447 0.960419
24986332 0.971767
24986156 0.981368
24983750 0.982003
24983708 0.993535
24983620 1.004306
24983465 1.020175
24975313 1.053661
24975264 1.080569
24971699 1.086283
24971669 1.089180
24940712 1.090513
24937368 1.108221
24932514 1.119861
24929877 1.123853
24929714 1.146720
24928192 1.176054
24926712 1.179016
24923389 1.179961
24923344 1.181913
24922538 1.184065
24920622 1.207047
24916479 1.211528
24915394 1.215897
24912948 1.224036
24912900 1.260898
24912214 1.284915
24911806 1.285632
24910602 1.295602
24909626 1.319798
24908958 1.334435
24908788 1.398843
24908649 1.401829
24907183 1.403260
24907008 1.412582
24899871 1.482150
24899591 1.502526
24897242 1.556227
24896058 1.562919
24894570 1.589386
24892266 1.609068
24892121 1.612246
24891690 1.617169
24862296 1.621554
24862007 1.644124
24861241 1.653091
24860481 1.703984
24859880 1.766861
24857004 1.770328
24856337 1.793901
24855452 1.855360
24852611 1.866762
24851835 1.914174
24851246 1.947063
24851216 1.953514
24851012 1.994352
24850914 2.001503
24849379 2.016803
24844640 2.102079
24843181 2.121430
24842147 2.146319
24841258 2.155187
24838923 2.161235
24837394 2.183950
24837355 2.188219
24836256 2.245997
24827539 2.313680
24827125 2.377260
24827101 2.384728
24827012 2.401461
24826788 2.521472
24825542 2.542659
24825349 2.551924
24825231 2.583968
24825115 2.592754
24824645 2.598173
24823717 2.626351
24823128 2.632071
24821395 2.634816
24821376 2.690871
24821089 2.707714
24819528 2.714767
24819019 2.750686
24818504 2.782331
24818228 2.797990
24818205 2.808386
24818026 2.824590
24817951 2.824989
24817838 2.893352
24817604 2.907930
24817548 2.952678
24817361 3.020639
24817059 3.023839
24816826 3.205760
24816723 3.210270
24816461 3.275857
24815691 3.347877
24814627 3.348828
24813714 3.359411
24807806 3.405581
24807483 3.413102
24807375 3.416965
24805663 3.431274
24805289 3.500263
24805232 3.501355
24804967 3.588449
24803445 3.665513
24803444 3.751166
24802414 3.837292
24802056 3.881979
24801776 4.018313
24799181 4.037214
24798243 4.041603
24797799 4.101666
24796675 4.132720
24796583 4.137479
24795646 4.166035
24795505 4.256112
24795258 4.352627
24795167 4.535763
24795095 4.558523
24793534 4.565718
24792936 4.705513
24792850 4.805624
24792718 5.165880
24792477 5.223396
24792435 5.350166
24791562 5.532637
24791043 5.607771
24791013 5.645739
24790624 5.776634
24790619 6.099582
24790529 6.280125
24785672 52.783490
24776175 52.786046
24773446 52.794201
24766530 52.802837
24766151 52.833042
24762457 52.835321
24761390 52.856972
24754969 52.916044
24754595 52.918652
24753110 52.994289
24751478 53.091546
24749397 53.109470
24747794 53.295207
24746110 53.358622
24745415 53.359556
24745019 53.431059
24744015 53.439543
24743891 53.649217
24743762 53.744320
24742957 53.964772
24742489 53.993083
24741758 53.996189
24741463 54.101488
24740704 54.579319
24739828 54.607165
24738974 54.642919
24733886 54.714428
24733478 54.773033
24731074 54.891954
24730483 54.958512
24729664 55.314278
24729613 55.413314
24729515 55.476959
24729511 55.604884
24727584 94.591374
24727176 94.609293
24726585 94.678834
24726071 94.694537
24725947 94.722040
24720294 94.730019
24720283 94.744913
24720224 94.805429
24719391 94.841174
24717900 95.091998
24716163 95.097865
24715998 95.126950
24714984 95.128551
24714598 95.169207
24714490 95.247293
24712837 95.248268
24711923 95.270325
24711851 95.611976
24711821 95.651780
24710648 95.714185
24710370 95.726295
24709372 95.733552
24708215 95.809269
24707872 95.944883
24707849 96.004487
24707761 96.092316
24707624 96.495744
24706901 96.499146
24706896 96.611248
24706462 96.641958
24706322 96.644793
24706067 96.697542
24706056 96.766097
24705751 96.953999
24705589 97.081863
24705482 97.515787
24705158 97.876508
24705081 98.568346
24704196 98.582519
24703649 98.649479
24703613 98.738380
24703320 98.772149
24703279 98.949547
24703189 99.313897
24702405 99.417385
24701390 99.467027
24701341 99.676591
24701304 99.703560
24701155 99.731124
24700952 100.014603
24700915 100.044480
24700700 100.065019
24700612 100.349249
24699832 100.508581
24698583 100.816078
24698415 143.721329
24698405 143.825371
24697757 143.967820
24697727 144.543828
24697639 144.546257
24697387 145.129882
24697140 146.333158
