45153469 0.045493
37853076 0.177648
37845691 0.179453
37841608 0.182223
37834688 0.186010
37824183 0.189147
37822380 0.191906
37708345 0.200445
37708292 0.203059
37699366 0.205416
37698741 0.206952
37697566 0.207246
37690453 0.209135
37678419 0.215019
37675618 0.219867
37660058 0.230085
37659194 0.231413
37656956 0.233121
37656655 0.233736
37654737 0.234613
37649981 0.235988
37649966 0.236351
37645409 0.238548
37644994 0.238737
37585653 0.242864
37580726 0.248363
37567472 0.262053
37562385 0.263824
37558607 0.265846
37558156 0.269313
37557527 0.296874
37549247 0.298915
37548338 0.300701
37546035 0.306291
37545844 0.308263
37544307 0.311561
37541662 0.312681
37537528 0.323374
37537479 0.325848
37526629 0.328709
37521908 0.329921
37517497 0.333966
37516346 0.337440
37498785 0.345629
37483946 0.349842
37481522 0.351577
37479423 0.361585
37469175 0.364399
37468328 0.365246
37462228 0.369225
37460365 0.371098
37456805 0.375455
37454634 0.384534
37417426 0.389374
37413681 0.393560
37412194 0.395387
37411721 0.411349
37411187 0.415319
37399908 0.417784
37399116 0.427609
37394719 0.431505
37394645 0.432649
37390728 0.441080
37390550 0.443247
37382675 0.449996
37376051 0.457008
37372017 0.463201
37371823 0.468485
37371290 0.472424
37371155 0.475308
37369131 0.501653
37368704 0.502113
37365811 0.518452
37364094 0.519999
37363630 0.520629
37362557 0.527960
37293145 0.551745
37266214 0.558813
37265696 0.561981
37262699 0.564976
37260664 0.566982
37260182 0.567613
37258904 0.572813
37257602 0.574541
37257589 0.576237
37252988 0.602313
37251885 0.606934
37249066 0.614678
37249049 0.641325
37248846 0.642111
37248807 0.644384
37244828 0.650160
37244342 0.653508
37243827 0.654939
37235396 0.661789
37227678 0.670239
37224472 0.678188
37224194 0.685992
37221677 0.688985
37219097 0.696851
37216311 0.697655
37215207 0.706895
37215139 0.709682
37213533 0.711242
37213379 0.712508
37213080 0.716886
37210079 0.720910
37209926 0.731806
37209065 0.735582
37207933 0.755271
37205056 0.764651
37205054 0.771521
37202941 0.785095
37200539 0.793987
37200411 0.796345
37198013 0.799421
37195948 0.809428
37195908 0.813903
37195411 0.815326
37193323 0.829411
37191162 0.835262
37190975 0.836287
37188060 0.837442
37184099 0.844105
37183531 0.844901
37180762 0.846977
37180511 0.851397
37177821 0.851905
37177723 0.857168
37177646 0.859370
37177068 0.860493
37173639 0.887794
37173409 0.892638
37172914 0.894375
37172482 0.895828
37172035 0.902056
37171766 0.902264
37171283 0.904289
37170993 0.905625
37170357 0.918302
37169636 0.920098
37169598 0.925598
37169129 0.931014
37165927 0.931950
37165577 0.933952
37161355 0.947536
37161334 0.952381
37155730 0.967798
37151595 0.975006
37149692 0.979032
37145121 0.986640
37145003 0.989773
37143331 0.992390
37141990 0.993064
37141943 0.997194
37140504 1.004477
37140041 1.008187
37139235 1.032013
37138017 1.035441
37137012 1.061446
37134478 1.065810
37132164 1.072666
37130931 1.081258
37130302 1.083775
37129863 1.094736
37118062 1.102159
37116388 1.108595
37116063 1.109366
37115460 1.111602
37113889 1.112723
37113414 1.134466
37103144 1.138695
37069326 1.143966
37068605 1.150333
37033526 1.156122
37029071 1.168248
37026530 1.174834
37026458 1.177396
37026261 1.186120
37025894 1.188559
37025584 1.196675
37024376 1.230090
37023606 1.232249
37023474 1.234201
37023247 1.254812
37022318 1.271197
37014202 1.278630
37014080 1.291397
37013955 1.297211
37013703 1.309073
37013099 1.311066
37012959 1.326403
37012877 1.330111
37012091 1.340204
37011524 1.341376
37011383 1.343958
36998987 1.353855
36998229 1.373911
36996603 1.385242
36994849 1.389245
36992743 1.399817
36992401 1.412088
36992288 1.418290
36989503 1.426612
36989430 1.433700
36988761 1.443636
36984350 1.446881
36984349 1.453182
36983700 1.476047
36983229 1.477462
36982404 1.499947
36980486 1.500797
36978792 1.502589
36977577 1.519846
36976948 1.530838
36975028 1.549948
36974810 1.551390
36974784 1.577104
36971596 1.594972
36971167 1.599597
36968123 1.612505
36967973 1.621522
36967835 1.646130
36967242 1.665319
36967187 1.678121
36967119 1.721355
36966828 1.739955
36965840 1.755336
36964358 1.770188
36961890 1.771194
36961832 1.773391
36957538 1.775820
36956530 1.779846
36956012 1.791603
36955850 1.797096
36955743 1.806537
36955208 1.812625
36955134 1.820671
36954778 1.834945
36954570 1.876249
36954563 1.887002
36953431 1.889589
36950293 1.924851
36949223 1.926289
36945474 1.937106
36945227 1.937996
36944331 1.953622
36942091 1.954571
36941946 1.956012
36940474 1.963971
36940063 1.966421
36940037 1.970712
36939683 1.977951
36939181 2.021298
36938911 2.078030
36938893 2.078858
36938250 2.079307
36937935 2.084580
36937581 2.115140
36936971 2.126263
36936628 2.132718
36934108 2.151870
36933694 2.192694
36933266 2.209082
36932861 2.233003
36929955 2.248051
36928584 2.268876
36928428 2.334012
36928219 2.350379
36928086 2.376454
36928035 2.412583
36892218 2.427513
36890507 2.444548
36890429 2.463964
36888298 2.467012
36879213 2.536988
36878402 2.549852
36876739 2.566591
36871166 2.606593
36870126 2.609762
36867190 2.616515
36866775 2.655725
36866582 2.670159
36862412 2.674411
36862300 2.681713
36862275 2.698753
36862263 2.701094
36861655 2.704025
36861385 2.780060
36860863 2.781293
36860588 2.823698
36860302 2.858483
36859486 2.865925
36859058 2.867394
36857226 2.868497
36857142 2.876103
36856960 2.881149
36854489 2.906398
36852440 2.947489
36846474 2.956738
36845704 2.974657
36845556 3.000071
36845080 3.000587
36845075 3.030175
36844782 3.031391
36844557 3.043221
36839689 3.051091
36838642 3.061938
36837226 3.100837
36836090 3.101323
36835723 3.103947
36816348 3.108630
36800701 3.129712
36797686 3.133955
36795033 3.138448
36794511 3.146149
36794327 3.151212
36794212 3.155564
36793802 3.171311
36793213 3.171955
36792361 3.176613
36792177 3.201138
36791935 3.267887
36790304 3.308837
36790151 3.310564
36789290 3.323171
36789265 3.335467
36786735 3.341780
36786630 3.346040
36786481 3.352274
36785379 3.372162
36785085 3.385306
36784806 3.385811
36782764 3.414534
36782511 3.428143
36781398 3.454526
36781111 3.470325
36780648 3.482030
36779378 3.507730
36779372 3.512447
36778914 3.513717
36778620 3.599964
36778448 3.616020
36777996 3.640559
36777764 3.649247
36777715 3.655473
36777643 3.657618
36776896 3.704772
36776824 3.707426
36776273 3.763424
36775769 3.774806
36773001 3.792028
36772790 3.794437
36772581 3.804642
36765273 3.848059
36764573 3.886657
36764364 3.899475
36764143 3.901659
36763029 3.903665
36761512 3.995132
36760718 4.021234
36760711 4.022820
36760474 4.028548
36760237 4.055000
36760049 4.112516
36759987 4.146615
36759979 4.262569
36759048 4.353253
36756921 4.364544
36756774 4.396383
36755824 4.444957
36755513 4.452833
36755041 4.499316
36754407 4.500334
36750960 4.505645
36750867 4.541164
36750837 4.560903
36749990 4.579242
36749918 4.589654
36749743 4.619451
36749526 4.698711
36749429 4.715448
36749305 4.785434
36745458 4.848128
36744419 4.937747
36744295 4.949672
36741623 4.951866
36741380 5.050582
36741235 5.075047
36740867 5.076718
36739532 5.124587
36739102 5.172047
36738996 5.225940
36737782 5.417455
36737267 5.425827
36737198 5.435856
36736783 5.463409
36735578 5.463824
36733536 5.482799
36733134 5.530954
36732937 5.533245
36729836 5.588943
36729532 5.635027
36727221 5.744182
36726972 5.846588
36726833 5.875084
36726785 5.951981
36726090 5.983851
36725440 6.231101
36725315 6.397915
36724545 6.435442
36724486 6.569716
36724146 6.580460
36724008 6.590005
36723885 6.592839
36723212 6.602743
36722153 6.968225
36721669 7.029462
36720946 7.074403
36720944 7.485059
36719435 7.511666
36710069 7.569217
36710059 7.603774
36705749 7.605983
36705536 7.620127
36655415 7.624710
36636342 7.644148
36635404 7.686257
36634786 7.691363
36634040 7.702618
36633978 7.734392
36633685 7.771137
36633522 7.823298
36632355 7.852458
36631903 7.859336
36629176 7.867828
36628547 7.972004
36624359 8.018586
36623730 8.109103
36623609 8.113369
36622531 8.122528
36622136 8.144860
36622107 8.154604
36620539 8.164185
36620080 8.250689
36620002 8.255062
36619665 8.276343
36619588 8.348074
36618340 8.423049
36617355 8.457476
36614191 8.473689
36612517 8.535242
36611700 8.549903
36611276 8.591733
36610731 8.612874
36608566 8.628164
36608519 8.712660
36607637 8.764118
36607506 8.854694
36607226 8.868388
36606654 8.911155
36605809 8.954643
36605718 8.956045
36605410 9.000198
36605137 9.167542
36604553 9.205895
36604340 9.244537
36604324 9.290471
36603972 9.317498
36603901 9.373407
36603461 9.457249
36603139 9.499535
36602988 9.549092
36602390 10.165834
36601519 10.209411
36600183 10.334198
36600145 10.467781
36600040 10.502756
36599836 10.511593
36599721 10.673616
36599395 10.714104
36598917 10.792588
36598374 10.845308
36598147 11.144557
36597702 11.201313
36597616 11.302402
36597570 11.357715
36597338 11.369584
36597291 11.448282
36596750 11.467671
36596600 11.596916
36596535 11.727109
36596347 11.745629
36596225 11.927814
36595892 11.977104
36595397 11.995364
36594987 12.393047
36594295 12.406008
36593873 12.664352
36592752 12.674672
36592499 12.778434
36592440 12.920273
36592390 12.933515
36591882 13.222343
36591857 13.353447
36590125 13.500446
36589372 13.878846
36589319 14.007994
36589002 14.043113
36588062 14.252337
36587903 14.823891
36587724 15.120385
36587332 15.226015
36587265 15.304856
36587113 15.344745
36586039 15.467745
36585052 15.514289
36584619 15.726637
36584596 15.773346
36584206 15.805983
36584040 16.027460
36583004 16.178854
36582931 16.453960
36582541 16.857431
36582515 16.931968
36582331 17.289863
36582143 17.752740
36581806 18.231575
36581740 19.508047
36581692 19.602454
36581518 19.703834
36581184 20.364171
36580215 20.732674
36579490 170.157881
36579395 170.205883
36579179 170.400839
36578539 170.413043
36577997 170.820903
36577818 170.875080
36577676 171.041876
36577509 171.120283
36577422 171.211928
36577403 171.218191
36577015 171.343640
36576678 171.918666
36576570 172.043146
36576483 172.211948
36575902 174.623156
36575861 174.691745
36575682 174.784923
36575361 174.918714
36575251 175.044247
36574918 175.148835
36574872 175.595433
36574607 176.837206
36573675 176.892507
36573663 176.946586
36573600 334.197775
36573321 334.364884
36572470 556.827778
36572159 556.884156
36571466 556.884645
36571121 557.121076
36570095 557.155688
36569977 557.169560
36569730 557.341777
36569373 557.560411
36568069 557.734509
36568029 557.951609
36567711 558.023577
36567700 558.070173
36567582 558.115743
36567436 558.193793
36567418 558.211226
36567387 558.286065
36567257 558.611254
36566860 559.071557
36566756 559.126402
36566568 559.212869
36566321 559.286445
36566240 559.458814
36565747 559.988868
36565243 560.226924
36565066 560.326309
36564549 560.598014
36563733 560.828777
36563221 560.936566
36562484 561.030869
36562337 561.315347
