24729486 0.012201
21230342 0.054836
21229442 0.055886
21207693 0.065232
21202415 0.079602
21192686 0.081145
21191989 0.082273
21182686 0.089847
21144484 0.093377
21069858 0.103061
21069065 0.103576
21065973 0.108272
21062997 0.112068
21061998 0.118483
20683668 0.125677
20682512 0.127939
20675262 0.130032
20670968 0.130792
20669286 0.135246
20647868 0.139603
20645279 0.150544
20634972 0.159664
20615189 0.164563
20607935 0.166218
20604015 0.168883
20598479 0.177135
20593918 0.178870
20590739 0.179899
20590143 0.197291
20589279 0.198909
20588881 0.200954
20587005 0.207432
20583922 0.209789
20581684 0.216944
20550176 0.224591
20549279 0.225006
20488427 0.228717
20488068 0.235942
20482021 0.242538
20471764 0.258329
20467735 0.262485
20467721 0.265684
20467362 0.272367
20450893 0.273273
20444034 0.285659
20437558 0.286457
20433341 0.294014
20430619 0.294767
20429666 0.331032
20429481 0.350915
20428171 0.359852
20426956 0.372177
20426739 0.373498
20424115 0.385779
20423820 0.386286
20422412 0.402226
20421695 0.415116
20417797 0.433163
20415958 0.453376
20413975 0.469693
20413733 0.473835
20411556 0.538708
20410634 0.549735
20408541 0.552439
20408455 0.564487
20407775 0.568007
20407751 0.579701
20397792 0.593299
20397698 0.604014
20381496 0.623398
20381372 0.632061
20374583 0.647286
20371761 0.684705
20365505 0.689300
20364374 0.693160
20358413 0.696275
20353578 0.702253
20349942 0.705850
20349890 0.706258
20349810 0.737864
20348880 0.739471
20345230 0.743616
20345118 0.765616
20341259 0.769045
20334274 0.799923
20331919 0.813683
20329228 0.959055
20326409 0.969428
20324495 0.973745
20323117 0.975469
20322714 0.978877
20322563 1.026091
20314679 1.031341
20313942 1.045016
20311065 1.053645
20308013 1.087758
20308008 1.106887
20305228 1.154055
20300369 1.156168
20299018 1.205963
20298934 1.207372
20296947 1.209515
20295257 1.229954
20293558 1.293742
20291821 1.306311
20290859 1.316005
20285629 1.334709
20285145 1.335955
20284779 1.350791
20284528 1.355720
20282302 1.359006
20282114 1.488424
20281103 1.499072
20280870 1.501010
20279731 1.504995
20279574 1.515650
20279511 1.582907
20279066 1.601745
20278763 1.687842
20278533 1.737560
20277425 1.761190
20277412 1.990560
20274732 2.011261
20273357 2.112807
20271960 2.137555
20269723 2.141303
20269301 2.177560
20268214 2.181878
20268174 2.186489
20265457 2.243026
20264831 2.389750
20263311 2.516433
20260096 2.516864
20259710 2.522435
20259651 2.596899
20259507 2.617763
20257483 2.841543
20257028 2.892648
20256518 2.906364
20255543 2.906705
20254221 3.056706
20254077 3.203060
20253549 3.207137
20253376 3.218118
20252818 3.294384
20252532 3.302993
20251391 3.304697
20250334 3.443509
20249761 3.490277
20249186 3.685498
20246232 3.931114
20246176 4.539720
20244974 4.740621
20243760 4.974104
20243224 4.995813
20242731 5.015499
20241808 5.055730
20241711 5.289381
20241709 5.901845
20241617 10.846526
20240781 10.850683
20240465 10.965555
20240442 11.029652
20240246 11.070014
20239540 11.125917
20238464 11.833010
20238272 11.895709
20237255 12.188987
20235791 12.338859
20235759 12.525963
20235757 13.708520
20226262 72.447114
20221367 72.470873
20219658 72.493766
20219625 72.497855
20219623 72.506137
20219304 72.508368
20218105 72.519965
20218048 72.522977
20216156 72.559835
20210185 72.561342
20205738 72.582219
20205673 72.604191
20205254 72.634927
20196154 72.639400
20194836 72.654429
20194787 72.694660
20193918 72.719424
20193700 72.759143
20193097 72.844364
20191839 72.844695
20191744 72.870133
20191050 72.937352
20190980 72.945448
20190698 72.972234
20189796 72.992243
20189538 72.992474
20176593 73.026328
20169213 73.032900
20168490 73.038516
20166835 73.042434
20166677 73.050684
20165984 73.083400
20164941 73.143278
20164486 73.187607
20164447 73.214920
20155663 73.216184
20152766 73.217937
20152627 73.232960
20152047 73.244547
20151796 73.289436
20145333 73.290491
20138665 73.305774
20136925 73.323588
20131281 73.368689
20131121 73.423975
20130772 73.480235
20127020 73.501136
20126859 73.538104
20125938 73.557432
20125725 73.576545
20125107 73.588461
20124243 73.634793
20122346 73.646689
20121991 73.774912
20121859 73.844805
20120924 73.861414
20120830 74.039839
20120622 74.063030
20120528 74.294160
20119939 74.333307
20117957 74.362154
20117030 74.730392
20116478 74.740127
20115591 74.777283
20115033 74.814373
20115031 75.422497
20114974 75.434712
20114965 75.568373
20114677 75.594839
20114670 75.781233
20114450 75.921361
20114334 76.156839
20114204 76.935608
20113934 77.004856
20113272 77.017341
20112849 77.111781
