15557445 0.004593
13269417 0.021135
12829684 0.025570
12827222 0.031085
12807278 0.032376
12768868 0.035455
12756349 0.041617
12755234 0.054157
12717326 0.057879
12709680 0.075221
12705252 0.076658
12695656 0.081348
12694024 0.082017
12693378 0.084466
12689048 0.085212
12688448 0.085930
12686446 0.090437
12682852 0.100010
12682762 0.105393
12681814 0.153052
12676429 0.155922
12673742 0.158232
12671924 0.165344
12662915 0.168284
12662327 0.176476
12662131 0.187023
12655722 0.189065
12655261 0.190156
12655089 0.191104
12649255 0.205199
12649128 0.205510
12648295 0.230919
12642547 0.252056
12640746 0.259165
12640106 0.525717
12640016 0.556368
12638019 0.583270
12637894 0.588637
12637891 0.596544
12635869 0.619573
12635268 0.647313
12631860 0.709076
12629204 0.717030
12618037 0.728095
12615441 0.731462
12615338 0.732530
12614148 0.737952
12610692 0.774478
12608900 0.808274
12599282 0.972266
12597974 1.954711
12594680 1.977198
12594578 12.119080
12594120 21.450789
12593870 34.840424
12593842 69.101494
12593530 69.170320
