55740959 0.070557
47340641 0.314272
47314090 0.329678
47312916 0.333505
47262929 0.343505
47257722 0.359397
47138552 0.367270
47127406 0.372441
47126932 0.388769
47109925 0.392817
47108620 0.395057
47097582 0.399852
47096059 0.401012
47093570 0.404343
47086019 0.406793
47085079 0.407419
47078934 0.408748
47074072 0.417308
47071294 0.419080
47048706 0.426688
47047428 0.431176
47044286 0.436167
47043662 0.443760
47040016 0.456481
47039892 0.458550
46903614 0.473357
46899089 0.476798
46892605 0.478746
46890347 0.480427
46887670 0.481353
46882544 0.492162
46879375 0.496282
46875676 0.500522
46874096 0.503569
46872553 0.505504
46871294 0.510067
46850725 0.513385
46850706 0.524076
46845154 0.525971
46841440 0.528988
46836861 0.530515
46835239 0.531012
46834615 0.532513
46682591 0.537670
46682369 0.540732
46682033 0.541995
46681844 0.542460
46677776 0.545623
46675656 0.547683
46668966 0.555528
46657394 0.557341
46655320 0.559943
46637371 0.566916
46632806 0.569507
46630891 0.578380
46626985 0.581633
46626312 0.587665
46624168 0.591400
46598990 0.600176
46598971 0.605831
46594322 0.609653
46593908 0.631268
46589782 0.638245
46582981 0.643999
46581688 0.652430
46580397 0.655180
46579891 0.661449
46569166 0.670757
46568796 0.671677
46567631 0.673839
46567218 0.679101
46566110 0.679857
46563312 0.683803
46560005 0.686058
46550012 0.690449
46477678 0.693152
46475671 0.701025
46473017 0.702199
46445106 0.706277
46444616 0.713108
46444382 0.723463
46444219 0.728041
46443197 0.739249
46292110 0.742486
46287074 0.745123
46284453 0.747986
46283561 0.749316
46279184 0.751739
46251584 0.762260
46251540 0.763480
46221626 0.770519
46214985 0.772488
46202578 0.779463
46198773 0.794781
46193581 0.798302
46191457 0.804465
46169327 0.807996
46111304 0.825225
46111052 0.830224
46109412 0.832282
46107123 0.833482
46106210 0.835787
46101488 0.841857
46099923 0.843935
46099152 0.845095
46098347 0.850055
46096816 0.860454
46088821 0.861079
46087862 0.867065
46033456 0.872925
46032800 0.886768
46022619 0.902620
46013264 0.909457
46006857 0.913929
46000565 0.919569
45997278 0.921880
45990942 0.925336
45990237 0.927150
45989457 0.930499
45988152 0.935352
45987816 0.938088
45985498 0.954902
45982905 0.957485
45980568 0.961967
45980502 0.963159
45978941 0.972667
45975373 0.974306
45951780 0.982331
45947125 0.987293
45946567 0.990062
45945474 0.992489
45945351 0.995645
45942850 1.000706
45941291 1.006126
45940784 1.011977
45940224 1.016638
45936846 1.017712
45932026 1.020330
45931955 1.030014
45930825 1.045824
45920920 1.066655
45914229 1.074719
45913935 1.079662
45911544 1.097911
45910868 1.099324
45907810 1.099929
45904432 1.121873
45904084 1.122602
45903736 1.128552
45900851 1.132547
45898026 1.150158
45897847 1.157586
45896569 1.161081
45896477 1.163667
45894591 1.172146
45894368 1.173273
45892726 1.177115
45890360 1.180295
45890080 1.183989
45890005 1.195568
45889890 1.196548
45888860 1.200261
45888049 1.208323
45887137 1.218198
45882748 1.223513
45836035 1.275196
45835205 1.278083
45824394 1.280507
45821117 1.283923
45820698 1.287491
45819064 1.299251
45818444 1.300174
45815782 1.315444
45815437 1.322281
45813385 1.323583
45813344 1.332324
45808601 1.341774
45808223 1.347330
45806814 1.352247
45806130 1.354996
45804293 1.373431
45799843 1.379605
45799776 1.386967
45799772 1.389507
45798397 1.426119
45797498 1.429306
45796507 1.430335
45795510 1.431186
45774502 1.435590
45774277 1.443664
45774072 1.445502
45773942 1.456044
45771365 1.470144
45771198 1.486066
45771000 1.504731
45770999 1.505503
45770123 1.508490
45757542 1.516931
45757479 1.523978
45755930 1.527188
45751024 1.538827
45748208 1.542169
45743621 1.542948
45740899 1.551262
45740603 1.563736
45737743 1.585433
45737572 1.596622
45732166 1.627596
45731562 1.632408
45730548 1.634464
45729705 1.646860
45728458 1.652192
45728411 1.662692
45727308 1.683245
45726731 1.686872
45726340 1.696216
45724183 1.712021
45667981 1.719599
45665661 1.725357
45663213 1.737100
45661901 1.741978
45661203 1.743094
45657770 1.753102
45656821 1.757619
45627163 1.760296
45626209 1.764626
45625908 1.769485
45625511 1.777171
45624243 1.779976
45623158 1.784299
45620185 1.796863
45619741 1.817617
45619642 1.829471
45619112 1.834192
45617682 1.835732
45601638 1.841544
45601554 1.845293
45597766 1.847128
45597715 1.858492
45596899 1.884284
45596055 1.908406
45593869 1.910547
45593693 1.911119
45592745 1.919240
45592282 1.923512
45591970 1.942875
45586553 1.944926
45586225 1.973366
45576890 2.010656
45574714 2.011147
45573946 2.017077
45573517 2.018431
45573351 2.024781
45573161 2.025467
45572510 2.035479
45571809 2.067421
45571216 2.081977
45566292 2.098711
45563991 2.105700
45563170 2.109250
45561989 2.115079
45561910 2.123212
45561349 2.148261
45558657 2.170092
45556213 2.201097
45555997 2.206569
45555735 2.213282
45552116 2.220934
45535639 2.237253
45532851 2.240857
45516279 2.251322
45513893 2.259306
45513298 2.262840
45512385 2.279117
45502883 2.295015
45500913 2.331294
45500790 2.344131
45500772 2.348451
45499239 2.355166
45498716 2.367373
45498335 2.375068
45498275 2.375543
45498253 2.376372
45440732 2.390470
45439436 2.413974
45439418 2.426074
45439172 2.441607
45438747 2.444215
45433335 2.460058
45431467 2.465790
45429562 2.467760
45418129 2.473172
45417698 2.497247
45417614 2.499048
45417027 2.512690
45416731 2.539542
45411400 2.541770
45411394 2.551500
45409947 2.572263
45408121 2.579787
45389105 2.586440
45388663 2.603485
45388650 2.618969
45386615 2.634376
45382728 2.636442
45382310 2.660408
45382299 2.672528
45381818 2.682823
45381764 2.685694
45380676 2.693200
45380315 2.697070
45380226 2.706131
45379874 2.714209
45379824 2.720186
45379593 2.727313
45379293 2.728716
45378800 2.754641
45377677 2.755834
45377188 2.804596
45376445 2.810507
45374581 2.813610
45374462 2.830683
45373720 2.836227
45373695 2.843333
45373649 2.846319
45365744 2.883586
45365595 2.900244
45365519 2.902095
45364349 2.903425
45364172 2.916516
45363062 2.922586
45363003 2.930160
45362976 2.933807
45362508 2.954367
45362113 2.974746
45354145 3.016495
45351398 3.020996
45350885 3.036944
45348386 3.037698
45345115 3.050473
45342743 3.095690
45340563 3.098419
45338632 3.116303
45336758 3.120350
45334997 3.125570
45334947 3.140125
45334551 3.163876
45327948 3.174673
45327763 3.182152
45325408 3.185753
45324251 3.187266
45324219 3.201952
45323467 3.222438
45323421 3.223165
45323112 3.237015
45322587 3.268412
45321671 3.278340
45314452 3.290171
45314243 3.300811
45312796 3.304217
45309164 3.329771
45307628 3.331668
45307123 3.336641
45306522 3.356977
45305743 3.362235
45304008 3.377966
45303476 3.406694
45303158 3.420074
45302927 3.428588
45302518 3.433064
45298975 3.443254
45298831 3.452764
45294765 3.462026
45294562 3.463774
45294505 3.487025
45294351 3.489538
45289434 3.495430
45288555 3.510932
45287742 3.524584
45287541 3.549811
45286625 3.556991
45285707 3.627813
45285226 3.642547
45283977 3.652078
45283417 3.677827
45283403 3.694981
45283026 3.701250
45279377 3.701696
45279075 3.712809
45278794 3.726370
45277779 3.735906
45277714 3.742054
45276912 3.760817
45276106 3.767383
45275887 3.827764
45275148 3.851417
45274577 3.853292
45272986 3.874393
45270773 3.888930
45263333 3.910395
45227297 3.922612
45226724 3.924708
45226661 3.931617
45226595 3.955595
45226088 3.956641
45225235 3.982516
45223678 3.984017
45223258 4.004475
45200400 4.024932
45198472 4.095457
45197630 4.127329
45195606 4.133125
45195432 4.133756
45193653 4.159236
45193409 4.164215
45193088 4.174137
45192676 4.179944
45190398 4.191951
45188867 4.208711
45188633 4.232032
45187943 4.234028
45187723 4.250609
45187626 4.259259
45187556 4.274818
45185350 4.283238
45184570 4.307334
45179876 4.310272
45179534 4.337114
45177240 4.346709
45177131 4.437361
45176813 4.451618
45175468 4.462367
45175275 4.471714
45175090 4.483677
45174446 4.485236
45173772 4.488007
45173201 4.517734
45170331 4.525179
45169664 4.535010
45168892 4.542690
45168167 4.621297
45167841 4.624056
45167397 4.638934
45166991 4.680725
45166521 4.683352
45166139 4.687870
45165675 4.707717
45165436 4.715210
45161944 4.730587
45160849 4.742172
45160606 4.758920
45160483 4.765881
45160427 4.767366
45156286 4.770574
45155284 4.779614
45152316 4.788451
45151853 4.792605
45151431 4.794037
45150617 4.802746
45150246 4.811834
45150070 4.829172
45149722 4.838102
45149564 4.843416
45149197 4.847061
45149036 4.858424
45146721 4.862126
45146500 4.886460
45145945 4.920204
45145746 4.965097
45145443 4.965652
45145403 4.973443
45144940 4.973778
45144585 4.989426
45143858 5.002273
45143843 5.004421
45139944 5.008877
45136520 5.050947
45135047 5.054321
45134944 5.059362
45132373 5.064263
45131918 5.065146
45131829 5.076719
45131651 5.095991
45131472 5.097191
45131230 5.117691
45130988 5.182903
45130927 5.186607
45124955 5.192529
45123945 5.194879
45123726 5.224487
45123462 5.248620
45121228 5.255878
45120621 5.256506
45120514 5.280128
45120316 5.284954
45120280 5.291765
45119896 5.305877
45118502 5.320222
45116782 5.371626
45116646 5.374460
45115666 5.383048
45115628 5.404862
45114407 5.405563
45113998 5.406252
45113788 5.409981
45112791 5.422979
45111934 5.439677
45110840 5.449893
45110779 5.461344
45110575 5.481317
45110565 5.487953
45109704 5.515768
45109650 5.536644
45108529 5.612345
45108212 5.649029
45105770 5.649388
45105676 5.676379
45104996 5.757404
45104159 5.769514
45104146 5.771442
45104022 5.832294
45103983 5.838871
45103937 5.857082
45103850 5.898860
45103688 5.980125
45101217 6.018436
45100169 6.019633
45096273 6.030348
45094222 6.086228
45094088 6.090474
45094008 6.113555
45093917 6.149085
45093907 6.158650
45092793 6.299953
45091567 6.311566
45089415 6.320309
45087948 6.345671
45087743 6.364221
45087037 6.411395
45085983 6.442489
45085503 6.455026
45085492 6.485337
45085445 6.518901
45085295 6.580102
45083805 6.601130
45083395 6.630348
45083361 6.637761
45083267 6.663876
45082981 6.738711
45082940 6.742219
45082634 6.750657
45082556 6.815183
45081580 6.835461
45081219 6.840504
45080703 6.887240
45080339 6.943321
45080336 6.962243
45080184 6.972418
45080003 6.985510
45078762 6.999550
45077257 7.001765
45076920 7.036199
45076490 7.047190
45076444 7.068163
45076368 7.115384
45075994 7.124237
45075993 7.174686
45074989 7.195012
45074756 7.198197
45074007 7.274931
45073571 7.301833
45073397 7.309546
45072547 7.330776
45070991 7.335750
45070643 7.350501
45070409 7.415683
45070299 7.416947
45070198 7.478910
45070184 7.491405
45069405 7.537123
45069156 7.548897
45069123 7.555343
45068993 7.556983
45068316 7.561437
45067983 7.596768
45067195 7.603711
45067112 7.617563
45066906 7.649001
45066748 7.677968
45066498 7.713476
45066469 7.733979
45066394 7.748215
45065942 7.807455
45065776 7.830545
45065627 7.945336
45065388 8.042824
45065381 8.112159
45064443 8.210375
45063456 8.224999
45063408 8.244183
45062366 8.317026
45062185 8.328016
45062117 8.427416
45061993 8.431027
45061801 8.442821
45059897 8.453869
45056541 8.471460
45056309 8.482247
45055489 8.484187
45055142 8.514011
45054610 8.561876
45054147 8.596252
45054028 8.610795
45053514 8.661797
45053495 8.836800
45053484 8.838825
45053188 8.840484
45052065 8.848863
45051328 8.856860
45051219 8.865457
45050680 8.958315
45050014 9.008303
45049994 9.113019
45049950 9.188436
45049948 9.232298
45047760 9.282633
45047627 9.368022
45046279 9.425028
45046236 9.459820
45046061 9.563425
45045496 9.587910
45045289 9.652306
45045052 9.763593
45045009 9.788309
45044929 9.947230
45044282 10.328885
45044204 10.632640
45043971 10.656131
45043579 10.657465
45043006 10.693415
45042117 10.766720
45041346 10.799243
45040646 10.919164
45040184 11.048640
45039914 11.106673
45038618 11.126918
45035711 11.130476
45034024 11.132144
45032323 11.260549
45032309 11.331389
45031682 11.340118
45031071 11.382246
45030708 11.388851
45030340 11.450946
45030107 12.014936
45030000 12.054066
45029956 12.190055
45029895 12.279077
45029792 12.310365
45028751 12.410262
45028517 12.466137
45022411 12.505636
45022403 12.623825
45022314 12.645673
45022300 12.667257
45021706 12.675366
45021658 12.708027
45021460 12.752710
45020262 12.815987
45017576 12.825570
45017474 12.853783
45016964 12.879965
45016585 12.927523
45016568 12.947861
45012425 13.011982
45011967 13.023741
45011267 13.058862
45011242 13.109720
45010569 13.171691
45010565 13.352560
45010494 13.367827
45009962 13.778882
45008446 13.780259
45008400 13.903910
45008030 13.950792
45007280 14.011090
45006662 14.084658
45006483 14.105952
45005911 14.137306
45005673 14.140464
45005006 14.182887
45004401 14.261951
45004381 14.280030
45003633 14.339696
45003379 14.341266
45003302 14.369249
45002792 14.373449
45002518 14.444825
45002341 14.515257
45002213 14.550617
45001655 14.555330
45001498 14.709041
45001316 14.745653
45001267 14.967404
45000889 15.007715
45000601 15.270620
45000563 15.281241
45000556 15.486100
45000079 15.487954
44999438 15.548019
44999096 15.596336
44999042 15.631132
44998422 15.719136
44998382 15.733243
44998004 15.802416
44997754 15.925290
44997406 16.011632
44996343 16.059365
44996090 16.134284
44995693 16.281120
44995662 16.587155
44994636 16.642380
44994447 16.966863
44993935 17.053491
44993788 17.073088
44993710 17.532447
44993617 17.673901
44993385 17.843980
44992523 17.854760
44992157 17.995513
44991504 18.003766
44991321 18.156652
44991224 18.191345
44990869 18.316120
44990818 18.388303
44990665 18.490363
44990623 18.732567
44989632 18.768317
44989629 18.855745
44989386 18.938590
44989275 19.052134
44986571 19.315814
44986474 19.329427
44986305 19.360337
44986213 19.472758
44986159 19.620446
44983700 19.722847
44982986 19.762892
44982486 19.929699
44981723 19.997824
44981116 20.033684
44980940 20.261489
44979235 20.270452
44979233 20.338003
44979207 20.420683
44978963 20.504422
44978815 20.713307
44978807 20.813220
44978751 20.826622
44978342 20.877759
44977706 21.037969
44977294 21.201974
44976956 21.214180
44976536 21.347791
44976172 21.415871
44976127 21.515065
44975974 21.521644
44975714 21.558109
44975682 21.587023
44975284 21.675781
44975279 21.794191
44974948 22.664627
44973882 22.735780
44973755 22.788770
44973342 22.864592
44973152 23.302267
44972800 23.539841
44972393 24.022803
44972091 24.036578
44971992 24.050881
44971722 24.122929
44971655 24.312087
44971550 24.415964
44971457 24.621136
44971328 24.747166
44970874 24.813730
44970630 25.148073
44970228 25.156953
44969830 25.203528
44968949 25.514060
44968751 25.694350
44968707 25.848250
44968508 25.885609
44967992 25.986265
44967909 26.024903
44967354 26.041182
44967005 26.076905
44966947 26.163939
44966813 26.202014
44966792 26.207201
44966493 26.343726
44965953 26.557975
44965868 27.058068
44965504 27.060971
44965399 27.066234
44965130 27.082975
44965048 27.251827
44965045 27.276020
44964618 27.291735
44964606 27.473557
44964211 27.661611
44963776 27.879840
44963692 28.006711
44963680 28.140360
44963621 28.602218
44963579 29.613730
44963392 29.789066
44963305 30.024296
44962929 30.171141
44962919 30.343091
44962918 30.406870
44962644 30.447892
44962316 31.293290
44962313 31.431741
44962275 31.557908
44962244 31.702858
44962097 31.870093
44962030 31.892279
44961522 32.198726
44961388 32.382319
44961322 32.663013
44961159 32.778769
44961158 32.801410
44961016 33.886976
44960947 34.065076
44960818 34.621695
44960392 34.644501
44959405 34.858856
44959337 35.394900
44959281 35.486985
44959101 35.522861
44957999 36.217157
44957937 36.517737
44957581 37.379949
44955518 38.163637
44955326 38.474348
44955288 38.595844
44946146 90.637995
44946014 90.720446
44940608 90.775934
44940524 90.848246
44939159 90.873095
44938761 90.920320
44938600 90.962837
44938588 90.970339
44937243 91.028699
44935866 91.043474
44935456 91.047056
44935417 91.096424
44935394 91.102581
44935113 91.119751
44935067 91.122860
44934979 91.175342
44934781 91.282426
44934477 91.301914
44934220 91.372566
44934064 91.431008
44933922 91.519948
44933387 91.578750
44933354 91.580865
44933074 91.581473
44932976 91.785780
44932097 91.954830
44931872 91.979096
44931715 92.047344
44931344 92.074741
44930885 92.082830
44930725 92.107639
44929920 92.146055
44929902 92.225770
44929773 92.235823
44929744 92.251472
44929624 92.289361
44929330 92.305442
44929100 92.402661
44928548 92.450951
44927954 92.455670
44927892 92.468891
44927676 92.495064
44926278 92.507015
44925939 92.539439
44925845 92.541503
44925823 92.615425
44924863 92.701994
44924705 92.703666
44924701 92.764437
44924636 92.812858
44924620 92.816888
44924596 92.834920
44924581 92.858315
44924568 92.877237
44924536 92.904571
44923793 92.975233
44923752 93.003854
44923414 93.030697
44923294 93.060296
44922961 93.135079
44922071 93.202631
44922050 93.243496
44921526 93.244197
44921480 93.244528
44921479 93.343495
44921421 93.373786
44921393 93.414505
44921349 93.498079
44921134 93.550851
44920889 93.711176
44920780 93.736151
44920741 93.743517
44918619 93.782285
44918255 93.795907
44917890 93.989327
44917889 94.158718
44917379 94.213889
44917151 94.675821
44917108 94.726187
44916857 94.849950
44915981 94.941430
44915964 95.033198
44915521 95.043321
44915448 95.129582
44915159 95.148296
44914744 95.293070
44914490 95.302590
44914336 95.451883
44914333 95.649575
44914169 95.682103
44913982 95.707725
44913861 95.827082
44913705 95.996187
44913399 96.052006
44913213 96.072237
44912974 96.324213
44912938 96.703571
44912749 96.775400
44912453 96.823941
44912418 96.913385
44912033 96.934982
44911220 97.088779
44911052 97.101591
44910481 97.392992
44910471 97.490611
44909623 97.498978
44909523 97.589929
44909123 97.728026
44909105 97.746293
44908613 97.764184
44908509 97.802923
44908451 97.845730
44908444 97.864717
44908367 97.881149
44908299 97.947684
44907770 98.106651
44907718 98.176750
44907697 98.585642
44907432 98.622241
44907347 98.776389
44907238 98.819550
44906527 99.168478
44905518 99.624310
44905301 100.099202
44904675 100.172204
44904168 100.222885
44903992 100.329209
44903433 100.467469
44903400 100.606230
44903141 100.745306
44903092 100.948024
44902094 100.991188
44901046 101.386626
44900695 101.532448
44900326 101.598457
44899868 101.993178
44899810 102.015282
44899803 102.044222
44899799 102.330251
44899627 102.549143
44899618 102.589483
44898917 102.646921
44898425 102.783515
44898100 102.879671
44897830 102.933094
44897622 102.934773
44896955 102.995164
44896901 103.009809
44896192 103.051008
44895629 103.075826
44895515 103.251282
44895461 103.266050
44894738 103.514036
44893761 103.903189
44893586 104.321666
44892933 104.460466
44892912 104.728815
44892752 104.811539
44892731 105.277899
44892716 105.417560
44892427 105.566307
44892409 105.606275
44892408 105.612136
44892283 105.662645
44891845 105.843217
44891172 106.008686
44891062 106.079611
44891034 106.365576
44890781 106.937244
44890778 107.046083
44890341 107.083545
44890124 107.131311
44889990 107.576213
44889416 107.621132
44888859 107.714232
44888769 107.812872
44888494 108.035595
44888475 108.423819
44888003 108.694169
44888002 109.070932
44887669 109.467839
44887523 109.798093
44886484 109.866134
44885984 110.128111
44885838 110.409372
44885821 111.305142
44885497 111.372377
44885258 111.896135
44884636 112.004416
44884627 112.063950
44884613 112.223728
44884249 112.292263
44884223 112.410887
44884026 112.558898
44883751 112.560093
44883316 113.265082
44883242 113.403139
44883195 114.468761
44883116 114.612339
44882987 114.898369
44882427 115.021907
44882418 115.511751
44882195 115.572565
44881981 116.414403
44881839 116.535891
44881384 116.895969
44881322 116.970885
44881162 117.069959
44881116 118.058192
44880982 130.490040
44880852 130.543224
44880614 130.713796
44880608 130.759413
44879882 130.770102
44879573 130.939594
44878728 130.972675
44878643 130.977586
44878358 131.072218
44878224 131.101259
44877969 131.122792
44877880 131.248992
44877841 131.315653
44877809 131.573160
44877383 131.774273
44877274 131.798688
44877199 131.820698
44876325 132.082458
44870464 132.131498
44870225 132.190157
44870104 132.392362
44870007 132.804040
44869282 132.871997
44868481 132.892785
44868410 133.115707
44866386 133.116497
44866265 133.123837
44865735 133.174523
44865575 133.184647
44865481 133.209237
44865156 133.257258
44865080 133.308883
44864985 133.331241
44864903 133.418443
44864830 133.464776
44864470 133.594877
44863921 133.623510
44863093 133.665306
44863061 133.677803
44862780 133.724114
44861912 133.733703
44861239 133.766243
44860804 133.790219
44860543 133.805895
44859257 133.863107
44858804 133.874893
44858149 133.889353
44858118 133.934914
44857551 133.948237
44857137 134.195873
44856213 134.337751
44854421 134.404025
44854098 134.439534
44853699 134.496640
44853406 134.549085
44853389 134.666991
44853247 134.672168
44852258 134.966621
44851173 134.967276
44851138 135.025031
44850926 135.051700
44850389 135.057092
44850128 135.201492
44849953 135.238354
44849106 135.253210
44849005 135.311144
44848768 135.831199
44848719 136.409664
44848172 136.410253
44847472 136.466584
44846721 136.491945
44846717 136.507116
44846536 136.648550
44846268 136.764523
44846241 136.811928
44846153 136.870371
44846081 136.884768
44845802 136.935260
44845666 136.974852
44845633 137.146123
44845189 137.250824
44844914 137.269729
44844798 137.301605
44843099 137.869019
44842776 137.993179
44842705 138.057024
44842663 138.068046
44842587 138.147876
44842087 138.228355
44841605 138.371801
44841196 138.406955
44840262 138.553148
44840246 139.231929
44840162 139.300569
44840152 139.680605
44839117 139.765512
44838852 139.865074
44838725 139.933423
44838505 139.970220
44838215 139.983431
44837728 139.998881
44837401 140.741618
44837087 140.853387
44836922 140.897111
44836593 140.990993
44836406 141.114798
44836396 141.454324
44836386 141.669453
44836333 141.770253
44836158 141.909922
44836086 142.060557
44835751 142.236588
44835671 143.133437
44835551 143.784001
44835439 144.360226
44835056 144.453360
44835005 144.472633
44834865 144.665420
44834004 144.713746
44833866 145.153169
44833588 145.161809
44833069 145.223599
44832799 145.282035
44832618 145.323226
44832600 145.621989
44832231 145.689947
44832033 145.725523
44831533 146.282282
44830840 146.925443
44830834 147.164644
44830687 147.182430
44830644 147.445365
44830284 147.711652
44829898 147.834100
44829886 147.992896
44829814 148.053858
44829534 148.441836
44828382 148.500865
44827748 149.607201
44827574 149.926946
44827037 150.213030
44826907 150.481094
44825880 150.649882
44825752 150.820067
44825669 150.863906
44825260 150.994338
44825240 151.024015
44824990 151.060343
44824545 151.184788
44824031 151.369160
44823929 152.054731
44823835 153.583799
44823022 153.870657
44822684 154.305215
44821524 154.447727
44821073 154.462387
44820963 155.954441
