48263190 0.042731
40127195 0.217561
40126648 0.218377
40118452 0.228941
40113649 0.236316
40108920 0.240749
40108880 0.246072
40069617 0.248855
40062107 0.254098
40056252 0.257682
39915860 0.262995
39915681 0.267406
39914726 0.279678
39911019 0.280928
39907081 0.284145
39898324 0.295571
39896968 0.296295
39850403 0.303215
39845885 0.314498
39844099 0.315064
39841716 0.318416
39831108 0.321276
39830841 0.325073
39828173 0.333847
39819579 0.336700
39816314 0.337802
39814324 0.345627
39803385 0.349587
39803200 0.355165
39801858 0.358188
39801800 0.368195
39801723 0.369993
39799912 0.373758
39783146 0.380707
39781976 0.382721
39777758 0.384535
39777055 0.397475
39773295 0.399372
39773041 0.399660
39759891 0.408485
39759792 0.408938
39753962 0.413602
39696609 0.418648
39682572 0.423498
39679476 0.433155
39674136 0.436124
39668361 0.437719
39667152 0.458430
39659828 0.467943
39648706 0.471316
39586311 0.474709
39562130 0.488627
39537575 0.491550
39537063 0.501264
39527681 0.502521
39525093 0.504445
39513393 0.509785
39512583 0.514094
39511542 0.515138
39498292 0.528244
39496917 0.530282
39457798 0.533293
39457409 0.545250
39457163 0.550242
39455107 0.550789
39454103 0.559326
39449218 0.560717
39447754 0.568321
39445518 0.570101
39445513 0.570447
39441021 0.572353
39440143 0.579324
39439912 0.580473
39419158 0.586465
39411571 0.590987
39396388 0.595055
39395922 0.596561
39390110 0.601129
39381788 0.602102
39380653 0.604827
39365852 0.620650
39365832 0.622165
39365572 0.625300
39365548 0.626533
39363521 0.629897
39331997 0.633311
39331526 0.637268
39331495 0.648683
39330013 0.654579
39327078 0.657450
39304969 0.668649
39281736 0.679091
39263404 0.684388
39261144 0.684839
39246247 0.698128
39243954 0.706051
39243555 0.709700
39242820 0.715756
39239919 0.718747
39239421 0.720230
39226841 0.722483
39222662 0.725427
39208995 0.735374
39204836 0.738464
39202623 0.740028
39202209 0.740624
39194507 0.743241
39189472 0.750828
39184639 0.755997
39184028 0.756898
39179696 0.759899
39175699 0.766521
39175085 0.771210
39174388 0.786238
39173923 0.788813
39173302 0.789470
39172271 0.793525
39171212 0.794279
39157518 0.806715
39149168 0.826948
39146354 0.836474
39145924 0.838849
39145084 0.840563
39145054 0.843325
39144941 0.854615
39144038 0.856711
39143958 0.868036
39136791 0.882020
39132163 0.890297
39130824 0.892306
39130532 0.898403
39128065 0.920438
39125677 0.925216
39124962 0.931762
39123991 0.933553
39122432 0.935522
39121324 0.942309
39120132 0.955075
39119488 0.956683
39118372 0.959458
38992404 0.979475
38992343 1.008735
38991421 1.011365
38989677 1.011943
38986624 1.014951
38985944 1.021932
38984973 1.023094
38983425 1.023931
38981906 1.024574
38980928 1.029480
38980582 1.043428
38979776 1.051895
38978259 1.058283
38978064 1.060679
38978058 1.064495
38975728 1.064965
38971907 1.066263
38971569 1.069105
38971561 1.074177
38968961 1.082642
38968571 1.084171
38962400 1.114774
38962147 1.115045
38961944 1.141646
38961173 1.144382
38960113 1.178266
38959688 1.192662
38959564 1.198886
38957779 1.206711
38957523 1.214768
38955311 1.229991
38953283 1.233866
38949393 1.252357
38949079 1.270846
38947308 1.278266
38944796 1.279275
38940332 1.281172
38935706 1.294617
38935225 1.305285
38932005 1.308256
38931174 1.308769
38929368 1.309911
38928890 1.324720
38927502 1.326290
38927472 1.354726
38925067 1.367325
38924785 1.387194
38923671 1.416452
38921929 1.418946
38919687 1.428024
38919443 1.447885
38919238 1.452476
38918350 1.456015
38917280 1.477066
38915083 1.480321
38914103 1.483882
38913699 1.507186
38912990 1.508528
38910759 1.586754
38905327 1.598436
38905257 1.599117
38902065 1.611274
38898868 1.615176
38898479 1.661543
38896505 1.667352
38895971 1.668166
38895832 1.670724
38895476 1.671478
38892892 1.681846
38892824 1.689718
38892053 1.696401
38891573 1.716924
38890400 1.745802
38889893 1.751265
38889670 1.753855
38889436 1.761298
38888844 1.795910
38888596 1.797014
38888516 1.821374
38888140 1.829517
38887637 1.859749
38887470 1.869817
38886951 1.874581
38886754 1.884274
38886638 1.894005
38885675 1.923084
38885530 1.933238
38884185 1.937716
38882958 1.975441
38881151 1.999441
38881001 2.000338
38880976 2.003551
38880747 2.005708
38880658 2.010501
38880608 2.016940
38880449 2.023966
38880349 2.034127
38880162 2.044013
38879163 2.052398
38878760 2.055833
38878338 2.056978
38877342 2.069197
38877334 2.084398
38877157 2.085466
38876458 2.092568
38876416 2.110741
38876062 2.114387
38875284 2.166479
38872816 2.181069
38872794 2.188590
38872015 2.192522
38871810 2.214357
38871525 2.224629
38871006 2.230382
38870003 2.231211
38869341 2.236616
38868064 2.238023
38867935 2.241982
38866603 2.257767
38866334 2.281362
38865969 2.297336
38865360 2.337515
38865265 2.386979
38861418 2.393664
38844363 2.414431
38842140 2.422336
38841494 2.425891
38841372 2.433644
38841055 2.445315
38838348 2.447283
38833728 2.470110
38832813 2.471616
38832441 2.492388
38832068 2.497069
38831410 2.500744
38829209 2.541059
38828202 2.546542
38825987 2.551050
38824501 2.590823
38821388 2.592871
38821067 2.605926
38816091 2.635455
38815211 2.662465
38813820 2.671339
38813807 2.692035
38812770 2.693346
38811047 2.695370
38810849 2.742880
38810364 2.758489
38810344 2.760364
38809537 2.769478
38809036 2.801845
38808759 2.805223
38808392 2.817464
38806819 2.829049
38806692 2.833183
38805927 2.860742
38804483 2.886268
38803415 2.891279
38803030 2.897780
38798818 2.932446
38798409 2.958945
38798318 2.961776
38796752 2.994520
38796750 3.035535
38795524 3.039061
38795115 3.058427
38794975 3.076245
38794126 3.094478
38793653 3.153427
38791818 3.162571
38791488 3.214157
38790486 3.227282
38790429 3.299110
38790253 3.332067
38787644 3.375382
38787514 3.393609
38787303 3.427476
38784766 3.444668
38784505 3.474709
38783439 3.501964
38783068 3.510575
38782785 3.511060
38782680 3.525115
38782665 3.538976
38782590 3.540400
38782482 3.564505
38782423 3.580167
38780592 3.607899
38780370 3.608920
38778760 3.638601
38778730 3.651152
38777164 3.669797
38776930 3.689413
38776490 3.700563
38776026 3.708934
38773845 3.732430
38773596 3.783155
38772643 3.851992
38772465 3.856725
38771804 3.861113
38771616 3.895620
38771412 3.957821
38771361 3.964806
38769368 4.000232
38769238 4.022771
38769186 4.022923
38769184 4.025591
38768141 4.067473
38767765 4.072698
38767434 4.075867
38767386 4.167769
38766595 4.169332
38766396 4.171376
38766203 4.186453
38766086 4.214068
38762008 4.253783
38761806 4.272005
38759848 4.323301
38757980 4.411281
38757795 4.430733
38756845 4.442038
38755565 4.463880
38754557 4.464477
38754439 4.470229
38754064 4.470790
38753281 4.483125
38753083 4.487010
38751423 4.497445
38750545 4.529955
38750197 4.555777
38749186 4.604129
38749062 4.629583
38748735 4.637073
38748592 4.675456
38747362 4.784086
38744921 4.791705
38744800 4.802886
38744738 4.816062
38744671 4.866868
38744392 4.889515
38674433 4.913268
38674187 4.915215
38673586 4.917996
38673354 4.942564
38673329 4.943809
38673186 4.965072
38672212 4.973706
38657217 4.987803
38654371 4.994239
38653805 4.994923
38651783 5.003407
38651628 5.036553
38650737 5.047182
38650156 5.098075
38649834 5.126848
38649173 5.155659
38648928 5.203215
38647039 5.261234
38646843 5.341209
38646523 5.352084
38645576 5.353509
38643283 5.390830
38643266 5.396555
38643214 5.399537
38643126 5.422415
38642797 5.430444
38642765 5.444324
38642084 5.530915
38642080 5.556979
38641999 5.571611
38641933 5.604710
38640982 5.606540
38640338 5.607731
38640191 5.618971
38640095 5.680968
38639730 5.744507
38618640 5.754834
38611743 5.767180
38611730 5.817604
38611578 5.849441
38611231 5.876584
38610677 5.935653
38610449 5.949009
38608751 6.031161
38608398 6.074911
38607844 6.142917
38607732 6.171999
38607527 6.208241
38606918 6.331579
38606187 6.337556
38605531 6.362165
38605141 6.376612
38604727 6.401183
38604547 6.416057
38604175 6.433128
38603092 6.434777
38603045 6.500996
38602805 6.502737
38602334 6.550069
38602138 6.651921
38601991 6.655583
38600447 6.657056
38599786 6.659363
38598922 6.791221
38598678 6.808648
38597339 6.881975
38597227 6.983094
38596949 6.992039
38595770 7.059965
38594996 7.101220
38594687 7.207876
38594060 7.243857
38594008 7.268483
38593680 7.353429
38592763 7.387244
38592756 7.447784
38592741 7.552502
38592588 7.583574
38592147 7.618760
38584020 7.764891
38582834 7.790092
38582523 7.796086
38580558 7.882715
38580540 7.887580
38580453 7.976824
38580393 7.988610
38579794 7.992172
38579620 8.024579
38579193 8.044330
38576080 8.045072
38576058 8.118377
38575738 8.220304
38575182 8.362846
38575026 8.379287
38574601 8.379956
38574538 8.401587
38574075 8.456209
38573958 8.461271
38573115 8.505097
38572138 8.700087
38571624 8.702039
38571566 8.847401
38571499 8.899065
38571491 8.899313
38571247 9.032887
38569704 9.037207
38569292 9.087020
38568854 9.100843
38568673 9.253182
38568493 9.287761
38567442 9.292842
38566367 9.315316
38565971 9.320135
38565439 9.425049
38565123 9.473956
38564772 9.509968
38564206 9.682193
38559015 9.715728
38558676 9.744890
38558602 9.800825
38558131 9.801791
38558117 9.836003
38557961 9.862020
38557916 9.965917
38557899 9.979781
38557222 10.086329
38557005 10.254096
38556664 10.316846
38556195 10.372237
38556174 10.388638
38555809 10.559997
38553120 10.607780
38552902 10.641562
38552584 10.667773
38550795 10.763054
38549576 10.777307
38548941 10.918749
38548460 10.953429
38548320 11.019736
38541923 11.020606
38541717 11.023077
38540981 11.116621
38539612 11.126525
38539255 11.333268
38538206 11.403392
38538048 11.415264
38537684 11.419767
38537435 11.495498
38537301 11.504346
38536819 11.713519
38536586 11.717419
38536317 11.860716
38536241 11.910597
38534936 12.189950
38534572 12.197561
38532346 12.199972
38530178 12.225872
38530014 12.265772
38529178 12.279121
38528830 12.322322
38527845 12.346619
38527451 12.373012
38527184 12.478499
38526994 12.554008
38525745 12.640382
38525531 12.698780
38524771 12.710929
38524127 12.726103
38523714 12.800715
38523457 12.835657
38523135 12.909034
38523019 12.946332
38522889 13.026410
38519703 13.159820
38519648 13.273890
38519544 13.322600
38514307 13.406341
38514246 13.645510
38513831 13.756537
38513684 13.761825
38512000 13.792220
38511790 13.946410
38511331 14.350406
38510775 14.399776
38510310 14.410381
38510151 14.419524
38509495 14.854728
38509230 14.954503
38509100 15.037467
38508336 15.257783
38508014 15.384414
38507916 15.396915
38507912 15.467647
38507591 15.646843
38507572 15.949868
38507341 16.278185
38507028 16.313697
38506863 16.406721
38506765 16.511174
38506404 16.763894
38506104 16.848677
38505793 17.227836
38505755 17.389252
38505149 17.456106
38504425 17.872219
38504345 18.234378
38504294 18.599144
38504135 18.779254
38504067 18.795048
38503787 19.381272
38503616 19.865973
38503072 19.949575
38502955 20.226136
38502589 20.231993
38501451 20.416618
38501156 20.418463
38500800 20.501447
38500790 20.937407
38500738 21.511926
38499545 21.517680
38499263 21.567100
38499127 21.948118
38499058 22.029414
38498801 22.223747
38498791 22.228503
38498693 22.302365
38498636 22.631805
38498591 22.912574
38498123 23.010853
38495926 23.294583
38495764 23.309610
38495161 23.898834
38495019 24.081381
38494318 24.630130
38494193 25.263094
38493862 25.590767
38490471 25.662375
38489468 25.862369
38488752 26.095836
38488311 26.456232
38488080 26.512405
38488024 26.548887
38487781 26.661995
38487588 27.114997
38487156 27.334426
38486956 27.491363
38486030 57.195235
38485045 57.225693
38484765 57.244132
38484636 57.265017
38484028 57.266850
38483908 57.329191
38483460 57.354795
38482154 57.362153
38481325 57.461624
38480669 57.476487
38480201 57.493577
38480161 57.509422
38479972 57.538878
38479039 57.541113
38478918 57.548960
38478792 57.572920
38478614 57.667274
38477396 57.735511
38476705 57.919256
38476356 57.928196
38476341 58.001916
38475848 58.008384
38475721 58.010893
38475540 58.031486
38475532 58.064184
38475359 58.085288
38475339 58.099043
38475116 58.109933
38475113 58.205738
38475099 58.250777
38475075 58.279561
38474758 58.296890
38474463 58.297819
38473167 58.302823
38472317 58.303695
38471521 58.348104
38470451 58.381260
38470218 58.485372
38469110 58.497240
38468820 58.498603
38468746 58.500547
38468664 58.556000
38467641 58.619641
38467419 58.655436
38467114 58.740946
38465252 58.750286
38465067 58.765904
38465059 58.778032
38465034 58.790397
38464854 58.814820
38464816 58.968040
38463733 59.099914
38463642 59.175463
38461715 59.186363
38461711 59.204751
38461596 59.225778
38461457 59.229731
38460931 59.236163
38456092 59.305503
38455851 59.318969
38454992 59.333396
38454829 59.403232
38454789 59.436348
38453729 59.535447
38452564 59.538240
38452464 59.594240
38452325 59.615190
38451218 59.712363
38450481 59.806593
38450276 59.808530
38450164 59.813983
38448586 59.861949
38447942 59.924234
38447127 59.983491
38447039 60.013763
38446762 60.026005
38446439 60.357341
38445849 60.363658
38445151 60.376806
38445135 60.468088
38444906 60.491090
38444732 60.500302
38444400 60.581007
38444175 60.681876
38443930 60.683044
38443300 60.780535
38442954 60.845296
38441755 60.933613
38441161 60.936493
38440630 60.954688
38440168 61.001161
38440060 61.112298
38439649 61.144119
38439526 61.169206
38439368 61.199394
38439322 61.228489
38417091 61.245429
38416926 61.284199
38414328 61.291569
38368170 61.325843
38367127 61.355947
38365596 61.368296
38359409 61.372095
38358805 61.396070
38358758 61.397201
38358603 61.493601
38356305 61.532659
38353751 61.605565
38353724 61.635289
38341687 61.644597
38340930 61.700560
38340045 61.816045
38339915 61.922980
38339895 61.974473
38339221 61.975862
38336499 62.019794
38336424 62.070118
38335899 62.176749
38335867 62.196406
38335667 62.224310
38335614 62.286992
38334377 62.291764
38333420 62.297697
38333033 62.350534
38332297 62.359441
38331781 62.360450
38242239 62.467482
38235944 62.477443
38235755 62.519279
38235663 62.528094
38235600 62.552306
38235366 62.570587
38232858 62.629999
38231877 62.678158
38231737 62.772437
38231404 62.798153
38229280 62.819664
38229063 62.843750
38228921 62.862897
38228920 62.908416
38226709 62.915273
38225980 62.944205
38223667 62.981618
38223429 62.982502
38219327 63.013297
38219157 63.109101
38217316 63.160752
38217029 63.184334
38214820 63.204913
38214397 63.418858
38213734 63.499428
38212440 63.527272
38212260 63.556673
38212223 63.591206
38212132 63.614519
38210881 63.665543
38208712 63.769935
38208485 63.787837
38208445 63.803465
38208053 63.808149
38207115 63.826579
38206693 63.839832
38206340 63.846133
38205994 63.877196
38205244 63.881247
38203500 63.900328
38203412 64.082472
38202895 64.114679
38202679 64.125330
38202602 64.205591
38202601 64.251071
38201366 64.264860
38200361 64.274942
38197606 64.345046
38197253 64.355384
38197024 64.439263
38195903 64.444292
38195773 64.523189
38194857 64.543187
38194718 64.620001
38194447 64.688477
38191994 64.739500
38190893 64.751799
38188280 64.758499
38187861 64.842559
38185865 64.878112
38185619 64.968877
38185441 64.986118
38185237 65.001542
38185037 65.022786
38183756 65.061824
38183728 65.075321
38183007 65.124379
38182302 65.204021
38182256 65.222454
38181531 65.288182
38180674 65.306836
38180527 65.366189
38179815 65.406113
38179731 65.449223
38179691 65.461409
38179131 65.463508
38178002 65.466505
38177954 65.667325
38177400 65.710528
38177166 65.715662
38175908 65.791591
38175747 65.814420
38175594 65.820827
38175373 65.877055
38175177 65.914670
38174121 65.995845
38173513 66.009889
38173221 66.096124
38173206 66.132144
38173016 66.242423
38172823 66.247571
38172626 66.264635
38172543 66.359738
38172199 66.424382
38172181 66.601846
38171973 66.615885
38171867 66.710158
38170956 66.860675
38170892 66.948883
38170573 66.997697
38170562 67.088506
38169686 67.212193
38169391 67.452749
38169371 67.559790
38169215 67.601903
38169146 67.800006
38168994 67.842193
38168347 67.914471
38167931 67.928477
38167564 67.935223
38167348 67.941544
38167228 68.067330
38166963 68.186054
38166552 68.259821
38166203 68.289786
38165673 68.455246
38165119 68.488090
38164566 68.506429
38164526 68.714202
38164371 68.857121
38164107 69.021675
38163485 69.029010
38163265 69.483537
38162550 69.605708
38162419 69.778799
38162250 70.067874
38162239 70.226720
38162183 70.228088
38162010 70.443336
38160980 70.604376
38160905 70.646430
38160856 70.698934
38160598 70.776808
38159937 70.832543
38159721 70.981004
38159604 71.215154
38159278 71.236625
38159240 71.290521
38159192 71.403312
38158656 71.832856
38157960 72.050064
38157651 72.595547
38157331 72.901157
38155446 73.009258
38155340 73.184703
38154925 73.400604
38154846 73.540637
38154499 73.555094
38154471 73.842084
38154214 73.899789
38153945 73.933722
38153320 73.961007
38153279 74.549526
38153022 74.670674
38152866 74.762181
38152253 75.132451
38151997 75.853132
38151360 75.882302
38150535 76.119483
38150483 76.166631
38133692 76.667786
38133527 76.721440
38132786 76.737051
38130862 76.758277
38120814 76.881969
38120597 77.000273
38119995 77.059204
38119492 77.169104
38119378 77.178210
38118592 77.189684
38118496 77.190064
38117096 77.329724
38115345 77.540001
38115311 77.557912
38114065 77.658089
38114009 77.758045
38113097 77.940312
38111947 78.028235
38111933 78.062323
38111888 78.173932
38111713 78.811406
38111173 78.915730
38109554 79.113129
38109003 79.151623
38108090 79.191823
38108044 79.312427
