37498744 0.036176
32029339 0.133554
32025271 0.138110
32020690 0.139416
32016612 0.144298
31679713 0.148830
31661177 0.152092
31659404 0.152912
31657049 0.154273
31652682 0.157468
31637523 0.159162
31636749 0.160120
31632278 0.165428
31632227 0.166537
31615392 0.168810
31607545 0.172317
31606178 0.173233
31605026 0.175283
31601100 0.179450
31600837 0.188850
31590176 0.191623
31570831 0.193555
31567598 0.196180
31567161 0.196582
31566865 0.197234
31566440 0.197428
31536385 0.202378
31512364 0.211435
31406893 0.215954
31406069 0.217660
31388602 0.224642
31384101 0.237891
31383272 0.238980
31382823 0.239354
31381091 0.250802
31380082 0.254348
31379433 0.257006
31377792 0.258352
31374160 0.263153
31365093 0.269483
31362401 0.270176
31356533 0.273842
31352374 0.279283
31347229 0.280723
31340521 0.286677
31337216 0.293309
31334755 0.302878
31331720 0.305991
31330060 0.312316
31329960 0.313890
31329532 0.323294
31323016 0.324656
31305650 0.334579
31304770 0.339652
31301632 0.358810
31301507 0.361365
31300155 0.365992
31299396 0.369072
31298416 0.370608
31294312 0.379722
31290772 0.382513
31285961 0.394299
31267711 0.396560
31267246 0.396959
31257828 0.404573
31256920 0.412672
31255920 0.418506
31243728 0.420447
31243716 0.422438
31241449 0.425601
31240374 0.427495
31238648 0.430845
31237563 0.432065
31236886 0.435938
31200252 0.439901
31195450 0.441440
31195161 0.443295
31189326 0.448099
31186276 0.459480
31185286 0.461320
31185182 0.466197
31184741 0.470363
31184567 0.476701
31147772 0.507623
31145805 0.508767
31144992 0.514459
31142876 0.515492
31142785 0.516085
31139889 0.527551
31133615 0.532482
31131748 0.545943
31131026 0.548816
31130855 0.555162
31129607 0.560977
31129307 0.563308
31124430 0.577592
31121728 0.583949
31118689 0.594804
31117678 0.600173
31115034 0.606101
31113085 0.611025
31110547 0.621825
31109299 0.623311
31107422 0.625990
31107254 0.627348
31105477 0.629901
31104808 0.649092
31103700 0.649648
31103242 0.657100
31101138 0.669424
31099151 0.686363
31096855 0.691481
31095419 0.703481
31093161 0.706218
31092980 0.710564
31091418 0.732372
31091019 0.733352
31090424 0.759782
31089441 0.760278
30945331 0.787735
30941224 0.789569
30939398 0.793277
30927268 0.815323
30925218 0.821938
30924820 0.822321
30923511 0.823537
30922121 0.836696
30922076 0.843631
30920635 0.855913
30918478 0.856768
30915351 0.859911
30915289 0.870916
30909763 0.878896
30906695 0.883400
30905129 0.901483
30905123 0.920655
30902896 0.922311
30897813 0.929286
30897274 0.940619
30897085 0.951727
30896533 0.952931
30896289 0.958605
30895457 0.960125
30895454 0.960834
30895419 0.965025
30894778 0.972971
30893740 0.983769
30892443 0.985562
30886500 0.987679
30830632 0.996908
30829856 1.002098
30829311 1.005892
30827164 1.010174
30825628 1.023758
30822100 1.024795
30821188 1.028360
30820312 1.031338
30816222 1.038500
30814680 1.044555
30813594 1.045382
30813363 1.055416
30812992 1.057114
30810627 1.065135
30807975 1.094452
30806005 1.118974
30805813 1.120751
30798512 1.122344
30796528 1.143658
30791604 1.166447
30791264 1.172603
30790094 1.177734
30789883 1.179420
30789116 1.186032
30786110 1.194287
30783646 1.195489
30783637 1.196375
30782552 1.209657
30781534 1.226288
30781367 1.227819
30779021 1.251510
30775133 1.258102
30774309 1.264782
30774260 1.265489
30773679 1.293168
30772866 1.314642
30770383 1.323990
30765282 1.325614
30764381 1.332807
30762579 1.336653
30762095 1.347657
30761727 1.354616
30758425 1.365319
30757924 1.384856
30756978 1.389550
30756162 1.413079
30754942 1.415709
30754482 1.422428
30753644 1.422764
30753279 1.431486
30753088 1.437443
30752974 1.465501
30751724 1.493759
30747062 1.500427
30746740 1.501965
30746486 1.503575
30745810 1.511775
30745787 1.534327
30745389 1.538809
30744121 1.569078
30743930 1.595929
30740863 1.606151
30740725 1.614407
30737257 1.624809
30736327 1.650433
30735594 1.668293
30732479 1.673760
30731225 1.688060
30727680 1.689364
30726584 1.697848
30725935 1.706992
30724613 1.710738
30724270 1.729578
30723896 1.736557
30721239 1.775138
30720013 1.798023
30718779 1.808461
30718584 1.817465
30714760 1.825713
30714555 1.839509
30713858 1.862113
30713725 1.866821
30713390 1.877220
30713314 1.888315
30711598 1.903774
30711419 1.947293
30711233 1.956393
30711159 1.968585
30710877 1.970775
30710745 1.974304
30707926 1.975189
30704124 1.996480
30701311 2.017851
30700818 2.026780
30700595 2.036122
30695803 2.067968
30695510 2.075949
30692152 2.090315
30690634 2.126557
30690561 2.131714
30690323 2.141054
30690035 2.158694
30689778 2.211792
30689583 2.233589
30688293 2.246393
30684159 2.256246
30654532 2.295943
30654407 2.301569
30654121 2.341716
30653176 2.379132
30651135 2.395823
30650988 2.422038
30650558 2.461771
30649417 2.507338
30649119 2.508521
30648331 2.510364
30646240 2.537108
30646227 2.600736
30645887 2.610501
30645718 2.619230
30643005 2.652562
30642876 2.655940
30642074 2.692923
30641430 2.704325
30641321 2.740323
30641089 2.743216
30640903 2.767765
30639596 2.790216
30636732 2.796356
30636082 2.797506
30635167 2.798663
30634804 2.865957
30633893 2.884939
30633736 2.897311
30632979 2.898186
30632918 2.906757
30632249 2.908587
30631403 2.952370
30630872 2.973029
30630685 3.004793
30630553 3.053925
30630226 3.085908
30628568 3.180076
30628462 3.183314
30627893 3.209651
30627389 3.279174
30625683 3.404064
30624928 3.474359
30624078 3.522164
30623161 3.596116
30621085 3.632690
30620759 3.652722
30620635 3.659723
30619800 3.673156
30618969 3.680158
30618792 3.709963
30618774 3.712257
30618616 3.754482
30618127 3.888492
30617357 4.007011
30616457 4.055368
30615599 4.101822
30615399 4.110741
30613355 4.580592
30612137 4.595838
30612059 4.776734
30611427 4.852418
30611374 4.874205
30611105 4.890642
30611096 4.982777
30611065 5.026414
30610801 5.077920
30609890 5.365806
30609194 5.641430
30608981 6.600655
30608874 6.744096
30608688 7.649652
30607472 7.899158
30607364 8.016633
30607160 8.116301
30607065 8.576417
30605728 8.616516
30605631 8.711280
30605143 9.306978
30605076 9.359995
30604741 9.569342
30603501 9.619081
30603472 9.745594
30601845 9.856809
30601764 10.163771
30601599 10.510970
30600701 11.156608
30600697 11.163480
30598959 11.371454
30598389 11.381581
30596126 11.394829
30593676 11.498288
30591285 11.765191
30590632 11.989071
30590528 12.188091
30589531 12.464362
30589445 12.955392
30589205 13.035568
30588842 13.415873
30588559 265.810833
30586780 266.517450
30586498 266.957481
30585758 267.078676
