6506439 2.402928
6489378 2.402944
6476519 2.402945
6453911 2.402947
6448922 2.402948
6430153 2.402950
6402874 2.725413
6402652 2.725417
6391100 3.052084
6388349 3.380082
6383684 3.709308
6381503 3.709312
6379585 4.038158
6371166 4.038162
6365873 4.366458
6365214 4.694713
6365143 5.022527
6358209 5.348353
6355746 5.673576
6353944 5.998500
6351431 6.322737
6349820 6.646101
6348470 6.968768
6346374 7.291186
6344860 7.613702
6341133 7.935231
6340159 8.256380
6339857 8.577494
6337136 8.898886
6335064 9.218800
6333748 9.537261
6333574 9.855650
6333341 9.855654
6330209 10.173268
6328368 10.496671
6327524 10.820723
6325697 10.820727
6324802 11.140463
6317315 11.140468
6317161 11.455447
6316909 11.770483
6314877 12.084851
6313403 12.399651
6313204 12.713903
6312818 13.027078
6312031 13.340063
6311853 13.650767
6309141 13.650771
6301477 13.962060
6300494 14.273729
6299604 14.585117
6299152 14.893738
6297041 15.204191
6296554 15.513315
6296518 15.821417
6294675 15.821422
6290226 16.130590
6288323 16.444022
6286421 16.756774
6283528 17.068791
6282667 17.380521
6282482 17.691338
6279356 18.002376
6279040 18.310657
6277114 18.613117
6276974 18.914842
6276172 19.218152
6274080 19.218157
6272858 19.518281
6272388 19.818740
6270740 20.118025
6269746 20.416748
6269460 20.416753
6268581 20.715540
6267626 20.715545
6265918 21.014254
6265691 21.312339
6263079 21.312344
6262786 21.608873
6260298 21.608878
6256271 21.903573
6254229 22.198983
6253841 22.492687
6253167 22.785866
6252985 23.078717
6252273 23.370964
6251789 23.661535
6250910 23.950856
6250503 23.950861
6248644 24.240095
6245751 24.529136
6244876 24.817308
6244812 25.105702
6243266 25.393347
6242559 25.679525
6242307 25.966258
6240885 26.251297
6239443 26.534781
6239010 26.818414
6237126 27.100893
6236654 27.382651
6235522 27.662598
6234176 27.943144
6233916 28.221764
6232758 28.499921
6231905 28.777633
6230591 29.053846
6229049 29.331343
6228049 29.605310
6226172 29.879332
6224092 30.153927
6223477 30.426044
6221912 30.697959
6221774 30.969513
6221319 31.239762
6221044 31.508680
6220624 31.775561
6220006 32.043795
6219655 32.310260
6219242 32.577368
6218671 32.841245
6218128 33.105151
6217328 33.368730
6217039 33.630471
6215079 33.890996
6214175 34.151047
6213945 34.408605
6213504 34.666921
6212771 34.924029
6212574 35.181360
6212449 35.435861
6212216 35.689506
6211877 35.943702
6211618 36.195849
6211605 36.446722
6211418 36.696973
6211205 36.945593
6211085 37.192420
6210666 37.441070
6210583 38.175663
6210181 38.418190
6210041 38.659740
6209951 38.901685
6209927 39.142176
6209684 39.142180
6209258 39.381068
6208672 39.618959
6207423 39.854968
6206782 40.090662
6206066 40.090666
6205960 40.324858
6205284 40.559377
6204831 40.791040
6204376 41.022818
6204029 41.481586
6204003 41.708405
6203124 41.933598
6202537 42.158830
6202506 42.382272
6202114 42.827232
6202101 43.048564
6202050 43.917223
6201892 44.554169
6201691 45.387256
6201603 45.591734
6201600 45.794374
6201576 45.994663
6200775 46.784588
6200515 47.360053
6200430 47.549212
6200333 47.736725
6200309 48.287437
6200271 48.469157
6200258 48.469162
6200221 48.647207
6200216 48.647210
6200190 48.823534
6200166 49.169410
6200153 49.835179
6200153 650.845121
