7535764 4.756316
7322282 4.756331
7291499 4.756332
7280513 4.756334
7278589 5.304675
7270102 5.304680
7259003 5.860715
7255626 6.416667
7240580 6.974285
7235508 7.530535
7231836 8.085540
7222759 8.639571
7219690 9.188893
7218245 9.739640
7212803 10.288204
7207874 10.836693
7204836 11.380426
7201469 11.923232
7198784 12.463274
7197664 13.000890
7196920 13.000894
7195908 13.534816
7189899 14.067446
7188476 14.598698
7187250 15.126742
7184235 15.653604
7180943 16.177683
7180118 16.699868
7176981 17.218184
7176141 17.734367
7175730 18.249298
7174351 18.761292
7173697 19.273196
7172791 19.783062
7171287 20.290099
7169951 20.796688
7168177 21.299920
7162736 21.803142
7162522 22.302889
7162432 22.801919
7161572 23.298648
7160976 23.793418
7160513 24.289321
7159948 24.780916
7157946 25.273520
7156923 25.763783
7156377 26.251376
7155400 26.738148
7153785 27.223856
7153376 27.708849
7152973 28.191316
7152596 28.673309
7151667 29.153937
7149216 29.634222
7147958 30.112788
7147676 30.590589
7146562 31.066379
7144409 31.542615
7143791 32.016286
7142792 32.489583
7141757 32.960631
7140150 33.433082
7139415 33.902418
7137572 34.371647
7137117 34.839308
7136399 35.305532
7136217 35.771986
7134799 36.235966
7132623 36.700758
7132317 37.163284
7129630 37.623909
7129175 38.086985
7128457 38.548856
7128238 39.009235
7126810 39.468755
7123261 39.926836
7121577 40.382824
7121339 40.838791
7121180 41.294418
7119319 41.749445
7118358 42.204117
7117797 42.659500
7116973 43.111687
7115966 43.564004
7115652 44.016801
7115196 44.468312
7114635 44.917493
7110772 45.365934
7110742 45.813554
7110728 46.261868
7110722 46.708667
7110682 47.154818
7110445 47.601261
7110097 48.045061
7108498 48.490250
7108331 48.933271
7106888 49.375140
7106810 49.815313
7105671 50.255522
7103910 50.697075
7103100 51.137586
7102740 51.576278
7102450 52.013964
7102372 52.451596
7101913 52.888558
7101344 53.324647
7101330 53.761297
7097347 54.198138
7097049 54.632482
7096943 55.066231
7096758 55.498798
7096743 55.931560
7094844 56.363276
7094190 56.794262
7094171 57.224876
7093945 57.655367
7093461 58.086004
7093381 58.514963
7091949 58.514968
7091269 58.941683
7088867 59.369600
7088658 59.796141
7087764 60.222025
7084136 60.648089
7083740 61.074077
7081923 61.497935
7080435 61.922793
7079488 62.346283
7078255 62.768670
7073958 63.191548
7072464 63.612879
7072410 64.033163
7072167 64.455355
7072038 64.876784
7071880 65.297675
7070798 65.715812
7069688 66.133978
7069477 66.553023
7068802 66.971382
7068116 67.391865
7067527 67.817212
7065389 68.240640
7065334 68.666035
7064166 69.090974
7063862 69.513368
7062788 69.936321
7061562 70.355955
7058980 70.768933
7058147 71.181030
7057670 71.592110
7057307 72.003859
7056865 72.413941
7054910 72.824954
7054100 73.233592
7053458 73.643724
7053216 74.054205
7052450 74.464420
7050385 74.873805
7049142 75.281297
7048454 75.688839
7047738 76.096778
7047258 76.503696
7046851 76.911018
7045115 77.316186
7044943 77.720842
7044031 78.126270
7042468 78.530900
7040924 78.935226
7040029 79.338212
7039524 79.741423
7037900 80.143901
7037828 80.547005
7037577 80.547010
7036893 80.948624
7036198 81.348372
7036186 81.749663
7035500 82.152791
7033827 82.552127
7033039 82.951233
7032080 83.350399
7031976 83.750333
7031064 83.750337
7030162 84.149111
7030008 84.548797
7029947 84.947017
7028566 85.344753
7028055 85.741563
7027835 86.139461
7027298 86.536179
7026760 86.931676
7025859 87.326492
7025247 87.721847
7024871 88.118318
7024041 88.511938
7023398 88.905793
7021863 89.296800
7021510 89.691620
7021339 90.084278
7021320 90.475439
7020878 90.866665
7020129 91.257323
7019890 91.257327
7019649 91.647604
7019634 91.647608
7019502 92.035829
7017760 92.035832
7014056 92.424077
7013857 92.814134
7013620 93.201393
7012703 93.588215
7012495 93.975678
7012132 94.361621
7011010 94.745924
7010297 95.131801
7009482 95.514835
7009233 95.897197
7008948 96.280423
7008562 96.660051
7008050 97.041493
7007432 97.420909
7007328 97.800272
7007020 98.177919
7006749 98.554464
7006339 98.929030
7005043 99.302758
7004176 99.675227
7004065 100.045628
7003959 100.416182
7003802 100.784705
7003663 101.153073
7003105 101.519151
7003027 101.884267
7002811 102.248437
7002603 102.612738
7002591 102.975968
7002492 103.335600
7002076 103.692345
7001914 104.048456
7001250 104.403947
7000912 104.758584
7000861 105.108769
7000737 105.459183
7000682 105.806885
7000310 106.152350
7000307 106.497043
6999974 107.177984
6999971 107.516830
6999650 107.855812
6999626 108.189286
6999623 108.523857
6999295 109.513115
6999193 110.161367
6998927 110.483524
6998876 110.803664
6998731 111.122268
6998652 111.441175
6998570 111.754681
6998551 112.066374
6998438 112.377775
6998420 113.597890
6998347 113.898672
6998278 114.197487
6998111 114.493747
6998077 114.493752
6997877 115.649898
6997832 116.213274
6997719 117.582815
6997620 118.112930
6997602 118.372954
6997599 118.630324
6997530 119.137267
6997437 119.386780
6997077 119.634543
6997054 121.067131
6997054 722.113513
