7081970 5.004865
7053501 5.004878
7051382 5.620030
7050104 6.239898
7046614 6.861945
7039707 6.861949
7035265 7.482880
7033066 8.105632
7031254 8.726295
7029183 9.346154
7026201 9.961782
7025041 10.577838
7023638 11.190187
7021816 11.800851
7018875 12.410568
7016642 13.020477
7015045 13.629815
7013402 14.236461
7010078 14.840295
7009495 15.444244
7008926 16.045542
7007862 16.643141
7006100 17.239155
7005190 17.832994
7004398 17.832999
7004327 18.427144
7003916 18.427149
7003896 19.021373
7003386 19.021378
7002076 19.021381
7000897 19.609382
6987997 22.533050
6986354 23.112133
6985181 23.688237
6983251 24.264612
6982723 24.839999
6981963 25.414793
6981816 25.988219
6980149 26.559609
6978391 27.130390
6977181 27.698211
6976659 28.266746
6971691 28.829681
6971325 29.393889
6967003 29.956427
6966557 30.515193
6966418 31.084157
6965968 31.643467
6964646 32.198851
6964561 32.751541
6961956 33.303378
6961542 33.852845
6960474 34.403646
6959903 34.952021
6959003 35.497178
6957920 36.043590
6957838 36.585977
6957013 37.130714
6956771 37.672634
6953544 38.214932
6952845 38.755554
6952254 39.293730
6951031 39.831914
6949861 40.368126
6948785 40.901019
6945792 41.436308
6944269 41.966857
6943034 42.500458
6942597 43.030930
6941356 43.559510
6939949 44.089044
6939907 44.618334
6939548 45.142567
6938354 45.665531
6938323 46.190563
6937892 46.712317
6937570 47.233904
6937393 47.754555
6936294 48.272207
6934859 48.791907
6934584 49.307718
6934426 49.824333
6932807 50.339442
6932529 50.853070
6931095 51.366755
6930969 51.876887
6930846 52.386631
6927121 52.893695
6926336 53.401503
6926269 53.908941
6926165 54.413382
6925718 54.413386
6924723 54.916962
6924688 55.422526
6924346 55.422530
6924225 55.926670
6923025 55.926674
6922213 56.427941
6916969 56.927096
6916737 57.428077
6915873 57.926226
6914582 58.422683
6914097 58.919159
6913864 59.413504
6912742 59.907452
6912652 60.400704
6912269 60.893343
6911146 61.385142
6910692 61.875157
6910453 62.365366
6905142 62.852754
6905069 63.339799
6904407 63.339802
6904159 63.826099
6902680 63.826102
6902311 64.312128
6901972 64.312131
6901016 64.798916
6899390 65.283087
6898894 65.766580
6896848 66.248012
6894165 66.729534
6893027 67.212379
6891655 67.691838
6891281 68.170320
6890938 68.648502
6889396 69.126113
6888909 69.604971
6886307 70.081827
6885871 70.558817
6885550 71.032571
6884220 71.507038
6884111 71.979430
6883253 72.452052
6883252 72.922451
6883235 73.392581
6883229 73.862114
6882850 74.329752
6881851 74.799668
6881572 75.266507
6877479 75.733622
6876899 76.199638
6876826 76.665977
6875980 77.130352
6874539 77.593367
6874183 78.055683
6873378 78.518867
6872903 78.978322
6872095 79.439466
6870870 79.898861
6870319 80.357935
6869989 80.818253
6869190 81.276177
6868144 81.732299
6867519 82.187855
6867248 82.645924
6867204 83.102164
6867060 83.557141
6866262 84.010161
6865725 84.464535
6864102 84.916422
6863346 85.369546
6862904 85.820651
6861991 86.268803
6861713 86.719271
6861375 87.168890
6859858 87.617491
6859435 88.065419
6859018 88.510482
6858949 88.957694
6858619 89.401275
6858359 89.844104
6858005 89.844108
6857879 90.287715
6857705 90.287719
6857127 90.729501
6856033 91.167638
6855475 91.606735
6854131 92.046541
6853979 92.046545
6853873 92.482195
6853420 92.482199
6853155 92.916499
6853079 92.916503
6852631 93.349953
6851937 93.783511
6851539 94.215675
6851153 94.645063
6850937 95.075540
6850704 95.505139
6850162 95.930596
6850045 96.357024
6849974 96.780007
6845624 96.780011
6845095 97.201085
6844059 97.621599
6842489 98.041049
6842133 98.461407
6841262 98.876939
6840699 99.290146
6840650 99.703684
6840628 100.116260
6840531 100.525624
6840267 100.932857
6839214 101.339120
6837684 101.743804
6837646 102.145456
6837553 102.546256
6837500 102.943133
6837349 103.338168
6837217 103.733567
6836584 104.123848
6836021 104.514393
6835390 104.902507
6835286 105.286648
6835173 105.668946
6835066 106.051744
6835004 106.430913
6834836 106.807141
6834742 107.181276
6834566 107.554844
6834494 107.924791
6834138 108.290643
6834131 108.654849
6833938 109.018540
6833928 109.378170
6833832 109.737616
6833804 110.445145
6833595 110.445150
6833490 110.795652
6833352 111.143709
6833250 111.492639
6833225 111.492643
6833143 111.838962
6832756 111.838966
6832752 112.178647
6832675 112.178651
6832566 112.514578
6832528 112.849385
6832460 113.182271
6832434 113.513415
6832226 113.838984
6831866 113.838989
6831595 114.162719
6831483 114.481130
6831301 114.481134
6831200 114.799219
6830795 115.116795
6830794 115.429157
6830682 115.740572
6830618 116.354971
6830456 116.656220
6830449 116.956611
6830377 117.253361
6829706 117.545808
6829613 118.125093
6829480 119.245199
6829480 720.319098
