5941157 4.990929
5870089 4.990941
5835355 4.990942
5827166 4.990945
5819146 5.606291
5816669 6.227496
5810912 6.850613
5808254 6.850617
5808004 7.478253
5807908 7.478257
5803537 7.478258
5799442 8.104997
5795538 8.105001
5793890 8.731554
5791893 9.355712
5786930 9.355716
5784234 9.980156
5783240 10.603808
5778995 11.226022
5776819 11.847740
5776648 12.467082
5775732 13.082142
5773705 13.082147
5772790 13.700476
5772272 13.700481
5770762 14.313015
5769922 14.313020
5768243 14.926044
5759166 15.534036
5756933 16.144076
5756138 16.761147
5753362 17.374541
5752554 17.975994
5751780 18.577761
5751484 19.176427
5749258 19.774049
5749191 20.369108
5748832 20.964630
5748728 21.554955
5748237 22.143154
5747641 22.731013
5746170 23.317257
5742993 23.901300
5742649 24.483178
5742003 25.063651
5741940 25.641847
5741306 26.219172
5739717 26.793718
5737509 27.365205
5736080 27.937253
5731782 28.505170
5731122 29.072367
5730990 29.636987
5729804 30.202369
5729756 30.762479
5728718 31.321138
5728536 31.879327
5727985 32.435326
5724488 32.435332
5723835 32.988924
5722516 33.541095
5715516 34.091751
5714971 34.642084
5713434 35.189990
5713081 35.737813
5713031 36.282562
5712687 36.829762
5710359 37.374163
5710251 37.915010
5707454 38.455787
5707115 38.994614
5704888 39.529894
5704853 40.064185
5704828 40.596906
5699195 41.128052
5698627 41.657796
5698620 42.187495
5698593 42.715866
5697319 43.244131
5697142 43.770859
5695348 44.296437
5695230 44.819061
5694739 45.340583
5694450 45.861297
5693107 46.380105
5690651 46.898748
5689443 47.415312
5688928 47.930552
5688717 48.444245
5688513 48.956450
5688401 49.466267
5687799 49.976439
5687403 50.485567
5685723 50.994570
5685004 51.502414
5684068 52.007492
5682725 52.511267
5680496 53.013592
5680146 53.513948
5679519 54.016062
5679343 54.515069
5678918 55.013202
5677974 55.510557
5673191 56.007011
5672506 56.501061
5671806 56.995816
5671037 57.488624
5670439 57.980117
5668870 57.980122
5668465 58.472750
5667810 58.961171
5667759 58.961176
5667442 59.447608
5666623 59.447612
5666291 59.933652
5666249 60.418216
5665637 60.418221
5665222 60.903309
5662262 61.386775
5661826 61.868043
5659766 62.347268
5658784 62.826128
5658656 63.307821
5658569 63.792422
5658396 64.270838
5656914 64.747995
5652992 65.224281
5652886 65.699874
5652335 66.175181
5652288 66.649704
5652195 67.127609
5651173 67.597047
5650916 67.597052
5650884 68.066330
5650762 68.066335
5650177 68.535525
5649697 68.535529
5649178 69.002603
5648910 69.468544
5646964 69.933866
5645774 69.933872
5645392 70.399197
5644002 70.861836
5643353 71.324850
5642751 71.785886
5642507 72.250758
5641736 72.712960
5641187 73.170979
5641101 73.170984
5640100 73.629459
5639178 74.086749
5638034 74.546343
5637066 75.003963
5636160 75.457692
5635989 75.912159
5635588 76.365486
5635089 76.818217
5634817 77.270122
5633683 77.720959
5631944 78.172266
5631741 78.623442
5630802 79.071768
5630541 79.519364
5630464 79.966971
5629502 80.411431
5628738 80.857856
5628136 81.304425
5627115 81.749175
5626524 82.194987
5626421 82.194993
5625542 82.637940
5625091 83.082285
5625024 83.524766
5624423 83.965525
5623455 84.404919
5622915 84.843167
5622888 85.282256
5622361 85.282261
5622032 85.720409
5618764 86.158450
5618233 86.593254
5617885 87.028066
5616560 87.464101
5616319 87.895651
5615832 88.326796
5615641 88.755944
5615527 89.185395
5615158 89.614063
5614039 90.042988
5612883 90.468079
5612169 90.893792
5611974 91.317762
5611390 91.739824
5610511 92.161397
5610091 92.582352
5609567 93.002940
5609201 93.419078
5609067 93.832454
5608629 94.248052
5608156 94.658767
5608067 95.070218
5607896 95.480854
5607755 95.889533
5607619 96.299188
5607573 96.703218
5607518 97.107032
5606213 97.506468
5606200 97.909638
5606048 98.308084
5606025 98.706327
5605951 99.101789
5605838 99.494024
5605826 99.884312
5605802 100.273773
5605529 100.273778
5605435 100.661275
5605047 100.661280
5605001 101.045054
5604682 101.810862
5603125 101.810867
5603112 102.192430
5602276 102.571430
5601616 102.571434
5601246 102.948134
5601234 103.320998
5600661 103.692617
5600349 104.061371
5600345 105.869235
5600236 106.226285
5599335 106.579181
5599326 108.980346
5598747 109.313705
5598628 109.974626
5598566 110.302100
5598557 111.265597
5598487 111.581855
5598478 111.581860
5598465 111.896341
5598423 112.204787
5598421 112.204792
5598291 112.820066
5598167 113.124251
5598111 113.423511
5598065 113.719593
5598057 114.013420
5597296 114.305607
5597250 114.591530
5597237 115.157747
5597167 115.157752
5597085 115.709494
5596961 115.709499
5596957 116.249860
5596921 116.517270
5596580 116.778783
5596423 117.037532
5596255 117.291875
5596254 117.291879
5596201 117.543975
5596201 718.648533
