9796897 7.294844
9670710 7.294859
9543639 7.294861
9450561 7.294862
9280546 7.294863
9273447 7.294864
9126438 7.294865
9033034 7.294866
9026424 7.294867
9021692 7.294868
9000085 7.294869
8993466 8.030333
8986248 8.767743
8952814 8.767747
8943872 9.494177
8939654 10.219940
8931759 10.936628
8926128 11.644490
8921046 12.346746
8919083 13.042496
8917774 13.731627
8911710 13.731632
8906785 14.414800
8904488 15.094487
8903945 15.094491
8899355 15.771190
8898916 16.438226
8893199 16.438230
8890823 16.438232
8881346 17.100482
8878749 17.761784
8874047 18.417657
8870160 19.069247
8866947 19.717954
8865999 20.362344
8859570 21.003622
8855540 21.643725
8850729 22.276378
8848196 22.908430
8847067 23.539050
8842878 24.166106
8842156 24.789516
8840115 25.412689
8839871 26.033497
8839402 26.033502
8838693 26.650469
8837599 26.650473
8837407 27.265923
8836403 27.265927
8835647 27.891426
8834693 28.516856
8834631 28.516860
8832849 29.140931
8832148 29.140935
8828274 29.758575
8827633 30.362743
8823174 30.964077
8819127 31.564317
8815925 32.161732
8814046 32.759289
8812871 33.355681
8807215 33.947426
8806002 34.539776
8804831 35.130597
8803520 35.718249
8803058 36.302579
8802885 36.885316
8801845 37.470090
8801326 38.054228
8800679 38.635257
8800454 39.213952
8800007 39.791129
8799358 40.367212
8799164 40.940232
8798450 41.514642
8793545 42.086843
8790073 42.656832
8789164 43.226997
8788715 43.795226
8788164 44.363503
8787622 44.931183
8787477 45.495694
8787001 46.059590
8786733 46.623242
8786275 47.184605
8785744 47.745924
8784932 48.306180
8784890 48.865546
8784821 49.422828
8784353 49.980804
8783899 50.534583
8783693 51.086215
8780990 51.639044
8780257 52.191432
8780061 52.741725
8779843 53.292568
8779698 53.840885
8777032 54.389281
8776636 54.938585
8776597 55.487057
8776090 56.034216
8775973 56.580180
8775091 57.123298
8773607 57.668687
8772614 58.212077
8772032 58.755235
8770744 59.296390
8769860 59.837781
8767662 60.376315
8766470 60.916661
8764598 61.454344
8763951 61.992257
8761733 62.527634
8760286 63.063269
8759089 63.609578
8758844 64.156446
8758708 64.701729
8758241 65.249414
8758190 65.786643
8758013 66.318698
8756364 66.318703
8755812 66.848134
8755613 67.376978
8753978 67.907704
8752354 68.436927
8751028 68.963295
8750499 69.489572
8750399 70.017184
8750312 70.543611
8749385 71.069248
8749102 71.593882
8745892 72.118055
8744269 72.639198
8743097 73.160894
8742889 73.681981
8741568 74.204983
8740631 74.725715
8739740 75.245796
8736030 75.765839
8734996 76.283447
8734309 76.802054
8731415 77.319082
8728539 77.837426
8728038 78.354411
8727106 78.869993
8726106 79.384682
8725467 79.898655
8724816 80.413687
8724457 80.924951
8721151 81.438933
8721017 81.949455
8720750 82.461985
8720673 82.974370
8718032 83.482896
8716033 83.991743
8715501 84.501419
8713792 85.009156
8713031 85.517059
8712597 86.023259
8710979 86.530538
8710321 87.034656
8709677 87.539070
8706945 88.042682
8706440 88.547862
8706428 89.051290
8706127 89.555513
8705483 90.058354
8705147 90.562562
8704641 91.065534
8703593 91.567148
8701928 92.069012
8701429 92.569099
8700172 93.069306
8699444 93.568589
8699139 94.068844
8698642 94.568770
8697362 95.066698
8696530 95.562433
8695630 96.061026
8695605 96.556210
8695002 97.052879
8694724 97.548801
8693427 98.043199
8690759 98.538642
8690450 99.034774
8690334 99.529603
8688438 100.022658
8687965 100.515376
8686725 101.007882
8685467 101.499674
8685164 101.991633
8684560 102.480865
8683538 102.971320
8683213 103.462362
8683203 103.953175
8680130 104.443318
8679127 104.932619
8676963 105.419345
8675925 105.907905
8674994 106.395703
8674906 106.882906
8672765 107.371497
8672282 107.860606
8671892 108.348946
8670516 108.832942
8669384 109.320771
8669179 109.806958
8667837 110.292858
8667476 110.777349
8666803 111.264161
8666087 111.747518
8664962 112.230536
8660704 112.713386
8658744 113.197248
8657284 113.679845
8656753 114.163128
8654982 114.646964
8654923 115.129687
8653664 115.611188
8652809 116.093972
8652795 116.576152
8651473 117.057301
8650623 117.538605
8650540 118.018292
8650014 118.501095
8649396 118.979461
8648480 119.456477
8648032 119.937273
8647873 120.416025
8647423 120.895449
8646880 121.377226
8645954 121.857369
8645825 122.335433
8645061 122.815050
8644194 123.294163
8643562 123.772980
8642398 124.252098
8641720 124.730301
8641654 125.206926
8641338 125.684956
8640506 126.160093
8638715 126.636800
8637813 127.112232
8637033 127.588892
8636812 128.063765
8636544 128.540161
8636401 129.013061
8635326 129.487241
8634497 129.963970
8633524 130.438346
8632846 130.914001
8632507 131.387192
8631780 131.861422
8630902 132.334857
8628831 132.334861
8627957 132.807912
8626870 133.281507
8626579 133.754588
8625824 134.226593
8625436 134.699936
8624932 135.172178
8623268 135.643766
8623070 136.113579
8622656 136.583654
8620311 137.055528
8620030 137.526590
8619336 137.996451
8619075 138.467144
8618903 138.938813
8617484 139.410170
8616756 139.878230
8616278 140.347611
8615830 140.816710
8614864 141.286565
8614139 141.754944
8613308 142.224842
8613169 142.694296
8612667 143.160945
8611897 143.629661
8611252 144.096933
8610969 144.565213
8610707 145.033506
8610270 145.501649
8609877 145.967377
8609582 146.434949
8609280 146.901296
8609170 147.367632
8608044 147.834995
8607666 148.301525
8607475 148.767761
8607069 149.232512
8606716 149.698631
8606484 150.163926
8605584 150.627137
8605431 151.092574
8605055 151.557599
8604922 152.021494
8604820 152.486118
8604607 152.952369
8603935 153.415328
8603111 153.879075
8602954 154.341070
8602743 154.806639
8602409 155.271865
8602148 155.735444
8601901 156.198498
8601626 156.662365
8601476 157.125507
8600276 157.589485
8599523 158.050465
8598149 158.512895
8597810 158.975469
8597527 159.438876
8597270 159.899253
8596919 160.362578
8596768 160.823913
8596626 161.286013
8595874 161.749236
8595725 162.211702
8595716 162.672536
8595512 163.131095
8595030 163.589837
8594730 164.047983
8594567 164.508119
8594435 164.969059
8594395 165.427877
8594265 165.886403
8593804 166.343248
8593488 166.800933
8593095 167.257652
8592614 167.713370
8592521 168.168501
8592388 168.622945
8592087 169.077061
8591767 169.528948
8591665 169.980060
8591547 170.430476
8591507 170.881190
8590614 171.327546
8590451 171.774215
8589349 172.220784
8588761 172.666079
8588629 173.111329
8588453 173.554776
8588033 173.998116
8587896 174.438220
8587794 174.875486
8587491 175.312009
8587440 175.747363
8587347 176.181343
8587311 176.612536
8586990 177.042067
8586769 177.470323
8586760 177.897730
8586696 178.323719
8586388 178.748419
8586350 179.169828
8585860 179.589356
8585841 180.004650
8585537 180.421542
8585340 180.834796
8585307 181.246439
8585297 181.655568
8585296 182.467485
8585136 182.871433
8584872 183.670238
8584489 184.065980
8584383 186.387515
8584319 187.512512
8584065 187.881539
8583903 188.976147
8583713 189.336467
8583549 191.093260
8583312 191.434403
8583267 191.773301
8583256 193.735876
8583243 194.668506
8583122 194.972900
8583113 195.275431
8583104 196.445385
8583101 196.729497
8583101 797.824454
