5566312 0.873166
4974881 0.873181
4970076 0.873182
4965504 0.873183
4884984 0.873185
4884531 0.873186
4853588 0.873187
4851602 1.011532
4847602 1.152049
4836774 1.294182
4831853 1.437250
4827099 1.580917
4818575 1.580921
4814084 1.725358
4813958 1.869773
4810028 1.869776
4805172 2.014200
4805110 2.158072
4804053 2.158075
4799748 2.302170
4794577 2.445586
4794321 2.588400
4775978 2.731174
4775199 2.873219
4774900 3.015307
4772245 3.156503
4770249 3.297135
4767545 3.437102
4767058 3.577622
4765265 3.717561
4762334 3.717565
4761538 3.856273
4761008 3.994657
4758563 4.132129
4754229 4.132132
4753999 4.269548
4746622 4.405623
4746456 4.541275
4744499 4.676070
4744036 4.810443
4737134 4.810447
4735552 4.944342
4735302 5.077504
4732288 5.210324
4732259 5.342031
4729858 5.473380
4729337 5.604147
4725880 5.733933
4723194 5.863482
4720701 5.992415
4719216 6.120568
4715848 6.248243
4713706 6.375168
4712593 6.501355
4712096 6.626719
4709777 6.750924
4709094 6.875017
4708337 6.998045
4706769 7.120321
4706132 7.242528
4705624 7.364162
4704869 7.484265
4703165 7.604333
4701050 7.722975
4700579 7.840855
4700150 7.957848
4699487 8.074106
4699088 8.189087
4699046 8.304178
4698515 8.418771
4697625 8.531093
4697461 8.643292
4696964 8.754922
4696672 8.864712
4696279 8.973556
4696203 9.081931
4695891 9.188794
4695706 9.188797
4695047 9.295232
4694917 9.400698
4694345 9.504663
4693940 9.607621
4693815 9.709829
4693728 9.810792
4693453 10.106764
4693398 10.390588
4693301 10.753456
4693246 10.753460
4693246 611.754054
