/home/shared/ihuerta/TSP_algorithm_selection/SOLVERS/CONCORDE/concorde -x example.tmp
32761967 0.000007
Time for Total: 17.39 seconds (17.39 total in 1 calls)
32761416 18.387196
32687208 24.214135
32679293 34.188016
32671801 42.098151
32669748 69.744803
32667291 147.005897
32666715 216.559421
32664404 256.030612
32657864 669.123060
32657729 875.675635
32653233 1024.823172
32653061 1038.311677
Do not cut, the lp is within 1.0 of the upperbound
Do not cut, the lp is within 1.0 of the upperbound
Do not branch, the lp is within 1.0 of the upperbound
Do not branch, the lp is within 1.0 of the upperbound
Do not cut, the lp is within 1.0 of the upperbound
Do not cut, the lp is within 1.0 of the upperbound
Do not branch, the lp is within 1.0 of the upperbound
Do not branch, the lp is within 1.0 of the upperbound
Do not cut, the lp is within 1.0 of the upperbound
Do not cut, the lp is within 1.0 of the upperbound
Do not branch, the lp is within 1.0 of the upperbound
Do not cut, the lp is within 1.0 of the upperbound
Do not branch, the lp is within 1.0 of the upperbound
Do not cut, the lp is within 1.0 of the upperbound
Do not branch, the lp is within 1.0 of the upperbound
Do not branch, the lp is within 1.0 of the upperbound
Do not cut, the lp is within 1.0 of the upperbound
Do not branch, the lp is within 1.0 of the upperbound
Do not branch, the lp is within 1.0 of the upperbound
Do not branch, the lp is within 1.0 of the upperbound
Do not branch, the lp is within 1.0 of the upperbound
Do not cut, the lp is within 1.0 of the upperbound
Do not cut, the lp is within 1.0 of the upperbound
Do not branch, the lp is within 1.0 of the upperbound
Do not branch, the lp is within 1.0 of the upperbound
Do not cut, the lp is within 1.0 of the upperbound
Do not cut, the lp is within 1.0 of the upperbound
Do not branch, the lp is within 1.0 of the upperbound
Do not cut, the lp is within 1.0 of the upperbound
Do not cut, the lp is within 1.0 of the upperbound
Do not cut, the lp is within 1.0 of the upperbound
Do not branch, the lp is within 1.0 of the upperbound
Do not branch, the lp is within 1.0 of the upperbound
Do not cut, the lp is within 1.0 of the upperbound
Do not cut, the lp is within 1.0 of the upperbound
Do not cut, the lp is within 1.0 of the upperbound
Do not cut, the lp is within 1.0 of the upperbound
Do not cut, the lp is within 1.0 of the upperbound
Do not cut, the lp is within 1.0 of the upperbound
Do not cut, the lp is within 1.0 of the upperbound
Do not branch, the lp is within 1.0 of the upperbound
Do not branch, the lp is within 1.0 of the upperbound
Do not branch, the lp is within 1.0 of the upperbound
Do not branch, the lp is within 1.0 of the upperbound
Do not branch, the lp is within 1.0 of the upperbound
Do not branch, the lp is within 1.0 of the upperbound
Do not branch, the lp is within 1.0 of the upperbound
Do not branch, the lp is within 1.0 of the upperbound
Do not branch, the lp is within 1.0 of the upperbound
Do not cut, the lp is within 1.0 of the upperbound
Do not branch, the lp is within 1.0 of the upperbound
Do not branch, the lp is within 1.0 of the upperbound
Do not branch, the lp is within 1.0 of the upperbound
Do not cut, the lp is within 1.0 of the upperbound
Do not cut, the lp is within 1.0 of the upperbound
Do not branch, the lp is within 1.0 of the upperbound
Do not cut, the lp is within 1.0 of the upperbound
Do not branch, the lp is within 1.0 of the upperbound
Do not branch, the lp is within 1.0 of the upperbound
Do not branch, the lp is within 1.0 of the upperbound
Do not branch, the lp is within 1.0 of the upperbound
Do not branch, the lp is within 1.0 of the upperbound
Do not branch, the lp is within 1.0 of the upperbound
Do not branch, the lp is within 1.0 of the upperbound
Do not branch, the lp is within 1.0 of the upperbound
Do not branch, the lp is within 1.0 of the upperbound
Do not branch, the lp is within 1.0 of the upperbound
Do not branch, the lp is within 1.0 of the upperbound

32653061 999.601148
