/home/shared/ihuerta/TSP_algorithm_selection/SOLVERS/CONCORDE/concorde -x example.tmp
32656794 0.000007
Time for Total: 39.41 seconds (39.41 total in 1 calls)
32650469 68.566921
32642224 102.340357
32622719 144.279473
32620326 156.688639
32617225 296.699981
32610610 1684.545577
32610580 1740.988751
32608705 2111.075150
Do not branch, the lp is within 1.0 of the upperbound
Do not cut, the lp is within 1.0 of the upperbound
Do not branch, the lp is within 1.0 of the upperbound
Do not branch, the lp is within 1.0 of the upperbound
Do not cut, the lp is within 1.0 of the upperbound
Do not cut, the lp is within 1.0 of the upperbound
Do not branch, the lp is within 1.0 of the upperbound
Do not branch, the lp is within 1.0 of the upperbound
Do not branch, the lp is within 1.0 of the upperbound
Do not branch, the lp is within 1.0 of the upperbound
Do not branch, the lp is within 1.0 of the upperbound
Do not branch, the lp is within 1.0 of the upperbound
Do not branch, the lp is within 1.0 of the upperbound
Do not cut, the lp is within 1.0 of the upperbound
Do not branch, the lp is within 1.0 of the upperbound
Do not branch, the lp is within 1.0 of the upperbound
Do not branch, the lp is within 1.0 of the upperbound
Do not branch, the lp is within 1.0 of the upperbound
Do not branch, the lp is within 1.0 of the upperbound
Do not branch, the lp is within 1.0 of the upperbound
Do not branch, the lp is within 1.0 of the upperbound
Do not branch, the lp is within 1.0 of the upperbound
Do not branch, the lp is within 1.0 of the upperbound
Do not branch, the lp is within 1.0 of the upperbound
Do not cut, the lp is within 1.0 of the upperbound
Do not branch, the lp is within 1.0 of the upperbound
Do not branch, the lp is within 1.0 of the upperbound
Do not branch, the lp is within 1.0 of the upperbound
Do not branch, the lp is within 1.0 of the upperbound
Do not branch, the lp is within 1.0 of the upperbound
Do not branch, the lp is within 1.0 of the upperbound
Do not branch, the lp is within 1.0 of the upperbound
Do not branch, the lp is within 1.0 of the upperbound
Do not branch, the lp is within 1.0 of the upperbound

32608705 2097.640829
