/home/shared/ihuerta/TSP_algorithm_selection/SOLVERS/CONCORDE/concorde -x example.tmp
32365346 0.000007
Time for Total: 28.61 seconds (28.61 total in 1 calls)
32304431 30.171245
32304155 219.163169
32302570 227.556299
32297770 248.288505
32293020 475.983640
32291336 696.670823
32288221 725.018527
32287733 772.171074
32287257 1482.629860
Do not cut, the lp is within 1.0 of the upperbound
Do not cut, the lp is within 1.0 of the upperbound
Do not cut, the lp is within 1.0 of the upperbound
Do not cut, the lp is within 1.0 of the upperbound
Do not branch, the lp is within 1.0 of the upperbound
Do not cut, the lp is within 1.0 of the upperbound
Do not branch, the lp is within 1.0 of the upperbound
Do not branch, the lp is within 1.0 of the upperbound
Do not branch, the lp is within 1.0 of the upperbound
Do not cut, the lp is within 1.0 of the upperbound
Do not branch, the lp is within 1.0 of the upperbound
Do not branch, the lp is within 1.0 of the upperbound
Do not cut, the lp is within 1.0 of the upperbound
Do not cut, the lp is within 1.0 of the upperbound
Do not branch, the lp is within 1.0 of the upperbound
Do not cut, the lp is within 1.0 of the upperbound
Do not branch, the lp is within 1.0 of the upperbound
Do not branch, the lp is within 1.0 of the upperbound
Do not branch, the lp is within 1.0 of the upperbound
Do not branch, the lp is within 1.0 of the upperbound
Do not cut, the lp is within 1.0 of the upperbound

32287257 1461.441343
