4665249 2.798724
4663934 2.798741
4628566 2.798742
4618159 2.798744
4615168 3.121133
4612678 3.446759
4602175 3.775990
4596999 4.107152
4595572 4.438497
4594229 4.770721
4593465 5.102860
4593402 5.102863
4592361 5.439925
4590290 5.439930
4589273 5.773221
4586764 6.105397
4585409 6.437482
4581837 6.767512
4581203 7.099925
4575536 7.429311
4573600 7.760241
4572727 8.089070
4572528 8.416781
4572343 8.744373
4572027 8.744376
4571971 9.070512
4571884 9.070515
4570405 9.406799
4568908 9.737998
4568739 10.064113
4565989 10.389561
4565297 10.712482
4563161 11.035293
4562625 11.362417
4559281 11.684636
4558931 12.004668
4558446 12.323400
4557817 12.641465
4556996 12.960316
4554284 13.278131
4552409 13.594025
4551561 13.910472
4545664 14.226497
4540842 14.542815
4540311 14.857445
4537370 15.169359
4535943 15.481818
4533881 15.792758
4530492 16.102751
4529776 16.412502
4529654 16.718970
4528501 17.026429
4528430 17.334223
4528175 17.639514
4527453 17.945873
4527282 18.249861
4526821 18.552920
4525400 18.854732
4525150 19.157943
4524589 19.157947
4524242 19.457051
4523778 19.457054
4522770 19.757026
4520312 20.056089
4519676 20.352717
4516244 20.648147
4515379 20.947126
4513613 21.241575
4512897 21.535511
4512386 21.828279
4510955 22.119698
4510658 22.409503
4508802 22.699062
4507444 22.987820
4507068 23.275504
4506522 23.846036
4506199 24.129774
4504059 24.413188
4502969 24.695795
4502734 24.977636
4501324 25.256234
4501027 25.533696
4499743 25.810511
4499713 26.087586
4497684 26.361916
4497293 26.635144
4497121 26.907917
4496876 27.179529
4496530 27.448193
4496206 27.716893
4495741 27.716897
4495356 27.982878
4495304 28.248195
4494835 28.248199
4494212 28.513706
4493816 28.775754
4493445 29.037911
4492161 29.297687
4491607 29.556548
4489793 29.556552
4489513 29.813974
4489196 30.069947
4488332 30.323985
4487845 30.577449
4487552 30.828017
4486915 31.079844
4485900 31.327818
4485686 31.574073
4485506 31.819473
4485433 32.062804
4484678 32.307173
4484290 32.547933
4484134 32.787708
4484001 33.025785
4483791 33.261586
4483705 33.495186
4483667 33.727108
4483319 33.956390
4483262 34.414487
4483260 34.640498
4483245 35.086787
4483209 35.307440
4483199 35.526614
4483000 35.744355
4482790 35.958409
4482775 36.172406
4482408 36.387032
4482287 36.597279
4482237 36.805821
4482162 37.011845
4482143 37.416981
4482104 38.013845
4482013 38.781401
4481910 38.968245
4481851 39.152230
4481816 39.515225
4481733 39.515229
4481714 39.868607
4481714 640.885305
