21337851 228.249364
21233899 228.249387
20874040 228.249389
20846440 228.249390
20838242 228.249392
20769043 228.249393
20727041 228.249395
20543134 228.249397
20539625 231.744833
20536630 235.227734
20533972 238.629201
20527518 241.996252
20399641 241.996258
20272005 245.329919
20266607 248.641983
20214307 248.641991
20202801 251.918261
20201611 255.185680
20199711 258.447244
20193440 261.677517
20151122 264.885750
20149732 268.040020
20138787 271.194367
20123979 274.339554
20121069 277.452583
20119759 280.569508
20087303 283.647633
20086351 286.729855
20074776 289.805109
20065112 289.805115
20048634 289.805117
20047153 292.888437
20045996 295.922713
20041589 298.957689
20037912 298.957697
20034786 302.007159
19981762 302.007165
19980133 305.023786
19968861 308.027947
19967427 311.029064
19957959 314.003867
19954706 316.989456
19946367 319.962104
19943500 322.911343
19941165 325.852424
19918516 328.766989
19907996 328.766996
19907330 331.570988
19904570 334.336567
19904503 337.114869
19896565 337.114876
19895359 339.904931
19887447 342.680882
19883603 345.434651
19881995 348.173975
19881287 350.932644
19878560 353.691167
19874304 356.446169
19873483 359.190932
19859620 361.928692
19857785 364.645978
19857185 367.351828
19838806 370.088380
19837869 372.788688
19834515 375.487110
19832839 378.189455
19831184 380.869558
19828603 383.563029
19826400 386.272159
19825071 388.945143
19817422 391.627333
19815785 394.334523
19812465 397.021058
19799964 399.694855
19798174 402.383823
19796577 405.075636
19793137 407.743343
19789580 410.391102
19788540 413.066054
19787466 415.709126
19785208 418.385548
19784679 421.039301
19784092 423.669204
19779883 426.289330
19770591 428.881030
19770062 431.487975
19763767 434.127355
19763244 436.744614
19759848 439.355963
19758760 441.968021
19758225 444.566228
19753192 447.169131
19751880 449.758030
19747211 452.355983
19745573 454.944777
19744031 457.545911
19742520 460.139948
19741360 462.750557
19737996 465.338745
19737047 467.892824
19736145 470.465526
19734678 473.058618
19733658 475.598648
19733307 478.160736
19732942 480.725660
19729348 483.293903
19728689 485.844266
19727347 488.403113
19726691 490.957382
19724797 493.482148
19723714 496.000347
19722418 498.514597
19721953 501.058718
19721819 503.573886
19721378 506.098234
19719880 508.611221
19718776 511.109682
19714207 513.616286
19712909 516.131004
19712527 518.641019
19709982 521.131108
19709717 523.612261
19708117 526.109398
19706963 528.605471
19706103 531.087260
19705695 533.580358
19705391 536.091277
19705159 538.551466
19703860 541.023953
19703227 543.487043
19703214 545.951044
19700468 548.388515
19700179 550.831905
19699398 553.291747
19699122 555.736992
19698366 558.173065
19697869 560.591997
19688800 563.044808
19688041 565.479111
19686993 567.917671
19686719 570.342244
19686399 572.786934
19686329 575.209544
19686094 577.632133
19685427 580.065313
19684703 582.464229
19682479 584.872440
19682234 587.280057
19681958 589.679517
19680254 592.079067
19679859 594.472082
19679590 596.864862
19679359 599.268255
19677849 601.652722
19676467 604.059426
19676291 606.444537
19675899 608.833831
19656763 611.208331
19655996 613.595456
19655695 615.996310
19654738 618.392402
19651109 620.785625
19650421 623.181443
19649725 625.564314
19644099 627.936332
19643790 630.304836
19643371 632.671878
19642619 635.052543
19642551 637.402524
19642419 639.764087
19641651 642.116115
19641579 644.473311
19641413 646.926222
19640909 649.358521
19640423 651.817548
19640287 654.219193
19639051 656.630007
19636981 659.058748
19635326 661.447170
19634730 663.867915
19634584 666.294670
19631295 668.718147
19630892 671.126620
19630585 673.511385
19630405 675.939912
19630139 678.358648
19629721 680.759509
19627898 683.156475
19627824 685.534645
19626702 687.927075
19617632 690.299225
19617418 692.652961
19617205 695.033659
19616578 697.418780
19616467 699.799540
19614974 702.197816
19614962 704.593082
19614754 706.971698
19614306 709.360321
19613790 711.730108
19613616 714.102710
19613541 716.425178
19611891 718.785941
19611427 721.159471
19610701 723.517591
19607912 725.868935
19605091 728.199294
19601768 730.553555
19601442 732.881340
19598649 735.238106
19598574 737.579654
19598156 739.942489
19596861 742.295978
19595295 744.626970
19594970 746.970836
19594023 749.290251
19593320 751.602956
19593009 753.929597
19593005 756.262550
19592084 758.586826
19591808 760.906802
19591441 763.240724
19591351 765.554669
19591173 768.200568
19591030 770.778188
19589692 773.594467
19588123 776.565680
19587939 779.487602
19587782 782.404229
19587515 785.369519
19582668 785.369527
19581807 788.293427
19581668 791.254323
19581384 794.205283
19581177 797.123306
19578320 800.028544
19577576 802.965327
19576502 805.919290
19576345 808.847243
19575668 811.776408
19574703 814.728537
19573292 817.625953
19573091 820.538185
19572778 823.424931
19569988 826.322668
19569763 829.247027
19569747 832.127481
19569534 834.992564
19568759 837.848229
19568599 840.727768
19568451 843.580677
19567748 846.106619
19567385 848.484027
19567300 850.813522
19567045 853.155002
19566853 855.476329
19566717 857.807341
19565064 860.132932
19564928 862.507721
19564892 864.834591
19564854 867.140687
19564404 869.419540
19564368 871.704512
19564004 874.006422
19563804 876.289371
19563045 878.580641
19562153 880.861602
19562027 883.138849
19561265 885.458336
19561205 887.739263
19557915 890.027513
19557314 892.308545
19556954 894.574482
19556426 896.821029
19543573 899.083120
19543532 901.335404
19542513 903.587676
19540964 905.814268
19540701 908.059290
19540523 910.303556
19540445 912.533079
19540220 914.785398
19539484 917.020339
19539452 919.261449
19539407 921.499070
19538978 923.705872
19536329 925.934594
19534024 928.149206
19533795 930.391334
19533728 932.641214
19533714 934.854555
19531168 937.082624
19531084 939.303524
19530694 941.520635
19529631 943.745889
19529181 945.934472
19528855 948.138058
19528409 950.338352
19528266 952.533794
19528055 954.734654
19527827 956.951670
19527801 959.170149
19527749 961.368068
19526676 963.550378
19526554 965.771582
19526544 967.968241
19526445 970.167454
19526254 972.342621
19526251 974.524707
19526008 976.732823
19525495 978.929110
19525379 981.152042
19521776 983.336958
19521327 985.496849
19514981 987.668464
19514781 989.872190
19513047 992.051226
19513026 994.218990
19512533 996.414972
19510198 998.633980
19510192 1000.817301
19510055 1003.023236
19509770 1005.234625
19509557 1007.413953
19509318 1009.589090
19509209 1011.769804
19509128 1013.954631
19506656 1016.128885
19505474 1018.323858
19505259 1020.502758
19504860 1022.660232
19501213 1024.858064
19500516 1027.035095
19500449 1029.227752
19500315 1031.399050
19500021 1033.577834
19499964 1035.809844
19499840 1037.968341
19499479 1040.129744
19499397 1042.328442
19499090 1044.506724
19498929 1046.690627
19497399 1048.819538
19496943 1050.976002
19496655 1053.112663
19494924 1055.270980
19494714 1057.443046
19494671 1059.600821
19490962 1061.751936
19490954 1063.906979
19490847 1066.079029
19490681 1068.243150
19490588 1070.379186
19490361 1072.527487
19490129 1074.701461
19489972 1076.847690
19489928 1078.979068
19488214 1081.133671
19488012 1083.275056
19487936 1085.454345
19487745 1087.611975
19487578 1089.803133
19487422 1091.953180
19487060 1094.101248
19486865 1096.251996
19484432 1098.374121
19484297 1100.550569
19483977 1102.703484
19483611 1104.848055
19483519 1106.972075
19483511 1109.086385
19483421 1111.217902
19483219 1113.374681
19483081 1115.487983
19483047 1117.602714
19482953 1119.728716
19482876 1121.841997
19482816 1123.976366
19482419 1126.097051
19481971 1128.230397
19481895 1130.362436
19481495 1132.508969
19479432 1134.683506
19479330 1136.828886
19477516 1138.977076
19476390 1141.110261
19475768 1143.234143
19475618 1145.380351
19459472 1147.490918
19459258 1149.626471
19459117 1151.739117
19458683 1153.864965
19458675 1155.975080
19457513 1158.113901
19457454 1160.238593
19457062 1162.350768
19456911 1164.467386
19456789 1166.590312
19456674 1168.704215
19456615 1170.809603
19456601 1172.955903
19456489 1175.091724
19456324 1177.221653
19456284 1179.334992
19455530 1181.445736
19455323 1183.552644
19454480 1185.682606
19454177 1187.811822
19453801 1189.923373
19453761 1192.044969
19453685 1194.161888
19452262 1196.290056
19452026 1198.406936
19450303 1200.515760
19450269 1202.620270
19450018 1204.738870
19449820 1206.843081
19449569 1208.948091
19449462 1211.053042
19447684 1213.176166
19446937 1215.282847
19446191 1217.377423
19445294 1219.443513
19442658 1221.564920
19442232 1223.654266
19440779 1225.778005
19440521 1227.874741
19439081 1230.008787
19438588 1232.128744
19438288 1234.247862
19438255 1236.334152
19438246 1238.424199
19438231 1240.489260
19438124 1242.605171
19437976 1244.687645
19437810 1246.785057
19435234 1248.880042
19434356 1250.977960
19434279 1253.073054
19434146 1255.155384
19434000 1257.235765
19433443 1259.346381
19433080 1261.453766
19432991 1263.563060
19432905 1265.666481
19432859 1267.764210
19432733 1269.863832
19432724 1271.966426
19432664 1274.061280
19427137 1276.129048
19427025 1278.219890
19426519 1280.303812
19426232 1282.403422
19426069 1284.485490
19425886 1286.551896
19423691 1288.644227
19421748 1290.744942
19421716 1292.848780
19421617 1294.920176
19421547 1296.991720
19421542 1299.088898
19421008 1301.167018
19420917 1303.238339
19420059 1305.335137
19420057 1307.430777
19419963 1309.527135
19419821 1311.606771
19419462 1313.686549
19419287 1315.732548
19419156 1317.800417
19419009 1319.876022
19418987 1321.981113
19418432 1324.057890
19416789 1326.118211
19414528 1328.197321
19414507 1330.262228
19414465 1332.354360
19414208 1334.430568
19414054 1336.522983
19413940 1338.579650
19413821 1340.664335
19413548 1342.739644
19413125 1344.794177
19413031 1346.855978
19412810 1348.970648
19412727 1351.045336
19412223 1353.124087
19412175 1355.235758
19412119 1357.301162
19411895 1359.386731
19411830 1361.441437
19411806 1363.496665
19411599 1365.578796
19409983 1367.644684
19409670 1369.709242
19408753 1371.799525
19406700 1373.840278
19406280 1375.886394
19406162 1377.935802
19404231 1380.030429
19404126 1382.098853
19403393 1384.146408
19402883 1386.205021
19402517 1388.283664
19402457 1390.332654
19402424 1392.396270
19402403 1394.472648
19400123 1396.546876
19399726 1398.615567
19399206 1400.684745
19399176 1402.764444
19399137 1404.808104
19398700 1406.847285
19398607 1408.926140
19398113 1410.980111
19397905 1413.019899
19397817 1415.060010
19397665 1417.126116
19397597 1419.190207
19396754 1421.243967
19396527 1423.336139
19396451 1425.395875
19390735 1427.447673
19390404 1429.522379
19389700 1431.573066
19389679 1433.671191
19389671 1435.704463
19388610 1437.779348
19388081 1439.860403
19388017 1441.919544
19386899 1441.919549
19386812 1443.985541
19385774 1446.039166
19383874 1448.115545
19383410 1450.152317
19383314 1452.193593
19383175 1454.246487
19379927 1456.286594
19379925 1458.345692
19378464 1460.387028
19378326 1462.425704
19378189 1462.425711
19377999 1464.480583
19377888 1466.543833
19377818 1466.543839
19377729 1468.568433
19377078 1470.622949
19376667 1472.690753
19375135 1474.743342
19374950 1476.785916
19374864 1478.837234
19374840 1480.851056
19374819 1482.907108
19372780 1484.958149
19372344 1486.997895
19368182 1486.997900
19367902 1489.052754
19366621 1491.080012
19366402 1493.146341
19366212 1495.188313
19364141 1497.247840
19364120 1499.310250
19363517 1501.345457
19362969 1503.399728
19362394 1505.423523
19362262 1507.445300
19361994 1509.494528
19359495 1511.540786
19359454 1513.590666
19359197 1515.638784
19358866 1517.692023
19358858 1519.722736
19358647 1521.756590
19358193 1523.832403
19357687 1525.890036
19355058 1527.951693
19355033 1529.998511
19354731 1532.031824
19351048 1534.080223
19350074 1536.121967
19349734 1538.149400
19349234 1540.194563
19349168 1542.262071
19348805 1544.299652
19348761 1546.340389
19348641 1548.382475
19348593 1550.407131
19347725 1552.457655
19347482 1554.506442
19345962 1556.534731
19345186 1558.592220
19344816 1560.634486
19344630 1562.669674
19344470 1564.707463
19344130 1566.754346
19343968 1568.818894
19343920 1570.857651
19343908 1572.912435
19339940 1574.955766
19339727 1577.018411
19334693 1579.047121
19333783 1581.072646
19333673 1583.115286
19333002 1585.129865
19331106 1587.122855
19331102 1589.152315
19331053 1591.213288
19331013 1593.252755
19330919 1595.300453
19329030 1597.295984
19328985 1599.336908
19328751 1601.366532
19328182 1603.388277
19328106 1605.424464
19328021 1607.454732
19327270 1609.457768
19327044 1611.517530
19326926 1613.537828
19326923 1615.535584
19326731 1617.578835
19326560 1619.600195
19326163 1621.643366
19325618 1623.638979
19325603 1625.678097
19325562 1627.690253
19325544 1629.709765
19325267 1631.745802
19324590 1633.762786
19323750 1635.798816
19321912 1637.842207
19321802 1639.884438
19321384 1641.951484
19321110 1643.960681
19320293 1645.979559
19320080 1647.990087
19319642 1650.015253
19319538 1652.042632
19319309 1654.054847
19317390 1656.088427
19316040 1658.134590
19315725 1660.168742
19315621 1662.175902
19315609 1664.241459
19315518 1666.272476
19315249 1668.333758
19314960 1670.371144
19314158 1672.416106
19314053 1674.453882
19310840 1676.484654
19310718 1678.492251
19310667 1680.530458
19310080 1682.580492
19310033 1684.579557
19309357 1686.655394
19308837 1688.695295
19308788 1690.742215
19308548 1692.781211
19308086 1694.849965
19306590 1696.920073
19299787 1698.946919
19298631 1700.984671
19298013 1703.005109
19297918 1705.041416
19297891 1707.086753
19297834 1709.119164
19296801 1711.147775
19295314 1713.202531
19293642 1715.228533
19292336 1717.266219
19292327 1719.279206
19292027 1721.317053
19291623 1723.378153
19291436 1725.428365
19291066 1727.472120
19290046 1729.487177
19289056 1731.519047
19288013 1733.548906
19287931 1735.593701
19287810 1737.619338
19287797 1739.655806
19287697 1741.712185
19287441 1743.735709
19286821 1745.778373
19285321 1747.805950
19284629 1749.853576
19281227 1751.892120
19280930 1753.915892
19280180 1755.966190
19280164 1758.010219
19279412 1760.049306
19279370 1762.088104
19279126 1764.141837
19278459 1766.174279
19275513 1768.195795
19275311 1770.256178
19275189 1772.278616
19274488 1774.306419
19274483 1776.353441
19274350 1778.379131
19274303 1780.412145
19273927 1782.459666
19273907 1784.499900
19273404 1786.534775
19272823 1788.530293
19272294 1790.555310
19271928 1792.588044
19271863 1794.611103
19271840 1796.641017
19271821 1798.674784
19271786 1800.699363
19271108 1802.735139
19269950 1804.797982
19269847 1806.844514
19269682 1808.868574
19268839 1810.909255
19268557 1812.915245
19267805 1814.948620
19267465 1817.021654
19266239 1819.059359
19265475 1821.095237
19264764 1823.108893
19264708 1825.144491
19264647 1827.194511
19263989 1829.239087
19263890 1831.264211
19262729 1833.304414
19261737 1835.325112
19261641 1837.353476
19261282 1839.400173
19261242 1841.416350
19261172 1843.442292
19260356 1845.479578
19259625 1847.527878
19259616 1849.557102
19259399 1851.588568
19259213 1853.647247
19259073 1855.704440
19258079 1857.743570
19257598 1859.783231
19257519 1861.819138
19257492 1863.866914
19257449 1865.884181
19257435 1867.928698
19253839 1869.944537
19253562 1871.983231
19252978 1874.041153
19252865 1876.074921
19252665 1878.085276
19252434 1880.117358
19252023 1882.180918
19251749 1884.245870
19251686 1886.249104
19251475 1888.292529
19251231 1890.333412
19250269 1892.366505
19250199 1894.387302
19249438 1896.397563
19249409 1898.438170
19249310 1900.462789
19248746 1902.509772
19248522 1904.551450
19248502 1906.589979
19248426 1908.636865
19246774 1910.663007
19246027 1912.738743
19245364 1914.790888
19245266 1916.821720
19244935 1918.855765
19244663 1920.900058
19244448 1922.922516
19244334 1924.990908
19244327 1927.034032
19244286 1929.088694
19243889 1931.153364
19243348 1933.232238
19242212 1935.268809
19242122 1937.324375
19241762 1939.384358
19241328 1941.415843
19241043 1943.496485
19240868 1945.554218
19240806 1947.608117
19240600 1949.697583
19240595 1951.724494
19240583 1953.748583
19240573 1955.796444
19240423 1957.862967
19240419 1959.895205
19239551 1961.951373
19239305 1963.980610
19238873 1966.032261
19238850 1968.065045
19237818 1970.119497
19237613 1972.162785
19237596 1974.188637
19237523 1976.228861
19236322 1978.297033
19235818 1978.297041
19235751 1980.337550
19235710 1982.336495
19235406 1984.392422
19234229 1984.392428
19233896 1986.445537
19233638 1988.503661
19233151 1990.520373
19233055 1992.569314
19233019 1994.627170
19232588 1994.627177
19232061 1996.665981
19231980 1998.737609
19231759 2000.821703
19231137 2000.821708
19229946 2002.891103
19229506 2004.937485
19229121 2007.008319
19229019 2009.081104
19228789 2009.081111
19228381 2011.125862
19227629 2013.197047
19227536 2015.284056
19227158 2017.384403
19226922 2019.449330
19226787 2021.475825
19226374 2021.475832
19224852 2023.516362
19223868 2025.588987
19223806 2027.644110
19222384 2029.691661
19222094 2031.770357
19221881 2033.817657
19221785 2035.882682
19221481 2037.951836
19221219 2039.999474
19221200 2042.073762
19220992 2044.129925
19219989 2046.190559
19219921 2048.250907
19219869 2050.301562
19219265 2052.367407
19219109 2054.419679
19218256 2056.493421
19218128 2058.534001
19217899 2060.588814
19217631 2062.688257
19217048 2064.727323
19216725 2066.747792
19216687 2068.808194
19216617 2070.854378
19216551 2072.878415
19216520 2074.952822
19216370 2077.049327
19215739 2079.118849
19215360 2081.167032
19215072 2083.223112
19214985 2085.286712
19214781 2087.349406
19214208 2087.349413
19214149 2089.418057
19213859 2091.525017
19213720 2091.525025
19212938 2093.628600
19212034 2095.722479
19211946 2097.806855
19211491 2099.860746
19211365 2101.941875
19211317 2104.043424
19211220 2106.120315
19209092 2106.120322
19208864 2108.161414
19208448 2110.230011
19208047 2112.305256
19208002 2114.370191
19207957 2116.432841
19206709 2118.503590
19206489 2120.587280
19206482 2122.687817
19206234 2124.770521
19204991 2126.856272
19202873 2128.950795
19202852 2131.038288
19202818 2133.127493
19202806 2135.198470
19202798 2137.280035
19202723 2139.350482
19202604 2141.458967
19202382 2143.565030
19201719 2143.565036
19201441 2145.651576
19201431 2147.702603
19201334 2149.786568
19201081 2151.883027
19201038 2153.960847
19200717 2156.030253
19200507 2156.030258
19200362 2158.116743
19200342 2160.191662
19199808 2162.274200
19199760 2164.376213
19199740 2166.451930
19199644 2166.451937
19199251 2168.520834
19198811 2170.598959
19198262 2170.598966
19197893 2172.674002
19197608 2174.752601
19197470 2176.816123
19197032 2178.908627
19196821 2181.025648
19196771 2181.025655
19196434 2183.102787
19196357 2183.102793
19195550 2185.169780
19195351 2187.271450
19195335 2189.367017
19195266 2191.479844
19194947 2191.479850
19194666 2193.557365
19194109 2195.653089
19193895 2197.758912
19193817 2199.853408
19193510 2201.929162
19189089 2201.929168
19188831 2204.027612
19188446 2206.092096
19188398 2208.196132
19187904 2210.305624
19187779 2212.397332
19186782 2214.502955
19186374 2216.632157
19186267 2218.751879
19186074 2220.866799
19185707 2222.964202
19185302 2225.072702
19183255 2227.171479
19182545 2229.267077
19182116 2231.350174
19182020 2233.444704
19181762 2235.559625
19181682 2237.677930
19181623 2239.780786
19180939 2241.882448
19180199 2243.964313
19180057 2246.076957
19179859 2248.172094
19179788 2250.275776
19179241 2252.411976
19178803 2254.514679
19178284 2256.611012
19177825 2258.748976
19177427 2260.864911
19176467 2262.978523
19176197 2265.065265
19175995 2267.127645
19175703 2269.258784
19175604 2271.376927
19175203 2273.488788
19175057 2275.591370
19174160 2277.696626
19174146 2279.800258
19172951 2281.924906
19172848 2284.219830
19172383 2286.582450
19172094 2288.965780
19171730 2291.625645
19171488 2294.308963
19170962 2297.018989
19170695 2299.708568
19170671 2302.391099
19169780 2305.126648
19169292 2307.868243
19169272 2310.577971
19169114 2313.332543
19168663 2316.059054
19167910 2318.769322
19167122 2321.466578
19166721 2324.173265
19166374 2326.873675
19166238 2329.582647
19165539 2332.284905
19165148 2334.961819
19164639 2337.645170
19164581 2340.358214
19163777 2343.071388
19162979 2345.773016
19162847 2348.494679
19162391 2351.222339
19162225 2353.897939
19162088 2356.605321
19161988 2359.264036
19161902 2361.973570
19160809 2364.481530
19160633 2366.697940
19160562 2368.874189
19160268 2371.046565
19160080 2373.218650
19159015 2375.467445
19158254 2377.659844
19158249 2379.884603
19157949 2382.072818
19157685 2384.252276
19157601 2386.426618
19156929 2388.595115
19155867 2390.770662
19155487 2392.975954
19155060 2395.170249
19154609 2397.321517
19153427 2399.493775
19152331 2401.675168
19152012 2403.856650
19151619 2406.046468
19151315 2408.208972
19151242 2410.347580
19150965 2412.530336
19150871 2414.712320
19150191 2416.904475
19150113 2419.099740
19149657 2421.307116
19148602 2423.495517
19148511 2425.656096
19148171 2427.830208
19148163 2430.004312
19147730 2432.157293
19147421 2434.350916
19147156 2436.502933
19146800 2438.668358
19146513 2440.831191
19146491 2443.011585
19146381 2445.202252
19146212 2447.366665
19145841 2449.540541
19145797 2451.713636
19145795 2454.063232
19145341 2456.243713
19145066 2458.402123
19144169 2460.607926
19144160 2462.783471
19143915 2464.988761
19143791 2467.188476
19143691 2469.373821
19143590 2471.556309
19142494 2473.748567
19142106 2475.993051
19141568 2478.166851
19141441 2480.358650
19141217 2482.526100
19141135 2484.713757
19141011 2486.895430
19140434 2489.119451
19140307 2491.308311
19140280 2493.469422
19140049 2495.652625
19139768 2497.838064
19139383 2500.034607
19139080 2502.232004
19138988 2504.431611
19137933 2506.625176
19137774 2508.826462
19137336 2511.011654
19137250 2513.222985
19136945 2515.446367
19136840 2517.641802
19136820 2519.855995
19136075 2522.057448
19135846 2524.252431
19135541 2526.467860
19135315 2528.688482
19135282 2530.866394
19134841 2533.058633
19134797 2535.261713
19134584 2537.478515
19134500 2539.694396
19134482 2541.890650
19134332 2544.110456
19134104 2546.342566
19133846 2548.526514
19133309 2550.753351
19133071 2552.959685
19132651 2555.169236
19132474 2557.402316
19132090 2559.596025
19131982 2561.806682
19131623 2564.020752
19131613 2566.239273
19131117 2568.448807
19130574 2570.663113
19130557 2572.877810
19130286 2575.082947
19129882 2577.315777
19129860 2579.533753
19129457 2581.744258
19129088 2583.949018
19128967 2586.202632
19128722 2588.418470
19128552 2590.647944
19128227 2592.867649
19127118 2595.073370
19126459 2597.292135
19126415 2599.522517
19126390 2601.769449
19125445 2604.016843
19125410 2606.255288
19125366 2608.493080
19124701 2610.715743
19124607 2612.975526
19123930 2615.217060
19123829 2617.465056
19123358 2619.698689
19123024 2621.929875
19122501 2624.145830
19122394 2626.405226
19122133 2628.658127
19122093 2630.901911
19121807 2633.131355
19121471 2635.372619
19120235 2637.617981
19119198 2639.864986
19119093 2642.113460
19118561 2644.351067
19118081 2646.599227
19118079 2648.865992
19118001 2651.111355
19117943 2653.356869
19117839 2655.631204
19117504 2657.864491
19116447 2660.119401
19116379 2662.363560
19115703 2664.630748
19115401 2666.899943
19115203 2669.170038
19114644 2671.414756
19114553 2673.667701
19114540 2675.939488
19114255 2678.193532
19114251 2680.440552
19113791 2682.714929
19113198 2684.980468
19113028 2687.241940
19112892 2689.525447
19112550 2691.798157
19112461 2694.075016
19112153 2696.353332
19111949 2698.611745
19111740 2700.871026
19111719 2703.137563
19111584 2705.405068
19111084 2707.679638
19110800 2709.928899
19110615 2712.211596
19110463 2714.495154
19110423 2716.786145
19110175 2719.071683
19110079 2721.342275
19109239 2723.619979
19109075 2725.904157
19108823 2728.211817
19108743 2730.477703
19108606 2732.741346
19108160 2735.019738
19107897 2737.308246
19107655 2739.597122
19107557 2741.898965
19107249 2744.173197
19107129 2746.479939
19106976 2748.786875
19106696 2751.096846
19106548 2753.423971
19106331 2755.701264
19106144 2757.988259
19106124 2760.296486
19105736 2762.575397
19105517 2764.867662
19105261 2767.173108
19105171 2769.492728
19104979 2771.802146
19104961 2774.097681
19104761 2776.411688
19104499 2778.713009
19104189 2781.050587
19103986 2783.376144
19103814 2785.679833
19103439 2787.982183
19103326 2790.281664
19102307 2792.579188
19102303 2794.889878
19100886 2797.219117
19100660 2799.543683
19100588 2801.865289
19100462 2804.194406
19100193 2806.507756
19099916 2808.831009
19099856 2811.145813
19099391 2813.492382
19099082 2815.831329
19099007 2818.128431
19098614 2820.487333
19098284 2822.814609
19098066 2825.125275
19097734 2827.505055
19097607 2829.872665
19097378 2832.218163
19097197 2834.570189
19097145 2836.922091
19096672 2839.235482
19096452 2841.581399
19096084 2843.919847
19096082 2846.263210
19095605 2848.597602
19095465 2850.962018
19095005 2853.294209
19094994 2855.645141
19094846 2857.948390
19093754 2860.301161
19093561 2862.652124
19093191 2864.973710
19092529 2867.338357
19091872 2869.729062
19091707 2872.079286
19091341 2874.435961
19091008 2876.775956
19090937 2879.117591
19090840 2881.475067
19090779 2883.841247
19090401 2886.202668
19090038 2888.564446
19089747 2890.912738
19089512 2893.263884
19089303 2895.601472
19089088 2897.963977
19088922 2900.343792
19088846 2902.729207
19088737 2905.125098
19088711 2907.497697
19087663 2909.866576
19087387 2912.243815
19087077 2914.634388
19086963 2917.011165
19086638 2919.354563
19086442 2921.755066
19086150 2924.103854
19086143 2926.490357
19085757 2928.899130
19085618 2931.303083
19085272 2933.728667
19085041 2936.164835
19084946 2938.583454
19084523 2940.994556
19084327 2943.402258
19084046 2945.804034
19083849 2948.211483
19083677 2950.662210
19083642 2953.073037
19083567 2955.482029
19083512 2957.919419
19083325 2960.322448
19083192 2962.771610
19082991 2965.196719
19082767 2967.650132
19082391 2970.077713
19082226 2972.493052
19081902 2974.925249
19081749 2977.359176
19081724 2979.798434
19081360 2982.261710
19080657 2984.693765
19080340 2987.129939
19080070 2989.576455
19080053 2991.998732
19079917 2994.455327
19079785 2996.881669
19079683 2999.335301
19079616 3001.780835
19079455 3004.215551
19078458 3006.648350
19078301 3009.093495
19078109 3011.545084
19077859 3013.960511
19077485 3016.421509
19077206 3018.882132
19077201 3021.344774
19076987 3023.813094
19076839 3026.252281
19076781 3028.709482
19076775 3031.184479
19076657 3033.629547
19076572 3036.085372
19076044 3038.553585
19075588 3041.025187
19075537 3043.471671
19075225 3045.933866
19075207 3048.400936
19075031 3050.868275
19074936 3053.340661
19074843 3055.818994
19074417 3058.295420
19074247 3060.754747
19074143 3063.231384
19074107 3065.693428
19073869 3068.162392
19073649 3070.661041
19073627 3073.155576
19073571 3075.633480
19073541 3078.124447
19073423 3080.606203
19073370 3083.102439
19073263 3085.605252
19073093 3088.102467
19072983 3090.604119
19072698 3093.097994
19072687 3095.557418
19072607 3098.068592
19072427 3100.563577
19072311 3103.067280
19072194 3105.574578
19071978 3108.068318
19071607 3110.555291
19071193 3113.048330
19070987 3115.568748
19070833 3118.049863
19070801 3120.565307
19070632 3123.047834
19070527 3125.565657
19070377 3128.061493
19070188 3130.599032
19070084 3133.103343
19069929 3135.612523
19069892 3138.145715
19069713 3140.666953
19069603 3143.176363
19069418 3145.679611
19069379 3148.214646
19069374 3150.761008
19069217 3153.268983
19069044 3155.791092
19068900 3158.327417
19068856 3160.843868
19068689 3163.394458
19068602 3165.902121
19068408 3168.430849
19068353 3170.936335
19068039 3173.477057
19067889 3176.017880
19067781 3178.551344
19067657 3181.112610
19067599 3183.622078
19067451 3186.177329
19067081 3188.728516
19067079 3191.266218
19066896 3193.787904
19066768 3196.336804
19066707 3198.889307
19066382 3201.414115
19066168 3203.943481
19065989 3206.496510
19065915 3209.070121
19065708 3211.605549
19065498 3214.148764
19065350 3216.690206
19065321 3219.201519
19065217 3221.770210
19065026 3224.293610
19064869 3226.859913
19064643 3229.416490
19064458 3231.974535
19064220 3234.515704
19064164 3237.071888
19064040 3239.648864
19063692 3242.194509
19063553 3244.794628
19063279 3247.345149
19063128 3249.917464
19062900 3252.479350
19062790 3255.051293
19062619 3257.621440
19062526 3260.187244
19062451 3262.750624
19062290 3265.313006
19062284 3267.877435
19062240 3270.646627
19062124 3273.529608
19061936 3276.405862
19061816 327