13298328 218.965125
13289805 218.965139
13197298 218.965140
13135051 218.965142
12989674 218.965143
12948092 218.965146
12939600 222.644555
12938279 226.344143
12928236 229.993080
12924526 233.617189
12921736 237.248748
12915675 237.248756
12897869 237.248758
12896077 240.820610
12893686 244.401333
12881472 244.401339
12870834 247.982267
12861084 251.525609
12859603 255.071698
12853628 258.596526
12851683 262.113407
12841069 262.113415
12836022 265.593854
12834856 269.084982
12833550 272.560156
12825410 276.011754
12824620 279.434166
12819008 282.864886
12810466 282.864892
12807933 286.282669
12804712 289.683397
12802481 293.046917
12801427 296.404181
12800241 299.800791
12799275 303.152246
12798872 306.452476
12795403 309.747322
12795177 313.049786
12786746 316.353484
12765859 319.658780
12764287 322.929502
12762692 326.194488
12762140 329.427361
12761769 332.689581
12760516 335.936209
12759223 339.161290
12758646 342.412245
12758251 345.609507
12757675 348.817113
12748829 352.004345
12748157 355.180633
12746718 358.327076
12746389 361.446767
12744905 364.597737
12740735 367.752192
12740297 370.899272
12739292 374.028123
12736094 377.136915
12734451 380.244642
12734085 383.388828
12733913 386.463420
12731718 386.463427
12730280 389.555610
12727764 392.635216
12726642 392.635222
12726554 395.692703
12725907 395.692710
12725704 398.764110
12725534 398.764117
12721870 401.780544
12720258 404.871164
12718905 407.940896
12717213 410.978818
12712308 414.045452
12711949 417.049926
12709802 417.049932
12708063 420.068678
12707636 423.113191
12707247 426.111800
12699210 429.130595
12696208 432.151467
12695573 435.143830
12694508 438.144446
12693823 441.108877
12693103 444.067258
12692576 447.057570
12692244 450.045061
12691773 453.011598
12690802 455.977685
12690088 458.921893
12688941 461.871889
12688582 464.814378
12680310 464.814384
12680079 467.757655
12679193 470.678255
12676400 473.622887
12672599 476.533304
12671646 479.453588
12670623 482.368900
12668786 485.286014
12668229 488.192974
12667588 491.112669
12665504 494.010991
12663375 496.900897
12663125 499.823759
12663060 502.681192
12662242 505.592987
12660134 508.461946
12659948 511.312307
12657904 514.191488
12657151 517.054255
12656117 519.913145
12655071 522.763113
12654253 525.627948
12653174 528.446460
12652611 531.269381
12651330 534.113621
12650322 536.928616
12650051 539.754507
12648823 542.562191
12648352 545.373316
12647968 548.201568
12647262 550.990897
12646802 553.794962
12644714 556.607829
12644284 559.422180
12641483 562.200399
12640590 564.991932
12640443 567.775709
12638712 570.526844
12637924 573.311458
12637453 576.078385
12636782 578.840802
12636234 581.639494
12635572 584.423790
12634674 587.208446
12634523 589.964548
12634218 592.733805
12633040 595.490289
12632059 598.256281
12631831 601.026203
12631530 603.774673
12631060 606.514829
12630000 609.273041
12629156 612.019997
12628145 614.722658
12628027 617.438555
12627287 620.159568
12627107 622.837778
12626791 625.570035
12626103 628.270906
12624870 630.969636
12624685 633.721510
12623982 636.457231
12623842 639.171120
12623213 641.892360
12622471 644.589347
12621972 647.299765
12620818 649.988516
12620279 652.688178
12620073 655.364841
12619181 658.018778
12618492 660.696863
12616997 663.370281
12615617 666.048255
12615430 668.725432
12614761 671.380087
12614275 674.047440
12613696 676.719359
12612859 679.334631
12612829 682.007926
12612769 684.657136
12612607 687.313089
12612071 689.960735
12610525 692.609095
12609694 695.221803
12609401 697.873435
12609253 700.503492
12609175 703.118852
12608840 705.778795
12608101 708.427454
12607990 711.081932
12607730 713.706571
12604895 716.339125
12604814 718.962399
12604506 721.580492
12604381 724.204610
12604268 726.836810
12604225 729.492266
12603743 732.083215
12603072 734.691312
12602894 737.281655
12602813 739.896955
12602774 742.493157
12602553 745.098798
12601840 747.702368
12600659 750.325835
12600445 752.920818
12599655 755.585574
12598860 758.313531
12597452 761.043807
12596903 763.739322
12596154 766.423555
12596140 769.162066
12595640 771.885157
12594956 774.605129
12594560 777.328894
12594181 780.029309
12594110 782.768405
12594036 785.514585
12593602 788.204701
12593428 790.910000
12592714 793.626600
12592364 796.331990
12592149 799.037715
12591726 801.777618
12590412 804.497733
12590115 807.181206
12590049 809.908529
12589598 812.617715
12588079 815.331954
12587375 818.022465
12586992 820.703050
12585131 823.390766
12585046 826.100440
12584544 828.786190
12584334 831.499905
12583984 834.166681
12583807 836.872828
12580827 839.581681
12580613 842.267243
12580354 844.925990
12579918 847.610018
12579780 850.303686
12579099 852.982512
12578840 855.630587
12578613 858.284059
12578439 860.947732
12575456 863.583001
12575141 866.229631
12574891 868.879049
12574715 871.562277
12574712 874.217991
12573059 876.888466
12572844 879.577278
12572269 882.250972
12572056 884.897460
12571976 887.530533
12571906 890.230515
12571894 892.879883
12571847 895.547355
12571624 898.188805
12569589 900.858280
12569542 903.500087
12569413 906.133656
12569305 908.771122
12568812 911.407941
12568777 914.019505
12568005 916.668830
12567996 919.327705
12567765 921.983927
12567734 924.620615
12567531 927.258371
12566220 929.858182
12565723 932.466944
12565146 935.073841
12564909 937.711229
12564053 940.323427
12563301 942.954460
12562667 945.537910
12561209 948.148459
12559307 950.745041
12559035 953.343153
12559002 955.977557
12558945 958.608967
12558923 961.228474
12558702 963.846555
12558500 966.499066
12558128 969.110972
12557959 971.677467
12557522 974.245686
12557363 976.872232
12556977 979.475567
12556803 982.058842
12556797 984.675956
12555238 987.247798
12554431 989.832237
12553664 992.426330
12553586 995.021928
12553050 997.606522
12552669 1000.190514
12552605 1002.776158
12551670 1005.359378
12551398 1007.930986
12550957 1010.537567
12550640 1013.145701
12549810 1015.701518
12549235 1018.277994
12549177 1020.848202
12549076 1023.451698
12548664 1026.041399
12548449 1028.605178
12548197 1031.198907
12547561 1033.775317
12547542 1036.340117
12545736 1038.897141
12545511 1041.458649
12545337 1044.048405
12545031 1046.622979
12544822 1049.160214
12544651 1051.719760
12544470 1054.279322
12544271 1056.827223
12543964 1059.375365
12543957 1061.945084
12543475 1064.487192
12543396 1067.041286
12543369 1069.594437
12543353 1072.162373
12543346 1074.707001
12543180 1077.266269
12542780 1079.810941
12542381 1082.343392
12540956 1084.891628
12540589 1087.450237
12540304 1089.981367
12538899 1092.535552
12538820 1095.078315
12538653 1097.625693
12538126 1100.156911
12538020 1102.691547
12537847 1105.257011
12537722 1107.778483
12537034 1110.309353
12536771 1112.840094
12536664 1115.380720
12535086 1117.920766
12534893 1120.445664
12534527 1122.982860
12534396 1125.509240
12534242 1128.031526
12534241 1130.576010
12534172 1133.113340
12533947 1135.653121
12533786 1138.191120
12533255 1140.701061
12533251 1143.204521
12533019 1145.745349
12532988 1148.281630
12532876 1150.818006
12532069 1153.360113
12530140 1155.885082
12529982 1158.432785
12529851 1160.933596
12529550 1163.451049
12529536 1165.986571
12529455 1168.508021
12528955 1171.019727
12528902 1173.521845
12528900 1176.039235
12528528 1178.575153
12528482 1181.043902
12528303 1183.542630
12527868 1186.032290
12527411 1188.526098
12527313 1191.022078
12527159 1193.503298
12526858 1195.996587
12524197 1198.482725
12524168 1200.960004
12523254 1203.424867
12523251 1205.941610
12523205 1208.452242
12523204 1210.926117
12522525 1213.398272
12522442 1215.890330
12522350 1218.357869
12521810 1220.839838
12521725 1223.308609
12521717 1225.804588
12521285 1228.265833
12521124 1230.759164
12520181 1233.240257
12520137 1235.718685
12520109 1238.189725
12516271 1240.670823
12515995 1243.164041
12514956 1245.619245
12514798 1248.067075
12514552 1250.555083
12514547 1253.045050
12514509 1255.495869
12513685 1257.969018
12513056 1260.422829
12512702 1262.882523
12512674 1265.379239
12512618 1267.865921
12512174 1270.332216
12512138 1272.779420
12511923 1275.269106
12511759 1277.737740
12511698 1280.207698
12511133 1282.649934
12510775 1285.102106
12509530 1287.572196
12508665 1287.572202
12507917 1290.022941
12507744 1292.461372
12506917 1294.906906
12505356 1297.369715
12504842 1299.812351
12504770 1302.258317
12503913 1304.726581
12503510 1307.181898
12503353 1309.635949
12503090 1312.093312
12502413 1314.539210
12502125 1316.987023
12501837 1319.434565
12501742 1321.899364
12501620 1321.899372
12501577 1324.345188
12501438 1326.779432
12501117 1326.779439
12500711 1329.196166
12500325 1331.623913
12499983 1334.068823
12499200 1334.068829
12499163 1336.533520
12498935 1338.983029
12498793 1341.411237
12498741 1343.838739
12497373 1343.838745
12496921 1346.290478
12495005 1348.724251
12494940 1351.142781
12494721 1353.597145
12494631 1356.040559
12494513 1358.444106
12494512 1360.864892
12493592 1363.282939
12493492 1365.713076
12493480 1368.098405
12493224 1370.525271
12491864 1372.938579
12491818 1375.391255
12491657 1377.819009
12491651 1380.246792
12491583 1382.679014
12491571 1385.094092
12490886 1387.502591
12490755 1389.937742
12490561 1392.337320
12490507 1394.728554
12490444 1397.169231
12490107 1399.570337
12490086 1401.990594
12489919 1401.990600
12489874 1404.410035
12489142 1404.410042
12488598 1406.823688
12486534 1409.224732
12486149 1411.622757
12485743 1414.045419
12485534 1416.429905
12485326 1418.823104
12484827 1418.823110
12483866 1418.823112
12483711 1421.209333
12483179 1423.606091
12483054 1426.022410
12482305 1428.414007
12482220 1430.804873
12482136 1433.209411
12481661 1435.622940
12481647 1438.017728
12481575 1440.451039
12480976 1442.840978
12480712 1445.276686
12480439 1447.683957
12480089 1450.104305
12479965 1452.510617
12478189 1452.510624
12478153 1454.915986
12477128 1457.313419
12477116 1459.710319
12476854 1462.114568
12476805 1464.518263
12476594 1466.895651
12476232 1466.895657
12475972 1469.310823
12475810 1471.717617
12473111 1474.129694
12473079 1476.534183
12472865 1478.949731
12472642 1481.344310
12472527 1483.732888
12472434 1486.140889
12472275 1488.527171
12471333 1490.926806
12471088 1493.294284
12471087 1495.685932
12471026 1498.087026
12470141 1500.472845
12470119 1502.863854
12470064 1505.250567
12469364 1507.640962
12469291 1510.024637
12469258 1512.397544
12466978 1514.772037
12466725 1517.197703
12466619 1519.562014
12466081 1521.960652
12466017 1524.356537
12463198 1526.721190
12462043 1526.721197
12460522 1529.111252
12460178 1531.497686
12459773 1533.863457
12459493 1536.241993
12459388 1538.610366
12459254 1541.034971
12458813 1543.425390
12458707 1545.803179
12458323 1548.158988
12458266 1550.516662
12458245 1552.877174
12457822 1552.877180
12457676 1555.250879
12457619 1557.595429
12457235 1559.973197
12456767 1562.359593
12456766 1564.713219
12455971 1567.102970
12455511 1569.467330
12455296 1571.818582
12455112 1574.189833
12452775 1576.556622
12452210 1578.946780
12450672 1581.303675
12450418 1583.677795
12450198 1583.677802
12450118 1586.069747
12450077 1588.416398
12449669 1590.773350
12449564 1593.159428
12449322 1593.159436
12449265 1595.535709
12448949 1597.887448
12448927 1600.240893
12448018 1602.621224
12447990 1604.982793
12447312 1607.356843
12445069 1609.724433
12445035 1612.117512
12441108 1614.494225
12440415 1616.853268
12440407 1619.207099
12440345 1621.556371
12440294 1623.903464
12440213 1626.276466
12440039 1628.652936
12438976 1631.008070
12438606 1633.385510
12438593 1635.726582
12438579 1638.087828
12432595 1640.442641
12432594 1642.826206
12432501 1645.173461
12432402 1647.519644
12431634 1649.890105
12431550 1652.247233
12431407 1654.575372
12431406 1656.906638
12431347 1659.246839
12431346 1661.607510
12431316 1663.958262
12430911 1666.331674
12430909 1668.675628
12430817 1671.025394
12428755 1673.377000
12428151 1675.735733
12428099 1678.100390
12427956 1680.424360
12427924 1682.802064
12427569 1685.149887
12427546 1687.499596
12427428 1689.833197
12427225 1692.173583
12426322 1694.557931
12425129 1697.267372
12424859 1699.864970
12421981 1702.693728
12421862 1705.605027
12421825 1708.537348
12420983 1711.464129
12420913 1714.408948
12420887 1717.361171
12420411 1720.276496
12419576 1723.209746
12419509 1726.136661
12419460 1729.018612
12419385 1731.971500
12419382 1734.927115
12419224 1737.806498
12418836 1740.732597
12417606 1743.654276
12417448 1746.584265
12417364 1749.521849
12417302 1752.450708
12417294 1755.404313
12417020 1758.304271
12416469 1761.183301
12416112 1764.083694
12416067 1767.008850
12415685 1769.956895
12415104 1772.874169
12414633 1775.793014
12414546 1778.690789
12414016 1781.602231
12413873 1784.468761
12412963 1787.305381
12411187 1790.192798
12409760 1792.913294
12409726 1795.332900
12409543 1797.713301
12409361 1800.066907
12409323 1802.425031
12409255 1804.766038
12408814 1807.107114
12408805 1809.416549
12408786 1811.748762
12406326 1814.090087
12406203 1816.441310
12406199 1818.729545
12405255 1821.080341
12404214 1823.449648
12404181 1825.813969
12404151 1828.227232
12403713 1830.542886
12403005 1832.912018
12402895 1835.260172
12402647 1837.562308
12402634 1839.887909
12402631 1842.239217
12401958 1844.617886
12401737 1846.918680
12400024 1849.262629
12399487 1851.594095
12399217 1853.919079
12399179 1856.272011
12398728 1858.648062
12398364 1860.959381
12398319 1863.289645
12398183 1865.628908
12397598 1867.993510
12397517 1870.317563
12397054 1872.653825
12397024 1874.993077
12397013 1877.345535
12396509 1879.704049
12396457 1882.049699
12396315 1884.421766
12395975 1886.734184
12395265 1889.055673
12394961 1891.398187
12394619 1893.681658
12394540 1896.017130
12394064 1896.017136
12389309 1898.378659
12389029 1900.710155
12388985 1903.046799
12387758 1905.391730
12387578 1907.713769
12387485 1910.037111
12386878 1912.377608
12386770 1914.717329
12385217 1917.055995
12384561 1919.386483
12383775 1921.712440
12383288 1924.023477
12383026 1926.376335
12382908 1928.732523
12382775 1931.058086
12382770 1933.393263
12382751 1935.747581
12382735 1938.127430
12380971 1940.510260
12380269 1942.836454
12380253 1945.146507
12380094 1947.469226
12380055 1949.779426
12379934 1952.069882
12379858 1954.399996
12379517 1956.729886
12379360 1959.011868
12378765 1961.338743
12378749 1963.697646
12378115 1966.043387
12378073 1968.374443
12378048 1970.686181
12377915 1973.029676
12377596 1975.349785
12377485 1977.691793
12377430 1980.028450
12377291 1982.386190
12377074 1984.708323
12377073 1987.045180
12376992 1989.389266
12376915 1991.720769
12376897 1994.069188
12375399 1996.407653
12374734 1998.720618
12374452 2001.018045
12373583 2003.305922
12373360 2005.599507
12372650 2007.891675
12372521 2010.233360
12372501 2012.541523
12372395 2014.855048
12372109 2017.242072
12371877 2019.624502
12371261 2021.986048
12370797 2024.308426
12370622 2026.634938
12370610 2028.990760
12369961 2031.343323
12369959 2033.678003
12369546 2036.033087
12369520 2038.375582
12369166 2040.669577
12368407 2042.958157
12368355 2045.264550
12368353 2047.596053
12368314 2049.901077
12367688 2052.253972
12366512 2054.585349
12366252 2056.905508
12365787 2059.203015
12365556 2061.511529
12365206 2063.800843
12364638 2066.126750
12364388 2068.462817
12364219 2068.462824
12363884 2070.802971
12363451 2073.126402
12363430 2075.481596
12363280 2077.796988
12362760 2077.796995
12362546 2080.111398
12362425 2082.430936
12362421 2084.774935
12362415 2087.102402
12361889 2089.487326
12360918 2091.808681
12360686 2094.107236
12360539 2096.423978
12360509 2098.736939
12360506 2101.093971
12360486 2103.425417
12360328 2103.425423
12359952 2105.744261
12359904 2108.055694
12359777 2110.407649
12359203 2112.712263
12359181 2115.014699
12357906 2117.333297
12357845 2119.684928
12357536 2122.018269
12357510 2124.353753
12356702 2126.688399
12356426 2129.014373
12354208 2131.350983
12353390 2133.690415
12353179 2136.019630
12352794 2138.358170
12352662 2140.685736
12352420 2143.041114
12352127 2145.388238
12352038 2147.717289
12351999 2150.042465
12351361 2152.360565
12350596 2154.708740
12350515 2157.059462
12350250 2159.388153
12350148 2161.703001
12349160 2164.072999
12349030 2166.399739
12348969 2168.727819
12348963 2171.030410
12348179 2173.355352
12348107 2175.651795
12347745 2177.942535
12347219 2180.323713
12346682 2182.641944
12346497 2184.955524
12346438 2187.314573
12346129 2189.639760
12346102 2191.975019
12345522 2194.290408
12345337 2196.606758
12345038 2198.908809
12344784 2201.201801
12344771 2203.523379
12344721 2205.827696
12344479 2208.155580
12343512 2210.454421
12341545 2212.773615
12341394 2215.133022
12341032 2217.454491
12341001 2219.747876
12340915 2222.040097
12340780 2224.352091
12339772 2226.672266
12339731 2228.979381
12338941 2231.309390
12338881 2233.636723
12338327 2235.952003
12337935 2238.274274
12337465 2240.595689
12336334 2242.916623
12336014 2245.210225
12335606 2247.538945
12335536 2249.871244
12335379 2252.166337
12335208 2254.469022
12334975 2256.801641
12334391 2259.126980
12334163 2261.440259
12334154 2263.751023
12334054 2266.103415
12333910 2268.452325
12333746 2270.802064
12333567 2273.146812
12333328 2275.485988
12332279 2277.825289
12332043 2280.133637
12330634 2282.432116
12330274 2284.782033
12330209 2287.113975
12329583 2289.429003
12329518 2291.812889
12329379 2294.129895
12329346 2294.129902
12329267 2296.477526
12328097 2296.477531
12327768 2298.800109
12327611 2301.121037
12327485 2303.466164
12327102 2305.800571
12326796 2308.110270
12326473 2310.456552
12326316 2312.811325
12325867 2315.138148
12325810 2317.482239
12325638 2319.814116
12325257 2322.164125
12325180 2324.514899
12323321 2326.876241
12323274 2329.274938
12322541 2331.614356
12322454 2333.954669
12322196 2336.286628
12321772 2338.622304
12321405 2340.943234
12321132 2343.281765
12321055 2345.597750
12321051 2347.950871
12320785 2350.298239
12320364 2352.628438
12320185 2354.959398
12320072 2357.289946
12319826 2359.630182
12319824 2362.003389
12319732 2364.373271
12319670 2366.702086
12319490 2369.079351
12319090 2369.079356
12318805 2371.445555
12318756 2373.782657
12318408 2376.158371
12318320 2378.517492
12317374 2378.517497
12316728 2380.857013
12316489 2383.206075
12316199 2385.532436
12315686 2387.877789
12315678 2390.216555
12315608 2392.540904
12315388 2394.901121
12315372 2397.256860
12315162 2399.627547
12315103 2401.967417
12314881 2404.327283
12314447 2404.327288
12313594 2406.677184
12313437 2409.066054
12312959 2411.375325
12312808 2413.729737
12312807 2413.729744
12312678 2416.115484
12312576 2416.115489
12312571 2418.466983
12312230 2420.828763
12311831 2423.186332
12311499 2425.553422
12311204 2427.895520
12310705 2430.291607
12310243 2432.652171
12309959 2435.016945
12309439 2437.395887
12309412 2439.721631
12309001 2442.098578
12308982 2444.467086
12308473 2446.803270
12308055 2449.185302
12308054 2451.530745
12308043 2453.890989
12307766 2456.261217
12307165 2458.639388
12307076 2460.998130
12306568 2463.367257
12306455 2465.780401
12306412 2468.146855
12306062 2470.511357
12304882 2472.920813
12304835 2475.374192
12302764 2477.763738
12302522 2480.122235
12302266 2482.501997
12301983 2484.908849
12301546 2487.295661
12301439 2489.665289
12301344 2492.044385
12301249 2494.425531
12300999 2496.827259
12300670 2499.225688
12299961 2501.610698
12299741 2503.993592
12298652 2506.397647
12298648 2508.800334
12298608 2511.193071
12298544 2513.578469
12298439 2516.002447
12298413 2518.360098
12298269 2520.745536
12297831 2523.155043
12297673 2525.590385
12297340 2527.964204
12296961 2530.365440
12296895 2532.784901
12296204 2535.183848
12295267 2537.560836
12294333 2539.912580
12293784 2542.327373
12293767 2544.731100
12293679 2547.174742
12293624 2549.555428
12293437 2551.928986
12292808 2554.336943
12292591 2556.724217
12292472 2559.104546
12292025 2561.527883
12291843 2563.934162
12291345 2566.348246
12291165 2568.755105
12290957 2571.146419
12290842 2573.542608
12290416 2575.940685
12290280 2578.350333
12290061 2580.790670
12289977 2583.207224
12289475 2585.634300
12289446 2588.064134
12289418 2590.475613
12289347 2592.895943
12289316 2595.337242
12289109 2597.748986
12288863 2600.158245
12288693 2602.613960
12288592 2605.034027
12288053 2607.519684
12287997 2609.988102
12287958 2612.421047
12287371 2614.845597
12287347 2617.292448
12287199 2619.740634
12287168 2622.142585
12286930 2624.563858
12286613 2627.006427
12286592 2629.441238
12286010 2631.935818
12285994 2634.388022
12285986 2636.813271
12285266 2639.270972
12285256 2641.720715
12285224 2644.187121
12285187 2646.643249
12285050 2649.121583
12283682 2651.601442
12283551 2654.069967
12283325 2656.539815
12283247 2659.014184
12282429 2661.471393
12282339 2663.930537
12282311 2666.385384
12282307 2668.847395
12282259 2671.285203
12282197 2673.786762
12281912 2676.297364
12280782 2678.742670
12280752 2681.221423
12280603 2683.693816
12280366 2686.181897
12280218 2688.636343
12279793 2691.130641
12278330 2693.622832
12277627 2696.097515
12277221 2698.579042
12277191 2701.040481
12277025 2703.502047
12276948 2706.013346
12276876 2708.486634
12276851 2710.982761
12276633 2713.457160
12276632 2715.940338
12275838 2718.393571
12275731 2720.909630
12275496 2723.427165
12275170 2725.901037
12275074 2728.406794
12275024 2730.891905
12274932 2733.361177
12274910 2735.881022
12274747 2738.384128
12274516 2740.913800
12274471 2743.451398
12274469 2745.954107
12274407 2748.446823
12273874 2748.446828
12273816 2750.984475
12272846 2753.497148
12272838 2755.983852
12272716 2758.494445
12272510 2761.022362
12272040 2763.520646
12271781 2766.041329
12271642 2768.561794
12271568 2771.059825
12270412 2773.597724
12270170 2776.125894
12269829 2778.630550
12269622 2781.157376
12269145 2783.675363
12269141 2786.176795
12269018 2788.701437
12268840 2791.257499
12268581 2793.754703
12268401 2796.275454
12268357 2798.808846
12268297 2801.361794
12267889 2803.901515
12267812 2806.449698
12267547 2809.006246
12267293 2811.558502
12267145 2811.558509
12266787 2814.074441
12266684 2816.587818
12264223 2819.137283
12263941 2821.680755
12263773 2824.264221
12263687 2826.812910
12263270 2829.371036
12262995 2831.904792
12262800 2834.470966
12262392 2837.037577
12261961 2839.620880
12261854 2842.141604
12261675 2844.685143
12261622 2847.242576
12261474 2849.814935
12261343 2852.367026
12260959 2854.900283
12260619 2857.510594
12260023 2857.510603
12259939 2860.078503
12259747 2862.629459
12259577 2865.207686
12259386 2867.761670
12259201 2870.320188
12258654 2872.917288
12258384 2875.485187
12258157 2878.063637
12258119 2880.617795
12257786 2883.216869
12257644 2885.653078
12256862 2888.081482
12256747 2890.546502
12256246 2893.007220
12256080 2895.489400
12256059 2897.957286
12255976 2900.402214
12255635 2902.879534
12255378 2905.363578
12255377 2905.363585
12255140 2907.838870
12254713 2910.260916
12254523 2912.723271
12254000 2915.183449
12253702 2917.647368
12253271 2920.133670
12253167 2922.616597
12253026 2925.063911
12252775 2927.552508
12252499 2930.024186
12252339 2932.510157
12251902 2934.962944
12251840 2937.436800
12251767 2939.891278
12251642 2942.382637
12251465 2944.881529
12249815 2947.329700
12249451 2949.808756
12249358 2952.292416
12249345 2954.759875
12249175 2957.254313
12249017 2957.254320
12249004 2959.724227
12248863 2962.200343
12248857 2964.713988
12248834 2967.149486
12248718 2967.149493
12248442 2969.649300
12248415 2972.121540
12248068 2974.605455
12246755 2977.082176
12246598 2979.568826
12246572 2982.083107
12246559 2984.562441
12246499 2987.029803
12246314 2989.539345
12246172 2992.050852
12246011 2994.598918
12245755 2997.095559
12245383 2999.572956
12245183 3002.062434
12244527 3004.557984
12243685 3007.069450
12243679 3009.590814
12243638 3012.127632
12243435 3014.641922
12242986 3017.158320
12242892 3019.685479
12242890 3022.215754
12242768 3024.725446
12242612 3027.254023
12242597 3029.766070
12242585 3032.322512
12242411 3034.846285
12242229 3037.376532
12242153 3039.901118
12241632 3042.437417
12241243 3044.946477
12240835 3047.462798
12240687 3050.038469
12240616 3052.540253
12240353 3055.068480
12239973 3057.636915
12239869 3060.171701
12239847 3062.723789
12239737 3065.254928
12239640 3067.797940
12239599 3070.338235
12239484 3072.869183
12239273 3075.414584
12239162 3077.973853
12239097 3080.536505
12238852 3083.107962
12238402 3085.673261
12238167 3088.253095
12238043 3090.835980
12237393 3093.394218
12237298 3095.952261
12237250 3098.474016
12