12088427 279.640834
12074881 279.640852
11997848 279.640854
11996438 279.640856
11993320 279.640857
11986940 279.640859
11980111 279.640861
11962368 279.640862
11957592 283.771670
11954448 283.771676
11911531 287.869405
11901950 291.933140
11894795 295.967699
11891300 295.967704
11887252 299.982155
11870092 299.982161
11868785 303.963503
11867209 307.964768
11864281 311.924080
11862198 315.836971
11858326 319.756615
11855337 323.689231
11853455 327.595398
11847977 331.507989
11845577 335.313841
11842947 339.147329
11841944 342.966878
11837853 346.787093
11836999 350.596307
11835312 354.379541
11834055 358.172015
11830818 361.931211
11828535 366.273844
11826518 370.433817
11825749 375.133653
11822334 379.828515
11819158 384.503967
11816581 389.170071
11815470 393.809197
11815007 398.453519
11814211 403.042517
11812765 407.633730
11810661 412.232845
11805673 416.781075
11803648 421.283717
11802016 425.776803
11798866 430.272679
11797591 434.752423
11796823 439.239878
11794976 443.741104
11794000 448.163284
11792653 452.580663
11791604 456.912545
11787618 461.274740
11785631 465.618538
11781654 469.971872
11780906 474.287607
11779778 478.609503
11776468 482.897955
11774523 487.148273
11771439 491.468643
11770939 495.689381
11768588 499.915773
11768028 504.068382
11767417 507.968631
11766744 511.578327
11765909 515.101463
11765464 518.655632
11764530 522.052190
11763800 525.426008
11763531 528.831025
11763127 532.202694
11762161 535.573516
11762038 538.913387
11760264 542.296361
11759368 545.691316
11755234 549.022574
11754353 552.360146
11753031 555.669464
11749205 559.032919
11748281 562.382896
11747505 565.688119
11747195 568.992420
11746711 572.309321
11746554 575.667869
11746405 578.953209
11745832 582.253076
11744731 585.530818
11744296 588.802987
11742598 592.082108
11740355 595.390827
11740216 598.582079
11739938 601.837064
11739691 605.114347
11738079 608.378992
11737619 611.675124
11736937 614.925846
11736075 618.107736
11735582 621.301948
11733203 624.493479
11732760 627.629720
11732388 630.807200
11730859 633.979893
11729825 637.132805
11729657 640.278346
11729291 643.388878
11727361 646.568679
11726455 649.710824
11725766 652.874018
11722711 656.001089
11720937 659.113936
11720114 662.235805
11720040 665.309249
11719493 668.421115
11719127 671.508199
11716999 674.633178
11716372 677.749869
11715819 680.794575
11715604 683.852981
11715283 686.947687
11714972 690.015964
11714425 693.081559
11714067 696.130459
11713774 699.201422
11712935 702.280510
11710301 705.329503
11709492 708.372637
11709103 711.413286
11708931 714.434200
11708760 717.463728
11708371 720.481447
11708349 723.516905
11707047 726.577687
11707046 729.579162
11706976 732.578419
11706823 735.590115
11706680 738.611403
11706218 741.662333
11705952 744.669596
11705440 747.633808
11705341 750.625002
11705340 753.606418
11704418 756.589929
11703022 759.523729
11702749 762.439192
11702322 765.435820
11702088 768.429489
11701720 771.340619
11701108 774.295815
11701020 777.209077
11699722 780.152542
11699389 783.123482
11699221 786.043158
11698886 788.947010
11698728 791.863899
11697630 794.793588
11697091 797.739327
11696954 800.641682
11696801 803.554015
11696387 806.454735
11696155 809.358788
11695961 812.277805
11695960 815.158746
11695753 818.041498
11695541 820.936647
11695014 823.803076
11694480 826.701336
11694324 829.591783
11693921 832.465860
11693496 835.352221
11691500 838.245194
11690785 841.118446
11690499 843.992099
11690378 846.827695
11690354 849.683942
11690106 852.542018
11689672 855.406466
11688844 858.247244
11688213 861.137321
11687279 864.047128
11687152 866.889512
11687150 869.740607
11686674 872.622818
11686647 875.496018
11686144 878.373890
11686095 881.147886
11685895 883.976905
11685646 886.790861
11685188 889.633570
11685181 892.460429
11685084 895.288418
11684834 898.107839
11684293 900.922447
11683501 900.922452
11683284 903.739513
11683092 906.513896
11682865 906.513900
11682640 909.346788
11682606 912.109054
11682594 914.954315
11682287 914.954320
11681700 917.773783
11679576 917.773788
11678734 920.573116
11678285 923.382372
11678166 926.168951
11677936 928.981958
11677750 931.750530
11677673 934.601359
11677398 937.410094
11677139 940.241230
11676595 943.022373
11676264 945.843149
11675720 945.843154
11675481 948.635257
11675266 951.424667
11675075 954.217141
11675028 957.035256
11674810 959.823591
11674594 959.823597
11674572 962.618598
11674448 962.618603
11674176 965.396596
11673827 968.148500
11673595 970.889565
11673471 973.654857
11671898 973.654862
11671475 976.396082
11670959 979.127482
11669524 981.877764
11669102 984.626958
11668898 987.359076
11668892 990.094276
11668835 992.837415
11668600 995.553624
11668381 998.287954
11668362 1001.035005
11667586 1003.794677
11667564 1006.534448
11667343 1009.272322
11667288 1012.013353
11667281 1014.748823
11667271 1017.484469
11667170 1017.484474
11666845 1020.214535
11666502 1020.214541
11666229 1022.927165
11666220 1025.619071
11665975 1025.619077
11665666 1028.367292
11664880 1031.097630
11664546 1033.816204
11663431 1033.816209
11663069 1036.534627
11663046 1039.290680
11662565 1041.999650
11662268 1044.691825
11662116 1047.373252
11662017 1050.063920
11661885 1052.795355
11661621 1052.795359
11660563 1052.795361
11660289 1055.513575
11660171 1058.216431
11659992 1060.955258
11659931 1063.650940
11659758 1063.650945
11659702 1063.650947
11659583 1066.329682
11658950 1069.021295
11657014 1069.021301
11656828 1071.692342
11656823 1074.391094
11656658 1077.066786
11656607 1079.727148
11656343 1082.431724
11656107 1085.094561
11655843 1087.818920
11655306 1090.484245
11655297 1093.155307
11655158 1093.155314
11655001 1095.828201
11654968 1098.513448
11654807 1101.152900
11654420 1101.152905
11654171 1103.853153
11654167 1106.537354
11653886 1109.205344
11653772 1111.898489
11650176 1114.558252
11649986 1117.228488
11649740 1119.899982
11649650 1122.530503
11649493 1125.172618
11649008 1127.860595
11648401 1130.532341
11648183 1133.174407
11648175 1135.819410
11648160 1138.509182
11646239 1141.152796
11643047 1143.813126
11642658 1146.462271
11642454 1149.124712
11642421 1151.801660
11641766 1154.415111
11640429 1157.139962
11640073 1159.764717
11640018 1162.375458
11639977 1165.033880
11639739 1167.660955
11639627 1170.319314
11639533 1172.942660
11639359 1175.538904
11639134 1178.135357
11638981 1180.740565
11638850 1183.400057
11638421 1183.400064
11636801 1186.019996
11636684 1188.648049
11636483 1191.243650
11636393 1193.873028
11636309 1196.568109
11636195 1196.568114
11636114 1199.189584
11635172 1199.189591
11634824 1201.803986
11634754 1204.406995
11634711 1207.011656
11634299 1207.011662
11634129 1209.721365
11631816 1212.353432
11631655 1214.986264
11631536 1217.587316
11631465 1220.184444
11630269 1220.184450
11629550 1222.785721
11629004 1225.404645
11628827 1227.991531
11628807 1230.624010
11628723 1233.191705
11628455 1235.784743
11627580 1235.784749
11627212 1238.374553
11626784 1240.938986
11626709 1243.562113
11626459 1246.162010
11625617 1248.780748
11625422 1251.348781
11625350 1253.925592
11623575 1256.462607
11623344 1259.047522
11623307 1261.694559
11621150 1264.277808
11620909 1266.872666
11620366 1269.440943
11620345 1272.024539
11619914 1274.605175
11619638 1277.166742
11619424 1279.762444
11619400 1282.381275
11619320 1284.860558
11619226 1287.326099
11619076 1289.785289
11618833 1292.246428
11618534 1294.714914
11618381 1297.174123
11618324 1299.616275
11617493 1302.064378
11616849 1304.503119
11616563 1306.962573
11616511 1309.401331
11616310 1311.838679
11610279 1314.248630
11610002 1316.690439
11609953 1319.129529
11609734 1321.571985
11609698 1323.977814
11609520 1326.405765
11609226 1326.405770
11609110 1328.885853
11609108 1328.885858
11609076 1331.310397
11609041 1331.310402
11608981 1333.763330
11608904 1333.763336
11608871 1336.208651
11608456 1338.677335
11608453 1341.099973
11608346 1343.552334
11606867 1346.008563
11604345 1348.429036
11604255 1350.852661
11604248 1353.272309
11603625 1355.671184
11603487 1358.079696
11603460 1360.497347
11603301 1362.928772
11603284 1365.341674
11602815 1367.773912
11602608 1370.202149
11602182 1372.621290
11600512 1375.052256
11600377 1377.487397
11599601 1379.917414
11599501 1382.328918
11599302 1384.727009
11598981 1387.169800
11598487 1389.593459
11598094 1391.991956
11598043 1394.418077
11598038 1396.839910
11597915 1399.247267
11597824 1401.683621
11597546 1404.079637
11597340 1406.494635
11597021 1408.923673
11596924 1411.343037
11596909 1413.762729
11595407 1416.166737
11595109 1418.559058
11594973 1420.962276
11594901 1423.374916
11594791 1425.813670
11594259 1428.231957
11594233 1430.609068
11593804 1433.039274
11593508 1435.424100
11593455 1437.798406
11593317 1440.227926
11593314 1442.635511
11592867 1445.014721
11592747 1447.418205
11592304 1449.819909
11591231 1452.203972
11591080 1454.558137
11590230 1456.945112
11589899 1459.392742
11589868 1461.802357
11589825 1464.158760
11589795 1466.541794
11589681 1468.895911
11589130 1471.327099
11588869 1473.720621
11588380 1476.077590
11588203 1478.441485
11588141 1480.821816
11587950 1483.182348
11587872 1485.545768
11587615 1487.880325
11587414 1490.269972
11587090 1492.632557
11587038 1495.002693
11586888 1497.330658
11586865 1499.672425
11586552 1502.079018
11586546 1504.529102
11586128 1506.918840
11585297 1509.258344
11585280 1511.609634
11585261 1514.018155
11585252 1516.416988
11585249 1518.788621
11584871 1521.119502
11584697 1523.494395
11584679 1525.866628
11584176 1528.214512
11583533 1530.583043
11583382 1532.956706
11582882 1535.320242
11582058 1537.638345
11581958 1539.994192
11581882 1542.359320
11581849 1544.714140
11581708 1547.041847
11581330 1549.362070
11581181 1551.711866
11581005 1554.101156
11579447 1556.476102
11578465 1558.800401
11578448 1561.158642
11578427 1563.502873
11578338 1565.852183
11578268 1568.237608
11578210 1570.595735
11578129 1572.945425
11578115 1575.305880
11577933 1577.672246
11577623 1580.014590
11577050 1582.341854
11576901 1584.675362
11576748 1587.101760
11576700 1589.538013
11576510 1592.041860
11576096 1594.459863
11576015 1596.923771
11575823 1599.349943
11575087 1601.729770
11574813 1604.228469
11574519 1606.726630
11574172 1609.152936
11574124 1611.582095
11572063 1614.010199
11569346 1616.431662
11569200 1618.829504
11568967 1621.263217
11566099 1621.263223
11566019 1623.700674
11565713 1626.116263
11565608 1628.545123
11564649 1630.979481
11564594 1633.397084
11564544 1635.824511
11564491 1638.246780
11564381 1640.634894
11564286 1643.051442
11563973 1645.517336
11563774 1647.933153
11563626 1650.351478
11563582 1652.790033
11563562 1655.230907
11563348 1657.637121
11563254 1660.056144
11561244 1662.468290
11560125 1664.857250
11559819 1667.292885
11559037 1669.701058
11559011 1672.109118
11558511 1674.492210
11558493 1676.947813
11558124 1679.367216
11558073 1681.820711
11557088 1684.219238
11556351 1686.668768
11555567 1689.105959
11554995 1691.520097
11554727 1693.957975
11554720 1696.342417
11554635 1698.788763
11549240 1701.179401
11549079 1703.647119
11548861 1706.051919
11548580 1708.446793
11548416 1710.839192
11548408 1713.263405
11548186 1715.659186
11548153 1718.025513
11548105 1720.407774
11548018 1722.791948
11547677 1725.208702
11547009 1727.610101
11545992 1730.027987
11543564 1732.478543
11543167 1734.854813
11543147 1737.301538
11542815 1739.681596
11542800 1742.087612
11542216 1744.486044
11542209 1746.874994
11542194 1749.297933
11542006 1751.678441
11541323 1754.068812
11541319 1756.453770
11541288 1758.853868
11540326 1761.246656
11540171 1763.652349
11540159 1766.031864
11540149 1768.397658
11539779 1770.774076
11538429 1773.150620
11537858 1775.532554
11537612 1777.927047
11537507 1780.337187
11537400 1782.748614
11537321 1785.119121
11537198 1787.498797
11536903 1789.963896
11536836 1792.381543
11536701 1794.812513
11536626 1797.219429
11535450 1799.617808
11535258 1802.094735
11535223 1804.457066
11535181 1806.836002
11535155 1809.224294
11533491 1811.580317
11533207 1813.995243
11532755 1816.397033
11532715 1818.756193
11532654 1821.155854
11532581 1823.543309
11532404 1825.895164
11531366 1828.360351
11531287 1830.742932
11531028 1833.143993
11530355 1835.531862
11530219 1837.898783
11530112 1840.304612
11529308 1842.655004
11529186 1845.043647
11528853 1847.445890
11528718 1849.833218
11528364 1852.245356
11528343 1854.641540
11527864 1857.017279
11527744 1859.402087
11527437 1861.810575
11527199 1864.244724
11527064 1866.629321
11526887 1869.014811
11526154 1871.398736
11526096 1873.799028
11525600 1876.207397
11525568 1878.576104
11525498 1880.953544
11525393 1883.332861
11523877 1885.716494
11523333 1888.060502
11522606 1890.442264
11522474 1892.802973
11521878 1895.157217
11521747 1897.545188
11521741 1899.925685
11521653 1902.291400
11521436 1904.663280
11521152 1907.020281
11520816 1909.406922
11520551 1911.770064
11519406 1914.138027
11519088 1916.506695
11518167 1918.895278
11518148 1921.252198
11517230 1923.582922
11517112 1925.956688
11516649 1928.304340
11513681 1930.642648
11513344 1932.993394
11511840 1935.382135
11511332 1937.729337
11510589 1940.095471
11509597 1942.458583
11509459 1944.846348
11509256 1947.234124
11509060 1949.603828
11508814 1951.990480
11508736 1954.345615
11508608 1956.674738
11508473 1959.011149
11508374 1961.391122
11508302 1963.753036
11508055 1966.140223
11508019 1968.502882
11507899 1970.872980
11507832 1973.229891
11507802 1975.596278
11507747 1977.951613
11506992 1980.305341
11506975 1982.655180
11506774 1984.990433
11506668 1987.332649
11505472 1989.696498
11505124 1992.069831
11505077 1994.429441
11505039 1996.782629
11504933 1999.116676
11504845 2001.469091
11504249 2003.830436
11503891 2006.189183
11503468 2008.544230
11503417 2010.910861
11503370 2013.244010
11503365 2015.612477
11503236 2017.942879
11503231 2020.349146
11502515 2022.690924
11502412 2025.019621
11502400 2027.388987
11502286 2029.744745
11502208 2029.744752
11501846 2032.149697
11501716 2034.522047
11501178 2036.883678
11501029 2039.263087
11500650 2041.640015
11500183 2043.952608
11499741 2046.320330
11499527 2048.669995
11499037 2051.014128
11497554 2053.368727
11497466 2055.733921
11497312 2058.074047
11497306 2060.431600
11497105 2062.792270
11496829 2065.152283
11496670 2067.505267
11495150 2069.863047
11495147 2072.246038
11494733 2074.614111
11493454 2076.959491
11493427 2079.337167
11493320 2081.679247
11493300 2084.052118
11492546 2086.392575
11492485 2088.744985
11492314 2091.092420
11492133 2093.473040
11491411 2095.823404
11490438 2098.160988
11490302 2100.492984
11490290 2102.824442
11490213 2105.179018
11490034 2107.501247
11489384 2109.852420
11489045 2112.199520
11488579 2114.539894
11488515 2116.876789
11488392 2119.234808
11488170 2121.566047
11487968 2123.896025
11487614 2126.232632
11487548 2128.584559
11487458 2130.926575
11487348 2130.926580
11487159 2133.276357
11486901 2135.638820
11485734 2137.965373
11485667 2140.323456
11485338 2142.641266
11485304 2144.990753
11484563 2144.990760
11483882 2147.367409
11483443 2149.693189
11483142 2152.033425
11482889 2154.402804
11482750 2156.736415
11482289 2156.736422
11482247 2159.066923
11482196 2161.421672
11481209 2161.421678
11481025 2163.790378
11481022 2166.165529
11480554 2168.524673
11479905 2170.882979
11479806 2173.223216
11479794 2175.557144
11479768 2177.940339
11479104 2180.307677
11478184 2182.695917
11477830 2185.040255
11477417 2187.385342
11477354 2189.751789
11477341 2192.130326
11477179 2194.466010
11477135 2196.836916
11476877 2199.207083
11476192 2201.559260
11475859 2203.923640
11475745 2206.249052
11475251 2206.249058
11475126 2208.628041
11475089 2211.001653
11474962 2213.364042
11474947 2215.713922
11474225 2218.090849
11473622 2220.447153
11473616 2222.805056
11473601 2225.112622
11473400 2227.497964
11471388 2227.497970
11471179 2229.876787
11471087 2232.205759
11471046 2234.586694
11470824 2236.917708
11470328 2239.282403
11470212 2241.617605
11469255 2243.987119
11469062 2246.352333
11469005 2248.710311
11468955 2251.079650
11468847 2253.452562
11468825 2255.824945
11468494 2258.189898
11467891 2260.551790
11467875 2262.880225
11467605 2265.243301
11467314 2267.612077
11466782 2269.967947
11466765 2272.358748
11465739 2274.727192
11465498 2277.082460
11464839 2279.409817
11464445 2281.743017
11463430 2284.076360
11462236 2286.430929
11462141 2288.792501
11461859 2291.149068
11460840 2293.522854
11459984 2295.884815
11459948 2298.245921
11459709 2300.606554
11459664 2302.947442
11459581 2305.287765
11459362 2307.662818
11459240 2310.034099
11458880 2312.364412
11458736 2314.718963
11458338 2317.114640
11458296 2319.474335
11458043 2321.826702
11457571 2324.190122
11457500 2326.537579
11457394 2326.537584
11456962 2328.880668
11456904 2331.254558
11456871 2333.615537
11456182 2333.615543
11455610 2335.989765
11455456 2338.332808
11452908 2340.657912
11452875 2343.030245
11452555 2345.371094
11449331 2347.724091
11449085 2350.073544
11448996 2352.450203
11448878 2354.822148
11448695 2357.192223
11448270 2359.557153
11447294 2361.914561
11445760 2364.255825
11445647 2366.592404
11445393 2368.948363
11445128 2371.305993
11445120 2373.652949
11444954 2376.017351
11444917 2378.366282
11444802 2380.693511
11443448 2383.025743
11443431 2385.427052
11443314 2387.761245
11442726 2390.104348
11442713 2392.515210
11442701 2394.871996
11442394 2397.233923
11442371 2399.567968
11442089 2401.930238
11441316 2404.262906
11440865 2406.608129
11440685 2408.955752
11440660 2411.319015
11439820 2413.637146
11439720 2415.990868
11439283 2418.346026
11438914 2420.704293
11438399 2423.056972
11438169 2425.431877
11437984 2427.796614
11437907 2430.160985
11437899 2432.515866
11437875 2434.838500
11437830 2437.172611
11437466 2439.538422
11437458 2441.898729
11437166 2444.268408
11436896 2446.629173
11435710 2448.983048
11435448 2451.354623
11435240 2453.697801
11435032 2456.047414
11434887 2458.421130
11434832 2460.762371
11434706 2463.153626
11434695 2465.527368
11434245 2467.896477
11434055 2470.266581
11434047 2472.636834
11434023 2474.999849
11433763 2477.323050
11433560 2479.718197
11433168 2482.072175
11433166 2484.419764
11432886 2486.765866
11432559 2489.112506
11431839 2491.460784
11431452 2493.827722
11431397 2496.227418
11430055 2498.587895
11429937 2500.950821
11429891 2503.302811
11429746 2505.655627
11429681 2508.008011
11429605 2510.385896
11429267 2512.736848
11429151 2515.164081
11428991 2517.609924
11428891 2520.087434
11428486 2522.549484
11428476 2525.005944
11427860 2527.487300
11427676 2529.953452
11427501 2532.429407
11427172 2534.929889
11427003 2537.453146
11426762 2539.936861
11426689 2542.439276
11426639 2544.931490
11426519 2547.400437
11425933 2549.875867
11425267 2552.326614
11425165 2554.786913
11424863 2557.194310
11424553 2559.718459
11423333 2562.181745
11422853 2564.655714
11422667 2567.160968
11422120 2569.641815
11421793 2572.120280
11421637 2574.572287
11421468 2577.040788
11421436 2579.522400
11421362 2581.992382
11421265 2584.444243
11420428 2586.930096
11420427 2589.367323
11419312 2591.847730
11419078 2594.345661
11418646 2596.830757
11418611 2599.339447
11418558 2601.866786
11418484 2604.370492
11418387 2606.869996
11418230 2609.372869
11417767 2611.843132
11417606 2614.314503
11417600 2616.826888
11417391 2619.325146
11417365 2621.803082
11417114 2624.256464
11417098 2626.736935
11416880 2629.234219
11416828 2631.748090
11416637 2634.216687
11416088 2636.696234
11415965 2639.142139
11415645 2641.612392
11415520 2644.113072
11415460 2646.582158
11415164 2649.114322
11414838 2651.572422
11414520 2654.036829
11414510 2656.519005
11411988 2659.020547
11411732 2661.506591
11411261 2663.970612
11411228 2666.458007
11411212 2668.942381
11411167 2671.428014
11411001 2673.950769
11410787 2676.453745
11410600 2678.895866
11410588 2681.404186
11410459 2683.884052
11409818 2686.353984
11409575 2688.861029
11409288 2691.374148
11408919 2693.902734
11408863 2696.418698
11408671 2698.949751
11408578 2701.460260
11408562 2703.979268
11407621 2706.487231
11407578 2708.974877
11406826 2711.499858
11406704 2714.013723
11406657 2716.498388
11406639 2719.030682
11406386 2721.487468
11406241 2723.965609
11405658 2726.488201
11405429 2728.958347
11405189 2731.470785
11405054 2733.963368
11404619 2736.439663
11404615 2738.955558
11404558 2741.477771
11404382 2743.989924
11404310 2746.510010
11404271 2749.040755
11403628 2751.574117
11403503 2754.060548
11403396 2756.569571
11403298 2759.058348
11402712 2761.595183
11402135 2764.086404
11402129 2766.622074
11401736 2769.139855
11400573 2771.671917
11400546 2774.170468
11400452 2776.678208
11400306 2779.174355
11400096 2781.691060
11400077 2784.206710
11399988 2786.713277
11399666 2789.211878
11399547 2791.679100
11399404 2794.226107
11399281 2796.754362
11398975 2799.248706
11398462 2801.760333
11397784 2804.289182
11396755 2806.764969
11396670 2809.284386
11396005 2811.795404
11395536 2814.294011
11395394 2816.770336
11395376 2819.272805
11395327 2821.745137
11395038 2824.233465
11394523 2826.717106
11394172 2829.237425
11394158 2831.785313
11394146 2834.292264
11393916 2836.804770
11393845 2839.320720
11393817 2841.807267
11393704 2844.318205
11393600 2846.834265
11393509 2849.340412
11393215 2851.834121
11392890 2854.318934
11392705 2856.830328
11392648 2859.340289
11392069 2861.812033
11391866 2864.331462
11391834 2866.848297
11391587 2869.344530
11391584 2871.855696
11391161 2874.355565
11390976 2876.820214
11390801 2879.339375
11390780 2881.838001
11390064 2884.356578
11389872 2886.870359
11389072 2889.391578
11389049 2891.909597
11388992 2894.389581
11388763 2896.899677
11388609 2899.433002
11388341 2901.935237
11388062 2904.458874
11387880 2906.990123
11387817 2909.515832
11387533 2912.017433
11387511 2914.544001
11387041 2917.078201
11387038 2919.589831
11386782 2922.132684
11386681 2924.615586
11386357 2927.130682
11386107 2929.631055
11386050 2932.105270
11385934 2934.625310
11385764 2937.161484
11385445 2939.675678
11385075 2942.193881
11384791 2944.699615
11384680 2947.228752
11384172 2949.759505
11383608 2952.264720
11383149 2954.801299
11383055 2957.331138
11382882 2959.865999
11382489 2962.383338
11382361 2964.923945
11382246 2967.463497
11382112 2969.972271
11382022 2972.509870
11381694 2975.045429
11381331 2977.582539
11381271 2980.084872
11381199 2982.608418
11381108 2985.160412
11380697 2987.691266
11380241 2990.202889
11379933 2992.729276
11379794 2995.284940
11379527 2997.843831
11379503 3000.385418
11379398 3002.958778
11379295 3005.503457
11379110 3008.094828
11378968 3010.596767
11378710 3013.123483
11378537 3015.647500
11378515 3018.157444
11378509 3020.671781
11378371 3023.231633
11378216 3025.748889
11377996 3028.266020
11377950 3030.859239
11377821 3033.362236
11377561 3035.912083
11377534 3038.485416
11377333 3041.025790
11376474 3043.585673
11376466 3046.119146
11376398 3048.708230
11376233 3051.276851
11376026 3053.814011
11375069 3053.814017
11374943 3056.359539
11374556 3058.938908
11374390 3061.505983
11374030 3064.026507
11373855 3066.596519
11373822 3069.177310
11373604 3071.737286
11373601 3074.244602
11373407 3076.841893
11373270 3079.423093
11372297 3082.004782
11372125 3084.575944
11371932 3087.157127
11371724 3087.157134
11371273 3089.746201
11366205 3092.299712
11366122 3094.874214
11366094 3097.477064
11366069 3100.038720
11365925 3102.608503
11365728 3105.160290
11365611 3107.729961
11365515 3110.306204
11365358 3112.847166
11364979 3115.411875
11364778 3118.274379
11364698 3120.979763
11364366 3123.757962
11364310 3126.770137
11364220 3129.832854
11363754 3132.833359
11363681 3135.850504
11363538 3138.889537
11363481 3141.940893
11363381 3144.975987
11363062 3148.038321
11362886 3151.094377
11362872 3154.100730
11362193 3157.163931
11362176 3160.218588
11362034 3163.249396
11361827 3166.261741
11361637 3169.316901
11361152 3172.328115
11361003 3175.390250
11360928 3178.447527
11360855 3181.571308
11360750 3184.648634
11360659 3187.648525
11360418 3190.676764
11360200 3193.712593
11359806 3196.751957
11359694 3199.769565
11359627 3202.853021
11359533 3205.926437
11358017 3208.995815
11357853 3212.076843
11357683 3215.144102
11357480 3218.230766
11357464 3221.317420
11357225 3224.386240
11357137 3227.445275
11356952 3230.518661
11356884 3233.595258
11356840 3236.636011
11356788 3239.699122
11356561 3242.747610
11356368 3245.829670
11356174 3248.850365
11356050 3251.926031
11355781 3254.807839
11355455 3257.350050
11355222 3259.824612
11355155 32