23107591 332.179883
22962891 332.179897
22906436 332.179900
22903571 336.198002
22888347 340.222753
22791817 344.228938
22785069 348.217932
22782788 352.130119
22779719 355.993523
22763661 355.993528
22737807 355.993530
22734248 359.813536
22708595 363.635370
22703277 367.439724
22697222 367.439733
22688790 371.230096
22660627 371.230103
22655504 375.018052
22653722 378.814348
22615999 378.814353
22613486 382.527077
22611566 386.318647
22604161 386.318653
22601935 390.000310
22598440 393.664454
22597904 393.664461
22586918 397.396876
22583154 401.049446
22556899 401.049451
22553888 404.717873
22518435 404.717878
22513398 408.364194
22506185 412.014150
22484080 415.604877
22461934 415.604881
22459243 419.229266
22453326 422.799562
22446404 422.799567
22443341 422.799569
22442857 426.351730
22438634 429.907375
22436410 433.438589
22427898 433.438594
22425192 437.014533
22424418 440.570151
22423442 444.121163
22421523 447.640792
22420942 447.640799
22419898 451.122360
22417437 451.122366
22417083 451.122367
22410905 451.122369
22409662 454.689137
22406460 458.203940
22406398 458.203946
22406271 461.703564
22404873 461.703570
22402364 461.703572
22378763 465.161700
22378008 468.674776
22377321 472.144235
22356950 472.144241
22353486 475.610512
22352647 479.042323
22350279 482.501406
22347545 485.934778
22346674 489.384962
22346418 492.816963
22294492 492.816969
22292698 496.197846
22291103 499.592528
22288733 502.966051
22288392 506.401474
22285918 509.733136
22257594 513.042388
22256812 516.384098
22255562 519.801769
22254132 523.181672
22253327 526.514383
22251980 529.846532
22251174 533.183646
22250526 536.532950
22246015 539.849783
22241323 543.207937
22238418 546.501573
22237856 549.747135
22233919 553.003359
22233522 556.269795
22220818 559.561088
22217897 562.806721
22217517 566.044586
22214054 569.337732
22212218 572.588320
22203497 572.588325
22201529 575.849845
22198375 579.073821
22194788 582.336689
22194144 585.514059
22193378 588.717705
22191807 588.717710
22187689 591.982836
22186585 595.178199
22184544 598.379213
22183701 601.640630
22175222 601.640635
22174498 604.813481
22173600 607.958662
22173458 611.112422
22171688 614.339725
22170047 617.495320
22169537 620.674491
22168392 623.867125
22166110 627.051107
22164989 630.182066
22163770 633.310369
22163147 636.451785
22156414 639.570973
22155570 642.716927
22153391 645.803715
22151773 648.926134
22151195 652.036660
22150362 655.158302
22149342 658.266409
22146731 661.359491
22145573 664.462564
22144272 667.583441
22143699 667.583447
22142951 670.683207
22142896 670.683212
22141614 673.790277
22141216 676.879557
22140308 676.879562
22140283 679.948185
22132152 679.948191
22131532 682.989634
22130436 686.050672
22130100 689.089716
22129185 692.163933
22127700 695.198086
22126585 698.251892
22124824 701.264490
22121871 704.286215
22121225 707.310678
22120644 710.335113
22117135 713.361726
22116123 716.357753
22099483 719.368282
22098201 722.422554
22097080 725.437792
22094980 728.435906
22093950 731.460659
22093633 734.445064
22093573 737.426119
22093054 740.393819
22092202 743.356891
22091484 746.375936
22090543 749.369317
22089476 752.357574
22088408 755.321458
22088299 758.287029
22087760 761.274025
22074375 764.261414
22073532 767.236289
22068605 770.232870
22068112 773.216810
22066748 776.122899
22066288 779.041710
22065876 781.921431
22065403 784.881827
22064632 787.818773
22064282 790.768263
22062746 793.692730
22062486 796.679424
22060958 799.623721
22060359 802.557185
22060053 802.557190
22058978 805.451950
22056994 805.451955
22056057 808.380631
22053818 811.297274
22053375 814.239346
22050020 817.152883
22049504 820.033683
22048278 822.932825
22048252 825.844979
22048007 828.767518
22046176 831.699729
22045770 834.577162
22044032 837.455992
22043232 840.348818
22042466 843.214977
22042145 846.061459
22039330 848.938015
22037242 851.771215
22037235 854.656111
22036744 857.549223
22036488 860.406558
22035964 863.271148
22035403 866.126149
22034370 868.993953
22032668 871.841149
22032076 874.657364
22029348 877.486629
22029053 880.321613
22028370 883.207611
22028182 886.027593
22027628 888.874741
22027331 891.744097
22024251 894.558348
22013903 897.393078
22012750 900.171051
22012504 903.018688
22011464 905.854695
22009500 908.699901
22009251 911.545056
22008377 914.373016
22008201 917.242308
22007917 920.074197
22007881 922.914458
22007862 925.692676
22006707 928.500296
22006501 931.311147
22005704 934.102604
22004444 936.907260
22004183 939.680077
22003859 942.508765
22003546 945.290890
22003463 948.063416
22003409 950.869709
22003388 953.666386
22002005 956.434302
22001640 959.199449
21995990 962.028595
21995585 964.817865
21995075 967.598067
21994487 970.395630
21993453 973.175962
21992815 975.938875
21992253 978.703955
21991030 981.468644
21990801 984.220430
21990741 986.987350
21989935 989.724105
21989845 992.481915
21989635 995.250710
21989124 998.018448
21988399 1000.761947
21988053 1003.477191
21978993 1006.271371
21978705 1009.032525
21978172 1011.789070
21977903 1014.538176
21977350 1017.261470
21977319 1020.012676
21976645 1022.722353
21975684 1025.431413
21975477 1028.146236
21974190 1030.874696
21974074 1033.643175
21974036 1036.363155
21969705 1039.100024
21969426 1041.808402
21968898 1044.555288
21968429 1047.272077
21967714 1049.951531
21967598 1052.631901
21967118 1055.346502
21966518 1058.072916
21966161 1060.768263
21965785 1063.500938
21965653 1066.233139
21961672 1068.924821
21961578 1071.651754
21961531 1074.358591
21961231 1077.118057
21961113 1079.821735
21960855 1082.518924
21956264 1085.221375
21956243 1087.925896
21955902 1090.621464
21955563 1093.307541
21954635 1096.033525
21954160 1098.731113
21953797 1101.452576
21952787 1104.156365
21951747 1106.857931
21951635 1109.578453
21951247 1112.241734
21950889 1114.934835
21950828 1117.641987
21950386 1120.344259
21949271 1123.029538
21949119 1125.704766
21949020 1128.401624
21948828 1131.070878
21947273 1133.759016
21946572 1136.448913
21946344 1139.131478
21945470 1141.825808
21944878 1144.525909
21944455 1147.227305
21944452 1149.862747
21942491 1152.535451
21942394 1155.249045
21938393 1157.891226
21937907 1160.589797
21937802 1163.275732
21937494 1165.963050
21936946 1168.613240
21936677 1171.246580
21936023 1173.918220
21935662 1176.580687
21935475 1179.274694
21934844 1181.939041
21932234 1184.595181
21931952 1187.245196
21931783 1189.883249
21931013 1192.527924
21930207 1195.166831
21930181 1197.787233
21929977 1200.454853
21929864 1203.097285
21926347 1205.792190
21926138 1208.436910
21924864 1211.068047
21924489 1213.723746
21924129 1216.368401
21923808 1219.054900
21922409 1221.684723
21920086 1224.315603
21919998 1226.955807
21919907 1229.566288
21918877 1232.190826
21917682 1234.825198
21917289 1237.429342
21917237 1240.068684
21916869 1242.697447
21916463 1245.326344
21916441 1247.906840
21916425 1250.622877
21916383 1253.237869
21915937 1255.822540
21915779 1258.478717
21915502 1261.082911
21914964 1263.700064
21914122 1266.309701
21913949 1268.946835
21913362 1271.541089
21912583 1274.148055
21912483 1276.779162
21912482 1279.390168
21912081 1281.972839
21911837 1284.579733
21911156 1287.177862
21909483 1289.782149
21909049 1292.407704
21908828 1294.994948
21908760 1297.592348
21908495 1300.170366
21908468 1302.805508
21908381 1305.428860
21908146 1308.020071
21908126 1310.610721
21908123 1313.217797
21907832 1315.811905
21902916 1318.412413
21902639 1320.982588
21901839 1323.547533
21901442 1326.139030
21901117 1328.706244
21900902 1331.268405
21900391 1333.871217
21900333 1336.423901
21894165 1338.999090
21893958 1341.538644
21893615 1344.078003
21892933 1346.712793
21892842 1349.264699
21892683 1351.840171
21892612 1354.418268
21892525 1354.418275
21891450 1356.959178
21890044 1359.501150
21889880 1362.041070
21889148 1364.600276
21888905 1364.600282
21885935 1367.145442
21885800 1369.709526
21885637 1372.306493
21885546 1374.846136
21885246 1374.846142
21885214 1377.369183
21884868 1379.937677
21884853 1379.937682
21884844 1382.487212
21882669 1382.487217
21882577 1385.007302
21882314 1387.540492
21881084 1390.091451
21880539 1392.649704
21880358 1395.175275
21880079 1397.680374
21880028 1400.218867
21879894 1402.759228
21879779 1405.293028
21879726 1407.820085
21879497 1410.362856
21879493 1412.889926
21877200 1415.408102
21872429 1417.920776
21872087 1420.473117
21872066 1423.009520
21870589 1425.557858
21870269 1428.066511
21870120 1430.620884
21869734 1433.149362
21869546 1435.695678
21869305 1438.243281
21869210 1440.758476
21868275 1443.281510
21868219 1445.815276
21867845 1448.341968
21866743 1450.866489
21866558 1453.363904
21866508 1455.859710
21866453 1458.382426
21866117 1458.382432
21866065 1460.918459
21865343 1463.426954
21865262 1465.919853
21864480 1468.425128
21864420 1470.925324
21864237 1473.460660
21864153 1473.460667
21863567 1475.969344
21863454 1478.504470
21863288 1481.018736
21862899 1481.018742
21862689 1483.512150
21862683 1483.512156
21862146 1486.011902
21862140 1488.559753
21862104 1488.559758
21862078 1491.027985
21861217 1491.027992
21860982 1493.516439
21857966 1496.042660
21857008 1498.535890
21856996 1501.032738
21856880 1503.542686
21856401 1506.106562
21856030 1508.620380
21855916 1511.144331
21855838 1513.687671
21855421 1516.165870
21855290 1518.649339
21854932 1521.166977
21854867 1523.655130
21854765 1526.200231
21854311 1528.676525
21854152 1531.174614
21853956 1533.682729
21853848 1536.158902
21852631 1538.673019
21852328 1541.194067
21852228 1543.704171
21850734 1546.200476
21850720 1548.685455
21850589 1551.215619
21850524 1553.690443
21850523 1556.187203
21850339 1558.683908
21848923 1561.182000
21848218 1563.674896
21847856 1566.161672
21847810 1568.647167
21847225 1571.143834
21847178 1573.621724
21846959 1576.135298
21846651 1578.600335
21846513 1581.084661
21846349 1583.569574
21845703 1586.030120
21845509 1588.531075
21845490 1591.021299
21845187 1593.491885
21845034 1595.978489
21844958 1598.435874
21843746 1598.435881
21843309 1600.930403
21843109 1603.408026
21843094 1605.894085
21842211 1608.367630
21842177 1610.841857
21841902 1613.326707
21841300 1615.787408
21841189 1618.248340
21840998 1620.690704
21840806 1623.149867
21840731 1625.566880
21837922 1628.023568
21837652 1630.487112
21837302 1632.960946
21835637 1635.401845
21833967 1637.877464
21833864 1640.335955
21833539 1642.781310
21833519 1645.224175
21831701 1647.635393
21831695 1650.082449
21831649 1652.532102
21831545 1654.979322
21831450 1657.433921
21828288 1659.894571
21828159 1662.328353
21828107 1664.811633
21827186 1667.242372
21826982 1669.727202
21826501 1672.181587
21826383 1674.613362
21826297 1677.056388
21826216 1679.484209
21825980 1681.924754
21825897 1684.340244
21825877 1686.817727
21824966 1689.283020
21824897 1691.731588
21824786 1694.154699
21824676 1696.573880
21824423 1699.022896
21824035 1701.503965
21823652 1703.939234
21823487 1706.392069
21823094 1708.865145
21822932 1711.289963
21822676 1713.707155
21822443 1716.158772
21822397 1718.630211
21822372 1721.078653
21822241 1723.504482
21822088 1725.951190
21821933 1728.377066
21819643 1730.806031
21819496 1733.234282
21819290 1735.682336
21818703 1738.111557
21818568 1740.531390
21818250 1742.981878
21817341 1745.398628
21816901 1747.858575
21811622 1750.311544
21811465 1752.758475
21811391 1755.583718
21811388 1758.260299
21811317 1760.962364
21811178 1763.798851
21810167 1766.822129
21809973 1769.844034
21809953 1772.868210
21809926 1775.866483
21809398 1778.887700
21807821 1781.924533
21806203 1784.935917
21806023 1787.963850
21806007 1790.988278
21802573 1793.972164
21802081 1796.974820
21801348 1799.915227
21801347 1802.854252
21801212 1805.799232
21801143 1808.702285
21801104 1811.653779
21799289 1814.594972
21798985 1817.554996
21798924 1820.482038
21798649 1823.413011
21797137 1826.367052
21797064 1829.280845
21796139 1832.184379
21795961 1835.090258
21795554 1838.010418
21795536 1840.919534
21795147 1843.846334
21795122 1846.773326
21795118 1849.686866
21795061 1852.570814
21795054 1855.456324
21794219 1858.368776
21793867 1861.250787
21792679 1864.195622
21792426 1867.104037
21792347 1870.065509
21792335 1872.971991
21785301 1875.877667
21784664 1878.785193
21776747 1881.696513
21776259 1884.607247
21775454 1887.499434
21775372 1890.415720
21775353 1893.288202
21775158 1896.106999
21774676 1899.002420
21774316 1901.882881
21773874 1904.817505
21773838 1907.713341
21773589 1910.633899
21773340 1913.089528
21772962 1915.414231
21772761 1917.749866
21772757 1920.082743
21771687 1922.388267
21771595 1924.697644
21770539 1926.986779
21769535 1929.344368
21769419 1931.734689
21768970 1934.039089
21768515 1936.352061
21768074 1938.678541
21767896 1940.987496
21767766 1943.282543
21767714 1945.620015
21766965 1947.916880
21766932 1950.216755
21766538 1952.523365
21766183 1954.867978
21765095 1957.293391
21765068 1959.723003
21765014 1962.034890
21764397 1964.336895
21760654 1966.613086
21759681 1968.934264
21759447 1971.227624
21759122 1973.529069
21757477 1975.810204
21757378 1978.097986
21756941 1980.405596
21755812 1982.695735
21755250 1984.997544
21754469 1987.279036
21753826 1989.578964
21753025 1991.857725
21752711 1994.158915
21752379 1996.489413
21752296 1998.806031
21752093 2001.083402
21751345 2003.360184
21750510 2005.672694
21750212 2007.987030
21749779 2010.307044
21749732 2012.622467
21749171 2014.960667
21748934 2017.357747
21748321 2019.664335
21748099 2021.959556
21748030 2024.222250
21747708 2026.522113
21746045 2028.799750
21746031 2031.086182
21745789 2033.419575
21745659 2035.724696
21743468 2038.026033
21743423 2040.303580
21743365 2042.598594
21743162 2044.919681
21743071 2047.239476
21742992 2049.537650
21742845 2051.818050
21741334 2051.818056
21738532 2051.818058
21738114 2054.098803
21738075 2056.390937
21738033 2058.694308
21737516 2060.989472
21736453 2063.270350
21736229 2065.589561
21735302 2067.904187
21735280 2070.193608
21734780 2072.481812
21733738 2074.786296
21733628 2077.095717
21732857 2079.342094
21731947 2081.636388
21731941 2083.957863
21731542 2086.243924
21730781 2088.534295
21730342 2090.864959
21729850 2093.155020
21729795 2095.405602
21729624 2097.722448
21729510 2099.995587
21728911 2102.257519
21728696 2104.570718
21728190 2106.867748
21727633 2109.171331
21727259 2111.454299
21726288 2113.763853
21725790 2116.041211
21725295 2118.315391
21723792 2120.592867
21723359 2122.890634
21723316 2125.146355
21722764 2127.406179
21722711 2127.406185
21722079 2129.693045
21721894 2132.035612
21721849 2132.035616
21720127 2134.322269
21720100 2136.614334
21719842 2138.951570
21719444 2141.216311
21718789 2143.503783
21718127 2145.769399
21717709 2148.029003
21716806 2148.029010
21715953 2150.295581
21715231 2152.568666
21714599 2154.857085
21714011 2157.118155
21713745 2159.394543
21713469 2161.682290
21713164 2163.941149
21712330 2166.217248
21712329 2168.502803
21712308 2170.789569
21712010 2173.083586
21711996 2175.362561
21711536 2177.633056
21710944 2179.895978
21710717 2182.193885
21709962 2184.456964
21709880 2186.708281
21709642 2186.708287
21704520 2188.985367
21704344 2191.257488
21704087 2193.513591
21704074 2195.777854
21703497 2198.062337
21703351 2200.328209
21703310 2202.581841
21703106 2204.847119
21703020 2207.134692
21702915 2209.397714
21702530 2211.654710
21702339 2213.922368
21701939 2216.197435
21701227 2218.460575
21700948 2220.733308
21699769 2223.002299
21699766 2225.273744
21699561 2227.533593
21699193 2229.810022
21699126 2232.086072
21699079 2234.390076
21699055 2234.390082
21699044 2236.652743
21697648 2236.652749
21697224 2238.933231
21687808 2241.192216
21686776 2243.451845
21686662 2245.695744
21685176 2247.970691
21685150 2250.239227
21685004 2252.494263
21684720 2254.778315
21684595 2257.046298
21684338 2259.297248
21683946 2261.560003
21683207 2263.812852
21682804 2266.067406
21682775 2268.344200
21682739 2270.621599
21680702 2272.935025
21680667 2275.200530
21675592 2275.200536
21674286 2277.500181
21673795 2279.807012
21673269 2282.058907
21673123 2284.292699
21672466 2286.546902
21672329 2288.794557
21671327 2288.794562
21671194 2291.031490
21670905 2293.295941
21670708 2295.536536
21670301 2295.536541
21669848 2297.783856
21669553 2300.048607
21668337 2300.048612
21668213 2302.293321
21667130 2304.532353
21666146 2306.761406
21665863 2309.004733
21665152 2311.290699
21664122 2313.551192
21663950 2315.802641
21656720 2318.062733
21655697 2320.343946
21655418 2322.591749
21653849 2324.852517
21653692 2327.139590
21653254 2329.389929
21652910 2331.641703
21652787 2333.917894
21651962 2336.185485
21651823 2338.439800
21650020 2340.668439
21649717 2342.924557
21649688 2345.184574
21648863 2347.402777
21648305 2349.627586
21647839 2351.896758
21647633 2354.128123
21646812 2354.128127
21645913 2356.355730
21645902 2358.584431
21645693 2360.815326
21644662 2363.037300
21644095 2365.278786
21643720 2367.548856
21643382 2369.807125
21643267 2372.075395
21643201 2374.328691
21643029 2376.585123
21642768 2378.838139
21642729 2381.107533
21642628 2381.107538
21642263 2383.363099
21641955 2383.363104
21641911 2385.644400
21641537 2387.904118
21641469 2390.105496
21640676 2392.350089
21640225 2394.606509
21640075 2396.866983
21640025 2399.138085
21639926 2401.365823
21639774 2403.582055
21639623 2403.582060
21638595 2405.826788
21638485 2408.078459
21637892 2410.329309
21637514 2412.585173
21636996 2414.830135
21635100 2417.072735
21634619 2417.072740
21634182 2419.320602
21634035 2419.320607
21633629 2421.545125
21633551 2423.780410
21633431 2426.028995
21633210 2426.029000
21633206 2428.377716
21633090 2430.752081
21632138 2433.077180
21631870 2435.407418
21631735 2437.733025
21631420 2440.079362
21631130 2442.401473
21631100 2444.766575
21631008 2447.112177
21630707 2447.112182
21630573 2449.456519
21629517 2449.456524
21629463 2451.811160
21629159 2454.136858
21627351 2456.478429
21627346 2458.859978
21626736 2461.227930
21626303 2463.575004
21626174 2465.939805
21624099 2468.295193
21624019 2470.652463
21623968 2472.983866
21623234 2475.321250
21622976 2477.633677
21622797 2479.970663
21622667 2482.312958
21622036 2484.692176
21622001 2487.023906
21621366 2489.364708
21620749 2491.747907
21619915 2494.086228
21619654 2496.443729
21619621 2498.775196
21619387 2501.110251
21619297 2503.458546
21619034 2505.836349
21618492 2508.182499
21618452 2510.503973
21616602 2512.867715
21616458 2515.235989
21615517 2517.625683
21615464 2519.948941
21615423 2522.295406
21614200 2524.644077
21612252 2527.002633
21612219 2529.381651
21612180 2531.715516
21612050 2534.065712
21611919 2536.390618
21611886 2538.773549
21611013 2538.773555
21610999 2541.113657
21610971 2543.462884
21610945 2545.830717
21609994 2548.176912
21608565 2550.556288
21608509 2552.905523
21608489 2555.258980
21608326 2557.590896
21607923 2559.944168
21607556 2562.297630
21606902 2564.673021
21606862 2567.027595
21606494 2569.395290
21606370 2571.734984
21606350 2574.122757
21605794 2576.485157
21605620 2578.800429
21605581 2581.129882
21605436 2581.129887
21605227 2583.469903
21604963 2585.813454
21604780 2588.170274
21604532 2590.501838
21604436 2590.501843
21603705 2592.856160
21603484 2592.856166
21601913 2595.200605
21601858 2597.553306
21601780 2599.894116
21601749 2602.247993
21601741 2604.635722
21601518 2604.635727
21601508 2607.010743
21600154 2609.341600
21599811 2611.670366
21599684 2614.021453
21599313 2616.394088
21599005 2618.766362
21598203 2621.102108
21598088 2623.469407
21597391 2625.951159
21597372 2628.368273
21597102 2630.703142
21597062 2630.703149
21596567 2633.080566
21596272 2633.080573
21596068 2635.415057
21595594 2637.785876
21595512 2640.090136
21595158 2642.437211
21594864 2644.794464
21594668 2647.153104
21593663 2649.481207
21593521 2651.843275
21593202 2654.200067
21592541 2656.551619
21591853 2658.876479
21591311 2661.244000
21590873 2663.613566
21590295 2665.938438
21589940 2668.268392
21589614 2670.617459
21589181 2672.965431
21588380 2675.275108
21588347 2677.621364
21587759 2679.977255
21587645 2679.977262
21586909 2682.327428
21580596 2684.682687
21580576 2687.065876
21579962 2689.358994
21579597 2691.716433
21579449 2694.102703
21579390 2696.462756
21578888 2698.819683
21578430 2701.170582
21578313 2703.511400
21578235 2705.874002
21575901 2708.223417
21574918 2710.579528
21574883 2712.933139
21574864 2715.269079
21574356 2717.611967
21573958 2719.977047
21573751 2722.342327
21573675 2724.729993
21573226 2727.032660
21573011 2729.399062
21572603 2731.734927
21572128 2734.106178
21571755 2736.460766
21571200 2738.824171
21570772 2741.201048
21570658 2743.561055
21570072 2745.900116
21569538 2748.276146
21569320 2750.687950
21567884 2753.041441
21567722 2755.447250
21567565 2757.820869
21566535 2760.187422
21566526 2762.606843
21565345 2764.970651
21564940 2767.349989
21564912 2769.726419
21564661 2772.068266
21563280 2772.068272
21561936 2774.435642
21561578 2776.805123
21561518 2779.181669
21561510 2781.506094
21559216 2781.506100
21558756 2783.859304
21558674 2786.251742
21558521 2788.579876
21558187 2790.949082
21557733 2793.289774
21557341 2795.695141
21557139 2798.051610
21557106 2800.433185
21556629 2802.794296
21556328 2805.171939
21556008 2807.537888
21555923 2809.926106
21555228 2812.303898
21554835 2814.667710
21553388 2816.998697
21552516 2819.366607
21552127 2821.759827
21551830 2824.152801
21551810 2826.527645
21551593 2828.892769
21551367 2831.284113
21550411 2833.666576
21550376 2836.019079
21549531 2838.385182
21549513 2838.385188
21549454 2840.749950
21549436 2840.749955
21549177 2843.147285
21549114 2843.147291
21547829 2845.579699
21547568 2847.977628
21547420 2850.388072
21547412 2852.770069
21546924 2855.136786
21546247 2857.484635
21545809 2859.833780
21545389 2862.198187
21545048 2864.581093
21544972 2866.962381
21544154 2869.317340
21543196 2871.698616
21543043 2874.098492
21542658 2876.473850
21542563 2878.851543
21541655 2881.364903
21540990 2883.799735
21540922 2886.216991
21540717 2888.608963
21540650 2891.000468
21540286 2893.419317
21539841 2895.810757
21539676 2898.197053
21539599 2900.564984
21539279 2902.945165
21538439 2905.360098
21538430 2907.803680
21538382 2910.207119
21538247 2910.207124
21538215 2912.570190
21537790 2912.570196
21537381 2914.964577
21532831 2917.344057
21532576 2919.746066
21532071 2922.116953
21531875 2924.494829
21530994 2926.890186
21530695 2929.284656
21529759 2931.669036
21529532 2934.074798
21529165 2936.465480
21528748 2938.843823
21527345 2941.255618
21527001 2943.640158
21526742 2946.064123
21526410 2948.477286
21525621 2950.886989
21525250 2953.299668
21524502 2955.647480
21524465 2958.052279
21524168 2960.455451
21524030 2962.864473
21523653 2965.255770
21523368 2967.646505
21523129 2970.063538
21522619 2972.456637
21522486 2974.868069
21519379 2977.264052
21519339 2979.699402
21519313 2982.094288
21518125 2984.502827
21517518 2986.930545
21517376 2989.336941
21516373 2991.755300
21514476 2994.212736
21514237 2996.579362
21513691 2998.942373
21513504 3001.365244
21513097 3003.774073
21511981 3006.172896
21511644 3008.585112
21511600 3011.013184
21511581 3013.450382
21511150 3015.867843
21511039 3018.252867
21510866 3020.686739
21510648 3023.120831
21510212 3025.510362
21509796 3027.905699
21509358 3030.303242
21508970 3032.676392
21508647 3035.081782
21508480 3037.504798
21507723 3039.870347
21507663 3042.294732
21507559 3044.752644
21507280 3047.136731
21506924 3049.542993
21506847 3051.941620
21506678 3054.383070
21505647 3056.787394
21505156 3059.187877
21504518 3061.613365
21504462 3064.042986
21504226 3066.442524
21503305 3068.855217
21503103 3071.274540
21502900 3073.631556
21502743 3076.078133
21502575 3078.503456
21502459 3080.912315
21502340 3083.287711
21502070 3085.671453
21502043 3088.069518
21501832 3090.475991
21501786 3092.946201
21501647 3095.369273
21499797 3097.784399
21498292 3100.210717
21498211 3102.676035
21497548 3105.079932
21497155 3107.498246
21496890 3109.929940
21496673 3112.370835
21496247 3114.802318
21495753 3117.209555
21495717 3119.654442
21495629 3122.150762
21495504 3124.611660
21495495 3127.099223
21495358 3129.545397
21495209 3131.986586
21494627 3134.445009
21494441 3136.864846
21493688 3139.302188
21493290 3141.741105
21493287 3144.211328
21493004 3146.713348
21492903 3149.150762
21492430 3151.625132
21492050 3154.080924
21491666 3156.535039
21491403 3158.970608
21491377 3161.405749
21491094 3163.844249
21490823 3166.265856
21490651 3168.731002
21488460 3171.188229
21488307 3173.630603
