35215960 485.567251
34544155 485.567264
33850709 485.567266
33036684 485.567267
32440559 485.567269
32154018 485.567271
30934517 485.567272
30669996 485.567274
30666698 492.551162
30615545 492.551168
30492331 499.550680
30489343 506.475937
30208098 513.446643
30193879 520.404882
30187136 520.404888
29972710 527.324363
29965547 534.195768
29963644 541.011308
29904929 541.011315
29558295 547.778926
29449183 554.483785
29421709 561.188604
28878797 561.188610
28859921 567.853800
28849466 574.504254
28622254 574.504261
28461700 581.087913
28455925 587.697702
28395812 587.697709
28394314 594.203896
28129974 600.676002
28124173 607.088348
28110000 613.481970
28102945 619.912420
28092898 626.366440
28090080 632.735694
28087440 639.147056
28082580 645.521132
28079671 645.521137
28044279 645.521139
28041457 651.840751
27681241 658.008231
27564746 664.189778
27559264 670.322911
27553648 676.372486
27551601 682.329644
27548891 688.357434
27547700 694.342729
27224004 694.342735
27193956 700.243746
27159884 706.205408
27135525 706.205414
27131260 712.025701
27089334 717.832791
26742377 723.611003
26504825 729.382227
26502693 735.092460
26501654 740.832432
26496124 746.492856
26493105 751.437902
26492887 756.341940
26492368 761.218100
26482307 766.320728
26478597 771.167925
26478305 776.110567
26477885 780.955690
26475678 785.771393
26473359 790.588740
26459965 795.389053
26459181 800.182770
26458498 804.942397
26453846 809.641706
26453072 814.424282
26451150 819.095353
26450215 823.737897
26445494 828.299451
26432952 832.813222
26432180 837.518285
26429322 842.221488
26427844 846.839738
26426166 851.479806
26404471 851.479813
26396873 855.982395
26387826 860.382949
26385656 864.864002
26383238 869.370260
26382469 873.860844
26381641 873.860850
26380074 878.354005
26377732 882.764767
26347553 882.764773
26238248 887.205875
26235803 891.578019
26218873 895.930828
26218718 900.300009
26122384 904.636840
26119612 908.984990
26118043 913.317104
26115736 917.631628
26114466 921.914185
26109192 926.195738
26107857 930.478071
26107092 934.743950
26104572 938.944145
26103010 943.189551
26100223 947.443741
26098378 951.656687
26097446 955.785889
26096941 959.936595
26095187 964.089279
26094855 968.146293
26093638 972.259555
26092849 976.435713
26091666 980.531111
26090979 984.687948
26089127 988.787492
26088372 992.870192
26086541 996.964252
26083498 1001.062694
26079134 1005.119263
26077835 1009.173435
26076438 1013.197139
26074556 1017.190114
26073353 1021.143331
26067657 1025.129487
26065642 1029.153778
26065269 1033.121068
26061728 1036.991057
26060695 1040.895905
26058453 1044.862056
26056917 1048.779339
26055172 1052.633568
26055068 1056.603135
26054397 1060.558884
26053712 1064.576419
26051236 1068.455679
26048733 1072.344208
26048158 1076.281973
26046484 1080.192101
26045790 1084.112529
26044462 1088.042410
26043282 1091.920010
26019282 1095.844325
26018924 1099.755115
26017083 1103.650179
26015339 1107.498377
26012571 1111.385037
26012216 1115.270758
26011946 1119.117199
26011814 1123.018891
26011723 1123.018897
26011506 1126.728246
26010856 1126.728252
26007680 1130.396981
26007103 1134.105852
25998184 1137.814534
25996399 1141.556212
25982797 1145.222307
25982407 1148.885141
25979975 1152.554378
25979266 1156.228355
25968452 1159.860552
25968072 1163.512131
25967501 1167.229721
25966854 1170.955285
25966369 1174.597122
25965439 1178.288776
25959044 1178.288782
25958362 1181.970693
25958034 1185.670173
25953007 1189.357749
25952655 1193.161954
25951096 1196.903194
25949852 1200.630042
25949814 1204.341118
25948018 1208.071950
25946984 1211.765635
25945683 1215.486397
25940042 1219.168031
25939031 1222.888525
25938789 1226.636235
25938069 1230.306329
25937316 1233.925696
25933614 1237.541379
25932566 1241.109410
25932353 1244.684441
25931044 1248.265229
25930779 1251.755893
25930185 1255.350679
25927153 1259.025834
25926575 1262.660046
25926289 1266.336021
25923897 1269.996946
25923791 1273.675527
25921416 1277.312980
25919244 1280.958916
25918329 1284.616933
25917406 1288.293169
25916995 1291.970709
25915311 1295.609525
25913602 1299.252601
25913005 1302.834349
25912607 1306.352811
25912376 1309.851196
25911677 1313.388970
25911647 1316.881811
25908972 1320.360565
25907922 1323.798672
25900521 1327.273458
25900349 1330.809624
25899978 1334.409783
25899144 1337.949988
25898674 1341.561550
25896730 1341.561555
25896090 1345.126692
25895957 1348.704253
25895534 1352.314998
25895110 1352.315007
25894190 1355.893400
25893162 1359.523337
25890572 1363.112769
25889139 1366.664200
25887481 1370.267482
25883318 1370.267486
25882220 1373.729748
25881493 1377.158152
25879734 1380.580204
25879206 1383.994702
25879117 1387.425409
25878028 1390.859220
25871194 1394.292370
25870266 1397.755699
25869662 1401.155129
25869412 1404.592177
25868699 1408.032638
25868613 1411.562704
25867139 1415.100443
25866834 1418.663411
25866269 1422.212297
25865892 1425.717980
25865622 1429.260553
25865161 1432.769432
25853008 1432.769439
25852109 1436.307715
25851916 1439.871609
25850359 1443.379633
25849373 1446.894722
25848551 1450.400993
25847833 1453.959616
25847397 1457.545742
25846551 1461.088695
25843642 1464.592597
25842910 1468.031482
25842236 1471.564454
25842029 1475.092228
25841838 1478.623365
25840471 1482.127904
25839274 1485.662351
25838065 1489.159689
25837763 1492.699885
25836378 1496.134521
25835055 1499.613784
25834945 1503.097255
25834574 1506.477652
25834069 1509.857351
25832939 1513.285854
25832590 1516.750714
25830622 1520.214015
25830112 1523.677203
25828919 1527.099337
25828226 1530.523978
25827427 1530.523985
25826615 1533.851749
25825133 1537.223843
25824361 1540.545956
25824156 1543.995252
25823784 1547.430299
25823553 1550.894641
25823485 1554.366204
25823152 1557.785040
25820492 1561.184459
25819935 1564.615964
25819742 1568.049988
25818688 1568.049995
25817633 1571.480931
25815495 1574.939847
25813942 1578.343235
25809859 1581.712352
25809670 1585.125664
25805281 1588.540670
25805180 1591.961707
25804228 1595.412880
25803373 1598.829629
25796979 1602.239171
25796625 1605.632169
25796144 1609.031968
25794805 1612.394593
25794417 1615.799729
25793597 1619.231683
25792850 1622.524516
25792144 1625.778473
25791931 1629.066220
25787415 1632.336936
25787262 1635.609911
25787151 1638.919203
25785775 1642.203860
25785544 1645.476361
25785409 1648.723298
25785396 1651.981799
25785231 1655.259063
25784479 1658.487246
25784098 1661.747178
25783802 1664.997663
25781534 1668.252783
25780580 1671.491192
25778045 1674.758925
25776697 1677.993536
25775730 1681.212884
25775701 1684.441580
25775355 1687.644030
25774558 1690.817166
25774317 1694.065190
25771407 1697.379992
25770828 1700.661944
25769447 1704.001164
25769407 1707.330889
25769144 1710.653625
25768559 1713.919914
25768373 1717.212400
25767884 1720.500811
25767812 1723.788141
25767111 1727.068362
25765714 1730.389380
25764863 1733.678696
25764617 1736.985895
25763031 1740.237210
25763011 1743.521468
25760443 1746.780236
25759898 1750.068110
25755143 1753.359548
25754135 1756.657607
25754079 1759.924527
25752785 1763.180761
25752613 1766.421328
25752416 1769.601157
25751464 1772.789308
25750945 1775.974501
25750887 1779.143390
25750314 1782.327929
25749809 1785.515934
25748746 1788.666081
25747892 1791.806333
25744960 1794.931935
25744801 1798.056120
25742502 1801.205215
25741963 1804.376250
25740724 1807.489416
25740507 1810.660159
25740419 1813.835253
25740389 1816.997173
25740307 1820.149520
25740131 1823.318465
25739894 1826.462595
25739422 1829.597971
25739145 1832.742019
25738198 1835.916058
25737637 1839.035640
25737157 1842.205670
25736422 1845.309846
25735947 1848.473100
25735583 1851.580424
25735406 1854.657678
25735193 1857.819495
25734184 1860.977858
25733553 1864.066873
25733385 1867.170616
25732444 1870.327183
25732169 1873.468427
25731686 1876.563973
25731462 1879.668601
25731368 1882.793075
25728661 1882.793082
25728220 1885.875314
25726878 1889.011540
25726713 1892.179889
25726547 1895.305161
25726391 1898.529987
25724623 1901.751524
25724062 1904.912951
25722333 1908.136243
25721963 1911.374738
25707118 1914.579019
25705743 1917.826640
25705475 1921.024104
25705437 1924.242482
25705302 1927.426947
25705184 1930.613159
25704551 1933.819384
25704190 1936.958160
25704068 1940.135367
25703935 1943.356594
25703346 1946.525498
25702834 1949.698453
25702646 1952.839426
25702434 1955.961283
25702338 1955.961290
25702127 1959.036253
25701151 1959.036260
25701047 1962.145973
25698884 1965.231175
25697947 1968.306738
25697014 1971.386318
25696336 1974.446766
25695869 1977.535400
25695763 1980.552512
25695710 1983.591188
25695604 1986.632217
25695459 1989.665193
25695147 1992.737658
25694265 1995.806303
25693876 1998.861140
25693540 2001.944078
25693393 2004.982883
25691880 2008.037932
25691729 2011.098068
25690755 2014.125083
25689572 2017.160097
25689265 2020.194964
25689169 2023.230804
25688685 2026.253107
25688647 2029.269434
25688168 2032.339993
25684064 2032.340000
25684029 2035.396405
25683139 2038.405517
25682247 2041.477287
25681886 2044.484466
25681713 2047.507453
25680058 2050.513508
25679951 2053.547301
25679702 2056.536931
25679677 2059.543361
25679629 2062.557558
25679611 2065.609414
25679567 2068.652536
25678805 2071.702380
25678545 2074.717115
25678143 2077.773503
25674134 2080.842048
25670789 2083.909410
25670674 2086.899120
25670532 2089.898995
25668030 2092.942722
25667853 2095.975174
25666546 2098.979767
25666288 2102.008442
25663369 2105.021571
25663271 2107.993683
25662801 2110.994480
25662392 2113.968799
25647235 2116.976906
25647102 2119.946164
25646813 2122.976084
25646154 2125.973017
25646101 2128.944225
25645782 2131.937949
25645256 2134.943267
25645128 2137.925966
25644965 2140.929999
25644183 2143.957676
25643473 2146.969905
25643435 2149.979477
25643417 2152.957201
25643330 2155.925719
25643255 2158.970490
25638932 2161.948029
25638013 2164.944861
25637609 2167.924872
25637605 2170.915677
25637423 2173.922930
25637202 2176.869711
25637187 2179.907596
25636832 2182.898325
25636350 2185.895233
25632927 2188.898526
25632522 2191.931114
25632257 2194.870272
25632199 2197.827963
25631452 2200.805210
25628497 2203.788338
25628201 2206.796024
25627649 2209.778892
25627512 2212.764404
25627509 2215.716828
25627422 2218.678289
25627352 2221.659166
25626841 2224.624157
25626779 2227.615078
25626654 2230.568503
25624779 2233.510002
25623877 2236.434046
25623503 2239.412980
25622763 2242.405358
25622742 2245.391396
25620015 2248.343128
25619622 2251.324143
25619573 2254.279294
25619526 2257.273826
25619521 2260.232766
25619342 2263.175015
25618477 2266.085052
25618018 2269.029855
25617970 2271.974483
25617914 2274.880939
25617575 2277.787666
25617052 2280.762618
25616661 2283.706759
25616230 2286.625770
25616015 2289.578870
25612686 2292.515424
25612483 2295.491201
25611363 2298.400128
25611114 2301.299853
25610350 2304.223001
25610168 2307.141670
25607607 2310.045349
25606998 2313.002944
25606844 2315.930979
25606437 2318.844355
25603890 2321.794867
25603770 2324.765781
25603462 2327.684393
25603245 2330.603787
25603227 2333.542666
25603170 2336.494476
25603135 2339.422020
25603114 2342.344188
25601902 2345.257397
25601802 2348.175643
25601581 2351.085708
25601489 2354.000110
25601197 2356.938758
25601121 2359.817154
25597611 2362.751158
25597546 2365.651356
25597545 2368.557528
25597352 2371.457856
25597173 2374.366159
25596217 2377.243334
25595943 2380.160750
25595823 2383.091146
25595593 2386.061850
25595532 2388.975003
25594771 2391.872249
25594749 2394.792044
25594490 2397.683915
25594343 2400.601304
25594089 2403.479707
25592078 2406.355760
25592009 2409.234727
25591873 2412.162581
25591834 2415.028868
25591580 2417.946152
25591555 2420.836324
25591502 2423.713870
25590251 2426.657143
25590237 2429.507995
25589556 2432.414852
25589421 2435.299349
25589368 2438.259353
25589354 2441.236795
25589049 2444.210601
25588974 2447.155366
25583656 2450.097336
25583319 2453.092494
25582033 2456.064546
25581986 2459.055341
25581651 2462.064340
25581590 2465.060380
25581466 2468.047013
25579086 2470.991895
25579071 2473.958975
25578992 2476.916543
25578771 2479.860761
25578390 2482.870053
25578015 2485.754310
25576530 2488.607879
25575526 2491.461394
25575059 2494.298931
25574863 2497.157634
25571091 2500.080049
25571058 2502.965061
25568228 2505.793755
25568128 2508.649130
25568127 2511.516469
25568110 2514.394648
25568093 2517.225835
25568011 2520.107864
25567871 2522.989132
25567635 2525.862221
25567575 2528.680418
25567480 2531.541811
25566861 2534.374573
25566525 2537.226413
25565890 2540.100000
25565833 2543.004310
25565790 2545.852438
25565388 2548.661347
25561067 2551.503842
25560113 2554.371908
25557309 2557.296392
25557036 2560.235658
25556408 2563.114196
25556323 2565.956516
25556195 2568.800552
25555706 2571.681336
25555676 2574.514872
25555649 2577.330158
25555606 2580.147701
25555413 2583.020846
25555031 2585.867096
25554788 2588.705557
25554696 2591.560088
25554695 2594.418706
25553772 2597.256759
25553133 2600.101544
25552832 2602.921320
25552810 2605.756932
25552805 2608.573251
25552567 2611.369416
25552321 2614.214049
25551433 2617.018238
25550320 2619.888643
25550277 2622.693842
25549627 2625.524916
25549347 2628.330025
25549329 2631.142874
25549303 2633.973862
25549225 2636.811443
25549168 2639.637362
25549074 2642.475438
25548150 2645.286795
25546945 2648.077028
25546514 2650.918927
25546376 2653.717248
25543334 2656.532505
25543075 2659.349108
25543005 2662.108265
25542474 2664.930959
25542423 2667.749513
25542324 2670.576495
25542290 2673.371274
25539938 2676.151296
25539821 2678.942644
25539290 2681.700515
25539217 2684.513053
25539203 2687.321820
25538509 2690.108281
25538275 2692.908518
25538161 2695.720699
25536988 2698.517723
25536700 2701.335011
25536585 2704.149221
25536386 2706.925332
25535952 2709.756380
25535698 2712.517211
25535696 2715.315153
25535617 2718.109159
25535444 2720.894180
25534786 2723.733868
25534108 2726.525811
25533315 2729.338615
25531955 2732.110026
25531816 2734.910394
25531652 2737.746988
25531027 2737.746994
25530979 2740.507361
25530963 2743.300476
25530608 2743.300482
25530556 2746.094688
25530293 2748.877770
25529905 2751.678001
25529890 2754.461914
25529701 2754.461920
25527189 2757.282257
25527184 2760.094409
25526980 2762.900457
25526821 2765.633938
25525989 2768.425693
25525839 2771.198745
25525838 2773.992883
25525813 2776.750924
25525609 2779.530782
25524777 2782.301177
25524736 2785.075056
25524179 2787.870114
25522432 2790.671183
25522280 2793.442977
25515092 2793.442982
25514924 2796.226550
25514537 2798.983870
25513398 2801.744948
25512394 2804.546937
25512147 2807.364448
25511651 2810.118007
25511379 2812.916413
25510985 2815.693652
25510960 2818.453074
25510534 2821.211319
25510401 2823.988776
25509791 2826.793163
25508519 2829.583798
25508106 2832.382035
25508081 2835.113853
25507447 2837.906793
25507333 2840.669025
25507285 2843.453726
25507027 2846.187112
25506940 2848.958528
25506669 2851.735819
25506528 2854.501564
25505704 2857.252739
25505560 2860.051578
25505547 2862.848303
25505384 2865.618017
25501810 2868.385192
25499816 2871.157908
25499647 2873.911375
25499152 2876.663597
25498798 2879.382756
25498004 2882.166433
25498000 2884.942155
25497999 2887.688313
25496093 2890.466250
25495602 2893.205563
25494789 2895.970355
25494753 2898.722631
25494626 2901.460560
25480380 2904.204841
25480067 2906.947849
25478268 2909.727212
25477961 2912.457480
25477850 2915.252421
25477795 2917.988897
25477095 2920.728114
25477082 2923.506343
25476911 2926.290614
25476421 2929.020689
25476243 2931.779431
25475546 2934.522228
25474472 2937.250521
25474248 2939.971211
25474029 2942.707757
25474008 2945.460970
25473561 2948.189327
25473340 2950.922532
25473335 2953.664464
25473312 2956.392776
25473183 2959.141297
25473099 2961.862468
25472970 2964.610214
25472245 2967.322040
25472205 2970.060497
25470889 2972.787494
25470769 2975.551648
25470757 2978.249303
25470747 2981.017349
25470743 2983.719312
25470715 2986.431486
25470381 2989.140298
25469573 2991.859196
25469413 2994.566227
25469289 2997.340528
25469129 3000.049094
25469041 3002.759434
25468445 3005.489273
25468411 3008.187689
25466057 3010.912889
25465897 3013.655633
25464900 3016.379648
25464832 3019.083941
25464064 3021.786991
25463965 3024.475994
25463697 3027.166996
25463564 3029.911478
25463557 3032.638571
25463536 3035.383765
25457572 3038.095703
25457430 3040.859958
25457407 3043.594834
25457316 3046.317142
25457266 3049.038787
25456559 3051.735002
25456154 3054.446469
25452728 3057.180787
25452595 3059.853406
25452210 3062.557983
25447606 3065.264060
25446425 3067.972086
25444655 3070.700595
25444043 3073.423213
25444035 3076.119479
25440993 3078.817587
25440534 3081.483585
25440485 3084.184176
25440398 3086.902389
25439464 3089.605300
25439048 3092.321460
25438812 3095.038326
25437988 3097.739208
25437944 3100.467042
25435145 3103.174015
25434628 3105.894309
25433679 3108.585718
25433665 3111.297102
25433582 3113.968462
25433561 3116.667386
25433390 3119.327154
25433212 3121.989345
25433010 3124.682910
25432482 3127.393639
25432234 3130.120225
25431209 3132.806917
25429976 3135.542323
25429929 3138.247109
25429587 3140.944723
25429563 3143.662305
25429519 3146.332173
25429434 3149.019108
25428288 3151.739470
25425093 3154.434451
25423805 3157.117483
25423459 3159.832880
25423333 3162.522366
25423254 3165.208736
25420929 3167.909112
25419348 3170.579730
25419312 3173.295332
25419143 3176.000893
25419115 3178.678437
25419089 3181.349301
25418925 3184.057301
25418884 3186.742069
25418727 3189.490076
25417938 3192.212009
25417752 3194.843710
25417617 3197.566469
25416971 3200.237842
25415840 3202.946169
25415799 3205.611662
25415688 3208.328868
25415581 3210.990267
25415555 3213.709656
25415546 3216.394199
25415523 3219.083443
25415130 3221.760134
25415030 3224.461297
25414946 3227.147820
25414630 3229.851508
25414483 3232.491388
25414298 3235.169787
25414034 3237.858218
25412926 3240.514751
25409028 3240.514756
25407597 3243.222445
25407193 3245.943448
25407158 3248.636210
25406355 3251.288677
25406341 3253.943682
25405903 3253.943687
25405228 3256.613377
25402222 3256.613382
25402200 3259.274158
25402178 3261.928753
25397560 3264.602836
25397535 3267.246856
25397303 3269.920858
25396943 3272.609921
25396879 3275.294457
25396171 3277.952001
25395793 3280.609364
25394131 3283.280508
25393835 3285.931795
25393327 3288.710340
25391224 3291.492732
25390837 3294.322851
25389639 3297.315437
25389528 3300.487833
25389241 3303.681273
25387817 3306.875855
25386916 3310.037526
25385976 3313.236575
25385695 3316.425790
25385661 3319.629407
25385388 3322.840862
25385203 3326.056206
25384865 3329.227319
25384717 3332.443690
25382778 3335.654925
25382040 3338.842420
25381540 3342.047056
25381520 3345.229089
25380234 3348.484615
25379810 3351.671912
25375346 3354.872865
25375296 3358.049998
25375202 3361.235769
25375119 3364.437380
25375109 3367.589151
25375058 3370.795035
25374586 3374.003494
25374547 3377.199818
25374240 3380.393731
25374205 3383.583974
25373875 3386.789757
25373847 3390.015489
25373628 3393.203397
25373558 3396.381566
25373533 3399.557655
25373212 3402.731576
25372683 3405.914837
25372640 3409.051981
25371147 3412.189727
25371115 3415.371849
25371076 3418.544419
25370981 3421.638365
25369650 3424.831644
25368714 3424.831651
25368127 3427.965160
25367987 3431.149234
25363687 3434.300333
25362887 3437.471552
25362707 3440.604194
25362226 3443.739516
25362008 3446.887097
25361527 3450.029435
25361525 3453.207973
25361496 3456.349792
25359687 3456.349798
25359591 3459.544200
25358429 3462.665885
25358342 3465.840409
25358293 3469.003901
25357927 3472.127942
25355606 3475.261794
25355434 3478.396367
25355425 3481.558448
25354120 3484.709051
25353142 3487.850058
25352975 3490.999478
25352961 3494.124069
25350802 3497.263204
25350683 3500.397053
25349896 3503.551479
25349864 3506.709528
25349719 3509.874681
25349634 3513.027782
25349596 3516.187719
25349513 3519.303405
25349041 3522.428849
25348851 3525.576267
25348786 3528.702915
25346764 3531.833502
25345037 3534.994781
25345027 3538.135508
25344932 3541.291359
25344852 3544.419593
25344724 3547.517235
25344563 3550.672389
25344483 3553.848302
25344401 3556.962282
25342815 3560.127304
25342626 3560.127310
25342551 3563.284410
25341455 3563.284416
25335718 3566.416477
25334895 3569.539537
25334553 3572.703443
25334495 3575.841904
25334494 3578.976952
25333171 3582.1255