15257194 530.258523
15141880 530.258541
14926365 530.258543
14670953 530.258544
14667280 535.534613
14649627 540.812158
14647743 546.054792
14641604 551.262663
14589081 551.262669
14583847 556.495876
14582824 561.604566
14581054 561.604571
14580598 566.676637
14579120 566.676643
14578377 571.802502
14577473 571.802506
14564849 571.802508
14522761 571.802511
14461409 576.858872
14460442 581.869292
14457821 586.804437
14455548 591.685144
14453631 596.584746
14448049 601.464198
14443998 601.464203
14395543 606.285246
14395067 611.111152
14393949 615.955456
14383377 615.955461
14382952 620.648968
14324359 625.362927
14306384 630.043750
14303043 634.636999
14297380 639.236638
14296592 643.882284
14295736 648.457390
14293389 653.004491
14291492 657.578851
14288893 662.125185
14219568 662.125192
14217633 666.609305
14216014 671.058068
14208559 675.526410
14207533 679.973692
14206377 684.380020
14205147 688.836750
14202966 693.236162
14202268 697.608045
14201130 701.974996
14197088 706.351141
14195528 710.699009
14195225 715.013632
14191440 719.357367
14190076 723.677572
14189137 727.960944
14187991 732.196503
14186189 736.478107
14185869 740.764155
14183938 744.974149
14182904 749.207392
14181990 753.404692
14176958 757.590952
14174900 761.808916
14174367 766.008488
14169607 770.183562
14167962 774.330000
14165686 778.436728
14163995 782.560776
14159294 786.713985
14159197 790.818948
14158579 794.953458
14158363 799.082164
14158051 803.235410
14156959 807.316863
14155301 811.414280
14150384 815.529599
14149136 819.642067
14148435 823.725959
14146776 827.787469
14146331 831.898703
14144222 835.988375
14142988 840.011393
14141969 844.052479
14141719 848.100742
14140663 852.136823
14140166 856.152266
14139463 860.163142
14137103 864.105981
14136761 868.084822
14135213 872.035110
14133250 875.977312
14132467 879.937002
14130320 883.901911
14128865 887.894955
14124579 891.868253
14123641 895.789734
14122785 899.713099
14121670 903.663698
14120407 907.640243
14119416 911.600897
14112992 915.550879
14111139 919.445977
14110396 923.363251
14109536 927.301393
14109023 931.220821
14107491 935.143936
14106865 939.044565
14106618 942.948082
14105341 946.828278
14105224 950.727783
14104866 954.601197
14103970 958.464820
14103364 962.370682
14103020 966.225939
14102436 970.084345
14101477 973.982538
14101233 978.344268
14099348 982.600129
14097342 986.453714
14096257 990.287118
14094787 994.154848
14091088 998.053995
14090794 1001.938982
14090776 1005.705980
14090702 1009.522427
14087643 1013.460100
14086831 1017.306050
14086616 1021.149283
14085152 1024.930586
14084907 1028.774400
14084838 1032.666887
14084328 1036.525476
14083957 1040.381624
14083615 1044.185614
14082117 1048.073748
14081511 1051.886439
14066785 1051.886444
14066308 1055.663209
14065231 1059.490161
14064112 1063.282419
14060252 1067.073745
14058207 1070.883961
14056593 1074.644324
14056259 1078.420370
14055439 1082.182682
14054791 1085.976736
14054694 1089.703686
14054162 1093.500359
14053370 1097.219463
14053081 1101.001167
14052544 1104.730268
14052221 1108.476476
14051943 1112.150771
14051499 1115.865578
14051055 1119.603121
14049509 1123.332010
14049048 1127.096038
14048653 1130.780365
14047166 1134.423463
14045682 1138.110782
14044991 1141.880108
14044793 1145.645341
14042616 1149.371863
14042249 1153.059692
14041639 1156.737049
14038351 1160.348589
14037965 1164.051074
14034082 1167.738404
14033862 1171.374908
14033646 1175.072770
14032942 1178.798074
14032444 1182.470476
14032196 1186.092248
14031609 1189.702981
14031534 1193.353332
14031291 1196.998593
14030801 1200.669060
14029498 1204.263376
14029497 1207.907735
14029390 1211.509700
14028256 1215.160539
14027517 1218.825001
14027349 1222.471185
14023604 1226.100594
14023307 1229.762326
14022029 1233.375504
14020594 1236.962958
14020311 1240.610030
14019800 1244.251635
14019646 1247.819012
14019442 1251.412521
14018981 1254.994910
14018477 1258.612270
14017930 1262.203540
14017715 1265.820006
14017410 1269.388118
14017315 1272.972895
14017195 1276.534981
14017005 1280.176382
14016789 1283.799980
14016633 1287.412730
14014974 1291.047305
14014736 1294.642157
14014538 1298.226033
14014120 1301.762872
14013688 1305.344637
14012524 1308.904731
14011898 1312.489840
14011044 1316.010497
14010698 1319.528239
14009834 1323.123311
14009785 1326.700014
14009715 1330.230521
14009556 1333.769215
14008589 1337.307486
14008323 1340.861109
14008116 1344.361938
14007967 1347.906044
14007127 1351.451354
14006816 1355.014312
14006673 1358.552320
14006528 1362.076723
14005187 1365.608024
14004673 1369.100068
14004602 1372.617021
14002792 1376.185264
14002611 1379.714263
14002296 1383.171247
14001615 1386.662849
14001461 1390.184867
14001366 1393.684362
14001322 1397.198624
14000809 1400.671397
14000285 1404.141075
13999392 1407.633450
13997016 1411.093580
13996739 1414.563174
13994393 1418.019028
13994314 1421.472259
13994101 1424.931176
13993946 1428.408056
13993786 1431.852928
13990321 1435.325913
13989937 1438.784411
13989841 1442.253011
13989419 1445.663346
13989362 1449.113140
13989284 1452.591208
13989047 1456.020199
13988742 1459.458570
13988181 1462.882108
13988063 1466.331051
13988023 1469.748005
13986789 1469.748010
13986558 1473.117400
13986139 1476.509682
13985812 1479.963065
13985525 1483.404633
13984734 1486.829349
13984512 1490.276728
13983739 1493.709276
13983667 1497.128893
13983197 1500.540894
13982428 1503.941499
13982355 1507.321279
13982236 1510.753970
13982233 1514.198587
13981598 1517.600998
13981486 1521.031415
13981407 1524.454415
13981200 1527.873070
13980737 1531.267969
13980420 1534.704986
13980253 1538.137796
13980193 1541.539247
13979942 1544.973922
13979848 1548.410309
13978507 1548.410314
13978159 1551.799373
13977707 1555.199882
13977405 1558.602866
13977321 1561.977060
13976868 1565.343662
13976050 1568.699073
13975965 1572.090915
13975361 1575.517097
13974625 1578.862561
13973922 1582.264183
13972430 1585.622171
13971759 1589.029912
13971550 1592.408079
13971276 1595.799766
13969594 1599.178267
13969353 1602.579235
13969052 1605.932465
13968794 1609.329892
13968622 1612.714351
13966866 1612.714356
13966754 1616.099046
13966656 1619.426716
13966164 1622.753771
13965989 1626.105481
13965239 1629.411381
13965214 1632.723687
13964881 1636.080824
13964806 1639.473379
13964496 1642.810060
13964339 1646.196601
13963999 1649.575767
13963755 1652.960147
13963690 1656.275512
13963282 1659.622254
13962820 1662.972644
13962474 1666.327161
13962280 1669.636824
13960688 1672.981089
13960348 1676.281048
13959577 1679.611666
13959029 1682.924045
13958909 1686.220622
13958714 1689.523362
13958539 1692.910430
13956835 1696.206934
13956787 1699.571732
13956142 1702.897148
13956009 1706.216118
13955818 1709.478641
13955513 1712.814541
13955195 1716.130699
13955047 1719.484180
13954736 1722.781854
13954625 1726.055567
13954285 1729.392034
13954214 1732.698854
13952728 1736.002135
13952601 1739.315915
13952006 1742.611329
13951326 1745.941951
13950957 1749.267502
13950919 1752.543122
13950791 1755.843337
13950767 1759.149712
13950376 1762.438644
13950201 1765.726876
13950122 1769.021958
13949469 1772.294275
13948986 1775.561046
13948714 1778.858090
13948669 1782.149428
13947916 1785.382373
13947762 1788.649932
13947553 1791.964118
13947119 1795.242697
13946939 1798.511970
13946602 1801.776948
13946507 1805.074268
13946368 1808.355379
13946286 1811.613635
13946171 1814.865098
13945631 1818.123112
13945268 1821.346595
13945095 1824.607485
13944889 1827.846035
13942650 1831.095414
13942627 1834.334982
13942535 1837.573037
13942369 1840.818392
13941898 1844.072050
13941526 1847.318241
13940674 1850.595843
13940322 1853.840701
13940196 1857.066395
13939479 1860.289987
13939167 1863.505526
13938558 1866.767413
13938381 1869.982548
13938310 1873.201169
13938305 1876.412599
13937981 1879.688115
13937921 1882.938924
13937720 1886.160616
13937447 1889.372278
13937280 1892.614647
13937118 1895.869656
13936937 1899.100268
13936125 1902.280036
13936037 1905.561391
13936022 1908.771648
13935922 1912.012608
13935691 1915.188073
13933689 1918.422247
13933125 1921.640807
13932944 1924.834094
13932904 1928.045907
13932704 1931.261801
13932465 1934.513816
13932353 1937.726906
13932113 1940.913930
13931964 1944.138683
13931691 1947.394051
13931447 1950.597011
13931182 1953.831467
13931078 1957.030214
13930832 1960.200237
13930111 1963.337472
13930105 1966.538102
13929957 1969.721671
13929781 1972.854625
13929687 1976.045018
13929350 1979.243896
13929217 1982.390186
13929067 1985.535595
13928971 1988.723535
13928858 1991.876590
13928004 1995.057326
13927914 1998.211092
13927730 2001.368388
13925360 2001.368393
13925243 2004.538408
13925208 2007.672545
13925118 2010.851701
13924882 2014.035058
13924619 2017.214308
13924022 2017.214312
13923737 2020.403240
13923595 2023.612595
13923452 2026.807750
13923314 2029.960686
13923304 2033.153061
13923172 2036.363685
13922886 2039.550681
13921734 2039.550686
13921648 2042.756193
13921555 2045.943512
13921342 2049.151746
13921030 2052.473743
13920962 2055.637969
13919314 2058.811857
13919263 2062.040172
13919067 2065.230128
13918617 2068.395840
13917719 2071.562808
13917408 2074.731404
13917001 2077.883289
13916934 2081.102715
13916915 2084.272482
13916832 2087.481643
13916321 2090.656904
13915539 2093.859075
13913969 2097.013731
13913656 2100.132711
13912552 2103.342591
13910428 2106.480650
13910291 2109.638880
13909742 2112.800140
13909567 2115.955719
13909096 2119.092555
13909087 2122.261268
13908840 2125.411114
13908695 2128.590415
13908693 2131.703079
13908661 2134.875078
13908506 2138.052840
13908354 2141.223727
13908334 2144.353450
13908283 2147.483714
13907975 2150.680327
13907233 2153.820962
13907143 2156.954967
13907091 2160.066146
13906744 2163.239133
13906559 2166.402405
13906172 2169.518813
13906064 2172.626953
13905818 2175.761777
13905642 2178.918364
13905619 2182.100205
13905516 2185.235299
13905475 2188.372052
13905453 2191.533487
13905200 2194.663350
13904914 2197.800005
13904792 2200.994414
13904745 2204.117915
13904685 2207.243644
13904416 2210.315832
13904234 2213.450443
13903530 2216.543866
13903385 2219.669016
13903339 2222.726628
13903197 2225.835634
13903032 2225.835640
13902872 2228.991093
13902269 2228.991099
13902223 2232.057213
13902218 2235.248838
13899119 2238.356814
13899060 2241.438635
13899011 2244.542018
13899002 2247.634621
13898999 2250.778852
13898968 2253.882751
13898718 2257.018110
13898617 2260.137225
13897868 2263.230249
13897822 2266.354395
13897590 2269.448937
13897503 2272.539835
13897441 2275.618941
13897410 2278.691984
13897348 2281.762484
13897164 2281.762489
13897061 2284.867861
13896797 2287.965628
13896146 2291.063389
13895923 2294.208825
13895751 2297.317064
13895560 2300.430460
13895359 2303.522936
13894536 2306.593714
13894117 2309.674784
13894047 2312.761871
13894025 2315.844538
13893943 2318.908262
13893754 2322.014468
13893720 2325.166670
13893702 2328.277652
13893466 2331.353963
13893443 2334.410963
13893299 2337.526543
13893130 2340.606964
13892995 2343.723403
13892894 2346.781468
13892835 2349.827734
13892649 2349.827740
13892620 2352.898204
13891409 2352.898209
13891390 2356.000678
13891259 2359.044330
13891176 2362.101867
13891019 2365.183314
13890686 2368.273311
13890267 2371.305802
13890216 2374.385130
13889752 2377.442050
13889674 2380.511116
13889293 2383.609302
13889238 2386.672098
13888824 2389.747135
13888507 2392.801124
13888498 2392.801128
13888480 2395.869139
13888403 2395.869144
13887327 2398.950786
13887182 2401.983723
13887077 2404.991638
13886867 2408.045612
13886599 2411.128094
13886550 2414.239886
13886169 2417.309541
13886161 2420.368805
13886002 2423.428361
13885881 2426.517643
13885534 2429.568889
13885141 2432.610173
13885132 2435.660427
13885127 2438.722217
13885122 2441.755720
13885058 2444.776242
13884877 2447.797213
13884643 2447.797218
13884334 2450.853909
13883953 2453.875559
13883236 2456.898592
13883156 2459.977852
13883056 2463.007182
13882892 2466.060638
13882858 2469.124199
13881633 2472.185206
13881570 2475.204184
13881512 2478.237077
13881474 2481.268811
13878566 2484.344076
13878342 2487.393497
13877944 2490.444824
13877617 2493.472350
13877496 2496.516964
13877420 2499.556023
13877396 2502.641633
13877393 2505.753310
13877389 2508.804992
13877227 2511.858868
13876801 2514.889351
13876776 2517.894422
13876513 2520.880532
13876187 2523.906657
13875211 2526.896895
13875197 2529.933504
13875057 2532.967500
13874842 2536.009086
13874615 2539.041502
13874597 2542.065346
13874058 2542.065350
13872783 2545.049227
13872695 2548.052753
13872631 2551.078333
13872629 2554.069071
13872396 2557.104199
13872223 2560.132754
13871363 2563.117334
13869892 2563.117340
13869778 2566.109079
13869646 2569.100855
13869012 2572.102817
13868966 2575.142253
13868841 2578.143044
13868811 2581.171083
13868609 2584.201904
13868170 2587.216038
13867981 2590.218836
13867769 2593.245237
13865876 2596.230069
13865661 2599.240501
13865294 2602.272268
13865181 2605.275959
13865065 2608.242480
13864798 2611.223828
13864768 2614.253376
13864706 2617.291556
13864131 2620.307748
13864114 2623.352128
13863779 2626.360317
13863599 2629.312497
13863569 2632.308401
13863209 2635.314570
13863072 2638.335697
13862960 2641.308516
13862415 2644.333781
13862369 2647.362791
13862311 2650.374613
13861890 2653.393813
13861872 2656.390532
13861820 2659.360566
13861631 2662.345463
13860761 2665.335505
13860750 2668.338702
13860434 2671.313120
13860365 2674.310035
13860286 2677.326466
13860284 2680.339553
13860180 2683.313847
13859880 2686.253605
13859596 2689.247244
13859591 2692.206790
13859430 2695.213793
13859404 2698.166526
13859390 2701.133361
13859120 2704.115216
13858849 2707.124216
13857206 2710.082766
13857034 2713.019653
13856800 2715.984420
13856375 2718.965924
13856144 2721.945249
13855603 2724.913472
13855496 2727.856484
13853695 2730.873965
13853577 2733.892305
13853467 2736.834093
13853183 2739.777116
13853099 2742.780845
13853033 2745.764161
13852942 2748.702469
13852742 2751.631457
13852650 2754.623488
13850768 2757.590541
13848433 2757.590546
13846537 2760.537594
13846430 2763.556477
13846338 2766.567230
13846265 2769.475651
13846178 2772.465568
13846047 2775.443357
13845847 2778.384731
13845735 2781.359047
13844987 2784.285265
13842097 2787.268535
13842034 2790.208247
13841631 2793.165709
13840824 2796.111294
13840796 2799.063514
13840471 2802.049064
13840295 2805.015515
13840198 2807.994077
13839677 2810.930515
13839370 2813.846569
13839365 2816.802642
13839155 2819.757093
13839130 2822.725703
13839084 2825.681471
13838975 2828.626706
13838972 2831.629781
13838540 2834.585742
13838518 2837.558768
13838141 2840.576717
13838129 2843.550082
13837778 2846.494929
13837672 2849.466023
13837662 2852.396582
13837594 2855.312717
13837339 2858.269343
13837259 2861.212879
13837224 2864.207394
13836753 2864.207400
13836714 2867.126680
13836473 2870.041197
13836286 2872.949125
13836121 2875.877644
13835697 2878.801022
13835591 2881.725516
13835322 2884.695222
13835219 2887.612106
13835143 2890.560692
13835037 2893.465709
13835008 2896.389863
13834878 2896.389868
13834771 2899.292396
13833782 2899.292401
13832973 2902.225808
13832565 2905.191045
13832530 2908.079043
13832417 2911.046740
13832027 2913.964552
13832018 2916.932042
13831907 2919.909915
13831816 2922.819866
13831130 2925.745543
13831106 2928.642468
13831001 2931.605590
13830963 2931.605595
13830668 2934.515354
13830659 2937.482228
13828911 2940.425047
13828662 2943.391855
13828608 2946.305723
13828521 2949.427900
13827893 2952.759129
13827684 2956.002730
13826655 2958.959386
13826643 2961.908026
13826564 2964.896944
13826541 2967.830077
13825994 2970.730521
13825919 2973.633717
13825436 2976.565049
13825415 2979.548203
13825319 2982.478158
13825258 2985.390141
13825238 2988.348089
13825230 2991.275309
13824851 2994.185300
13824797 2997.126489
13824635 3000.076790
13824612 3003.011581
13824595 3005.975570
13824246 3008.897069
13823111 3011.827233
13822195 3014.771132
13822133 3017.736124
13822076 3020.646195
13821973 3023.595977
13821861 3026.541418
13821771 3029.491609
13821717 3032.381113
13821681 3035.281207
13821678 3038.191075
13821539 3041.078626
13820556 3041.078631
13820131 3044.053200
13819461 3046.989208
13819100 3049.915267
13819021 3052.843519
13818905 3055.814538
13818886 3058.727542
13818648 3061.650821
13818555 3064.565222
