9407422 9.673621
9381018 9.673638
9350970 9.673639
9330235 9.673641
9303488 9.673642
9248601 9.673643
9247673 9.673644
9191409 9.673645
9173668 9.673647
9168188 10.655295
9161022 11.635607
9153406 12.607067
9151573 12.607072
9144980 13.572633
9144568 13.572639
9128117 14.531861
9121146 15.483276
9117384 16.430924
9114575 17.365651
9106995 18.288548
9103358 19.210509
9084163 19.210515
9076890 20.120934
9075310 21.025466
9071230 21.921370
9067254 22.812907
9065416 23.700549
9063198 24.579323
9047789 24.579328
9045581 25.450900
9044825 26.317649
9042846 27.180208
9039502 28.031692
9039096 28.876857
9035895 29.719966
9034836 30.557291
9030720 31.400250
9030065 32.231062
9029484 33.059304
9029146 33.882834
9029013 34.700750
9024130 35.517937
9021667 36.329018
9020957 37.131252
9020583 37.932332
9020105 38.734691
9019847 38.734696
9019721 39.529593
9018005 39.529600
9017050 40.323355
9016543 41.117548
9016342 41.908537
9010395 41.908543
9009882 42.691275
9008641 43.471338
9008461 44.252500
9006345 45.029604
9006231 45.806261
9003961 46.577179
9003510 47.349226
9002470 47.349230
9002091 48.119092
9000753 48.885797
9000353 49.647656
9000141 49.647660
8997662 50.407532
8996102 51.167039
8995596 51.924981
8995331 52.679740
8995312 53.430262
8994277 54.181211
8993143 54.931104
8992387 55.679236
8989383 56.422423
8989370 57.166476
8985735 57.912834
8984934 58.653509
8984776 59.395105
8984502 60.127668
8976338 60.861260
8975670 61.590943
8974265 62.323760
8973316 63.052233
8972375 63.783686
8971830 64.512950
8969429 65.237205
8968162 65.959830
8967376 66.687975
8966935 67.409015
8965790 68.123956
8963954 68.839755
8962619 69.558914
8961709 70.271535
8961232 70.983225
8961173 71.698544
8960026 72.408469
8959876 73.117922
8954719 73.825467
8954561 74.534480
8954509 75.234530
8953740 75.937828
8950427 76.641423
8949738 77.340103
8948720 78.038073
8948162 78.734244
8948003 79.430164
8947389 80.125531
8946188 80.820289
8945723 81.517252
8942933 82.211180
8942929 82.903623
8942797 83.591121
8938409 84.281410
8937992 84.966513
8937642 85.653154
8936670 86.339046
8936238 87.023474
8935606 87.705107
8935466 88.388499
8934741 89.071436
8934598 89.749507
8931378 90.425145
8931270 91.103937
8930895 91.779007
8930484 92.453222
8930385 93.125635
8929919 93.796392
8927922 94.469135
8926602 95.137911
8925809 95.809347
8924381 96.475519
8923927 97.142282
8923701 97.807384
8923544 98.473749
8922387 99.134738
8921374 99.796787
8919159 100.457402
8914815 101.118549
8914199 101.777679
8912724 102.436788
8912691 103.092540
8911787 103.751500
8911661 104.407076
8911557 105.063190
8910599 105.719049
8908270 106.371258
8907569 107.024533
8905751 107.672392
8904820 108.325084
8904119 108.974844
8902168 109.619866
8901251 110.265118
8901207 110.911172
8899475 111.555802
8898798 112.201258
8897041 112.844089
8895942 113.486043
8894882 114.127442
8893310 114.767701
8892639 115.402828
8892024 116.037382
8891848 116.671085
8889912 117.307022
8889647 117.936624
8889530 118.566737
8889351 119.198389
8887241 119.824407
8886268 120.448845
8884916 121.070050
8884094 121.692620
8881132 122.314133
8880513 122.933419
8880216 123.553789
8879805 124.173636
8879127 124.791865
8878603 125.409942
8878285 126.025373
8877532 126.643567
8877412 127.259590
8877040 127.875784
8876630 128.486951
8875537 129.096134
8875521 129.707032
8874698 130.314682
8874646 130.922344
8874391 131.531381
8872462 132.138346
8872043 132.745336
8871854 133.347118
8871653 133.951182
8870943 134.552863
8870529 135.152430
8870216 135.750993
8870052 136.352022
8869466 136.951781
8869419 137.552075
8869259 138.149463
8867855 138.747687
8866802 139.343776
8865021 139.938788
8864546 140.532316
8864371 141.123852
8863725 141.714207
8863486 142.304551
8863106 142.894807
8862948 143.479402
8862884 144.063138
8862499 144.648855
8861285 145.236600
8861237 145.822407
8861001 146.410173
8860228 146.992762
8859286 147.570103
8859124 148.149235
8858224 148.728280
8858037 149.306694
8857368 149.885981
8856516 150.463743
8856081 151.040940
8855894 151.617409
8854573 152.190980
8854120 152.762974
8852628 153.336449
8852393 153.906442
8851724 154.474195
8851704 155.043770
8849987 155.613315
8849498 156.175367
8849479 156.743806
8849115 157.312661
8848595 157.876597
8848384 158.439358
8848349 159.005268
8848061 159.568937
8848056 160.130791
8846898 160.691639
8846558 161.252303
8846460 161.813817
8845912 162.374602
8845132 162.932503
8844977 163.491916
8844435 164.047567
8844089 164.601640
8843534 165.157254
8842302 165.711414
8842254 166.266253
8841779 166.816918
8841564 167.368197
8840650 167.919587
8840040 167.919592
8839062 168.464248
8839011 169.014031
8838831 169.560452
8837460 170.106199
8837138 170.655074
8836519 171.200475
8835054 171.747480
8834439 172.292331
8834410 172.839273
8832581 173.385541
8832465 173.928613
8831996 174.470485
8831808 175.012442
8831254 175.554154
8830406 176.095261
8829121 176.637559
8828906 177.180511
8828532 177.720211
8828293 178.261340
8828062 178.798561
8827925 179.336644
8827878 179.872368
8827097 180.410188
8826451 180.946759
8825861 181.482360
8825588 182.015540
8825107 182.550966
8824904 183.082411
8824600 183.611953
8824056 184.141725
8823740 184.675351
8823391 185.207005
8823038 185.736829
8822893 186.268757
8822557 186.798889
8822333 187.327710
8822256 187.855025
8822185 188.380421
8821769 188.905496
8821716 188.905501
8821547 189.432202
8821274 189.432207
8821229 189.958458
8821059 190.485129
8820789 190.485134
8820740 191.008886
8820373 191.008891
8820313 191.532750
8820233 191.532756
8820061 192.056573
8819778 192.056578
8819728 192.577645
8819195 193.101408
8819174 193.101414
8818866 193.623175
8818711 193.623181
8818544 194.143389
8818459 194.143394
8818234 194.665693
8818061 194.665698
8817819 195.184563
8817719 195.184568
8817573 195.702736
8817449 195.702741
8817064 196.221561
8816812 196.738780
8816659 196.738786
8816560 197.254774
8816521 197.254778
8816384 197.772189
8815849 197.772195
8812463 198.286593
8811485 198.801060
8811105 199.316104
8810789 199.827665
8810370 200.342187
8810301 200.854564
8810173 201.367374
8810036 201.879581
8809565 202.392354
8809486 202.902138
8809088 203.410481
8808928 203.921447
8808814 204.427860
8808674 204.934196
8808422 205.439917
8808269 205.945903
8808133 206.449700
8808033 206.955554
8807878 207.459824
8807840 207.962442
8807529 208.465572
8807455 208.966708
8807384 209.466159
8807318 209.966265
8806949 210.465713
8806871 210.960809
8806673 211.456272
8806625 211.948798
8806493 212.443197
8806454 212.932648
8806423 213.423265
8806035 213.909328
8806006 214.396497
8805844 214.882226
8805831 215.364740
8805732 215.847385
8805237 216.327470
8805181 216.805291
8804996 217.284024
8804979 217.761335
8804950 218.236951
8804946 218.706293
8804936 219.177549
8804907 219.644966
8804894 220.108963
8804889 220.572465
8804875 221.033429
8804822 221.033434
8804744 221.495657
8804588 221.950537
8804555 222.405064
8804507 222.856724
8804456 223.304749
8804427 223.751774
8803615 224.196315
8803613 224.636851
8803607 225.077645
8803606 228.499833
8803599 233.292518
8803548 233.672463
8803467 235.164694
8803467 836.223118
