28045406 1215.151702
27958749 1215.151721
27916626 1215.151723
27856130 1215.151725
27837318 1215.151727
27805988 1215.151729
27746576 1215.151731
27738238 1222.411059
27735536 1229.715872
27732863 1237.041123
27725873 1244.115978
27717596 1251.335462
27714704 1258.389275
27709902 1265.634946
27708949 1272.692066
27708722 1272.692074
27707792 1279.603874
27616042 1279.603882
27613024 1286.522821
27606594 1293.245122
27601139 1300.258395
27600081 1306.993550
27597368 1313.797971
27493464 1320.749041
27492462 1327.702205
27487877 1334.448778
27478673 1341.386873
27477596 1348.147039
27474563 1354.901068
27453151 1361.644285
27452215 1368.357858
27450246 1375.088230
27448497 1381.850717
27447520 1388.656796
27446534 1395.444464
27442588 1402.067559
27438305 1408.683204
27435057 1415.457069
27430647 1422.208245
27402662 1428.924234
27391578 1435.524953
27388562 1442.132262
27266219 1666.615158
27264221 1672.767926
27256064 1672.767933
27255534 1678.866517
27254688 1684.873173
27253942 1690.980729
27252865 1697.127405
27235754 1703.134578
27230243 1709.178773
27229854 1715.224306
27228525 1721.425363
27225541 1727.521692
27224101 1733.629325
27221737 1739.666636
27216717 1745.695618
27214182 1751.879054
27213550 1758.013252
27211388 1763.927670
27210119 1770.122602
27209525 1776.702992
27198121 1776.703000
27197371 1782.748275
27196693 1788.939542
27164854 1837.099746
27164069 1843.185961
27162997 1849.070326
27162423 1854.959501
27158418 1860.868260
27156323 1866.974796
27155832 1873.074152
27150349 1878.951577
27149923 1884.993944
27148422 1890.865259
27147698 1896.883380
27146266 1902.925817
27145311 1908.884681
27144857 1914.803820
27142392 1920.736126
27122135 1920.736134
27121066 1926.917095
27120168 1933.846121
27119723 1941.040326
27116213 1948.237569
27115211 1955.878963
27113803 1963.371263
27110004 1963.371271
27109125 1969.677453
27099496 1975.918520
27098656 1982.222483
27098501 1988.454702
27097239 1994.669056
27094705 1994.669064
27094037 2000.878302
27093702 2006.998226
27092126 2013.152208
27087442 2019.168538
27085765 2025.365893
27085077 2031.795305
27077933 2031.795314
27077487 2038.043353
27077159 2044.209380
27074127 2050.378487
27073168 2057.068858
27072505 2063.380911
27071837 2069.506239
27070989 2075.429828
27070917 2081.398876
27069978 2087.307275
27069379 2093.211753
27069087 2099.294154
27068732 2105.302714
27067851 2111.252587
27067742 2117.201611
27067410 2123.211032
27066725 2129.233610
27060285 2129.233616
27059206 2135.212584
27054077 2141.041396
27053356 2147.056929
27051411 2152.947116
27050644 2158.941606
27050020 2165.036026
27049569 2170.843450
27048937 2176.919212
27048622 2182.904134
27048097 2188.949884
27047634 2195.050361
27046483 2200.828194
27045547 2206.682665
27045109 2212.676406
27044416 2218.631825
27043926 2224.424586
27042719 2230.251028
27041571 2236.145325
27039541 2242.027401
27038757 2248.027767
27036266 2253.884778
27033866 2259.867205
27033083 2265.642275
27032393 2271.385986
27031692 2277.428141
27031315 2283.314828
27012908 2288.972574
27011433 2294.789970
27010109 2300.482489
27009904 2306.170407
27009401 2312.087965
27009004 2317.941932
27008214 2323.749887
27007772 2329.598628
27006336 2335.209099
27002870 2341.526334
27002598 2347.151174
27002125 2352.841201
27001561 2358.700014
27001241 2364.260261
26998185 2370.128621
26995464 2375.831361
26989701 2381.247886
26989455 2386.954355
26988686 2392.890693
26988387 2398.589787
26987698 2404.398802
26987516 2410.190359
26987066 2415.936324
26986769 2421.709162
26985313 2427.364449
26983825 2432.994856
26983285 2438.657790
26982942 2444.381582
26982065 2450.160693
26981829 2455.798866
26981474 2461.557819
26981175 2467.189487
26980602 2472.775446
26980423 2478.494922
26979536 2484.143669
26979187 2489.755393
26979125 2495.516182
26978202 2501.085243
26977862 2506.594814
26977549 2512.303355
26977315 2518.112953
26976502 2523.713624
26975471 2529.245678
26975350 2535.029983
26972995 2540.621397
26972944 2546.178174
26972177 2551.784687
26971763 2557.321557
26971232 2563.075175
26971230 2568.679119
26970263 2574.167107
2