10296792 21.549889
10217143 21.549907
10164187 21.549909
10091403 21.549910
10081629 22.895512
10076677 24.217293
10076425 24.217298
10064707 24.217300
10057469 25.525218
10042865 25.525223
10040856 26.811927
10038205 26.811931
10037616 26.811934
10028592 28.075805
10028144 28.075811
10019444 29.318310
10016957 29.318315
10016617 29.318317
10009294 30.531430
10006064 30.531436
9999137 31.731471
9974358 31.731477
9969791 32.913218
9967694 34.081871
9964330 35.240639
9962297 36.384155
9958757 37.512123
9958538 38.637447
9957808 39.752596
9957192 40.863034
9954850 40.863040
9953258 40.863043
9948742 41.958594
9947072 43.049092
9930706 43.049097
9928764 44.132157
9922236 45.204912
9918662 46.271904
9918105 47.336858
9912919 48.397817
9911704 49.450398
9909931 50.497419
9909522 51.538687
9885395 52.571860
9884282 53.603553
9882133 54.628298
9881617 55.650954
9880242 56.679203
9879662 57.692579
9878712 58.701217
9877266 59.712399
9875927 60.709392
9875362 61.711661
9874857 62.706356
9873693 63.695709
9872290 64.686688
9870848 65.669066
9869545 66.653079
9869384 67.637023
9867916 68.616150
9866633 69.593511
9857923 70.570547
9855818 71.535405
9855348 72.502224
9852950 73.464031
9851069 74.420089
9849925 75.373483
9849547 76.327626
9849341 77.277777
9847789 78.227867
9843238 79.173059
9842898 80.113899
9841467 81.060169
9840297 82.000583
9840015 82.941318
9833266 83.874488
9833199 84.810899
9832977 85.737631
9832721 86.666524
9830568 87.595950
9828792 88.523340
9828388 89.454505
9828327 90.384724
9827972 91.317679
9827672 92.238705
9827625 93.154201
9825465 94.068825
9825071 94.982452
9824519 95.897228
9823899 96.812506
9823358 97.725670
9822985 98.632806
9822879 99.540441
9822326 100.449819
9821816 101.356551
9821517 102.256829
9821102 103.156744
9820022 104.063201
9820019 104.965050
9819917 105.858189
9819546 105.858196
9819010 106.750071
9818168 107.643683
9816899 107.643690
9815490 108.537567
9809910 109.424017
9809720 110.309750
9809371 111.195858
9809253 112.073289
9808731 112.964278
9806013 113.849939
9805947 114.729477
9803741 115.609792
9803259 116.490619
9802915 117.370100
9802909 118.241227
9802753 119.115801
9802664 119.990614
9802642 120.865670
9801669 121.732530
9801260 122.601336
9801190 123.472105
9801143 124.338548
9801014 125.204488
9799918 126.068545
9799632 126.925920
9799118 127.789718
9798992 128.651174
9798725 129.570391
9795215 130.579313
9794313 131.462695
9793812 132.343441
9793410 133.210523
9793317 134.053650
9792657 134.894363
9791205 135.734095
9791190 136.571297
9791107 137.407811
9791022 138.244167
9790649 138.244172
9790472 139.082151
9790468 139.919980
9788393 140.754795
9788234 141.591906
9787839 142.427114
9785870 143.262299
9785844 144.091645
9785735 144.091650
9785705 144.921205
9781967 144.921209
9779308 145.754319
9779026 146.585693
9778256 147.415660
9775017 148.240976
9772732 149.067531
9772633 149.898135
9772454 150.718395
9771419 151.539669
9769305 152.359939
9768886 153.177207
9768791 154.002660
9766994 154.819379
9766967 155.641286
9766041 156.461249
9765374 157.279371
9764998 158.091164
9763427 158.899528
9763276 159.712603
9761671 160.521618
9761619 161.331145
9760009 162.144331
9759593 162.955060
9759435 163.768320
9759223 164.572579
9758928 165.381271
9757775 166.184275
9757680 166.989702
9757495 167.796033
9756495 168.603634
9754783 169.408429
9754769 170.211450
9754760 171.012506
9754737 171.817310
9753942 171.817314
9752036 172.619801
9752032 173.421860
9751964 174.227895
9749286 174.227900
9745716 175.031439
9744715 175.840109
9744267 176.644367
9744014 177.448121
9741922 178.244939
9741872 179.037628
9741728 179.829875
9740975 180.624037
9740867 181.412138
9735890 182.205229
9735413 182.997929
9735345 183.794372
9735187 184.585892
9734178 185.372474
9733611 186.160049
9733422 186.948757
9732747 187.735708
9732248 188.526848
9732152 189.317325
9732007 190.112345
9731317 190.903256
9731310 191.690626
9728468 192.478520
9728392 193.262449
9727378 194.048085
9727091 194.831324
9725810 195.611930
9723339 196.397182
9723090 197.172006
9721436 197.946439
9720646 198.726505
9719261 199.510113
9719131 200.285541
9719002 201.062304
9718177 201.841797
9717945 202.621291
9717782 203.398240
9717719 204.173745
9715893 204.948917
9715838 205.717134
9714734 206.491366
9714597 207.263953
9714406 208.036022
9712232 208.809700
9712128 209.576156
9712033 210.344166
9711967 211.112887
9711231 211.886870
9710950 212.657456
9710459 213.425320
9709500 214.194477
9708932 214.960328
9708565 215.728055
9707938 216.501457
9706389 217.270793
9705938 218.036482
9705501 218.804483
9704291 219.564316
9702341 220.328034
9701980 221.094535
9701713 221.859023
9701346 222.628454
9701107 223.396360
9701044 224.156935
9700044 224.925008
9700008 225.690872
9699764 226.451228
9698611 227.217161
9698438 227.977735
9697830 228.740840
9697681 229.496494
9697438 230.249215
9696171 231.009795
9696099 231.765708
9696027 231.765715
9695437 232.521002
9695313 232.521008
9694734 233.274772
9694347 234.030050
9693952 234.030058
9693605 234.788935
9692282 234.788941
9691303 235.545378
9689408 236.301519
9689171 237.054560
9688982 237.808742
9688746 237.808748
9688131 238.566314
9687987 239.323134
9687384 239.323141
9687360 240.077311
9686611 240.077317
9685903 240.827980
9683969 241.579756
9683258 242.327729
9682215 243.080721
9681269 243.833123
9681061 244.580191
9680997 245.332689
9680923 246.082955
9680891 246.849503
9680350 247.594443
9679859 248.338460
9679804 249.084119
9679722 249.827384
9679238 250.565326
9678888 251.305490
9678761 252.046531
9678194 252.781919
9677984 253.527446
9677258 254.267321
9677125 254.999704
9676645 255.736811
9675176 256.472415
9675096 257.209695
9674523 257.944584
9674275 258.681069
9673141 259.414837
9672992 260.149673
9672757 260.883470
9672049 261.612685
9671728 262.344522
9671236 263.074676
9671032 263.805442
9670455 264.536874
9670430 265.265661
9670316 265.990803
9669740 266.721039
9669333 267.449703
9668838 267.449708
9668700 268.176934
9668610 268.901767
9667809 269.630704
9667310 270.350020
9667278 271.079314
9666125 271.807371
9666115 272.534598
9665870 273.254311
9665488 273.983401
9665450 274.705140
9665026 275.421178
9665002 276.137775
9663705 276.859401
9663591 277.583079
9663576 278.301893
9663534 279.020856
9663043 279.747983
9663027 280.469000
9662949 281.189243
9662543 281.910365
9662132 282.630535
9661432 283.337834
9660928 284.049514
9660817 284.767480
9660584 285.478940
9660232 286.194532
9660070 286.910722
9660017 286.910728
9659822 287.620565
9659723 287.620573
9659471 288.333455
9658819 288.333462
9658553 289.048515
9658365 289.758501
9658190 290.463502
9657865 291.169477
9657458 291.878796
9657006 292.584285
9656761 293.290263
9656355 293.992437
9656191 293.992442
9655946 294.697673
9655901 295.399834
9655810 295.399841
9655408 296.103958
9655381 296.809412
9655272 296.809418
9655012 297.512690
9654435 298.218072
9654095 298.922395
9653971 299.626547
9653733 300.325509
9653341 301.030275
9653321 301.732550
9653145 302.435124
9652866 302.435130
9651951 303.136374
9651426 303.835168
9650678 304.535101
9650531 305.233802
9649988 305.924493
9649962 306.623159
9649915 307.320907
9649800 308.014328
9649544 308.702594
9649209 309.392902
9648240 310.084243
9647931 310.777526
9647765 311.468460
9647488 312.157838
9647200 312.847361
9647144 313.535980
9647089 314.226636
9647064 314.909683
9646701 315.599920
9646669 316.282426
9645930 316.969623
9645783 317.657012
9645287 318.338786
9645114 319.021915
9644546 319.703717
9644203 320.383279
9643788 321.064198
9643612 321.746764
9643558 322.422407
9643023 323.099778
9642906 323.777518
9642812 324.449792
9642628 325.126861
9642425 325.799869
9642070 326.469604
9641061 327.144379
9640810 327.815614
9640087 327.815619
9639994 328.482933
9639987 328.482939
9639979 329.150865
9639971 329.150871
9639864 329.819381
9639726 330.486941
9639593 331.154083
9639532 331.824529
9638972 332.493733
9638800 333.153544
9637981 333.153550
9637898 333.817748
9637628 334.483413
9637419 335.142839
9637193 335.809742
9637016 336.470347
9636844 337.130886
9636790 337.790819
9636588 338.456385
9635829 339.114061
9635676 339.773098
9635610 340.430742
9635554 341.084361
9634685 341.738409
9634636 342.393534
9634414 343.044045
9634288 343.698167
9633817 344.350461
9633763 345.001927
9633713 345.648267
9633543 346.287675
9633497 346.937332
9633408 347.580770
9633202 348.226477
9632984 348.866155
9632918 349.509582
9632836 350.148532
9632207 350.786801
9632135 351.424065
9631719 352.060516
9631587 352.696321
9631436 353.331478
9631279 353.970330
9631254 354.605331
9631146 355.239556
9631054 355.871484
9630643 356.508388
9630497 357.134560
9630377 357.761319
9629377 358.387824
9629075 359.018167
9629043 359.641728
9629040 360.268825
9628953 360.897047
9628839 361.518889
9628660 362.144347
9628543 362.767579
9628345 363.390512
9627636 364.006857
9627615 364.628678
9627544 365.246307
9627496 365.864164
9627452 366.485451
9627385 367.099973
9627339 367.716477
9627299 368.330496
9627223 368.941637
9627173 369.551412
9627138 370.159447
9627095 370.769431
9627006 371.376717
9626943 371.980901
9626899 372.589898
9626894 373.201538
9626778 373.814436
9626564 374.421491
9626282 375.025543
9626217 375.627665
9626139 376.233741
9626051 376.833527
9626008 377.429667
9625989 378.028096
9625942 378.626892
9625920 379.222635
9625788 379.822864
9625764 380.414458
9625747 381.006331
9625695 381.602475
9625665 382.193618
9625534 382.782099
9625516 383.372800
9625420 383.967006
9625362 384.554753
9625343 385.147803
9625337 385.733027
9625308 386.321054
9625244 386.907758
9625181 387.493135
9624861 388.082010
9624719 388.663763
9624711 389.246029
9624697 389.246034
9624681 389.830661
9624617 389.830666
9624587 390.409431
9624585 390.992571
9623523 391.574052
9623452 392.156825
9623407 392.738002
9623356 393.312563
9623346 393.893088
9623339 394.467126
9623312 395.043474
9623310 395.620784
9623309 397.897415
9623296 400.731095
9623264 403.524706
9623226 412.630048
9623224 414.169000
9623221 416.173158
9623195 416.665156
9623195 1017.754561
