8591277 38.936827
8565378 38.936840
8542474 38.936842
8530597 38.936843
8526862 38.936846
8519849 38.936847
8518829 40.962557
8500486 40.962563
8492564 42.969079
8478337 44.956829
8464902 46.933118
8458135 48.902282
8450287 50.862080
8446967 52.804168
8442943 54.742770
8440300 56.657681
8439066 58.555764
8433860 60.431305
8430789 62.307877
8428381 64.170452
8428044 66.018271
8425517 67.852416
8424360 69.677408
8417103 71.492612
8415470 73.292705
8411078 75.083620
8409680 76.870572
8408456 78.644226
8407721 80.425959
8406413 82.189152
8403597 83.946783
8402500 85.692959
8399391 87.419713
8397765 89.154538
8396802 90.877605
8394680 90.877611
8392807 92.599252
8389170 94.317366
8388881 96.022614
8386155 97.728711
8384575 99.424933
8382151 101.111773
8377793 102.806030
8375491 104.749986
8373159 106.493686
8372706 108.233833
8372080 109.958222
8371251 111.690406
8369187 113.403442
8366179 115.124316
8364339 116.800159
8363753 118.441464
8362230 120.083073
8362008 120.083078
8358200 121.733156
8358179 123.378021
8357612 125.012663
8357155 126.652944
8356771 128.280346
8356736 128.280353
8355731 129.914323
8354967 131.545649
8354391 133.167341
8353942 134.786231
8353455 134.786238
8352783 136.393893
8351144 138.006140
8350186 139.616903
8349921 139.616911
8349909 141.216881
8349189 141.216888
8348258 142.819345
8345110 144.416354
8344619 146.010489
8343571 147.596390
8343363 149.195415
8342392 150.766870
8342300 152.343151
8342095 153.910766
8341501 155.487415
8340827 157.058185
8340438 158.631816
8340335 160.194060
8338041 161.758521
8337450 163.310971
8337191 164.870930
8335877 166.412840
8335679 167.964942
8329560 169.509347
8329374 171.061540
8329204 172.602287
8329033 174.146088
8329031 175.667996
8328386 177.195176
8327455 178.723984
8325749 180.248804
8325507 181.771106
8324918 181.771111
8324422 183.296447
8323936 184.819499
8322205 184.819505
8321883 186.345107
8321037 187.864278
8320642 189.369339
8320588 190.882011
8320430 192.387114
8320089 193.891801
8319669 193.891807
8319460 195.399659
8319272 195.399664
8318495 196.904138
8318372 198.402901
8318083 199.898867
8318006 201.389900
8317830 202.879153
8317827 202.879159
8316080 202.879162
8315592 204.367270
8314747 205.859280
8314725 207.330996
8314507 208.824216
8314301 210.301549
8314259 211.777856
8313919 213.255839
8313654 214.726505
8313649 216.204110
8313460 217.672249
8313285 219.145212
8313143 220.615705
8312668 222.089782
8311845 223.555257
8311476 225.036430
8311352 226.491909
8310752 227.956453
8309656 227.956460
8309638 229.413540
8308912 230.857501
8308429 232.313623
8308293 233.784147
8307474 233.784153
8307127 235.231391
8305335 236.676165
8304806 238.124540
8304716 239.567852
8304659 241.022721
8304515 242.470168
8300563 243.917538
8300281 245.353136
8300081 246.791148
8299845 248.237081
8299335 249.670078
8298714 251.113604
8298667 252.550473
8298353 253.994062
8298315 255.428983
8298031 256.868331
8297851 258.295760
8297699 259.724667
8297510 261.142196
8297230 262.565875
8296882 263.983996
8296243 265.403046
8295996 266.822969
8295533 268.245876
8295514 269.662976
8295427 271.077814
8295398 272.497266
8295282 273.913735
8295228 275.327900
8294792 276.738752
8294622 278.146727
8294133 278.146733
8291895 279.560237
8290653 280.965404
8289435 282.373871
8288677 283.784890
8288582 285.196113
8287730 286.603147
8287619 288.007293
8287532 289.409132
8285447 290.814483
8285367 292.227416
8285260 293.633108
8283694 295.043793
8283519 296.441783
8282343 297.836677
8282282 299.230866
8281911 300.624588
8281127 302.022891
8281009 303.432017
8280840 303.432023
8280692 304.833252
8279674 304.833257
8279479 306.225188
8279464 307.626638
8278744 309.016492
8278039 310.398966
8277839 311.779451
8277349 313.168377
8277194 314.542680
8276666 315.921636
8275947 317.306391
8275867 318.680416
8275781 320.058635
8273843 321.432711
8273721 322.792736
8273692 324.178082
8273648 325.559542
8273521 326.937990
8273414 328.312592
8273293 329.689022
8273159 331.056782
8271195 331.056788
8269277 332.425161
8269003 333.786680
8268589 335.158014
8267725 336.522637
8267695 337.894814
8265623 339.269829
8265192 340.641177
8263942 342.003581
8263705 343.387435
8263665 344.751968
8263423 346.113348
8263034 347.469491
8260228 348.833258
8260215 350.191422
8260120 351.550779
8259565 352.908956
8259521 354.260239
8259417 355.601745
8259344 356.958304
8259335 358.304345
8258403 359.653242
8257925 360.986027
8256176 362.323413
8255655 363.658668
8255566 365.005947
8254465 366.347893
8254382 367.682275
8253929 369.016213
8253810 370.349149
8253746 371.684750
8253660 373.023127
8252207 374.353853
8251839 375.686477
8251801 377.018570
8251757 378.351649
8251375 379.683286
8250582 381.012236
8250195 382.342817
8250094 383.670141
8249894 385.003370
8249866 386.335814
8249808 387.667488
8249183 388.991928
8247317 388.991934
8246623 390.314682
8246531 391.628078
8246481 392.943239
8246362 394.267061
8243753 395.584341
8241524 396.910517
8241169 398.224408
8239539 399.550639
8237813 400.861736
8234310 402.172216
8234274 403.491723
8234032 405.008447
8233092 406.364991
8232730 407.670739
8232387 408.981654
8232253 410.284887
8230843 411.598676
8229799 412.911192
8229758 414.223010
8228959 415.527928
8228089 416.840691
8228070 418.149203
8228069 419.469497
8227989 420.782282
8227973 422.090637
8227828 423.402913
8227805 424.719335
8226223 426.031438
8225685 427.345451
8225640 428.654919
8225170 429.949274
8225153 431.249895
8223736 432.548199
8223141 433.855843
8223139 435.156954
8222936 436.462931
8222224 437.770578
8221293 439.074075
8221111 440.386532
8221024 441.685857
8218112 442.979715
8217827 444.279200
8216491 445.584856
8216053 446.883005
8215433 448.192413
8215148 449.500792
8213595 450.810508
8213551 452.106487
8213407 453.404564
8212832 454.715375
8212480 456.006108
8212143 457.303641
8212004 458.594310
8211119 459.898722
8210940 461.203123
8210438 462.497811
8209750 463.793019
8209547 465.080699
8209514 466.376591
8209511 467.674375
8208769 468.966717
8208230 470.254263
8207877 471.548927
8207819 472.832650
8206306 474.122181
8206091 475.418714
8205972 476.700788
8205437 477.984359
8204904 479.270487
8204808 480.562403
8204228 480.562410
8204028 481.845761
8203114 483.138211
8203039 484.431734
8201711 485.710766
8201607 486.999867
8201576 488.282845
8201193 489.572417
8200562 490.853127
8200424 492.131050
8200238 493.415891
8200225 494.698219
8200213 495.983293
8200064 497.269054
8199435 498.551967
8199409 499.828995
8199276 501.106947
8199086 501.106953
8198081 502.380687
8197864 503.669436
8197541 504.952054
8197052 506.236044
8196742 507.525073
8196613 508.814257
8195991 510.101065
8195990 511.379074
8195922 512.655536
8195415 513.941359
8194530 515.222216
8193967 516.496843
8193696 517.778436
8193097 519.048840
8192868 520.330034
8192330 521.600122
8191638 522.878261
8191176 524.156463
8191044 525.443197
8190767 526.710610
8188671 527.979525
8188619 529.240929
8188607 530.508105
8187793 531.778149
8187632 533.045431
8187476 534.325090
8186697 535.593823
8186661 536.866999
8184888 538.126408
8184717 539.399289
8183894 540.669569
8183431 541.934269
8183360 543.197466
8183310 544.463962
8183301 545.729179
8183271 546.994465
8182818 548.259278
8182704 549.520697
8182644 550.787377
8182603 552.054084
8182495 553.306229
8182366 554.570198
8181524 555.827319
8181198 557.084860
8181114 558.337243
8180311 559.593798
8180061 560.854468
8179720 562.110521
8179321 563.367467
8179080 564.624209
8178560 565.884743
8177615 567.142328
8177402 568.398433
8177326 569.654823
8176669 570.912622
8176216 572.172862
8175893 573.430940
8175514 574.683398
8174740 575.938132
8174358 577.194549
8173835 578.444902
8173589 579.700202
8172268 580.952325
8171996 582.197254
8171473 583.450409
8171308 584.712792
8171181 585.954896
8170976 587.218657
8170905 588.470621
8170479 589.731238
8170445 590.981894
8170150 592.232384
8169879 593.484372
8169584 594.732073
8169222 595.978683
8168780 597.223372
8168614 598.481786
8168426 599.725803
8168183 600.972140
8167623 602.229315
8167542 603.483481
8167264 604.736149
8167121 605.982913
8166522 607.235282
8166464 608.484129
8165886 609.731091
8165212 610.971163
8165147 612.220640
8164544 613.462854
8164304 614.702673
8164268 615.941678
8163912 617.188155
8163345 618.437448
8163272 619.681842
8163190 620.915159
8163151 622.163724
8163050 623.409620
8162658 624.649461
8162619 625.889976
8162505 627.130534
8161965 628.369587
8161800 629.605141
8161792 630.847436
8161742 632.087195
8161517 633.324002
8161274 634.571567
8161257 635.813022
8161086 637.045740
8160962 638.280545
8160960 639.518858
8160659 640.758090
8160462 642.000148
8158344 642.000155
8158215 643.239783
8158209 644.478210
8157763 645.718782
8157593 646.952001
8157499 648.192440
8157351 649.434480
8157176 650.668957
8157040 651.906779
8156817 653.133904
8156703 654.367520
8156691 655.599929
8156416 656.843369
8156307 658.084694
8156262 659.320081
8156112 660.559968
8155641 661.786775
8155375 663.022811
8154792 664.253552
8154324 665.493852
8154272 666.719968
8154229 667.947817
8154050 669.177822
8153118 670.404360
8153036 671.641384
8152944 672.874449
8152256 674.104195
8152187 675.333388
8151625 676.564208
8151537 677.786072
8151168 679.021889
8150809 680.252431
8149832 681.476237
8149721 682.700822
8149545 683.929409
8149425 685.156208
8149338 686.381343
8149222 687.610106
8149043 688.834849
8148619 690.064576
8148290 691.292723
8147803 692.520711
8147722 693.750940
8147406 694.967051
8147306 696.186857
8147147 697.405987
8146966 698.630409
8146769 699.860946
8146239 701.083860
8146161 702.315682
8146048 703.536069
8145911 704.847657
8145864 706.176611
8145251 707.437730
8145216 708.701773
8145145 709.964726
8144673 711.224695
8144591 712.492846
8143972 713.763350
8143899 715.035418
8143157 716.315625
8143132 717.551051
8143036 718.763175
8142920 719.973040
8142882 721.189302
8142440 722.396600
8142255 723.607697
8142073 724.825150
8141934 726.037875
8141699 727.249902
8141681 728.461812
8141304 729.672984
8140662 730.893032
8140659 732.102297
8140594 733.309826
8140514 734.522503
8140506 735.737743
8140112 736.950213
8140101 738.156048
8139642 739.364938
8139474 740.569554
8139215 741.778874
8139111 742.991631
8138574 744.188138
8138439 745.392888
8138412 746.599737
8138393 747.804550
8137888 749.004812
8137835 750.215143
8137801 751.424812
8137704 752.628720
8137534 753.839400
8137294 755.043214
8137276 756.242723
8137176 757.441306
8137056 758.637115
8136905 759.832431
8136783 761.035495
8136608 762.237706
8136565 763.441746
8136504 763.441752
8136027 764.639538
8136023 765.836599
8135932 767.034494
8135692 768.236054
8135438 769.440488
8135281 770.640389
8135054 771.829335
8134697 773.028671
8133871 774.226784
8133724 775.426560
8133619 776.618156
8133583 777.811644
8133291 779.012685
8133071 780.209825
8132987 781.412806
8132885 782.621851
8132863 783.817945
8132630 785.010791
8132577 786.206472
8132359 787.403791
8132256 788.592939
8131292 789.785796
8131258 790.974793
8131053 792.168137
8130819 793.355438
8130587 794.544043
8130283 795.738993
8128250 796.926979
8128226 798.116415
8128152 799.307348
8127910 800.495980
8127642 801.685690
8127593 802.874911
8127287 804.059393
8127095 805.240318
8127013 806.431309
8126864 807.621500
8126678 808.806997
8126664 809.992980
8126637 811.173281
8126548 812.357933
8126444 813.543149
8126352 814.719372
8126177 815.899903
8126089 817.087826
8126061 818.269632
8125961 819.447925
8125846 820.631534
8125606 821.811352
8125465 822.992678
8125382 824.168951
8124827 825.349952
8124717 826.529967
8124549 827.707161
8124378 828.887467
8124262 830.070384
8124086 831.250883
8124072 832.434795
8123965 833.610478
8123928 834.791217
8123610 835.967815
8123431 837.150344
8123296 838.324220
8123252 839.495962
8123166 840.680590
8122913 841.861892
8122889 843.044235
8122725 844.215659
8122184 845.390297
8122114 846.569064
8122095 847.731605
8122035 848.902608
8121966 850.063797
8121836 851.228189
8121340 852.396486
8121308 853.562751
8121304 854.723324
8120966 855.888716
8120902 857.051964
8120872 858.221423
8120630 859.383422
8120560 860.542155
8120439 861.708533
8120387 862.867384
8120372 864.032133
8120295 865.194756
8120126 866.362812
8120020 867.526555
8119864 868.693857
8119813 869.854230
8119686 871.018340
8119498 872.173726
8119345 873.333590
8119245 874.500959
8118928 875.663824
8118862 876.825530
8118626 877.979855
8118547 879.139737
8118487 880.300045
8118373 881.466528
8118110 882.626274
8118051 883.785021
8117928 884.940092
8117910 886.096718
8117834 887.252697
8117815 888.406644
8117638 889.562410
8117553 890.721847
8117510 891.868746
8117492 893.016099
8117396 894.165597
8117343 895.314370
8117273 896.458150
8117156 897.610643
8117146 898.765723
8116882 899.921283
8116850 901.078937
8116801 902.225493
8116751 903.373844
8116659 904.526631
8116617 905.674144
8116583 906.820386
8116493 907.966788
8116416 909.113930
8116404 910.265290
8116396 911.411032
8116382 912.556288
8116358 913.705332
8116272 914.839639
8116115 915.981590
8116105 917.123390
8116092 918.261696
8116068 919.402577
8116000 920.547922
8115976 921.690606
8115939 922.826287
8115925 923.971334
8115902 925.110461
8115856 926.247668
8115776 927.388698
8115758 928.521945
8115729 929.646659
8115673 930.783010
8115635 931.916043
8115601 933.050234
8115525 934.182399
8115401 935.313981
8115380 936.443278
8115372 937.570849
8115364 938.701185
8115298 939.831945
8115226 940.964454
8114557 942.093242
8114502 943.225992
8114491 944.346358
8114338 945.474289
8114330 947.729305
8114273 948.858254
8114251 949.994685
8114244 951.116347
8114205 952.246804
8114155 953.370703
8114133 954.486942
8114113 955.613618
8114104 956.736540
8114074 957.863764
8114027 958.976748
8114020 960.095386
8113929 961.214663
8113892 962.343436
8113878 963.462341
8113863 964.585440
8113842 965.704413
8113836 966.826109
8113834 967.944044
8113708 969.058905
8113700 970.176919
8113689 971.287792
8113614 971.287796
8113356 972.393900
8113287 973.508013
8112780 974.614417
8112634 975.735792
8112630 976.844587
8112623 979.072247
8112609 980.185247
8112594 981.296060
8112579 982.401068
8112574 990.189536
8112231 991.301365
8112226 992.407696
8112218 1017.260313
8112216 1018.400667
8112175 1019.545111
8112170 1020.680129
8112164 1021.823228
8112162 1024.099032
8112113 1024.099041
8112103 1025.234814
8112097 1026.384544
8112090 1027.530034
8112072 1028.668645
8112070 1029.802522
8112064 1030.934516
8112053 1032.069593
8112051 1033.200085
8111914 1045.735597
8111908 1046.863986
8111862 1051.389176
8111855 1054.761767
8111846 1057.024867
8111811 1132.969847
8111765 1133.991231
8111765 1735.021567
