13644287 52.122353
13557859 52.122370
13552653 52.122372
13547898 52.122373
13504018 52.122375
13482466 52.122376
13468624 52.122377
13400776 52.122379
13380042 52.122382
13370628 52.122383
13345626 54.299087
13341219 56.427554
13337309 58.537235
13325596 58.537242
13319953 58.537244
13318775 60.622459
13315821 60.622466
13222006 62.684299
13217519 64.721272
13214741 66.731552
13209253 68.718205
13206797 70.701912
13204773 72.665798
13203963 72.665803
13197310 74.597999
13196013 76.514166
13191386 76.514173
13190724 78.411160
13186660 80.291432
13185824 82.154621
13184382 82.154626
13182967 82.154627
13182885 84.011802
13182256 84.011808
13180451 84.011810
13179196 85.841761
13176356 85.841769
13171209 87.667021
13169139 89.485522
13159144 91.287985
13158123 93.077208
13156645 94.851452
13153274 96.607323
13150581 98.360242
13144614 100.100184
13142728 101.834721
13140006 103.554441
13139388 105.271349
13137933 106.986231
13137338 108.673451
13135603 110.363933
13132149 112.034123
13131779 113.706330
13130436 115.397245
13129251 117.063161
13127907 118.724754
13126537 120.391262
13119258 122.029783
13117686 123.669820
13115381 125.298224
13113425 126.936641
13112576 128.561095
13111048 130.185462
13105571 131.800984
13103173 133.422100
13101872 135.032561
13100983 136.637045
13100751 138.239241
13098028 139.829278
13096157 141.424200
13095159 143.018225
13094974 144.603386
13094526 146.173077
13093220 147.756828
13092578 149.329866
13091438 150.907419
13090318 152.475318
13088604 154.036725
13088404 155.580045
13088149 157.129532
13087888 158.676039
13086951 160.232070
13086220 161.777756
13085952 163.318301
13085119 164.846581
13084863 166.375709
13084669 167.918611
13083600 169.460200
13082631 170.991854
13081859 172.512314
13081528 174.037398
13079838 175.561552
13075918 177.069719
13075378 178.577838
13075278 180.092157
13075205 181.601753
13074821 183.102574
13074437 184.597619
13074139 186.090013
13074070 187.595910
13073441 189.086954
13073169 190.574942
13072182 192.070213
13072033 193.563304
13071162 195.064420
13070430 196.553695
13069218 198.025829
13069109 199.498939
13068264 200.970933
13066659 202.448414
13066378 203.912993
13066295 205.382092
13066138 206.851725
13065670 208.326215
13065365 209.791033
13065022 211.256601
13063798 212.723400
13061849 214.187296
13061572 215.647017
13061131 217.110512
13060802 218.569462
13060717 220.012271
13060535 221.464483
13060311 222.916638
13059905 224.351412
13059269 225.799782
13059003 227.246245
13058596 228.686830
13058404 230.126892
13058325 231.564790
13058129 233.002441
13058119 234.439137
13058115 235.869277
13057683 237.305381
13057057 238.733821
13056993 240.153455
13056953 241.590413
13056820 243.022284
13056418 244.445812
13055331 245.867343
13054968 247.290477
13054852 248.706223
13054434 250.118888
13054254 251.545546
13053484 252.958743
13053083 254.375319
13052773 255.788011
13052447 257.198510
13052403 258.597869
13052296 260.003688
13052280 260.003694
13051964 261.410361
13051573 261.410367
13050891 262.822021
13050782 264.229688
13050622 265.626296
13049176 267.028653
13048570 268.421660
13045069 269.816223
13044957 271.206005
13044694 272.595512
13044667 273.993574
13044605 275.383803
13044311 276.779875
13044252 276.779881
13043563 278.170436
13043367 279.550683
13043356 280.941618
13043268 280.941624
13043065 282.329963
13042148 283.713553
13041948 285.089924
13041800 286.479245
13041441 287.858161
13041375 289.233626
13040809 290.607449
13040270 291.984265
13040108 293.361585
13036133 293.361591
13035759 294.735747
13035653 296.109938
13035508 297.482839
13035478 298.852363
13035387 300.226651
13035204 301.592944
13034528 302.960249
13034383 304.331549
13033565 305.705173
13033265 307.066926
13033245 308.430554
13031998 309.790408
13031937 311.156613
13031820 312.513114
13026759 312.513121
13025851 313.870486
13025701 315.234573
13025050 316.586129
13023860 317.944087
13022877 319.292010
13022406 320.646118
13021402 322.003525
13021074 323.358207
13020456 324.718292
13019158 324.718299
13018733 326.072803
13017723 327.423854
13017655 328.766528
13017582 330.280415
13015130 331.706844
13015047 333.045513
13014809 334.389495
13014647 335.727138
13014539 337.068181
13014339 338.403972
13014026 339.739668
13013919 341.077788
13013915 342.420340
13013733 343.760340
13012915 345.096631
13012833 346.426462
13012299 347.771456
13012094 347.771463
13010580 349.102578
13008093 349.102584
13007775 350.438979
13006263 351.774259
13006084 353.102420
13005903 354.424970
13005845 355.764417
13005649 357.100942
13005255 358.430003
13002787 358.430009
13002713 359.751700
13002606 359.751706
13002600 361.069923
13002060 361.069930
13001896 362.397047
13001542 363.723877
13001402 363.723883
13001025 365.044531
13000431 366.369756
12998270 366.369763
12997826 367.691274
12996918 369.002686
12996753 370.314110
12996386 371.641505
12996284 372.966320
12995267 374.278581
12994889 375.592860
12994010 376.915993
12993528 378.233992
12989087 379.545147
12988994 380.867278
12987711 382.181150
12987204 383.499059
12987181 384.821910
12987127 386.141404
12986485 387.447613
12986483 388.755663
12986258 390.062668
12985697 391.363908
12985375 392.665915
12985089 393.979874
12985076 395.293105
12983348 396.603049
12982828 397.902497
12982703 399.201314
12982578 400.517151
12981444 401.813000
12981365 403.122296
12981285 404.433166
12981113 405.738069
12979617 405.738077
12979602 407.045064
12978627 408.345098
12978217 409.638670
12977889 410.936936
12976935 410.936942
12975727 412.240181
12975650 413.538446
12975501 414.841961
12974909 416.135578
12974805 417.432121
12974637 417.432127
12974449 418.743406
12972838 418.743413
12972714 420.043015
12972613 421.346377
12971806 422.639044
12971350 423.932514
12971322 425.234875
12971222 425.234881
12970464 426.530812
12968769 427.822721
12966907 429.118525
12966646 430.413259
12966545 431.710682
12966085 433.000282
12965670 434.286227
12964773 435.579654
12964248 436.870620
12963499 438.160233
12963384 439.446614
12963074 440.743891
12963035 442.032661
12961876 442.032667
12961502 443.322331
12961455 444.614704
12960125 445.902757
12959739 447.181095
12959714 448.478689
12959007 449.772721
12958019 451.049966
12956773 452.344769
12955801 453.624780
12955490 454.914412
12955394 456.200919
12953741 457.484877
12953686 458.771735
12953402 460.044938
12953391 461.334189
12952214 462.610277
12950962 463.887912
12950619 465.162775
12949239 466.443156
12948417 467.734465
12947508 469.014261
12947499 470.302212
12947155 471.580646
12946996 472.874277
12946979 474.160813
12946279 475.440240
12945098 476.718377
12945001 477.999144
12944711 479.277191
12944262 480.549718
12944151 481.822259
12943987 483.110360
12943890 484.395308
12943644 485.668510
12943089 485.668518
12943001 486.951479
12942753 488.227158
12942428 489.511972
12941929 490.795816
12941278 490.795822
12941104 490.795824
12940178 492.066489
12940106 493.345749
12940086 494.625713
12939985 494.625719
12939046 495.905054
12938613 497.178394
12938252 498.450214
12938033 499.733497
12937225 501.004525
12936976 502.278814
12936476 503.547835
12936243 504.824619
12935217 506.091251
12935178 507.365006
12934496 508.633635
12934179 509.908845
12933602 511.179698
12933600 512.450311
12933550 513.720252
12933364 514.992527
12933013 514.992533
12933000 516.274106
12932900 516.274112
12932046 517.549979
12931765 518.826193
12930376 520.092249
12929805 521.364234
12929769 522.635082
12929593 523.906908
12929537 525.182675
12929308 526.445459
12928803 526.445465
12928731 527.725134
12928561 528.993753
12928085 528.993759
12927395 530.266050
12927234 531.526128
12927020 532.786867
12926354 534.054612
12926297 535.315781
12926284 535.315788
12926255 536.590225
12925787 536.590231
12925286 537.855204
12925191 539.125674
12923529 539.125681
12923489 540.386927
12923478 541.662134
12923208 542.925191
12923164 544.189020
12921942 545.451968
12921389 546.717117
12920756 547.984032
12920428 549.256633
12919669 550.520436
12919226 551.794962
12919057 553.069878
12919013 554.330029
12918962 555.599249
12918638 556.857004
12917895 558.116685
12917835 559.376962
12917533 560.646761
12916658 561.909165
12916655 563.172701
12916505 563.172729
12916269 564.439104
12915767 565.696832
12915761 566.957583
12914494 568.225996
12913243 569.492336
12912637 570.755041
12911247 572.018189
12910733 573.286323
12910072 574.544945
12908811 575.800733
12908720 577.056572
12908666 578.318788
12908225 579.571623
12907781 580.833207
12907173 582.097302
12906955 583.359249
12906280 584.621773
12905711 584.621779
12905680 585.874872
12905494 587.140568
12905240 588.398781
12905129 589.654154
12904717 590.919855
12902094 590.919862
12901415 592.179381
12901336 593.437416
12901315 594.699552
12901179 595.965517
12900891 597.221428
12900050 598.480267
12900008 599.733320
12899814 600.991207
12899579 602.248163
12899128 603.503248
12898867 604.768032
12898633 606.024996
12898590 607.281049
12897888 608.541447
12896853 609.790032
12896722 611.046813
12896357 612.303160
12896263 613.562646
12896092 614.814722
12895570 616.065881
12895294 617.330332
12895256 618.585787
12894767 619.844328
12894159 619.844335
12893395 621.094051
12892888 622.347719
12892245 623.608382
12892243 624.855248
12892084 626.104287
12891296 627.354151
12891286 628.608359
12890964 629.860513
12890841 631.337446
12890544 632.633977
12889535 633.895731
12888894 635.155195
12888265 636.419160
12887998 637.676003
12887913 638.935126
12887672 640.188776
12887202 641.446759
12887109 642.720458
12886840 643.976471
12886651 645.242266
12886475 646.502532
12886011 647.759198
12885694 649.014300
12885472 650.271921
12884027 651.537860
12883979 652.794433
12883970 654.045729
12883517 655.296408
12883425 656.556451
12882999 657.814668
12882626 659.076779
12882510 660.331764
12882293 661.598802
12881455 662.856696
12881101 664.115976
12880554 665.379667
12879945 666.643158
12879616 667.904839
12879048 669.160632
12878997 670.417293
12878611 671.669023
12877885 672.920139
12877607 674.179919
12876783 675.439863
12876585 676.693277
12875828 677.942720
12875827 679.190695
12875444 680.453140
12875362 681.705997
12875315 682.964925
12875181 682.964931
12874735 684.227152
12874627 685.475872
12874338 685.475879
12874288 686.730553
12874147 687.989022
12874081 689.240178
12873448 690.496154
12873106 691.746251
12872798 692.997633
12872392 694.254986
12871885 695.511273
12871837 696.762170
12870692 698.016589
12870588 699.268448
12870586 700.524452
12870562 701.779180
12870459 703.027102
12869884 704.288826
12869493 705.538543
12869142 706.788347
12869094 708.037593
12868996 709.282409
12868566 709.282417
12867767 710.531826
12867666 711.786360
12867390 713.030357
12867199 714.279331
12867089 715.532916
12866934 716.784874
12866795 718.033030
12866336 719.272481
12866022 720.514374
12865926 721.763172
12865421 723.004048
12865238 724.246539
12864887 725.485188
12864776 726.729549
12864231 727.988263
12863225 729.243636
12862703 730.494943
12862606 731.748526
12861882 733.000277
12861752 734.249328
12861346 735.492682
12861014 736.746143
12860848 737.990968
12860293 739.225622
12859989 740.450582
12859611 741.689389
12859533 742.940638
12859392 744.184308
12859082 745.435496
12858809 746.690413
12858722 747.931877
12857513 749.180375
12856990 750.436390
12856985 751.686448
12856841 752.930931
12856554 754.177847
12856326 755.430952
12856100 756.672642
12856068 757.924418
12855872 759.168137
12855563 760.408418
12855204 761.645067
12855131 762.883776
12854553 764.125818
12854112 765.371301
12853921 766.617733
12853622 767.859906
12852997 769.109011
12852682 770.339253
12852376 770.339259
12852292 771.583038
12851936 772.825158
12851734 774.070991
12850465 775.313591
12850455 776.558597
12850090 777.797846
12850021 779.041702
12849813 780.281369
12849568 781.521344
12849433 782.759417
12849126 783.999160
12848876 785.236938
12848514 786.474077
12848100 787.695722
12847893 788.936527
12847792 790.166637
12847552 791.397190
12847333 792.627798
12847251 793.854642
12846834 795.086450
12846731 796.316699
12846618 797.548845
12845865 798.779333
12845761 799.998375
12845634 801.226582
12845610 802.448274
12845296 803.679468
12844991 804.904838
12844866 806.134350
12844760 807.353215
12844715 808.581477
12843856 809.804115
12843827 811.024201
12843201 812.245371
12843069 813.467803
12842891 814.694590
12842847 815.915809
12842425 817.140508
12842148 818.355425
12841960 819.583513
12841005 820.804216
12840864 822.032700
12840652 823.255037
12840160 824.468482
12839922 825.687773
12839690 826.899068
12839600 828.112495
12839409 829.323542
12839215 830.540808
12839016 831.756176
12838931 832.974251
12838906 834.193291
12838839 835.404200
12838632 836.619872
12838453 837.834860
12838156 839.047825
12837887 840.259032
12837767 841.465410
12837736 842.676738
12837546 843.883701
12837409 845.089374
12837306 846.300217
12837252 847.513228
12837057 848.721564
12836971 849.926622
12836822 851.125995
12836804 852.331394
12836738 853.524522
12836550 854.726882
12836374 855.929176
12836223 857.121954
12836077 858.315290
12835808 859.515673
12835693 860.717897
12835588 861.914341
12835436 863.102541
12835373 864.307749
12834867 865.501798
12834749 866.700416
12834652 867.890698
12834600 869.085772
12834550 870.272420
12834500 871.464911
12834481 871.464918
12834472 872.648016
12834363 872.648023
12834359 873.839144
12834165 873.839151
12833859 875.029074
12833158 876.207577
12833080 877.395184
12832999 878.581276
12832846 879.756818
12832805 880.945454
12832726 882.136566
12832596 883.314336
12832557 884.497583
12832217 885.671677
12832149 886.852190
12832130 888.036045
12832068 889.214696
12831992 890.391160
12831912 891.562657
12831822 892.731094
12831670 893.895596
12831602 895.064050
12831564 896.248098
12831505 897.420656
12831376 898.591508
12831316 899.757742
12831271 900.927546
12831221 902.092865
12831032 903.261634
12830959 904.435026
12830545 905.600909
12830494 906.767100
12830482 907.935424
12830435 909.104378
12830307 910.264868
12830115 911.427834
12829975 912.597016
12829822 912.597023
12829812 913.756764
12829802 914.914756
12829674 914.914762
12829648 916.067115
12829552 917.223353
12829537 918.370436
12829473 918.370442
12829438 919.522008
12829395 919.522015
12828826 920.674613
12828797 921.824050
12828729 922.971302
12828643 924.116946
12828592 925.266470
12828583 926.410624
12828564 927.560384
12828555 928.716750
12828519 929.868432
12828508 931.072558
12828462 932.382402
12828419 933.517194
12828381 933.517201
12827992 933.517203
12827740 934.645746
12827657 935.782657
12827249 936.919029
12827134 938.045790
12827122 939.174803
12827079 940.300978
12827053 941.428393
12826982 942.552685
12826813 942.552690
12826715 943.677094
12826691 944.793541
12826510 944.793547
12826479 945.922315
12826444 947.056004
12826390 948.206116
12826380 948.206122
12826257 949.345233
12825935 950.499270
12825902 951.636534
12825698 952.779487
12825498 953.922133
12825380 955.058329
12825102 956.199753
12824943 957.343087
12824799 958.478931
12824757 959.607303
12824651 960.743181
12824600 961.872974
12824566 963.006893
12824534 964.136087
12824475 965.263152
12824417 966.391085
12824300 966.391092
12824277 967.514245
12824232 968.638795
12824127 969.744320
12824069 970.846891
12823991 970.846897
12823626 970.846899
12823615 971.948923
12823587 973.044255
12823507 974.136463
12823464 975.237850
12823449 976.338914
12823392 976.338919
12823360 977.439121
12822986 978.533069
12822657 979.624366
12822619 980.715542
12822594 981.802503
12822401 982.883454
12822392 983.972091
12822263 986.145579
12822212 987.225926
12822203 988.310186
12822184 990.475709
12822147 991.557663
12822127 992.635478
12822092 993.715699
12822014 994.797741
12821942 995.876152
12821937 996.957344
12821907 998.041056
12821863 999.123677
12821783 1000.193585
12821774 1001.271511
12821751 1002.347914
12821742 1003.421296
12821710 1004.492163
12821699 1005.564591
12821684 1007.706622
12821656 1008.775489
12821642 1009.843131
12821627 1010.914295
12821593 1011.977506
12821549 1013.046973
12821543 1014.113791
12821534 1015.177990
12821474 1016.242258
12821460 1017.308967
12821373 1019.455263
12821258 1020.525803
12821244 1021.597865
12820729 1022.659641
12820694 1026.907331
12820184 1048.205864
12820181 1058.888027
12820117 1079.010378
12820108 1080.047832
12820099 1084.196152
12820097 1087.294680
12820097 1688.438773
