14471490 78.715422
14412980 78.715435
14399234 78.715437
14223160 78.715438
14207793 78.715441
14187814 78.715442
14182939 81.304058
14182900 83.897578
14160745 83.897584
14146095 86.466830
14144660 89.000888
14141890 91.514512
14140716 94.000638
14140222 94.000645
14138696 94.000647
14134028 94.000649
14123566 96.484710
14095025 98.951249
14093256 101.394777
14088003 103.824006
14083757 106.272215
14079891 108.664180
14078404 111.074851
14072479 113.493198
14071467 115.845648
14070908 118.221644
14070356 120.584488
14064523 122.946531
14062114 125.293488
14059464 125.293494
14057839 127.639878
14057710 127.639883
14056000 129.972571
14055305 132.302596
14054326 132.302602
14048423 134.613582
14046905 136.926120
14046199 139.225511
14045275 141.532554
14026490 141.532561
14023255 141.532563
14018591 143.845169
14017596 146.115849
14016314 148.391009
14012941 150.687747
14012772 152.957121
14011598 155.236335
14007992 157.497227
14004915 159.747438
14004096 162.007828
14003096 164.241897
14002019 166.468478
13999384 168.694153
13999016 170.925995
13994958 170.926001
13994748 173.151912
13994702 175.340674
13992022 177.544390
13991159 179.742743
13989929 181.936272
13987279 184.108888
13986239 186.294653
13984864 188.447003
13984586 190.619274
13983316 192.793629
13981019 194.947710
13980310 197.103402
13977248 199.245307
13977053 201.397278
13973870 203.537414
13973599 205.702918
13972714 207.830256
13971777 207.830262
13969031 209.959465
13966518 212.092323
13965330 214.204569
13964911 216.325102
13964016 218.418301
13963473 220.530251
13963095 222.655519
13958375 222.655525
13957587 224.753112
13957158 226.855365
13956562 228.947332
13956210 231.042883
13955967 233.138008
13953714 235.209239
13953532 237.298609
13953264 239.378653
13951486 241.463979
13951280 243.528152
13950982 245.580244
13950699 245.580251
13950543 247.621014
13944694 247.621020
13944443 249.675719
13944262 251.739523
13943945 253.780586
13943048 255.815251
13941646 257.849568
13940176 259.889518
13939929 261.912853
13938975 263.960089
13938678 265.974906
13938094 268.010877
13937618 270.017929
13936922 272.044721
13936683 274.062230
13936302 276.063287
13935841 276.063294
13935697 278.066246
13935425 278.066252
13935359 280.066847
13935126 280.066852
13934851 282.059315
13934136 284.247520
13929353 284.247528
13927659 286.288621
13927243 288.314001
13926582 290.337229
13926211 292.357924
13925535 294.374575
13925003 296.388177
13924281 298.410651
13924229 300.429049
13923816 302.436776
13923432 304.425499
13923304 306.434808
13922841 308.437080
13922006 310.442173
13921733 312.425750
13920792 314.439042
13920692 314.439050
13920557 316.425154
13920187 316.425160
13920013 318.399621
13919295 318.399629
13917999 320.396374
13917726 322.396843
13917369 324.376915
13915207 326.373245
13914704 328.366336
13914125 330.353288
13913577 332.336067
13913383 334.335184
13913132 336.321875
13912417 336.321882
13912349 338.308931
13912302 340.292865
13912273 340.292872
13912048 342.289279
13911597 342.289285
13911343 344.270624
13911195 346.253276
13910642 348.230935
13909365 348.230941
13908520 350.208378
13907505 352.185183
13907409 354.147353
13907259 356.114670
13907006 358.107042
13906428 360.075168
13905942 362.038041
13905375 363.991504
13904865 365.929833
13904750 367.880999
13903786 369.848477
13903405 371.798294
13903315 373.754147
13902809 375.686697
13902514 377.634021
13902105 379.569926
13901882 381.502288
13901775 383.448237
13901715 385.392931
13901129 387.341552
13900519 389.280536
13900176 391.212980
13899997 393.145927
13899921 395.074604
13899641 396.999215
13899323 398.917659
13899167 400.833335
13897356 402.757382
13896135 404.678451
13895795 406.593943
13895272 408.502665
13895060 410.428477
13894852 412.331660
13894820 414.237762
13894518 416.150661
13894495 418.062534
13894323 419.975555
13894267 421.860554
13894121 423.755487
13893819 425.651825
13893666 427.541326
13893451 427.541332
13893412 429.447759
13893184 431.336199
13892542 433.246546
13892368 435.132853
13885818 437.019825
13885198 438.900967
13884027 440.791144
13883969 442.678766
13882497 444.564585
13882164 446.426789
13881898 448.316713
13881608 450.197896
13881542 452.069607
13881315 453.941631
13880733 455.832892
13880716 457.757283
13880644 459.684647
13880435 461.627594
13880366 463.536471
13879522 463.536478
13879044 465.456912
13878166 467.324371
13877595 469.193303
13877480 471.049529
13877244 472.910539
13876869 474.773486
13876727 476.621192
13876442 478.480455
13874467 480.351085
13874174 482.217323
13863011 484.041780
13862899 485.908524
13862621 487.766949
13860988 489.608188
13860955 491.457617
13860234 493.305939
13860051 495.156210
13859931 496.997769
13859796 498.845134
13859591 500.704858
13855927 502.544162
13855860 504.399473
13853656 506.236861
13853428 508.061198
13852765 509.905834
13852655 511.736494
13852626 513.589675
13852623 515.410858
13852495 517.247738
13849408 519.077393
13849356 520.898899
13849058 522.732929
13848757 524.572822
13848727 526.419894
13848622 528.257696
13848472 530.078979
13848452 531.927954
13847661 531.927961
13847654 533.766478
13845874 535.593536
13845806 537.411170
13845663 539.222714
13845476 541.038689
13844681 542.859950
13844536 544.681425
13844309 546.511304
13842794 548.329695
13841501 550.151871
13841374 551.957931
13839475 553.793642
13838219 555.618810
13838138 557.441094
13838046 559.260682
13836658 561.077626
13836638 562.896975
13836450 564.716172
13835893 564.716179
13835098 566.554865
13834454 566.554871
13833441 568.364778
13833346 570.172038
13832746 571.982791
13831791 573.782058
13831562 575.584202
13831428 577.391895
13831264 579.210164
13831254 581.006361
13831128 582.817392
13831011 582.817398
13829019 584.773063
13828908 586.600565
13828432 588.409970
13827186 588.409978
13825110 590.220284
13825059 592.021343
13824284 593.816616
13824156 595.638460
13823365 597.456199
13823233 599.262022
13822027 601.077727
13821094 602.982060
13820910 604.883591
13820825 606.767715
13820467 608.661365
13820323 610.464740
13820029 612.273920
13819647 614.088582
13819617 615.894303
13819175 615.894310
13818724 617.685336
13817018 619.490444
13816945 621.284248
13814928 623.098142
13812764 624.883147
13812648 626.669628
13812614 628.476162
13812379 630.281981
13812316 632.079318
13808299 633.864575
13808190 635.680158
13807899 637.458764
13807887 639.237490
13807383 641.032994
13807335 642.840653
13807305 644.615365
13805612 646.396498
13804279 648.176795
13804252 649.966273
13804181 651.749898
13804074 653.534091
13804007 655.310215
13802084 657.100442
13799462 658.866984
13798703 660.657972
13798547 662.429073
13798466 664.232140
13797824 666.047647
13797590 667.915867
13797584 669.784336
13797535 671.667281
13796638 673.542422
13796630 675.386100
13796499 677.246670
13796182 679.131458
13795660 679.131465
13795284 681.009239
13795182 682.884421
13792879 684.764603
13792655 686.623157
13791571 686.623162
13790330 688.496419
13790281 690.363210
13790214 692.210652
13787068 692.210660
13786742 694.064032
13786725 695.937891
13785897 697.818151
13785826 699.689471
13785677 701.557610
13785454 703.441171
13785210 705.295207
13784527 707.152242
13784124 709.022217
13784070 710.867074
13783937 712.715790
13783865 714.560619
13783846 716.408936
13782608 718.258099
13782444 720.124736
13782411 721.981759
13781802 723.822411
13781384 725.676796
13780707 727.546788
13780323 729.377658
13780222 731.219039
13780154 733.079909
13779788 733.079917
13779677 734.938752
13778434 736.806238
13778151 738.670960
13777500 740.529159
13777464 742.371519
13777403 744.244668
13777382 746.103448
13777136 747.947450
13777044 749.807938
13776989 749.807945
13776079 751.646722
13774523 751.646729
13774405 753.492902
13773305 753.492909
13772706 755.331804
13767141 757.182878
13766832 759.046409
13766094 760.899089
13762271 762.754270
13762179 764.608011
13762009 766.430366
13761772 768.274457
13760896 770.100257
13760846 771.961837
13758352 773.808295
13756178 775.644865
13756085 777.499220
13754178 779.354586
13753040 781.210814
13751735 783.039454
13751728 784.896143
13751542 786.733084
13750820 788.588514
13750345 790.425188
13750328 792.260583
13750307 794.109106
13750294 795.948735
13750271 797.784419
13750242 799.609409
13750231 801.440400
13749846 803.270524
13748065 805.104556
13747493 806.956857
13747241 808.793886
13746001 810.614325
13741351 812.447386
13741251 814.268375
13740281 816.099969
13740247 817.940563
13739789 819.792724
13739737 821.631023
13739277 823.480955
13734698 825.325683
13733932 827.164797
13733306 828.984787
13733278 830.832792
13732899 832.661856
13732604 834.492561
13731951 836.328475
13731905 838.151509
13731125 839.990105
13730303 841.801406
13730248 843.621720
13730164 845.467400
13730030 847.297132
13730013 849.120003
13729813 850.933590
13729142 852.743210
13722411 854.558524
13721699 856.392132
13721662 858.231815
13721542 860.067603
13721291 861.890460
13719211 863.716604
13718656 865.551514
13717886 867.373301
13717412 869.204876
13717307 871.035931
13717236 872.870008
13717103 874.701002
13715378 876.512748
13714970 878.245249
13714829 879.996060
13714806 881.743589
13714652 883.468852
13713003 885.366120
13712923 887.096829
13712205 888.830318
13711952 890.567251
13711827 892.293648
13711688 894.031447
13711604 895.755971
13711582 897.452403
13711036 899.172835
13710988 900.885629
13710769 902.598941
13710720 904.324255
13710682 906.061133
13710095 907.798723
13710045 909.520412
13710034 911.230806
13709813 912.950003
13708833 914.677855
13708665 916.398851
13708193 918.110128
13707923 919.831186
13707343 921.555886
13707341 923.280440
13706782 925.020744
13706646 926.740012
13706625 928.472489
13706357 930.203324
13705635 931.935986
13704199 933.668954
13704144 935.385712
13704089 937.117752
13703937 938.851870
13702892 940.567706
13702312 942.283154
13702096 944.020093
13701714 945.739920
13700942 947.464884
13700038 949.198398
13699162 950.932854
13699052 952.665336
13697194 954.398674
13693927 956.131446
13693509 957.850396
13693017 959.571481
13692428 961.284979
13692378 963.006288
13691745 964.720056
13691642 966.438233
13690417 968.170330
13689860 969.891001
13689518 971.616893
13689256 973.352221
13689237 975.081241
13688736 976.795731
13688637 978.528077
13688622 980.249730
13688461 981.977198
13688133 981.977205
13688020 983.705718
13687547 985.425819
13687250 987.131839
13687100 988.861583
13687049 990.585631
13686250 990.585637
13686049 992.325241
13685586 994.066769
13685486 995.783629
13685399 997.498898
13685182 999.219198
13684427 1000.999039
13684144 1002.788466
13683263 1004.581030
13683222 1006.389632
13681380 1008.227248
13681378 1010.036339
13681355 1011.832359
13681331 1013.618407
13681251 1015.405257
13680547 1017.228861
13680524 1019.018485
13680514 1020.804923
13679846 1022.531664
13679658 1024.263992
13679292 1025.992577
13678837 1027.716908
13678342 1029.442975
13669888 1031.167303
13669341 1032.892576
13669339 1034.608103
13669297 1036.336850
13669147 1038.064232
13668574 1039.792987
13668037 1041.507803
13667702 1043.215951
13667670 1044.945727
13667288 1046.673785
13666252 1048.395101
13666251 1050.116984
13666131 1051.837571
13666068 1053.569030
13666059 1055.290671
13665946 1057.032100
13665769 1058.758804
13665555 1060.472649
13665256 1062.206320
13663713 1063.934598
13663126 1065.671839
13663033 1067.400373
13662725 1069.138790
13661900 1070.858850
13661634 1072.575377
13661546 1074.305394
13661393 1076.019371
13661325 1077.745961
13660765 1079.473051
13660366 1081.216521
13660296 1082.952738
13660283 1084.693155
13660054 1086.408067
13660041 1088.149069
13660029 1089.867470
13659683 1091.591850
13659023 1093.337106
13658779 1095.065852
13658189 1096.796549
13657569 1098.517321
13657540 1100.248550
13657460 1101.976229
13656697 1103.696177
13656128 1105.412531
13656074 1107.123941
13655590 1108.863600
13655411 1110.595296
13654064 1112.333645
13653529 1114.068209
13653040 1115.780895
13653038 1117.506442
13652664 1119.249444
13651092 1120.984689
13650883 1122.709591
13650862 1124.447368
13650755 1126.192360
13650704 1127.919367
13650653 1129.650675
13650622 1131.387800
13649494 1133.120912
13649023 1134.847460
13648725 1136.580139
13648681 1138.317630
13648224 1140.052015
13648140 1141.793855
13647672 1143.542509
13647137 1145.295022
13646819 1147.033459
13646490 1148.763345
13646364 1150.519343
13646339 1152.248544
13646204 1153.986518
13645661 1155.717651
13645643 1157.462817
13645570 1159.202028
13645500 1160.946021
13645464 1162.687960
13645461 1164.413103
13645390 1166.158343
13645167 1167.898369
13645037 1169.613674
13644496 1171.352335
13643639 1173.078178
13643531 1174.822889
13643447 1176.563927
13643089 1178.291492
13642589 1180.053655
13642372 1181.777540
13641742 1183.512059
13639052 1185.435776
13637577 1187.157707
13637534 1188.855414
13637505 1190.565059
13637338 1192.297027
13636995 1194.016015
13636924 1195.739709
13636854 1197.461228
13636340 1199.176206
13636326 1200.890733
13635957 1202.620106
13634751 1204.341063
13634615 1206.070306
13634408 1207.792503
13633566 1209.517485
13633115 1211.228545
13632734 1212.944352
13632167 1214.670999
13631512 1216.401564
13631261 1218.113944
13630224 1219.835140
13629781 1221.561972
13629636 1223.296617
13629356 1225.041778
13629258 1226.766440
13629212 1228.485823
13628620 1230.209635
13628361 1231.932864
13628286 1233.655303
13628267 1235.374708
13627636 1237.099778
13627563 1238.823763
13627484 1240.542218
13627389 1242.251234
13626798 1243.976668
13626747 1245.708431
13626608 1247.420095
13626064 1249.148196
13625893 1250.882519
13625836 1252.612989
13625756 1254.343430
13625638 1256.082066
13625480 1257.811559
13625370 1259.533358
13625221 1261.269132
13625216 1263.013237
13624766 1264.738787
13623517 1266.464551
13623271 1268.202975
13622641 1269.939447
13622281 1271.669081
13622219 1273.406496
13621888 1275.155982
13621775 1276.890520
13621724 1278.631046
13621432 1280.368760
13620485 1282.121940
13620229 1283.864734
13620076 1285.595617
13618467 1287.343532
13618294 1289.092199
13618116 1290.819927
13617804 1292.558819
13617609 1294.281788
13617269 1296.016356
13616821 1297.766131
13616539 1299.521639
13616270 1301.261380
13616070 1303.005572
13614824 1304.747901
13614740 1306.485991
13614539 1308.229963
13614531 1309.969831
13614411 1311.713843
13613894 1313.459371
13613523 1315.216272
13613036 1316.980997
13612752 1318.728883
13612595 1320.487448
13612460 1322.238773
13610010 1323.986802
13609938 1325.739667
13609554 1327.494854
13609340 1329.250298
13608991 1331.011235
13608700 1332.745319
13608629 1334.497676
13608417 1336.262562
13608316 1338.023765
13607952 1339.766843
13607800 1341.528798
13607733 1343.283828
13606298 1345.038321
13606086 1346.785268
13606033 1348.542284
13605968 1350.303077
13605858 1352.054168
13605546 1353.808257
13605523 1355.575721
13605041 1357.343060
13604989 1359.113162
13604945 1360.881367
13604676 1362.638015
13604667 1364.391473
13604265 1366.138124
13604186 1367.904042
13604026 1369.657041
13603860 1371.415917
13603803 1373.175582
13603792 1374.926182
13603316 1376.690523
13603292 1378.450257
13603245 1380.238353
13603244 1382.002727
13602973 1383.768989
13602597 1385.549439
13602240 1387.316406
13602193 1389.081202
13601831 1390.849414
13601734 1392.612262
13601294 1394.373231
13601259 1396.136720
13601004 1397.912652
13600882 1399.685913
13600819 1401.451762
13600717 1403.217189
13600568 1404.999944
13600415 1406.790454
13600310 1408.561265
13600103 1410.311094
13600059 1412.089450
13600056 1413.861643
13599662 1415.633652
13599633 1417.417914
13599564 1419.215183
13599446 1420.988067
13599331 1422.781568
13599211 1424.560200
13598805 1426.334825
13598538 1428.109366
13598371 1429.892112
13598195 1431.694707
13597310 1433.471082
13596868 1435.256770
13596304 1437.051007
13596046 1438.845817
13595679 1440.639298
13595221 1442.436998
13595183 1444.242204
13595078 1446.035797
13594905 1447.819158
13594664 1449.615235
13594623 1451.403173
13594391 1453.186323
13594334 1455.006250
13594252 1456.812796
13594238 1458.607690
13594184 1460.429186
13594028 1462.226181
13593798 1464.025241
13593689 1465.826137
13593608 1467.627488
13593321 1469.429470
13593223 1471.214401
13592674 1473.018557
13592502 1474.808458
13592376 1476.615601
13592356 1478.411711
13592188 1480.223579
13592016 1482.015792
13591975 1483.818005
13590391 1485.790522
13590381 1487.605212
13590357 1489.425633
13590112 1491.247429
13589964 1493.074433
13589560 1494.895205
13589502 1496.719444
13589359 1498.557449
13588920 1500.392708
13588734 1502.231435
13588503 1504.063426
13588349 1505.880964
13587871 1507.727942
13587846 1509.548176
13587771 1511.375652
13587313 1513.212921
13586984 1515.053387
13586956 1516.896246
13585932 1518.742305
13585874 1520.580991
13585418 1522.417738
13585412 1524.238530
13585262 1526.072638
13585005 1527.907419
13584916 1529.745994
13584851 1531.584431
13584758 1533.430697
13584548 1535.268931
13583939 1537.107232
13583813 1538.954415
13583611 1540.795367
13583591 1542.634699
13583156 1544.477868
13582892 1546.302462
13582197 1548.148164
13581839 1550.001946
13581690 1551.854168
13581681 1553.713366
13581436 1555.573502
13581273 1557.421744
13581178 1559.269298
13581172 1561.129025
13581124 1562.986982
13580918 1564.839004
13580874 1566.700223
13580705 1568.541707
13580702 1570.392665
13580478 1572.250124
13580198 1574.105844
13580168 1575.973952
13580022 1577.830459
13579746 1579.686334
13579620 1581.554517
13579612 1583.404517
13579465 1585.263124
13579261 1587.112936
13578587 1588.967016
13578479 1590.829805
13578182 1592.698219
13577947 1594.573999
13577719 1596.442016
13577646 1598.316591
13577433 1600.198193
13577100 1602.138469
13576993 1604.085759
13576844 1606.018091
13576684 1607.960806
13576535 1609.914187
13576468 1611.873702
13576325 1613.819253
13576292 1615.785167
13576163 1617.737714
13575907 1619.700431
13575848 1621.661832
13575454 1623.597589
13575214 1625.549579
13575048 1627.509278
13573509 1629.501612
13573473 1631.477939
13573466 1633.458407
13573400 1635.434308
13573187 1637.430136
13573180 1639.410754
13572883 1641.386920
13572858 1643.377679
13572702 1645.353397
13572539 1647.345730
13572460 1649.325080
13572053 1651.312023
13571934 1653.304460
13571785 1655.296827
13571718 1657.281881
13571609 1659.179275
13571583 1661.064695
13571428 1662.968092
13571378 1664.858432
13569972 1666.734461
13569628 1668.631263
13569623 1670.539399
13569612 1672.442517
13569586 1674.353431
13569359 1676.251383
13569146 1678.154263
13569002 1680.053999
13568732 1681.953465
13568588 1683.856234
13568465 1685.765893
13568349 1687.663338
13568208 1689.568935
13567896 1691.482498
13567870 1693.384978
13567816 1695.298657
13567660 1697.216258
13567578 1699.125755
13567532 1701.035020
13567342 1702.958135
13567253 1704.876669
13567147 1706.797477
13567041 1708.725167
13566560 1710.635108
13566296 1712.563706
13566185 1714.480307
13566114 1716.405146
13566073 1718.323222
13565992 1720.248428
13565912 1722.179886
13565786 1724.107576
13565412 1726.037451
13565367 1727.953386
13565284 1729.873612
13565065 1731.813004
13564753 1733.735484
13564485 1735.666300
13564434 1737.585805
13564383 1739.511799
13564299 1741.420598
13563988 1743.353942
13563917 1745.287565
13563803 1747.226335
13563428 1749.151525
13563308 1751.088699
13563021 1753.028724
13562706 1754.957614
13562675 1756.907277
13562643 1758.848079
13562606 1760.783324
13562495 1762.722289
13562492 1764.651025
13562143 1766.587811
13562099 1768.534125
13561968 1770.504495
13561829 1772.507102
13561551 1774.501324
13561447 1776.481853
13561403 1778.463756
13561094 1778.463763
13560921 1780.467589
13560570 1782.462286
13560526 1784.465626
13560367 1786.670467
13560115 1788.589035
13559921 1790.500601
13559871 1792.413274
13559785 1794.316876
13559776 1796.252671
13559588 1798.176307
13559373 1800.086253
13558943 1802.004119
13558593 1803.915782
13558511 1805.831196
13558334 1807.743000
13558125 1809.656976
13558022 1811.572445
13557764 1813.476030
13556772 1815.406445
13556705 1817.321775
13556523 1819.226887
13556333 1821.147394
13556233 1823.059185
13556162 1824.981746
13556123 1826.899381
13555978 1828.830285
13555697 1830.763453
13555639 1832.675888
13555439 1834.592390
13555300 1836.514789
13555042 1838.431428
13554897 1840.357616
13554301 1842.271787
13554272 1844.193618
13554218 1846.121242
13553796 1848.044267
13553724 1849.963409
13553710 1851.893097
13553704 1853.823679
13553389 1855.744873
13553300 1857.682269
13553282 1859.612552
13553131 1861.542085
13553075 1863.491007
13552947 1865.418883
13552800 1867.356743
13552727 1869.289995
13552659 1871.214817
13552577 1873.152923
13552389 1875.070327
13551964 1877.013599
13551881 1878.951557
13551738 1880.877070
13551679 1882.803523
13551529 1884.737213
13551400 1886.682949
13551090 1888.620166
13550955 1890.544974
13550894 1892.486342
13550751 1894.417366
13550728 1896.359703
13550645 1898.292085
13550340 1900.224269
13550315 1902.156906
13550282 1904.098979
13550274 1906.041637
13549994 1907.990375
13549922 1909.924899
13549828 1911.858521
13549793 1913.804644
13549714 1915.768531
13549533 1917.725721
13549498 1919.694569
13549286 1921.659239
13549083 1923.611810
13548989 1925.546019
13548892 1927.500012
13548789 1929.450757
13548760 1931.390646
13548680 1933.326211
13548503 1935.272612
13548468 1937.223194
13548454 1939.181708
13548388 1941.123359
13548362 1943.076431
13548327 1945.032962
13548261 1946.998771
13548094 1948.946200
13548071 1950.891596
13548009 1952.839524
13547988 1954.792714
13546968 1956.739651
13546937 1958.684630
13546798 1960.637632
13546782 1962.600436
13546764 1964.548014
13546672 1966.495196
13546590 1968.442898
13546371 1970.396826
13546270 1972.352579
13546249 1974.299865
13546239 1976.253005
13546058 1978.213332
13545838 1980.167737
13545817 1982.118271
13545581 1984.061862
13545537 1986.002961
13545416 1987.956996
13545349 1989.905833
13545291 1991.855886
13545223 1991.855892
13545077 1993.810299
13545071 1995.771838
13545031 1995.771844
13544920 1997.716455
13544918 1999.664530
13544822 1999.664536
13544756 2001.621700
13544669 2003.581151
13544650 2005.529030
13544354 2005.529039
13544267 2007.488139
13544067 2009.441760
13544046 2011.400415
13544023 2011.400422
13543977 2013.347941
13543768 2015.315408
13543652 2017.269153
13543607 2017.269162
13543602 2019.218449
13543525 2021.174457
13543419 2023.132343
13543364 2025.088823
13543250 2027.043470
13543097 2028.993242
13543059 2028.993250
13543058 2030.945458
13542649 2030.945464
13542645 2032.892587
13542325 2034.863946
13542304 2036.833683
13541932 2036.833690
13541910 2038.783846
13541869 2040.745028
13541776 2042.705511
13541755 2044.654469
13541752 2046.619261
13541651 2046.619266
13541460 2048.576905
13541401 2050.536487
13541383 2052.485692
13541292 2054.451760
13541112 2056.397924
13540803 2058.343620
13540528 2060.310733
13540404 2062.262325
13540303 2064.201302
13540294 2066.144898
13540218 2068.098752
13540189 2070.046514
13540015 2071.990260
13539918 2073.938076
13539890 2075.889737
13539691 2075.889744
13539410 2077.837587
13539374 2079.786786
13539253 2081.737682
13539150 2083.690730
13539088 2085.647530
13539000 2087.847581
13538896 2089.805317
13538862 2091.775386
13538748 2093.735961
13538735 2095.694956
13538703 2097.652366
13538663 2099.605854
13538391 2101.564807
13538254 2103.528034
13538205 2105.485119
13537946 2105.485126
13537870 2107.440829
13537811 2109.400587
13537748 2111.356061
13537487 2113.318985
13537419 2115.265539
13537378 2117.227857
13537346 2119.184934
13537306 2121.148620
13537261 2123.098325
13537101 2125.056199
13537022 2127.001155
13536949 2128.964440
13536902 2128.964446
13536870 2130.911897
13536709 2132.849913
13536612 2134.800186
13536597 2136.761552
13536554 2138.716898
13536525 2140.682852
13536465 2142.631963
13536459 2144.588286
13536410 2146.563354
13536407 2146.563361
13536368 2148.567360
13536308 2150.594104
13536307 2150.594112
13536223 2152.622346
13536204 2154.649437
13536188 2156.665985
13536127 2158.686131
13536100 2160.712338
13536028 2162.743229
13535941 2164.769460
13535850 2166.757303
13535834 2168.711798
13535768 2170.660750
13535734 2172.612015
13535695 2174.563148
13535680 2176.503462
13535593 2178.452827
13535590 2180.401768
13535580 2182.339531
13535565 2184.282668
13535553 2186.223024
13535529 2186.223030
13535486 2188.160206
13535450 2190.105434
13535428 2192.043158
13535381 2192.043163
13535377 2193.991164
13535372 2193.991171
13535348 2195.925014
13535183 2197.875291
13535128 2199.816773
1353508