12350858 86.591624
12297702 86.591639
12295906 86.591641
12165720 86.591642
12161783 89.205035
12128779 91.771076
12103409 94.311166
12090127 94.311172
12088366 96.833489
12084362 96.833497
12075180 96.833499
12069393 99.345844
12067874 101.819573
12056129 101.819579
12046446 104.281897
12034920 106.741382
12031636 109.196035
12029839 111.606996
12015438 114.037683
12010889 116.463134
12009936 118.862807
12002517 121.262789
11993111 123.645094
11990022 126.023028
11989441 128.391250
11986252 130.764036
11981449 130.764042
11981365 133.123211
11979959 133.123218
11978531 135.475734
11972264 137.811013
11971240 140.108552
11966312 142.407343
11964508 144.691160
11963215 144.691167
11963025 146.981348
11960307 146.981354
11958720 149.245454
11956686 151.514145
11953382 151.514152
11942496 153.747567
11941297 155.975098
11935584 158.203411
11933584 160.447998
11932240 162.653797
11929787 164.848486
11929486 167.036722
11923731 169.201232
11921676 171.369769
11916263 173.524541
11912536 173.524548
11910778 175.677642
11909238 177.827894
11904579 179.967775
11904103 182.083048
11903285 184.170099
11902074 186.271362
11900803 188.409451
11886746 188.409459
11885575 190.655386
11884225 192.751712
11880999 194.809670
11880403 196.847183
11876752 198.871870
11875811 200.897750
11875403 202.923275
11874195 204.948268
11872628 206.955611
11871646 208.939759
11870471 210.949399
11869115 212.954975
11868005 214.930537
11866498 216.915794
11864602 218.875921
11861448 220.840215
11860976 222.805335
11859630 224.786830
11856932 226.754068
11856636 228.702168
11856253 230.653611
11854937 232.589450
11854745 234.520960
11854353 236.443151
11854213 238.379634
11854208 240.312925
11853020 242.261949
11852507 244.178718
11851795 246.091506
11851405 248.027944
11847857 249.927532
11847837 251.858437
11846677 253.762575
11845354 255.682828
11844891 257.589538
11844561 259.498729
11844234 261.414999
11843703 263.328998
11843692 265.223326
11842655 267.115734
11841218 269.000582
11840297 270.866261
11839888 272.766756
11838806 274.631817
11838246 276.510986
11835286 278.392835
11835284 280.250653
11824724 280.250659
11824324 282.121918
11824082 284.010807
11823799 285.859468
11823042 287.717956
11822859 289.587903
11821468 291.457724
11821378 293.298665
11821211 295.163149
11820250 297.005843
11813140 298.862078
11812425 300.713069
11811193 302.562988
11810588 304.410791
11809062 306.267796
11808623 308.112318
11808226 309.950513
11806501 311.782733
11806305 313.616629
11804495 315.463074
11804000 317.289399
11803714 319.117189
11803532 320.957934
11802836 322.789275
11802417 324.603222
11802031 326.438174
11801982 328.261565
11801657 330.070516
11801296 331.882874
11800439 333.702701
11799785 335.517788
11799268 337.331475
11797964 339.130487
11796673 340.932717
11796048 342.720394
11794117 344.517123
11794090 346.303752
11793501 348.088396
11792977 349.879500
11792754 351.661036
11792659 353.459405
11791935 355.257192
11791521 357.036401
11790517 358.819999
11789958 360.607199
11789711 362.389868
11789473 364.168137
11789324 365.930085
11789037 367.693408
11788735 369.472651
11788544 371.255100
11788350 373.045405
11788292 374.813534
11787990 376.592551
11787875 378.367123
11787778 380.141716
11787694 381.925117
11787055 383.690413
11786692 385.455780
11786647 387.220159
11786132 388.960181
11786116 390.735305
11785685 392.491658
11785618 394.257702
11784738 396.020735
11781091 397.787364
11779488 399.538991
11779380 401.277577
11778694 403.030284
11778658 404.764593
11778121 406.504721
11776534 408.257988
11776509 410.016922
11776445 411.754461
11776262 413.501238
11776215 415.251006
11775931 416.990082
11775305 418.729630
11773969 420.471462
11773837 422.200750
11773686 423.942080
11773516 425.679518
11773258 427.421536
11773189 429.145502
11772841 430.883522
11772768 432.607489
11772278 434.332901
11772277 436.043560
11770985 437.777557
11770568 439.487444
11770315 441.201676
11770152 442.913277
11770106 444.642660
11769582 446.357783
11769359 448.075904
11769033 449.791882
11768847 449.791890
11768762 451.526865
11768415 451.526873
11768328 453.249755
11766290 454.979557
11766103 456.706840
11766063 458.423144
11765149 460.143927
11764922 461.859780
11764289 463.565480
11764055 465.286472
11763889 466.989815
11763767 466.989823
11762510 468.684600
11762334 470.399641
11762252 472.122856
11760004 473.827900
11759785 475.528223
11758726 475.528230
11758104 475.528232
11757631 477.244825
11755046 478.945232
11754407 478.945238
11752928 480.649332
11751961 482.363203
11750976 482.363208
11742784 484.064423
11742565 485.760981
11741011 487.463330
11741009 489.295806
11740655 491.086819
11740047 492.783157
11739763 494.487092
11739049 496.162716
11738969 497.861970
11738903 499.563689
11738871 501.275062
11738634 502.963517
11738612 504.661103
11735270 506.364326
11735181 508.055550
11734597 509.761963
11734448 511.462106
11732733 513.141271
11731565 514.833059
11731514 516.513985
11731504 518.221567
11730957 519.933231
11730440 521.619006
11730185 523.314750
11729974 524.988487
11729780 526.678501
11729330 528.357018
11727698 530.036814
11727161 531.717843
11726826 533.410294
11724958 535.102945
11724648 536.792188
11724099 538.478656
11723829 540.173263
11722083 541.850656
11721744 543.541889
11719219 545.229545
11719172 546.891423
11718712 548.579124
11718420 550.247422
11718044 551.931727
11717994 553.605984
11716049 555.280542
11713452 556.955850
11713310 558.630848
11712899 560.289221
11712856 561.962510
11712327 563.630710
11712194 565.308240
11712057 566.982193
11710852 568.652983
11710719 570.325819
11710376 572.003685
11710279 573.674159
11710194 575.352715
11710123 577.032247
11709867 578.699635
11709623 580.348767
11706210 582.015522
11706113 583.672287
11705903 585.337521
11704761 586.995826
11704477 588.650630
11703836 590.310872
11703634 591.961012
11703604 593.632058
11702830 595.295507
11701488 596.953928
11701303 598.613183
11701035 600.279056
11700399 601.944789
11700266 603.612405
11699818 605.253028
11698187 606.907460
11697706 608.571869
11697596 610.222738
11697495 611.880480
11697333 613.517954
11696807 615.165641
11696370 616.811372
11696275 618.467918
11695749 620.115893
11695716 621.781060
11694632 623.430310
11693789 625.071413
11693641 626.726180
11693081 628.384062
11692413 630.031610
11692247 631.678676
11689069 633.332166
11688383 634.994691
11688360 636.641085
11688355 638.280672
11685797 639.917219
11685695 641.562345
11685150 643.198595
11684714 644.845829
11684690 646.473357
11684616 648.107173
11681803 649.754484
11681692 651.421930
11681682 653.100244
11681040 654.774176
11681036 656.428163
11680642 658.083794
11680343 659.757296
11679232 661.399460
11675537 663.031144
11675522 664.685521
11675485 666.351269
11674735 668.003738
11674099 669.665337
11672905 671.325898
11672734 672.992259
11672090 674.632307
11670647 676.295700
11670627 677.948950
11670344 679.589151
11670159 681.258096
11670137 682.917346
11669699 684.573062
11668176 686.219387
11667542 687.882721
11667316 689.548507
11666768 691.216255
11666674 692.855550
11665661 694.493084
11665626 696.139062
11665157 697.782401
11664829 699.434325
11664818 701.078669
11664804 702.720521
11664763 704.378493
11662820 706.047958
11662081 707.707982
11662072 709.357755
11662064 711.002833
11660076 711.002838
11660071 712.658867
11660034 714.311560
11659988 715.960440
11659925 717.592626
11659843 719.244400
11658720 720.896287
11658687 722.533844
11657709 724.197931
11657633 725.854576
11657548 727.493139
11657174 729.137533
11657137 730.783302
11657102 732.423136
11656783 734.066840
11656209 734.066846
11655794 735.715000
11655514 737.352880
11654951 737.352887
11653448 739.011560
11653043 740.661011
11652803 742.304838
11652660 743.947621
11651990 745.601318
11651947 747.240447
11651058 748.885933
11650552 750.547021
11650477 752.186677
11650156 753.839891
11648828 753.839899
11648680 755.482887
11647858 757.125012
11647357 758.781721
11646054 760.421240
11645588 762.064693
11644243 763.716227
11644057 765.363071
11641843 767.010809
11641812 768.657786
11641080 770.287494
11640592 771.928155
11639942 773.598026
11639609 775.258023
11638870 776.913870
11636369 778.567974
11636163 780.198940
11636126 781.838895
11635101 783.483036
11634986 785.132431
11634985 786.787011
11634204 788.414777
11632687 790.245187
11632660 791.922362
11632293 793.608011
11632078 795.284812
11631878 796.977125
11631509 798.650581
11631495 800.304991
11631480 801.970754
11630527 803.633159
11630414 805.290092
11630398 806.939509
11630328 808.602082
11630073 810.256248
11629895 811.907960
11628552 813.557890
11627751 815.236215
11627352 816.888945
11627240 818.541218
11627079 820.208653
11627032 820.208660
11626995 821.873564
11625091 821.873570
11624420 823.527412
11623611 825.210955
11623500 826.878316
11623303 828.524331
11623231 830.185279
11622368 831.859885
11622333 833.510426
11622283 835.152590
11621744 836.803190
11621632 838.472380
11621196 840.145543
11621073 841.794826
11621060 843.458520
11620582 845.101655
11620334 846.771192
11619028 848.436330
11618571 850.091569
11618477 851.742873
11618450 853.411843
11617907 855.066226
11617601 856.717731
11617492 858.369815
11615962 858.369820
11615824 860.025844
11615410 861.687990
11615336 863.366290
11615111 865.031831
11615032 866.696138
11614794 866.696145
11614724 868.349209
11614639 868.349216
11613576 870.002903
11612946 871.658982
11611994 873.312101
11611143 874.972240
11610785 876.631468
11610735 878.304246
11610498 879.952696
11609825 881.623206
11609007 883.272645
11608924 884.925294
11607752 886.566304
11607286 888.216381
11607204 889.868807
11607106 891.532621
11606081 893.188873
11605473 894.844101
11605009 896.505409
11604911 898.156788
11604399 899.812866
11603843 901.477204
11603363 903.148112
11603345 904.800926
11603299 906.468014
11603097 908.137590
11602979 909.792999
11602641 911.443002
11601644 913.113146
11601580 914.788353
11600745 916.460510
11600677 918.140045
11599099 918.140051
11598626 919.812991
11598521 921.485320
11598247 923.161162
11598219 924.821442
11598107 926.497985
11598080 928.160652
11597649 929.818377
11597291 931.503467
11596516 933.164606
11596387 934.828636
11596066 936.494071
11595956 936.494078
11595775 938.158387
11595599 938.158393
11595591 939.823483
11595525 939.823489
11595494 941.485779
11595469 941.485786
11594766 943.165885
11594760 944.873367
11593826 944.873372
11593369 946.581513
11593027 948.280803
11590444 949.972562
11588961 951.629879
11588883 953.305915
11588880 954.972213
11588483 956.645663
11588338 958.310863
11588099 959.992360
11587591 961.663262
11587218 963.334841
11586506 964.993524
11586478 966.680261
11585677 968.342639
11585490 970.019676
11585342 971.696228
11585267 973.364201
11585177 975.016456
11584639 976.678884
11584092 978.346366
11583802 980.039736
11583461 981.761011
11583453 981.761018
11582965 983.498581
11582752 983.498588
11582057 985.236158
11582029 985.236165
11581603 986.972017
11581581 988.700235
11580874 988.700242
11580592 990.436526
11580233 992.169140
11580013 993.899927
11579927 995.613758
11579893 997.343880
11579648 999.073678
11579290 1000.807014
11578903 1002.549037
11578838 1004.274745
11578782 1006.005095
11578007 1007.744927
11577032 1009.486705
11577001 1011.225322
11576839 1012.959412
11576312 1014.690603
11575449 1016.427008
11575304 1018.170845
11574691 1019.899969
11574424 1021.647280
11573698 1023.372042
11572949 1025.115983
11572692 1026.834987
11572425 1028.580185
11572279 1030.318775
11571894 1032.063176
11571796 1033.797055
11571193 1035.552063
11570321 1037.286812
11569218 1039.028809
11568755 1040.753939
11568455 1042.498435
11568077 1044.252524
11568010 1045.999538
11567997 1047.746397
11567271 1049.491214
11567146 1051.215586
11567131 1052.954365
11565920 1054.695255
11564667 1056.448710
11563608 1058.181489
11562774 1059.929588
11562168 1061.673842
11561349 1063.425066
11560747 1065.187387
11560537 1066.961364
11560483 1068.705237
11560438 1070.452636
11560421 1072.156701
11559008 1073.837893
11558740 1075.527385
11558406 1077.207886
11558320 1078.902333
11557897 1080.590663
11557859 1082.270586
11557655 1083.955698
11556937 1085.646163
11556514 1087.329051
11556325 1089.025925
11556076 1090.884102
11555717 1092.615648
11555401 1094.330508
11555371 1095.984491
11554287 1097.630152
11554168 1099.273314
11553810 1100.917980
11553421 1102.574889
11553251 1104.215545
11552622 1105.862759
11552229 1107.511611
11552167 1107.511618
11552085 1109.161503
11551558 1109.161509
11551436 1110.825187
11550781 1112.479489
11549286 1114.112510
11549131 1115.777711
11549119 1117.432835
11547842 1119.099443
11547358 1120.735257
11547299 1122.389075
11547291 1124.063313
11546741 1125.708340
11546345 1127.362491
11545712 1129.013836
11545295 1130.659530
11545268 1132.320391
11544887 1133.983326
11544552 1135.642045
11544153 1137.302658
11543684 1138.958412
11543515 1140.622223
11543131 1142.282740
11542935 1143.957258
11542444 1145.623985
11542367 1147.289781
11542091 1148.955447
11541554 1150.612213
11541165 1152.269565
11541154 1153.929442
11541152 1155.596866
11540301 1157.263508
11540247 1158.922247
11539895 1160.587551
11539474 1162.250173
11539347 1163.924307
11539047 1165.581846
11538654 1167.241961
11537848 1168.901868
11537843 1170.550814
11537720 1172.229788
11537434 1173.893210
11537126 1175.553943
11537039 1177.222861
11536953 1178.888133
11536889 1180.561030
11536605 1182.224931
11536589 1183.903794
11536588 1185.578110
11536527 1187.260974
11535904 1188.933993
11535695 1190.603662
11535625 1192.276620
11534646 1193.964666
11534453 1195.635915
11533787 1197.312575
11533742 1198.989534
11533673 1200.662334
11533392 1202.334233
11533388 1204.010104
11533148 1205.675831
11533122 1207.355246
11532984 1209.028559
11532570 1210.691952
11532242 1212.363538
11532042 1214.025873
11531910 1215.707372
11531722 1217.380905
11528707 1219.059974
11528644 1220.747927
11527881 1222.426550
11527833 1224.094584
11527621 1225.768166
11527535 1227.438819
11527320 1229.115904
11527243 1230.789212
11527131 1232.462579
11526477 1234.143608
11526371 1235.820337
11526205 1237.498458
11525592 1239.179264
11525565 1240.848277
11525249 1242.522747
11524897 1244.208768
11524274 1245.889079
11524201 1247.569834
11524055 1249.254973
11523888 1250.948725
11523842 1252.630613
11523579 1254.303346
11523315 1255.985067
11523083 1257.665706
11522693 1259.357033
11522676 1261.036131
11522578 1262.725446
11522388 1264.410100
11522178 1266.102628
11522012 1267.803739
11521977 1269.491341
11521681 1271.188176
11521404 1272.873530
11521209 1274.571918
11521000 1276.258550
11520920 1277.957783
11520699 1279.655587
11520690 1281.348950
11520684 1283.037198
11520529 1284.726303
11520443 1286.415571
11520435 1288.103580
11520223 1289.798276
11519973 1291.491585
11519825 1293.192750
11519649 1294.890575
11519386 1296.575778
11519140 1298.261932
11518958 1299.971086
11517728 1301.671470
11517541 1303.382426
11517349 1305.084067
11517068 1306.780841
11516556 1308.472747
11516390 1310.168000
11516283 1311.875240
11516037 1313.564656
11515936 1315.265749
11515750 1316.966924
11515636 1318.662799
11515205 1320.356127
11515086 1322.056218
11514938 1323.756691
11514736 1325.458710
11514520 1327.150507
11514464 1328.853785
11514258 1330.556858
11513722 1332.247250
11513677 1333.942218
11513502 1335.641867
11513453 1337.340075
11513430 1339.047308
11513200 1340.740861
11513193 1342.435292
11512857 1344.128495
11512750 1345.836695
11512632 1347.554637
11512103 1349.253733
11511866 1350.966247
11511455 1352.673528
11511322 1354.396157
11511259 1356.091505
11511151 1357.794450
11511083 1359.496006
11510827 1361.196695
11510759 1362.904477
11510574 1364.600533
11510491 1366.322415
11510426 1368.023352
11510182 1369.730324
11510088 1371.434302
11509912 1373.134970
11509677 1374.849070
11509600 1376.554557
11509596 1378.275142
11509527 1379.978695
11509284 1381.688108
11509253 1383.396836
11509049 1385.110632
11508649 1386.813626
11508575 1388.520002
11508507 1390.227163
11508294 1392.175851
11508238 1393.916864
11507955 1395.619523
11507367 1397.327285
11507270 1399.037617
11507157 1400.742617
11506988 1402.452888
11506906 1404.155802
11506756 1405.851878
11506642 1407.560069
11506422 1409.275408
11506267 1410.990762
11505830 1412.697349
11505681 1414.399404
11505412 1416.105831
11505201 1417.810412
11505083 1419.512280
11504964 1421.210445
11504883 1422.921892
11504837 1424.627913
11504672 1426.337162
11504349 1428.045534
11504166 1429.766625
11503904 1431.470812
11503734 1433.169274
11503688 1434.874837
11503584 1436.583668
11503321 1438.295078
11503267 1440.002712
11503153 1441.719318
11503054 1443.424395
11502981 1445.137744
11502943 1446.850333
11502818 1448.568681
11502733 1450.284443
11502698 1451.984289
11502510 1453.688820
11502242 1455.406197
11502225 1457.131072
11502166 1457.131078
11502115 1458.840270
11501771 1460.568844
11501659 1462.284654
11501549 1464.008212
11501537 1465.715068
11501315 1467.431343
11501101 1469.144128
11501090 1470.860884
11500992 1472.573442
11500937 1474.282379
11500805 1476.000311
11500724 1477.710117
11500505 1479.420172
11500393 1481.135817
11499591 1482.866598
11499480 1484.582286
11499429 1486.299987
11499397 1488.023397
11499205 1489.737671
11499201 1491.442760
11499098 1493.153103
11498926 1494.862097
11498890 1496.577055
11498486 1498.290221
11498433 1500.004506
11498387 1501.714967
11498228 1503.421214
11498110 1505.129623
11497427 1506.831390
11497351 1508.535276
11497123 1510.250216
11496843 1511.957982
11496815 1513.674969
11496712 1515.384421
11496600 1517.089650
11496340 1517.089656
11496328 1518.780960
11496290 1520.484482
11496195 1522.197213
11496182 1522.197219
11495933 1523.905501
11495912 1525.611620
11495163 1525.611625
11495156 1527.324886
11495118 1529.041815
11494757 1530.758451
11494557 1532.470569
11494507 1534.174106
11494367 1535.885068
11494357 1537.596128
11493696 1539.310040
11492618 1541.014922
11492342 1542.723907
11492330 1544.435463
11491910 1546.143601
11491882 1547.843196
11491865 1549.551801
11491819 1551.258110
11491740 1552.962893
11491487 1554.662380
11491379 1556.370447
11491374 1558.080038
11491255 1559.777747
11491151 1561.480686
11491087 1563.182946
11491043 1564.884337
11491039 1566.577602
11490842 1568.292195
11490712 1569.996039
11490578 1571.696338
11490526 1573.416413
11490390 1575.121558
11490329 1576.838529
11490221 1578.542280
11489998 1580.244075
11489858 1581.945222
11489793 1583.653662
11489665 1585.360795
11489625 1587.066086
11489599 1588.764183
11489581 1590.472880
11489301 1592.175169
11489238 1593.881711
11488996 1595.583619
11488966 1597.282328
11488937 1598.972021
11488923 1600.666942
11488882 1602.356264
11488822 1604.059183
11488739 1605.759242
11488476 1607.462945
11488441 1609.163506
11488371 1610.866963
11488126 1612.565462
11487717 1614.270056
11487696 1615.971207
11487663 1617.665588
11487583 1619.358454
11487547 1621.056107
11487365 1622.747320
11487291 1624.450424
11487129 1626.152308
11487124 1627.847024
11487088 1629.541382
11486322 1631.242663
11486294 1632.940718
11486182 1634.635706
11486126 1636.336382
11486064 1638.036970
11486049 1639.737564
11485983 1641.426107
11485969 1643.117084
11485717 1644.806050
11485676 1646.498782
11485669 1648.197476
11485665 1649.884113
11485285 1651.583814
11484607 1653.279570
11484600 1654.979328
11484595 1656.674892
11484413 1658.373767
11484318 1660.060281
11484299 1661.759079
11484280 1663.445653
11484260 1665.128207
11484201 1666.828061
11484188 1668.520219
11484176 1670.219009
11484148 1671.898989
11484085 1673.593015
11484063 1675.290668
11484043 1676.971779
11483990 1678.670773
11483938 1680.354354
11483917 1682.029755
11483727 1683.721881
11483705 1685.409330
11483687 1687.084290
11483679 1688.762964
11483581 1690.440345
11483533 1692.353077
11483473 1694.045586
11483057 1695.749801
11483028 1697.446274
11482994 1699.151341
11482966 1700.854124
11482940 1702.558891
11482906 1704.252107
11482877 1705.940500
11482873 1707.648525
11482791 1709.367425
11482731 1711.064041
11482681 1712.746373
11482662 1714.446203
11482658 1716.145917
11482651 1719.530645
11482635 1721.226276
11482608 1722.916466
11482443 1724.606982
11482413 1726.294220
11482399 1727.996966
11482321 1729.684773
11482293 1731.372739
11482259 1733.054800
11482090 1734.740398
11482040 1736.427960
11481978 1738.110028
11481954 1739.795103
11481916 1741.487100
11481699 1741.487108
11481671 1743.168205
11481634 1744.841520
11481562 1746.518656
11481348 1748.202446
11481347 1749.882086
11481307 1753.258740
11481305 1754.940945
11481296 1756.619372
11481072 1758.285999
11481064 1759.961986
11481036 1761.626279
11481008 1763.296892
11480845 1764.976551
11480804 1766.651941
11480802 1768.323546
11480783 1769.990172
11480745 1771.659337
11480735 1773.330652
11480719 1775.000454
11480707 1776.686548
11480699 1778.396219
11480640 1778.396226
11480611 1780.100426
11480605 1781.805918
11480596 1781.805924
11480568 1783.513329
11480519 1783.513335
11480487 1785.210579
11480469 1786.913887
11480447 1790.269824
11480368 1790.269830
11480333 1791.928000
11480296 1793.589401
11480162 1795.265988
11480039 1795.265994
11479988 1796.929406
11479962 1798.592585
11479949 1800.259901
11479946 1800.259906
11479916 1801.902472
11479901 1803.573964
11479842 1805.220776
11479813 1806.871432
11479797 1808.529736
11479650 1810.184133
11479635 1811.845042
11479613 1813.500695
11479601 1815.153592
11479595 1816.825074
11479588 1816.825080
11479582 1818.510484
11479543 1818.510491
11479182 1818.510493
11478968 1820.192107
11478958 1821.882340
11478952 1823.564510
11478860 1825.249816
11478846 1826.935706
11478793 1828.621201
11478773 1830.306381
11478753 1831.987127
11478750 1833.672052
11478740 1837.033554
11478577 1838.731780
11478469 1840.423108
11478422 1842.104740
11478353 1843.784428
11478347 1845.467421
11478319 1847.136515
11478182 1848.822768
11478112 1850.501407
11478066 1852.181959
11478063 1853.858891
11478044 1855.539447
11478027 1857.207428
11477863 1858.878871
11477847 1860.566655
11477841 1862.240928
11477590 1863.922188
11477583 1865.579171
11477521 1867.253427
11477515 1868.922065
11477499 1870.589153
11477493 1872.268696
11477473 1873.941247
11477463 1875.617893
11477452 1877.280544
11477441 1878.943514
11477433 1880.616771
11477417 1882.275739
11477409 1883.939340
11477405 1885.597276
11477391 1887.244628
11477380 1892.218318
11477371 1893.877814
11477370 1895.538663
11477368 1898.845144
11477353 1903.701592
11477345 1905.312933
11477259 1906.943126
11477255 1910.158649
11477254 1911.768061
11477248 1913.365148
11477231 1916.566982
11477188 1921.372217
11476993 1922.966241
11476990 1924.554363
11476970 1926.137192
11476956 1929.297831
11476953 1934.049383
11476936 1940.373835
11476931 1941.944878
11476918 1943.525128
11476900 1946.691280
11476865 1954.574745
11476861 1956.150248
11476844 1959.291531
11476836 1960.856424
11476832 1962.425363
11476829 1964.008466
11476825 1965.581614
11476824 1968.727226
11476807 1973.446806
11476802 1978.150957
11476799 1979.727218
11476743 1979.727225
11476734 1984.472038
11476720 1986.043011
11476700 1987.610040
11476692 1989.194985
11476680 1990.773805
11476669 1992.542139
11476657 1994.113959
11476643 1995.670501
11476637 1995.670509
11476615 1997.229811
11476611 2000.329121
11476594 2001.886168
11476586 2003.442107
11476547 2004.999825
11476537 2006.549918
11476531 2008.108271
11476525 2009.662751
11476517 2011.212884
11476511 2012.760887
11476507 2014.303832
11476490 2015.846813
11476482 2017.382873
11476481 2018.932018
11476347 2020.472516
11476306 2026.648372
11476281 2034.360645
11476230 2042.049020
11476120 2043.581123
11476120 2645.849790
