17490188 113.198113
17489768 113.198132
17452854 113.198133
17444543 113.198135
17433106 113.198136
17415000 113.198138
17349836 113.198139
17326428 113.198140
17250918 113.198142
17237840 113.198145
17221751 116.364251
17196935 116.364259
17186124 119.521829
17180362 122.619492
17179333 122.619497
17162723 122.619501
17115305 125.723580
17110152 128.779165
17105714 131.808725
17102941 131.808733
17098049 134.830827
17096383 137.812256
17094828 137.812265
17094735 140.764187
17088162 140.764194
17075960 143.686951
17075047 146.617987
17071476 149.516997
17064830 152.401943
17063657 155.240151
17060490 158.068505
17059969 160.908994
17059413 163.727419
17058564 163.727426
17055137 166.510471
17054637 166.510479
17053537 166.510481
17052420 169.263105
17052103 169.263112
17046665 172.037440
17044245 174.790293
17031077 174.790300
17027050 177.552027
17023848 180.313985
17019382 183.097834
17015198 185.853007
17014308 188.583966
17011751 191.303990
17009357 191.303997
17008407 194.050291
17007901 194.050298
17006311 196.765334
17004005 196.765342
17002360 199.467734
17000536 202.142835
16992398 204.765876
16989960 207.377169
16988549 209.935495
16984126 212.494873
16983561 215.069764
16982976 217.628243
16982096 220.166174
16980862 222.711904
16979232 225.247061
16973857 227.762505
16965882 230.282085
16965223 232.771613
16962334 235.251011
16960735 237.742388
16955215 240.223856
16953064 242.678725
16952834 245.147933
16951643 247.614158
16949913 250.079537
16948652 250.079543
16948097 252.527682
16944992 254.944288
16938982 257.427491
16936396 259.957374
16935788 262.383521
16934993 264.807957
16934590 267.215991
16933430 269.633662
16933262 272.045795
16930040 272.045801
16926245 274.444657
16924825 276.851232
16922876 279.262824
16922406 281.653098
16921501 284.055594
16920617 286.433858
16919428 288.798545
16916601 291.169748
16916050 293.525678
16910326 293.525684
16909282 295.877662
16907405 298.211778
16901228 300.537322
16900702 302.877566
16898902 305.232536
16897807 307.561219
16897392 309.891046
16896948 309.891051
16895041 312.208435
16894503 314.530009
16892265 316.882377
16889399 319.217452
16884986 321.505523
16882375 323.838003
16881134 326.123530
16878547 328.510056
16878315 330.836260
16877752 333.115321
16877111 335.406939
16875315 337.684137
16875155 339.972301
16872315 342.241328
16871339 344.522286
16871248 346.765529
16865985 349.025792
16857556 351.259894
16856270 353.511904
16855810 355.759016
16855738 358.011947
16855309 360.275834
16850190 362.498864
16849424 364.751988
16847658 367.010125
16846688 369.190055
16846103 371.375396
16843691 373.577757
16841069 375.795336
16840569 377.986751
16839833 380.196206
16839332 382.393994
16838219 384.595892
16838161 386.772739
16837611 388.975440
16837316 391.160683
16837087 393.404657
16837049 395.638030
16835432 397.813776
16834586 400.003934
16833917 402.184815
16833654 404.385052
16832836 406.555950
16832652 408.709735
16831883 410.861657
16831447 413.019728
16831160 415.169943
16829780 417.321040
16827789 419.442288
16827569 421.603215
16827058 423.708334
16827012 425.855323
16826753 427.978379
16826519 430.089893
16826392 432.208419
16826104 434.318066
16825379 436.426799
16825374 438.555475
16824196 440.665152
16824183 442.786403
16823838 444.893421
16822143 447.004672
16820231 449.125719
16819130 451.258244
16818389 453.365038
16816628 455.453603
16816048 457.527119
16815786 459.606944
16815424 461.713485
16815065 463.803432
16813878 465.884603
16812353 467.994140
16811352 470.073770
16811207 472.156972
16811164 474.219568
16808796 476.290884
16808241 478.368705
16807911 480.448096
16807553 482.500177
16807486 484.551722
16806007 486.623726
16805922 488.675879
16804660 490.761662
16804607 492.822439
16804396 494.867491
16803856 496.920686
16803450 498.967655
16802363 501.017625
16801620 503.092982
16801555 505.115499
16801374 507.147094
16801299 509.189133
16801234 511.223568
16801099 513.291072
16801052 515.306219
16800950 517.346080
16800811 519.402635
16800222 521.447624
16799992 523.477990
16799725 525.511179
16799088 527.544224
16799082 529.568139
16798283 531.605809
16797895 531.605818
16797841 533.643179
16797328 535.661110
16797019 537.686290
16796583 539.709309
16796029 541.726538
16795916 543.770154
16795515 545.781436
16792563 545.781441
16792452 547.785868
16792203 549.779415
16791996 551.792666
16791739 553.799360
16791162 553.799366
16791016 555.815803
16790535 557.825630
16790242 557.825636
16789617 559.964805
16787999 561.929842
16786573 563.872442
16786079 565.859967
16785911 567.835577
16785520 569.815558
16785179 571.780709
16785130 573.730637
16784844 575.716370
16784645 577.712571
16784558 579.690819
16784394 581.652572
16782936 583.590149
16782596 585.527962
16782484 587.488843
16773915 589.421045
16773092 591.375654
16770090 593.313453
16767800 595.255451
16767678 597.220863
16767576 599.176556
16767412 601.133913
16767263 603.069784
16767187 605.022477
16767023 606.985837
16766869 608.952757
16766783 610.902303
16766748 612.842090
16766151 614.762098
16766013 616.708151
16765963 618.619190
16765863 620.534957
16765846 620.534963
16765689 622.433683
16765555 624.365627
16765363 624.365633
16764036 626.288968
16763725 628.220068
16763177 630.152057
16763149 632.068379
16762511 634.006284
16762135 635.917198
16761323 637.826047
16759168 639.734226
16759014 641.661037
16758780 643.583023
16758692 645.500494
16758461 647.384660
16758006 649.303496
16756395 651.209590
16756278 653.110824
16756213 654.996711
16756110 654.996717
16755846 656.904352
16755522 658.822022
16754430 660.734629
16754212 662.613382
16753788 664.522300
16753779 666.420101
16752192 666.420108
16752005 668.320679
16751993 668.320685
16751986 670.238651
16751916 670.238657
16751861 672.122738
16749853 672.122744
16749376 674.024297
16747588 675.910913
16747475 677.813207
16747308 679.698894
16746675 681.597137
16746511 683.483949
16746428 685.382149
16736699 687.288147
16736027 689.191303
16735484 691.077687
16735240 692.954938
16734262 694.844408
16734085 696.722605
16733950 698.616709
16732461 700.496708
16726333 702.380048
16725845 704.242280
16725839 706.111578
16725563 707.967916
16725505 709.845355
16723856 711.728657
16723240 713.619908
16723086 715.481073
16722977 717.350940
16722922 719.196255
16722345 721.059863
16721844 722.924234
16715847 722.924240
16714289 724.790040
16714059 726.652431
16713891 728.508872
16713804 730.375888
16713703 732.246970
16713326 734.110878
16713243 735.974556
16710417 737.822823
16709966 739.670194
16709432 741.529944
16708793 743.374834
16698918 745.248968
16698369 747.150348
16696247 749.050588
16696111 750.962245
16695512 752.875863
16693660 754.749186
16693368 756.655985
16693135 758.518346
16692826 760.360191
16692324 762.200712
16691874 764.010721
16691718 765.855684
16691092 767.725525
16691075 769.623215
16690853 771.521718
16690307 773.417872
16689642 775.317592
16689532 777.202445
16689423 779.091457
16688668 780.997622
16688533 782.889956
16688491 784.790140
16688363 786.679562
16688243 788.599429
16688113 790.491369
16687703 792.393008
16687554 794.286413
16684547 796.177823
16684514 798.084051
16684412 799.980396
16684042 801.885891
16680791 803.763057
16680207 805.660990
16680188 807.543572
16680072 809.449355
16679826 811.345684
16679677 813.232791
16679432 815.119017
16679136 817.024566
16678369 818.937465
16674949 820.847246
16674614 822.731106
16674604 824.616739
16673632 826.508750
16673326 828.402343
16672998 830.293267
16668383 832.178008
16668346 834.061354
16668313 835.967575
16667271 837.856962
16667269 839.768303
16666358 841.643602
16666347 843.539027
16666217 845.436405
16665914 847.280772
16665516 849.166527
16665463 851.032627
16665334 852.903716
16663161 854.777886
16663014 856.630512
16662790 858.600852
16661985 860.520655
16661545 862.354295
16661207 864.186693
16661020 866.016094
16660932 867.839633
16660806 869.652464
16660802 871.481154
16659495 873.311957
16659403 875.135256
16658796 876.957496
16658291 878.797641
16658014 880.626680
16655363 882.456518
16653116 884.270398
16653036 886.074358
16652763 887.902273
16652327 889.712087
16652319 891.515248
16652294 893.342670
16651694 895.143356
16651645 896.936433
16649561 896.936462
16649212 898.756106
16649088 900.563941
16648934 902.389640
16647823 904.221804
16647736 906.022833
16647660 907.823181
16645937 909.623672
16645364 909.623679
16644619 911.438997
16644514 913.250365
16643979 915.109641
16643924 916.969181
16643049 918.826037
16643000 920.663654
16640793 922.506230
16640771 924.323511
16640725 926.118987
16639736 927.936938
16639531 929.743445
16633832 931.554553
16632364 933.360178
16631253 935.174884
16629739 936.982195
16629664 938.771830
16629596 940.601785
16629532 942.419998
16628985 944.217449
16627302 946.023916
16627028 947.830231
16624965 949.621077
16624945 951.445167
16624470 953.238903
16624344 955.040796
16624242 956.850791
16623965 958.645619
16623385 960.436922
16623253 962.244947
16623247 964.060582
16622723 965.870758
16622677 967.676296
16621627 969.487607
16621523 971.311850
16621444 973.116153
16620606 974.938578
16620283 976.735568
16620147 978.561367
16619512 978.561373
16618477 980.367082
16618323 982.162875
16617878 983.985266
16617718 985.845413
16613842 987.698860
16613809 989.555743
16612374 991.386072
16612055 993.223705
16611951 995.078796
16611504 996.911364
16611487 996.911371
16610862 998.752448
16609824 1000.613325
16609374 1002.454225
16609072 1004.297988
16609064 1006.148475
16608988 1008.001119
16608667 1008.001126
16608554 1009.859658
16607970 1009.859665
16607418 1011.718648
16606878 1011.718656
16606702 1011.718658
16605750 1013.564085
16605497 1013.564092
16605352 1015.401168
16605306 1017.241741
16605256 1019.090756
16604509 1019.090763
16604175 1020.937316
16603135 1022.771728
16602568 1024.617808
16601834 1026.458983
16601814 1028.325199
16601713 1030.171675
16601467 1032.035861
16600817 1032.035868
16592867 1033.883319
16585762 1033.883326
16585548 1035.753423
16585459 1037.587053
16584532 1039.465968
16583775 1041.317656
16583765 1043.165580
16582736 1045.025458
16582028 1046.864723
16581340 1048.719719
16581279 1050.583792
16579406 1052.453811
16579399 1054.284035
16578935 1056.132781
16578587 1057.967148
16578532 1059.801774
16577846 1061.675767
16577754 1063.541274
16576053 1065.381781
16575473 1067.235704
16573822 1069.064927
16573199 1070.900867
16573147 1072.761976
16571861 1074.636086
16571434 1076.497419
16570952 1078.342483
16570830 1080.181030
16570337 1082.028618
16568443 1083.892717
16567742 1085.755607
16567714 1087.626339
16567410 1089.476818
16567187 1091.318420
16565829 1093.185039
16565690 1095.048891
16565578 1096.889259
16565468 1098.741404
16563812 1100.591207
16563109 1102.432364
16562797 1104.289541
16560733 1106.152121
16560653 1108.018485
16560437 1109.836161
16560001 1111.652463
16559576 1113.452491
16559387 1115.253713
16558318 1117.051171
16557578 1118.880833
16557380 1120.679812
16556954 1122.502659
16556637 1124.300797
16555718 1126.106927
16555131 1127.928713
16554709 1129.725185
16554698 1131.550354
16554274 1133.361522
16554006 1135.143289
16553952 1136.928019
16553835 1138.744627
16553655 1140.547293
16553063 1142.386806
16552338 1144.212565
16552333 1146.026090
16552158 1147.811980
16552125 1149.604846
16552035 1151.417118
16551934 1153.226681
16551773 1155.032963
16549009 1156.848428
16548694 1158.647967
16548630 1160.715725
16548460 1162.566385
16547964 1164.450374
16547101 1166.274273
16546816 1168.107517
16545819 1169.924868
16545740 1171.788687
16545690 1173.624268
16545628 1175.466315
16544900 1177.291807
16544227 1179.151261
16543635 1180.997715
16543456 1182.844768
16543269 1184.689986
16543161 1186.514053
16542556 1188.357283
16541534 1190.198738
16540911 1192.027877
16539105 1193.871135
16538418 1195.700300
16537974 1197.538536
16537656 1199.383848
16537266 1201.225434
16537021 1203.059660
16536958 1204.925350
16536759 1206.759862
16536371 1208.610428
16536213 1210.467960
16535913 1212.324001
16535095 1214.179293
16534902 1216.004341
16534603 1217.856802
16534519 1219.725202
16533303 1221.588985
16532908 1223.438779
16532018 1225.298746
16531804 1227.148616
16531695 1229.005594
16531451 1230.862134
16531364 1232.704343
16531311 1234.566780
16530751 1236.438326
16530258 1238.300577
16529300 1240.151889
16529037 1242.004955
16528196 1243.862696
16528162 1245.704793
16526976 1247.565805
16526527 1249.443670
16526309 1251.302254
16526283 1251.302262
16526006 1253.139453
16525986 1253.139461
16525806 1254.997011
16525434 1254.997018
16525089 1256.875015
16523575 1256.875022
16523502 1258.740158
16523467 1260.623880
16522883 1260.623888
16522607 1262.487915
16522580 1264.364217
16522403 1266.212143
16522137 1266.212151
16521814 1268.093604
16521709 1270.045190
16518814 1271.984485
16513866 1273.938617
16513717 1275.837773
16513166 1277.696508
16512775 1279.555766
16512386 1281.432244
16512134 1283.305657
16511671 1285.167122
16510851 1287.027230
16509299 1288.925874
16508767 1290.817834
16507444 1292.691354
16507058 1294.559792
16506885 1296.463685
16506693 1298.357219
16505694 1300.243565
16505688 1302.117428
16504454 1304.047933
16504123 1306.015847
16504067 1307.969344
16503644 1309.923197
16503315 1311.857311
16503165 1313.817539
16503125 1315.794131
16502924 1317.756643
16502880 1319.746787
16502526 1321.695522
16502371 1323.651674
16501683 1325.599576
16501568 1327.574312
16501088 1329.533840
16500687 1331.529404
16500563 1333.478210
16500071 1335.448144
16499173 1337.428462
16499147 1339.398187
16499142 1341.364767
16499020 1343.336497
16497993 1345.328961
16497871 1347.304941
16497746 1349.284211
16496335 1351.267366
16496125 1353.247704
16495822 1355.192162
16493981 1357.166416
16493231 1359.119699
16492055 1361.098828
16491593 1363.076564
16491214 1365.042066
16491102 1367.011529
16490730 1368.991216
16490666 1370.975722
16490274 1372.943880
16490069 1374.894426
16490052 1376.871066
16489807 1378.842072
16489575 1380.817852
16489284 1382.770880
16488709 1384.740744
16488574 1386.746883
16488548 1388.727674
16488462 1390.690691
16488130 1392.663700
16487537 1394.661456
16487319 1396.644964
16487273 1398.635325
16486525 1400.626714
16485341 1402.627471
16484887 1404.605077
16484503 1406.581449
16484308 1408.582845
16484085 1410.586111
16483997 1412.589473
16483848 1414.574324
16483774 1416.562650
16483530 1418.567761
16483485 1420.566765
16482479 1422.540324
16482318 1424.532783
16481557 1426.549464
16480859 1428.561143
16480733 1430.559792
16480469 1432.557627
16480306 1434.545800
16480190 1436.594506
16480035 1438.590531
16479833 1440.602339
16479676 1442.600999
16479422 1444.624559
16479235 1446.626942
16479202 1448.641590
16479082 1450.649093
16478754 1452.678434
16478324 1454.678789
16477895 1456.698845
16477875 1458.721813
16477763 1460.860208
16477553 1462.776525
16477256 1464.700558
16477133 1466.619061
16476551 1468.554553
16474971 1470.511455
16474728 1472.465752
16474584 1474.401596
16474135 1476.351235
16473714 1478.293601
16473689 1480.228838
16473491 1482.163547
16473459 1484.109442
16472180 1486.074219
16471606 1488.100588
16471471 1490.132927
16471110 1492.125864
16471010 1494.147919
16470890 1496.153216
16470653 1498.173893
16470428 1500.175954
16470223 1502.193677
16469301 1504.174555
16468757 1506.130974
16468727 1508.084478
16468588 1510.045566
16468492 1511.994948
16468435 1513.943122
16467814 1513.943128
16467744 1515.911230
16467462 1517.853186
16467181 1519.799196
16467098 1521.768120
16466759 1521.768127
16466727 1523.729965
16466350 1523.729972
16465147 1525.670018
16465146 1527.623411
16464853 1529.598509
16464461 1529.598516
16464111 1531.570755
16464075 1533.522982
16464024 1535.483736
16463626 1537.464849
16463517 1537.464855
16463320 1539.445303
16463016 1541.414580
16462797 1543.371526
16462660 1545.341503
16462614 1547.297271
16461264 1549.257220
16461252 1551.233770
16460981 1553.201833
16460917 1555.157385
16460710 1557.120883
16460699 1559.092214
16460406 1559.092220
16460036 1561.076475
16459590 1563.037170
16457599 1564.996771
16457141 1566.960231
16457111 1568.933002
16456912 1570.935730
16456474 1572.919333
16456195 1574.902439
16455703 1576.866395
16455532 1578.835946
16454699 1580.842911
16454696 1582.820253
16454183 1584.821034
16453737 1586.809749
16453644 1588.810174
16453310 1590.805759
16453231 1592.783830
16453217 1594.762452
16451945 1594.762458
16451425 1596.753303
16450452 1598.746944
16450341 1600.716242
16450268 1602.703666
16450188 1604.694747
16449601 1606.688659
16449368 1608.683439
16449026 1610.667165
16448656 1612.653640
16448634 1614.658824
16448325 1616.669223
16447724 1618.648748
16447390 1620.618518
16447264 1622.604521
16447228 1624.603657
16446924 1626.599998
16446580 1628.612157
16446115 1630.611243
16445718 1632.615012
16445113 1634.630595
16443291 1636.631336
16442752 1638.637680
16442325 1640.654389
16442273 1642.684024
16442227 1644.725391
16441683 1646.743799
16441610 1648.759893
16441499 1650.791819
16441136 1652.830389
16440913 1654.825853
16440348 1656.843249
16440288 1658.861697
16439992 1660.894955
16439934 1662.911375
16439592 1664.913279
16439106 1666.930868
16439048 1668.956791
16438804 1671.004959
16438594 1673.056166
16438096 1675.069175
16437527 1677.065166
16437093 1679.113189
16436296 1681.159936
16435594 1683.202786
16435452 1685.266743
16435018 1687.310965
16434593 1689.349842
16434264 1691.386694
16433783 1693.444103
16433584 1695.504722
16433464 1697.550752
16430946 1699.590244
16430546 1701.653515
16430506 1703.703644
16429952 1705.749925
16429921 1707.798403
16429787 1709.842100
16429613 1711.900819
16429396 1713.949378
16428871 1715.989506
16428463 1718.035098
16428022 1720.082424
16427791 1722.137817
16427653 1724.192822
16427533 1726.255542
16427523 1728.325537
16427230 1730.395161
16426841 1732.453358
16426479 1734.528739
16426287 1736.579089
16425870 1738.650705
16425674 1740.708804
16425512 1742.762740
16425350 1744.819954
16425282 1746.881736
16425158 1748.944057
16424835 1751.001462
16424641 1753.065182
16424640 1755.130080
16424096 1757.207110
16423874 1759.281480
16423861 1761.550169
16423191 1763.620650
16423069 1765.693954
16422380 1767.759406
16422301 1769.851943
16422200 1771.913901
16422191 1773.993545
16421882 1776.098592
16421765 1778.176393
16421555 1780.253398
16421480 1782.339788
16421431 1784.433581
16421282 1786.521052
16421003 1788.598465
16420894 1790.690602
16420713 1792.776973
16420469 1794.870147
16420182 1796.962914
16420095 1799.036209
16420033 1801.131393
16419826 1803.221422
16419731 1805.320436
16419665 1807.421923
16419491 1809.512693
16419428 1811.601288
16419255 1813.681926
16418941 1815.767964
16418866 1817.846941
16418644 1819.937185
16418627 1822.031511
16418585 1822.031517
16418539 1824.118329
16418502 1824.118337
16418320 1826.214056
16418277 1826.214063
16418027 1828.315780
16417849 1830.401616
16417805 1832.501334
16417515 1834.612056
16417440 1836.710894
16417410 1838.787717
16417056 1840.879664
16416791 1842.975763
16416652 1845.075150
16416383 1847.178520
16416260 1849.302698
16416057 1849.302705
16415749 1851.408268
16415244 1853.503752
16414979 1855.597217
16414888 1857.691488
16414725 1859.788907
16414564 1861.879451
16414538 1863.989034
16414472 1866.152151
16414462 1868.314985
16414401 1870.478428
16414397 1870.478434
16414376 1872.632583
16413938 1872.632590
16413820 1874.792624
16413734 1876.941044
16413150 1876.941051
16412940 1879.090467
16412863 1881.245793
16412852 1881.245801
16412718 1883.414571
16412647 1885.583026
16412243 1885.583035
16412057 1887.754378
16411918 1889.921140
16411816 1892.085492
16411595 1892.085500
16410719 1894.239684
16410590 1896.389347
16410451 1898.551603
16410187 1900.721061
16410045 1902.881906
16409923 1905.040668
16409579 1905.040674
16409241 1907.216703
16409139 1909.371255
16407867 1911.526956
16407710 1913.694930
16407536 1915.861478
16407417 1918.028907
16407414 1920.196138
16407262 1922.361235
16407107 1924.525579
16406933 1926.688681
16406625 1928.837684
16406545 1930.986844
16406335 1933.155658
16406127 1935.328142
16405987 1937.492072
16405648 1939.659624
16405347 1941.827279
16405270 1943.995296
16405154 1946.162202
16405021 1948.329030
16404914 1950.494135
16404760 1952.655518
16404600 1954.826715
16404578 1957.002778
16404571 1959.180878
16404507 1961.356610
16404314 1963.519372
16404270 1965.687701
16404058 1967.880668
16403937 1970.041852
16403851 1972.233414
16403718 1974.402924
16403626 1976.569248
16403576 1978.740432
16403039 1978.740465
16402839 1980.911618
16402671 1983.072427
16402533 1985.244824
16402337 1987.419705
16402137 1989.603370
16402103 1989.603379
16402021 1991.796266
16401909 1993.956834
16401575 1996.138183
16401366 1996.138190
16400478 1996.138192
16400202 1998.313941
16400183 2000.433057
16398961 2002.559317
16398909 2004.681479
16398830 2006.799649
16398618 2008.923296
16397920 2011.047408
16397647 2013.164592
16397543 2015.302037
16397461 2017.435375
16397276 2019.572376
16397244 2021.728197
16396567 2023.853986
16396291 2025.980754
16396149 2028.101402
16396081 2030.218118
16395825 2032.349701
16395667 2034.499834
16395533 2036.632849
16395416 2038.758075
16394681 2040.894464
16394225 2043.030113
16394164 2045.168688
16393930 2047.304039
16393830 2049.434901
16393788 2051.566987
16393785 2053.695760
16393741 2055.829680
16393619 2057.941484
16393577 2060.067484
16392671 2062.371035
16392466 2064.505060
16392403 2066.653961
16392279 2068.805987
16392205 2070.931899
16392058 2073.080161
16391791 2075.226066
16391703 2077.380460
16391644 2079.520896
16391579 2081.709773
16391516 2083.878085
16391477 2086.031237
16391382 2088.185038
16391302 2090.333514
16391201 2092.469894
16391151 2094.618472
16390974 2096.768743
16390880 2098.905059
16390854 2101.046324
16390721 2103.182077
16390557 2105.330459
16390364 2107.475722
16390141 2109.614572
16390123 2111.776901
16390044 2113.923505
16389999 2116.068688
16389814 2118.209676
16389637 2120.357678
16389634 2120.357684
16389618 2122.504896
16389506 2122.504903
16389380 2124.638483
16389273 2124.638489
16389145 2126.775912
16388929 2128.915516
16388832 2131.081710
16388725 2133.226195
16388572 2135.370070
16388481 2137.567660
16388454 2139.821145
16388314 2142.077308
16388298 2144.300054
16387744 2146.534002
16386452 2146.534009
16386196 2148.770996
16385984 2151.031869
16385608 2153.258911
16385556 2155.486466
16385482 2157.717762
16385466 2157.717767
16385356 2159.952673
16385158 2162.203433
16383446 2162.203439
16383337 2164.434390
16383156 2166.661814
16383090 2168.907938
16383067 2171.138041
16383038 2173.364811
16383008 2175.591479
16382712 2177.821458
16382561 2180.072044
16382423 2182.293118
16382188 2184.515341
16382181 2186.749559
16382123 2188.970417
16382106 2191.206014
16382065 2193.437270
16381831 2195.678524
16381799 2197.922392
16381774 2200.153661
16381754 2202.386426
16381699 2204.630605
16381410 2206.878704
16380933 2209.110423
16380865 2211.323810
16380851 2213.559947
16380337 2215.796067
16380334 2218.022091
16380328 2220.255946
16380302 2222.478841
16380267 2224.705874
16380209 2226.923109
16380162 2229.139733
16380105 2231.373638
16380059 2233.592590
16379501 2235.828189
16379421 2238.056159
16379213 2240.214151
16379066 2242.339271
16379041 2244.477157
16378934 2246.619791
16378927 2248.758024
16378917 2250.892887
16378830 2253.022768
16378810 2255.141383
16378764 2257.264366
16378618 2259.393820
16378418 2263.668790
16378385 2265.792587
16378378 2267.921867
16378351 2270.047716
16377974 2272.175158
16377954 2274.291217
16377902 2276.438950
16377738 2278.550808
16377562 2280.668655
16377515 2282.809767
16377484 2284.905491
16377408 2287.037832
16377379 2289.147842
16377347 2291.238487
16377345 2293.354413
16377261 2295.470834
16377194 2297.576170
16377186 2299.701857
16377184 2301.809866
16377144 2303.923005
16377141 2306.033064
16377139 2308.141262
16376934 2310.255967
16376928 2312.367210
16376909 2314.476612
16376873 2318.679651
16376800 2320.797425
16376792 2322.925265
16376657 2325.037190
16376653 2327.136558
16376651 2331.327063
16376640 2333.424461
16376633 2335.543887
16376629 2337.656192
16376587 2339.755384
16376519 2341.862574
16376496 2343.964630
16376472 2346.068055
16376436 2348.165913
16376172 2350.287658
16376100 2352.395088
16376068 2354.494402
16376035 2356.602326
16376003 2358.702394
16375934 2360.804231
16375901 2363.049219
16375895 2365.122289
16375892 2367.184622
16375843 2369.262719
16375838 2371.328271
16375651 2373.396790
16375648 2375.455297
16375600 2377.549239
16375234 2379.611194
16375181 2381.684272
16375021 2383.750213
16374994 2385.812643
16374982 2387.890354
16374961 2389.966510
16374914 2392.031317
16374699 2394.098506
16374667 2396.158662
16374519 2398.228611
16374489 2400.297715
16374428 2402.365160
16374388 2404.417436
16374263 2406.481526
16374209 2408.544032
16374172 2410.608813
16374156 2412.667040
16374153 2414.761059
16374152 2416.835278
16374148 2418.909929
16373594 2420.967788
16373554 2423.022870
16373515 2425.085332
16373427 2427.144818
16373229 2429.199349
16373214 2431.262852
16373211 2433.316042
16373201 2435.376076
16373196 2437.437342
16373176 2439.493225
16373173 2441.566332
16373154 2443.642691
16373080 2445.711688
16373074 2447.789877
16373060 2449.856955
16373000 2451.927268
16372905 2454.004313
16372896 2456.081239
16372892 2458.146308
16372889 2460.228488
16372886 2462.293759
16372884 2464.351156
16372822 2466.413091
16372808 2468.492950
16372804 2470.543922
16372788 2472.622650
16372776 2474.683107
16372758 2476.760378
16372743 2478.821966
16372739 2480.884639
16372734 2482.950286
16372732 2487.114451
16372728 2491.251660
16372594 2493.322453
16372566 2495.396206
16372562 2503.731261
16372560 2512.034188
16372509 2553.847059
16372488 2555.945637
16372446 2558.052195
16372427 2560.155187
16372389 2562.266268
16372370 2564.363957
16372323 2566.455345
16372291 2568.544825
16372278 2570.660375
16372253 2572.769739
16372233 2574.885485
16372227 2576.999529
16372212 2579.095736
16372191 2581.197864
16372183 2583.304183
16372173 2585.420967
16372165 2587.523172
16372156 2589.628302
16372151 2591.728321
16372139 2593.839553
16372120 2595.944245
16372115 2598.049805
16372105 2600.139836
16372101 2602.233468
16372098 2604.325546
16372090 2606.428430
16372083 2608.513287
16372073 2610.595633
16372066 2612.691718
16372061 2614.769016
16372057 2616.849095
16372055 2618.924354
16372052 2620.980647
16371996 2623.072689
16371994 2625.141087
16371662 2627.206879
16371659 2629.259453
16371658 2633.407268
16371656 2635.468390
16371654 2643.676518
16371624 2653.759971
16371623 2657.749884
16371589 2823.061587
16371576 2864.441631
16371576 3465.986641
