14610825 143.597070
14407054 143.597087
14399767 143.597089
14332410 143.597090
14319611 143.597092
14182201 143.597093
14123452 143.597095
14121630 146.788633
14115998 149.998615
14108487 153.170570
14105459 156.331432
14101599 159.451163
14099435 159.451170
14098125 162.530422
14094004 162.530429
14090301 165.626776
14088438 165.626784
14086650 168.943229
14078164 168.943237
14066001 171.985291
14037761 175.022780
14032681 178.014691
14027868 180.996219
14023704 183.955419
14020529 186.912940
14018195 189.927412
14016744 192.970403
14012058 195.972615
14001244 195.972622
13998888 198.907451
13996800 201.771684
13993980 204.659478
13991666 207.500420
13989711 210.303279
13988565 213.129295
13987060 215.941811
13984933 218.727825
13979779 221.508636
13978310 224.280039
13977527 227.055619
13968138 227.055626
13961785 229.816883
13935050 232.564585
13933245 235.298367
13929453 238.021135
13928719 240.739090
13926710 243.449131
13926440 246.154339
13926206 248.834344
13922711 251.504812
13919348 254.177110
13918582 256.849288
13917609 259.511233
13917052 262.117177
13916986 264.727879
13914900 267.333667
13914641 269.968165
13913713 272.625778
13913215 275.230985
13912151 277.817617
13911826 280.411699
13911139 283.008941
13909124 285.604235
13907670 288.172721
13905184 290.736068
13904407 293.310828
13903516 295.876966
13902862 298.425094
13902353 300.967359
13901556 303.498525
13900501 306.050853
13900035 308.576133
13898657 311.111864
13898411 313.642052
13897672 316.176242
13896725 318.721489
13896545 318.721498
13896304 321.239174
13892307 321.239181
13891465 323.759510
13891295 326.252483
13889803 328.748963
13889063 331.241061
13888405 333.761403
13886456 336.244831
13885293 336.244839
13881464 338.735823
13880765 341.213757
13879952 343.680672
13879921 346.171098
13878018 348.633062
13877365 351.099040
13877079 353.555182
13877067 356.061619
13876568 358.569492
13876081 360.989818
13875175 360.989825
13874307 363.408548
13873090 365.869786
13872278 368.301344
13872046 370.733328
13871456 370.733336
13870678 373.153203
13868210 375.566592
13867279 377.973219
13866711 380.342433
13866348 382.726605
13866071 382.726612
13866013 385.128896
13865173 385.128902
13864373 387.530905
13864250 389.929088
13864086 389.929095
13863898 392.325910
13863809 392.325918
13863035 394.714090
13862785 397.093006
13861508 399.484298
13861227 401.861452
13860695 404.254989
13860379 404.254996
13859294 404.254997
13858516 406.628603
13858271 408.991469
13857612 408.991475
13856730 411.366495
13855871 413.729141
13854477 416.080708
13854379 418.423318
13853514 418.423324
13852635 420.793556
13852502 423.156574
13850841 425.520134
13849865 427.872417
13849599 430.190328
13849368 432.501986
13848231 434.840320
13848111 437.162726
13845941 439.476108
13845785 441.789880
13845363 441.789886
13845197 444.118750
13845193 446.441461
13844107 446.441466
13843775 448.753763
13843484 448.753770
13843427 451.047516
13843344 451.047523
13843090 453.363125
13841884 453.363131
13841373 455.666964
13839979 457.971954
13839815 460.264601
13839336 462.557384
13839073 464.848486
13837439 467.136553
13837191 469.633180
13836908 471.910591
13836492 474.206058
13835665 476.512873
13835567 478.797374
13835093 478.797380
13834689 481.055886
13833719 483.328027
13833690 485.605612
13831118 485.605616
13829258 487.880378
13828101 490.141037
13827942 492.413770
13827655 494.668324
13827566 496.916947
13827531 499.178150
13827400 499.178157
13827077 501.428623
13825395 503.685241
13823951 505.920292
13823925 508.148187
13823177 510.386915
13823105 512.664772
13822898 514.903590
13822791 517.161462
13822322 519.401618
13821229 521.636876
13820851 523.853014
13820346 526.082274
13819962 528.286611
13814981 530.521387
13814309 532.725925
13813893 534.918118
13813576 537.120282
13813574 539.358946
13813336 541.543529
13812658 543.761110
13812442 545.949017
13812164 548.140539
13811941 550.353007
13811918 552.556410
13811844 554.742464
13811110 556.935885
13810756 559.125337
13810750 561.308039
13809777 563.484928
13809759 565.658152
13807746 567.839196
13800903 570.024642
13798462 572.198034
13797998 574.380970
13796977 576.545272
13796939 578.705767
13796040 580.873968
13795435 583.069949
13795246 585.235358
13795147 587.428846
13794605 589.601205
13793884 591.747152
13793841 593.908359
13793605 596.048742
13789589 598.192974
13789537 600.330105
13789160 602.506563
13788996 604.642114
13788608 606.797299
13788182 608.929116
13788127 611.081491
13787926 613.227501
13787009 615.359361
13786820 617.525370
13786123 619.683954
13785373 621.839464
13783603 623.951198
13783365 626.096888
13782663 628.239283
13782576 630.388062
13782183 632.495021
13781980 634.621836
13781371 636.778741
13780978 638.899116
13780698 641.042037
13780515 643.186920
13780509 645.297554
13780262 647.421929
13778840 649.568681
13778794 651.686088
13778764 653.811845
13778304 655.920572
13778296 658.037089
13775910 660.150501
13775368 662.257304
13774129 664.376238
13771774 666.486480
13771766 668.615691
13771690 670.724611
13771479 672.829855
13771461 674.950030
13771460 677.057711
13771424 679.155791
13771228 681.277162
13771219 683.399642
13770936 685.515894
13770762 687.644305
13770720 689.743058
13770157 691.843309
13768832 693.952967
13767352 696.055433
13766564 698.157588
13766019 700.261543
13766004 702.351857
13765426 704.494912
13765294 706.641940
13765288 708.770275
13765286 710.939089
13764906 713.098130
13763713 713.098136
13763629 713.098138
13763384 715.234582
13763380 715.234588
13763277 717.378271
13762691 719.548630
13761657 719.548637
13761543 721.686614
13760985 723.819934
13760817 725.909254
13760806 727.990951
13760797 730.107176
13760654 732.198112
13760546 734.271701
13760500 736.364381
13760352 738.457791
13757909 740.557180
13757800 742.642966
13757781 744.732555
13757538 746.814002
13757482 748.872279
13757223 750.982217
13757013 753.055673
13756355 755.112781
13755002 755.112787
13752552 757.179495
13752549 759.244283
13752547 761.319385
13752436 763.394656
13751743 765.460924
13751109 767.531614
13744660 769.758410
13743224 771.805757
13742814 773.867398
13742788 775.939034
13742559 777.999570
13742449 780.060199
13742380 782.117750
13741021 784.175319
13741008 786.252187
13740816 788.290141
13740812 790.333389
13736729 792.365261
13736214 794.405896
13736072 796.441150
13736071 798.472743
13735907 800.478794
13733556 802.505539
13731798 804.533720
13726817 806.561753
13726735 808.574917
13719596 810.607452
13718897 812.632275
13718877 814.629908
13718777 816.653188
13718579 818.671743
13717223 820.689736
13716965 822.715154
13716355 824.731994
13716308 826.738471
13716246 828.763304
13715575 830.781106
13714599 832.784654
13714585 834.780932
13714504 836.775003
13714444 838.780600
13714241 840.801243
13714111 842.813499
13714012 844.806281
13713745 846.810298
13713629 848.829215
13713420 850.847809
13713357 852.871744
13712886 854.887090
13712101 856.893527
13710791 858.880462
13710737 860.873876
13709787 862.847708
13708292 864.841559
13707425 866.838044
13703983 868.824313
13703526 870.832857
13703446 872.840789
13703425 874.808980
13703423 876.790327
13703174 878.786302
13702583 880.810440
13702254 882.840643
13701798 884.893948
13701713 886.921766
13701712 888.929125
13701118 890.976210
13700692 893.007453
13700644 895.029846
13700385 897.060235
13700355 899.093032
13700191 901.124225
13699973 903.167789
13697512 905.190169
13697155 907.208220
13696691 909.229866
13696467 911.251695
13696435 913.261439
13696180 915.287677
13695854 917.325910
13690341 919.320932
13690337 921.338186
13689749 923.357525
13687843 925.376893
13685913 927.378468
13685787 929.385557
13685081 931.376729
13684592 933.385672
13684565 935.392853
13684180 937.408003
13684068 939.407485
13684055 941.436152
13683668 943.444046
13683510 945.436225
13683217 947.445742
13683216 949.424808
13682504 951.430614
13682449 953.444624
13680687 955.439893
13680317 957.446912
13680018 959.416149
13679216 961.419554
13679186 963.435947
13677599 965.422787
13676609 967.411178
13675513 969.400694
13675227 971.424933
13675148 973.421228
13674928 975.425678
13674735 977.432717
13674409 979.447854
13674075 981.441734
13674029 983.444722
13673099 985.412841
13673015 987.408013
13671785 989.387927
13671781 991.375624
13671754 993.378922
13670885 995.366382
13670722 997.364167
13670650 999.345946
13670582 1001.317229
13670506 1003.287071
13670502 1005.269769
13670501 1007.273515
13669646 1009.274639
13669300 1011.256810
13668936 1013.236863
13668931 1015.216017
13668902 1017.194432
13668539 1019.185720
13668440 1021.132317
13668039 1023.125294
13667884 1025.102063
13667858 1027.079013
13667655 1029.040666
13667630 1031.011624
13667501 1032.982815
13667425 1034.916834
13667029 1036.842777
13666926 1038.786024
13666925 1040.695387
13666751 1042.632417
13664682 1044.558501
13663803 1046.493214
13663688 1048.424127
13661406 1050.386130
13660674 1052.325196
13660426 1054.259047
13660029 1056.173304
13658286 1058.084171
13656940 1060.013800
13655967 1061.934485
13655856 1063.870598
13655649 1065.815128
13655585 1067.718966
13655389 1069.651921
13655381 1071.811345
13654136 1073.772117
13654124 1075.705104
13653544 1077.653498
13653019 1079.597240
13650935 1081.522110
13645366 1083.467458
13645363 1085.408990
13645063 1087.347086
13644947 1089.297926
13643921 1091.226955
13643854 1093.152459
13642875 1095.088279
13642874 1097.015635
13642872 1098.944469
13642870 1100.876563
13642440 1102.821100
13642026 1104.761522
13641160 1106.702514
13641097 1108.639481
13640431 1110.579494
13640304 1112.514351
13639221 1114.440500
13638856 1116.370689
13638855 1118.290632
13638612 1120.218655
13637826 1122.143307
13637821 1124.072658
13637815 1125.993526
13637200 1127.938586
13637197 1129.869890
13637062 1131.808839
13636297 1133.752396
13635487 1135.659074
13634811 1137.588890
13634151 1139.498267
13634046 1141.430317
13633374 1143.361478
13632628 1145.294719
13632050 1147.233712
13631886 1149.168781
13630934 1151.095048
13630652 1153.014459
13627928 1154.933749
13626971 1156.850302
13626454 1158.814047
13624523 1160.739635
13624140 1162.662721
13623721 1164.595401
13623694 1166.508034
13623692 1168.440465
13622978 1170.349165
13622951 1172.277923
13622916 1174.216629
13622513 1176.141151
13622377 1178.063723
13621779 1179.992998
13621761 1181.918296
13621671 1183.828084
13621669 1185.755114
13621079 1187.695880
13619372 1189.676386
13619371 1191.647140
13619367 1193.594694
13618272 1195.527174
13618271 1197.472838
13617792 1199.405730
13617778 1201.341332
13617486 1203.244523
13616615 1205.169635
13615881 1207.071951
13615158 1208.983216
13613433 1210.889391
13613114 1212.782785
13612444 1214.687218
13612211 1216.596201
13611840 1218.513425
13611831 1220.421014
13611791 1222.356404
13611724 1224.264349
13611563 1226.169852
13611497 1228.090891
13611383 1229.994870
13611133 1231.906655
13608405 1233.820125
13608058 1235.728172
13607952 1237.675069
13607718 1239.583226
13607418 1241.487954
13607129 1243.384630
13607097 1245.313142
13606129 1247.232984
13605983 1249.157922
13605320 1251.083994
13605317 1252.996773
13604924 1254.910100
13604637 1256.802179
13604593 1258.705497
13604298 1260.615448
13603758 1262.529919
13603755 1264.442996
13603639 1266.358921
13603116 1268.282557
13603094 1270.193669
13602854 1272.107454
13602739 1274.015804
13602511 1275.940026
13602147 1277.845455
13601112 1279.753607
13600744 1281.645482
13600444 1283.564848
13599196 1285.486833
13598958 1287.380066
13598215 1287.380072
13598211 1289.286167
13597261 1291.197798
13596793 1293.109572
13596544 1295.024243
13596337 1296.923886
13595987 1298.848836
13595849 1300.758092
13595095 1302.669686
13595030 1304.562437
13593712 1306.481414
13593711 1308.390398
13593457 1310.290005
13593175 1312.209100
13592997 1314.108847
13592812 1316.010273
13588283 1316.010280
13587074 1317.909600
13587052 1319.826176
13587023 1321.728958
13586877 1323.637250
13585249 1325.536518
13585020 1327.445250
13585007 1329.335507
13584940 1331.247449
13581197 1333.158337
13580765 1335.064952
13577200 1336.981881
13576426 1338.890332
13575348 1340.786953
13574497 1342.700714
13574091 1344.613105
13572123 1346.558276
13571911 1348.467488
13571872 1350.362641
13571760 1352.267399
13571449 1354.180147
13570923 1356.090872
13570885 1357.998858
13570826 1359.937556
13570443 1361.850460
13570436 1363.773346
13570218 1365.659331
13569805 1367.575791
13569772 1369.483608
13569769 1371.581809
13569078 1373.493117
13567847 1375.382435
13567763 1377.272271
13567701 1379.170278
13567691 1381.069105
13566826 1382.970251
13566123 1384.879156
13566047 1386.757863
13565316 1388.657563
13565291 1390.551972
13564733 1392.467159
13564234 1394.365830
13564192 1396.284359
13563555 1398.210149
13562897 1400.116563
13562829 1402.043217
13562785 1403.966053
13562031 1405.886448
13561325 1407.804755
13560779 1409.725768
13560333 1411.638022
13559839 1413.555035
13559622 1415.462513
13558605 1417.388107
13557450 1419.296183
13557410 1421.229117
13557370 1423.145811
13557178 1425.065116
13556840 1427.002194
13556029 1428.921272
13555880 1430.856443
13555877 1432.769227
13555528 1434.676328
13555076 1436.597942
13554453 1438.494987
13554433 1440.412794
13553815 1442.328453
13553812 1444.223531
13553286 1446.123619
13553245 1448.042895
13553118 1449.945217
13552682 1451.832565
13548083 1453.725608
13547823 1455.634873
13546932 1457.532098
13545943 1459.451552
13545942 1461.356584
13545703 1463.299295
13545149 1465.231993
13544973 1467.179183
13544615 1469.143548
13544386 1471.110752
13544131 1473.102172
13543181 1475.010889
13542528 1476.906913
13542515 1478.821948
13542184 1480.723036
13541915 1482.644556
13541587 1484.565362
13541389 1486.469708
13541377 1488.369686
13541020 1490.265565
13541015 1492.163689
13540670 1494.082632
13540500 1495.986501
13539930 1497.905450
13539426 1499.801086
13539380 1501.719080
13538956 1503.627026
13538732 1505.539372
13538606 1507.439011
13538196 1509.345955
13536948 1511.271598
13536302 1513.193342
13536103 1515.103635
13535915 1517.009262
13535680 1518.902715
13535456 1520.809517
13535433 1522.716475
13535012 1524.632107
13534773 1526.545929
13534648 1528.450021
13534380 1530.349378
13534312 1532.261699
13533945 1534.150130
13533690 1536.069491
13533191 1537.989726
13532833 1539.880961
13532549 1541.777245
13532480 1543.689259
13532326 1545.583846
13531730 1547.503094
13531040 1549.413396
13530839 1551.323741
13530593 1553.232076
13530290 1555.150046
13529984 1557.077293
13528359 1558.981373
13528296 1560.893385
13527641 1562.818495
13527131 1564.740628
13526925 1566.651296
13526923 1568.550934
13526857 1570.474594
13526308 1572.386422
13526272 1572.386429
13525982 1574.307685
13525901 1576.237680
13525645 1576.237686
13525426 1578.147812
13525398 1578.147818
13525095 1580.051050
13524590 1581.959351
13524579 1583.875261
13524534 1583.875267
13524377 1585.792368
13523773 1585.792375
13523674 1587.707153
13522986 1589.614871
13522848 1591.545530
13522651 1591.545537
13522157 1593.462481
13522070 1595.376682
13521606 1595.376688
13520959 1597.309595
13520680 1599.228338
13520495 1601.148411
13520317 1603.056670
13520049 1604.973129
13519764 1606.896697
13519577 1608.818095
13519472 1610.724606
13519353 1610.724611
13518501 1612.631519
13518395 1614.555083
13518369 1616.486174
13517896 1618.413573
13517892 1620.350082
13517889 1622.262815
13517675 1622.262823
13517269 1624.192559
13516417 1626.104816
13516258 1628.013383
13516009 1629.951848
13515845 1631.876826
13515403 1633.801978
13514844 1635.722430
13514456 1637.652719
13513872 1639.585982
13513546 1641.519704
13513290 1643.469707
13512905 1645.393785
13512871 1647.319942
13512630 1649.253065
13512196 1651.190652
13510866 1653.119510
13510364 1655.064435
13509751 1657.003518
13509707 1658.959939
13509406 1660.898131
13509293 1662.845078
13509186 1664.801936
13508735 1666.794338
13508291 1668.774952
13508287 1670.759853
13507899 1672.902160
13507689 1674.839677
13507502 1676.785020
13507243 1678.734167
13506462 1680.679105
13506309 1682.626275
13505638 1684.566387
13505381 1686.505025
13503793 1688.441407
13503367 1690.382961
13502476 1692.316924
13502222 1694.277842
13498437 1696.233324
13498311 1698.180044
13497692 1700.098603
13497656 1702.068732
13497574 1704.009437
13497552 1705.947962
13497168 1707.885118
13496981 1709.829040
13496715 1711.790552
13496425 1713.744079
13496113 1715.727957
13495914 1717.693778
13495540 1719.653272
13495239 1721.601217
13494963 1723.559474
13494711 1725.510298
13494203 1727.476139
13494103 1729.419370
13493938 1731.372583
13493856 1733.326719
13493523 1735.282603
13493269 1737.219736
13492473 1739.181389
13492345 1741.147992
13492031 1743.125234
13491409 1745.064013
13490835 1747.005296
13490722 1748.955237
13490617 1750.898133
13490258 1752.842736
13489873 1754.813492
13489725 1756.765609
13489491 1758.727413
13488862 1760.680127
13488786 1762.627665
13488724 1764.584382
13488488 1766.529467
13487620 1768.506138
13487388 1770.479450
13486823 1772.434331
13486546 1774.410290
13485646 1776.375059
13485302 1778.343993
13485174 1780.322767
13485115 1782.283589
13484787 1784.254585
13484655 1786.202832
13484428 1788.159978
13484346 1790.127019
13483383 1792.091979
13483335 1794.066713
13482938 1796.043221
13482683 1798.018118
13482565 1799.988956
13482348 1801.952309
13482142 1803.935705
13482011 1805.911978
13481845 1807.882652
13481793 1809.861641
13481634 1811.828917
13481498 1813.784691
13481463 1815.758874
13481304 1817.721993
13481085 1819.685059
13480702 1821.671269
13480290 1823.638173
13480289 1825.625223
13479929 1827.616357
13479565 1829.632464
13479225 1831.581275
13478760 1833.554008
13478612 1835.525797
13478338 1837.494969
13478143 1839.478478
13477731 1841.455664
13477552 1843.438733
13477440 1845.425850
13477408 1847.415492
13477221 1849.412198
13476749 1851.395234
13476336 1853.387626
13476248 1855.378099
13476084 1857.369755
13475514 1859.348518
13475401 1861.330323
13475279 1863.327637
13475038 1865.321922
13475022 1867.317159
13474166 1869.310104
13473714 1871.312637
13473556 1873.285383
13473358 1875.280835
13473209 1877.286189
13473101 1879.297422
13472965 1881.296077
13472760 1883.308748
13472571 1885.307821
13472570 1887.321587
13472408 1889.302011
13472407 1891.302653
13472101 1893.302776
13471893 1895.314625
13471655 1897.329021
13471329 1899.388918
13471267 1901.406811
13471009 1903.394311
13470530 1905.410593
13469136 1907.407611
13469026 1909.411019
13468914 1911.421232
13468678 1913.416512
13468476 1915.421095
13468210 1917.437105
13468136 1919.423988
13468077 1921.437660
13467642 1923.455235
13467240 1925.468855
13467118 1927.488413
13466620 1929.518809
13466619 1931.542562
13466448 1933.560150
13465977 1935.571534
13465931 1937.576175
13465868 1939.590731
13465554 1941.616699
13465164 1943.634900
13464753 1945.638776
13464555 1947.658074
13464353 1949.688400
13464317 1951.719755
13464126 1951.719762
13464107 1953.744352
13464091 1953.744360
13464022 1955.854187
13463824 1957.915581
13463741 1957.915589
13462868 1959.984065
13462844 1962.023681
13461929 1964.039983
13461670 1966.060725
13461314 1968.077225
13461233 1970.099147
13461182 1972.303412
13461035 1974.355891
13460728 1976.424742
13460115 1978.472316
13459974 1980.514982
13459330 1982.555518
13459233 1984.623206
13458765 1986.665011
13458654 1988.713741
13458526 1990.773867
13458252 1992.823783
13457257 1994.885482
13456608 1996.914301
13456467 1998.958221
13456180 2001.003072
13456018 2003.041491
13456016 2005.089889
13455839 2007.117367
13455705 2009.167174
13455389 2011.212659
13455245 2013.249093
13455127 2015.306089
13455076 2017.327001
13455035 2019.385546
13454844 2021.465410
13454536 2023.517746
13454194 2025.559821
13454011 2027.657460
13453937 2029.715566
13453805 2031.782075
13453618 2033.866397
13453616 2035.933851
13453479 2037.985025
13453435 2040.036054
13453402 2042.115248
13452973 2044.209054
13452936 2046.277219
13452775 2048.337308
13452655 2050.393584
13452399 2052.450231
13452253 2054.507165
13451881 2056.572738
13451821 2058.656906
13451739 2060.724458
13451557 2062.794819
13451399 2064.871826
13451359 2066.940775
13451225 2066.940781
13451113 2069.013606
13451054 2071.108987
13450881 2071.108995
13449990 2073.160725
13449524 2075.238129
13449497 2077.327633
13449491 2079.413750
13449251 2081.520103
13448991 2083.594211
13448849 2085.688541
13448213 2087.775577
13448045 2089.858549
13448032 2091.938277
13447928 2094.025974
13447857 2096.092641
13447358 2098.175713
13446720 2100.263508
13446689 2100.263515
13446476 2102.357575
13446470 2102.357583
13446088 2104.464550
13446060 2106.547664
13445993 2108.635381
13444822 2110.735862
13444680 2112.808148
13444500 2114.922105
13444358 2117.017462
13443070 2119.114507
13442363 2121.249883
13442241 2123.394910
13442173 2125.518116
13442149 2125.518123
13442038 2127.627503
13441291 2129.762828
13441075 2131.871424
13439851 2133.977657
13439828 2136.087079
13439771 2138.212508
13439733 2140.311861
13439698 2142.426743
13439681 2144.553643
13439282 2146.655649
13438955 2148.762359
13438883 2150.876911
13438023 2152.975061
13437973 2155.077190
13437972 2157.183693
13437507 2159.299927
13437495 2161.405705
13437462 2163.526271
13437215 2165.647687
13437071 2167.772807
13437020 2169.880573
13436908 2171.997347
13436665 2174.134135
13436381 2176.251868
13436258 2178.374859
13436102 2180.470046
13435814 2182.568246
13435716 2184.698794
13435383 2186.841591
13435237 2189.009678
13435160 2191.169601
13435159 2193.280156
13435119 2195.400772
13435014 2197.515971
13434904 2199.640046
13434722 2201.777656
13434719 2203.903024
13434599 2206.052702
13434312 2208.175894
13434217 2210.305042
13434178 2212.435406
13433940 2214.575916
13433878 2216.713570
13433846 2218.866991
13433722 2221.000941
13433492 2223.127856
13432602 2225.250115
13432358 2227.391382
13432201 2229.511777
13432019 2231.661845
13431662 2233.803357
13430973 2235.942999
13430858 2238.073864
13430804 2240.198000
13430770 2242.332307
13430465 2244.484544
13430455 2246.641546
13430357 2248.786038
13430291 2250.946292
13430217 2253.097599
13430038 2255.258426
13429891 2257.408082
13429874 2259.558518
13429740 2261.697540
13429611 2263.828767
13429383 2265.976361
13429346 2268.115608
13429072 2270.272570
13429051 2272.598333
13429037 2274.767622
13428993 2276.923555
13428844 2279.088018
13428469 2281.260187
13428442 2283.431165
13428386 2285.599444
13428328 2287.842420
13428248 2290.075629
13423880 2292.299001
13422687 2294.520617
13422684 2296.743601
13422338 2298.959635
13422249 2301.187605
13422142 2303.425831
13422068 2305.640750
13421984 2307.876061
13421953 2310.123550
13421897 2312.351472
13421846 2314.582201
13421832 2316.809364
13421615 2319.031550
13421003 2321.265320
13420753 2323.510773
13420549 2325.742009
13420486 2327.993784
13420430 2330.226266
13420329 2332.495592
13420327 2334.742003
13420218 2336.981277
13420079 2339.209121
13420068 2341.455779
13419935 2343.703347
13419669 2345.959664
13419634 2348.209454
13419397 2350.419913
13419315 2352.610633
13419311 2354.778007
13419242 2356.963701
13419118 2359.149715
13419078 2361.343329
13419064 2363.522946
13418622 2365.692946
13418611 2367.868218
13418606 2370.047324
13418585 2372.243872
13418396 2374.414328
13418356 2376.598201
13418274 2378.780894
13418215 2380.953259
13418108 2383.147793
13418081 2385.322907
13417961 2387.506166
13417960 2389.707956
13417959 2391.877708
13417890 2394.075240
13417888 2396.282454
13417157 2398.492861
13416996 2400.706614
13416956 2402.907821
13416948 2405.099295
13416938 2407.317414
13416818 2409.516582
13416677 2411.716723
13416621 2413.931908
13416497 2416.166253
13416493 2418.399931
13416434 2420.593631
13416357 2422.798798
13416356 2425.016519
13416249 2427.252813
13416183 2429.460346
13416129 2431.684014
13415908 2433.894121
13415897 2436.099698
13415895 2438.318777
13415789 2440.529941
13415767 2442.732061
13415766 2444.961776
13415733 2447.170413
13415577 2449.362809
13415533 2451.567988
13415469 2453.805984
13415433 2456.015851
13415361 2458.216861
13415221 2460.425567
13415185 2462.639474
13415184 2464.850447
13415156 2467.069784
13415151 2469.273971
13415150 2471.475340
13415146 2473.696136
13414886 2475.908635
13414877 2478.135805
13414849 2480.361362
13414817 2482.600543
13414793 2484.820814
13414731 2487.045720
13414557 2489.276573
13414377 2491.499486
13414357 2493.686584
13414356 2495.901777
13414331 2498.103837
13414253 2498.103844
13414193 2500.303777
13414183 2500.303785
13414169 2502.503919
13413854 2502.503925
13413833 2504.700722
13413677 2506.918853
13413366 2506.918859
13413310 2506.918884
13413275 2509.204797
13412879 2509.204803
13412302 2511.521478
13412298 2513.784360
13412155 2516.012778
13412152 2518.239208
13412107 2520.455100
13412075 2522.663112
13412074 2524.857253
13411903 2527.076068
13411750 2529.275768
13411747 2531.486938
13411742 2533.694156
13411658 2535.893438
13411618 2535.893444
13411566 2538.109916
13411333 2538.109923
13411205 2540.327061
13411139 2542.538729
13411132 2544.758623
13411112 2546.971287
13410772 2549.180389
13410404 2551.396219
13410389 2553.611791
13410300 2555.833425
13410224 2558.034653
13410207 2560.246487
13410090 2562.467194
13409991 2564.684309
13409974 2566.896574
13409728 2569.113866
13409690 2571.319229
13409616 2573.713504
13409462 2575.948149
13409397 2578.180370
13409263 2580.403846
13409220 2582.610351
13409143 2584.834666
13409061 2587.046151
13408907 2589.281361
13408890 2591.501842
13408330 2591.501850
13408163 2593.727744
13408063 2595.937040
13407986 2598.155104
13407957 2600.361868
13407891 2602.570401
13407827 2604.779429
13407825 2606.983916
13407805 2609.180327
13407743 2611.401716
13407507 2613.629620
13407438 2615.829338
13407386 2618.049568
13407354 2620.281252
13407150 2622.500068
13407095 2624.717171
13407093 2626.939792
13407009 2629.173928
13406978 2631.405799
13406936 2633.615743
13406923 2633.615749
13406922 2635.826941
13406823 2638.043125
13406719 2640.276547
13406651 2642.486566
13406648 2644.727801
13406585 2646.947282
13406584 2649.166494
13406545 2651.371762
13406505 2653.583752
13406490 2655.797370
13406463 2658.013417
13406046 2660.223578
13405964 2662.475724
13405904 2664.687420
13405842 2666.914261
13405423 2666.914268
13405400 2669.141538
13405331 2671.367328
13405313 2673.583304
13405305 2675.811209
13405304 2678.039289
13405297 2680.247642
13404762 2682.453165
13404760 2684.702209
13404721 2686.900824
13404720 2689.124454
13404657 2691.330153
13404623 2693.552257
13404397 2695.750996
13404376 2697.973074
13404321 2700.201076
13404300 2702.410399
13404296 2704.625598
13404294 2706.862912
13404251 2706.862919
13404177 2709.075052
13404146 2711.308005
13404060 2713.545043
13404053 2715.778187
13403951 2715.778194
13403950 2717.990257
13403931 2720.226428
13403545 2722.505546
13403517 2724.771287
13403514 2727.043743
13403239 2729.301871
13403120 2731.560801
13403112 2733.820898
13403096 2736.029789
13403091 2738.271046
13403086 2740.478845
13403072 2742.702355
13403069 2744.931975
13403057 2747.151924
13403004 2749.376535
13402996 2751.587711
13402995 2753.801764
13402980 2756.015075
13402971 2758.230472
13402962 2760.440901
13402930 2762.646120
13402910 2764.871244
13402676 2767.084549
13402427 2769.302852
13402011 2771.523707
13402009 2773.748181
13401857 2775.973729
13401088 2775.973734
13401080 2778.189758
13400857 2780.393331
13400775 2782.596121
13400763 2784.810356
13400744 2787.007760
13400413 2789.209384
13400405 2791.412365
13400403 2793.625567
13400399 2795.832731
13400394 2798.047691
13400390 2800.249710
13400373 2802.454618
13400370 2804.652827
13400358 2806.863192
13400355 2809.053865
13400300 2811.267348
13400286 2813.478215
13400279 2815.668144
13400259 2817.877885
13400235 2820.084897
13400226 2822.275521
13400214 2824.475198
13400179 2826.684666
13400171 2828.874163
13400165 2831.069926
13400155 2833.270650
13400147 2835.458438
13400146 2837.651382
13400135 2839.840947
13400134 2842.051189
13400133 2844.243128
13400127 2846.430346
13400106 2848.621467
13400101 2850.820762
13400088 2853.007809
13400086 2855.196040
13400084 2857.376609
13400082 2859.558281
13400072 2861.752502
13400068 2863.923199
13400067 2866.108505
13400063 2868.288022
13400054 2870.457524
13400050 2872.650541
13400036 2875.095280
13400023 2877.281305
13400018 2879.455446
13400014 2881.624145
13400011 2883.811935
13400008 2885.993873
13400001 2888.172641
13400000 2890.359958
13399999 2892.539768
13399996 2894.712438
13399982 2896.884506
13399969 2899.063125
13399956 2901.237710
13399953 2903.423807
13399952 2905.593382
13399936 2907.753115
13399926 2909.940803
13399922 2912.170333
13399849 2914.404628
13399