56381408 0.074497
47621894 0.279591
47621023 0.282029
47619964 0.284050
47618614 0.285854
47617847 0.294724
47615538 0.296346
47586822 0.304118
47580360 0.308856
47377163 0.314592
47374679 0.318952
47370078 0.320555
47365708 0.325737
47359677 0.327125
47354990 0.328900
47354955 0.333090
47262892 0.334907
47245532 0.337068
47242792 0.355841
47242040 0.356727
47241759 0.358890
47241407 0.359908
47241209 0.364204
47236842 0.370027
47235881 0.371635
47228409 0.378159
47220192 0.381299
47219771 0.387868
47215928 0.395022
47215123 0.410372
47214048 0.412735
47211457 0.414892
47207886 0.418006
47202179 0.420585
47177748 0.423739
47176927 0.424939
47163441 0.431633
46750082 0.440706
46747535 0.442748
46742141 0.448958
46735413 0.451368
46570165 0.454571
46508744 0.473646
46508222 0.474517
46507909 0.475027
46443918 0.478836
46413567 0.482783
46412845 0.485805
46340276 0.493398
46339792 0.494351
46337728 0.500819
46332664 0.505488
46327130 0.507727
46327106 0.508771
46323261 0.509842
46322691 0.511295
46322632 0.524490
46321349 0.524991
46312503 0.530431
46309829 0.533787
46302019 0.540262
46288428 0.546178
46285732 0.553825
46282267 0.557263
46282197 0.559710
46282036 0.565965
46280528 0.573345
46274047 0.584530
46267701 0.587134
46255616 0.593747
46253634 0.594354
46251635 0.595795
46247649 0.596544
46242951 0.599236
46237656 0.601715
46237276 0.602438
46236559 0.619632
46235906 0.635425
46235844 0.637452
46235679 0.647499
46233555 0.648974
46231269 0.654726
46228700 0.663207
46227474 0.664302
46226867 0.664716
46225125 0.667397
46221067 0.674307
46218715 0.681852
46216514 0.688796
46039360 0.702872
46028605 0.704441
46028574 0.710598
46026889 0.714427
46025219 0.716724
46018703 0.724064
46018533 0.726787
46015408 0.731430
46012910 0.736758
46010743 0.737637
46010737 0.738795
45938026 0.746415
45934045 0.749758
45933774 0.751619
45933303 0.754631
45928603 0.757894
45907001 0.760463
45901001 0.762589
45900976 0.764210
45900446 0.766131
45898550 0.770012
45877675 0.776997
45875912 0.789862
45852718 0.807547
45851384 0.810582
45849562 0.817230
45848318 0.820246
45846757 0.821791
45828585 0.829576
45825411 0.836673
45822213 0.837484
45822008 0.841042
45821829 0.841908
45821206 0.844958
45817003 0.847384
45816673 0.853115
45816652 0.857823
45810997 0.861125
45788943 0.870428
45783128 0.873945
45779967 0.877363
45779864 0.889307
45779827 0.890733
45774158 0.893935
45773301 0.896964
45769243 0.912745
45766378 0.917960
45698400 0.939927
45696065 0.980934
45673631 0.983127
45673324 0.984670
45672775 0.987529
45669442 0.996072
45657437 1.007422
45657299 1.010017
45642190 1.012810
45641604 1.019295
45640777 1.021895
45640717 1.033309
45640325 1.040259
45639418 1.053958
45634953 1.060621
45634929 1.061855
45631343 1.076074
45631148 1.097378
45629657 1.101419
45627644 1.103479
45625925 1.103856
45625361 1.105556
45624154 1.126215
45621870 1.127534
45621787 1.135025
45617292 1.144461
45617266 1.156075
45609184 1.158345
45608953 1.160191
45608657 1.171113
45606490 1.177298
45605315 1.186300
45605046 1.201551
45599886 1.204066
45592924 1.210784
45592579 1.218585
45591797 1.224298
45590874 1.233843
45589298 1.244666
45588991 1.245473
45588630 1.252058
45587163 1.254584
45586780 1.272933
45585340 1.275818
45580482 1.279361
45580097 1.279842
45579017 1.289277
45575518 1.294677
45574859 1.300434
45571302 1.305072
45571295 1.314483
45554717 1.324871
45553086 1.326986
45550894 1.329785
45548714 1.331489
45545576 1.338558
45544286 1.342983
45533191 1.347432
45531994 1.350472
45528886 1.362093
45528340 1.370074
45524456 1.373912
45522162 1.377264
45522123 1.378500
45522120 1.388357
45521870 1.392322
45518974 1.397319
45517864 1.407937
45515083 1.410747
45514941 1.411664
45512609 1.413146
45511724 1.414161
45510778 1.430565
45506314 1.436242
45505433 1.442103
45501377 1.456407
45500767 1.459023
45500018 1.463478
45497961 1.465458
45495937 1.498292
45493118 1.505560
45492867 1.505733
45491538 1.508335
45489553 1.509439
45487254 1.512254
45487137 1.521329
45485875 1.540147
45485263 1.550405
45483902 1.558903
45482221 1.569718
45481319 1.571130
45477126 1.582058
45477110 1.583066
45469289 1.592833
45465594 1.622068
45464331 1.628356
45464154 1.638433
45464023 1.639080
45463694 1.656164
45461207 1.671357
45460938 1.676301
45460790 1.679264
45460340 1.680180
45458340 1.681564
45457678 1.690833
45457588 1.693830
45457524 1.710706
45457078 1.731293
45454284 1.749037
45453111 1.757606
45452322 1.763003
45450125 1.768791
45449912 1.776174
45448705 1.790587
45446098 1.794704
45445703 1.807806
45442629 1.808819
45442519 1.809634
45440401 1.829252
45438619 1.838303
45425129 1.844083
45424821 1.844393
45423655 1.847733
45423181 1.851944
45421894 1.854272
45420090 1.864866
45419913 1.880186
45414536 1.885729
45413124 1.887750
45412767 1.888858
45411287 1.890982
45411136 1.898603
45410866 1.905104
45410713 1.938282
45409593 1.955423
45409044 1.956195
45407486 1.970563
45407097 2.007165
45395934 2.023631
45374242 2.032791
45372503 2.047915
45372052 2.050188
45371888 2.068368
45371002 2.079728
45368876 2.091841
45368853 2.099667
45368707 2.131721
45366846 2.134836
45353170 2.157924
45353071 2.167887
45352132 2.174410
45351981 2.185670
45351737 2.202332
45350663 2.209458
45350521 2.229859
45349327 2.241830
45349135 2.272635
45346511 2.278600
45346164 2.286454
45346147 2.298276
45346145 2.300217
45346102 2.301480
45346050 2.326594
45345889 2.337659
45343071 2.356152
45342386 2.356996
45341676 2.357374
45341624 2.358603
45341189 2.359794
45341030 2.361231
45340680 2.363419
45340455 2.370816
45338656 2.396915
45334607 2.398468
45334264 2.401948
45332143 2.408460
45324021 2.465544
45323784 2.472166
45320659 2.477973
45319543 2.482100
45319339 2.495875
45318936 2.498337
45317569 2.501659
45317348 2.503594
45317191 2.513898
45317174 2.514290
45315539 2.528372
45312462 2.551345
45311991 2.581741
45311215 2.594706
45311046 2.598310
45310804 2.607579
45309689 2.609349
45308985 2.613324
45308759 2.621612
45308652 2.629360
45308174 2.636022
45307158 2.656785
45306779 2.658730
45306555 2.667480
45301827 2.670392
45291442 2.673778
45291051 2.674437
45290941 2.674572
45283213 2.677887
45282667 2.681124
45277265 2.692750
45276955 2.694649
45276822 2.713012
45276128 2.717843
45275783 2.724377
45257691 2.734729
45257047 2.748159
45256365 2.758623
45256320 2.781206
45250271 2.789960
45250125 2.829486
45249612 2.846950
45248149 2.857409
45247933 2.874749
45247144 2.875229
45246315 2.906563
45245205 2.910320
45244173 2.946969
45234787 2.974315
45234708 2.987177
45233944 2.995345
45233652 3.010898
45233483 3.021231
45233173 3.022894
45230757 3.031647
45229927 3.044953
45228491 3.049677
45227100 3.070553
45225563 3.070960
45225146 3.090357
45224220 3.101304
45223506 3.110320
45222730 3.123790
45222422 3.153140
45222377 3.154824
45222191 3.178886
45220015 3.181161
45219886 3.196391
45218633 3.216861
45218511 3.234047
45217389 3.236207
45215992 3.246677
45215861 3.248607
45215708 3.284318
45214331 3.294707
45214127 3.311532
45213773 3.325189
45213556 3.341907
45212787 3.343241
45212643 3.344440
45207959 3.347620
45205936 3.386795
45205725 3.391508
45199737 3.393219
45199074 3.438768
45197589 3.441554
45196232 3.452605
45196098 3.499419
45195877 3.500416
45194768 3.507713
45193009 3.582345
45192084 3.599321
45191589 3.610414
45191028 3.616154
45190662 3.631303
45190177 3.636443
45188836 3.639651
45188773 3.656018
45188413 3.660534
45188209 3.692098
45188031 3.735428
45187550 3.749948
45187174 3.784315
45187162 3.785645
45186648 3.796765
45185663 3.797559
45185123 3.869636
45184865 3.883669
45184815 3.888375
45184695 3.892569
45184603 3.904968
45184341 3.913311
45184101 3.946420
45183985 3.953888
45182640 3.972401
45182281 3.984180
45181947 4.000556
45181541 4.056518
45181365 4.064703
45180579 4.096314
45180250 4.130695
45180211 4.184881
45180172 4.203542
45178446 4.212604
45178153 4.262523
45177550 4.272272
45175574 4.274815
45174920 4.297966
45174355 4.336766
45173291 4.346665
45173183 4.362141
45172846 4.371263
45172499 4.377842
45172446 4.414660
45171637 4.437938
45169730 4.439521
45168754 4.464263
45168510 4.475728
45168492 4.478029
45167622 4.497139
45166395 4.527267
45165319 4.573708
45164090 4.574819
45163901 4.580740
45163521 4.592731
45163373 4.625817
45162992 4.630133
45162385 4.647036
45161574 4.670427
45159858 4.685708
45159632 4.723127
45159188 4.726152
45159028 4.779793
45158366 4.780289
45158073 4.785824
45156945 4.801510
45156030 4.807636
45155907 4.856177
45155756 4.866501
45154779 4.873005
45154192 4.902142
45153912 4.921272
45153705 4.939141
45153697 4.941146
45153593 4.945388
45153204 4.953435
45152840 4.954870
45152768 4.988158
45152563 5.024337
45151847 5.035808
45150834 5.038916
45149969 5.044534
45149874 5.069305
45149299 5.096136
45149001 5.104213
45148527 5.105112
45148131 5.157042
45147871 5.162304
45147809 5.188237
45147520 5.189166
45146999 5.193988
45142687 5.206956
45140156 5.211461
45139641 5.239589
45139346 5.241796
45139022 5.245491
45138384 5.283149
45138380 5.311322
45137400 5.323822
45136396 5.357679
45136126 5.382132
45135742 5.401581
45135697 5.408491
45135618 5.428743
45134882 5.444774
45134802 5.520280
45134762 5.542211
45134293 5.603359
45134284 5.611034
45133089 5.670430
45130096 5.682058
45130088 5.717243
45128622 5.737104
45128111 5.798142
45127382 5.813281
45127300 5.821487
45126978 5.874334
45125884 5.941515
45125273 5.949014
45123724 5.969929
45123705 5.984927
45123619 5.987277
45123193 6.003161
45122963 6.030531
45122807 6.060669
45121975 6.072778
45120739 6.104087
45120673 6.115032
45120605 6.145981
45120460 6.205986
45118341 6.208807
45118174 6.249765
45107544 6.259388
45107432 6.389892
45107023 6.447718
45106732 6.454563
45105832 6.507575
45105624 6.559281
45104983 6.584073
45104378 6.705202
45104169 6.737006
45103815 6.754265
45101794 6.800547
45101655 6.843010
45101251 6.862148
45101137 6.880466
45101093 6.881809
45101016 6.883161
45100990 6.911225
45100977 6.936342
45100293 6.945518
45098946 6.949130
45097417 6.949880
45096953 6.960711
45096635 6.966215
45096514 7.012440
45096460 7.014490
45096291 7.015932
45095689 7.029260
45095675 7.076178
45095400 7.095335
45067415 7.116007
45066695 7.205768
45066469 7.224702
45066375 7.250473
45056707 7.267826
45054658 7.299447
45051734 7.338381
45051559 7.411559
45051539 7.465318
45050993 7.554710
45048914 7.557714
45048804 7.582629
45048440 7.595217
45048375 7.608938
45048362 7.674354
45047000 7.744934
45046831 7.788219
45046575 7.846980
45045668 7.862541
45045393 7.872224
45045356 7.906381
45044666 7.922399
45044636 7.948913
45041829 7.959525
45041780 7.963992
45040566 7.979205
45040426 7.994684
45040419 8.001430
45040310 8.037680
45039556 8.040693
45037888 8.074217
45037438 8.075046
45036840 8.114137
45036332 8.164508
45036238 8.179978
45035312 8.194162
45035163 8.200952
45034771 8.202294
45034689 8.213596
45034517 8.240243
45034335 8.241631
45034271 8.251422
45033938 8.299748
45033470 8.326655
45033187 8.329740
45032915 8.405938
45032638 8.415344
45032502 8.417158
45032381 8.426287
45032279 8.520001
45032089 8.534023
45031402 8.543366
45030852 8.631442
45030827 8.639172
45030420 8.658878
45030279 8.713695
45029946 8.822053
45028769 8.832102
45028338 8.833175
45026710 8.853986
45026002 8.863051
45025889 8.877182
45023998 8.885493
45021942 8.921331
45021495 8.933683
45021150 8.936972
45020073 8.964977
45018952 8.984985
45018655 8.985868
45018522 9.012361
45018177 9.025620
45017665 9.065181
45016822 9.069270
45016349 9.191799
45016228 9.215422
45016019 9.302357
45015939 9.335368
45014848 9.362473
45013923 9.463654
45013917 9.570814
45013142 9.583768
45012211 9.587836
45011762 9.619159
45011739 9.727221
45011720 9.752743
45011377 9.785323
45011369 9.865441
45011299 9.882833
45011016 9.930706
45010731 9.932458
45010023 10.010185
45010006 10.080509
45009921 10.195771
45009908 10.599292
45009737 10.602033
45009510 10.662129
45009426 10.698130
45009299 10.787379
45008827 10.843423
45008817 10.859985
45008689 10.900178
45008644 11.075722
45008383 11.140923
45007982 11.178163
45007880 11.200934
45007390 11.244291
45006316 11.285560
45005787 11.376367
45005446 11.537908
45005116 11.585700
45002905 11.663815
45002637 11.700864
45002107 11.759478
45001753 11.762805
45001712 11.887243
45001625 11.965060
45001431 11.990150
45000820 12.002698
45000244 12.048025
44999635 12.057281
44998911 12.169469
44998698 12.260151
44998445 12.268033
44998278 12.341241
44997563 12.352136
44997451 12.478101
44997365 12.574081
44997334 12.600198
44997228 12.601940
44997012 12.616644
44996483 12.620714
44995695 12.651900
44995629 12.680987
44994990 12.766796
44994418 12.830324
44994232 12.836141
44993963 12.884014
44993064 12.911242
44993025 12.963539
44992581 12.981439
44990715 13.115448
44990479 13.130244
44990380 13.136141
44989903 13.301121
44988587 13.324978
44988468 13.420474
44988170 13.428830
44988151 13.559349
44987558 13.577249
44987229 13.628304
44987061 13.702101
44986990 13.834754
44986860 13.863111
44986837 13.914393
44986062 14.115676
44985905 14.124023
44985592 14.224783
44985576 14.397496
44985105 14.505201
44983162 14.575054
44982888 14.956760
44982346 15.098218
44982323 15.205275
44982097 15.206618
44980903 15.261148
44980858 15.493301
44980845 15.498921
44980457 15.504524
44980363 15.543914
44980303 15.655034
44980198 15.691243
44979531 15.746546
44978612 15.824207
44978434 15.881064
44978096 15.914962
44977827 15.946852
44977481 15.959811
44977312 15.994190
44976897 16.002850
44976824 16.306922
44976712 16.439249
44976663 16.629157
44976581 16.877421
44976341 16.901710
44975957 16.909267
44975937 17.169497
44974740 17.230304
44974225 17.822694
44974209 18.405888
44973832 18.411225
44973492 18.447255
44973210 18.470396
44972797 18.993244
44972680 19.025682
44971563 19.325503
44971407 19.658853
44971245 19.862401
44971209 19.882441
44970261 19.918975
44970247 19.954434
44969836 20.106476
44969795 20.199001
44967683 20.293279
44967659 20.359590
44963187 20.418466
44963159 20.493754
44963011 20.516861
44962404 20.586012
44962076 20.788120
44962073 20.869286
44962026 20.892552
44961989 20.934670
44961331 20.950154
44961282 20.995541
44960761 21.014535
44960511 21.107845
44960434 21.471478
44960302 21.472993
44960271 21.919612
44960230 21.949004
44960219 21.983268
44960120 22.151283
44958883 22.533575
44958881 22.602077
44958098 23.070249
44957796 23.540051
44957680 23.640579
44957499 24.123030
44956377 24.245289
44955820 24.479874
44955794 24.726060
44955664 24.812656
44955591 24.876305
44955528 24.995486
44954765 25.933338
44954644 26.628125
44954527 26.661092
44954354 26.741188
44954205 26.896765
44954008 26.898585
44953695 27.618273
44953669 27.633818
44953378 27.659863
44953227 28.146135
44953151 28.458503
44953139 28.516351
44953111 28.625697
44953021 28.743571
44952974 28.814997
44952795 28.929321
44952785 29.412852
44951914 29.469372
44951788 29.643475
44951490 29.692649
44951296 29.830506
44951075 30.241170
44951065 30.667506
44949540 30.731082
44949510 30.741868
44949351 31.001109
44949175 31.050729
44949161 31.058700
44949145 31.099889
44949027 31.395326
44948731 31.994991
44948474 33.104345
44948364 33.822700
44948348 33.968604
44947398 34.394685
44947332 34.397542
44946516 34.642941
44946455 34.684547
44946070 35.411034
44945525 310.944007
44944784 310.969222
44944371 311.367397
44942424 311.450566
44942302 311.501890
44942174 311.579029
44942104 311.581862
44941864 311.715048
44941826 311.763221
44936530 311.856435
44934012 311.917449
44933205 311.919530
44930728 311.924808
44930646 311.945792
44929306 311.976871
44929259 311.978339
44928713 312.043400
44928614 312.132547
44928419 312.366624
44927150 312.423671
44924173 312.638832
44923935 312.993343
44923702 313.035268
44923570 313.305306
44922811 313.374712
44922424 313.594888
44922351 313.609273
44922323 313.676607
44922112 313.796153
44922002 313.980238
44921865 314.018634
44921832 314.433395
44921409 314.442932
44921046 314.471052
44921026 314.568576
44920900 314.650032
44919965 314.654763
44919355 314.680692
44919182 314.837231
44919049 314.852321
44918537 315.011454
44917430 315.192720
44917116 315.266845
44916909 315.296392
44916657 316.100393
44916614 316.345321
44916556 316.669404
44916338 317.583864
44916245 317.625846
44915418 317.767296
44915410 318.063030
44915375 318.105279
44915032 318.219288
44914802 318.318938
44914615 318.516076
44914591 318.684703
44914492 319.132580
44914291 319.136953
44914124 319.332119
44913995 320.040193
44913187 320.539294
44913176 320.599302
44913012 322.094095
44912656 322.261569
44912170 322.297494
44912091 323.080191
44912062 323.145700
44911727 323.768477
44911714 323.959266
44911713 323.992695
44911581 324.749007
44911444 325.224829
44878729 410.306228
44878554 410.343877
44878387 410.396989
44878315 410.480214
44876836 410.481459
44876517 410.573139
44875729 410.690911
44875465 410.828907
44875226 410.893661
44874933 411.169827
44874906 411.181900
44874774 411.249457
44874260 411.319255
44874230 411.322457
44872725 411.370746
44872670 411.371868
44872175 411.396993
44871884 411.398378
44871821 411.710378
44871810 411.847322
44871731 411.974307
44871163 412.076696
44870333 412.096364
44870168 412.118401
44870063 412.137429
44869696 412.336207
44869567 412.370668
44869523 412.425056
44868799 412.542932
44868330 412.551878
44867791 412.747711
44867652 412.925434
44867188 413.009533
44866943 413.112760
44866878 413.226740
44866715 413.258383
44865940 413.493772
44865920 413.538271
44865767 413.557548
44864949 413.656558
44864813 413.734002
44864777 413.746068
44864568 413.775794
44864416 413.930198
44862879 414.217907
44862708 414.224139
44862588 414.352755
44862577 414.383705
44862235 414.395333
44862160 414.487699
44862099 414.571089
44861681 414.698713
44861152 414.736523
44861073 414.768352
44860737 414.897884
44860425 414.957470
44860386 415.015157
44860380 415.078795
44860303 415.129299
44860156 415.588855
44859981 415.600458
44859902 415.747084
44858276 415.978463
44858219 416.059286
44857980 416.134070
44857723 416.394753
44857478 416.570058
44857255 416.909786
44857032 417.297113
44856084 417.541855
44856068 417.972825
44855982 417.984968
44855897 418.037703
44855728 418.129423
44855144 418.203950
44855127 418.243734
44854964 418.256471
44854950 418.435768
44854783 418.575121
44854357 418.899101
44854341 418.957600
44854291 418.992329
44853294 418.997370
44853250 419.051472
44852740 419.147055
44852660 419.182939
44852347 419.260811
44852319 419.265861
44852278 419.495510
44851378 419.609825
44851228 419.753745
44851203 419.834154
44850967 419.851160
44850539 419.964084
44850433 420.268674
44850308 420.467678
44849798 420.561470
44849697 420.581364
44849158 420.669799
44848956 420.763326
44848383 420.882787
44848343 420.920428
44848286 421.045662
44848203 421.116986
44848080 421.125996
44847985 421.146099
44847781 421.266872
44847737 421.378829
44847054 421.407890
44846784 421.424019
44846557 421.609196
44846347 421.655743
44845968 421.682244
44845625 421.765893
44845433 421.897437
44845344 421.906500
44845240 422.345125
44845212 422.671598
44844075 422.701684
44842258 422.797025
44842198 422.872761
44842194 422.923874
44841939 422.999795
44840471 423.023339
44840451 423.029786
44840183 423.082019
44839489 423.336646
44839416 423.338866
44838670 423.358114
44838560 423.393470
44838295 423.598615
44837538 423.689373
44837080 423.844767
44836962 423.857838
44836926 423.891879
44835025 423.911376
44834993 423.925354
44834977 424.349488
44834039 424.693442
44834001 424.751608
44833137 424.929080
44833128 424.929593
44832692 424.988504
44832440 425.229111
44832319 425.380900
44832246 425.628175
44832029 426.008919
44831907 426.042569
44831392 427.305341
44831311 427.324715
44831272 427.461765
44831052 427.841274
44831028 427.898031
44831000 428.348279
44830768 428.350897
44830572 431.018753
44830517 431.075773
44830407 431.427240
