52674352 0.057951
42980453 0.235938
42980159 0.237018
42977128 0.241462
42970833 0.243790
42959503 0.254118
42885494 0.268582
42885104 0.278787
42883775 0.280225
42856150 0.294649
42855116 0.296186
42839450 0.303690
42827827 0.306486
42811507 0.311163
42809703 0.312504
42728054 0.322833
42666500 0.327460
42664521 0.330451
42655429 0.333777
42640403 0.334949
42635678 0.343674
42635454 0.351192
42633089 0.356967
42631628 0.359972
42631280 0.361835
42630857 0.393823
42629454 0.395372
42625978 0.398396
42625894 0.399075
42618648 0.403072
42616091 0.403540
42614849 0.413655
42613561 0.414427
42600978 0.426526
42589625 0.430809
42588701 0.432768
42586469 0.435685
42586427 0.435962
42585404 0.441879
42570878 0.444748
42562170 0.465878
42562167 0.467313
42561630 0.472692
42557302 0.474841
42509320 0.477942
42497212 0.482596
42467092 0.485401
42466972 0.492250
42466170 0.495351
42460280 0.497567
42432795 0.503930
42432129 0.508425
42432108 0.511717
42426661 0.512851
42412423 0.517531
42408159 0.521010
42407855 0.521367
42407481 0.521667
42406933 0.523003
42404614 0.526565
42404552 0.533358
42401137 0.534754
42363964 0.552223
42361401 0.553978
42356667 0.559616
42354551 0.562621
42339334 0.566298
42332419 0.567949
42331863 0.569931
42326683 0.572109
42315937 0.579403
42314532 0.579697
42314036 0.586932
42313336 0.595653
42288621 0.602044
42287584 0.605778
42276473 0.607306
42274767 0.609100
42274618 0.609485
42273192 0.610406
42268626 0.612417
42266844 0.613370
42262359 0.621324
42249421 0.627531
42249073 0.627758
42239221 0.630421
42238930 0.634118
42237683 0.637565
42236687 0.656966
42234365 0.663998
42234195 0.664163
42204852 0.669714
42204824 0.673036
42204713 0.674830
42204342 0.691062
42201891 0.704725
42183578 0.738296
42177713 0.742270
42173331 0.745651
42171841 0.750817
42169115 0.754981
42168471 0.755595
42167314 0.756787
42152890 0.765922
42151198 0.766646
42150927 0.768657
42148865 0.773007
42148763 0.775604
42148437 0.777631
42145888 0.778199
42144227 0.783721
42140749 0.792720
42139640 0.793755
42139578 0.794472
42135367 0.796160
42133579 0.803465
42130995 0.804872
42130932 0.816762
42130447 0.819015
42130123 0.819847
42126873 0.822629
42125166 0.827283
42123692 0.831890
42122175 0.834450
42107221 0.847675
42105535 0.849481
42103596 0.850874
42101591 0.864422
42100665 0.871808
42100208 0.893694
42099764 0.902425
42080430 0.921858
42080304 0.925929
42067447 0.935626
42066010 0.940602
42065599 0.951973
42065085 0.964214
42063915 0.964936
42063173 0.969171
42062538 0.982863
42062073 0.995406
42060909 0.996402
42060750 1.009259
42060365 1.023792
42051619 1.025551
42042294 1.027777
42041848 1.034121
42041500 1.034743
41985169 1.065770
41985079 1.066392
41981053 1.068358
41980803 1.078644
41973865 1.081206
41973467 1.083996
41973423 1.094208
41967948 1.096863
41966246 1.116368
41963523 1.122887
41958360 1.134827
41957616 1.135976
41956436 1.142951
41953601 1.143628
41952394 1.152248
41950934 1.162521
41950661 1.163006
41950477 1.167661
41950360 1.173537
41948373 1.177727
41946313 1.178361
41942356 1.189188
41942138 1.195621
41941042 1.197659
41939832 1.213934
41939037 1.225771
41937215 1.260338
41934979 1.261364
41928725 1.278216
41927694 1.281749
41927693 1.299401
41923723 1.307244
41922946 1.309057
41922190 1.314065
41922106 1.322990
41921535 1.353710
41921432 1.374503
41920695 1.379190
41916809 1.386622
41915307 1.388784
41914142 1.400126
41914069 1.404209
41911935 1.406176
41910941 1.411817
41910792 1.432763
41909919 1.454124
41908864 1.456489
41905096 1.482874
41903965 1.494284
41899079 1.536707
41898755 1.540644
41898066 1.558771
41897820 1.560818
41897625 1.574309
41896336 1.578239
41896084 1.589446
41886515 1.603833
41886423 1.604725
41885252 1.617215
41884482 1.624482
41882770 1.632910
41881345 1.633988
41881300 1.640561
41880890 1.643793
41880755 1.654778
41876900 1.680577
41873330 1.682811
41870664 1.683175
41866013 1.684732
41864660 1.693939
41864194 1.698304
41863220 1.709134
41863195 1.719437
41863067 1.721420
41862876 1.725591
41862622 1.737939
41858975 1.753705
41857582 1.767205
41856311 1.773170
41856063 1.775235
41855151 1.787524
41852752 1.813888
41851632 1.827993
41851484 1.843059
41851463 1.844759
41851268 1.850849
41829297 1.854204
41829010 1.871591
41827727 1.885573
41827555 1.902834
41813033 1.911452
41813000 1.921659
41812843 1.922459
41811908 1.952617
41811602 1.959747
41810977 1.972804
41810738 1.979304
41808976 1.981184
41805593 1.984847
41804698 1.995432
41804086 1.997283
41803874 2.000311
41803525 2.006062
41803175 2.013660
41801883 2.026952
41801739 2.051017
41801574 2.055636
41800397 2.056360
41798987 2.067450
41798962 2.070841
41798264 2.093438
41796801 2.145224
41796260 2.146372
41795026 2.150323
41794975 2.157615
41794795 2.165939
41793477 2.177654
41792335 2.181894
41791798 2.202420
41790916 2.207663
41790886 2.220313
41784506 2.244735
41784003 2.264860
41783438 2.268808
41783269 2.269757
41782922 2.296762
41780815 2.299307
41780335 2.310011
41779116 2.313398
41778864 2.322127
41778379 2.322471
41774741 2.335031
41774707 2.336491
41771207 2.346642
41767098 2.358332
41765673 2.359848
41764854 2.365813
41761574 2.389244
41761434 2.402716
41761300 2.404080
41760929 2.405109
41755665 2.407354
41754750 2.410608
41754605 2.411891
41753789 2.473379
41753480 2.481709
41751621 2.490979
41750347 2.496548
41750257 2.550572
41749671 2.571673
41748142 2.572419
41746433 2.574476
41746124 2.585773
41746114 2.629167
41742780 2.631407
41742760 2.633848
41741894 2.636713
41740847 2.639297
41740590 2.669376
41739752 2.690112
41739434 2.704687
41739176 2.716139
41739168 2.756015
41737541 2.760381
41737230 2.774943
41735601 2.798666
41735480 2.822148
41734761 2.832898
41731397 2.853135
41731156 2.866630
41729357 2.884859
41728049 2.886387
41727885 2.914195
41726319 2.922039
41724770 2.927736
41724632 2.974762
41723811 3.004718
41723277 3.009840
41723247 3.032211
41721172 3.033239
41719886 3.109934
41719292 3.131513
41718979 3.196314
41718932 3.200797
41717992 3.208505
41717311 3.214970
41716882 3.230416
41715968 3.243853
41715306 3.308755
41715214 3.315263
41715178 3.322149
41714727 3.326397
41713587 3.339362
41712487 3.401600
41712341 3.415047
41712076 3.452545
41711722 3.460308
41711118 3.462512
41711046 3.465204
41710273 3.477692
41710155 3.478451
41709229 3.506917
41706010 3.522016
41705768 3.523592
41705392 3.533406
41704772 3.539323
41704483 3.539827
41703625 3.550625
41703565 3.551763
41703467 3.567371
41702961 3.570497
41702693 3.574498
41702429 3.584264
41701604 3.619765
41701280 3.643838
41699961 3.647957
41699718 3.664227
41698523 3.719266
41697868 3.728170
41693323 3.782371
41693170 3.806085
41691456 3.811138
41691165 3.821049
41690490 3.837865
41690444 3.842370
41689897 3.853029
41689663 3.856486
41689084 3.876926
41689046 3.906011
41688847 3.959908
41688553 3.970461
41688450 3.974873
41688378 4.053657
41687149 4.055941
41686270 4.066860
41686150 4.067612
41685675 4.094693
41685644 4.119133
41684846 4.174667
41684615 4.182188
41684320 4.193333
41681443 4.195459
41681038 4.228394
41680922 4.267530
41674913 4.291350
41674839 4.305792
41673359 4.318773
41672278 4.338895
41670940 4.378033
41670937 4.395983
41670688 4.403340
41670596 4.414892
41670301 4.493587
41669823 4.497861
41669595 4.503571
41666906 4.515483
41665380 4.600722
41663622 4.603771
41663310 4.614249
41663289 4.617356
41662517 4.663165
41661968 4.715210
41661673 4.784951
41661573 4.796634
41659972 4.800150
41659786 4.805027
41659784 4.857587
41659708 4.871738
41659027 4.882406
41658973 4.883099
41658532 4.885249
41658251 4.892309
41658062 4.903659
41658025 4.930655
41656655 4.931259
41643188 5.009566
41643139 5.016076
41642585 5.027191
41621551 5.033902
41621291 5.046186
41621227 5.070821
41621224 5.130031
41621078 5.210740
41619024 5.265768
41617007 5.284976
41615183 5.307617
41614570 5.332140
41614496 5.488327
41613973 5.510574
41611675 5.524402
41611664 5.525235
41611393 5.550122
41610782 5.557675
41610682 5.591150
41610377 5.673382
41610320 5.693346
41609480 5.712710
41609447 5.729377
41608744 5.779597
41607669 5.783066
41607633 5.804701
41605171 5.817716
41604871 5.899840
41604495 5.941708
41603502 5.949860
41602530 6.031336
41601669 6.074037
41601312 6.076487
41600602 6.124682
41599557 6.162210
41599375 6.247936
41598930 6.326291
41598294 6.328493
41598262 6.379356
41598063 6.468979
41595810 6.470274
41595708 6.508563
41594711 6.541711
41593772 6.596248
41593190 6.597551
41591752 6.639402
41590913 6.642251
41590735 6.673418
41590364 6.708699
41590312 6.740747
41590256 6.882444
41589877 6.899290
41589659 6.902493
41588989 6.933720
41588665 7.150425
41587651 7.209869
41586873 7.235628
41586434 7.321253
41585476 7.411607
41585391 7.427669
41585077 7.462046
41584022 7.481585
41583952 7.487373
41583854 7.507300
41583618 7.510127
41583595 7.541401
41583438 7.663222
41583214 7.709189
41583073 7.734876
41582907 7.770014
41578882 7.789410
41578533 7.836261
41575020 7.841995
41574970 7.896640
41572999 7.903491
41572840 7.931111
41572787 7.946296
41571379 7.981448
41569925 7.995507
41569865 8.099594
41569705 8.110703
41569410 8.392063
41569331 8.403276
41569311 8.464163
41569140 8.476579
41569070 8.598879
41568747 8.638498
41568430 8.733656
41567340 8.791439
41567120 8.843848
41566701 8.855586
41566553 8.859214
41566384 8.899947
41566054 8.948095
41565708 9.021152
41563497 9.045663
41562519 9.065334
41562462 9.108298
41558088 9.115735
41558019 9.133999
41556262 9.173571
41556029 9.215286
41556017 9.223299
41555839 9.228123
41554218 9.243537
41554033 9.316232
41553144 9.320133
41551734 9.328672
41551083 9.339993
41551061 9.364765
41551052 9.430925
41511059 9.555374
41511020 9.603478
41510950 9.649014
41510568 9.687896
41507668 9.694066
41507294 9.697455
41505768 9.735178
41505723 9.737341
41501957 9.740102
41501921 9.741006
41501387 9.816306
41501372 9.841103
41500797 9.908550
41485361 9.980284
41485213 9.985762
41485049 9.999145
41478067 10.033161
41477360 10.042919
41467157 10.045372
41466781 10.047823
41466696 10.065498
41466493 10.079327
41465220 10.139364
41464993 10.222411
41463491 10.241837
41461020 10.246252
41458661 10.257393
41456988 10.264910
41456028 10.266961
41455968 10.353673
41453971 10.357112
41453751 10.372240
41453718 10.407534
41453373 10.407983
41453066 10.461139
41452859 10.481401
41452687 10.492167
41451641 10.539735
41451158 10.545240
41450387 10.570747
41450197 10.579549
41450094 10.702882
41449198 10.710094
41448592 10.756659
41448440 10.812770
41448224 10.856392
41447610 10.901158
41447308 10.951950
41447163 11.024189
41447159 11.052384
41446760 11.064467
41444117 11.086592
41444006 11.089435
41443973 11.128649
41443962 11.163714
41443816 11.194791
41443697 11.346563
41443633 11.346987
41443547 11.397973
41443179 11.399499
41443158 11.501344
41442712 11.556201
41442044 11.577240
41442039 11.646436
41441648 11.695909
41441079 11.715361
41440840 11.786699
41440616 11.788712
41436840 11.817638
41436599 11.829785
41435733 11.868492
41435629 11.898244
41435090 11.911881
41434164 12.222885
41434026 12.368465
41432388 12.406344
41432378 12.423319
41432187 12.564770
41432107 12.661515
41431880 12.670674
41431499 12.727626
41431484 12.932949
41431441 12.973582
41431382 12.978281
41431285 13.149913
41430757 13.171069
41430668 13.223058
41430429 13.400677
41429771 13.430788
41429393 13.481382
41429111 13.624929
41429090 13.714628
41428785 13.717096
41428590 13.724620
41428315 13.725088
41428154 13.946060
41426956 14.458195
41426025 14.516288
41425915 14.542746
41425681 14.567890
41425025 14.608397
41425017 14.661424
41424888 15.055643
41423558 15.158372
41423144 15.213039
41422596 15.265371
41422544 15.428134
41422199 15.431401
41421941 15.488246
41421028 15.498504
41420903 15.560932
41420548 15.597005
41420376 15.630784
41420313 15.697240
41419837 15.724764
41419751 15.854425
41419440 15.858655
41419283 16.023012
41419105 16.067909
41419090 16.075081
41419002 16.310165
41418886 16.334135
41418689 16.335608
41418487 16.400295
41418450 16.501946
41417920 16.620504
41417915 16.749044
41416689 16.773178
41416186 16.907675
41416174 16.943238
41415587 17.097460
41415024 17.215133
41414432 17.918282
41414084 17.957979
41413948 18.037635
41413785 18.240333
41413748 18.499908
41413710 18.561414
41413211 18.693398
41412803 18.874578
41412418 19.036453
41412189 19.181117
41412112 19.351303
41412101 19.364543
41411947 19.369205
41411931 19.410579
41411827 19.524450
41411825 19.541205
41411750 19.725679
41411734 19.766075
41411122 19.966586
41410355 20.142191
41410311 20.514087
41410307 20.959014
41410137 21.115001
41409947 21.320252
41409727 21.469504
41409698 21.661167
41409218 21.678916
41409034 21.795813
41408474 22.079419
41407280 22.248291
41407123 22.324292
41407097 22.658644
41406896 22.970593
41406887 23.177990
41401513 23.554831
41400965 23.558273
41400572 23.708978
41400291 23.800400
41399662 24.410114
41398559 24.762800
41398318 24.925775
41398261 25.172141
41398078 26.332045
41398066 26.388891
41398014 26.478376
41397552 26.486525
41397463 27.784917
41397426 28.209441
41396941 49.324667
41396897 49.632690
41395813 49.735546
41395623 49.902579
41393875 49.942114
41393489 50.011246
41393483 50.211842
41393079 50.267501
41392510 50.890725
41388920 51.067242
41388907 51.178667
41388711 51.357499
41388340 51.410662
41388299 52.386924
41388189 52.643357
41388143 53.123317
41387220 53.291701
41386984 53.433923
41386971 53.483963
41384571 53.639766
41383516 53.689029
41383378 53.716436
41383376 53.738036
41383242 54.074732
41383195 54.079610
41382042 54.157543
41381579 54.260358
41378956 54.447998
41378821 54.491808
41378583 54.520273
41378268 54.565631
41374816 54.777507
41372525 54.973817
41372451 55.105271
41372111 55.163525
41371766 55.273026
41371387 55.370984
41371353 55.498961
41371283 55.746276
41370503 56.236990
41369275 56.278180
41369127 56.654537
41368880 112.908119
41367895 113.044444
41366322 113.143842
41365061 113.264161
41364946 113.275237
41364471 113.409990
41364314 113.619037
41364027 114.024270
41359820 213.256139
41359800 213.442031
41359724 213.444782
41359662 213.645860
41359360 213.679902
41358994 213.778080
41358991 213.871957
41358762 213.890341
41358257 213.917348
41358054 214.095278
41355200 214.195024
41355182 214.392870
41354740 214.607700
41354738 214.921987
41354068 215.111049
41354022 215.493242
41353680 216.223672
41353649 217.816491
41353541 219.024714
41353523 219.412381
41353111 219.597137
41353099 220.022867
41353090 220.171490
41352807 220.323846
41352536 220.550013
41352314 220.707421
41352090 221.063465
41350676 223.114912
41349579 223.792275
41349309 224.075229
41349256 224.678454
41349137 224.833193
41348633 225.048304
41347722 225.153644
41347694 225.170700
41347632 225.179468
41346513 225.445143
41346495 225.486643
41346474 225.493849
41346225 225.686722
41346140 226.345931
41345900 226.488996
41345639 226.534376
41345247 226.551496
41344974 226.587707
41344844 226.718241
41344837 226.943945
