37070567 0.021508
31108858 0.119105
31058516 0.121889
31057300 0.122707
31042884 0.130042
31023827 0.133093
31020879 0.136403
31007773 0.141941
31005223 0.144079
31002335 0.146510
31000040 0.149379
30994019 0.152592
30989113 0.157390
30988106 0.161103
30977100 0.202051
30973829 0.204917
30971745 0.207442
30971628 0.211535
30971434 0.221273
30967851 0.224904
30956039 0.227518
30943121 0.240677
30938326 0.242697
30933549 0.244997
30925896 0.245922
30913929 0.251359
30908048 0.255397
30899995 0.262952
30891897 0.264373
30888248 0.278723
30884221 0.291523
30884176 0.292876
30883662 0.296947
30879501 0.301620
30868853 0.305301
30867169 0.312820
30866472 0.330125
30865469 0.334643
30693572 0.341281
30687776 0.343857
30679078 0.355302
30677725 0.365214
30677211 0.369603
30676099 0.390665
30675262 0.397934
30675020 0.399176
30674580 0.400012
30671951 0.411257
30658619 0.413888
30651954 0.420476
30651415 0.427314
30649180 0.428761
30648773 0.438584
30648541 0.444550
30647580 0.451252
30646167 0.455003
30645456 0.456396
30624505 0.465888
30623699 0.480337
30623129 0.496667
30621573 0.499895
30621012 0.506912
30620465 0.517885
30619986 0.518083
30619882 0.521580
30618988 0.548764
30618467 0.554272
30538960 0.558059
30538019 0.560596
30537663 0.562831
30537513 0.569879
30533645 0.571415
30532003 0.572356
30531157 0.576468
30530530 0.592796
30528432 0.602492
30528374 0.613229
30525334 0.620005
30523303 0.626446
30506005 0.644637
30503780 0.656577
30503203 0.657246
30502100 0.673891
30501350 0.720526
30471234 0.726894
30470823 0.730909
30470417 0.750534
30461031 0.778381
30453712 0.786591
30451669 0.807247
30445421 0.842949
30444809 0.844788
30444111 0.846393
30443057 0.857113
30440786 0.866268
30439608 0.878900
30439430 0.883388
30438719 0.907879
30435557 0.924906
30435527 0.983829
30435089 0.985944
30433774 0.987379
30433028 0.990018
30432488 0.996442
30430111 1.032402
30427778 1.037987
30426446 1.039554
30425533 1.071326
30425461 1.099104
30422420 1.105630
30421417 1.114046
30417880 1.137289
30413765 1.147177
30408965 1.155820
30408478 1.158731
30405822 1.169952
30405747 1.170290
30404301 1.176649
30398611 1.179721
30397940 1.191290
30395769 1.210399
30394357 1.246592
30393917 1.264321
30393479 1.266108
30390879 1.281195
30389103 1.317160
30387974 1.325464
30387934 1.331469
30386294 1.339571
30385930 1.340066
30385529 1.355259
30366864 1.363049
30366828 1.363457
30366395 1.367861
30365454 1.369985
30363633 1.374230
30362482 1.377759
30362034 1.404142
30361472 1.417915
30357785 1.420593
30353320 1.465011
30353278 1.469799
30353091 1.478029
30349929 1.548890
30349607 1.587351
30349208 1.588704
30348498 1.591381
30346924 1.594409
30344704 1.599220
30343159 1.600929
30342376 1.606714
30341175 1.614567
30340649 1.629003
30339704 1.637431
30339024 1.645047
30338549 1.647151
30338413 1.652036
30333956 1.720406
30333521 1.773535
30333243 1.774033
30332887 1.801464
30332473 1.802228
30332237 1.853111
30331825 1.857804
30331762 1.862298
30331667 1.876553
30331612 1.941636
30329323 1.943201
30329008 1.971003
30328869 1.977364
30328761 1.978444
30328393 1.985745
30328082 2.013528
30327816 2.038127
30327380 2.039056
30308816 2.044017
30308618 2.053277
30302608 2.085513
30302270 2.097084
30302214 2.110843
30301700 2.156719
30300359 2.159501
30299849 2.171057
30298796 2.174439
30298537 2.176894
30297746 2.193446
30296910 2.198603
30296056 2.206701
30295757 2.208625
30293377 2.245438
30293218 2.251455
30288862 2.306421
30288710 2.315511
30287613 2.329915
30286627 2.332981
30286185 2.358792
30285919 2.360499
30285101 2.387687
30281450 2.431081
30281177 2.444193
30280205 2.463825
30280156 2.477973
30278214 2.490330
30276917 2.520227
30276847 2.523700
30276666 2.630341
30276290 2.634050
30275867 2.701854
30275566 2.716910
30273127 2.725116
30272948 2.748438
30272071 2.761903
30271433 2.768669
30270711 2.810040
30270038 2.844109
30269162 2.858652
30268993 2.909582
30267971 2.927188
30267948 2.931177
30264586 2.979737
30263270 3.035705
30262748 3.109694
30262541 3.113024
30262519 3.188770
30261615 3.219472
30261504 3.237745
30259513 3.265695
30259364 3.293642
30259275 3.312197
30259215 3.324722
30258806 3.329196
30258792 3.337853
30257649 3.379902
30256261 3.418020
30256083 3.458002
30253224 3.505172
30252074 3.536431
30250053 3.648895
30249400 3.653848
30247621 3.670641
30247490 3.673981
30244744 3.716360
30244570 3.810102
30244279 3.821914
30244009 3.894101
30243622 3.995705
30242980 4.010055
30242764 4.019447
30242291 4.075697
30241714 4.209552
30239556 4.257285
30237244 4.296072
30235304 4.332054
30235260 4.464613
30234079 4.588954
30233918 4.600060
30233024 4.680837
30231458 4.707824
30230975 4.827997
30230941 4.839642
30230584 4.842359
30230088 4.932961
30229363 5.194441
30229217 5.441013
30228811 5.648058
30228669 6.081940
30228438 6.187636
30228397 6.194413
30228238 6.277519
30227664 6.452114
30227321 6.466965
30227175 6.506809
30227008 6.571784
30225883 6.864654
30225564 7.433532
30225476 8.313731
30225356 8.350413
30224617 8.381718
30223774 8.662365
30223571 8.701008
30223393 9.470033
30222269 9.540499
30221251 9.699123
30221065 10.456849
30220905 10.823418
30220901 11.035377
30220035 11.069548
30219966 11.570781
30219960 11.695383
30219852 11.708240
30219726 11.809832
30219654 12.188844
30218264 12.554873
30217447 12.704852
30217080 12.822442
30215168 15.527544
30214994 15.528987
30213688 15.533650
30213156 15.555645
30212821 15.562517
30210602 15.587969
30209857 15.591794
30209207 15.598368
30206303 15.619971
30204947 15.704988
30204102 15.707664
30201997 15.716486
30201965 15.737131
30197176 15.746044
30196681 15.763218
30196063 15.769588
30195921 15.848500
30194686 15.871427
30193565 15.877027
30192657 15.886049
30192158 15.892887
30191551 15.894825
30190695 15.906839
30190218 15.973268
30189449 15.985046
30188132 15.987429
30178768 15.991120
30178653 15.994938
30178629 16.027587
30178359 16.079646
30174626 16.089443
30173980 16.092198
30173181 16.097098
30161412 16.112173
30160037 16.116185
30158900 16.140587
30158410 16.250843
30156127 16.257025
30155848 16.264813
30154977 16.283140
30152898 16.285452
30152225 16.295327
30151821 16.300620
30151527 16.301489
30151200 16.329929
30150454 16.342409
30149614 16.352142
30148021 16.376070
30146430 16.400221
30145255 16.413393
30145205 16.428982
30145097 16.457199
30139267 16.464814
30137067 16.494242
30134677 16.497673
30132633 16.521374
30132143 16.523775
30130803 16.541009
30125370 16.612523
30124074 16.641644
30123922 16.646074
30122655 16.654316
30121881 16.689985
30118328 16.698531
30116232 16.708148
30115158 16.716180
30114021 16.739244
30113915 16.744511
30110152 16.780790
30109855 16.783368
30109041 16.790564
30109009 16.803931
30108902 16.816060
30103224 16.842375
30102431 16.864671
30102264 16.886399
30101829 16.979419
30100741 17.046883
30100544 17.088465
30100370 17.127045
30100242 17.156351
30099509 17.160273
30099315 17.241241
30098700 17.249132
30097942 17.300279
30097446 17.307775
30094977 17.308361
30091595 17.378491
30091219 17.399646
30090733 17.435920
30090578 17.447117
30090568 17.467984
30090364 17.645156
30090059 17.649267
30089952 17.658047
30089837 17.662789
30088552 17.666982
30088475 17.753105
30088453 17.863348
30087133 17.904501
30086912 17.963643
30085577 17.976914
30085245 17.993554
30085226 18.000286
30084139 18.055232
30083495 18.082019
30082257 18.160478
30081203 18.191380
30080826 18.202686
30080094 18.291132
30078866 18.306715
30078453 18.477318
30078302 18.518801
30075828 18.583891
30074321 18.594880
30073875 18.610623
30073295 18.698374
30073164 18.715951
30072605 18.827816
30071226 18.875741
30070942 18.908572
30070777 19.034454
30070616 19.310743
30069119 19.338390
30069059 19.558824
30068839 19.613893
30068836 19.668589
30068573 19.757098
30068416 20.025259
30067192 20.648216
30065955 20.965980
30065543 21.350152
30065471 21.784459
30063368 21.929145
30063057 23.268349
30063051 23.280250
30063031 23.446888
30061622 23.796270
30061611 23.926016
30061429 23.952174
30061368 24.000478
30061064 24.151898
30061003 24.994765
30060863 25.271677
30060511 25.330741
30059947 25.374545
30059738 25.744119
30059499 25.780511
30059463 26.010402
30058900 26.012144
30058856 26.782934
30058570 27.999976
30058360 28.047855
30058206 28.114631
30057825 80.949932
30057683 81.031911
30057661 81.345220
30057429 81.472520
30057253 82.158051
30057195 82.417931
30055843 82.839818
30055764 83.032871
30055665 83.745860
30055313 83.884152
30054459 84.015353
30053855 84.268328
30053849 84.340248
30053053 102.467633
30028626 102.520485
30028284 102.535162
30016416 102.542388
30016199 102.546871
29989681 102.568585
29988916 102.600441
29987374 102.715502
29984988 102.741798
29984252 102.769611
29981715 102.836078
29980126 102.836721
29979797 102.854845
29977992 102.905001
29977754 102.921367
29977749 102.924222
29975013 102.954779
29974416 102.989941
29974231 103.084074
29973093 103.123203
29972705 103.190193
29972326 103.271353
29970612 103.280533
29970574 103.396422
29970519 103.449661
29963450 103.455640
29962140 103.471716
29962092 103.476775
29959453 103.530294
29958941 103.539101
29958733 103.621844
29958452 103.724190
29955869 103.760362
29955762 103.817885
29953560 103.818311
29953395 104.025249
29953123 104.135002
29952647 104.297049
29952345 104.534526
29951857 104.575004
29951500 104.576376
29951322 104.611211
29949778 104.645188
29949377 104.741097
29947708 104.835023
29947657 104.982857
29946339 104.990060
29945284 105.089993
29944366 105.158275
29942670 105.229809
29941674 105.255736
29941458 105.359635
29938991 105.361063
29938925 105.515224
29938868 105.523298
29938650 105.574980
29938621 105.587105
29938161 105.746638
29938035 105.760939
29937765 105.831558
29937623 105.858733
29937259 106.027517
29937192 106.094069
29937120 106.139767
29936861 106.169745
29936839 106.359116
29936406 106.647626
29936089 106.658670
29935546 106.708861
29934429 106.935056
29934180 106.987313
29933595 107.167450
29931740 107.565766
29931678 107.906136
29931634 108.371748
29931368 108.780392
29930585 109.074021
29930538 109.200318
29929935 109.514323
29928603 109.589649
29928562 110.098005
29928161 110.957661
29927054 110.960881
29926592 111.683655
29926528 112.059058
29926164 112.715126
29926049 294.011592
29925506 294.074371
29925498 294.311222
29925389 294.360478
29925388 294.616192
29925333 294.796877
29925290 294.829785
29924935 295.109676
29924915 295.714066
29924903 335.694089
29924676 335.819537
29924008 336.992077
29924002 337.383353
29923881 338.026213
29923621 484.713927
29923335 484.777291
29922916 484.781020
29922250 484.793139
29921649 484.793515
29921643 484.875966
29921610 484.917761
29920726 485.061712
29919971 485.148829
29919537 485.170596
29918610 485.195883
29918602 485.214405
29917100 485.384063
29917077 485.621673
29916856 485.721387
29915849 485.753675
29915632 485.809302
29915557 485.941286
29915372 485.968208
29915346 485.982198
29915226 486.125724
29914931 486.185746
29914581 486.245286
29914123 486.246912
29913492 486.418043
29913039 486.456844
29912640 486.522243
29912491 486.577114
29912324 486.651300
29912134 486.666418
29911360 486.750500
29910752 486.784671
29908995 486.868034
29908701 486.957786
29908698 487.121135
29908212 487.131543
29908100 487.275937
29908011 487.422787
29907942 487.441479
29907223 487.605399
29907184 487.865893
29907019 487.903959
29906964 487.908529
29906655 487.992834
29904676 488.896695
29903921 488.945512
29903880 489.089842
29903862 489.136642
29903591 490.060686
29903179 490.427625
29902087 490.668520
29901921 491.088702
29901777 491.132362
29901483 491.436440
29901383 491.896582
29899397 492.563747
29898827 492.614437
29898766 492.724653
29898720 493.106572
