16256679 0.005485
13585453 0.022637
13571209 0.024783
13561118 0.029273
13554387 0.031793
13549109 0.043910
13539886 0.046500
13511158 0.048745
13500351 0.053171
13500044 0.054214
13493466 0.058665
13488419 0.064357
13385514 0.077121
13385365 0.077978
13380999 0.079407
13374540 0.082250
13370866 0.088560
13370714 0.089762
13370463 0.094358
13368519 0.111347
13366103 0.122063
13364580 0.127922
13363078 0.128936
13355746 0.132270
13353370 0.135983
13351841 0.141519
13347306 0.157155
13346421 0.165771
13346410 0.183478
13344570 0.197409
13341957 0.204066
13340691 0.209358
13334659 0.231407
13325675 0.249799
13320190 0.274675
13318237 0.318140
13318049 0.369901
13317908 0.378760
13310663 0.385465
13309124 0.393381
13308611 0.407486
13307466 0.422547
13306830 0.430991
13305900 0.442636
13305593 0.470592
13304909 0.507339
13304846 0.513219
13304586 0.561784
13304442 0.589729
13303199 0.610232
13302148 0.619617
13302035 0.626161
13300724 0.655614
13299589 0.712436
13298008 0.720584
13297745 0.742765
13297073 0.766391
13296827 0.815604
13295657 0.830318
13295643 1.373835
13295509 1.482414
13295131 1.536760
13293546 1.550790
13288614 1.568927
13288529 1.732055
13288330 2.083834
13287416 2.100812
13287107 2.102131
13282562 3.805406
13281926 3.819941
13280097 3.953538
13279637 4.011507
13279373 4.243459
13279245 4.250993
13277552 9.362185
13272584 9.499769
13272456 29.070340
13272445 55.401803
13272381 69.079153
13271863 161.727551
