36592460 0.029239
30686877 0.113644
30686372 0.117433
30678459 0.118748
30370895 0.125932
30358386 0.131088
30357596 0.131503
30243179 0.133764
30239937 0.138205
30236153 0.174593
30235597 0.185880
30233373 0.186575
30223108 0.188885
30209369 0.190854
30207532 0.191624
30206780 0.193831
30194246 0.201217
30188941 0.203794
30186014 0.212444
30180147 0.230540
30178530 0.239442
30178374 0.245154
30177868 0.257145
30173572 0.268724
30172913 0.272937
30163087 0.278319
30161022 0.282138
30159086 0.282978
30154147 0.283811
30152854 0.288051
30147375 0.291207
30146196 0.293317
30146098 0.315204
30145051 0.317970
30143417 0.318401
30140168 0.319863
30133166 0.321392
30130311 0.331016
30111431 0.331933
30104257 0.341963
30096978 0.343090
30093804 0.346983
30092981 0.348770
30092251 0.349236
30088496 0.371675
30086834 0.372773
30086307 0.381447
30084685 0.391144
30080907 0.397778
30073418 0.409871
30066613 0.413004
30066612 0.414210
30064445 0.417705
30058278 0.423766
30056922 0.425865
30056211 0.427285
30049520 0.434768
30048989 0.436863
30048846 0.438464
30048013 0.439186
30045872 0.450767
30044392 0.456274
30039320 0.460525
30038540 0.477867
30037949 0.480777
30035705 0.492755
30033871 0.507758
30033383 0.518940
30028848 0.527330
30023689 0.529846
30020436 0.537852
30020375 0.540268
30020202 0.541994
30010915 0.549784
30008900 0.559180
30008816 0.561223
29999071 0.566509
29996619 0.571862
29994667 0.573242
29993828 0.590036
29993049 0.597389
29990214 0.604010
29988664 0.611596
29987763 0.617469
29985919 0.625150
29983017 0.637692
29955691 0.655357
29944037 0.656278
29943870 0.664232
29943388 0.670831
29942673 0.677995
29942577 0.681262
29942095 0.682944
29942090 0.685903
29938724 0.690304
29936726 0.692104
29935816 0.701618
29935554 0.703087
29935393 0.734031
29927919 0.748521
29926511 0.750474
29923148 0.759461
29912058 0.760642
29911836 0.761896
29911775 0.781643
29910804 0.782406
29910484 0.795038
29909902 0.802321
29909120 0.803895
29908672 0.814338
29908480 0.817514
29903170 0.822021
29898057 0.822848
29897699 0.837915
29895607 0.839994
29894101 0.857244
29892900 0.863636
29892541 0.874665
29892254 0.883498
29888016 0.895700
29886503 0.900863
29883124 0.907449
29882096 0.909815
29881489 0.911101
29880654 0.911451
29878087 0.913363
29877306 0.920008
29873045 0.923642
29870597 0.948947
29870360 0.966564
29870265 0.981656
29870225 1.000487
29869834 1.016249
29868466 1.026861
29866706 1.032286
29860967 1.044887
29859584 1.054044
29859127 1.057099
29858107 1.067416
29857590 1.071652
29856900 1.084879
29856251 1.096270
29855571 1.096957
29854752 1.154148
29853145 1.169327
29850064 1.174802
29849889 1.187242
29849876 1.197976
29847814 1.226602
29847555 1.227372
29844905 1.230958
29844762 1.232130
29755853 1.243207
29752083 1.249125
29750274 1.258351
29750253 1.274502
29749685 1.291495
29749492 1.309170
29748199 1.313676
29746033 1.323104
29745531 1.325086
29744746 1.327768
29744095 1.332249
29742934 1.345307
29742695 1.347228
29742083 1.352942
29741966 1.383194
29738586 1.385551
29738448 1.396412
29737392 1.399384
29736989 1.401290
29736809 1.435599
29735535 1.435854
29734835 1.451344
29733564 1.457870
29733534 1.473248
29733480 1.478679
29733038 1.555359
29732896 1.562498
29732625 1.568171
29730455 1.569845
29730437 1.571060
29730344 1.625303
29730145 1.641394
29729791 1.699667
29718962 1.737524
29718534 1.768361
29704366 1.774559
29704307 1.789008
29699822 1.801925
29696336 1.812799
29695998 1.830569
29692427 1.836855
29690182 1.850124
29687288 1.854766
29687169 1.855419
29687088 1.865143
29686857 1.905571
29686749 1.911414
29686219 1.935801
29684678 1.947944
29684421 1.956882
29683886 1.964624
29683853 1.983786
29681015 1.989249
29679814 2.032936
29678801 2.044605
29674864 2.074251
29673451 2.079559
29671740 2.127872
29670406 2.132372
29670161 2.136659
29669404 2.139498
29669222 2.143169
29667853 2.148930
29667585 2.154804
29663392 2.160914
29661951 2.175202
29661756 2.180426
29658466 2.234323
29657366 2.241146
29655391 2.244438
29653623 2.256267
29653549 2.305938
29653480 2.313009
29652311 2.329855
29651220 2.335201
29650189 2.335480
29649281 2.345074
29647866 2.377165
29647095 2.393254
29646856 2.395183
29646665 2.444883
29642306 2.446837
29642288 2.451045
29641375 2.513621
29641336 2.554385
29641072 2.569612
29640817 2.598955
29639105 2.605771
29639081 2.640574
29636052 2.670032
29635129 2.679085
29634890 2.710198
29633908 2.717661
29633691 2.755706
29633654 2.769802
29631711 2.785946
29631490 2.800691
29628004 2.804039
29626287 2.815000
29625111 2.831642
29624984 2.863683
29624678 2.869731
29624460 2.963240
29622704 2.964076
29621589 2.966243
29620570 3.045329
29617661 3.049095
29613893 3.059211
29613882 3.060142
29613881 3.077830
29612800 3.097429
29612749 3.101772
29612637 3.123641
29612544 3.169804
29611842 3.183111
29611623 3.206952
29611559 3.213559
29610613 3.270346
29610004 3.363027
29609748 3.450061
29609149 3.476165
29608987 3.515800
29607601 3.518534
29606142 3.553271
29604323 3.669919
29604183 3.712718
29604123 3.723662
29603447 3.726553
29603294 3.795210
29602930 3.816238
29601563 3.843335
29601355 3.871914
29601110 3.894374
29600604 3.929725
29600395 4.103107
29592386 4.152780
29592339 4.316634
29591867 4.320642
29591675 4.377309
29591645 4.447584
29590841 4.468795
29590630 4.485061
29589488 4.486416
29589350 4.573606
29588272 4.583353
29587967 4.638771
29587856 4.651170
29585408 4.669106
29585317 4.680896
29585194 4.693812
29585075 4.696618
29582601 4.777613
29582098 4.868894
29582052 4.908765
29581877 4.963539
29581630 5.092359
29581419 5.106466
29580782 5.272689
29580588 5.484712
29580504 5.560228
29559183 5.571545
29557181 5.609364
29556526 5.611320
29556058 5.665035
29555345 5.675574
29554184 5.700257
29540246 5.767635
29536257 5.771255
29535210 5.786182
29534989 5.808581
29534782 5.847017
29525282 5.862795
29520851 5.872758
29520827 5.873620
29520234 5.877198
29510690 5.886886
29508086 5.933229
29488721 6.012216
29484616 6.042971
29482996 6.072448
29479604 6.076943
29479271 6.106065
29478688 6.139804
29478351 6.165383
29477320 6.171778
29477279 6.232653
29477213 6.240931
29476908 6.280277
29466755 6.357329
29466723 6.650918
29465239 6.788193
29464582 6.928621
29463891 6.967214
29463540 7.110892
29462909 7.124267
29462673 7.127673
29462415 7.129619
29460905 7.219401
29460706 7.229875
29460276 7.232557
29460020 7.243661
29458323 7.245463
29457404 7.301441
29456116 7.430191
29455927 7.827465
29454683 7.846932
29454637 7.869150
29453523 7.954779
29452781 8.181089
29452641 8.305854
29452586 8.389905
29451589 8.472654
29451325 8.517874
29451271 9.967654
29450241 10.194795
29450155 10.532856
29449606 10.612291
29449301 10.686922
29447703 10.770995
29447351 11.063303
29447175 11.277432
29447036 11.484656
29446613 12.516186
29446556 13.113672
29444780 13.224154
29444672 13.346113
29444598 13.424082
29444109 13.555994
29443825 13.576732
29443701 28.679855
29443540 28.682532
29443279 28.690193
29443232 28.745883
29442124 28.748513
29441900 28.750495
29440743 28.758677
29439721 28.802349
29439583 28.803893
29437826 28.818500
29436639 28.821866
29435152 28.876774
29434892 28.884859
29434497 28.897618
29434082 28.904915
29432467 28.907038
29429918 28.963187
29429611 28.966140
29428134 28.967892
29428074 28.984176
29427309 29.010535
29426760 29.014469
29425664 29.033713
29425212 29.041838
29423752 29.055795
29414686 29.083524
29413514 29.090921
29407152 29.124615
29400236 29.132264
29398468 29.142650
29397718 29.143778
29397705 29.146940
29397017 29.165505
29396530 29.183851
29395215 29.202241
29394375 29.205206
29394152 29.206158
29393931 29.214004
29393875 29.215130
29393471 29.260548
29392874 29.279605
29392611 29.294058
29391044 29.306826
29389889 29.310536
29388516 29.381004
29387920 29.408492
29387484 29.426348
29386941 29.436707
29385555 29.446985
29384990 29.492552
29384969 29.516247
29384884 29.533317
29384823 29.541623
29383095 29.548139
29380189 29.577321
29378333 29.583706
29377487 29.600535
29377431 29.602509
29376543 29.619185
29375233 29.642857
29374853 29.692402
29374352 29.693602
29374177 29.704064
29374105 29.743239
29373800 29.778408
29373781 29.782385
29373748 29.791468
29373385 29.792002
29373382 29.793530
29373182 29.810933
29371512 29.855724
29371080 29.865736
29371021 29.873440
29369472 29.886070
29369323 29.928508
29369244 29.974626
29368921 29.982714
29368342 29.992921
29368095 30.063167
29367571 30.071017
29367529 30.124332
29367314 30.131891
29366934 30.132232
29363102 30.169319
29362831 30.202761
29362546 30.217622
29362348 30.245197
29362212 30.262898
29361645 30.284092
29361622 30.316875
29361276 30.345772
29361087 30.347311
29360904 30.350080
29360749 30.385093
29360452 30.431852
29360323 30.607556
29360014 30.633407
29359589 30.648562
29359353 30.664666
29359272 30.665182
29359138 30.698136
29358623 30.717279
29358525 30.719193
29358498 30.804074
29356782 30.808547
29356115 30.831990
29354701 30.918434
29354499 30.924445
29354153 30.951196
29352529 30.975416
29352353 31.026240
29351584 31.034333
29350809 31.072423
29350258 31.112249
29349744 31.240799
29349658 31.268850
29348313 31.273184
29348165 31.342949
29347462 31.763532
29346701 31.843217
29346581 31.887676
29346497 31.939789
29346103 31.957909
29345884 31.975225
29345223 32.006461
29345193 32.287112
29345049 32.308669
29345004 32.388610
29344802 32.432038
29344779 32.484630
29344357 32.510126
29344000 32.648803
29342701 32.660514
29342031 32.742612
29341772 32.847477
29340259 33.099155
29339865 33.217730
29339341 33.349898
29339334 33.609403
29339279 33.876600
29332819 33.896379
29332529 34.093370
29330510 34.318030
29329765 34.520648
29329489 34.522411
29328474 34.546681
29328255 34.617170
29328097 34.948550
29327945 34.990459
29327067 35.047672
29327004 35.166315
29326469 35.226003
29318771 35.270261
29318556 35.272539
29314863 35.285373
29314438 35.288604
29314070 35.311384
29313800 35.398401
29313573 35.404706
29311018 35.423570
29310404 35.500259
29310365 35.515131
29303362 35.623255
29301686 35.748736
29301625 35.814060
29301114 35.909273
29300969 35.910287
29299846 36.001536
29299490 36.006815
29298797 36.245455
29297794 36.790758
29297615 36.876769
29297403 36.887805
29295831 36.896115
29295110 36.976475
29295014 37.033921
29293557 37.088227
29293398 37.272900
29292462 37.277624
29292132 37.308011
29290604 37.948358
29290502 38.008491
29289483 38.037738
29287426 38.107212
29287198 38.244673
29286958 38.681526
29286837 38.778390
29286585 39.613255
29286385 40.753719
29285915 45.883403
29285752 45.918268
29285457 45.941679
29284845 46.046671
29284785 46.052913
29284540 46.077481
29281861 46.153260
29280691 46.289492
29280673 46.606522
29280613 46.800191
29279905 46.917441
29278588 46.937344
29278587 46.969684
29278474 47.036560
29277938 47.107266
29277559 47.373053
29277186 47.399701
29276728 47.519828
29274117 47.661341
29273521 47.805248
29272575 47.807152
29272223 47.898956
29272221 47.960672
29271223 47.983567
29269020 48.017933
29261365 48.067875
29260551 48.343258
29259929 48.460513
29259845 48.558424
29259523 48.689935
29259482 49.012235
29258743 49.028669
29258582 49.100884
29258189 49.200995
29258028 49.977652
29257376 50.426739
29257039 50.615927
29256953 50.642410
29256304 50.673978
29256208 50.754782
29255383 50.792192
29255323 50.826019
29254779 50.907912
29254435 51.176130
29253970 51.324720
29253865 51.535398
29253752 51.629798
29252356 51.813728
29252234 52.010026
29251416 52.689829
29251158 53.124149
29250436 53.577257
29250422 77.157076
29247804 77.180456
29247292 77.284419
29247081 77.294172
29247027 77.335156
29246325 77.467592
29246097 77.487482
29245923 77.554505
29245920 78.084525
29245699 78.679358
29245448 78.837376
29245245 78.901986
29245218 78.931035
29244545 79.061822
29244284 79.532882
29243630 79.670020
29242962 79.971605
29242884 159.765024
29242378 160.198719
29242312 160.321220
29240134 160.578374
29240059 160.669864
29240031 161.031800
29238473 161.076565
29238381 161.101489
29238338 161.158696
29237924 161.342612
29237870 161.364749
29237852 161.426065
29237317 161.745129
29237251 162.135275
29236972 162.141685
29236969 162.218570
29236758 162.644708
29235819 162.959347
29235684 162.985505
29235156 218.459790
