50049089 0.075135
42733402 0.245491
42702862 0.248482
42649963 0.256699
42647253 0.262086
42643811 0.265763
42628624 0.267489
42579032 0.270804
42539861 0.273666
42257269 0.277024
42250210 0.279741
42211528 0.286675
42196252 0.289599
42191911 0.308682
42191594 0.309567
42190136 0.312344
42189786 0.315065
42189355 0.317623
42182885 0.319337
42182749 0.320252
42181716 0.321981
42173692 0.324951
42170248 0.331761
42166808 0.332166
42166336 0.346284
42161874 0.349692
42159012 0.350696
42157674 0.351753
42145863 0.357098
42144131 0.359080
42140593 0.362574
42136607 0.368799
42133469 0.369655
42131594 0.373001
42129583 0.374395
42129282 0.374900
42129263 0.384591
42122081 0.385491
41932840 0.411948
41932098 0.415712
41927212 0.416906
41908688 0.425644
41892239 0.430482
41889269 0.436444
41887369 0.439219
41885055 0.451465
41880401 0.461963
41874875 0.465626
41873985 0.467690
41871989 0.470064
41869270 0.476894
41868363 0.483256
41866890 0.491324
41864515 0.495506
41857712 0.498629
41856271 0.520745
41854675 0.521190
41854604 0.522756
41845960 0.529438
41844235 0.531238
41842809 0.534772
41842030 0.536024
41840080 0.539400
41821650 0.543480
41819454 0.554561
41819421 0.556027
41818846 0.557518
41818809 0.586334
41817935 0.588522
41817851 0.588912
41808313 0.591733
41806075 0.598543
41804887 0.601621
41804147 0.607134
41803879 0.608564
41780122 0.614990
41779575 0.623595
41773135 0.626822
41761371 0.636705
41761339 0.639614
41746406 0.642127
41746369 0.650559
41744060 0.663614
41743056 0.667717
41741025 0.672022
41739369 0.674073
41738508 0.676273
41737972 0.680572
41734742 0.685062
41733766 0.693667
41733076 0.711249
41732436 0.713892
41732182 0.722442
41729227 0.723782
41715291 0.727458
41715194 0.728646
41714268 0.736963
41713561 0.742206
41711057 0.745379
41694229 0.750659
41693122 0.753296
41692033 0.753872
41688726 0.768811
41687706 0.771537
41686535 0.783762
41679456 0.785897
41678776 0.802061
41660879 0.807004
41659428 0.809013
41649984 0.811504
41649024 0.831419
41637697 0.834351
41635948 0.835882
41628234 0.843835
41627533 0.845554
41624441 0.852021
41623676 0.861769
41613213 0.881419
41610848 0.898058
41608245 0.911371
41603832 0.912418
41603663 0.920359
41603331 0.922237
41597285 0.932928
41595812 0.936198
41576318 0.967859
41575735 0.971822
41572284 0.974944
41571967 0.979349
41564452 0.987665
41563232 0.991657
41562890 0.992824
41562674 0.995146
41560319 1.004549
41557159 1.004980
41556853 1.007947
41548668 1.018713
41548311 1.022021
41548231 1.024373
41548077 1.026296
41545392 1.033026
41545378 1.040871
41545178 1.041951
41543050 1.049114
41542969 1.049603
41541068 1.082038
41540293 1.086343
41539193 1.088264
41538582 1.088811
41537446 1.093088
41535835 1.097995
41534412 1.109444
41532980 1.112731
41532376 1.117677
41531940 1.118411
41435902 1.128843
41435004 1.131749
41432192 1.133894
41385829 1.135731
41385526 1.154180
41381988 1.169725
41374261 1.174642
41371333 1.181035
41370819 1.194814
41369751 1.214099
41368710 1.215738
41367401 1.251930
41365045 1.255622
41364027 1.258131
41363387 1.259249
41363204 1.268305
41362245 1.269802
41359890 1.296648
41359360 1.296929
41358663 1.307727
41358501 1.314761
41356251 1.319702
41354207 1.321240
41354078 1.326474
41351141 1.329137
41350852 1.355419
41350221 1.366668
41346816 1.378094
41339727 1.379475
41338882 1.388251
41338482 1.392028
41338300 1.395754
41337920 1.400755
41337841 1.430546
41337178 1.440416
41334460 1.444151
41334262 1.446619
41333660 1.469493
41333580 1.482550
41305716 1.508074
41305123 1.512890
41304278 1.521064
41304176 1.523637
41299551 1.529797
41296658 1.548343
41296416 1.553930
41296196 1.588207
41295474 1.598498
41295315 1.601545
41290914 1.602663
41289833 1.604476
41287592 1.610327
41287139 1.616585
41280004 1.622142
41279943 1.647772
41268571 1.654109
41267731 1.660008
41266750 1.663308
41261439 1.695531
41252412 1.697158
41252223 1.699781
41251491 1.701757
41251349 1.721106
41250808 1.737275
41250717 1.738586
41247947 1.749709
41247520 1.755253
41246642 1.756189
41245594 1.757550
41244655 1.763654
41244095 1.765565
41238388 1.775479
41238002 1.776664
41237467 1.779210
41235829 1.788908
41231960 1.790092
41230524 1.791760
41227069 1.794219
41226690 1.796316
41226468 1.815995
41222449 1.825863
41218944 1.837297
41218278 1.858101
41216063 1.859843
41215637 1.899251
41191466 1.920980
41162132 1.932799
41161948 1.935656
41161176 1.944543
41160324 1.960000
41159455 1.969960
41159248 1.973831
41157999 1.981189
41156423 1.986366
41155786 2.003506
41155733 2.027110
41154981 2.054832
41153228 2.060418
41152341 2.071849
41147915 2.084426
41147725 2.085090
41147588 2.111048
41144433 2.135360
41141979 2.147278
41140844 2.150772
41137821 2.194323
41136898 2.218758
41134678 2.221358
41133853 2.229930
41133716 2.231131
41133595 2.235094
41133481 2.287837
41133211 2.292252
41079398 2.296402
41079361 2.299513
41077765 2.304441
41077685 2.306507
41077376 2.318349
41077143 2.329836
41076775 2.333376
41076745 2.353891
41076454 2.354537
41075682 2.365748
41075236 2.392885
41074661 2.406222
41074217 2.408097
41072954 2.411311
41072333 2.450956
41071902 2.481493
41069685 2.483852
41069548 2.494042
41069411 2.559714
41069102 2.598576
41067525 2.604261
41067351 2.605599
41067100 2.649528
41066999 2.656062
41066812 2.685837
41066368 2.688336
41066102 2.722774
41065745 2.733530
41065660 2.747144
41063103 2.772267
41063021 2.779812
41062976 2.780755
41052085 2.782491
41051526 2.800988
41047606 2.805746
41047152 2.811895
41046828 2.829081
41046503 2.845450
41045263 2.857418
41045197 2.873701
41045086 2.900981
41044741 2.904577
41043031 2.914491
41042617 2.920774
41041749 2.959053
41040857 2.960126
41040583 2.967359
41039873 3.005993
41039634 3.014051
41039574 3.015365
41039105 3.020049
41038948 3.023532
41038365 3.039346
41037823 3.056473
41037383 3.057840
41036932 3.079825
41036189 3.084168
41033988 3.117486
41033928 3.129015
41033687 3.207519
41032088 3.262079
41031273 3.265992
41030769 3.335506
41030465 3.356399
41029060 3.356846
41026230 3.373625
41025290 3.381307
41025209 3.382548
41023619 3.410626
41020971 3.414935
41020929 3.421826
41020542 3.424537
41020521 3.427321
41016029 3.445581
41015943 3.465178
41014973 3.473066
41010290 3.474717
41010109 3.489229
41009531 3.524179
41008906 3.547343
41008254 3.548079
41007872 3.552084
41007668 3.556314
41007429 3.561984
41006838 3.569971
41005352 3.570823
41005343 3.574893
41005117 3.577821
41004095 3.582193
41004093 3.593342
41004024 3.603151
41001324 3.613464
41000873 3.625574
40999637 3.644454
40999051 3.665450
40996616 3.671575
40996319 3.682376
40994056 3.688020
40992719 3.693135
40992067 3.706687
40991733 3.736409
40991676 3.754665
40990043 3.777036
40989034 3.781296
40989008 3.790774
40988595 3.802831
40988189 3.809522
40988038 3.852398
40987961 3.853384
40987767 3.854457
40987333 3.858721
40986812 3.912055
40986289 3.932610
40985955 3.934287
40985749 3.936403
40985535 3.937650
40984639 3.955565
40984422 3.967030
40983383 3.990806
40980834 4.017694
40980778 4.075457
40980546 4.084169
40978966 4.088202
40978336 4.126232
40977909 4.131630
40976528 4.148768
40976234 4.170348
40975736 4.171742
40975735 4.173494
40975493 4.190912
40974678 4.197252
40973910 4.237015
40973751 4.248030
40972256 4.248844
40971549 4.252931
40970356 4.260343
40970344 4.298516
40970039 4.299009
40969675 4.359662
40969428 4.359976
40969101 4.373395
40968832 4.379071
40968479 4.415161
40968379 4.418950
40968114 4.467530
40967849 4.560946
40966831 4.590447
40966068 4.592772
40965819 4.599093
40965174 4.622916
40948416 4.670180
40947447 4.672424
40944775 4.719413
40944430 4.720656
40944151 4.725646
40943585 4.755647
40943455 4.765745
40942449 4.785586
40942377 4.800006
40940338 4.826132
40940118 4.836092
40939537 4.878581
40938909 4.884802
40938707 4.897719
40938698 4.906633
40937975 4.914645
40937524 4.922015
40937482 4.924301
40936951 4.925294
40936711 4.947951
40936511 5.033318
40933711 5.114078
40933424 5.118700
40932855 5.123323
40932150 5.125774
40931725 5.154705
40931639 5.195962
40930723 5.241785
40930522 5.301929
40930112 5.371271
40929954 5.466482
40929724 5.485369
40929505 5.523995
40929279 5.530575
40929150 5.653839
40928895 5.734201
40928824 5.776626
40927623 5.814652
40927055 5.836250
40926374 5.843114
40925458 5.851237
40925278 5.895305
40925269 5.932960
40924999 5.935529
40924791 5.936605
40924129 6.003047
40923890 6.089493
40922497 6.091198
40922383 6.098094
40921587 6.100382
40921479 6.128087
40921334 6.144682
40919825 6.155880
40918898 6.173970
40918370 6.190619
40918148 6.206567
40917571 6.237939
40917003 6.251496
40916991 6.287485
40916655 6.338359
40916467 6.341655
40916276 6.375151
40916217 6.411410
40915813 6.438599
40915679 6.448576
40915441 6.456473
40914171 6.477995
40913813 6.485543
40912016 6.555854
40911836 6.583467
40911440 6.678164
40911346 6.689263
40911217 6.754507
40910957 6.798989
40909932 6.886115
40909496 6.942660
40909213 6.957003
40908986 7.069049
40908758 7.069860
40908479 7.071207
40908032 7.077895
40907168 7.138852
40907078 7.147463
40906302 7.166089
40905897 7.173105
40905431 7.182939
40904260 7.186765
40903925 7.191293
40903837 7.195801
40903567 7.210294
40903494 7.235031
40903145 7.259143
40902621 7.270941
40902370 7.271747
40902076 7.343598
40902022 7.383396
40901873 7.416636
40901668 7.425671
40899535 7.462107
40899125 7.488602
40898328 7.540316
40897008 7.558060
40896520 7.589330
40896233 7.615950
40896207 7.666014
40896070 7.668587
40895981 7.757171
40895857 7.827880
40895380 7.854209
40891368 7.896828
40890807 7.920782
40890684 7.960288
40889605 8.010010
40884933 8.039280
40883058 8.087185
40881528 8.093532
40880829 8.096908
40880823 8.234186
40880629 8.275853
40879389 8.288331
40879296 8.369640
40879249 8.383211
40878673 8.429770
40878661 8.495220
40878423 8.582896
40877783 8.599654
40875977 8.622799
40875743 8.725195
40875491 8.731992
40875459 8.733257
40873063 8.830530
40872927 8.832409
40872728 8.834925
40871528 8.848471
40870756 8.891467
40870028 8.893872
40869786 8.898809
40869479 8.924361
40869245 9.005794
40869176 9.078121
40868751 9.103713
40868156 9.195557
40868072 9.284097
40867770 9.328460
40867340 9.345299
40867232 9.393490
40867015 9.433604
40865869 9.477462
40865865 9.607078
40865660 9.646170
40865091 9.780312
40864847 9.803142
40864575 9.869009
40864478 10.058542
40864258 10.178448
40863907 10.192104
40863407 10.208444
40863015 10.410466
40862830 10.415115
40862361 10.636719
40862213 10.656624
40861848 10.674531
40861812 10.703953
40861686 10.712547
40861360 10.729796
40860926 10.829452
40860423 10.897810
40860292 10.907623
40860198 11.012619
40860098 11.227435
40860091 11.337662
40860049 11.496547
40859742 11.795673
40859030 11.889829
40858358 12.044614
40858234 12.113976
40858233 12.151648
40858067 12.292073
40857658 12.404911
40856737 12.509414
40856441 12.519143
40856239 12.656641
40856207 12.779826
40856134 12.823281
40855617 12.860938
40855588 12.977995
40855036 13.059674
40853635 13.140952
40853105 13.500957
40853094 13.620995
40852067 13.902546
40851868 13.948042
40851604 13.957818
40851188 14.016616
40851182 14.044994
40849026 14.272481
40848048 14.504730
40847735 14.777228
40847665 14.828905
40847162 15.272667
40846563 15.854142
40846544 16.231483
40846322 16.870161
40845749 17.188324
40845435 17.227881
40845380 17.241123
40845363 17.324581
40845318 17.531084
40845066 17.553341
40845025 17.556122
40844610 17.586150
40844230 17.653323
40844081 17.787206
40843834 17.844025
40842989 17.896193
40842776 18.180144
40842297 18.386260
40842266 18.434228
40842088 18.530781
40841170 18.918520
40841035 19.186558
40840885 19.203052
40840873 19.349366
40840504 19.783355
40840471 20.235176
40840336 20.553538
40839655 20.678176
40839494 20.708832
40839359 21.039256
40839108 21.214347
40838526 21.902678
40838501 22.367143
40837803 22.512473
40837658 22.920160
40837651 23.178760
40837429 23.199608
40836858 23.478670
40836845 24.381918
40836634 24.395604
40836608 24.513786
40836406 24.599343
40836027 24.881947
40835918 24.949860
40835864 25.674113
40835695 26.341334
40835142 27.363385
40831055 67.528269
40830755 67.575302
40828477 67.594061
40828127 67.626859
40827544 67.645506
40827523 67.742380
40826668 67.745000
40826655 67.758365
40826478 67.880267
40825529 67.893855
40824580 68.187638
40817061 68.228910
40803493 68.282874
40797695 68.291426
40796308 68.310718
40795940 68.349746
40795101 68.375474
40794822 68.409553
40793842 68.426776
40793127 68.435689
40792318 68.450668
40781375 68.490146
40768755 68.529355
40768574 68.531350
40766232 68.537682
40765836 68.598732
40765483 68.682657
40758780 68.685825
40758669 68.739586
40758501 68.752417
40756067 68.765181
40754373 68.806728
40748130 68.855958
40748098 68.890201
40748068 68.909708
40748054 68.943311
40746493 68.950229
40742982 68.953783
40742229 69.028301
40741726 69.042913
40741373 69.051218
40739328 69.130023
40739128 69.185832
40739027 69.213240
40738862 69.263028
40738304 69.283578
40735647 69.337535
40735296 69.416717
40734351 69.430917
40733783 69.436403
40733394 69.484481
40733100 69.497611
40733044 69.511120
40731244 69.539358
40731194 69.563600
40731065 69.600738
40730840 69.634219
40730333 69.810682
40730253 69.848459
40696412 69.864099
40687989 69.868526
40687923 69.970693
40685131 70.026689
40674841 70.035167
40669530 70.050057
40668251 70.057036
40667914 70.072088
40667860 70.082189
40667763 70.101820
40666807 70.173140
40666806 70.237606
40666355 70.241063
40665909 70.295012
40665746 70.295362
40665468 70.378898
40664742 70.404324
40664624 70.454271
40664459 70.457604
40664372 70.503249
40663885 70.508459
40661579 70.565908
40661340 70.568530
40660949 70.623607
40658585 70.716668
40658159 70.747272
40657538 70.841817
40655844 70.885442
40655377 71.013220
40655362 71.043155
40655328 71.060367
40655262 71.060998
40655243 71.152197
40654937 71.223215
40654877 71.235984
40654818 71.269712
40654641 71.384703
40654614 71.385526
40654498 71.391446
40654455 71.680388
40654227 71.732828
40654089 71.846218
40654086 71.907385
40653947 71.912165
40653280 71.941205
40652789 72.511792
40652734 72.572761
40652705 72.707598
40652657 72.806209
40652267 73.221904
40652084 73.270520
40652063 73.474287
40651954 73.509507
40650557 73.809965
40650323 73.975086
40650089 73.988746
40649987 74.075648
40649957 74.264231
40648579 74.400099
40648284 74.468504
40648073 74.522991
40647975 74.561539
40647311 74.704818
40646830 74.706482
40646508 74.723824
40646283 74.741662
40645392 74.947530
40645059 74.996206
40644778 75.174125
40644498 75.214100
40643759 75.232379
40643675 75.251736
40643509 75.307417
40643397 75.332392
40643095 75.343882
40643092 75.615497
40642711 75.688071
40642682 76.020857
40642614 76.164810
40642501 76.226460
40642467 76.330440
40642253 76.344181
40642173 76.502965
40641978 76.661746
40641936 76.809074
40641472 76.917293
40641196 76.948469
40640898 77.184982
40640829 77.235646
40640211 77.322034
40640143 77.353078
40639441 77.438301
40638991 77.615639
40638765 77.874685
40638560 77.954795
40638386 78.037653
40638072 78.411647
40637919 78.614531
40637774 78.840729
40637663 78.931585
40637422 79.266629
40637307 79.388262
40636990 79.788759
40636897 80.067440
40636120 80.114249
40635976 80.215808
40635713 80.224787
40635535 81.947002
40635263 82.266191
40635203 82.530523
