48351319 0.054595
40966042 0.207694
40964596 0.222053
40963288 0.222396
40961977 0.223065
40960977 0.231012
40898307 0.238603
40894603 0.239076
40884911 0.240277
40883476 0.242218
40881382 0.243454
40879970 0.243823
40879129 0.244179
40874491 0.256694
40845175 0.265871
40800850 0.266549
40798381 0.267231
40786191 0.269521
40777302 0.273310
40722192 0.277096
40721865 0.277833
40718834 0.280581
40713410 0.286558
40708946 0.287068
40705561 0.290792
40604701 0.292535
40601484 0.297876
40594349 0.299086
40590378 0.305121
40559354 0.311943
40557858 0.316511
40556570 0.329081
40545011 0.337862
40544790 0.338536
40517170 0.342669
40514577 0.351756
40514431 0.352073
40510667 0.353642
40510198 0.355098
40506959 0.362087
40504661 0.364005
40495529 0.370129
40489546 0.373475
40488857 0.385568
40487487 0.387407
40486757 0.393639
40483790 0.414162
40482594 0.415251
40477099 0.435002
40457606 0.441394
40452340 0.449571
40451754 0.452461
40450926 0.461628
40449978 0.464195
40446286 0.470490
40441328 0.470892
40440997 0.472098
40360722 0.489186
40299719 0.499713
40296773 0.504387
40290401 0.507818
40258101 0.512241
40254710 0.514798
40252164 0.516398
40251146 0.533280
40250889 0.538348
40248618 0.541216
40246172 0.550604
40246143 0.554727
40245967 0.561370
40243217 0.564854
40242948 0.566081
40242614 0.570903
40238769 0.572880
40238039 0.575226
40236206 0.579519
40236080 0.582237
40234053 0.584945
40194427 0.601292
40188971 0.607989
40187172 0.615346
40036805 0.627621
40021492 0.630593
39800018 0.636035
39796092 0.656062
39794821 0.662379
39787308 0.666998
39785006 0.681411
39784261 0.682749
39765464 0.692425
39765404 0.698059
39763763 0.703085
39758871 0.710023
39758627 0.713356
39756281 0.714994
39756253 0.726063
39755588 0.727116
39755467 0.739823
39755063 0.741216
39753889 0.745742
39753372 0.756784
39737143 0.759848
39736769 0.764843
39729415 0.767731
39727920 0.770384
39726621 0.777861
39723062 0.780109
39721321 0.782201
39715458 0.789018
39715238 0.789536
39713414 0.807187
39711272 0.808915
39705925 0.828428
39701446 0.837057
39700674 0.841263
39700426 0.841713
39700378 0.842154
39700200 0.852753
39700100 0.865475
39699239 0.867485
39693080 0.871029
39692774 0.871496
39692658 0.872420
39691937 0.873746
39689527 0.874686
39687271 0.895638
39687017 0.904060
39686891 0.904825
39684926 0.911164
39684396 0.938209
39683710 0.941920
39681943 0.952234
39681176 0.958833
39678579 0.962870
39676071 0.974397
39670302 0.984211
39668100 0.985620
39667192 1.029894
39666399 1.038179
39641701 1.042653
39641510 1.048718
39632744 1.062023
39632338 1.064619
39630214 1.067950
39628632 1.074851
39628561 1.075001
39626136 1.089350
39528142 1.101808
39528111 1.106479
39525426 1.113408
39515517 1.116687
39511118 1.137031
39510056 1.141631
39509725 1.142989
39507579 1.154634
39505977 1.156545
39505438 1.159177
39503491 1.168500
39502418 1.177843
39502374 1.195529
39502155 1.198361
39501923 1.204255
39499731 1.207463
39498738 1.212427
39498103 1.215914
39496373 1.217898
39349363 1.224204
39338765 1.233926
39338372 1.238658
39337514 1.249648
39301890 1.263214
39297450 1.271423
39297297 1.272811
39291792 1.289859
39282938 1.292533
39282769 1.294390
39281866 1.295676
39281615 1.297953
39281028 1.300698
39279770 1.320316
39278479 1.331398
39278421 1.366678
39278147 1.373072
39277504 1.374711
39277212 1.387142
39248894 1.399744
39248486 1.413098
39245346 1.417782
39242645 1.419484
39242001 1.437814
39241770 1.442258
39241686 1.446379
39225186 1.448535
39222246 1.451413
39219558 1.454082
39217102 1.463278
39216159 1.488504
39172067 1.504198
39171809 1.505921
39164866 1.507561
39164754 1.511934
39135034 1.517300
39135008 1.541632
39130636 1.543197
39130543 1.547839
39130292 1.555429
39129650 1.567466
39129332 1.571270
39129142 1.572100
39129042 1.582185
39122918 1.584797
39118408 1.587702
39064125 1.591183
39063632 1.598823
39060241 1.601762
39059709 1.620298
39059475 1.626514
39058607 1.652547
39057321 1.663767
39056844 1.674965
39055269 1.680687
39055093 1.681387
39051687 1.686845
39045358 1.689306
39044550 1.693174
39044258 1.696236
39042700 1.698286
39038834 1.716365
39038026 1.724876
39036474 1.728000
39036112 1.736306
39034646 1.738145
39030404 1.741013
39026706 1.751919
39026115 1.767427
39026087 1.779498
39024678 1.784076
39023989 1.789677
39023250 1.791193
39022847 1.795252
39016494 1.807638
39013459 1.813270
39012671 1.817389
39009700 1.818690
39009310 1.823074
39007952 1.824880
38997608 1.827661
38997451 1.834537
38996838 1.840528
38996696 1.846057
38996284 1.851650
38970907 1.854492
38970515 1.856189
38969266 1.876845
38969027 1.899924
38968790 1.912888
38968507 1.926082
38968106 1.944866
38967641 1.953117
38963152 1.959777
38962035 1.968660
38958701 1.972862
38956617 1.976481
38955882 1.977751
38955448 1.979965
38953995 1.986148
38952796 2.009454
38950623 2.014667
38947974 2.028056
38947882 2.037130
38947213 2.052208
38945997 2.055290
38945808 2.056748
38944245 2.060213
38944151 2.063910
38942772 2.068959
38935080 2.094333
38934698 2.102161
38932556 2.111735
38932400 2.132280
38932334 2.157203
38931836 2.159710
38931807 2.161690
38931695 2.185995
38926937 2.191603
38926296 2.220947
38923930 2.226482
38923867 2.242758
38923748 2.285472
38923569 2.297679
38922236 2.299307
38921469 2.313087
38920760 2.325986
38919633 2.337709
38919389 2.339541
38919109 2.388086
38915601 2.415435
38911573 2.432502
38911008 2.437023
38910207 2.456941
38908269 2.465363
38907062 2.473545
38905976 2.485552
38904634 2.491876
38904391 2.493416
38903877 2.531460
38903766 2.536595
38901610 2.537421
38901175 2.545968
38899689 2.604446
38899128 2.620998
38897537 2.641188
38897217 2.662467
38896085 2.667836
38893522 2.671400
38893154 2.680413
38892005 2.704864
38891544 2.706749
38890712 2.719224
38890068 2.723964
38888937 2.731737
38888625 2.736149
38888486 2.762999
38887913 2.763460
38887578 2.765875
38887478 2.769301
38880157 2.800009
38874041 2.806712
38873774 2.810329
38873171 2.816805
38873170 2.824215
38872065 2.825525
38871569 2.838673
38871519 2.839351
38871293 2.856526
38870479 2.860892
38870341 2.874034
38869065 2.887708
38868453 2.899789
38868217 2.910548
38866238 2.931433
38866021 2.963963
38864302 2.976626
38864154 2.979854
38863961 2.987709
38863133 3.019744
38860974 3.031417
38860599 3.051982
38859878 3.053295
38859105 3.059196
38856959 3.059510
38856278 3.073298
38856257 3.076399
38854984 3.076995
38854911 3.104952
38854175 3.126140
38853833 3.127382
38853647 3.128002
38851447 3.133468
38850565 3.173216
38850466 3.206067
38843828 3.211373
38841764 3.225197
38840749 3.254242
38840727 3.257555
38837992 3.287315
38836849 3.295933
38835810 3.297846
38832570 3.303314
38831145 3.325844
38829502 3.371327
38828743 3.389319
38828137 3.391109
38827706 3.416107
38826720 3.422693
38826145 3.483750
38825863 3.498898
38825294 3.500731
38823504 3.502684
38821207 3.552275
38820232 3.575986
38820087 3.604593
38820048 3.609807
38818984 3.638118
38816640 3.640547
38814412 3.717058
38814278 3.718561
38814141 3.726258
38813097 3.771953
38811558 3.774987
38811167 3.782100
38810546 3.815106
38809415 3.824704
38809181 3.835052
38806583 3.836927
38806412 3.842040
38804951 3.852419
38804871 3.882825
38804730 3.915330
38804691 3.962398
38803142 3.990204
38802927 3.992005
38802822 4.073257
38802595 4.076879
38800123 4.094116
38798983 4.107541
38798671 4.180217
38798489 4.182739
38798290 4.262142
38797722 4.272391
38797553 4.286708
38797475 4.353174
38796849 4.386096
38793679 4.394229
38793415 4.427612
38792770 4.436755
38792492 4.464708
38792030 4.465275
38791867 4.503667
38791237 4.509521
38789821 4.524559
38789599 4.569330
38789089 4.570113
38789065 4.575341
38788525 4.610534
38788319 4.623918
38788268 4.634526
38788059 4.684571
38787997 4.697587
38787715 4.761535
38787652 4.762587
38786318 4.795078
38785025 4.815048
38784752 4.836584
38784476 4.867653
38784381 4.868911
38784171 4.910550
38784137 4.940083
38784074 4.951174
38783741 4.996359
38783400 5.054471
38782893 5.061809
38782843 5.088693
38782570 5.090820
38782217 5.093110
38781777 5.096552
38781373 5.119493
38781283 5.146383
38781217 5.188719
38781184 5.201029
38780746 5.235304
38780295 5.238947
38780033 5.254745
38779337 5.271088
38779141 5.275409
38779047 5.341637
38778632 5.346232
38778403 5.359821
38776336 5.414231
38776158 5.437613
38776141 5.444608
38775914 5.447326
38775452 5.454044
38775441 5.460339
38775250 5.531672
38774891 5.627357
38773825 5.630723
38772638 5.633921
38772454 5.714693
38771562 5.718502
38770998 5.736733
38770844 5.749426
38770487 5.758954
38769583 5.815486
38768477 5.820108
38767231 5.896650
38767212 5.904001
38766779 5.937573
38766548 5.949331
38766045 5.959688
38765526 6.053794
38765380 6.076395
38764998 6.096276
38764444 6.112360
38763980 6.135428
38763945 6.155121
38763790 6.175396
38762816 6.198350
38762256 6.238319
38761175 6.248756
38761030 6.258231
38760757 6.260865
38760561 6.267360
38760213 6.272887
38759668 6.309839
38757789 6.315358
38757330 6.352595
38756651 6.355052
38756590 6.364007
38755000 6.414899
38754975 6.432288
38754955 6.510252
38754597 6.529933
38754245 6.649486
38754189 6.729933
38753695 6.752789
38753671 6.759350
38753609 6.782703
38753577 6.888508
38753557 6.928166
38752431 7.068175
38750283 7.069322
38750169 7.184037
38749886 7.199696
38749750 7.225939
38749632 7.469649
38749376 7.532892
38749240 7.556165
38747318 7.593973
38746706 7.661559
38746656 7.714697
38746579 7.745560
38746558 7.929195
38746448 7.934549
38746009 8.144488
38745758 8.399828
38745316 8.439252
38744120 8.492462
38743888 8.499774
38742613 8.536179
38741540 8.653723
38741337 8.656065
38740433 8.939782
38740400 8.950937
38740302 8.957847
38739874 9.013955
38739381 9.258235
38739348 9.265921
38739302 9.431343
38739136 9.515584
38738952 9.556092
38738922 9.559531
38738777 9.665507
38725802 9.718656
38725331 9.745919
38724782 9.764738
38724682 9.968467
38724625 10.045987
38724473 10.081811
38724101 10.131924
38723452 10.268613
38721677 10.279304
38721542 10.312958
38721451 10.319155
38721442 10.391162
38721361 10.537283
38721301 10.573526
38720887 10.738973
38719460 11.134177
38715699 11.293867
38715564 11.892559
38715498 11.980518
38715436 12.017842
38715077 12.106733
38714879 12.275751
38713796 12.349714
38713259 12.518098
38712735 12.600970
38712726 12.976870
38712173 13.037752
38711992 13.038132
38710698 13.090759
38709760 13.136382
38709598 13.220722
38709361 13.285355
38709200 14.099247
38708287 14.363152
38708148 14.517336
38708043 14.844898
38707829 14.927571
38706873 15.432051
38706747 15.778688
38706584 15.900044
38706325 16.160700
38706212 16.271661
38706157 16.548206
38705919 16.670529
38705428 16.930384
38705261 17.039491
38704890 17.168087
38704851 17.517911
38704672 17.577675
38704457 17.616478
38704388 17.675269
38704108 17.684419
38703854 17.703109
38703166 17.806986
38703080 17.947079
38702837 18.095100
38702766 18.320881
38702610 18.345449
38702289 18.503494
38702218 18.527550
38702024 18.565272
38700795 18.566876
38700578 18.597336
38700407 18.670477
38700085 18.797310
38699842 19.004400
38699594 19.023497
38699133 19.041921
38698618 19.448793
38698160 19.502473
38697972 19.691980
38697798 19.692551
38697398 19.709473
38697335 20.522314
38697063 20.626380
38696950 20.759388
38696757 20.867372
38696678 20.888195
38696013 20.945903
38695943 20.949914
38695922 21.343532
38695900 21.801400
38695870 21.833324
38695641 22.087574
38695576 22.161317
38695478 22.296638
38695447 23.619823
38695414 46.927153
38695038 46.960190
38694226 47.342464
38694080 47.660162
38694025 47.766265
38693998 48.045974
38693986 48.682196
38693822 50.617992
38693600 51.617941
38693524 51.729346
38693492 51.753348
38693205 52.095872
38693168 127.178968
38693113 127.409906
38693030 127.537632
38692569 127.549679
38692552 127.731999
38692465 127.851890
38692214 128.506237
38691781 128.578900
38691780 128.803314
38691354 128.885386
38691296 129.046539
38690938 129.089245
38690865 129.159099
38690760 129.169185
38690235 129.273631
38689909 129.380252
38689622 129.557288
38689620 129.763233
38689553 129.875569
38689393 129.972129
38689323 130.037981
38689311 130.402786
38689253 130.438759
38689002 130.633838
38688995 130.722824
38688994 226.593520
38688823 227.311128
38688723 227.356676
38688576 227.548809
38688516 227.963618
38688209 228.053279
38688035 228.118780
38687931 228.121888
38687572 228.252776
38687408 228.485820
38687279 228.873728
38686664 230.024703
38686315 230.113717
38686036 230.254209
38685117 230.380247
38684532 230.758679
38684492 231.504027
38684465 231.613660
38683626 232.184328
38683478 232.204228
38682961 232.280149
38682896 232.663749
38682770 232.690095
38682633 232.813793
38682454 232.917937
38681536 233.240556
38681493 233.777366
38681059 233.845995
38681045 235.328018
38680704 235.333933
38680079 235.584157
38679835 236.142880
