49235918 0.051472
41331446 0.230917
41331146 0.231863
41328959 0.234985
41312218 0.236622
41297142 0.241032
41281749 0.246617
41277988 0.247521
41277223 0.259256
41275204 0.260404
41265413 0.262549
41241390 0.264193
41240887 0.265622
41227322 0.268146
41223341 0.273488
41219898 0.279117
41218533 0.286580
41218369 0.289427
41191850 0.295805
41191043 0.302620
41188683 0.304875
41160716 0.308536
41155144 0.312058
41153003 0.316017
41132877 0.344406
41127906 0.346256
41111135 0.349029
41107756 0.361817
41099759 0.362866
41094981 0.366410
41070559 0.368529
41051159 0.378210
41033454 0.397850
41016685 0.401846
41003894 0.411627
41002275 0.412876
40993093 0.414526
40992434 0.415858
40976279 0.416376
40974968 0.421231
40970309 0.423489
40967766 0.427574
40966023 0.433424
40958794 0.439510
40958387 0.440472
40957344 0.441944
40956757 0.446099
40955124 0.452022
40954737 0.454518
40952756 0.458521
40949983 0.463413
40947196 0.468376
40945419 0.470530
40942867 0.471480
40940992 0.482543
40936947 0.485198
40871325 0.499889
40867072 0.500680
40863820 0.515462
40845282 0.529356
40844794 0.530976
40840347 0.531985
40839143 0.541958
40839007 0.542416
40838353 0.546402
40837023 0.566169
40825966 0.569888
40825207 0.570917
40817163 0.582152
40814549 0.591091
40811710 0.594316
40810961 0.630386
40810289 0.634916
40808693 0.658740
40807920 0.662423
40806866 0.663862
40803900 0.665071
40799287 0.672096
40799159 0.685615
40798652 0.687049
40798302 0.690114
40791271 0.711427
40789680 0.716772
40784297 0.723895
40783940 0.724159
40782715 0.731613
40778903 0.734935
40777570 0.736057
40777066 0.742884
40761432 0.756101
40761312 0.772083
40760783 0.779936
40693213 0.782913
40692804 0.783779
40683713 0.790413
40682200 0.794481
40681567 0.795333
40641355 0.798268
40641296 0.800179
40639611 0.807351
40538329 0.823072
40537857 0.827528
40535562 0.828673
40533694 0.830988
40532925 0.838596
40516444 0.879235
40514595 0.894177
40487231 0.899096
40485914 0.900371
40485527 0.901299
40461859 0.909541
40461641 0.913779
40459893 0.917918
40459357 0.918424
40459203 0.928959
40459074 0.934739
40457422 0.948534
40457059 0.958771
40457028 0.965275
40444763 0.976998
40444382 0.983944
40442890 0.985413
40440124 0.993661
40439791 0.997387
40438541 0.998051
40432160 1.010978
40427956 1.015002
40427731 1.023207
40426407 1.024308
40425884 1.026039
40380672 1.033353
40380546 1.035565
40379724 1.040989
40378679 1.051877
40378119 1.067448
40369036 1.089270
40368008 1.098536
40367280 1.105997
40366060 1.107380
40365828 1.116745
40364504 1.122114
40322813 1.132746
40320720 1.137140
40319947 1.138616
40318551 1.157740
40316564 1.169082
40311772 1.178673
40310892 1.182100
40309165 1.189187
40308214 1.193216
40302932 1.195055
40297627 1.197787
40294868 1.199682
40292589 1.200398
40291151 1.201737
40290862 1.207115
40263403 1.217726
40261451 1.224096
40260377 1.226283
40256817 1.230483
40256695 1.234038
40256580 1.237064
40255921 1.239661
40255805 1.253251
40253157 1.256954
40251443 1.259073
40248046 1.268644
40246896 1.269696
40246328 1.279468
40246071 1.288949
40244602 1.300514
40244230 1.301260
40243812 1.307269
40243008 1.311444
40240231 1.315950
40240171 1.330161
40236982 1.332368
40236903 1.356723
40229870 1.377242
40229715 1.388600
40229700 1.395382
40229633 1.396477
40229370 1.397838
40222904 1.409879
40221720 1.411290
40221056 1.411948
40218507 1.414286
40218225 1.416271
40217547 1.416618
40214012 1.418013
40213899 1.422802
40211877 1.426289
40211093 1.431580
40208419 1.433323
40206888 1.448033
40206561 1.459333
40204788 1.468066
40202725 1.470273
40202145 1.471215
40193315 1.478932
40192923 1.490831
40192115 1.494811
40190864 1.496299
40190318 1.499302
40188944 1.502365
40185130 1.524476
40185054 1.525991
40185037 1.528405
40183875 1.529059
40177580 1.543584
40173812 1.553691
40173448 1.568411
40172787 1.580852
40172212 1.588288
40171944 1.590257
40171867 1.605966
40171738 1.628474
40171255 1.630352
40171039 1.642210
40167408 1.657928
40166446 1.660059
40165960 1.661770
40164760 1.662878
40162499 1.696701
40159999 1.705454
40157828 1.716237
40156727 1.723324
40156403 1.740779
40156177 1.749780
40154793 1.765619
40154766 1.769349
40154761 1.773072
40154407 1.774234
40154319 1.786627
40146627 1.793845
40146205 1.798558
40146167 1.805535
40145491 1.819782
40144407 1.821375
40142489 1.821954
40141958 1.823363
40141909 1.824860
40126414 1.844647
40126063 1.862861
40124425 1.863123
40124313 1.873645
40124139 1.875095
40122900 1.880372
40122607 1.885239
40122516 1.885867
40122392 1.886819
40121994 1.899416
40091331 1.908129
40089355 1.928455
40087568 1.942105
40087238 1.944880
40087232 1.952425
40086454 1.962177
40086097 1.964213
40084009 1.966558
40081239 2.007796
40081010 2.010184
40076342 2.032520
40076190 2.052404
40075800 2.071718
40074596 2.075687
40065496 2.078730
40065373 2.087215
40063200 2.089615
40061791 2.094378
40060871 2.095900
40060707 2.103190
40059699 2.112537
40059651 2.112851
40057965 2.132089
40057793 2.133139
40057538 2.137205
40057448 2.158015
40054931 2.174430
40054061 2.189096
40052799 2.198303
40052696 2.225841
40052497 2.226724
40052232 2.234332
40051619 2.257430
40049480 2.260159
40048815 2.267329
40047016 2.281915
40046640 2.289437
40045387 2.302673
40044813 2.308355
40044322 2.309140
40041116 2.312800
40040809 2.335485
40040547 2.341309
40040157 2.344301
40039950 2.367917
40034365 2.372106
40034037 2.377941
40032798 2.413874
40031752 2.450127
40031584 2.453604
40031021 2.459545
40028546 2.465337
40028439 2.472390
40028404 2.473531
40028247 2.510064
40028045 2.513312
40027935 2.513874
40027517 2.517212
40027470 2.535286
40027133 2.549369
40023707 2.556179
40023458 2.577247
40023347 2.584505
40022859 2.588346
40021777 2.590889
40020694 2.595645
40020587 2.613473
40020565 2.616572
40020548 2.621049
40020413 2.643787
40020152 2.644436
40014429 2.651066
40014363 2.658363
40014190 2.660044
40014142 2.669756
40000963 2.697464
40000506 2.717990
39999945 2.725212
39999719 2.726962
39999597 2.754517
39997569 2.757685
39996836 2.764088
39996211 2.784079
39995944 2.791701
39995738 2.819453
39992776 2.825278
39992764 2.834385
39992759 2.845135
39989601 2.847004
39988351 2.861722
39988268 2.875082
39987853 2.877243
39987075 2.905585
39978697 2.913250
39978680 2.919461
39978205 2.923409
39977195 2.929406
39976739 2.937295
39976029 2.944923
39975980 2.952221
39974751 2.975748
39972862 2.985965
39972703 2.995518
39968922 2.997861
39968867 3.076412
39968862 3.086927
39968403 3.092147
39968174 3.101721
39967099 3.118044
39965206 3.152450
39963609 3.195027
39963494 3.200066
39962763 3.200767
39962434 3.204706
39960232 3.222770
39959945 3.227551
39959937 3.230167
39959197 3.241522
39957089 3.262653
39956390 3.264675
39956364 3.287884
39953783 3.303698
39952477 3.313825
39952189 3.323682
39950947 3.357992
39949049 3.365265
39948372 3.382255
39948257 3.384195
39947408 3.398739
39946375 3.423136
39946298 3.456195
39945777 3.456474
39945755 3.463544
39945326 3.486206
39943545 3.516394
39943448 3.521950
39942657 3.556199
39942641 3.560264
39940903 3.560582
39940305 3.562307
39939419 3.588186
39938680 3.609053
39938445 3.642845
39937283 3.649944
39935897 3.654178
39935681 3.669355
39935619 3.676440
39934297 3.687090
39932195 3.691220
39930874 3.694821
39929968 3.711816
39929891 3.720895
39928803 3.734744
39928718 3.787006
39926627 3.817633
39926086 3.859075
39925210 3.862148
39925194 3.884996
39925162 3.903806
39923851 3.924432
39921828 3.955675
39921434 3.957225
39921042 3.961726
39920332 3.965435
39920166 3.992005
39920071 4.002138
39919683 4.023691
39919287 4.051137
39919053 4.059892
39918421 4.129477
39917293 4.162241
39917275 4.171000
39916993 4.181115
39916770 4.256366
39916457 4.257147
39916248 4.278960
39916055 4.285084
39915501 4.306623
39915147 4.340062
39915123 4.341487
39915005 4.345587
39915003 4.354891
39913615 4.371489
39911724 4.411318
39911710 4.421475
39911347 4.483270
39909716 4.557661
39908459 4.567139
39907980 4.602133
39907875 4.635418
39907272 4.683121
39906906 4.721633
39906673 4.728171
39906075 4.812720
39904277 4.816298
39903218 4.827301
39901590 4.870160
39901145 4.873202
39899451 4.874453
39899175 4.883516
39898944 4.931874
39898929 4.932824
39898864 4.949135
39898594 4.968938
39897174 4.972003
39896922 5.054218
39896343 5.081435
39896234 5.153980
39896215 5.184489
39895176 5.189606
39892209 5.203542
39890151 5.263236
39890079 5.279214
39889777 5.306060
39889740 5.330198
39889488 5.392301
39889278 5.401876
39888750 5.409599
39887840 5.414223
39887357 5.428922
39887228 5.429887
39885884 5.453523
39884852 5.486503
39884835 5.657632
39883602 5.668459
39883377 5.705414
39882837 5.707846
39882787 5.718052
39881741 5.728896
39880949 5.755843
39880872 5.779143
39880831 5.851354
39880286 5.857630
39879322 5.865190
39878614 5.885500
39878579 5.920701
39878290 5.931720
39878104 5.998666
39877059 6.001496
39876339 6.066677
39874850 6.097867
39874718 6.140160
39821863 6.266187
39820722 6.283726
39819896 6.306478
39817387 6.346379
39816678 6.348746
39816278 6.360612
39816063 6.363079
39813927 6.364323
39812842 6.399649
39811919 6.424187
39810793 6.442943
39808211 6.449413
39806746 6.497821
39804277 6.506150
39804033 6.518043
39802780 6.604517
39802772 6.607490
39801844 6.608667
39801710 6.669294
39801112 6.676244
39800696 6.683576
39800134 6.697774
39799490 6.737794
39795922 6.818285
39795400 6.829063
39795272 6.842939
39795146 6.874330
39795058 6.903980
39792200 6.922615
39790552 6.924204
39790453 6.984188
39789532 6.996912
39789486 7.050896
39789321 7.095701
39788003 7.104373
39787798 7.124907
39787774 7.295104
39787646 7.490109
39787621 7.504522
39786160 7.543972
39785953 7.558838
39785647 7.657531
39784085 7.659348
39783062 7.811838
39782599 7.823543
39781920 7.829090
39781876 7.913821
39780679 7.937690
39780678 7.976706
39780195 7.985003
39780005 8.016898
39771380 8.044677
39771178 8.093653
39770792 8.106392
39770659 8.152570
39769584 8.194729
39767481 8.234439
39767423 8.252029
39767217 8.272058
39765880 8.313522
39764948 8.377628
39764196 8.383256
39763264 8.387320
39762158 8.394131
39761296 8.481837
39760143 8.495291
39759305 8.553904
39758885 8.564994
39758446 8.584406
39756121 8.631571
39756066 8.635160
39751919 8.699719
39751896 8.731743
39750993 8.736835
39750492 8.891907
39750328 8.930763
39750030 8.937197
39748098 8.967418
39747183 9.054612
39747100 9.078491
39746648 9.118815
39746510 9.206807
39746449 9.209837
39746268 9.235398
39746148 9.307461
39745823 9.308628
39745035 9.345438
39744806 9.478343
39743756 9.522244
39742281 9.680616
39739554 9.713903
39739488 9.741665
39738929 9.755551
39738632 9.770402
39737600 9.825962
39737179 9.855299
39737118 9.911043
39736965 9.912484
39736926 9.979634
39735866 9.996897
39735551 10.008028
39733853 10.091519
39733652 10.120383
39733552 10.125549
39733415 10.126899
39733378 10.135108
39733374 10.135877
39733307 10.158774
39733217 10.178280
39731979 10.211590
39731732 10.216259
39731581 10.346124
39731543 10.380649
39731275 10.453165
39730878 10.471033
39730829 10.485392
39730827 10.489353
39730084 10.640519
39730055 10.664452
39726723 10.740775
39726265 10.782291
39726233 10.879850
39726069 10.958196
39726046 11.301304
39725977 11.307912
39725666 11.346462
39725614 11.366679
39725577 11.639144
39725536 11.700266
39725403 11.745319
39724988 11.898560
39724941 11.964833
39724910 12.044204
39724761 12.058024
39724511 12.081114
39724374 12.235396
39724215 12.245059
39723638 12.403498
39723626 12.445347
39723332 12.486115
39723242 12.540932
39722186 12.577488
39721873 12.727438
39721605 13.044982
39720976 13.494619
39720388 13.555569
39720379 13.624139
39720301 13.636271
39720065 13.696726
39719863 13.706345
39719699 13.779736
39719489 13.877365
39719385 13.914839
39719243 13.926696
39719042 14.000507
39718994 14.101825
39718911 14.129598
39718898 14.306040
39718819 14.588479
39718784 14.824844
39718143 14.829275
39717984 15.095859
39717948 15.240330
39717772 15.270523
39717251 15.332712
39716842 15.580227
39716089 15.876653
39715852 16.086444
39715122 16.181165
39715109 16.599825
39714736 16.620508
39714480 17.130359
39713863 17.202511
39713721 17.223122
39713418 17.395800
39713412 17.552205
39713312 18.016211
39713067 18.035393
39712834 18.070296
39711137 18.191032
39711124 18.204205
39711115 18.263989
39709308 18.361430
39708614 18.370127
39708429 18.391793
39707570 18.458873
39707562 18.561460
39707228 18.592229
39705524 18.770908
39704087 18.772381
39702853 18.780039
39702356 18.784622
39700610 18.835362
39700528 18.974499
39700058 19.025201
39699464 19.550015
39698338 19.616722
39695259 19.619046
39694524 19.929351
39694367 20.035918
39693549 20.146488
39693375 20.213873
39692137 20.717033
39692086 20.984578
39691846 21.141410
39691422 21.528033
39691270 21.747010
39691195 21.872663
39690575 23.316548
39689437 23.338115
39689008 24.060256
39688819 24.395326
39688743 24.628729
39688470 24.729874
39686742 24.849734
39686492 25.536063
39686388 25.643104
39686379 25.908109
39686105 26.818659
39685998 49.068576
39685705 49.196787
39685699 49.401080
39685486 49.657624
39685291 49.861000
39685286 50.028699
39685219 50.054716
39685208 50.671341
39685158 50.790261
39684406 51.160217
39683763 51.205076
39683686 51.307507
39683270 68.273198
39683225 68.278720
39629485 68.340801
39628310 68.390884
39628030 68.448830
39627868 68.455468
39627805 68.528449
39627549 68.544743
39625907 68.571154
39624983 68.647436
39624781 68.665608
39624777 68.838929
39624762 68.887978
39624687 68.958571
39624426 68.984008
39624400 68.994811
39624347 69.014985
39624272 69.049661
39624080 69.053622
39623241 69.098558
39622829 69.146048
39622290 69.161508
39621618 69.271856
39621534 69.334319
39621464 69.562028
39620965 69.577636
39620399 69.660364
39620111 69.738970
39619724 69.748003
39619141 69.786437
39616497 69.911237
39616047 69.947595
39615863 70.146056
39615154 70.346860
39611724 70.381768
39611675 70.440178
39610831 70.552035
39610698 70.700297
39609544 70.786823
39609313 70.873880
39608320 70.991692
39607174 71.063824
39607145 71.195759
39606889 71.241395
39606396 71.315294
39606237 71.389385
39606039 71.453880
39605621 71.504392
39605583 71.600154
39604642 71.600962
39604378 71.858827
39604338 71.937398
39603867 72.100997
39603852 72.151559
39603619 72.431940
39602919 72.437093
39602815 72.577770
39602794 72.792898
39602773 72.811698
39600999 73.516213
39600970 73.754283
39600746 74.016486
39600615 74.031987
39600210 74.058624
39599819 74.174856
39599694 74.266474
39599601 74.288411
39599535 74.314861
39599278 74.454436
39598308 74.591703
39598166 74.861681
39597077 74.902308
39596933 75.070901
39596686 75.191381
39596309 75.762693
39596145 75.957408
39595453 76.048708
39595158 76.087369
39594357 76.155932
39593513 76.207907
39593411 76.475381
39593395 76.700068
39593265 76.993520
39593212 77.146268
39592987 79.400242
39592787 79.418995
39592698 79.681088
39592684 207.021792
39591891 207.088897
39591845 207.449409
39591471 207.773911
39591288 207.786000
39590998 208.013043
39590845 208.089180
39590621 208.097293
39590025 208.105147
39589883 208.198158
39589716 208.292597
39589428 208.335859
39589206 208.414984
39588614 208.787956
39588378 208.844338
39588358 209.116607
39587728 209.441619
39587000 209.618052
39586980 209.652101
39586970 209.660431
39586743 209.811969
39586106 210.128654
39585845 211.192079
39585411 211.442302
39585342 211.929245
39585263 212.242265
39584993 212.290713
39582634 283.096717
39582488 283.160258
39582418 283.337557
39582366 283.399099
39582043 283.436934
39581876 283.454757
39581613 283.538128
39581285 283.558055
39581008 283.656271
39577988 283.804754
39577742 283.842560
39577085 283.866143
39570883 283.919482
39570825 283.963462
39570296 284.083689
39567604 284.100320
39566404 284.114874
39565755 284.284307
39565670 284.343209
39565641 284.359965
39565510 284.434594
39565128 284.456824
39565097 284.481514
39564994 284.679157
39564871 284.694248
39564031 284.760174
39563877 284.764968
39563597 284.785906
39563282 284.838558
39562988 284.850341
39562853 284.955317
39562103 285.015756
39561865 285.042981
39561650 285.045628
39561446 285.069175
39561297 285.466454
39561145 285.494604
39559518 285.700478
39559091 286.042821
39558943 286.219897
39558915 286.315525
39558867 286.398929
39558810 286.511342
39557855 286.854354
39557802 286.947073
39555064 287.200981
39555048 287.211773
39553585 287.320626
39553072 287.323298
39551850 287.410051
39551674 287.654958
39551673 288.093469
39551553 288.455281
39550987 288.531553
39550448 288.626812
39549848 288.668460
39548255 288.711076
39548200 288.831511
39547902 288.988169
39547879 289.248739
39547220 290.029407
39547148 290.816181
39547066 291.277753
39546424 291.518188
39546171 292.088983
39546152 292.579311
39545476 293.428609
39545114 293.850043
