38078381 0.037223
32048792 0.125594
32047211 0.125877
32046594 0.128075
32045686 0.134825
32042709 0.136415
32022593 0.143162
32017814 0.144300
31862550 0.149180
31861380 0.149874
31837897 0.152159
31827378 0.155978
31816149 0.161340
31803333 0.169925
31786862 0.177181
31751885 0.179916
31749183 0.181131
31747743 0.181603
31728648 0.184796
31719840 0.186375
31715102 0.191742
31709110 0.193787
31635739 0.197223
31635078 0.198134
31629718 0.200984
31629633 0.201969
31626783 0.205512
31615496 0.207452
31610474 0.208804
31604647 0.211131
31602330 0.219309
31575278 0.220883
31570261 0.222752
31568540 0.233341
31567499 0.235091
31566521 0.236158
31562835 0.241576
31562444 0.242922
31545313 0.246590
31537455 0.247715
31528305 0.248886
31528130 0.257564
31516478 0.261563
31513999 0.262449
31512773 0.264763
31497736 0.270600
31491377 0.271140
31478366 0.276660
31478166 0.277117
31477023 0.279167
31419729 0.292717
31394400 0.295827
31394041 0.300109
31392214 0.308015
31389226 0.311673
31389174 0.314612
31380503 0.318949
31376949 0.325485
31348549 0.342918
31346471 0.364636
31345042 0.392346
31345000 0.404076
31344911 0.412732
31343363 0.414274
31340523 0.416562
31340323 0.426772
31340282 0.436382
31338255 0.441188
31334667 0.446444
31322416 0.449515
31319843 0.450685
31318302 0.461044
31317778 0.462257
31300627 0.466892
31297856 0.478785
31286098 0.486497
31285725 0.503147
31284093 0.504856
31278255 0.506921
31271542 0.510653
31268804 0.534189
31267413 0.536546
31266422 0.548075
31265943 0.551336
31260056 0.554928
31255773 0.556566
31255398 0.573966
31254974 0.576195
31249794 0.577431
31248817 0.578426
31244819 0.582346
31241693 0.590067
31239986 0.598634
31238790 0.601131
31233828 0.602018
31233042 0.606595
31230259 0.609641
31221518 0.611225
31219134 0.629542
31218641 0.630371
31215647 0.664566
31215528 0.666077
31212488 0.669801
31210812 0.672118
31210672 0.672860
31208861 0.677330
31208139 0.688743
31207392 0.694076
31204517 0.703535
31203853 0.705421
31199222 0.706273
31197737 0.707369
31196397 0.717373
31196117 0.719267
31195155 0.722973
31195001 0.729746
31186775 0.740195
31182512 0.756243
31180047 0.757023
31156805 0.760796
31138026 0.772917
31137128 0.779169
31137082 0.782785
31136821 0.790177
31134795 0.791546
31133872 0.792294
31133067 0.829146
31132763 0.831160
31132146 0.840647
31131048 0.861705
31130772 0.863214
31129840 0.865147
31124822 0.866067
31122383 0.867183
31122359 0.867605
31120870 0.870157
31120695 0.872685
31119394 0.884489
31118954 0.888711
31114670 0.893096
31112878 0.894808
31112155 0.895728
31110229 0.907759
31107947 0.911744
31100314 0.934433
31095545 0.947173
31094558 0.998717
31092390 1.008249
31092067 1.009460
31090309 1.017125
31081101 1.019328
31081012 1.029664
31080847 1.038135
31080113 1.038934
31079209 1.048592
31078640 1.053699
31074730 1.054373
31073640 1.059888
31073120 1.062041
31072642 1.088551
31071713 1.105679
31070207 1.108036
31067985 1.110202
31066027 1.125014
31062955 1.145616
31059988 1.179324
31058382 1.187175
31056458 1.200553
31055924 1.225478
31055217 1.229385
31054591 1.230164
31054534 1.250038
31052681 1.256403
31050164 1.261866
31049989 1.270618
31047393 1.291289
31040918 1.304606
31040878 1.328997
31038736 1.330120
31037632 1.332467
31032927 1.335936
31032271 1.350408
31028325 1.380126
31027908 1.411683
31023348 1.414751
31023184 1.448697
31022571 1.475390
31021698 1.500147
31021146 1.507880
31020811 1.520601
31020534 1.562390
31019616 1.575665
31019608 1.578864
31016785 1.605764
31016002 1.623038
31014951 1.627180
31013443 1.638548
31012577 1.641539
31012274 1.697258
31012193 1.711480
31010009 1.729561
31009297 1.747960
31007166 1.751243
31006149 1.753033
31004431 1.776583
31003789 1.809195
31002175 1.812718
31001148 1.836060
31000940 1.850126
30999216 1.865242
30999067 1.881690
30998859 1.895439
30998146 1.917234
30997278 1.961502
30996712 1.976372
30996667 1.994307
30994471 1.995479
30993650 2.013009
30991623 2.034275
30991264 2.057002
30990509 2.067751
30990142 2.086917
30987849 2.116006
30986342 2.209351
30986219 2.242905
30985543 2.265722
30984956 2.341081
30984641 2.360311
30984471 2.401781
30984361 2.405168
30983988 2.406162
30982411 2.410957
30981234 2.431608
30979713 2.451019
30975871 2.457774
30975085 2.487845
30973786 2.516900
30973648 2.522931
30972305 2.526992
30967192 2.530041
30966753 2.543638
30966338 2.578910
30960030 2.581518
30959356 2.587989
30959298 2.590737
30955538 2.635634
30955494 2.699859
30954159 2.703772
30953356 2.708285
30950879 2.797143
30950049 2.799983
30948897 2.805037
30948671 2.869858
30948601 2.879496
30888209 2.890465
30887567 2.909720
30883888 2.955241
30882744 2.976271
30882158 2.976479
30880199 2.992962
30879545 3.048332
30879537 3.063434
30877294 3.068209
30876689 3.076963
30876283 3.146788
30876138 3.160761
30875567 3.172857
30875502 3.173693
30873424 3.201883
30873416 3.223332
30871177 3.249789
30866514 3.252080
30862184 3.259152
30849523 3.264523
30848296 3.304657
30847473 3.316240
30834999 3.322163
30834648 3.345428
30834618 3.351915
30785985 3.374865
30785699 3.375970
30785676 3.387675
30785523 3.389721
30743038 3.445940
30735928 3.449463
30734478 3.454580
30733629 3.467928
30733065 3.502441
30728758 3.548892
30728466 3.590345
30727736 3.595123
30727646 3.611118
30727468 3.612991
30727268 3.635710
30727032 3.686895
30725504 3.705719
30725458 3.719557
30725057 3.737243
30723862 3.786530
30722556 3.797505
30722311 3.805673
30721618 3.830766
30721032 3.833599
30721007 3.871936
30720346 3.923368
30719662 3.963452
30719515 3.986854
30717241 4.000499
30716260 4.023298
30715456 4.054773
30714643 4.057309
30713745 4.064380
30713510 4.066086
30708310 4.072777
30706643 4.113313
30706614 4.125923
30703396 4.145083
30702158 4.147043
30701916 4.231465
30701193 4.251932
30698583 4.263890
30697789 4.273325
30696700 4.387259
30695997 4.450766
30695120 4.469868
30695089 4.502532
30694799 4.506735
30694577 4.553424
30694411 4.558546
30693947 4.584534
30693569 4.638543
30693501 4.648104
30693477 4.657964
30693268 4.779863
30693164 4.784670
30692755 4.883978
30692519 4.960579
30690019 5.034094
30689669 5.063284
30688794 5.206070
30688774 5.218300
30688730 5.232979
30686920 5.301944
30686576 5.345553
30685676 5.358556
30685518 5.433950
30685079 5.528264
30684717 5.605938
30684034 5.688790
30684004 5.705470
30683994 5.842534
30683851 5.852426
30683448 5.950762
30683129 5.983686
30683082 6.111439
30682254 6.201930
30681838 6.221431
30681811 6.342871
30681668 6.406539
30681339 6.429856
30680091 6.459114
30679830 6.490495
30679383 6.503928
30678226 6.513936
30678060 6.556566
30677562 6.591356
30677146 6.601911
30677107 6.608990
30676437 6.655251
30676367 6.889178
30675434 6.983850
30675253 7.046432
30673537 7.193782
30673437 7.204986
30673349 7.260439
30672576 7.543721
30670451 8.115389
30669864 8.257676
30669694 8.384297
30669553 8.429404
30669496 8.454173
30669396 8.609868
30669078 8.714414
30668871 8.946388
30668766 9.316902
30668711 9.545121
30667998 9.567851
30667895 9.823600
30666361 9.845590
30666345 9.862304
30666086 10.000800
30665906 10.719371
30665661 10.866816
30664914 11.023021
30664844 11.158893
30664700 11.160678
30664552 11.284262
30662549 11.412828
30662199 11.499202
30662006 11.684034
30661967 12.275055
30656579 12.703805
30655144 12.905320
30652980 12.907030
30649254 12.910444
30648889 12.933664
30648577 12.949584
30648432 13.024721
30648170 13.068677
30648104 13.108506
30647204 13.412776
30647175 13.561308
30647150 13.803994
30647146 13.920755
30646182 14.068690
30646010 14.079635
30645657 14.115628
30645209 14.127620
30645121 14.146875
30645025 14.263366
30644669 14.319474
30644519 14.328479
30644136 14.378834
30644120 14.440627
30643690 20.590100
30643389 20.611038
30643359 20.696228
30643219 20.712373
30643194 20.728883
30642993 20.776553
30642381 20.777072
30642142 20.983306
30641537 21.191431
30641176 21.229081
30641016 21.304665
30641003 21.408207
30640219 21.507937
30640183 21.763969
30640026 21.805489
30639535 21.869119
30639217 21.876535
30639050 21.979469
30638872 22.039707
30636759 22.076776
30636001 22.141986
30635835 22.321998
30635712 22.471619
30635598 22.587076
30635322 22.654049
30634914 22.847970
30634706 22.901604
30631477 22.937947
30631448 23.152699
30631387 23.157670
30631234 23.191719
30631209 23.226626
30630061 23.669370
30630002 23.835438
30629521 24.059742
30629381 24.225873
30629099 24.790787
30628973 24.791364
30628914 25.002154
30628837 25.152212
30628588 25.408179
30628277 25.515971
30628129 25.763941
30627929 26.030120
30627919 26.251796
30627637 26.641204
30626970 26.677347
30626798 28.911272
30626623 29.232389
30626348 29.500217
30625762 243.177830
30625090 243.238206
30624880 243.247912
30623770 243.250046
30623063 243.334834
30622880 243.352675
30621913 243.373104
30621549 243.374817
30621469 243.376827
30620248 243.422407
30618641 243.577899
30617368 243.619607
30617230 243.634618
30616558 243.670789
30616378 243.774459
30616158 243.869074
30615987 243.870340
30615731 243.913488
30614743 243.995472
30613742 244.115835
30613678 244.198186
30613662 244.343366
30612835 244.361623
30612605 244.363683
30611134 244.570870
30610330 244.629358
30610310 244.670438
30609440 244.995667
30609061 245.515122
30607899 245.534736
30607700 245.633136
30605521 245.770272
30605418 245.979655
30605196 246.109798
30605050 246.307201
30604875 246.347041
30604507 246.503213
30604402 246.698222
30603830 246.797419
30603575 246.880002
30603518 246.939564
30603355 246.968873
30603068 247.025432
30602860 247.167515
30601782 247.234932
30601737 247.356365
30600952 247.393061
30600853 247.603987
30600711 247.790353
30600396 247.801688
30599978 248.400603
30599194 248.409791
30599003 248.599272
30598667 248.687268
30598383 249.374739
30596635 249.838306
30596621 250.538355
30595662 250.724781
30595660 251.496431
30595659 251.833783
30595219 252.033399
30595153 252.148666
30595122 252.188433
30593763 252.442486
30593747 252.466190
30593298 318.742847
30593154 318.778506
30592542 318.864067
30592350 318.884344
30591355 318.911577
30590102 318.933687
30589751 319.010350
30589518 319.152419
30587527 319.156146
30587196 319.183397
30586326 319.228383
30585850 319.247369
30585645 319.268868
30585223 319.285423
30584456 319.297574
30584081 319.302339
30584079 319.318272
30583924 319.375796
30583385 319.405826
30583213 319.440282
30582124 319.489845
30581500 319.502557
30581360 319.527642
30580527 319.620789
30579045 319.629580
30577682 319.795627
30577046 319.810715
30576881 319.841644
30575850 319.854716
30575741 319.875145
30574915 319.887077
30574151 319.888924
30574149 319.905797
30573196 319.997681
30571994 320.032063
30571889 320.076086
30571655 320.124124
30571412 320.174760
30570479 320.205029
30570135 320.219322
30569883 320.257850
30569213 320.313345
30567739 320.351184
30567666 320.352927
30567037 320.387669
30566222 320.459507
30566148 320.463826
30565419 320.638054
30564437 320.666767
30563619 320.729379
30562532 320.761212
30547696 320.844792
30547677 320.858157
30547289 320.970138
30545404 320.978612
30543652 320.984311
30541420 321.003071
30540640 321.036788
30540513 321.047418
30539038 321.050361
30538956 321.107239
30538608 321.110348
30538146 321.132336
30537565 321.157822
30530639 321.187668
30530084 321.257919
30505202 321.267847
30504027 321.319233
30503350 321.345122
30503275 321.365732
30503153 321.405661
30502764 321.556588
30502592 321.568645
30502324 321.617457
30502221 321.620549
30501982 321.631516
30501494 321.677432
30501428 321.771043
30500615 321.771959
30499994 321.792325
30499263 321.962751
30498482 321.984446
30498297 322.098651
30497436 322.235017
30495611 322.252414
30495564 322.540201
30495376 322.605537
30495317 322.606151
30493692 322.683719
30492894 322.800932
30492693 322.803825
30492428 322.857583
30492145 322.895568
30491974 322.969549
30491836 323.036777
30491586 323.049139
30491410 323.136440
30491251 323.253834
30491247 323.600859
30490923 323.698842
30490903 323.805022
30490857 324.037066
30490695 324.092131
30490495 324.120469
30490206 324.153240
30490149 324.305253
30489738 324.510971
30488014 324.879243
30486471 324.913325
30486034 324.985045
30485472 324.995593
30485009 325.197334
30484496 325.511140
30484313 325.559379
30477147 325.672308
30476510 325.680965
30466616 325.711769
30466423 326.027004
30466160 326.050662
30465325 326.098124
30465295 326.111505
30463987 326.439603
30463887 326.644363
30462937 326.662890
30462012 326.838196
30456234 327.042795
30455772 327.272643
30455299 327.409839
30455281 327.686821
30455097 327.893227
30455049 328.231945
30452137 328.259600
30452078 328.263736
30451866 503.981061
30450853 504.519492
30450516 504.531295
30450397 504.611439
30449519 504.781156
30448864 504.970749
30448465 504.994312
30447284 505.040940
30447111 505.129267
30446464 505.165997
30445562 505.416707
30445418 505.520712
30444636 505.612203
30444377 505.622165
30444202 505.864138
30443622 505.870098
30443512 506.142713
30443494 506.671093
30443264 506.843546
30442480 506.958645
