58348962 0.086639
49756152 0.326693
49702013 0.341040
49701214 0.344859
49694242 0.359290
49694207 0.360991
49693408 0.381414
49693214 0.383130
49692964 0.384131
49567115 0.389334
49541931 0.404760
49541753 0.404889
49497539 0.412348
49448966 0.421968
49436430 0.425688
49433866 0.445042
49427195 0.447231
49423135 0.447898
49423124 0.450089
49410433 0.456471
49407917 0.465211
49400336 0.470293
49400142 0.472686
49393954 0.475384
49391353 0.485503
49391077 0.485897
49378945 0.495367
49367622 0.505898
49356064 0.510811
49355006 0.511431
49354322 0.512592
49350214 0.516231
49349737 0.516865
49346023 0.519118
49335454 0.528242
49331644 0.530421
49328711 0.531388
49326067 0.532740
49316805 0.533443
49316417 0.539208
49310850 0.540951
49308660 0.542578
49307968 0.544034
49305496 0.547321
49303432 0.553062
49303242 0.554531
49299592 0.555649
49298660 0.556624
49296829 0.563706
49295495 0.571204
49294419 0.575966
49294312 0.576273
49292080 0.593289
49288863 0.594173
49278643 0.598418
49277788 0.601463
49275066 0.612788
49243226 0.620882
49241717 0.626567
49240613 0.631355
49239377 0.637242
49237234 0.639193
49233573 0.645054
49173515 0.665955
49116956 0.673240
49116720 0.685111
49116390 0.686431
49113454 0.690982
49109776 0.702208
49106064 0.707033
49105575 0.709327
49100931 0.713904
49081298 0.718337
49081142 0.719338
49078067 0.721498
49077292 0.723811
49077128 0.730596
49076389 0.735428
49073071 0.735917
49070357 0.738065
49066875 0.761863
49064660 0.763604
49060776 0.767638
49051619 0.784076
49032824 0.788520
49030765 0.793675
49025615 0.795931
49025565 0.804220
49024979 0.807360
49024412 0.809794
49024282 0.815294
49023630 0.819653
49022745 0.824098
48994627 0.825248
48993098 0.829876
48991770 0.842312
48967855 0.845953
48967540 0.850737
48967197 0.851639
48966166 0.858939
48961109 0.867832
48960847 0.877509
48921673 0.881669
48920260 0.882525
48917528 0.885679
48913558 0.898590
48912234 0.899774
48911524 0.906601
48910981 0.912076
48910076 0.918266
48909932 0.924063
48905326 0.927191
48903279 0.928518
48896737 0.936838
48888957 0.942191
48886441 0.949611
48886385 0.951452
48882507 0.952750
48882193 0.958037
48873114 0.966414
48872605 0.987885
48872524 0.989627
48871588 0.990339
48871569 0.994891
48871502 0.997714
48870948 0.998904
48870136 1.001227
48865670 1.006151
48856634 1.016532
48855563 1.019743
48854003 1.021346
48853250 1.028814
48853022 1.035523
48852333 1.036114
48849499 1.037870
48849412 1.040445
48849034 1.042296
48847920 1.045323
48846946 1.061108
48846297 1.063565
48846239 1.068192
48845971 1.072953
48844633 1.085009
48844059 1.085958
48843907 1.090571
48841556 1.092096
48837844 1.094524
48837472 1.095762
48837373 1.096696
48836810 1.099872
48836113 1.101942
48834996 1.104582
48833124 1.111979
48829714 1.124443
48829581 1.129503
48829234 1.133991
48829099 1.135196
48828655 1.143087
48825129 1.161828
48760635 1.181929
48760301 1.187892
48758470 1.202712
48757179 1.210575
48748698 1.218582
48743509 1.234246
48736936 1.241023
48735609 1.247222
48735130 1.249354
48733947 1.253636
48732203 1.278085
48731266 1.296133
48716455 1.305922
48713650 1.306553
48711142 1.311205
48710329 1.312824
48707659 1.321275
48707288 1.326901
48706456 1.329524
48669798 1.342839
48669192 1.345071
48667875 1.345924
48667020 1.347798
48665382 1.349788
48663580 1.360566
48663446 1.362042
48636579 1.369495
48635872 1.372542
48634199 1.382677
48633774 1.383769
48627610 1.386683
48624802 1.393547
48623468 1.395442
48622785 1.401869
48603183 1.403056
48602672 1.403389
48600537 1.418797
48600509 1.424466
48596213 1.426235
48595831 1.441582
48594373 1.445403
48594275 1.458040
48566832 1.471897
48566257 1.476387
48560970 1.480319
48558946 1.492352
48552776 1.500191
48550675 1.506314
48550610 1.508322
48549517 1.521619
48549036 1.524438
48548049 1.526754
48547885 1.527050
48547124 1.529496
48547005 1.533906
48544467 1.534545
48543493 1.548569
48540342 1.554977
48539839 1.558594
48537479 1.560559
48536722 1.561528
48536300 1.567234
48536284 1.588164
48536182 1.589645
48516345 1.600175
48516287 1.603002
48515341 1.610229
48514948 1.610757
48514870 1.611449
48514584 1.614929
48514403 1.616529
48512171 1.622352
48510974 1.623435
48510564 1.627124
48508921 1.631713
48508604 1.633441
48499544 1.639253
48499378 1.647910
48498589 1.651570
48488355 1.657993
48486084 1.667209
48485895 1.671584
48463827 1.677094
48463593 1.678373
48463581 1.696970
48462312 1.705876
48458669 1.709466
48457391 1.742284
48457068 1.747839
48453970 1.750272
48447146 1.755585
48446100 1.768567
48445890 1.773497
48445785 1.783716
48445409 1.784077
48444660 1.796172
48442999 1.797079
48442901 1.798616
48441349 1.802920
48440030 1.808550
48439679 1.821505
48439622 1.827839
48438677 1.835470
48438582 1.838979
48438153 1.842196
48437979 1.851343
48436449 1.855839
48434872 1.856676
48432746 1.859523
48427644 1.862376
48426238 1.870254
48425528 1.872676
48425049 1.879973
48424608 1.890660
48424568 1.892484
48424491 1.896730
48423892 1.898916
48422452 1.900172
48421733 1.905273
48421687 1.906613
48421365 1.909361
48419488 1.912020
48419486 1.925491
48419477 1.983769
48419124 1.985008
48418270 1.991841
48418256 1.996858
48417964 2.000894
48411051 2.002501
48411014 2.004438
48410632 2.005995
48409784 2.010511
48409400 2.010797
48408885 2.014862
48406077 2.019185
48405713 2.019596
48405630 2.027406
48309282 2.036290
48308675 2.041284
48303426 2.063464
48302953 2.086617
48301331 2.109805
48299932 2.114091
48298462 2.119343
48295579 2.130198
48295248 2.171163
48294107 2.198905
48293872 2.205956
48293686 2.206324
48291679 2.215146
48291333 2.234131
48287633 2.252587
48286861 2.253720
48286848 2.269692
48286769 2.270810
48286683 2.280270
48281518 2.312280
48279793 2.331499
48278863 2.332950
48278223 2.357216
48277264 2.360791
48276665 2.370075
48276241 2.429833
48275655 2.431701
48275441 2.434655
48273270 2.455762
48273203 2.480026
48272802 2.498086
48272534 2.527171
48272486 2.528441
48271968 2.537187
48268251 2.545690
48268011 2.571763
48267645 2.572555
48267297 2.587764
48266804 2.592402
48264374 2.609249
48263942 2.618621
48263520 2.629057
48262610 2.647857
48262040 2.648141
48256987 2.657479
48256768 2.665905
48254547 2.681550
48254476 2.682377
48253104 2.691121
48251472 2.702480
48251108 2.705885
48250572 2.711245
48247122 2.711862
48246540 2.733554
48245539 2.735218
48245292 2.754023
48245130 2.754713
48245113 2.765859
48242188 2.770679
48242174 2.795059
48241802 2.801826
48240326 2.805699
48239302 2.811509
48238977 2.822819
48238121 2.824665
48238015 2.828922
48237056 2.841263
48236892 2.842170
48236310 2.873681
48231857 2.880237
48230953 2.918583
48230648 2.920827
48230315 2.927748
48230292 2.930276
48228748 2.940003
48227646 2.946277
48227263 2.946987
48226315 2.948193
48226248 2.964451
48224724 2.988754
48223913 2.990169
48223346 2.997512
48222133 3.003841
48221377 3.014416
48215113 3.021172
48214987 3.021752
48211821 3.023833
48207664 3.028853
48207121 3.071259
48206559 3.090592
48206275 3.131176
48201155 3.137712
48200502 3.141282
48186433 3.151407
48185669 3.171118
48184257 3.182809
48182803 3.189244
48182581 3.189576
48180338 3.198841
48171244 3.220573
48171208 3.249628
48169850 3.301589
48168305 3.314720
48168253 3.321865
48167284 3.322479
48166244 3.325323
48165509 3.344839
48163918 3.358219
48163838 3.358723
48162831 3.362733
48160722 3.389780
48159937 3.421607
48159508 3.454998
48159447 3.457815
48158261 3.465871
48157139 3.475384
48156894 3.544649
48143211 3.548648
48132817 3.578756
48132231 3.580401
48131451 3.586729
48129272 3.601985
48127920 3.642952
48127603 3.648787
48125888 3.651400
48125857 3.662902
48125269 3.692537
48124243 3.703051
48124001 3.713418
48123703 3.722456
48122843 3.750951
48121493 3.763809
48121013 3.766862
48120309 3.767547
48119692 3.769229
48119342 3.775015
48118898 3.784456
48117574 3.788962
48115657 3.805264
48115359 3.810051
48115164 3.810696
48114844 3.819682
48114436 3.820010
48114402 3.841639
48114401 3.845341
48114057 3.850152
48113954 3.854842
48111969 3.865211
48111132 3.874683
48110770 3.876925
48109310 3.878645
48108751 3.883217
48108614 3.905905
48108540 3.908158
48107383 3.965063
48105624 3.997899
48105366 4.009893
48103151 4.014526
48102339 4.015660
48100989 4.021897
48100763 4.036503
48100696 4.048955
48100620 4.123993
48100566 4.127644
48100468 4.138314
48100069 4.146058
48098893 4.150197
48097580 4.163638
48095497 4.175875
48092162 4.237502
48090831 4.243500
48090757 4.248647
48090352 4.259030
48090254 4.311255
48088659 4.314223
48087368 4.338892
48084526 4.349919
48084391 4.350627
48084347 4.358396
48083538 4.363635
48082122 4.391388
48082116 4.407406
48079316 4.410300
48079174 4.442078
48079047 4.467255
48078444 4.477509
48074986 4.479697
48074571 4.509459
48074536 4.510186
48074155 4.516727
48073754 4.528830
48073614 4.536988
48072749 4.561293
48072595 4.567973
48071798 4.584263
48071328 4.598886
48070894 4.604539
48070660 4.626242
48069252 4.661728
48068686 4.665509
48067364 4.673606
48067127 4.686903
48067005 4.712621
48066879 4.792328
48066874 4.807355
48066823 4.970915
48066222 5.024633
48065890 5.047904
48065800 5.055004
48064199 5.084171
48064113 5.108255
48063963 5.122904
48063855 5.132686
48063143 5.148182
48062778 5.155500
48062762 5.156062
48062440 5.183495
48062409 5.210233
48061939 5.265423
48061486 5.310287
48060236 5.313532
48059976 5.337594
48059114 5.347352
48058885 5.366540
48058627 5.394092
48058203 5.470653
48057855 5.475577
48057776 5.483717
48057649 5.519303
48057628 5.524672
48056650 5.539711
48055929 5.555952
48055856 5.580359
48055693 5.615820
48055062 5.616917
48052256 5.640847
48051994 5.676570
48051113 5.686418
48050265 5.686937
48049947 5.727854
48049532 5.773131
48048933 5.797209
48048671 5.847265
48048629 5.855853
48047968 5.981274
48046263 6.002347
48045581 6.041811
48045349 6.080706
48044609 6.132558
48043974 6.135124
48042692 6.151774
48041904 6.166838
48040904 6.254545
48040701 6.375068
48040277 6.407627
48039341 6.431804
48039305 6.450563
48039180 6.504735
48038884 6.506608
48038466 6.527634
48038432 6.556420
48038227 6.587460
48037743 6.591509
48035868 6.593387
48035804 6.594653
48035711 6.657897
48035336 6.667916
48034600 6.674665
48034553 6.759733
48034500 6.835370
48033311 6.855976
48033131 6.925605
48032964 6.932425
48031538 6.986394
48031310 7.019219
48031248 7.088890
48031221 7.111988
48031149 7.135796
48030786 7.174840
48029612 7.193002
48029233 7.203392
48028152 7.263375
48026451 7.275046
48025890 7.391914
48025793 7.394295
48023062 7.433451
48020716 7.434745
48020681 7.442371
48019753 7.456121
48016216 7.469073
48014716 7.473624
48014048 7.475668
48013817 7.570807
48013475 7.643553
48004680 7.666921
48003921 7.678445
48003748 7.683451
48003731 7.755930
48003653 7.764881
48003034 7.785921
48002698 7.788566
48002447 7.811132
48001875 7.841676
47999498 7.858920
47998606 7.860526
47998333 7.893564
47998315 7.935602
47998303 7.968996
47998230 8.013017
47995853 8.047820
47995828 8.092266
47995669 8.098454
47988254 8.119946
47987569 8.157938
47987366 8.183034
47986786 8.183772
47986532 8.184262
47986303 8.202837
47981885 8.253946
47981744 8.264415
47981688 8.269754
47981541 8.306412
47980980 8.338085
47979865 8.369660
47978866 8.387229
47974909 8.408052
47974845 8.466312
47971706 8.525071
47971571 8.544933
47970939 8.550336
47969509 8.580641
47969257 8.614102
47969155 8.640829
47961845 8.699274
47961757 8.730694
47958908 8.741819
47958886 8.775521
47956275 8.830195
47954895 8.862948
47953500 8.872039
47952099 8.905569
47952010 8.937670
47950431 8.949911
47950106 9.082936
47948780 9.139420
47948554 9.140557
47948029 9.142412
47947387 9.164356
47947197 9.170768
47946311 9.218972
47946073 9.260605
47945817 9.300436
47945804 9.352802
47944637 9.519079
47944530 9.608190
47944347 9.732676
47943921 9.800831
47943818 9.829459
47943804 9.922709
47943607 9.956365
47943383 10.006783
47943276 10.085292
47942829 10.085836
47942573 10.106936
47942270 10.168629
47942101 10.343697
47940715 10.435660
47940497 10.501618
47939779 10.557066
47939675 10.579427
47939099 10.734058
47938683 11.097826
47938631 11.162233
47938441 11.223560
47937846 11.238679
47936687 11.264628
47936444 11.296615
47936240 11.322239
47935799 11.338861
47935733 11.376361
47935656 11.433943
47935653 11.470522
47935644 11.509553
47935572 11.608270
47935470 11.610379
47935409 11.615609
47935407 11.622015
47935386 11.742352
47935058 11.778701
47935019 11.801322
47934176 11.931328
47934038 11.944943
47933974 11.956299
47933860 11.995577
47933100 12.031002
47931835 12.142434
47931740 12.305516
47931703 12.331538
47931167 12.335830
47930412 12.338282
47929838 12.398703
47929776 12.403517
47928992 12.437542
47928941 12.460708
47928129 12.548252
47927987 12.566065
47927436 12.613677
47926409 12.686766
47926155 12.801315
47925458 12.816040
47925341 12.822414
47923697 12.917876
47923621 12.930493
47923147 12.962486
47922937 13.156305
47920730 13.164490
47920257 13.176027
47920162 13.240296
47919848 13.279187
47919806 13.325107
47919400 13.332870
47919359 13.462005
47919255 13.493241
47919129 13.663278
47919113 13.664048
47918603 13.841345
47918386 14.100773
47918319 14.103169
47912717 14.108090
47912645 14.131108
47911840 14.212850
47911799 14.241842
47909778 14.327299
47909588 14.451119
47908622 14.462767
47907803 14.477061
47907677 14.637003
47907484 14.650525
47907351 14.653210
47905881 14.711566
47905469 14.772826
47905288 14.819374
47904257 14.926849
47904119 14.942968
47903945 14.989806
47903759 14.994966
47903421 15.065995
47903238 15.121655
47902997 15.145572
47902058 15.179806
47902007 15.197832
47901220 15.264561
47901126 15.509415
47901083 15.559552
47900983 15.570356
47900599 15.638423
47899475 15.670081
47899328 15.735842
47899261 15.750989
47897289 15.804574
47896896 15.984499
47896369 16.038794
47896289 16.231773
47896212 16.513744
47895953 16.750466
47895735 16.892964
47895673 16.905140
47895565 16.906474
47895540 16.941894
47895415 17.215484
47895225 17.227825
47895142 17.260586
47894860 17.319117
47894828 17.497939
47894414 17.508782
47894300 17.617927
47894135 17.670806
47894129 17.721293
47894091 17.790126
47894088 17.815339
47893930 18.024838
47893843 18.041347
47893780 18.089168
47893734 18.166663
47892912 18.397964
47892853 18.435682
47892829 18.449804
47892344 18.465180
47892175 18.665735
47892084 18.703214
47891179 18.844515
47891030 18.849577
47890840 18.869366
47890778 18.888332
47890763 18.932871
47890708 19.117282
47890383 19.254394
47890316 19.411086
47890048 19.478511
47889910 19.488590
47889841 19.782544
47889799 19.992105
47889729 20.168301
47889649 20.217630
47889380 20.250753
47889157 20.643270
47889091 20.696673
47889056 20.864349
47888003 21.149928
47887816 21.564016
47886770 21.565485
47886700 21.663439
47886632 21.852374
47886615 21.927145
47886540 22.072710
47886498 22.129119
47886093 22.237147
47884916 22.247125
47884782 22.267953
47884562 22.509404
47884506 22.518192
47884304 22.580235
47884110 22.662005
47883730 22.993789
47882879 23.122807
47882515 23.128619
47882358 23.358649
47882315 23.548175
47879768 23.674453
47879376 23.732026
47879269 23.879918
47878632 23.908519
47878401 24.286503
47877952 24.327534
47876851 24.398961
47876843 24.470231
47876739 24.524105
47876691 24.821130
47876637 24.839703
47876435 24.852196
47876401 24.881352
47876059 24.950616
47875372 25.027047
47874588 25.118064
47874326 25.163667
47874249 25.231245
47874199 25.276856
47874010 25.295701
47873977 25.447387
47872994 25.460179
47872903 25.532569
47872686 25.727015
47871968 25.855594
47871707 25.868837
47871671 25.962470
47871599 26.114935
47871552 26.362351
47871216 26.828996
47870818 26.834644
47870643 26.947924
47870219 26.963193
47869082 27.247511
47868899 27.754542
47868784 27.907504
47868755 28.017757
47868515 28.051137
47868501 28.614672
47868395 28.796703
47868230 28.801005
47868204 28.985558
47867506 29.880198
47867238 30.305605
47866794 30.458127
47866722 30.590466
47866689 30.950741
47866685 31.086374
47866684 31.224913
47866515 31.604613
47866467 31.731091
47865741 31.737221
47865706 31.779213
47865588 31.797317
47865287 32.517268
47864535 32.731700
47864245 32.786050
47863942 32.977254
47863693 33.203473
47863503 33.316460
47863370 33.353192
47863191 33.386041
47863041 33.402664
47862943 33.444234
47862476 33.558694
47862474 33.643737
47862265 33.656721
47861956 33.713229
47861264 33.721932
47860107 33.783245
47857250 33.924566
47857096 33.944488
47856972 34.042055
47856963 34.089857
47853880 34.115997
47852171 34.284791
47852080 34.327980
47851834 34.511614
47851785 34.566214
47851679 34.577467
47851592 34.678833
47851020 34.843475
47850542 34.886537
47850485 35.041069
47850457 35.180584
47850310 35.848837
47850306 36.037352
47850249 36.066864
47849592 36.171313
47847457 36.418241
47847451 36.477699
47847243 37.486042
47846957 37.879402
47846002 38.228859
47845559 38.454290
47845385 38.875727
47845336 39.181451
47844885 39.272111
47844868 39.293980
47844675 39.368399
47844304 39.606227
47844266 39.852388
47844252 40.018032
47844011 43.626581
47843453 43.627142
47843377 43.635001
47843373 43.639604
47842511 43.687843
47841582 43.692181
47841494 43.694118
47839722 43.697039
47838520 43.727970
47838176 43.765756
47837543 43.768274
47837261 43.776256
47837042 43.787667
47836955 43.797844
47836050 43.801025
47835646 43.809658
47835599 43.816125
47835383 43.816683
47832413 43.822031
47814305 43.840557
47813675 43.843681
47813295 43.872681
47812628 43.879267
47810072 43.892698
47809253 43.894718
47808846 43.899462
47808524 43.907936
47807821 43.922018
47806911 43.933478
47806473 43.937802
47806435 43.945160
47806296 43.962652
47806242 43.988987
47805967 43.990268
47805829 43.990962
47805297 43.996210
47804973 43.999590
47804461 44.001370
47804455 44.021813
47803985 44.023693
47803776 44.023749
47803632 44.032400
47802966 44.052886
47802917 44.074422
47802800 44.081443
47800451 44.090353
47799994 44.094685
47797975 44.109061
47795165 44.124181
47794650 44.173611
47794336 44.225578
47791709 44.281416
47788153 44.291626
47787991 44.297654
47786724 44.339269
47786596 44.353467
47785563 44.394829
47785471 44.398756
47784884 44.434148
47784361 44.436993
47782385 44.441826
47780318 44.456883
47780084 44.514384
47779896 44.518047
47779209 44.519056
47778273 44.565304
47778140 44.574268
47776810 44.585215
47776773 44.586622
47775442 44.587250
47774772 44.632633
47774554 44.641818
47773322 44.665840
47773010 44.666898
47772285 44.704188
47762409 44.720679
47762097 44.724523
47762082 44.745397
47761527 44.756083
47761391 44.775835
47760371 44.776162
47758348 44.807850
47753583 44.819718
47753091 44.853991
47752110 44.858316
47750106 44.874598
47748366 44.885248
47748210 44.888963
47747386 44.932309
47746172 44.937096
47745563 44.963476
47745271 44.980470
47744567 44.982554
47744151 45.014423
47744058 45.022283
47743918 45.025271
47743189 45.036083
47741076 45.046822
47741054 45.053431
47738929 45.063013
47738502 45.068964
47738083 45.106903
47737062 45.142846
47736668 45.160204
47736339 45.162289
47736301 45.180707
47736275 45.245029
47736208 45.287590
47736163 45.297050
47735870 45.307826
47735801 45.314759
47735473 45.317468
47734700 45.388272
47733666 45.415024
47733386 45.415199
47733257 45.427583
47730805 45.505980
47729596 45.526665
47728952 45.558871
47728813 45.602341
47728712 45.608700
47728664 45.616744
47728459 45.685633
47727775 45.694656
47726355 45.715847
47726229 45.734612
47725944 45.755229
47724255 45.769858
47723307 45.841224
47722245 45.868168
47721999 45.910551
47721401 45.952146
47721105 45.979928
47720567 45.991549
47720359 46.028096
47720312 46.038860
47719790 46.064109
47718053 46.106099
47715876 46.127433
47715868 46.155450
47715429 46.185999
47714503 46.216847
47713343 46.253996
47712881 46.285085
47711744 46.298664
47711650 46.351442
47711451 46.362759
47711360 46.387376
47711051 46.419897
47710587 46.450690
47709094 46.470795
47709090 46.522747
47709074 46.575928
47708870 46.604091
47708822 46.609583
47708742 46.614019
47708706 46.624100
47708700 46.632800
47708454 46.640205
47707911 46.651702
47707640 46.698241
47707275 46.718595
47705578 46.721135
47705426 46.723853
47704966 46.739877
47704489 46.751426
47704193 46.833856
47704187 46.867344
47704137 46.882460
47703269 46.896609
47702533 46.932719
47702459 46.944717
47701221 46.945095
47700162 46.999473
47699684 47.002967
47699630 47.025912
47698826 47.046267
47697024 47.224152
47696779 47.301523
47696737 47.325443
47696351 47.349631
47695665 47.381234
47695181 47.450113
47695042 47.503873
47695013 47.553261
47693232 47.677429
47693138 47.728151
47692597 47.803927
47691563 47.812590
47691483 47.849284
47690494 47.991191
47690457 47.991637
47689968 47.997422
47689567 48.003076
47689314 48.080830
47689261 48.119098
47689120 48.147790
47688455 48.221034
47688323 48.321615
47688014 48.344057
47687985 48.402117
47687963 48.433570
47687957 48.442850
47686240 48.456849
47685655 48.519985
47685459 48.523821
47685359 48.574981
47685287 48.610455
47684817 48.656921
47683832 48.692212
47682742 48.694936
47682236 48.705568
47681088 48.713355
47680732 48.713929
47680704 48.721388
47680443 48.802954
47680428 48.826317
47680351 48.897150
47680220 48.952904
47679380 48.969709
47679126 49.136359
47679045 49.338022
47679036 49.375490
47679029 49.473061
47677152 49.508203
47676785 49.516126
47676162 49.561824
47676093 49.793204
47675671 49.911985
47675060 49.928749
47674384 50.066183
47674218 50.139391
47674113 50.215721
47674101 50.224510
47673439 50.236026
47673196 50.327063
47672478 50.597359
47672210 50.713439
47672135 50.890121
47672122 51.037769
47671450 51.104495
47671210 51.230613
47671132 51.302424
47671027 51.313466
47670903 51.340516
47670460 51.379184
47669758 51.432579
47669503 51.458809
47669280 51.508752
47669193 51.609366
47668441 51.691988
47668198 51.705896
47668075 51.712999
47667927 51.804459
47667553 51.809899
47667445 51.817553
47667313 51.857956
47667194 51.867225
47666306 51.877870
47666264 51.938020
47665831 52.004170
47665652 52.013792
47665059 52.045367
47664964 52.065181
47664372 52.423041
47664297 52.534615
47662226 52.559580
47662177 52.661342
47661872 52.693437
47661315 52.807777
47660437 52.852272
47660294 52.879264
47660138 52.893368
47660047 53.038842
47659584 53.063232
47659513 53.211823
47659288 53.475741
47658972 53.535291
47658747 53.564756
47658659 53.676569
47657913 53.709539
47657886 53.762452
47656654 53.772880
47656590 53.997975
47656297 54.127964
47656264 54.154901
47655528 54.167695
47654813 54.179275
47654612 54.355773
47654504 54.368507
47654120 54.469418
47653939 54.477964
47653853 54.541445
47653721 54.569374
47652617 54.866472
47652440 54.891001
47652438 54.905379
47652151 55.119201
47652119 55.366503
47651914 55.399512
47651907 55.425662
47651891 55.481265
47651776 55.501286
47651492 55.579659
47651321 55.921994
47651310 56.042243
47651244 56.062076
47651241 56.084924
47650864 56.109251
47650531 56.342264
47649508 56.355359
47649115 56.530422
47648814 56.630894
47648778 56.637468
47648681 56.663626
47648425 56.895584
47648062 56.916573
47647279 57.064212
47646716 57.069924
47646609 57.137965
47646544 57.214515
47646433 57.219687
47646181 57.231781
47645154 57.251478
47645028 57.373815
47644727 57.428796
47644720 57.430447
47644386 57.514434
47644228 57.621492
47644163 57.945406
47644095 58.050664
47643832 58.221748
47643587 58.247100
47643333 58.403328
47643288 58.512232
47643104 58.587161
47643091 58.673970
47643069 58.791721
47643004 58.808891
47641859 58.810480
47641406 58.982295
47641122 58.987825
47641034 59.174890
47640997 59.385584
47640760 59.631375
47640080 59.646960
47640034 59.689527
47639967 59.804015
47638730 59.823617
47638454 60.062646
47638370 60.071847
47637467 60.224434
47636247 60.288333
47636176 60.395820
47635909 60.505823
47635706 60.712775
47635593 60.725365
47635447 60.894481
47635342 60.930230
47635335 61.147425
47635055 61.272864
47635024 61.323445
47634936 61.446323
47634628 61.654459
47634493 61.939098
47634459 61.939317
47634409 61.992014
47634206 62.352783
47633756 62.485213
47633590 62.573926
47633451 63.541182
47633254 63.912976
47632951 64.178746
47632684 64.223140
47632220 64.372856
47631996 64.553811
47631590 64.563494
47631510 64.861822
47631496 65.034261
47631432 65.066476
47631321 65.086333
47631286 65.330261
47630764 65.396560
47630604 65.425806
47630483 65.500562
47630477 65.689178
47630017 65.924507
47629770 65.996414
47629679 66.104563
47629568 66.176517
47629216 66.569394
47629201 66.586479
47629155 66.728436
47628938 66.730309
47628506 66.894473
47627947 66.961070
47627909 67.805410
47627892 67.977399
47627239 68.045274
47626711 68.147454
47626679 68.479383
47626298 68.838153
47625815 69.138890
47625697 69.236524
47625679 69.479682
47625387 69.545964
47625221 69.629109
47624812 69.638273
47624575 70.497507
47624196 70.586818
47624140 70.923413
47623497 71.040696
47622251 71.401852
47622062 71.732270
47622009 72.110271
47621692 73.649567
47621430 74.528500
47621343 75.341468
47621311 75.343135
47621058 75.697719
47620927 76.019018
47620916 76.108271
47620819 76.155440
47620571 76.285404
47620497 283.108587
47620124 283.139334
47619827 283.202206
47618846 283.282794
47617701 283.423633
47617402 283.511093
47617234 283.559214
47617064 283.618927
47616047 283.694655
47615682 283.731171
47615426 283.880878
47615338 284.054096
47615161 284.084405
47614872 284.130720
47614792 284.198557
47614527 284.495785
47614462 284.664762
47614301 284.710442
47614206 284.738133
47613821 284.816767
47613782 285.006706
47613599 285.067084
47613487 285.176059
47613475 285.221732
47613460 285.508165
47613146 285.529440
47612951 285.603397
47612893 285.605467
47612838 285.641299
47611052 285.787227
47610968 285.935423
47610670 286.018134
47609909 286.113608
47609600 286.253052
47609306 286.306921
47609218 286.318260
47608970 286.320356
47608747 286.540617
47608518 286.842944
47608318 287.245416
47608073 287.286020
47607938 287.540956
47607084 287.542999
47606255 287.558487
47606241 287.583268
47605848 287.762538
47605740 287.797605
47605158 288.114356
47604952 288.423856
47604894 288.460668
47604639 288.544166
47604636 288.913952
47604339 288.960383
47603992 289.124563
47603908 289.278285
47603722 289.351409
47603290 289.393831
47602479 289.445771
47602291 289.499635
47602196 289.775625
47601955 289.905607
47601944 290.260841
47601691 290.572492
47601328 290.920963
47600749 291.140553
47600746 291.885148
47600664 292.107488
47600181 292.305035
47600167 292.312051
47599795 292.363309
47599615 292.528146
47599407 292.592504
47599025 292.811149
47599017 293.044778
47598942 293.170689
47598675 293.186555
47598398 293.310156
47598081 293.424160
47598076 293.594667
47597890 294.273416
47597780 294.323119
47597258 294.419650
47597086 294.422078
47596783 294.513446
47596650 294.664678
47596427 294.669584
47596408 294.751797
47596322 294.954819
47595621 294.983676
47595556 295.291490
47595373 295.805361
47595207 295.819168
47594939 295.940070
47594861 295.957591
47594739 296.045830
47594517 296.717443
47594467 296.906642
47594296 297.127618
47594119 297.172527
47594104 297.258500
47594035 297.930850
47593937 298.051183
47593088 298.260642
47592837 298.480222
47592237 298.576966
47591513 299.459273
47590980 299.501631
47590932 300.148731
47590680 300.210359
47590648 300.228543
47590414 300.345280
47590127 300.359137
47589689 300.514286
47583042 300.591168
47582865 300.626003
47581535 301.126758
47581431 301.214247
47580461 301.990587
47580245 302.307789
47580065 302.596563
47580042 302.958256
47579861 303.097320
47579525 303.325031
47579498 303.436245
47579049 303.460175
47579003 303.544274
47578906 303.715577
47578631 303.843780
47578164 304.300075
47577672 304.358215
47577652 304.830322
47577589 304.916924
47577583 305.018880
47576396 305.265748
47574613 305.807159
47574410 305.850314
47574382 305.952647
47574320 306.077347
47573776 306.130975
47573656 306.289558
47573357 307.186394
47573056 307.478412
47572482 307.737179
47571176 307.895400
47570857 307.991787
47568941 308.062449
