46245970 0.048513
39287874 0.194779
39287449 0.199867
39283285 0.201791
39266062 0.207243
39175346 0.220971
39174343 0.226261
39168508 0.230289
39168401 0.242773
39167753 0.244503
39165184 0.246211
39159232 0.252699
39130872 0.258340
39129353 0.265467
39126857 0.267436
39071624 0.272354
39070892 0.283852
39048956 0.291911
39048842 0.295733
39046032 0.298174
39040132 0.304338
39037061 0.311778
39034693 0.313665
39022010 0.325472
39016963 0.331851
39016521 0.333333
39016351 0.342767
38979914 0.355549
38977180 0.357968
38975126 0.358894
38972717 0.362902
38972512 0.365039
38971339 0.373458
38959397 0.379048
38953108 0.383915
38937154 0.387217
38936570 0.390058
38935210 0.390315
38931287 0.394051
38927996 0.394750
38927953 0.395751
38925628 0.396995
38924050 0.398307
38922708 0.408341
38922010 0.411178
38917606 0.415164
38916838 0.416556
38910550 0.419026
38910510 0.420858
38905534 0.425450
38904079 0.436465
38898236 0.439339
38894741 0.444624
38894454 0.446204
38891982 0.458490
38889664 0.461440
38887718 0.462356
38886425 0.464273
38884457 0.464604
38883231 0.466393
38882115 0.469199
38879684 0.474338
38878552 0.480901
38864975 0.485771
38854924 0.488519
38853812 0.492094
38849064 0.495190
38848113 0.497300
38846731 0.499765
38846380 0.512842
38844978 0.530321
38844871 0.535065
38783364 0.541556
38783172 0.545428
38781612 0.555789
38781276 0.562849
38779439 0.564220
38775847 0.569908
38774296 0.575017
38774216 0.598838
38771094 0.601832
38770869 0.608200
38752117 0.615113
38751771 0.629968
38751587 0.636492
38751453 0.640614
38750404 0.643833
38749689 0.659242
38749323 0.661990
38748974 0.682550
38748010 0.700891
38746423 0.706463
38731948 0.711212
38729826 0.714487
38728988 0.716266
38728264 0.718607
38727000 0.720448
38720570 0.734271
38718925 0.735666
38713918 0.738565
38713086 0.743565
38709714 0.752896
38709187 0.758191
38708057 0.758388
38707415 0.766695
38700266 0.771548
38700168 0.788193
38699040 0.789103
38699024 0.790570
38698639 0.818625
38698378 0.821020
38697753 0.825844
38697296 0.836577
38697261 0.836898
38686566 0.863067
38684205 0.867987
38678142 0.868879
38675884 0.872262
38663884 0.875750
38662313 0.888133
38658038 0.891973
38656954 0.895621
38654418 0.910723
38654222 0.914176
38651508 0.916755
38650646 0.920471
38648963 0.922236
38644854 0.930365
38644754 0.937239
38643664 0.945525
38642766 0.949821
38642761 0.953395
38642733 0.972401
38635255 0.978093
38634463 0.981393
38604794 0.999150
38604736 1.000712
38603262 1.013415
38601320 1.015374
38595294 1.018630
38590972 1.032665
38590181 1.042440
38590145 1.048352
38587654 1.053035
38586687 1.059211
38584826 1.063337
38584061 1.064987
38575842 1.070938
38575374 1.082575
38574902 1.084762
38573341 1.087629
38573159 1.093302
38573034 1.107581
38572989 1.113990
38571976 1.115978
38568030 1.129755
38566399 1.134915
38564049 1.142060
38563951 1.156491
38563369 1.160020
38563085 1.164624
38563017 1.168565
38561737 1.194511
38561661 1.196503
38561499 1.205927
38559495 1.214081
38559039 1.218015
38554635 1.223701
38553679 1.227846
38552623 1.234223
38551746 1.238334
38551473 1.245805
38551286 1.250730
38549432 1.260657
38549074 1.262659
38548916 1.277326
38541838 1.287892
38541589 1.306258
38539289 1.306909
38539249 1.307413
38538766 1.309049
38538497 1.317426
38536682 1.320087
38534583 1.321241
38534556 1.332195
38534248 1.335720
38533935 1.336648
38531515 1.350013
38530860 1.352948
38529370 1.356675
38526508 1.361503
38526251 1.365585
38523098 1.382260
38522817 1.413417
38521644 1.416692
38520241 1.424324
38518865 1.431909
38518351 1.438535
38517535 1.448816
38516337 1.468525
38515719 1.482511
38515371 1.484283
38514755 1.494442
38514702 1.513112
38513763 1.522693
38513404 1.545722
38502600 1.560680
38499877 1.561381
38497994 1.568017
38497359 1.583860
38495331 1.597234
38495074 1.615199
38495038 1.622597
38494578 1.625898
38493397 1.652822
38491496 1.689740
38491446 1.693952
38489644 1.708484
38489533 1.729883
38487640 1.737515
38487322 1.798806
38486785 1.811676
38486725 1.822746
38486134 1.832027
38485726 1.854306
38485215 1.870431
38485167 1.884159
38484722 1.886983
38483966 1.911822
38483875 1.925430
38483581 1.946212
38482889 1.947084
38482641 1.952673
38482621 1.962045
38481036 1.963736
38479046 1.967895
38478412 1.976898
38478024 2.003474
38477682 2.019214
38477045 2.035664
38476997 2.055638
38475984 2.069108
38471725 2.077335
38470267 2.089376
38470222 2.095185
38470157 2.097223
38468943 2.109992
38468283 2.114510
38468224 2.130393
38468219 2.163755
38468217 2.168613
38468211 2.173813
38463865 2.193834
38462950 2.195841
38462117 2.204143
38455353 2.213521
38453673 2.239570
38448345 2.249672
38444923 2.263829
38443483 2.297863
38442960 2.301651
38441047 2.310777
38440926 2.315545
38440455 2.329304
38440377 2.335615
38440352 2.350931
38438573 2.370431
38438107 2.384843
38435726 2.418487
38435677 2.418798
38434419 2.440789
38419934 2.448580
38413671 2.452484
38410755 2.464068
38407537 2.478086
38401903 2.494378
38393077 2.506295
38390706 2.510435
38389461 2.540141
38378959 2.553259
38378889 2.556550
38378461 2.559846
38376622 2.564544
38376599 2.566373
38376470 2.568996
38375926 2.578977
38374261 2.582189
38374046 2.584418
38373198 2.587377
38372377 2.611487
38369518 2.612110
38369506 2.616779
38368620 2.617283
38368303 2.628866
38368106 2.646933
38344688 2.649551
38341791 2.661545
38340927 2.673986
38340255 2.683689
38339219 2.684471
38339200 2.697410
38337383 2.714192
38330865 2.719559
38326156 2.736424
38326129 2.755712
38324754 2.762095
38324253 2.763544
38323584 2.768894
38323191 2.775641
38322710 2.784670
38321919 2.789940
38320556 2.791378
38320459 2.795786
38319877 2.815228
38305765 2.884910
38304734 2.892742
38304289 2.927028
38303020 2.932787
38299474 2.951001
38298557 2.952491
38297701 2.953976
38297417 2.978154
38291059 2.988995
38288717 2.991385
38286119 2.995865
38285595 3.004711
38285010 3.011952
38284714 3.020838
38275469 3.044077
38274703 3.103243
38263811 3.111981
38261200 3.121014
38257307 3.131771
38257202 3.136285
38257197 3.142150
38257108 3.143594
38255830 3.145013
38247574 3.165149
38247481 3.223295
38238839 3.250511
38238697 3.251972
38237046 3.266532
38235813 3.293815
38235029 3.299756
38234980 3.312078
38233289 3.334624
38232934 3.345277
38232833 3.346641
38231765 3.454885
38231352 3.468159
38230360 3.478019
38230318 3.478998
38229576 3.499286
38228086 3.508607
38227445 3.529422
38227441 3.580036
38227060 3.584947
38226150 3.602838
38225938 3.631665
38225244 3.635808
38224915 3.638901
38221816 3.651636
38221708 3.674465
38221617 3.680965
38221014 3.693465
38219636 3.698743
38217828 3.703217
38216972 3.750041
38215680 3.763670
38213382 3.793240
38211893 3.796004
38211817 3.808076
38211342 3.858056
38208522 3.890585
38207724 3.913058
38207450 3.927447
38207234 3.928286
38206872 3.987935
38204470 3.994244
38204271 4.014391
38204092 4.034847
38203129 4.080425
38202702 4.084964
38202128 4.136490
38201947 4.152827
38200265 4.195054
38198774 4.288506
38198724 4.298674
38198688 4.326622
38198300 4.331246
38196945 4.354347
38196575 4.357088
38195597 4.399577
38194278 4.411007
38193575 4.433325
38192714 4.436824
38192319 4.438010
38190438 4.444466
38189320 4.476170
38188454 4.476871
38187362 4.477594
38186980 4.494968
38182674 4.501029
38182578 4.572749
38182298 4.593692
38180913 4.602028
38180825 4.647732
38180505 4.666584
38177928 4.667199
38177493 4.709058
38177265 4.712672
38176492 4.739322
38175782 4.786659
38175781 4.817536
38175624 4.849680
38174208 4.862502
38173569 4.868509
38173532 4.888232
38172351 4.917606
38172098 4.919494
38171604 4.921828
38171282 4.929423
38171220 4.941302
38169096 4.972572
38168842 4.980668
38168490 4.983414
38167181 4.985346
38166963 5.008537
38166824 5.017319
38166290 5.036123
38165710 5.124663
38165629 5.149278
38165617 5.178400
38162897 5.178995
38162672 5.230546
38162572 5.304330
38161962 5.341552
38161937 5.363281
38160457 5.422087
38159744 5.430490
38159207 5.439904
38159170 5.459112
38159164 5.505749
38158678 5.510564
38158244 5.518192
38157284 5.531649
38157155 5.548414
38154846 5.563849
38152289 5.571307
38152108 5.572678
38151822 5.644037
38151305 5.677940
38151269 5.710652
38151024 5.722069
38150888 5.726384
38150738 5.780372
38150735 5.787384
38149932 5.875521
38149920 5.892481
38149425 5.929912
38149154 6.007637
38146631 6.013854
38146498 6.018356
38146016 6.042492
38145749 6.109334
38145537 6.202744
38145136 6.234294
38144553 6.255964
38144425 6.325246
38144294 6.330469
38144023 6.396237
38141682 6.434852
38141548 6.453873
38140769 6.482390
38140550 6.485238
38140444 6.495904
38140443 6.529441
38139037 6.536310
38138890 6.633984
38138836 6.635038
38138151 6.686083
38137650 6.698760
38137033 6.748035
38136395 6.762455
38136389 6.782188
38135010 6.799874
38134260 6.886404
38133408 6.901337
38130876 6.963920
38130846 7.015839
38130395 7.075715
38129991 7.092530
38128681 7.194377
38128395 7.227496
38128086 7.370168
38127872 7.406981
38127644 7.521657
38125926 7.576067
38125789 7.591453
38124798 7.680559
38121904 7.743060
38121713 7.853628
38121443 7.882572
38120860 7.955737
38120521 8.012628
38120305 8.145247
38120119 8.170200
38119939 8.199967
38119914 8.223857
38119495 8.860519
38119170 8.863733
38118658 8.894993
38118559 8.996279
38112529 9.120479
38112509 9.234400
38111927 9.379959
38111860 9.385877
38111747 9.392736
38111589 9.488313
38111150 9.520866
38109423 9.611261
38108605 9.699070
38108363 9.708254
38108075 9.721758
38107569 9.727625
38107235 9.765701
38106792 9.883188
38106755 10.006133
38106437 10.033941
38105956 10.358755
38105684 10.403541
38102988 10.463564
38101220 10.623232
38101163 10.857660
38099685 10.917911
38099620 11.044090
38099214 11.085728
38098560 11.279423
38098259 11.530154
38096435 11.540521
38092395 11.586563
38092039 11.639605
38091712 11.671582
38091593 11.684976
38091337 11.807526
38091192 11.901986
38091070 12.063785
38090076 12.524486
38090023 12.587153
38089888 12.834806
38089857 13.163298
38089777 13.185021
38089639 13.188151
38089618 13.261086
38089320 13.288963
38088868 13.328610
38088840 13.697269
38088598 13.782731
38088014 13.791266
38086662 13.901930
38086629 13.903931
38085628 13.922515
38083755 14.036223
38083615 14.048548
38083041 14.164308
38082831 14.274580
38082778 14.334812
38082634 14.460260
38082469 14.590361
38082389 14.720779
38082344 14.857747
38081721 15.047478
38080749 15.101181
38080225 15.287734
38080114 15.355311
38079443 15.596881
38079116 15.982985
38078836 16.630367
38077520 17.261441
38077428 17.386622
38076414 17.525468
38076411 17.713990
38076405 17.799728
38076282 17.878553
38075429 17.898407
38074899 17.948883
38074771 18.034703
38074660 18.228064
38074168 18.242020
38073888 18.270988
38073619 18.328285
38073595 18.808334
38073035 19.299084
38072257 19.377481
38071939 19.460541
38071706 19.479299
38070837 19.639145
38070438 19.736375
38069914 19.950840
38069893 20.002942
38069053 20.293568
38068739 20.334604
38068554 20.481892
38068534 20.610240
38068227 20.863830
38068034 20.887165
38067653 21.085374
38066716 21.435206
38066668 22.547780
38066163 23.203252
38066131 23.225712
38065750 23.816719
38064316 67.012028
38063479 67.057080
38062988 67.127900
38062852 67.172621
38061005 67.296430
38057934 67.400401
38057384 67.410674
38057092 67.880608
38057034 68.082126
38056771 68.131179
38056045 68.209514
38054588 68.385574
38054286 68.392955
38052845 68.534842
38052755 68.546563
38052281 68.562674
38052246 68.602243
38052045 68.961437
38051916 69.272642
38051296 69.342367
38050908 69.674503
38050758 69.973724
38050058 69.975904
38049979 70.122319
38048082 70.231276
38047635 70.393742
38047281 70.399563
38047272 70.418865
38047015 70.613262
38046698 135.965394
38044969 135.967060
38043886 135.979901
38042956 136.059682
38042859 136.063390
38040540 136.068263
38040043 136.132498
38039249 136.221617
38038802 136.338360
38038572 136.530535
38038214 136.645089
38038176 136.719429
38037746 136.819661
38037724 137.527569
38037604 137.611960
38036774 137.864621
38036532 138.293589
38035796 138.305627
38035684 139.011275
38035564 139.047751
38035223 139.070991
38035186 139.419969
38034526 139.821802
38033878 139.863491
38032994 139.873738
38032980 140.389060
38032538 141.001065
38032432 141.878044
38031428 142.344594
38031350 142.970954
38031264 143.165537
38031211 143.280971
38031067 143.520666
38030291 143.700941
38029978 143.933599
38029962 144.606698
38029586 144.924565
38029275 144.929932
38029061 352.742881
38028662 352.837095
38028466 352.870092
38027900 352.908467
38027351 352.926802
38027280 353.011731
38027228 353.307293
38027115 353.389025
38026981 353.449157
38026177 353.573142
38026148 353.576911
38023848 353.683794
38023447 354.060850
38023421 354.204782
38023026 354.290919
38022249 354.321705
38021828 354.451169
38021684 354.493711
38021681 354.570914
38020410 354.765655
38020403 354.899871
38020229 355.112024
38020100 355.120794
38019535 355.334727
38019490 355.415953
38018908 355.629945
38018242 355.681894
38018218 355.742302
38018120 356.463340
38018011 356.633825
38017960 356.841155
38017717 356.976179
38017715 357.398122
38017352 357.868117
38017240 358.319471
38017230 358.342278
38015392 358.378448
38015150 358.416826
38014780 358.533377
38014697 359.048871
38013522 359.071701
38012569 359.172054
38012420 359.301489
38012397 359.369304
38012043 359.892845
38011907 359.898071
38011862 360.578487
38011451 360.668409
38011286 360.741646
38011285 361.693043
38011280 362.101029
38010836 362.124328
38010707 362.215449
38009746 362.312618
38009541 362.515628
38008451 627.779321
38008423 627.808911
38008378 627.896255
38008140 627.911840
38008054 627.922087
38007734 628.021258
38007697 628.165414
38007674 628.240594
