42392504 0.038157
35114113 0.159335
35060366 0.164826
35059139 0.165701
35054474 0.174038
35054144 0.175210
35043646 0.186435
35042852 0.186995
35032968 0.189455
35028980 0.193462
35027433 0.195163
35026243 0.195994
34977882 0.204028
34968918 0.206065
34966586 0.209858
34965377 0.223234
34958510 0.225146
34957674 0.227105
34955320 0.231405
34952344 0.232222
34901342 0.236541
34891230 0.241215
34890976 0.242064
34856011 0.247710
34835636 0.250559
34835041 0.251739
34831580 0.253137
34824962 0.254100
34808006 0.258786
34808005 0.259674
34805193 0.263529
34804483 0.264516
34686706 0.269975
34686350 0.271438
34685422 0.275464
34679183 0.286785
34672503 0.296726
34672194 0.300005
34670668 0.300564
34668912 0.303070
34668405 0.303978
34665883 0.313025
34664353 0.322899
34662882 0.327203
34659346 0.329917
34657061 0.333909
34650529 0.334391
34643098 0.338254
34641143 0.348096
34639213 0.355067
34635491 0.362066
34634977 0.366255
34632638 0.379241
34628317 0.385850
34592317 0.387206
34585360 0.390379
34585328 0.393413
34580411 0.397941
34577771 0.399475
34574888 0.403595
34574248 0.406113
34572641 0.407745
34570570 0.409405
34566977 0.414965
34565959 0.416695
34561624 0.420854
34550083 0.434745
34546160 0.443547
34543048 0.445197
34537134 0.447956
34537013 0.454403
34535175 0.456710
34534598 0.458487
34533811 0.459502
34533708 0.462024
34533173 0.462810
34531398 0.472060
34527995 0.510285
34523584 0.511356
34523552 0.513698
34522011 0.523870
34520935 0.526222
34516846 0.530332
34516565 0.531827
34516275 0.549280
34516055 0.549933
34515752 0.551777
34481676 0.562019
34478559 0.565029
34471814 0.566486
34470373 0.568004
34461634 0.576918
34460480 0.598403
34457728 0.600145
34457634 0.609744
34451582 0.613071
34449185 0.619408
34447091 0.620324
34445961 0.622078
34445772 0.627909
34440679 0.631516
34439710 0.647713
34437992 0.649054
34432985 0.653025
34424390 0.662206
34409350 0.669460
34405731 0.672784
34404152 0.674764
34400955 0.677380
34400250 0.697677
34398945 0.700523
34396820 0.705873
34396440 0.726943
34396131 0.732621
34396095 0.740059
34394894 0.747293
34394555 0.748239
34391556 0.751650
34387093 0.758527
34386752 0.762232
34386395 0.768622
34378669 0.777312
34378359 0.779598
34377754 0.781384
34377242 0.782190
34375814 0.796262
34375187 0.805626
34374904 0.807092
34374074 0.809652
34373983 0.819839
34373933 0.821003
34373131 0.837300
34371404 0.842450
34370766 0.848103
34370742 0.849883
34367133 0.873869
34366033 0.881109
34359092 0.896545
34358300 0.906729
34356356 0.928496
34354339 0.949195
34353294 0.959657
34353124 0.964238
34351947 0.976507
34351797 0.988958
34351450 1.000495
34351367 1.010192
34350075 1.040952
34349106 1.047204
34346878 1.048534
34345935 1.080985
34345442 1.097584
34343231 1.110215
34341693 1.117298
34340397 1.131849
34339745 1.135659
34334915 1.169724
34334589 1.185556
34329613 1.197193
34328429 1.261598
34328414 1.264200
34328129 1.268930
34327259 1.276041
34327104 1.276409
34326845 1.284277
34325527 1.303327
34323915 1.311309
34323671 1.315514
34323547 1.320490
34319937 1.326531
34319529 1.336540
34319408 1.343862
34319170 1.344381
34318020 1.356969
34316722 1.435903
34316647 1.441951
34316564 1.491141
34316050 1.495409
34315241 1.501048
34313482 1.512272
34313479 1.513856
34311102 1.527434
34310343 1.530129
34310051 1.533535
34309013 1.541526
34308673 1.549352
34308449 1.551072
34307692 1.579319
34307448 1.584708
34306601 1.587154
34305323 1.591320
34303031 1.605237
34300743 1.639165
34299928 1.640317
34295793 1.649395
34295456 1.672111
34287689 1.686826
34256215 1.696117
34255502 1.704055
34255413 1.725078
34255340 1.794023
34254820 1.803201
34254810 1.828439
34254761 1.844795
34254548 1.849046
34253475 1.857705
34252302 1.861450
34252191 1.882622
34252052 1.885291
34251723 1.933648
34250744 1.959259
34250365 1.961156
34250213 1.990778
34248424 2.003119
34246065 2.008066
34245293 2.029076
34245018 2.045118
34244771 2.070437
34243580 2.080220
34242473 2.083452
34242166 2.098357
34242150 2.101452
34241034 2.115503
34240521 2.122678
34240282 2.156124
34239711 2.173856
34239270 2.189830
34238769 2.191687
34238408 2.197776
34238328 2.214848
34237042 2.224552
34236895 2.275548
34236636 2.287044
34227445 2.311119
34226181 2.319248
34225752 2.324438
34225697 2.332875
34225615 2.334465
34225419 2.353943
34225081 2.360576
34224933 2.378312
34224664 2.385746
34223707 2.415176
34223591 2.455933
34222794 2.462586
34205191 2.475599
34183905 2.485311
34183058 2.506561
34178028 2.512174
34176617 2.527839
34176533 2.597305
34176368 2.603653
34174560 2.646041
34174412 2.669597
34173572 2.671879
34171559 2.679965
34170562 2.686958
34170407 2.688292
34162374 2.705183
34161108 2.716659
34161072 2.720268
34159964 2.720752
34159842 2.760097
34159712 2.764960
34159516 2.810242
34155867 2.843370
34155491 2.847282
34155489 2.858521
34153387 2.904926
34148969 2.920332
34148432 2.921808
34148408 2.935964
34146620 2.986607
34145706 3.003500
34145620 3.036088
34143838 3.148805
34143256 3.157113
34143252 3.192250
34142255 3.200779
34141582 3.207553
34141396 3.207895
34139854 3.209866
34139726 3.210175
34138630 3.220322
34138413 3.246080
34138168 3.251075
34137233 3.263523
34136895 3.285330
34136006 3.321562
34135154 3.331770
34133994 3.332589
34133621 3.335229
34133439 3.367126
34132823 3.367777
34132749 3.387294
34132731 3.423446
34132629 3.460546
34132290 3.501616
34132008 3.509040
34131751 3.515129
34131712 3.529454
34131075 3.594199
34129494 3.625652
34129268 3.630188
34128565 3.630621
34128493 3.644060
34127913 3.719215
34125934 3.789283
34125922 3.819779
34125867 3.830284
34125426 3.834804
34124481 3.871075
34122696 3.872591
34121632 3.893087
34120574 3.894980
34120249 3.907723
34119986 3.927333
34119971 3.930686
34119938 3.953481
34119860 3.958898
34119439 3.989756
34119370 4.178528
34118977 4.201759
34118026 4.215706
34117865 4.234260
34117777 4.445142
34117696 4.533233
34117459 4.578239
34116794 4.957641
34116681 4.968349
34114880 4.999795
34114837 5.028537
34112165 5.302945
34112035 5.346427
34111930 5.459620
34111443 5.569914
34111384 5.805126
34111127 5.926731
34109720 5.989082
34108487 6.005748
34108391 6.165072
34108384 6.258341
34106689 6.545058
34106623 6.653453
34106426 6.663665
34106241 6.739034
34105949 6.813624
34105758 6.840942
34105434 6.898446
34105266 6.981355
34104941 7.025586
34104071 7.061362
34102299 7.167212
34102038 7.253497
34101571 7.300811
34101446 7.358044
34100892 7.468421
34097849 7.513661
34097105 7.536203
34096969 7.627397
34096476 7.688740
34095937 7.746004
34095812 7.751438
34095811 7.870437
34095604 8.198598
34095270 8.316684
34095217 8.370388
34095186 8.427131
34094447 8.442612
34094423 8.461015
34094103 8.478399
34094062 8.800348
34093829 8.905243
34093687 9.009955
34093623 9.028928
34093501 9.468158
34093452 9.485762
34093264 9.686104
34091973 9.775319
34091956 9.781062
34091320 9.818774
34091185 10.025698
34091035 10.342727
34090449 10.439653
34090425 10.575773
34090417 10.839548
34089658 10.996455
34089027 11.320871
34088599 11.812656
34088433 12.038146
34087657 12.426564
34087373 12.501574
34087201 12.555777
34086281 12.748187
34086150 12.788420
34085786 13.146600
34085558 13.192831
34085159 13.678132
34085113 13.783756
34085018 13.905231
34084967 13.937440
34084931 14.024203
34084830 14.155706
34082968 14.352867
34082884 14.615248
34082259 14.665157
34080992 14.832044
34080831 15.041071
34079470 15.106987
34079458 15.206349
34079427 15.334120
34079336 15.524900
34078959 15.556733
34078833 16.151940
34074707 38.265485
34074206 38.277663
34074149 38.279207
34073945 38.286569
34073718 38.311819
34072552 38.316801
34072476 38.317528
34071661 38.351167
34071433 38.372015
34070059 38.387351
34069715 38.428975
34068114 38.434254
34068045 38.444432
34067594 38.466008
34067563 38.475183
34067117 38.482009
34066896 38.491957
34065808 38.500135
34065714 38.500831
34065585 38.555111
34065466 38.617897
34065233 38.618508
34064920 38.627454
34063774 38.630100
34063655 38.640579
34062856 38.641642
34062523 38.658847
34062260 38.682410
34059124 38.699028
34058155 38.706484
34056912 38.724049
34056820 38.788730
34056805 38.823056
34055892 38.832738
34055495 38.876007
34055367 38.890691
34055351 38.930526
34055068 38.930997
34054880 38.938933
34054029 38.987956
34054000 39.000128
34053280 39.020196
34053070 39.025509
34052500 39.028341
34052487 39.120345
34051674 39.126797
34050737 39.158243
34049788 39.173377
34049722 39.174222
34049493 39.214334
34044899 39.259757
34044252 39.288799
34042831 39.294622
34042240 39.297389
34042099 39.303285
34042044 39.324640
34042031 39.368130
34040669 39.394370
34036000 39.439225
34035819 39.448385
34035369 39.485112
34035325 39.510524
34034994 39.525617
34032764 39.556646
34032727 39.574723
34032690 39.586479
34032076 39.710732
34031349 39.726942
34031267 39.737682
34031148 39.751854
34030820 39.813741
34029025 39.870984
34028004 39.877640
34026759 39.885850
34025947 39.887389
34025464 39.931183
34025406 39.986547
34023913 39.990166
34023152 40.063438
34022641 40.129197
34020811 40.209190
34020251 40.218091
34018536 40.225999
34017415 40.227513
34017313 40.317620
34012899 40.405999
34012615 40.470554
34012388 40.487560
34011807 40.550192
34010607 40.575341
34010542 40.632825
34010529 40.644979
34009665 40.690620
34007536 40.691949
34007173 40.722572
34006991 40.731888
34006582 40.815643
34006402 40.844151
34006145 40.853554
34006134 40.855544
34004924 40.890878
34002584 40.896986
34002473 40.924656
34001514 40.985139
34001063 40.986372
34000961 41.030536
33999872 41.041438
33999870 41.085023
33999521 41.099048
33999335 41.106130
33998493 41.147807
33998418 41.173352
33997963 41.197473
33997781 41.210509
33997739 41.265170
33996826 41.370113
33996598 41.379347
33996308 41.405924
33995214 41.483506
33993643 41.491970
33993465 41.527637
33993305 41.614880
33992993 41.630771
33991431 41.760275
33990981 41.846431
33989384 41.884828
33989100 41.886318
33988975 41.888747
33988780 41.966065
33988678 41.985454
33988544 42.016437
33988327 42.025718
33987849 42.088081
33987570 42.218389
33987214 42.278523
33987096 42.315917
33986906 42.335975
33986456 42.364204
33986430 42.492206
33986182 42.660208
33986104 43.320405
33985959 43.519839
33985815 43.823682
33982203 44.084547
33982042 44.198385
33981925 44.211116
33981354 44.246481
33980985 44.271570
33980758 44.374604
33980701 44.403275
33980011 44.672379
33976969 44.675384
33976778 44.792322
33976544 44.858070
33976381 44.918990
33976033 45.034802
33975945 45.130536
33975554 45.282099
33975546 45.325601
33974351 45.415944
33973846 45.445300
33973501 45.616728
33972485 45.788650
33972153 45.918930
33971231 45.921434
33971172 46.034461
33970773 46.574893
33970769 46.813137
33970664 47.078850
33970407 47.442991
33969859 47.502657
33968566 47.554091
33968339 47.713382
33967301 48.272581
33966635 48.295123
33966501 48.379179
33966361 48.719399
33966197 48.919898
33965573 49.153324
33965385 49.352443
33965159 49.617632
33964999 50.594758
33964407 51.176580
33964267 51.699425
33964137 51.706189
33963979 51.730166
33963858 52.676953
33963856 53.097544
33963846 53.176257
33963800 53.327787
33963652 53.642978
33962670 53.929114
33962656 54.056356
33962504 102.663889
33962446 102.671129
33962250 102.805309
33961956 102.865476
33961400 102.886963
33961302 103.103273
33961148 103.142219
33960029 103.208459
33959692 103.424176
33959531 103.455194
33959411 103.460878
33959184 103.624463
33959064 103.641986
33959015 103.862608
33958389 103.918101
33957064 103.968546
33956813 104.002514
33956806 104.128433
33956582 104.179648
33956345 104.254800
33951560 104.715927
33951514 104.909121
33950771 104.936572
33950326 105.065678
33950101 105.364617
33946748 105.796867
33944978 105.809172
33944871 105.811995
33944676 105.958904
33944594 106.283029
33944565 106.374698
33943190 106.514109
33943092 106.675739
33942779 107.355064
33942572 107.404553
33942311 108.028226
33942186 108.180564
33942014 108.191728
33941932 108.507926
33941487 108.638978
33941321 109.057083
33941017 268.319384
33941014 268.337279
33940719 268.373361
33940531 268.378221
33940446 268.412778
33939355 268.426615
33939107 268.653252
33938912 268.687085
33938883 268.734688
33938834 268.735417
33938748 269.084042
33938693 269.582971
33938497 269.669571
33938312 270.066822
33937409 270.407695
33937183 270.476149
33937137 270.820979
33937009 270.843678
33936470 271.229916
33936289 271.498261
33935790 272.665132
