PROBLEM_FILE = /tmp/tsp/14018.tmp/sample.tsp
39975783 2.973869
39961184 2.973899
39958854 2.973909
39955949 2.973913
39939560 2.973921
39933239 2.973925
39882951 2.973937
39800917 2.973943
39796515 2.973954
39791096 2.973964
39788982 2.973968
39780954 2.973973
39776395 2.973985
39755033 2.973994
39740541 2.974000
39723977 2.974018
39721590 2.974022
39715209 2.974029
39700152 2.974033
39698393 2.974038
39689552 2.974056
39685386 2.974072
39672445 2.974089
39670680 2.974095
39664201 2.974109
39646580 2.974124
39644821 2.974131
39626711 2.974135
39609656 2.974147
39588365 2.974157
39580055 2.974162
39579193 2.974165
39577364 2.974169
39576427 2.974181
39571661 2.974185
39570630 2.974193
39569334 2.974198
39567794 2.974205
39565547 2.974210
39555434 2.974217
39551385 2.974224
39547425 2.974232
39520615 2.974240
39519592 2.974248
39514245 2.974251
39504086 2.974259
39499684 2.974263
39497928 2.974273
39490111 2.974287
39484778 2.974294
39479257 2.974300
39469339 2.974305
39446368 2.974317
39443058 2.974321
39437703 2.974326
39435246 2.974335
39434964 2.974338
39428381 2.974342
39424584 2.974347
39343487 2.974352
39342836 2.974355
39332982 2.974359
39331857 2.974362
39330490 2.974368
39317765 2.974374
39317052 2.974383
39311052 2.974387
39308891 2.974394
39306093 2.974397
39231143 2.974412
39230001 2.974417
39224811 2.974426
39184942 2.974439
39167296 2.974445
39137459 2.974467
39131889 2.974480
39078174 2.974490
39067270 2.974498
39057217 2.974502
39055397 2.974505
38952402 2.974509
38940237 2.974513
38822849 2.974516
38743679 2.974523
38735461 2.974529
38683567 2.974536
38676744 2.974552
38672381 2.974563
38667590 2.974569
38667469 2.974583
38646504 2.974588
38640910 2.974591
38623697 2.974603
38619741 2.974607
38554342 2.974619
38543717 2.974630
38534653 2.974634
38532192 2.974638
38527993 2.974648
38497911 2.974657
38480462 2.974668
38471295 2.974673
38462641 2.974679
38456936 2.974687
38455499 2.974693
38433784 2.974699
38428338 2.974712
38394376 2.974722
38370956 2.974734
38349390 2.974741
38332410 2.974745
38328711 2.974760
38319932 2.974769
38319335 2.974776
38312359 2.974780
38026462 2.974787
38024502 2.974811
38023524 2.974815
38015925 2.974822
38015453 2.974826
37979120 2.974838
37978286 2.974842
37971707 2.974847
37964900 2.974850
37952981 2.974854
37928368 2.974858
37899470 2.974873
37887427 2.974880
37884721 2.974885
37868765 2.974888
37856367 2.974894
37847754 2.974908
37792670 2.974921
37777691 2.974925
37757675 2.974940
37756042 2.974944
37755787 2.974948
37729830 2.974958
37724777 2.974966
37721663 2.974970
37714127 2.974978
37709107 2.974997
37684144 2.975014
37681383 2.975025
37667474 2.975029
37662675 2.975038
37604685 2.975046
37580353 2.975052
37570023 2.975055
37566105 2.975063
37563622 2.975067
37539457 2.975070
37532940 2.975079
37523889 2.975089
37512987 2.975094
37484054 2.975100
37474771 2.975113
37464682 2.975124
37136789 2.975132
37132222 2.975136
37066887 2.975154
37064317 2.975169
37055856 2.975173
37032839 2.975182
36968235 2.975186
36962948 2.975204
36958083 2.975217
36940527 2.975221
36915665 2.975226
36912913 2.975230
36891785 2.975240
36877994 2.975245
36877458 2.975248
36849736 2.975257
36845101 2.975334
36836551 2.975339
36830789 2.975351
36826767 2.975355
36826158 2.975358
36818096 2.975371
36786058 2.975385
36756039 2.975392
36753693 2.975419
36752040 2.975423
36747018 2.975426
36744682 2.975437
36739233 2.975446
36731848 2.975469
36731047 2.975473
36697021 2.975497
36696647 2.975501
36695749 2.975504
36669791 2.975508
36667505 2.975518
36665434 2.975522
36660926 2.975527
36656430 2.975530
36628576 2.975537
36624407 2.975541
36616584 2.975545
36616394 2.975549
36616288 2.975558
36579485 2.975569
36573157 2.975573
36551717 2.975578
36547743 2.975583
36372922 2.975587
36339499 2.975595
36328230 2.975606
36322097 2.975609
36317812 2.975621
36317744 2.975628
36317621 2.975632
36315800 2.975641
36303115 2.975656
36286733 2.975663
36285880 2.975668
36284483 2.975674
36261646 2.975694
36259216 2.975712
36255915 2.975721
36244102 2.975730
36228617 2.975738
36227539 2.975742
36227274 2.975746
36223178 2.975750
36218116 2.975780
36216032 2.975788
36188791 2.975819
36184535 2.975833
36180989 2.975840
36153717 2.975860
36143191 2.975869
36141571 2.975884
36099264 2.975910
36077077 2.975915
36076421 2.975936
36075224 2.975940
36060188 2.975949
36058288 2.975952
36057661 2.975971
36050405 2.975990
36036673 2.976004
36021241 2.976009
35987969 2.976012
35980754 2.976021
35681867 2.976034
35680918 2.976043
35496058 2.976063
35493518 2.976072
35429329 2.976076
35428215 2.976082
35192151 2.976097
35179722 2.976102
35171580 2.976108
35170572 2.976111
35169119 2.976176
35163331 2.976187
35161522 2.976192
35148727 2.976221
35148011 2.976225
35147659 2.976233
35144593 2.976244
35138072 2.976257
35063000 2.976266
35061003 2.976294
35058850 2.976300
35049810 2.976306
35044330 2.976319
35030359 2.976327
35004494 2.976340
35003363 2.976351
34920817 2.976357
34916399 2.976372
34897533 2.976378
34884966 2.976383
34882511 2.976388
34880288 2.976393
34878338 2.976403
34868462 2.976407
34866758 2.976411
34847229 2.976423
34847093 2.976427
34820130 2.976432
34808417 2.976438
34804454 2.976442
34804339 2.976445
34790301 2.976455
34779139 2.976459
34750546 2.976469
34458062 2.976479
34453283 2.976484
34415670 2.976490
34415418 2.976499
34412991 2.976503
34408679 2.976513
34406010 2.976517
34403254 2.976522
34395839 2.976528
34394734 2.976535
34391664 2.976543
34389868 2.976554
34385722 2.976559
34324639 2.976568
34314115 2.976579
34303199 2.976591
34258356 2.976600
34256987 2.976606
34250572 2.976609
34246369 2.976616
34214236 2.976620
34209989 2.976633
34206065 2.976637
34205593 2.976641
34202033 2.976644
34193607 2.976665
34158365 2.976691
34149191 2.976698
34147716 2.976702
34142104 2.976712
34132584 2.976718
34116572 2.976725
34107263 2.976736
34100502 2.976741
34097207 2.976745
34088184 2.976770
34087693 2.976775
34080114 2.976791
34079186 2.976796
34077256 2.976838
34072251 2.976844
34063136 2.976848
34062835 2.976852
34039424 2.976859
33601326 2.976865
33599936 2.976876
33589566 2.976880
33585601 2.976890
33533314 2.976906
33532033 2.976920
33530985 2.976924
33515492 2.976930
33512110 2.976943
33509136 2.976947
33508281 2.976951
33493556 2.976960
33491999 2.976964
33477063 2.976971
33432163 2.976981
33426023 2.976990
33402431 2.977007
33399208 2.977011
33395421 2.977060
33350497 2.977070
33338464 2.977083
33332083 2.977105
33331050 2.977128
33326371 2.977137
33320789 2.977146
33291028 2.977159
33288829 2.977163
33283261 2.977167
33258150 2.977184
33233282 2.977201
33231072 2.977208
33228807 2.977233
33215246 2.977245
33210115 2.977264
33198723 2.977269
33198589 2.977274
33196274 2.977284
33174038 2.977293
33169079 2.977299
33167545 2.977303
33165846 2.977314
33147563 2.977328
33138917 2.977338
33135315 2.977342
33133506 2.977350
33126355 2.977358
33124359 2.977362
33096723 2.977371
32808751 2.977387
32808743 2.977395
32801312 2.977401
32781816 2.977409
32780520 2.977420
32753829 2.977431
32739493 2.977435
32739406 2.977439
32737916 2.977442
32727642 2.977449
32725513 2.977459
32723541 2.977471
32709742 2.977475
32687098 2.977481
32673998 2.977505
32662982 2.977509
32662282 2.977515
32655994 2.977527
32394773 2.977546
32388581 2.977565
32387862 2.977568
32387570 2.977573
32377628 2.977577
32366214 2.977582
32336897 2.977594
32328167 2.977604
32325763 2.977612
32324404 2.977629
32323807 2.977636
32322421 2.977646
32314019 2.977655
32308253 2.977661
32282693 2.977680
32280779 2.977688
32279369 2.977717
32278706 2.977721
32251047 2.977749
32250424 2.977766
32250031 2.977771
32249748 2.977777
32240838 2.977793
32238304 2.977807
32230284 2.977819
32217406 2.977825
32209386 2.977830
32205390 2.977845
32184995 2.977853
32166978 2.977862
32155665 2.977866
32122975 2.977877
32120064 2.977881
32119644 2.977887
32118156 2.977891
32113570 2.977895
32101198 2.977901
32099787 2.977906
32099613 2.977912
32090193 2.977919
32089460 2.977923
32077848 2.978262
32077065 2.978271
32075873 2.978279
32075823 2.978284
32075215 2.978288
32071029 2.978325
32067089 2.978359
32060019 2.978367
32042805 2.978380
32042716 2.978384
32028224 2.978390
32027462 2.980214
32013936 2.985210
32013044 2.985233
32012518 2.985239
31846926 2.985246
31631528 2.985259
31163813 2.985279
31161107 2.985299
31161034 2.985303
31150877 2.985311
31149398 2.985320
31148017 2.985324
31091604 2.985342
31078646 2.985372
31064999 2.985376
31053231 2.985380
31045652 2.985385
31042437 2.985394
31036242 2.985408
31024438 2.985412
31017582 2.985425
30979751 2.985440
30974650 2.985447
30969998 2.985469
30968560 2.985482
30965900 2.985704
30956049 2.985713
30945707 2.985718
30893421 2.985731
30827901 2.985738
30825654 2.985752
30821192 2.985756
30818505 2.985761
30813819 2.985767
30805734 2.985773
30804249 2.985776
30797315 2.985780
30768387 2.985787
30674875 2.985801
30575477 2.985836
30560390 2.985847
30553410 2.985850
30550006 2.985854
30483029 2.985862
30481288 2.985880
30477848 2.985894
30475908 2.985909
30448974 2.985919
30448399 2.985923
30444705 2.985935
30419639 2.985958
30418720 2.985970
30400198 2.985974
30393908 2.985979
30190870 2.986045
30184740 2.986055
30183167 2.986065
30180629 2.986069
30162878 2.986088
30162678 2.986096
30160534 2.986100
30147203 2.986120
30139140 2.986124
30128454 2.986130
29752362 2.986134
29750003 2.986137
29736962 2.986142
29731706 2.986156
29729224 2.986162
29726389 2.986175
29724740 2.986183
29721695 2.986188
29721515 2.986192
29704510 2.986195
29697870 2.986200
29694498 2.986207
29677795 2.986216
29628027 2.986230
29627336 2.986239
29599330 2.986247
29591749 2.986250
29588739 2.986254
29586213 2.986268
29575939 2.986281
29575476 2.986286
29570424 2.986290
29567791 2.986299
29566101 2.986313
29564250 2.986323
29551767 2.986330
29549881 2.986333
29530433 2.986338
29507585 2.986342
29491516 2.986354
29489092 2.986362
29488918 2.986366
29488282 2.986369
29452606 2.986383
29443005 2.986399
29442482 2.986404
29441921 2.986411
29439879 2.986415
29424314 2.986420
29420884 2.986430
29413970 2.986435
29409017 2.986440
29402276 2.986444
29390744 2.986447
29390570 2.986458
29385609 2.986462
29385550 2.986474
29346695 2.986512
29339302 2.986547
29317765 2.986555
29317741 2.986558
29315330 2.986569
29311428 2.986576
29297186 2.986581
29289289 2.986587
29282410 2.986591
29278777 2.986599
29217390 2.986623
29213585 2.986628
29209149 2.986646
29188806 2.986656
29180257 2.986659
29165700 2.986667
29161072 2.986673
29159886 2.986682
29157794 2.986691
29156983 2.986704
29135160 2.986713
29129274 2.986720
29128919 2.986723
29117812 2.986731
29117097 2.986735
29111297 2.986739
29104663 2.986749
29093711 2.986754
29090143 2.986761
29085438 2.986769
29070761 2.986843
29057402 2.986856
29051535 2.986884
28944965 2.986914
28938255 2.987037
28876804 2.987056
28866911 2.987063
28862093 2.987066
28833789 2.987076
28827670 2.987085
28825678 2.987088
28817473 2.987102
28806499 2.987106
28760440 2.987110
28752114 2.987116
28752102 2.987120
28743968 2.987124
28739649 2.987128
28739084 2.987153
28729176 2.987157
28728882 2.987176
28718555 2.987181
28712860 2.987184
28652493 2.987202
28643274 2.987211
28637222 2.987220
28635870 2.987224
28635753 2.987227
28634745 2.987231
28622657 2.987239
28620650 2.987244
28616174 2.987249
28610552 2.987254
28604949 2.987257
28594952 2.987261
28590942 2.987266
28556286 2.987273
28524859 2.987280
28516704 2.987284
28515359 2.987287
28503348 2.987297
28498314 2.987301
28494586 2.987315
28485626 2.987335
28484846 2.987338
28463642 2.987349
28453158 2.987354
28426115 2.987361
28418701 2.987365
28395477 2.987386
28390572 2.987391
28381970 2.987401
28379785 2.987405
28376315 2.987411
28373622 2.987415
28372980 2.987419
28361038 2.987423
28344687 2.987426
28339508 2.987430
28338468 2.987439
28327915 2.987444
28309770 2.987451
28308958 2.987455
28308864 2.987462
28267560 2.987474
28258279 2.987480
28218139 2.987487
28216564 2.987491
28214948 2.987499
28214456 2.987516
28214349 2.987524
28183317 2.987528
28182539 2.987540
28176381 2.987545
28159112 2.987553
28158726 2.987557
28156666 2.987560
28156402 2.987563
28149587 2.987569
28148101 2.987572
28144754 2.987577
28139463 2.987581
28132410 2.987585
28132004 2.987589
28120509 2.987595
28120385 2.987598
28113311 2.987603
28110113 2.987609
28109162 2.987628
28106688 2.987634
28105977 2.987638
28099750 2.987647
28097886 2.987660
28091392 2.987670
28090692 2.987674
28089301 2.987683
28080189 2.987693
28079278 2.987697
28078060 2.987722
28077730 2.987728
28066011 2.987738
28064632 2.987743
28016510 2.987757
28010628 2.987764
28009577 2.987768
27926201 2.987785
27923732 2.987798
27923560 2.987805
27798607 2.987812
27689260 2.987823
27678433 2.987826
27667635 2.987836
27660486 2.987846
27647505 2.987852
27646686 2.987856
27631496 2.987864
27630552 2.987872
27630201 2.987876
27601203 2.987892
27581333 2.987898
27573316 2.987902
27560327 2.987910
27551973 2.987914
27551565 2.987917
27542331 2.987922
27536035 2.987930
27517639 2.987934
27504644 2.987946
27501390 2.987956
27496628 2.987962
27465555 2.987969
27455905 2.987973
27453218 2.987976
27447683 2.987980
27443370 2.987986
27440664 2.987990
27436645 2.987994
27435150 2.987998
27432007 2.988003
27424324 2.988011
27420744 2.988015
27408518 2.988024
27405591 2.988031
27387635 2.988036
27383315 2.988040
27364407 2.988044
27327594 2.988058
27302529 2.988064
27302079 2.988068
27294821 2.988081
27267102 2.988097
27266938 2.988101
27261672 2.988106
27258031 2.988120
27256195 2.988125
27252994 2.988128
27251189 2.988137
27242776 2.988140
27168528 2.988156
27165442 2.988184
27164748 2.988188
27163144 2.988192
27156026 2.988199
27155539 2.988205
27155375 2.988208
27125972 2.988211
27121778 2.988215
27121178 2.988223
27121002 2.988226
27118275 2.988230
27118225 2.988234
27117886 2.988237
27107999 2.988241
27106581 2.988246
27098859 2.988249
27097006 2.988253
27088515 2.988264
27086958 2.988269
27085640 2.988275
27082821 2.988279
27074125 2.988293
27071494 2.988307
27062006 2.988322
27042694 2.988328
27042558 2.988332
27036241 2.988335
26999495 2.988363
26998839 2.988369
26986282 2.988373
26967635 2.988378
26965693 2.988382
26954482 2.988385
26944213 2.988389
26934332 2.988400
26930922 2.988410
26929860 2.988413
26929490 2.988417
26924059 2.988430
26918036 2.988440
26912985 2.988447
26912960 2.988464
26856014 2.988482
26850452 2.988492
26850298 2.988497
26849322 2.988511
26837309 2.988517
26825354 2.988523
26823695 2.988532
26821295 2.988535
26818124 2.988555
26786342 2.988564
26782751 2.988575
26777850 2.988586
26770013 2.988590
26753454 2.988604
26749984 2.988609
26744867 2.988613
26743169 2.988617
26742750 2.988620
26738129 2.988625
26664308 2.988639
26659522 2.988667
26592683 2.988673
26370454 2.988682
26369744 2.988686
26340023 2.988696
26329667 2.988704
26327010 2.988714
26316645 2.988730
26308471 2.988736
26136710 2.988742
26131505 2.988774
26105658 2.988779
26102478 2.988784
26102419 2.988804
26098199 2.988818
26096144 2.988824
26091578 2.988827
26089147 2.988832
26078313 2.988840
26075047 2.988851
26069882 2.988863
26062204 2.988875
26022872 2.988880
26021933 2.988884
26014006 2.988887
26012776 2.988990
26012129 2.988995
26011090 2.989009
25996248 2.989015
25983248 2.989018
25971397 2.989022
25970636 2.989027
25970344 2.989034
25958114 2.989054
25943859 2.989058
25943009 2.989062
25941337 2.989075
25938906 2.989093
25935519 2.989106
25925781 2.989110
25913619 2.989116
25910403 2.989120
25909450 2.989130
25903053 2.989139
25872393 2.989145
25863757 2.989159
25859601 2.989181
25856865 2.989186
25815177 2.989200
25814490 2.989204
25809526 2.989212
25803641 2.989218
25797786 2.989221
25796926 2.989225
25773078 2.989236
25771555 2.989251
25764144 2.989260
25732444 2.989269
25721834 2.989274
25703341 2.989282
25699481 2.989285
25685131 2.989293
25661732 2.989302
25545616 2.989316
25518925 2.989328
25508980 2.989333
25486282 2.989344
25481942 2.989351
25466548 2.989355
25460950 2.989358
25457467 2.989363
25454831 2.989387
25453901 2.989403
25452800 2.989421
25447809 2.989432
25409263 2.989445
25408797 2.989450
25401971 2.989454
25349039 2.989459
25340376 2.989482
25340142 2.989486
25336205 2.989489
25319617 2.989493
25308060 2.989503
25306614 2.989537
25301484 2.989546
25282976 2.989551
25282173 2.989571
25281101 2.989576
25275827 2.989583
25275109 2.989587
25268423 2.989591
25250641 2.989606
25243994 2.989627
25241250 2.989647
25236919 2.989651
25230025 2.989654
25221549 2.989661
25220938 2.989667
25220354 2.989674
25216662 2.989678
25178777 2.989685
25168927 2.989690
25155599 2.989694
25144655 2.989704
25143874 2.989713
25140121 2.989722
25128646 2.989735
25120571 2.989748
25119198 2.989768
25115306 2.989786
25114876 2.989795
25114337 2.989802
25109126 2.989806
25085449 2.989866
25084261 2.989871
25081275 2.989875
25076065 2.989878
25066453 2.989882
25064423 2.989955
25063485 2.989989
25059000 2.989998
25058342 2.990003
25058122 2.990013
25054484 2.990018
25053436 2.990023
25039727 2.990032
25039160 2.990036
25034718 2.990040
25011796 2.990051
25011138 2.990062
25010838 2.990069
24998478 2.990090
24996717 2.990097
24994472 2.990105
24983749 2.990116
24980757 2.990121
24979745 2.990126
24978745 2.990134
24976347 2.990138
24972293 2.990142
24957763 2.990172
24955684 2.990232
24953768 2.990250
24945469 2.990391
24942998 2.990439
24942762 2.990456
24937019 2.990484
24930269 2.990491
24905546 2.990513
24900903 2.990518
24845950 2.990532
24845823 2.990536
24830517 2.990543
24824679 2.990584
24824115 2.990588
24819586 2.990605
24812309 2.990610
24801328 2.990626
24799156 2.990645
24794882 2.990655
24788922 2.990659
24777269 2.990664
24768230 2.990684
24766015 2.990735
24763163 2.990740
24759714 2.990752
24752949 2.990767
24748250 2.990771
24741500 2.990776
24732626 2.990780
24732127 2.990784
24727564 2.990789
24726408 2.990858
24724931 2.990876
24721905 2.990892
24699685 2.990912
24698193 2.990919
24695180 2.990932
24695038 2.990948
24683251 2.990983
24642878 2.991043
24639245 2.991075
24639224 2.991089
24636467 2.991103
24635579 2.991108
24628972 2.991113
24610055 2.991121
24606673 2.991124
24472949 2.991194
24466983 2.991209
24457771 2.991213
24456595 2.991218
24450598 2.991251
24449855 2.991255
24415795 2.991304
24413952 2.991313
24410562 2.991321
24354561 2.991334
24345112 2.991339
24341580 2.991343
24332874 2.991349
24332689 2.991353
24319493 2.991366
24318198 2.991372
24187045 2.991382
24184461 2.991395
24184078 2.991404
24181001 2.991417
24176130 2.991434
24172786 2.991462
24168619 2.991468
24167384 2.991472
24163824 2.991485
24116042 2.991505
24112550 2.991511
24102091 2.991515
24096065 2.991524
24094841 2.991530
24093363 2.991539
24071106 2.991565
24024045 2.991577
24023468 2.991605
24022818 2.991613
24022507 2.991617
23978412 2.991633
23965928 2.991637
23965162 2.991647
23951770 2.991677
23949353 2.991692
23949328 2.991708
23945645 2.991732
23943734 2.991749
23941744 2.991761
23941466 2.991776
23932311 2.991835
23932189 2.991866
23929696 3.004050
23906794 3.005120
23886998 3.005161
23884878 3.005219
23857977 3.005234
23855601 3.005269
23846316 3.005275
23838079 3.005407
23836287 3.005431
23834386 3.005459
23831340 3.005467
23831132 3.005471
23824721 3.005481
23824708 3.005487
23815976 3.005509
23812159 3.005515
23810031 3.005520
23809044 3.005525
23807467 3.005537
23800777 3.005541
23800195 3.005545
23790673 3.005552
23787380 3.005560
23784810 3.005566
23784109 3.005571
23783928 3.005586
23773597 3.005632
23763306 3.005646
23750539 3.005654
23745536 3.005658
23742215 3.005684
23740370 3.005696
23739629 3.005701
23739067 3.010202
23736101 3.010301
23735127 3.010327
23728668 3.010338
23727319 3.010344
23726146 3.010352
23725922 3.010356
23724132 3.010374
23723963 3.010395
23719347 3.010422
23715687 3.010426
23651072 3.010451
23644423 3.010457
23644405 3.010460
23618765 3.010474
23616636 3.010485
23595989 3.010489
23574631 3.010498
23570194 3.010506
23553776 3.010510
23553395 3.010513
23551111 3.010523
23547316 3.010538
23513509 3.010553
23506796 3.010569
23503508 3.010582
23503319 3.010590
23484504 3.010599
23482373 3.010609
23481454 3.010628
23477745 3.010633
23474682 3.010637
23473025 3.010695
23470043 3.010704
23469063 3.010708
23461991 3.010711
23457677 3.010740
23449469 3.010747
23443946 3.010833
23438430 3.010846
23437391 3.010871
23435191 3.010880
23425625 3.010929
23420810 3.010937
23420166 3.010941
23402608 3.010949
23400945 3.010981
23391634 3.010987
23390819 3.011014
23390147 3.011023
23379581 3.011052
23361259 3.011057
23359093 3.011066
23355785 3.011070
23355742 3.011079
23345460 3.011086
23342989 3.011107
23330840 3.011115
23311911 3.011120
23203379 3.011128
23198503 3.011139
23192120 3.011145
23163783 3.011165
23160698 3.011178
22715929 3.011200
22711142 3.011204
22706449 3.011212
22704851 3.011220
22686957 3.011229
22681766 3.011260
22680482 3.011297
22678977 3.011302
22678667 3.011315
22676688 3.011324
22674406 3.011336
22664409 3.011366
22624834 3.011372
22612824 3.011376
22607732 3.012502
22600700 3.012520
22595387 3.012528
22592579 3.012541
22590789 3.012549
22589599 3.012557
22588673 3.012567
22587741 3.012580
22535653 3.012590
22528843 3.012604
22527712 3.012650
22526706 3.012655
22521850 3.012662
22519746 3.012671
22517835 3.012675
22515490 3.012682
22499584 3.012687
22495015 3.012693
22484040 3.012697
22480750 3.012702
22476673 3.012706
22473671 3.012717
22472866 3.012768
22467822 3.013889
22467265 3.020523
22467220 3.026248
22462555 3.026507
22457741 3.026554
22457084 3.026558
22456740 3.026562
22442461 3.026614
22440452 3.026622
22437196 3.026626
22436392 3.026631
22370736 3.026636
22360960 3.026641
22353129 3.026645
22351040 3.026652
22350977 3.026671
22349480 3.026684
22348264 3.026693
22345414 3.026698
22344852 3.026708
22342629 3.026722
22339424 3.026727
22335971 3.026865
22214109 3.026886
22210897 3.026931
22198232 3.026937
22193254 3.026941
22086103 3.026979
22066845 3.026983
22066043 3.026988
22055643 3.027001
22046030 3.027011
22033327 3.027065
22033242 3.027070
22018703 3.027121
22011353 3.027127
22008830 3.027154
22008762 3.027159
21994198 3.027163
21992916 3.027177
21985580 3.027225
21962605 3.027237
21914952 3.027296
21902101 3.027470
21901800 3.027487
21900642 3.027511
21898381 3.027517
21898347 3.027523
21895650 3.027577
21886936 3.027586
21886741 3.027589
21883887 3.027593
21880210 3.027598
21871306 3.027609
21862882 3.027613
21861184 3.027617
21843365 3.027623
21842097 3.027627
21838434 3.027634
21837943 3.027638
21837463 3.027669
21833370 3.027673
21826572 3.027715
21825624 3.027721
21821022 3.027726
21820067 3.027730
21814739 3.027789
21814650 3.027812
21814525 3.027875
21801142 3.027885
21800293 3.027893
21794259 3.027910
21794067 3.027932
21789253 3.027936
21785665 3.027940
21774108 3.027954
21763487 3.027958
21761051 3.027965
21753406 3.027968
21748281 3.027990
21746481 3.028003
21744365 3.028015
21742553 3.028018
21742505 3.028022
21739551 3.028035
21739402 3.028040
21738977 3.028055
21737017 3.028059
21723473 3.028084
21720245 3.028090
21719696 3.028093
21717141 3.028097
21713257 3.028101
21711197 3.028110
21704693 3.028155
21695324 3.028184
21694874 3.028271
21694416 3.028360
21691282 3.028380
21690381 3.028386
21690379 3.028391
21689438 3.028397
21685194 3.028401
21684468 3.028405
21668678 3.028416
21666439 3.028421
21666065 3.028425
21665945 3.028435
21656038 3.028441
21620967 3.028457
21619445 3.028463
21617654 3.028509
21616080 3.028515
21613140 3.028519
21607680 3.028524
21606998 3.028633
21605267 3.028671
21601195 3.028675
21601083 3.028732
21600782 3.028817
21562824 3.028916
21558373 3.028921
21553098 3.028925
21544171 3.028929
21543577 3.028967
21539725 3.029025
21537248 3.029046
21536258 3.029055
21535125 3.029112
21532826 3.029131
21518953 3.032484
21518406 3.032496
21515774 3.032513
21512899 3.032518
21510324 3.032530
21509024 3.032534
21504650 3.032914
21498762 3.032920
21498374 3.032926
21489396 3.032963
21481040 3.033065
21471949 3.033072
21463522 3.033076
21463371 3.033080
21463275 3.033084
21462684 3.033093
21460461 3.033097
21451747 3.033105
21450521 3.033131
21443434 3.033134
21438545 3.033139
21435919 3.033142
21429469 3.033148
21429196 3.033192
21396106 3.033198
21391693 3.033270
21383304 3.033281
21382617 3.033286
21382254 3.059699
21353752 3.059718
21352042 3.059827
21346951 3.059831
21337280 3.059847
21333112 3.059851
21317452 3.059863
21288179 3.059907
21285623 3.059914
21285358 3.059940
21283760 3.059958
21283221 3.059976
21282071 3.060005
21268079 3.060013
21267918 3.060045
21261502 3.060056
21261470 3.060101
21255282 3.060107
21246442 3.060149
21243420 3.060198
21240450 3.060212
21205567 3.060222
21203101 3.060227
21192909 3.060231
21191780 3.060262
21190636 3.060272
21185090 3.060276
21185027 3.060293
21178848 3.060299
21175942 3.060303
21156923 3.060310
21151223 3.060317
21150956 3.060356
21144015 3.060374
21141645 3.060791
21140605 3.060797
21138039 3.060817
21124388 3.060912
21120401 3.060917
21117357 3.060921
21115667 3.060925
21115212 3.060928
21105375 3.060932
21103356 3.060937
21102880 3.060947
21100640 3.061446
21097395 3.061480
21097033 3.061822
21092302 3.062278
21071594 3.062293
21070278 3.062298
21068321 3.062302
21065688 3.062439
21059408 3.062457
21024616 3.062474
21022063 3.062483
21019378 3.062515
21017107 3.062627
21015950 3.134908
21015470 3.134955
21010725 3.134965
21000067 3.134989
20996769 3.135019
20938387 3.135033
20935377 3.135038
20933887 3.135147
20933409 3.141157
20933027 3.154927
20932665 3.155145
20931556 3.155170
20929829 3.155590
20913348 3.155628
20912971 3.155642
20911171 3.155648
20909764 3.155662
20906616 3.155669
20906603 3.155675
20867990 3.155698
20867856 3.155703
20867003 3.157310
20864207 3.157455
20860535 3.157461
20860161 3.157466
20855447 3.157475
20849025 3.157479
20836971 3.157493
20832789 3.223052
20831889 3.223078
20831883 3.223082
20831194 3.223091
20826154 3.223099
20820815 3.223106
20820803 3.223129
20818768 3.223315
20818225 3.223322
20816377 3.223327
20815389 3.298814
20815269 3.298833
20813046 3.298838
20812869 3.298849
20810992 3.298864
20800023 3.298890
20782355 3.298902
20779732 3.298944
20776667 3.298956
20775066 3.298988
20774761 3.298992
20772751 3.299062
20769458 3.299082
20763339 3.299093
20762947 3.299098
20689283 3.299116
20686925 3.307618
20680104 3.326334
20677327 3.326348
20676380 3.326362
20672513 3.326375
20670228 3.326394
20664177 3.326415
20661684 3.326421
20655244 3.326431
20649455 3.326436
20645264 3.326442
20638010 3.326466
20637905 3.326681
20635944 3.328873
20628549 3.328945
20626991 3.328955
20623804 3.328959
20620861 3.328989
20617647 3.329004
20617387 3.329009
20617095 3.329078
20613829 3.329086
20583558 3.329095
20580132 3.329218
20577680 3.329248
20577310 3.329335
20577258 3.329371
20575375 3.333063
20525155 3.340831
20518992 3.350151
20507661 3.350173
20507113 3.350192
20478531 3.350200
20476152 3.350224
20469148 3.350234
20466789 3.350239
20461155 3.350249
20460643 3.350291
20459162 3.350302
20457946 3.350308
20454046 3.350328
20451103 3.350335
20447682 3.352428
20441732 3.352448
20439654 3.352460
20434408 3.352465
20433263 3.352738
20423250 3.352756
20404564 3.352763
20401192 3.352769
20398509 3.352773
20352167 3.352807
20349290 3.352834
20334705 3.352838
20333178 3.352877
20331351 3.352943
20331337 3.352947
20329813 3.353031
20325949 3.353042
20325473 3.365850
20323555 3.366011
20314615 3.366018
20314477 3.366108
20311349 3.366121
20310942 3.366212
20308200 3.366226
20304343 3.366254
20292773 3.366330
20290937 3.366346
20290610 3.366352
20268225 3.366402
20254534 3.366413
20253860 3.366470
20149043 3.366480
20148186 3.366520
20145850 3.366535
20132440 3.366539
20131200 3.366546
20126967 3.366560
20125880 3.366565
20122730 3.366577
20122634 3.366608
20105691 3.366612
20103585 3.366615
20092164 3.366618
20092057 3.366648
20091109 3.366818
20088649 3.366844
20088435 3.366848
20084886 3.366852
20084493 3.366937
20082329 3.366943
20077158 3.367080
20076430 3.367086
20073516 3.367206
20071901 3.367212
20071411 3.367277
20067601 3.367293
20066226 3.367301
20064945 3.367327
20063516 3.367340
20054930 3.367347
20054820 3.367593
20054256 3.367599
20048993 3.367608
20047730 3.367615
20047562 3.367623
20046660 3.367628
20044399 3.367686
20043834 3.367690
20034224 3.367705
20034032 3.367737
20033352 3.367741
19981115 3.367768
19980630 3.367853
19978389 3.367873
19946234 3.367881
19944360 3.367892
19943887 3.368046
19943626 3.368170
19942927 3.368186
19942385 3.368231
19940560 3.368458
19940454 3.368466
19937310 3.368473
19935478 3.368479
19934881 3.368492
19932590 3.368923
19930684 3.368931
19926479 3.368939
19926298 3.369067
19908028 3.369087
19907234 3.369136
19903520 3.369144
19903463 3.369161
19892553 3.369183
19888908 3.369192
19888725 3.369201
19888460 3.369223
19885805 3.369242
19878275 3.369247
19877486 3.369330
19869333 3.369472
19711312 3.369537
19707810 3.369705
19704306 3.369893
19702504 3.369940
19700328 3.369991
19699333 3.370037
19698962 3.370082
19696433 3.370147
19683354 3.370792
19680618 3.370803
19672934 3.370821
19672257 3.370863
19658410 3.370867
19656224 3.370885
19652841 3.370939
19645212 3.370944
19639608 3.370977
19630605 3.371042
19626065 3.371059
19617359 3.371064
19607980 3.371073
19596834 3.371186
19590966 3.371203
19587363 3.371208
19586765 3.371218
19585782 3.371264
19582371 3.371270
19580615 3.371304
19575667 3.371309
19574377 3.371327
19568253 3.371388
19561481 3.371789
19560230 3.371832
19560206 3.372824
19560180 3.372834
19550752 3.372840
19550624 3.373031
19548822 3.373041
19546565 3.373046
19546375 3.373049
19544683 3.373062
19537471 3.373073
19537298 3.373221
19536753 3.373226
19534354 3.373241
19525159 3.373255
19522130 3.373259
19517309 3.373283
19515321 3.373289
19319612 3.373383
19319440 3.373425
19317114 3.373438
19311318 3.373486
19311238 3.373505
19304882 3.373568
19301784 3.375281
19300667 3.375310
19296307 3.375433
19293730 3.375446
19288413 3.375774
19285936 3.375780
19284714 3.376017
19284260 3.376039
19284230 3.376053
19280344 3.376070
19275682 3.376074
19273226 3.376090
19272039 3.376094
19271293 3.376100
19271218 3.376104
19269420 3.376108
19266298 3.376117
19264216 3.376151
19263711 3.376278
19262944 3.376419
19261268 3.376552
19261198 3.376565
19250230 3.376792
19249618 3.377039
19237391 3.377127
19230577 3.377132
19229226 3.377146
19228834 3.377362
19227879 3.377432
19224811 3.377560
19224041 3.377696
19223895 3.377891
19222756 3.377949
19213904 3.377958
19209497 3.377964
19209091 3.381445
19207300 3.381461
19206769 3.381663
19205213 3.381670
19200926 3.381674
19198298 3.398537
19198154 3.398553
19197254 3.398568
19195087 3.402830
19194224 3.410152
19194048 3.412295
19193447 3.412325
19192230 3.412341
19187964 3.412354
19187907 3.412359
19176503 3.416916
19176062 3.417028
19173771 3.417256
19168236 3.417322
19166589 3.417343
19160638 3.417917
19160358 3.417934
19153597 3.417944
19150210 3.417948
19149687 3.417952
19147711 3.417988
19131964 3.417992
19131377 3.417997
19130507 3.418948
19129794 3.418957
19127906 3.419172
19118217 3.419701
19114521 3.419725
19113059 3.419745
19112211 3.419749
19091418 3.419774
19089446 3.419778
19082605 3.419784
19082095 3.419800
19080752 3.419803
19079631 3.422705
19079596 3.422726
19078941 3.422744
19078367 3.422750
19075858 3.422771
19075551 3.423348
19075480 3.423696
19008588 3.423870
19008550 3.424032
19008054 3.424054
19006371 3.424080
19004697 3.425710
19004184 3.425721
19000993 3.425726
18997999 3.425732
18994831 3.425892
18994556 3.425951
18993510 3.425970
18992846 3.425990
18991345 3.425995
18990229 3.426018
18990227 3.426291
18971272 3.426301
18970243 3.426305
18969694 3.426335
18968940 3.426339
18968506 3.426382
18968151 3.426519
18968140 3.426551
18965083 3.426573
18958216 3.426775
18950348 3.426793
18949926 3.426886
18949807 3.426942
18947089 3.426957
18946299 3.426968
18946237 3.426972
18946156 3.426979
18945937 3.427033
18944122 3.428497
18943557 3.428608
18924499 3.430639
18920201 3.430652
18919678 3.430657
18919464 3.430666
18917893 3.430671
18915087 3.430926
18914588 3.430932
18909889 3.430936
18904122 3.430942
18902840 3.439593
18902828 3.439609
18901238 3.439853
18900989 3.446348
18896144 3.449285
18896009 3.449320
18894554 3.449324
18888453 3.449328
18888099 3.449343
18871478 3.449356
18871142 3.449416
18869641 3.454953
18868586 3.454978
18867956 3.454983
18867026 3.455031
18862370 3.455040
18856912 3.455060
18855977 3.455065
18855636 3.455143
18854591 3.455224
18854568 3.455240
18849713 3.455261
18845879 3.455773
18843878 3.455801
18842367 3.469463
18840629 3.469545
18832456 3.469563
18824485 3.469569
18821963 3.469574
18817680 3.469594
18805368 3.470619
18805154 3.470630
18800306 3.470795
18793599 3.471740
18791971 3.471748
18786609 3.471761
18785957 3.471803
18785054 3.472592
18784564 3.472611
18773680 3.472641
18772422 3.472820
18772226 3.473015
18766926 3.474508
18766465 3.474516
18756637 3.474535
18756526 3.474620
18754737 3.474971
18752574 3.474985
18741468 3.474989
18722724 3.475171
18688443 3.476630
18685764 3.476880
18678972 3.477519
18677467 3.477551
18676950 3.478803
18676460 3.479864
18656039 3.479872
18653497 3.479881
18652206 3.479904
18652086 3.480402
18651651 3.480852
18634983 3.480881
18634112 3.480910
18632395 3.480916
18631245 3.480922
18630774 3.480927
18629672 3.481804
18623632 3.481816
18619678 3.481824
18618601 3.481947
18618412 3.482032
18615207 3.482625
18612157 3.482722
18610777 3.482812
18609972 3.482824
18607973 3.482854
18607595 3.482978
18606143 3.482982
18604542 3.483019
18603960 3.483049
18603489 3.483080
18599813 3.484113
18599699 3.484163
18599693 3.484445
18579587 3.484452
18578847 3.484456
18578457 3.484640
18574373 3.484645
18574324 3.484671
18573379 3.484686
18545457 3.484695
18539442 3.484699
18539298 3.506855
18534837 3.506872
18531965 3.507522
18530287 3.508543
18529632 3.537363
18529058 3.537377
18528512 3.538478
18528297 3.538691
18526393 3.538698
18526251 3.538705
18524799 3.538717
18522823 3.538722
18522388 3.538727
18521036 3.538736
18518947 3.538741
18516736 3.538777
18515969 3.538784
18514753 3.538793
18514735 3.538800
18514667 3.538804
18509811 3.539861
18503870 3.539878
18494510 3.539883
18489933 3.539914
18479869 3.546088
18453334 3.546133
18451941 3.546263
18451843 3.546273
18451262 3.546309
18449126 3.546316
18448613 3.546322
18447783 3.546362
18447667 3.546371
18445779 3.546419
18445136 3.546423
18444908 3.546674
18444643 3.546959
18443625 3.547040
18443039 3.953724
18442950 3.953744
18441934 3.953857
18436550 3.955336
18434291 3.955365
18434133 3.955426
18431510 3.955437
18429855 3.955470
18428727 3.955479
18426064 3.955488
18423279 4.038678
18421412 4.038707
18420678 4.038787
18419939 4.038798
18419507 4.038815
18405924 4.055098
18400029 4.055117
18397363 4.056382
18397218 4.056882
18396847 4.223428
18396400 4.223452
18396293 4.223459
18383900 4.223469
18381995 4.223474
18381837 4.223590
18380570 4.223638
18379605 4.223718
18378504 4.223730
18370596 4.223798
18370419 4.223922
18370251 4.224491
18361997 4.225139
18358964 4.225198
18358393 4.225239
18358277 4.225755
18357876 4.225774
18340844 4.225877
18338412 4.225937
18336935 4.247108
18324569 4.247152
18322253 4.247160
18320490 4.247165
18315962 4.247293
18311597 4.247474
18310247 4.289183
18309349 4.289440
18309071 4.289446
18211178 4.330896
18204454 4.331477
18200961 4.331491
18200167 4.331502
18199835 4.332714
18198867 4.332723
18198409 4.332750
18196620 4.332768
18196430 4.334645
18195354 4.334662
18177010 4.335291
18175550 4.335298
18175368 4.335305
18173380 4.335326
18172976 4.335372
18172367 4.335406
18171539 4.342004
18155213 4.342021
18155116 4.342028
18153693 4.342095
18153580 4.342862
18152016 4.342901
18149370 4.342975
18148416 4.343018
18142581 4.343041
18140671 4.343069
18131814 4.343076
18127435 4.343084
18127148 4.343120
18125250 4.343209
18125182 4.343450
18123259 4.356022
18122759 4.356082
18120849 4.356093
18120210 4.357095
18115361 4.357166
18111456 4.357178
18110631 4.357222
18096086 4.357266
18094635 4.357301
17887480 4.358383
17882572 4.358418
17881773 4.358423
17880035 4.358429
17865565 4.358444
17865412 4.358467
17864756 4.358541
17864635 4.358726
17847514 4.359222
17846988 4.359235
17839468 4.359247
17834989 4.359901
17834476 4.822637
17834262 4.824245
17833588 4.824853
17833368 4.825022
17825915 4.825060
17823432 4.833569
17823340 4.833908
17821145 4.833973
17820458 4.833994
17812643 4.834004
17808450 4.834037
17807333 4.834041
17807108 4.834380
17804888 4.834469
17804132 4.834668
17802951 4.834750
17802641 4.843358
17802496 4.843402
17799893 4.843411
17797520 4.843485
17797373 4.844641
17796100 4.844676
17795853 4.845431
17794431 4.845443
17794152 4.845786
17793374 4.846104
17792087 4.846143
17791255 4.846467
17790108 4.846657
17789352 4.846683
17788570 4.847294
17788391 4.848991
17786460 4.849078
17778534 4.849122
17777417 4.849127
17777221 4.859528
17770834 4.859549
17767250 4.859891
17766766 4.871377
17766429 4.871401
17763356 4.871447
17762760 4.871455
17762672 4.871476
17760100 4.871501
17756108 4.871508
17755943 4.871513
17742750 4.871520
17741973 4.878126
17738488 4.878155
17736702 4.878166
17734326 4.878198
17732217 4.878214
17732211 4.878242
17732148 4.880830
17731586 4.883545
17731328 4.883575
17725374 4.883593
17724532 4.883748
17723763 4.883756
17723202 4.883874
17722303 5.555464
17721897 5.563306
17719663 5.803812
17716904 5.803867
17715138 5.804413
17714572 5.804466
17711968 5.804508
17708833 5.805765
17708177 5.805839
17689895 5.805846
17689338 5.806113
17688267 5.806126
17687661 5.806132
17687603 5.806197
17687471 5.806320
17687099 5.807034
17686946 6.014215
17686685 6.015330
17686571 6.021563
17686403 6.021585
17684962 6.047306
17684754 6.047702
17681929 6.047709
17681195 6.047772
17681167 6.083097
17681045 6.083207
17677011 6.083213
17676919 6.083216
17676161 6.105421
17676084 6.105553
17675571 6.105706
17674949 6.105916
17673901 6.638660
17671036 7.187531
17659282 7.188392
17648741 7.188421
17648019 7.188456
17645814 7.188461
17642272 7.188465
17640843 7.194121
17639817 7.194216
17634307 7.194235
17633381 7.194272
17632194 7.194276
17632097 7.194305
17629679 7.194749
17627840 7.194782
17622737 7.194902
17610182 7.194907
17609266 7.194924
17559870 7.198342
17559650 7.204922
17555355 8.528737
17555103 8.528759
17553992 8.530404
17553538 8.530518
17551438 8.531558
17546804 8.531577
17546540 8.531599
17546525 8.531604
17540902 8.531611
17534769 8.531623
17533446 8.531635
17532361 9.104611
17527756 9.104629
17524804 9.108951
17520663 9.108977
17519314 9.108982
17518736 9.118648
17517458 9.118679
17517039 9.118684
17513602 9.118687
17509602 9.118697
17508431 9.118709
17503472 9.118714
17502497 9.118733
17495073 9.118751
17493974 9.118842
17493492 9.118851
17488421 9.119228
17488280 9.119264
17486708 9.119570
17482983 9.119686
17481807 9.119763
17479003 9.119769
17478988 9.119784
17476007 9.119884
17475685 9.119889
17473349 9.119892
17472882 9.140518
17471233 9.161704
17467214 9.161849
17455580 9.161913
17455414 9.165406
17453629 9.165425
17433848 9.165692
17432376 9.165759
17429829 9.165769
17428446 9.190136
17427939 9.190180
17425980 9.190296
17422662 9.190301
17420470 9.190337
17415503 9.190613
17411560 9.190624
17409321 9.190632
17407238 9.190636
17405047 9.190654
17404321 9.190751
17401910 9.191754
17395387 9.191776
17395208 9.191815
17391994 9.191833
17390660 9.230904
17390508 9.230919
17389017 9.230985
17387525 9.231739
17387453 9.231763
17386095 9.231782
17385406 9.233345
17385102 9.233459
17384758 9.233465
17384466 9.233570
17384465 9.233595
17384256 9.233826
17383383 9.233894
17383249 9.233911
17380930 9.233952
17378931 9.233956
17378916 9.233962
17378490 9.254169
17378193 9.275011
17376426 9.287770
17375488 9.287786
17369843 9.287800
17368271 9.382342
17367236 9.415768
17366488 9.579066
17366473 9.600579
17362633 9.656002
17362189 9.656019
17362127 11.120347
17361329 13.929090
17361188 19.990070
17360194 20.763331
17358565 22.681271
17353903 24.008788
17352871 28.617743
17350789 28.617857
17349137 28.617866
17348326 28.617892
17347858 28.617905
17347830 28.621729
17347740 28.628784
17347722 28.629616
17347663 68.359135
17347653 84.459127
17346257 136.628695
17345762 138.889599
17345762 738.896251
