PROBLEM_FILE = /tmp/tsp/15030.tmp/sample.tsp
46050768 3.220097
46046496 3.220129
46038256 3.220133
46000276 3.220147
45970140 3.220155
45963604 3.220173
45952979 3.220177
45950484 3.220189
45939666 3.220201
45912765 3.220214
45899712 3.220227
45881745 3.220237
45854126 3.220244
45854055 3.220248
45851325 3.220251
45851152 3.220254
45831167 3.220264
45828494 3.220274
45828397 3.220278
45826411 3.220281
45403444 3.220290
45403399 3.220296
45382357 3.220299
45380033 3.220303
45379695 3.220313
45379613 3.220319
45372570 3.220328
45368136 3.220332
45367694 3.220350
45348931 3.220357
45341723 3.220361
45335609 3.220370
45292986 3.220376
45283419 3.220380
45258129 3.220385
45245144 3.220389
45231863 3.220394
45231309 3.220398
45226947 3.220408
45224945 3.220414
45221464 3.220432
45208737 3.220436
45206384 3.220440
45200649 3.220447
45200428 3.220452
45197958 3.220456
45195348 3.220460
45192058 3.220469
45181687 3.220481
45169015 3.220493
45167926 3.220504
45148346 3.220514
45143843 3.220520
45137255 3.220526
45074870 3.220532
45032034 3.220544
45031721 3.220552
45006866 3.220558
45001981 3.220562
44999944 3.220576
44988773 3.220584
44987060 3.220588
44973128 3.220594
44970429 3.220598
44965337 3.220612
44951700 3.220622
44943677 3.220635
44938347 3.220661
44933013 3.220667
44931591 3.220670
44922136 3.220682
44866370 3.220694
44853337 3.220698
44847931 3.220706
44847745 3.220714
44843508 3.220721
44838519 3.220724
44815408 3.220734
44806050 3.220739
44801937 3.220743
44793950 3.220752
44788834 3.220756
44741794 3.220761
44735231 3.220770
44724397 3.220778
44723363 3.220786
44694119 3.220800
44692996 3.220804
44672604 3.220810
44668659 3.220815
44652240 3.220819
44647140 3.220824
44643413 3.220835
44642613 3.220844
44627941 3.220855
44626148 3.220864
44623757 3.220867
44620801 3.220873
44587438 3.220877
44569696 3.220884
44567829 3.220889
44512014 3.220903
44289032 3.220918
44036306 3.220927
44020371 3.220936
44004480 3.220950
44003226 3.220955
44002336 3.220970
43691177 3.220982
43687374 3.220993
43676460 3.220997
43667639 3.221000
43650152 3.221003
43614488 3.221012
43600020 3.221017
43599796 3.221021
43598229 3.221033
43596828 3.221036
43585002 3.221042
43568267 3.221049
43565925 3.221058
43550407 3.221065
43545288 3.221069
43542791 3.221091
43541100 3.221172
43534100 3.221187
43495495 3.221198
43271373 3.221219
43259480 3.221222
43257380 3.221301
43254905 3.221314
43244556 3.221318
43231005 3.221328
43230770 3.221340
43226348 3.221343
43193531 3.221351
43186595 3.221361
43182362 3.221366
43154902 3.221392
43152540 3.221396
43122042 3.221456
43121351 3.221467
43117767 3.221470
43110914 3.221481
43106972 3.221502
43105890 3.221506
43092967 3.221537
43088134 3.221541
43080876 3.221567
43079501 3.221570
43072947 3.221590
43071958 3.221620
43058644 3.221670
43054351 3.221682
43054000 3.221711
43046355 3.221736
43044854 3.221740
43038350 3.221744
43018015 3.221750
42999131 3.221754
42996528 3.221760
42994891 3.221764
42981232 3.221768
42973180 3.221772
42972454 3.221776
42972180 3.221795
42951118 3.221810
42950426 3.221815
42051812 3.221819
42050747 3.221823
42050550 3.221841
42049408 3.221848
42046958 3.221855
42045336 3.221861
41949776 3.221899
41942037 3.221910
41930384 3.221921
41872047 3.221933
41845439 3.221940
41825787 3.221943
41821658 3.221947
41781530 3.221957
41781472 3.221961
41764060 3.221969
41763300 3.221989
41760192 3.221995
41734636 3.222004
41733840 3.222007
41718046 3.222016
41697706 3.222022
41669261 3.222027
41668826 3.222034
41660433 3.222045
41652671 3.222050
41644606 3.222057
41634757 3.222060
41627208 3.222071
41615098 3.222081
41614982 3.222087
41609760 3.222091
41597775 3.222095
41597174 3.222099
41581445 3.222103
41102555 3.222112
41098537 3.222116
41097981 3.222121
41089997 3.222133
41077974 3.222141
41067669 3.222153
41065059 3.222157
40992112 3.222166
40989806 3.222170
40984790 3.222173
40980875 3.222177
40972348 3.222184
40970420 3.222193
40970359 3.222199
40968624 3.222212
40967198 3.222215
40950725 3.222225
40950661 3.222229
40950167 3.222233
40945751 3.222239
40938144 3.222244
40916974 3.222258
40163112 3.222266
40141830 3.222283
40135884 3.222287
40118494 3.222306
40117498 3.222309
40116624 3.222313
40116237 3.222330
40115514 3.222338
40113165 3.222359
40103625 3.222392
40098452 3.222397
40009968 3.222406
40005883 3.222410
40005574 3.222435
40001799 3.222464
40001604 3.222476
40000846 3.222485
39975762 3.222496
39941487 3.222503
39934204 3.222522
39933278 3.222526
39901530 3.222538
39891807 3.222545
39816979 3.222554
39808979 3.222571
39803724 3.222580
39786305 3.222587
39779226 3.222605
39633034 3.222612
39632985 3.222618
39632940 3.222624
39630234 3.222628
39625344 3.222635
39598800 3.222641
39598669 3.222648
39597529 3.222652
39589000 3.222679
39583053 3.222688
39581182 3.222694
39577084 3.222697
39573851 3.222706
39540535 3.222714
39532115 3.222718
39497149 3.222726
39494286 3.222744
39488009 3.222748
39487257 3.222757
39486706 3.222763
39481898 3.222769
39476844 3.222776
39470438 3.222784
39460540 3.222795
39429412 3.222801
39419782 3.222805
39419156 3.222808
39417123 3.222813
39413803 3.222821
39412747 3.222825
39412742 3.222828
39389383 3.222834
39386963 3.222841
39364932 3.222857
39270875 3.222868
39261596 3.222872
39256477 3.222878
39242829 3.222886
39242122 3.222891
39241279 3.222897
39237460 3.222907
39224709 3.222912
39222759 3.222923
39217178 3.222929
39208008 3.222938
39193779 3.222957
39185306 3.222961
39169488 3.222973
38554479 3.222977
38522205 3.223002
38510417 3.223006
38500634 3.223023
38451366 3.223033
38433637 3.223041
38423892 3.223047
38421932 3.223051
38414742 3.223055
38413168 3.223063
38412517 3.223066
38409905 3.223073
38404177 3.223091
38403100 3.223099
38402121 3.223106
38394716 3.223112
38386394 3.223116
38378719 3.223120
38369847 3.223135
38320053 3.223144
38310948 3.223147
38251293 3.223173
38248968 3.223178
38239695 3.223181
38239274 3.223185
38235638 3.223189
38196689 3.223202
38193245 3.223213
38162474 3.223221
38154702 3.223230
38150923 3.223246
38149335 3.223261
38129151 3.223265
38122462 3.223276
38117048 3.223281
38061818 3.223284
38056740 3.223303
38002294 3.223309
37947941 3.223326
37943006 3.223336
37941425 3.223339
37940522 3.223428
37937479 3.223446
37930499 3.223450
37928952 3.223459
37924876 3.223467
37920288 3.223484
37899087 3.223495
37896504 3.223500
37887577 3.223513
37863100 3.223518
37850602 3.223522
37835915 3.223530
37835671 3.223541
37833214 3.223548
37832275 3.223552
37830605 3.223555
37812477 3.223572
37745981 3.223590
37656989 3.223644
37653397 3.223654
37648321 3.223659
37644980 3.223663
37628817 3.223720
37626792 3.223726
37624169 3.223730
37620666 3.223734
37620489 3.223740
37613220 3.223745
37606043 3.223753
37462567 3.223759
37452237 3.223765
37452175 3.223768
37452141 3.223773
37435033 3.223788
37431371 3.223799
37430822 3.223804
37428539 3.223813
37426486 3.223817
37424551 3.223833
37418898 3.223838
37402708 3.223858
37401308 3.223862
37399864 3.223878
37383331 3.223883
37379880 3.223889
37368504 3.223893
37360127 3.223896
37358862 3.223900
37358411 3.223925
37356365 3.223929
37347593 3.223937
37343823 3.223944
37343091 3.223953
37306813 3.223960
37293253 3.223965
37291696 3.224005
37291018 3.224014
37260676 3.224025
37252054 3.224037
37250919 3.224046
37247155 3.224052
37244866 3.224064
37244557 3.224068
37241479 3.224072
37238834 3.224075
37188089 3.224083
37165490 3.224097
37159857 3.224114
37156963 3.224117
37155966 3.224121
37135749 3.224141
37119038 3.224147
37105227 3.224152
37101941 3.224161
37090745 3.224164
37090195 3.224176
37080415 3.224181
37077036 3.224187
37076884 3.224191
37071611 3.224206
37064307 3.224211
37058392 3.224216
37053721 3.224228
37051938 3.224231
37033969 3.224242
37027685 3.224247
37022313 3.224252
36961744 3.224257
36960958 3.224263
36959737 3.224277
36936498 3.224313
36930117 3.224324
36930054 3.224327
36928197 3.224332
36905777 3.224339
36889598 3.224344
36885425 3.224350
36879530 3.224358
36864343 3.224366
36852305 3.224372
36848817 3.224383
36844878 3.224388
36835701 3.224394
36832914 3.224398
36566642 3.224409
36556671 3.224415
36551210 3.224418
36541349 3.224422
36528364 3.224429
36525646 3.224443
36483802 3.224447
36473756 3.224456
36466803 3.224474
36463783 3.224488
36458953 3.224495
36458766 3.224498
36451279 3.224503
36446190 3.224516
36406977 3.224522
36397348 3.224534
36387512 3.224542
36385256 3.224551
36383563 3.224568
36379561 3.224577
36379224 3.224589
36373784 3.224596
36369886 3.224600
36369441 3.224603
36362684 3.224617
36357269 3.224633
36353750 3.224637
36351737 3.224640
36344735 3.224644
36333402 3.224648
36332833 3.224659
36330254 3.224664
36328551 3.224671
36287847 3.224677
36285993 3.224680
36274834 3.224685
36271070 3.224688
36262246 3.224700
36257626 3.224709
36249954 3.224713
36239822 3.224716
36239735 3.224726
36237008 3.224729
36235160 3.224739
36232523 3.224755
36226656 3.224763
36213723 3.224770
36164309 3.224774
36163793 3.224778
36160923 3.224784
36160722 3.224788
36135243 3.224792
36126452 3.224804
36104147 3.224808
36103030 3.224817
36093891 3.224823
36090794 3.224831
36088951 3.224845
36088644 3.224849
35671405 3.224857
35668290 3.224861
35665933 3.224864
35665759 3.224868
35665752 3.224871
35665024 3.224876
35657383 3.224895
35652035 3.224912
35649293 3.224919
35645307 3.224924
35636279 3.224928
35620664 3.224936
35617855 3.224960
35613266 3.224971
35610950 3.224977
35609926 3.224984
35591651 3.224991
35569918 3.224995
35562272 3.225000
35561532 3.225013
35553772 3.225023
35550949 3.225032
35550911 3.225037
35278766 3.225041
35269823 3.225050
35269681 3.225054
35265710 3.225072
35265534 3.225080
35264430 3.225097
35259820 3.225103
35254917 3.225112
35248542 3.225130
35237638 3.225138
35230890 3.225143
35155335 3.225146
35153049 3.225156
35149490 3.225159
35138667 3.225169
35123409 3.225175
35116410 3.225183
35102112 3.225189
35085937 3.225197
35083697 3.225206
35074737 3.225210
35071005 3.225224
35065221 3.225235
35059646 3.225247
35053321 3.225251
35047922 3.225256
35035761 3.225273
35035199 3.225278
35009595 3.225289
35000699 3.225302
34987260 3.225312
34956069 3.225319
34953132 3.225328
34949766 3.225345
34941782 3.225351
34941348 3.225383
34932398 3.225388
34891346 3.225401
34872181 3.225407
34666106 3.225482
34653339 3.225489
34646345 3.225497
34622295 3.225525
34612789 3.225530
34605413 3.225535
34576708 3.225547
34526563 3.225567
34500095 3.225580
34493120 3.225592
34488962 3.225608
34487996 3.225611
34364256 3.225618
34341151 3.225625
34337562 3.225632
34333793 3.225635
34327245 3.225642
34320223 3.225649
33921527 3.225659
33916117 3.225662
33912838 3.225674
33891027 3.225686
33882782 3.225708
33869395 3.225714
33868255 3.225733
33844811 3.225746
33841229 3.225756
33836525 3.225760
33832330 3.225772
33828247 3.225775
33741472 3.225792
33693963 3.225811
33682294 3.225815
33651332 3.225818
33648673 3.225821
33640888 3.225833
33639148 3.225837
33635860 3.225841
33628180 3.225850
33613263 3.225856
33592157 3.225869
33567165 3.225883
33560965 3.225890
33550240 3.225912
33510549 3.225925
33464719 3.225929
33439956 3.225948
33428436 3.225952
33423344 3.225961
33413927 3.225966
33384066 3.225973
33379440 3.225976
33378000 3.225980
33374058 3.225983
33372877 3.225988
33369954 3.225991
33359083 3.226003
33336103 3.226030
33327984 3.226036
33318615 3.226046
33318578 3.226057
33299814 3.226084
33297502 3.226099
33297254 3.226102
33292861 3.226114
33282519 3.226118
33270118 3.226125
33266062 3.226132
33264260 3.226142
33241088 3.226150
33237319 3.226194
33230989 3.226202
33225670 3.226205
33219433 3.226212
33215659 3.226218
33203125 3.226235
33197094 3.226250
33160301 3.226266
33114265 3.226275
33094683 3.226286
33084203 3.226290
33035401 3.226305
33010097 3.226322
33007550 3.226326
32992786 3.226337
32982701 3.226341
32979519 3.226347
32959767 3.226378
32950410 3.226382
32928898 3.226387
32921322 3.226413
32919026 3.226417
32914949 3.226421
32914130 3.226424
32913156 3.226433
32910359 3.226439
32903190 3.226458
32900600 3.226462
32897685 3.226470
32875997 3.226489
32849877 3.226510
32823804 3.226525
32816348 3.226528
32814786 3.226532
32801103 3.226544
32792057 3.226576
32788601 3.226589
32784689 3.226593
32783999 3.226601
32759819 3.226608
32753815 3.226620
32744958 3.226627
32741493 3.226630
32715576 3.226660
32669521 3.226677
32649259 3.226681
32625018 3.226688
32623615 3.226695
32621123 3.226704
32618572 3.226707
32612084 3.226741
32604902 3.226769
32592470 3.226774
32563851 3.226782
32541796 3.226799
32538394 3.226805
32537319 3.226838
32489505 3.226844
32480507 3.226851
32476813 3.226855
32468314 3.226861
32457026 3.226868
32454925 3.226879
32454657 3.226886
32436958 3.226891
32421600 3.226913
32412426 3.226924
32409437 3.226938
32407979 3.226950
32404882 3.226959
32401668 3.226963
32399906 3.226977
32397321 3.226981
32378963 3.226985
32376781 3.226996
32374675 3.227000
32365664 3.227007
32365636 3.227011
32361461 3.227021
32359821 3.227026
32357042 3.227029
32353994 3.227040
32353749 3.227044
32353726 3.227049
32345120 3.227055
32341012 3.227064
32339131 3.227070
32332434 3.227077
32324180 3.227080
32323438 3.227084
32316070 3.227087
32310082 3.227091
32309045 3.227094
32294717 3.227100
32294556 3.227103
32294454 3.227109
32267772 3.227113
32261153 3.227130
32254220 3.227144
32233007 3.227153
32230927 3.227157
32207709 3.227160
32205735 3.227164
32204377 3.227174
32193600 3.227183
32183676 3.227193
32181844 3.227205
32173333 3.227209
32172899 3.227212
32172559 3.227216
32170766 3.227220
32150815 3.227238
32131814 3.227250
32123216 3.227254
32122407 3.227277
32116682 3.227281
32115994 3.227299
32114292 3.227305
32104443 3.227308
32102449 3.227313
32097193 3.227318
32087533 3.227321
32086356 3.227337
32085502 3.227344
32083964 3.227350
32061765 3.227358
32060201 3.227372
32058616 3.227404
32051827 3.227409
32050311 3.227413
32049987 3.227416
32047801 3.227420
32045425 3.227423
32043606 3.227427
32040497 3.227430
32028589 3.227440
32025691 3.227463
32017703 3.227471
32016976 3.227479
32015523 3.227484
32008892 3.227505
32006300 3.227509
32005361 3.227514
32002571 3.227523
31994436 3.227543
31988272 3.227547
31975027 3.227550
31972940 3.227566
31955434 3.227572
31954540 3.227576
31951238 3.227594
31948506 3.227598
31945812 3.227605
31945137 3.227614
31934228 3.227622
31926519 3.227639
31923920 3.227660
31911032 3.227666
31905898 3.227671
31903778 3.227674
31893556 3.227678
31890455 3.227686
31889684 3.227700
31868175 3.227704
31855785 3.227708
31840704 3.227724
31835305 3.227731
31783574 3.227769
31763605 3.227793
31762897 3.227801
31762379 3.227805
31761565 3.227833
31758955 3.227853
31756645 3.227857
31756098 3.227869
31752108 3.227883
31750403 3.227922
31734857 3.227928
31480468 3.227939
31453546 3.227943
31449545 3.227947
31438952 3.227951
31429481 3.227988
31405943 3.227992
31404318 3.228010
31402788 3.228015
31397427 3.228019
31391722 3.228024
31376022 3.228027
31373461 3.228032
31359325 3.228036
31353783 3.228065
31352793 3.228069
31349301 3.228076
31343958 3.228087
31338923 3.228103
31329122 3.228143
31321428 3.228147
31315323 3.228152
31245538 3.228156
31244701 3.228162
31241367 3.228168
31219201 3.228176
31214417 3.228180
31213945 3.228183
31207068 3.228217
31201643 3.228222
31200117 3.228235
31180256 3.228242
31164500 3.228259
31156784 3.228265
31152727 3.228286
31150821 3.228295
31149546 3.228301
31145820 3.228306
31140282 3.228387
31136371 3.228392
31120753 3.228398
31099447 3.228416
31099190 3.228421
31096052 3.228424
31090395 3.228435
31079421 3.228447
31061556 3.228459
31057498 3.228464
31050933 3.228483
31040283 3.228496
31037528 3.228511
31028503 3.228516
31021685 3.228524
31014094 3.228532
31012591 3.228567
31012086 3.228597
31011959 3.228600
31006576 3.228616
31001485 3.228620
30996895 3.228625
30996131 3.228632
30993808 3.228636
30991593 3.228639
30991469 3.228649
30990591 3.228653
30986728 3.228665
30982532 3.228682
30981516 3.228688
30978346 3.228695
30971128 3.228699
30971016 3.228711
30970114 3.228718
30968321 3.228727
30951196 3.228740
30948515 3.228755
30938598 3.229022
30932796 3.229028
30931967 3.229032
30929342 3.229036
30904969 3.229056
30904646 3.229068
30902544 3.229077
30898482 3.229113
30857041 3.229121
30855362 3.229125
30848850 3.229129
30846597 3.229149
30827234 3.229158
30826702 3.229167
30823022 3.229171
30822175 3.229179
30815055 3.229185
30812518 3.229188
30811666 3.229193
30808905 3.229203
30804311 3.229209
30804154 3.229213
30794003 3.229225
30792898 3.229230
30751560 3.229233
30748925 3.229241
30738005 3.229252
30737391 3.229262
30736775 3.229266
30682985 3.229282
30676494 3.229307
30670565 3.229311
30667414 3.229319
30667354 3.229352
30666174 3.229360
30664180 3.229367
30663293 3.229385
30662414 3.229392
30657703 3.229418
30653708 3.229441
30642446 3.229454
30612512 3.229458
30575454 3.229472
30575395 3.229476
30574813 3.229481
30567046 3.229487
30561122 3.229492
30552247 3.229499
30551661 3.229506
30549676 3.229510
30548665 3.229525
30547638 3.229577
30544438 3.229623
30542887 3.229628
30537541 3.229644
30516281 3.229661
30508267 3.229676
30491463 3.229683
30467031 3.229695
30452557 3.229702
30421284 3.229709
30418764 3.229712
30404010 3.229724
30402538 3.229735
30395188 3.229747
30383925 3.229752
30381922 3.229761
30377740 3.229767
30373047 3.229770
30358740 3.229774
30358611 3.229778
30357966 3.229795
30346776 3.229800
30326095 3.229804
30322889 3.229815
30318084 3.229832
30312881 3.229837
30306058 3.229840
30302553 3.229863
30293061 3.229867
30210430 3.229873
30210426 3.229931
30205378 3.229935
30200236 3.229941
30199063 3.229946
30188392 3.229965
30185504 3.229978
30181751 3.229985
30173757 3.229993
30171140 3.229997
30161404 3.230048
30159430 3.230060
30158572 3.230065
30147170 3.230070
30142405 3.230074
30141307 3.230094
30102997 3.230172
30101949 3.230178
30094802 3.230273
30069382 3.230289
30068373 3.230326
30068236 3.230351
30061326 3.230356
30046872 3.230360
30043309 3.230365
30015778 3.230383
29916167 3.230404
29912302 3.230408
29903322 3.230414
29901585 3.230417
29879075 3.230434
29874200 3.230438
29872801 3.230443
29861750 3.230454
29860055 3.230464
29855673 3.230468
29854194 3.230472
29851227 3.230475
29832229 3.230479
29774763 3.230485
29764972 3.230499
29762047 3.230509
29756447 3.230536
29753780 3.230539
29744037 3.230548
29723242 3.230565
29722401 3.230572
29676214 3.230583
29669882 3.230632
29659516 3.230636
29648067 3.230640
29636483 3.230646
29635012 3.230652
29633674 3.230656
29629583 3.230660
29621769 3.230664
29519730 3.230681
29514025 3.230688
29501867 3.230697
29499688 3.230702
29495812 3.230752
29486852 3.230757
29479116 3.230761
29445646 3.230768
29439736 3.230776
29433507 3.230780
29432575 3.230783
29391521 3.230788
29381320 3.230792
29371020 3.230795
29349791 3.230813
29348865 3.230819
29340758 3.230827
29340552 3.230831
29337142 3.230834
29332830 3.230847
29314863 3.230855
29314836 3.230859
29254370 3.230868
29245313 3.230881
29237403 3.230886
29215650 3.230892
29152143 3.230904
29141723 3.230908
29134686 3.230916
29128946 3.230921
29123805 3.230931
29113252 3.230935
29089579 3.230952
29086760 3.230959
29085908 3.230967
29081542 3.230995
29078762 3.231021
29078160 3.231034
29069723 3.231038
29067959 3.231042
29067550 3.231052
29063152 3.231069
29061034 3.231077
29058243 3.231104
29041875 3.231107
29036447 3.231113
29021100 3.231121
29004307 3.231142
28998129 3.231155
28991431 3.231168
28974047 3.231175
28958071 3.231183
28954661 3.231188
28953981 3.231195
28936086 3.231201
28934130 3.231205
28929196 3.231210
28929074 3.231213
28925664 3.231218
28922989 3.231221
28901281 3.231228
28898220 3.231231
28897121 3.231244
28895420 3.231248
28882938 3.231256
28867630 3.231272
28867025 3.231307
28862750 3.231314
28862191 3.231317
28861888 3.231320
28857927 3.231343
28857182 3.231353
28856017 3.231367
28854377 3.231374
28852108 3.231385
28823691 3.231390
28819872 3.231399
28817205 3.231403
28817089 3.231415
28816962 3.231439
28816883 3.231458
28814360 3.231467
28813183 3.231475
28615150 3.231487
28601714 3.231510
28600320 3.231517
28598419 3.231526
28598064 3.231530
28592045 3.231534
28588178 3.231558
28587773 3.231565
28582512 3.231568
28581321 3.231571
28579709 3.231590
28569967 3.231594
28569360 3.231597
28565906 3.231603
28556147 3.231606
28555635 3.231611
28549717 3.231634
28242253 3.231667
28238646 3.231676
28219509 3.231703
28213861 3.231714
28209741 3.231723
28208667 3.231726
28207994 3.231748
28067262 3.231762
28065030 3.231766
28064677 3.231769
28062202 3.231774
28061459 3.231783
28060028 3.231787
28057470 3.231796
28056960 3.231803
28053801 3.231808
28052385 3.231811
28024756 3.231815
28023869 3.231818
28020713 3.231887
28010852 3.231892
28009296 3.231901
28000716 3.231906
27996028 3.231920
27987298 3.231940
27964871 3.231977
27910850 3.232010
27908202 3.232015
27906356 3.232018
27899782 3.232025
27898969 3.232048
27859523 3.232058
27834029 3.232064
27821104 3.232079
27815336 3.232101
27812606 3.232181
27806182 3.232195
27803514 3.232225
27797850 3.232230
27792582 3.232233
27789661 3.232238
27786074 3.232242
27785905 3.232245
27777208 3.232249
27776142 3.232268
27774693 3.232272
27772948 3.232276
27760824 3.232285
27760465 3.232291
27751938 3.232300
27749382 3.232316
27749241 3.232323
27747245 3.232332
27744865 3.232337
27743908 3.232373
27734643 3.232378
27732000 3.232390
27710684 3.232404
27705294 3.232419
27704609 3.232422
27701646 3.232430
27701583 3.232436
27698269 3.232447
27692965 3.232453
27685394 3.232456
27681513 3.232478
27679146 3.232481
27676797 3.232501
27670486 3.232506
27646351 3.232559
27640704 3.232572
27636635 3.232600
27608529 3.232626
27603565 3.232638
27598404 3.232646
27588818 3.232664
27588704 3.232697
27584153 3.232711
27579377 3.232725
27578378 3.232756
27560405 3.232769
27557718 3.232774
27545316 3.232792
27544293 3.232808
27535485 3.232823
27527709 3.232834
27527009 3.232855
27524816 3.232859
27524447 3.232865
27518352 3.232869
27515077 3.232873
27512101 3.232877
27511944 3.232880
27511864 3.232914
27507749 3.232973
27506470 3.232978
27494798 3.232983
27489341 3.232996
27485963 3.233002
27485551 3.233011
27485532 3.233081
27484438 3.233099
27455961 3.233236
27451162 3.233241
27447492 3.233251
27447471 3.233260
27443562 3.233289
27434155 3.233305
27408177 3.233314
27269506 3.233322
27229478 3.233332
27130286 3.233352
27072970 3.233363
27058100 3.233377
27024201 3.233392
26997604 3.233407
26996907 3.233412
26992369 3.233416
26992364 3.233420
26975447 3.233425
26966452 3.233502
26941052 3.233514
26928835 3.233518
26926816 3.233523
26926270 3.233537
26899454 3.233548
26892223 3.233568
26880315 3.233573
26866795 3.233593
26861666 3.233603
26860991 3.233608
26860504 3.233620
26855942 3.233643
26330047 3.233652
26329944 3.233657
26319277 3.233684
26316606 3.233701
26307778 3.233714
26303734 3.233737
26289266 3.233742
26288605 3.233746
26288383 3.233752
26272353 3.233773
26253390 3.233777
26249263 3.233782
26174557 3.233787
25934068 3.233791
25707552 3.233800
25704071 3.233808
25683870 3.233823
25681868 3.233848
25681615 3.233867
25678637 3.233877
25649402 3.233890
25649021 3.233893
25648032 3.233903
25642217 3.233975
25641716 3.233980
25621268 3.234004
25615836 3.234009
25612662 3.234029
25608456 3.234033
25607967 3.234054
25607615 3.234067
25605853 3.234078
25594408 3.234104
25594032 3.234108
25591060 3.234118
25573254 3.234121
25572869 3.234148
25572559 3.234152
25403950 3.234160
25397707 3.234202
25386618 3.234209
25380734 3.234212
25379951 3.234243
25379432 3.234254
25376345 3.234319
25369083 3.234324
25364426 3.234331
25363652 3.234336
25362196 3.234341
25359537 3.234358
25355067 3.234369
25354083 3.234374
25352265 3.234386
25348326 3.234392
25305797 3.234431
25301091 3.234442
25293050 3.234449
25292268 3.234452
25283567 3.234458
25280566 3.234471
25278929 3.234480
25273889 3.234484
25270684 3.234488
25266332 3.234491
25266148 3.234495
25259699 3.234500
25254507 3.234541
25243655 3.234663
25240721 3.234669
25237376 3.234673
25232405 3.234679
25229862 3.234743
25221855 3.234790
25217113 3.234806
25216554 3.234811
25212393 3.234845
25212106 3.234860
25208684 3.234872
25200519 3.234883
25200463 3.234886
25197869 3.234905
25193720 3.234929
25188264 3.234935
25187159 3.234942
25185560 3.234964
25179574 3.234969
25178100 3.234977
25172646 3.234981
25171359 3.235017
25155984 3.235046
25155589 3.235050
25155302 3.235108
25153502 3.235114
25151990 3.235119
25151812 3.235130
25151527 3.235167
25147000 3.235192
25139534 3.235196
25121372 3.235265
25119641 3.235275
25111607 3.235281
25109268 3.235496
25109167 3.235610
25107192 3.235655
25106592 3.235659
25094865 3.235671
25088327 3.235677
24964606 3.235694
24964501 3.235705
24962402 3.235710
24959807 3.235731
24956610 3.235804
24956559 3.235808
24953726 3.236041
24948118 3.236063
24943460 3.236067
24943082 3.236078
24918347 3.236082
24898199 3.236119
24898192 3.236177
24898064 3.236182
24896445 3.236188
24895668 3.236209
24891537 3.236229
24889951 3.236236
24889686 3.236241
24885852 3.236250
24881754 3.236254
24870189 3.236257
24855135 3.236289
24852118 3.236293
24849228 3.236312
24848926 3.236343
24847726 3.236347
24842367 3.236351
24841365 3.236358
24837886 3.236362
24835727 3.236397
24834713 3.236407
24829292 3.236411
24827825 3.236419
24806309 3.236437
24800808 3.236441
24798949 3.236445
24797273 3.236464
24796755 3.236468
24791374 3.236475
24788206 3.236655
24784968 3.236668
24773461 3.236688
24766654 3.236692
24758089 3.236695
24756318 3.236723
24755971 3.236728
24754130 3.236741
24749185 3.236744
24744612 3.236760
24739908 3.236801
24735935 3.236807
24734684 3.236812
24731877 3.236822
24731359 3.236832
24730883 3.236835
24720195 3.236841
24719438 3.236852
24718189 3.236859
24717211 3.236867
24713751 3.236870
24713484 3.236876
24713415 3.236902
24710468 3.236906
24707953 3.236911
24699144 3.236916
24699109 3.236938
24697807 3.236941
24697318 3.236983
24691932 3.236992
24688618 3.236997
24688418 3.237313
24687094 3.237318
24682840 3.237322
24672867 3.237335
24667807 3.237339
24666144 3.237359
24664465 3.237405
24663305 3.237715
24660614 3.237770
24657803 3.237788
24643335 3.237805
24642794 3.237810
24634894 3.237817
24633836 3.237823
24441964 3.238058
24438365 3.238072
24437019 3.238089
24429580 3.238093
24422763 3.238100
24419288 3.238111
24396612 3.238132
24393991 3.238138
24388467 3.238292
24385857 3.238304
24384059 3.238319
24380913 3.238324
24376903 3.238332
23857062 3.238343
23830319 3.238348
23829587 3.238352
23824456 3.238371
23823032 3.238375
23816538 3.238379
23783211 3.238392
23773265 3.238396
23758027 3.238401
23749248 3.238409
23748194 3.238432
23745462 3.238436
23738633 3.238440
23738469 3.238449
23726249 3.238456
23723842 3.238463
23718364 3.238468
23254354 3.238473
23254202 3.238479
23245168 3.238502
23244379 3.238514
23236128 3.238685
23230184 3.238700
23227527 3.238704
23226899 3.238792
23224498 3.238798
23224157 3.238946
23222650 3.238951
23221762 3.238969
23219761 3.238992
23215631 3.239013
23214729 3.239117
23211549 3.239121
23195687 3.239137
23193696 3.239143
23186352 3.239153
23185289 3.239164
23185144 3.239171
23185038 3.239176
23182005 3.239182
23181798 3.239210
23178327 3.239215
23172216 3.239274
23066800 3.239293
23062881 3.239298
23062704 3.239302
23057262 3.239318
23051434 3.239326
23050661 3.239329
23047225 3.239341
23046517 3.239346
23046242 3.239371
23043789 3.239466
23041233 3.239498
23040383 3.239525
23040370 3.239532
23039539 3.239574
23034557 3.239580
23033357 3.239585
23030377 3.239589
23030350 3.239655
23028923 3.239676
23025760 3.239755
23025705 3.239851
23024644 3.239880
23024559 3.239996
23024154 3.240024
23021590 3.240079
23020940 3.240082
23019458 3.240123
23014732 3.240639
23011796 3.240646
23005950 3.240672
23001027 3.240677
22997604 3.240686
22997155 3.240709
22996186 3.240842
22996044 3.240879
22990689 3.240916
22985643 3.241129
22978749 3.241136
22978733 3.241139
22975076 3.244552
22972968 3.244564
22972589 3.244568
22969127 3.244820
22951075 3.244834
22940621 3.244839
22936711 3.244849
22933114 3.244855
22931479 3.244861
22916721 3.245194
22916534 3.245221
22906119 3.245238
22864903 3.245255
22855203 3.245259
22852177 3.245262
22846795 3.245266
22843308 3.245285
22836855 3.245323
22835720 3.245356
22830592 3.245363
22826191 3.245366
22817024 3.245373
22809648 3.245420
22803029 3.245432
22802372 3.245439
22789753 3.245443
22786519 3.245449
22785613 3.245471
22784391 3.245551
22780769 3.245557
22780506 3.245563
22777206 3.245566
22773130 3.245720
22773061 3.245763
22771676 3.246077
22770869 3.246085
22770800 3.246110
22756876 3.246115
22751915 3.246443
22748922 3.259365
22748507 3.259402
22744446 3.259747
22744099 3.259783
22739050 3.259791
22738199 3.259809
22738078 3.259825
22728730 3.259845
22724464 3.259852
22721038 3.259933
22717961 3.259940
22494809 3.260005
22493764 3.260009
22473880 3.260014
22460321 3.260043
22459283 3.260048
22424188 3.260054
22413879 3.260076
22413021 3.260130
22412476 3.260142
22411589 3.260159
22408924 3.260170
22408826 3.260179
22406912 3.260184
22402827 3.260191
22399024 3.260195
22397206 3.260206
22377875 3.260220
22367775 3.260226
22364975 3.260238
22364626 3.260244
22310574 3.260398
22308046 3.260411
22305135 3.260472
22303591 3.260574
22301666 3.260623
22300420 3.260838
22299302 3.260853
22288639 3.260870
22288365 3.260882
22288305 3.260907
22278344 3.260930
22276722 3.260939
22272053 3.260959
22268825 3.260963
22229349 3.261000
22227700 3.261004
22223885 3.261023
22223104 3.261029
22218742 3.261082
22209081 3.261132
22208513 3.261141
22203893 3.261209
22202329 3.261290
22194874 3.261295
22193602 3.261331
22190726 3.261371
22178844 3.261391
22173970 3.261412
22168762 3.261416
22167300 3.261431
22167219 3.261444
22066621 3.261453
22065594 3.261460
22064738 3.261473
22064236 3.261476
22063345 3.261488
22063244 3.261516
22062693 3.262065
22062486 3.262075
22062320 3.262108
22060210 3.262137
22057824 3.262180
22051849 3.262189
22050706 3.262206
22030602 3.262211
22028993 3.262215
22026346 3.262304
22024601 3.262312
22017061 3.262344
22015554 3.262365
22014128 3.262376
22010888 3.262381
22009307 3.262426
22008278 3.262479
22002448 3.262509
21997591 3.262514
21989862 3.262526
21985168 3.262595
21982168 3.262601
21981283 3.262606
21979328 3.262610
21969222 3.262624
21965209 3.262646
21960580 3.262675
21870237 3.262698
21870003 3.262707
21869195 3.262712
21864176 3.262716
21854973 3.264156
21843990 3.264166
21831895 3.264170
21829085 3.264173
21825806 3.264197
21825249 3.264242
21823664 3.264281
21816547 3.264285
21813156 3.264301
21809863 3.264306
21807297 3.264309
21786847 3.264319
21784831 3.264333
21783749 3.264337
21782607 3.264340
21776090 3.264345
21766701 3.264348
21764923 3.264561
21761429 3.265155
21701376 3.265167
21693961 3.265173
21666671 3.265222
21665681 3.265226
21663971 3.265231
21663548 3.265272
21653680 3.265318
21204531 3.265339
21201521 3.265350
21199528 3.265354
21198650 3.265358
21198646 3.265382
21196543 3.265396
21195984 3.265405
21191009 3.265409
21185742 3.265414
21184362 3.265424
21179095 3.265428
21177806 3.265433
21152138 3.265444
21142418 3.265447
21138287 3.265514
21134808 3.265519
21131418 3.265524
21129271 3.265527
21127829 3.265608
21096512 3.266145
21092880 3.266153
21090698 3.266166
21088380 3.266185
21086356 3.266199
21082614 3.266213
21082319 3.266218
21068888 3.266227
21068736 3.266235
21067552 3.266272
21067486 3.266392
21066215 3.266396
21065904 3.266419
20919633 3.266430
20916722 3.266434
20916141 3.266438
20915314 3.266454
20910653 3.266472
20908860 3.266487
20906935 3.266505
20906624 3.266509
20896500 3.266520
20824774 3.266534
20823172 3.266542
20822131 3.266546
20821587 3.266549
20819807 3.266566
20816615 3.266591
20814233 3.266643
20810540 3.266664
20801638 3.266692
20777501 3.266696
20769065 3.266717
20765129 3.266723
20764775 3.266731
20764749 3.266751
20761746 3.266773
20754273 3.266778
20751385 3.266841
20751299 3.266995
20750942 3.267500
20739961 3.267541
20739894 3.267580
20738703 3.267586
20738584 3.267725
20738367 3.276168
20737285 3.276191
20736903 3.276298
20736380 3.276334
20736068 3.276483
20734904 3.276491
20732790 3.276550
20730357 3.276554
20729827 3.276588
20729646 3.276597
20729356 3.276635
20728594 3.276679
20727686 3.276791
20727117 3.276795
20725868 3.276801
20725515 3.276923
20724889 3.276930
20723583 3.277511
20721904 3.278158
20721342 3.278601
20720307 3.278676
20719880 3.278680
20719078 3.280432
20712838 3.280453
20711799 3.280457
20708958 3.280496
20708462 3.280510
20704644 3.280529
20697941 3.280543
20696526 3.280571
20694604 3.280588
20694379 3.280657
20694104 3.280669
20689942 3.280676
20686280 3.280680
20682289 3.280690
20681081 3.280719
20679811 3.280858
20673620 3.285143
20673595 3.285209
20673106 3.285243
20672259 3.285251
20669115 3.285256
20669064 3.285260
20668677 3.285267
20666540 3.285298
20666217 3.285401
20664217 3.285426
20663562 3.285466
20663239 3.285482
20661999 3.285785
20657941 3.285791
20657326 3.285795
20655835 3.286535
20655153 3.286543
20655147 3.286548
20654037 3.286552
20653748 3.286571
20652368 3.286599
20652067 3.286609
20648017 3.286615
20646915 3.287571
20644280 3.289460
20643612 3.289517
20643355 3.290169
20641247 3.290732
20637406 3.293063
20637365 3.307088
20635665 3.309891
20624899 3.310819
20622471 3.310840
20613669 3.310844
20606307 3.310849
20604681 3.310863
20576465 3.310928
20575167 3.310933
20571204 3.311326
20571032 3.311331
20568994 3.311448
20568807 3.311454
20568806 3.317164
20568790 3.317931
20568639 3.317942
20568560 3.317945
20567580 3.317996
20566702 3.318009
20564902 3.318064
20564041 3.318070
20562940 3.318083
20540101 3.318113
20539310 3.318130
20538726 3.318138
20535606 3.318143
20535311 3.318154
20525671 3.318158
20525485 3.318194
20522522 3.318209
20521921 3.318221
20521627 3.318295
20518830 3.318305
20517285 3.318386
20516226 3.318391
20512812 3.318395
20511524 3.318402
20506438 3.318452
20501055 3.323036
20500910 3.323056
20492893 3.323072
20492198 3.323080
20485850 3.323084
20479564 3.323093
20478593 3.323177
20477551 3.323201
20477068 3.323212
20474927 3.323412
19742425 3.323469
19741448 3.323483
19740991 3.323496
19740331 3.323651
19740122 3.323984
19739620 3.323999
19737389 3.324139
19735343 3.324151
19732545 3.324719
19726615 3.324728
19724816 3.324736
19722107 3.324841
19721479 3.324852
19716398 3.324873
19716224 3.324884
19715189 3.324888
19712024 3.324938
19711053 3.324946
19707824 3.325008
19706985 3.325012
19702487 3.325025
19699374 3.325029
19697967 3.325040
19695548 3.325076
19695468 3.325097
19693479 3.325135
19691294 3.325139
19690035 3.325163
19684851 3.325171
19680677 3.325180
19678318 3.325185
19674835 3.325188
19673668 3.325215
19673152 3.325223
19669657 3.325227
19669506 3.325232
19643093 3.326041
19642541 3.326812
19642077 3.327071
19641596 3.327076
19635979 3.327168
19635949 3.327532
19635938 3.327569
19634978 3.327684
19630272 3.327699
19630203 3.327791
19629140 3.327826
19624031 3.327853
19623483 3.327859
19622638 3.327993
19622285 3.328012
19621693 3.328048
19621623 3.328052
19621195 3.328067
19619658 3.328079
19619493 3.328139
19617125 3.328799
19616203 3.328807
19616141 3.328811
19615482 3.328882
19614469 3.329363
19610812 3.329495
19606642 3.329611
19605250 3.332699
19602833 3.332774
19602756 3.333151
19600587 3.333155
19595278 3.333161
19589779 3.333170
19584937 3.333175
19584468 3.342422
19579182 3.342450
19578527 3.342484
19577562 3.342503
19572275 3.342508
19547197 3.342561
19547093 3.342572
19545630 3.342578
19543554 3.342593
19542433 3.342609
19536268 3.342638
19534678 3.342685
19532861 3.342737
19529991 3.344460
19527975 3.344469
19526311 3.344549
19518147 3.344572
19514135 3.344578
19511517 3.344597
19510975 3.344941
19507794 3.344962
19507412 3.344982
19504157 3.345262
19504042 3.345399
19503297 3.345447
19503272 3.345452
19499584 3.345544
19498186 3.352874
19496777 3.352914
19492814 3.353005
19492511 3.353013
19490917 4.150707
19486046 4.150729
19483827 4.150748
19483627 4.154984
19482279 4.164508
19482104 4.164532
19481496 4.164544
19477717 4.164649
19475959 4.164765
19475124 4.164776
19473479 4.164936
19470079 4.164941
19451664 4.164973
19445935 4.164978
19445760 4.165075
19445170 4.165126
19443007 4.166017
19427611 4.167602
19425427 4.167611
19414913 4.167651
19414181 4.167698
19406838 4.167806
19404781 4.167934
19403003 4.167938
19401711 4.168006
19401678 4.168024
19382445 4.194914
19368828 4.194948
19367693 4.195049
19365541 4.195079
19363799 4.195086
19362013 4.206486
19360243 4.206585
19355206 4.206631
19355052 4.206748
19354913 4.206778
19354790 4.207198
19351852 4.207236
19348032 4.207241
19345561 4.207295
19344629 4.207398
19344422 4.207407
19343856 4.207416
19340582 4.207706
19339165 4.207727
19331919 4.207784
19331049 4.207804
19327721 4.207814
19326145 4.207818
19323601 4.207894
19316725 4.207978
19315184 4.207985
19300956 4.207999
19290537 4.208003
19257991 4.208007
19256174 4.208012
19249249 4.208232
19246014 4.208254
19243905 4.217192
19221308 4.217219
19221239 4.217257
19219649 4.217268
19217465 4.217274
19216978 4.217351
19216767 4.217383
19215192 4.217623
19215047 4.217797
19073332 4.358672
19073093 4.358690
19072185 4.359569
19066884 4.359580
19066771 4.359670
19066070 4.375246
19065896 4.375315
19064324 4.375363
19064123 4.375416
19063913 4.376078
19059655 4.376093
19045254 4.376108
19044801 4.376386
19023189 4.376407
19022723 4.376428
19022043 4.376786
19004475 4.376895
19003666 4.379189
19003000 4.379799
19002632 4.379989
19001686 4.397915
19001559 4.402469
19001184 4.402564
19000702 4.403661
18997658 4.404485
18995843 4.404516
18985923 4.421097
18982873 4.422521
18980669 4.422533
18979884 4.422543
18966878 4.422587
18966328 4.422592
18966317 4.422598
18966087 4.431663
18829099 4.438670
18825717 4.438709
18820590 4.438721
18819566 4.438847
18819406 4.438928
18812528 4.438993
18804222 4.439000
18804106 4.439034
18803371 4.439040
18801721 4.439179
18801516 4.439246
18800468 4.439331
18799192 4.439851
18794840 4.439923
18794235 4.440003
18793260 4.440036
18789660 4.440100
18786715 4.440212
18784922 4.440238
18783769 4.440281
18783345 4.440740
18781032 4.440768
18776741 4.440780
18770823 4.440799
18770104 4.440942
18768915 4.440953
18703448 4.442452
18701969 4.442493
18701524 4.442629
18700336 4.442920
18699313 4.443022
18697990 4.443085
18689133 4.443698
18688485 4.443765
18687664 4.444183
18683258 4.444313
18682487 4.458510
18676794 4.459577
18660638 4.459593
18655568 4.459606
18648392 4.514292
18648232 4.606655
18641144 4.607229
18640440 4.607307
18638457 4.607311
18635181 4.607316
18628766 4.607341
18626057 4.607346
18623393 4.607350
18623011 4.607910
18622871 4.608226
18620095 4.608430
18606168 4.608436
18601998 4.608501
18598757 4.608939
18598374 4.609221
18593774 4.609227
18590460 4.609247
18589710 4.609259
18589623 4.609472
18589433 4.609781
18588733 4.609787
18581927 4.609814
18578939 4.609821
18578641 4.609834
18571086 4.609903
18563877 4.617205
18559329 4.635962
18558494 4.636013
18557358 4.642712
18556419 4.642742
18556094 4.642748
18551388 4.643262
18550636 4.643270
18544401 4.644391
18539550 4.662003
18537640 4.662072
18535301 4.950917
18529946 4.951143
18529470 4.959446
18528935 4.959484
18527802 4.962115
18527588 4.962140
18526963 4.962149
18521333 4.962161
18514906 4.966341
18513868 4.966355
18513409 4.977420
18513086 4.977463
18513023 5.115533
18512475 5.115570
18511828 5.115575
18508029 5.115609
18493127 5.115782
18492469 5.115817
18488369 5.116551
18487493 5.116827
18487357 5.117247
18482435 5.117393
18475717 5.117434
18474179 5.117452
18473499 5.117475
18473189 5.117482
18463561 5.117486
18460022 5.117489
18459457 5.117583
18453213 5.117598
18452088 5.117604
18452003 5.117750
18450053 5.117757
18449805 5.117760
18448963 5.118795
18437096 5.122015
18437028 5.690447
18436545 5.690560
18436093 5.690591
18434828 5.690614
18426382 5.690704
18425988 5.695320
18425498 5.695427
18424525 5.695434
18424246 5.696506
18416029 6.270400
18415988 6.458943
18413463 6.459412
18412428 6.459698
18405204 6.479408
18403664 6.479627
18403375 6.480876
18402232 6.480926
18401610 6.480953
18400631 6.480963
18399673 6.488457
18396501 6.574512
18395750 6.576196
18394719 6.576239
18372744 6.577205
18371311 6.577346
18371273 6.577531
18362350 6.577536
18358521 6.577710
18357312 6.577716
18354137 6.577727
18352920 6.577810
18351413 6.578983
18351325 6.580857
18350535 6.580898
18348170 6.580946
18348030 6.581082
18345539 6.581178
18345089 6.900404
18345042 6.900716
18343823 7.708168
18339904 7.708212
18339197 7.708273
18338022 7.708297
18330913 7.708319
18329528 7.708511
18327789 7.708635
18327614 7.813049
18327477 7.815547
18326590 7.819731
18326133 7.819751
18326053 7.824523
18325482 8.171967
18324748 8.226174
18322171 8.226191
18321846 8.226199
18321525 8.382833
18320731 9.396766
18319953 9.399182
18316749 9.404749
18312640 9.404879
18312146 9.405003
18309628 9.455001
18308896 9.455038
18299769 9.455092
18296491 9.455393
18295773 9.456986
18292954 9.457118
18292417 9.457161
18291837 9.457186
18290898 9.457207
18287998 9.457211
18287945 9.457309
18287842 9.457321
18286587 9.457360
18285239 9.457454
18284912 9.461240
18284082 9.461315
18282683 9.461492
18278976 9.462871
18274921 9.462952
18268309 9.462991
18267615 9.462997
18267577 9.465982
18266030 9.466373
18265284 9.466389
18265273 9.466397
18265196 9.466412
18260652 9.466418
18259454 9.466443
18257319 9.466448
18256078 9.466455
18255475 9.467618
18253873 9.467642
18252370 9.698798
18250375 9.699066
18249225 9.769087
18248650 9.770851
18248517 9.773850
18244221 9.773875
18242868 9.775007
18235845 9.775015
18235415 9.965500
18235235 9.965544
18232944 9.965599
18232859 9.975175
18232699 9.975260
18232461 9.982220
18232172 9.989471
18231695 9.989829
18230857 9.992063
18230682 10.084297
18228662 10.126592
18228274 10.204185
18228102 11.034404
18227109 12.225924
18225855 12.226232
18225245 12.226248
18225027 12.226255
18223878 12.226615
18223189 12.227581
18223185 12.228015
18222505 12.229199
18221522 12.409248
18220840 12.410028
18215639 12.410362
18215595 12.411080
18214371 12.645990
18213129 12.646005
18204556 12.646014
18201269 12.894247
18197677 12.894372
18196916 12.894410
18191769 12.894443
18186849 12.894454
18186210 12.894461
18183242 12.894476
18182603 12.894483
18178250 13.722317
18177415 14.151892
18176617 14.152053
18176456 14.152059
18174754 14.152074
18174304 14.152103
18171445 14.748084
18170476 14.748106
18170328 14.748112
18170263 14.748285
18167991 14.748468
18167564 14.748591
18167439 14.748637
18166859 14.748641
18161218 14.748675
18160224 14.748896
18160208 14.762583
18160144 14.762910
18158110 14.763158
18157571 14.763172
18157407 15.183983
18156099 15.184107
18154865 15.743947
18154783 15.743972
18154649 15.743982
18154331 15.743987
18154069 15.743994
18153896 15.747405
18153228 15.747530
18152807 15.911369
18152518 15.965087
18152416 17.656578
18150767 19.200336
18150723 19.897578
18150217 19.897598
18149833 21.796429
18149824 21.800393
18149802 21.800534
18148280 21.800597
18146067 21.800603
18146034 24.295148
18145965 24.295210
18145334 32.570598
18144875 36.685562
18144210 36.736869
18142944 36.736885
18142518 36.742224
18142378 38.941223
18142238 38.941248
18141442 39.436949
18141164 40.717466
18141163 40.717490
18140420 40.719021
18139705 40.719327
18138629 41.104207
18138491 45.868474
18138271 48.228469
18136548 48.228490
18136511 69.351334
18136411 69.375961
18135962 70.252067
18135829 71.016931
18134702 71.016948
18134614 71.037225
18134370 76.695799
18133889 76.788828
18133464 76.790621
18133268 76.830791
18133038 76.831602
18132725 78.631927
18132667 78.951421
18131780 110.334354
18131434 123.771153
18131405 195.958735
18131059 196.507948
18130900 368.169976
18130757 404.082999
18130757 1005.416347
