PROBLEM_FILE = /tmp/tsp/25641.tmp/sample.tsp
49445049 6.054730
49443254 6.054771
49439189 6.054779
49416800 6.054792
49416733 6.054807
49412102 6.054812
49408664 6.054821
49405970 6.054825
49404176 6.054830
49399486 6.054835
49388612 6.054841
49372605 6.054850
49366396 6.054854
49351650 6.054859
49321048 6.054868
49319850 6.054879
49312432 6.054883
49303751 6.054963
49297653 6.054968
49274725 6.054977
49250559 6.054990
49234657 6.054998
49219816 6.055003
49211036 6.055006
49202430 6.055013
49194724 6.055020
49183150 6.055026
49157143 6.055033
49154551 6.055037
49148890 6.055040
49146759 6.055044
49141014 6.055047
49140419 6.055052
49140356 6.055065
49128567 6.055087
49123523 6.055094
49118149 6.055097
49109329 6.055103
49101869 6.055107
49088063 6.055121
49060704 6.055127
49060323 6.055130
49053105 6.055133
49043545 6.055137
49040862 6.055143
49038254 6.055150
49011412 6.055162
49010556 6.055166
48987079 6.055169
48986801 6.055173
48966177 6.055178
48962912 6.055182
48957853 6.055187
48955420 6.055198
48943707 6.055202
48942406 6.055205
48941903 6.055209
48934002 6.055217
48931773 6.055221
48928075 6.055225
48926982 6.055229
48926103 6.055232
48925188 6.055236
48923406 6.055240
48911411 6.055248
48745114 6.055259
48740602 6.055266
48738052 6.055285
48734173 6.055289
48726061 6.055293
48718951 6.055297
48717808 6.055323
48713691 6.055333
48534741 6.055349
48526850 6.055366
48525619 6.055372
48520602 6.055377
48513168 6.055385
48497359 6.055393
48374752 6.055407
48357997 6.055421
48336119 6.055426
48323797 6.055452
48298796 6.055464
48294248 6.055476
48290592 6.055479
48285460 6.055483
48282686 6.055492
48258978 6.055501
48255031 6.055506
48253292 6.055511
48248856 6.055516
48235997 6.055523
48222238 6.055538
48221238 6.055547
48220892 6.055550
48201985 6.055562
48201741 6.055566
48193518 6.055573
48178049 6.055581
48157173 6.055590
48155080 6.055594
48152196 6.055597
48152138 6.055606
48151687 6.055620
48139027 6.055629
48134959 6.055637
48133236 6.055650
48132829 6.055655
48132495 6.055660
48129250 6.055663
48125178 6.055667
48112642 6.055671
48111820 6.055674
48109109 6.055680
48106082 6.055683
48096111 6.055694
48079437 6.055698
48079299 6.055706
48078863 6.055710
48072591 6.055725
47797157 6.055735
47794947 6.055741
47786012 6.055745
47774075 6.055751
47773387 6.055754
47768665 6.055766
47758652 6.055776
47758227 6.055783
47752323 6.055788
47751678 6.055793
47731797 6.055809
47714879 6.055817
47698186 6.055821
47692341 6.055825
47685017 6.055846
47673545 6.055856
47670079 6.055892
47648678 6.055905
47642749 6.055915
47642651 6.055918
47634674 6.055921
47628305 6.055925
47628229 6.055932
47614977 6.055964
47610556 6.055971
47605237 6.055975
47597929 6.055980
47594750 6.055987
47587636 6.055998
47581982 6.056009
47539430 6.056016
47537280 6.056031
47535174 6.056046
47529511 6.056050
47513862 6.056057
47512797 6.056064
47509839 6.056074
47498542 6.056095
47347349 6.056109
47048716 6.056118
47032644 6.056127
47021624 6.056171
47000644 6.056180
46932738 6.056195
46926882 6.056199
46924835 6.056202
46924053 6.056206
46914683 6.056213
46876677 6.056225
46828395 6.056246
46817641 6.056251
46810471 6.056255
46790898 6.056270
46790340 6.056274
46787961 6.056277
46785219 6.056305
46784830 6.056311
46713579 6.056328
46710896 6.056341
46704091 6.056346
46700784 6.056349
46700679 6.056394
46624177 6.056403
46620531 6.056408
46617837 6.056418
46617053 6.056422
46610487 6.056427
46606679 6.056432
46605616 6.056435
46604906 6.056439
46597509 6.056453
46596172 6.056458
46574072 6.056469
46572277 6.056472
46553980 6.056478
46552671 6.056495
46551770 6.056499
46548868 6.056508
46547930 6.056512
46540681 6.056517
46538092 6.056525
46531571 6.056530
46530062 6.056539
46529121 6.056548
46526759 6.056556
46523496 6.056562
46520222 6.056573
46518401 6.056590
46515235 6.056594
46514663 6.056598
46513502 6.056615
46511721 6.056618
46511258 6.056622
46501730 6.056634
46490607 6.056638
46485592 6.056643
46483346 6.056648
46479555 6.056652
46466287 6.056660
46449621 6.056666
46448710 6.056677
46443818 6.056686
46442280 6.056695
46441892 6.056699
46436941 6.056705
46430185 6.056721
46427356 6.056725
46425648 6.056729
46423732 6.056744
46420319 6.056749
46411887 6.056753
46396284 6.056759
46376669 6.056766
46372813 6.056769
46372535 6.056773
46368358 6.056791
46343716 6.056795
46339727 6.056807
46338530 6.056813
46337949 6.056832
46333371 6.056838
46264186 6.056846
46263708 6.056852
46262988 6.056860
46253928 6.056867
46238795 6.056879
46238230 6.056886
46235990 6.056890
46234034 6.056893
46210619 6.056909
46207548 6.056916
46206483 6.056930
46193758 6.056954
46193734 6.056968
46192730 6.056977
46182776 6.056980
46176379 6.056990
46168584 6.057002
46167477 6.057006
46165690 6.057028
46159246 6.057055
46151393 6.057058
46147436 6.057062
46146859 6.057065
46145756 6.057070
46144754 6.057076
45947166 6.057095
45923718 6.057115
45910982 6.057123
45863516 6.057134
45861493 6.057138
45860947 6.057146
45860823 6.057150
45539564 6.057204
45532893 6.057229
45532032 6.057236
45531030 6.057248
45524314 6.057251
45427341 6.057261
45424372 6.057266
45395112 6.057276
45392857 6.057280
45392047 6.057285
45384996 6.057302
45380793 6.057307
45376281 6.057319
45375968 6.057325
45363405 6.057335
45336342 6.057340
45317963 6.057352
45317328 6.057363
45316800 6.057373
45302442 6.057378
45110284 6.057386
45109342 6.057390
45098668 6.057398
45096024 6.057415
45076745 6.057426
45073387 6.057445
45057554 6.057454
45050531 6.057462
45050090 6.057482
45044171 6.057491
45037853 6.057505
44999675 6.057515
44996570 6.057518
44992668 6.057554
44992044 6.057559
44991389 6.057576
44982035 6.057581
44976006 6.057585
44967995 6.057591
44963603 6.057595
44961506 6.057598
44954646 6.057602
44953393 6.057605
44953093 6.057612
44938283 6.057616
44937525 6.057627
44925211 6.057632
44923900 6.057636
44920078 6.057639
44916319 6.057658
44916226 6.057662
44904851 6.057691
44893655 6.057695
44888140 6.057699
44870079 6.057706
44846069 6.057719
44845967 6.057723
44842447 6.057727
44841442 6.057732
44838106 6.057737
44838079 6.057743
44798422 6.057755
44796782 6.057763
44795442 6.057769
44787619 6.057773
44785341 6.057777
44739347 6.057789
44738685 6.057794
44735702 6.057825
44731511 6.057848
44725913 6.057879
44706113 6.057891
44705482 6.057901
44698626 6.057914
44690729 6.057927
44677368 6.057943
44676474 6.057946
44669013 6.057959
44667343 6.057962
44666008 6.057972
44658713 6.058011
44652416 6.058015
44625196 6.058038
44622316 6.058041
44621890 6.058046
44617567 6.058059
44607527 6.058066
44603481 6.058071
44598566 6.058078
44552632 6.058085
44535306 6.058089
44514488 6.058096
44512497 6.058102
44508808 6.058110
44502410 6.058127
44500905 6.058131
44496564 6.058135
44490211 6.058139
44487773 6.058143
44476150 6.058152
44475393 6.058169
44471917 6.058173
44461628 6.058177
44455448 6.058192
44440866 6.058214
44437401 6.058220
44400142 6.058235
44383975 6.058264
44383168 6.058269
44377147 6.058278
44370380 6.058284
44369993 6.058288
44368243 6.058292
44366082 6.058304
44352681 6.058310
44348154 6.058317
44345686 6.058328
44331025 6.058338
44330247 6.058345
44327356 6.058350
44308156 6.058359
44290969 6.058378
44287577 6.058384
44287053 6.058391
44264739 6.058402
44256803 6.058406
44255675 6.058415
44252612 6.058427
44243323 6.058432
44232684 6.058436
44218588 6.058443
44218136 6.058551
44211667 6.058559
44210921 6.058586
44208222 6.058590
44204824 6.058593
44203767 6.058596
44152915 6.058605
44145260 6.058608
44142550 6.058614
44133253 6.058617
44125850 6.058623
44124959 6.058627
44116538 6.058638
44115347 6.058642
44113983 6.058659
44097363 6.058664
44090062 6.058669
44088386 6.058688
44077700 6.058706
44073844 6.058711
44068671 6.058718
44064171 6.058724
44050274 6.058730
44048984 6.058755
44044683 6.058764
44015739 6.058782
43957440 6.058797
43956220 6.058822
43918074 6.058832
43917639 6.058843
43916650 6.058848
43915037 6.058851
43910555 6.058855
43909943 6.058877
43902621 6.058885
43894928 6.058898
43799869 6.058902
43770562 6.058911
43762571 6.058921
43760567 6.058934
43747642 6.058939
43729806 6.058957
43729378 6.058965
43725454 6.058975
43716539 6.058988
43710592 6.059005
43660368 6.059024
43652420 6.059029
43651887 6.059047
43651770 6.059051
43641716 6.059054
43637245 6.059061
43504602 6.059066
43501138 6.059070
43495874 6.059074
43491118 6.059077
43486604 6.059089
43486059 6.059095
43473217 6.059115
43443449 6.059159
43440452 6.059177
43438622 6.059181
43431789 6.059184
43430725 6.059204
43430568 6.059207
43429425 6.059212
43405825 6.059219
43292413 6.059226
43290716 6.059235
43289646 6.059261
43287855 6.059265
43272125 6.059277
43272030 6.059285
43259496 6.059297
43236037 6.059326
43235047 6.059332
43234238 6.059335
43231979 6.059340
43219958 6.059344
43209228 6.059349
43206638 6.059401
43206438 6.059423
43178244 6.059438
43155991 6.059445
43154267 6.059452
43147193 6.059456
43130259 6.059462
43090815 6.059466
43089985 6.059474
43087119 6.059478
43086616 6.059487
43027349 6.059501
43021957 6.059506
43018739 6.059514
43018682 6.059520
43000829 6.059529
43000790 6.059533
42999095 6.059540
42964824 6.059555
42953600 6.059560
42946324 6.059575
42939070 6.059585
42934151 6.059589
42929647 6.059593
42910024 6.059601
42909138 6.059605
42905549 6.059610
42895650 6.059615
42895220 6.059632
42885207 6.059638
42870111 6.059665
42868321 6.059671
42859784 6.059682
42858473 6.059685
42857498 6.059721
42853804 6.059725
42851134 6.059738
42831185 6.059747
42805349 6.059770
42798775 6.059778
42790443 6.059786
42788939 6.059795
42775554 6.059803
42773057 6.059825
42762386 6.059834
42754745 6.059837
42751051 6.059844
42749240 6.059860
42746496 6.059910
42746490 6.059931
42715409 6.059961
42633625 6.059981
42633165 6.059988
42628341 6.059995
42621421 6.059999
42607376 6.060016
42607005 6.060024
42606015 6.060029
42605619 6.060036
42604729 6.060039
42604159 6.060043
42590713 6.060048
42588850 6.060052
42568271 6.060065
42566459 6.060072
42547648 6.060076
42542900 6.060082
42539905 6.060086
42519962 6.060094
42510283 6.060103
42499199 6.060117
42498037 6.060121
42488686 6.060125
42476204 6.060142
42476018 6.060145
42468213 6.060150
42449721 6.060154
42353532 6.060162
42328759 6.060170
42313765 6.060174
42311976 6.060178
42310432 6.060182
42301547 6.060185
42296643 6.060190
42293911 6.060193
42293622 6.060198
42287255 6.060215
42236033 6.060219
42226965 6.060241
42226893 6.060263
42225663 6.060267
42222043 6.060274
42221731 6.060277
42215736 6.060306
42211493 6.060311
42210743 6.060327
42209811 6.060340
42208347 6.060346
42206270 6.060352
42204013 6.060365
42199902 6.060369
42195215 6.060373
42192882 6.060380
42180843 6.060387
42179111 6.060420
42177286 6.060432
42150764 6.060437
42150377 6.060440
42149377 6.060443
42140726 6.060448
42120296 6.060452
42116713 6.060459
42116705 6.060463
42112085 6.060493
42111525 6.060498
42088657 6.060519
42076756 6.060531
42063110 6.060546
42060440 6.060562
42060304 6.060570
42050282 6.060574
42049436 6.060581
42047302 6.060600
42016695 6.060607
42014402 6.060615
42012790 6.060630
41979622 6.060648
41975664 6.060655
41966989 6.060669
41960304 6.060674
41946741 6.060677
41939569 6.060693
41939543 6.060697
41923186 6.060700
41887975 6.060724
41879365 6.060739
41875501 6.060742
41871717 6.060745
41868234 6.060765
41865280 6.060782
41864770 6.060791
41863570 6.060799
41862060 6.060813
41839982 6.060817
41837453 6.060829
41836630 6.060833
41836457 6.060856
41832476 6.060869
41830668 6.060879
41822957 6.060899
41822033 6.060902
41819085 6.060906
41818220 6.060932
41816722 6.060944
41815282 6.060948
41814987 6.060951
41814833 6.060961
41814447 6.060966
41790579 6.060974
41786664 6.060977
41781248 6.060982
41778362 6.060988
41766286 6.061000
41764685 6.061008
41750511 6.061039
41750350 6.061045
41745721 6.061053
41739877 6.061068
41732692 6.061099
41723738 6.061110
41722748 6.061129
41722652 6.061145
41710041 6.061151
41708689 6.061162
41703065 6.061167
41702218 6.061177
41697062 6.061184
41690715 6.061204
41674316 6.061220
41670287 6.061223
41658155 6.061232
41655667 6.061236
41645402 6.061240
41618098 6.061245
41618006 6.061249
41615448 6.061272
41613273 6.061277
41581150 6.061288
41562352 6.061293
41558711 6.061296
41553521 6.061300
41552330 6.061304
41538150 6.061310
41527616 6.061314
41527276 6.061317
41519673 6.061320
41516510 6.061328
41513996 6.061332
41510350 6.061336
41500473 6.061340
41497988 6.061343
41497164 6.061351
41481303 6.061365
41476266 6.061371
41475803 6.061374
41449741 6.061382
41432615 6.061389
41428550 6.061396
41412569 6.061404
41405587 6.061411
41398614 6.061414
41394713 6.061421
41360856 6.061432
41359393 6.061447
41345030 6.061465
41341453 6.061475
41329496 6.061481
41317336 6.061485
41310638 6.061491
41303546 6.061494
41262680 6.061509
41260786 6.061514
41252560 6.061519
41248907 6.061525
41243851 6.061537
41230276 6.061543
41226811 6.061547
41217727 6.061553
41210054 6.061586
41199536 6.061590
41195444 6.061593
41186508 6.061609
41158672 6.061613
41153398 6.061616
41139262 6.061619
41121974 6.061627
41121395 6.061631
41100430 6.061640
41095543 6.061648
41092797 6.061651
41092262 6.061655
41085569 6.061663
41067787 6.061670
41029526 6.061679
41027386 6.061684
41022613 6.061692
41016882 6.061702
41012499 6.061712
41006856 6.061732
41001526 6.061740
41001201 6.061743
40999441 6.061746
40994199 6.061755
40981313 6.061760
40957558 6.061771
40957090 6.061776
40947308 6.061781
40936202 6.061784
40925379 6.061795
40922236 6.061804
40921356 6.061807
40919054 6.061816
40899922 6.061824
40899724 6.061829
40888105 6.061832
40874294 6.061835
40869911 6.061840
40831265 6.061849
40830184 6.061854
40827124 6.061880
40810814 6.061889
40809825 6.061903
40548821 6.061927
40546759 6.061936
40533278 6.061947
40526116 6.061965
40512965 6.061972
40508332 6.061976
40504376 6.061996
40500358 6.062001
40497204 6.062005
40496999 6.062009
40491474 6.062022
40486224 6.062040
40484142 6.062061
40468122 6.062070
40456804 6.062086
40453707 6.062110
40452658 6.062113
40435874 6.062124
40433416 6.062132
40420714 6.062146
40419709 6.062149
40417651 6.062157
40414808 6.062162
40409879 6.062166
40409771 6.062169
40401343 6.062173
40401038 6.062182
40397744 6.062186
40389919 6.062189
40206234 6.062211
40203836 6.062236
40169717 6.062244
40168743 6.062249
40161532 6.062255
40159398 6.062262
40158759 6.062266
40140442 6.062271
40117532 6.062283
40110444 6.062297
40107314 6.062307
40105141 6.062310
40082721 6.062317
40081406 6.062321
40078917 6.062324
40073708 6.062332
40072681 6.062339
40072449 6.062344
40065641 6.062370
40026781 6.062399
40014566 6.062412
40009973 6.062416
39992547 6.062424
39991714 6.062442
39975035 6.062450
39973178 6.062454
39967859 6.062461
39952651 6.062467
39941038 6.062472
39907846 6.062479
39906659 6.062483
39902089 6.062495
39896683 6.062506
39896561 6.062515
39891984 6.062521
39891288 6.062525
39888250 6.062529
39846707 6.062543
39812356 6.062558
39810998 6.062564
39805888 6.062582
39800009 6.062586
39795955 6.062601
39795607 6.062605
39793696 6.062610
39791846 6.062616
39784596 6.062643
39777981 6.062648
39768163 6.062654
39765882 6.062658
39765140 6.062666
39764478 6.062677
39763866 6.062681
39762101 6.062685
39755850 6.062709
39732450 6.062723
39711319 6.062738
39698722 6.062742
39697170 6.062750
39687568 6.062764
39633344 6.062770
39630829 6.062800
39627473 6.062829
39625965 6.062834
39624756 6.062842
39616558 6.062851
39615450 6.062863
39614934 6.062866
39610812 6.062889
39604826 6.062893
39600788 6.062897
39593697 6.062908
39588066 6.062917
39582819 6.062926
39580434 6.062933
39049622 6.062943
39025362 6.062949
39018468 6.062982
38962403 6.062998
38960848 6.063009
38958762 6.063017
38935159 6.063022
38921620 6.063029
38837790 6.063040
38834323 6.063044
38828578 6.063048
38817385 6.063052
38814837 6.063066
38810417 6.063095
38807338 6.063105
38805868 6.063123
38801505 6.063130
38799897 6.063142
38789544 6.063163
38788654 6.063185
38759250 6.063209
38584035 6.063221
38583310 6.063227
38580313 6.063245
38577228 6.063267
38577101 6.063285
38571167 6.063289
38551930 6.063327
38549585 6.063334
38548736 6.063337
38548452 6.063341
38546642 6.063347
38545521 6.063351
38544577 6.063376
38538048 6.063386
38518766 6.063399
38512192 6.063406
38484007 6.063413
38467915 6.063418
38460134 6.063429
38458584 6.063442
38454491 6.063453
38454454 6.063472
38439283 6.063494
38433421 6.063519
38423538 6.063529
38421297 6.063543
38420858 6.063554
38375693 6.063568
38373012 6.063579
38371883 6.063584
38368597 6.063589
38366402 6.063592
38351905 6.063605
38346631 6.063614
38343818 6.063618
38109435 6.063648
37799233 6.063663
37791204 6.063708
37784409 6.063712
37752427 6.063725
37747810 6.063729
37747194 6.063732
37743703 6.063748
37731454 6.063756
37730723 6.063760
37723897 6.063767
37718687 6.063784
37694037 6.063791
37693360 6.063825
37682006 6.063837
37676763 6.063851
37674173 6.063855
37672498 6.063921
37668658 6.063930
37636733 6.063937
37636155 6.063953
37626901 6.063963
37626875 6.063979
37614963 6.063993
37600876 6.064003
37591210 6.064031
37588964 6.064035
37587599 6.064039
37553034 6.064056
37507218 6.064072
37495652 6.064083
37490840 6.064087
37481870 6.064091
37442578 6.064111
37441970 6.064123
37420311 6.064127
37420254 6.064130
37419746 6.064134
37418361 6.064138
37415034 6.064147
37404907 6.064155
37400251 6.064175
37393355 6.064182
37392081 6.064191
37370238 6.064200
37357437 6.064212
37356780 6.064223
37353070 6.064228
37349931 6.064246
37332903 6.064260
37331006 6.064265
37295271 6.064268
37292413 6.064272
37284425 6.064277
37269207 6.064282
37253570 6.064291
37217205 6.064300
37214728 6.064304
37186079 6.064316
37186063 6.064320
37185905 6.064335
37185647 6.064375
37182256 6.064393
37174796 6.064413
37167289 6.064418
37166021 6.064421
37165262 6.064425
37160546 6.064435
37153847 6.064439
37139510 6.064466
36974201 6.064524
36960075 6.064528
36957010 6.064532
36953692 6.064536
36948845 6.064543
36947119 6.064549
36942700 6.064565
36940443 6.064581
36939709 6.064585
36934522 6.064589
36932761 6.064592
36923193 6.064603
36902601 6.064612
36889318 6.064621
36884893 6.064638
36884662 6.064644
36880308 6.064650
36879939 6.064654
36872592 6.064658
36864063 6.064663
36807386 6.064705
36765278 6.064726
36764979 6.064731
36764152 6.064735
36752496 6.064741
36750636 6.064751
36741280 6.064761
36739094 6.064765
36736942 6.064770
36735767 6.064777
36699148 6.064782
36698446 6.064786
36673580 6.064795
36672314 6.064802
36671300 6.064808
36659818 6.064820
36659512 6.064824
36648559 6.064827
36632450 6.064847
36631417 6.064851
36574028 6.064962
36571235 6.064978
36569235 6.064982
36532540 6.064986
36531525 6.064998
36489018 6.065009
36484300 6.065013
36449330 6.065018
36426126 6.065025
36420636 6.065033
36406669 6.065045
36395900 6.065062
36388055 6.065069
36384946 6.065077
36379593 6.065089
36375842 6.065101
36375747 6.065104
36372493 6.065108
36366019 6.065116
36363677 6.065119
36359174 6.065148
36356501 6.065152
36351060 6.065155
36348780 6.065169
36346629 6.065172
36341080 6.065176
36337437 6.065180
36335466 6.065184
36335426 6.065188
36327458 6.065193
36322633 6.065197
36318485 6.065209
36314922 6.065218
36278689 6.065230
36273713 6.065240
36266711 6.065253
36258395 6.065257
36258070 6.065269
36246249 6.065273
36226369 6.065276
36225956 6.065292
36196477 6.065296
36183879 6.065310
36182201 6.065325
36161166 6.065331
36158432 6.065338
36154789 6.065360
36153699 6.065364
36132071 6.065372
36130794 6.065375
36125818 6.065380
36124186 6.065385
36109655 6.065396
36106209 6.065399
36100002 6.065404
36079589 6.065409
36070705 6.065417
36049532 6.065421
36048962 6.065424
36044348 6.065429
36043416 6.065432
36041549 6.065437
36031928 6.065441
36031165 6.065446
36021075 6.065451
36020202 6.065455
36013110 6.065459
36003645 6.065465
35990937 6.065471
35985360 6.065482
35967297 6.065493
35965820 6.065498
35947924 6.065518
35938961 6.065537
35938667 6.065544
35890637 6.065558
35880608 6.065572
35880067 6.065577
35876258 6.065590
35870766 6.065597
35831603 6.065605
35802908 6.065610
35799488 6.065613
35796286 6.065653
35796210 6.065666
35665409 6.065670
35660742 6.065673
35654963 6.065700
35654606 6.065712
35652468 6.065720
35640608 6.065724
35639231 6.065734
35631991 6.065754
35618674 6.065759
35618552 6.065763
35618241 6.065766
35614452 6.065783
35614160 6.065793
35612592 6.065800
35608283 6.065806
35607344 6.065810
35605014 6.065816
35603464 6.065819
35544897 6.065832
35518164 6.065836
35514368 6.065839
35514213 6.065842
35505789 6.065848
35485518 6.065865
35478754 6.065884
35470016 6.065888
35440755 6.065900
35435401 6.065921
35426968 6.065930
35421700 6.065946
35418118 6.065955
35412553 6.065961
35410866 6.065967
35410032 6.065974
35408725 6.065981
35400182 6.065986
35392133 6.065989
35392121 6.066001
35388992 6.066015
35387678 6.066018
35386163 6.066032
35384718 6.066060
35377008 6.066067
35375612 6.066070
35362189 6.066091
35358005 6.066099
35355603 6.066103
35343969 6.066131
35342060 6.066135
35341617 6.066139
35333726 6.066158
35332803 6.066162
35331108 6.066173
35331018 6.066192
35279238 6.066209
35278739 6.066217
35278335 6.066221
35278302 6.066224
35274817 6.066230
35273314 6.066237
35269160 6.066245
35262534 6.066250
35253683 6.066292
35252264 6.066307
35249795 6.066315
35248589 6.066323
35229329 6.066359
35229203 6.066366
35228243 6.066370
35227464 6.066382
35216346 6.066393
35208158 6.066400
35206427 6.066407
35008232 6.066433
34979228 6.066444
34978288 6.066453
34974510 6.066466
34973443 6.066499
34972027 6.066503
34971613 6.066522
34958629 6.066529
34945615 6.066534
34942865 6.066538
34935510 6.066542
34916498 6.066561
34916352 6.066574
34905674 6.066579
34898891 6.066590
34898833 6.066597
34895009 6.066606
34876971 6.066614
34860335 6.066622
34859464 6.066633
34859411 6.066648
34840352 6.066663
34824889 6.066667
34814609 6.066673
34810218 6.066689
34798250 6.066699
34797713 6.066709
34756343 6.066727
34735802 6.066734
34732718 6.066740
34717695 6.066744
34712709 6.066750
34704818 6.066764
34689936 6.066773
34689360 6.066779
34688314 6.066782
34687467 6.066789
34684855 6.066793
34684699 6.066800
34684419 6.066806
34668535 6.066816
34666874 6.066824
34564505 6.066835
34564002 6.066839
34562223 6.066842
34560571 6.066849
34554231 6.066859
34544438 6.066863
34541407 6.066869
34530051 6.066878
34527570 6.066884
34525090 6.066899
34522784 6.066903
34522425 6.066907
34514063 6.066923
34510279 6.066938
34508087 6.066953
34494044 6.066967
34490222 6.066971
34488511 6.066974
34486752 6.067005
34483904 6.067022
34480455 6.067029
34479004 6.067035
34478677 6.067041
34455813 6.067053
34444303 6.067063
34440201 6.067067
34439475 6.067074
34434523 6.067079
34432716 6.067088
34425358 6.067093
34419309 6.067097
34409711 6.067100
34404297 6.067115
34399851 6.067119
34388702 6.067122
34321469 6.067145
34319661 6.067149
34314020 6.067160
34288492 6.067186
34172466 6.067198
34172326 6.067202
34161037 6.067212
34154919 6.067229
34151662 6.067239
34116254 6.067254
34115019 6.067260
34109988 6.067264
34107558 6.067276
34107149 6.067286
34101286 6.067307
34097091 6.067328
34080110 6.067353
34077054 6.067370
34038921 6.067378
34038642 6.067383
34027869 6.067395
34025911 6.067419
34025767 6.067424
34016070 6.067428
34011771 6.067437
33995962 6.067440
33986968 6.067444
33986137 6.067447
33968372 6.067471
33966841 6.067475
33962514 6.067479
33956046 6.067489
33944354 6.067500
33922398 6.067515
33921686 6.067534
33917068 6.067544
33811784 6.067561
33806041 6.067571
33804015 6.067575
33800219 6.067583
33799013 6.067586
33796890 6.067590
33795449 6.067593
33792928 6.067596
33792714 6.067608
33788712 6.067612
33783240 6.067616
33771912 6.067622
33766047 6.067630
33765436 6.067633
33762843 6.067638
33762622 6.067641
33756973 6.067653
33734421 6.067657
33727703 6.067662
33726555 6.067674
33724527 6.067693
33723256 6.067697
33720637 6.067700
33716801 6.067704
33715061 6.067708
33706591 6.067714
33682852 6.067721
33681768 6.067725
33678479 6.067745
33677507 6.067748
33671268 6.067753
33658197 6.067766
33628994 6.067773
33624911 6.067790
33617168 6.067798
33610340 6.067805
33601024 6.067813
33600762 6.067818
33597629 6.067822
33588916 6.067825
33580892 6.067837
33574820 6.067844
33574580 6.067850
33572899 6.067854
33571716 6.067915
33570472 6.067919
33569356 6.067922
33565011 6.067931
33559343 6.067939
33558841 6.067942
33555592 6.067945
33553879 6.067951
33552434 6.067958
33551015 6.067962
33543424 6.067966
33541242 6.067971
33539103 6.067987
33538166 6.067991
33538039 6.067995
33531671 6.067999
33520045 6.068016
33510264 6.068021
33510033 6.068039
33508709 6.068045
33506533 6.068056
33504213 6.068064
33503505 6.068078
33498785 6.068082
33497399 6.068089
33490875 6.068093
33483203 6.068119
33482757 6.068124
33479913 6.068163
33478795 6.068179
33478739 6.068183
33456752 6.068201
33449125 6.068206
33433334 6.068210
33417289 6.068213
33414277 6.068220
33402402 6.068225
33400291 6.068228
33397153 6.068232
33392913 6.068239
33378200 6.068242
33376073 6.068245
33368709 6.068268
33364401 6.068278
33350430 6.068281
33347016 6.068284
33344771 6.068288
33332443 6.068292
33325334 6.068303
33311940 6.068307
33309942 6.068310
33304103 6.068314
33298487 6.068318
33293033 6.068325
33289842 6.068329
33288520 6.068332
33287593 6.068340
33286182 6.068344
33228052 6.068356
33225471 6.068385
33189181 6.068389
33188940 6.068393
33187048 6.068415
33168784 6.068423
33163492 6.068427
33095285 6.068432
33045006 6.068439
33039274 6.068443
33032456 6.068447
33032416 6.068451
33028562 6.068455
33020280 6.068470
33017319 6.068473
33017094 6.068478
32978879 6.068496
32976377 6.068522
32969668 6.068529
32963733 6.068536
32963445 6.068540
32958773 6.068546
32957703 6.068551
32955202 6.068554
32954002 6.068557
32943329 6.068580
32939675 6.068590
32939307 6.068593
32918103 6.068606
32908410 6.068616
32908182 6.068626
32900009 6.068645
32897976 6.068649
32896912 6.068652
32896117 6.068732
32895232 6.068750
32881920 6.068756
32869721 6.068771
32857694 6.068775
32856066 6.068781
32855679 6.068785
32848623 6.068795
32840956 6.068825
32839396 6.068845
32835074 6.068894
32834542 6.068898
32831710 6.068904
32831217 6.068917
32827369 6.068920
32813622 6.068933
32812304 6.068972
32811439 6.068976
32810566 6.068979
32810270 6.069004
32809832 6.069020
32806904 6.069025
32806725 6.069029
32804943 6.069033
32803707 6.069038
32802464 6.069115
32798226 6.069122
32784785 6.069134
32763767 6.069158
32717937 6.069220
32716740 6.069226
32715921 6.069231
32713298 6.069240
32708632 6.069246
32696992 6.069260
32694603 6.069266
32690931 6.069284
32680222 6.069295
32679722 6.069302
32637549 6.069307
32631980 6.069359
32625540 6.069366
32621757 6.069382
32621556 6.069392
32611270 6.069407
32608967 6.069423
32605615 6.069433
32604298 6.069478
32593989 6.069528
32576249 6.069539
32572906 6.069559
32564284 6.069564
32559946 6.069582
32549537 6.069587
32548206 6.069591
32504152 6.069617
32502851 6.069624
32501936 6.069628
32493685 6.069632
32493472 6.069635
32490698 6.069638
32484304 6.069651
32478140 6.069655
32476051 6.069660
32461585 6.069703
32456550 6.069711
32452988 6.069714
32451161 6.069725
32445535 6.069730
32439017 6.069744
32434829 6.069759
32433694 6.069764
32433550 6.069767
32431814 6.069775
32416799 6.069796
32415238 6.069800
32414015 6.069810
32406578 6.069830
32403425 6.069834
32402881 6.069838
32401697 6.069843
32400137 6.069847
32396795 6.069860
32389807 6.069865
32387874 6.069872
32387142 6.069876
32386545 6.069880
32386072 6.069883
32384299 6.069894
32381660 6.069906
32380832 6.069911
32379083 6.069936
32378838 6.069940
32372072 6.069946
32370820 6.069949
32366387 6.069953
32363732 6.069962
32363512 6.069984
32362289 6.069995
32360752 6.070046
32357066 6.070057
32356293 6.070074
32355110 6.070078
32352458 6.070084
32349183 6.070098
32347242 6.070103
32338942 6.070118
32334912 6.070125
32312123 6.070135
32308996 6.070143
32304984 6.070156
32297173 6.070161
32296019 6.070164
32271250 6.070178
32268071 6.070182
32267791 6.070185
32121029 6.070200
32113031 6.070204
31880414 6.070207
31880403 6.070358
31879032 6.070366
31876905 6.070378
31874315 6.070536
31867419 6.070547
31862680 6.070555
31861631 6.070983
31860909 6.071056
31859690 6.071060
31784726 6.071070
31782717 6.071073
31769305 6.071076
31766789 6.071105
31765177 6.071109
31714618 6.071130
31710823 6.071139
31690361 6.071150
31687349 6.071161
31686202 6.071172
31686159 6.071180
31679463 6.071185
31678801 6.071194
31678610 6.071199
31676632 6.071214
31676579 6.071219
31674191 6.071223
31671978 6.071231
31667823 6.071235
31667110 6.071241
31626198 6.071250
31625170 6.071382
31618077 6.071423
31617043 6.071428
31615270 6.071436
31608810 6.071470
31607627 6.071474
31587217 6.071488
31578793 6.071494
31574341 6.071508
31570752 6.071513
31566437 6.071518
31560706 6.071521
31550521 6.071534
31533555 6.071540
31531474 6.071553
31531350 6.071567
31530834 6.071571
31530548 6.071576
31521024 6.071579
31519239 6.071583
31385666 6.071629
31383391 6.071649
31383310 6.071664
31383002 6.071668
31382804 6.071675
31341895 6.071717
31340609 6.071731
31339664 6.071737
31338319 6.071740
31333380 6.071746
31298060 6.071765
31297272 6.071782
31286790 6.071795
31252054 6.071806
31251052 6.071844
31250950 6.071856
31059410 6.071874
30992889 6.071884
30992671 6.071912
30983612 6.071967
30982360 6.071976
30977223 6.071980
30972634 6.071991
30970771 6.071996
30966518 6.072000
30965647 6.072004
30963441 6.072013
30962180 6.072029
30962085 6.072075
30957783 6.072088
30947017 6.072092
30943231 6.072102
30941733 6.072135
30941713 6.072140
30932481 6.072168
30925672 6.072172
30923345 6.072176
30917031 6.072180
30903818 6.072183
30900916 6.072186
30899017 6.072212
30896737 6.072216
30894762 6.072231
30891767 6.072237
30886154 6.072241
30861715 6.072252
30860382 6.072260
30859213 6.072263
30854175 6.072272
30852702 6.072286
30837087 6.072292
30834770 6.072304
30829235 6.072370
30828056 6.072374
30819509 6.072380
30819301 6.072383
30811004 6.072391
30808195 6.072395
30807413 6.072419
30806369 6.072424
30805174 6.072427
30793991 6.072431
30790550 6.072443
30789525 6.072454
30789429 6.072461
30785153 6.072466
30784379 6.072469
30782153 6.072475
30780853 6.072481
30777202 6.072491
30776838 6.072499
30773746 6.072506
30773645 6.072537
30771293 6.072544
30763262 6.072552
30763256 6.072559
30650390 6.072573
30646016 6.072577
30642230 6.072582
30634449 6.072588
30633662 6.072593
30633182 6.072613
30624127 6.072628
30622646 6.072639
30621240 6.072660
30534150 6.072693
30528768 6.072705
30527516 6.072708
30520999 6.072736
30520927 6.072741
30518691 6.072754
30506853 6.072776
30506020 6.072783
30476670 6.072812
30473288 6.072816
30464181 6.072834
30463834 6.072838
30461804 6.072861
30459254 6.072873
30458523 6.072877
30458068 6.072892
30457744 6.072903
30451842 6.072914
30449560 6.072971
30432516 6.072987
30432004 6.073019
30431395 6.073024
30429965 6.073033
30428791 6.073041
30428335 6.073048
30427145 6.073070
30427118 6.073077
30424837 6.073120
30419151 6.073134
30417690 6.073146
30416731 6.073159
30415541 6.073172
30414912 6.073202
30414758 6.073229
30412830 6.073244
30403769 6.073294
30402279 6.073305
30397977 6.073311
30393309 6.073317
30369521 6.073342
30365218 6.073351
30362995 6.073355
30350535 6.073359
30344283 6.073387
30343058 6.073416
30342248 6.073496
30323501 6.073521
30300842 6.073596
30298531 6.073633
30293389 6.073637
30292792 6.073650
30277223 6.073664
30274245 6.073671
30270127 6.073934
30269625 6.073941
30267745 6.073977
30265375 6.073985
30262625 6.073992
30260070 6.074005
30256431 6.074014
30255208 6.074026
30254033 6.074037
30248018 6.074044
30247183 6.074047
30156625 6.074062
30155817 6.074074
30154430 6.074086
30151586 6.074146
30151243 6.074150
30148846 6.074160
30145359 6.074165
30140119 6.074169
30126317 6.074174
30118730 6.074206
30111127 6.074217
30110022 6.074226
30105737 6.074237
30103808 6.074241
30102837 6.074247
30101711 6.074339
30094661 6.074344
30082862 6.074381
30079931 6.074385
30073379 6.074392
30072633 6.074398
30070697 6.074402
30058022 6.074408
30055512 6.074413
30041846 6.074431
30038997 6.074442
30038105 6.074445
30028646 6.074450
30028375 6.074458
30024477 6.074463
30023668 6.074471
30023324 6.074486
30015315 6.074493
30011921 6.074511
30011184 6.074514
30010879 6.074518
30010234 6.074527
30009136 6.074537
29992537 6.074558
29988896 6.074562
29985653 6.074568
29984566 6.074585
29983972 6.074589
29979715 6.074594
29976455 6.074610
29971871 6.074614
29971619 6.074637
29361112 6.074673
29359876 6.074678
29357327 6.074863
29348022 6.074869
29346682 6.074873
29345233 6.074881
29344716 6.074895
29343613 6.074899
29343448 6.074954
29343080 6.074961
29342862 6.074975
29341679 6.075081
29341034 6.075090
29339908 6.075120
29338227 6.075155
29338060 6.075159
29334711 6.075171
29332896 6.075177
29325302 6.075236
29322296 6.075259
29321775 6.075264
29321470 6.075268
29314970 6.075272
29309485 6.075282
29297407 6.075324
29284464 6.075330
29260003 6.075340
29259939 6.075383
29254873 6.075414
29246761 6.075626
29246180 6.075641
29242912 6.075651
29242709 6.075894
29238927 6.075898
29236411 6.075939
29236397 6.075979
29232769 6.076028
29232755 6.076067
29232618 6.076115
29225904 6.076119
29218231 6.076122
29213490 6.076144
29212742 6.076153
29211557 6.076158
29210705 6.076204
29205328 6.076236
29202006 6.076241
29198142 6.076250
29196851 6.076263
29195633 6.076278
29194843 6.076288
29194267 6.076311
29192693 6.076315
29187867 6.076320
29181956 6.076341
29180511 6.076368
29178869 6.076410
29177403 6.076415
29174306 6.076441
29162537 6.076465
29161433 6.076470
29159975 6.076480
29149111 6.076484
29138601 6.076487
29137286 6.076499
29133043 6.076504
29130324 6.076507
29130308 6.076510
29129052 6.076514
29126909 6.076534
29124815 6.076537
29124281 6.076543
29120303 6.076548
29109576 6.076556
29109070 6.076568
29103690 6.076593
29102998 6.076714
29102046 6.076782
29099623 6.076982
29098704 6.077021
29095963 6.077042
29095787 6.077054
29092473 6.077102
29091016 6.077106
29089942 6.077110
29078720 6.077119
29074936 6.077154
29074501 6.077158
29050461 6.077165
29048612 6.077214
29047785 6.077217
29040080 6.077223
28976221 6.077253
28973262 6.077260
28972245 6.077271
28971315 6.077281
28965641 6.077289
28963340 6.077295
28957290 6.077299
28953527 6.077303
28950722 6.077311
28946116 6.077315
28940126 6.077320
28921435 6.077333
28918461 6.077361
28918416 6.077383
28914372 6.077407
28913747 6.077418
28910910 6.077422
28910583 6.077437
28874397 6.077463
28874143 6.077466
28874086 6.077522
28860971 6.077536
28857399 6.077540
28854787 6.077557
28852463 6.077570
28699743 6.077700
28699185 6.077729
28699162 6.077732
28699004 6.077737
28698873 6.077740
28693580 6.077758
28691283 6.077768
28690562 6.077777
28677280 6.077785
28676345 6.077811
28674034 6.077852
28672784 6.077883
28672050 6.077900
28671940 6.077904
28670288 6.077961
28669170 6.077977
28661203 6.078015
28655688 6.078084
28647123 6.078098
28646092 6.078108
28639729 6.078115
28638925 6.078121
28532089 6.078146
28521823 6.078152
28515533 6.080790
28509417 6.080814
28508734 6.083210
28508290 6.083222
28505143 6.083400
28504708 6.083406
28503857 6.083456
28494970 6.083500
28494285 6.083504
28482516 6.083508
28482321 6.083511
28468499 6.083516
28468259 6.083522
28466537 6.083540
28465100 6.083548
28447086 6.083566
28445756 6.083578
28444112 6.083586
28443529 6.083597
28441076 6.083607
28424623 6.083611
28423738 6.083616
28422947 6.083620
28406742 6.083632
28383412 6.083648
28379407 6.083652
28378179 6.083660
28373370 6.083691
28373058 6.083695
28371584 6.083716
28369299 6.083752
28364263 6.083767
28362033 6.083770
28358151 6.083780
28358080 6.083791
28356873 6.083799
28356752 6.083816
28355821 6.083829
28354800 6.083837
28353820 6.083841
28349286 6.083880
28348358 6.083884
28345997 6.083894
28341466 6.083939
28330578 6.083945
28313807 6.083953
28310622 6.083964
28308423 6.083973
28298117 6.083983
28282736 6.083994
28282024 6.084034
28280360 6.084049
28280208 6.084139
28270369 6.084218
28188992 6.084238
28187600 6.084244
28187403 6.084247
28186896 6.084257
28183790 6.084547
28179315 6.084555
28173727 6.084590
28172694 6.084598
27891433 6.084615
27890877 6.084650
27884755 6.084679
27883338 6.084683
27878191 6.084710
27876240 6.084714
27874969 6.084721
27869372 6.084740
27869231 6.084744
27863814 6.084748
27861477 6.084753
27856622 6.084757
27856223 6.084782
27855495 6.084785
27853375 6.084803
27852669 6.084811
27852431 6.084816
27829532 6.084825
27822750 6.084828
27822732 6.084838
27822254 6.084851
27817305 6.084857
27816863 6.084880
27816605 6.084890
27812887 6.084893
27796342 6.084897
27786773 6.084910
27786202 6.084939
27781196 6.084947
27776245 6.084999
27773307 6.085025
27768516 6.085028
27758054 6.085048
27751291 6.085052
27748394 6.085066
27741270 6.085105
27741025 6.085113
27734884 6.085150
27732733 6.085171
27726640 6.085175
27721261 6.085193
27708003 6.085234
27705656 6.085252
27701411 6.085259
27696065 6.085281
27667684 6.085292
27665747 6.085295
27662026 6.085306
27655640 6.085316
27610678 6.085336
27601912 6.085342
27596086 6.085361
27595218 6.085371
27575283 6.085380
27525003 6.085394
27522319 6.085398
27519193 6.085402
27518267 6.085405
27475811 6.085455
27470067 6.085461
27457640 6.085469
27457375 6.085472
27457301 6.085478
27455048 6.085482
27454852 6.085488
27446414 6.085549
27445842 6.085553
27445814 6.085559
27439324 6.085562
27437557 6.086113
27435221 6.086119
27429623 6.086268
27424333 6.086286
27418319 6.086291
27417690 6.086301
27417312 6.086319
27415711 6.086324
27230201 6.086339
27225297 6.086345
27219134 6.086617
27216825 6.086625
27215388 6.086629
27213729 6.086635
27213687 6.086661
27211713 6.086671
27210137 6.086675
27208422 6.086679
27205632 6.086682
27014410 6.086698
27006975 6.086709
26989541 6.086714
26988849 6.086719
26986107 6.086722
26982051 6.086740
26979427 6.086764
26977018 6.086769
26976701 6.086793
26964791 6.086818
26963921 6.086822
26961120 6.086826
26650217 6.086852
26637728 6.086876
26635757 6.086883
26635641 6.086897
26632348 6.086901
26628781 6.086905
26628504 6.086909
26628193 6.086913
26626172 6.086932
26624893 6.088200
26623854 6.088209
26619607 6.088220
26609038 6.088242
26606728 6.088246
26591338 6.088254
26590978 6.088272
26590299 6.088284
26588959 6.088296
26586009 6.088302
26569258 6.088328
26384832 6.088374
26382496 6.088378
26379398 6.088383
26377822 6.088390
26375772 6.088399
26375059 6.088403
26362762 6.088407
26361034 6.088437
26352560 6.088455
26346378 6.088471
26332717 6.088495
26330708 6.088499
26308997 6.088507
26284953 6.088540
26284292 6.088555
26284234 6.088565
26284208 6.088569
26282840 6.088610
26282179 6.088654
26280036 6.088671
26279286 6.088675
26279119 6.088680
26278462 6.088711
26276896 6.088725
26276493 6.088741
26273471 6.088758
26266057 6.088763
26261335 6.088768
26246021 6.088772
26223371 6.088778
26215486 6.090167
26213544 6.090181
26203504 6.090200
26198218 6.090210
26186882 6.090222
26171528 6.090228
26168501 6.090232
26165693 6.090286
26159995 6.090320
26155470 6.090329
26152020 6.090334
26151391 6.090340
26151216 6.090344
26147411 6.090354
26141247 6.090358
26118626 6.090371
26068471 6.090378
26068075 6.090397
26067459 6.090405
26060164 6.090409
26043045 6.090461
26041735 6.090471
26041048 6.090478
26040113 6.090485
26036139 6.090489
26035720 6.090497
26033769 6.090505
26032771 6.090510
26030733 6.090515
26029364 6.090546
26028782 6.090579
26028726 6.090588
26026432 6.090599
26021590 6.090605
26016525 6.090609
26016084 6.090613
26003218 6.090617
25997943 6.090627
25992525 6.090633
25987641 6.090661
25987603 6.090682
25987017 6.090686
25985691 6.090695
25984592 6.090708
25975102 6.090712
25973048 6.090729
25970566 6.090745
25969472 6.090767
25968627 6.090770
25965046 6.090774
25964314 6.090777
25963797 6.090806
25963696 6.090810
25960047 6.090818
25955494 6.090823
25954793 6.090828
25954335 6.090850
25945850 6.090855
25945824 6.090862
25945419 6.090866
25945180 6.090986
25943956 6.090994
25943375 6.090997
25942334 6.091002
25941645 6.091016
25941343 6.091021
25935008 6.091033
25933474 6.091057
25933156 6.091068
25933091 6.091107
25932654 6.091113
25932089 6.091146
25929628 6.091155
25928910 6.091158
25926743 6.091162
25925942 6.091176
25924720 6.091187
25911989 6.091196
25911029 6.091206
25878144 6.091263
25877562 6.091294
25875872 6.091298
25874426 6.091328
25873728 6.091366
25872694 6.091393
25860839 6.091405
25849876 6.091416
25845288 6.091420
25845037 6.091670
25844414 6.091679
25824819 6.091685
25819068 6.091693
25804044 6.091697
25802799 6.091720
25800742 6.091733
25799028 6.091749
25776176 6.091769
25776165 6.091773
25775734 6.091786
25775435 6.091792
25774165 6.091820
25774110 6.091842
25773618 6.091860
25766855 6.091867
25765005 6.091873
25764987 6.091926
25761724 6.092020
25761064 6.092029
25756895 6.092034
25754606 6.092039
25754281 6.092042
25753120 6.092046
25751760 6.092055
25751569 6.092076
25750942 6.092081
25750860 6.092090
25750854 6.092093
25747534 6.092097
25741386 6.092113
25738734 6.092119
25730044 6.092128
25727076 6.092162
25720474 6.092183
25717023 6.092187
25711919 6.092192
25711823 6.092205
25699442 6.092257
25691463 6.092262
25689036 6.092268
25686827 6.092274
25686542 6.092277
25682632 6.092297
25679234 6.092301
25676506 6.092317
25672144 6.092436
25671129 6.092456
25670291 6.092460
25669817 6.092468
25668551 6.092508
25663415 6.092513
25658387 6.092552
25657615 6.092557
25656566 6.092597
25655869 6.092646
25652839 6.092660
25644822 6.092665
25640377 6.092676
25640004 6.092684
25638826 6.092689
25636267 6.092703
25632855 6.092707
25631960 6.092723
25629883 6.092762
25629169 6.092973
25623917 6.092978
25622939 6.093082
25622208 6.093090
25619769 6.093095
25616789 6.093119
25614433 6.093127
25613504 6.093154
25593477 6.093177
25590930 6.093216
25589971 6.093221
25589741 6.093243
25589171 6.093249
25584679 6.093584
25584179 6.093622
25583547 6.093758
25550092 6.093769
25546143 6.093773
25542016 6.093798
25534817 6.093817
25531652 6.093824
25531325 6.093872
25530627 6.093878
25520336 6.093883
25519400 6.093887
25514894 6.093893
25484676 6.093897
25483600 6.093904
25483188 6.093918
25480841 6.093930
25478706 6.093933
25478489 6.093954
25478455 6.093958
25478131 6.093968
25476376 6.093982
25470636 6.093995
25469581 6.094009
25468430 6.094014
25466433 6.094018
25466333 6.094021
25460489 6.094027
25455719 6.094033
25130284 6.094041
25128706 6.094048
25122478 6.094124
25121861 6.095347
25120176 6.095375
25119513 6.095380
25118872 6.095384
25117429 6.095391
25116191 6.095396
25115948 6.095410
25111236 6.095418
25099939 6.095423
25099139 6.095452
25098137 6.095457
25096658 6.095461
25096600 6.096528
25094868 6.096547
25094621 6.096565
25094250 6.096617
25058547 6.096658
25054775 6.096662
25053217 6.096670
25038035 6.096677
25029380 6.096681
25026243 6.096715
25023818 6.096734
25023762 6.096738
25022593 6.096765
25021534 6.096773
25020093 6.096791
25019886 6.096795
25013323 6.096804
25012494 6.096883
25008990 6.097005
25007292 6.097020
25006500 6.097025
25005110 6.097032
25003941 6.097037
25002591 6.097054
25001885 6.097068
25001194 6.097082
25001129 6.097086
24993550 6.097116
24993131 6.097202
24993034 6.097297
24992232 6.097301
24990627 6.097508
24990225 6.097528
24988595 6.097547
24986226 6.097650
24985222 6.097771
24984538 6.098558
24984390 6.098934
24982864 6.098939
24977818 6.099019
24976322 6.099037
24975102 6.099084
24974131 6.099121
24973930 6.099125
24972783 6.099147
24972779 6.099442
24972590 6.099448
24972156 6.099457
24960496 6.099466
24958916 6.099556
24958902 6.099560
24957986 6.099712
24957828 6.099760
24957744 6.099799
24957385 6.099816
24957218 6.100146
24954756 6.102383
24953407 6.102403
24950802 6.102410
24947407 6.102414
24904722 6.102504
24898959 6.102513
24897272 6.102517
24888998 6.102526
24879617 6.102547
24874399 6.102551
24867973 6.102682
24867319 6.102775
24866867 6.103011
24866082 6.103048
24865826 6.103077
24864905 6.103083
24862945 6.103086
24862286 6.103090
24861955 6.103206
24860310 6.103221
24860152 6.103332
24859583 6.103370
24857814 6.103374
24855581 6.103378
24854703 6.103381
24852987 6.103404
24844905 6.103631
24844240 6.103865
24843087 6.103878
24840360 6.106437
24839952 6.106454
24839034 6.106564
24839033 6.106581
24838823 6.106585
24838212 6.106590
24836944 6.106818
24834809 6.106846
24832959 6.106980
24830455 6.106996
24827192 6.107020
24827178 6.107025
24821363 6.107045
24795889 6.107049
24792859 6.107060
24788870 6.107065
24784521 6.107983
24782313 6.108005
24776466 6.108054
24772121 6.108105
24767193 6.108111
24764750 6.108122
24762760 6.108148
24759811 6.108169
24759215 6.108173
24756078 6.108773
24755996 6.108791
24753765 6.108795
24748626 6.108816
24748296 6.110382
24746390 6.110411
24745813 6.110420
24745301 6.110449
24741772 6.110482
24741370 6.110490
24741259 6.110532
24732989 6.110552
24732916 6.110557
24732368 6.110627
24732347 6.110672
24728616 6.110813
24727402 6.110987
24713176 6.110997
24712321 6.111017
24712002 6.111029
24710187 6.111133
24706658 6.111399
24706637 6.111594
24706089 6.111630
24705663 6.111660
24705431 6.111774
24705334 6.111882
24629758 6.111893
24627655 6.111977
24619753 6.112011
24619090 6.112017
24618326 6.112029
24616894 6.112066
24615308 6.112083
24613701 6.112130
24613693 6.112134
24607227 6.112142
24606820 6.112148
24606458 6.112152
24605015 6.112202
24604725 6.113695
24603175 6.113715
24602708 6.113741
24595519 6.113748
24595491 6.113781
24594606 6.113788
24592756 6.113835
24592249 6.113858
24591226 6.113893
24588502 6.114122
24588492 6.114131
24588444 6.114153
24586918 6.114177
24586499 6.114184
24585702 6.114192
24582842 6.114466
24549828 6.114526
24536755 6.114592
24536723 6.114596
24519092 6.114631
24515273 6.114643
24494887 6.114660
24493673 6.114686
24492151 6.114694
24472330 6.114701
24458958 6.114705
24449487 6.114743
24443181 6.114748
24442554 6.114759
24439991 6.114782
24439875 6.114789
24439698 6.114801
24439586 6.114812
24438829 6.114874
24438278 6.114887
24434974 6.114891
24433565 6.114895
24429868 6.114914
24418340 6.114920
24417807 6.114979
24416093 6.114992
24386525 6.115000
24369703 6.115006
24359843 6.115015
24355691 6.115052
24354001 6.115060
24352076 6.115085
24350434 6.115176
24347281 6.115181
24341842 6.141540
24341522 6.141562
24340478 6.141574
24334119 6.141581
24330708 6.141588
24327309 6.141592
24313429 6.141643
24310959 6.141699
24303885 6.141706
24299848 6.141718
24298980 6.141721
24298512 6.141746
24297153 6.141756
24296358 6.142110
24292779 6.142135
24290650 6.142644
24285374 6.142657
24284571 6.142688
24283795 6.143751
24279539 6.143772
24279396 6.144849
24278845 6.146419
24277730 6.146453
24276661 6.146622
24269092 6.146631
24267534 6.146653
24259827 6.146697
24259553 6.146736
24254687 6.146744
24251005 6.146996
24249658 6.147763
24248735 6.147793
24248260 6.147866
24247044 6.147989
24235523 6.147995
24231986 6.148000
24231452 6.148004
24229146 6.148025
24227077 6.148034
24226852 6.148038
24225170 6.148047
24224637 6.148076
24223690 6.148081
24219479 6.148103
24218918 6.148140
24217629 6.148155
24217263 6.149020
24215549 6.149363
24213790 6.149373
24211707 6.149423
24211600 6.149442
24211496 6.149449
24210047 6.149454
24207963 6.149459
24206992 6.149540
24205381 6.149561
24200511 6.149853
24196058 6.149858
24171078 6.149909
24163831 6.149913
24163404 6.149917
24163262 6.149926
24158276 6.149936
24155257 6.149940
24154662 6.149944
24152528 6.149948
24151081 6.149988
24147699 6.150004
24147385 6.150054
24146959 6.150232
24145092 6.150277
24144127 6.150309
24143727 6.150354
24092686 6.150403
24092587 6.150407
24020986 6.150421
24018272 6.150486
24017317 6.150541
24016530 6.150797
24016028 6.150823
24015429 6.150855
24014126 6.150860
24013421 6.150932
24009095 6.150936
24007300 6.150988
23969212 6.151003
23968489 6.151166
23966925 6.151253
23965931 6.151282
23965698 6.151383
23964762 6.151402
23964517 6.151438
23964061 6.151604
23963440 6.151650
23963333 6.151653
23962609 6.151895
23962145 6.151902
23953737 6.151909
23952752 6.151919
23951473 6.151929
23949949 6.151960
23948789 6.151998
23939629 6.152024
23937201 6.152109
23935601 6.152139
23934912 6.152143
23934521 6.152292
23932489 6.152376
23927566 6.152384
23923978 6.152390
23918771 6.152492
23918272 6.152552
23917684 6.154060
23917663 6.154290
23915532 6.155914
23910818 6.156050
23910753 6.156056
23910370 6.156595
23910352 6.156617
23907461 6.156622
23893558 6.157136
23891694 6.264383
23891073 6.264429
23890355 6.264772
23890263 6.269015
23888996 6.269151
23888022 6.269156
23885487 6.269163
23884630 6.269167
23883963 6.269179
23883160 6.269243
23880957 6.269255
23878987 6.269309
23876527 6.270188
23872009 6.272265
23775659 6.284525
23775520 6.284907
23760610 6.284917
23760134 6.284986
23759098 6.284996
23757345 6.285010
23756914 6.285127
23755157 6.285205
23753152 6.285210
23747771 6.285225
23742618 6.285229
23742553 6.285239
23740555 6.285267
23728159 6.285294
23727428 6.285302
23727285 6.285380
23626273 6.285858
23605367 6.285873
23599089 6.285907
23597448 6.285911
23593134 6.285915
23583781 6.285929
23583743 6.286385
23582096 6.286544
23581215 6.286595
23571694 6.286607
23567904 6.286610
23567781 6.286614
23558412 6.286620
23555361 6.286686
23516717 6.286859
23515075 6.286866
23514886 6.286953
23514329 6.286979
23514126 6.286984
23512348 6.286997
23504560 6.287065
23496192 6.287074
23494199 6.287115
23471858 6.287216
23469094 6.287224
23468044 6.287326
23461026 6.287338
23458888 6.287394
23445486 6.287404
23416421 6.287640
23413632 6.287649
23410848 6.287654
23409209 6.287661
23408035 6.289250
23403544 6.289575
23397742 6.291209
23390846 6.291219
23387859 6.291237
23387295 6.291370
23387270 6.291377
23387064 6.291389
23383574 6.291394
23381360 6.291425
23378675 6.291433
23378268 6.291437
23375395 6.291443
23374943 6.291460
23373868 6.291469
23373276 6.291512
23373044 6.291542
23372311 6.291548
23372196 6.291559
23370100 6.291568
23367728 6.291948
23366708 6.293420
23366522 6.293427
23366392 6.293464
23365311 6.293476
23364105 6.295709
23362625 6.297035
23361964 6.297066
23361633 6.297212
23361573 6.297224
23354669 6.297491
23350041 6.297497
23349351 6.297618
23348179 6.297908
23346874 6.297995
23345861 6.299983
23345733 6.300006
23345715 6.300081
23345074 6.300188
23344158 6.315444
23343971 6.315800
23343668 6.317205
23343233 6.317255
23341086 6.317283
23339372 6.317383
23337442 6.319263
23337417 6.319825
23336144 6.320696
23335134 6.321629
23334971 6.321687
23334846 6.321711
23332247 6.321717
23330299 6.321741
23329496 6.321746
23328475 6.321760
23319826 6.321785
23293101 6.324374
23288653 6.324427
23288224 6.324502
23285948 6.324592
23283152 6.324607
23280363 6.324624
23278028 6.324638
23272165 6.324642
23262912 6.324686
23262890 6.324690
23262878 6.324730
23262589 6.324866
23189752 6.325152
23189440 6.325811
23185172 6.325821
23184625 6.325832
23184105 6.326257
23178578 6.327055
23177998 6.327266
23177583 6.327378
23175496 6.327616
23171537 6.327636
23167176 6.327646
23165373 6.327955
23158355 6.327973
23147167 6.327977
23146617 6.328426
22939867 6.374187
22938441 6.374230
22935568 6.374241
22934549 6.374246
22933556 6.374354
22932607 6.374398
22932066 6.374415
22928182 6.374428
22922614 6.374710
22920168 6.374718
22917282 6.377380
22915548 6.377418
22915013 6.377438
22912027 6.377443
22911686 6.377469
22911259 6.377478
22910105 6.377481
22903474 6.377885
22897207 6.378199
22895316 6.378282
22894535 6.378327
22885910 6.378332
22884906 6.378343
22884544 6.378412
22883656 6.380095
22883143 6.380124
22881582 6.380333
22881219 6.380962
22879434 6.381047
22878137 6.381055
22876055 6.381077
22870463 6.381325
22869430 6.382545
22868751 6.382707
22868680 6.383326
22868381 6.383518
22868268 6.383581
22867974 6.383811
22867351 6.383818
22862268 6.385129
22862128 6.385154
22819202 6.385167
22788107 6.385176
22780270 6.385180
22779552 6.385183
22777775 6.385189
22777660 6.385247
22775723 6.385252
22773101 6.385257
22770379 6.385316
22768384 6.385487
22765988 6.385514
22765971 6.386773
22765157 6.387482
22758898 6.387491
22758265 6.387495
22757429 6.387539
22757067 6.387576
22756420 6.388630
22755215 6.388802
22754500 6.388823
22751147 6.388868
22748896 6.389679
22748805 6.393468
22747801 6.394287
22747215 6.394294
22746654 6.394299
22739828 6.395593
22739104 6.399713
22738745 6.399730
22736466 6.399735
22734533 6.399850
22733009 6.400634
22732308 6.400647
22731537 6.400652
22730917 6.408926
22730490 6.408968
22728349 6.408989
22726974 6.408999
22726966 6.409033
22726387 6.409056
22726027 6.409065
22724690 6.409082
22723533 6.409186
22722333 6.409460
22721936 6.409646
22720773 6.410107
22719784 6.416070
22717396 6.416384
22713877 6.416391
22713128 6.416398
22710546 6.416576
22710522 6.416797
22709652 6.416817
22709526 6.416827
22708965 6.416863
22553822 6.417313
22532893 6.417432
22532446 6.417461
22532099 6.417497
22531176 6.417621
22527639 6.417837
22526637 6.417842
22526578 6.417893
22518049 6.417909
22511871 6.417914
22511696 6.418126
22510819 6.418135
22507746 6.418158
22506886 6.418166
22505297 6.418180
22503523 6.418204
22502791 6.418281
22501779 6.420361
22500514 6.420374
22500096 6.420380
22497662 6.420386
22496926 6.420392
22492279 6.420505
22490319 6.420615
22490094 6.420708
22459214 6.420841
22456096 6.420877
22455224 6.420884
22451515 6.433736
22451052 6.434320
22448148 6.434373
22447025 6.434549
22443187 6.435172
22434556 6.435181
22433929 6.435199
22433801 6.435374
22430702 6.435394
22430541 6.435406
22428978 6.435628
22428832 6.435762
22427447 6.435768
22427186 6.435872
22426727 6.436115
22423918 6.436130
22422350 6.436253
22421041 6.436260
22418505 6.436271
22418450 6.436287
22417533 6.436351
22417385 6.436357
22417259 6.439148
22416720 6.439160
22416226 6.439232
22416024 6.439243
22415491 6.439472
22413740 6.439479
22412690 6.439573
22411607 6.439600
22411283 6.439618
22410964 6.439800
22407732 6.647542
22406745 6.647565
22406077 6.647646
22405317 6.647662
22404162 6.663202
22389297 6.663463
22387432 6.663488
22375325 6.663492
22366213 6.663498
22363982 6.665363
22363878 6.665412
22361740 6.665416
22360343 6.665425
22337333 6.665765
22326992 6.665788
22319294 6.665795
22201472 6.668451
22201329 6.668464
22200873 6.668671
22200218 6.694469
22200036 6.694810
22194660 6.748556
22170224 6.748613
22166410 6.748622
22165367 6.748626
22162924 6.748684
22160484 6.748690
22159200 6.748701
22157907 6.748722
22154304 6.748771
22152991 6.748795
22151815 6.748800
22151566 6.751601
22150059 6.751614
22147870 6.751630
22147504 6.752255
22119313 6.762036
22115969 6.762334
22114757 6.762342
22111943 6.762365
22106774 6.762376
22106035 6.762416
22105681 6.762763
22095340 6.764236
22094907 6.764257
22094641 6.764750
22091589 6.764873
22091402 6.764990
22089998 6.765198
22089640 6.765208
22089049 6.765232
22088917 6.765237
22086477 6.765361
22082690 6.765400
22081729 6.765404
22076978 6.765408
22076645 6.765411
22074103 6.765415
22053930 6.765422
22051271 6.765426
22045106 6.765444
22044985 6.765454
22038754 6.765464
22038551 6.765469
22037345 6.765852
22037278 6.766372
22037218 6.766416
22037024 6.766549
22036749 6.766575
22036502 6.773523
22032923 6.779141
22032515 6.780359
22029868 6.780384
22029197 6.791628
22029151 6.791647
22027629 6.791688
22026363 6.791692
22024987 6.791708
22024936 6.796555
22023662 6.796585
22015884 6.796907
21917862 6.797616
21917674 6.797664
21914397 6.798385
21912221 6.800178
21912178 6.800208
21912043 6.800745
21911310 6.800770
21911205 6.800818
21911093 6.800833
21910022 6.801257
21909928 6.801558
21903393 6.801681
21890576 6.801694
21890575 6.801705
21890498 6.802585
21889470 6.803135
21887844 6.803175
21887839 6.803195
21887405 6.803279
21886312 6.803631
21886276 6.803643
21882992 6.819190
21880203 6.819442
21878696 6.819868
21878692 6.824418
21878445 6.824432
21877776 6.826023
21876387 6.827827
21874420 6.829179
21870671 6.829322
21870330 6.829515
21869906 6.829522
21869175 6.829633
21867635 6.829655
21866174 6.829797
21864768 6.831758
21864664 6.831767
21864336 6.839434
21863896 6.839601
21863778 6.842782
21863705 6.842806
21863625 6.843068
21862450 6.844024
21860685 6.851900
21859967 6.852330
21857590 6.853012
21856575 6.853190
21854589 6.853215
21854316 6.853292
21853610 6.861729
21852807 6.861753
21852744 7.087621
21852317 7.087662
21849508 7.087673
21849486 7.087912
21840054 7.087963
21837226 7.087969
21835254 7.088001
21834856 7.088402
21833445 7.088448
21832779 7.088727
21831085 7.088860
21830320 7.088868
21826763 7.088872
21826148 7.089587
21826060 7.089593
21820986 7.089682
21820914 7.089699
21820697 7.092543
21820600 7.093183
21817337 7.093448
21817005 7.093454
21814726 7.093482
21814672 7.093493
21813328 7.109740
21813321 7.109757
21812591 7.109824
21811257 7.110049
21810798 7.314210
21810656 7.314226
21810162 7.317149
21809613 7.318817
21808875 7.345102
21807527 7.345234
21805120 7.345239
21800100 7.345242
21794509 7.370012
21762976 7.371767
21758529 7.371892
21752324 7.371911
21751777 7.371920
21750508 7.371923
21750102 7.372131
21747255 7.478609
21744838 7.478628
21744752 7.478649
21739942 7.478659
21737062 7.492454
21734140 7.545448
21732598 7.548515
21732025 7.548565
21727696 7.548853
21725820 7.548879
21725609 7.622585
21724786 7.622602
21717248 7.623451
21716388 7.623462
21678160 7.623483
21675330 7.623546
21673134 7.623560
21653087 7.623578
21650626 7.623596
21650542 7.623625
21649686 7.623728
21646289 7.623739
21643221 7.623765
21641308 7.623869
21636942 7.623874
21636824 7.624452
21636419 7.624502
21636305 7.624572
21636075 7.624579
21635645 7.624584
21633103 7.624936
21632167 7.624941
21631061 7.624972
21615505 7.624980
21612807 7.624985
21612498 7.625002
21611309 7.625097
21606478 7.625648
21602741 7.625702
21602440 7.625749
21598857 7.625777
21596779 7.625827
21596775 7.625924
21595334 7.625929
21594525 7.625933
21587245 7.625942
21587182 7.625947
21586635 7.626120
21584263 7.626128
21581340 7.626148
21580902 7.626161
21578290 7.626173
21577557 7.626180
21576812 7.627071
21564369 7.627394
21563277 7.627668
21556281 7.627688
21555033 7.627702
21552027 7.627706
21550918 7.627828
21549286 7.628032
21548294 7.628037
21547992 7.628348
21547559 7.628427
21547065 7.628436
21544007 7.628458
21541869 7.638283
21541654 7.638301
21537781 7.683505
21536033 7.683553
21535977 7.684250
21534762 7.686516
21534561 7.689478
21533793 7.692944
21533573 7.695597
21533368 7.713615
21533164 7.713630
21528803 7.875769
21528243 8.448591
21510848 8.448635
21508955 8.448642
21508383 8.462285
21507259 8.462399
21501878 8.462415
21501188 8.462435
21499348 8.462480
21498245 8.587680
21495759 8.587699
21493423 8.632675
21491597 8.644167
21489619 9.038328
21483912 9.038373
21483674 9.038378
21483517 9.038395
21481622 9.038428
21477692 9.038434
21476423 9.038437
21474784 9.054824
21474381 9.055724
21471737 9.055740
21471051 9.088440
21468989 9.092504
21466502 9.110439
21465866 9.111420
21465246 9.137539
21465019 9.137938
21464867 9.138039
21463429 9.139458
21446725 9.141004
21446612 9.141828
21446004 9.141873
21445398 9.158507
21442512 9.158596
21441232 9.169301
21440226 9.170877
21440170 9.170888
21439918 9.170922
21439446 9.175089
21439278 9.175109
21438779 9.175450
21436266 9.175531
21334239 9.177847
21326770 9.178542
21325592 9.178607
21325554 9.179184
21324391 9.179191
21322288 9.179236
21318731 9.179242
21317948 9.181727
21317072 9.181740
21315593 9.183812
21313132 9.183880
21311670 9.183885
21309623 9.183895
21309050 9.184073
21308741 9.184188
21306801 9.184368
21305494 9.184382
21304502 9.184389
21304468 9.184393
21301369 9.184399
21301217 9.184416
21298568 9.184483
21295849 9.184692
21292557 9.184717
21288684 9.184737
21287581 9.184761
21286794 9.184787
21286560 9.226440
21285659 9.251458
21270595 9.251922
21270555 9.251964
21269873 9.266025
21266694 9.267674
21264175 9.299812
21263465 9.749490
21261283 9.752014
21260285 9.779494
21259441 9.779536
21257947 9.779544
21257815 9.779649
21255819 11.545731
21254169 11.547813
21251461 11.653931
21249948 11.816730
21249324 11.816762
21247888 11.817172
21243455 11.817177
21242536 11.817182
21242204 11.817309
21241461 11.826717
21241197 11.826733
21241070 11.827696
21240380 11.827709
21240244 11.827807
21238224 11.832325
21237340 11.832362
21236813 11.832439
21235093 11.835857
21233138 11.835897
21227447 11.835903
21223657 11.835907
21223061 11.835911
21220713 11.835915
21220186 11.835940
21216299 11.836016
21215821 11.836020
21214914 11.842509
21214643 11.844386
21213861 11.844698
21213198 11.890324
21211979 11.890772
21211902 11.890779
21200663 11.898689
21199296 11.898711
21198929 11.899305
21198772 11.899324
21197592 11.899330
21189908 11.899334
21187941 11.900429
21187803 11.900516
21187176 11.901160
21187082 11.901215
21186606 11.901231
21186572 11.901299
21186454 11.901781
21184612 11.901824
21184460 11.902192
21184303 11.902197
21184175 11.902442
21183628 11.902458
21179334 11.902472
21177776 11.902503
21177544 11.902518
21175792 11.903209
21175583 11.903715
21173240 11.904013
21168513 11.904241
21168409 11.905182
21168329 11.905203
21166289 11.905702
21164121 11.906053
21155664 11.906145
21155514 11.906189
21154857 11.906222
21154853 11.907766
21152332 12.445604
21150619 12.445624
21150566 12.445633
21149394 12.445646
21129273 13.719939
21128731 14.420309
21128004 14.420376
21126778 14.420417
21124927 14.431437
21123940 14.454515
21122492 14.454531
21120664 14.454537
21118028 14.456963
21117140 16.164484
21116483 16.171379
21109746 16.213051
21103212 16.216853
21097269 16.216929
21092834 16.216944
21082270 16.216990
21081147 16.216995
21080723 16.217672
21078143 16.217680
21078058 16.217696
21076196 16.406671
21073072 17.034285
21072161 17.034427
21072013 17.034540
21064143 17.101101
21063365 17.101336
21058871 17.101344
21058378 17.101348
21057702 17.757880
21057114 17.758162
21056390 31.341383
21056274 31.343416
21054434 31.344417
21043987 34.749939
21042635 34.749961
21036346 34.749969
21035476 34.749998
21035417 34.750034
21035249 34.750147
21035161 34.750252
21034947 34.753200
21034801 34.753349
21031552 34.758421
21030998 34.758466
21030254 34.758571
21029732 34.758646
21027963 34.758919
21027756 34.758925
21026933 34.759006
21025571 34.775556
21025382 34.775636
21024630 34.775707
21023034 34.775711
21022807 34.775959
21022531 34.776336
21021753 34.776517
21020453 34.779760
21017434 34.779947
21017046 34.780222
21015679 34.786216
21014297 34.786233
21011420 34.789371
21010537 34.789416
21010532 34.790145
21010404 34.793888
21008512 35.214178
21008487 35.214200
21007876 35.214721
21007649 36.329059
21007644 36.330888
21003738 36.503684
21003585 36.503714
21003238 36.503718
21000666 36.503722
20998438 48.902689
20998203 58.972454
20997962 68.132635
20997727 68.263899
20997099 70.590379
20996771 76.321541
20995947 102.567890
20995308 143.126099
20994608 201.489026
20993730 218.714044
20993582 218.825083
20993403 247.627861
20993215 295.059766
20992507 372.243822
20992318 638.149868
20991558 638.149894
20991537 638.149900
20991537 1238.567514
