PROBLEM_FILE = /tmp/tsp/23349.tmp/sample.tsp
35581175 1.181318
35556913 1.181348
35552323 1.181359
35518209 1.181376
35509068 1.181385
35473069 1.181392
35469603 1.181395
35374011 1.181401
35361387 1.181409
35350743 1.181414
35340855 1.181417
35325917 1.181421
35288413 1.181426
35280880 1.181431
35280379 1.181435
35261652 1.181443
35255490 1.181446
35253850 1.181449
35248203 1.181456
35234876 1.181460
35234258 1.181467
35224185 1.181481
35219579 1.181485
35169460 1.181496
35157355 1.181501
35140307 1.181504
35135151 1.181509
35135094 1.181514
35117787 1.181518
35117708 1.181522
35106974 1.181525
35085720 1.181572
35081724 1.181626
35070127 1.181630
35035176 1.181635
35029832 1.181660
35009483 1.181665
35003819 1.181670
34974276 1.181678
34972316 1.181681
34954482 1.181690
34942681 1.181696
34931919 1.181706
34908438 1.181710
34904804 1.181717
34896598 1.181720
34892575 1.181723
34881616 1.181729
34875419 1.181738
34873576 1.181744
34868321 1.181753
34867168 1.181760
34823402 1.181773
34815837 1.181784
34804260 1.181804
34797468 1.181809
34728794 1.181813
34711283 1.181828
34701578 1.181833
34670832 1.181837
34600582 1.181841
34580497 1.181849
34570531 1.181852
34569283 1.181856
34568329 1.181870
34557665 1.181880
34474274 1.181892
34470837 1.181897
34434735 1.181907
34429610 1.181911
34420441 1.181918
34419828 1.181927
34417934 1.181931
34386832 1.181935
34367050 1.181943
34366640 1.181947
34353999 1.181954
34345222 1.181957
34336703 1.181967
34327066 1.181983
34326810 1.181987
34321497 1.181996
34314914 1.182005
34284615 1.182010
34267803 1.182013
34262717 1.182017
34208921 1.182026
34191504 1.182032
34189372 1.182036
34069357 1.182040
34051597 1.182043
34040938 1.182048
34040076 1.182055
34037250 1.182061
34031214 1.182067
34028497 1.182073
34023383 1.182076
34018481 1.182082
34015573 1.182094
34005338 1.182097
33972082 1.182103
33916566 1.182114
33914365 1.182126
33907189 1.182133
33882835 1.182142
33879519 1.182148
33860266 1.182152
33855990 1.182156
33855321 1.182160
33803005 1.182166
33802944 1.182169
33797712 1.182180
33713972 1.182189
33642096 1.182203
33633385 1.182209
33631917 1.182219
33629380 1.182229
33598060 1.182233
33156336 1.182242
33140717 1.182246
32375313 1.182250
32356875 1.182280
32275985 1.182289
32245406 1.182299
32241407 1.182303
32231255 1.182307
32201543 1.182316
32172853 1.182322
32134697 1.182333
32071065 1.182339
32070025 1.182342
32067331 1.182345
31969863 1.182361
31968313 1.182365
31966599 1.182376
31931692 1.182392
31852274 1.182396
31815147 1.182405
31799672 1.182416
31793426 1.182420
31785960 1.182425
31782585 1.182434
31781250 1.182441
31767316 1.182450
31732489 1.182458
31722374 1.182462
31715504 1.182465
31715073 1.182474
31689294 1.182488
31687986 1.182492
31681533 1.182498
31679836 1.182508
31678647 1.182514
31673915 1.182520
31329637 1.182534
31321396 1.182545
31300900 1.182553
31292489 1.182557
31283564 1.182561
31272590 1.182564
31264492 1.182568
31263491 1.182572
31233885 1.182580
31226351 1.182585
31220055 1.182595
31215633 1.182626
31200517 1.182637
31191057 1.182642
31186480 1.182651
31176379 1.182658
31169601 1.182662
31168960 1.182665
31167908 1.182672
31158416 1.182676
31115903 1.182685
31112981 1.182689
31102674 1.182702
31088660 1.182707
31080988 1.182717
31076597 1.182722
31068603 1.182725
31068206 1.182741
30950569 1.182752
30935935 1.182757
30909241 1.182760
30902433 1.182779
30897793 1.182787
30884053 1.182790
30864656 1.182804
30861923 1.182808
30860301 1.182812
30847438 1.182829
30847400 1.182833
30830708 1.182837
30823244 1.182840
30809748 1.182843
30800522 1.182847
30769056 1.182857
30760716 1.182867
30736533 1.182872
30734394 1.182875
30718091 1.182886
30714034 1.182890
30711465 1.182894
30700202 1.182969
30634170 1.182974
30632611 1.182978
30630874 1.182983
30624427 1.182988
30598351 1.183002
30572339 1.183007
30569493 1.183015
30559783 1.183023
30558267 1.183027
30478637 1.183040
30470236 1.183051
30467049 1.183068
30464298 1.183072
30462875 1.183093
30459531 1.183097
30458115 1.183100
30450102 1.183111
30425693 1.183125
30410944 1.183130
30408272 1.183139
30400387 1.183143
30017498 1.183159
30013489 1.183182
29985119 1.183186
29983519 1.183215
29925101 1.183223
29906079 1.183235
29905163 1.183268
29904063 1.183272
29897932 1.183292
29886867 1.183297
29884447 1.183301
29881168 1.183311
29880245 1.183317
29877133 1.183322
29830365 1.183332
29817149 1.183338
29813970 1.183348
29797013 1.183352
29794544 1.183356
29678132 1.183374
29676049 1.183378
29674870 1.183382
29662514 1.183397
29642312 1.183409
29639402 1.183412
29630078 1.183418
29621600 1.183422
29618952 1.183426
29617253 1.183438
29615987 1.183447
29611483 1.183451
29531668 1.183462
29522416 1.183466
29501953 1.183470
29501438 1.183483
29489799 1.183487
29432194 1.183490
29189379 1.183530
29178581 1.183534
29159493 1.183540
29142369 1.183546
29129387 1.183563
29106497 1.183570
29103901 1.183573
29099621 1.183578
29076969 1.183590
29076376 1.183596
29069035 1.183614
29066309 1.183618
29057158 1.183627
29053173 1.183634
29050761 1.183652
29045520 1.183661
29034392 1.183665
28956498 1.183671
28939158 1.183675
28929552 1.183680
28927900 1.183691
28900593 1.183705
28858705 1.183716
28858253 1.183738
28847023 1.183741
28825392 1.183747
28820238 1.183750
28807843 1.183760
28790484 1.183768
28771683 1.183776
28770023 1.183781
28754402 1.183792
28748282 1.183798
28747923 1.183805
28743729 1.183809
28743002 1.183813
28735343 1.183816
28734411 1.183820
28715602 1.183832
28684473 1.183849
28678465 1.183865
28673671 1.183880
28671648 1.183887
28660940 1.183891
28158345 1.183906
28142936 1.183910
28128415 1.183913
28111882 1.183916
28100528 1.183929
28091869 1.183940
28078680 1.183944
28062021 1.183949
28061573 1.183952
28058629 1.183956
28048172 1.183963
28005852 1.183968
28003804 1.183973
27997379 1.183980
27985533 1.183984
27985499 1.183987
27982854 1.183992
27981195 1.184003
27944950 1.184018
27906424 1.184028
27901990 1.184031
27878131 1.184034
27870347 1.184038
27865116 1.184043
27861775 1.184064
27852582 1.184068
27823512 1.184079
27819727 1.184083
27813474 1.184087
27801954 1.184091
27791318 1.184096
27789253 1.184100
27787261 1.184103
27770806 1.184133
27758935 1.184156
27757842 1.184177
27747226 1.184181
27738615 1.184193
27726768 1.184202
27723078 1.184206
27669535 1.184217
27668819 1.184224
27658558 1.184234
27630061 1.184240
27612371 1.184246
27589782 1.184250
27580310 1.184283
27556474 1.184288
27556307 1.184292
27534426 1.184297
27527231 1.184300
27519313 1.184305
27511315 1.184324
27488975 1.184328
27480014 1.184344
27475635 1.184348
27453781 1.184352
27449036 1.184359
27441542 1.184363
27436397 1.184368
27426906 1.184376
27426675 1.184380
27414490 1.184396
27411264 1.184400
27386459 1.184422
27365617 1.184428
26849727 1.184435
26320038 1.184464
26316222 1.184474
26082387 1.184482
26077909 1.184491
26031386 1.184497
26014816 1.184503
26008428 1.184513
25983818 1.184523
25981064 1.184528
25980833 1.184532
25970766 1.184544
25956129 1.184548
25935992 1.184554
25924424 1.184558
25911702 1.184561
25910088 1.184565
25886941 1.184572
25883296 1.184584
25877167 1.184589
25869777 1.184600
25869081 1.184610
25856894 1.184613
25847712 1.184616
25845587 1.184620
25819724 1.184626
25774830 1.184634
25768332 1.184639
25762578 1.184642
25752014 1.184645
25735099 1.184649
25723588 1.184653
25706058 1.184668
25705912 1.184692
25699707 1.184696
25683866 1.184701
25682373 1.184704
25680890 1.184707
25661202 1.184724
25658475 1.184729
25657745 1.184735
25652260 1.184738
25642583 1.184748
25638238 1.184755
25637609 1.184761
25637306 1.184765
25632226 1.184782
25627579 1.184786
25622638 1.184795
25622196 1.184800
25613581 1.184804
25606353 1.184817
25604211 1.184821
25595700 1.184857
25585808 1.184865
25547759 1.184873
25459254 1.184890
25458560 1.184903
25455956 1.184907
25447296 1.184915
25425030 1.184918
25418528 1.184927
25412902 1.184930
25408812 1.184936
25404355 1.184941
25402529 1.184955
25395761 1.184963
25380450 1.184970
25377726 1.184974
25366628 1.185030
25366554 1.185035
25337283 1.185048
25303718 1.185065
25297064 1.185090
25294582 1.185098
25287362 1.185102
25275406 1.185107
25266761 1.185111
25246157 1.185114
24586457 1.185146
24541015 1.185156
24365578 1.185171
24362269 1.185175
24251506 1.185182
24247087 1.185186
24232193 1.185190
24224671 1.185193
24217982 1.185196
24207321 1.185201
23899452 1.185214
23885037 1.185217
23842699 1.185230
23777847 1.185234
23753447 1.185244
23750171 1.185247
23729488 1.185260
23722557 1.185263
23720053 1.185267
23716170 1.185276
23714118 1.185283
23693385 1.185286
23688883 1.185298
23687492 1.185302
23665406 1.185307
23657290 1.185311
23655344 1.185319
23647600 1.185323
23646295 1.185338
23639633 1.185395
23631526 1.185406
23631238 1.185409
23622348 1.185417
23621283 1.185426
23603996 1.185436
23541926 1.185441
23517870 1.185449
23516639 1.185457
23512432 1.185463
23503811 1.185467
23501014 1.185470
23482101 1.185503
23440719 1.185509
23379745 1.185518
23368434 1.185521
23366634 1.185525
23354339 1.185539
23300323 1.185552
23234357 1.185562
23226867 1.185565
23224128 1.185570
23208583 1.185575
23197209 1.185578
23183087 1.185585
23047283 1.185592
22794156 1.185595
22778303 1.185599
22749475 1.185611
22748128 1.185615
22742172 1.185623
22740972 1.185632
22729745 1.185637
22718715 1.185641
22714995 1.185644
22702647 1.185651
22700675 1.185655
22698933 1.185659
22696326 1.185662
22692497 1.185676
22683499 1.185680
22683252 1.185685
22681660 1.185688
22680228 1.185767
22655417 1.185771
22649824 1.185774
22647873 1.185787
22646200 1.185802
22640533 1.185807
22639507 1.185813
22626753 1.185817
22620943 1.185820
22599282 1.185824
22598078 1.185865
22594690 1.185870
22584546 1.185875
22577286 1.185884
22576159 1.185907
22572216 1.185916
22559383 1.185920
22555371 1.185928
22555135 1.185932
22553723 1.185938
22553152 1.185941
22551339 1.185944
22547679 1.185958
22536380 1.185964
22533646 1.185967
22527345 1.185971
22521272 1.185975
22520971 1.185978
22519456 1.185984
22508548 1.185988
22507882 1.186002
22467868 1.186009
22446596 1.186013
22444949 1.186027
22433408 1.186044
22407034 1.186047
22400498 1.186051
22395728 1.186056
22389923 1.186061
22378021 1.186064
22375050 1.186080
22374689 1.186084
22365429 1.186100
22226835 1.186104
22218100 1.186107
22214052 1.186124
22209853 1.186129
22198645 1.186133
22196526 1.186139
22185751 1.186172
22185750 1.186177
22184092 1.186181
22177633 1.186187
22176881 1.186191
22176458 1.186199
22174193 1.186203
22171286 1.186206
22160966 1.186217
22158258 1.186232
22152047 1.186239
22143398 1.186242
22139765 1.186263
22131985 1.186267
22126264 1.186288
22090982 1.186304
22085635 1.186311
22079304 1.186328
22077182 1.186332
22071067 1.186348
22042429 1.186356
22025826 1.186360
22006089 1.186371
22000186 1.186376
21969406 1.186401
21963339 1.186417
21958825 1.186429
21955628 1.186437
21950098 1.186441
21949830 1.186450
21948109 1.186456
21947373 1.186459
21940677 1.186475
21927456 1.186495
21800202 1.186503
21792093 1.186508
21785145 1.186536
21773323 1.186540
21769588 1.186544
21763559 1.186570
21762565 1.186575
21731140 1.186587
21730860 1.186592
21710502 1.186600
21708804 1.186739
21643273 1.186754
21634818 1.186768
21633593 1.186773
21632483 1.186788
21628283 1.186792
21627933 1.186947
21627656 1.186966
21605524 1.186998
21600234 1.187023
21596405 1.187028
21584389 1.187037
21578959 1.187044
21576840 1.187048
21549068 1.187060
21510523 1.187108
21507164 1.187112
21489515 1.187122
21488910 1.187127
21487932 1.187132
21365541 1.187146
21360555 1.187151
21343394 1.187162
21312837 1.187170
21312585 1.187173
21303039 1.187179
21293314 1.187199
21292480 1.187203
21289119 1.187211
21279417 1.187215
21273634 1.187218
21267983 1.187223
21262261 1.187227
21246769 1.187313
21244055 1.187322
20582152 1.187327
20575917 1.187333
20536453 1.187341
20534010 1.187395
20522044 1.187405
20483043 1.187425
20480018 1.187429
20465321 1.187432
20461523 1.187436
20449250 1.187439
20447161 1.187444
20444616 1.187447
20444164 1.187460
20431442 1.187468
20297825 1.187493
20293755 1.187497
20270392 1.187515
20266213 1.187519
20265180 1.187522
20264008 1.187531
20263442 1.187547
20247377 1.187553
20240334 1.187561
20239176 1.187572
20234173 1.187584
20229893 1.187588
20228929 1.187613
20227143 1.187622
20217228 1.187626
20216658 1.187640
20198601 1.187652
20198586 1.187668
20194070 1.187672
20188713 1.187675
20177808 1.187681
20176431 1.187685
20174893 1.187688
20154216 1.187698
20151334 1.187709
20145570 1.187713
20144481 1.187746
19967375 1.187750
19905347 1.187788
19902514 1.187792
19859217 1.187811
19854923 1.187814
19854539 1.187819
19849103 1.187823
19847098 1.187829
19839354 1.187833
19684550 1.187847
19663505 1.187852
19645134 1.187856
19640778 1.187864
19639484 1.187872
19611840 1.187891
19600238 1.187896
19599447 1.187901
19589997 1.187905
19585693 1.187988
19583475 1.187994
19574160 1.188007
19571679 1.188011
19554721 1.188016
19551882 1.188020
19549337 1.188031
19546881 1.188035
19533285 1.188042
19529752 1.188051
19523512 1.188055
19506143 1.188058
19480563 1.188067
19447559 1.188071
19447526 1.188074
19349765 1.188083
19321372 1.188091
19318471 1.188103
19308701 1.188161
19306305 1.188182
19296263 1.188190
19295714 1.188197
19273518 1.188207
19263064 1.188217
19251497 1.188221
19248957 1.188236
19244662 1.188246
19244585 1.188251
19232561 1.188261
19232171 1.188270
19220494 1.188274
19220216 1.188278
19215471 1.188290
19210120 1.188296
19185205 1.188312
19175233 1.188320
19167121 1.188349
19165978 1.188375
18766565 1.188395
18766198 1.188408
18762081 1.188413
18761032 1.188447
18735472 1.188453
18733910 1.188475
18708692 1.188490
18706517 1.188499
18657249 1.188505
18652610 1.188508
18650689 1.188512
18071975 1.188528
18054960 1.188553
18053724 1.188559
18053117 1.188567
18050606 1.188572
18045400 1.188581
18030458 1.188592
18016801 1.188596
18013075 1.188601
18006322 1.188606
17990757 1.188619
17984327 1.188624
17984216 1.188639
17975906 1.188643
17975249 1.188647
17973126 1.188666
17970278 1.188670
17967757 1.188674
17961705 1.188681
17958473 1.188696
17948749 1.188712
17946579 1.188736
17936741 1.188741
17901510 1.188748
17898870 1.188752
17891058 1.188764
17887225 1.188767
17882321 1.188771
17866141 1.188803
17863715 1.188819
17862919 1.188826
17862511 1.188829
17858554 1.188846
17839892 1.188854
17823827 1.188864
17816170 1.188869
17811469 1.188873
17810298 1.188886
17612425 1.188898
17610856 1.188935
17609974 1.188940
17606748 1.188944
17605895 1.188949
17605347 1.188969
17604437 1.189071
17595539 1.189076
17581204 1.189091
17574236 1.189098
17532130 1.189109
17518442 1.189141
17512930 1.189145
17511240 1.189181
17506326 1.189185
17503790 1.189200
17503702 1.189225
17500199 1.189229
17482634 1.189233
17481697 1.189247
17478292 1.189251
17474490 1.189263
17276209 1.189381
17274645 1.189402
17264648 1.189408
17261405 1.189412
17256006 1.189635
17250249 1.189674
17245439 1.189722
17244860 1.189777
17244225 1.189786
17243116 1.189790
17236607 1.189795
17235107 1.189799
17221643 1.189833
17219603 1.189839
17216647 1.189847
17213760 1.189906
17210186 1.189912
17201261 1.189917
17196656 1.189923
17186819 1.189927
17179277 1.189939
17054535 1.189982
17050651 1.189989
17045992 1.189998
17044875 1.190010
17043164 1.190026
17042099 1.190047
17036304 1.190052
17035880 1.190068
17029482 1.190078
17028643 1.190099
17020513 1.190104
17018626 1.190109
17014141 1.190126
17011731 1.190133
17002037 1.190154
16994848 1.190158
16986291 1.190163
16982813 1.190239
16971459 1.190293
16967625 1.190301
16956533 1.190328
16946656 1.190343
16944021 1.190366
16924345 1.190378
16922764 1.190381
16922500 1.190386
16916854 1.190393
16915554 1.190397
16785279 1.190420
16782520 1.190462
16773161 1.190466
16773018 1.190490
16765879 1.190739
16765688 1.190744
16763242 1.190752
16760136 1.190775
16754414 1.190779
16733342 1.190789
16712353 1.190795
16711810 1.190857
16703769 1.190862
16703137 1.190922
16702819 1.190930
16589813 1.190944
16588041 1.190951
16585612 1.190972
16581525 1.190976
16562221 1.190988
16548529 1.191002
16519938 1.191007
16519750 1.191022
16519066 1.191309
16518555 1.191317
16518223 1.191322
16516142 1.191344
16506515 1.191351
16503034 1.191361
16502993 1.191370
16475940 1.191379
16464011 1.191393
16462377 1.191399
16461721 1.191429
16459966 1.191439
16455679 1.191461
16454701 1.191470
16451283 1.191531
16430129 1.191551
16377841 1.191562
16365643 1.191601
16361280 1.191607
16353854 1.191618
16349122 1.191622
16348531 1.191629
16345466 1.191634
16344180 1.191686
16336779 1.191725
16333691 1.191764
16329659 1.191961
16325756 1.191967
16325753 1.192148
16318293 1.192153
16309645 1.192184
16167700 1.192194
15766584 1.192197
15766298 1.192201
15764962 1.192207
15762029 1.192225
15760792 1.192271
15742271 1.192277
15728728 1.192322
15727988 1.192340
15727237 1.192374
15722598 1.192384
15721156 1.192392
15720466 1.192406
15707212 1.192421
15696766 1.192438
15691152 1.192446
15684764 1.192462
15684151 1.192465
15684078 1.192633
15683719 1.192735
15669210 1.193375
15667806 1.193389
15664889 1.193402
15664045 1.193430
15550919 1.193450
15544160 1.193464
15541692 1.193484
15540634 1.193815
15537947 1.193822
15534063 1.193884
15534036 1.193916
15532243 1.194006
15531358 1.194040
15530383 1.194050
15529914 1.194054
15527460 1.194060
15508387 1.194076
15504759 1.194254
15487939 1.194259
15475521 1.194265
15472644 1.194276
15457915 1.194597
15457425 1.194656
15456841 1.194671
15456655 1.194675
15448673 1.194698
15447318 1.194709
15445303 1.194730
15445169 1.194765
15443833 1.194825
15438350 1.195072
15438250 1.195080
15436571 1.195116
15431764 1.195288
15428609 1.195302
15014025 1.195429
15006869 1.195436
14995251 1.195480
14976448 1.195491
14972435 1.195496
14964032 1.195504
14962814 1.195547
14956435 1.195555
14956035 1.195699
14954776 1.195850
14951464 1.196013
14950006 1.196019
14947973 1.196280
14945162 1.196407
14942910 1.196715
14938049 1.199092
14925509 1.199102
14924420 1.199134
14911571 1.200834
14910014 1.200847
14909221 1.200884
14907241 1.200890
14896166 1.200899
14895877 1.200912
14895852 1.200967
14894306 1.200972
14894135 1.200976
14891594 1.200988
14890188 1.200995
14890081 1.201006
14885824 1.201014
14882072 1.201054
14881314 1.202197
14867554 1.202210
14863694 1.202260
14861914 1.202276
14854243 1.202408
14851943 1.203993
14850776 1.204003
14848047 1.204063
14847504 1.204068
14841825 1.204301
14835427 1.204306
14834591 1.204360
14833731 1.204383
14829345 1.204444
14820749 1.204449
14809050 1.204459
14801031 1.204508
14793851 1.204513
14791499 1.204533
14790864 1.204538
14788141 1.204554
14786817 1.204582
14781843 1.204607
14780003 1.204769
14776655 1.205046
14773579 1.205092
14507448 1.205121
14501802 1.205153
14499038 1.205183
14497836 1.205209
14491383 1.205216
14489550 1.205245
14487307 1.205265
14481400 1.205547
14480045 1.205650
14473634 1.205657
14473417 1.205669
14460321 1.205754
14458452 1.205759
14457180 1.205775
14445545 1.205781
14432421 1.205786
14432360 1.205796
14431457 1.205813
14430257 1.205875
14427009 1.205880
14423005 1.205883
14416697 1.206735
14416575 1.212373
14415542 1.212395
14415392 1.212520
14403590 1.212750
14399860 1.212778
14394531 1.212789
14390072 1.212819
14388245 1.212890
14385334 1.212907
14385068 1.212912
14368757 1.212939
14362678 1.212948
14357708 1.213075
14355085 1.213154
14320239 1.213197
14291640 1.213248
14290992 1.213255
14287733 1.213265
14287325 1.213277
14284135 1.213316
14283758 1.213322
14281573 1.213378
14272374 1.213387
14240948 1.213410
14240221 1.213433
14237125 1.213454
14235799 1.213471
14233425 1.213477
14231477 1.213481
14230666 1.213967
14230075 1.213976
14225784 1.213980
14219557 1.213983
14219436 1.213987
14216831 1.213994
14210808 1.214049
14204906 1.214098
14202212 1.214105
14198937 1.214408
14198404 1.214414
14195757 1.214589
14187623 1.214603
14185932 1.214630
14178072 1.214666
14172255 1.214672
14171133 1.214681
14169583 1.214687
14168493 1.214691
14165997 1.214696
14165127 1.546300
14161842 1.546435
14161376 1.546445
14159252 1.546452
14156700 1.546466
14150455 1.546472
14148647 1.546482
14144483 1.546511
14142180 1.546524
14142015 1.546529
14137880 1.546533
14137663 1.546552
14132928 1.546574
14132672 1.546580
14131957 1.552770
14131774 1.552948
14130896 1.553027
14129745 1.553519
14121126 1.553568
14120955 1.553718
14058474 1.555997
14054644 1.556044
14051148 1.556053
14045294 1.556057
14044094 1.556093
14034500 1.556466
14034066 1.556831
14032250 1.556855
14025957 1.556871
14024365 1.617813
14022927 1.617834
14020636 1.617857
14020103 1.617987
14013658 1.617992
14011379 1.618009
14009160 1.618033
14007138 1.618047
14004008 1.618066
14002961 1.618070
13998114 1.618075
13996586 1.618094
13989444 1.618123
13988680 1.674106
13987568 1.674228
13983174 1.674234
13981444 1.784982
13978056 1.785019
13977859 1.785076
13974924 1.880549
13955150 1.880611
13952608 1.880643
13949077 1.880718
13944443 1.880733
13942338 1.880896
13938770 1.881115
13931316 1.881121
13903829 1.881138
13879806 1.881146
13876978 1.881153
13876771 1.881158
13875646 1.881203
13863254 1.881969
13861665 1.882055
13859801 1.882096
13853778 1.882111
13850471 1.882161
13848978 1.882186
13848672 1.882255
13845981 1.882338
13845743 1.882342
13841478 1.882349
13839965 1.882387
13836213 1.883242
13836189 1.884269
13833287 1.884312
13828483 1.884693
13817319 1.884725
13817129 1.884730
13814446 1.884792
13813461 1.884839
13812004 1.884959
13807023 1.884964
13798717 1.884984
13795577 1.884988
13794731 1.884993
13794657 1.888311
13774477 1.888324
13771760 1.890800
13771587 1.890835
13769981 1.890839
13767701 1.890973
13760385 1.890978
13756991 1.890992
13755761 1.891000
13753467 1.891010
13748429 1.891013
13745002 1.891018
13744913 1.891045
13744518 1.891078
13744031 1.891331
13710057 1.891341
13708773 1.891369
13707117 1.891376
13706864 1.891383
13706058 1.892390
13705836 1.892397
13704931 1.892405
13703478 1.892409
13703109 1.892413
13703036 1.892605
13702677 1.892682
13699395 1.892688
13698922 1.892706
13696655 1.892789
13695919 1.892861
13695568 1.893358
13693104 1.893846
13690452 1.893852
13689603 1.894128
13688956 1.910603
13687601 1.910701
13684067 1.910713
13683941 1.910724
13683462 1.910792
13683256 1.910822
13680662 1.910825
13679102 1.910829
13678045 1.911010
13672270 1.911337
13670359 1.913007
13670078 1.913014
13668289 1.913031
13663771 1.913047
13661061 1.913050
13660679 1.913439
13660410 1.998244
13658119 1.998294
13655801 2.214238
13653747 2.214552
13652488 2.214559
13652409 2.214581
13652298 2.442233
13650639 2.473356
13649619 2.473370
13649261 2.481101
13647803 2.902353
13647684 2.902370
13647137 2.938422
13646471 2.938587
13645116 2.938614
13644705 2.938625
13640371 2.938644
13638743 2.938719
13595465 2.938723
13591022 2.938784
13590865 2.939135
13590674 2.939151
13590656 2.939180
13586858 2.939197
13586586 2.939481
13585835 2.939530
13583920 2.939570
13580483 2.939584
13580266 2.939627
13580253 2.953387
13578803 2.960073
13578674 2.960168
13576478 2.960484
13575616 3.046516
13575095 3.047342
13574338 3.047465
13571021 3.047507
13570878 3.047811
13569483 3.047824
13569077 3.048661
13565245 3.048681
13554242 3.051856
13550895 3.051906
13550314 3.052035
13549655 3.052045
13548840 3.052095
13547750 3.052100
13547479 3.052107
13545706 3.052262
13544321 3.053623
13543896 3.053667
13540171 3.054114
13540061 3.061563
13539904 3.127411
13539687 3.127431
13535818 3.175722
13534874 3.209236
13532370 3.209286
13529487 3.209340
13528105 3.274185
13527201 3.274201
13526791 3.274269
13525649 3.274283
13524745 3.274288
13522993 3.277680
13519218 3.277701
13517543 3.667085
13517003 3.667294
13513185 3.667331
13512026 3.673295
13512016 3.845477
13511965 3.954751
13510601 3.963832
13509232 4.039883
13507713 5.874349
13507410 5.874374
13507400 6.046971
13503509 6.159930
13495995 6.159946
13493014 6.159980
13491755 6.160375
13489504 6.160380
13484985 6.160386
13484665 6.160867
13484437 6.160999
13482196 6.161029
13481826 6.161112
13462219 6.209480
13462205 6.209499
13460747 6.209785
13460372 6.452069
13460330 6.488662
13459836 6.965840
13459794 7.023835
13459567 11.403129
13458453 11.403169
13457575 11.403173
13455535 27.094378
13455087 30.162076
13455028 30.238585
13453996 35.419411
13453917 35.420235
13453691 35.729039
13452921 36.258071
13452515 36.258089
13452375 36.258170
13452149 36.258175
13451753 39.702061
13451613 39.702176
13450653 482.905175
13450653 1082.916649
