PROBLEM_FILE = /tmp/tsp/11025.tmp/example.tmp
10540894 0.086048
10504496 0.086065
10397487 0.086070
10377282 0.086077
10314992 0.086080
10222003 0.086088
10095322 0.086101
9572472 0.086108
9517755 0.086115
9511624 0.086119
9456610 0.086125
9443118 0.086129
9256838 0.086132
9224132 0.086138
9204098 0.086141
9082306 0.086145
9041584 0.086148
9040923 0.086158
9034373 0.086164
9029564 0.086168
8982628 0.086189
8982088 0.086194
8947236 0.086204
8924983 0.086211
8919690 0.086215
8889522 0.086229
8867118 0.086242
8805077 0.086246
8777307 0.086252
8768497 0.086269
8767788 0.086276
8767520 0.086280
8767144 0.086283
8722580 0.086288
7764162 0.086303
7751325 0.086315
7734118 0.086332
7714211 0.086336
7636967 0.086339
7634066 0.086342
7607683 0.086345
7594546 0.086349
7558120 0.086381
7530086 0.086392
7512443 0.086400
7493748 0.086406
7421371 0.086412
7410288 0.086415
7136220 0.086423
7134148 0.086427
7095146 0.086435
7087834 0.086446
7064078 0.086449
6915749 0.086454
6914483 0.086457
6914169 0.086460
6911992 0.086463
6904362 0.086466
6881702 0.086470
6828172 0.086477
6821263 0.086480
6814251 0.086484
6789527 0.086489
6789137 0.086492
6765833 0.086496
6765337 0.086501
6748113 0.086512
6746295 0.086516
6681262 0.086520
6664082 0.086524
6649049 0.086546
6641039 0.086553
6617680 0.086557
6607248 0.086573
6601089 0.086576
6578687 0.086685
6558452 0.086700
6555247 0.086717
6549326 0.086729
6535439 0.086759
6505573 0.086786
6479851 0.086794
6477297 0.086812
6475627 0.086819
6466001 0.086828
6465188 0.086831
6449651 0.086837
6377329 0.086893
6322534 0.086900
6235354 0.086908
6233693 0.086912
6229460 0.086916
6224193 0.086919
6218680 0.086925
6213910 0.086961
6186455 0.086965
6173456 0.086969
6172655 0.086975
5996515 0.086979
5993887 0.086987
5992611 0.087002
5991362 0.087012
5962996 0.087024
5958187 0.087028
5938450 0.087032
5933816 0.087035
5904260 0.087050
5840614 0.087055
5835722 0.087059
5800727 0.087067
5800691 0.087071
5798069 0.087109
5794112 0.087125
5781592 0.087131
5779968 0.087184
5764347 0.087190
5743325 0.087193
5717295 0.087196
5712298 0.087202
5698427 0.087205
5694442 0.087711
5690976 0.087848
5682434 0.087931
5656087 0.087982
5649776 0.088005
5645270 0.088348
5643460 0.088388
5636486 0.088408
5630417 0.088411
5620693 0.088451
5618665 0.088455
5614682 0.088465
5607100 0.088563
5584953 0.088567
5583741 0.088589
5576290 0.088598
5567468 0.092547
5563071 0.092560
5551942 0.095016
5539432 0.095055
5528503 0.095067
5510107 0.095792
5508583 0.095818
5497647 0.095822
5467244 0.095836
5449419 0.096125
5438947 0.096793
5427089 0.096842
5425867 0.096861
5425003 0.098419
5421022 0.101955
5418921 0.102001
5417518 0.102006
5413121 0.102115
5401787 0.102125
5377118 0.107136
5372816 0.108344
5371125 0.111108
5369853 0.138421
5366415 0.277090
5365218 0.509217
5362661 0.510414
5361672 0.616007
5358280 0.690682
5357589 0.780799
5357589 600.832870
