PROBLEM_FILE = /tmp/tsp/11382.tmp/example.tmp
49092342 4.660043
49057608 4.660076
49056132 4.660087
49048464 4.660091
49047834 4.660094
49036443 4.660099
49033467 4.660103
49033206 4.660110
49021275 4.660126
48989209 4.660133
48968534 4.660145
48967533 4.660148
48937595 4.660161
48935418 4.660164
48931584 4.660186
48926356 4.660194
48906655 4.660205
48883746 4.660214
48880029 4.660232
48855685 4.660246
48632688 4.660259
48628220 4.660265
48611895 4.660279
48608514 4.660286
48599590 4.660290
48597228 4.660294
48589479 4.660299
48582263 4.660302
48581060 4.660313
48571821 4.660330
48557388 4.660341
48476230 4.660359
48475509 4.660368
48472527 4.660371
48308402 4.660375
48277160 4.660379
48254972 4.660394
48243268 4.660401
48241499 4.660407
48142861 4.660423
48127217 4.660427
48113333 4.660432
48105603 4.660435
48098304 4.660438
48092070 4.660442
48088055 4.660445
48081410 4.660451
48074499 4.660462
48069830 4.660467
48067947 4.660471
48067323 4.660474
48058246 4.660488
48021864 4.660493
47928055 4.660505
47921152 4.660509
47870400 4.660518
47837529 4.660526
47831782 4.660530
47830876 4.660533
47062519 4.660556
47061972 4.660561
47057654 4.660566
47045294 4.660573
47038760 4.660576
47032870 4.660595
47032321 4.660608
47030046 4.660613
46997382 4.660625
46992031 4.660640
46984424 4.660643
46983800 4.660647
46970201 4.660655
46968088 4.660659
46952556 4.660666
46809846 4.660669
46799190 4.660684
46766992 4.660695
46757374 4.660700
46745588 4.660703
46709703 4.660712
46680580 4.660721
46680442 4.660725
46680284 4.660736
46677930 4.660739
46672753 4.660743
46672216 4.660748
46664222 4.660754
46660164 4.660757
46658964 4.660770
46656348 4.660774
46654215 4.660785
46650230 4.660789
46649346 4.660798
46637989 4.660821
46635358 4.660847
46628433 4.660851
46626293 4.660866
46593386 4.660874
46593222 4.660889
46586474 4.660893
46534963 4.660906
46526913 4.660915
46525827 4.660919
46525309 4.660945
46515933 4.660955
46513216 4.660966
46478624 4.660971
46473891 4.660987
46467036 4.660991
46457684 4.660995
46437491 4.660999
46428749 4.661007
46404021 4.661022
46280456 4.661029
46273294 4.661033
46265517 4.661037
46260012 4.661053
46257780 4.661058
46245782 4.661068
46244043 4.661072
46236435 4.661083
46236086 4.661100
46232199 4.661115
46229203 4.661126
46228110 4.661137
46226642 4.661142
46226522 4.661146
46224957 4.661151
46212250 4.661157
46209763 4.661163
46202453 4.661170
46190962 4.661178
46188978 4.661184
46182697 4.661191
46180649 4.661197
46170668 4.661208
46166750 4.661212
46163885 4.661224
46161182 4.661235
46157665 4.661245
46138848 4.661254
46135021 4.661265
46064005 4.661300
46063544 4.661303
46057150 4.661326
46056637 4.661329
46053202 4.661338
46051737 4.661342
46043264 4.661345
45954547 4.661371
45953381 4.661377
45949008 4.661381
45944070 4.661392
45880193 4.661399
45877137 4.661402
45875067 4.661406
45872232 4.661413
45860134 4.661418
45858147 4.661425
45848970 4.661428
45835624 4.661432
45811177 4.661442
45809302 4.661446
45791205 4.661451
45707640 4.661457
45704919 4.661474
45672418 4.661478
45651320 4.661486
45649740 4.661490
45627404 4.661505
45613586 4.661521
45607019 4.661535
45603372 4.661543
45569272 4.661553
45567506 4.661556
45563713 4.661561
45555558 4.661566
45555548 4.661573
45541634 4.661578
45540781 4.661582
45540735 4.661590
45539746 4.661593
45535896 4.661596
45534164 4.661605
45532839 4.661626
45486072 4.661636
45457624 4.661657
45437774 4.661663
45437697 4.661667
45435090 4.661670
45432767 4.661675
45417269 4.661679
45411978 4.661682
45392567 4.661688
45386453 4.661696
45385678 4.661699
45379905 4.661702
45313444 4.661721
45309407 4.661730
45302426 4.661768
45301621 4.661773
45293139 4.661779
45286697 4.661788
45273108 4.661795
45261548 4.661799
45253307 4.661811
45251469 4.661816
45241407 4.661825
45237662 4.661854
45236079 4.661857
45232701 4.661861
45201429 4.661865
45187231 4.661869
45168300 4.661877
45151850 4.661883
45147528 4.661887
45146910 4.661890
45144031 4.661897
45139014 4.661905
45130152 4.661912
45124777 4.661916
45114082 4.661921
45102010 4.661924
45101967 4.661927
45087459 4.661931
45081644 4.661949
45077969 4.661964
45075791 4.661968
45039442 4.661981
45038191 4.661986
45020816 4.661993
45012325 4.661998
45009060 4.662005
45008256 4.662024
45004877 4.662039
44990835 4.662045
44988316 4.662050
44971450 4.662054
44970739 4.662058
44954629 4.662064
44943761 4.662084
44942574 4.662097
44924250 4.662101
44919904 4.662104
44917319 4.662108
44911195 4.662112
44904329 4.662116
44891553 4.662119
44883843 4.662129
44883620 4.662147
44877763 4.662159
44873399 4.662166
44868278 4.662173
44867502 4.662176
44864360 4.662184
44856588 4.662193
44844148 4.662201
44840446 4.662204
44830010 4.662208
44817736 4.662212
44813013 4.662215
44804348 4.662244
44800576 4.662248
44798826 4.662256
44798581 4.662260
44796638 4.662267
44795154 4.662285
44791942 4.662307
44791454 4.662311
44787306 4.662317
44778427 4.662325
44768519 4.662332
44767999 4.662335
44753282 4.662343
44731541 4.662350
44730046 4.662363
44729072 4.662367
44726127 4.662370
44724753 4.662373
44600709 4.662378
44572552 4.662391
44567492 4.662395
44565977 4.662398
44565016 4.662403
44545179 4.662409
44524658 4.662412
44504364 4.662418
44482590 4.662427
44479580 4.662435
44465602 4.662440
44465552 4.662443
44462692 4.662448
44284657 4.662458
44284121 4.662463
44279368 4.662471
44225601 4.662490
44221071 4.662494
44182824 4.662507
44147123 4.662519
44143970 4.662522
44113793 4.662533
44106105 4.662560
44103964 4.662571
44089685 4.662578
44088238 4.662582
44085966 4.662587
44085045 4.662592
44083637 4.662595
44073921 4.662602
44073674 4.662606
44071819 4.662611
44066555 4.662618
44056995 4.662629
44049295 4.662634
44046293 4.662637
44041647 4.662641
44018892 4.662649
44015241 4.662662
44002812 4.662669
43997438 4.662673
43991047 4.662677
43988806 4.662680
43954713 4.662691
43947856 4.662695
43935424 4.662709
43934929 4.662715
43930445 4.662718
43927372 4.662733
43914207 4.662743
43913062 4.662751
43906577 4.662761
43904507 4.662764
43857598 4.662772
43848829 4.662781
43668394 4.662815
43640833 4.662823
43633627 4.662833
43631218 4.662839
43623978 4.662845
43618087 4.662850
43613236 4.662869
43610686 4.662872
43609500 4.662881
43608276 4.662895
43605323 4.662903
43601156 4.662909
43594202 4.662917
43586908 4.662923
43564254 4.662932
43562027 4.662944
43557811 4.662949
43550305 4.662953
43550180 4.662958
43534138 4.662962
43532798 4.662965
43526572 4.662969
43482772 4.662980
43479452 4.662983
43477729 4.662992
43474373 4.662995
43463462 4.662999
43460758 4.663006
43448053 4.663017
43438529 4.663028
43392851 4.663038
43372290 4.663050
43371154 4.663069
43354444 4.663075
43352244 4.663081
43298254 4.663084
43291949 4.663098
43043854 4.663107
43039478 4.663113
43035733 4.663119
43033208 4.663139
43018612 4.663147
43015605 4.663153
43000142 4.663158
42989620 4.663162
42981595 4.663165
42967252 4.663179
42958892 4.663191
42883854 4.663201
42876271 4.663209
42867594 4.663225
42773911 4.663232
42773506 4.663236
42773400 4.663239
42772280 4.663242
42768868 4.663251
42762617 4.663255
42745192 4.663263
42736576 4.663268
42732391 4.663274
42730261 4.663279
42714359 4.663287
42639545 4.663296
42632523 4.663300
42631921 4.663308
42617810 4.663312
42609038 4.663315
42607444 4.663318
42594238 4.663322
42589953 4.663330
42576691 4.663333
42574914 4.663346
42566965 4.663349
42547166 4.663353
42541142 4.663357
42532949 4.663363
42529452 4.663370
42528756 4.663373
42522137 4.663377
42521387 4.663393
42492891 4.663411
42448076 4.663417
42436700 4.663432
42436206 4.663435
42432527 4.663439
42419228 4.663445
42417474 4.663449
42414080 4.663456
42405694 4.663462
42383097 4.663471
42381966 4.663483
42367642 4.663497
42350152 4.663500
42349005 4.663505
42340835 4.663508
42340509 4.663514
42336744 4.663518
42331418 4.663525
42312449 4.663529
42311534 4.663534
42308674 4.663547
42306338 4.663567
42299998 4.663578
42299101 4.663585
42290245 4.663591
42289129 4.663597
42127218 4.663622
42112649 4.663627
42108673 4.663642
42108521 4.663660
42107947 4.663666
41861619 4.663676
41850555 4.663681
41844680 4.663710
41839155 4.663717
41836886 4.663722
41830339 4.663732
41819368 4.663735
41814243 4.663739
41807477 4.663746
41778778 4.663763
41777388 4.663768
41775083 4.663893
41749351 4.663904
41745566 4.663910
41741228 4.663922
41740842 4.663952
41739027 4.663961
41737944 4.663967
41734828 4.663975
41734187 4.663981
41734185 4.663989
41726680 4.664007
41535034 4.664026
41512025 4.664037
41502881 4.664043
41495945 4.664046
41491627 4.664050
41451171 4.664054
41441907 4.664058
41432845 4.664067
41424603 4.664073
41420840 4.664076
41415544 4.664081
41378299 4.664102
41363713 4.664117
41355820 4.664124
41354494 4.664131
41349574 4.664135
41349441 4.664153
41348931 4.664163
41347225 4.664226
41335712 4.664270
41335660 4.664285
41333612 4.664292
41331734 4.664311
41330239 4.664314
41323519 4.664319
41322377 4.664331
41289987 4.664337
41287595 4.664342
41287402 4.664351
41286275 4.664355
41121279 4.664360
41118133 4.664375
41095997 4.664380
41087428 4.664388
41074977 4.664395
41072354 4.664403
41068381 4.664410
41067312 4.664419
41064664 4.664436
41056416 4.664439
41049962 4.664442
41040390 4.664445
41037325 4.664453
41028486 4.664456
41026140 4.664460
41018038 4.664468
41016453 4.664471
41012624 4.664483
41009912 4.664487
41002620 4.664499
40989480 4.664507
40986979 4.664510
40976040 4.664519
40975772 4.664524
40967214 4.664531
40965239 4.664534
40959175 4.664541
40945863 4.664556
40937360 4.664559
40925761 4.664563
40922869 4.664567
40917178 4.664570
40917056 4.664664
40914129 4.664674
40912171 4.664688
40908168 4.664700
40905353 4.664708
40888390 4.664719
40872319 4.664735
40868219 4.664751
40858675 4.664767
40849479 4.664774
40844689 4.664779
40844019 4.664785
40843607 4.664788
40831345 4.664802
40831089 4.664806
40822999 4.664815
40807450 4.664819
40767314 4.664826
40764385 4.664830
40763307 4.664835
40763238 4.664842
40757332 4.664845
40756527 4.664849
40753200 4.664865
40748151 4.664877
40717914 4.664882
40717438 4.664892
40717042 4.664901
40708379 4.664909
40707748 4.664912
40705043 4.664928
40699087 4.664932
40681511 4.664941
40671506 4.664946
40671195 4.664949
40663035 4.664965
40660203 4.664973
40653535 4.664982
40651815 4.664985
40650800 4.664991
40643653 4.664996
40636370 4.665016
40631949 4.665041
40630799 4.665044
40627457 4.665061
40627136 4.665079
40626360 4.665086
40626218 4.665090
40623789 4.665093
40606034 4.665097
40545980 4.665108
40545036 4.665155
40544114 4.665166
40524850 4.665205
40522006 4.665209
40521480 4.665213
40518158 4.665221
40513659 4.665231
40501011 4.665235
40497961 4.665239
40496513 4.665247
40494387 4.665255
40492854 4.665258
40492253 4.665267
40489787 4.665271
40488710 4.665275
40488485 4.665280
40485499 4.665285
40483279 4.665303
40482214 4.665315
40475024 4.665318
40473718 4.665321
40473073 4.665343
40472924 4.665348
40452388 4.665353
40449749 4.665359
40448230 4.665362
40438961 4.665391
40437303 4.665397
40436539 4.665400
40434582 4.665411
39926835 4.665426
39921810 4.665432
39920205 4.665436
39914165 4.665440
39895875 4.665456
39886068 4.665462
39723721 4.665469
39711629 4.665476
39685714 4.665479
39681853 4.665486
39678464 4.665490
39644576 4.665499
39639799 4.665504
39627522 4.665517
39618743 4.665520
39613469 4.665525
39608254 4.665529
39588452 4.665535
39555418 4.665539
39204821 4.665542
39182123 4.665548
39169847 4.665565
39166333 4.665569
39165449 4.665573
39139482 4.665583
39135938 4.665593
39132339 4.665600
39130857 4.665605
39126350 4.665612
39125833 4.665617
39119595 4.665629
39118857 4.665632
39115201 4.665635
39093336 4.665639
39055872 4.665647
39051368 4.665650
39045645 4.665661
39040193 4.665665
39037255 4.665668
39033249 4.665671
39029182 4.665682
38837610 4.665693
38789485 4.665698
38760862 4.665704
38760188 4.665714
38758982 4.665717
38758116 4.665721
38755240 4.665730
38739336 4.665740
38730302 4.665746
38720202 4.665749
38717270 4.665753
38663905 4.665761
38652407 4.665784
38632825 4.665794
38629558 4.665799
38547355 4.665819
38538617 4.665824
38458304 4.665829
38457403 4.665834
38445857 4.665851
38444587 4.665855
38439750 4.665897
38438596 4.665901
38433377 4.665906
38429949 4.665909
38417286 4.665914
38409248 4.665917
38407314 4.665934
38398311 4.665938
38393351 4.665945
38389660 4.665965
38387061 4.665969
38383160 4.665972
38381524 4.665989
38376778 4.666000
38372826 4.666014
38371997 4.666018
38356322 4.666021
38348168 4.666031
38337084 4.666045
38311876 4.666049
38308351 4.666058
38278275 4.666062
38277853 4.666066
38143142 4.666070
38129432 4.666073
38127327 4.666077
38122124 4.666083
38115849 4.666094
38108792 4.666110
38094153 4.666113
38074230 4.666121
38065325 4.666126
38053729 4.666133
38052642 4.666137
38052358 4.666140
38035900 4.666144
38030021 4.666156
38027832 4.666163
38021295 4.666167
38020331 4.666171
38016457 4.666175
37971533 4.666188
37951290 4.666193
37934900 4.666200
37933637 4.666204
37877415 4.666239
37875507 4.666245
37872095 4.666252
37857109 4.666256
37472547 4.666265
37470334 4.666269
37465181 4.666274
37446106 4.666280
37437430 4.666297
37436427 4.666301
37412042 4.666304
37401267 4.666330
37390467 4.666349
37389192 4.666355
37384468 4.666358
37369792 4.666365
37369324 4.666373
37362448 4.666388
37354653 4.666427
37342598 4.666432
37338049 4.666435
37317822 4.666438
37317324 4.666473
37312154 4.666483
37310026 4.666486
37302852 4.666491
37302587 4.666524
37302003 4.666527
37301606 4.666536
37299316 4.666543
37297282 4.666566
37287585 4.666571
37283485 4.666608
37280959 4.666626
37273966 4.666634
37273098 4.666647
37271713 4.666653
37264874 4.666657
37261961 4.666673
37248693 4.666678
37243416 4.666696
37243255 4.666699
37240384 4.666709
37238668 4.666713
37238413 4.666731
37228839 4.666741
37218446 4.666747
37204923 4.666754
37201894 4.666762
37181296 4.666775
37171448 4.666781
37150167 4.666787
37147187 4.666800
37147078 4.666806
37144291 4.666813
37143521 4.666825
37141831 4.666842
37134303 4.666862
37074236 4.666877
37072054 4.666882
37062774 4.666887
37060145 4.666901
37048665 4.666905
37043439 4.666908
37041941 4.666916
37039543 4.666927
37036222 4.666935
37031381 4.666939
37029997 4.666943
37007189 4.666946
37004427 4.666953
36999524 4.666956
36990906 4.666965
36982547 4.666969
36960764 4.666985
36960116 4.666994
36955741 4.667009
36954099 4.667014
36929016 4.667038
36925550 4.667044
36922059 4.667048
36899204 4.667062
36896271 4.667066
36895729 4.667072
36886238 4.667084
36883707 4.667118
36863836 4.667122
36851846 4.667137
36771845 4.667147
36770265 4.667156
36742200 4.667249
36735811 4.667253
36724455 4.667269
36228188 4.667276
36220444 4.667280
36204244 4.667292
36203347 4.667307
36202284 4.667311
36195792 4.667320
36195107 4.667324
36187074 4.667330
36181180 4.667336
36172310 4.667349
36105148 4.667367
36097119 4.667380
36090552 4.667400
36087204 4.667403
36080360 4.667412
36079345 4.667415
36076814 4.667421
36063085 4.667428
36056761 4.667431
36045771 4.667451
36044341 4.667458
36043392 4.667468
36039312 4.667474
36038403 4.667478
36031281 4.667481
36013653 4.667485
36010378 4.667491
36007121 4.667494
36005793 4.667502
35989935 4.667506
35984212 4.667509
35981675 4.667513
35972325 4.667536
35967308 4.667543
35961509 4.667546
35952977 4.667554
35948418 4.667557
35947182 4.667560
35941753 4.667564
35941507 4.667567
35935136 4.667571
35934288 4.667575
35927817 4.667578
35920818 4.667581
35919043 4.667584
35918225 4.667607
35916850 4.667612
35914913 4.667622
35913217 4.667626
35910872 4.667634
35908003 4.667637
35899846 4.667644
35896250 4.667649
35895137 4.667654
35895028 4.667658
35888347 4.667672
35886331 4.667678
35885552 4.667681
35885269 4.667685
35872637 4.667688
35868643 4.667692
35868078 4.667696
35862292 4.667699
35855009 4.667712
35849097 4.667716
35848617 4.667721
35826137 4.667732
35823864 4.667735
35821876 4.667742
35818642 4.667745
35816895 4.667749
35815377 4.667756
35812265 4.667764
35810119 4.667769
35807912 4.667776
35780200 4.667788
35745395 4.667868
35739197 4.667886
35730753 4.667890
35717795 4.667895
35717282 4.667898
35715748 4.667903
35714044 4.667906
35709974 4.667915
35709922 4.667925
35709833 4.667931
35707264 4.667940
35674908 4.668178
35671162 4.668232
35635187 4.668237
35627590 4.668251
35626955 4.668286
35624339 4.668294
35617463 4.668299
35614068 4.668323
35609917 4.668328
35591402 4.668334
35581677 4.668351
35574894 4.668360
35556772 4.668368
35551311 4.668371
35549944 4.668375
35549052 4.668380
35547898 4.668388
35540083 4.668396
35536509 4.668410
35522707 4.668416
35520977 4.668420
35513271 4.668429
35512348 4.668443
35512076 4.668447
35505859 4.668454
35504192 4.668459
35498677 4.668470
35494882 4.668483
35488303 4.668489
35481854 4.668494
35481401 4.668504
35480375 4.668508
35459084 4.668513
35449047 4.668517
35429967 4.668520
35424144 4.668523
35423487 4.668527
35422797 4.668530
35422504 4.668561
35409289 4.668568
35404096 4.668580
35403013 4.668583
35402071 4.668587
35400742 4.668610
35395703 4.668620
35392061 4.668644
35374423 4.668648
35366482 4.668662
35363857 4.668668
35363051 4.668687
35360924 4.668695
35359075 4.668698
35354716 4.668703
35353341 4.668718
35352859 4.668723
35349311 4.668727
35348544 4.668730
35339368 4.668739
35332565 4.668752
35281776 4.668757
35279786 4.668763
35279646 4.668768
35275881 4.668785
35275359 4.668805
35271862 4.668809
35271604 4.668812
35260199 4.668816
35255270 4.668826
35252373 4.668836
35247694 4.668853
35224484 4.668859
35221557 4.668864
35213527 4.668868
35210025 4.668874
35205433 4.668877
35203539 4.668901
35203084 4.668907
35198374 4.668911
35196787 4.668922
35190842 4.668932
35188685 4.668938
35175164 4.668946
35172729 4.668950
35167883 4.668953
35151239 4.668967
35150966 4.669000
35146818 4.669021
35142440 4.669025
35140896 4.669029
35093127 4.669043
35092177 4.669048
35090674 4.669052
35085980 4.669058
35080930 4.669075
35079783 4.669088
35079589 4.669092
35078415 4.669101
35076291 4.669161
35069101 4.669244
35060117 4.669256
35057936 4.669269
35044790 4.669275
35042567 4.669285
35037131 4.669305
35020525 4.669311
35010973 4.669326
35006090 4.669379
35005723 4.669402
35004544 4.669419
34997143 4.669424
34988220 4.669428
34979928 4.669432
34974793 4.669435
34969028 4.669440
34968252 4.669455
34962401 4.669458
34958846 4.669463
34957202 4.669466
34953686 4.669469
34947605 4.669479
34924837 4.669485
34919738 4.669488
34918006 4.669561
34908002 4.669612
34903481 4.669616
34903114 4.669621
34894750 4.669629
34892659 4.669634
34867850 4.669651
34848006 4.669662
34838602 4.669666
34837021 4.669673
34734453 4.669677
34709168 4.669688
34704949 4.669693
34699475 4.669697
34698614 4.669701
34685529 4.669719
34680233 4.669730
34677315 4.669734
34660044 4.669742
34660029 4.669750
34659891 4.669756
34625012 4.669761
34624236 4.669765
34554479 4.669773
34511210 4.669785
34496491 4.669790
34494100 4.669810
34493668 4.669818
34489777 4.669823
34486491 4.669828
34484830 4.669831
34483523 4.669865
34475948 4.669871
34475825 4.669879
34471212 4.669885
34462718 4.669893
34422655 4.669900
34408500 4.669905
34184917 4.669914
34184609 4.669942
34162924 4.669947
34158851 4.669950
34154971 4.669960
34150946 4.669980
34136449 4.669986
34133416 4.669996
34130704 4.670003
34117396 4.670010
34115362 4.670014
34115266 4.670018
34109840 4.670021
34103572 4.670031
34089154 4.670054
34082030 4.670059
34079098 4.670063
34078606 4.670073
34078406 4.670091
34070793 4.670108
33954245 4.670117
33946046 4.670128
33944567 4.670133
33931233 4.670137
33926507 4.670140
33912356 4.670144
33866559 4.670154
33863790 4.670172
33859660 4.670175
33851717 4.670179
33845973 4.670183
33845334 4.670188
33835929 4.670198
33835756 4.670202
33831831 4.670211
33769262 4.670215
33764146 4.670228
33764075 4.670232
33764048 4.670235
33747727 4.670244
33745606 4.670262
33736886 4.670271
33733280 4.670287
33732504 4.670291
33723996 4.670298
33719449 4.670312
33715218 4.670328
33714345 4.670336
33711788 4.670340
33711083 4.670357
33699148 4.670365
33698842 4.670369
33698082 4.670405
33697797 4.670413
33641759 4.670441
33640972 4.670449
33637715 4.670466
33608092 4.670491
33602702 4.670495
32964181 4.670510
32953565 4.670517
32944147 4.670531
32938589 4.670536
32936005 4.670539
32933383 4.670550
32929206 4.670553
32918596 4.670561
32895717 4.670573
32883048 4.670585
32878828 4.670605
32829592 4.670610
32820137 4.670614
32818751 4.670618
32817117 4.670622
32814163 4.670625
32811622 4.670639
32583080 4.670651
32581988 4.670655
32572361 4.670659
32570617 4.670673
32562701 4.670677
32561521 4.670682
32519007 4.670693
32515678 4.670707
32515414 4.670712
32508811 4.670715
32501695 4.670723
32501124 4.670727
32497897 4.670731
32495825 4.670737
32473150 4.670741
32462400 4.670747
32459545 4.670754
32456464 4.670779
32435966 4.670792
32427052 4.670797
32422455 4.670804
32403021 4.670811
32403018 4.670831
32396792 4.670837
32393314 4.670844
32387556 4.670849
32382321 4.670852
32369019 4.670877
32366167 4.670885
32357340 4.670889
32348412 4.670894
32347605 4.670897
32340488 4.670904
32337577 4.670911
32327347 4.670917
32322181 4.670921
32321926 4.670931
32320296 4.670937
32312434 4.670943
32302332 4.670947
32274611 4.670954
32272784 4.670962
32272750 4.670965
32271604 4.670970
32271442 4.670973
32269714 4.670977
32269610 4.670991
32262770 4.671003
32261014 4.671007
32258275 4.671011
32257021 4.671014
32251611 4.671028
32226709 4.671033
32218944 4.671038
32215297 4.671043
32214610 4.671057
32213098 4.671064
32212483 4.671074
32200506 4.671082
32199281 4.671086
32195519 4.671090
32192139 4.671094
32186986 4.671102
32186747 4.671139
32102606 4.671149
32100891 4.671158
32097515 4.671162
32083546 4.671166
32076767 4.671174
32072755 4.671185
32043396 4.671191
32042462 4.671195
32024845 4.671208
32004767 4.671219
32000966 4.671228
32000390 4.671231
31999915 4.671241
31989906 4.671244
31985085 4.671251
31982281 4.671255
31978213 4.671258
31965649 4.671262
31964460 4.671279
31953039 4.671291
31945427 4.671303
31945367 4.671308
31942734 4.671312
31922712 4.671322
31918132 4.671327
31914447 4.671333
31914423 4.671339
31912985 4.671342
31882256 4.671349
31877422 4.671369
31870973 4.671374
31870864 4.671383
31869558 4.671388
31867541 4.671391
31865211 4.671414
31862255 4.671418
31842393 4.671425
31839419 4.671432
31836945 4.671445
31831168 4.671451
31822560 4.671456
31809586 4.671461
31798179 4.671465
31765258 4.671472
31757852 4.671476
31756776 4.671487
31746545 4.671491
31745759 4.671497
31675414 4.671514
31671953 4.671541
31670782 4.671546
31667838 4.671550
31656002 4.671554
31649682 4.671558
31648324 4.671570
31642906 4.671579
31641556 4.671672
31617259 4.671676
31612660 4.671694
31611211 4.671698
31608570 4.671705
31606319 4.671709
31597095 4.671736
31596060 4.671740
31570536 4.671746
31570143 4.671751
31537020 4.671755
31531661 4.671760
31528426 4.671763
31528243 4.671767
31514391 4.671770
31511990 4.671778
31510557 4.671820
31508130 4.671828
31505742 4.671832
31505443 4.671836
31504359 4.671841
31498464 4.671929
31496879 4.671933
31489686 4.671936
31489405 4.671942
31470606 4.671964
31467985 4.671969
31461666 4.671977
31455718 4.671985
31448002 4.672002
31441986 4.672006
31415061 4.672009
31401145 4.672014
31398933 4.672020
31388106 4.672038
31343779 4.672048
31332250 4.672052
31326449 4.672060
31320911 4.672063
31298932 4.672066
31295327 4.672076
31291725 4.672081
31285785 4.672085
31279183 4.672102
31278518 4.672105
31277867 4.672115
31274717 4.672127
31269323 4.672143
31266211 4.672146
31261119 4.672158
31257227 4.672168
31221357 4.672172
31213121 4.672177
31211866 4.672181
31205357 4.672187
31173806 4.672198
31173006 4.672205
31118278 4.672218
31116065 4.672223
31116029 4.672227
31101773 4.672233
31078483 4.672244
31067946 4.672247
31061447 4.672253
31053256 4.672271
31048237 4.672281
31045287 4.672291
31042619 4.672295
31033808 4.672298
31028496 4.672303
31026863 4.672307
31021551 4.672310
30994104 4.672319
30991383 4.672324
30989785 4.672328
30987263 4.672332
30982547 4.672336
30970356 4.672340
30956734 4.672346
30953732 4.672350
30920419 4.672354
30920019 4.672358
30914957 4.672368
30893103 4.672372
30811674 4.672441
30801482 4.672446
30796805 4.672450
30796197 4.672453
30794013 4.672464
30790754 4.672469
30789584 4.672473
30771516 4.672476
30756977 4.672479
30740904 4.672532
30718701 4.672536
30716836 4.672539
30715568 4.672545
30712330 4.672549
30706910 4.672554
30706250 4.672560
30703925 4.672563
30683152 4.672573
30593143 4.672588
30591429 4.672611
30569172 4.672617
30557483 4.672621
30531362 4.672629
30504921 4.672658
30501815 4.672663
30499047 4.672668
30497204 4.672686
30496654 4.672690
30153572 4.672703
30152915 4.672707
30149905 4.672714
30149028 4.672742
30148574 4.672752
30128333 4.672757
30126648 4.672760
30124051 4.672764
30121686 4.672773
30121029 4.672780
30119527 4.672791
30074834 4.672796
30052421 4.672808
30045717 4.672812
30026936 4.672829
30024881 4.672832
30008311 4.672835
30006574 4.672840
30002760 4.672843
30002266 4.672846
30001532 4.672850
29999630 4.672855
29997098 4.672925
29990894 4.672934
29987922 4.672970
29987642 4.673026
29983981 4.673031
29969470 4.673041
29964866 4.673047
29952833 4.673059
29951438 4.673087
29946137 4.673095
29942170 4.673099
29918893 4.673104
29918005 4.673113
29916763 4.673156
29910628 4.673198
29909576 4.673232
29908290 4.673272
29818882 4.673297
29817151 4.673301
29808184 4.673308
29806123 4.673320
29790269 4.673578
29772566 4.673595
29768207 4.673602
29758282 4.673623
29739210 4.673649
29701614 4.673662
29686458 4.673667
29675791 4.673678
29673740 4.673682
29673360 4.673691
29672041 4.673702
29668849 4.673712
29667435 4.673715
29665135 4.673721
29658910 4.673725
29645071 4.673739
29642206 4.673743
29640941 4.673764
29640867 4.673772
29636215 4.673776
29634720 4.673789
29632596 4.673818
29628591 4.673835
29628486 4.673841
29625122 4.673857
29612445 4.673886
29610178 4.673890
29607915 4.673894
29607369 4.673911
29605535 4.673914
29605436 4.673947
29603534 4.673977
29595630 4.673982
29593837 4.673986
29592958 4.673992
29592285 4.674006
29582947 4.674011
29572326 4.674016
29570237 4.674020
29567884 4.674041
29567204 4.674061
29565311 4.674066
29546708 4.674072
29530692 4.674076
29497199 4.674088
29493503 4.674270
29490334 4.674310
29471903 4.674315
29467876 4.674318
29467439 4.674340
29453359 4.674344
29301317 4.674358
29297840 4.674364
29295195 4.674372
29283457 4.674375
29280255 4.674378
29277341 4.674431
29276768 4.674435
29266664 4.674439
29258539 4.674443
29256633 4.674447
29253049 4.674450
29252620 4.674460
29250685 4.674473
29239817 4.674491
29232184 4.674509
29230037 4.674534
29227793 4.675386
29223385 4.675391
29223382 4.675394
29125199 4.675859
29112548 4.675865
29110736 4.675912
29103910 4.675916
29095197 4.675950
29094266 4.675958
29087303 4.675981
29080434 4.675986
29072144 4.675994
29063036 4.675998
29050599 4.676040
29050488 4.676044
29046916 4.676065
29042621 4.676069
29041674 4.676078
29028772 4.676081
29028196 4.676086
29025177 4.676122
29023786 4.676137
29023756 4.676153
29023529 4.676159
29023121 4.676176
29017459 4.676213
29015557 4.676227
29014745 4.676254
29012038 4.676282
29000262 4.676295
28999112 4.676299
28998748 4.676310
28989084 4.676371
28987972 4.676398
28983539 4.676407
28978087 4.676411
28976824 4.676419
28974077 4.676426
28974026 4.676446
28964953 4.676464
28963313 4.676470
28956144 4.676474
28951191 4.676478
28950354 4.676490
28946372 4.676494
28935072 4.676498
28934073 4.676507
28933658 4.676522
28933327 4.676528
28927870 4.676532
28922455 4.676548
28921213 4.676584
28919559 4.676588
28917686 4.676593
28912433 4.676725
28905999 4.676734
28892465 4.676751
28888796 4.676759
28887960 4.676763
28884427 4.676767
28871611 4.676771
28871051 4.676813
28870092 4.676818
28867529 4.676822
28858952 4.676833
28858706 4.676837
28858640 4.676842
28858397 4.676909
28857203 4.676920
28852247 4.676924
28850111 4.676955
28849802 4.676960
28847992 4.676987
28840742 4.676996
28840714 4.677000
28830290 4.677003
28829129 4.677013
28782939 4.677093
28781873 4.677103
28748960 4.677116
28746726 4.677120
28743328 4.677128
28742897 4.677133
28742606 4.677137
28736265 4.677141
28732650 4.677151
28730110 4.677156
28715934 4.677169
28715588 4.677173
28709025 4.677176
28705536 4.677192
28701804 4.677198
28701084 4.677201
28700716 4.677204
28700499 4.677208
28691070 4.677211
28683891 4.677215
28679035 4.677219
28677404 4.677225
28674795 4.677238
28674560 4.677253
28670727 4.677270
28436867 4.677282
28433941 4.677302
28428391 4.677308
28425943 4.677461
28425664 4.677490
28425003 4.677495
28417259 4.677499
28414110 4.677503
28378835 4.677788
28341904 4.677843
28341167 4.677903
28340439 4.677910
28339708 4.677922
28338907 4.677927
28336737 4.677933
28299933 4.677938
28291733 4.677956
28290090 4.677960
28285735 4.677973
28282140 4.677979
28280166 4.677987
28259252 4.677990
28257948 4.677994
28256543 4.678016
28256353 4.678020
28255094 4.678027
28235316 4.678073
28210863 4.678079
28210174 4.678093
28208653 4.678103
28207495 4.678115
28207153 4.678118
28205045 4.678121
28203444 4.678137
28202621 4.678144
28201893 4.678157
28196953 4.678190
28179268 4.678206
28170613 4.678211
28167741 4.678215
28163459 4.678218
28156229 4.678231
28154354 4.678234
28153512 4.678237
28150525 4.678258
28146815 4.678264
28144959 4.678330
28142608 4.678334
28134218 4.678352
28132740 4.680336
28132280 4.680342
28132017 4.680353
28131433 4.680362
28127157 4.680379
28123992 4.680392
28123065 4.680395
28107801 4.680400
28106807 4.680456
28104680 4.680462
28103566 4.680470
28102763 4.680501
28084289 4.680508
28081853 4.680518
28072832 4.680529
28070805 4.680542
28070220 4.680546
28062873 4.680559
28062633 4.680574
28061396 4.680591
28047400 4.680684
28047149 4.680732
28038138 4.680736
28036153 4.680740
28036090 4.680766
28036029 4.680773
28035788 4.680779
28035001 4.680786
28033888 4.680814
28028886 4.680818
28025966 4.680824
28022992 4.680843
28022362 4.680848
27990902 4.680861
27985708 4.680875
27982795 4.680880
27980112 4.680905
27979477 4.680911
27979336 4.680920
27979104 4.680924
27976934 4.680934
27973635 4.680938
27838842 4.680942
27403679 4.680950
27398903 4.680970
27398834 4.681003
27398059 4.681009
27395054 4.681017
27368123 4.681044
27357614 4.681060
27351619 4.681064
27347171 4.681068
27345765 4.681108
27345748 4.681112
27341607 4.681117
27339568 4.681121
27338959 4.681125
27330535 4.681146
27301022 4.681156
27298144 4.681159
27295549 4.681162
27294766 4.681165
27292728 4.681169
27285215 4.681185
27284554 4.681191
27282544 4.681197
27282131 4.681201
27281100 4.681255
27276739 4.681265
27275319 4.681270
27232428 4.681276
27231398 4.681279
27227895 4.681283
27214303 4.681287
27211293 4.681290
27204113 4.681294
27199908 4.681299
27187052 4.681310
27174197 4.681313
27173273 4.681325
27169056 4.681337
27168332 4.681407
27150291 4.681419
27145939 4.681433
27131550 4.681437
27131045 4.681476
27129483 4.681488
27125862 4.681523
27121187 4.681529
27116190 4.681532
27110515 4.681538
27110199 4.681589
27106188 4.681607
27101517 4.681634
27095377 4.681638
27092207 4.681658
27091227 4.681664
27089465 4.681687
27087285 4.681713
27087270 4.681741
27082323 4.681781
27081885 4.681806
27081623 4.682019
27081589 4.682074
27080487 4.682135
27079657 4.682156
27078846 4.682160
27076513 4.682169
27073201 4.682174
27072054 4.682181
27045119 4.682185
27044109 4.682195
27037362 4.682201
27036979 4.682219
27033288 4.682447
27031022 4.682480
27028637 4.682487
27022976 4.682500
27022658 4.682503
27012856 4.682507
27004004 4.682588
26992218 4.682613
26980078 4.682617
26979912 4.682737
26978831 4.682781
26978124 4.682841
26970924 4.682854
26951772 4.682892
26942319 4.682902
26940675 4.682913
26940562 4.682929
26940365 4.682932
26936719 4.682936
26932762 4.682940
26930610 4.682944
26930148 4.682951
26924267 4.682955
26924128 4.682982
26922124 4.682998
26920849 4.683020
26920132 4.683024
26919532 4.683027
26919477 4.683053
26914300 4.683062
26907217 4.683079
26901322 4.683116
26895030 4.683131
26892033 4.683135
26891325 4.683139
26889459 4.683163
26878934 4.683171
26878734 4.683175
26876012 4.683184
26874185 4.683188
26870759 4.683192
26851306 4.683211
26844758 4.683230
26843832 4.683233
26835069 4.683237
26830049 4.683243
26829836 4.683254
26829331 4.683273
26828216 4.683277
26827208 4.683289
26823892 4.683293
26822416 4.683347
26821525 4.683360
26810194 4.683380
26807485 4.683384
26806470 4.683389
26805863 4.683393
26798000 4.683403
26795717 4.683412
26793391 4.683429
26786905 4.683441
26785443 4.683448
26784795 4.683452
26776018 4.683456
26774891 4.683465
26772970 4.683471
26768674 4.683475
26768317 4.683478
26752069 4.683483
26750131 4.683546
26749011 4.683550
26747124 4.683714
26745307 4.683751
26743906 4.683757
26738403 4.683793
26729646 4.683797
26594919 4.683800
26592494 4.683817
26580118 4.683826
26578690 4.683830
26578593 4.683842
26576374 4.683846
26575194 4.683864
26574552 4.683878
26573270 4.683882
26572237 4.683976
26572199 4.683982
26571890 4.683986
26570442 4.684047
26566935 4.684061
26566919 4.684106
26566504 4.684110
26564495 4.684114
26560857 4.684204
26559575 4.684214
26558956 4.684221
26556347 4.684231
26556265 4.684234
26555061 4.684240
26524108 4.684244
26520501 4.684248
26519405 4.684252
26505225 4.684266
26503373 4.684269
26502970 4.684280
26500453 4.684284
26492557 4.684301
26489329 4.684305
26487728 4.684314
26484513 4.684321
26482946 4.684367
26481721 4.684372
26481146 4.684383
26480318 4.684390
26479265 4.684420
26479180 4.684426
26478729 4.684438
26477829 4.684442
26477514 4.684451
26463334 4.684459
26460488 4.684469
26458783 4.684473
26458382 4.684476
26457538 4.684487
26455477 4.684534
26454368 4.684582
26453364 4.684592
26390257 4.684778
26378546 4.684783
26377776 4.684821
26377628 4.684846
26376288 4.685048
26376142 4.685161
26376076 4.685239
26375115 4.685245
26367615 4.685322
26365877 4.685326
26364238 4.685342
26359077 4.685380
26357488 4.685399
26350607 4.685414
26350235 4.685436
26349936 4.685772
26349049 4.685788
26348588 4.685794
26348561 4.685800
26344654 4.685810
26336079 4.685818
26335520 4.685856
26331337 4.685871
26330791 4.685875
26329358 4.685878
26323119 4.685883
26320942 4.685889
26315521 4.685892
26314391 4.685895
26314092 4.685987
26313317 4.686073
26307585 4.686077
26302123 4.686080
26301933 4.686084
26301284 4.688196
26296176 4.688215
26291372 4.688219
26259938 4.688224
26249115 4.688241
26244370 4.688247
26244141 4.688279
26243991 4.688289
26241419 4.688292
26241321 4.688299
26240394 4.688313
26231130 4.688327
26224240 4.688344
26223806 4.688349
26222082 4.688359
26197551 4.694677
26197317 4.694696
26194167 4.694750
26191014 4.694757
26190400 4.694810
26189730 4.694854
26144061 4.694869
26140507 4.694875
26136205 4.694879
26134670 4.694912
26134571 4.694966
26131073 4.694971
26129961 4.695061
26127401 4.695146
26127213 4.695158
26126386 4.695162
26124349 4.695306
26123311 4.695318
26057457 4.695323
26050658 4.695335
26050165 4.695338
26049125 4.695342
26046463 4.695349
26039577 4.695400
26036945 4.695404
26033788 4.695407
26033617 4.695417
26032596 4.695422
26014003 4.695436
26011012 4.695462
26010126 4.695478
26010058 4.695730
26003590 4.695741
26001971 4.695745
26000947 4.695760
25997595 4.695862
25997313 4.695878
25995613 4.695888
25988402 4.695957
25985557 4.696026
25979221 4.696041
25972219 4.696051
25971077 4.696082
25964818 4.696090
25964263 4.696094
25964202 4.696103
25958487 4.696135
25958095 4.696188
25957414 4.696216
25956893 4.696270
25955724 4.696298
25954687 4.696434
25951344 4.696438
25950067 4.696444
25949123 4.696471
25947203 4.696482
25946172 4.696492
25945516 4.696508
25944412 4.696538
25943975 4.696557
25923627 4.696565
25921033 4.696674
25918519 4.696679
25918037 4.696695
25917522 4.696698
25916266 4.696706
25914210 4.696712
25678905 4.696920
25678791 4.696925
25678754 4.697057
25677382 4.697070
25676953 4.697091
25674712 4.697106
25673666 4.697118
25671971 4.697131
25671303 4.697147
25667583 4.697207
25667192 4.697217
25666379 4.697240
25664533 4.697260
25663769 4.697264
25662729 4.697278
25661934 4.697294
25659504 4.697744
25657776 4.698130
25656729 4.698151
25656712 4.698154
25656288 4.698189
25655535 4.698203
25654604 4.698213
25652694 4.698234
25651893 4.698243
25647266 4.698246
25645719 4.698262
25644577 4.698266
25643408 4.698303
25641998 4.698308
25641384 4.698394
25638140 4.698398
25633337 4.698437
25628886 4.698448
25626681 4.698463
25562465 4.698471
25561016 4.698503
25560093 4.698512
25555544 4.698553
25549443 4.698569
25549264 4.698574
25544032 4.698581
25542916 4.698584
25542896 4.698676
25541092 4.698683
25539262 4.698698
25532674 4.703588
25531679 4.703678
25531473 4.703768
25530964 4.703780
25529495 4.704055
25527102 4.704142
25526090 4.704148
25525990 4.704184
25524180 4.704235
25522981 4.704246
25520109 4.704250
25490563 4.704319
25474051 4.704328
25464640 4.704334
25464606 4.704497
25464224 4.704588
25451964 4.704593
25451250 4.704678
25451117 4.704890
25450591 4.704897
25449773 4.704904
25448136 4.705340
25447037 4.705363
25446968 4.705396
25446270 4.705401
25445108 4.705449
25444998 4.705474
25444882 4.705481
25442946 4.705494
25429444 4.705506
25420640 4.705519
25418003 4.705523
25417889 4.705592
25415140 4.705703
25414499 4.705712
25410870 4.705716
25406911 4.705758
25404574 4.705771
25403818 4.716526
25401619 4.716737
25398202 4.716747
25396951 4.716882
25395887 4.717119
25395175 4.717126
25394794 4.717166
25393950 4.717170
25392237 4.717186
25391369 4.717191
25391101 4.717195
25390432 4.717199
25386385 4.717428
25384389 4.717465
25383483 4.717490
25382728 4.717549
25380695 4.717557
25379598 4.717563
25376754 4.717575
25375051 4.717592
25374838 4.717601
25374680 4.717639
25371751 4.717646
25371192 4.717680
25367629 4.717684
25366563 4.717692
25366288 4.717698
25361116 4.717719
25360097 4.717740
25358834 4.717743
25355305 4.720056
25354295 4.720063
25350258 4.720078
25341971 4.720094
25341761 4.720104
25339840 4.720108
25317336 4.720121
25315426 4.720138
25308388 4.720142
25296982 4.720158
25292003 4.720164
25291419 4.720192
25285628 4.720196
25281185 4.720422
25275400 4.720427
25252983 4.720438
25238023 4.720461
25235071 4.720557
25234548 4.720602
25233717 4.720610
25233619 4.720661
25233241 4.720666
25229341 4.720692
25224829 4.720696
25223894 4.720700
25223841 4.720704
25221625 4.720837
25218311 4.720848
25213970 4.720855
25213135 4.720862
25209895 4.721160
24559355 4.721247
24554552 4.721279
24554407 4.721297
24552537 4.721302
24525518 4.721354
24522862 4.721415
24518703 4.721420
24515585 4.721423
24515491 4.721437
24511320 4.721651
24509885 4.721656
24508443 4.721889
24501181 4.721912
24499784 4.721928
24477048 4.721933
24475891 4.721948
24472839 4.721957
24469706 4.721962
24465155 4.721966
24464130 4.721992
24460898 4.721996
24460237 4.722025
24458326 4.722141
24457753 4.722156
24456599 4.722170
24456407 4.722175
24456217 4.722179
24455749 4.722605
24449736 4.723313
24449031 4.723340
24447121 4.723852
24446212 4.723927
24445972 4.723990
24445205 4.724006
24439029 4.724196
24433330 4.724202
24427972 4.724216
24424888 4.724221
24424444 4.724345
24424304 4.724394
24424012 4.724441
24422239 4.724512
24405717 4.724645
24404579 4.724656
24392566 4.724695
24391572 4.724724
24390477 4.725144
24387997 4.725555
24376798 4.725598
24374257 4.725695
24369653 4.725700
24366706 4.725940
24366679 4.725952
24364607 4.726235
24363141 4.726304
24349947 4.726313
24347799 4.726317
24344796 4.727155
24344730 4.727175
24344490 4.727186
24343169 4.727208
24343017 4.727447
24342994 4.727550
24342714 4.727639
24342312 4.727646
24336708 4.727649
24335991 4.727705
24334634 4.727723
24313373 4.727731
24310357 4.727748
24310185 4.727932
24310160 4.728131
24307022 4.729389
24304193 4.729406
24300221 4.729410
24299094 4.729422
24295852 4.729443
24288592 4.729452
24288033 4.729461
24286140 4.729469
24285595 4.729502
24282690 4.729506
24267395 4.729566
24264249 4.729572
24250613 4.729578
24250318 4.729808
24246052 4.729818
24238042 4.729822
24235450 4.729825
24210649 4.729856
24203306 4.729861
24196688 4.729864
24192714 4.729867
24191882 4.729891
24181805 4.729895
24168993 4.729906
24158747 4.729910
24146121 4.729934
24146098 4.729940
24145143 4.729976
24143933 4.729983
24122566 4.729987
24122125 4.729994
24122053 4.730014
24121299 4.730045
24117649 4.730050
24116918 4.730053
24115757 4.730058
24115089 4.730063
24112561 4.730077
24112092 4.730122
24111813 4.730127
24110806 4.730244
24110483 4.730296
24109832 4.730648
24109280 4.730668
24108713 4.730681
24108073 4.731058
24098436 4.731070
24097199 4.731105
23978988 4.731147
23977871 4.731165
23975990 4.731173
23971983 4.731181
23971779 4.731193
23971295 4.731313
23970312 4.731389
23968323 4.731441
23968283 4.731614
23962838 4.731636
23962236 4.731643
23961813 4.731647
23959916 4.732214
23959683 4.734803
23959034 4.734827
23958067 4.734847
23957503 4.734919
23954722 4.734924
23953854 4.734952
23946689 4.734969
23945654 4.735173
23944706 4.735219
23944526 4.735466
23942759 4.737572
23941827 4.737667
23940328 4.737875
23934299 4.737884
23932882 4.737935
23929263 4.737941
23929077 4.737971
23928531 4.738016
23926426 4.738160
23926417 4.738976
23924631 4.738981
23923512 4.740093
23923379 4.740256
23922655 4.740380
23921927 4.740971
23919969 4.740977
23919745 4.741286
23915222 4.741340
23912345 4.741373
23912152 4.741946
23834942 4.742297
23833589 4.742312
23832258 4.742350
23830885 4.742361
23821122 4.742381
23819272 4.742384
23817637 4.742457
23816785 4.742462
23815890 4.742474
23815545 4.742481
23815436 4.742539
23814968 4.742727
23813691 4.742735
23799195 4.742743
23794040 4.742801
23792860 4.743480
23791422 4.743496
23790190 4.743586
23749472 4.743766
23748984 4.743771
23747048 4.743803
23746690 4.743837
23745530 4.743920
23742130 4.744054
23686583 4.744399
23672050 4.744420
23670062 4.744427
23664352 4.755021
23663233 4.755060
23400424 4.755081
23399134 4.755087
23398959 4.755090
23390761 4.755153
23389495 4.755180
23389335 4.755192
23387547 4.755196
23386708 4.755199
23380977 4.755211
23380431 4.755218
23378884 4.755226
23378496 4.755323
23377771 4.755950
23376495 4.755972
23375217 4.756010
23372791 4.756049
23372675 4.756070
23372638 4.756095
23372635 4.756106
23372547 4.756109
23372116 4.756114
23339899 4.756180
23337438 4.756242
23337200 4.756259
23336511 4.756547
23335092 4.756770
23275388 4.756883
23275069 4.756890
23261686 4.756898
23250489 4.756904
23233161 4.756912
23228428 4.756931
23226361 4.756944
23225688 4.757210
23225046 4.757218
23224817 4.757521
23223533 4.758672
23223275 4.759367
23222881 4.759615
23211099 4.759623
23199024 4.759652
23198131 4.759836
23197037 4.759942
23194696 4.760135
23194332 4.760344
23190777 4.760487
23189456 4.760495
23187099 4.760520
23186571 4.760529
23182464 4.760565
23181655 4.760579
23181184 4.760601
23180291 4.760627
23179625 4.760634
23179338 4.760638
23175562 4.760642
23173882 4.760645
23160534 4.760651
23160063 4.760819
23159182 4.760870
23157498 4.760932
23155064 4.763491
23151840 4.763499
23150996 4.763507
23137385 4.763512
23137222 4.763531
23128703 4.763541
23128291 4.763599
23128241 4.782434
23127531 4.783832
23126944 4.784023
23109988 4.786450
23107342 4.786477
23106473 4.786485
23105202 4.786549
23102607 4.786648
23100613 4.786654
23100346 4.786659
23082790 4.786670
23073782 4.786800
23065814 4.786809
23064676 4.787009
23063786 4.787024
23062410 4.787790
23056118 4.787827
23054983 4.787835
23054696 4.787840
23045666 4.787844
23035849 4.787849
23035288 4.787853
23026789 4.796992
23024559 4.796999
23023890 4.797004
23021970 4.797020
23020971 4.797052
23018458 4.797074
23016363 4.797096
23016293 4.797219
22859200 4.831905
22858827 4.831929
22856850 4.832054
22856441 4.832059
22855691 4.832261
22853750 4.832302
22847431 4.832977
22847397 4.832982
22845829 4.833161
22841497 4.833209
22835052 4.833218
22830555 4.833280
22830187 4.833320
22827213 4.833329
22826622 4.833347
22824345 4.833350
22823319 4.833355
22823180 4.833367
22821163 4.933823
22812307 4.934025
22811705 4.934071
22811680 4.934117
22799080 4.934124
22798318 4.934127
22780343 4.934394
22779219 4.934472
22777734 4.934509
22776322 4.934526
22775806 4.934576
22773262 4.934584
22767775 4.934619
22761629 4.934623
22761315 4.934627
22751135 4.934631
22750952 4.934716
22748249 4.934720
22747470 4.934725
22745600 4.934730
22744461 4.934742
22742741 4.934751
22740360 4.934838
22739797 4.934848
22734366 4.935386
22733727 4.935429
22733450 4.935464
22731746 4.935468
22729812 4.935473
22723908 4.935482
22663445 4.935520
22663243 4.935536
22660402 4.935549
22653366 4.935553
22636897 4.935556
22634531 4.935565
22632216 4.935645
22599137 4.935722
22598133 4.935726
22597749 4.935762
22597388 4.935823
22597196 4.935865
22593899 4.935880
22593859 4.935914
22591692 4.935920
22590326 4.935929
22588076 4.936064
22578385 4.936070
22576157 4.936221
22575921 4.936749
22575676 4.936771
22574733 4.937294
22572914 4.937349
22571963 4.937363
22571238 4.937373
22547444 4.937468
22518337 4.937585
22509669 4.937600
22501770 4.937605
22478552 4.937619
22477364 4.937649
22477312 4.937658
22476570 4.937706
22463724 4.937717
22461056 4.937745
22460454 4.937762
22455216 4.937877
22453161 4.937893
22452988 4.937897
22448411 4.937901
22445860 4.937922
22442330 4.937929
22440875 4.937932
22439238 4.938444
22438871 4.938454
22436697 4.973561
22436491 4.974183
22436451 4.974233
22435108 4.974240
22433867 4.974245
22433394 4.974263
22433290 4.974270
22429845 4.974517
22428153 4.974536
22426551 4.974541
22425560 4.974557
22425187 4.974607
22421544 4.976044
22419166 4.980286
22419097 4.980341
22414315 4.990071
22413714 4.990085
22413432 4.990089
22412729 4.997080
22411320 4.997120
22407500 4.997125
22406836 4.997154
22405564 4.997526
22404593 4.997532
22403403 4.997557
22400771 4.997618
22396358 4.997630
22395803 4.997896
22370321 4.998315
22369264 4.998326
22369037 4.998344
22368219 4.998354
22361789 4.998903
22352369 4.999099
22348538 4.999252
22348412 4.999273
22347412 4.999345
22347280 4.999403
22343051 4.999413
22339098 4.999446
22338753 4.999450
22338664 4.999550
22337954 4.999573
22329166 5.007548
22327245 5.007909
22325807 5.009077
22324400 5.009093
22324372 5.009121
22318364 5.009139
22317935 5.009165
22314534 5.009417
22313437 5.009487
22312464 5.009531
22312262 5.014891
22310401 5.015113
22202455 5.105829
22199349 5.105836
22198511 5.105871
22189880 5.105876
22189460 5.105894
22188775 5.105940
22187582 5.105944
22187438 5.105963
22116569 5.106158
22110154 5.106293
22104859 5.106372
22101057 5.106378
22096764 5.106383
22095457 5.106386
22091018 5.106402
22090519 5.106900
22085812 5.106932
22082197 5.107396
22081986 5.107465
22080964 5.107476
22079559 5.111423
22076135 5.112417
22075964 5.112444
22073849 5.112595
22072643 5.113151
22069599 5.113161
22068969 5.113636
22068404 5.113652
22066432 5.113667
22063328 5.113678
22062737 5.147359
22061244 5.147379
22060446 5.148176
22056942 5.148188
22051439 5.148269
22049534 5.148304
22042480 5.148310
22041970 5.148313
22038192 5.148327
22036122 5.148348
22035553 5.148368
22035346 5.148381
22034634 5.148386
22034252 5.148579
22032461 5.148587
22030389 5.149131
22025153 5.149141
22024763 5.149793
21989089 5.149811
21987947 5.149817
21979981 5.149828
21973063 5.149837
21972374 5.149841
21967940 5.149892
21967799 5.150440
21958142 5.150449
21951427 5.150452
21950149 5.150462
21943814 5.150471
21941984 5.150981
21941819 5.154341
21940991 5.154520
21933278 5.154607
21927659 5.157232
21927567 5.157249
21926207 5.157253
21926204 5.157257
21923719 5.157281
21920820 5.157304
21917487 5.157386
21916541 5.614531
21916528 5.614577
21915059 5.623744
21914555 5.623779
21913931 5.623789
21912745 5.623808
21910735 5.623817
21908876 5.623820
21906192 5.623909
21905888 5.623919
21903900 5.623932
21898363 5.623935
21897886 5.623950
21889953 5.628591
21889246 5.628598
21887637 5.628694
21641438 5.630056
21614514 5.630064
21613395 5.630069
21613307 5.630081
21608593 5.630102
21607643 5.630111
21607211 5.630118
21604039 5.630125
21603647 5.630143
21602730 5.630154
21601390 5.630212
21600932 5.630271
21600494 5.630277
21598591 5.630288
21597788 5.630292
21597653 5.630345
21591602 5.630350
21588786 5.630410
21588615 5.630436
21579124 5.630535
21577853 5.630593
21565067 5.641079
21555538 5.641170
21554184 5.641218
21550755 5.641222
21548564 5.641226
21542123 5.641254
21541909 5.641258
21541416 5.641261
21525695 5.641270
21520681 5.641279
21515465 5.641287
21510313 5.641296
21505406 5.641300
21498581 5.641306
21495836 5.641734
21494037 5.641741
21487377 5.641830
21474057 5.641838
21473624 5.641857
21473359 5.641863
21466908 5.642022
21466843 5.642128
21466084 5.642145
21464310 5.642228
21460863 5.642361
21460740 5.642983
21458497 5.643042
21453554 5.643121
21452041 5.643249
21450563 5.643299
21449983 5.643377
21445182 5.643637
21444096 5.643668
21443873 5.665260
21442392 5.665411
21437615 5.665500
21436117 5.665625
21433620 5.665718
21430707 5.665754
21427088 5.665758
21425603 5.665971
21424204 5.668507
21424027 5.668517
21420384 5.668532
21419723 5.668541
21418556 5.668790
21417291 5.674674
21416846 5.675130
21413176 5.675146
21412629 5.675162
21412251 5.675178
21411209 5.675182
21409000 5.675234
21408675 5.675239
21406486 5.675269
21404803 5.675275
21403469 5.675295
21403078 5.675341
21402700 5.675346
21402493 5.675355
21395008 5.675420
21390429 5.675653
21389124 5.675675
21386411 5.675680
21385380 5.675735
21384792 5.675739
21383019 5.675790
21379443 5.675875
21371366 5.675881
21371242 5.676079
21370507 5.676153
21368418 5.676157
21343042 5.676304
21339003 5.677091
21337407 5.677133
21336981 5.677142
21335309 5.677146
21329177 5.677149
21319923 5.677225
21318707 5.677234
21318132 5.677341
21317660 5.677353
21316991 5.677562
21312694 5.677576
21312291 5.677590
21311501 5.677606
21309789 5.677614
21308304 5.677617
21307928 5.677691
21302498 5.677700
21302097 5.677765
21302040 5.677810
21301233 5.677898
21300915 5.677974
21297777 5.677980
21297480 5.678011
21296574 5.678306
21295238 5.679119
21294342 5.679183
21293975 5.679200
21293555 5.679206
21293145 5.679665
21292575 5.679677
21291973 5.679716
21290922 5.781180
21286926 5.781775
21285837 5.781872
21282128 5.781880
21281410 5.875892
21278385 5.875899
21278164 5.876100
21276957 6.123858
21276304 6.123918
21275555 6.625073
21275374 6.628886
21275290 6.629039
21273080 6.629044
21271951 6.629247
21271315 6.629455
21270909 6.643359
21270309 6.856222
21269681 6.856435
21269296 7.360466
21269119 7.361884
21265838 7.361891
21245728 7.362510
21245026 7.362646
21239735 7.362652
21211753 7.362668
21206296 7.362682
21206156 7.362707
21205897 7.362716
21203925 7.362720
21202234 7.362723
21201843 7.362772
21196947 7.364990
21192539 7.367231
21159628 7.367334
21158910 7.367340
21156674 7.367346
21151470 7.367364
21151052 7.367368
21150759 7.367433
21149717 7.368074
21149295 7.369835
21148911 7.369849
21148866 7.369853
21145871 7.370316
21145411 7.370789
21143472 7.370825
21142397 7.377934
21142334 7.377942
21138786 7.377949
21135106 7.377954
21134808 7.378006
21132354 7.378014
21132003 7.378321
21127920 7.378328
21126515 7.378780
21121261 7.381371
21120453 7.381453
21110378 7.381460
21105677 7.381465
21103827 7.381471
20960625 7.381514
20959604 7.426263
20958546 7.426279
20958291 7.426401
20957009 7.426418
20956157 7.426422
20955144 7.426432
20954278 7.426437
20941890 7.426442
20939151 7.429410
20936554 7.429648
20933413 7.429664
20932883 7.431238
20932435 7.431252
20922752 7.431257
20916631 7.431270
20915589 7.431281
20910848 7.431355
20910366 7.431415
20909985 7.431505
20909524 7.432633
20908381 7.432651
20904617 7.432926
20886860 7.580924
20886024 7.581747
20885714 7.581755
20883846 7.581759
20883798 7.582201
20883465 7.582207
20882654 7.582211
20881171 7.907350
20881138 7.907358
20880729 7.907362
20876546 7.907366
20874532 7.986838
20872115 7.986887
20870710 7.987515
20868085 7.995589
20847951 7.995616
20847798 7.995742
20846716 7.995749
20840067 7.995760
20836476 7.995767
20834789 7.995778
20832710 7.995917
20831615 7.995921
20829779 8.000417
20827656 8.000434
20827591 8.000443
20826847 8.000481
20826151 8.000496
20825791 8.000502
20823118 8.000510
20822336 8.000513
20822092 8.000539
20821929 8.000703
20821491 8.002969
20818072 8.017382
20817664 8.017387
20815152 8.017719
20810798 8.017739
20808520 8.018209
20806769 8.020479
20805621 8.021109
20804032 8.021115
20803624 8.022412
20802699 8.025682
20801453 8.025707
20795767 8.025771
20795236 8.025815
20794892 8.025885
20794524 8.025890
20792983 8.091052
20792720 8.091108
20791517 8.091127
20790195 8.091186
20787853 8.091293
20787481 8.092116
20787078 8.092124
20782233 8.092387
20782183 8.092417
20778170 8.271564
20775462 8.276871
20774402 8.277321
20770064 8.277327
20767794 8.277334
20767601 8.362435
20767548 8.362448
20766224 8.362460
20765630 8.363743
20765599 8.363825
20765347 8.363925
20764734 8.364008
20764681 8.364065
20763750 8.364107
20763282 8.365446
20762503 8.366108
20759355 8.368236
20758884 8.368241
20758833 8.368258
20757113 8.368280
20753396 8.368286
20751670 8.368896
20751592 8.428092
20751145 8.428106
20750750 8.489894
20750257 8.489909
20746755 8.490997
20745596 8.491009
20744925 8.523909
20744878 8.524852
20744821 8.524880
20744813 8.524930
20744592 8.657783
20744481 8.657802
20744412 8.782685
20744120 8.783576
20742873 8.816502
20739870 8.816508
20732122 8.816998
20731963 8.817008
20731934 8.820382
20730653 8.821501
20730476 9.336617
20730112 10.021963
20728900 10.022190
20717455 10.022296
20712471 10.022302
20696074 10.022351
20694205 10.022410
20677871 10.022454
20676966 10.022474
20676805 10.023533
20675883 10.024843
20674342 10.024850
20666895 10.025022
20666201 10.025030
20666078 10.025046
20665455 10.025060
20660989 10.039978
20655331 10.039985
20655093 10.040043
20654363 10.041027
20654137 10.041038
20652465 10.041202
20651983 10.045653
20651005 10.045762
20650119 10.047304
20649340 12.218989
20648257 12.219000
20646933 12.220707
20646441 12.220716
20646354 12.220733
20634522 12.220770
20634248 12.220877
20633480 12.223033
20633438 12.223050
20633038 12.223238
20632730 12.224058
20622903 12.224064
20621864 12.224117
20621727 12.224156
20621211 12.224172
20614343 12.224183
20612374 12.224195
20610009 12.234996
20608029 12.235053
20607896 12.235060
20606371 12.235153
20603044 12.235511
20598171 12.237647
20597360 12.242837
20595071 12.259829
20593087 12.346584
20593054 12.346644
20591550 12.528347
20591065 12.528376
20589938 12.528490
20589838 12.528495
20589835 12.570338
20589811 12.570642
20589272 12.570768
20589158 12.570816
20588813 12.570825
20588405 12.570842
20584211 12.570847
20582636 12.570864
20579517 12.571628
20579346 12.571634
20577045 12.571751
20576173 12.584426
20574480 12.598570
20571734 12.598576
20567785 12.598912
20566635 12.598918
20565860 12.599151
20564165 12.599235
20562350 12.599280
20560011 12.599287
20559789 12.640199
20558951 12.640861
20558749 12.641054
20558649 12.642792
20558236 12.730377
20557409 13.422059
20553094 13.422123
20552315 13.422128
20552237 13.492066
20551790 13.492152
20549402 13.492862
20548131 13.698441
20547038 13.819744
20546006 14.566645
20531757 14.566658
20521773 14.566662
20521379 14.566817
20520703 14.566873
20520520 14.566902
20519108 14.566909
20518228 14.566914
20517965 14.566943
20503643 14.567106
20502044 14.567111
20470323 14.567120
20459464 14.725732
20458633 14.907079
20458536 15.510684
20456230 15.510692
20447336 15.566905
20439566 15.566915
20438768 15.566942
20438730 15.568360
20438340 15.569076
20435130 16.310884
20433522 16.310895
20433123 16.310921
20433097 16.311761
20432741 16.412692
20423767 17.995860
20422807 17.995876
20417311 17.995900
20416617 17.995938
20416245 17.995946
20414919 18.004687
20414207 18.004695
20414144 18.036562
20414072 18.050596
20413420 18.142330
20413304 18.737815
20412948 18.737823
20412918 18.907948
20412728 18.924711
20411509 18.941376
20411015 18.941385
20410946 18.941467
20409480 19.139760
20409472 19.139871
20409222 19.139877
20408619 19.140338
20403751 19.140345
20402723 19.151893
20401898 19.163526
20401856 19.163550
20396846 19.165122
20396600 19.167422
20396028 19.167997
20395412 19.176862
20395405 19.176883
20395257 20.478039
20393796 20.478052
20393767 20.478145
20392381 20.982660
20391895 20.982748
20391639 20.982884
20391535 20.982895
20386709 23.839959
20386603 24.012231
20384899 24.012238
20383873 24.012269
20383380 24.013012
20383291 24.013075
20382982 25.564355
20382124 25.564368
20382071 25.565338
20382056 25.565423
20381971 25.566177
20381266 25.566185
20381126 25.567231
20380910 25.638796
20380899 25.710361
20380650 25.790868
20380607 25.791335
20380519 25.791350
20380280 25.877184
20380227 26.255849
20379976 26.255901
20379590 26.256017
20378651 26.256026
20378510 26.256042
20377433 26.256436
20377291 26.398975
20376928 26.718084
20376902 26.718093
20376894 67.441018
20376754 67.441042
20376675 70.956929
20375281 70.956950
20374413 83.775188
20373331 83.776343
20372563 83.776925
20372185 93.565918
20371461 94.243323
20371371 94.245940
20371042 94.245947
20369205 136.260642
20368840 147.335038
20368403 155.640472
20367003 155.640487
20366615 328.104534
20366527 328.104554
20365489 497.619033
20365448 497.660941
20365242 497.736907
20363717 497.765990
20363345 497.769691
20363160 497.779906
20363024 497.781954
20361731 497.782870
20361219 498.022758
20360293 498.023740
20359133 500.880136
20358666 504.700324
20358626 505.292752
20358093 505.292776
20357644 505.292918
20357611 505.292922
20357315 529.197545
20357135 529.215391
20356897 529.221161
20355798 529.221170
20355302 529.221185
20354115 562.808256
20352354 562.808275
20352104 562.808281
20351991 562.808408
20351783 562.808491
20349936 562.868510
20347841 577.267208
20347696 981.502567
20347441 1046.280244
20347441 1646.286901
