PROBLEM_FILE = /tmp/tsp/11994.tmp/example.tmp
63106299 9.941725
63104653 9.941753
63102616 9.941758
63101273 9.941761
63093369 9.941766
63080376 9.941784
63071869 9.941789
63069985 9.941799
63064539 9.941803
63027425 9.941808
63024374 9.941814
63018245 9.941823
62955238 9.941828
62936178 9.941840
62931213 9.941844
62925918 9.941851
62917995 9.941857
62911209 9.941865
62908174 9.941870
62833291 9.941882
62829091 9.941888
62823986 9.941898
62822619 9.941909
62820888 9.941913
62816136 9.941920
62812707 9.941925
62797328 9.941932
62785893 9.941937
62768735 9.941945
62763918 9.941950
62761983 9.941954
62757147 9.941960
62739633 9.941968
62738375 9.941975
62736303 9.941978
62720190 9.941990
62707220 9.941995
62703728 9.942007
62702137 9.942012
62697020 9.942022
62691360 9.942037
62682344 9.942058
62682135 9.942063
62677278 9.942068
62194639 9.942092
62188278 9.942102
61862634 9.942117
61847104 9.942128
61840664 9.942132
61839005 9.942139
61835520 9.942143
61831024 9.942148
61828392 9.942158
61824983 9.942163
61809375 9.942169
61806386 9.942189
61779137 9.942202
61773234 9.942206
61772439 9.942210
61739693 9.942219
61735096 9.942239
61731109 9.942253
61723195 9.942263
61590240 9.942273
61583412 9.942281
61583061 9.942285
61568242 9.942291
61566260 9.942300
61558837 9.942304
61558216 9.942317
61551417 9.942320
61550503 9.942324
61549393 9.942327
61544572 9.942332
61542022 9.942335
61536166 9.942339
61534345 9.942351
61530882 9.942366
61524084 9.942371
61522125 9.942377
61518809 9.942381
61513799 9.942387
61512873 9.942391
61495189 9.942396
61493179 9.942401
61482974 9.942404
61481802 9.942411
61478167 9.942422
61470903 9.942436
61468071 9.942445
61467944 9.942451
61465735 9.942459
61464842 9.942462
61463086 9.942465
61463044 9.942486
61462869 9.942497
61453094 9.942502
61450721 9.942505
61432685 9.942519
61423571 9.942526
61400079 9.942531
61324896 9.942547
61320489 9.942550
61316261 9.942565
61312088 9.942569
61298689 9.942576
61281322 9.942580
61270751 9.942586
61259846 9.942596
61250249 9.942614
61249608 9.942619
61244931 9.942631
61243238 9.942634
61239541 9.942637
61236798 9.942649
61233249 9.942654
61228470 9.942658
61226860 9.942670
61219778 9.942675
61217929 9.942680
61216543 9.942687
61183866 9.942693
61179491 9.942697
61177878 9.942701
61176867 9.942705
61166842 9.942709
61164910 9.942712
61139871 9.942725
61138939 9.942732
61136096 9.942737
61127840 9.942743
61123228 9.942746
61122988 9.942749
61120414 9.942768
61114278 9.942776
61048105 9.942787
61046457 9.942790
61045256 9.942796
61036348 9.942801
61030325 9.942805
61029396 9.942809
61028023 9.942813
61014363 9.942817
61003899 9.942820
61000116 9.942826
60999734 9.942829
60999720 9.942833
60992359 9.942840
60986642 9.942846
60982316 9.942850
60978155 9.942859
60949266 9.942875
60700611 9.942885
60690228 9.942889
60685082 9.942892
60682782 9.942897
60681663 9.942901
60582855 9.942909
60576882 9.942913
60567461 9.942916
60532449 9.942923
60527072 9.942931
60525996 9.942937
60510941 9.942946
60455841 9.942961
60453590 9.942965
60440752 9.942971
60426868 9.942976
60425405 9.942980
60423249 9.942985
60418906 9.942992
60414996 9.942995
60414534 9.943000
60411860 9.943004
60407189 9.943023
60403849 9.943028
60398095 9.943035
60397334 9.943049
60392574 9.943052
60386243 9.943056
60383906 9.943063
60380205 9.943067
60371601 9.943070
60371258 9.943074
60369384 9.943078
60366533 9.943087
60364636 9.943091
60364515 9.943105
60357136 9.943111
60339880 9.943115
60339197 9.943120
60337691 9.943129
60333020 9.943139
60332698 9.943143
60322461 9.943154
60315576 9.943157
60311764 9.943161
60307709 9.943164
60301649 9.943171
60295500 9.943175
60294985 9.943178
60285451 9.943182
60283929 9.943186
60273088 9.943190
60249346 9.943197
60247250 9.943200
60244890 9.943204
60212047 9.943212
60201938 9.943219
60194032 9.943223
60190748 9.943236
60174345 9.943243
60172934 9.943246
60132948 9.943274
60131698 9.943282
60128699 9.943286
60099174 9.943298
60071932 9.943318
60070699 9.943322
60050262 9.943345
60026631 9.943351
60018516 9.943359
60017774 9.943365
60012514 9.943368
60004850 9.943382
60002477 9.943392
59997538 9.943401
59971997 9.943409
59958550 9.943422
59947655 9.943430
59943132 9.943441
59939206 9.943448
59938102 9.943457
59934788 9.943463
59923594 9.943466
59920658 9.943487
59895305 9.943494
59894931 9.943500
59802688 9.943507
59781331 9.943565
59774368 9.943579
59768036 9.943586
59767009 9.943589
59766468 9.943592
59766340 9.943595
59707246 9.943610
59706563 9.943621
59703958 9.943627
59699987 9.943631
59690151 9.943635
59686707 9.943642
59686521 9.943655
59685081 9.943676
59682717 9.943696
59680006 9.943700
59675319 9.943703
59667858 9.943708
59663323 9.943743
59656257 9.943747
59652396 9.943752
59651462 9.943760
59651134 9.943774
59648706 9.943787
59588688 9.943796
59578854 9.943808
59577416 9.943812
59575948 9.943817
59575580 9.943823
59574637 9.943827
59565060 9.943830
59564362 9.943834
59537487 9.943843
59528980 9.943855
59528290 9.943872
59526767 9.943877
59171171 9.944176
59169329 9.944197
59154085 9.944212
59150238 9.944232
59142275 9.944236
59133024 9.944244
59127381 9.944252
59126887 9.944256
59123792 9.944260
59082605 9.944270
59071532 9.944280
59070359 9.944285
59069814 9.944292
59059779 9.944298
59057485 9.944307
59056743 9.944312
59028641 9.944322
59026056 9.944331
59024795 9.944347
59012176 9.944354
59010270 9.944357
58993390 9.944365
58979988 9.944370
58978305 9.944379
58971122 9.944390
58970221 9.944394
58969197 9.944397
58965348 9.944404
58953677 9.944412
58939210 9.944420
58932554 9.944430
58929446 9.944438
58924820 9.944441
58924608 9.944451
58921999 9.944455
58916490 9.944462
58914580 9.944485
58912637 9.944488
58906914 9.944494
58904702 9.944507
58888623 9.944513
58886922 9.944516
58797424 9.944530
58783948 9.944541
58774412 9.944558
58773434 9.944561
58768936 9.944564
58765609 9.944568
58709518 9.944574
58700040 9.944578
58686694 9.944594
58685389 9.944613
58683994 9.944635
58683467 9.944639
58683304 9.944739
58652687 9.944763
58650702 9.944767
58646475 9.944780
58640997 9.944786
58639706 9.944796
58628468 9.944810
58623634 9.944817
58620743 9.944823
58614330 9.944841
58609994 9.944845
58608638 9.944848
58582809 9.944866
58578499 9.944871
58578073 9.944877
58558499 9.944887
58554035 9.944893
58532244 9.944900
58528763 9.944907
58512548 9.944915
58482578 9.944927
58463345 9.944937
58462505 9.944941
58461656 9.944945
58459196 9.944950
58457079 9.944953
58445200 9.944959
58444574 9.944963
58438398 9.944967
58394190 9.944978
58391264 9.944981
58386821 9.944985
58383460 9.945003
58383434 9.945012
58382027 9.945031
58360407 9.945046
58178151 9.945060
58176936 9.945063
58172648 9.945067
58172113 9.945075
58170373 9.945079
58168855 9.945083
58168538 9.945086
58159005 9.945104
58060390 9.945117
58056985 9.945126
58052981 9.945129
58041965 9.945136
58018926 9.945155
58018475 9.945161
58017887 9.945168
58016956 9.945172
58014814 9.945181
58014758 9.945186
58010298 9.945193
57994521 9.945204
57994428 9.945219
57992099 9.945223
57988756 9.945227
57988497 9.945232
57949068 9.945237
57939996 9.945241
57895671 9.945248
57894583 9.945268
57887432 9.945279
57885292 9.945285
57873466 9.945289
57869935 9.945292
57857225 9.945303
57853209 9.945308
57827668 9.945324
57823328 9.945332
57822752 9.945341
57813241 9.945344
57809458 9.945351
57806741 9.945357
57798328 9.945363
57793703 9.945371
57790154 9.945374
57787525 9.945379
57786278 9.945383
57784975 9.945392
57753806 9.945401
57732197 9.945408
57700016 9.945418
57698734 9.945428
57697211 9.945434
57693032 9.945437
57671025 9.945443
57669622 9.945456
57668203 9.945478
57667413 9.945488
57652334 9.945494
57648701 9.945498
57643095 9.945502
57627342 9.945509
57627185 9.945515
57625908 9.945518
57624407 9.945524
57615502 9.945530
57602722 9.945549
57601287 9.945555
57595680 9.945560
57594871 9.945563
57593194 9.945571
57588918 9.945575
57586810 9.945579
57578607 9.945586
57561480 9.945591
57511958 9.945600
57511312 9.945606
57506339 9.945620
57505104 9.945635
57503287 9.945639
57502704 9.945643
57501787 9.945652
57427578 9.945661
57424513 9.945675
57420632 9.945679
57419141 9.945686
57413421 9.945696
57401680 9.945705
57382284 9.945721
57365071 9.945730
57364324 9.945757
57363749 9.945761
57333697 9.945766
57326229 9.945770
57316168 9.945776
57315231 9.945780
57314182 9.945795
57302703 9.945807
57293811 9.945817
57287838 9.945821
57279418 9.945828
57274864 9.945839
57273952 9.945846
57267152 9.945851
57258833 9.945855
57253834 9.945865
57252365 9.945869
57237325 9.945873
57234917 9.945885
57231506 9.945897
57230786 9.945900
57230031 9.945904
57229475 9.945911
57221748 9.945918
57217789 9.945924
57204693 9.945936
57182194 9.945950
57175474 9.945955
57175445 9.945965
57167964 9.945969
57167364 9.945979
57165570 9.945986
57164547 9.945991
57161020 9.946003
57154021 9.946009
57100875 9.946020
57071560 9.946031
57060657 9.946039
57054101 9.946062
57022354 9.946075
57009019 9.946082
56981063 9.946102
56965541 9.946115
56963226 9.946119
56956688 9.946126
56949223 9.946169
56943200 9.946179
56941274 9.946183
56940570 9.946186
56935120 9.946190
56930879 9.946194
56914326 9.946199
56908712 9.946207
56897395 9.946220
56897386 9.946224
56875895 9.946233
56851461 9.946244
56826002 9.946253
56820616 9.946257
56767088 9.946262
56759675 9.946270
56758112 9.946283
56754529 9.946304
56751325 9.946323
56750938 9.946327
56747518 9.946339
56742189 9.946345
56741395 9.946350
56739052 9.946359
56738469 9.946365
56735964 9.946368
56726065 9.946380
56674426 9.946384
56671298 9.946391
56647594 9.946426
56107079 9.946435
56100659 9.946446
56100444 9.946457
56090208 9.946461
56084739 9.946466
56080617 9.946470
56069148 9.946481
56060201 9.946490
56052230 9.946495
56046487 9.946506
56036240 9.946509
56030664 9.946519
55612830 9.946530
55596186 9.946534
55591824 9.946538
55591507 9.946543
55329134 9.946553
55326091 9.946558
55313301 9.946571
55305380 9.946584
55304690 9.946595
55141698 9.946599
55130043 9.946621
55122622 9.946633
55119633 9.946647
55096606 9.946652
55084202 9.946656
55076602 9.946664
55073762 9.946668
55060977 9.946677
55055308 9.946683
55054961 9.946687
55054932 9.946690
55049914 9.946693
55049767 9.946696
55038232 9.946709
55036416 9.946716
55033787 9.946719
55030739 9.946725
55027236 9.946729
55026143 9.946732
55023046 9.946745
55022632 9.946748
55012660 9.946759
55002297 9.946768
55000309 9.946773
54997901 9.946776
54991464 9.946781
54989815 9.946785
54988590 9.946793
54984376 9.946797
54984228 9.946827
54983836 9.946832
54979799 9.946838
54979473 9.946852
54969355 9.946862
54968575 9.946866
54932613 9.946871
54924458 9.946879
54921132 9.946895
54920083 9.946898
54847806 9.946908
54847585 9.946918
54836870 9.946926
54677014 9.946941
54663233 9.946945
54649752 9.946967
54524707 9.946987
54487464 9.946992
54486463 9.946996
54473538 9.947007
54454140 9.947014
54450010 9.947019
54448375 9.947023
54448319 9.947027
54445204 9.947031
54444982 9.947035
54444947 9.947039
54440231 9.947057
54433101 9.947072
54430461 9.947076
54428286 9.947079
54427659 9.947083
54425692 9.947092
54418569 9.947102
54416026 9.947115
54409406 9.947121
54409210 9.947156
54408595 9.947160
54401668 9.947169
54396910 9.947175
54373065 9.947180
54369839 9.947191
54369285 9.947199
54366957 9.947203
54360904 9.947215
54353800 9.947225
54352759 9.947229
54352471 9.947251
54335791 9.947262
54322379 9.947266
54314954 9.947277
54313623 9.947283
54166471 9.947290
53618910 9.947300
53614169 9.947303
53612383 9.947313
53600975 9.947321
53597374 9.947330
53594640 9.947333
53592087 9.947343
53589810 9.947370
53589492 9.947374
53581446 9.947378
53553049 9.947454
53546705 9.947463
53540690 9.947471
53537825 9.947475
53537241 9.947478
53523787 9.947492
53510482 9.947506
53485027 9.947516
53478419 9.947519
53456847 9.947527
53450959 9.947531
53448652 9.947534
53447403 9.947538
53446393 9.947543
53442449 9.947551
53438741 9.947565
53430644 9.947572
53430276 9.947575
53424171 9.947579
53419038 9.947592
53411491 9.947608
53407625 9.947612
53375228 9.947622
53369928 9.947627
53237881 9.947642
53052889 9.947649
53044827 9.947653
53043580 9.947672
53042965 9.947717
53042947 9.947721
53042771 9.947724
53035679 9.947729
53032623 9.947732
53031177 9.947741
53007256 9.947746
52978134 9.947752
52969062 9.947764
52967177 9.947776
52961860 9.947786
52955294 9.947799
52954945 9.947803
52954849 9.947811
52948117 9.947819
52945408 9.947826
52945019 9.947829
52942455 9.947863
52916047 9.947958
52911066 9.947967
52908249 9.947984
52908020 9.948103
52904893 9.948112
52902772 9.948133
52902345 9.948136
52902304 9.948183
52900428 9.948189
52894340 9.948199
52893841 9.948206
52886971 9.948333
52886862 9.948356
52877134 9.948374
52871355 9.948392
52870241 9.948396
52869954 9.948399
52866612 9.948402
52861606 9.948409
52861178 9.948438
52857021 9.948442
52856352 9.948452
52854190 9.948457
52852332 9.948460
52850891 9.948465
52842721 9.948471
52842189 9.948474
52840268 9.948477
52838502 9.948480
52837177 9.948487
52836652 9.948518
52816993 9.948624
52807553 9.948663
52807292 9.948667
52806372 9.948675
52806135 9.948679
52800445 9.948693
52800396 9.948697
52783435 9.948702
52777354 9.948708
52759944 9.948717
52752977 9.948726
52742459 9.948730
52736253 9.948734
52731891 9.948739
52730920 9.948744
52726991 9.948749
52722524 9.948754
52722219 9.948758
52716263 9.948773
52714417 9.948779
52712241 9.948786
52711253 9.948796
52704130 9.948804
52701590 9.948811
52695619 9.948815
52694209 9.948824
52693957 9.948836
52690160 9.948840
52663864 9.948844
52487496 9.948860
52461767 9.948868
52457555 9.948899
52454243 9.948903
52453988 9.948906
52447023 9.948912
52444960 9.948920
52436466 9.948925
52383412 9.948954
52380757 9.948959
52366796 9.948971
52365782 9.948983
52352767 9.948995
52339546 9.948998
52327015 9.949003
52325344 9.949008
52311340 9.949020
52310424 9.949023
52309628 9.949028
52252594 9.949039
52234033 9.949053
52224600 9.949061
52214455 9.949075
52204374 9.949078
52203865 9.949081
52030750 9.949091
52030502 9.949098
52030345 9.949102
52024645 9.949106
51889473 9.949140
51867614 9.949145
51861032 9.949150
51859864 9.949154
51850903 9.949165
51850874 9.949177
51849009 9.949187
51848469 9.949198
51846739 9.949201
51846488 9.949206
51846470 9.949211
51845130 9.949278
51835930 9.949286
51835110 9.949302
51831355 9.949316
51831227 9.949333
51818899 9.949337
51818830 9.949341
51815699 9.949346
51814645 9.949351
51753785 9.949355
51753003 9.949360
51752682 9.949375
51751254 9.949396
51745661 9.949400
51745444 9.949429
51743798 9.949458
51743170 9.949474
51742075 9.949477
51732812 9.949486
51727877 9.949499
51722212 9.949503
51713972 9.949507
51703089 9.949512
51699976 9.949517
51664941 9.949521
51660095 9.949525
51655314 9.949529
51626393 9.949532
51625326 9.949535
51611411 9.949568
51576890 9.949582
51574133 9.949586
51571131 9.949590
51566565 9.949615
51528966 9.949619
51516004 9.949633
51507381 9.949639
51506812 9.949644
51505441 9.949648
51490973 9.949653
51483324 9.949659
51480138 9.949662
51479871 9.949668
51479395 9.949672
51477767 9.949683
51475286 9.949688
51474313 9.949696
51467071 9.949701
51465720 9.949704
51462434 9.949711
51461863 9.949727
51453081 9.949736
51452964 9.949744
51432935 9.949757
51419453 9.949761
51418915 9.949764
51415516 9.949768
51410577 9.949772
51409995 9.949775
51406478 9.949780
51400964 9.949795
51379654 9.949817
51379293 9.949826
51324917 9.949858
51310786 9.949865
51303450 9.949869
51296699 9.949872
51295755 9.949875
51294988 9.949878
51294248 9.949881
51286594 9.949885
51263636 9.949890
51263405 9.949908
51259861 9.949912
51258194 9.949916
51234276 9.949922
51231007 9.949930
51213122 9.949934
50892889 9.949946
50853097 9.949954
50851819 9.949959
50840481 9.949968
50836311 9.949972
50828477 9.949979
50821728 9.949986
50818051 9.949993
50817164 9.949998
50815289 9.950006
50807110 9.950010
50804444 9.950017
50803742 9.950020
50796518 9.950027
50794761 9.950043
50746248 9.950058
50745545 9.950062
50741386 9.950065
50736146 9.950069
50734052 9.950074
50731444 9.950083
50731178 9.950088
50731112 9.950095
50721831 9.950098
50718025 9.950101
50711220 9.950117
50709383 9.950120
50703649 9.950123
50702498 9.950127
50694773 9.950144
50692889 9.950149
50692363 9.950152
50683010 9.950155
50681885 9.950158
50651577 9.950163
50650379 9.950171
50493347 9.950185
50479110 9.950197
50476863 9.950217
50476625 9.950245
50464464 9.950255
50462032 9.950259
50454351 9.950266
50448680 9.950270
50448090 9.950274
50445932 9.950286
50442390 9.950294
50436865 9.950298
50435016 9.950304
50431584 9.950308
50425987 9.950317
50424844 9.950320
50422721 9.950338
50417955 9.950344
50415912 9.950351
50415880 9.950362
50413633 9.950367
50413623 9.950370
50410409 9.950377
50409958 9.950380
50387988 9.950387
50369454 9.950392
50357279 9.950395
50355245 9.950411
50353969 9.950414
50352501 9.950420
50348001 9.950423
50341374 9.950437
50332818 9.950441
50323581 9.950446
50323302 9.950450
50315778 9.950455
50311300 9.950468
50302420 9.950478
50300097 9.950482
50294423 9.950501
50293892 9.950505
50285418 9.950513
50281669 9.950525
50247633 9.950531
50241708 9.950561
50239926 9.950591
50229829 9.950595
50226167 9.950616
50223504 9.950623
50222269 9.950630
50216617 9.950635
50213346 9.950652
50207483 9.950656
50189602 9.950667
50189048 9.950670
50186778 9.950677
50186294 9.950697
50168809 9.950706
50162973 9.950710
50149788 9.950725
50149624 9.950730
50149333 9.950738
50142546 9.950742
50139397 9.950752
50139303 9.950756
50139127 9.950761
50117534 9.950775
50102954 9.950783
50102222 9.950787
50097226 9.950794
50096103 9.950797
50095749 9.950805
50092126 9.950808
50091751 9.950817
50027005 9.950822
50014817 9.950825
50008149 9.950829
49925289 9.950838
49925231 9.950842
49923802 9.950846
49913979 9.950854
49899092 9.950879
49898934 9.950883
49897186 9.950907
49894499 9.950919
49892140 9.950929
49890153 9.950935
49882860 9.950939
49874916 9.950946
49874060 9.950950
49865370 9.950957
49851790 9.950972
49845916 9.950977
49845894 9.950985
49837034 9.950988
49836722 9.950998
49828599 9.951006
49807070 9.951022
49790928 9.951028
49786005 9.951038
49774414 9.951050
49774238 9.951055
49769054 9.951058
49768117 9.951063
49764737 9.951076
49764127 9.951082
49758644 9.951086
49756691 9.951095
49738580 9.951104
49728983 9.951116
49697172 9.951128
49693677 9.951139
49688669 9.951144
49680944 9.951148
49673930 9.951157
49664091 9.951163
49660522 9.951168
49648701 9.951176
49647646 9.951198
49639892 9.951203
49634296 9.951206
49632906 9.951213
49630621 9.951223
49630398 9.951226
49626967 9.951231
49624843 9.951235
49622352 9.951241
49608112 9.951248
49587826 9.951253
49579124 9.951265
49565205 9.951269
49564705 9.951272
49555146 9.951285
49525999 9.951298
49519156 9.951310
49518029 9.951325
49515895 9.951328
49505048 9.951341
49504345 9.951345
49498320 9.951358
49479223 9.951362
49478495 9.951366
49415936 9.951375
49411385 9.951379
49396352 9.951385
49382732 9.951395
49379010 9.951405
49378974 9.951409
49378282 9.951415
49378014 9.951419
49376845 9.951425
49374099 9.951435
49373907 9.951439
49365457 9.951452
49364934 9.951467
49364391 9.951471
49353019 9.951474
49351574 9.951497
49347345 9.951504
49345224 9.951510
49332429 9.951522
49330576 9.951553
49327527 9.951557
49326535 9.951563
49326287 9.951578
49322245 9.951634
49307979 9.951643
49307548 9.951648
49303768 9.951652
49303681 9.951661
49302182 9.951664
49298293 9.951672
49271867 9.951684
49257526 9.951690
49237340 9.951695
49236974 9.951698
49235339 9.951713
49229310 9.951717
49222640 9.951725
49220471 9.951728
49216101 9.951736
49189106 9.951747
49180702 9.951757
49140985 9.951777
49133731 9.951785
49128245 9.951795
49125475 9.951800
49116589 9.951804
49113597 9.951807
49112685 9.951811
49097681 9.951815
49097186 9.951833
49084766 9.951839
49082666 9.951842
49075171 9.951861
49059230 9.951872
49058790 9.951880
49056655 9.951895
49055793 9.951913
49050410 9.951919
49050131 9.951935
49047883 9.951938
49033155 9.951956
49026408 9.951968
49026171 9.951971
49016658 9.951979
49016538 9.951993
49014699 9.951997
48991104 9.952008
48987314 9.952012
48978319 9.952015
48975876 9.952024
48910177 9.952033
48905551 9.952059
48880929 9.952073
48880822 9.952081
48877457 9.952088
48865080 9.952100
48865067 9.952108
48857926 9.952112
48726306 9.952116
48719732 9.952120
48719146 9.952125
48714577 9.952131
48714106 9.952134
48709521 9.952137
48706907 9.952140
48702272 9.952145
48693070 9.952154
48692724 9.952163
48684086 9.952172
48677088 9.952176
48665000 9.952181
48659444 9.952184
48537940 9.952198
48537430 9.952231
48535794 9.952244
48534704 9.952249
48529685 9.952264
48528691 9.952275
48527036 9.952287
48522501 9.952294
48504694 9.952298
48498376 9.952301
48491655 9.952305
48487033 9.952317
48486479 9.952337
48486317 9.952344
48483428 9.952347
48480391 9.952353
48468262 9.952428
48452416 9.952441
48448260 9.952449
48448018 9.952467
48446921 9.952478
48444995 9.952481
48442164 9.952486
48440637 9.952489
48417895 9.952499
48417369 9.952502
48412171 9.952508
48405063 9.952513
48386641 9.952530
48383632 9.952545
48383198 9.952549
48377778 9.952558
48376294 9.952567
48363787 9.952574
48361239 9.952585
48359659 9.952589
48358299 9.952604
48329752 9.952612
48324965 9.952618
48323497 9.952621
48317165 9.952625
48307975 9.952635
48303990 9.952639
48294898 9.952642
48284576 9.952649
48260777 9.952658
48260492 9.952662
48257177 9.952670
48252323 9.952677
48250856 9.952723
48249473 9.952727
48245508 9.952749
48242267 9.952757
48220236 9.952764
48189553 9.952774
48188696 9.952779
48173034 9.952784
48170048 9.952804
48165345 9.952813
48153783 9.952821
48153320 9.952826
48151326 9.952831
48148202 9.952837
48147906 9.952841
48132114 9.952853
48127947 9.952866
48121832 9.952870
48109776 9.952878
48103056 9.952882
48101327 9.952886
48088739 9.952895
48086623 9.952901
48085724 9.952905
48083362 9.952911
47923565 9.952931
47919801 9.952935
47917249 9.952957
47908556 9.952961
47904775 9.952966
47792866 9.952978
47781629 9.952982
47770858 9.952991
47764102 9.952999
47763397 9.953002
47763174 9.953007
47763123 9.953011
47758981 9.953026
47751243 9.953029
47748460 9.953040
47746453 9.953043
47746451 9.953052
47725818 9.953055
47722447 9.953071
47717336 9.953075
47715283 9.953078
47714437 9.953082
47704224 9.953089
47688546 9.953093
47682276 9.953102
47682201 9.953108
47667931 9.953120
47665674 9.953124
47664372 9.953133
47660872 9.953137
47631612 9.953146
47630954 9.953150
47628908 9.953153
47547252 9.953159
47540330 9.953163
47534625 9.953167
47531789 9.953170
47530637 9.953184
47526348 9.953190
47526210 9.953204
47517190 9.953219
47514205 9.953231
47511652 9.953243
47504233 9.953253
47503828 9.953262
47492462 9.953267
47485500 9.953272
47481167 9.953276
47476272 9.953284
47472186 9.953298
47469896 9.953302
47468491 9.953308
47457094 9.953314
47454517 9.953317
47450537 9.953321
47446970 9.953325
47446520 9.953328
47444621 9.953337
47437920 9.953362
47436579 9.953366
47426088 9.953371
47423372 9.953375
47421131 9.953378
47419751 9.953382
47416985 9.953386
47416470 9.953390
47411957 9.953405
47410709 9.953411
47408450 9.953416
47405701 9.953429
47397148 9.953436
47397135 9.953440
47179436 9.953474
47173812 9.953492
47165981 9.953495
47165090 9.953505
47159648 9.953510
47158786 9.953514
47149238 9.953530
47143468 9.953534
47136552 9.953539
47133181 9.953543
47055487 9.953556
47030434 9.953573
47023377 9.953581
47014756 9.953596
47005033 9.953600
47002522 9.953616
46978331 9.953632
46970231 9.953679
46960319 9.953686
46948976 9.953699
46934855 9.953702
46416449 9.953713
46411944 9.953716
46408573 9.953720
46404094 9.953728
46399270 9.953739
46391076 9.953754
46388894 9.953763
45878969 9.953785
45878943 9.953789
45872612 9.953793
45872346 9.953813
45783376 9.953849
45771445 9.953852
45767035 9.953856
45752588 9.953859
45739541 9.953868
45720232 9.953883
45719878 9.953889
45713893 9.953894
45706146 9.953897
45704821 9.953904
45704150 9.953910
45583189 9.953915
45579217 9.953919
45570202 9.953933
45543545 9.953940
45520761 9.953947
45520565 9.953956
45515770 9.953961
45119175 9.953976
45108833 9.953983
45106333 9.953993
45105008 9.953996
45104688 9.954000
45099316 9.954005
45075470 9.954011
45074726 9.954023
45056865 9.954038
45051422 9.954042
45030450 9.954051
45029455 9.954071
45023287 9.954078
45009468 9.954087
44994147 9.954095
44989960 9.954103
44984648 9.954107
44982273 9.954110
44973262 9.954205
44970016 9.954209
44968483 9.954219
44963999 9.954224
44930727 9.954231
44928588 9.954242
44926390 9.954248
44926321 9.954286
44919875 9.954290
44918818 9.954294
44913303 9.954299
44899645 9.954309
44898403 9.954313
44880935 9.954338
44880519 9.954343
44878057 9.954350
44875732 9.954366
44871417 9.954370
44870435 9.954376
44864919 9.954380
44852053 9.954383
44850408 9.954409
44847371 9.954443
44844991 9.954472
44842911 9.954482
44841013 9.954486
44837242 9.954495
44836308 9.954498
44831330 9.954509
44824357 9.954513
44821902 9.954516
44685455 9.954521
44682486 9.954524
44653597 9.954534
44648692 9.954537
44627157 9.954543
44625758 9.954549
44623692 9.954552
44591345 9.954565
44588407 9.954570
44579865 9.954575
44573169 9.954578
44565223 9.954582
44563096 9.954588
44521228 9.954602
44519463 9.954606
44488839 9.954613
44473355 9.954629
44468046 9.954635
44467844 9.954646
44466790 9.954649
44462968 9.954653
44462741 9.954656
44461818 9.954660
44454293 9.954664
44450476 9.954671
44447849 9.954679
44446288 9.954685
44445941 9.954689
44444220 9.954693
44444143 9.954720
44444053 9.954724
44444025 9.954728
44440662 9.954733
44440401 9.954737
44435391 9.954765
44422330 9.954770
44414539 9.954780
44412432 9.954796
44405132 9.954803
44402123 9.954807
44361206 9.954823
44358135 9.954828
44356894 9.954831
44336711 9.954847
44336507 9.954857
44333936 9.954861
44329180 9.954865
44326828 9.954869
44326541 9.954874
44323153 9.954878
44314739 9.954883
44308520 9.954897
44307744 9.954900
44304804 9.954904
44302271 9.954914
44301662 9.954917
44301482 9.954921
44298272 9.954938
44297491 9.954945
43525228 9.954953
43523519 9.954958
43520450 9.954961
43518498 9.954979
43518221 9.954983
43518032 9.954996
43508209 9.955001
43501792 9.955012
43497264 9.955027
43487321 9.955035
43485136 9.955041
43484704 9.955044
43478848 9.955062
43472868 9.955066
43472247 9.955070
43462458 9.955086
43459569 9.955092
43453520 9.955102
43430995 9.955107
43407995 9.955117
43398836 9.955126
43376814 9.955131
43374895 9.955142
43367775 9.955153
43359188 9.955162
43352388 9.955167
43345348 9.955172
43344871 9.955177
43338287 9.955187
43320534 9.955193
43138766 9.955198
43133814 9.955206
43128735 9.955209
43124214 9.955221
43123939 9.955225
43123719 9.955235
43123517 9.955256
43122164 9.955262
43118261 9.955289
43116991 9.955298
43110623 9.955308
43101494 9.955312
43099234 9.955315
43097619 9.955319
43095519 9.955326
43089479 9.955338
43085764 9.955350
43084398 9.955357
43079339 9.955361
43043807 9.955368
43034393 9.955373
43031913 9.955378
43024757 9.955383
43022710 9.955393
43006728 9.955398
43000323 9.955402
42998374 9.955407
42990926 9.955417
42984519 9.955429
42971290 9.955435
42961173 9.955438
42958090 9.955442
42955520 9.955449
42954830 9.955457
42952315 9.955460
42948610 9.955476
42948546 9.955480
42937941 9.955495
42929562 9.955502
42918074 9.955506
42916429 9.955509
42894980 9.955517
42892237 9.955522
42880920 9.955527
42873881 9.955530
42872665 9.955540
42866478 9.955546
42859536 9.955550
42832741 9.955556
42830878 9.955561
42820498 9.955568
42816082 9.955574
42652810 9.955582
42643188 9.955585
42634717 9.955610
42622190 9.955627
42614612 9.955632
42607271 9.955635
42600529 9.955645
42599558 9.955654
42598472 9.955658
42595706 9.955663
42595260 9.955687
42594841 9.955691
42591589 9.955710
42587517 9.955719
42558913 9.955724
42558878 9.955734
42516539 9.955752
42516232 9.955766
42501517 9.955778
42499916 9.955792
42499035 9.955795
42487588 9.955801
42483024 9.955809
42482616 9.955812
42394916 9.955826
42373044 9.955831
42372598 9.955834
42287084 9.955848
42284967 9.955851
42282306 9.955864
42282165 9.955869
42281707 9.955872
42277206 9.955879
42276711 9.955883
41929091 9.955947
41927454 9.955954
41893430 9.955965
41889259 9.955986
41884989 9.955998
41884062 9.956007
41883129 9.956016
41870229 9.956032
41859255 9.956050
41857995 9.956054
41847500 9.956064
41846205 9.956074
41842401 9.956078
41837991 9.956087
41834425 9.956098
41833207 9.956103
41825520 9.956112
41824796 9.956121
41811472 9.956133
41799171 9.956137
41797451 9.956142
41786995 9.956150
41781052 9.956155
41778641 9.956158
41776709 9.956169
41772480 9.956175
41769150 9.956189
41766737 9.956200
41762234 9.956206
41761736 9.956210
41761491 9.956213
41759332 9.956218
41758522 9.956222
41756260 9.956226
41750047 9.956276
41748848 9.956287
41748531 9.956302
41747940 9.956329
41743295 9.956336
41739268 9.956342
41737661 9.956348
41736793 9.956352
41729848 9.956356
41727608 9.956368
41679534 9.956417
41674190 9.956455
41672175 9.956461
41671884 9.956464
41665647 9.956468
41663061 9.956476
41658358 9.956481
41650621 9.956484
41647501 9.956508
41644114 9.956524
41623103 9.956528
41617247 9.956537
41614299 9.956540
41613627 9.956556
41612696 9.956582
41611434 9.956586
41595320 9.956596
41593161 9.956603
41588554 9.956606
41586023 9.956610
41582435 9.956620
41574036 9.956625
41562419 9.956634
41555612 9.956644
41553934 9.956656
41547512 9.956673
41545532 9.956687
41535635 9.956704
41526868 9.956711
41520096 9.956724
41517606 9.956731
41483622 9.956745
41482274 9.956749
41482217 9.956753
41481652 9.956759
41478548 9.956774
41468584 9.956778
41449652 9.956785
41446005 9.956799
41442133 9.956803
41426543 9.956821
41425660 9.956824
41425569 9.956844
41424246 9.956848
41413939 9.956851
41409986 9.956856
41391469 9.956859
41385662 9.956869
41351462 9.956891
41342638 9.956895
41334891 9.956898
41334753 9.956902
41331208 9.956906
41319825 9.956909
41316458 9.956913
41315057 9.956916
41306451 9.956927
41305357 9.956930
41302080 9.956933
41300426 9.956942
41293971 9.956946
41280605 9.956955
41280491 9.956971
41277389 9.956975
41277092 9.956987
41272138 9.956993
41271874 9.956996
41267666 9.957003
41267087 9.957006
41264945 9.957010
41264135 9.957053
41263497 9.957063
41262020 9.957080
41261914 9.957089
41256999 9.957092
41250165 9.957095
41233752 9.957101
41229192 9.957151
41221555 9.957631
41214557 9.957656
41213617 9.957661
41212348 9.957668
41193859 9.957681
41185618 9.957691
41184021 9.957695
41161118 9.957709
41153609 9.957721
41142346 9.957743
41129133 9.957750
41128035 9.957753
41114039 9.957761
41113160 9.957767
41112266 9.957774
41099005 9.957779
41078163 9.957797
41040481 9.957806
40969690 9.957827
40937097 9.957831
40931112 9.957835
40928104 9.957838
40927012 9.957841
40923176 9.957848
40922047 9.957852
40916545 9.957863
40915581 9.957867
40913765 9.957873
40738141 9.957882
40723737 9.957887
40723334 9.957890
40721200 9.957897
40701015 9.957909
40700330 9.957924
40699470 9.957929
40690771 9.957944
40672535 9.957951
40671796 9.957968
40561907 9.957973
40557165 9.957976
40500886 9.957991
40497799 9.957995
40494229 9.957998
40494000 9.958011
40488128 9.958014
40464722 9.958028
40460101 9.958032
40457289 9.958036
40457046 9.958044
40455094 9.958051
40451348 9.958065
40447672 9.958070
40441126 9.958082
40439102 9.958095
40438908 9.958101
40437882 9.958107
40436988 9.958148
40436320 9.958157
40426643 9.958162
40421296 9.958170
40420913 9.958184
40419021 9.958197
40408622 9.958223
40407958 9.958227
40405011 9.958234
40404441 9.958240
40403407 9.958244
40399906 9.958247
40399369 9.958251
40395831 9.958254
40369654 9.958259
40366054 9.958265
40352069 9.958271
40350084 9.958274
40349331 9.958281
40345257 9.958301
40341021 9.958307
40333197 9.958329
40329335 9.958334
40329327 9.958361
40327381 9.958390
40325117 9.958397
40316016 9.958412
40315404 9.958450
40293239 9.958459
40275274 9.958464
40269837 9.958489
40105559 9.958500
40103834 9.958506
40090248 9.958511
40090207 9.958517
40070396 9.958528
40069445 9.958532
40068704 9.958535
40066346 9.958562
40064937 9.958567
40048909 9.958573
40043485 9.958576
39944044 9.958586
39942540 9.958590
39937750 9.958594
39922912 9.958601
39922774 9.958604
39922536 9.958614
39916347 9.958621
39911464 9.958626
39903175 9.958635
39902869 9.958647
39901480 9.958651
39900256 9.958654
39899771 9.958658
39897149 9.958668
39874061 9.958700
39823338 9.958710
39822224 9.958713
39817611 9.958723
39813023 9.958727
39812748 9.958734
39795827 9.958929
39789796 9.958944
39784623 9.958956
39782976 9.958960
39770284 9.958963
39722902 9.958973
39722343 9.958981
39717525 9.958985
39717305 9.958989
39715250 9.958992
39711589 9.958996
39665272 9.959001
39656679 9.959004
39655121 9.959025
39654101 9.959034
39653155 9.959037
39647516 9.959045
39647013 9.959065
39642969 9.959069
39640997 9.959073
39632020 9.959078
39628812 9.959081
39625677 9.959087
39619901 9.959099
39613986 9.959110
39610376 9.959114
39588689 9.959128
39586471 9.959165
39568347 9.959181
39566288 9.959185
39546506 9.959189
39527190 9.959198
39505866 9.959202
39503827 9.959213
39502018 9.959249
39475700 9.959258
39474976 9.959261
39459451 9.959271
39452995 9.959283
39446955 9.959287
39446566 9.959303
39445804 9.959306
39438467 9.959315
39435826 9.959321
39430236 9.959332
39428868 9.959339
39422860 9.959343
39418598 9.959351
39415882 9.959395
39415570 9.959418
39413803 9.959425
39413437 9.959429
39411762 9.959433
39410955 9.959441
39293106 9.959464
39288077 9.959469
39286692 9.959473
39282730 9.959476
39281633 9.959480
39279310 9.959509
39275007 9.959523
39267981 9.959532
39261638 9.959540
39256299 9.959544
39247060 9.959548
39213735 9.959559
39205889 9.959568
39194457 9.959585
39180737 9.959590
39169701 9.959598
39100298 9.959607
39091592 9.959612
39091468 9.959616
39086915 9.959621
39043035 9.959629
39042916 9.959639
39036520 9.959643
39035837 9.959648
39029701 9.959652
39016662 9.959656
39007015 9.959659
39006477 9.959662
38998638 9.959667
38989298 9.959680
38985210 9.959686
38977637 9.959707
38954926 9.959713
38949248 9.959803
38948459 9.959806
38946771 9.959815
38946746 9.959820
38942582 9.959823
38936284 9.959828
38928793 9.959845
38920603 9.959849
38904200 9.959856
38902356 9.959861
38902257 9.959884
38896190 9.959903
38894653 9.959906
38884069 9.959920
38881926 9.959935
38878955 9.959979
38877982 9.959990
38866162 9.959994
38854585 9.959998
38849334 9.960002
38847193 9.960029
38836823 9.960047
38836134 9.960059
38823486 9.960067
38819305 9.960072
38760380 9.960077
38747993 9.960082
38746579 9.960099
38746271 9.960117
38742927 9.960122
38729192 9.960127
38700150 9.960133
38699445 9.960137
38697186 9.960140
38695520 9.960143
38692463 9.960146
38691996 9.960149
38647002 9.960156
38646505 9.960165
38645977 9.960169
38641390 9.960206
38551070 9.960248
38535903 9.960262
38529589 9.960266
38523311 9.960283
38506425 9.960287
38500447 9.960300
38497539 9.960303
38495856 9.960308
38487359 9.960314
38484810 9.960327
38479507 9.960331
38476802 9.960334
38473094 9.960343
38468401 9.960349
38465745 9.960353
38461086 9.960358
38460106 9.960379
38457995 9.960390
38441072 9.960400
38410562 9.960419
38401387 9.960423
38366275 9.960435
38360936 9.960439
38359862 9.960460
38357155 9.960465
38355321 9.960468
38325929 9.960479
38324480 9.960488
38318582 9.960505
38318320 9.960516
38314569 9.960532
38304282 9.960548
38303032 9.960552
38276004 9.960568
38270017 9.960572
38265932 9.960583
38252181 9.960589
38207554 9.960604
38206566 9.960616
38201635 9.960643
38149298 9.960713
38146416 9.960718
38143582 9.960724
38143091 9.960731
38142781 9.960759
38142322 9.960784
38141191 9.960788
38141135 9.960800
38137354 9.960816
38131300 9.960829
38117555 9.960838
38114288 9.960846
38105925 9.960855
38105502 9.960878
38105305 9.960882
38105033 9.960885
38104421 9.960888
38102699 9.960892
38071712 9.960899
38065527 9.960904
38064711 9.960907
38064005 9.960931
38057480 9.960935
38056903 9.960955
38047013 9.960974
38043691 9.960992
38041415 9.961004
38041393 9.961020
38019141 9.961040
38003236 9.961050
38001547 9.961064
37998622 9.961104
37996486 9.961108
37995045 9.961112
37991936 9.961115
37986044 9.961148
37980794 9.961165
37978811 9.961176
37977280 9.961179
37956598 9.961188
37946023 9.961193
37895059 9.961203
37891270 9.961215
37868462 9.961220
37867543 9.961237
37849229 9.961246
37821499 9.961252
37815001 9.961268
37810702 9.961272
37805090 9.961284
37773513 9.961297
37767811 9.961305
37685539 9.961312
37685011 9.961316
37673120 9.961321
37671063 9.961325
37665354 9.961330
37652412 9.961350
37650513 9.961364
37629233 9.961369
37627656 9.961376
37626597 9.961392
37599486 9.961397
37599033 9.961401
37597893 9.961404
37597565 9.961412
37589280 9.961419
37586139 9.961423
37582892 9.961426
37582820 9.961430
37582258 9.961450
37581970 9.961454
37578161 9.961482
37566208 9.961495
37555368 9.961510
37540263 9.961514
37529918 9.961520
37528152 9.961527
37527076 9.961578
37522915 9.961582
37518392 9.961586
37517098 9.961591
37516572 9.961604
37512420 9.961609
37512026 9.961627
37509704 9.961632
37509406 9.961636
37344261 9.961650
37338817 9.961670
37338496 9.961675
37334715 9.961683
37331825 9.961688
37317623 9.961699
37306572 9.961707
37301082 9.961720
37297547 9.961725
37296297 9.961729
37294959 9.961776
37292034 9.961796
37290812 9.961800
37290635 9.961803
37276616 9.961806
37275992 9.961812
37270283 9.961823
37268743 9.961854
37268423 9.961863
37267478 9.961876
37267256 9.961879
37250232 9.961883
37242521 9.961887
37196018 9.961896
37193165 9.961903
37191016 9.961908
37189941 9.961913
37188477 9.961924
37187671 9.961928
37186370 9.961933
37183196 9.961939
37182243 9.961943
37181843 9.961947
37181459 9.961961
37174512 9.961984
37172979 9.961989
37142174 9.961998
37140986 9.962007
37125538 9.962018
37119135 9.962021
37116641 9.962033
37115833 9.962037
37112632 9.962041
37101485 9.962044
37099847 9.962047
37097913 9.962051
37086679 9.962060
37080669 9.962065
37067963 9.962069
37063708 9.962079
37059790 9.962083
37058058 9.962086
37049167 9.962092
37046847 9.962106
37043252 9.962118
37039494 9.962134
37034715 9.962141
37030116 9.962148
37022852 9.962154
37022792 9.962186
37010723 9.962191
36842904 9.962269
36838333 9.962276
36834109 9.962279
36833581 9.962284
36833088 9.962292
36830628 9.962296
36828994 9.962306
36828742 9.962331
36819832 9.962344
36795746 9.962352
36793677 9.962369
36793671 9.962373
36792851 9.962377
36791366 9.962380
36789264 9.962393
36775959 9.962410
36771732 9.962442
36771003 9.962446
36768277 9.962449
36762992 9.962452
36748442 9.962477
36747338 9.962482
36747196 9.962547
36746936 9.962551
36745290 9.962568
36737588 9.962709
36733796 9.962714
36730314 9.962719
36730144 9.962723
36728325 9.962731
36725223 9.962748
36723173 9.962776
36722294 9.962790
36721886 9.962841
36720831 9.962847
36717073 9.962854
36715318 9.962857
36714339 9.962877
36704147 9.962881
36701848 9.962884
36700050 9.962890
36690137 9.962894
36688944 9.962898
36680620 9.962901
36678137 9.962910
36677156 9.962924
36676771 9.962930
36672408 9.962949
36670548 9.962957
36670308 9.962962
36669643 9.962966
36668396 9.962970
36659709 9.962974
36655694 9.962977
36654021 9.962982
36621846 9.962986
36620378 9.963025
36594839 9.963030
36594836 9.963033
36585080 9.963043
36581794 9.963058
36580304 9.963062
36574603 9.963066
36560510 9.963072
36553060 9.963087
36533384 9.963100
36531166 9.963105
36527092 9.963111
36516201 9.963214
36505555 9.963234
36501069 9.963253
36486364 9.963257
36485736 9.963260
36483748 9.963264
36481902 9.963295
36468404 9.963312
36459969 9.963323
36458017 9.963327
36451667 9.963331
36444543 9.963350
36444253 9.963355
36437250 9.963365
36437171 9.963375
36433574 9.963381
36432526 9.963384
36431528 9.963387
36430129 9.963407
36424933 9.963423
36423582 9.963426
36415797 9.963436
36414396 9.963679
36413211 9.963785
36412456 9.963789
36383994 9.963926
36380978 9.963934
36380085 9.963950
36373894 9.963954
36372061 9.963961
36371666 9.963999
36369152 9.964030
36358333 9.964054
36353204 9.964059
36351133 9.964155
36346724 9.964170
36345472 9.964175
36345281 9.964180
36344088 9.964185
36344062 9.964242
36343022 9.964306
36340950 9.964312
36336836 9.964318
36336297 9.964369
36325949 9.964378
36310774 9.964383
36304314 9.964389
36296308 9.964414
36290902 9.964582
36289405 9.964588
36271545 9.964627
36266845 9.964632
36265495 9.964635
36255903 9.964648
36255078 9.964657
36247581 9.964662
36243207 9.964665
36208751 9.964676
36206418 9.964681
36206240 9.964691
36205439 9.964727
36196671 9.964740
36193228 9.964746
36192122 9.964759
36184446 9.964849
36184013 9.964856
36183275 9.966211
36180876 9.966245
36179004 9.966274
36174676 9.966278
36171379 9.966285
36161113 9.966291
36102130 9.966366
36100267 9.966376
36098575 9.966384
36095258 9.966399
36090991 9.966478
36089129 9.966499
36081833 9.966583
36077032 9.966611
36076325 9.966619
36063558 9.966638
36062522 9.966642
36055184 9.966700
36055078 9.966705
36050812 9.966778
36044588 9.966786
36038613 9.966810
36037542 9.966827
36036649 9.966835
36036274 9.967020
36035535 9.967028
36033334 9.967053
36022270 9.967094
36018937 9.967102
36013685 9.967107
36013457 9.967111
36008491 9.967135
36007079 9.967145
36006562 9.967204
36005772 9.967366
36002887 9.967674
35991792 9.967682
35633656 9.967732
35633540 9.967737
35633495 9.967785
35632311 9.967789
35631041 9.967815
35629279 9.967821
35629152 9.967855
35628768 9.967862
35625951 9.967866
35623573 9.967870
35623201 9.967873
35620752 9.968026
35613931 9.968030
35612955 9.968247
35609031 9.968263
35605404 9.968267
35605046 9.968334
35594997 9.968389
35594758 9.968397
35569940 9.968414
35569833 9.968426
35565439 9.968431
35565138 9.968437
35563819 9.968440
35562779 9.968445
35559105 9.968450
35540642 9.968459
35538216 9.968485
35536897 9.968490
35532827 9.968493
35527023 9.968501
35520527 9.968515
35511894 9.968567
35506233 9.968571
35505434 9.968579
35502227 9.968583
35499958 9.968595
35497938 9.968939
35493903 9.968956
35394764 9.968975
35393932 9.968980
35391182 9.968990
35386370 9.968994
35384038 9.968998
35357918 9.969007
35355679 9.969026
35348635 9.969030
35347784 9.969042
35344488 9.969055
35199169 9.969059
35198931 9.969063
35195853 9.969105
35195800 9.969109
35195113 9.969114
35194290 9.969118
35194226 9.969129
35191701 9.969135
35186276 9.969141
35184999 9.969144
35182024 9.969150
35181900 9.969189
35175927 9.969194
35175309 9.969197
35173386 9.969209
35171067 9.969216
35168572 9.969219
35159025 9.969226
35156555 9.969230
35155098 9.969242
35154993 9.969247
35149944 9.969255
35147833 9.969289
35145529 9.969295
35145298 9.969316
35142971 9.969341
35123783 9.969359
35123743 9.969722
35117435 9.969740
35116340 9.969745
35110066 9.969819
35098902 9.969825
35097760 9.969838
35086314 9.969842
35078059 9.969876
35076515 9.969880
35067501 9.969888
35061695 9.969891
35060061 9.969912
35058840 9.969916
35056025 9.969921
35054244 9.969926
35042962 9.969929
35040053 9.969937
35039624 9.969943
35039238 9.969973
35037506 9.969980
35035801 9.970007
35034134 9.970083
35033057 9.970089
35032355 9.970217
35030913 9.970249
35030517 9.970273
35028584 9.970297
35024334 9.970302
35019897 9.970368
35014231 9.970398
35009268 9.970402
35006876 9.970406
35006497 9.970414
35000932 9.970420
34999237 9.970424
34976498 9.970429
34971265 9.970438
34970977 9.970450
34964791 9.970455
34961992 9.970463
34960062 9.970481
34955316 9.970491
34953849 9.970496
34930550 9.970501
34929567 9.970543
34922410 9.970550
34921752 9.970556
34921161 9.970583
34913622 9.970588
34881491 9.970712
34881118 9.970722
34862742 9.970739
34861718 9.970743
34859914 9.970746
34858935 9.970818
34853940 9.970824
34821371 9.970850
34820320 9.970865
34816781 9.970885
34816345 9.970949
34812955 9.970953
34521773 9.971029
34471518 9.971035
34468184 9.971046
34462311 9.971049
34458374 9.971053
34455213 9.971063
34455182 9.971077
34453627 9.971086
34451632 9.971102
34448696 9.971105
34448394 9.971109
34447571 9.971391
34447249 9.971397
34446367 9.971404
34444913 9.971407
34444103 9.971424
34442273 9.971429
34438286 9.971433
34425169 9.971441
34420144 9.971449
34396452 9.971463
34385655 9.971470
34384230 9.971482
34383487 9.971485
34376899 9.971489
34363448 9.971496
34219849 9.971523
34219465 9.971541
34201508 9.971594
34200949 9.971598
34184629 9.971613
34182185 9.971617
34181716 9.971622
34177989 9.971626
34171816 9.971630
34171308 9.971634
34170154 9.971641
34168597 9.971644
34167197 9.971665
34157524 9.971712
34156218 9.971719
34155692 9.971752
34154540 9.971760
34134594 9.971768
34128550 9.971781
34124077 9.971787
34120464 9.971797
34120193 9.971804
34118651 9.971812
34118314 9.971818
34103161 9.971859
34101369 9.971876
34101258 9.972103
34099315 9.974059
34097087 9.974065
34096026 9.974069
34096017 9.974106
34091170 9.974111
34090180 9.974115
34089789 9.974135
34087350 9.974140
34042445 9.974153
34042365 9.974388
34042034 9.974403
34041272 9.974444
34040574 9.974450
34039944 9.974455
34036336 9.974460
34035562 9.974484
34034512 9.974490
34034452 9.974497
34027108 9.974500
34025489 9.974509
34025013 9.974642
34015690 9.974826
34014260 9.975177
34013676 9.975199
34013162 9.975241
34011039 9.975247
34010549 9.975268
34010433 9.975274
34008144 9.975286
34005447 9.975290
33988848 9.975295
33975002 9.975304
33974165 9.975309
33973786 9.975312
33972237 9.975319
33963345 9.975334
33958076 9.975338
33952510 9.975343
33945638 9.975360
33944755 9.975377
33943834 9.975387
33942957 9.975403
33940997 9.975449
33938992 9.975508
33938979 9.975567
33938381 9.975571
33925279 9.975594
33921531 9.975601
33918997 9.975619
33914470 9.975623
33911652 9.975627
33909155 9.975633
33908807 9.975636
33903316 9.975643
33901203 9.975707
33900655 9.976959
33900381 9.977093
33876668 9.977109
33873656 9.977113
33872392 9.977119
33870950 9.977126
33869070 9.977151
33868045 9.977155
33860716 9.977166
33858828 9.977195
33857059 9.977203
33856783 9.977210
33856277 9.977218
33854860 9.977224
33841422 9.977237
33841143 9.977459
33840797 9.977486
33839681 9.977491
33830159 9.977556
33830131 9.977674
33826232 9.977687
33823419 9.977733
33823324 9.978312
33822325 9.983818
33820744 9.983825
33817668 9.983836
33810068 9.983845
33809877 9.983849
33808362 9.985313
33806330 9.985318
33793763 9.985978
33781320 9.985985
33779675 9.985990
33774695 9.986025
33772059 9.986035
33768817 9.986039
33766116 9.986046
33764484 9.986050
33761302 9.986053
33760775 9.986056
33758666 9.986063
33757086 9.986068
33753445 9.986072
33753349 9.986083
33736398 9.986099
33735118 9.986124
33731524 9.986134
33727508 9.986137
33721498 9.986142
33720783 9.986148
33715059 9.986164
33715053 9.986176
33713511 9.986185
33711797 9.986191
33709280 9.986197
33705636 9.986200
33705168 9.986211
33701553 9.986215
33700234 9.986219
33695769 9.986222
33695565 9.986242
33695170 9.986249
33682469 9.986253
33682220 9.986258
33681524 9.986261
33674878 9.986264
33671623 9.986272
33665219 9.986279
33657069 9.986284
33654701 9.986294
33653410 9.986400
33651184 9.986416
33650933 9.986469
33650037 9.986478
33649802 9.986482
33648024 9.986486
33646319 9.986490
33645942 9.986494
33642121 9.986504
33639958 9.986507
33626524 9.986546
33620576 9.986677
33617210 9.986684
33607032 9.986735
33601495 9.986739
33598666 9.986747
33596047 9.986766
33592778 9.986770
33592644 9.986798
33588273 9.986808
33586170 9.986856
33581233 9.986862
33577421 9.986865
33577026 9.986872
33576193 9.986879
33573114 9.986884
33571979 9.986910
33571743 9.986922
33567888 9.986927
33567579 9.986947
33560998 9.986951
33559925 9.986966
33528385 9.986990
33525823 9.986996
33525777 9.987001
33519476 9.987042
33515270 9.987045
33512262 9.987049
33503578 9.987053
33499524 9.987061
33496708 9.987066
33496660 9.987076
33460198 9.987088
33459820 9.987092
33457850 9.987125
33456862 9.987134
33456115 9.987140
33455662 9.987145
33438462 9.987160
33437631 9.987196
33431181 9.987201
33429906 9.987205
33427013 9.987213
33424766 9.987239
33413067 9.987270
33190839 9.987286
33181745 9.987307
33180401 9.987318
33180252 9.987329
33179991 9.987373
33179857 9.987383
33178660 9.987390
33030286 9.987401
33025836 9.987447
33022554 9.987459
33020365 9.987477
33016619 9.987552
33010178 9.987557
32955596 9.987564
32953751 9.987568
32949112 9.987574
32947249 9.987614
32922971 9.987652
32921226 9.987667
32921027 9.987671
32906113 9.987681
32894056 9.987686
32886260 9.987699
32884892 9.987745
32863797 9.987754
32862994 9.987758
32862867 9.987793
32862499 9.987806
32841306 9.987847
32679444 9.987855
32679089 9.987863
32678283 9.987866
32677184 9.987869
32664098 9.987883
32660619 9.987886
32659810 9.987896
32643021 9.987926
32643004 9.987931
32640451 9.987947
32639854 9.987952
32636237 9.987957
32631088 9.987965
32630879 9.988029
32625725 9.988075
32620383 9.988080
32607388 9.988084
32607325 9.988092
32606297 9.988105
32603818 9.988109
32513290 9.988148
32501928 9.988168
32501576 9.990125
32469291 9.990135
32465590 9.990140
32465156 9.990159
32464113 9.990170
32459269 9.990199
32458829 9.990209
32458739 9.990257
32451213 9.990296
32449713 9.990300
32448075 9.990304
32447496 9.990308
32446946 9.990312
32446337 9.990315
32446121 9.990327
32444525 9.990331
32398363 9.990379
32396177 9.990455
32393236 9.990475
32384709 9.990481
32378822 9.990500
32375727 9.990509
32371869 9.990536
32367880 9.990897
32366717 9.991040
32355464 9.991072
32352659 9.991078
32351287 9.991082
32348370 9.991150
32348082 9.991181
32347248 9.991211
32343506 9.991222
32338791 9.991231
32337850 9.991244
32337697 9.991273
32336906 9.991277
32332389 9.991282
32328684 9.991286
32325384 9.991303
32323367 9.991308
32315340 9.991314
32315179 9.991320
32311557 9.991328
32311473 9.991338
32310487 9.991479
32299258 9.991494
32297470 9.991497
32291686 9.991618
31947242 9.991637
31946207 9.991796
31944825 9.991800
31939315 9.991807
31936907 9.991818
31935554 9.991825
31934052 9.991844
31933345 9.991847
31933078 9.991851
31932617 9.991857
31928898 9.991896
31926420 9.991905
31925458 9.991910
31923139 9.991918
31909292 9.991999
31908217 9.992010
31901248 9.992029
31899609 9.992047
31899122 9.992066
31898076 9.992273
31897244 9.992421
31895142 9.992451
31890051 9.992460
31886774 9.992524
31884937 9.992529
31882865 9.992562
31876426 9.992570
31873565 9.992577
31870515 9.992600
31858791 9.992606
31858438 9.992613
31858223 9.992618
31858187 9.992659
31855888 9.992693
31855643 9.992696
31853689 9.992754
31850660 9.992761
31849513 9.992768
31849335 9.992775
31843662 9.992822
31842641 9.992828
31842521 9.992832
31841262 9.992840
31837534 9.992848
31828050 9.992857
31805397 9.992932
31802343 9.992939
31801764 9.992942
31794462 9.992946
31794188 9.992966
31792553 9.992969
31788529 9.993002
31772925 9.993010
31772412 9.993020
31761592 9.993041
31756683 9.993047
31751744 9.993073
31748396 9.993081
31745603 9.993095
31741001 9.993137
31738881 9.993141
31737992 9.993233
31737634 9.993261
31735598 9.993264
31734627 9.993295
31729995 9.993298
31728585 9.993970
31723367 9.993993
31720010 9.993998
31719265 9.994002
31716431 9.994017
31712490 9.994035
31712345 9.994148
31711828 9.994161
31709517 9.994258
31700038 9.994268
31692040 9.994274
31689128 9.994281
31688443 9.994306
31685004 9.994310
31677225 9.994320
31675933 9.994327
31673986 9.994331
31671892 9.994365
31671167 9.994383
31656044 9.994449
31654988 9.994462
31654867 9.994658
31652488 9.994682
31651051 9.994686
31650387 9.994690
31609915 9.994700
31599195 9.994732
31598021 9.994744
31597737 9.994755
31597458 9.994769
31595643 9.994775
31594730 9.994789
31593736 9.994809
31592359 9.994889
31590730 9.994958
31590436 9.994973
31569057 9.995046
31567587 9.995101
31567228 9.995391
31566586 9.995431
31565271 9.995440
31564533 9.995509
31555291 9.995516
31553643 9.995533
31553478 9.995539
31539517 9.995549
31538260 9.995685
31538056 9.995705
31537706 9.995713
31509629 9.995761
31509421 9.995777
31499074 9.995783
31497650 9.995811
31485590 9.995827
31484737 9.995834
31482117 9.995854
31481613 9.995917
31476931 9.995922
31476624 9.995927
31476543 9.995939
31470636 9.995944
31469795 9.995947
31468702 9.996018
31468278 9.996023
31466485 9.996036
31461530 9.996040
31459407 9.996044
31459400 9.996048
31456135 9.996059
31454962 9.996066
31445109 9.996078
31445108 9.996081
31441295 9.996085
31436804 9.996089
31436488 9.996464
31435023 9.996481
31434235 9.996497
31433744 9.996504
31432753 9.996509
31431593 9.996552
31425429 9.996560
31420701 9.996616
31419350 9.996673
31418602 9.996681
31413928 9.996688
31413927 9.996692
31407543 9.996702
31407150 9.996706
31407023 9.996712
31406551 9.996716
31406363 9.996728
31400539 9.996732
31398832 9.996735
31398273 9.996752
31392070 9.996756
31391713 9.996764
31390328 9.996790
31388491 9.996797
31387986 9.996821
31385058 9.996872
31384409 9.996877
31380268 9.996882
31380006 9.996887
31374124 9.996902
31360913 9.996915
31358027 9.996921
31346897 9.996925
31344072 9.996954
31340773 9.996960
31334283 9.996969
31331222 9.996972
31331061 9.997000
31327848 9.997019
31324891 9.997044
31322166 9.997053
31321257 9.997062
31319499 9.997073
31317914 9.997078
31317203 9.997090
31315885 9.997096
31314762 9.997101
31307983 9.997107
31307073 9.997111
31306720 9.997168
31303351 9.997177
31297333 9.997180
31295992 9.997188
31295228 9.997207
31294250 9.997219
31294203 9.997236
31294066 9.997241
31293592 9.997253
31292802 9.997270
31286414 9.997275
31285731 9.997286
31285474 9.997369
31285369 9.997374
31285079 9.997378
31284517 9.997389
31269290 9.997394
31269198 9.997397
31268950 9.997423
31268154 9.997432
31267762 9.997435
31228075 9.997488
31225280 9.997521
31224047 9.997689
31221761 9.997731
31221333 9.997753
31221244 9.997757
31220967 9.997760
31214562 9.997765
31211623 9.997799
31207376 9.997817
31207165 9.997823
31204721 9.997829
31201802 9.997849
31200476 9.997853
31200023 9.997856
31199385 9.997986
31198387 9.998014
31192298 9.998018
30966973 9.998084
30964635 9.998099
30960670 9.998171
30950304 9.998182
30949817 9.998188
30947050 9.998195
30939118 9.998201
30937757 9.998207
30925922 9.998211
30923146 9.998214
30918639 9.998218
30917343 9.998222
30915803 9.998228
30915086 9.998231
30912389 9.998250
30911616 9.998300
30897032 9.998308
30886666 9.998316
30882834 9.998319
30881852 9.998326
30881108 9.998407
30879707 9.998411
30869746 9.998420
30869731 9.998424
30866627 9.998473
30863707 9.998486
30850302 9.998499
30846806 9.998506
30843434 9.998533
30842984 9.998607
30842915 9.998621
30840629 9.998967
30837656 9.998973
30837229 9.999175
30831301 9.999200
30831203 9.999213
30830358 9.999251
30828734 9.999259
30827842 9.999265
30824420 9.999304
30822789 9.999317
30820103 9.999321
30819201 9.999328
30818920 9.999620
30816626 9.999652
30815314 10.000534
30810877 10.000548
30810061 10.000684
30805053 10.000762
30804527 10.000910
30803571 10.001349
30803264 10.001856
30802731 10.003394
30800197 10.003446
30799508 10.003452
30798900 10.003481
30796383 10.003497
30790461 10.003514
30788820 10.003518
30788685 10.003534
30782642 10.003546
30781854 10.003552
30776457 10.003556
30770850 10.003576
30765785 10.003603
30765646 10.003613
30764644 10.003627
30764253 10.003631
30763845 10.003654
30763634 10.003669
30758393 10.003683
30744229 10.004162
30718095 10.004167
30716431 10.004223
30715762 10.004228
30715316 10.004233
30714721 10.004256
30705268 10.004612
30704270 10.004617
30704210 10.004626
30698417 10.004631
30684511 10.004648
30683284 10.004653
30681474 10.004659
30675567 10.004662
30672650 10.004720
30670591 10.004725
30653733 10.004737
30652593 10.004741
30652412 10.004752
30651954 10.004768
30651260 10.004772
30651147 10.004792
30649847 10.004797
30649332 10.004832
30644692 10.004837
30643653 10.004856
30641259 10.004862
30640725 10.004868
30640397 10.004878
30640375 10.005045
30638076 10.005079
30636635 10.005100
30635411 10.005116
30634464 10.005147
30616461 10.005158
30612774 10.005173
30612281 10.005190
30611379 10.005367
30608687 10.005408
30608090 10.005424
30602193 10.005438
30602167 10.005454
30597232 10.006011
30534853 10.006042
30534454 10.006051
30524246 10.006059
30524011 10.006063
30521974 10.006068
30519953 10.006078
30518779 10.006513
30517803 10.006533
30514056 10.006549
30513272 10.006559
30513091 10.006566
30512530 10.006573
30508588 10.006846
30508542 10.007629
30507194 10.012833
30502465 10.012847
30502337 10.012854
30502046 10.012893
30496916 10.013421
30487644 10.013429
30486988 10.013436
30483102 10.013450
30472685 10.013456
30467039 10.013471
30465921 10.013510
30464489 10.013532
30462882 10.013692
30459992 10.013715
30459898 10.013831
30458489 10.013938
30454995 10.014120
30453363 10.014125
30449098 10.014128
30431233 10.014143
30428060 10.014470
30427842 10.015135
30427156 10.015396
30427149 10.015411
30423508 10.015420
30423338 10.015442
30411205 10.015467
30411126 10.015472
30409755 10.015514
30407978 10.015524
30407891 10.016494
30407101 10.016548
30401174 10.016959
30398361 10.016974
30387893 10.016978
30385058 10.016990
30383420 10.016994
30380778 10.017010
30286886 10.017025
30284587 10.017030
30280774 10.017037
30280536 10.017041
30278945 10.017155
30276560 10.017161
30276547 10.017546
30272598 10.017570
30272522 10.017602
30272349 10.017611
30270575 10.017617
30269616 10.017640
30267961 10.017664
30267826 10.017692
30265843 10.017718
30262276 10.017723
30260884 10.017870
30259539 10.017888
30259126 10.017896
30258679 10.017900
30258162 10.018015
30233135 10.018030
30233091 10.018068
30225210 10.018078
30224400 10.018121
30223418 10.018131
30222810 10.018136
30221015 10.018560
30220412 10.018577
30212012 10.018930
30202977 10.018994
30200482 10.018999
30198343 10.019005
30198225 10.019567
30196498 10.019861
30192280 10.019876
30190427 10.019889
30190192 10.019909
30188805 10.019914
30186581 10.019943
30182895 10.019947
30182321 10.019951
30181067 10.020005
30180563 10.020134
30179995 10.020139
30179888 10.020156
30178812 10.020173
30176341 10.020280
30176231 10.020287
30172379 10.020439
30171741 10.020488
30167058 10.020493
30164044 10.020496
30161711 10.020929
30158244 10.020966
30145201 10.020972
30129077 10.021079
30128075 10.021105
30127883 10.021113
30126881 10.021119
30125425 10.021123
30123359 10.021140
30121569 10.021288
30120637 10.021296
30120370 10.021308
30119905 10.021336
30113788 10.021344
30104976 10.021349
30104867 10.021353
30098179 10.021359
30095515 10.064113
30081866 10.064151
30081134 10.064160
30078230 10.064164
30077348 10.064186
30076294 10.064200
30075994 10.064209
30074609 10.064234
30073839 10.064238
30069376 10.064261
30067234 10.064269
30066537 10.064279
30065438 10.064291
30062112 10.064297
30061085 10.064325
30060745 10.064350
30055841 10.064355
30052537 10.064582
30052441 10.064667
30052358 10.064683
30051979 10.064830
30051728 10.064850
30051673 10.064869
30051180 10.064933
30018236 10.064948
30005937 10.064953
30005052 10.064957
30004701 10.064972
30003318 10.065035
30000790 10.065045
29967327 10.065112
29951555 10.065126
29949514 10.065130
29940881 10.065141
29935994 10.065148
29935278 10.065152
29935013 10.065156
29934676 10.065161
29932900 10.065165
29932088 10.065170
29929059 10.065185
29920918 10.065194
29911788 10.065198
29911370 10.065350
29906610 10.065366
29905882 10.065370
29905652 10.065376
29905588 10.065399
29905572 10.065443
29904432 10.065506
29904136 10.065654
29900006 10.065663
29895492 10.065682
29895320 10.065691
29894434 10.065696
29893970 10.065703
29893528 10.065707
29893026 10.065798
29892282 10.065811
29891965 10.065837
29891240 10.065872
29890877 10.065885
29890162 10.066065
29869655 10.066143
29866480 10.066180
29865767 10.066207
29865729 10.066220
29865416 10.066224
29864795 10.066231
29863862 10.066237
29862935 10.066244
29854707 10.066249
29853303 10.066254
29847278 10.066357
29846864 10.066378
29844733 10.066397
29836171 10.066404
29835786 10.066451
29820260 10.066464
29820036 10.066468
29815697 10.066472
29815595 10.066476
29807781 10.066482
29804266 10.067465
29798768 10.067543
29794774 10.067549
29793799 10.067560
29793170 10.067570
29792479 10.067601
29789870 10.067656
29788143 10.067710
29786438 10.067848
29784463 10.068862
29742416 10.101255
29740944 10.101463
29740015 10.101474
29739343 10.101478
29739065 10.101485
29738317 10.101504
29719887 10.101509
29716968 10.101514
29712595 10.101931
29712245 10.101938
29711533 10.101946
29709532 10.101959
29708842 10.101964
29708333 10.101967
29705079 10.101978
29702742 10.102082
29700783 10.102087
29700637 10.102092
29698189 10.102101
29697950 10.102115
29697852 10.102126
29697045 10.102157
29692433 10.102166
29690645 10.102534
29690446 10.102539
29689985 10.102608
29689682 10.102613
29689142 10.102617
29685814 10.102621
29684638 10.102651
29683267 10.102655
29677514 10.102673
29676796 10.102696
29670578 10.102708
29669311 10.102718
29666290 10.102794
29661799 10.102878
29661600 10.102887
29661429 10.102915
29657428 10.102944
29657389 10.102948
29655933 10.102966
29655551 10.102971
29649053 10.102987
29647838 10.102994
29647407 10.103001
29644905 10.103085
29614806 10.103143
29613889 10.103149
29613404 10.103159
29608996 10.103166
29608848 10.103633
29608467 10.103639
29600549 10.103645
29599921 10.103650
29598151 10.103658
29582272 10.103783
29581952 10.103787
29578703 10.103791
29578618 10.103794
29578441 10.103800
29574805 10.104487
29574614 10.104492
29574197 10.104532
29569618 10.104561
29567613 10.104573
29566520 10.104584
29562462 10.104593
29515133 10.104604
29512621 10.104639
29512335 10.104749
29512101 10.104760
29511027 10.104764
29510285 10.105246
29509938 10.105278
29509736 10.105283
29506822 10.105288
29490024 10.105379
29489394 10.105390
29488954 10.106885
29487086 10.112457
29485286 10.112590
29484427 10.112602
29483681 10.112615
29483171 10.112619
29481486 10.112622
29481294 10.112625
29478458 10.112629
29477993 10.112636
29477793 10.112640
29477563 10.112644
29473487 10.112656
29458903 10.112661
29458704 10.112710
29457205 10.112718
29457155 10.112723
29457139 10.113336
29456388 10.113372
29455254 10.113379
29434195 10.113387
29434144 10.113408
29431294 10.113413
29429946 10.113421
29429458 10.113489
29426413 10.113496
29426313 10.113524
29425355 10.113544
29424386 10.113556
29422879 10.113661
29409938 10.113677
29409055 10.113749
29408999 10.113817
29408693 10.113852
29407188 10.113857
29398573 10.113872
29394022 10.113892
29393702 10.113908
29392901 10.113911
29392361 10.113956
29388609 10.113972
29387823 10.113982
29384520 10.114116
29384302 10.114858
29383025 10.119292
29381908 10.120694
29381528 10.121192
29381228 10.121203
29379356 10.121796
29379178 10.121806
29376607 10.122549
29376429 10.122675
29376023 10.122821
29369743 10.123214
29369357 10.123220
29369322 10.123224
29363434 10.123235
29362055 10.123239
29359813 10.123476
29357141 10.123485
29356643 10.123506
29356145 10.124118
29355716 10.124123
29355421 10.124127
29354943 10.124158
29354745 10.124177
29350574 10.124204
29346556 10.124218
29346380 10.124343
29307606 10.124441
29307559 10.124446
29307068 10.124494
29303762 10.124516
29301532 10.124524
29301328 10.124530
29299713 10.124535
29298544 10.124540
29296283 10.124545
29293317 10.124557
29292505 10.124610
29291764 10.124791
29290973 10.125010
29290736 10.126052
29290525 10.129245
29290266 10.129281
29290083 10.129983
29288810 10.130032
29288447 10.130044
29288264 10.130049
29288096 10.130585
29263581 10.133978
29233386 10.133986
29230162 10.134021
29227299 10.134025
29223646 10.134033
29222903 10.134042
29222547 10.134051
29199482 10.134091
29199178 10.134108
29198907 10.134113
29180327 10.134517
29179657 10.134637
29179346 10.134642
29179311 10.134651
29173670 10.134655
29173650 10.134672
29170201 10.134680
29162972 10.134698
29161028 10.135179
29159920 10.135195
29150076 10.135208
29148577 10.135228
29146959 10.135240
29146205 10.135275
29146054 10.135652
29144273 10.135659
29130471 10.135666
29130454 10.135678
29128556 10.135757
29128286 10.135761
29123548 10.135770
29105554 10.135774
29105278 10.135781
29103934 10.135857
29083375 10.136000
29079768 10.136017
29078256 10.136043
29078250 10.136066
29072791 10.136078
29063763 10.136108
29062935 10.136113
29060703 10.136116
29048728 10.136125
29045485 10.136130
29045057 10.136152
29038758 10.136161
29036518 10.136168
29031973 10.136201
29030797 10.136209
29030675 10.136213
29028593 10.136216
29024655 10.136222
29014514 10.136227
29014053 10.136251
29012692 10.136256
29011980 10.136270
29006266 10.136275
29005513 10.136284
29005182 10.136296
29004758 10.136414
29003710 10.136422
29003233 10.136450
29000495 10.136513
29000335 10.136525
28997404 10.136532
28996912 10.136552
28996856 10.136556
28996564 10.136563
28996327 10.136574
28996124 10.136592
28995966 10.136614
28995575 10.136623
28994527 10.136655
28982448 10.136776
28979925 10.136806
28977607 10.136811
28976225 10.136844
28939291 10.137041
28936835 10.137048
28931437 10.137055
28930174 10.137136
28923011 10.137144
28920946 10.137164
28919803 10.137169
28912261 10.137188
28910049 10.137195
28909002 10.137204
28908385 10.137245
28904505 10.137265
28904475 10.137288
28886589 10.137293
28856218 10.137298
28847412 10.137316
28842445 10.137321
28840554 10.137325
28839908 10.137331
28832348 10.137339
28823221 10.137378
28822617 10.137432
28820749 10.137436
28819946 10.137441
28817263 10.138544
28816551 10.138599
28815608 10.138604
28815465 10.138611
28813581 10.138651
28809579 10.138725
28793618 10.138785
28793008 10.138944
28792937 10.139329
28792809 10.139351
28792282 10.139355
28788815 10.139843
28777426 10.139848
28771382 10.139852
28769006 10.141187
28763983 10.141196
28763773 10.141210
28758998 10.141215
28758604 10.141220
28758600 10.141228
28756525 10.141246
28534312 10.181873
28533396 10.181893
28530453 10.181900
28528779 10.181909
28524653 10.181945
28520942 10.181957
28517639 10.182038
28514005 10.182059
28513391 10.186246
28511005 10.186267
28510556 10.186310
28510152 10.186351
28509510 10.186410
28509143 10.186415
28503031 10.186463
28501846 10.186470
28500787 10.187698
28499752 10.187762
28499562 10.187801
28499477 10.187807
28499294 10.191355
28498696 10.195136
28498635 10.204377
28493963 10.204573
28493089 10.204582
28492860 10.205044
28491960 10.205709
28491310 10.206052
28489306 10.206057
28488827 10.206101
28485608 10.206106
28475300 10.213913
28474514 10.213920
28471347 10.261270
28471290 10.261300
28466049 10.261324
28463999 10.261328
28459820 10.261365
28459347 10.261411
28458668 10.262194
28457810 10.262361
28453578 10.262400
28453265 10.262405
28452004 10.268353
28450420 10.268361
28442414 10.268366
28442068 10.275009
28440496 10.275020
28440245 10.275025
28439965 10.275033
28429672 10.275336
28426375 10.275421
28424789 10.276620
28423804 10.276656
28423489 10.276814
28422451 10.276892
28418801 10.276906
28418786 10.276915
28417483 10.276925
28416833 10.278036
28415729 10.278044
28412974 10.278064
28412194 10.278164
28411039 10.279355
28402910 10.279491
28402783 10.279637
28400249 10.280197
28384529 10.280220
28383422 10.280326
28382646 10.280342
28382411 10.280347
28381698 10.280359
28380358 10.280770
28379968 10.280792
28379931 10.280947
28377755 10.281305
28376934 10.281731
28372643 10.281737
28366475 10.281745
28361971 10.281749
28361492 10.281787
28357015 10.283116
28356377 10.283162
28356002 10.283176
28352690 10.283182
28352682 10.283629
28351281 10.283853
28350485 10.283989
28348085 10.283994
28347328 10.283998
28346364 10.284001
28344538 10.284937
28332024 10.285099
28330547 10.285141
28328059 10.285148
28324869 10.285156
28324141 10.285164
28322921 10.285173
28318292 10.285177
28314753 10.285191
28313609 10.285195
28309775 10.285212
28306614 10.285225
28306324 10.289516
28292041 10.289527
28233063 10.289607
28232610 10.289628
28214547 10.289679
28211932 10.289706
28210756 10.289715
28194168 10.289721
28194092 10.289762
28193488 10.289777
28192606 10.289784
28192557 10.289797
28192418 10.289821
28192052 10.289839
28191893 10.289861
28158247 10.290103
28157706 10.290111
28157674 10.290148
28157327 10.290567
28157031 10.291118
28156534 10.291123
28155476 10.291315
28148186 10.291678
28147498 10.291688
28145594 10.291702
28143837 10.292211
28140883 10.292218
28140193 10.292315
28139904 10.292322
28128506 10.292328
28122691 10.292335
28122433 10.292512
28122090 10.292906
28121731 10.292936
28121696 10.292946
28121615 10.293318
28121163 10.293910
28120277 10.293917
28119762 10.293935
28118986 10.293945
28118230 10.293949
28117854 10.293954
28116857 10.294021
28116852 10.294580
28110526 10.294585
28103717 10.294605
28103356 10.294645
28102773 10.294679
28102497 10.294686
28101156 10.294691
28094126 10.294702
28092084 10.294706
28091096 10.294711
28090666 10.294746
28090390 10.294880
28089216 10.294885
28088391 10.295707
28088241 10.295719
28086361 10.295732
28083856 10.295736
28081235 10.295741
28074181 10.295762
28071897 10.295767
28070074 10.295772
28068187 10.295778
28067661 10.295781
28059469 10.295792
28058945 10.295844
28058938 10.295884
28058141 10.295900
28056819 10.295937
28056267 10.295943
28055915 10.295953
28052432 10.295957
28052223 10.295996
28051146 10.296001
28050904 10.296007
28049154 10.296021
28048836 10.296253
28043580 10.296997
28040203 10.297056
28040123 10.297062
28039515 10.297072
28038322 10.297119
28037726 10.297133
28021781 10.297141
28021770 10.297145
28021470 10.297172
28016365 10.297222
28016028 10.297243
27993020 10.297253
27991927 10.297257
27985780 10.297260
27974033 10.297266
27973441 10.297270
27973170 10.297285
27972775 10.297348
27971987 10.297362
27969411 10.297383
27969390 10.297407
27969356 10.297412
27968763 10.297416
27966675 10.297424
27965273 10.297432
27959580 10.297645
27959454 10.297652
27959082 10.298230
27957282 10.298239
27956335 10.298674
27948554 10.298687
27948293 10.298708
27948147 10.303187
27947372 10.303193
27945733 10.303206
27944669 10.303210
27943716 10.303937
27942381 10.303978
27940323 10.303983
27940145 10.304128
27939350 10.307098
27939180 10.307393
27938246 10.307412
27936233 10.307421
27933607 10.307475
27932962 10.307481
27932761 10.307506
27932527 10.311341
27932324 10.311349
27931125 10.311454
27930419 10.311732
27925928 10.311836
27925352 10.311847
27924142 10.311851
27921529 10.311940
27920789 10.311969
27919820 10.311977
27919555 10.312056
27917599 10.312701
27917014 10.312725
27916980 10.312732
27915774 10.312752
27915723 10.312763
27914026 10.312777
27913910 10.312901
27912813 10.320386
27912736 10.320407
27907789 10.320412
27901937 10.320416
27897772 10.320420
27895598 10.320487
27894709 10.320495
27892523 10.320511
27352685 10.454642
27352551 10.454677
27349122 10.454796
27346072 10.454805
27345518 10.465858
27345319 10.478113
27345284 10.478122
27343920 10.478128
27341406 10.478160
27341061 10.478169
27340908 10.478182
27340026 10.478209
27338855 10.478242
27338466 10.478490
27334898 10.478497
27334646 10.478564
27334510 10.480561
27333292 10.480841
27325368 10.480890
27313201 10.480900
27312963 10.480904
27311254 10.480933
27306997 10.480939
27302216 10.480963
27301211 10.480966
27300642 10.481013
27300259 10.481074
27297458 10.481670
27290802 10.481894
27285246 10.481914
27279927 10.482292
27279868 10.482302
27096310 10.482335
27094027 10.482377
27093672 10.482384
27090985 10.482405
27089388 10.482409
27087793 10.482430
27082062 10.482470
27081178 10.482630
27073706 10.483083
27065685 10.483106
27061848 10.483110
27054654 10.483116
27049855 10.483130
27047328 10.483192
27046082 10.483210
27035290 10.483214
27034920 10.483220
27034347 10.483226
27032205 10.483292
27026719 10.483510
27020898 10.483516
27020757 10.483598
27020435 10.483619
27019479 10.483638
27018183 10.483643
27018158 10.483656
27017573 10.483690
27014745 10.483699
27014649 10.483867
27013949 10.483894
27013910 10.483901
27012430 10.483907
27010983 10.483929
27008706 10.483937
26999440 10.483941
26998639 10.483983
26997694 10.483990
26997031 10.484008
26996800 10.484022
26996762 10.484129
26996403 10.484165
26995759 10.484171
26976437 10.484175
26973015 10.484180
26970546 10.484198
26950875 10.484203
26948639 10.484209
26946759 10.484343
26944402 10.484379
26944131 10.486023
26943195 10.486050
26942590 10.486069
26937634 10.486076
26935618 10.486197
26931360 10.486393
26922343 10.486400
26922264 10.486409
26921727 10.486420
26921588 10.486432
26920271 10.486471
26895575 10.486517
26894672 10.486705
26893166 10.486711
26892182 10.486715
26892141 10.486719
26891875 10.486728
26890260 10.490833
26885866 10.490839
26865746 10.490902
26860788 10.491612
26860478 10.491643
26857487 10.491669
26857403 10.492305
26857228 10.492419
26856424 10.492423
26855660 10.492494
26855629 10.492524
26853823 10.492553
26830935 10.492560
26828971 10.498085
26828875 10.498126
26827965 10.498144
26826942 10.503274
26826778 10.503302
26825805 10.503320
26825801 10.503326
26825090 10.503343
26824980 10.503512
26824719 10.503576
26823784 10.503641
26821949 10.503650
26821935 10.503656
26821705 10.503660
26820897 10.503664
26820766 10.503682
26819399 10.503700
26819268 10.503922
26810029 10.503964
26808589 10.511692
26808579 10.511729
26808371 10.511745
26807628 10.533963
26806684 10.586447
26805219 10.587221
26804533 10.592019
26803949 10.592025
26803450 10.592067
26803331 10.592532
26802603 10.592794
26802584 10.593177
26801957 10.693281
26801939 10.693288
26799280 10.693661
26798578 10.693743
26796889 10.693818
26796725 10.694703
26795219 10.694714
26793409 10.694726
26792090 10.694741
26791424 10.695023
26791165 10.695051
26791161 10.695141
26790648 10.695261
26790569 10.695267
26789649 10.695460
26788531 10.696642
26788358 10.696679
26788329 10.696895
26787057 10.696977
26786927 10.696985
26786378 10.697036
26784186 10.697045
26779460 10.697101
26779388 10.697249
26778237 10.698040
26777265 10.698186
26776436 10.715023
26776253 10.715481
26775905 10.715578
26775752 10.715656
26771464 10.716797
26770833 10.716899
26770525 10.716908
26769585 10.716980
26758256 10.717000
26753073 10.719543
26745633 10.719548
26744447 10.719570
26742992 10.719596
25799009 10.721423
25798611 10.721516
25797162 10.721597
25796495 10.723345
25794929 10.723673
25791844 10.723898
25790346 10.723920
25789476 10.723925
25788919 10.723931
25788224 10.723962
25788215 10.731016
25779781 10.731039
25779545 10.731086
25778740 10.731195
25777737 10.731201
25776419 10.731205
25773115 10.731209
25772723 10.731216
25770965 10.731238
25770550 10.731383
25767781 10.731392
25767751 10.731641
25767271 10.731649
25767053 10.731655
25766746 10.731662
25763338 10.732258
25758535 10.732291
25758312 10.732295
25757879 10.732488
25757440 10.733091
25752382 10.736066
25751544 10.736098
25749378 10.736110
25735350 10.736117
25730676 10.736121
25730014 10.736136
25728618 10.736158
25726732 10.736349
25724582 10.736357
25718477 10.736365
25715984 10.736401
25715801 10.736436
25715675 10.736447
25711417 10.736457
25710429 10.736577
25681093 10.736584
25679293 10.736602
25677157 10.736606
25676278 10.736614
25675916 10.736617
25675374 10.736627
25673286 10.736664
25672761 10.736671
25669192 10.736681
25667526 10.736693
25666626 10.738420
25665647 10.738431
25665099 10.739223
25653956 10.739250
25650850 10.739313
25650100 10.739422
25648516 10.739427
25647933 10.739457
25646669 10.739462
25645852 10.739468
25645124 10.740170
25642778 10.740199
25642587 10.740204
25642126 10.740286
25641634 10.740292
25640622 10.740301
25640565 10.740309
25638736 10.740402
25638347 10.740613
25636391 10.740711
25634991 10.741094
25634402 10.743719
25634356 10.744435
25634235 10.751950
25627506 10.761414
25625390 10.761423
25625258 10.772547
25625101 10.772727
25624820 10.772970
25624686 10.773740
25624459 10.774069
25622856 10.775480
25621418 10.776992
25620496 10.782166
25619013 10.782174
25618544 10.782181
25618504 10.782210
25616614 10.931598
25616290 10.931606
25616205 10.931610
25615154 10.931614
25611933 10.937504
25611898 10.937510
25509811 10.937580
25507018 11.364697
25506928 11.366375
25506839 11.367094
25506780 11.367100
25506523 11.375960
25506438 11.376634
25505115 11.380882
25504987 11.380925
25503902 11.385422
25485437 11.385475
25485184 11.385767
25483761 11.385793
25483557 11.386022
25483553 11.386138
25483518 11.386283
25482539 11.386322
25481872 11.386432
25481362 11.387070
25480870 11.387085
25480102 11.387263
25478417 11.387303
25458744 11.387336
25457063 11.387357
25456765 11.387364
25452096 11.387379
25450780 11.387456
25449744 11.387497
25445578 11.387522
25444781 11.387532
25444653 11.387569
25443820 11.387575
25440763 11.387681
25439218 11.387689
25439094 11.387700
25438981 11.387791
25438659 11.387798
25436367 11.388426
25436287 11.388445
25432601 11.388452
25431834 11.388719
25430309 11.388727
25427323 11.389724
25426626 11.391932
25423277 11.392021
25415804 11.392029
25414128 11.392504
25413520 11.392719
25404919 11.393394
25403683 11.395841
25403195 11.399876
25402799 11.402497
25402753 11.402838
25401317 11.403258
25401213 11.403936
25401205 11.404821
25400706 11.404871
25395600 11.410046
25394941 11.410907
25394868 11.410926
25394147 11.413924
25391351 11.420827
25390777 11.420833
25390769 11.420908
25389020 11.420918
25388422 11.420953
25387468 11.422952
25387076 11.428757
25387010 11.428821
25386510 11.433360
25386460 11.433769
25386360 11.433780
25384782 11.433847
25382090 11.443720
25379210 11.443910
25376773 11.443920
25376161 11.443925
25375161 11.443943
25374692 11.443956
25374639 11.444912
25374348 11.447323
25372729 11.447360
25371765 11.447368
25363205 11.448170
25362222 11.448181
25353891 11.448186
25351941 11.466297
25351413 11.475698
25351143 11.540015
25349226 11.542207
25349221 11.542487
25348356 11.543744
25347840 11.546004
25347698 11.556506
25347498 11.557184
25342783 11.557224
25342490 11.557235
25340751 11.557646
25338643 11.563207
25335376 11.563230
25334709 11.563246
25333860 11.563471
25331920 11.563490
25328730 11.563505
25328540 11.563509
25326153 11.563514
25325992 11.563543
25325822 11.563547
25325734 11.563942
25325275 11.563977
25324835 11.564007
25324322 11.564250
25324167 11.564298
25323309 11.564435
25319358 11.564468
25319348 11.564472
25318824 11.564476
25312169 11.564481
25312137 11.567582
25311219 11.567646
25308259 11.567652
25307431 11.567662
25307087 11.567688
25306952 11.567693
25297925 11.567697
25297628 11.567705
25296859 11.567709
25296456 11.567716
25296360 11.567726
25296261 11.567731
25295432 11.567756
25294796 11.567873
25294148 11.567881
25293948 11.567885
25290179 11.567891
25290036 11.567896
25286863 11.567921
25285609 11.567955
25285162 11.567959
25281036 11.567968
25280558 11.567972
25279708 11.567994
25279427 11.568238
25279373 11.583580
25278926 11.585623
25278915 11.585637
25278777 11.585687
25278482 11.586031
25278469 11.586092
25276521 11.586153
25275040 11.586158
25270798 11.590563
25268486 11.590568
25268287 11.590803
25268185 11.590818
25268111 11.590830
25267741 11.591039
25266765 11.591086
25266314 11.596563
25266308 11.601236
25261084 11.601242
25260148 11.601271
25259878 11.603840
25255088 11.603852
25253091 11.603880
25238537 12.057157
25237405 12.057164
25235076 12.057168
25234670 12.227634
25230143 12.227662
25229265 12.233424
25226748 12.233518
25226373 12.233551
25226285 12.236143
25225367 12.236928
25225079 12.244795
25224891 12.247572
25219479 12.247607
25216243 12.247663
25216090 12.247687
25213390 12.247699
25199743 12.247704
25197521 12.247708
25194100 12.247713
25194008 12.247726
25193005 12.247763
25191402 12.247767
25191400 12.253386
25189244 12.276390
25189096 12.276397
25188852 12.282061
25188716 12.288258
25188383 12.288436
25185693 12.289762
25184375 12.289773
25184205 12.289778
25180192 12.289991
25179929 12.292321
25179545 12.292526
25178921 12.292681
25178313 12.292718
25177550 12.317313
25175508 12.317320
25175227 12.317871
25174386 12.324449
25172912 12.324455
25172624 12.324524
25172252 12.324557
25171989 12.332407
25167987 12.332413
25166266 12.332423
25163739 12.332554
25162885 12.332560
25162523 12.339148
25159144 12.340843
25158941 12.341265
25158499 12.341313
25157879 12.341388
25157672 12.341394
25157193 12.341399
25156888 12.341425
25156274 12.341514
25155431 12.341585
25155254 12.341597
25154656 12.341601
25146502 12.348524
25145026 12.407265
25144004 12.407272
25139516 12.407301
25135156 12.407306
25133915 12.407780
25132337 12.407802
25131664 12.407961
25130612 12.407966
25130062 12.408086
25126983 12.408100
25126410 12.408104
25126400 12.410826
25125299 12.410832
25123850 12.410905
25119839 12.411635
25119817 12.412012
25118879 12.422846
25118182 12.422853
25114630 12.422861
25113013 12.423198
25111407 12.423244
25111003 12.423249
25110254 12.423288
25107107 12.423293
25103505 12.423297
25102988 12.423301
25099519 12.423304
25091118 12.423308
25090691 12.423349
25088842 12.423376
25088799 12.423477
25087562 12.423488
25085125 12.791217
25083600 12.791226
25082858 12.791343
25081371 12.791356
25081180 12.791765
25077464 12.791880
25077429 13.067724
25077259 13.067804
25073299 13.067809
25071676 13.067842
25070618 13.067860
25069666 13.067871
25068565 13.070246
25068514 13.070265
25067753 13.070276
25067149 13.070410
25066037 13.070647
25064995 13.070706
25064831 13.070721
25061723 13.070733
25060421 13.070753
25060066 13.070768
25054965 13.070794
25052236 13.073072
25050016 13.073085
25046103 13.073114
25046049 13.073131
25046035 13.073176
25045836 13.073794
25045339 13.074177
25044561 13.074197
25044297 13.074215
25036889 13.074430
25036415 13.074587
25034935 13.074613
25031906 13.074741
25031331 13.074913
25031203 13.074975
25029946 13.079521
25029742 13.079608
25028869 13.079651
25028346 13.081411
25027798 13.081416
25027780 13.081423
25027711 13.081503
25027701 13.083516
25023594 13.083540
25023544 13.083549
25023376 13.083566
25022613 13.085441
25022108 13.085461
25018310 13.085468
25016493 13.085484
25015447 13.085517
25014730 13.085524
25013775 13.085530
25013076 13.231807
25012245 13.231823
25011521 13.231835
25008121 13.232303
25007964 13.232540
25007458 13.232545
25007231 13.249062
25006309 13.301243
25004959 13.301272
25004879 13.313627
24998635 13.313636
24998337 13.313644
24997053 13.313648
24996046 13.313666
24994968 13.313683
24986605 13.313712
24985884 13.313858
24983818 13.313937
24981843 13.314723
24978144 13.315105
24977522 13.315114
24976748 13.315125
24975115 13.315135
24975020 13.325460
24973445 13.325507
24972662 13.325514
24971529 13.325562
24970790 13.325899
24970777 13.330592
24965839 13.885815
24965093 13.885840
24963539 13.899416
24958256 13.922468
24957764 13.922530
24956414 13.924020
24955421 13.924034
24952681 13.940985
24950607 13.953308
24950571 14.524146
24949652 15.081407
24942357 15.114270
24941770 15.114335
24940979 15.114423
24940393 15.114430
24939192 15.114447
24935571 15.114515
24929911 15.114566
24926989 15.117604
24926558 15.117774
24926045 15.117793
24923698 15.126034
24919293 15.126381
24917790 15.126722
24915112 15.126744
24914308 15.126758
24913670 15.128206
24913581 15.128214
24913464 15.128220
24912759 15.128227
24911651 15.128512
24911531 15.247885
24911458 15.247892
24911212 15.249964
24910887 15.251839
24910830 15.251918
24909338 15.251931
24909257 15.271279
24909066 15.274863
24908646 15.275332
24907108 15.276071
24906756 15.276161
24906547 15.311478
24906501 15.341425
24905439 15.341573
24905151 15.388269
24904807 15.389102
24903374 15.389662
24903298 15.391009
24903055 15.927901
24901947 15.927919
24901750 15.989893
24901736 15.989910
24901248 16.013632
24901231 16.771033
24901158 16.771050
24900802 16.998429
24900659 17.122757
24899852 17.123101
24899284 17.267727
24899100 18.079025
24899053 18.079041
24898515 22.055299
24898456 22.083676
24898196 22.212234
24897950 22.212249
24897912 28.251912
24897777 32.985044
24897739 33.382046
24897641 44.341522
24897342 44.439973
24897119 93.378521
24896629 93.378542
24896629 693.378579
