PROBLEM_FILE = /tmp/tsp/8283.tmp/example.tmp
5025889 0.050608
4986282 0.050625
4816955 0.050639
4789850 0.050652
4767261 0.050655
4719751 0.050665
4615642 0.050669
4586367 0.050679
4583711 0.050684
4480412 0.050690
4444313 0.050693
4432506 0.050696
4411524 0.050706
4375788 0.050720
4367882 0.050724
4360146 0.050727
4254449 0.050738
4252478 0.050746
4231415 0.050753
4129183 0.050758
4122492 0.050762
4096053 0.050770
4048555 0.050777
4015198 0.050791
3954341 0.050800
3936134 0.050805
3918283 0.050809
3910223 0.050813
3903479 0.050818
3774344 0.050825
3761211 0.050837
3744321 0.050840
3731831 0.050846
3714922 0.050855
3706162 0.050858
3635692 0.050866
3610250 0.050870
3557791 0.051118
3513463 0.051130
3509506 0.051161
3498419 0.051173
3493798 0.051178
3489397 0.051225
3469431 0.051231
3468210 0.051234
3461538 0.051254
3457884 0.051259
3454219 0.051275
3425856 0.051283
3424867 0.051298
3421179 0.051435
3419550 0.051455
3416187 0.051539
3406280 0.051711
3405495 0.051821
3396178 0.051826
3396169 0.052513
3388740 0.053858
3388740 600.054310
