106159425 698.796213
105975123 698.796226
105913500 698.796228
105901316 698.796229
105797171 698.796231
105664937 698.796232
105620895 698.796234
105607949 704.327976
105595140 709.839846
105577259 715.327723
105557658 720.806675
105540549 726.253298
105526632 731.673644
105518172 737.046322
105501492 742.402878
105493639 747.765782
105488535 753.104726
105469403 758.471332
105464359 763.811075
105449089 769.130503
105444023 774.376857
105441646 774.376862
105440139 779.669905
105370401 779.669910
105355718 784.885034
105347496 790.123294
105339079 795.332147
105336385 800.519672
105325403 805.715319
105313003 810.889154
105303251 816.078620
105282050 821.205987
105272208 826.386207
105254674 831.465875
105239883 836.539540
105230554 841.694063
105222780 846.809335
105215289 851.900170
105210341 857.009651
105195812 862.106506
105185362 867.114830
105179907 872.201378
105165255 877.238102
105134226 882.277916
105130358 887.281920
105123890 892.305691
105114758 897.352171
105105166 902.370488
105101990 907.369061
105093764 912.423323
105089045 917.359675
105082773 922.318597
105072639 927.269640
105064869 932.222484
105051552 937.235413
105048720 942.184626
105042917 947.085267
105036439 952.011512
105013259 956.898611
105000755 961.798441
104998027 966.697911
104995723 971.639080
104991810 976.470000
104981310 981.388016
104971262 986.268020
104966729 991.119656
104950957 995.937788
104942287 1000.747638
104937849 1005.555893
104926567 1010.359806
104919989 1015.171638
104915188 1019.964837
104901343 1024.822514
104889111 1029.632697
104874352 1034.423777
104863467 1039.175963
104855081 1043.974137
104851443 1048.749165
104847525 1053.482892
104846007 1058.206693
104842795 1062.920228
104837300 1067.687990
104822585 1072.454527
104797952 1077.203417
104790264 1081.909915
104786310 1086.608379
104784466 1091.319034
104782502 1096.041492
104775723 1100.722267
104767948 1105.520516
104756483 1110.240700
104749971 1114.953444
104740228 1119.635970
104733850 1124.376776
104731367 1129.037234
104722617 1133.711717
104708159 1138.373789
104700108 1143.059187
104695923 1147.768354
104691007 1152.458646
104687380 1157.112324
104682522 1161.726661
104678427 1166.390400
104669901 1170.994575
104663613 1175.628008
104657487 1180.254241
104652983 1184.898721
104649072 1189.496135
104647123 1194.065083
104636734 1198.721144
104631709 1203.341972
104630417 1208.000778
104629404 1212.618808
104625922 1217.193747
104622446 1221.757344
104620308 1226.324389
104619735 1230.900457
104614544 1235.454579
104613943 1240.020961
104611854 1244.612684
104609783 1249.190799
104608144 1249.190804
104607890 1253.760413
104600669 1253.760419
104594064 1258.313788
104583390 1262.842069
104580635 1267.342443
104576999 1271.931846
104573688 1276.454439
104572623 1276.454444
104569236 1280.981373
104561331 1280.981378
104559005 1285.487175
104556864 1289.974135
104554752 1294.472246
104551419 1298.971017
104546019 1298.971023
104541817 1303.499516
104540877 1303.499522
104535157 1308.016271
104534329 1308.016277
104532545 1312.508740
104530699 1312.508746
104528678 1317.070819
104527484 1321.560424
104515785 1321.560430
104514569 1326.022978
104512388 1330.460223
104506354 1334.942984
104501411 1339.381798
104498395 1343.840489
104492073 1348.264348
104487465 1352.735262
104475495 1357.199475
104471349 1361.674785
104465960 1366.179579
104464594 1370.679140
104459160 1375.083739
104454645 1379.482693
104450950 1383.969886
104448523 1388.380917
104441887 1392.818005
104435005 1397.218297
104430154 1401.628705
104425608 1406.073947
104423884 1410.464045
104418232 1414.871786
104412121 1419.280967
104409761 1423.751792
104402612 1428.123533
104386471 1432.527629
104383902 1436.951775
104380473 1441.321203
104373958 1445.666192
104368000 1450.061106
104361843 1454.413947
104357982 1458.797949
104356338 1463.168693
104355317 1467.534725
104352685 1471.890691
104351826 1476.181073
104345739 1480.511985
104341123 1484.838717
104340447 1489.238377
104337318 1493.581632
104334785 1497.925146
104332707 1502.255632
104332142 1506.595341
104321083 1510.962433
104319932 1515.257762
104317089 1519.624680
104314980 1523.930168
104314741 1528.275284
104313943 1532.552624
104313773 1536.844476
104313028 1541.108855
104309311 1545.427549
104308128 1549.730324
104301859 1554.055703
104298435 1558.315924
104292072 1562.603087
104290867 1566.958367
104288006 1571.225603
104284954 1575.496039
104281261 1579.805728
104278285 1584.135807
104275956 1588.414494
104274674 1592.717426
104271076 1596.982452
104268755 1601.261841
104265115 1605.563484
104264704 1609.774063
104255688 1614.033233
104255130 1618.261378
104254446 1622.491806
104246819 1626.742241
104246459 1630.945134
104242831 1635.201966
104241859 1639.378503
104241491 1643.604466
104239775 1647.844653
104237909 1647.844658
104231973 1652.064822
104231261 1656.238470
104228640 1660.439471
104225383 1664.606305
104223460 1668.780143
104218058 1672.979286
104215735 1677.145298
104213662 1681.319999
104212220 1685.463440
104211890 1689.609277
104207043 1693.847982
104205927 1698.086571
104202620 1698.086577
104198566 1702.277587
104195723 1706.427253
104191842 1706.427258
104191292 1710.622458
104184553 1710.622463
104184029 1714.775893
104179114 1718.930921
104178532 1723.099606
104177763 1727.293483
104173487 1727.293489
104170952 1731.432974
104167695 1735.584896
104163240 1739.724912
104161773 1743.861536
104159632 1747.997215
104158134 1752.133788
104151879 1756.273030
104150846 1760.391760
104145975 1764.553945
104143502 1768.692541
104140064 1772.807392
104130438 1776.954398
104127108 1781.111682
104123325 1785.209051
104114349 1789.305712
104112898 1793.407172
104112290 1797.512940
104107261 1801.611612
104105621 1805.762656
104103048 1809.848946
104102392 1813.955930
104100500 1818.026285
104099635 1822.185796
104099179 1826.280389
104094239 1830.372352
104091882 1834.508404
104087767 1838.575540
104083663 1842.688471
104082203 1846.793173
104080617 1850.891701
104075901 1854.966118
104074140 1859.020863
104073381 1863.073681
104070530 1867.199131
104065466 1871.297798
104064939 1875.368185
104063091 1879.449047
104062189 1883.535363
104061149 1887.645964
104058853 1891.734929
104054342 1895.792819
104053068 1899.837803
104042542 1903.924238
104034251 1907.962505
104032413 1912.036471
104030016 1916.072103
104028324 1920.102984
104026859 1924.181906
104025758 1928.261210
104025132 1932.303194
104023478 1936.369171
104020912 1940.423726
104020611 1944.464301
104019439 1948.503857
104016419 1952.495982
104013838 1956.586460
104013266 1960.630800
104010906 1964.694937
104008843 1968.703499
104008124 1972.730657
104006905 1976.730960
104006002 1980.748538
104005975 1984.849617
104003699 1988.895784
104002742 1992.865809
104000988 1996.877290
104000184 2000.897331
103997360 2004.906620
103988538 2008.919935
103985254 2012.975501
103977946 2016.986429
103975545 2021.002421
103973210 2025.021669
103970711 2029.005130
103967869 2033.035853
103966295 2037.086351
103965527 2041.047723
103963927 2045.053808
103962595 2049.085318
103961154 2053.068227
103958216 2057.099776
103956648 2061.098948
103954777 2065.100466
103954645 2069.123060
103953470 2073.139046
103951832 2077.113299
103949995 2077.113305
103949140 2081.127235
103948533 2085.072730
103946463 2089.132000
103943569 2093.105006
103941087 2097.099698
103940395 2097.099704
103934656 2101.100584
103932329 2105.097332
103930568 2109.070120
103927673 2109.070125
103927600 2113.043366
103925636 2113.043371
103921047 2117.013159
103920231 2121.006401
103919657 2124.960646
103918491 2128.942912
103917231 2132.919411
103915118 2136.855590
103911765 2140.897594
103910336 2144.860925
103909789 2144.860931
103905129 2148.805312
103901489 2152.752537
103900469 2156.688587
103900048 2160.635657
103899746 2164.599804
103896599 2168.581625
103895988 2172.575481
103895177 2176.495185
103890433 2180.433831
103888768 2184.368702
103879040 2188.289715
103877966 2192.263863
103875953 2196.231594
103875485 2200.171320
103871128 2204.073555
103870609 2208.019750
103864150 2211.967651
103864123 2215.889339
103863709 2219.862357
103862603 2223.844134
103862567 2227.796591
103862553 2231.679771
103860390 2235.600921
103859597 2239.496401
103858602 2243.400714
103856704 2247.330150
103856437 2251.243121
103854027 2255.155427
103852110 2259.037995
103851799 2262.955234
103851794 2266.795293
103849758 2270.727270
103848343 2274.598043
103848283 2278.518167
103847186 2282.461749
103846948 2286.324105
103845947 2286.324110
103845485 2290.254932
103844498 2294.107914
103844491 2298.027308
103839148 2298.027314
103837008 2301.960313
103835844 2305.773214
103835738 2309.621252
103833990 2313.493262
103833339 2317.357868
103832866 2321.217868
103829945 2325.093146
103823426 2328.943485
103822288 2332.813121
103821839 2336.662801
103819686 2340.514649
103819526 2344.362697
103818105 2348.285316
103813492 2352.159138
103812636 2356.057629
103811999 2359.873496
103810730 2363.753006
103809858 2367.610420
103809058 2371.466271
103808898 2371.466276
103807436 2375.331604
103803108 2375.331610
103801946 2379.200395
103796016 2383.076804
103795766 2386.981283
103795647 2390.803865
103791583 2394.620305
103788313 2398.424023
103786172 2402.236982
103781281 2406.077615
103780666 2409.949411
103780507 2413.777543
103777675 2417.654001
103775728 2421.452832
103772461 2425.316271
103746571 2429.131467
103746331 2433.045518
103746218 2436.878373
103741432 2440.719663
103735936 2444.559909
103730316 2448.357695
103726740 2452.116189
103725686 2455.944196
103722100 2459.742504
103721455 2463.550714
103721079 2467.423615
103720404 2471.269157
103719841 2475.067194
103717956 2478.874489
103717694 2482.709978
103717159 2486.534570
103716823 2490.334428
103716178 2494.182630
103715863 2498.010067
103711471 2501.806361
103709591 2505.629529
103706987 2509.454374
103706446 2513.231570
103706337 2517.061131
103705071 2520.877072
103704780 2524.699467
103703069 2528.516554
103700509 2532.377781
103699636 2536.194809
103699167 2539.998987
103697830 2543.838234
103696987 2547.635371
103690931 2551.439333
103689382 2555.227833
103687818 2559.008057
103686690 2562.798413
103684258 2566.575003
103682505 2570.335940
103677990 2574.130310
103673184 2577.948133
103671089 2581.773325
103670284 2585.545594
103669979 2589.304600
103669841 2593.121212
103661395 2596.856420
103659363 2600.673208
103658709 2604.435638
103654996 2608.181993
103654501 2611.947309
103654200 2615.662552
103651888 2619.492678
103650539 2623.270152
103643344 2626.984352
103642950 2630.734793
103641926 2634.588463
103640382 2638.338231
103637247 2642.141439
103637162 2645.889615
103633849 2649.660477
103632171 2653.396161
103630524 2657.173919
103630484 2660.904053
103630450 2664.666889
103628008 2668.438817
103626071 2672.220093
103625330 2675.976578
103624163 2679.705137
103623653 2683.498484
103623595 2687.255989
103623064 2691.039189
103620812 2694.783748
103620369 2698.547835
103619909 2702.326224
103616471 2706.081006
103615559 2709.808185
103615194 2713.536265
103615188 2717.287335
103614981 2721.053622
103609358 2724.807329
103609074 2728.531484
103607640 2732.266455
103606803 2736.017464
103606643 2739.752815
103605258 2743.457665
103603716 2747.142131
103602577 2750.893986
103596576 2754.567062
103594931 2758.285258
103592682 2762.018354
103592271 2765.673471
103590476 2769.458532
103586916 2773.164157
103581504 2776.862341
103580861 2780.561465
103577754 2784.263345
103576598 2788.004116
103575695 2791.697006
103574486 2795.420149
103570613 2799.138047
103569588 2802.911799
103566809 2806.665478
103565917 2810.374016
103562790 2814.118114
103562079 2817.828469
103561945 2821.538104
103559004 2825.229367
103558065 2828.989535
103558064 2832.710684
103557583 2836.404025
103555859 2840.148707
103555182 2843.842492
103554098 2847.519157
103551044 2851.221449
103549833 2854.954573
103549618 2858.629311
103547749 2862.336965
103545719 2866.034595
103536401 2869.717132
103533992 2873.404017
103530783 2877.077902
103529556 2880.784612
103527683 2884.551189
103526978 2888.221634
103526722 2891.937434
103523674 2895.670064
103517895 2899.379833
103515942 2903.086001
103510726 2906.832219
103509832 2910.513269
103508196 2914.228129
103505539 2917.935904
103505007 2921.677416
103502721 292