14512329 0.546893
14423879 0.546905
14270765 0.546906
14190183 0.546907
14184397 0.546910
14173618 0.546911
14146483 0.546912
14140737 0.639186
14133492 0.639189
14093217 0.639190
14084849 0.732546
14036796 0.825724
14025725 0.918349
14007155 0.918352
13991521 1.010206
13976285 1.010210
13917379 1.101801
13899618 1.193375
13863792 1.283700
13860498 1.373638
13847074 1.373641
13835641 1.462792
13814832 1.550666
13795760 1.637525
13795650 1.808538
13795488 1.892097
13790615 1.892100
13779373 1.974485
13770891 1.974488
13754833 2.055432
13754004 2.055435
13752995 2.134359
13743254 2.134362
13730575 2.288556
13728399 2.437734
13726655 2.579869
13725912 2.649012
13725427 2.649015
13723863 2.782961
13722748 2.782965
13720772 2.847051
13720761 2.909623
13718785 2.909625
13718785 603.925591
