24404679 2.550223
24288203 2.550238
24265968 2.910082
24228912 3.271049
24220589 3.633956
24219630 3.996545
24214183 3.996549
24212339 4.360581
24211819 4.360585
24204234 4.360587
24184592 4.360588
24182841 4.722822
24162373 4.722825
24157440 5.085961
24154610 5.085964
24147349 5.085966
24141157 5.085967
24132940 5.085968
24131716 5.449514
24121334 5.449517
24113153 5.814806
24102813 5.814809
24101968 6.176871
24090938 6.539127
24086383 6.901524
24086122 6.901529
24068983 7.263284
24064749 7.263288
24049934 7.625031
24046051 7.625036
24038132 7.983374
24036611 8.340287
24034568 8.340291
24031652 8.697644
24028867 9.056611
24014850 9.056615
24008434 9.056617
23988046 9.412008
23980748 9.767862
23968023 9.767866
23968019 10.122027
23967321 10.474911
23965875 10.474916
23955309 10.828670
23940344 10.828674
23936974 11.188183
23934453 11.546249
23929826 11.546253
23919482 11.895710
23912534 12.245367
23897813 12.245370
23891670 12.594511
23880779 12.941964
23865526 13.289991
23864606 13.636378
23855145 13.982351
23844050 13.982355
23829975 14.325631
23821691 14.670154
23816381 15.013144
23810618 15.013148
23805000 15.355073
23804646 15.696189
23795863 15.696194
23791813 16.034009
23776256 16.372324
23774542 16.372328
23774382 16.709176
23742819 17.045630
23740922 17.378762
23722520 17.378766
23720068 17.712971
23706969 18.045020
23705084 18.375023
23704780 18.375027
23699681 18.704287
23699501 18.704291
23697801 19.033351
23689007 19.033355
23666058 19.033357
23649806 19.361445
23643376 19.688182
23637374 20.017012
23634778 20.342748
23619326 20.342752
23614806 20.668059
23602767 20.668064
23590078 20.990169
23586581 21.313767
23576922 21.313772
23572090 21.634258
23565818 21.952741
23563302 21.952746
23561356 22.270055
23557546 22.586949
23546125 22.900826
23544194 22.900831
23538670 23.215047
23531269 23.215052
23530504 23.526841
23527226 23.837412
23501769 23.837416
23490148 24.144800
23487412 24.452794
23477069 24.759451
23466305 25.066010
23461001 25.370764
23457167 25.673945
23435842 25.974712
23432471 26.273056
23425164 26.570758
23418306 26.865920
23412136 27.159407
23410019 27.451247
23403168 27.451252
23401803 27.741487
23400319 27.741491
23391564 28.030650
23380701 28.320087
23377935 28.607466
23372870 28.893859
23369276 29.177900
23358306 29.177905
23348223 29.459139
23346352 29.739228
23346107 29.739231
23317623 30.018364
23308734 30.294256
23304746 30.568572
23303915 30.842085
23302548 31.112387
23294508 31.383009
23289141 31.653053
23286777 31.918881
23284682 32.183708
23279641 32.447263
23276089 32.708713
23253121 32.968374
23249734 33.226896
23247591 33.482627
23246686 33.737419
23234311 33.737423
23233461 33.988546
23233185 34.239334
23231300 34.486958
23224052 34.733559
23223183 34.978826
23219376 35.463051
23218949 35.701175
23217887 35.936292
23216614 36.402468
23215157 36.402473
23214771 36.858683
23213451 37.309803
23213252 37.531099
23212081 37.750072
23211796 37.966014
23211732 38.394879
23203136 38.605057
23201816 38.814293
23200334 39.021240
23199465 39.226112
23197172 39.626146
23196745 40.395252
23196745 641.454328
