33944365 8.697373
33824762 8.697385
33801592 8.697387
33760887 8.697388
33734096 8.697390
33713752 9.754305
33689262 9.754309
33674755 10.825118
33650589 10.825123
33642881 11.885109
33621245 11.885114
33617982 12.931778
33612499 12.931783
33605347 12.931785
33603703 13.971605
33600476 13.971610
33587353 13.971611
33572823 15.004319
33571950 15.004324
33569014 15.004326
33556161 16.029670
33545006 17.050850
33542092 18.065394
33536767 18.065398
33535215 18.065401
33534657 18.065402
33523652 19.070721
33522258 19.070727
33485820 20.069593
33463344 21.067440
33438620 21.067445
33426004 22.053661
33418580 23.034991
33415852 24.006679
33405687 24.006684
33394976 24.976587
33380726 25.939546
33377359 25.939551
33374252 26.899466
33370607 26.899471
33360017 27.852110
33342218 28.803167
33327671 29.746680
33325089 30.689187
33267818 30.689194
33265595 31.617219
33258528 32.548807
33248456 33.472875
33247695 34.396450
33246503 35.316693
33241015 36.226781
33233682 37.138063
33233384 38.047728
33224638 38.953363
33220441 39.849772
33218260 40.747294
33215217 41.644494
33210148 42.536566
33208604 43.422838
33201054 43.422843
33199509 44.306104
33192885 45.188983
33191271 46.070052
33190418 46.070056
33189078 46.946786
33186254 46.946790
33166577 47.822273
33165105 47.822277
33152755 48.694967
33152383 49.562834
33141994 50.426430
33134377 51.292685
33134110 52.156020
33128288 53.015873
33126159 53.873009
33122436 54.735707
33119080 55.590098
33115994 55.590102
33110402 56.445110
33098769 57.294571
33095992 58.146544
33092250 58.991777
33083483 59.838295
33081758 60.682130
33075782 61.525520
33072309 62.367352
33065919 63.204678
33063992 64.035679
33050108 64.869850
33048800 65.701658
33013712 66.529715
32985919 67.355614
32985678 68.180123
32984883 69.001401
32981585 69.823354
32978163 70.641817
32977990 71.458163
32965521 72.281196
32960288 73.097961
32956552 73.911159
32955618 74.719565
32944745 75.527685
32940721 76.336312
32938334 77.142468
32931901 77.945486
32929260 78.745610
32915999 79.543606
32915379 80.339866
32911322 81.137694
32895050 81.932794
32889178 82.728056
32883561 83.517967
32879450 84.305701
32867221 85.097415
32855968 85.883697
32854893 86.672516
32852110 87.455248
32849836 88.239363
32846222 89.022188
32844358 89.804295
32840412 90.580963
32834830 91.353131
32820218 92.126932
32819896 92.900780
32814790 93.673920
32811136 94.442636
32801756 95.212374
32796530 95.979028
32794137 96.743541
32791260 96.743546
32791089 97.504465
32788170 97.504470
32785991 98.269264
32780441 99.030397
32778636 99.789262
32777953 99.789267
32777087 100.548109
32776064 100.548114
32775337 101.304831
32769269 101.304836
32768901 102.058087
32752182 102.811385
32743316 103.562839
32737572 104.310620
32735804 105.059351
32733530 105.805138
32730498 105.805143
32730482 106.549843
32724649 106.549848
32718499 107.292677
32707731 108.033466
32707497 108.775070
32707315 108.775074
32689861 109.514556
32686741 110.252950
32678390 110.989336
32671748 111.727065
32667619 112.462745
32659510 113.196567
32653265 113.932347
32647443 114.661949
32632812 115.394827
32627183 116.121284
32621657 116.846808
32618564 117.571008
32616987 117.571013
32616444 118.294173
32616317 118.294178
32606561 119.013772
32605512 119.737387
32600367 120.456962
32597190 121.172490
32581611 121.888321
32575073 122.608980
32567693 123.325412
32565245 124.038685
32558481 124.749821
32555236 125.461687
32542621 126.170149
32532191 126.170155
32528339 126.878824
32520336 127.587451
32509760 128.292370
32506307 128.995753
32499033 129.700200
32492599 130.403982
32477977 131.107570
32476619 131.805295
32475394 132.503693
32472609 133.197990
32467677 133.894544
32467035 134.590411
32462452 135.283821
32456510 135.977242
32451979 136.669531
32445835 137.360453
32435298 138.052145
32421741 138.736337
32417851 139.423855
32411543 140.110032
32408377 140.792300
32406459 141.476315
32397149 142.159394
32393007 142.837415
32387226 143.518393
32384089 144.198517
32365958 144.875504
32361143 145.553839
32357210 146.233549
32355561 146.908008
32354311 147.582467
32340527 148.259712
32338082 148.932065
32335407 149.602453
32333904 150.269770
32332720 150.938014
32331053 151.607250
32329951 152.277515
32329582 152.277520
32327358 152.945321
32320836 153.612775
32315735 154.277006
32313640 154.938200
32312460 155.600087
32309784 156.262156
32308648 156.919566
32308441 156.919572
32302873 157.577067
32298452 158.236301
32298247 158.236306
32290768 158.895271
32288677 159.551221
32286733 159.551227
32277608 160.205882
32276524 160.862391
32270939 161.517231
32264062 162.172754
32262463 162.826815
32259966 163.479942
32259024 164.130396
32257900 164.782805
32256629 165.436003
32255794 165.436009
32253974 166.088490
32252158 166.088496
32251555 166.735844
32250468 166.735849
32249467 167.384803
32247836 168.032209
32246096 168.032215
32246012 168.676402
32235330 168.676406
32232979 169.322331
32231662 169.966542
32229512 170.610352
32226692 170.610357
32218892 170.610361
32215309 171.250241
32214335 171.896262
32211309 172.536485
32210393 173.176548
32194167 173.817042
32192525 174.452901
32185799 175.091167
32176225 175.091172
32171255 175.728790
32168230 176.363026
32165407 176.996304
32163877 177.631576
32156957 178.263710
32154949 178.894580
32153491 179.525033
32152152 180.151636
32151042 180.776952
32149018 181.409454
32147819 182.033902
32146210 182.659121
32143415 183.283097
32143088 183.905531
32133763 183.905536
32133590 184.525818
32125559 185.143225
32124831 185.757541
32124047 186.373165
32115096 186.990398
32113691 187.601608
32109096 188.210281
32106182 188.814890
32099664 189.421437
32098878 190.027454
32097534 190.631634
32095841 191.232298
32094648 191.830465
32093946 192.428125
32091514 193.025475
32091013 193.619520
32090798 194.209693
32090161 194.795498
32089721 195.379929
32086710 195.963280
32085194 196.541104
32083870 197.117545
32083191 197.689606
32080913 198.264272
32077452 198.836087
32076824 199.404339
32076777 199.968728
32076335 200.531610
32075926 201.092936
32073371 201.653318
32073215 202.208339
32071152 202.761522
32069656 203.308136
32067867 203.853786
32066668 204.395540
32065667 204.934852
32064884 205.472340
32064107 206.005420
32061233 206.534044
32060533 207.058252
32060197 207.581104
32060051 207.581108
32059757 208.101437
32059268 208.101442
32058150 208.617329
32056986 209.132351
32055418 209.132356
32054716 209.642216
32054299 210.146106
32054084 210.651282
32052388 211.151437
32050639 211.651043
32049735 211.651047
32046893 211.651049
32045104 212.144761
32043992 212.633961
32043764 213.118574
32043634 213.600350
32043520 214.078463
32043430 216.427212
32043182 216.885698
32041030 217.339163
32040947 217.792235
32040752 218.239861
32040638 219.126110
32040616 219.562587
32040367 219.999754
32038925 220.426895
32038085 222.519879
32037150 224.509096
32036902 224.894671
32036687 225.280096
32036218 225.658303
32035445 226.029547
32034619 226.397044
32034498 226.766065
32034301 229.208677
32034301 830.433718
