68632093 115.118666
68550792 115.118682
68496158 115.118683
68495778 115.118685
68343022 115.118686
68246843 115.118688
68233347 115.118689
68227269 118.126613
68205681 118.126618
68199399 118.126620
68166267 121.132698
68141304 121.132702
68134757 124.086041
68130575 127.049550
68116926 127.049555
68112486 129.976944
68079564 129.976948
68067043 132.894758
68064673 135.817753
68027771 135.817758
68023746 138.686044
68017531 141.578410
68013242 141.578415
68002916 144.461660
67994428 147.316292
67992884 147.316298
67979373 147.316301
67959884 150.139287
67957522 152.974074
67942066 152.974079
67929119 155.793276
67884316 158.619630
67854338 161.441420
67833763 164.217683
67829520 167.019955
67810764 169.793957
67798084 172.596383
67792561 175.357112
67779304 178.102575
67772165 180.836301
67766330 183.581862
67736516 186.308718
67723291 189.036919
67709009 191.755739
67706598 194.461120
67702772 197.130999
67696578 199.819241
67695203 202.491620
67691716 205.150059
67689163 207.805059
67680973 207.805065
67664050 210.447812
67657569 213.093116
67651940 215.728703
67649309 218.360428
67648631 220.991932
67647117 220.991937
67639105 223.598526
67637362 223.598531
67634296 226.184143
67617103 226.184148
67611995 228.784227
67608096 231.369362
67601389 233.938314
67586254 236.511249
67563020 239.074243
67558398 241.665768
67553314 244.227880
67532249 246.789989
67528210 249.341192
67503486 251.917897
67495496 254.446711
67485973 257.011144
67484012 259.549119
67478531 262.079994
67469192 264.566215
67463395 267.097304
67451347 269.602721
67448807 272.105849
67441037 274.625077
67436891 277.098948
67426782 279.588216
67423169 282.079127
67420682 284.551756
67418448 287.031035
67412818 289.510714
67406556 291.945257
67399752 294.402110
67395486 296.846336
67386281 299.302638
67383837 301.738774
67378203 304.184507
67370259 306.630369
67368207 309.060440
67338500 311.487946
67325844 313.911047
67323443 316.319054
67316385 318.754667
67313958 321.190476
67309949 323.596385
67298185 326.018012
67286876 328.429830
67276363 330.852877
67275195 333.237850
67273462 335.641321
67259226 338.014162
67247215 340.404335
67246275 342.810961
67240285 345.185959
67240061 347.577208
67236309 349.939020
67231147 352.299242
67211628 354.659367
67204072 357.014187
67203322 359.373391
67201736 361.718790
67195714 364.087999
67193593 366.416225
67183950 368.729668
67179662 371.050230
67177414 373.399502
67176309 375.722170
67176023 378.065376
67169883 380.382827
67164021 382.721230
67157397 385.040643
67152143 387.361080
67151601 389.664827
67149426 391.950562
67141508 394.240644
67139377 396.545276
67135083 398.877784
67133285 401.173426
67132528 403.499426
67129187 405.785545
67120471 408.083064
67115644 410.387104
67113858 412.679203
67107658 414.977835
67105734 417.298728
67101933 419.599375
67100419 421.886874
67099656 424.147995
67097668 426.421506
67091713 428.704981
67089880 430.988256
67088827 433.272182
67087727 435.522291
67087001 437.773074
67085930 440.017250
67078876 442.268815
67077208 444.528428
67075593 446.781023
67070828 449.016643
67067776 451.262631
67062445 453.515343
67062168 455.754429
67057979 458.008597
67052026 460.259144
67051340 462.493948
67046039 464.728034
67038513 466.962294
67033968 469.190232
67032806 471.434468
67022599 473.668591
67019099 475.902333
67016736 478.134173
67012336 480.355046
67006289 482.572313
67000871 484.790593
66998537 487.018038
66997970 489.247011
66993251 491.451205
66992219 493.677389
66991539 495.858142
66985113 498.044689
66980765 500.244388
66980679 502.459800
66979898 504.657365
66977636 506.878794
66977393 509.086565
66973877 511.303067
66968362 513.495418
66964014 515.678886
66963424 517.880277
66962578 520.042138
66962034 522.220930
66961591 524.397281
66957847 526.579311
66957488 528.763941
66956844 530.933534
66956549 533.097106
66954369 535.269078
66954057 537.443980
66953723 539.599189
66947625 541.753285
66946324 543.927322
66945910 546.106825
66943459 548.263239
66942644 550.428213
66938248 552.578045
66936210 554.751886
66935583 556.925642
66933401 559.093241
66932273 561.220275
66930881 563.387020
66918780 565.542891
66918000 567.676646
66916167 569.814054
66900392 571.947345
66898447 574.083680
66897054 576.225731
66893753 578.363720
66893018 580.524775
66891232 582.664813
66889142 584.816574
66884889 586.945065
66880510 589.100734
66879416 591.253819
66878350 593.383243
66877648 595.528142
66877438 597.654569
66874579 599.789224
66874248 601.912371
66871890 604.031555
66870928 606.141510
66869880 608.263749
66867424 610.384550
66855268 612.500995
66853386 614.621752
66849444 616.753393
66849128 618.856033
66846928 620.941444
66843675 623.043180
66840854 625.153353
66839699 627.265825
66836547 629.372280
66835619 631.482542
66831195 633.586779
66829022 635.686831
66828439 637.765673
66827015 639.863654
66824146 641.929096
66823384 644.014884
66815967 646.092306
66810383 648.187473
66808906 650.242960
66808391 652.336512
66806755 654.427822
66806382 656.517577
66805880 658.610779
66805248 660.688414
66804187 662.778066
66803243 664.872688
66800459 666.951211
66798605 669.057027
66798080 671.120707
66796123 673.198475
66789010 675.282145
66787170 677.371734
66786018 679.443994
66785271 681.504991
66784967 683.579488
66784732 685.658944
66784330 687.724877
66782828 689.792015
66781983 691.834168
66781433 693.885463
66779976 695.932243
66778463 697.971790
66777193 700.022189
66769958 702.065984
66769954 704.115972
66768087 706.180619
66767519 708.228073
66766403 710.283131
66765580 712.356679
66763997 714.398821
66762606 716.445561
66754891 716.445567
66753268 718.491468
66752527 720.551609
66752133 722.601524
66747499 724.652050
66739557 726.694638
66736649 728.728473
66734414 730.771487
66731659 732.788532
66729277 734.837939
66728922 734.837943
66721501 736.895967
66720687 738.928745
66717790 740.963621
66714782 743.047715
66703256 745.081155
66702565 747.129983
66701528 749.197084
66695306 751.258522
66694503 753.292665
66694370 755.364167
66692494 757.426024
66692260 759.471476
66690103 761.493535
66687441 763.554058
66676075 765.591704
66674478 767.628684
66674144 769.698159
66671781 771.739045
66669867 773.780859
66669811 775.813480
66668459 777.860722
66668211 779.889464
66664056 779.889468
66653074 781.923107
66651141 783.930972
66644047 785.965355
66643300 787.984263
66642812 790.022413
66641920 792.033919
66638215 794.022990
66637069 796.069785
66636879 796.069789
66632003 798.073697
66604724 798.073702
66604696 800.107003
66601164 802.122390
66597560 804.156413
66585377 806.163583
66579757 808.182110
66579552 810.216525
66573038 812.211159
66565909 814.219564
66565722 816.228621
66565004 818.266633
66559124 820.282658
66558694 822.284034
66558652 824.305760
66558381 826.316350
66558324 828.347355
66557369 830.359041
66555275 832.353714
66552163 834.353517
66550547 836.355449
66550351 838.339196
66549125 840.367819
66543867 842.375398
66540002 844.376184
66534271 844.376188
66531996 846.371298
66531454 848.391746
66531312 848.391751
66531207 850.395267
66530579 850.395272
66518812 852.402464
66518777 854.392538
66518221 856.381524
66515492 858.366746
66513653 860.374817
66513158 862.376884
66508447 862.376889
66504603 864.410411
66502861 866.382105
66502654 868.376538
66501706 870.369341
66499202 872.337385
66499164 874.334750
66490322 874.334755
66489044 876.311973
66482708 878.296781
66481820 880.297504
66481305 882.271135
66479122 884.245711
66455163 886.229062
66453825 888.201149
66453163 890.191102
66443652 892.177079
66443304 894.165883
66427107 896.125412
66422392 898.100680
66421023 900.090892
66420254 902.048303
66417221 904.029735
66415205 906.010358
66412059 907.997282
66411189 909.980103
66408836 911.955025
66403735 913.930791
66402871 915.908821
66399970 917.879689
66399781 919.861693
66399749 921.842108
66399748 923.831118
66395638 923.831123
66393007 925.824613
66384790 925.824619
66383753 927.780545
66382364 929.757562
66378909 931.719155
66376937 933.683687
66376642 935.650014
66375378 937.609640
66374442 939.567619
66369355 941.531039
66365656 943.490266
66360209 945.443141
66357334 947.400839
66354230 949.384114
66353280 951.330329
66337262 953.279738
66321580 955.236518
66319823 957.200172
66315063 959.171551
66314357 961.149971
66312559 963.096311
66310971 965.052248
66307520 967.029120
66305380 968.961406
66303601 970.926825
66299712 972.869635
66297245 974.830012
66291712 976.811494
66284674 978.780449
66282681 980.722729
66280241 982.682032
66280057 984.633098
66279566 986.585156
66277314 988.543202
66276427 990.495929
66274264 992.458747
66266712 994.414274
66259414 996.368859
66253589 998.322068
66246815 1000.258803
66246525 1002.221025
66245621 1004.173743
66243070 1006.109012
66241666 1008.051365
66237641 1010.020932
66234739 1011.971645
66234679 1013.920476
66226880 1015.891317
66206085 1017.822049
66198422 1019.786762
66191048 1021.739808
66187856 1023.704444
66187072 1025.626974
66183104 1027.569699
66174332 1029.508613
66171377 1031.458307
66168636 1033.395122
66165395 1035.353767
66160810 1037.301980
66160707 1039.271850
66159637 1041.213493
66153250 1043.129427
66139103 1045.089381
66137187 1047.030958
66136100 1048.963444
66129989 1050.875885
66125043 1052.808836
66122558 1054.727399
66121443 1056.660846
66121036 1058.599716
66117723 1060.536549
66115511 1062.467180
66114659 1064.433876
66109214 1066.379771
66105258 1068.316925
66094892 1070.273625
66093080 1072.214876
66093045 1074.149702
66092981 1076.063805
66091167 1078.002076
66089742 1079.922513
66083061 1081.828678
66075203 1083.766464
66069727 1085.720179
66068031 1087.653067
66066903 1089.586711
66066061 1091.527837
66065683 1093.438423
66064698 1095.357477
66064355 1097.305782
66052250 1099.252262
66050617 1101.201600
66035957 1103.149244
66034160 1105.093967
66034043 1107.025006
66031895 1108.963401
66031547 1110.909670
66030742 1112.850199
66030593 1114.809650
66030283 1116.751093
66022936 1118.669898
66020550 1120.615142
66020513 1122.563640
66013124 1124.484213
66010640 1126.409401
66009536 1128.349211
66008019 1130.278493
66007031 1132.199153
66004487 1134.106368
66001808 1136.056112
65999347 1137.986772
65997162 1139.923707
65994428 1141.866007
65993781 1143.803103
65988783 1143.803107
65983326 1145.732726
65982444 1147.645963
65978034 1149.583195
65972215 1151.512561
65971041 1153.443929
65969326 1155.374650
65968064 1157.298725
65967731 1159.231295
65967642 1161.165307
65967465 1163.080623
65963995 1165.027755
65959676 1166.946123
65959012 1168.871738
65958128 1170.781115
65952378 1172.715143
65949148 1174.666960
65946974 1176.599947
65942816 1178.507168
65925047 1180.429861
65921651 1182.348286
65919980 1184.269734
65917028 1186.204791
65914130 1188.147319
65912296 1190.086875
65906464 1192.005635
65905201 1193.932241
65902561 1195.887515
65902099 1197.815452
65898080 1199.746341
65897262 1201.652692
65894895 1203.572952
65879812 1205.513123
65872167 1207.442550
65871355 1209.360616
65865917 1211.292099
65860245 1213.239930
65858218 1215.170685
65857203 1217.078789
65849549 1219.019674
65849319 1220.941890
65849310 1222.892059
65840325 1224.828412
65839179 1226.764839
65831187 1228.698871
65815868 1230.646980
65811864 1232.575619
65809885 1234.501756
65805113 1236.439761
65797984 1238.378114
65797835 1240.317639
65787442 1242.238104
65786797 1244.154491
65785920 1246.093801
65780943 1248.032996
65779026 1249.972021
65776817 1251.933265
65772346 1253.894442
65762390 1255.819597
65758339 1257.766720
65757554 1259.682922
65756978 1261.632909
65751545 1263.558517
65748557 1265.499430
65743685 1267.451105
65743498 1269.403297
65740586 1271.336211
65736713 1273.281965
65732124 1275.229100
65730575 1277.204398
65728315 1279.123885
65727677 1281.068319
65723938 1283.023931
65723405 1284.974104
65723085 1286.945113
65722652 1288.885082
65721387 1290.826003
65721288 1292.780347
65720469 1294.707025
65720114 1296.640238
65717697 1298.588883
65714972 1300.530245
65710495 1302.486844
65701010 1304.437687
65700612 1306.376796
65693983 1308.305455
65692026 1310.229936
65683258 1312.153924
65682998 1314.101562
65680227 1316.047116
65673266 1317.991577
65672181 1319.963859
65671166 1321.918589
65669200 1323.886455
65663474 1325.835439
65662305 1327.782325
65656392 1329.707315
65651147 1331.680462
65646323 1333.631543
65643812 1335.596286
65636270 1337.554675
65635366 1339.495835
65634738 1341.417281
65632944 1343.374502
65628064 1345.352051
65624261 1347.292056
65620990 1349.246489
65618427 1351.204474
65617747 1353.163592
65617718 1355.132387
65615993 1357.076755
65613291 1359.031498
65612766 1360.985051
65607284 1362.951251
65606784 1364.883069
65605263 1366.850012
65604356 1368.832274
65603215 1370.793319
65599624 1372.739592
65598893 1374.676404
65597642 1376.645312
65588901 1378.604318
65586139 1380.564123
65581200 1382.540883
65580554 1384.503873
65578275 1386.450907
65573070 1388.414875
65566368 1390.386639
65563567 1392.335358
65559620 1394.303832
65557973 1396.267928
65554869 1398.241467
65553310 1400.239250
65550207 1402.203711
65549771 1404.150435
65544725 1406.121133
65542122 1408.095075
65533541 1410.058251
65525818 1412.045192
65523678 1413.998255
65521914 1415.972889
65520036 1417.941301
65518384 1419.940750
65518283 1421.927022
65509866 1423.918692
65504531 1425.907741
65503783 1427.909667
65502162 1429.897669
65501506 1431.896664
65497108 1433.862563
65493661 1435.835536
65492739 1437.836631
65491498 1439.841767
65485918 1441.823423
65473174 1443.806341
65470854 1445.791631
65461133 1447.785792
65460211 1449.764647
65456932 1451.746460
65453609 1453.755459
65449025 1455.744189
65447208 1457.744395
65446956 1459.721458
65446932 1461.704351
65441504 1463.709394
65438678 1465.702179
65438605 1467.710208
65432843 1469.709913
65425879 1471.731909
65423888 1473.738193
65423211 1475.706785
65421752 1477.683858
65418684 1479.697177
65416532 1481.699245
65412118 1483.720887
65410503 1485.746475
65409047 1487.765659
65408925 1489.751218
65407801 1491.753437
65406464 1493.756321
65405202 1495.781620
65403089 1497.773151
65402458 1499.753585
65398563 1501.783278
65393327 1503.782568
65392570 1505.803778
65386587 1507.814713
65384182 1509.825962
65383624 1511.845962
65383286 1513.881656
65377938 1515.911941
65373179 1517.974273
65366180 1520.010097
65359764 1522.046306
65357533 1524.089408
65350323 1526.154928
65348926 1528.180144
65347145 1530.207572
65346737 1532.217091
65345656 1534.269792
65345216 1536.319163
65337932 1538.357261
65334961 1540.411706
65331733 1542.451578
65331260 1544.501551
65329538 1546.554465
65324242 1548.617212
65324020 1550.650064
65321890 1552.691940
65318472 1554.745765
65314734 1556.806773
65313489 1558.857297
65309975 1560.912017
65308875 1562.964955
65308248 1565.034655
65306053 1567.098925
65303364 1569.136218
65303258 1571.197734
65302399 1573.278965
65298649 1573.278970
65297416 1575.331941
65288377 1577.396551
65285717 1579.461013
65283494 1581.532298
65280231 1583.609655
65279693 1585.666420
65278931 1587.707569
65277758 1587.707574
65275059 1589.797281
65271487 1591.865385
65269015 1593.935719
65264984 1596.026040
65261533 1598.118312
65259281 1600.185582
65256039 1602.258790
65255056 1604.332193
65253660 1606.411893
65250084 1608.484258
65246904 1610.577851
65245797 1612.642791
65242817 1614.748202
65229043 1616.827430
65227268 1618.897771
65226807 1620.987671
65216765 1623.087026
65214582 1625.189649
65211553 1627.301421
65211295 1629.394850
65209264 1631.506896
65206588 1633.595186
65206246 1635.696471
65205172 1637.818796
65204504 1637.818801
65203786 1639.909127
65203514 1639.909131
65202612 1642.012927
65201917 1642.012931
65195243 1644.125943
65191508 1646.252837
65190000 1648.378368
65188705 1648.378372
65188376 1650.497339
65186520 1650.497344
65185450 1652.644868
65183634 1652.644872
65182706 1654.757170
65180065 1656.885006
65176139 1659.006859
65175208 1661.113967
65173879 1663.245735
65172116 1665.382801
65172105 1665.382806
65169738 1667.522383
65167999 1669.656676
65167482 1671.803953
65166869 1671.803957
65162961 1673.939013
65162684 1676.083131
65162121 1678.229927
65159327 1678.229931
65152164 1680.395379
65149730 1682.529510
65145215 1684.682179
65142241 1686.823431
65139203 1688.957028
65135687 1691.091425
65130686 1693.253808
65129177 1695.389190
65127461 1697.543044
65126560 1699.709405
65116394 1701.863549
65112953 1704.048848
65111851 1706.235443
65110014 1708.381998
65109580 1710.548098
65106807 1712.715185
65106712 1712.715190
65103753 1714.882621
65103671 1714.882626
65102911 1717.051798
65101677 1717.051802
65100805 1719.236024
65099650 1719.236029
65098468 1721.434723
65097286 1721.434727
65096573 1723.581735
65095950 1725.760777
65095259 1725.760781
65093882 1727.937556
65093619 1727.937560
65091185 1730.104470
65089748 1732.291361
65088750 1734.480651
65087942 1734.480655
65085804 1736.681105
65084574 1738.856734
65082841 1741.069423
65079629 1743.269506
65076751 1745.481527
65076076 1747.673511
65075614 1749.868163
65072742 1752.071105
65072369 1752.071109
65066752 1754.284472
65061203 1754.284476
65060603 1756.506091
65059625 1758.693913
65057837 1760.876821
65057776 1763.088938
65057016 1765.330398
65055156 1767.523576
65051837 1769.729234
65048906 1771.944965
65048348 1774.157317
65045689 1776.376894
65044767 1778.602942
65042684 1778.602946
65041556 1780.822114
65041050 1783.062969
65037371 1783.062974
65036751 1785.279128
65032967 1787.513072
65028338 1789.755326
65018139 1791.968277
65015025 1794.193577
65011292 1796.415400
65009149 1798.648142
65005964 1800.887643
65003806 1803.119579
64999365 1805.353481
64998810 1807.586300
64994517 1809.842094
64992202 1812.068399
64990955 1814.346212
64988960 1816.596755
64987632 1818.861573
64984845 1821.105088
64983336 1823.373777
64981732 1825.669497
64980384 1827.941121
64980158 1830.187292
64978859 1832.444641
64977245 1834.712862
64975929 1836.969200
64973548 1839.238250
64971467 1841.508572
64970909 1843.808649
64970676 1846.085882
64969626 1848.455194
64964885 1848.455200
64964628 1850.758837
64964309 1850.758841
64962538 1853.042684
64961196 1855.309244
64961174 1857.598963
64960552 1857.598969
64959109 1859.911712
64956418 1859.911717
64956291 1862.173853
64955322 1862.173858
64951800 1864.492254
64948016 1866.761896
64946245 1869.082340
64945746 1871.393479
64944161 1873.695696
64942664 1873.695700
64941691 1876.015521
64941353 1878.332195
64937530 1880.653302
64937465 1880.653306
64928461 1882.971140
64925141 1885.305046
64921815 1887.639991
64919822 1889.959869
64918147 1892.279835
64916717 1894.603737
64915162 1896.927321
64912768 1899.262015
64908755 1901.621623
64906928 1904.007991
64901964 1904.007996
64900720 1906.351667
64899799 1908.684618
64898378 1911.026059
64880581 1913.377517
64875255 1915.717327
64871703 1918.092092
64870504 1920.428600
64868327 1922.784139
64867129 1925.150811
64866648 1927.519892
64865690 1929.886098
64863472 1932.260682
64862526 1934.639353
64862210 1936.977511
64847796 1939.352660
64845722 1941.744325
64843200 1944.135484
64841549 1946.518773
64840151 1948.892186
64838693 1951.269827
64838647 1953.672625
64836553 1956.062668
64835392 1958.465963
64834117 1960.854246
64829416 1963.254166
64829036 1965.638205
64828069 1968.023331
64828038 1970.424859
64816480 1972.851681
64815048 1975.262206
64812034 1977.665123
64808878 1980.062532
64805810 1982.475183
64803104 1984.899428
64800325 1987.290196
64798285 1989.701295
64791054 1992.117091
64790247 1994.559730
64790146 1996.999022
64782801 1999.420659
64772872 2001.868537
64770020 2004.299209
64769591 2006.753344
64767771 2009.193690
64765493 2011.654336
64764780 2014.109874
64764101 2016.574726
64762309 2019.000893
64759126 2021.468407
64757391 2023.932312
64756990 2026.393942
64754503 2028.853511
64752457 2031.324334
64751382 2033.785443
64750075 2036.242307
64749263 2038.698926
64747083 2041.167500
64744538 2043.630566
64743007 2046.094727
64741693 2048.554471
64736988 2050.992864
64735424 2053.469995
64733007 2055.957836
64728066 2058.428744
64727737 2060.909028
64724149 2063.386751
64723332 2065.899662
64723216 2068.400750
64722798 2070.889145
64719909 2073.383867
64719617 2075.902439
64717295 2078.388841
64714125 2080.907949
64702070 2083.415816
64701368 2085.937690
64698051 2088.445543
64687788 2090.970566
64686536 2093.502695
64686054 2096.030769
64684540 2098.553679
64684159 2101.081181
64679780 2103.604013
64677816 2106.157638
64676477 2108.705912
64675429 2111.233162
64673188 2113.760901
64672939 2116.308408
64670241 2118.859641
64668598 2121.410727
64667313 2123.973289
64667022 2126.512139
64665484 2129.069623
64664702 2131.621187
64664348 2134.166487
64661984 2136.721102
64656597 2139.274514
64653916 2141.839501
64653241 2144.399167
64652083 2146.964327
64651369 2149.528254
64649895 2152.091037
64646264 2154.651749
64645595 2157.202789
64644344 2159.774813
64643395 2162.345653
64641411 2164.933623
64639600 2167.492629
64638354 2170.072902
64637660 2172.647905
64636852 2175.229770
64635349 2177.798422
64634046 2180.362594
64632889 2182.950934
64632408 2185.552926
64631947 2188.134531
64631015 2190.730981
64630110 2193.328133
64626451 2195.931541
64625796 2198.527353
64625380 2201.105233
64623777 2203.710571
64623020 2206.315470
64620384 2208.905559
64619623 2211.503509
64618833 2214.095069
64617408 2216.685923
64615047 2219.281522
64612317 2221.885539
64612077 2224.499077
64610582 2227.112233
64610361 2229.727413
64609675 2232.358419
64609423 2234.964437
64608599 2237.585023
64608057 2240.229837
64598634 2242.849702
64589787 2245.461363
64588626 2248.074000
64588136 2250.716094
64585922 2253.343588
64584527 2255.981950
64583954 2258.625788
64582632 2261.261860
64582162 2263.878108
64581432 2266.511967
64580753 2269.152497
64580425 2271.794595
64580312 2274.447578
64578885 2277.094936
64575567 2279.751894
64575186 2282.388065
64574650 2285.038675
64574155 2287.692058
64573151 2290.341601
64571473 2292.991944
64571067 2295.646723
64570645 2298.293204
64568734 2300.953826
64568082 2303.606715
64567195 2306.279046
64567173 2308.942161
64566811 2311.602364
64565786 2314.252518
64565091 2316.938011
64564531 2319.597413
64563985 2322.262255
64562210 2324.921786
64561975 2327.595800
64556258 2330.284837
64556073 2332.941031
64555124 2335.608099
64554410 2338.283632
64553564 2340.955640
64552745 2343.630329
64552671 2346.304686
64548997 2348.983149
64548653 2351.646744
64548153 2354.325988
64547666 2357.011836
64547663 2359.684415
64546335 2362.368079
64546217 2365.040752
64540693 2367.725038
64539096 2370.400703
64538631 2373.088098
64537704 2375.778170
64536863 2378.484481
64536507 2381.167308
64536111 2383.855709
64535791 2386.551110
64535085 2389.250531
64532425 2391.937648
64531945 2394.637397
64530877 2397.354832
64530418 2400.053789
64530025 2402.755870
64528974 2405.467230
64528748 2408.166722
64528602 2410.861711
64528250 2413.549299
64527876 2416.253656
64527259 2418.951368
64526586 2421.655372
64526059 2424.354619
64523580 2427.061656
64523026 2429.753546
64522605 2432.452379
64522133 2435.146745
64521828 2437.848640
64521686 2440.559897
64521422 2443.264703
64520438 2445.965006
64520212 2448.659921
64518978 2451.376277
64518674 2454.114768
64518561 2456.815821
64518522 2459.522590
64515682 2462.231412
64509540 2464.933151
64509236 2467.631591
64508404 2470.335722
64508101 2473.059795
64507398 2475.782650
64507126 2478.509314
64505473 2481.223846
64502417 2483.924981
64502375 2486.651370
64501954 2489.362964
64501731 2492.066857
64500205 2494.780103
64499753 2497.470790
64499541 2500.198583
64499364 2502.921177
64499292 2505.640182
64497190 2508.377274
64495174 2511.099586
64495005 2513.824654
64494631 2516.525967
64494599 2519.240001
64494201 2521.956342
64494059 2524.669703
64492392 2524.669707
64492151 2527.375126
64488184 2530.074034
64488038 2532.784487
64487209 2535.486566
64487061 2538.203014
64486987 2540.928539
64486368 2543.643457
64486271 2546.372242
64483732 2549.088725
64478206 2551.802931
64477219 2554.519724
64476162 2557.233562
64475696 2559.935752
64475233 2562.641495
64472777 2565.365944
64472565 2568.063941
64467429 2570.793507
64466742 2573.511556
64466002 2576.220292
64463339 2578.950719
64461696 2581.667828
64461414 2584.386320
64461338 2587.101038
64460074 2589.818421
64459748 2592.515494
64458631 2595.231950
64458255 2597.933348
64457966 2603.382132
64457894 2606.096478
64457764 2608.808563
64457456 2611.520115
64457298 2614.232571
64456866 2616.942825
64456720 2619.647937
64453780 2619.647943
64453650 2622.357778
64450837 2625.072048
64450383 2627.776579
64449568 2630.489610
64448232 2633.198491
64448213 2635.9044