68927898 115.511576
68854303 115.511589
68787684 115.511592
68761011 118.555735
68719011 121.543154
68706225 124.526546
68695386 127.476923
68677085 130.402989
68665813 133.335708
68657987 136.259885
68598133 139.165755
68594252 142.054360
68580427 144.954112
68574157 147.809184
68555943 150.651788
68545551 153.515640
68542802 156.364763
68512574 156.364769
68502489 159.207615
68482811 162.034156
68470030 164.838015
68457048 167.678050
68426419 170.475254
68413158 173.270964
68392762 176.024652
68381899 178.766501
68375127 181.531096
68367353 184.274828
68359519 187.008062
68352161 189.750891
68342275 192.460030
68327467 195.170714
68325622 197.876967
68308781 200.576233
68306808 203.269912
68299664 205.915475
68296300 208.578878
68293331 211.247402
68284586 213.907642
68277533 216.565906
68273870 219.230359
68227323 221.877931
68226880 224.508506
68219780 227.128697
68207801 229.720812
68201083 232.334786
68189877 234.932274
68185984 237.535074
68183349 240.150858
68178111 242.752461
68172971 245.347624
68164415 247.907295
68157798 250.460458
68154998 253.027185
68140582 255.585472
68130798 258.122424
68124404 260.645330
68119135 263.166949
68117353 265.714330
68115691 265.714335
68115180 268.220323
68113759 270.735119
68104418 270.735125
68097838 273.263206
68094210 275.768885
68091768 278.263471
68089709 280.796241
68085084 283.300080
68081966 283.300085
68079647 285.812069
68077213 285.812073
68075288 288.296394
68073391 288.296397
68070407 290.775638
68066098 293.266558
68055513 295.722077
68053170 298.212012
68051862 298.212018
68045354 300.686356
68031307 300.686362
68007335 303.138340
68004701 305.593691
67999495 308.064667
67997445 310.511727
67990242 312.979648
67983628 315.424280
67981406 317.865944
67976015 320.285263
67963927 322.724132
67961987 325.131544
67961265 327.564203
67952291 329.999401
67944858 332.434834
67940494 334.845227
67938431 337.277077
67935136 339.680526
67931375 342.071621
67927197 344.436682
67922498 346.846894
67913683 346.846899
67912710 349.245549
67910265 351.630074
67906767 354.014146
67903318 356.379127
67900852 356.379133
67899536 358.758114
67885474 358.758119
67876080 361.129336
67873422 363.498053
67866861 365.887124
67865039 368.271064
67862282 370.637308
67860756 372.987572
67857219 372.987577
67855647 375.355857
67854379 375.355862
67851590 377.718417
67850899 377.718422
67849310 380.101614
67846195 382.433097
67845112 384.767446
67835632 387.113873
67835518 389.451522
67825947 389.451527
67816048 391.774493
67814812 394.109246
67813834 396.442930
67807040 398.765048
67802368 401.081903
67795866 403.388060
67794049 405.701768
67791928 408.002853
67790236 410.303840
67788950 412.605109
67777998 414.904472
67776269 417.225323
67773040 419.534099
67771200 421.816219
67769729 424.114125
67762090 426.401033
67759567 428.707914
67757372 430.986076
67756274 433.262874
67755665 433.262880
67752786 435.527699
67752134 437.834584
67751691 437.834589
67742385 440.128055
67739886 440.128061
67738914 442.402804
67730682 444.677434
67726648 446.937194
67725716 449.217687
67725308 451.483657
67719682 453.740608
67707591 455.987168
67705921 458.255109
67699463 460.513218
67696706 462.781338
67694531 465.038327
67691842 467.278537
67685383 469.504139
67684025 471.736394
67683643 473.969105
67679163 476.218434
67676753 478.456174
67676612 480.695824
67675854 482.938437
67674430 485.162221
67674343 487.414258
67659247 489.642648
67659031 491.858920
67658447 494.086601
67657581 496.313529
67657084 498.554517
67656354 500.763491
67655552 502.972344
67652388 505.169596
67651789 507.372068
67651450 507.372073
67648741 509.576675
67647974 511.776438
67647327 511.776444
67644859 513.998882
67634293 516.204606
67631377 518.407644
67629734 520.588978
67628162 522.789333
67625791 524.982476
67625561 527.171333
67623338 529.349496
67622929 531.538805
67617547 533.756019
67607807 535.959729
67606548 538.165643
67603431 540.374813
67602329 542.529519
67601307 544.718569
67599979 544.718574
67598514 546.912335
67596595 549.107621
67594692 551.302209
67593432 551.302214
67591218 553.483869
67582609 555.638042
67579747 557.810003
67573111 559.974795
67570946 562.162498
67568899 564.348005
67566796 566.530176
67565394 568.704465
67563380 570.877448
67562669 573.052827
67559155 575.219410
67558415 577.360713
67556308 579.518305
67554706 581.676396
67553467 581.676401
67553375 583.821726
67552005 583.821730
67551383 583.821732
67550019 585.979494
67546782 585.979499
67546432 588.121613
67546217 588.121618
67542820 588.121621
67540868 590.267792
67538462 590.267798
67536170 592.419841
67532986 594.560430
67531680 596.699892
67531527 598.847103
67529479 601.000863
67528558 601.000868
67525632 603.143638
67524502 605.272822
67523566 605.272828
67521505 607.427157
67518416 609.555790
67517386 611.679614
67509745 613.805296
67506360 615.937354
67505974 618.065974
67502845 618.065981
67498464 620.187976
67492104 622.280184
67490748 624.414545
67490053 626.539180
67485482 628.662105
67483432 630.790584
67482637 632.919801
67482511 635.042976
67481729 637.153593
67481371 639.260715
67472645 639.260721
67468685 641.370287
67457248 643.484007
67450802 645.590295
67449191 647.694428
67448350 649.798878
67447651 651.890638
67445872 653.987194
67444956 656.088337
67443990 658.171153
67443697 660.261658
67433199 662.358231
67431676 664.468342
67428820 666.549729
67423003 668.631457
67421657 670.729201
67420373 672.830693
67418589 674.919037
67417913 677.013970
67417683 679.083913
67415983 681.171562
67415526 683.249234
67414725 683.249239
67414292 685.324384
67413860 687.399131
67406553 689.460502
67394856 691.538541
67394440 693.597444
67391263 695.681571
67390393 697.747509
67380257 699.834419
67379763 701.903302
67376075 703.974419
67373649 706.065658
67373217 708.142426
67363851 710.221166
67362126 712.264835
67355766 714.355610
67351847 716.416289
67351238 718.482440
67349686 720.555706
67348206 722.609889
67347984 724.659140
67346245 726.716652
67345386 728.758464
67335428 730.798838
67334192 732.854799
67330261 734.912782
67327827 737.012660
67327086 739.063163
67320248 741.148853
67316361 743.218117
67311197 745.265654
67302178 747.315445
67299414 749.356502
67298660 751.419613
67294200 753.471914
67292110 755.525790
67289779 757.557305
67289329 759.599296
67287014 761.657117
67286646 763.716071
67283922 765.778020
67278164 765.778026
67270132 767.816270
67267609 769.857009
67267425 771.868449
67265175 773.919673
67261030 775.957160
67255687 777.977723
67250170 779.995560
67242834 782.032602
67242441 784.064177
67241980 786.095740
67232355 788.126338
67227173 790.140879
67226950 792.187447
67212316 794.213196
67212202 796.240437
67208601 798.257181
67206204 800.274001
67202820 802.279617
67201965 804.297019
67199795 806.297837
67196612 808.302447
67195031 810.322120
67194762 812.324782
67189466 814.338824
67188791 816.368538
67185657 818.400300
67181002 820.395592
67175979 822.403105
67175424 824.418027
67172261 826.429039
67171846 828.438904
67170277 830.445262
67170169 832.455894
67164888 834.480754
67164877 836.472232
67163622 838.465742
67160039 840.446975
67159471 842.442552
67153579 844.459677
67147485 846.487179
67144730 848.498218
67143829 850.496083
67126694 852.489342
67125550 854.491930
67125524 856.503809
67123776 858.502322
67120937 860.487174
67116858 862.480429
67115552 864.488068
67115442 866.491081
67114745 868.491787
67114618 870.467642
67112328 872.449055
67110165 874.440414
67109678 876.437730
67104982 878.423843
67102716 880.413140
67098998 882.400304
67098520 884.375793
67096887 886.354894
67095516 888.324806
67092868 890.307544
67091218 892.306735
67086056 892.306739
67084106 894.281555
67084097 896.283240
67077384 898.267184
67070612 900.240868
67069764 902.208728
67069463 904.223609
67067525 906.191134
67066513 908.160271
67065693 908.160275
67063982 910.135354
67061960 912.109902
67060041 914.073380
67059991 916.053827
67055201 918.044784
67054328 920.004662
67053457 921.964094
67051539 923.924807
67045235 925.910475
67042539 927.881148
67038563 927.881152
67037812 929.853351
67036884 931.817418
67035430 933.775694
67034732 933.775698
67030564 935.736356
67027890 937.719757
67026600 939.673599
67026325 941.655705
67023193 943.598276
67020387 945.553446
67018963 947.533468
67018689 949.496980
67015924 951.460826
67012247 953.428542
67010537 955.395884
67010283 955.395889
67004699 957.357204
67002817 959.317781
67002151 961.283840
67002070 961.283845
66997883 963.261462
66993440 965.234138
66992134 967.178089
66988354 969.143181
66987500 971.087892
66986355 973.039586
66985796 973.039590
66978775 974.998261
66976845 976.950654
66971225 976.950659
66964403 978.913977
66963173 980.861048
66950908 982.818772
66946745 984.769978
66943118 986.738840
66940005 988.690131
66936556 990.633122
66935607 992.607124
66935504 994.537831
66933292 996.450828
66924835 998.388804
66918552 1000.340855
66916444 1002.290053
66916090 1004.252802
66914818 1006.209912
66914332 1008.151943
66914122 1010.077480
66910986 1012.028198
66910759 1013.981824
66908707 1015.942642
66907835 1015.942647
66904941 1017.865886
66904666 1019.824989
66900455 1021.758207
66897043 1023.700277
66890358 1023.700281
66885542 1025.634606
66883656 1027.588557
66878203 1029.528443
66870884 1031.460848
66870223 1033.388899
66869084 1035.339363
66854504 1037.283686
66853901 1039.252779
66853811 1041.190625
66853809 1043.147053
66851797 1045.067822
66849760 1047.008206
66848612 1048.949244
66847610 1050.888586
66846500 1050.888591
66845997 1052.809509
66845537 1052.809515
66844003 1054.744607
66833468 1056.677470
66832636 1058.614174
66832160 1060.549127
66831772 1062.474629
66826013 1062.474634
66825162 1064.408691
66822351 1066.350378
66818519 1068.308296
66818130 1070.250617
66807272 1072.188211
66796935 1074.104231
66795153 1076.038137
66794526 1077.942290
66790877 1079.901818
66789389 1081.809077
66785805 1083.743397
66777278 1085.691161
66776248 1087.624309
66775361 1089.550522
66773215 1091.489123
66771955 1093.398303
66771719 1095.332210
66763452 1097.237698
66761326 1099.160313
66758248 1101.116743
66754098 1103.034888
66751004 1104.965009
66749486 1106.884056
66746787 1108.814550
66741311 1110.741782
66732732 1112.675133
66731802 1114.601601
66731569 1116.536820
66726937 1118.464604
66711038 1120.392940
66710450 1122.317882
66709599 1124.259665
66708176 1126.184528
66700402 1128.123809
66684251 1130.048018
66681120 1131.980067
66677426 1133.910207
66670785 1135.839936
66666643 1137.776450
66661091 1139.703398
66658429 1141.648700
66658318 1143.574244
66657974 1145.496981
66655837 1147.421256
66650571 1149.337203
66645664 1151.277904
66639207 1153.194768
66634981 1155.103290
66629037 1157.039887
66627729 1158.934272
66624541 1160.850599
66621706 1162.748520
66616741 1164.668818
66615208 1166.579019
66609495 1168.498193
66607538 1170.446494
66602701 1172.346511
66601022 1174.280637
66594992 1176.226090
66594235 1178.161629
66591453 1180.122241
66587684 1182.032079
66586680 1183.938521
66585491 1185.849279
66585242 1187.802843
66583049 1189.704371
66578883 1191.622453
66575357 1193.530795
66571409 1193.530800
66569939 1195.411140
66569215 1195.411144
66567535 1197.335101
66564142 1197.335106
66563491 1199.247264
66556275 1199.247270
66555338 1201.171428
66554310 1203.094803
66552593 1205.011807
66552146 1205.011811
66550956 1206.929446
66546688 1208.851055
66544253 1210.764343
66538456 1212.675496
66526892 1214.610422
66525108 1216.532401
66512330 1218.459862
66512303 1220.394514
66511934 1222.330593
66509908 1224.246660
66508511 1226.186562
66508474 1228.117048
66501023 1230.043232
66499161 1231.977810
66498646 1233.910355
66497567 1235.812144
66495366 1237.736625
66495100 1239.641338
66485523 1239.641342
66472016 1241.562370
66469861 1243.476395
66464426 1245.377672
66464219 1247.323973
66453143 1249.256305
66445143 1251.158295
66440261 1253.063806
66440093 1254.990106
66432933 1256.911281
66422994 1258.801416
66415375 1260.738016
66414521 1262.646279
66411536 1264.567136
66409904 1266.481741
66407948 1268.407347
66404017 1270.332624
66402417 1272.241789
66397083 1274.161528
66396434 1276.076319
66396007 1278.006688
66395683 1279.932381
66394802 1281.839169
66391088 1283.768090
66389889 1285.701428
66388463 1287.623742
66377830 1289.530515
66372370 1291.436701
66366375 1293.381863
66364859 1295.298170
66361073 1297.214975
66360950 1299.138206
66357751 1301.054273
66357067 1303.005252
66351533 1304.932584
66350633 1304.932590
66348184 1306.869985
66343978 1306.869991
66338570 1308.806390
66333468 1310.715278
66327699 1312.655364
66319773 1314.596586
66317438 1316.514424
66313399 1318.442394
66310585 1320.371528
66303529 1322.302198
66298628 1324.237520
66296826 1326.160428
66294212 1328.083326
66293207 1330.036273
66290936 1331.965128
66279503 1333.900958
66274331 1335.849295
66273655 1337.795105
66272865 1339.722434
66268988 1341.636060
66265515 1343.574558
66265063 1345.497245
66263481 1347.424640
66262130 1349.362714
66261157 1351.286199
66250777 1353.234222
66250306 1355.179540
66241452 1357.105681
66239496 1359.037909
66231521 1360.960399
66229059 1362.886081
66226670 1364.814724
66218090 1366.759596
66214973 1368.688958
66211794 1370.631774
66211469 1372.578738
66207483 1374.537122
66191446 1376.486152
66189593 1378.427479
66183267 1380.362621
66182729 1382.306997
66182184 1384.255338
66181215 1386.216406
66176700 1388.129347
66175592 1390.069224
66172176 1392.007976
66168840 1393.962739
66165054 1395.896120
66152110 1397.854932
66146807 1399.786914
66145324 1401.740038
66145198 1403.704386
66144280 1405.630254
66143567 1407.572539
66141786 1409.531669
66140169 1411.483381
66137768 1413.446146
66129491 1415.413908
66126671 1417.353531
66125916 1419.271540
66123548 1421.215024
66120728 1423.153952
66120684 1425.127262
66116056 1427.104194
66112372 1429.047983
66106957 1431.001977
66106402 1432.952269
66097411 1434.923057
66097332 1436.881490
66094173 1438.850424
66094016 1440.820414
66091536 1442.768246
66085806 1444.713914
66081580 1446.703400
66080307 1448.635445
66078035 1450.591812
66074793 1452.558603
66071897 1454.510566
66069269 1456.482259
66067984 1458.436695
66065725 1460.412519
66065285 1462.369434
66064209 1464.353158
66058861 1466.345316
66057918 1468.312699
66048659 1470.280452
66048294 1472.255994
66046518 1474.228603
66038830 1476.191470
66038475 1478.170254
66034882 1480.169814
66031169 1482.155968
66017038 1484.154873
66015583 1486.127005
66013359 1488.109675
66008457 1490.115827
66005437 1492.105594
66001629 1494.075789
65996658 1496.075073
65996556 1498.026631
65991135 1499.986695
65990276 1501.972464
65987487 1503.961365
65985341 1505.940261
65982164 1507.920732
65978649 1509.916123
65976699 1511.892947
65973917 1513.865028
65968547 1515.862337
65965925 1517.841711
65963589 1519.849051
65960621 1521.844282
65958902 1523.856076
65957559 1525.857539
65948633 1527.864108
65946112 1529.844560
65939329 1531.825020
65934383 1533.837299
65929169 1535.822970
65919582 1537.853003
65919488 1539.855984
65913794 1541.855198
65911855 1543.868216
65910722 1545.864490
65909830 1547.890308
65909222 1549.892506
65907077 1551.890268
65905433 1553.908084
65900117 1555.910228
65897416 1557.921853
65885159 1559.937190
65882325 1561.949826
65880591 1563.953906
65877388 1565.976824
65876467 1567.990750
65874905 1570.015071
65873984 1572.054040
65872418 1574.101267
65870235 1576.148168
65840166 1578.183208
65839865 1580.176993
65837415 1582.209800
65830282 1584.247968
65826532 1586.284026
65825846 1588.333811
65823629 1590.362007
65822798 1592.386380
65821729 1594.422289
65802220 1596.471101
65801433 1598.510032
65798732 1600.529953
65795773 1602.586302
65793168 1604.647392
65790639 1606.693949
65789571 1608.732280
65783406 1610.785989
65782286 1612.830600
65779814 1614.871635
65772772 1616.922430
65765228 1619.005677
65761871 1621.070676
65758126 1623.116465
65754945 1625.154110
65753170 1627.196812
65752007 1629.263813
65749904 1631.320097
65749874 1633.371491
65748321 1635.467114
65746059 1637.530250
65744831 1639.561375
65741765 1641.646805
65741544 1643.710005
65736640 1645.793191
65735393 1647.868649
65729789 1649.941247
65726294 1652.011456
65723752 1654.100171
65719209 1656.175284
65717578 1658.251671
65715231 1660.354573
65708047 1662.438125
65707911 1664.532760
65704852 1666.628692
65704804 1668.706196
65700767 1670.793238
65698484 1672.886982
65695480 1674.987487
65691658 1677.071872
65686541 1679.154386
65683337 1681.262097
65679674 1683.374980
65675036 1685.461731
65673332 1687.550480
65670795 1689.631798
65670390 1691.714663
65667851 1693.792471
65664955 1695.891975
65664587 1698.011858
65661102 1700.127693
65657683 1702.255491
65653232 1704.395541
65650509 1706.509027
65649545 1708.615372
65647776 1710.731994
65645235 1712.855846
65640320 1714.977721
65637681 1717.099422
65636834 1719.230054
65630548 1721.358017
65628463 1723.468452
65626208 1725.597794
65623972 1727.723451
65622521 1729.863091
65620841 1732.000978
65619134 1734.147808
65618110 1736.312367
65615774 1738.437314
65613735 1740.593260
65611907 1742.726082
65610740 1744.868405
65608561 1747.012355
65606094 1749.160829
65602977 1751.292936
65602398 1753.453776
65600807 1755.604349
65597706 1757.747856
65595999 1759.903761
65591772 1762.083591
65590418 1764.267146
65586756 1766.425857
65586405 1768.601367
65581551 1770.759344
65580155 1772.924195
65579335 1775.088162
65567774 1777.257066
65565492 1779.421145
65565166 1781.633602
65562515 1783.800977
65562169 1785.945352
65560299 1788.124200
65560035 1790.280698
65559170 1792.433421
65555344 1794.619125
65551588 1796.803499
65550685 1799.008423
65549577 1801.214714
65548204 1803.412730
65543879 1805.599264
65541709 1807.775560
65540391 1810.004082
65539284 1812.213552
65536468 1814.401112
65533863 1816.627273
65531242 1818.838866
65529087 1821.050434
65526851 1823.264646
65524117 1825.484965
65523931 1827.714482
65523359 1827.714488
65522757 1829.925932
65521448 1829.925937
65520877 1832.164133
65520328 1832.164139
65519235 1834.399035
65519014 1836.629973
65517497 1838.840002
65517111 1838.840008
65514897 1841.054580
65514447 1843.270969
65511961 1845.494544
65508041 1847.739311
65506264 1849.992302
65496345 1852.224163
65493131 1854.458424
65488114 1856.696026
65486420 1858.959507
65485762 1861.203738
65483289 1863.448721
65481775 1865.705084
65479296 1867.945718
65474816 1870.206041
65473498 1872.461237
65469206 1874.719979
65468688 1876.986194
65467336 1879.283644
65467269 1881.568142
65466413 1883.832029
65463775 1886.122807
65462324 1888.399159
65460895 1890.680447
65460007 1892.955575
65457956 1895.212953
65456821 1897.510339
65446816 1899.797216
65445648 1902.069776
65445080 1904.370590
65443709 1906.686886
65439924 1908.978877
65439808 1911.255821
65437921 1913.552362
65437258 1915.856688
65434421 1918.155944
65433078 1920.467933
65431871 1922.773656
65428182 1922.773661
65425934 1925.072582
65423057 1927.388168
65418366 1929.697592
65417711 1932.039095
65414182 1934.367434
65410737 1936.687613
65408048 1939.044450
65402558 1941.377126
65401390 1943.701376
65399589 1946.029881
65396665 1948.365180
65396004 1950.713361
65392254 1953.071352
65391611 1955.440972
65387248 1957.779752
65384860 1960.130013
65383086 1962.458466
65380721 1962.458472
65379764 1964.810183
65376379 1967.142587
65370733 1969.490388
65370112 1971.824168
65369244 1974.184070
65368645 1976.549390
65367770 1978.905023
65366202 1981.254589
65364586 1983.632333
65362993 1986.004959
65359213 1988.374138
65358859 1990.737607
65356784 1993.109521
65352321 1995.491624
65351155 1997.876541
65350939 2000.258663
65348865 2002.647682
65344985 2005.027470
65344718 2007.418077
65343823 2009.826605
65342603 2012.214037
65329972 2014.632112
65329042 2017.042248
65326640 2019.444153
65325660 2021.836069
65323816 2024.230128
65322092 2026.644473
65320988 2029.069002
65319150 2031.489978
65309692 2033.909906
65300583 2036.311532
65298893 2038.739256
65297124 2041.183570
65295203 2043.592376
65289715 2046.010601
65288976 2048.421835
65288213 2050.849340
65287985 2053.303506
65287068 2055.741233
65287042 2058.200792
65285139 2060.655980
65280730 2063.096611
65280140 2065.563277
65277907 2068.022799
65275819 2070.473377
65274242 2072.928936
65273499 2075.400412
65272115 2077.869903
65266462 2080.332396
65259614 2082.771846
65258009 2085.235651
65256963 2087.693074
65253204 2090.162827
65251057 2092.641106
65250038 2095.123739
65248001 2097.605054
65245743 2100.070039
65244777 2102.549444
65243634 2105.013543
65243042 2107.513166
65240543 2110.002566
65237495 2112.483143
65233888 2114.970111
65232723 2117.461572
65230321 2119.961662
65228682 2122.441461
65228003 2124.941306
65226837 2127.425837
65220833 2129.912640
65220450 2132.423539
65219018 2134.926033
65216971 2137.437577
65216647 2139.954029
65216231 2142.479345
65214669 2144.978947
65213793 2147.476321
65212365 2149.993660
65211364 2152.523066
65210795 2155.035487
65209627 2157.554721
65208916 2160.085713
65207131 2162.608779
65205419 2165.125925
65204656 2167.660365
65202694 2170.208926
65200635 2172.732069
65200072 2175.274414
65199618 2177.782159
65196610 2180.308658
65195298 2180.308663
65195164 2182.857666
65179972 2182.857671
65178540 2185.387338
65176979 2187.944881
65175722 2190.485187
65173225 2193.041183
65172206 2195.585456
65171599 2198.141965
65171119 2200.716250
65170449 2203.282888
65169931 2205.837625
65169367 2208.396642
65168445 2210.945782
65168011 2213.522241
65166377 2216.079568
65163062 2218.634198
65161504 2221.206005
65159037 2223.774931
65158444 2226.331549
65157319 2228.910331
65155875 2231.475867
65155158 2234.053895
65155081 2234.053900
65154248 2236.645315
65152471 2236.645319
65150960 2239.199908
65146972 2241.773902
65146395 2244.354220
65145926 2246.946970
65142100 2249.526772
65139608 2252.119284
65136783 2254.712376
65135696 2257.288738
65134336 2259.890621
65134091 2262.497616
65133751 2265.090554
65132672 2267.681263
65131955 2270.281588
65130615 2272.880518
65129758 2275.477374
65123114 2278.087202
65120442 2280.706587
65118355 2283.290381
65117608 2285.887069
65114845 2288.497584
65113933 2291.099731
65113369 2293.705639
65111562 2296.297431
65109823 2298.911429
65108740 2301.509227
65102797 2304.123409
65101255 2306.739752
65100591 2309.353390
65100007 2311.965556
65099131 2314.571142
65098061 2317.193650
65097570 2319.822626
65094503 2322.432381
65093768 2325.060940
65093332 2327.681277
65091370 2330.284037
65089216 2332.915593
65088052 2335.541921
65087523 2338.149411
65083255 2340.782462
65081792 2343.413482
65081457 2346.036488
65079743 2348.660422
65077952 2351.300516
65077411 2353.946641
65076506 2356.575998
65075659 2359.223012
65074173 2361.857349
65074078 2364.522358
65073436 2367.172582
65073192 2367.172586
65073029 2369.798266
65072956 2369.798270
65071760 2372.424181
65071125 2375.054603
65070473 2377.693733
65070403 2377.693739
65069766 2380.342595
65069536 2380.342600
65068086 2382.986216
65067595 2385.619803
65067561 2385.619807
65066658 2388.255680
65065208 2388.255685
65065021 2388.255687
65064838 2390.887356
65063189 2390.887362
65062460 2393.540034
65062127 2396.165149
65061677 2396.165154
65059956 2398.799144
65055320 2398.799149
65054795 2401.430860
65053848 2404.079037
65053141 2406.721082
65050424 2409.352394
65047816 2409.352400
65047538 2411.999818
65046925 2411.999824
65043017 2411.999826
65042354 2414.639755
65041221 2417.277603
65040944 2419.927097
65039520 2422.587543
65038801 2425.246527
65038168 2427.900586
65037577 2430.532231
65037065 2433.179611
65037005 2433.179616
65032792 2435.838245
65030692 2438.490760
65029078 2441.129870
65028031 2443.780066
65026893 2446.434212
65026654 2449.086325
65024896 2451.761539
65023593 2454.421824
65022409 2457.091943
65021173 2459.754222
65019716 2462.408113
65018688 2465.068066
65018181 2467.723660
65018126 2470.381453
65016253 2473.027585
65015307 2475.695512
65014588 2478.365661
65013886 2481.025241
65012409 2483.674043
65009705 2486.345395
65008836 2486.345400
65008136 2489.014235
65007129 2489.014240
65003530 2491.688054
64997729 2494.352396
64996088 2497.014515
64992702 2499.698814
64991836 2502.361270
64991385 2505.021155
64991016 2507.678703
64990531 2510.335574
64989596 2513.012727
64989164 2515.676544
64988273 2518.347270
64986718 2521.018283
64983392 2523.671091
64983192 2526.352772
64981577 2529.035181
64980922 2531.698322
64979954 2534.362922
64979069 2537.020059
64978397 2539.686993
64976975 2542.355316
64974191 2545.025690
64972307 2547.704019
64971461 2550.376412
64970408 2553.037369
64967697 2555.694578
64966652 2558.376832
64966049 2561.046430
64965556