99692904 541.659620
99526700 541.659639
99406262 541.659640
99399015 546.755266
99398343 546.755273
99389178 551.759244
99386053 551.759249
99374325 556.764280
99369636 561.748108
99366235 561.748114
99354014 561.748116
99341902 566.711531
99285633 571.618272
99282190 576.572124
99272136 581.469452
99261865 586.337241
99245023 591.224641
99240022 596.023119
99229424 600.885397
99225776 600.885402
99221363 605.700475
99191918 605.700480
99175162 610.430807
99168284 615.220662
99161987 619.989514
99152551 624.762326
99144324 629.495119
99142335 634.230389
99135956 634.230395
99130210 638.946652
99126479 638.946657
99121495 643.609256
99117623 643.609263
99115430 648.270094
99104946 648.270100
99104812 648.270101
99092423 652.953485
99085373 657.617645
99085190 662.261286
99072767 662.261292
99051252 666.944820
99042141 671.623267
99031833 676.300493
99015700 680.906284
99008491 685.504593
98998094 690.099488
98993998 694.698326
98989503 699.294067
98977962 699.294071
98970028 703.833841
98965275 708.406413
98948886 712.976619
98943339 717.487098
98939821 722.032362
98938171 722.032366
98927358 726.577942
98915753 726.577947
98908736 731.091644
98900565 735.578334
98867880 740.015371
98858905 744.574418
98855145 749.087572
98841519 753.547835
98837829 758.068875
98830099 762.559147
98824338 767.015828
98822881 771.457262
98809475 771.457268
98805762 775.879228
98796546 780.278282
98784837 784.668797
98783971 789.094917
98780625 789.094923
98776366 793.473321
98765050 793.473328
98757886 797.915750
98742932 802.335782
98736736 806.709562
98733598 811.078304
98730458 815.448776
98727691 819.830975
98727405 819.830980
98718396 824.208248
98715515 828.571986
98714083 828.571990
98706053 832.908494
98701726 832.908499
98695209 832.908501
98690439 837.271115
98683547 841.615267
98682691 845.969864
98676963 845.969870
98676550 850.283935
98667986 850.283941
98665050 854.644513
98663191 858.957139
98647874 858.957146
98643546 863.315255
98636253 867.624422
98627927 872.006316
98613460 876.297823
98598953 880.582567
98592028 884.827953
98577727 889.104264
98574934 893.352732
98572859 897.608377
98563476 901.865013
98555028 906.106130
98550370 906.106136
98548446 910.311259
98537432 910.311265
98532924 914.558756
98524232 918.792214
98515063 922.991581
98510531 927.227840
98507236 927.227845
98504600 931.408766
98496722 931.408771
98493753 935.610821
98477663 939.830650
98469366 944.057584
98462484 948.215440
98457203 952.427860
98450647 956.636506
98445907 960.760560
98442097 964.975776
98435363 969.196113
98433318 973.361076
98424941 977.545017
98423780 981.756465
98420372 981.756471
98419828 985.914008
98412005 985.914013
98393245 990.039431
98390975 994.179386
98389266 998.296531
98382521 1002.460703
98380676 1006.605359
98368157 1006.605364
98359736 1010.689595
98355168 1014.825777
98353475 1018.966048
98353193 1023.108336
98352546 1027.237287
98349537 1031.358958
98345629 1035.476074
98334644 1039.572961
98328739 1043.652801
98325120 1047.714706
98313634 1047.714712
98310854 1051.767983
98296412 1055.862298
98293763 1059.964643
98287045 1064.053870
98283036 1068.139671
98278899 1072.227942
98274018 1076.283903
98266598 1080.247800
98259483 1084.286190
98256632 1088.305391
98254433 1092.302448
98249705 1096.288592
98243388 1100.353439
98238569 1104.364514
98235535 1108.386821
98219943 1112.409434
98213691 1116.451667
98211561 1120.444168
98207720 1124.480263
98206563 1128.490314
98196511 1132.502158
98185913 1136.530263
98184041 1140.530164
98179393 1144.494774
98175911 1148.489599
98172282 1152.493206
98164273 1156.517959
98163442 1160.479171
98161272 1164.463144
98157309 1168.456208
98147089 1172.423981
98138800 1176.364647
98136311 1180.354283
98134599 1184.316795
98132887 1188.281642
98129738 1192.203204
98127831 1196.094170
98124206 1200.004695
98119808 1203.980862
98118978 1207.951046
98116408 1211.886303
98111136 1215.797768
98107277 1219.759332
98105656 1223.688731
98104810 1227.604531
98104183 1231.537059
98103837 1235.409054
98103564 1239.340720
98101227 1243.277473
98099770 1247.153728
98097600 1251.059978
98096519 1254.944990
98093298 1254.945017
98089738 1258.867381
98089038 1262.795838
98086290 1262.795843
98084541 1266.649219
98079127 1270.553302
98076267 1274.448863
98072140 1278.353651
98067934 1282.191360
98065308 1282.191366
98062176 1286.061492
98061637 1289.947789
98060824 1293.809286
98060659 1293.809291
98033705 1297.705113
98033661 1301.592277
98033243 1305.451371
98031058 1309.318066
98030152 1313.222630
98021765 1317.109886
98017064 1320.939480
98013197 1324.788238
98011391 1328.606389
98008078 1332.426282
98006802 1336.293257
98004909 1340.155057
98004597 1344.001080
98001420 1344.001085
97993280 1347.805334
97988740 1351.631008
97982641 1355.449698
97979450 1359.250710
97975100 1363.044466
97968161 1366.866255
97957673 1370.687437
97956578 1374.488860
97955705 1378.250574
97949061 1382.083215
97944459 1385.929328
97943249 1389.738902
97940412 1393.488015
97938450 1397.256422
97938447 1401.031328
97936941 1404.812218
97935730 1404.812224
97931428 1408.609913
97926251 1412.453212
97921202 1416.259337
97920326 1420.036225
97919531 1423.852129
97918570 1427.600961
97915279 1427.600967
97914458 1431.368814
97911518 1431.368819
97909381 1435.102772
97906605 1438.832120
97902824 1442.530200
97900397 1446.338878
97899111 1450.105291
97896173 1453.826394
97892400 1457.596567
97891892 1461.359396
97890141 1465.054288
97887274 1468.796348
97885662 1472.535023
97881369 1476.237464
97876619 1480.011558
97876095 1483.766946
97876074 1487.473090
97872970 1487.473097
97870949 1491.198505
97868482 1494.943270
97868217 1494.943277
97866890 1498.690911
97865624 1498.690918
97865067 1502.442629
97864307 1502.442636
97864253 1506.162841
97861707 1506.162847
97859760 1509.885602
97859476 1513.596393
97855711 1517.305786
97855118 1521.024176
97853948 1524.743924
97852399 1528.437765
97852324 1532.158952
97851971 1535.856468
97850037 1539.544523
97848485 1543.218250
97848426 1546.930084
97840787 1546.930090
97840420 1550.608519
97836668 1550.608525
97833070 1554.303684
97832620 1554.303689
97830487 1557.999635
97829104 1557.999640
97828227 1561.708335
97826752 1565.420032
97823600 1569.132887
97822807 1572.821644
97819292 1576.509984
97817994 1580.205363
97816128 1583.905380
97811958 1587.595844
97811821 1591.314848
97808622 1591.314854
97806399 1594.976318
97798389 1598.652025
97797865 1602.336977
97797551 1606.016196
97793011 1609.665096
97790826 1613.349092
97788400 1617.054290
97787879 1620.688309
97786154 1624.354004
97785835 1628.051339
97783374 1631.730373
97777918 1635.374989
97777131 1639.042705
97773924 1642.678996
97768209 1646.311777
97766930 1649.936879
97764682 1653.596428
97764532 1657.279445
97761276 1657.279449
97751351 1660.933379
97746430 1664.581651
97743974 1668.205026
97743144 1671.850594
97737695 1675.475497
97736229 1679.132015
97733323 1682.746016
97731989 1686.428735
97727704 1690.075856
97727209 1693.705604
97726628 1697.301408
97722340 1700.891936
97719908 1704.509631
97714048 1708.137761
97713793 1711.739790
97713357 1715.336641
97712321 1718.958557
97711170 1722.557849
97710968 1726.193865
97704995 1726.193870
97703257 1729.843887
97702609 1733.501200
97702476 1737.092559
97696035 1737.092564
97693423 1740.724144
97693338 1740.724150
97691041 1744.356189
97688514 1747.957023
97685613 1747.957027
97683359 1751.563693
97677921 1755.205737
97668060 1758.748924
97665267 1762.353930
97664397 1765.972063
97664261 1769.542670
97659277 1773.129632
97652210 1776.735006
97651054 1780.284798
97649014 1783.859493
97648768 1787.436168
97648499 1790.986284
97647009 1794.570619
97643122 1798.134814
97642073 1801.713941
97638892 1805.297736
97638514 1808.835849
97635993 1812.415163
97635827 1815.967045
97635476 1819.502871
97632828 1823.051092
97632413 1826.585221
97630653 1826.585226
97626708 1830.164428
97626420 1833.744096
97625983 1833.744101
97624119 1837.320291
97620251 1837.320296
97620030 1840.865362
97618485 1840.865367
97617120 1844.494587
97611965 1844.494593
97611932 1848.043142
97609376 1848.043147
97608844 1851.541549
97608162 1855.112642
97607102 1858.663542
97606144 1862.247596
97604792 1865.828385
97604139 1865.828390
97602032 1869.377830
97599725 1872.914960
97598083 1876.489071
97596578 1880.011548
97596058 1883.550776
97594117 1887.057690
97592138 1890.587720
97591593 1894.128897
97590480 1897.636711
97583152 1901.152907
97579703 1904.661780
97578719 1908.227397
97577843 1911.783504
97575691 1911.783510
97573826 1915.351033
97572117 1915.351038
97570556 1918.871456
97568048 1922.421085
97566268 1925.967612
97561254 1929.479775
97560879 1933.036307
97559229 1936.561551
97557573 1940.111995
97551360 1943.578943
97551020 1947.109991
97550335 1950.588882
97550284 1954.123183
97542860 1957.618984
97542259 1961.152987
97541290 1964.634614
97539863 1968.130271
97539093 1971.619600
97538913 1975.164861
97537294 1978.702266
97531529 1982.184525
97531004 1985.695673
97527715 1989.209039
97525880 1992.649775
97518086 1996.174353
97515770 1999.695193
97514107 2003.245106
97511333 2006.741959
97509269 2010.253856
97507890 2013.768664
97507503 2017.254610
97506267 2020.780298
97501405 2024.296570
97499705 2027.823253
97498765 2031.298323
97498389 2034.832047
97498064 2038.329312
97495946 2041.841765
97495628 2045.336166
97493833 2045.336172
97492995 2048.809442
97490750 2052.314371
97490611 2055.788302
97476506 2055.788308
97475230 2059.240949
97467842 2062.724335
97467115 2066.203862
97465085 2069.721767
97460629 2073.222719
97457175 2076.677902
97453912 2080.206307
97448126 2083.678957
97445804 2087.174803
97439897 2090.641354
97438992 2094.066195
97437674 2097.547949
97436630 2101.012029
97433923 2104.472783
97433653 2107.933928
97427037 2111.394762
97426750 2114.827066
97424464 2118.253243
97423482 2121.687769
97422085 2125.083997
97419886 2128.511320
97418311 2131.934337
97415924 2135.352248
97414959 2138.788704
97413794 2142.257948
97409544 2145.666726
97409097 2149.133919
97402751 2152.538028
97400947 2155.997059
97400789 2159.457328
97398862 2162.877458
97398343 2166.259026
97396644 2169.734598
97395645 2173.159562
97393116 2176.602725
97392262 2180.066826
97391135 2183.509235
97389779 2186.936984
97389590 2190.378522
97388667 2193.762306
97385488 2197.131307
97385434 2200.590756
97381743 2204.017689
97381007 2207.452958
97379835 2210.865573
97379557 2214.230183
97378117 2217.642783
97373119 2221.076891
97370399 2224.454790
97366478 2227.838190
97365745 2231.241000
97364742 2234.651372
97363972 2238.049054
97362945 2241.477699
97362827 2244.858041
97362731 2248.262136
97362147 2251.630563
97361041 2254.980632
97354217 2258.370269
97351543 2261.760932
97347287 2265.169889
97346667 2268.573425
97341060 2271.924970
97340512 2275.344108
97340430 2278.734695
97339963 2282.137711
97334945 2285.495410
97330037 2288.877084
97328785 2292.193598
97327592 2295.588192
97323303 2298.955655
97322898 2302.305212
97320553 2305.671827
97318399 2309.062397
97313643 2312.453235
97312097 2315.819204
97310972 2319.213742
97309850 2322.610526
97306838 2326.004032
97306730 2329.355587
97306425 2332.723525
97303751 2336.133389
97303582 2339.493069
97298835 2342.918392
97297359 2346.304036
97297228 2349.664073
97296940 2353.053627
97280063 2353.053632
97279496 2356.396520
97277276 2359.773563
97277164 2363.173842
97276477 2366.523290
97269693 2369.857552
97268242 2373.164257
97265851 2376.574504
97263400 2379.932125
97261965 2383.272009
97259855 2386.600576
97258715 2389.938380
97252936 2393.301796
97250472 2396.659148
97249828 2399.979479
97247832 2403.315594
97244959 2406.629386
97244306 2409.981426
97243594 2413.363604
97243438 2416.645871
97241446 2419.999178
97239284 2423.334839
97237780 2426.691657
97237163 2430.055522
97235151 2433.491447
97233095 2436.836804
97231226 2440.181823
97229333 2443.528346
97228788 2446.842723
97223975 2450.212419
97223065 2453.506062
97221420 2456.799030
97220085 2460.119552
97219977 2463.471776
97219075 2466.822692
97217935 2470.146162
97213892 2473.485636
97213801 2476.803952
97213329 2480.105373
97212865 2483.400849
97212525 2486.695212
97211753 2490.023921
97207405 2493.359380
97206503 2496.685916
97206186 2500.013105
97206119 2503.327947
97204618 2506.630871
97201591 2509.968857
97198773 2513.277169
97197903 2516.632791
97196382 2519.968084
97194017 2523.262675
97192740 2526.583082
97192627 2529.883105
97190571 2533.197096
97189014 2536.556876
97188377 2539.862688
97187035 2543.178827
97185662 2546.476178
97182476 2549.790217
97180501 2553.114658
97177552 2556.458096
97177403 2559.789970
97171736 2563.094163
97170342 2566.409095
97167802 2569.678547
97166335 2572.940888
97165733 2576.254853
97161978 2579.560786
97161919 2582.865898
97161154 2586.125964
97159783 2589.436461
97158206 2592.736777
97157381 2596.045570
97156927 2599.327879
97156572 2602.637690
97154382 2605.908831
97153451 2609.193919
97149392 2612.431390
97149248 2615.688085
97148181 2619.022505
97147498 2622.324932
97145496 2625.624216
97145490 2628.912890
97129629 2632.209026
97129457 2635.478013
97124790 2638.737915
97122774 2642.023684
97122262 2645.300569
97112485 2648.610448
97112067 2651.887044
97111320 2655.189833
97110446 2658.481876
97109262 2661.788701
97108809 2665.112771
97107467 2668.400272
97107422 2671.636176
97102544 2674.902101
97092956 2678.217811
97091450 2681.490457
97090881 2684.808356
97089663 2688.079474
97089571 2691.363632
97085896 2694.605685
97082752 2697.846174
97080807 2701.133909
97079518 2704.393778
97077391 2707.635344
97077263 2710.916456
97076548 2714.196652
97075388 2717.488987
97073780 2720.756938
97070273 2724.058380
97066905 2727.360511
97066618 2730.632511
97066126 2733.883652
97065602 2737.204178
97065509 2740.449275
97064586 2743.670663
97064041 2746.895224
97061824 2750.120389
97058686 2753.353760
97058407 2756.607484
97058244 2759.893683
97054710 2763.122779
97051785 2766.349574
97050741 2769.621482
97042324 2772.900416
97038070 2776.159661
97035910 2779.390722
97030852 2782.610315
97027783 2785.872182
97027705 2789.124616
97027307 2792.379292
97024850 2795.627168
97024596 2798.867676
97022880 2802.124870
97017426 2805.390992
97017273 2808.622308
97016019 2811.846682
97015624 2815.082473
97014574 2818.350521
97012031 2821.589537
97010686 2824.841325
97003768 2828.064731
97003405 2831.328571
97002237 2834.581130
97000777 2837.832025
96997351 2841.051430
96996257 2844.261046
96995635 2847.472342
96994614 2850.683841
96994223 2853.892080
96992173 2857.095039
96989645 2860.328262
96987060 2863.536063
96986948 2866.768715
96985361 2870.000201
96985223 2873.207323
96981029 2876.444088
96979889 2879.671879
96978860 2882.883460
96978255 2886.098089
96971492 2889.326715
96971016 2892.543094
96970874 2895.734983
96969418 2898.949934
96968768 2902.146056
96964986 2905.399994
96963799 2908.609929
96963370 2911.847157
96963141 2915.102508
96962392 2918.314063
96961350 2921.563324
96953673 2924.773350
96948281 2927.986178
96944708 2931.198286
96943275 2934.373496
96943128 2937.582446
96934867 2940.781623
96934281 2944.019424
96934014 2947.238428
96933986 2950.470563
96932323 2953.685252
96929070 2956.919220
96928339 2960.140094
96926348 2963.342449
96923155 2966.554749
96918937 2969.743262
96918275 2972.933960
96918262 2976.119006
96916213 2979.355401
96914666 2982.533934
96911642 2985.794593
96911143 2988.992767
96910857 2992.196318
96909016 2995.349583
96896465 2998.590724
96892245 3001.778586
96888232 3004.983873
96886866 3008.172617
96886458 3011.385492
96886261 3014.600574
96886259 3017.789682
96885862 3020.966956
96882831 3024.142955
96882761 3027.330059
96881923 3030.549719
96876521 3033.743179
96875462 3036.982402
96870477 3040.210369
96869622 3043.413854
96869501 3046.606402
96868354 3049.769346
96867558 3052.997533
96867164 3056.187027
96865280 3059.380862
96865175 3062.574960
96858505 3065.745916
96858064 3068.955844
96852774 3072.144534
96851683 3075.337099
96849032 3078.509219
96848862 3081.701317
96847418 3084.891630
96842695 3088.053809
96842368 3091.253302
96842197 3094.436163
96840427 3097.638629
96838894 3100.812513
96838532 3103.985412
96835965 3107.119982
96835684 3110.287082
96833441 3113.478944
96832475 3116.680258
96829590 3119.846450
96822986 3123.011793
96822535 3126.200144
96818945 3129.319261
96817664 3132.474915
96817129 3135.694593
96816612 3138.877967
96816283 3142.083345
96812458 3145.241968
96811714 3148.