102445678 588.990089
102116048 588.990102
102078370 588.990104
101978451 588.990105
101964994 588.990107
101824516 588.990110
101780992 594.215655
101774698 599.425806
101756628 604.603066
101748710 609.778868
101742070 614.954705
101731361 620.138521
101723002 625.243662
101712670 630.370206
101709193 630.370211
101698639 635.460942
101688712 635.460948
101662781 640.522675
101658332 645.589212
101656060 645.589217
101612371 650.612465
101607970 655.626964
101584332 660.644248
101574950 665.589479
101553993 670.575750
101545723 675.564284
101541007 680.506950
101537534 685.456838
101508927 690.356912
101496933 695.320057
101491480 700.228309
101438871 705.148721
101433980 709.987278
101428427 714.898185
101419824 719.696079
101409386 724.495703
101399517 729.315202
101397789 734.115711
101395235 738.947982
101392715 743.760171
101380374 748.509935
101375083 753.295300
101367900 758.060641
101365803 762.795426
101339554 767.571277
101338672 767.571282
101314340 772.369271
101309521 777.141848
101302683 781.873688
101300857 786.576705
101298319 791.293529
101293436 791.293535
101289664 796.021340
101280955 796.021344
101274044 800.710714
101264221 805.470965
101258806 810.212323
101256864 810.212328
101253089 814.924444
101250839 814.924449
101245119 819.612145
101241046 819.612150
101239615 824.303933
101228673 824.303938
101225487 828.975196
101214247 833.663239
101202666 838.279828
101197956 842.943134
101181587 847.526842
101176057 852.132830
101167221 856.694434
101163399 861.248982
101154876 861.248986
101142197 865.797714
101133893 870.434457
101129628 875.018943
101112690 879.585869
101100141 884.126919
101088163 888.675002
101084727 893.201108
101080629 897.721307
101074210 902.245625
101068005 906.778168
101064428 911.320241
101061218 915.859165
101056686 920.416250
101053569 924.955613
101050384 929.474340
101046919 933.996566
101040484 938.488482
101028111 942.962104
101025495 947.514704
101021746 951.978427
101002593 956.443983
100999363 960.884778
100995238 965.348351
100988059 969.847200
100982250 974.313592
100979603 978.756650
100974588 983.185338
100964494 987.612728
100963440 987.612733
100951976 992.035776
100949309 996.462540
100944508 1000.889355
100940981 1000.889360
100940309 1005.312809
100934479 1005.312814
100927090 1009.722745
100923989 1014.165260
100905908 1018.540795
100899658 1022.941705
100881679 1027.341248
100874382 1031.749990
100867064 1036.120899
100861635 1040.502085
100860418 1044.853836
100853233 1049.270339
100848362 1053.582676
100840556 1057.989062
100836004 1062.267294
100831528 1066.643028
100829946 1070.902474
100825987 1070.902479
100809095 1075.241275
100796796 1079.546977
100794320 1083.897325
100791707 1088.169224
100786356 1092.485816
100778840 1096.720460
100764949 1101.021964
100754896 1105.299090
100752593 1109.601795
100745203 1113.870445
100742607 1118.179750
100739772 1122.473112
100736617 1126.711569
100727866 1130.966011
100726642 1135.251740
100726209 1139.462742
100721236 1143.683691
100719568 1147.913460
100719417 1147.913466
100718918 1152.192344
100715201 1152.192349
100712751 1156.438095
100711584 1160.668449
100710009 1160.668454
100695844 1164.917495
100693731 1169.126336
100689956 1173.354918
100668247 1177.596836
100656491 1181.767393
100652616 1185.966959
100648449 1190.152497
100644253 1194.309031
100641675 1198.497971
100641007 1202.715152
100634741 1206.879723
100628485 1211.077028
100626347 1215.238349
100623592 1219.335342
100619150 1223.477825
100616103 1227.650169
100610571 1231.817892
100609460 1235.951708
100602986 1240.129267
100597439 1244.253552
100597029 1248.362414
100594285 1252.518916
100590301 1256.637843
100580036 1260.764677
100578315 1264.854736
100577364 1268.996456
100575453 1273.124076
100575413 1277.230501
100573428 1281.374434
100571964 1285.459059
100570814 1289.562868
100568634 1293.693806
100565891 1297.839817
100561341 1301.991703
100555450 1306.126010
100550560 1310.217010
100549475 1314.275827
100542529 1314.275832
100536750 1318.348867
100532593 1322.389756
100525530 1326.467809
100520401 1330.567230
100516338 1334.579791
100510732 1338.691094
100508781 1342.755504
100504825 1346.880961
100503917 1350.911130
100498878 1355.024201
100497652 1359.103787
100495751 1363.148632
100489241 1367.222636
100486823 1371.304301
100481106 1375.408714
100478713 1379.480277
100477484 1383.506034
100473753 1387.561362
100471225 1391.591604
100464020 1395.679336
100461462 1399.749918
100460040 1403.770872
100455971 1407.785445
100445527 1411.807236
100429343 1415.820912
100418345 1419.864089
100416185 1423.837181
100410840 1427.907898
100406331 1431.876934
100406268 1435.881637
100404234 1439.887644
100399219 1443.899576
100395189 1447.901070
100388002 1451.940450
100386491 1455.950141
100384351 1459.956234
100382451 1463.931893
100379553 1467.854517
100377154 1471.777839
100376468 1475.740275
100371719 1479.703522
100368285 1483.665240
100363337 1487.621287
100358762 1491.576707
100356065 1495.528863
100353414 1499.553801
100352472 1503.514511
100349638 1507.466533
100347735 1511.437452
100346123 1515.421859
100342374 1519.370068
100339169 1523.292265
100338674 1527.242803
100332622 1531.225643
100331707 1535.187260
100327647 1539.114862
100324011 1543.066104
100320210 1547.058163
100308455 1550.973014
100307417 1554.877523
100294786 1558.798986
100290571 1562.692120
100289431 1566.594686
100289299 1570.515722
100285787 1574.437541
100283682 1578.368726
100283219 1582.265202
100281562 1586.251668
100278886 1590.155258
100276232 1594.120207
100275552 1598.013420
100275474 1601.863677
100274906 1605.773498
100273301 1609.679059
100271788 1613.584963
100269884 1617.418831
100268151 1621.269805
100267525 1625.171149
100256605 1629.034505
100238073 1632.857136
100236038 1636.745486
100229617 1640.587624
100228519 1644.480377
100221233 1648.354954
100214157 1652.195160
100213934 1656.042966
100212676 1659.928036
100209743 1663.802431
100208542 1667.671022
100206768 1671.541698
100200237 1675.411956
100200146 1679.256370
100194425 1683.146146
100189803 1686.964954
100188225 1690.791155
100188204 1694.607332
100187349 1698.462795
100182466 1702.269948
100182306 1706.105493
100181217 1709.976320
100176774 1713.817753
100176521 1717.639752
100176039 1721.413838
100174567 1725.197705
100172131 1729.023238
100171524 1732.850081
100169973 1736.670688
100168508 1740.481125
100168304 1744.291469
100165905 1748.149911
100165510 1751.950128
100164328 1755.756493
100163321 1759.536883
100162897 1763.300309
100160600 1767.109215
100160059 1770.893462
100158725 1774.680355
100158294 1778.509169
100155946 1782.296179
100151136 1786.087327
100148382 1789.912462
100144773 1793.693165
100143630 1797.478097
100141650 1801.259117
100140834 1805.028277
100140579 1808.821400
100138533 1812.607166
100137383 1816.362524
100137373 1820.134662
100135740 1823.928799
100135739 1827.681733
100132025 1831.467209
100130102 1835.215519
100128522 1838.976247
100127841 1842.743328
100126546 1846.427741
100123839 1850.205523
100122941 1853.948687
100113156 1857.671374
100107468 1861.412724
100103761 1865.154567
100102476 1868.863854
100101655 1872.594677
100100692 1876.320137
100097604 1880.094843
100096533 1883.850172
100090385 1887.586449
100088103 1891.368951
100086520 1895.116699
100086286 1898.844849
100085725 1902.559675
100083741 1906.314308
100079714 1910.043697
100078683 1913.791606
100078123 1917.490513
100077182 1921.210753
100076095 1924.921027
100071613 1928.607183
100070996 1932.330911
100066304 1936.008345
100064282 1939.726217
100064088 1943.414247
100061986 1947.105212
100060261 1950.793031
100055595 1954.495487
100054162 1958.186915
100053226 1961.931771
100052264 1965.655321
100051190 1969.410361
100047678 1973.078028
100046662 1976.745058
100046612 1980.426266
100045777 1984.101075
100039863 1987.756024
100039377 1991.425189
100039111 1995.103311
100037293 1998.812480
100035874 2002.473438
100027688 2006.137707
100024175 2009.819518
100023455 2013.514800
100022119 2017.196873
100021126 2020.921053
100019625 2024.605995
100017607 2028.295364
100014321 2031.944278
100013072 2035.603085
100008284 2039.280068
100006207 2042.986871
100000139 2046.707206
99999667 2050.356930
99996534 2054.021383
99996331 2057.727542
99995877 2061.386759
99995035 2065.009611
99993874 2068.649959
99989711 2072.260240
99987524 2075.962888
99982550 2079.609345
99978270 2083.261946
99978256 2086.933959
99977153 2090.584470
99975888 2094.227136
99974490 2097.902518
99972457 2101.548261
99969024 2105.178164
99968562 2108.842722
99965968 2112.488594
99964718 2116.090489
99958685 2119.696307
99956521 2123.318886
99956174 2126.966290
99955337 2130.566764
99954244 2134.240007
99952605 2137.865003
99951753 2141.529548
99951548 2145.192913
99944738 2148.799083
99934434 2152.380893
99933633 2155.980538
99932913 2159.594801
99931602 2163.216532
99929690 2166.861923
99927357 2170.459646
99927249 2174.069746
99923104 2177.652645
99920552 2181.261343
99919956 2184.856969
99915728 2188.453470
99915627 2192.070560
99913962 2195.732515
99913767 2199.338629
99912799 2202.964284
99911568 2206.541004
99910752 2210.137928
99907636 2213.757677
99907524 2217.375675
99906525 2220.984628
99901656 2224.608270
99900900 2228.225171
99900513 2231.793307
99899635 2235.408187
99898195 2238.985796
99895750 2242.607619
99893793 2246.187328
99893496 2249.789118
99892065 2253.359168
99884762 2256.976926
99882446 2260.599992
99880288 2264.184976
99872081 2267.761570
99871536 2271.379622
99868694 2274.985391
99864608 2278.607645
99863052 2282.216330
99862305 2285.783802
99860542 2289.371593
99859998 2292.948956
99859427 2296.542846
99858482 2300.137678
99854975 2303.683924
99853884 2307.225589
99852641 2310.838389
99851992 2314.431290
99851821 2317.957614
99850758 2321.516619
99848167 2325.090065
99847578 2328.632045
99841191 2332.130193
99839421 2335.742450
99838622 2339.344051
99838370 2342.933349
99833625 2346.491504
99832326 2350.025651
99831557 2353.570344
99828847 2357.132081
99822687 2360.696726
99821422 2364.235738
99820181 2367.802106
99816942 2371.330905
99816162 2374.826621
99813904 2378.350126
99812552 2381.879511
99812173 2385.422577
99809741 2388.974205
99809545 2392.475592
99807535 2395.985827
99807264 2399.538083
99805772 2403.075027
99805443 2406.621091
99800967 2410.150113
99799417 2413.666151
99797779 2417.226515
99797763 2420.721982
99797515 2424.268209
99795299 2427.767008
99794879 2431.326745
99793237 2434.805531
99784078 2438.366491
99778158 2441.861884
99777763 2445.365873
99777541 2448.876063
99776998 2452.378709
99776126 2455.874732
99773230 2459.394343
99771090 2462.908883
99769768 2466.454996
99769055 2469.993850
99768894 2473.531080
99768164 2477.042658
99767176 2480.562231
99766130 2484.056836
99765008 2487.606394
99764462 2491.110749
99762195 2494.608319
99761105 2498.109469
99760318 2501.604467
99755785 2505.143104
99755201 2508.677112
99753782 2512.180145
99752425 2515.661373
99750356 2519.145908
99749846 2522.617224
99747097 2526.134881
99745240 2529.635465
99743068 2533.177243
99742975 2536.675767
99742875 2540.202655
99741415 2543.697144
99739047 2547.179614
99736948 2550.677110
99735521 2550.677115
99734960 2554.221725
99726248 2557.679349
99725948 2561.213738
99724494 2564.702550
99720613 2568.216728
99720387 2571.693132
99709323 2575.138573
99708257 2578.626307
99707060 2582.101546
99703539 2585.560059
99701463 2589.011758
99683771 2592.556167
99677390 2596.028606
99677293 2599.544943
99676775 2603.015251
99675587 2606.515124
99674591 2609.969365
99671829 2613.431048
99668615 2616.941224
99664904 2620.368686
99662207 2623.884474
99660738 2627.362688
99660285 2630.810301
99660080 2634.278750
99659557 2637.733151
99655309 2641.191743
99655085 2644.662497
99652593 2648.086183
99651488 2651.544623
99650477 2654.997374
99646752 2658.430236
99645232 2661.915221
99641851 2665.328620
99640126 2668.748757
99635478 2672.193351
99633735 2675.652927
99632456 2679.124844
99628451 2682.561553
99627639 2686.042974
99625599 2689.451020
99625476 2692.917071
99622367 2696.336180
99621985 2699.778221
99620393 2703.174340
99620255 2706.608463
99619501 2710.072797
99619423 2713.537363
99617307 2716.995277
99616334 2720.461123
99616048 2723.896440
99615721 2727.349229
99603760 2730.788810
99603596 2734.200558
99603587 2737.617949
99602895 2741.038883
99598962 2744.430891
99597927 2747.804271
99597123 2751.243008
99596090 2754.663401
99595298 2758.113950
99594949 2761.579703
99594684 2764.986706
99583363 2768.382369
99582792 2771.786172
99582067 2775.236739
99581847 2778.646992
99581637 2782.091890
99578100 2785.532253
99576248 2788.985940
99574946 2792.381341
99574156 2795.749800
99572488 2799.180860
99572306 2802.639219
99571254 2806.054272
99569600 2809.489295
99569095 2812.941321
99560131 2816.351104
99558175 2819.771998
99555023 2823.208260
99532650 2826.614467
99530394 2830.014652
99526162 2833.426171
99518638 2836.795928
99518325 2840.221323
99514822 2843.656342
99512693 2847.052009
99512586 2850.427098
99508317 2853.886144
99507322 2857.271628
99506243 2860.665504
99505481 2864.084084
99497854 2867.513148
99496828 2870.857031
99495801 2874.205035
99492433 2877.595466
99490872 2880.974858
99488915 2884.438529
99488605 2887.806396
99486222 2891.195226
99483406 2894.589571
99481497 2897.959617
99481176 2901.373702
99479841 2904.695195
99477273 2908.114071
99476105 2911.470211
99474636 2914.864285
99471943 2918.245692
99471566 2921.631027
99465665 2925.017004
99460949 2928.379127
99460936 2931.742582
99460330 2935.113612
99458909 2938.509346
99457147 2941.854953
99452543 2945.231219
99449836 2948.602865
99448777 2951.999611
99445448 2955.412595
99443339 2958.807045
99441341 2962.200875
99440474 2965.578560
99440411 2968.961239
99435982 2972.316368
99435206 2975.672186
99420571 2979.051046
99419373 2982.369182
99418939 2985.737484
99416984 2989.132334
99416545 2992.480672
99416022 2995.809957
99414033 2999.166926
99410836 3002.513416
99407814 3005.873995
99404249 3009.206081
99403314 3012.565461
99402957 3015.930780
99402148 3019.278684
99394822 3022.606180
99393969 3025.966100
99392353 3029.310404
99390512 3032.675075
99387513 3036.052447
99387463 3039.395992
99386653 3042.755784
99385357 3046.093861
99381588 3049.436725
99380185 3052.768926
99378014 3056.110610
99378010 3059.444068
99377311 3062.757614
99372532 3066.147220
99371825 3069.481405
99370897 3072.807575
99370870 3076.189248
99369348 3079.524804
99368657 3082.882914
99367548 3086.273474
99364564 3089.589494
99363971 3092.953833
99362881 3096.251654
99361745 3099.583804
99361152 3102.948307
99361140 3106.242987
99361060 3109.595893
99359190 3112.924844
99358272 3116.255011
99352819 3119.583052
99352155 3122.881671
99348279 3126.169736
99347039 3129.506184
99346838 3132.858392
99344633 3136.162850
99343421 3139.454915
99341995 3142.783272
99333733 3146.122879
99329691 3149.439954
99329083 3152.794239
99326225 3156.112849
99326044 3159.421081
99325945 3162.726733
99322578 3166.069777
99321100 3169.390906
99320333 3172.672672
99319389 3175.968841
99318010 3179.348174
99316783 3182.667012
99315038 3185.967750
99312444 3189.259094
99309060 3192.575680
99307719 3195.875401
99304376 3199.197846
99303994 3202.519506
99300181 3205.833223
99288196 3209.127840
99287192 3212.431504
99283756 3215.719471
99282224 3219.042320
99279301 3222.338201
99278712 3225.658111
99276283 3228.978157
99275151 3232.281396
99274860 3235.622020
99273304 3238.944077
99272810 3242.268692
99266395 3245.558242
99266148 3248.852904
99262546 3252.138818
99262225 3255.475527
99261013 3258.783192
99257959 3262.076835
99257875 3265.368230
99255080 3268.652517
99255073 3271.949895
99251801 3275.307773
99249157 3278.596140
99246733 3281.896133
99246543 3285.207099
99245224 3288.503432
99243492 3291.819234
99230583 3295.075186
99229875 3298.383803
99229126 3301.682190
99228952 3304.987259
99228919 3308.226757
99228711 3311.519890
99228334 3314.813593
99227398 3318.105285
99224924 3321.410274
99224680 3324.733487
99223153 3328.047545
99222811 3331.309824
99221555 3334.644136
99220901 3337.954223
99219820 3341.229630
99216359 3344.501727
99216035 3347.771029
99214419 3351.058895
99213225 3354.353324
99212670 3357.631615
99212555 3360.898225
99212127 3364.167734
99205767 3367.426546
99204581 3370.706997
99203056 3373.974554
99199591 3377.251620
99197449 3380.500775
99197367 3383.777011
99197196 3387.068765
99195587 3390.367535
99194