63979089 87.735991
63973986 87.736007
63942315 87.736009
63738279 87.736010
63723305 87.736013
63723272 90.497323
63709298 90.497329
63670576 90.497331
63643320 93.238465
63630718 95.946460
63626253 98.649549
63619201 98.649555
63585111 98.649557
63574620 101.302607
63562748 101.302611
63554037 103.979328
63508161 103.979332
63496290 106.619558
63484889 109.249040
63453306 111.877292
63422861 114.472152
63414797 117.058282
63389785 119.662976
63378803 122.256802
63370341 124.813805
63366056 127.381272
63348335 129.900973
63333481 132.418062
63322833 134.928784
63311139 137.417522
63306036 139.910884
63297609 142.394740
63283674 144.885970
63274641 147.330190
63269881 149.776224
63262430 149.776229
63261569 152.227725
63247185 152.227730
63234260 154.656595
63229812 157.075959
63191854 159.492316
63179342 161.908030
63178007 164.327337
63168910 166.729884
63166818 169.116306
63150333 169.116311
63143495 171.491398
63141362 173.860799
63141279 173.860804
63135301 176.239731
63125762 176.239736
63119689 178.606869
63092613 180.962899
63089567 183.318926
63082424 185.654520
63081580 187.996780
63081242 190.323981
63053500 190.323987
63033664 192.665610
63028667 194.980142
63027352 197.306297
63016589 199.634240
63004061 201.927856
63002593 204.213396
62996415 206.486167
62993801 208.741043
62990177 211.012519
62973713 213.297432
62967142 215.567680
62965142 217.828775
62958862 220.073315
62953739 222.319389
62950605 224.551087
62945431 226.779476
62939474 229.018860
62928166 229.018865
62913570 231.254890
62906782 233.480858
62902629 235.728703
62899555 237.969343
62895866 240.185695
62878577 242.388015
62870788 244.585988
62864524 246.786367
62858145 248.983955
62839249 251.184707
62833019 253.383258
62829269 255.572872
62823438 257.759298
62822830 259.943211
62816371 262.114736
62815605 264.278397
62806678 266.433431
62802236 268.597739
62794963 270.769545
62790831 272.923859
62789861 275.073937
62787023 277.248945
62783521 279.399230
62772533 281.560890
62767695 283.707190
62750599 285.836710
62748476 287.974168
62745703 290.081066
62744263 292.210405
62740187 294.322411
62740039 296.426385
62738265 298.534914
62733957 300.655711
62731569 302.766702
62729512 304.899573
62727549 307.017975
62725250 309.128924
62718339 311.236720
62715289 313.346477
62706954 315.442016
62701939 317.520196
62695322 319.615804
62692523 321.725050
62692161 323.787767
62690106 325.848236
62689438 327.916718
62688482 329.994246
62682890 332.065486
62680331 334.164678
62676755 336.246245
62676032 338.313318
62675358 340.396482
62674459 342.461622
62671333 344.521988
62669523 346.598767
62667125 348.657433
62666055 350.697572
62665440 352.743726
62659040 354.787285
62650461 356.824605
62648107 358.861757
62646657 360.914253
62644581 362.946969
62640141 364.983527
62638409 367.032925
62636893 369.063699
62625270 371.130240
62618489 373.138690
62617868 375.178593
62617773 377.215111
62610850 379.232571
62608882 381.249312
62605368 383.273366
62598630 385.293778
62594733 387.322076
62594153 389.312773
62589810 391.315110
62587974 393.317308
62582803 395.339872
62580578 397.339845
62567963 399.337124
62563601 401.339645
62551869 403.349271
62550040 405.345647
62544524 407.353779
62542804 409.348375
62537433 411.331642
62535895 413.328824
62534577 415.338918
62524681 417.324539
62521201 419.306241
62517766 421.303336
62517559 423.291182
62515387 425.261132
62511255 427.231796
62508162 429.224435
62503017 431.191786
62501315 433.163540
62500466 435.137475
62499538 437.094280
62498415 439.061708
62498320 441.025818
62497545 442.990152
62491732 444.950727
62491021 446.931277
62490536 448.885324
62490175 450.837683
62488267 452.802139
62486874 454.746816
62473603 456.690201
62473012 458.653283
62470145 460.582576
62466882 462.528171
62464382 464.488207
62463137 466.437509
62460815 468.399310
62459570 470.341050
62457240 472.278544
62456205 474.224615
62454867 476.173837
62453369 478.127821
62452563 480.071088
62449954 482.014337
62449415 483.972821
62445318 485.899237
62435225 487.839130
62429173 489.795975
62428983 491.720797
62428189 493.670259
62427480 495.617637
62425324 497.542841
62422486 499.463935
62419321 501.402368
62418927 503.333809
62414242 505.245302
62407178 507.163992
62404471 509.087923
62401548 511.012329
62395864 512.939873
62394082 514.846345
62389158 516.751796
62386600 518.673868
62386221 520.584151
62384022 522.500901
62380983 524.410219
62380391 526.317201
62378325 528.217638
62377599 530.125477
62376489 532.014757
62375888 533.924167
62375197 535.818214
62362655 537.733667
62362225 539.625926
62361296 541.524904
62359100 543.431695
62357370 545.328552
62355494 547.231019
62353062 549.134806
62349472 551.018848
62343756 552.922758
62342445 554.813360
62341689 556.713443
62340768 558.590523
62338216 560.477484
62336481 562.372633
62334431 564.262125
62333815 566.141336
62329896 568.026954
62329526 569.912868
62327134 571.791318
62324148 573.665239
62321526 575.534367
62319566 577.394533
62316538 579.279879
62312501 581.154563
62306171 583.023698
62305558 584.867658
62298914 586.736663
62298379 588.627632
62296879 590.504289
62296216 592.369082
62287783 594.237737
62287724 596.090997
62281521 597.939837
62280132 599.828375
62274430 601.669200
62273238 603.518881
62271616 605.371023
62268853 607.231664
62262175 609.100920
62261738 610.948090
62260850 612.814818
62257393 614.655112
62254960 616.518133
62254924 618.369006
62253332 620.222646
62252645 622.073815
62250859 623.937904
62240319 623.937908
62240080 625.774886
62238343 627.627870
62234069 629.449334
62231162 631.292507
62229369 633.123958
62228829 634.988304
62227260 636.833676
62226851 638.680648
62214590 640.510166
62213604 642.369822
62213285 644.208043
62211683 646.062711
62207480 647.897992
62206570 649.736088
62206544 651.577500
62206207 653.433981
62206092 655.259662
62200779 657.093641
62198847 658.922389
62197870 660.773899
62190259 662.613433
62188974 664.449260
62187319 666.269470
62182593 668.104664
62173627 669.933581
62154455 671.748769
62152865 673.555561
62150423 675.383740
62145569 677.210519
62143230 679.042390
62142051 680.877668
62139036 682.707328
62138417 684.546354
62136823 686.360856
62131418 688.179001
62121371 690.003378
62120836 691.821851
62120803 693.650803
62115594 695.477968
62115324 697.294232
62114336 699.101243
62101584 700.930692
62096931 702.725794
62085360 704.550434
62077963 706.368954
62077230 708.182545
62072452 710.007360
62070501 711.802060
62068747 713.614617
62068735 715.442646
62068321 717.273618
62066004 719.082875
62062910 720.881442
62061831 722.699272
62061102 724.513341
62058709 726.327293
62053355 728.133462
62048771 729.928404
62031838 731.742121
62031771 733.542821
62030435 735.365456
62028757 737.160878
62021532 738.960283
62018081 740.758306
62016693 742.560013
62013381 744.355721
62012648 746.153212
62009977 747.952201
62007708 749.763348
62005878 751.567930
62003856 753.361892
62001732 755.149197
61997247 756.945138
61991533 758.748576
61990435 760.536266
61985258 762.348579
61984595 764.159995
61983924 765.972678
61983243 767.782418
61977396 769.576122
61973919 771.365936
61973378 773.169189
61967838 774.972137
61956865 776.772960
61954708 778.557593
61948542 780.362666
61946692 782.162861
61939190 783.960354
61938155 785.737852
61935893 787.540852
61933549 789.343119
61932541 791.133737
61927374 792.932524
61918835 794.741600
61918713 796.532544
61918178 798.325042
61917116 800.095593
61913022 801.892760
61910975 803.686840
61910651 805.498553
61910422 807.305605
61901801 807.305610
61901423 809.102203
61901023 810.887621
61896714 812.676600
61893548 814.474669
61885901 816.272884
61883897 818.065736
61880734 819.866800
61877778 821.639838
61875467 821.639844
61872601 823.416516
61869059 823.416520
61868015 825.181091
61861640 825.181095
61836568 826.990507
61826017 828.783738
61825585 830.586625
61822670 832.395021
61817725 834.167889
61816447 835.959761
61815471 837.747283
61807693 839.556995
61804634 841.345404
61797607 843.120169
61791039 844.892354
61787628 846.681223
61785303 848.464292
61782018 850.257252
61780842 852.028480
61778923 853.807699
61778893 855.597039
61778597 857.388455
61777007 859.167725
61768550 859.167731
61767570 860.939818
61762397 862.732837
61760506 864.517682
61755755 866.288333
61755098 868.094678
61753833 869.861350
61751551 871.623826
61748103 873.411470
61746924 875.195770
61742731 875.195776
61739602 876.981182
61738357 878.759276
61738295 880.518362
61737670 880.518368
61729833 882.304190
61729585 884.081358
61728377 885.847656
61720443 887.600147
61720233 889.364098
61717933 891.154771
61716671 892.954120
61714983 894.714364
61709939 896.481727
61697185 898.276945
61695142 900.058504
61692647 901.840429
61686719 903.624397
61673355 905.399101
61667539 907.175677
61658103 908.953073
61658042 910.747983
61658011 912.536887
61654753 914.320613
61652585 916.085879
61651893 917.867057
61650051 919.636235
61645915 921.419489
61641042 923.203301
61633728 924.996674
61623727 926.779956
61622501 928.555239
61618766 930.346387
61615984 932.138821
61613289 933.923144
61612711 935.689339
61594877 937.466250
61594410 939.250068
61593889 941.033375
61581153 942.820610
61580534 944.596910
61577742 946.376127
61575822 948.150062
61575542 949.924919
61573569 951.711909
61573481 953.504936
61570774 955.317964
61570530 957.097731
61570414 958.890766
61561588 960.654327
61558997 962.430849
61557740 964.229388
61551059 966.001454
61547726 967.792902
61544151 969.584612
61540875 971.354477
61538417 973.141135
61536379 974.915705
61534044 976.694879
61522799 978.489992
61519907 980.300401
61515000 982.077715
61513313 983.875658
61508092 985.662978
61502220 987.463961
61501736 989.274026
61487000 991.058105
61482046 992.845267
61476154 994.644475
61474982 996.409881
61468360 998.196886
61456916 1000.019063
61450856 1001.825103
61443630 1003.643886
61443185 1005.427261
61441033 1007.234514
61440309 1009.040272
61438120 1010.830564
61434423 1012.612895
61426995 1014.391421
61423648 1016.194810
61421176 1017.987279
61420094 1019.779969
61419329 1021.572477
61414489 1023.380276
61404302 1025.200351
61392406 1027.011397
61391796 1028.818971
61383560 1030.616402
61377127 1032.433194
61367626 1034.237959
61363200 1036.031940
61359239 1037.833669
61356746 1039.626604
61353610 1041.451385
61352134 1043.250295
61349500 1045.059832
61343767 1046.882223
61339761 1048.693378
61334737 1050.501486
61332214 1052.327600
61321824 1054.130815
61321227 1055.915490
61319966 1057.746254
61316025 1059.555091
61312830 1061.353537
61307809 1063.172034
61301482 1064.993704
61298697 1066.805250
61297211 1068.627561
61290909 1070.450532
61290625 1072.257450
61288670 1074.080682
61284122 1075.905204
61282025 1077.728872
61279866 1079.545440
61266814 1081.359533
61259622 1083.187978
61255366 1084.996727
61253537 1086.817125
61247168 1088.627373
61244263 1090.451443
61243692 1092.274033
61240688 1094.107549
61237793 1095.933408
61235060 1097.753576
61226308 1099.587835
61225215 1101.418467
61222110 1103.235525
61215946 1105.083193
61215402 1106.931510
61215274 1108.748385
61212086 1110.606358
61210065 1112.434797
61208893 1114.270299
61207414 1116.098474
61202897 1117.913058
61197261 1119.758061
61196494 1121.602488
61191605 1123.428790
61186621 1125.254118
61181884 1127.088538
61178685 1128.932389
61174301 1130.757811
61171665 1132.575526
61165136 1134.414457
61156266 1136.289483
61153506 1138.133811
61149714 1139.997989
61148183 1141.856469
61144115 1143.705974
61142759 1145.564790
61131967 1147.428857
61122489 1149.283416
61119813 1151.139000
61115765 1153.002080
61115756 1154.854620
61115047 1156.704969
61114015 1158.559032
61106379 1160.425398
61105559 1162.284373
61101266 1164.161078
61099930 1166.018972
61098049 1167.866124
61095443 1169.730540
61091386 1169.730544
61078880 1171.598422
61073413 1173.473600
61073090 1175.338803
61065542 1177.214369
61060396 1179.098088
61056399 1180.974352
61056051 1182.830461
61050572 1184.704999
61039162 1186.596493
61036862 1188.482288
61028777 1190.364222
61025700 1192.236084
61024260 1194.113520
61020567 1196.001224
61015737 1197.883038
61014380 1199.766815
61009067 1201.647305
61004251 1203.533761
60993794 1205.442094
60989192 1207.331185
60982374 1209.203381
60979159 1211.097913
60971631 1213.004426
60968310 1214.915152
60964789 1216.833664
60961823 1218.719304
60959692 1220.635911
60954673 1222.557587
60952329 1224.444574
60948627 1226.346472
60946094 1228.264653
60942800 1230.181357
60939151 1232.108211
60938679 1234.018695
60935358 1235.917155
60921285 1237.814181
60920911 1239.737813
60917524 1241.646351
60913868 1243.556635
60913737 1245.487799
60905769 1247.416085
60903397 1249.321129
60901503 1251.246624
60899079 1253.176930
60898700 1255.081459
60894711 1256.995725
60878926 1258.916465
60876937 1260.859728
60872671 1262.786969
60869998 1264.699190
60867819 1266.640211
60866669 1268.588108
60859184 1270.522648
60857796 1272.463158
60857732 1274.390308
60855056 1276.309138
60854117 1278.229199
60851507 1280.185543
60847039 1282.143548
60845337 1284.104337
60842958 1286.058903
60841670 1288.011757
60838888 1289.987094
60836563 1291.934172
60835127 1293.914263
60832774 1295.877460
60831273 1297.835445
60829951 1299.786872
60828279 1301.758129
60827851 1303.723651
60826710 1305.703598
60822159 1307.660650
60818877 1309.628409
60815294 1311.590693
60813899 1313.558729
60808149 1315.541135
60803282 1317.497458
60799589 1319.473485
60788798 1321.435921
60788098 1323.405890
60785187 1325.386325
60781041 1327.383256
60778056 1329.378536
60773401 1331.388866
60772319 1333.367445
60771924 1335.351944
60771364 1337.339415
60768767 1339.334450
60766040 1341.332942
60764941 1343.310359
60761673 1345.299402
60760315 1347.301504
60759725 1349.309878
60755548 1351.329320
60755353 1353.324542
60748681 1355.331263
60744818 1357.330747
60735622 1359.332947
60734395 1361.326846
60733098 1363.335091
60728973 1365.346769
60728739 1367.359239
60725727 1369.370738
60722083 1371.391911
60720482 1373.414351
60715859 1375.432979
60712651 1377.430825
60710312 1379.462900
60707440 1381.495133
60703159 1383.505649
60702829 1385.551392
60696204 1387.600040
60695927 1389.629396
60692685 1391.671084
60681983 1393.708288
60679317 1395.748881
60677838 1397.770755
60674387 1399.823776
60672898 1401.861413
60670710 1403.898737
60669474 1405.941295
60667088 1407.981547
60664788 1410.036113
60662199 1412.103337
60660906 1414.151050
60660131 1416.218822
60659228 1418.263109
60657620 1420.330156
60656955 1422.395023
60655557 1424.454935
60652486 1426.502602
60652348 1428.572598
60650634 1430.641064
60646240 1432.717220
60640318 1434.796404
60637329 1436.883544
60635364 1438.950434
60634321 1441.008792
60632578 1443.075631
60631216 1445.156329
60630160 1447.233798
60627148 1449.299303
60625298 1451.390828
60622916 1453.475318
60622173 1455.556257
60621081 1455.556262
60616050 1457.647426
60615533 1459.729665
60613134 1461.825711
60608319 1461.825716
60605675 1463.920495
60603888 1466.007190
60602767 1468.106265
60597262 1468.106271
60595524 1470.210734
60594750 1472.320706
60593742 1474.408395
60587107 1474.408400
60585326 1476.521811
60583847 1478.627878
60581065 1480.740294
60578324 1482.855472
60574593 1484.972276
60569957 1487.099667
60568718 1489.211736
60567795 1491.322057
60564177 1493.442032
60563156 1495.557826
60561047 1497.675792
60559741 1497.675797
60559733 1499.791627
60559391 1499.791633
60558946 1501.913008
60556812 1501.913013
60556064 1504.051297
60555348 1504.051302
60554254 1506.172548
60545397 1508.314720
60543631 1510.449140
60543260 1512.580107
60541690 1514.703530
60540395 1516.855992
60539602 1518.977207
60539397 1521.116707
60537414 1521.116712
60535693 1523.282798
60535302 1525.414994
60534404 1525.414999
60532489 1527.564486
60530773 1529.687020
60527312 1531.820389
60525679 1533.974944
60524871 1533.974950
60524257 1536.127941
60519768 1536.127947
60519604 1538.272901
60515538 1540.414277
60512034 1542.568140
60509441 1544.713439
60499113 1546.865011
60493123 1549.020565
60487213 1551.170664
60483722 1553.326643
60482985 1555.488292
60477569 1557.660269
60475553 1559.835809
60473725 1562.005825
60471478 1564.176193
60469249 1566.346871
60467770 1568.510334
60467190 1570.686126
60465778 1572.851038
60464711 1575.019335
60463003 1577.191686
60462882 1579.360148
60457561 1581.526791
60456215 1583.691509
60452487 1585.865204
60451456 1588.055974
60450375 1590.227009
60450338 1592.415245
60446324 1594.602414
60445266 1596.788303
60444642 1598.991534
60443307 1601.179148
60443045 1603.358718
60443044 1603.358724
60441973 1605.567356
60427648 1607.750472
60427403 1609.955818
60420773 1612.146674
60411660 1614.347935
60410981 1616.537701
60410662 1618.733488
60409240 1620.934232
60405383 1623.131174
60404146 1625.316536
60401077 1627.522737
60399884 1629.718503
60398902 1631.931333
60397761 1634.143052
60397662 1636.357239
60394478 1638.560820
60393417 1640.772028
60392397 1642.967123
60391845 1645.179817
60391679 1647.395561
60390991 1649.595092
60390065 1651.814480
60387817 1654.031857
60385097 1656.256688
60384244 1658.465575
60383483 1660.678695
60382811 1662.897850
60381078 1665.115089
60380214 1667.340030
60379559 1669.572114
60378865 1671.784426
60378607 1673.995997
60376429 1676.200598
60375573 1678.413199
60374107 1680.634666
60374059 1682.857141
60371979 1685.066851
60371613 1687.292044
60370686 1689.509671
60369218 1691.739314
60368772 1693.969863
60365888 1696.194931
60365195 1698.424718
60364183 1700.660396
60363612 1702.895592
60362751 1705.118281
60353645 1707.360173
60353260 1709.579984
60352965 1711.816148
60352247 1714.061588
60351421 1716.290277
60349572 1718.506189
60346870 1720.725247
60345253 1722.959274
60337634 1725.199405
60335379 1727.429190
60334933 1729.662589
60331274 1731.891870
60330427 1734.121865
60323954 1736.350147
60322282 1738.592459
60320834 1740.828397
60320437 1743.084413
60319608 1745.336501
60318646 1747.580777
60318361 1749.823684
60316960 1752.055374
60312456 1754.299878
60310328 1756.536237
60310269 1758.780198
60307116 1761.025663
60303571 1763.268278
60303003 1765.510933
60302882 1767.777213
60301622 1767.777217
60294047 1767.777220
60292702 1770.036160
60291211 1772.277082
60288733 1774.535765
60285657 1776.778377
60278801 1779.023198
60276429 1781.266779
60274405 1783.509186
60273120 1785.773280
60273063 1788.021778
60270716 1790.258536
60267916 1792.511020
60255587 1794.752203
60245577 1796.997792
60245095 1799.232876
60243587 1801.485946
60242477 1803.740303
60239979 1806.002516
60239644 1808.263028
60238855 1810.523637
60236312 1812.771856
60234732 1815.022919
60229720 1817.261282
60228940 1819.509544
60228048 1821.773183
60225237 1824.014961
60224859 1826.270439
60224308 1828.520464
60223108 1830.773377
60222836 1833.029616
60222329 1835.279878
60220988 1837.531062
60220215 1839.786609
60219334 1842.045508
60212614 1844.296018
60212459 1846.551407
60209172 1848.811753
60208653 1851.057721
60206494 1853.313480
60205172 1855.569280
60204641 1857.821299
60198996 1860.088761
60198250 1862.360339
60196754 1864.620285
60196145 1866.875977
60195923 1869.131154
60194456 1871.378570
60193955 1873.631816
60191742 1875.876013
60191286 1878.131121
60189250 1880.384620
60188971 1882.636095
60184049 1884.879548
60183325 1887.140123
60182698 1889.377295
60180424 1891.643490
60179977 1893.923199
60163085 1896.183060
60162524 1898.439711
60160608 1900.693075
60159291 1902.944589
60157335 1905.200494
60157299 1907.460946
60157038 1909.712635
60156833 1911.968747
60154992 1914.225713
60154737 1916.476955
60152198 1918.731673
60147039 1921.002457
60146220 1923.269772
60145815 1925.526085
60145238 1927.788473
60144467 1930.050114
60143916 1932.307484
60143511 1934.558932
60143151 1936.804452
60143006 1939.063146
60142843 1941.319562
60142353 1943.569741
60141982 1945.833761
60141715 1948.078903
60141404 1950.335155
60138806 1952.581902
60138402 1954.823056
60138309 1957.067085
60137280 1959.324402
60136930 1961.591282
60135512 1963.838897
60135033 1966.092735
60134494 1968.332238
60133857 1970.586684
60133678 1972.825889
60133226 1975.077953
60132932 1977.333576
60132685 1979.573438
60132150 1981.823125
60131708 1984.081569
60131697 1986.333719
60131169 1988.567762
60129569 1990.817580
60129243 1993.077970
60128588 1995.324027
60127719 1997.566989
60127587 1999.824318
60127427 2002.053147
60127360 2004.295821
60127150 2004.295826
60127061 2006.529606
60127000 2006.529611
60126615 2008.782126
60123674 2008.782132
60122762 2011.011038
6012