99967319 540.954324
99726414 540.954337
99688717 540.954339
99652167 540.954341
99611126 540.954342
99512221 540.954343
99442179 540.954345
99431578 546.045243
99413156 551.081512
99371910 556.109455
99353952 561.084802
99321041 566.056559
99299600 571.034712
99290803 575.968644
99275675 580.912312
99261404 585.748257
99247879 590.608673
99221778 595.465125
99219016 600.308377
99204989 605.149055
99193023 609.969067
99182686 614.759624
99164737 619.511072
99157517 624.222628
99120320 628.962225
99110656 633.655677
99102707 638.401942
99096334 643.146834
99090088 647.782758
99080785 652.494349
99077471 652.494355
99069297 657.213937
99068303 657.213942
99052256 661.851340
99046666 666.525631
99045472 666.525636
99039434 671.233204
99034035 671.233210
99033496 675.891664
99026884 675.891670
99021480 680.547423
99019211 685.200616
99013519 685.200622
99005852 689.859175
99000707 694.468933
98997695 699.069570
98995141 703.681841
98990977 703.681847
98990441 708.271549
98985073 708.271554
98984806 712.882416
98982911 712.882422
98980323 717.463982
98974327 722.072185
98967524 726.595988
98958358 726.595993
98954451 731.069629
98950720 731.069635
98949689 735.622373
98941883 735.622380
98941189 740.183074
98934674 740.183080
98932729 744.671237
98925662 744.671243
98921834 749.156746
98916221 753.632745
98914900 753.632751
98913798 758.090351
98907152 758.090356
98904734 762.543761
98895701 762.543767
98892506 767.004628
98886998 767.004633
98880507 771.485919
98875586 771.485924
98854144 775.946183
98839742 780.394836
98821778 784.814110
98811573 789.284593
98807904 793.738783
98803023 798.199264
98791436 802.681467
98786158 807.138475
98774883 811.566944
98771030 816.000277
98766385 820.448887
98750750 824.850121
98739213 829.282840
98715981 833.665019
98708536 838.008851
98705681 842.406251
98692540 846.817421
98685727 851.113860
98681012 855.464165
98672718 859.788270
98668451 864.137627
98661359 868.469525
98660287 872.816403
98653945 877.135987
98642174 881.494606
98638421 885.802998
98634694 890.102337
98623590 894.423229
98616838 898.681888
98612626 902.919791
98608036 907.183325
98605631 911.464491
98604531 911.464496
98597323 911.464498
98594752 915.740498
98594562 920.002855
98590810 920.002860
98569072 924.265445
98560828 928.537569
98557445 932.772631
98524410 936.971001
98519534 941.222946
98507835 945.453379
98488032 949.687132
98476456 953.880079
98466596 958.083565
98463939 962.270820
98458831 966.425030
98455419 970.645292
98446747 974.817080
98437739 979.003209
98433863 983.168582
98407814 987.347570
98402848 991.516434
98387148 995.633448
98382348 999.757524
98380211 1003.944475
98374510 1008.089565
98372909 1012.222378
98366327 1016.335842
98363762 1020.516923
98357929 1024.585969
98352430 1028.683536
98351928 1032.779096
98350264 1036.925510
98346500 1041.093475
98340870 1045.268961
98334811 1049.380104
98330667 1053.513529
98321992 1057.623382
98317861 1061.737454
98312844 1065.826821
98307085 1069.936075
98305677 1074.044101
98302606 1078.115853
98301839 1082.223850
98291370 1086.283047
98281558 1090.315174
98278072 1094.396019
98273140 1098.447361
98267870 1102.511888
98266735 1106.534015
98266033 1110.564778
98259763 1110.564783
98257210 1114.635620
98257001 1118.653406
98255275 1118.653411
98252196 1122.695874
98249344 1126.673628
98245461 1130.712669
98242618 1134.769145
98237931 1138.788583
98237714 1138.788588
98232343 1142.770757
98231373 1142.770764
98229567 1146.733794
98228768 1150.697517
98227914 1150.697522
98221406 1154.673103
98215539 1158.654662
98208437 1162.653340
98204802 1166.645767
98201967 1170.676642
98193365 1174.663768
98190898 1178.623176
98186466 1182.588247
98182254 1186.578363
98178404 1190.590524
98173083 1194.526555
98171580 1198.466537
98169985 1202.410852
98158481 1206.339073
98151516 1210.278270
98148938 1214.275475
98143069 1218.241104
98141554 1222.200739
98140289 1226.169536
98134407 1230.121067
98131709 1234.083518
98128022 1238.023168
98121768 1241.973530
98120208 1245.926129
98117995 1249.830232
98116428 1253.795106
98114487 1257.759451
98105195 1261.660884
98103245 1265.583367
98099621 1269.478904
98097205 1273.376795
98096122 1277.296707
98089262 1281.192201
98084156 1285.115829
98083721 1289.045021
98080490 1292.954402
98075817 1296.845104
98072988 1300.752327
98070766 1304.659592
98068612 1308.537227
98063402 1312.407095
98060332 1316.280078
98057163 1320.145329
98052901 1323.969299
98049618 1327.806333
98048013 1331.633818
98047584 1335.538226
98042359 1339.438685
98036476 1343.340992
98033143 1347.186592
98032802 1351.071654
98023854 1354.916718
98021722 1358.758522
98018815 1362.628141
98014896 1366.511134
98003376 1370.361639
97998979 1374.119716
97997639 1377.955638
97993801 1381.811019
97991438 1385.616286
97989721 1389.456001
97987658 1393.363973
97986939 1397.191809
97979775 1400.994550
97977817 1404.846706
97973439 1408.642448
97971861 1412.446906
97964824 1416.235494
97961401 1420.026252
97959284 1423.825241
97958151 1427.658835
97947103 1431.472398
97945543 1435.235640
97944341 1439.036235
97943502 1442.859355
97941460 1446.655915
97940319 1450.477390
97938514 1454.261628
97934572 1458.037552
97930742 1461.856849
97927936 1465.634889
97920632 1469.448331
97919255 1473.208360
97918144 1477.023108
97914603 1480.766736
97913977 1484.558160
97911617 1488.333412
97909026 1492.090062
97899771 1495.832136
97899117 1499.608386
97890423 1503.364146
97888241 1507.086919
97887299 1510.834522
97884584 1514.582575
97881948 1518.341036
97880393 1522.054259
97872722 1525.807174
97868573 1529.522755
97866512 1533.218808
97861920 1536.962558
97861175 1540.668235
97857542 1544.395947
97857400 1548.099454
97857204 1551.808584
97856404 1555.530218
97855618 1559.216095
97852784 1562.905446
97850476 1566.604996
97849361 1570.279781
97848137 1573.977323
97846420 1577.612235
97840911 1581.263471
97837410 1584.977222
97835873 1588.633874
97827935 1592.314317
97826552 1595.976029
97824765 1599.657506
97823479 1603.346910
97822863 1606.967993
97821938 1610.624402
97813752 1614.330784
97813380 1618.000238
97813211 1621.649439
97811840 1625.288449
97805118 1628.960319
97798413 1632.653647
97795788 1636.327113
97794987 1640.016022
97788019 1643.654217
97787414 1647.286690
97783712 1650.989428
97782852 1654.645520
97778632 1658.284152
97777117 1661.918779
97775069 1665.571867
97773720 1669.219682
97772806 1672.851733
97771137 1676.502319
97769997 1680.116413
97768583 1683.727557
97767291 1687.355810
97765984 1691.020363
97764716 1694.673357
97762492 1698.291119
97760242 1701.935422
97756875 1705.586843
97753197 1709.203437
97752792 1712.794533
97751835 1716.390041
97751559 1719.960012
97748856 1723.622264
97747678 1727.263003
97747162 1730.854497
97744865 1734.471180
97744782 1738.077460
97743200 1741.677418
97742141 1745.297449
97740735 1748.886571
97738644 1752.456742
97733957 1756.036488
97729426 1759.691504
97728817 1763.356449
97728448 1766.980104
97719971 1770.614245
97719554 1774.222441
97713873 1777.862141
97709465 1781.458574
97707730 1785.041784
97706575 1788.598582
97706301 1792.220887
97702876 1795.834901
97701485 1799.454517
97698558 1803.038535
97698003 1806.608297
97695881 1810.191145
97695699 1813.792086
97693981 1817.341533
97693792 1820.907643
97687003 1824.442566
97686661 1828.056133
97686106 1831.621195
97683557 1835.215683
97680962 1838.776298
97680000 1842.343436
97674697 1845.894634
97673531 1849.508974
97672979 1853.081910
97672384 1856.667160
97670303 1860.230783
97669869 1863.767016
97666831 1867.374174
97666321 1870.903307
97664947 1874.472734
97662686 1878.017768
97653856 1881.605431
97653719 1885.184144
97649523 1888.738621
97648470 1892.323490
97641727 1895.899123
97631772 1899.418276
97627028 1902.982547
97624219 1906.539264
97619708 1910.093971
97618471 1913.659053
97616852 1917.212064
97614921 1920.762186
97612985 1924.294503
97605849 1927.824604
97604713 1931.382654
97604219 1934.939734
97591250 1938.495402
97588094 1942.001928
97586258 1945.487978
97585740 1949.004554
97584441 1952.515924
97584143 1956.030002
97583408 1959.560489
97581094 1963.102741
97580620 1966.598031
97580083 1970.140514
97578714 1973.628270
97577134 1977.106170
97575287 1980.597470
97572688 1984.122549
97572029 1987.615175
97568060 1991.126322
97566262 1994.608524
97561133 1998.123587
97560682 2001.609278
97559792 2005.135828
97559209 2008.673383
97558740 2012.182659
97558711 2015.656750
97558526 2019.185602
97557713 2022.672793
97553400 2026.138192
97542268 2029.652392
97541821 2033.151096
97540758 2036.619439
97540697 2040.122752
97540216 2043.610485
97540208 2047.113699
97539414 2050.589070
97537252 2054.054963
97524054 2057.560341
97517937 2061.036050
97516657 2064.520052
97516614 2067.958866
97514278 2071.384779
97513586 2074.864216
97510154 2078.350796
97509427 2081.830733
97508604 2085.355692
97506157 2088.807492
97503411 2092.259833
97500795 2095.733141
97496800 2099.221675
97494564 2102.626652
97493492 2106.108501
97492608 2109.567249
97488624 2113.006055
97487089 2116.476640
97485647 2119.948866
97481097 2123.386258
97476650 2126.837554
97476445 2130.258234
97473428 2133.734728
97467925 2137.193559
97465495 2140.640319
97464304 2144.050412
97461501 2147.547850
97461227 2151.044340
97455580 2154.490852
97454118 2157.909674
97451500 2161.396960
97446152 2164.800821
97444538 2168.261000
97442689 2171.689603
97435532 2175.148090
97434106 2178.581599
97432218 2182.028849
97428282 2185.470768
97428005 2188.918510
97427140 2192.373380
97425866 2195.765660
97423904 2199.223389
97421798 2202.630208
97421591 2206.072654
97420787 2209.501221
97420783 2212.944586
97419283 2216.373328
97419235 2219.827192
97416178 2223.251291
97415665 2226.656682
97411268 2230.074964
97405556 2233.478918
97403252 2236.872381
97402162 2240.298253
97400208 2243.730148
97399780 2247.098946
97398743 2250.539321
97397874 2253.972202
97397483 2257.400596
97395049 2260.780677
97392670 2264.160397
97391763 2267.572702
97389531 2270.967913
97388385 2274.369621
97386786 2277.724478
97383035 2281.085172
97378351 2284.485724
97375315 2287.833185
97371109 2291.206484
97369198 2294.618709
97368929 2297.986007
97368604 2301.398849
97367555 2304.800863
97366024 2308.169321
97360976 2311.563827
97360934 2314.944845
97360782 2318.318106
97358841 2321.723323
97358138 2325.081661
97357073 2328.483184
97355222 2331.868634
97354908 2335.262417
97352464 2338.614387
97349317 2341.990521
97348296 2345.367325
97347839 2348.699472
97347184 2352.059588
97347105 2355.436448
97344557 2358.822263
97343882 2362.185511
97341837 2365.551940
97341613 2368.893525
97340300 2372.248534
97339969 2375.602759
97339292 2378.981250
97339234 2382.309298
97337904 2385.658082
97324956 2388.977106
97322067 2392.318808
97319656 2395.712117
97319026 2399.071821
97318059 2402.430628
97317989 2405.780603
97314679 2409.142662
97313209 2412.464774
97308674 2415.863748
97305055 2419.231069
97304707 2422.570498
97303285 2425.973152
97300887 2429.356081
97298093 2432.717800
97297028 2436.089025
97296248 2439.454285
97295563 2442.808963
97293064 2446.172161
97291812 2449.503364
97290758 2452.868289
97283505 2456.209079
97283391 2459.568021
97282976 2462.896828
97275228 2466.257488
97272199 2469.620698
97271527 2472.993591
97270575 2476.339771
97255836 2479.657922
97255407 2482.989274
97254046 2486.328021
97251647 2489.639126
97244549 2492.996105
97244177 2496.315686
97244007 2499.673123
97243186 2502.969942
97242999 2506.301098
97241470 2509.632568
97240298 2512.902987
97238512 2516.251231
97235433 2519.596033
97233883 2522.919529
97232666 2526.263059
97226522 2529.578678
97226179 2532.932872
97223790 2536.270567
97223658 2539.581311
97220435 2542.924587
97220265 2546.242492
97218970 2549.541520
97218245 2552.854568
97217756 2556.156493
97216602 2559.490972
97213105 2562.822877
97209773 2566.106468
97209302 2569.380778
97208359 2572.747402
97206874 2576.034662
97206579 2579.321644
97204475 2582.636328
97201564 2585.949721
97195392 2589.273836
97195376 2592.627070
97194901 2595.946214
97194894 2599.256666
97194674 2602.558966
97191047 2605.870168
97189905 2609.168033
97189601 2612.469554
97188692 2615.765638
97186778 2619.052071
97183956 2622.392130
97183440 2625.676449
97182001 2628.980009
97180777 2632.286707
97180289 2635.599035
97179157 2638.920045
97176291 2642.244330
97174454 2645.528659
97170995 2648.816186
97169591 2652.121051
97164270 2655.441307
97160666 2658.744671
97159652 2662.053801
97153593 2665.328537
97137253 2668.577658
97134592 2671.843076
97131662 2675.153471
97126116 2678.410779
97122549 2681.717208
97121136 2684.968215
97119560 2688.245278
97119457 2691.495813
97118573 2694.785300
97118547 2698.011721
97118300 2701.292125
97117944 2704.555301
97116434 2707.800388
97115288 2711.089898
97113801 2714.396827
97112081 2717.680160
97111556 2720.931765
97110059 2724.169524
97108668 2727.423057
97106582 2730.685924
97104412 2733.943982
97104034 2737.242662
97098940 2740.511557
97093096 2743.793219
97080669 2747.053925
97079861 2750.335253
97079816 2753.608627
97076984 2756.891707
97075120 2760.149316
97075098 2763.369690
97074697 2766.634629
97069215 2769.866896
97068922 2773.144708
97067415 2776.375256
97062056 2779.659322
97060529 2782.909180
97059045 2786.143981
97055042 2789.402115
97054628 2792.642265
97052577 2795.888796
97051384 2799.182232
97050340 2802.402559
97046566 2805.635708
97046330 2808.899934
97046157 2812.123512
97044339 2815.394025
97042409 2818.615766
97040572 2821.859538
97040288 2825.073945
97039434 2828.343389
97035714 2831.566776
97034299 2834.754312
97032881 2837.962116
97032520 2841.226385
97031995 2844.470644
97029938 2847.706302
97028110 2850.941706
97026485 2854.162718
97025120 2857.415043
97021522 2860.621282
97012072 2863.819257
97010216 2867.027443
97008833 2870.223538
97008177 2873.450624
97007312 2876.698816
97005704 2879.884114
97004118 2883.127758
97003201 2886.375716
97002603 2889.605315
96999756 2892.871197
96999397 2896.048722
96996201 2899.256378
96994913 2902.451755
96993153 2905.673566
96992978 2908.922341
96988263 2912.138369
96988156 2915.352744
96986636 2918.539028
96985740 2921.760915
96985364 2925.020601
96983189 2928.236383
96981510 2931.427512
96980736 2934.611488
96979635 2937.824492
96979095 2941.015709
96976543 2944.196544
96975270 2947.433822
96974896 2950.611554
96974793 2953.807572
96969905 2957.052359
96969289 2960.228156
96967696 2963.432347
96967631 2966.657240
96965161 2969.853360
96964016 2973.074927
96963461 2976.264302
96958315 2979.496166
96954746 2982.669285
96954399 2985.921964
96953752 2989.144614
96951975 2992.333198
96948794 2995.529255
96946935 2998.735773
96946031 3001.916221
96943173 3005.120643
96942892 3008.316624
96938928 3011.508009
96937896 3014.704440
96936387 3017.905456
96934179 3021.057439
96921720 3024.219994
96921271 3027.455658
96920518 3030.623513
96918767 3033.810197
96918086 3036.991422
96917985 3040.178266
96916970 3043.372892
96915626 3046.606938
96915429 3049.804017
96914771 3052.995239
96914017 3056.209521
96913110 3059.379407
96911928 3062.555630
96910393 3065.758421
96904022 3068.953957
96903895 3072.126198
96903473 3075.283538
96899749 3078.514641
96898970 3081.701006
96896636 3084.861888
96895062 3088.023588
96893271 3091.165100
96890915 3094.338821
96889576 3097.532714
96881377 3100.703378
96879214 3103.865626
96879151 3107.030915
96873279 3110.252796
96872389 3113.458596
96871072 3116.611710
96868956 3119.738678
96868711 3122.930625
96868656 3126.113009
96866220 3129.283776
96864616 3132.445723
96863657 3135.567227
96850268 3138.762952
96850219 3141.935661
96847314 3145.099228
96846330 3148.279715
96843767 3151.453100
96840722 3154.647797
96840647 3157.820864
96838320 3160.971599
96832903 3164.132515
96832293 3167.280962
96832292 3170.456229
96830394 3173.621345
96829014 3176.774923
96828634 3179.920986
96828444 3183.054077
96828367 3186.222514
96824657 3189.376144
96822769 3192.519964
96822244 3195.677891
96817234 3198.826634
96816396 3201.956075
96816068 3205.102255
96811851 3208.286910
96811532 3211.434086
96807732 3214.643409
96807330 3217.799170
96806469 3220.952711
96806323 3224.131881
96798702 3227.273815
96797318 3230.460382
96795422 3233.574402
96794825 3236.700385
96794377 3239.849908
96791456 3243.002785
96787088 3246.156925
96780690 3249.313778
96776070 3252.390549
96775082 3255.559103
96772184 3258.684268
96769724 3261.812682
96766828 3264.943820
96765567 3268.115296
96764826 