103824500 678.082105
103698485 678.082123
103566753 678.082125
103432912 678.082126
103426071 678.082128
103297256 678.082129
103260726 678.082131
103246987 684.414105
103231102 690.346063
103214403 696.095927
103205377 702.430114
103199249 708.758605
103184950 714.917377
103179539 721.153808
103172297 727.130344
103171857 732.829568
103146510 732.829573
103134693 738.848465
103081726 744.876748
103063040 750.285800
103055169 756.141425
103049168 762.236757
103040796 768.278986
103036386 774.046926
103029273 780.041507
103015054 785.501834
103002168 791.203444
102990299 797.248599
102980146 803.127035
102972932 808.744998
102948004 814.604650
102934003 820.349474
102923034 826.157194
102917165 831.972615
102907896 837.558895
102901320 843.434922
102896400 848.784737
102881982 854.531110
102867283 860.205460
102851722 865.938939
102845841 871.690660
102840835 877.036408
102836326 882.721078
102831162 888.313834
102826897 893.965885
102818437 899.831182
102803395 905.165060
102773065 910.788393
102769834 916.494023
102762612 921.534184
102755058 926.876143
102744988 932.560519
102734298 938.280554
102710998 943.787497
102706985 949.546844
102701148 954.840155
102698812 960.435296
102691385 966.121385
102687214 971.398036
102681603 976.889972
102659589 982.623066
102655986 987.933575
102638289 993.497859
102631764 998.783079
102626964 1004.111918
102623062 1009.297868
102619124 1014.552765
102612173 1019.803317
102575683 1025.137563
102569046 1030.351238
102563195 1035.711849
102549422 1040.813266
102545997 1046.416415
102539314 1051.412793
102533760 1056.882038
102530283 1061.985148
102526829 1067.639034
102517442 1072.428131
102504528 1077.150028
102494012 1081.895104
102487761 1086.731821
102475986 1091.884057
102470740 1096.938314
102468654 1102.012407
102460789 1107.079489
102454917 1112.165520
102441458 1117.238929
102437560 1122.309707
102431503 1127.344413
102427333 1132.392775
102420323 1137.397233
102408890 1142.972581
102403138 1148.527427
102398164 1154.691267
102394288 1159.582107
102389737 1164.276706
102385330 1168.921691
102384387 1173.736956
102375247 1178.761597
102367581 1183.833605
102365569 1188.839137
102364110 1188.839143
102361520 1193.810037
102357735 1198.875894
102352733 1204.700537
102348135 1209.801570
102343635 1214.690736
102339847 1219.810629
102336310 1225.016344
102335969 1229.910291
102330900 1235.015469
102327266 1239.637337
102325602 1244.563170
102325278 1244.563176
102312772 1244.563178
102312017 1249.909080
102305963 1255.219213
102301267 1260.295942
102294327 1265.701539
102290461 1270.485864
102266434 1275.509588
102263624 1280.608993
102260689 1285.677088
102255515 1290.713088
102249121 1295.701792
102248101 1300.581704
102243415 1305.724710
102239270 1310.985504
102238022 1316.031707
102233133 1321.113837
102225465 1326.072154
102218020 1330.642640
102212164 1335.612022
102205499 1340.820172
102201860 1346.111840
102196456 1351.129783
102194154 1356.081347
102189205 1361.226218
102186770 1366.127548
102183673 1371.158997
102182095 1376.199709
102180233 1381.092540
102174618 1386.044531
102171325 1391.013169
102169137 1391.013176
102169084 1396.006009
102166101 1396.006016
102165449 1400.894627
102162466 1400.894633
102156438 1406.007331
102154130 1410.608086
102152071 1415.548017
102148350 1415.548023
102145902 1420.629605
102142935 1425.496934
102138115 1430.230514
102127087 1435.237925
102122680 1440.328754
102121461 1445.216492
102116726 1450.068808
102112673 1455.038239
102107239 1455.038247
102104907 1460.062000
102104347 1464.815461
102102410 1464.815468
102100926 1469.517247
102098418 1469.517254
102097688 1474.416890
102095327 1479.441033
102094163 1479.441040
102093616 1484.204331
102089732 1484.204338
102089006 1488.564932
102078583 1488.564939
102077690 1493.275637
102075782 1498.273083
102075238 1503.253671
102071878 1508.276228
102065556 1513.020213
102062509 1518.071375
102061056 1522.944093
102054774 1522.944100
102039412 1527.647380
102038135 1532.321146
102033785 1537.076313
102028232 1541.968210
102026409 1546.496740
102023935 1551.364190
102019117 1556.246170
102016513 1560.865331
102014392 1565.699162
102013071 1570.489195
102007935 1575.428005
102005082 1580.072526
101998233 1584.982450
101994573 1589.779792
101985178 1594.498968
101982416 1599.080348
101981234 1603.626493
101975122 1608.193175
101972992 1612.725565
101972773 1617.308580
101965720 1621.907164
101963062 1626.401672
101962839 1630.963192
101960441 1635.527702
101956195 1640.019299
101950740 1644.512917
101945047 1649.051942
101935322 1653.813511
101933274 1658.268495
101928215 1664.924733
101926598 1670.425552
101919412 1674.698044
101917809 1678.955666
101911983 1683.237056
101910594 1687.762689
101903611 1692.201464
101902856 1696.686227
101894850 1701.225532
101893606 1705.741163
101892785 1710.357015
101892330 1714.851484
101890824 1719.412334
101890532 1723.855181
101889920 1728.744623
101884793 1728.744629
101882980 1733.883857
101880260 1739.541130
101878411 1744.304831
101878004 1748.747299
101860996 1748.747306
101858746 1753.336490
101855939 1758.340500
101849059 1762.999553
101846971 1767.602538
101845999 1767.602544
101839221 1772.024254
101835050 1776.684944
101834107 1781.357440
101832228 1786.067595
101828000 1790.694927
101824912 1795.166818
101823096 1795.166824
101822481 1799.870484
101820290 1799.870490
101819853 1804.537999
101819830 1809.209766
101815646 1809.209772
101810281 1813.622313
101807169 1817.800727
101803040 1822.484094
101801880 1827.340601
101800053 1832.154897
101796222 1836.897733
101794991 1841.411704
101793532 1846.250034
101793303 1850.808732
101790924 1854.926939
101789710 1859.262558
101788291 1863.850430
101786301 1868.513223
101783648 1868.513228
101782765 1873.202746
101773965 1877.738755
101771852 1882.539727
101770507 1887.199579
101767698 1891.574074
101766845 1896.089484
101765399 1900.175172
101763604 1904.807385
101760910 1909.543323
101756682 1914.314334
101752587 1918.913193
101749829 1923.362400
101749099 1928.196380
101739732 1932.732740
101734809 1937.144643
101725236 1941.752755
101724398 1946.175851
101723705 1950.336733
101723044 1954.833444
101718429 1959.520000
101716179 1959.520006
101714930 1964.165847
101708565 1968.906845
101700998 1973.325774
101700081 1978.126821
101697624 1982.291449
101697415 1986.560367
101696936 1991.001510
101691586 1995.679929
101687820 2000.407639
101686549 2005.057829
101683870 2009.486737
101680661 2014.078750
101678040 2018.488089
101677519 2023.049456
101676389 2023.049462
101675521 2027.661665
101674006 2032.012763
101671446 2036.502295
101669064 2040.992563
101665768 2045.548336
101662631 2049.898441
101658053 2049.898446
101655602 2054.458641
101655435 2058.906683
101652408 2058.906688
101650537 2063.075584
101648324 2067.618827
101647608 2072.091761
101646702 2072.091767
101644681 2076.505309
101641996 2081.064867
101640252 2085.258768
101635514 2089.853147
101634022 2094.404034
101632953 2098.780775
101629535 2102.995618
101625103 2107.230451
101624328 2111.660040
101622099 2116.464404
101614334 2120.906178
101612373 2125.100456
101610446 2129.582526
101607273 2134.070328
101600861 2138.377075
101600345 2142.775202
101598237 2147.145466
101597238 2151.738790
101596597 2155.737598
101595625 2159.994507
101588140 2164.458800
101587555 2169.015367
101585459 2173.587879
101582685 2177.954228
101579621 2182.258449
101578675 2186.820092
101575789 2191.227654
101575313 2195.755273
101573631 2200.010024
101572106 2204.437515
101572001 2208.750366
101570675 2213.080568
101568596 2217.586824
101562443 2221.640510
101561984 2225.888724
101561651 2230.331653
101561219 2234.705494
101560763 2239.080365
101556840 2243.359341
101551107 2247.970996
101547124 2252.206833
101545995 2256.688302
101545836 2260.754406
101545025 2264.957394
101542463 2269.345875
101541435 2273.812750
101540154 2278.091306
101539734 2282.455797
101535617 2287.003026
101534209 2291.018668
101533890 2294.941233
101532832 2299.034665
101529354 2303.179491
101527567 2307.196055
101525143 2311.293453
101522389 2315.419438
101518100 2319.516264
101513599 2323.751483
101509792 2328.235120
101508546 2332.881105
101501922 2336.896477
101497633 2341.040222
101494733 2345.590625
101492093 2349.757294
101491753 2354.188050
101491103 2358.312995
101489608 2362.619634
101486328 2366.895164
101484558 2370.815461
101483943 2374.869079
101480245 2378.981022
101479059 2383.180882
101476869 2387.286969
101470652 2392.142093
101466924 2396.604191
101448133 2400.445853
101447008 2404.497627
101445437 2408.636786
101443329 2412.768785
101442482 2416.889199
101439959 2421.582812
101439902 2426.234901
101438179 2430.324406
101432170 2434.382876
101430243 2438.663969
101429653 2443.366584
101428191 2447.448916
101427306 2451.507389
101426200 2455.807847
101423442 2460.265693
101421354 2464.731464
101419937 2469.056897
101418179 2473.270149
101413560 2477.749481
101413441 2481.910960
101412131 2486.198975
101411636 2490.556180
101409822 2494.502793
101408220 2498.837728
101404669 2503.242670
101403596 2507.451630
101401621 2511.360316
101400102 2515.165763
101399878 2519.002651
101396919 2522.856529
101395090 2526.831439
101385113 2530.862770
101382225 2534.914478
101381904 2539.001613
101377817 2543.039486
101376893 2547.107158
101375595 2551.137161
101374252 2555.215490
101372755 2559.326506
101370919 2563.378757
101370614 2567.488008
101367397 2571.583446
101362216 2575.822333
101362047 2580.466780
101358687 2585.120282
101347603 2590.396555
101346571 2594.844380
101345770 2599.041947
101343601 2603.315468
101341423 2607.330912
101339004 2611.627341
101337002 2615.821892
101336788 2620.199443
101336235 2624.195772
101335315 2628.345527
101334949 2632.552421
101333471 2636.669764
101331991 2640.973238
101331962 2644.820444
101330041 2648.726413
101324445 2652.794336
101322597 2657.125254
101321435 2661.488447
101321066 2665.782924
101320666 2669.971048
101314537 2674.369754
101310690 2678.543942
101308017 2682.340119
101306904 2686.427074
101302237 2690.728879
101301180 2695.099819
101300962 2699.441179
101300628 2703.722334
101297703 2707.854405
101285077 2712.387874
101282834 2716.228625
101281771 2720.513218
101280530 2724.849425
101280061 2728.873452
101278758 2733.108097
101275852 2737.292813
101275302 2741.590555
101274676 2745.688660
101274334 2749.965027
101268372 2753.948397
101266885 2758.159431
101266401 2762.467853
101265704 2766.408340
101264231 2770.127887
101262150 2774.047753
101260436 2778.132786
101259718 2782.077021
101259361 2786.049608
101258361 2790.242058
101257027 2794.690401
101255324 2798.714157
101254891 2802.968808
101253760 2807.317987
101253703 2811.389440
101252761 2815.538142
101252666 2819.485340
101251320 2823.730646
101249320 2828.023260
101247619 2832.207560
101247408 2835.931212
101246897 2839.891684
101246193 2844.163580
101241426 2848.518006
101237660 2852.837669
101236549 2857.079454
101235489 2861.232785
101235136 2865.644610
101234359 2869.722696
101233517 2873.737350
101231239 2877.920950
101229950 2882.176006
101229432 2886.317273
101227911 2890.575687
101223723 2894.671518
101222242 2898.644129
101219718 2902.810123
101213858 2907.045641
101212053 2911.040609
101211581 2914.832037
101210831 2918.902135
101208910 2923.171551
101207797 2927.520913
101205916 2931.894436
101204540 2936.023194
101200235 2940.179506
101198651 2944.554212
101195836 2948.722509
101195554 2952.753485
101189566 2956.917868
101187437 2961.067815
101185644 2965.452966
101185039 2969.629052
101183619 2973.855625
101181917 2978.057511
101172356 2982.526210
101172203 2986.441526
101170665 2990.571704
101170148 2994.724277
101166484 2998.596679
101164803 3002.501873
101161137 3006.427592
101160681 3010.668027
101160244 3014.977759
101154104 3018.794945
101152442 3022.582030
101151455 3026.579696
101148955 3030.795666
101146004 3034.860546
101144764 3038.887948
101144637 3042.887461
101139650 3046.847169
101137447 3050.709723
101136211 3054.786723
101134592 3059.148731
101133654 3063.043366
101133182 3066.940911
101129676 3070.802493
101128653 3074.868903
101124473 3079.110958
101123392 3083.163574
101122356 3087.113226
101121857 3090.967550
101121764 3095.034867
101114469 3099.097935
101114162 3103.297828
101114093 3107.312253
101112029 3111.339248
101109041 3115.598596
101107079 