25883293 3.247512
25581196 3.247525
25574417 3.247526
25487835 3.247527
25360974 3.247528
25347110 3.247529
25265986 3.247531
25234896 3.247532
25215574 3.709268
25156954 4.170311
25144068 4.633459
25132127 5.097636
25131236 5.097641
25089012 5.558882
25075697 6.022821
25075041 6.486640
25066207 6.486650
25052875 6.950625
25050307 6.950630
25037192 7.412433
25021215 7.412437
25013383 7.871303
25012417 8.332005
25008293 8.792064
25005183 9.249853
24989375 9.249858
24981988 9.707533
24976503 9.707538
24953570 10.167208
24950705 10.622269
24928697 11.080063
24925477 11.535636
24923131 11.984896
24917290 12.427916
24913729 12.873910
24898750 13.321613
24896302 13.772783
24884067 14.210985
24877800 14.648383
24874936 15.090338
24871511 15.090345
24846361 15.534312
24810549 15.973560
24810362 16.408509
24771483 16.845373
24764581 17.280813
24755438 17.710528
24754656 18.136459
24753697 18.136465
24739269 18.562974
24734568 18.989594
24732818 19.414987
24726576 19.839137
24723510 20.259173
24710903 20.678529
24700040 21.098582
24692060 21.516884
24691976 21.934203
24686634 21.934210
24680843 21.934213
24670277 22.350308
24661526 22.350313
24651027 22.762673
24647421 23.171711
24645008 23.585399
24640153 23.998276
24634019 24.406411
24625240 24.406416
24619673 24.825497
24614038 25.236446
24601187 25.236451
24600554 25.641505
24584018 26.048432
24578527 26.447621
24578509 26.848006
24577935 26.848011
24567431 26.848013
24558125 26.848014
24557038 27.245293
24553354 27.245298
24548975 27.642591
24542267 27.642595
24525752 28.039264
24506892 28.435638
24489293 28.829479
24474283 29.222094
24469582 29.613331
24467056 30.003283
24465568 30.393618
24457624 30.393622
24450477 30.781358
24441407 31.167928
24437094 31.553172
24426421 31.936949
24424314 32.319451
24417815 32.699419
24415812 32.699423
24411069 33.079118
24405661 33.079123
24379439 33.454101
24377891 33.827961
24366813 34.201835
24355986 34.571917
24352806 34.938129
24348938 35.311083
24346260 35.683861
24344983 36.052129
24343117 36.415525
24340133 36.776358
24330032 37.139665
24329927 37.500730
24327760 37.860170
24326714 37.860175
24323530 38.215626
24320500 38.570868
24318751 38.930555
24313852 38.930561
24312960 39.279297
24306529 39.279302
24297270 39.626448
24297164 39.626452
24291363 39.970153
24280967 40.312811
24278544 40.312816
24272564 40.654535
24259247 40.993495
24252786 41.329475
24252681 41.665426
24248871 41.999032
24248168 42.330351
24246358 42.657869
24244990 42.987414
24243397 43.313433
24239549 43.313438
24234980 43.634852
24232150 43.956740
24231579 44.278497
24229253 44.278502
24226627 44.597757
24225413 44.597762
24210055 44.597763
24207413 44.929896
24202431 45.243956
24197861 45.559960
24195284 45.559965
24194351 45.872056
24192871 45.872061
24189529 46.183624
24185678 46.492351
24183952 46.805695
24181729 47.107713
24179525 47.409467
24179361 47.696260
24178189 47.975829
24176258 48.255446
24175320 48.532924
24173168 48.807859
24173063 49.079634
24172543 49.349928
24170784 49.349932
24170535 49.618846
24167694 49.893233
24161164 50.160402
24161131 50.685967
24160722 50.946653
24160182 51.204889
24157618 51.460743
24156951 51.969387
24154381 51.969391
24153442 52.221020
24152871 52.469557
24152172 52.715391
24151826 52.958230
24151721 53.199545
24151699 53.675441
24149514 53.675447
24149168 54.165355
24148642 54.650953
24146080 54.891020
24142643 55.125815
24142485 55.357954
24142463 55.585957
24142463 656.634912
