82731761 274.869863
82420850 274.869883
82219247 274.869885
82202254 274.869887
82173916 274.869890
82165043 279.956311
82157565 284.986388
82112307 284.986395
82106175 290.032561
82089313 295.036398
82030644 299.974045
82022443 304.890079
82001486 309.739471
81994374 314.617621
81982952 319.501952
81968388 324.332174
81957903 329.163210
81949268 333.939363
81917347 338.718281
81908209 343.494466
81896241 348.214595
81888535 352.961033
81884721 357.626443
81880347 362.296533
81873807 366.982703
81858726 366.982710
81847746 371.664276
81846443 376.323644
81842261 376.323652
81834504 380.934636
81831697 380.934643
81826875 385.575317
81813398 385.575324
81801414 390.233680
81794950 394.838656
81773623 394.838664
81744701 399.452390
81735549 404.083169
81723100 408.722499
81694634 413.326938
81690860 417.941757
81673121 422.542470
81666956 427.123300
81656040 431.715497
81645149 436.263366
81625424 440.795524
81624840 445.308590
81616505 449.785926
81611878 454.224565
81602899 458.724075
81596621 463.190114
81586481 467.684461
81580245 472.128480
81564466 476.626004
81558616 481.071692
81552703 485.497042
81545916 489.969669
81534494 494.434882
81522553 498.853572
81517467 503.254663
81516585 503.254669
81508020 507.693688
81504953 512.116396
81504671 512.116403
81498365 516.577195
81493063 516.577201
81464817 516.577204
81461198 520.936481
81459315 525.295745
81455739 529.710306
81452738 534.029267
81450929 534.029274
81450367 538.384672
81444799 538.384679
81443273 542.690858
81433735 542.690865
81430561 546.975740
81427445 551.245303
81424247 555.228832
81416358 559.217166
81412065 559.217174
81407804 563.213531
81407709 563.213537
81399434 567.164185
81392601 571.186283
81388182 575.141402
81378978 579.082448
81357414 579.082454
81357097 583.008153
81346180 586.936260
81342394 590.869938
81337170 594.837258
81333317 598.779446
81326273 602.678932
81321004 606.542151
81315656 610.459176
81307692 614.353962
81304302 618.230600
81297424 622.088428
81294641 625.967962
81283792 629.822261
81281679 629.822267
81275927 633.717005
81268172 637.509397
81264638 641.312147
81259073 645.092553
81258622 648.901490
81252811 652.696469
81247940 656.494121
81240153 660.280382
81230462 664.059608
81227348 667.866021
81227180 667.866028
81224929 671.603837
81219123 675.372273
81217861 679.424182
81216571 679.424190
81208787 683.458139
81204882 687.465854
81202389 691.538355
81186053 695.534583
81172406 699.619910
81169351 703.639168
81163707 707.705601
81161847 711.706675
81157307 715.748060
81153258 719.765636
81151421 723.772911
81149237 727.755685
81132318 731.737589
81129203 735.704342
81118450 739.475476
81115700 743.029326
81102916 746.624929
81095057 750.228885
81070084 753.797996
81066779 757.342642
81063776 760.889730
81060126 764.460673
81058034 768.065489
81057393 771.664760
81047531 775.204448
81047317 778.750645
81042729 782.334230
81042540 785.884774
81041179 789.412485
81034584 792.933202
81031304 796.476219
81029224 800.017605
81020784 803.568952
81014522 807.131136
81013064 810.706422
81010956 814.224453
81010504 817.768969
81009196 821.299974
81001245 821.299981
80995059 824.794910
80991366 828.258436
80975995 831.730690
80974073 835.203018
80969977 835.203023
80964430 838.665261
80962791 842.102303
80958773 845.626527
80947919 849.464004
80946316 853.377749
80944246 857.218257
80942279 861.083902
80937765 864.995891
80936273 868.859575
80931907 872.673715
80926394 876.481913
80925692 880.300182
80923671 884.089501
80921557 887.910709
80918161 891.772534
80913620 895.554206
80912911 899.398972
80908829 903.212022
80906705 907.003904
80903124 910.780416
80898273 914.552471
80894348 918.331383
80888230 922.114828
80887763 925.913065
80882897 929.692634
80880387 933.476303
80877072 937.251198
80872193 941.040674
80867282 944.812606
80866569 948.564942
80864143 952.238474
80853579 956.015316
80849678 959.826197
80847613 963.553164
80846402 967.377776
80845077 971.109763
80843577 974.818953
80839138 978.586264
80835857 982.324173
80829383 986.056084
80828071 989.783367
80826452 993.500776
80817795 997.194453
80817137 1000.901641
80813131 1004.647633
80812028 1008.390429
80807918 1012.158609
80807808 1015.895770
80802926 1019.503218
80801517 1022.951581
80800579 1026.400228
80794809 1029.788942
80792293 1033.209018
80791005 1036.610591
80790178 1040.025101
80788778 1043.363929
80788383 1046.742307
80783513 1050.129278
80783412 1053.505526
80779897 1056.864553
80779103 1060.254458
80778117 1063.609026
80777626 1067.039000
80772075 1070.439278
80769373 1073.810609
80762914 1077.221598
80762487 1080.641186
80751319 1084.049590
80749203 1087.461188
80747408 1090.828526
80744902 1094.196690
80744891 1097.579450
80742528 1100.980044
80740419 1104.360761
80737562 1107.734853
80734983 1111.157433
80728363 1114.505387
80727096 1117.921631
80725510 1121.290052
80725051 1124.661547
80722967 1128.011443
80719540 1131.378328
80719122 1134.679002
80718190 1138.006916
80715217 1141.322474
80712429 1141.322480
80705423 1144.743466
80698744 1148.345937
80697110 1151.932058
80694192 1155.503197
80691092 1159.079491
80688865 1162.668803
80685977 1166.315821
80685491 1169.919231
80685336 1173.508084
80684880 1177.133713
80681662 1180.702830
80677022 1184.248022
80672229 1187.814610
80668177 1191.405980
80667543 1195.005372
80665497 1198.578466
80664598 1202.158297
80658440 1205.687080
80657724 1209.263941
80654047 1212.834324
80653841 1216.422595
80650102 1219.985335
80649088 1223.550145
80646598 1227.089194
80645398 1230.661794
80644487 1234.239471
80643710 1237.765240
80640627 1241.336487
80639703 1241.336494
80637672 1244.909311
80637186 1248.492263
80636178 1248.492270
80630822 1252.026078
80629270 1255.579402
80627695 1259.216196
80626347 1262.804276
80625250 1266.345822
80623950 1269.879514
80623264 1273.439686
80621257 1277.014912
80618855 1280.561287
80618821 1284.054716
80614505 1287.577933
80613742 1291.107548
80612839 1291.107554
80609429 1294.624112
80606149 1294.624118
80605462 1298.156988
80604500 1301.696189
80604112 1305.139921
80596810 1308.622669
80596276 1312.138419
80593370 1315.642608
80592942 1319.142946
80586949 1322.697311
80585066 1326.224380
80584787 1329.774566
80583014 1333.296930
80582182 1333.296937
80574211 1336.701020
80572256 1339.859941
80569888 1342.998083
80566079 1346.168259
80564993 1349.326054
80564207 1352.508626
80561510 1355.666111
80560938 1358.792957
80546553 1358.792963
80543527 1361.921677
80540133 1365.058832
80540003 1368.224154
80536779 1371.378094
80530934 1374.499563
80521423 1377.582706
80520947 1380.720005
80519266 1383.838466
80517984 1386.959476
80517652 1390.122212
80516927 1393.259412
80515489 1396.402219
80512475 1399.554332
80507765 1402.679884
80507727 1405.809795
80506183 1408.936898
80505654 1412.092375
80504162 1415.185969
80503719 1418.336017
80493553 1421.504736
80491574 1424.627952
80482548 1427.747021
80480490 1430.842908
80478700 1433.956056
80478332 1437.013945
80477803 1440.125348
80476266 1443.284863
80474899 1443.284869
80472533 1446.558406
80472376 1446.558411
80472171 1449.978431
80470934 1449.978438
80470440 1453.401313
80470252 1456.882379
80468761 1456.882384
80458348 1460.382385
80456996 1463.848005
80456546 1467.281677
80454881 1470.727239
80451874 1474.095998
80445285 1477.514183
80444465 1480.938802
80444193 1484.329624
80443857 1487.720093
80442402 1490.932086
80440601 1494.077898
80429187 1497.223987
80428470 1500.391582
80428143 1503.506052
80427385 1506.613364
80418734 1509.761103
80416502 1512.887191
80413669 1516.039878
80413491 1519.176837
80412900 1522.281447
80411931 1525.414400
80411500 1528.565220
80409077 1531.698860
80401747 1534.816291
80400073 1537.943118
80398918 1541.082808
80396456 1544.211537
80395417 1547.320872
80394923 1550.401549
80394361 1553.498746
80386384 1556.601994
80386143 1559.720360
80382909 1562.854365
80378096 1565.958641
80377151 1569.075934
80377145 1572.143269
80375938 1575.208423
80368352 1578.275934
80364641 1581.343070
80360233 1584.404236
80359533 1587.504307
80358707 1590.609835
80357868 1593.649995
80353648 1596.769686
80352774 1599.873023
80352586 1602.960781
80352410 1605.997349
80351060 1609.064032
80348246 1612.114776
80345181 1615.409321
80343422 1619.196570
80333549 1622.928396
80333136 1626.590536
80331770 1630.344855
80326536 1634.037673
80325852 1637.853811
80323082 1641.843235
80321136 1644.864110
80318439 1647.866886
80318388 1650.888240
80313349 1653.894395
80313241 1657.053779
80307699 1660.141613
80303460 1663.239331
80301421 1666.322490
80301141 1669.382207
80292123 1672.480231
80292066 1675.594669
80290784 1678.679909
80290527 1681.758592
80289470 1684.775445
80287976 1687.856616
80285589 1690.922596
80282295 1694.011149
80278523 1697.072707
80277799 1700.165793
80275402 1703.237882
80274568 1706.325955
80271524 1709.404426
80260684 1712.459633
80260454 1715.531066
80259731 1718.537036
80258994 1721.567475
80249098 1724.614451
80246608 1727.641184
80243993 1730.682855
80241515 1733.698267
80235714 1736.696517
80234120 1739.719701
80233995 1742.782792
80233810 1745.792619
80233277 1748.843951
80233068 1751.882751
80232247 1754.914047
80226003 1757.980592
80223242 1761.028125
80221994 1764.086123
80219458 1767.096095
80215720 1770.128730
80215606 1773.207994
80215454 1776.208371
80214872 1779.217816
80209315 1782.258749
80209131 1785.400616
80208750 1788.768500
80207889 1792.123398
80207800 1795.452838
80207544 1798.724418
80207523 1802.006351
80207518 1805.316250
80206605 1808.589883
80205691 1811.836827
80203376 1815.107062
80202847 1818.394311
80202694 1821.720600
80200224 1824.925360
80200105 1828.144185
80196120 1831.360495
80192815 1834.645121
80191226 1837.854358
80185109 1841.032609
80184726 1844.282906
80174598 1847.524903
80170533 1850.764675
80158624 1854.007446
80156662 1857.285755
80152062 1860.497461
80149347 1863.740082
80145383 1866.999196
80144293 1870.205966
80142395 1873.457703
80133726 1876.669945
80132234 1879.918592
80129310 1883.095757
80125579 1886.322820
80124555 1889.551752
80123966 1892.792039
80121409 1895.974748
80119596 1899.226319
80115732 1902.473998
80113213 1905.701313
80112941 1908.936827
80112107 1912.181728
80111329 1915.382384
80105716 1918.601402
80105489 1921.855544
80104307 1925.066132
80100487 1928.319427
80098344 1931.358480
80097168 1934.324241
80096740 1937.247674
80094529 1940.191302
80086179 1943.135235
80083478 1946.055910
80083313 1948.962468
80079492 1951.891084
80078141 1954.798938
80076437 1957.747954
80076107 1960.694581
80075010 1963.543485
80073873 1966.435623
80070721 1969.328615
80061588 1972.234408
80060749 1975.138718
80059669 1978.008855
80053539 1980.946563
80053015 1983.868830
80052376 1986.797001
80051886 1989.649713
80050894 1992.517750
80050259 1995.393928
80048745 1998.278492
80048115 2001.173195
80046044 2004.024534
80045555 2006.918707
80043818 2009.803026
80038769 2012.697757
80038427 2015.539400
80034224 2018.404842
80030914 2021.323438
80025710 2024.199972
80025182 2027.067089
80021675 2029.936186
80020944 2032.800562
80020324 2035.689003
80019931 2038.943929
80019773 2042.619197
80014557 2046.103161
80002306 2049.644356
79993415 2053.265406
79992869 2056.903665
79991686 2060.146729
79990635 2062.990982
79986235 2065.829026
79984924 2068.660410
79984694 2071.463112
79983758 2071.463119
79983240 2074.393626
79980586 2074.393633
79980081 2077.267674
79978423 2080.042437
79977699 2080.042443
79976750 2082.921605
79975370 2082.921612
79974595 2085.822552
79967889 2085.822560
79967679 2088.671764
79965441 2091.504669
79964848 2094.347251
79964442 2097.180737
79962266 2100.034062
79962014 2102.920414
79961393 2105.818311
79960366 2105.818317
79958320 2108.694169
79957859 2108.694176
79957357 2111.554209
79948461 2111.554217
79946992 2114.413980
79946917 2114.413986
79945331 2117.253811
79941828 2120.133233
79927209 2122.953953
79927206 2125.782895
79923861 2128.387947
79920880 2131.006733
79920435 2133.594113
79920267 2136.186606
79919813 2138.765488
79919679 2138.765493
79919647 2141.349607
79917752 2141.349612
79917578 2143.900527
79917561 2146.465689
79917425 2146.465695
79917237 2149.071182
79913563 2149.071189
79909529 2151.652880
79908048 2154.233160
79907152 2154.233166
79899385 2156.834589
79895046 2159.390989
79894673 2159.390996
79893281 2161.963704
79885816 2161.963709
79885265 2164.515793
79881454 2167.057002
79881400 2169.637605
79879708 2172.178402
79876054 2174.752855
79874525 2177.331115
79874190 2179.921237
79870847 2182.575452
79869186 2185.500873
79859402 2188.407118
79859323 2191.313746
79856755 2194.233993
79856590 2197.138184
79855994 2200.027163
79852696 2202.878798
79852439 2205.738554
79835258 2205.738560
79834288 2208.647501
79830401 2211.475207
79829054 2214.377504
79826661 2217.231633
79825124 2220.064345
79820987 2222.905584
79820344 2225.772774
79818726 2228.618926
79814577 2231.543963
79812452 2234.460037
79801165 2237.358662
79794485 2240.254896
79789598 2243.105268
79788288 2245.990072
79787931 2248.832257
79781787 2251.732664
79779500 2254.725973
79779450 2257.812741
79778769 2260.964679
79775568 2260.964686
79775474 2264.157965
79774532 2267.289847
79772615 2270.426686
79761045 2273.552098
79760972 2276.631443
79759256 2279.728700
79756650 2282.796582
79755784 2285.875526
79752987 2288.991174
79747042 2292.041428
79747015 2295.151300
79746645 2298.215758
79745824 2301.354275
79745720 2304.418311
79743991 2307.522868
79743405 2310.622949
79735515 2313.716634
79734996 2316.745556
79734622 2319.781021
79729310 2322.857216
79729168 2325.945541
79728277 2329.039586
79726432 2332.063176
79714150 2335.191036
79710363 2338.259218
79710182 2341.334001
79709434 2344.406074
79705116 2344.406082
79704227 2347.497866
79702131 2350.564092
79699590 2350.564098
79699184 2353.668649
79696273 2356.807152
79690125 2356.807158
79687173 2359.879390
79686758 2362.984284
79683192 2366.046645
79681699 2369.053827
79675172 2372.114873
79670748 2372.114879
79667464 2375.183012
79667384 2378.225013
79665746 2381.355655
79664632 2381.355662
79662151 2384.455246
79661105 2384.455252
79659612 2387.547449
79659064 2390.595711
79658637 2390.595718
79658545 2393.662140
79654051 2393.662146
79649446 2396.710036
79645258 2399.763077
79641787 2402.817476
79641521 2405.928676
79639978 2408.993235
79639968 2412.108031
79639938 2415.199394
79633948 2415.199402
79631396 2418.286843
79629083 2421.352153
79627006 2424.405219
79627003 2427.489648
79620948 2430.587212
79620857 2433.655962
79619946 2433.655968
79619094 2436.735564
79616417 2439.783881
79614739 2442.814390
79612456 2445.911629
79611148 2445.911634
79608601 2448.972640
79603413 2452.016625
79602449 2455.080497
79602089 2458.082210
79600893 2461.154632
79600448 2464.174481
79593485 2464.174488
79585320 2467.233345
79583220 2470.305693
79581900 2473.397214
79575944 2476.470508
79574862 2479.560458
79572778 2482.609482
79572383 2485.701677
79565879 2488.793915
79564007 2491.920216
79561857 2495.001552
79561169 2498.042717
79555045 2501.115113
79545384 2504.126733
79540550 2507.170743
79540087 2510.209447
79539693 2513.275242
79534649 2516.300234
79530568 2519.366137
79523764 2522.400209
79520308 2525.443386
79517036 2528.524630
79516671 2531.620916
79510342 2534.703062
79509084 2537.757147
79507485 2540.795538
79504192 2543.830505
79501176 2546.909519
79500946 2549.932176
79494171 2552.946505
79483634 2555.947357
79481867 2558.965333
79480278 2562.008288
79471848 2565.061548
79446063 2568.082607
79444973 2571.084995
79434624 2574.098775
79425976 2577.140439
79423069 2580.217850
79421783 2583.297045
79418954 2586.360906
79418911 2589.427238
79415429 2592.444877
79413552 2595.465604
79412520 2598.233340
79411251 2601.033355
79408634 2603.851806
79402384 2606.658543
79400446 2609.483832
79397077 2612.269610
79394896 2615.135497
79392719 2617.957873
79390896 2620.773808
79387373 2623.558365
79383835 2626.344555
79383372 2629.129687
79380595 2631.937571
79377841 2634.740462
79377461 2637.554801
79375972 2640.376673
79375569 2643.187309
79368466 2646.024242
79363755 2648.840479
79363121 2651.666956
79360188 2654.517366
79358194 2657.325055
79356386 2660.153914
79355621 2662.891579
79352224 2665.402251
79347819 2667.876958
79344501 2670.371095
79342134 2672.877752
79340811 2675.406027
79339802 2677.918137
79339206 2680.419846
79338837 2682.941519
79338750 2685.443655
79322134 2687.946182
79319092 2690.466194
79314053 2693.012622
79313227 2695.532718
79311320 2698.094684
79309061 2700.624659
79307400 2703.161477
79305429 2705.686473
79299239 2708.196469
79297056 2710.725812
79295543 2713.246769
79293484 2715.780089
79292774 2718.284274
79291938 2720.813513
79291887 2723.375188
79290889 2726.722911
79290170 2729.818100
79280652 2732.986953
79280545 2736.259378
79277165 2739.512806
79275558 2742.849535
79273453 2746.245877
79271985 2748.705902
79271880 2751.189131
79269719 2753.644635
79268971 2756.065295
79268169 2758.498588
79261123 2760.943969
79258996 2763.506992
79258665 2765.981475
79250234 2768.510521
79249114 2771.014359
79243975 2773.706600
79238797 2776.522766
79237532 2779.319282
79235991 2782.098460
79231149 2784.880227
79227870 2787.658127
79226788 2790.445612
79220811 2793.269054
79217352 2796.042489
79216768 2798.867880
79211224 2801.663025
79209195 2804.471612
79209180 2807.259489
79201748 2807.259494
79192287 2810.036120
79188760 2812.793469
79188404 2815.562150
79187645 2818.319712
79178466 2821.092420
79174533 2823.834919
79173694 2826.613681
79172285 2829.337117
79144377 2832.135719
79139601 2834.930717
79136344 2837.704892
79134035 2840.522946
79132677 2843.314936
79130100 2846.098381
79123934 2848.944448
79119800 2851.765178
79118726 2854.558847
79114022 2857.376891
79112601 2860.210488
79112599 2863.040120
79109094 2865.833098
79105130 2868.628598
79102823 2871.428269
79102232 2874.228809
79093636 2877.063510
79093327 2879.841617
79091266 2882.640263
79090446 2885.403378
79089287 2888.212855
79088310 2891.100069
79087435 2894.149138
79086801 2897.171430
79083916 2900.163813
79080809 2903.156336
79078013 2906.145916
79072173 2909.149666
79068739 2912.161059
79067009 2915.157584
79065498 2918.170688
79062991 2921.197955
79062849 2924.238824
79057430 2927.211437
79054049 2930.244115
79050833 2933.302328
79047970 2936.306290
79045467 2939.314794
79042292 2942.322414
79031688 2945.328644
79031140 2948.339245
79029440 2951.322189
79025251 2954.318267
79022414 2957.356390
79018058 2960.386726
79015651 2963.397680
79012917 2966.430689
79008242 2969.438389
79005485 2972.485784
79004084 2975.541112
79003654 2978.635693
79002293 2981.678638
78993467 2984.722296
78991529 2987.733043
78991526 2990.731307
78986077 2993.795597
78985922 2996.818928
78984611 2999.844890
78983659 3002.840366
78982147 3005.815685
78982025 3008.855261
78979541 3011.825223
78977913 3014.827597
78976840 3017.829570
78973927 3020.855488
78964987 3023.852608
78963859 3026.879686
78961849 3029.891988
78956771 3032.943978
78955730 3035.945954
78954912 3038.954098
78952171 3041.979140
78950931 3045.007918
78944812 3048.055908
78943633 3051.129357
78941992 3054.207071
78941786 3057.214639
78940180 3060.268105
78939431 3063.300396
78938826 3066.274264
78936084 3069.260146
78935325 3072.330921
78925021 3075.310440
78923159 3078.306845
78917807 3081.282395
78915909 3084.292208
78912924 3087.262399
78902796 3090.294178
78900142 3093.270384
78896705 3096.264135
78895181 3099.291634
78895166 3102.254707
78894341 3105.291374
78894075 3108.309628
78890669 3111.354339
78889570 3114.388885
78888811 3117.378845
78885657 3120.365290
78883541 3123.376852
78882435 3126.446156
78864458 3129.491352
78859061 3132.548211
78855476 3135.617996
78854910 3138.650691
78849946 3141.740422
78848887 3144.776700
78848058 3147.784012
78847819 3150.857263
78843565 3153.865545
78842313 3156.915300
78825492 3159.945973
78816392 3162.976469
78814144 3165.999558
78811834 3169.056635
78810997 3172.110048
78809360 3175.163384
78803874 3178.242258
78803866 3181.244718
78801844 3184.250510
78801180 3187.272739
78797697 3190.291857
78795925 3193.323797
78790952 3196.338265
78787593 3199.372966
78786816 3202.408270
78786667 3205.464173
78781818 3208.462716
78773588 3211.474658
78771483 3214.492871
78771386 3217.516415
78757176 3220.570419
78752813 3223.575975
78749871 3226.609459
78746232 3229.628013
78744311 3232.623622
78741074 3235.431776
78739216 3238.233166
78739024 3241.015583
78735493 3243.816504
78732638 3246.656957
78731942 3249.462069
78727165 3251.918917
78725252 3254.435479
78711277 3256.941073
78710282 3259.445118