16412033 0.003124
13928655 0.008071
13916133 0.008336
13907362 0.009452
13907145 0.009632
13898512 0.012071
13891549 0.015887
13868164 0.017658
13867891 0.025591
13865070 0.029056
13863741 0.031850
13860855 0.035919
13854371 0.036384
13849582 0.036659
13829244 0.038959
13828761 0.040171
13827253 0.041208
13825565 0.041490
13824168 0.053101
13823880 0.056137
13822893 0.057293
13815438 0.058669
13813958 0.061153
13811264 0.063686
13810444 0.072171
13808519 0.073411
13791644 0.074069
13790644 0.081993
13777156 0.084658
13775906 0.088276
13772940 0.089572
13767073 0.101003
13766604 0.113379
13765644 0.130265
13765454 0.142418
13763142 0.145621
13761607 0.162244
13761594 0.169493
13761443 0.176241
13758238 0.225427
13754231 0.240883
13751752 0.256572
13748087 0.287725
13747452 0.377450
13746958 0.402873
13745310 0.538073
13744941 0.551831
13742629 0.609740
13741407 1.190009
13741051 1.190168
13739050 1.255253
13736422 11.489759
13735787 16.567763
