21044297 0.004897
17834775 0.012138
17810051 0.012904
17796115 0.013733
17796020 0.014347
17793182 0.017351
17787055 0.020484
17786650 0.020653
17779015 0.022796
17777313 0.026716
17774109 0.027446
17759784 0.038491
17751928 0.039143
17745508 0.051675
17745331 0.052300
17739149 0.057292
17737651 0.058236
17715453 0.059237
17713423 0.059943
17712699 0.060949
17692276 0.066817
17691369 0.067924
17686984 0.074922
17681462 0.080211
17680420 0.081438
17675782 0.082511
17666732 0.093217
17658771 0.094631
17658560 0.096132
17645912 0.098269
17645902 0.110595
17641392 0.126564
17640772 0.127618
17639213 0.127796
17639110 0.154687
17638308 0.159086
17633408 0.164791
17632452 0.171479
17630258 0.180450
17629175 0.212552
17627148 0.221648
17625108 0.223728
17614164 0.234583
17610611 0.248827
17607130 0.283203
17605674 0.287741
17604479 0.327371
17604074 0.409624
17600224 0.412437
17599756 0.607367
17598733 0.667585
17598421 0.874394
17598080 1.015832
17596592 1.104759
17595760 1.117369
17594776 1.797105
17592773 1.958328
17591092 1.979457
17590884 2.021781
17590008 2.205547
17589115 2.871268
17589033 3.370801
17588904 3.409901
17585832 3.820273
17584744 3.828910
17582643 3.975770
17579406 4.045405
17579241 4.109612
17578383 4.116932
17572444 8.019828
17572245 36.160209
17572194 36.163345
17570084 36.167970
17569788 36.189092
17569465 36.207038
17568323 36.261127
17568307 36.263578
17567695 36.300537
17567539 36.348687
17566515 36.357348
