21296472 0.004797
18134395 0.015317
18057213 0.018350
18027407 0.022637
18026929 0.023580
18011031 0.026393
18002666 0.028618
18002561 0.028879
17999194 0.032635
17995038 0.034227
17992886 0.037979
17992560 0.040023
17991400 0.041162
17985443 0.042089
17975742 0.044276
17913061 0.048113
17908047 0.049505
17893312 0.056344
17890746 0.065124
17888148 0.065937
17880779 0.066645
17878918 0.075137
17872208 0.079496
17871079 0.079689
17866150 0.081850
17862961 0.092818
17862732 0.093850
17860902 0.125464
17855178 0.128790
17854872 0.131749
17842053 0.133025
17841867 0.133771
17838405 0.148102
17838092 0.149164
17830553 0.158348
17829547 0.161656
17823119 0.169521
17821324 0.170556
17807774 0.182434
17799416 0.197666
17798542 0.218097
17784678 0.231490
17783301 0.258690
17781116 0.300298
17778584 0.335325
17775666 0.458625
17772538 0.502904
17771766 0.574117
17767676 0.583953
17766590 0.589780
17760789 0.699036
17759616 1.075846
17758254 91.714009
17758162 101.532028
17757678 167.991755
17756088 286.336446
17755405 286.520278
