21996204 0.005978
19107042 0.016168
19038100 0.018443
19033667 0.018632
18992477 0.019641
18990258 0.019996
18987594 0.020351
18980977 0.022004
18979417 0.027220
18976372 0.030096
18961527 0.032463
18957750 0.033722
18952944 0.037223
18915557 0.037726
18913800 0.037896
18910703 0.039162
18908771 0.042796
18904056 0.050492
18902608 0.054217
18899581 0.055745
18896730 0.056828
18895309 0.058319
18889236 0.063334
18885612 0.064959
18873289 0.069683
18871440 0.075503
18862482 0.075849
18853434 0.091227
18846255 0.106043
18845968 0.112988
18840592 0.117637
18838165 0.119102
18837020 0.126305
18836843 0.126458
18833253 0.127228
18832138 0.135919
18829907 0.145211
18826476 0.152294
18826116 0.172334
18822148 0.174679
18821410 0.184081
18820265 0.213045
18819814 0.215839
18816544 0.216872
18814780 0.246379
18812276 0.249596
18810216 0.260821
18810213 0.282679
18809222 0.287425
18808568 0.293420
18807788 0.353370
18807696 0.403608
18806457 0.465742
18799852 0.497111
18798783 0.500221
18797187 0.502045
18796735 0.557064
18794213 0.578903
18793696 0.662627
18792145 1.019022
18791767 1.047784
18791144 1.053829
18790282 1.056062
18789813 1.098706
18789018 1.102811
18784289 1.174720
18783775 2.888811
18783256 2.897619
18783194 2.901780
18782703 2.920841
18781811 2.963051
18781292 2.984682
18780780 2.994797
18780552 3.052707
18779535 3.189324
18773678 3.379457
18773563 3.406536
18772940 3.425026
18772160 3.508037
18771558 4.289621
18770413 4.336006
18769894 4.336672
18769600 4.365710
18768972 4.445652
18768716 4.628458
18767984 4.858279
18767496 10.067501
18765774 10.086270
18763112 44.567703
18762846 44.571107
18762345 44.597645
18761826 44.635204
18760579 89.698380
18760459 89.706657
18760171 89.706985
18760153 89.761838
18759261 89.773005
18758742 89.831767
18758633 89.861062
18756637 89.924210
18756354 90.059542
18756146 90.098733
