24768696 2.587119
24660851 2.587133
24536234 2.587134
24424722 2.587135
24376500 2.587136
24372108 2.587138
24363270 2.587139
24348320 2.587140
24335786 2.587142
24225942 2.955175
24215475 3.325158
24156749 3.694880
24116351 4.067695
24105615 4.439622
24091650 4.811787
24089798 5.183262
24080433 5.555762
24071123 5.928250
24069927 6.298332
24061444 6.668283
24021525 6.668287
24014528 7.035688
24013554 7.402038
24008559 7.767089
23993614 8.131152
23983875 8.495012
23982508 8.857803
23980726 9.221169
23979356 9.584182
23973283 9.944576
23962333 10.303704
23962060 10.303708
23958522 10.661054
23954456 11.018125
23947496 11.018130
23942401 11.376463
23936755 11.732906
23931572 11.732910
23921135 12.090288
23919274 12.446326
23912996 12.799375
23889765 13.151442
23882921 13.504404
23878604 13.857166
23874934 14.207181
23872252 14.207186
23871687 14.558236
23869135 14.558240
23864497 14.558243
23863572 14.558244
23832101 14.906091
23831577 15.254325
23824995 15.254329
23820728 15.600212
23798551 15.600216
23776622 15.946243
23774360 16.290021
23768310 16.633545
23768278 16.976506
23755877 17.318074
23751668 17.658100
23745131 17.998185
23732972 18.335752
23726133 18.672833
23725389 19.010335
23720642 19.010341
23716198 19.346666
23698091 19.346670
23695871 19.679808
23684617 20.011563
23675348 20.011568
23668355 20.341328
23658571 20.341333
23638074 20.669896
23622321 20.999549
23621075 21.327155
23620908 21.653121
23618812 21.977792
23595336 22.303198
23592077 22.626551
23580105 22.949155
23559526 23.269805
23553632 23.590162
23546073 23.909744
23536540 24.225515
23525071 24.541012
23520595 24.854402
23514722 25.167281
23506061 25.480210
23493299 25.790714
23486291 26.100682
23484786 26.408632
23484707 26.714869
23482505 27.019453
23481625 27.322008
23480254 27.322014
23480114 27.623940
23475318 27.623944
23471888 27.623946
23470020 27.623947
23469659 27.923524
23460045 27.923528
23453494 28.223076
23448092 28.522107
23439060 28.818366
23434845 29.114631
23431517 29.408185
23420135 29.702878
23417604 29.993265
23414799 30.281945
23413892 30.281949
23408743 30.570686
23402627 30.857449
23392533 30.857454
23385909 31.140467
23381643 31.140471
23381611 31.423429
23373113 31.704243
23371332 31.984168
23370451 32.266567
23366647 32.549927
23364731 32.549932
23359451 32.829073
23357810 33.102284
23352277 33.102288
23350912 33.372810
23348143 33.641294
23347085 33.910533
23342683 33.910537
23341378 34.441161
23338684 34.705765
23336990 34.967384
23331774 34.967389
23331556 35.228579
23330836 35.228584
23329526 35.489513
23328998 35.489518
23326805 35.744341
23317153 35.744345
23314868 35.997863
23302874 36.252431
23302487 36.504635
23299328 36.755017
23294506 37.002417
23293910 37.249207
23293458 37.740119
23289523 37.740124
23289512 37.980256
23288827 38.696370
23288822 38.928961
23288113 39.160326
23287608 40.292589
23287108 42.203121
23286907 42.405513
23286784 42.606992
23286410 43.003152
23286346 43.198284
23285978 43.198288
23285968 43.390141
23284799 45.986586
23284799 647.022284
