24831600 2.620393
24772746 2.620409
24569600 2.620410
24463725 2.620411
24422321 2.620413
24400653 2.991562
24370802 3.364003
24332707 3.736656
24321752 4.110049
24271563 4.484085
24252703 4.856826
24229504 5.232096
24212182 5.606084
24207171 5.978120
24185585 6.349220
24184223 6.720426
24183290 7.090136
24182635 7.458515
24157491 7.828746
24125229 8.195499
24124601 8.562434
24122199 8.926566
24118154 9.292400
24116940 9.654731
24112602 10.017964
24108456 10.017969
24103999 10.379837
24098944 10.739720
24095406 10.739726
24086958 11.099924
24084649 11.099929
24058783 11.458128
24057639 11.458133
24045641 11.817115
24033420 12.174199
24024696 12.529891
24024406 12.885071
24017512 12.885076
23999327 13.239942
23974730 13.593186
23971333 13.946067
23971019 14.296482
23967892 14.646960
23894750 14.646966
23894514 14.996272
23857511 15.343903
23848974 15.690335
23845237 16.036592
23836814 16.380746
23811364 16.722932
23799898 17.066043
23784911 17.406384
23768250 17.747490
23756683 18.085847
23747992 18.422748
23732897 18.759391
23731138 19.096011
23725869 19.429605
23725828 19.763368
23718461 20.095844
23702632 20.426000
23694213 20.756764
23686957 21.083607
23675854 21.410147
23660485 21.735505
23644763 22.059901
23640695 22.382235
23636245 22.701544
23633484 23.021115
23624868 23.338273
23621848 23.655787
23617116 23.655791
23613446 23.972854
23609904 23.972858
23601153 24.287340
23593961 24.287344
23590025 24.607468
23588827 24.607472
23587874 24.919681
23561416 24.919686
23544560 25.231379
23536141 25.542763
23518655 25.851337
23515048 26.157211
23511698 26.463428
23508078 26.768413
23501984 27.070595
23501917 27.371946
23487527 27.671611
23479519 27.971968
23471877 28.268899
23468142 28.563383
23459648 28.858640
23458517 29.151032
23458431 29.443096
23457990 29.732959
23452351 30.021461
23450387 30.307466
23449383 30.593005
23447639 30.879976
23445931 31.166358
23443621 31.448078
23439215 31.727805
23430808 32.007004
23430732 32.558317
23428664 32.831822
23422390 33.105020
23421929 33.909773
23418579 34.174460
23418107 34.438081
23417900 35.216528
23416506 35.473893
23416045 35.726388
23415958 35.977906
23415942 35.977909
23411970 35.977912
23411575 35.977914
23410732 36.228179
23407661 36.228183
23407598 36.228185
23393342 36.475786
23391061 36.721593
23390600 36.965884
23388829 36.965888
23387376 37.207426
23386171 37.446757
23385225 37.446760
23384229 37.685335
23383178 37.921224
23382199 37.921229
23381007 38.388143
23380011 38.619584
23378965 38.847282
23377876 39.072583
23377438 39.297853
23376577 39.517906
23374451 40.165797
23374431 40.585691
23368116 40.585695
23367622 40.791631
23367595 40.993743
23366497 41.196708
23366497 642.211577
