24626591 2.581882
24509900 2.581899
24485332 2.581900
24372033 2.581901
24324234 2.581902
24229533 2.581903
24218010 2.581906
24210177 2.947533
24197346 2.947538
24118508 3.314391
24088418 3.681100
24055722 4.050176
24043832 4.050180
24029432 4.416690
24006236 4.785223
23990532 5.154163
23982812 5.519581
23958799 5.885637
23957746 6.253201
23953900 6.619600
23949794 6.981593
23944254 7.346326
23936350 7.346331
23929117 7.707698
23890897 8.070077
23888410 8.431211
23885659 8.791252
23883690 9.149052
23882246 9.505529
23870217 9.863117
23867990 10.217758
23864191 10.573179
23863091 10.928904
23834635 11.289783
23823775 11.643813
23812631 11.995570
23808367 12.346246
23802943 12.697253
23793397 13.046846
23791100 13.394557
23787167 13.394562
23785119 13.744100
23782087 14.091467
23773853 14.091472
23708509 14.437002
23701944 14.783000
23644618 15.127776
23643174 15.470233
23641515 15.814367
23640898 16.155914
23633282 16.495838
23628637 16.835093
23614469 17.175983
23609360 17.514185
23608613 17.849090
23598314 18.184972
23595215 18.518047
23592755 18.853353
23571536 19.185989
23556260 19.518676
23548361 19.850188
23535036 20.179564
23534201 20.508922
23532289 20.836211
23530480 21.161787
23518224 21.486579
23506028 21.811628
23503197 22.135228
23492528 22.457344
23491165 22.777440
23490356 23.095299
23481454 23.413030
23461554 23.413036
23461532 23.728392
23431781 24.044448
23417816 24.358371
23404865 24.672281
23391742 24.984923
23387741 25.293960
23338006 25.602450
23331875 25.910259
23330646 26.218139
23325848 26.523241
23313652 26.829670
23311094 27.132446
23310225 27.433492
23305196 27.734278
23303144 28.033381
23298571 28.330228
23290615 28.627927
23288987 28.922830
23288361 29.216592
23282220 29.509553
23273606 29.802032
23271122 30.090997
23267269 30.379348
23260447 30.663608
23256642 30.947938
23253135 31.231785
23249912 31.516726
23246864 31.804504
23243794 32.089277
23239279 32.373182
23232331 32.650992
23231160 32.924466
23229841 33.198704
23229481 33.470130
23229459 33.741343
23229372 34.007430
23227716 34.272517
23225328 34.536712
23224402 34.799318
23222232 34.799323
23220699 35.060204
23219690 35.318314
23219603 35.576664
23212010 35.832613
23211783 36.338263
23211553 36.588584
23211211 36.837190
23207888 37.082278
23205396 37.324589
23204748 37.567378
23203879 37.805568
23203455 37.805573
23196593 38.043794
23195697 38.279942
23195535 38.513719
23195290 38.745482
23193152 38.976970
23191761 39.208204
23188942 39.435084
23188228 39.659917
23186440 39.882376
23186080 40.103003
23185432 40.322226
23185250 40.755125
23185250 641.795049
