24798555 2.620192
24675686 2.620206
24628872 2.620207
24585501 2.620208
24501714 2.620209
24341494 2.620210
24300755 2.620212
24271045 2.620214
24259242 2.986081
24253981 3.353450
24228087 3.353455
24221656 3.721970
24203124 4.089089
24188547 4.455702
24174879 4.823611
24158075 4.823615
24156483 5.193674
24135464 5.193678
24126476 5.559889
24122648 5.924219
24116585 6.290439
24069374 6.654940
24063433 7.019193
24053251 7.383697
24045864 7.745353
24042175 8.107085
24040551 8.467336
24040021 8.826943
24030488 8.826947
24029416 9.187414
24022642 9.187417
24021839 9.546382
24014377 9.546386
23999580 9.905270
23990043 9.905274
23988480 10.262229
23986886 10.618718
23984025 10.974997
23983562 10.975000
23983547 11.328732
23974029 11.328735
23951677 11.682103
23948251 11.682107
23946437 12.034968
23938442 12.390721
23929448 12.747845
23928384 12.747849
23909555 12.747851
23905786 13.103707
23902115 13.458902
23900090 13.809243
23894008 14.158932
23888639 14.505692
23871562 14.850410
23870071 15.196181
23868701 15.196186
23857588 15.542064
23851002 15.542068
23847396 15.883950
23846898 16.227130
23840228 16.227134
23831989 16.567757
23804010 16.909561
23801744 17.248751
23785669 17.587668
23785174 17.924484
23785067 18.262006
23783789 18.262010
23774058 18.596024
23754633 18.596028
23752886 18.931337
23742952 19.265738
23735004 19.597880
23733456 19.927488
23730952 20.258152
23730646 20.587128
23726193 20.914216
23721853 20.914222
23712067 21.241122
23695645 21.241127
23689776 21.568342
23682716 21.568346
23665929 21.893013
23633343 22.217980
23620869 22.540793
23616833 22.863556
23611165 23.184709
23609394 23.503987
23607785 23.503990
23597936 23.820077
23583890 24.137235
23580039 24.451412
23569937 24.764802
23559817 25.075321
23523437 25.388109
23520064 25.699218
23511619 26.008119
23505572 26.316421
23502474 26.623648
23490658 26.927702
23481626 27.231732
23470268 27.534316
23464637 27.835349
23460793 28.133935
23451947 28.433793
23449616 28.733409
23445684 29.030053
23439653 29.323521
23433435 29.616820
23431518 29.908834
23426304 30.200000
23424849 30.200007
23419957 30.488374
23418502 30.488379
23414446 30.775543
23402159 30.775548
23400344 31.060387
23397704 31.345981
23394173 31.628697
23393185 31.909903
23392255 32.189547
23391889 32.467501
23387376 32.467506
23376434 32.743490
23372960 33.023107
23372355 33.023112
23366346 33.301889
23366077 33.301893
23362675 33.575846
23358176 33.575850
23356927 33.846383
23340103 34.114076
23332226 34.382539
23327497 34.648276
23324091 34.912220
23317728 35.173372
23313918 35.434086
23312985 35.692313
23312242 35.949454
23310048 36.204335
23309414 36.457642
23306164 36.708913
23303500 36.958198
23302697 37.205391
23302087 37.451176
23302063 37.696960
23301434 37.696964
23300747 37.941051
23300549 37.941055
23300094 38.181107
23299386 38.420106
23294132 38.420110
23293074 38.658997
23292806 38.894628
23292160 39.128368
23291142 39.361612
23291010 39.819537
23289008 40.046065
23288576 40.491930
23288178 40.710226
23287311 40.928257
23287253 41.143965
23285718 41.569477
23283042 42.188567
23281868 42.784791
23281700 43.918711
23281412 44.098729
23281412 645.126084
