29812638 5.259388
29794586 5.259403
29685101 5.259404
29684314 5.259405
29662213 5.259406
29642216 5.259408
29493138 5.259409
29393139 5.259411
29359097 5.926712
29348897 6.595774
29335222 7.264307
29302014 7.932555
29271891 8.599722
29252308 9.269132
29220729 9.936977
29171992 10.601312
29149423 11.257427
29121487 11.915424
29117652 12.572096
29045553 13.226859
29033063 13.877751
29011436 14.526806
29007820 15.175151
28996534 15.820250
28993461 16.463261
28992705 17.110202
28987874 17.752613
28984376 18.391156
28981209 19.026701
28977999 19.660141
28976464 20.291498
28955913 20.920540
28954108 21.550953
28950211 22.177028
28948911 22.800967
28947872 23.425220
28942007 24.049359
28939497 24.665875
28928480 25.287169
28922711 25.902750
28919145 26.518582
28915253 27.134442
28908701 27.745275
28907055 28.354084
28905463 28.963434
28903016 29.571084
28901259 30.177774
28900728 30.781814
28882384 31.383349
28876127 31.983186
28867099 32.591531
28863136 33.198428
28863073 33.793694
28851818 34.389402
28850426 34.982276
28849860 35.572714
28849797 36.164130
28849428 36.164134
28846187 36.751195
28844729 36.751201
28843365 37.337935
28842921 37.337939
28840290 37.924216
28833937 38.504816
28830063 38.504821
28820279 39.085670
28815907 39.665458
28788184 40.245031
28787215 40.819863
28778339 41.396051
28768441 41.969355
28766678 42.540978
28766139 43.111222
28761419 43.681992
28759002 44.253610
28757380 44.821080
28725769 45.387000
28722238 45.951514
28721944 46.513719
28721477 47.071769
28715559 47.633378
28712129 48.203929
28702963 48.770228
28699872 49.326474
28697638 49.882943
28691828 50.434718
28690817 50.985082
28687628 51.536848
28676502 52.083394
28668248 52.631676
28646547 53.177871
28645074 53.720911
28644349 54.261813
28643535 54.804263
28640025 55.345707
28639675 55.884637
28633359 56.423439
28632518 56.962562
28624078 57.499221
28617776 58.033031
28615188 58.566056
28608568 59.095779
28586781 59.629413
28580049 60.157628
28569677 60.683458
28566653 61.210579
28561694 61.736591
28537292 62.263865
28523468 62.790117
28518876 63.315105
28511241 63.837389
28508402 64.361224
28503039 64.881547
28492423 65.396975
28487236 65.913890
28473859 66.431493
28473628 66.950078
28471873 67.464028
28466331 67.979136
28441108 68.490144
28438631 69.002005
28424480 69.511796
28421159 70.020966
28420446 70.528767
28414287 71.038220
28413627 71.544779
28404425 72.052328
28402987 72.558785
28400545 73.064616
28397122 73.567940
28395823 74.070259
28394115 74.572327
28392783 75.075170
28391351 75.575159
28384433 76.073834
28378009 76.575328
28377012 77.071866
28376052 77.570154
28366478 78.067767
28362519 78.565109
28361578 79.062858
28341179 79.555119
28328817 80.048526
28321265 80.539512
28317783 81.031180
28314512 81.521149
28314330 82.008983
28310942 82.495845
28308827 82.982677
28301693 83.467029
28298412 83.952735
28295956 84.436120
28292081 84.916930
28288990 85.400114
28284417 85.882375
28275698 86.359673
28272604 86.839502
28264302 87.316306
28261068 87.791155
28257942 88.265309
28255751 88.739062
28253505 89.211343
28244905 89.684535
28236760 90.155015
28233339 90.623086
28232999 91.093390
28231333 91.560753
28227778 92.027306
28226563 92.490046
28226248 92.956054
28224734 93.419742
28219353 93.881831
28216630 94.341233
28210693 94.800779
28208197 95.257118
28207658 95.711966
28206163 96.166121
28204157 96.621138
28202387 97.073548
28200359 97.522561
28198055 97.969927
28194099 98.414376
28193699 98.860089
28193443 99.299368
28187061 99.737190
28186801 100.174138
28186450 100.610223
28185770 101.045594
28185225 101.478125
28183880 104.449580
28178635 104.449585
28178235 104.866534
28177896 105.281805
28175779 105.281810
28172534 105.693819
28171819 106.102239
28170364 106.509932
28166939 106.915430
28161714 107.317781
28158149 107.720894
28156605 108.119250
28156370 108.515881
28155983 108.910910
28151773 109.303038
28150446 109.694955
28145816 109.694961
28137940 110.084804
28136325 110.472023
28136086 110.856278
28133469 111.238460
28133118 111.992875
28131986 112.367087
28131742 112.740189
28131647 112.740195
28131305 113.108542
28129578 113.473808
28128651 113.836606
28128301 114.198346
28127726 114.558381
28127046 114.913555
28126187 115.268483
28124287 115.619753
28121882 115.619757
28121175 115.968543
28120446 116.314524
28119719 116.659231
28119319 117.000053
28118539 117.341176
28117994 117.677969
28117328 118.009514
28117094 118.339505
28117072 118.339509
28116604 118.669294
28115813 118.669299
28111272 118.991317
28110110 119.311766
28110080 119.632174
28109812 119.948610
28109573 120.260052
28109384 122.067893
28109384 723.139647
