29751896 5.291909
29701232 5.291921
29634438 5.291922
29584057 5.291924
29554205 5.291925
29531603 5.291926
29476865 5.291927
29459723 5.291928
29459017 5.291930
29423105 5.291931
29420983 5.959257
29410952 5.959261
29402413 6.628915
29382938 6.628919
29346375 7.295631
29337849 7.965534
29324009 8.632737
29319982 9.303319
29312009 9.303323
29305403 9.303325
29303835 9.967537
29279165 9.967541
29272900 10.632090
29257450 10.632094
29251176 11.296455
29248609 11.296459
29229959 11.959723
29217915 12.619234
29209841 13.274837
29198698 13.929410
29193205 13.929415
29193141 14.583458
29179462 14.583462
29167754 15.235956
29163483 15.235960
29160353 15.880015
29145789 15.880019
29125491 16.527140
29112715 17.175252
29091555 17.816318
29080550 18.459443
29068446 19.098596
29041455 19.743519
29039781 20.391482
29035877 21.027337
29030683 21.660148
29026111 22.289188
29024504 22.920164
29017168 23.546938
29013755 24.169295
29009951 24.795075
29004971 25.418829
28995325 26.038435
28988884 26.651361
28984991 27.267137
28984162 27.884009
28972864 28.497548
28971230 29.108128
28960759 29.717618
28956090 30.326485
28954798 30.931503
28953335 31.533598
28953220 31.533603
28949972 32.137159
28948392 32.740265
28947320 33.339941
28945778 33.339947
28943458 33.942546
28939824 33.942551
28936865 34.540366
28933027 35.136803
28932885 35.732865
28928923 35.732871
28925270 36.326139
28924342 36.326144
28922542 36.915675
28914277 37.504287
28904090 38.092290
28903675 38.092295
28896625 38.677471
28895163 38.677477
28856947 39.261188
28855893 39.843302
28845611 40.426377
28840568 41.006464
28835985 41.585072
28822420 42.162390
28814422 42.738066
28809933 43.314503
28802306 43.890247
28801783 44.462773
28760813 44.462778
28759498 45.034643
28757233 45.604399
28749897 46.170496
28748275 46.735562
28744774 47.299543
28740826 47.864526
28731710 48.424653
28725856 48.982741
28725392 49.539218
28712731 49.539222
28710671 50.095846
28693208 50.651068
28673854 51.207217
28665409 51.757669
28662434 52.309308
28661807 52.858286
28661259 53.404538
28639823 53.951140
28639018 54.493605
28627556 55.034680
28626484 55.577350
28622958 55.577354
28617907 56.116779
28617328 56.116783
28615772 56.659196
28599631 56.659200
28594375 57.195979
28589150 57.732591
28583090 58.267186
28578431 58.799952
28576404 58.799958
28559577 59.334026
28555048 59.864580
28543514 60.394881
28543417 60.924584
28533267 61.450723
28528484 61.976434
28521838 62.500659
28518223 63.025104
28513410 63.547922
28502145 64.070180
28492935 64.590629
28488304 65.111011
28481767 65.630224
28461356 66.146655
28461221 66.663730
28457943 67.179586
28454169 67.693518
28431937 68.207860
28429200 68.718708
28428326 69.228277
28420293 69.736351
28404099 70.245396
28404056 70.753447
28387146 71.258693
28379914 71.763242
28378232 72.277689
28373845 72.791586
28363309 73.304509
28360529 73.803683
28358395 74.303091
28356639 74.801378
28351665 75.299175
28348883 75.794744
28347662 76.289604
28346608 76.782720
28346237 77.275432
28344591 77.767833
28337978 78.259760
28328563 78.748191
28327316 79.235678
28323832 79.720980
28316488 80.204698
28309779 80.688313
28305221 81.171292
28295130 81.652678
28294600 82.131194
28292828 82.131198
28291487 82.610065
28289103 82.610069
28287941 83.087842
28285797 83.087845
28280435 83.562713
28277447 83.562717
28277366 84.037035
28271173 84.507831
28269491 84.977465
28266018 84.977468
28262746 85.448430
28259594 85.919269
28258986 85.919273
28256219 86.383847
28252254 86.848838
28251697 86.848842
28248749 87.316263
28246254 87.779499
28245734 87.779503
28243207 88.240772
28243020 88.240776
28240928 88.698898
28232778 88.698902
28224635 89.155642
28221357 89.610267
28218469 90.064498
28217743 90.515828
28213873 90.966032
28212819 91.415395
28211116 91.415399
28206780 91.862108
28202963 92.309334
28200505 92.309337
28200324 92.753758
28191797 92.753762
28188334 93.194214
28187061 93.634981
28183852 94.074289
28179652 94.506804
28179033 94.940875
28177827 95.371214
28176845 95.371219
28175600 95.798905
28173835 95.798909
28172812 96.223185
28172494 96.223189
28167584 96.645321
28162392 96.645347
28161860 97.064406
28149813 97.064411
28149159 97.484126
28145764 97.899044
28144479 98.311129
28137764 98.311137
28134908 98.721013
28134372 99.127976
28132425 99.534073
28130160 99.938089
28128560 100.337424
28121278 100.735333
28115260 101.131289
28114728 101.524012
28114399 101.524015
28114101 101.914699
28110642 101.914703
28109296 102.305864
28107093 102.690879
28105901 102.690883
28100969 102.690885
28098934 103.073261
28096639 103.452397
28093404 103.452403
28092196 103.828451
28090919 103.828455
28089350 104.203197
28086253 104.573803
28084653 104.942853
28083307 105.307791
28079792 105.670085
28078373 106.033297
28073462 106.388813
28071790 106.388818
28070899 106.743909
28070108 106.743914
28069210 107.095290
28067881 107.095295
28067057 107.442617
28066249 107.442622
28065075 107.788347
28064436 107.788350
28063250 108.130105
28061353 108.130111
28060821 108.130113
28060736 108.468895
28060599 108.802735
28060482 109.135055
28059335 109.464360
28058632 109.792126
28058268 109.792131
28057189 110.115334
28056902 110.433661
28056624 110.433666
28056028 110.750724
28056009 110.750728
28055023 111.064518
28054736 111.373732
28053875 111.680033
28053638 111.986761
28053627 112.283652
28053152 112.580177
28052781 112.580182
28052781 713.650159
