29839129 5.304684
29742524 5.304698
29723630 5.304699
29663915 5.304700
29662186 5.304701
29658622 5.304702
29469312 5.304703
29454566 5.304704
29427778 5.304706
29354818 5.304708
29275223 5.968601
29255762 6.633242
29232556 7.298658
29224823 7.962180
29217212 7.962185
29212879 8.623063
29208465 8.623068
29184442 9.283610
29165772 9.283614
29152912 9.945496
29127529 10.604127
29126998 11.262938
29112039 11.916558
29101632 12.568313
29097926 13.216979
29068072 13.866279
29042002 14.514458
29031138 15.158452
29024196 15.799687
29013959 16.439855
29008981 17.076160
29000754 17.712342
28990181 18.347489
28978500 18.980159
28975536 19.610038
28957528 20.235339
28945921 20.860840
28943758 21.483710
28943314 22.108896
28939376 22.729848
28939054 23.349111
28935086 23.965685
28924163 24.581611
28922118 25.196392
28918074 25.805849
28912624 26.415817
28912120 27.023705
28911918 27.023709
28909338 27.627542
28885891 27.627547
28877943 28.233124
28865023 28.837100
28858612 29.441843
28856924 30.041317
28851624 30.639545
28845761 31.236092
28839721 31.832749
28820850 32.428702
28819993 33.021545
28818711 33.614444
28816571 34.205315
28814339 34.792660
28813744 35.380302
28810361 35.966653
28806111 36.548724
28800187 37.131259
28770746 37.711628
28770108 38.290637
28764603 38.866165
28754721 39.443956
28754399 40.018720
28753370 40.592093
28751954 41.162139
28745319 41.733263
28742471 42.302842
28739203 42.871512
28733208 42.871517
28715123 43.437797
28707149 43.437801
28673864 44.000912
28673408 44.563038
28672186 45.123201
28671061 45.682457
28667956 46.238445
28656768 46.794430
28650798 47.348927
28643908 47.900221
28641870 48.452233
28641670 49.000934
28641455 49.547955
28622028 49.547960
28616156 50.094997
28599385 50.640432
28594614 51.185675
28580703 51.728215
28564059 52.271258
28533303 52.813585
28532104 53.354081
28530327 53.891112
28523832 54.429150
28519291 54.965409
28511840 55.500497
28464058 56.035271
28463658 56.566999
28454039 57.097742
28446567 57.623083
28443677 58.150930
28441402 58.677108
28440589 59.203202
28438834 59.725920
28419161 60.248409
28414419 60.770543
28407495 61.289526
28404077 61.808716
28403139 62.323504
28395729 62.840063
28386772 63.353690
28385618 63.868829
28379413 64.380328
28375671 64.891708
28371011 65.402193
28365926 65.910250
28360314 66.414945
28359751 66.923231
28349981 67.440048
28349278 67.950986
28347567 68.452621
28344458 68.953579
28341070 69.455030
28326714 69.953905
28323821 70.452870
28320700 70.950325
28318271 71.448348
28315627 71.943564
28315086 72.436821
28312191 72.930668
28310780 73.423969
28307092 73.915677
28298660 74.406707
28296060 74.896142
28292428 75.382114
28276579 75.868595
28275236 76.354552
28274691 76.841481
28273528 77.324099
28264667 77.803532
28262597 78.283709
28259709 78.761810
28254800 79.238360
28248610 79.715079
28246720 80.191573
28245427 80.667301
28243473 81.139767
28242821 81.612568
28241330 82.086171
28234022 82.554280
28228995 83.021065
28223003 83.021071
28220369 83.484189
28216409 83.950974
28213227 84.415197
28212100 84.878683
28206489 85.339855
28205086 85.799734
28204834 86.258012
28204353 86.716653
28203800 87.173657
28184917 87.627910
28178832 88.084519
28178401 88.536051
28178149 88.984435
28174930 88.984441
28172225 89.431693
28168655 89.878675
28166226 90.323400
28163501 90.764414
28162083 91.208019
28160740 91.648209
28159714 92.090014
28158088 92.090019
28158009 92.530073
28156006 92.530077
28153938 92.964798
28147393 92.964802
28146221 93.396261
28145531 93.827551
28144341 93.827554
28141042 94.259189
28140479 94.686916
28137264 95.114012
28132499 95.542337
28130198 95.965882
28128427 96.388342
28124959 96.808468
28113054 97.226889
28103855 97.642989
28102221 98.055985
28101506 98.465737
28098494 98.877319
28097398 99.286040
28096080 99.693203
28095040 100.094965
28094461 100.495461
28093888 100.894461
28092574 101.293857
28092251 101.689229
28090652 102.082046
28090171 102.474075
28089583 102.862448
28089331 103.249456
28088938 103.249460
28088418 103.635100
28083353 104.402332
28083031 104.780987
28082999 105.156017
28076077 106.274570
28075387 107.004238
28067311 108.445691
28066044 110.194623
28065792 110.875296
28065670 113.834239
28065509 114.150647
28065497 114.777306
28065309 115.088963
28065171 115.706757
28064718 116.610718
28064028 117.494464
28063867 117.783149
28062964 120.303452
28062964 721.409430
