30420188 5.295935
30261168 5.295948
30096422 5.295949
30034121 5.295950
30009140 5.295951
29969653 5.295953
29905763 5.295954
29891195 5.295956
29889788 5.971136
29889332 5.971140
29807728 5.971141
29783247 6.649542
29765296 7.326451
29755151 8.003546
29742651 8.679864
29734010 9.354090
29713728 10.029300
29706189 10.709913
29692414 10.709918
29683264 11.385404
29674541 12.054395
29673878 12.054399
29668932 12.722518
29655969 12.722523
29644551 13.390156
29633256 14.055392
29622516 14.716816
29617253 15.376416
29608441 15.376421
29608087 16.028671
29596869 16.028675
29595607 16.696534
29582579 17.360446
29580474 18.009339
29577259 18.009343
29572277 18.009345
29562436 18.658628
29557602 19.303912
29542794 19.303917
29542006 19.949065
29536928 19.949070
29509446 20.592464
29504272 21.231476
29501745 21.871794
29500005 22.510433
29497598 23.143177
29497128 23.143181
29496585 23.774979
29495805 23.774983
29481848 23.774985
29478183 24.403287
29462948 25.032660
29439076 25.656641
29436869 26.281796
29433354 26.904421
29418582 27.525487
29400162 28.145978
29398111 28.761457
29394932 29.375237
29393503 29.988491
29393260 30.603134
29387635 31.213527
29383709 31.824048
29382528 32.430967
29374251 33.035582
29370378 33.637036
29369888 34.238292
29368845 34.838153
29363364 35.438049
29359188 35.438053
29352857 36.035595
29350205 36.035599
29350120 36.630867
29338699 36.630872
29335732 37.222995
29328818 37.222999
29327225 37.818813
29323716 38.410967
29315266 38.999570
29314026 39.587661
29312145 40.173554
29311091 40.755569
29306618 41.337816
29278042 41.337822
29266758 41.919831
29259053 42.500895
29258027 43.076334
29246841 43.650708
29246506 44.227832
29231469 44.802493
29222485 44.802497
29214919 45.373526
29213296 45.942320
29211281 46.509217
29208635 46.509221
29204157 47.078000
29200142 47.078005
29194843 47.646211
29177518 48.211435
29169844 48.773779
29169031 49.336096
29167407 49.896483
29151125 50.455799
29147512 51.010512
29144233 51.567074
29143919 52.121426
29141734 52.674272
29130413 53.226623
29124181 53.780992
29114766 54.331490
29089173 54.880821
29086501 55.427579
29086126 55.973961
29085788 56.517292
29074718 57.059535
29073094 57.600327
29067971 58.139142
29065427 58.680214
29061089 58.680219
29057090 59.215782
29053636 59.751092
29051443 59.751099
29035805 60.284913
29027468 60.817955
29025916 61.348599
29016650 61.348605
29001741 61.877317
28995480 62.408854
28993067 62.936916
28991531 63.463478
28982431 63.990769
28981398 64.515293
28979537 64.515299
28973778 65.041845
28970136 65.563652
28961377 66.085368
28943938 66.603738
28939355 67.123460
28931594 67.643980
28929218 68.160845
28928842 68.160849
28928414 68.676717
28918153 68.676721
28897597 69.191451
28895676 69.706417
28890447 70.220777
28890335 70.220782
28886902 70.733827
28884023 71.246310
28880335 71.756900
28860457 72.266584
28857029 72.774735
28854005 73.280463
28846302 73.784476
28840288 74.289480
28836147 74.791839
28817731 75.296173
28815905 75.796954
28812578 76.300332
28811536 76.801073
28805850 76.801079
28801110 77.299496
28799724 77.799439
28797112 78.294029
28785704 78.789506
28782760 79.285580
28764374 79.777709
28757992 80.270641
28752636 80.763457
28750488 81.253368
28746444 81.742892
28746362 82.231615
28743052 82.719927
28738988 83.207622
28735191 83.207626
28730284 83.694293
28721249 84.179261
28719062 84.661498
28715662 85.145053
28712922 85.627773
28709522 86.108664
28709278 86.588919
28706070 86.588924
28704622 87.064670
28701800 87.064675
28697959 87.540789
28694465 88.015341
28685794 88.015348
28677137 88.487603
28662959 88.959625
28657581 89.433196
28653422 89.903580
28649844 90.369463
28645703 90.836975
28638341 91.300006
28636469 91.764447
28632849 92.227409
28630006 92.687020
28623706 93.148689
28614167 93.604853
28610994 93.604857
28608923 94.058463
28606588 94.511905
28603816 94.963679
28599465 95.414115
28596314 95.864641
28589086 96.309617
28583230 96.754475
28578032 97.197354
28576575 97.634493
28575746 98.073330
28573383 98.509255
28566887 98.509261
28562867 98.941728
28562055 99.372761
28561454 99.801303
28557193 99.801309
28555525 100.229927
28551045 100.653806
28549984 101.074122
28541781 101.494428
28537836 101.914162
28537151 102.331399
28537132 102.745973
28535159 103.159777
28534929 103.568183
28534781 103.974903
28533088 104.379737
28530004 104.785365
28526704 104.785371
28526457 105.184857
28524532 105.582311
28524255 105.980623
28523414 106.372291
28520947 106.372296
28519119 106.761689
28518298 107.150684
28517900 107.535444
28514573 107.915750
28513845 108.295201
28513177 108.673642
28511836 109.047140
28509638 109.417079
28506760 109.784889
28506527 110.151208
28506415 110.514099
28505747 110.875714
28505329 111.232168
28504247 111.585601
28504054 111.937832
28503764 111.937838
28501500 112.285424
28500464 112.629721
28499323 112.970239
28498638 113.307815
28493258 113.307821
28492559 113.645435
28491813 113.977791
28491786 114.307175
28491351 114.634028
28491122 115.279910
28490701 115.596304
28483359 115.596308
28480426 115.596310
28479758 115.911242
28478716 116.222738
28475756 116.530355
28475338 116.836788
28475082 117.138389
28474595 117.438275
28474318 118.026410
28474188 118.317074
28474188 719.357015
