30108547 5.393079
30034030 5.393096
30022328 5.393097
29999678 5.393099
29806903 5.393100
29768665 6.060533
29750426 6.728548
29737368 7.400663
29712519 8.071786
29701518 8.737667
29682308 9.406170
29666561 10.072604
29606361 10.736045
29598003 11.399723
29590936 12.059878
29586602 12.718718
29574728 13.375725
29572636 14.031434
29561424 14.688782
29542394 15.340651
29540010 15.986887
29508234 16.634098
29499714 17.278711
29497577 17.921452
29493816 18.562455
29488193 19.204510
29480353 19.840604
29478502 20.477344
29470291 21.110682
29466145 21.743746
29464100 22.374974
29461442 23.003505
29455047 23.632426
29450862 24.255819
29449380 24.877318
29444680 25.497794
29409381 26.117181
29394779 26.732847
29390514 27.348435
29388727 27.963071
29379448 28.572576
29376214 29.183849
29373929 29.794301
29372835 30.404823
29364173 31.018355
29359772 31.632221
29343833 32.236761
29341850 32.841486
29336457 33.441033
29334063 34.041223
29330300 34.635519
29325481 35.231112
29320843 35.824546
29320146 36.419143
29317757 37.014385
29316004 37.603584
29313582 38.193668
29293701 38.777703
29289696 39.363162
29274285 39.947538
29265559 40.528599
29256172 41.108797
29254863 41.688151
29254862 42.264764
29243428 42.837444
29237689 43.411534
29233129 43.983525
29228716 44.555759
29218413 45.127430
29214308 45.695918
29199062 46.262344
29194324 46.828488
29193433 47.394139
29182410 47.958867
29176195 48.518240
29168232 49.081569
29159506 49.642046
29150527 50.200897
29150015 50.757645
29148415 51.314368
29141968 51.866530
29136156 52.419308
29128546 52.970305
29119097 53.521749
29114742 54.071759
29106276 54.619136
29103251 55.165498
29099711 55.708559
29090739 55.708566
29088729 56.253157
29087382 56.795446
29070955 56.795452
29070697 57.336633
29066999 57.336639
29061694 57.875793
29059589 58.414018
29057811 58.951222
29049385 58.951228
29042120 59.488054
29033439 60.019436
29018537 60.554076
29017061 61.086095
29015519 61.615902
28993938 62.144333
28992727 62.673082
28991066 63.200850
28980106 63.728305
28976274 64.256569
28969525 64.779782
28964676 65.302452
28963878 65.825008
28961431 66.345888
28960939 66.868823
28954798 67.397570
28943407 67.927055
28942910 68.447460
28919494 68.961804
28917522 69.476683
28907770 69.988942
28902540 70.500494
28894473 71.013337
28887410 71.523056
28881409 72.032673
28875897 72.540719
28867949 73.046831
28862926 73.553119
28860879 74.057861
28860685 74.563496
28858990 75.066642
28856332 75.568906
28835655 76.068233
28828743 76.568667
28827572 77.067291
28803011 77.565745
28793069 78.062004
28792471 78.557807
28792139 79.050122
28774763 79.542398
28763918 80.033315
28753983 80.523901
28746009 81.011370
28741374 81.500998
28736821 81.989192
28733122 82.476209
28717913 82.963149
28712542 83.445992
28708014 83.928940
28703654 84.408853
28699501 84.888796
28697343 85.370139
28693393 85.848832
28684503 86.326320
28675509 86.801130
28674001 87.274238
28670249 87.746893
28662740 88.219324
28660405 88.686397
28656604 89.154069
28651026 89.621437
28649491 90.089276
28648854 90.553930
28648023 91.018758
28646632 91.476173
28645639 91.933403
28643708 92.391695
28642282 92.849739
28641374 93.304961
28641193 93.754749
28636455 94.206567
28636300 94.653633
28635018 95.102242
28633871 95.548104
28631335 95.988806
28626108 96.431769
28620346 96.871430
28618299 97.308230
28615435 97.743401
28607378 98.178680
28602118 98.611177
28599701 99.039755
28597047 99.467877
28594880 99.891685
28592792 100.315259
28587914 100.736337
28582158 101.155275
28578609 101.570452
28576484 101.986378
28576007 102.400897
28574482 102.812716
28573982 103.221559
28571263 103.629731
28569875 104.036097
28568856 104.438450
28567155 104.840542
28564605 105.238553
28563619 105.634295
28559110 106.028536
28556517 106.421205
28554528 106.810074
28553535 107.199263
28546932 107.584858
28546295 107.969682
28545762 108.349783
28544814 108.727796
28543643 109.101939
28539418 109.475956
28538922 109.845161
28537728 110.215070
28537211 110.581251
28536826 110.943745
28531643 110.943752
28526943 111.306790
28526885 111.664689
28526881 112.019242
28526840 112.374378
28526039 113.073014
28525580 114.441702
28525383 114.779162
28525078 115.112908
28524653 115.442601
28523860 115.442608
28523284 115.770970
28522023 116.096011
28520774 116.096017
28519800 117.058586
28519438 117.374177
28519354 120.085739
28518992 120.373404
28518909 120.939455
28518909 721.993920
