30103380 5.357624
30060280 5.357636
30034762 5.357637
29991707 5.357638
29937609 5.357639
29918059 5.357640
29913332 5.357641
29853685 5.357643
29740040 5.357644
29710679 6.030056
29689794 6.704610
29669980 7.377098
29558718 8.053083
29553716 8.727108
29525940 9.399850
29520394 10.070488
29500215 10.743244
29476554 11.413856
29474572 12.082470
29466277 12.746634
29461788 13.409901
29455465 14.068709
29446886 14.723166
29445135 15.376989
29437607 16.027984
29432915 16.678249
29431053 17.326335
29424720 17.971322
29422782 18.612484
29412410 19.253586
29406276 19.890225
29401202 20.526713
29399135 21.161042
29390910 21.794966
29388939 22.424976
29384389 23.055132
29384200 23.684892
29374773 24.312183
29365198 24.935248
29358045 25.554924
29357643 26.178619
29345534 26.795591
29343628 27.413155
29340806 28.027252
29339006 28.640180
29337214 29.251246
29337207 29.860771
29329249 30.468591
29325211 31.078438
29312169 31.682732
29295036 32.288795
29279567 32.890098
29271198 33.491207
29244819 34.090911
29243549 34.688188
29233675 35.286159
29231470 35.882362
29230495 36.473309
29228966 37.074701
29227141 37.676766
29221440 38.275543
29207052 38.872952
29206112 39.456071
29205595 40.040255
29197701 40.620985
29187746 41.199667
29181825 41.778781
29181236 42.356581
29180197 42.932084
29175180 42.932089
29174516 43.504840
29173947 44.076258
29171258 44.647935
29170306 45.218941
29165832 45.789489
29157737 46.360374
29133588 46.926215
29132786 47.490698
29131742 48.054153
29128444 48.616056
29120958 48.616061
29119095 49.177094
29105872 49.737512
29098141 50.296805
29082749 50.854269
29081964 51.408915
29072111 51.408919
29071435 51.962517
29044714 51.962520
29042140 52.515638
29041202 53.067005
29040927 53.618375
29029945 53.618379
29019498 54.169374
29019496 54.717272
29016526 55.263488
29014169 55.811368
29012280 55.811372
29003767 56.357753
28999939 56.900626
28990166 56.900631
28989100 57.443854
28984330 57.443858
28981514 57.982396
28949854 58.522642
28949123 59.060868
28942469 59.597736
28936776 60.134840
28932226 60.670119
28929568 60.670123
28921979 61.204716
28919814 61.737299
28919185 62.272800
28918728 62.272805
28917359 62.801974
28907004 62.801979
28904375 63.332772
28903724 63.332776
28902526 63.332778
28897427 63.863668
28894045 63.863672
28891170 64.392821
28870904 64.392825
28869244 64.920702
28862568 65.446508
28854813 65.973055
28852077 66.495221
28851119 67.018456
28850601 67.018460
28850216 67.537983
28847052 67.537986
28844699 67.537988
28841799 68.058405
28830973 68.058408
28826332 68.577134
28815559 69.097488
28801701 69.616029
28799352 70.133455
28795490 70.649088
28790463 71.162377
28780576 71.673711
28776735 72.183040
28773878 72.695652
28772499 73.204867
28770318 73.716627
28750901 74.221786
28743268 74.221791
28729506 74.728404
28725559 75.235366
28724957 75.741609
28722735 76.246199
28720683 76.752387
28719505 77.253146
28719400 77.754562
28707683 78.255171
28700719 78.752906
28693827 79.251589
28684373 79.749122
28676727 80.246684
28674450 80.742502
28666487 81.238727
28649492 81.733476
28647550 82.227594
28643143 82.718955
28639342 83.210693
28638643 83.700934
28638497 84.189976
28633381 84.678505
28632601 84.678510
28630067 85.167301
28618748 85.167306
28612858 85.653592
28610876 86.137189
28608431 86.621515
28602240 87.106611
28601183 87.589303
28599738 88.072154
28594874 88.552019
28593886 88.552024
28588000 89.031502
28584263 89.511456
28577956 89.511461
28569319 89.991122
28567887 90.466545
28567783 90.941023
28564100 91.414714
28562461 91.888493
28560280 92.360634
28558454 92.833583
28556530 93.305425
28555310 93.773645
28555015 94.240918
28553610 94.706571
28552118 95.170101
28531137 95.631656
28520223 96.093142
28517018 96.552645
28510337 97.007157
28509072 97.463247
28506637 97.917878
28503299 98.371668
28500018 98.821195
28479195 99.268275
28474688 99.716207
28471131 100.161030
28468922 100.604691
28465109 101.048390
28464810 101.487670
28461567 101.926335
28460347 102.363566
28456605 102.797811
28455527 103.231560
28454246 103.665269
28450821 104.098094
28450677 104.528578
28449824 104.954711
28443532 105.376881
28442717 105.800046
28442408 106.220821
28434832 106.639439
28432248 107.050687
28427044 107.463519
28426915 107.875740
28425397 108.285588
28424593 108.690856
28420853 109.498249
28420198 109.897314
28419196 110.691032
28418580 112.635654
28413680 113.395729
28411655 113.771160
28411255 114.519067
28410787 115.985948
28410658 116.344301
28410160 116.702051
28410102 117.412381
28410092 117.762376
28409288 119.479197
28409288 720.549109
