29577023 5.268337
29480218 5.268351
29435849 5.268352
29430776 5.268354
29410978 5.936188
29385172 5.936192
29363880 6.607559
29328190 7.274645
29319846 7.940267
29312147 7.940271
29261583 7.940272
29229931 8.609591
29218191 9.274316
29215374 9.938953
29204513 9.938957
29187948 9.938959
29151594 10.603557
29139825 11.266176
29131939 11.925041
29113612 12.582033
29095905 13.236094
29090735 13.889036
29077763 14.539387
29071295 15.186660
29067402 15.834610
29065267 16.476729
29059467 17.118358
29049926 17.763763
29039354 18.401867
29039046 19.034478
29015876 19.666757
29015719 20.297452
29008470 20.927704
29007605 21.556638
29002722 22.184691
28994054 22.805483
28965927 23.426863
28950073 24.046749
28948202 24.665272
28946169 25.280747
28937034 25.897261
28936840 26.511820
28927621 27.126104
28916009 27.736487
28911931 28.346316
28906843 28.954483
28902425 29.560792
28899049 30.165532
28897200 30.767742
28894463 31.370989
28887690 31.970387
28886626 32.567895
28883989 32.567901
28879503 33.166759
28873130 33.166764
28856215 33.765920
28838865 34.360358
28838442 34.953002
28832639 35.544621
28831008 36.132937
28820585 36.721859
28820174 37.307159
28812397 37.892158
28792241 38.477090
28774104 39.058609
28772179 39.637803
28769156 40.218999
28765040 40.797299
28761142 41.373778
28753171 41.950028
28745087 42.524922
28734678 43.097713
28734074 43.667507
28733753 44.235793
28732407 44.803560
28731919 45.372467
28727989 45.372472
28727309 45.372475
28722632 45.939242
28710359 45.939247
28707443 46.505854
28695696 47.067226
28688932 47.067232
28685443 47.627417
28681313 47.627421
28680708 47.627424
28675893 48.186824
28672953 48.746932
28671246 49.301862
28668583 49.301866
28655366 49.857931
28654399 50.410995
28652418 50.411000
28649802 50.965171
28634110 50.965177
28622982 51.515671
28612480 52.066102
28610763 52.614841
28609945 53.157944
28609286 53.705722
28607848 53.705726
28594508 54.251515
28594051 54.797333
28591426 55.338243
28589687 55.338247
28585769 55.338250
28584533 55.879181
28577914 56.418256
28577630 56.418261
28577147 56.956515
28556952 56.956521
28552276 57.494491
28544352 58.027256
28534819 58.560418
28524485 59.093238
28519094 59.625969
28510841 60.158063
28506552 60.687101
28505582 61.217448
28505073 61.742776
28485194 62.266310
28478104 62.791122
28460030 63.316284
28459064 63.839117
28457057 64.359923
28445035 64.878713
28441738 65.397405
28435132 65.918306
28434164 66.437629
28420054 66.954165
28411426 67.470236
28410738 67.982619
28397975 68.493367
28393146 69.003150
28391074 69.514346
28388834 70.024771
28383166 70.531972
28380242 71.036587
28377081 71.543370
28375190 72.045999
28370262 72.046005
28368180 72.548807
28365216 72.548812
28362324 73.051624
28358684 73.554746
28357202 74.057619
28354688 74.057625
28351437 74.558273
28338954 75.057103
28334947 75.553231
28334628 76.048735
28332080 76.048739
28329141 76.543660
28326256 77.037616
28314528 77.528882
28309902 78.020429
28308112 78.509218
28303765 78.999983
28301440 79.488226
28296379 79.976387
28293727 80.462291
28287076 80.947196
28280472 81.430125
28279176 81.911818
28277234 81.911823
28275967 82.390143
28267805 82.867878
28266401 83.346877
28255454 83.824048
28250702 84.303030
28245394 84.779645
28242494 85.253840
28235847 85.726525
28234166 86.197812
28229041 86.667808
28227034 87.134193
28226002 87.599601
28225131 88.063532
28221272 88.527711
28220344 88.990083
28217097 89.452918
28212676 89.912787
28210569 90.370749
28207436 90.370755
28207257 90.827688
28205464 91.283744
28204170 91.283750
28198227 91.739364
28197136 92.192457
28185262 92.192461
28177559 92.643846
28173265 93.091992
28169510 93.539178
28166502 93.985350
28166287 94.426462
28164701 94.867608
28161505 95.308105
28161020 95.744000
28159885 96.179802
28159497 96.612542
28149507 97.043966
28147556 97.474470
28146234 97.900455
28144818 98.323196
28142204 98.747351
28141377 99.585969
28140842 100.002549
28140323 100.418895
28139383 100.829286
28137118 100.829290
28134869 101.241205
28126645 101.647350
28124650 102.055669
28109495 102.458490
28106957 102.860462
28105708 103.262145
28104780 103.658152
28102650 104.053606
28100197 104.446504
28097885 104.838060
28096274 105.224228
28095139 105.610520
28093652 105.994464
28092749 106.376490
28092264 106.758220
28091771 107.137533
28090577 107.514682
28089751 107.888262
28089166 108.256181
28089032 108.626310
28088507 108.991719
28087983 109.354877
28087506 109.716905
28086963 110.078303
28086246 110.435942
28086031 110.791717
28085890 111.144550
28085142 111.493289
28085025 111.840234
28084958 112.184746
28084947 112.526533
28083405 115.811798
28083037 116.127057
28082659 117.356648
28082374 117.658786
28081719 118.544451
28081208 120.513884
28080550 120.785427
28080550 721.907524
