29920852 5.191164
29869296 5.191178
29830287 5.191179
29746803 5.191180
29744767 5.191182
29742300 5.191183
29520433 5.191184
29472030 5.856340
29447683 6.519307
29433405 7.191584
29413092 7.858701
29381346 8.519965
29359831 9.178625
29321193 9.838413
29308534 10.494030
29299614 11.150114
29290941 11.804752
29265814 12.457730
29253378 13.106604
29248252 13.754417
29246273 14.397461
29246106 15.040738
29242304 15.679464
29234613 16.315742
29228461 16.949771
29223609 17.583489
29221003 18.212863
29220617 18.840201
29183531 18.840205
29180648 19.467184
29178267 20.089861
29171590 20.711085
29164206 21.331671
29159092 21.950808
29159018 22.567951
29158143 23.183580
29152760 23.799549
29137710 24.411714
29111599 25.023599
29109934 25.632051
29102023 26.238492
29099045 26.842930
29094117 27.449145
29092601 28.051215
29091364 28.650519
29086842 29.249691
29084914 29.849111
29082037 30.446416
29077471 30.446419
29069016 31.040585
29068513 31.040589
29065946 31.633994
29061753 31.633997
29054635 32.222523
29045076 32.810483
29040563 33.401596
29035655 33.401601
29031347 33.986778
29031100 34.570630
28996291 35.152987
28995424 35.734439
28987900 36.312983
28987196 36.890529
28987071 37.466029
28983745 38.039398
28980093 38.610043
28977017 39.183005
28975879 39.754414
28967983 39.754418
28967088 40.323431
28946646 40.323435
28943450 40.890407
28935156 41.456911
28929866 42.022985
28920067 42.022988
28918854 42.584970
28917787 43.146258
28913216 43.710434
28911111 44.273944
28910433 44.273947
28870683 44.831884
28867193 45.387174
28859523 45.944149
28853798 46.499254
28852623 47.051671
28849969 47.604287
28837288 48.155022
28832077 48.703306
28831592 49.250689
28830329 49.798642
28821809 50.341120
28817584 50.884253
28803802 51.429554
28800879 51.972132
28800116 52.512028
28799587 53.052159
28787060 53.590093
28783257 54.126203
28782995 54.660659
28780953 55.193810
28778190 55.727589
28773554 56.256780
28768683 56.784115
28766083 57.313381
28764491 57.839749
28761968 58.364064
28741360 58.364068
28736776 58.891697
28728785 59.414287
28717637 59.935007
28713993 60.453256
28709478 60.970408
28708604 60.970413
28700475 61.488151
28697728 62.002923
28697395 62.518735
28691551 62.518739
28690938 62.518741
28676185 63.031455
28669903 63.543997
28664240 64.052334
28664234 64.564090
28662945 65.075981
28641643 65.075986
28617132 65.585069
28615569 66.095906
28614285 66.601711
28606781 67.107998
28604166 67.611339
28596686 68.112122
28584448 68.612212
28579736 69.110866
28579126 69.609428
28568684 70.105535
28567694 70.601971
28567017 71.100240
28565636 71.594122
28563827 71.594126
28556152 72.089760
28549051 72.089765
28541965 72.580962
28533300 73.072518
28525889 73.562407
28522481 74.050990
28522074 74.540462
28520708 74.540467
28499243 75.025954
28487522 75.511074
28483271 75.995050
28480320 76.477676
28477671 76.962137
28472619 77.445782
28472267 77.926101
28464348 78.404604
28460063 78.883611
28458467 79.360562
28451725 79.837953
28449378 80.312865
28448921 80.785228
28442829 81.258766
28441272 81.730552
28438613 82.204730
28437055 82.675073
28432214 83.142405
28430705 83.612335
28429773 83.612340
28421619 84.077654
28421377 84.077659
28419927 84.541861
28416536 84.541866
28416340 85.004703
28413839 85.004708
28410174 85.467935
28410052 85.467940
28406905 85.928304
28398078 86.388529
28395683 86.388533
28393821 86.847280
28388937 86.847284
28385666 87.306594
28382976 87.760131
28381141 87.760135
28377062 88.217246
28375234 88.671220
28370656 89.123616
28369678 89.574367
28367148 90.024832
28363408 90.024837
28359060 90.474429
28355957 90.919964
28350229 91.364089
28348205 91.808180
28344014 92.249581
28341215 92.690999
28336104 92.691003
28326721 93.130509
28323854 93.568425
28321321 94.001177
28316476 94.434747
28310820 94.866622
28308686 95.298129
28307661 95.726886
28300066 96.152829
28292607 96.575331
28287112 96.994985
28284609 97.418641
28266918 97.839832
28262861 98.255981
28257950 98.670546
28256122 99.084085
28254339 99.495009
28252112 99.903239
28251218 100.310377
28250773 100.713912
28247905 101.117187
28246764 101.521395
28245196 101.921833
28243821 102.320047
28241256 102.716399
28240566 103.109677
28240077 103.499955
28239784 103.889106
28239739 104.276261
28238981 104.662858
28238963 105.044933
28238914 105.423939
28238781 106.178307
28238764 106.925968
28238459 107.296512
28238450 108.032445
28236535 108.397270
28232854 108.757584
28230210 109.116884
28227724 109.473632
28227279 109.829277
28226680 110.180210
28225205 110.528818
28222175 110.877982
28221910 111.220916
28221905 112.238663
28220337 112.572299
28219374 119.570869
28218331 121.418253
28218079 121.922895
28217389 122.171055
28216991 122.416064
28216695 128.228255
28216494 133.828420
28216494 734.963803
