29752876 5.121772
29743798 5.121787
29589886 5.121789
29572646 5.121790
29403858 5.121791
29376952 5.121792
29328563 5.121794
29207383 5.121796
29191350 5.782078
29179018 6.445275
29146737 7.110411
29125102 7.775048
29105229 8.437873
29085814 9.102596
29070493 9.762939
29056457 10.426254
29052262 11.086027
29044386 11.741051
29028947 12.397720
29011582 13.051345
29007366 13.704730
29004566 14.357033
28995977 15.008783
28992554 15.653049
28987718 16.297000
28985279 16.941896
28969051 17.582436
28960665 18.219811
28949308 18.855320
28944738 19.489991
28937450 20.120757
28930948 20.751396
28926987 21.382519
28925864 22.008954
28911636 22.635463
28907634 23.259895
28904508 23.881128
28852395 24.500092
28843881 25.117960
28832858 25.732662
28811578 26.350032
28807475 26.963783
28804925 27.576909
28802514 28.187448
28800358 28.795428
28795494 29.400035
28793991 30.001516
28791821 30.606214
28789987 31.209641
28788529 31.809783
28785742 32.409006
28783298 33.005597
28779545 33.600444
28776657 34.196850
28773627 34.791533
28768346 35.380718
28766215 35.968838
28765210 36.555166
28764744 37.139001
28762082 37.723416
28759732 38.305301
28756447 38.887498
28743378 39.467793
28736390 40.046297
28723280 40.622015
28722481 41.197048
28720499 41.770290
28719065 42.344970
28697286 42.912297
28684663 43.482539
28683950 44.053114
28674962 44.623152
28664823 45.189309
28653611 45.751316
28651033 46.312288
28643955 46.871554
28601548 47.431322
28601163 47.989334
28599288 48.545444
28597631 49.098784
28589483 49.650201
28588931 50.201406
28587020 50.750301
28578748 51.297993
28566735 51.844615
28566296 52.390828
28563578 52.935864
28563398 53.479508
28562054 54.017946
28560675 54.560745
28531156 55.100679
28521396 55.635437
28518997 56.169199
28510871 56.707072
28509811 57.240432
28507830 57.774967
28476836 58.306173
28474797 58.835640
28472421 59.361439
28456092 59.889670
28454583 60.415633
28452632 60.938916
28441704 61.464063
28435161 61.985325
28434431 62.507424
28428407 63.027815
28424855 63.547866
28421237 64.064075
28417201 64.578885
28416263 65.093678
28415369 65.605680
28409914 66.117388
28405195 66.628965
28395251 67.137413
28390469 67.644425
28383886 68.152507
28373916 68.661970
28367542 69.168150
28362373 69.672130
28351708 70.172377
28348348 70.673394
28346417 71.172782
28344452 71.670962
28338789 72.171524
28329613 72.668960
28323539 73.163980
28312928 73.660410
28310493 74.156556
28302694 74.647188
28302091 75.138027
28294132 75.627539
28292872 76.117141
28282257 76.604995
28274638 77.090721
28271722 77.577685
28270045 78.064595
28264610 78.547715
28260895 79.028605
28253225 79.508495
28251983 79.987908
28249032 80.465978
28245784 80.942976
28243669 81.420203
28239233 81.896383
28235973 82.372521
28232579 82.843606
28229706 83.315123
28229165 83.787205
28225344 84.257263
28224238 84.257267
28221448 84.726280
28216596 84.726284
28209419 85.193913
28205773 85.659639
28198103 86.123418
28191783 86.587325
28187647 87.046175
28181797 87.508826
28178489 87.967703
28176374 88.424457
28172649 88.882798
28170730 89.340075
28168741 89.795303
28164784 90.247792
28162992 90.700251
28161656 91.150914
28157346 91.600545
28156650 92.047301
28155707 92.491305
28154075 92.932029
28145933 93.375789
28143836 93.815319
28142388 94.252740
28140152 94.688501
28137776 95.120209
28136981 95.552620
28134902 95.984598
28134297 95.984603
28133009 96.412965
28132815 96.412970
28131504 96.838291
28130883 96.838297
28129846 97.263196
28128624 97.263202
28127941 97.686208
28126386 98.107571
28126283 98.107577
28124599 98.525031
28123471 98.944462
28121587 98.944466
28120683 98.944469
28118959 99.357356
28115334 99.772337
28113048 100.182981
28111466 100.592006
28110816 100.997432
28110497 101.400315
28107869 101.400320
28107158 101.804324
28105013 101.804329
28104302 102.202305
28103596 102.598950
28101399 102.993271
28100565 103.386666
28093537 103.386672
28090983 103.777199
28090111 104.167483
28087350 104.553069
28085335 104.934683
28081130 105.318132
28080326 105.700225
28077032 106.079164
28075584 106.455298
28074125 106.828230
28069992 107.200731
28068888 107.566991
28067340 107.932921
28066917 108.296376
28065650 108.658960
28064996 109.015626
28064509 109.372493
28059974 109.725632
28059908 110.080238
28059733 110.429309
28059719 110.776109
28059340 110.776114
28059169 111.119883
28058865 111.119888
28058740 111.461871
28058156 111.800367
28058142 112.135021
28057925 112.468683
28057845 113.124266
28057719 114.088968
28057328 114.404564
28056832 114.718841
28055969 115.333957
28054129 115.333962
28053954 115.640678
28053888 116.537454
28053442 117.122686
28053442 718.165367
