34556108 8.430899
34477641 8.430911
34376901 8.430912
34287629 8.430913
34167494 8.430914
34022778 8.430915
33870402 8.430918
33830657 9.433607
33812255 10.432785
33782277 11.427323
33762143 12.418691
33745804 13.400725
33732939 14.379366
33726728 15.347144
33704157 16.317486
33692525 17.277376
33680261 18.231143
33669460 19.182958
33659590 20.129000
33641241 21.070993
33635965 22.004439
33623711 22.933844
33586459 23.854945
33579100 24.775320
33575228 25.692817
33562537 26.600346
33558831 27.505402
33555405 28.410960
33555274 29.305610
33548344 30.202372
33535366 30.202376
33514804 31.093071
33510093 31.974444
33494809 32.862157
33478424 33.745080
33476799 34.622552
33475038 35.497785
33468493 36.378665
33464771 37.247237
33452088 38.113389
33449128 38.978626
33448828 39.841508
33438213 40.699313
33437506 41.556923
33430650 42.404312
33429158 43.254817
33423709 44.104311
33396490 44.949399
33394894 45.788924
33380586 46.630070
33379720 47.472110
33373519 48.309657
33370477 49.141429
33361426 49.975687
33360950 50.807687
33360771 51.633549
33356395 52.456556
33340487 53.277482
33339839 54.100624
33336680 54.921761
33332043 55.741402
33315494 55.741405
33314090 56.555509
33309821 57.368045
33303488 58.177284
33292576 58.983748
33286516 59.789692
33281985 60.596509
33281191 61.397486
33278980 62.203282
33245267 63.003724
33242764 63.799350
33241491 64.595388
33240647 65.387892
33236032 66.180475
33212862 66.970262
33201020 67.766968
33199006 68.559014
33192705 69.344447
33190565 70.130770
33177065 70.912022
33165838 71.691077
33162827 72.471175
33160437 73.249951
33159483 74.027748
33132500 74.799084
33131476 75.570568
33128017 76.336349
33114240 77.106761
33104653 77.877065
33102440 78.646758
33075504 79.410093
33068217 80.171768
33068111 80.932419
33063300 81.695606
33061837 82.451377
33050791 83.208351
33049537 83.964922
33049007 84.719899
33048059 85.469494
33042417 86.218210
33039390 86.967845
33032886 87.716534
33027627 88.465569
33021454 89.211765
33021099 89.954678
33012624 90.696826
33001574 91.440252
32997318 92.179583
32996680 92.920801
32993769 93.659037
32993132 94.396298
32987685 95.136419
32986647 95.873164
32978734 96.604473
32970690 97.335882
32970247 98.070563
32962678 98.800141
32947111 99.526338
32937680 100.246556
32936753 100.967137
32934684 101.690315
32933885 102.407815
32932373 103.120233
32928541 103.836131
32928286 104.549108
32910337 105.261661
32909658 105.973297
32907833 106.685793
32902183 107.394438
32892233 108.103122
32888771 108.812199
32860351 109.518141
32860056 110.221642
32842139 110.928737
32837083 111.628913
32831643 112.328977
32830487 113.023493
32822433 113.718471
32816542 114.413417
32813541 115.111603
32807804 115.804449
32800977 116.495324
32793143 117.186987
32783925 117.875615
32776483 118.567420
32771252 119.257330
32770867 119.944018
32764200 120.631763
32757887 121.318374
32746345 122.002910
32741708 122.685817
32724957 123.367037
32724415 124.046201
32721570 124.724240
32715683 125.403706
32713228 126.080833
32704774 126.755845
32702909 127.430022
32701720 128.115452
32699775 128.798691
32697339 129.480139
32695118 130.151300
32689680 130.819606
32684426 131.488824
32680155 132.156881
32680130 132.822124
32676298 133.485879
32669722 133.485883
32665911 134.147870
32663996 134.809084
32661518 134.809088
32648024 135.469375
32646273 136.130367
32643920 136.789245
32637470 137.448212
32633362 138.104785
32629091 138.760657
32623974 139.416298
32618130 140.072190
32601728 140.724469
32598773 141.378082
32597570 142.029770
32596406 142.681739
32591841 143.335493
32590958 143.983374
32586130 144.632335
32582607 145.281307
32559646 145.929282
32556691 146.576479
32550717 147.226228
32548677 147.871161
32539725 148.513892
32535332 149.160533
32529537 149.806523
32519487 150.449226
32515750 151.091369
32511644 151.732375
32509088 152.374034
32507199 153.011752
32504497 153.648039
32499630 154.284734
32498618 154.922643
32493203 155.562439
32490600 156.196074
32485453 156.831315
32482354 157.464942
32481336 158.097808
32479414 158.732489
32477403 159.364884
32473494 159.364887
32471058 159.996029
32467595 159.996056
32460244 160.628196
32452873 161.257494
32445151 161.888638
32442143 162.518343
32435128 163.145915
32432090 163.773394
32429935 164.399742
32426804 165.025949
32425809 165.652528
32424671 166.274789
32423697 166.900956
32422685 167.524557
32422604 168.152508
32421918 168.772914
32421767 169.390578
32420980 169.390582
32419186 170.008468
32416153 170.628200
32415200 170.628205
32414789 171.247054
32411083 171.247058
32407589 171.864114
32401715 172.479004
32378300 172.479008
32377708 173.094154
32373160 173.710400
32366281 174.323191
32363825 174.933909
32350710 175.543266
32340803 176.154318
32339160 176.764600
32337172 177.372775
32335574 177.976338
32333112 178.578712
32331632 179.180991
32329219 179.782594
32328244 180.383689
32327199 180.978753
32326980 181.572745
32324772 182.161895
32322670 182.749546
32319805 183.338893
32319272 183.919746
32318460 184.503116
32317908 184.503120
32317868 185.085716
32316098 185.085720
32315756 185.666552
32311215 186.242568
32309221 186.819789
32307786 187.389599
32307327 187.957543
32299782 187.957547
32298447 188.523006
32297167 189.083953
32296122 189.643878
32295096 190.201456
32294417 190.758957
32293613 191.306686
32292672 191.854947
32289054 192.399143
32284649 192.941978
32283542 193.482207
32279260 194.014980
32279166 194.547051
32279147 195.081034
32278953 195.605549
32275784 196.648424
32269700 197.165774
32263463 197.683206
32263461 198.194485
32261033 198.699793
32260169 204.078582
32260150 204.546032
32260118 206.376543
32258492 206.376547
32257829 206.825899
32257270 207.269687
32256503 207.713147
32255938 208.153710
32252049 208.153713
32251656 211.524786
32251512 214.267397
32251512 815.348211
