34510333 8.234976
34145017 8.234991
34070613 8.234992
34056425 8.234994
34030624 8.234996
34010856 8.234997
33999231 9.208868
33888955 9.208872
33872797 10.180899
33860988 11.152233
33844661 12.116065
33816115 13.075712
33811631 13.075717
33808938 14.027493
33780803 14.027498
33770413 14.974925
33744994 15.921755
33732754 15.921760
33730076 16.861163
33723954 16.861168
33721429 16.861171
33718967 17.795237
33701000 17.795243
33699717 17.795245
33694455 18.722207
33690851 18.722212
33682369 18.722214
33674600 19.645193
33673015 19.645198
33662259 20.562470
33650991 21.475644
33642196 22.383916
33629892 22.383921
33625957 23.284105
33624911 23.284110
33620215 24.183955
33615043 24.183960
33594102 25.075350
33581503 25.960644
33579103 26.844930
33577809 27.727155
33560988 27.727161
33552264 28.599044
33551374 29.475077
33541930 29.475082
33540821 30.348225
33522633 31.228842
33519819 32.098234
33503815 32.955658
33494402 33.816820
33492256 34.672936
33484278 35.524224
33468267 36.384171
33461753 37.231310
33461186 38.072929
33459396 38.910941
33457255 39.749724
33451911 40.584110
33450965 40.584114
33447330 40.584115
33444342 41.420457
33437978 42.250285
33436072 43.076906
33435964 43.902944
33431194 43.902949
33429174 44.728971
33419417 44.728976
33411819 45.549339
33409732 46.366724
33407675 47.187487
33385734 48.003808
33384632 48.816687
33382445 49.626587
33382197 50.434496
33377948 51.241507
33351157 51.241512
33348816 52.045625
33347508 52.851817
33341970 53.652456
33333091 54.455636
33318284 55.257611
33270338 56.055544
33262814 56.853725
33262414 57.647406
33258979 58.442495
33255445 59.233290
33255053 60.023142
33241845 60.812505
33237305 61.594549
33230471 62.381411
33226024 63.165352
33224646 63.947443
33224113 64.728520
33221332 65.507022
33215299 66.283155
33208926 67.058627
33199498 67.835019
33194005 68.606634
33188785 69.375571
33177536 70.143337
33175298 70.910099
33171866 71.678534
33168681 72.444049
33160096 73.203806
33159053 73.959754
33156287 74.718787
33150660 75.476686
33147044 76.233087
33146931 76.988659
33144592 77.738305
33126492 78.493088
33126342 79.243883
33124083 79.992711
33076984 80.737277
33070320 81.488699
33068902 82.232198
33060232 82.976041
33057679 83.715316
33052988 84.456163
33049251 85.196868
33048033 85.937636
33046669 86.673988
33043703 87.410902
33039901 88.144932
33038346 88.878746
33034605 89.611026
33026312 90.343020
33022508 91.073581
32994820 91.803812
32993418 92.530654
32990568 93.252717
32987015 93.978650
32986157 94.703977
32974429 95.425758
32974017 96.145570
32973449 96.867351
32966401 97.587049
32962578 98.307359
32961894 99.024990
32961427 99.024994
32941030 99.741542
32930562 100.457896
32910725 101.168866
32903672 101.879530
32893269 102.592827
32887613 103.300242
32886893 104.009969
32882751 104.716689
32876372 105.420831
32870181 106.124213
32869166 106.829729
32867957 107.531866
32864849 108.234444
32863920 108.931245
32850517 109.632884
32843931 110.331255
32839497 111.028709
32837586 111.725975
32834310 112.420349
32831909 113.115145
32830380 113.809745
32828200 114.498156
32817583 114.498161
32812736 115.188806
32804649 115.881356
32800811 116.571543
32795677 117.260382
32795526 117.945906
32792707 117.945911
32792056 118.631956
32790734 119.315205
32785313 119.315210
32784082 119.998434
32780818 119.998439
32779587 120.681023
32779222 120.681028
32773916 121.361916
32762634 121.361920
32758313 122.040742
32757918 122.723007
32749185 123.400961
32743429 124.079301
32740851 124.759020
32738008 125.441446
32734159 126.118119
32726177 126.791221
32724314 127.461635
32723299 128.132918
32720273 128.805744
32714911 129.474988
32706925 130.142003
32701154 130.812342
32695773 131.488851
32693293 132.159874
32681545 132.828072
32677664 133.495651
32673655 134.161752
32670826 134.822668
32668442 135.482765
32663451 136.143064
32660480 136.804062
32656156 137.464517
32653025 137.464521
32652121 138.122923
32649361 138.779883
32649074 138.779888
32647641 139.439984
32645986 139.439988
32645574 140.094383
32645423 140.094387
32640457 140.753902
32639962 140.753906
32638375 141.408117
32630446 141.408145
32626903 142.063512
32625157 142.718042
32623592 143.370473
32622210 143.370477
32612876 144.026134
32607759 144.679566
32597245 145.329489
32592413 145.977757
32591339 146.628205
32590877 147.277858
32583560 147.277863
32581423 147.927704
32580086 148.578504
32578907 149.222828
32576482 149.868666
32572045 150.515207
32568196 151.160238
32567323 151.160243
32563740 151.801331
32562135 152.444962
32558622 152.444966
32550717 153.089681
32549328 153.733474
32547222 154.375206
32545244 155.015315
32540301 155.015319
32538594 155.654297
32534336 156.292038
32529668 156.292042
32525082 156.930552
32523094 157.570638
32515818 157.570642
32504928 158.208365
32502212 158.208369
32497773 158.845260
32485916 159.483518
32484896 160.123898
32483504 160.759389
32482923 161.391183
32481398 161.391187
32480155 162.026214
32476816 162.026218
32476509 162.668451
32469631 163.301352
32468129 163.933650
32462275 164.564066
32461255 165.193615
32460395 165.825853
32459166 165.825858
32457540 166.457308
32452219 167.087247
32448489 167.714546
32443840 168.343763
32442631 168.973009
32441571 169.598287
32438461 169.598291
32436324 170.228003
32435717 170.856725
32432105 171.485880
32424865 172.109203
32423386 172.734698
32421077 173.358438
32416315 173.984783
32414529 174.609424
32413475 175.232945
32413280 175.232949
32410458 175.232951
32409006 175.856387
32407734 175.856391
32397406 175.856393
32396067 176.477499
32392138 177.098580
32390426 177.721285
32370926 178.339885
32364908 178.959085
32363388 179.576845
32362528 180.190985
32357508 180.808578
32351649 181.422579
32350466 182.037296
32347544 182.648967
32346205 183.261167
32345549 183.872659
32343043 184.482865
32339558 185.088505
32337476 185.694021
32337239 185.694026
32337152 186.296533
32336973 186.296537
32335107 186.899554
32334925 186.899559
32333933 187.501302
32333762 187.501307
32332528 188.099819
32331724 188.701201
32329408 189.299633
32328478 189.299637
32326295 189.891092
32326173 190.485126
32323605 190.485130
32318038 190.485132
32314441 191.079557
32303825 191.670919
32295823 192.260297
32294364 192.846652
32291675 193.429978
32290384 194.011303
32290216 194.595177
32289191 195.169192
32287268 195.743740
32286504 196.316251
32285747 196.884853
32281283 197.452460
32280563 198.016072
32279677 198.575970
32278841 199.132603
32276266 199.132609
32275681 199.687886
32275474 200.239182
32275444 200.788259
32275288 201.877046
32274447 201.877051
32274435 202.415454
32274199 202.415459
32273946 202.954743
32272954 203.487464
32272778 204.018688
32271745 204.018693
32270889 204.545813
32267720 205.069342
32265236 205.069346
32264418 205.587578
32263715 206.106193
32262884 206.617927
32261463 206.617932
32261076 207.128392
32260222 208.133778
32260118 208.634751
32259778 209.132398
32258243 209.624847
32257978 211.559007
32257586 212.976268
32257485 215.247425
32257284 215.689598
32257273 216.126806
32257180 216.994204
32257107 217.424720
32256405 217.424723
32256297 217.847388
32256193 218.266372
32256166 218.681009
32256115 219.094378
32256115 820.131380
