34692663 8.384255
34580141 8.384269
34326511 8.384270
34210042 8.384272
34066593 8.384273
34051836 9.371668
34039422 9.371673
34039024 9.371676
34032636 10.363638
34015430 10.363642
33990746 10.363645
33938716 11.341439
33922511 12.312756
33903503 13.282246
33894071 14.244009
33884193 15.197373
33875533 16.145978
33864911 17.088898
33860643 18.026183
33845451 18.026188
33833936 18.959997
33827276 18.960002
33814144 19.887184
33805058 20.807246
33793398 21.724010
33786375 22.633336
33773619 23.539917
33752671 24.439139
33738180 25.330802
33731407 26.220373
33711661 27.106713
33702789 27.986483
33695740 28.865830
33674681 29.740013
33665273 30.613990
33660954 31.487372
33655869 32.351134
33651957 33.215856
33647659 34.077977
33646661 34.937468
33639096 35.790446
33636029 36.640588
33631371 37.489047
33625441 38.332719
33612217 39.172193
33608420 40.013264
33602999 40.848618
33602870 41.681403
33599173 41.681408
33596805 42.512850
33596094 43.340528
33593976 44.164873
33589042 44.164878
33583821 44.988442
33579997 45.810930
33575937 46.630705
33572125 47.449196
33546733 47.449200
33546218 48.264400
33544891 49.078972
33535056 49.891365
33532938 50.698835
33531783 51.506383
33527007 51.506387
33526658 52.313320
33526096 53.118544
33523904 53.918103
33518560 53.918108
33517981 53.918109
33514866 54.720822
33514816 54.720827
33512897 55.523440
33508882 55.523443
33505108 55.523446
33497434 56.334098
33494687 56.334105
33480504 57.131346
33471238 57.926721
33465631 58.724238
33459542 59.517496
33457583 60.305318
33452563 61.094801
33451712 61.880418
33450475 61.880423
33445609 62.665109
33445287 63.447035
33439329 63.447040
33437409 63.447042
33422214 64.228623
33420067 64.228628
33406107 65.005379
33391613 65.781814
33378262 66.554771
33377315 67.327319
33374358 68.102397
33372804 68.875149
33368436 69.646277
33363795 70.415847
33360446 71.185566
33358075 71.950013
33354604 72.716368
33353913 72.716373
33351941 72.716375
33350303 73.480716
33345020 73.480722
33344259 74.240613
33316363 74.240618
33313151 75.000021
33309378 75.759410
33299268 76.516767
33286616 77.275110
33280892 77.275114
33279705 78.030632
33277286 78.785377
33272032 79.536755
33269748 80.284052
33256558 81.032015
33244097 81.780896
33229135 82.526354
33227288 83.273812
33224832 84.015210
33221674 84.758681
33221631 85.497949
33219381 86.241763
33206933 86.241768
33206282 86.978719
33179402 86.978723
33166771 87.718577
33161929 88.453508
33160153 89.184419
33138852 89.917263
33137077 90.643507
33136032 91.372155
33129304 92.099696
33123722 92.826617
33109918 93.554599
33090007 94.274629
33087952 94.998519
33086338 95.721451
33078022 96.441577
33072893 97.160230
33061065 97.887740
33057911 98.606922
33045338 99.321835
33036436 100.037936
33034054 100.748436
33027145 101.459381
33020814 102.169417
33012976 102.878201
33012860 103.589229
33011325 104.296554
33001485 105.004868
32993166 105.707572
32989736 106.412340
32988290 107.112696
32987516 107.812427
32986551 108.507523
32985664 108.507528
32976527 109.204609
32968065 109.899550
32965404 110.593625
32962667 111.285897
32955256 111.975232
32955176 112.668014
32951241 113.357772
32949187 114.048321
32940175 114.736480
32934711 115.422864
32929219 116.106785
32917364 116.106789
32909736 116.790808
32905124 117.477217
32900575 118.161140
32898694 118.841609
32887427 119.521100
32879364 120.197663
32871494 120.878168
32846227 121.553490
32845864 122.229831
32839846 122.906264
32835009 123.581509
32831771 124.254341
32829941 124.925676
32826878 125.599498
32824146 126.268965
32817881 126.939245
32811188 127.605889
32808211 128.273351
32806830 128.948471
32804661 129.611304
32800199 130.274153
32795969 130.939323
32793554 131.601260
32791434 132.261472
32786467 132.923201
32774041 133.584567
32762781 134.244132
32760873 134.907569
32759487 135.569642
32753832 136.225406
32750662 136.883473
32747146 137.542086
32739807 138.197215
32728171 138.854242
32718872 139.506367
32715601 140.157264
32710486 140.809841
32705961 141.457464
32705033 142.105649
32701487 142.750316
32695303 143.400023
32692753 144.045786
32689437 144.686987
32684168 145.334261
32683684 145.986598
32680645 146.632450
32679643 147.275177
32678797 147.919934
32675597 148.566003
32673255 149.210088
32672546 149.848445
32668800 150.491681
32664218 151.131984
32662272 151.771014
32662046 152.411881
32661917 152.411886
32647321 153.051885
32641019 153.688009
32634048 154.327103
32633288 154.963389
32632769 155.599375
32632426 156.235208
32629586 156.235213
32624366 156.869774
32621136 157.507189
32618767 157.507193
32614324 158.142682
32612338 158.775744
32612113 159.410253
32611227 159.410259
32610107 160.043047
32609926 160.043051
32608159 160.043052
32604972 160.676477
32603581 161.305725
32601999 161.937010
32600608 162.564967
32595945 163.194265
32580918 163.194269
32568124 163.824104
32566118 164.451312
32565437 165.080107
32561430 165.708078
32556140 166.338697
32555138 166.967376
32552336 167.597105
32550468 167.597110
32547776 168.224505
32542197 168.224509
32541237 168.849836
32534164 168.849840
32533419 169.474940
32525465 170.100419
32521593 170.726190
32520737 171.349110
32520124 171.973599
32516826 172.596529
32515199 173.221252
32513900 173.846093
32512898 174.467759
32510360 175.086043
32509119 175.705646
32506370 176.323525
32504527 176.941471
32503393 177.559817
32499494 178.176885
32498096 178.794599
32496822 178.794603
32496260 179.407086
32494638 179.407091
32494285 180.020147
32494154 180.633625
32492816 180.633630
32492527 181.242312
32492386 181.242317
32491003 181.242319
32490222 181.854893
32489259 181.854898
32489024 182.463052
32485905 182.463056
32484995 182.463058
32481091 183.072761
32469922 183.072765
32466672 183.676602
32458311 184.278999
32455474 184.882224
32453939 185.482932
32453049 186.082470
32452411 186.682131
32451992 187.280805
32451377 187.876839
32450813 188.470418
32448690 189.067312
32448661 189.656911
32447017 190.247315
32444113 190.247321
32442452 190.832847
32440084 191.414859
32433632 191.414864
32430591 191.994567
32426394 192.571871
32422186 193.148125
32421052 193.727115
32418094 194.299506
32417456 194.873929
32416342 195.444460
32415948 196.009605
32415519 196.571678
32414091 197.132538
32413410 197.695315
32413222 198.254250
32412587 198.813135
32411900 199.367982
32411595 199.917196
32411369 200.464482
32411121 201.008883
32410832 201.549978
32410505 202.091315
32410213 202.627114
32410076 203.159224
32409996 203.693497
32409591 204.223299
32409469 205.275096
32409172 206.318492
32409122 206.835826
32408835 207.869237
32402993 208.887189
32402856 209.390215
32402840 210.882016
32400197 213.321953
32400154 221.050970
32398939 224.003260
32398916 227.226492
32398901 227.619803
32398896 228.009455
32398896 829.162948
