34740389 8.490916
34733714 8.490931
34564413 8.490932
34528447 8.490933
34512826 8.490934
34448008 8.490935
34391708 8.490936
34304566 8.490937
34297709 8.490939
34296336 8.490940
34241633 8.490941
34232846 9.481369
34211477 9.481373
34201873 9.481375
34179574 10.483387
34148589 11.470344
34132607 12.450548
34105386 13.423696
34043258 14.389832
34032334 15.352185
34027867 16.312917
33986910 17.266565
33969807 18.213733
33958809 19.155171
33950012 20.095369
33928772 21.023478
33922462 21.954552
33917123 22.873035
33914760 23.789973
33906103 24.698209
33891540 25.604616
33881026 26.509987
33877037 27.407318
33865358 28.300894
33859165 28.300899
33852386 29.188918
33846499 30.074477
33839949 30.973658
33838946 30.973663
33814208 31.854692
33806868 32.724256
33803515 33.594523
33794718 34.463163
33763992 35.325363
33759310 36.189119
33756384 37.050385
33749114 37.911034
33746004 38.765320
33745438 39.614500
33738491 40.463618
33723285 41.310840
33722483 42.154761
33717068 42.995305
33714347 43.831194
33713877 44.668717
33713529 45.507922
33709078 46.343618
33704329 47.170700
33704326 47.998256
33675346 48.823473
33671477 49.649164
33665761 50.471137
33663218 51.297587
33661610 52.114438
33657849 52.929153
33654490 53.742966
33649569 54.551926
33648632 54.551932
33643735 55.363296
33642599 56.169630
33642482 56.169635
33634819 56.973692
33624213 57.775287
33622857 58.573408
33615679 59.370109
33614870 60.163405
33612766 60.163410
33599018 60.956114
33595441 61.746193
33594497 62.542185
33589048 63.331397
33588275 64.118630
33579460 64.118634
33579344 64.908133
33576244 64.908138
33567892 65.691631
33566127 66.477522
33564708 67.260698
33562635 68.044400
33549026 68.825817
33544053 69.602762
33537377 70.380618
33535110 71.158493
33530984 71.930970
33528131 72.701516
33524802 73.470254
33518521 74.236607
33518381 75.003444
33493733 75.003451
33490709 75.769695
33479051 76.535427
33470945 77.298137
33468084 78.057506
33462005 78.821877
33457516 79.580495
33451519 80.339921
33448459 81.095753
33441840 81.852096
33437458 82.605863
33428504 83.359011
33422150 84.109235
33421460 84.854937
33419890 85.601983
33419207 86.350179
33394725 87.095684
33394314 87.842859
33390302 88.588026
33384850 89.329295
33380897 90.072426
33370528 90.813528
33368801 91.553501
33367833 92.291870
33360791 93.024005
33349180 93.754182
33338561 94.484330
33331888 95.217723
33326583 95.944933
33322724 96.671892
33302418 97.401454
33301409 98.126225
33292923 98.850995
33280305 99.576641
33271118 100.293138
33235506 101.014306
33231756 101.730177
33225070 102.451788
33221388 103.167328
33208592 103.880512
33196039 104.596537
33195614 105.310243
33188901 106.019432
33182004 106.726053
33178180 107.431865
33164726 108.142734
33162797 108.849824
33159409 109.554466
33148118 110.257961
33146692 110.964408
33146195 111.666484
33145937 112.366792
33144543 113.065049
33134507 113.761231
33133325 114.456351
33131821 115.150817
33129139 115.843487
33126269 116.533156
33124325 117.224487
33116790 117.917052
33112322 118.608050
33109306 119.298481
33099019 119.988280
33096214 120.673745
33094671 121.362267
33088654 121.362272
33087669 122.046465
33086003 122.731135
33079177 123.412219
33076586 124.093604
33071967 124.774219
33063449 125.454640
33059373 126.131159
33056001 126.809237
33052240 127.486990
33047334 128.164225
33044566 128.839807
33044169 129.515426
33043416 130.189640
33038816 130.189645
33036699 130.866638
33028078 131.536026
33020530 132.202991
33019211 132.870796
33014652 132.870800
33012723 133.538181
33012323 133.538186
33009723 134.205116
33003361 134.205121
32998202 134.873751
32993739 135.541502
32992891 136.202013
32987076 136.202017
32980435 136.868039
32978164 137.531283
32976938 138.192063
32972091 138.854432
32969981 139.512820
32969061 140.176419
32964526 140.176423
32955758 140.176426
32952134 140.835649
32932790 141.496473
32929414 142.155570
32922999 142.812836
32920890 143.472141
32908175 144.127496
32902213 144.781171
32900835 145.434477
32886628 146.086581
32881323 146.738722
32877851 147.389597
32873930 148.043595
32852849 148.695509
32849158 149.349368
32841668 149.997474
32840502 150.643680
32831946 151.289724
32829760 151.937376
32827654 152.584088
32820525 153.230550
32818414 153.876998
32812981 154.524590
32811053 155.167689
32806009 155.811442
32801938 156.453008
32796902 157.094137
32796536 157.735887
32795396 158.377028
32793344 159.017273
32790556 159.655642
32790129 160.295534
32790000 160.932366
32785935 160.932372
32784306 161.569480
32771148 162.206232
32767704 162.844727
32767093 163.481592
32766815 163.481597
32765643 164.118904
32763273 164.118909
32754648 164.755747
32740491 165.393286
32738061 166.029519
32731666 166.660624
32725757 167.297888
32721258 167.931321
32718752 168.566036
32717845 169.198797
32711248 169.831364
32710101 170.462802
32702052 171.094527
32693606 171.728416
32693235 172.361354
32690614 172.988051
32689757 173.617540
32682645 174.242795
32681640 174.867320
32681388 175.494195
32676541 176.125521
32676029 176.749117
32675112 177.375185
32672880 178.000692
32670296 178.622663
32668957 179.244560
32665804 179.866223
32663591 180.487662
32661933 181.102721
32660479 181.719773
32656352 181.719777
32653113 182.336787
32651455 182.954297
32649925 183.579251
32647175 184.191937
32644686 184.802488
32643185 185.410905
32640859 186.016748
32640254 186.627832
32639585 187.234435
32637886 187.838851
32633426 188.445314
32632145 189.046299
32631238 189.647406
32628179 189.647410
32627454 190.245970
32627121 190.842880
32625252 190.842884
32624744 191.441871
32624277 192.035477
32619489 192.626567
32617074 193.215853
32615802 193.799688
32614710 194.380645
32613264 194.961630
32602375 194.961636
32600498 195.541094
32598676 196.121532
32592636 196.695696
32590769 197.273208
32589548 197.843611
32589409 198.411686
32586694 198.978076
32586353 199.543048
32583544 200.101742
32582090 200.661764
32580305 201.217147
32578744 201.765010
32576127 202.317899
32576098 203.404328
32575914 204.487681
32575647 205.026566
32575135 206.085154
32567216 208.697437
32567023 211.725016
32566554 217.936927
32566083 220.621216
32565869 221.056307
32565178 225.248899
32563811 226.451510
32563810 229.859988
32563810 831.044619
