34657212 8.338884
34653782 8.338896
34532952 8.338897
34498832 8.338898
34478003 8.338899
34463588 8.338900
34348190 8.338902
34307947 8.338903
34281503 9.336636
34253428 10.333898
34206078 10.333902
34188229 11.324919
34163943 12.306312
34148784 13.288736
34126071 14.269648
34111798 15.242927
34058433 16.206738
34041530 17.170290
34014346 18.125662
33986738 19.072321
33962664 20.014811
33958178 20.949868
33949124 21.882948
33942671 22.809247
33936657 23.730862
33923849 24.649035
33915000 24.649039
33906309 25.566333
33900254 26.472635
33879001 27.374908
33869857 28.281027
33858709 29.177937
33849908 30.070843
33842990 30.961768
33833786 31.848390
33822767 32.728159
33821106 33.604885
33809933 34.482371
33806559 35.360377
33802200 36.234467
33796669 37.098835
33778500 37.965360
33770229 38.824908
33767356 39.683635
33756758 40.539508
33753203 41.395143
33750976 42.246431
33743660 43.096520
33736470 43.943576
33733959 44.785616
33732419 45.631706
33724138 46.474277
33718870 47.312118
33713977 48.147801
33713631 48.980002
33710930 49.810272
33706008 49.810277
33703815 50.643184
33680501 51.472184
33674923 52.299733
33671262 53.125483
33669360 53.947717
33663070 54.766235
33645213 55.588552
33645114 56.405828
33627033 57.221631
33619439 58.036710
33619295 58.850880
33614954 59.663286
33612019 60.470467
33606353 61.277017
33599822 62.083794
33597910 62.889308
33587068 63.687990
33582776 64.491134
33580264 65.287206
33579437 65.287210
33573896 66.088647
33534760 66.883244
33525818 67.675079
33525572 68.464064
33523809 69.263651
33512675 70.055252
33512057 70.848713
33506629 71.636898
33501317 72.425752
33499158 73.211594
33490380 73.998106
33486218 74.775937
33485637 75.554256
33474586 76.333097
33469334 77.111522
33466984 77.883915
33465771 78.661389
33463312 79.434939
33443134 80.203716
33441841 80.970135
33441237 81.737048
33440086 82.503761
33437584 83.266525
33434052 84.032446
33433136 84.796584
33432755 84.796588
33432511 85.558344
33427048 85.558348
33421871 86.316409
33416483 87.073961
33408426 87.073965
33407723 87.832029
33405952 88.587398
33401488 88.587403
33387896 89.340149
33384717 90.091123
33377607 90.842655
33370803 91.591793
33363044 92.340197
33362919 93.086157
33362118 93.831109
33351159 94.578646
33347604 95.322681
33346226 96.065942
33336575 96.807718
33326191 97.549492
33322502 98.287558
33318604 99.022780
33314142 99.757078
33314069 100.495537
33308180 101.235317
33304712 101.968141
33302275 102.697700
33298266 103.430504
33294565 104.160400
33292754 104.887154
33290146 105.611081
33286185 106.337889
33285083 107.064583
33274462 107.786672
33274108 108.512009
33272604 109.234309
33272176 109.955657
33251933 110.671700
33245410 111.388182
33243210 112.104744
33236140 112.104748
33222716 112.816245
33215200 113.526762
33204407 114.239740
33198847 114.953730
33186712 115.661966
33182359 116.371267
33179789 117.076510
33174380 117.781342
33166634 118.482545
33165644 119.189607
33163796 119.896632
33162527 120.599100
33158615 121.302942
33155249 121.302946
33152716 122.001545
33150518 122.001550
33147740 122.699853
33146477 122.699858
33146005 123.400180
33135856 123.400186
33131755 124.097803
33128885 124.790012
33123644 125.486845
33120985 126.182263
33116719 126.875232
33116533 126.875236
33099053 127.568902
33083931 128.259782
33064872 128.949346
33060458 129.636525
33055837 130.325557
33054495 131.013848
33038361 131.699833
33023302 132.384364
33013528 133.063689
33012250 133.746407
33007742 134.427286
33000717 135.105562
32995889 135.783269
32993017 136.464829
32987392 137.141374
32983303 137.815813
32976107 138.490863
32971444 139.164641
32963697 139.839282
32961726 140.508131
32959795 141.177445
32955174 141.846644
32951899 142.516793
32947064 143.182916
32941201 143.848614
32934659 144.513479
32930196 145.176639
32929811 145.176644
32927500 145.842516
32921074 145.842521
32917799 146.501095
32914678 147.163487
32911882 147.828785
32910533 148.490854
32908562 149.147316
32907995 149.807699
32907901 150.466823
32904289 150.466826
32898061 151.124705
32892991 151.124711
32886804 151.782982
32884950 152.440122
32882414 152.440150
32876775 153.096952
32876143 153.751766
32873269 154.406282
32868166 155.061476
32866401 155.714208
32861984 156.368349
32859104 157.019010
32856950 157.019014
32856003 157.670589
32854597 157.670594
32853666 158.319206
32846966 158.319210
32844823 158.967582
32839752 158.967586
32835853 159.615231
32832122 160.262501
32827068 160.910317
32822241 161.560151
32819955 162.206927
32814115 162.852140
32810706 163.497143
32799340 164.140153
32796616 164.781055
32793744 165.422651
32787770 166.063919
32782917 166.703411
32780043 167.344553
32778554 167.979413
32775453 168.621102
32773675 169.256161
32770707 169.890827
32768354 170.525393
32765051 171.159708
32760321 171.790951
32759081 171.790956
32756458 172.425031
32749564 173.056072
32748955 173.685000
32744914 174.318976
32731960 174.948774
32723957 175.576916
32722468 176.206222
32719033 176.831177
32717526 177.455845
32717415 178.080466
32716528 178.705483
32715833 179.327279
32713597 179.946409
32707968 180.565954
32704214 181.182689
32702585 181.799195
32702073 182.414153
32700787 183.026796
32699006 183.639135
32694155 184.253825
32693831 184.861496
32689484 185.470900
32684003 186.079758
32681167 186.687968
32680701 187.291874
32680295 187.898402
32679254 188.496852
32678174 188.496856
32677287 189.096577
32675796 189.695056
32675737 190.289725
32674643 190.289729
32669159 190.885501
32666951 191.473803
32663904 192.063847
32662293 192.651639
32661392 193.240426
32660795 193.828734
32660473 194.414441
32659670 194.995922
32658483 195.575649
32657474 196.152757
32654494 196.721015
32653605 197.291906
32651057 197.862601
32650136 198.429223
32649460 198.996956
32648972 199.559189
32648446 200.118129
32647729 200.672757
32646346 201.226493
32645896 201.778234
32644282 202.331472
32643943 202.876099
32641487 202.876105
32634104 203.417701
32633925 203.956782
32633274 204.495325
32632951 205.033144
32632836 205.567947
32630817 206.098484
32630811 206.629416
32630772 207.156606
32629436 207.680297
32625778 207.680302
32625264 208.201810
32625078 208.725996
32622818 209.238825
32622604 209.752537
32619292 210.779805
32619234 211.287450
32619122 211.794333
32619072 212.795488
32619061 213.290221
32617372 216.700048
32616942 217.176273
32616006 217.176277
32615742 218.124543
32615420 218.591756
32614872 219.058537
32614429 219.524003
32614415 219.524007
32613915 219.988282
32613382 220.449175
32613068 220.449179
32613043 220.908764
32612689 220.908770
32612578 221.365891
32612466 221.821431
32609204 222.272393
32609100 222.720637
32609064 223.167585
32608885 224.056532
32608835 224.500313
32607125 225.380495
32601188 225.813552
32600705 253.720899
32600061 271.068428
32599277 450.561385
32599277 1051.686842
