34273387 8.357419
34216837 8.357433
34150789 8.357434
34096271 8.357437
34028043 8.357439
33949476 9.349786
33933011 10.334633
33922265 11.313066
33905209 12.281139
33872994 13.247898
33856506 14.204710
33783860 15.157849
33773872 16.109017
33752940 17.050489
33734363 17.986566
33730543 18.913210
33727258 19.836557
33721222 20.754299
33715393 21.665965
33705263 22.571936
33690212 23.472627
33661466 24.370186
33649755 25.263614
33636060 26.150110
33629678 27.032435
33626071 27.907284
33624779 28.782399
33620316 29.655411
33617719 30.523787
33596901 31.386532
33593192 32.251123
33590209 33.112476
33579359 33.962204
33577167 34.819107
33565835 35.665945
33565167 36.509718
33549332 37.349307
33543500 38.186795
33542755 39.022001
33541399 39.856742
33541008 40.688359
33524164 41.515940
33503473 42.341745
33497454 43.163837
33496375 43.978617
33489640 44.802438
33480591 45.620446
33476355 46.432853
33472397 47.245648
33465945 48.057407
33462978 48.868033
33459928 49.672207
33459726 50.471303
33454853 51.272831
33452680 52.070178
33452395 52.866936
33447821 53.663058
33444033 54.458506
33430844 55.253627
33423342 56.045147
33416397 56.831827
33414090 57.620100
33408124 58.406393
33394475 59.190651
33392164 59.972049
33383708 60.753179
33373035 61.528977
33372860 62.308768
33368181 63.089972
33368156 63.867539
33361602 64.641569
33358728 65.411441
33358499 66.182404
33357384 66.949054
33355792 67.716147
33339300 68.479005
33338946 69.242184
33329289 70.002759
33322290 70.765414
33303385 71.524601
33300413 72.283093
33292379 73.041348
33290978 73.797812
33288786 74.551293
33288001 75.304958
33285014 76.056125
33284679 76.804757
33281484 77.555098
33254406 78.303446
33242282 79.052409
33237852 79.797470
33233664 80.541164
33232745 81.285432
33228756 82.026069
33207732 82.768518
33201403 83.503162
33196057 84.239566
33179512 84.974144
33178109 85.710409
33177397 86.445969
33174038 87.177592
33165463 87.905884
33151427 88.634820
33151273 89.361834
33149756 90.089903
33146750 90.817235
33145917 91.551075
33142704 92.273888
33139929 92.995778
33135689 93.715260
33131052 94.433919
33123795 95.150510
33120753 95.866792
33115506 96.581861
33112052 97.297007
33106200 98.012035
33102098 98.725158
33100155 99.434317
33096699 100.143784
33094500 100.852702
33092073 101.561786
33088846 102.269480
33086360 102.974439
33078207 103.679669
33075413 104.384608
33069894 105.085539
33059998 105.786039
33058996 106.484608
33058051 106.484612
33057257 107.184541
33054595 107.882544
33051787 108.580750
33050175 109.279866
33048994 109.972188
33039076 109.972192
33038769 110.662270
33027812 110.662274
33027533 111.355412
33021361 111.355416
33021226 112.048089
33006982 112.739932
33003917 113.428519
33002446 114.117817
32999257 114.117823
32994536 114.801517
32982708 115.488339
32977508 116.172973
32974234 116.856689
32971953 117.539176
32969395 117.539180
32957520 118.221113
32949737 118.900271
32940857 119.578299
32929029 120.259465
32927897 120.935151
32925725 121.612070
32917856 122.284769
32915650 122.957927
32911213 123.628162
32903289 124.300687
32888782 124.973215
32881558 125.644703
32876397 126.326014
32873348 127.006805
32866668 127.684891
32860219 128.351647
32859634 129.016085
32857773 129.679500
32853303 130.341968
32851248 131.003071
32847658 131.664206
32845592 131.664211
32843847 132.322354
32837445 132.322358
32831958 132.984030
32829724 132.984035
32826638 133.642190
32819121 134.303208
32814454 134.303212
32806801 134.962990
32802860 135.614320
32794072 136.269720
32786321 136.925650
32776571 137.578907
32771058 138.232945
32764386 138.886046
32763645 139.532737
32756821 140.186785
32755907 140.833794
32749616 141.481785
32745852 142.124893
32742060 142.772568
32738518 142.772572
32734965 143.418962
32734629 144.066764
32733125 144.066768
32731540 144.711036
32730185 144.711041
32728970 145.353458
32728446 145.992281
32725502 145.992285
32725174 146.632576
32720655 146.632581
32718600 147.274049
32710988 147.914609
32705846 148.553169
32702974 149.187760
32701783 149.827095
32699391 150.465922
32692910 151.099569
32689342 151.733760
32685801 152.369051
32684633 153.006759
32683749 153.640228
32680761 153.640232
32677438 154.273767
32674905 154.906451
32657586 155.540001
32652692 155.540005
32648276 156.171332
32647123 156.799432
32643220 157.430267
32642978 158.061015
32636964 158.690033
32623209 159.316611
32621008 159.943421
32603063 159.943426
32601063 160.568868
32592028 161.196367
32587784 161.821146
32584665 162.446145
32580913 163.070489
32578521 163.690942
32574003 164.313741
32571782 164.935108
32568875 165.555436
32567634 166.181763
32565910 166.803234
32565697 167.428356
32558258 168.047893
32557412 168.669179
32555310 169.287998
32553895 169.907093
32552929 170.521626
32551163 171.141212
32549274 171.757349
32548525 172.374233
32545861 172.991920
32536140 173.603427
32534820 174.217974
32530122 174.832195
32526850 175.444130
32522857 176.059707
32522097 176.672876
32521889 177.285114
32516516 177.898743
32513954 178.508200
32513543 179.119882
32511881 179.728841
32509536 180.337786
32508836 180.943552
32507123 181.547870
32506199 182.156443
32502133 182.761365
32501619 183.365069
32500330 183.968141
32499789 184.573721
32498813 185.175137
32497929 185.773660
32496127 186.369773
32490089 186.964471
32488881 187.555169
32487681 188.150530
32487594 188.741128
32486955 189.329933
32486229 189.915792
32484480 190.498536
32483970 191.081388
32483147 191.081393
32481915 191.660613
32478792 192.241050
32474442 192.815279
32473049 193.390958
32470408 193.960972
32467123 194.533220
32464679 195.102608
32463202 195.668184
32461745 196.231266
32461417 196.796411
32458997 197.356190
32458173 197.914938
32452482 198.471682
32448414 199.024681
32444761 199.572181
32444350 200.116024
32443969 200.660054
32443281 201.199009
32442521 201.739329
32441623 202.271742
32441242 202.802074
32440499 203.331208
32439883 203.858183
32439380 204.381886
32438517 204.904343
32438126 205.421767
32438076 205.935078
32437319 206.448520
32437042 206.960179
32436915 207.466031
32436734 207.974591
32436531 208.474347
32436414 208.971516
32436389 209.467057
32436354 210.444838
32436057 213.309957
32435368 213.775956
32434512 213.775961
32431645 214.238542
32430672 214.698227
32427499 215.157349
32427305 215.608510
32427053 216.504082
32426973 216.944925
32426948 217.384786
32424419 219.528841
32424216 220.357165
32424216 821.514871
