34148375 8.379781
34126694 8.379793
34059525 8.379794
34054134 8.379796
34028113 8.379797
33984917 8.379798
33977088 8.379799
33931100 8.379800
33887186 8.379801
33879348 8.379802
33859646 9.387428
33841495 10.387552
33823952 10.387557
33822987 10.387560
33808477 11.377730
33788528 11.377735
33783980 12.363036
33766385 12.363040
33764208 12.363042
33762863 13.345934
33754254 13.345938
33743022 13.345940
33737682 13.345942
33729470 13.345943
33692455 14.317742
33657609 15.287262
33648858 16.247336
33638344 16.247341
33635243 17.198659
33627825 17.198663
33601093 17.198665
33594412 18.142916
33582580 18.142920
33576972 19.083938
33561998 19.083942
33560874 20.017227
33540714 20.017232
33536765 20.945585
33510414 21.871947
33483236 22.791032
33476360 23.706286
33462173 24.618988
33446917 25.528375
33437031 26.428242
33435902 27.325623
33431026 28.221934
33425260 29.110303
33424085 29.996361
33421130 29.996365
33410267 30.875917
33403552 31.752223
33394471 32.627371
33386545 33.493201
33377737 34.363496
33370061 35.227794
33368175 36.088151
33366097 36.943723
33360922 36.943728
33360119 37.797670
33358205 38.651198
33357065 38.651203
33355058 39.495385
33349717 39.495390
33341926 40.339868
33340494 41.182081
33339508 42.021067
33339210 42.863128
33330220 42.863132
33324759 43.699751
33323617 43.699756
33312656 44.537070
33305560 45.371164
33302897 46.202158
33290002 47.035902
33287773 47.861358
33286769 48.682316
33273336 49.500365
33263964 50.318958
33249043 51.138505
33247304 51.951953
33241301 52.762432
33240353 53.571645
33239577 54.380501
33233050 55.183442
33230488 55.986930
33225868 56.788602
33218096 57.590639
33217341 58.389301
33214480 59.183509
33212346 59.976846
33197127 60.770493
33193827 61.560282
33192669 62.350829
33188239 63.141481
33181846 63.930454
33178562 64.718774
33176035 65.504735
33174416 65.504740
33169222 66.286733
33163186 67.065488
33160775 67.848834
33155875 68.624426
33152487 69.403428
33135970 69.403433
33133340 70.177460
33128957 70.959437
33128069 71.748152
33125282 72.537422
33122379 73.307341
33119123 74.077038
33112705 74.847301
33111500 75.614109
33102996 76.381694
33096134 76.381698
33095274 77.145912
33094783 77.909793
33091622 78.666565
33077613 78.666571
33075585 79.427167
33074674 79.427173
33072478 80.185891
33060396 80.185896
33053174 80.942504
33034836 80.942509
33022225 81.703906
33015954 82.455484
33008612 83.206342
33005061 83.959173
33003102 84.706595
33001156 85.457676
33000989 86.207117
33000041 86.954129
32992764 86.954134
32985128 87.700159
32980970 88.444119
32979962 89.185503
32970359 89.924055
32967646 90.660081
32967283 90.660085
32955017 91.399432
32954708 92.139289
32941213 92.139294
32918364 92.876586
32915808 93.615046
32896238 94.349195
32894704 95.082356
32893565 95.811911
32893472 96.543736
32891885 97.274708
32888054 98.002097
32844648 98.726844
32843509 99.453959
32841814 100.175501
32839509 100.894732
32834079 101.617614
32832594 102.339914
32813453 103.056949
32810441 103.774429
32804518 104.490012
32794604 105.205607
32785277 105.920654
32780629 106.634918
32775209 107.344866
32770820 108.058424
32765403 108.765222
32763494 109.476230
32757365 110.182634
32756959 110.885112
32747982 111.591025
32742708 112.294535
32738567 112.994060
32737846 113.692436
32736597 114.390916
32728724 115.089908
32721617 115.786835
32717984 116.480492
32717977 117.176982
32704902 117.176986
32698208 117.869365
32696917 118.563210
32693537 119.252742
32693222 119.945178
32693014 120.637215
32686904 120.637219
32675441 120.637222
32661935 121.324999
32659553 122.011532
32652664 122.699005
32647343 123.383596
32645782 124.068688
32639335 124.754062
32636020 125.437301
32631772 126.119402
32629981 126.798168
32626789 127.476322
32622117 128.155540
32614413 128.833167
32611862 129.505643
32609720 130.182923
32603563 130.860484
32594285 131.531579
32586698 132.202293
32576836 132.873547
32568636 133.543356
32562668 134.211196
32558680 134.881982
32557387 135.546944
32553977 136.214455
32553029 136.880323
32551561 137.547674
32546019 138.214530
32539453 138.875406
32529463 139.537980
32527541 140.202816
32525478 140.863178
32523694 141.522416
32522095 142.181266
32520136 142.841270
32511352 143.502682
32507485 144.160194
32502400 144.817395
32497165 145.473642
32494265 146.129815
32493902 146.784030
32493160 147.439846
32492247 147.439851
32488509 148.092841
32486138 148.743146
32482097 149.396468
32476690 150.046463
32475697 150.697543
32472398 151.346228
32467459 151.996112
32454047 152.643874
32450810 153.290476
32449012 153.939889
32448671 154.586012
32446753 155.233579
32445427 155.881396
32442196 155.881400
32439584 156.524626
32439558 157.167426
32437776 157.816182
32437526 157.816186
32435183 158.457449
32433712 159.098855
32432143 159.098859
32421812 159.738684
32420086 160.377969
32418294 161.017114
32417369 161.017119
32416059 161.660023
32406697 162.298890
32404897 162.938430
32404720 163.577035
32402619 164.214501
32401747 164.214506
32399526 164.850240
32398784 164.850244
32393632 164.850247
32391262 165.485945
32384467 166.121267
32383910 166.756847
32382713 167.388031
32382341 168.023187
32374673 168.023192
32371377 168.655611
32370330 169.285181
32366873 169.917887
32366077 170.545882
32364002 171.176867
32356412 171.176872
32355689 171.808339
32353400 172.436859
32351252 173.062251
32350120 173.688637
32344758 173.688642
32342062 174.317367
32338629 174.944366
32332168 175.568216
32324029 176.194936
32321388 176.817715
32317521 177.439829
32316540 178.061844
32313388 178.680061
32311801 179.300553
32309488 179.921056
32307493 180.540407
32306124 181.157953
32304890 181.773754
32303401 181.773759
32298069 182.387929
32297108 183.002744
32296867 183.002749
32295720 183.615733
32295310 183.615738
32290394 184.230169
32288921 184.843589
32288705 184.843595
32287047 185.455659
32285553 185.455665
32284514 186.068224
32278319 186.068229
32275547 186.674069
32274400 187.280237
32273744 187.884079
32273512 188.491197
32272703 188.491203
32269134 189.093690
32267448 189.093696
32266952 189.695983
32263496 189.695988
32261069 190.297698
32258503 190.898684
32257719 191.499617
32256800 192.096763
32255724 192.096768
32252852 192.692563
32251120 193.285372
32247330 193.875015
32241141 194.462018
32239600 195.049534
32238126 195.634886
32237085 196.219550
32235167 196.798279
32228397 197.374513
32227090 197.950065
32226125 198.526139
32225058 199.101050
32224511 199.672137
32221942 200.241412
32220774 200.807638
32220036 201.374958
32219031 201.938159
32218408 202.497665
32217927 203.054819
32217435 203.610105
32216681 204.165408
32216377 204.719910
32215264 205.267535
32214341 205.810912
32213721 206.353939
32213618 206.892454
32213451 207.426527
32213102 207.958900
32211946 208.495556
32211900 209.026458
32211507 209.557445
32210990 210.083084
32210905 210.603987
32210322 211.123585
32210124 211.641474
32210117 212.160244
32210070 213.189131
32210065 213.698652
32209061 216.203118
32208681 216.696442
32208167 217.187402
32207164 217.673136
32206771 218.162104
32206335 218.645343
32206023 219.126692
32205630 219.608516
32204887 220.088024
32204466 220.560657
32203949 221.040025
32201262 221.509596
32200869 221.981592
32200746 222.450762
32200661 222.915654
32200558 223.382878
32200512 223.843076
32200485 224.303955
32200449 224.763033
32200292 229.669436
32199020 235.227550
32198453 235.649490
32198169 267.648657
32197791 268.845495
32197791 870.188201
