34423475 8.437776
34084550 8.437790
34063874 8.437791
34063083 8.437793
34052044 8.437795
33948878 8.437796
33928391 9.421446
33899870 10.394331
33889865 11.366458
33849667 12.334739
33831739 13.291305
33737322 14.249140
33721342 15.197961
33688778 16.137326
33669575 17.068890
33656299 17.995122
33638695 18.915057
33633510 19.830306
33625912 20.741500
33607691 21.651427
33595499 22.549047
33577638 23.443590
33560011 24.331177
33547546 25.213050
33544340 26.092418
33541478 26.968025
33533822 27.836341
33528976 28.703122
33524508 29.569051
33522368 30.426110
33518730 31.278904
33499458 32.131097
33495887 32.983037
33494661 33.827570
33494525 34.670666
33493588 35.506537
33483965 36.340944
33480259 37.177245
33463518 38.006488
33453158 38.837198
33447335 39.661206
33444297 40.483257
33410062 41.313156
33402292 42.130273
33396319 42.942608
33383210 43.752335
33377413 44.558466
33371841 45.363870
33361521 46.169124
33361253 46.970385
33336268 47.770218
33330407 48.567215
33326333 49.363000
33306060 50.159290
33298948 50.955101
33296559 51.743690
33294521 52.532951
33287948 53.319949
33279559 54.103060
33278531 54.886518
33271812 55.665856
33269945 56.444403
33260238 57.224040
33250774 57.998482
33247990 58.771751
33238498 59.543841
33230760 60.316171
33228763 61.084987
33217825 61.850508
33210749 62.616678
33208796 63.384044
33207636 64.147353
33204111 64.908789
33199497 65.669690
33194676 66.430518
33193888 67.188308
33190664 67.940638
33188728 68.693827
33179423 69.448286
33169590 70.197826
33166994 70.946906
33162980 71.693031
33150334 72.440971
33150183 73.186180
33141857 73.932652
33141000 74.673758
33130080 75.414254
33126679 76.156796
33125158 76.892535
33119484 77.627250
33105411 78.361683
33099640 79.097406
33097182 79.834240
33090746 80.565187
33090719 81.294528
33090233 82.026506
33085997 82.752294
33084710 83.478483
33080368 84.203334
33071108 84.924410
33069207 85.646640
33051870 86.366741
33046195 87.085829
33040764 87.807256
33039135 88.524985
33037133 89.242684
33032381 89.955297
33030123 90.670522
33028655 91.383421
33024512 92.093698
33017123 92.803693
33013617 93.511429
33009147 94.217922
33008055 94.920349
33004196 95.624307
33002942 96.325469
33000129 97.025840
32996459 97.727538
32996162 98.426389
32991267 99.122536
32977980 99.821872
32974486 100.515876
32971168 101.211563
32969171 101.904801
32964707 102.597324
32964049 103.288569
32962169 103.977098
32958933 104.667113
32949902 105.354192
32945921 106.040453
32938490 106.726411
32932435 107.411007
32928402 108.094161
32927177 108.775489
32919385 109.454959
32917110 110.136164
32909229 110.812861
32896280 111.489159
32888842 112.165685
32879475 112.842133
32876009 113.515162
32859678 114.190457
32856584 114.861322
32847920 115.533279
32842401 116.201598
32840893 116.870801
32828841 117.536239
32820117 118.200609
32819399 118.867335
32813283 119.532960
32811489 120.196359
32811077 120.856464
32809552 121.520723
32809285 122.179658
32805052 122.837942
32804121 123.496527
32803416 124.153850
32780854 124.813658
32775114 125.469479
32769604 126.123351
32761421 126.779244
32758518 127.430115
32743859 128.086399
32725327 128.739470
32718684 129.387827
32713934 130.038458
32713495 130.689572
32710200 131.339959
32704104 131.988553
32703634 132.630457
32701236 133.277375
32699112 133.920850
32695855 134.563776
32691021 135.207787
32687713 135.847593
32680331 136.487867
32676559 137.130853
32671362 137.769860
32669184 138.407866
32665070 139.049168
32662553 139.686312
32659627 140.321361
32656035 140.957580
32654129 141.594312
32647931 142.227865
32645963 142.860685
32640178 143.493252
32636934 144.126585
32636144 144.759767
32632191 145.393532
32628545 146.026240
32619630 146.656592
32618274 147.286293
32605682 147.916096
32602355 148.541363
32596388 149.169678
32576072 149.796284
32572437 150.425082
32566773 151.050688
32565249 151.675917
32560776 152.298615
32559639 152.922513
32557788 153.546871
32556772 154.171312
32555712 154.795811
32554119 155.413254
32553579 156.034687
32549476 156.654905
32547636 156.654910
32546149 157.276931
32544509 157.276937
32542712 157.892623
32539117 157.892652
32539090 158.515888
32538258 159.137458
32534853 159.757311
32533769 160.374755
32532953 160.990804
32530579 161.610357
32521403 161.610364
32517784 162.228025
32517276 162.843006
32512055 163.460984
32506063 164.078345
32501817 164.691046
32495599 165.308633
32486353 165.922487
32478784 166.533078
32478556 167.149962
32478450 167.769739
32477543 168.382738
32476172 168.995946
32473235 169.610148
32467118 170.225839
32461843 170.836620
32461068 171.450012
32458496 172.062976
32457854 172.677810
32456981 173.286844
32455223 173.897684
32453092 174.508589
32446435 175.117676
32445423 175.728514
32430436 176.337356
32428395 176.946689
32425200 177.554641
32423718 178.159216
32420072 178.764600
32417010 179.370187
32414972 179.977438
32413698 180.586535
32412310 181.192913
32411653 181.794082
32410955 182.399726
32409619 183.002611
32407435 183.604474
32402224 184.208684
32400939 184.810380
32399822 185.412234
32398762 186.005969
32397329 186.604611
32396611 187.200037
32395667 187.793834
32395434 188.386631
32394418 188.977893
32394223 189.568201
32393870 190.161068
32393549 190.749625
32391488 191.335226
32390922 191.922424
32390052 192.505863
32389213 193.088043
32384992 193.088048
32382515 193.667990
32382200 194.243980
32379714 194.820032
32379101 195.393762
32375062 195.393767
32374905 195.966385
32373666 196.534780
32373009 197.100801
32371288 197.666306
32370107 198.229500
32369920 198.787050
32369585 198.787055
32369091 199.350178
32368404 199.350183
32365829 199.906937
32359581 200.460442
32358307 201.009264
32358305 201.558957
32357792 202.107130
32357100 202.649313
32356487 203.187598
32355947 203.723928
32355780 204.265080
32355486 204.804441
32355272 205.337458
32355129 205.863584
32351514 206.390330
32350872 206.913382
32350545 207.432893
32350010 207.432897
32348692 207.953709
32347489 208.469270
32345240 208.981804
32345007 209.490458
32343174 209.995050
32343154 210.495252
32341949 212.961782
32341725 213.447332
32341530 214.411016
32341510 214.889379
32341186 215.362281
32341005 217.692861
32340531 218.152468
32339903 218.609738
32339708 219.062410
32339688 219.507918
32338613 220.843265
32337904 220.843271
32337546 223.869828
32336934 227.998973
32336460 228.797654
32336460 829.928461
