34935418 8.511252
34686552 8.511264
34623821 8.511265
34382112 8.511266
34368362 8.511267
34302367 8.511269
34277742 9.512716
34266452 9.512721
34254631 10.512623
34236690 10.512629
34227662 11.518030
34223825 11.518035
34190346 12.514174
34173381 12.514179
34160174 13.496081
34137275 13.496087
34128889 14.464561
34114205 14.464566
34113152 14.464569
34095492 15.432813
34089046 16.393609
34054136 16.393614
34036341 16.393616
34017310 17.345312
34005880 18.291506
33975493 19.236257
33958231 20.174307
33944047 21.104823
33921197 22.034645
33918546 22.958000
33909902 22.958005
33903778 23.876146
33870049 24.791378
33823861 25.702648
33817253 26.605664
33810656 27.510132
33803890 28.405840
33796884 29.301119
33782079 30.190129
33769489 31.076728
33753618 31.960248
33751021 32.842021
33747141 33.717416
33742511 34.588741
33737738 35.456845
33733770 36.324721
33728716 36.324727
33728492 37.185096
33722088 37.185101
33715583 38.044057
33711417 38.900433
33708840 39.758996
33708173 40.612865
33686010 40.612871
33675783 41.461710
33669513 42.311352
33664235 43.155872
33663463 44.000643
33653407 44.844666
33644123 45.685852
33639405 46.525432
33633513 47.362650
33627536 48.196806
33627021 49.033632
33588871 49.867419
33585118 50.696209
33576359 51.521334
33558260 52.344633
33557195 53.170619
33552264 53.987875
33551447 54.805319
33550499 55.619776
33544805 56.434551
33544547 57.244239
33542821 58.059386
33532611 58.871005
33531249 59.679962
33518238 60.485711
33513776 61.292046
33512268 62.097856
33510110 62.896255
33509365 63.698388
33507609 64.497798
33505280 65.295300
33494280 66.090425
33492828 66.885751
33472317 67.675655
33463047 68.467413
33463005 69.257285
33457228 70.045047
33457030 70.834538
33454121 71.619399
33452661 72.401500
33450377 73.186805
33442700 73.972015
33440947 74.754001
33439759 75.529034
33438983 76.304256
33432075 77.076340
33429396 77.852267
33427141 78.626754
33424582 79.398265
33423599 80.169103
33419285 80.934215
33417658 81.699846
33413439 82.468099
33412832 83.232519
33409881 83.992045
33408654 84.753980
33405660 85.509898
33395684 86.269702
33381348 87.024912
33380204 87.781669
33365284 88.538408
33364024 89.290938
33354116 90.038314
33343472 90.788645
33342250 91.533349
33329542 92.279571
33327062 93.023943
33323229 93.767091
33313053 94.506899
33312531 95.245998
33299760 95.985876
33296681 95.985881
33296120 96.725356
33290538 96.725361
33287002 97.462915
33284278 98.200526
33283111 98.936447
33277365 99.667215
33260275 100.396939
33258527 101.127878
33255683 101.855796
33253896 102.580621
33253219 102.580626
33247082 103.306549
33222222 103.306554
33212999 104.030750
33209180 104.752316
33206220 105.469662
33198154 106.190324
33189355 106.910071
33188357 107.627793
33188255 108.348025
33187090 109.062945
33184851 109.776643
33178805 110.491857
33178158 111.200386
33176692 111.910590
33172505 111.910594
33154902 112.621088
33153898 113.333168
33151167 114.038920
33149516 114.744990
33144884 115.450260
33136397 116.157768
33127469 116.859462
33123275 117.560407
33119801 118.262804
33111600 118.961322
33105328 119.660631
33097321 120.356683
33092366 121.054279
33090393 121.750805
33068897 122.440975
33065528 123.133440
33025655 123.824834
33024518 124.514710
33018423 125.204092
33017653 125.892824
33014314 126.578296
33013638 127.268995
33011641 127.955240
33005895 128.638402
33001149 129.323572
32993796 130.007252
32986644 130.692738
32986372 131.374380
32979503 132.057225
32976717 132.739271
32972858 133.422542
32971947 134.098204
32970438 134.776799
32969886 135.452128
32967951 136.125167
32964302 136.799914
32959283 137.471343
32954458 138.140979
32949908 138.812018
32948946 139.484225
32941447 140.157212
32922591 140.827136
32921941 141.496073
32915737 142.163197
32914528 142.829396
32900335 143.498024
32900030 144.164018
32898444 144.828687
32895693 145.492993
32888086 146.155895
32884977 146.819533
32884070 147.479049
32882209 148.139128
32880227 148.797900
32879443 149.455259
32878047 150.116589
32874622 150.775208
32867354 151.432581
32864845 152.087977
32861506 152.743018
32859136 153.395845
32858877 153.395872
32857945 154.051772
32857231 154.051777
32854719 154.704889
32851437 155.355119
32847029 156.007146
32820844 156.657469
32816188 157.307871
32810503 157.959000
32808469 158.607140
32806883 159.255756
32804308 159.905061
32803905 160.552303
32801311 161.197864
32799272 161.840330
32795490 162.484641
32791268 163.130905
32787139 163.773377
32784859 164.420764
32779256 165.064414
32775116 165.708884
32774544 166.347791
32773750 166.984785
32773546 166.984790
32772965 167.624965
32769675 167.624970
32768214 168.265713
32768095 168.902721
32767937 169.543925
32767462 169.543930
32764004 170.180255
32760954 170.180260
32760701 170.814855
32760435 170.814860
32756868 170.814862
32755171 171.454252
32749224 172.087974
32749200 172.723188
32740442 172.723194
32736446 173.356016
32732822 173.989101
32729304 174.625931
32728338 175.259869
32714930 175.889755
32714017 176.518735
32712943 177.146380
32705796 177.769010
32704979 178.396629
32704202 179.024450
32703998 179.654513
32702677 180.278691
32699112 180.905022
32698646 181.527531
32698378 182.148252
32697321 182.772255
32695032 183.392482
32686210 184.010694
32685910 184.630243
32685484 185.245221
32684330 185.861960
32682204 186.472220
32680297 187.084846
32679885 187.693579
32677073 188.303561
32676636 188.911411
32676454 189.516477
32676249 190.118608
32675388 190.720130
32674778 191.320974
32673448 191.320978
32666923 191.919827
32664071 192.510182
32662683 193.104481
32662480 193.696491
32659486 194.285802
32658387 194.871591
32658071 195.458102
32657952 196.039710
32656006 196.621568
32655356 197.773587
32653861 197.773591
32652411 198.344509
32652075 198.913544
32649666 199.482515
32648322 200.048226
32644413 200.048232
32644217 200.048233
32636933 200.609519
32632653 201.168444
32629135 201.722580
32627489 202.274046
32625296 202.826599
32624901 203.915737
32624014 204.458414
32622236 204.995562
32618469 205.527818
32617979 206.056153
32616975 206.585128
32616916 207.108637
32616858 207.629201
32616694 208.144146
32616672 208.660044
32616117 209.170634
32616101 210.675988
32613095 211.670199
32612592 212.164702
32612539 213.140691
32610991 213.140695
32610184 214.574872
32610090 217.351198
32609587 218.250083
32609214 218.688063
32609178 218.688069
32609178 819.856686
