34587292 8.362634
34476765 8.362649
34471856 8.362651
34223311 8.362652
34204534 8.362653
34178812 8.362654
34171982 8.362656
34135349 9.367677
34110147 10.376897
34093151 11.376353
34089253 11.376357
34068066 12.364282
34058857 12.364286
34052545 12.364288
34029765 13.342059
34016356 13.342064
34011842 14.317777
34007658 14.317782
33999553 15.285730
33994518 15.285735
33977847 15.285736
33976020 16.245907
33952898 16.245911
33937802 17.201545
33927765 18.147377
33921144 18.147381
33919685 19.090772
33915090 19.090776
33911726 20.026319
33910748 20.026323
33902654 20.959023
33896318 20.959027
33891693 21.885939
33873377 21.885944
33863932 22.807022
33855398 23.725085
33850121 24.637438
33838046 25.545703
33820624 26.447885
33801470 27.349631
33794061 28.245714
33785685 29.136185
33764736 30.039161
33760940 30.943508
33757993 31.827788
33747051 32.706274
33742369 33.582012
33733599 34.450539
33729190 35.321373
33728881 35.321377
33722140 36.187128
33712136 37.052506
33711968 37.909235
33705419 38.763772
33703438 39.619872
33698509 40.470118
33692908 40.470122
33692403 40.470124
33691528 41.316056
33689800 41.316060
33677847 42.162498
33671263 43.005565
33667587 43.005570
33665965 43.845259
33665229 44.685227
33661729 44.685232
33660556 45.521324
33651066 45.521330
33643554 46.357034
33642009 47.190065
33638878 48.017126
33623040 48.848113
33621178 49.674317
33620825 50.503353
33619856 51.330167
33618678 51.330172
33596752 52.153333
33583735 52.969295
33582052 53.784872
33581049 54.599527
33579154 55.415206
33575687 56.224290
33574661 57.033411
33567620 57.836619
33561590 58.643124
33558363 59.444455
33556999 60.249185
33548578 61.050030
33545981 61.050036
33544334 61.846983
33527487 62.643309
33525317 63.437893
33523896 63.437898
33523681 64.235954
33519421 65.027703
33510793 65.027708
33493900 65.816875
33486604 66.607537
33482742 67.395643
33462404 68.180793
33460884 68.964118
33460288 69.745403
33453632 70.524687
33450392 70.524691
33439330 71.300837
33429547 72.076309
33410146 72.853638
33408777 73.627466
33408242 74.398224
33400690 75.168907
33399436 75.941990
33392094 75.941994
33363815 76.711030
33358185 77.475549
33356178 78.238479
33355943 79.003437
33355576 79.766972
33353932 80.527600
33341034 80.527606
33338538 81.285591
33330906 82.044176
33324028 82.797667
33322937 83.554597
33318085 84.310689
33315867 84.310693
33304417 85.066629
33304128 85.819196
33300264 85.819201
33295974 86.563088
33294264 86.563092
33293020 87.312937
33289824 87.312942
33289288 88.058834
33288561 88.804922
33280419 88.804926
33279333 89.548901
33253380 90.287471
33243779 91.028617
33241802 91.768284
33238863 92.507208
33237709 93.245805
33224087 93.982795
33223058 94.717839
33221954 95.451268
33211605 96.181663
33200118 96.910378
33198550 97.639460
33195982 98.369088
33189460 99.094521
33188775 99.818979
33181378 100.541394
33178472 101.259922
33173848 101.259928
33159834 101.259929
33155020 101.981791
33154334 102.704486
33135090 103.423942
33125600 104.140525
33123637 104.855487
33119902 105.566859
33116994 106.282105
33106489 106.992931
33102571 107.699833
33095952 108.409308
33094408 109.116486
33089079 109.822369
33051694 110.525706
33050922 111.227093
33037501 111.930368
33037308 112.630656
33037239 113.331423
33036416 114.031768
33035905 114.729420
33033897 115.429039
33025281 116.121885
33022810 116.815348
33001918 117.508508
32974435 118.200331
32970942 118.892519
32963676 119.581913
32962124 120.271151
32959010 120.959948
32956643 121.648012
32946427 121.648019
32946348 122.334635
32945083 123.015738
32939051 123.015744
32931971 123.697750
32931716 124.378883
32930633 124.378888
32928933 125.058641
32922875 125.058647
32914074 125.736338
32910075 126.409364
32903626 127.086861
32902466 127.759992
32897068 128.432100
32896773 129.103833
32892602 129.776001
32886405 130.446530
32882033 131.128364
32881182 131.803061
32874743 132.473101
32870365 133.149030
32867778 133.825040
32866101 134.497300
32863059 135.172420
32861347 135.848916
32856266 136.518722
32856028 136.518727
32855844 137.180830
32855690 137.180836
32855363 137.837997
32854518 137.838026
32848158 137.838029
32843886 138.495754
32843245 139.154761
32839038 139.154767
32834852 139.811642
32833237 140.468957
32831621 141.127845
32825380 141.785352
32824776 142.441178
32815870 142.441184
32811784 143.097669
32810454 143.750898
32800253 144.403946
32791261 145.054121
32788576 145.709688
32785293 146.359449
32781108 147.008820
32774532 147.658136
32770025 148.304840
32769910 148.952056
32766439 149.596988
32765070 150.245621
32761269 150.892339
32756487 151.538728
32752665 152.183243
32743825 152.824116
32737652 153.466861
32731107 154.107152
32729711 154.745347
32727616 155.385844
32718975 156.026907
32718940 156.665312
32713245 157.305405
32712561 157.943186
32711327 158.579232
32704613 159.216659
32698036 159.850936
32695382 160.489958
32692263 161.125380
32691015 161.760770
32688883 162.394739
32686034 163.025710
32683889 163.661529
32677911 164.293653
32671968 164.927863
32670027 165.559647
32669795 166.191060
32665154 166.824742
32661070 167.463774
32650336 168.092794
32649077 168.720971
32647583 169.350034
32640421 169.976075
32637891 170.603294
32636948 171.232411
32636044 171.856676
32634790 172.481341
32633759 173.106213
32629679 173.727401
32626237 174.353458
32624793 174.974243
32623538 175.594804
32623007 176.213189
32622274 176.829920
32617646 177.449385
32616726 178.067340
32616094 178.684685
32615961 179.297590
32614466 179.914493
32614415 180.528068
32612114 181.138055
32608373 181.747068
32607905 182.359043
32607195 182.966638
32602724 183.571850
32601907 184.174739
32601455 184.774915
32601453 185.375122
32598508 185.973650
32593976 186.570364
32593907 187.163825
32593737 187.757691
32580306 188.350102
32579563 188.939416
32579226 189.527513
32576115 190.111874
32575943 190.695307
32575841 191.275349
32568874 192.429468
32567993 193.571583
32566592 194.140605
32565441 194.707676
32565411 195.272404
32565278 195.832766
32564487 196.945001
32562064 198.046301
32561428 199.137958
32560725 199.677947
32560187 200.213881
32559507 200.213887
32552177 200.750654
32551726 201.811084
32551514 205.450087
32550087 206.466439
32549873 206.967818
32549871 207.468952
32549411 207.966996
32548557 208.952804
32546893 210.885749
32545389 215.948992
32545268 217.269717
32545174 220.684535
32545152 221.509425
32544295 222.728861
32543877 222.728866
32543843 223.132135
32543824 223.533961
32543822 223.933643
32543508 225.893025
32543508 826.979164
