35027780 8.400237
34922548 8.400250
34835484 8.400251
34629414 8.400252
34598412 8.400253
34496372 8.400254
34456773 8.400255
34400301 8.400257
34382467 9.431861
34366193 9.431865
34358749 10.453103
34330810 10.453108
34323452 11.472837
34312347 12.483422
34287357 12.483426
34281501 13.487317
34259947 13.487322
34255719 13.487324
34249220 14.490122
34246355 14.490127
34244016 14.490129
34233919 15.483604
34219969 15.483610
34205163 16.471749
34199559 17.456514
34192754 17.456519
34175464 17.456521
34174845 18.433076
34162830 18.433080
34151272 19.404046
34149661 20.369853
34140787 20.369858
34137122 21.329894
34120135 21.329899
34117462 22.281154
34091043 23.230151
34088705 24.170355
34085552 25.113919
34076874 26.047200
34071998 26.977280
34054971 26.977284
34049182 27.902726
34043449 28.824187
34037236 29.746900
34032069 30.662884
34030604 31.575710
34021763 32.484451
34013339 33.388798
34009396 33.388803
34005272 34.292374
34004957 34.292379
34004501 34.292381
34001994 35.195447
33994048 35.195452
33991295 36.092282
33987436 36.990646
33975651 36.990651
33969619 37.880375
33964900 38.770778
33962634 39.659209
33960501 40.548488
33957346 41.435039
33956985 42.316798
33951996 42.316803
33951974 42.316805
33950277 43.189620
33945093 43.189626
33943381 44.067065
33928109 44.067070
33923224 44.937556
33920860 45.809037
33918793 46.673962
33917098 47.538692
33917034 47.538697
33915421 47.538699
33911199 48.402898
33906222 48.402904
33900006 48.402906
33890849 49.261113
33878589 50.117107
33877045 50.971878
33873677 51.828764
33870210 52.681597
33863886 53.530107
33848885 54.374017
33846518 55.218797
33844427 56.063849
33829212 56.904452
33827853 57.745249
33825240 58.582551
33823436 59.417285
33815852 60.254264
33800565 61.086717
33796404 61.916746
33794793 62.746944
33794005 63.576914
33793399 64.400687
33771142 65.225530
33770299 66.046380
33770080 66.868352
33769868 67.686226
33769233 68.502935
33766401 69.316478
33755975 70.127782
33713306 70.954154
33711118 71.780079
33710830 72.602293
33708549 73.409423
33705185 74.216722
33681062 75.020706
33651667 75.825782
33649318 76.624762
33641827 77.425464
33638330 78.220587
33629454 79.013426
33628231 79.809098
33626803 80.607062
33614851 81.394557
33612870 82.186290
33594731 82.975355
33568748 83.762054
33560255 84.547120
33559086 85.333383
33554720 86.117068
33551415 86.900040
33551139 87.679784
33540804 88.458621
33538111 89.234505
33534579 90.010972
33523987 90.788383
33519520 91.560467
33518344 92.334695
33517594 93.107256
33511030 93.875626
33506266 94.648081
33504891 95.416467
33504508 96.179241
33493530 96.943198
33471604 97.702343
33464996 98.457788
33463064 99.218955
33457930 99.976102
33393130 100.735682
33392842 101.493457
33392047 102.242894
33379951 102.996898
33373218 103.748518
33371811 104.499305
33361553 105.246444
33352335 105.997063
33345356 106.743564
33344187 107.490397
33339749 108.236890
33334331 108.981554
33329758 109.722001
33323469 110.463230
33321556 111.201653
33311583 111.939776
33306131 112.676472
33302706 113.416361
33294778 114.148019
33293398 114.881128
33289149 115.616008
33288254 116.343270
33283119 117.072253
33276327 117.801437
33274926 118.530627
33272840 119.261160
33269054 119.986997
33266215 120.711757
33257002 121.433632
33254480 122.151774
33253777 122.872513
33241612 123.592035
33235086 124.311609
33229440 125.027680
33222617 125.742271
33219577 126.456881
33218119 127.171821
33215066 127.885090
33210080 128.595512
33209455 129.310618
33208373 130.019306
33202027 130.727323
33196191 131.433046
33189272 132.141794
33188603 132.848504
33182571 133.548722
33179605 134.253022
33164144 134.957378
33161727 135.659277
33160848 136.357088
33157306 137.053983
33154394 137.752119
33153011 138.448730
33151223 139.145673
33148147 139.835139
33144413 140.525853
33143633 141.218010
33135763 141.909516
33129464 142.601473
33127792 143.288814
33123868 143.977087
33103096 144.663460
33102760 145.350121
33100946 146.037008
33098147 146.726838
33097652 147.405969
33094669 148.086589
33092103 148.767670
33083784 149.445129
33081488 150.124421
33080016 150.801535
33077741 151.479726
33075460 152.156604
33073894 152.829591
33067190 153.506770
33063979 154.183807
33060139 154.853197
33059004 155.522130
33054921 156.196231
33053202 156.868939
33052244 157.541639
33049798 158.211652
33048763 158.881531
33047626 159.546734
33045475 160.210888
33043781 160.875888
33042151 161.542886
33025763 162.207261
33016802 162.868165
33012782 163.529588
33012032 164.191907
33011455 164.852307
33009921 165.514875
33007111 166.176763
33005507 166.837016
33002776 167.495620
33000722 168.153503
33000252 168.810846
32998236 169.469653
32996739 170.127106
32988939 170.777968
32988432 171.427136
32986807 172.078352
32986135 172.726256
32984773 173.376578
32982210 174.023560
32980312 174.671903
32979787 175.319834
32978314 175.965411
32967464 176.613197
32952429 177.257752
32952107 177.899542
32947013 178.540198
32946755 179.181661
32945406 179.826029
32943163 180.467874
32935439 181.109578
32935022 181.748381
32934170 182.386259
32929118 183.020573
32928148 183.658480
32927657 184.294267
32927248 184.927641
32920195 185.557647
32919601 186.191037
32918995 186.824431
32918201 187.454013
32918110 188.082351
32917630 188.710964
32917627 189.337237
32915622 189.961246
32913793 190.583871
32912971 190.583876
32912117 191.204890
32909836 191.826077
32907429 192.442608
32905863 193.060108
32904396 193.675322
32902155 194.289699
32888144 194.289704
32885745 194.899543
32878997 195.509099
32875849 196.116229
32871638 197.322655
32868830 197.924851
32866241 198.521495
32848221 199.119502
32848134 199.711332
32846597 203.220310
32846268 208.303650
32841598 213.654318
32837565 214.174312
32837524 216.712782
32837345 217.212347
32831393 217.709958
32830984 218.203926
32830924 218.693802
32827756 219.178080
32827349 219.660534
32826705 220.139034
32826577 220.614470
32826248 223.864118
32826120 397.400482
32826120 998.666560
