34689725 8.485048
34456309 8.485062
34361057 8.485063
34343177 8.485065
34301670 8.485066
34216897 8.485067
34183322 8.485068
34069111 8.485070
34052092 9.488020
34017102 10.486306
33982072 11.484912
33964938 12.473422
33947591 13.457117
33927473 14.435315
33915012 15.410884
33890711 16.380808
33879727 17.341035
33862215 18.295888
33831145 19.244835
33827459 20.187910
33815457 21.124664
33784961 22.061260
33779207 22.985816
33769430 23.911420
33751535 24.827603
33746325 25.742553
33719273 26.653039
33716802 27.561519
33709646 28.462949
33703985 29.364438
33699044 30.257192
33692401 31.147291
33686345 32.040324
33683601 32.926184
33682001 33.809067
33667007 34.696284
33665288 35.573899
33662847 36.446482
33661999 37.318290
33660964 38.187393
33656733 39.054960
33653671 39.929059
33648670 40.793540
33645027 41.653045
33642719 42.506612
33639083 43.359379
33627904 44.207875
33620047 45.051628
33580919 45.899409
33576934 46.746414
33570502 47.592059
33569355 48.432841
33566183 49.269503
33566160 50.109374
33556351 50.946710
33552364 51.778105
33551880 52.609363
33550947 53.439701
33539562 54.267884
33539487 55.096476
33537478 55.921972
33533820 56.742189
33529340 57.565617
33526181 58.382427
33520335 59.198313
33518157 60.013030
33517567 60.828789
33509526 61.641064
33483074 62.452052
33474739 63.259869
33449907 64.063788
33444275 64.866815
33437570 65.668658
33435293 66.466521
33434533 67.268586
33427496 68.069533
33427164 68.864434
33424728 69.661097
33421893 70.455106
33418667 71.261298
33411296 72.062923
33405392 72.854063
33404743 73.646249
33403681 74.434535
33400642 75.221616
33385927 76.008024
33380099 76.790809
33379195 77.572656
33378899 78.350090
33378101 79.127283
33377778 79.901177
33367797 80.676639
33362239 81.449432
33354807 82.223606
33348362 82.995661
33344925 83.769110
33335391 84.538140
33328016 85.304863
33325132 86.070596
33323717 86.834084
33316108 87.598008
33308105 88.360773
33300649 89.119630
33297123 89.880647
33295653 90.640912
33294157 91.396692
33287793 92.153634
33286932 92.907078
33273973 93.660146
33272066 94.408024
33269893 95.158525
33266123 95.907581
33262732 96.653585
33232194 97.401562
33228228 98.146424
33217625 98.887239
33217171 99.629146
33213738 100.371708
33213112 101.112712
33207209 101.856042
33202910 102.590023
33195588 103.321884
33191045 104.055350
33189042 104.791891
33188684 105.526604
33177767 106.259249
33176059 106.987913
33168012 107.713578
33164613 108.443203
33152033 109.169631
33150222 109.893577
33107503 110.615296
33104681 111.339320
33086671 112.057982
33085436 112.781567
33074782 113.498874
33069067 114.220274
33068242 114.938471
33060155 115.652650
33051627 116.364586
33051143 117.079313
33050689 117.789262
33047490 118.500794
33046690 119.211320
33046379 119.919132
33040736 120.623713
33040022 121.332477
33035320 122.038062
33035207 122.741049
33027624 123.445554
33027560 124.147378
33026547 124.851401
33026278 125.548385
33021936 126.245815
33012221 126.942093
33007939 127.633155
33006619 128.324055
33002125 129.015242
33001753 129.707456
32999449 130.396714
32995831 131.087028
32992058 131.775897
32989362 132.463264
32984478 133.148095
32977230 133.832304
32974507 134.515660
32971116 135.196748
32969947 135.196753
32961836 135.878943
32959809 136.558626
32958843 136.558630
32947966 137.237758
32947244 137.918700
32939643 138.594582
32937214 139.274336
32934351 139.949229
32933819 140.623373
32932669 141.294891
32926974 141.963065
32926356 141.963069
32924726 141.963071
32922848 142.636149
32922813 142.636154
32919637 142.636156
32909832 143.305173
32903252 143.977052
32902726 144.644753
32898943 144.644758
32895474 145.308844
32889376 145.973500
32886469 146.640744
32884841 147.307068
32878342 147.973435
32877724 148.640243
32874997 149.301364
32873815 149.301368
32872954 149.301370
32868841 149.961697
32867010 150.621868
32866788 150.621873
32863101 151.283490
32859161 151.283495
32858954 151.283496
32849820 151.941336
32849073 152.602031
32847529 152.602035
32846076 153.262807
32845834 153.262811
32844496 153.917429
32838486 153.917433
32835440 154.573564
32828767 154.573568
32826961 155.226161
32825618 155.878608
32817678 156.528164
32814213 157.180794
32805767 157.830118
32799250 158.478684
32789543 159.129677
32784397 159.779033
32772716 160.426228
32766353 161.071425
32764546 161.713177
32761485 162.358112
32760552 162.999917
32758388 163.644297
32755087 164.286152
32752329 164.923813
32749785 165.562518
32742192 166.199549
32739652 166.834193
32735898 167.469842
32733271 168.103282
32732074 168.739133
32729898 169.372449
32728593 170.005797
32727648 170.635298
32718212 171.267111
32714935 171.897735
32714416 172.527207
32713790 173.155948
32711633 173.782399
32710542 174.408353
32708491 175.034134
32706999 175.657833
32705304 176.282997
32698338 176.906527
32696252 177.526152
32693853 178.142425
32689837 178.762554
32687408 179.379500
32684784 179.993324
32682628 180.610573
32681168 181.222349
32676474 181.833964
32667437 182.446052
32661352 183.056176
32660521 183.663052
32660141 184.269043
32658034 184.871147
32657320 185.472520
32656696 186.073251
32655773 186.672256
32652711 187.264832
32651986 187.856058
32651336 188.448626
32645574 188.448631
32645436 189.037634
32644605 189.627586
32643598 190.214101
32637970 190.801321
32637638 191.382069
32635960 191.382073
32633775 191.964186
32631331 192.539842
32629531 193.113921
32627951 193.683633
32626580 194.249841
32625494 194.815553
32622671 194.815559
32620725 195.379172
32619437 195.379177
32619314 195.941196
32619225 195.941200
32618585 196.499309
32618448 196.499313
32617453 197.053779
32616956 197.053783
32616032 197.606328
32616028 197.606331
32613824 197.606334
32611024 198.156262
32609393 198.702913
32607633 199.244659
32604301 199.785284
32603424 200.321934
32600998 200.854977
32600764 201.387349
32600527 201.914581
32598885 202.438268
32598832 202.956997
32596776 203.473479
32594540 203.473485
32594452 203.989628
32592691 204.505706
32585486 205.522094
32585183 206.028540
32581298 206.028544
32578611 206.528601
32578543 207.029887
32578003 207.522972
32576250 214.106465
32576014 214.555824
32575853 216.310626
32575780 216.741501
32575780 817.793391
