34691340 8.498798
34498173 8.498810
34452139 8.498811
34441179 8.498812
34397735 8.498813
34331884 8.498814
34316604 8.498816
34311187 8.498817
34299021 8.498818
34266611 8.498819
34246832 8.498820
34159824 8.498821
34130670 9.504082
34122829 10.501943
34105527 10.501948
34093071 11.496675
34086192 11.496679
34082713 12.487841
34047637 12.487845
34018999 13.467979
34000855 14.448162
33983744 15.423206
33968757 16.387549
33953960 17.349263
33934000 18.306513
33910435 18.306517
33901859 19.250916
33900972 20.194771
33881554 20.194775
33866318 21.135746
33851140 22.071981
33844971 23.005132
33830164 23.930569
33824727 24.851671
33816595 25.769517
33804362 26.687981
33802708 27.600597
33790758 28.508124
33787032 29.411149
33780824 30.311666
33773901 31.208778
33770676 32.097559
33766262 32.985886
33764752 32.985890
33756064 33.875106
33738182 34.764932
33736140 35.643712
33734885 36.520493
33732067 37.391355
33726654 38.257245
33724466 39.130362
33722483 40.000095
33718131 40.861052
33686697 41.716151
33684281 42.573641
33682724 43.421833
33675735 44.273343
33659372 44.273346
33658170 45.122312
33654141 45.969847
33653223 46.814988
33653191 47.655207
33650921 47.655211
33649980 48.497539
33634405 49.335711
33627705 50.172330
33626969 51.006721
33621009 51.839091
33618991 52.667204
33616373 53.499267
33608508 54.328555
33608214 55.152920
33607165 55.973835
33604279 56.799382
33603408 56.799386
33601033 57.617930
33596878 58.438070
33595770 59.249071
33594092 59.249075
33589366 60.062255
33580195 60.872627
33577521 61.681362
33576934 62.487363
33574807 63.290881
33574003 64.096917
33557612 64.096922
33555885 64.902030
33536081 65.698282
33533661 66.498601
33531640 67.295759
33527021 68.094090
33526025 68.888314
33525592 69.681102
33519323 70.473819
33514509 71.262361
33512524 72.049982
33509706 72.836203
33504665 73.624331
33502136 74.406727
33496582 75.195769
33493635 75.980380
33486564 76.761871
33483574 77.543187
33481843 78.319594
33480796 79.096168
33465251 79.096173
33446734 79.872063
33445577 80.643995
33442663 80.644000
33441461 81.414532
33436424 82.181265
33434962 82.948549
33432553 83.713410
33415768 84.479963
33414294 85.241810
33372821 86.005783
33370834 86.768225
33367014 87.531087
33359409 88.291726
33358778 89.048184
33357354 89.803278
33350889 90.561847
33349205 91.319674
33333390 92.074451
33332955 92.831717
33332352 93.581967
33329271 94.330683
33318198 94.330687
33304519 95.079076
33297892 95.825501
33281850 96.570412
33275151 97.313256
33273135 98.057917
33267664 98.800404
33264215 99.540623
33255634 100.277200
33255606 101.015218
33253706 101.748626
33252990 101.748631
33252432 102.483381
33250939 102.483385
33249456 103.215742
33239264 103.944994
33218024 103.944999
33214344 104.674591
33213261 105.405907
33213228 106.132821
33212050 106.859743
33148174 107.591896
33141843 108.317243
33129569 109.037949
33126698 109.760832
33123203 110.478653
33122014 111.195613
33116353 111.909862
33088217 112.624124
33081179 113.341180
33079783 114.053613
33077884 114.766036
33061280 115.477660
33060771 116.186407
33055860 116.897340
33052891 117.604189
33048715 118.308407
33044220 119.014832
33035794 119.721047
33031719 120.425632
33019325 121.127415
33016243 121.827978
33014795 122.529262
33010562 123.226585
33007621 123.926287
33003312 124.624678
33001928 125.320039
33000837 126.014331
32999125 126.711084
32998925 127.406783
32994386 128.097966
32970618 128.785632
32963837 129.472619
32962754 130.159922
32956383 130.845818
32953539 131.531720
32951932 132.215010
32949817 132.899900
32945225 133.583485
32940962 134.268049
32936747 134.945756
32934512 135.625449
32934229 136.304579
32933147 136.979431
32928645 137.657292
32927907 138.331587
32926856 139.005985
32922344 139.678400
32917748 140.351057
32913278 141.022654
32911130 141.701672
32910541 142.374002
32906488 142.374006
32899440 143.040717
32894721 143.708289
32891261 144.374683
32888931 145.042796
32864080 145.705786
32863583 146.371997
32859899 147.035183
32855197 147.701413
32850793 148.361669
32846517 149.022228
32843772 149.683351
32843250 149.683356
32839881 150.342718
32839785 151.005108
32836949 151.005113
32835344 151.665532
32831860 151.665536
32830200 152.320859
32828930 152.977540
32825484 153.636776
32824723 154.294734
32824044 154.950490
32822647 154.950494
32821493 155.607430
32810344 156.261060
32807244 156.912335
32805690 157.561879
32801731 158.210289
32795990 158.862450
32794969 159.512491
32791269 160.165418
32787312 160.813457
32785121 161.460104
32784611 162.106516
32781259 162.754612
32780760 163.400154
32779282 164.042536
32778081 164.686104
32775951 165.328316
32774659 165.969599
32769074 166.614297
32768492 167.256427
32766184 167.897963
32764744 168.536178
32764500 169.179966
32761622 169.819339
32758916 169.819344
32756462 170.458849
32752727 171.094812
32752019 171.733214
32741017 171.733218
32737661 172.371184
32734564 173.007136
32733648 173.640832
32731636 174.276153
32728226 174.911499
32727776 175.544799
32727525 176.180009
32724498 176.817784
32723715 177.450827
32722232 178.083092
32721216 178.710658
32719406 179.343631
32719086 179.343636
32712153 179.973191
32712011 180.606193
32709495 180.606198
32706632 181.234213
32704103 181.863426
32677227 182.491766
32674321 183.114935
32673173 183.742431
32670092 184.366456
32666177 184.989273
32665725 185.609596
32661265 186.233778
32655717 186.856581
32654748 187.477776
32652879 188.097119
32649977 188.713712
32649015 189.329144
32648523 189.945381
32646122 190.559014
32642913 191.172603
32641325 191.784933
32639444 192.395361
32638004 193.003820
32637731 193.611027
32629890 194.212718
32629441 194.813539
32628737 195.417156
32628379 196.015405
32627521 196.611841
32624788 197.206584
32622746 197.798445
32622480 198.394284
32621885 198.985521
32620242 199.576611
32620100 200.161193
32617292 201.328561
32617164 201.909364
32616672 203.639672
32615317 205.904796
32615283 207.020404
32614690 207.573083
32613918 208.124770
32613265 208.673420
32612709 209.217421
32610869 209.759352
32610359 210.302720
32609213 210.836908
32609147 211.371650
32608555 211.903764
32608416 212.431149
32608320 212.956846
32607598 213.478814
32607214 214.000200
32606863 214.521956
32606648 215.548246
32604838 217.062448
32604772 218.556585
32604263 219.050292
32603820 219.542088
32602141 220.029424
32602131 223.357316
32601772 223.821607
32601102 224.284207
32600987 224.741357
32599931 225.197048
32599289 225.650078
32598516 226.547801
32598423 231.280063
32598332 231.693160
32598267 232.105499
32598212 233.324451
32597995 237.249675
32597582 237.632414
32597282 242.123830
32597282 843.375290
