34142810 8.547452
34015256 8.547468
33988528 8.547470
33966740 8.547471
33906233 8.547472
33874186 9.541157
33843367 10.531987
33821043 11.517663
33801798 12.501464
33771216 13.477763
33756155 14.450529
33648267 15.415979
33646847 16.373317
33620853 17.323684
33616510 18.267628
33572144 19.202987
33565150 20.133190
33555807 21.058747
33545545 21.980888
33534711 22.893423
33518540 23.802009
33510142 24.708722
33503011 25.611277
33501815 26.509252
33497455 27.400795
33488855 28.286693
33484104 29.173696
33465105 30.055935
33451406 30.934752
33425272 31.808689
33424469 32.683103
33419580 33.551451
33412173 34.414806
33393001 35.278101
33391319 36.133341
33390230 36.989026
33373608 37.840906
33366132 38.687150
33351272 39.534597
33336812 40.377238
33332230 41.217236
33329722 42.056348
33318027 42.891745
33317384 43.720790
33316269 44.547432
33315032 45.374843
33311312 46.201226
33309634 47.025268
33307721 47.851675
33292933 48.672138
33291238 49.489656
33287135 50.306821
33286251 51.119486
33282130 51.928072
33278113 52.735702
33275836 53.541785
33274760 54.349368
33269144 55.152919
33268059 55.957528
33255460 56.757721
33254977 57.558342
33252854 58.360628
33247826 59.154288
33245903 59.945584
33241952 60.736768
33240879 61.528807
33237606 62.321135
33214441 63.109066
33208708 63.893558
33202149 64.674367
33194564 65.454660
33181551 66.233444
33177169 67.013451
33171101 67.795157
33165742 68.571022
33151683 69.353585
33148939 70.131598
33147037 70.900766
33140382 71.672250
33133128 72.442232
33122485 73.209169
33116147 73.976012
33114422 74.741333
33105072 75.502184
33089671 76.260186
33038253 77.017942
33028810 77.780621
33021471 78.536650
33019586 79.292998
33015336 80.048367
33009928 80.800345
33008905 81.551901
33007410 82.298765
32999686 83.047730
32992881 83.798814
32991368 84.543688
32987590 85.287797
32978313 86.028960
32966028 86.771060
32962070 87.508517
32961770 88.247704
32960384 88.984403
32952562 89.723100
32941582 90.458931
32933937 91.189906
32931517 91.921496
32928423 92.656695
32923870 93.387873
32921540 94.117490
32918536 94.844825
32912305 95.572354
32908646 96.299000
32905561 97.022404
32896936 97.745749
32896914 98.468943
32893656 99.187467
32891277 99.904259
32882425 100.622213
32877727 101.335103
32870556 102.050312
32869309 102.764017
32848105 103.476562
32840891 104.184634
32833545 104.894949
32826584 105.600802
32824825 106.309210
32818596 107.015186
32813336 107.719153
32806144 108.423082
32801637 109.121728
32794859 109.822229
32794446 110.518924
32782690 111.214584
32777290 111.908970
32775670 112.603186
32769164 113.298121
32754960 113.995539
32748291 114.684787
32748006 115.375957
32746636 116.064113
32740744 116.756249
32734372 117.446206
32732012 118.135830
32716641 118.826810
32712475 119.510361
32710085 120.194702
32706077 120.876531
32700365 121.559036
32681154 122.238287
32680805 122.917028
32671863 123.592313
32666560 124.272233
32660580 124.945840
32659974 125.619266
32657362 126.295934
32652294 126.970265
32641936 127.641289
32636726 128.313299
32629040 128.982663
32623806 129.652116
32621483 130.322657
32614257 130.987838
32605137 131.652621
32603856 132.319595
32601596 132.984978
32597158 133.648334
32592069 134.313078
32588485 134.974123
32581214 135.632078
32573256 136.293698
32570823 136.952087
32569175 137.610722
32557220 138.269179
32555761 138.931948
32554920 139.589958
32554511 140.251599
32546183 140.906660
32541954 141.560052
32535998 142.214524
32535698 142.865472
32533598 143.519067
32531155 144.169391
32530030 144.817892
32528701 145.465438
32526986 146.116807
32524701 146.762076
32521728 147.407986
32518161 148.055602
32516118 148.702120
32502802 149.348601
32500797 149.991635
32495616 150.633892
32495510 151.274789
32493541 151.915100
32492874 152.556346
32491517 153.194961
32488808 153.833942
32474601 154.471041
32472564 155.106254
32469978 155.737324
32466351 156.374927
32465197 157.013364
32463549 157.647702
32462621 158.280153
32458605 158.914376
32452833 158.914380
32450431 159.548360
32446440 160.181755
32444823 160.809277
32443217 161.441159
32437443 162.072669
32434518 162.704124
32431734 163.331874
32431568 163.959781
32429642 164.588613
32428238 165.212716
32425781 165.837816
32423758 166.464837
32422173 167.094900
32418430 167.717651
32416488 168.339419
32415895 168.964311
32408527 169.585243
32406219 170.207694
32405323 170.827559
32404517 171.447386
32402861 172.065315
32401021 172.684263
32397699 173.300856
32394813 173.919212
32393956 174.539062
32392419 174.539067
32390401 175.157931
32389570 175.773982
32387262 176.391063
32385503 177.009880
32383254 177.624747
32378828 178.238746
32375546 178.849860
32362529 178.849865
32359797 179.461357
32355919 180.075510
32354991 180.685057
32352147 181.294142
32351487 181.903941
32350591 182.514056
32349222 183.119330
32348082 183.721456
32347624 184.326303
32347193 184.929979
32345901 185.532222
32345661 186.134169
32344432 186.737338
32343998 187.336325
32343400 187.933531
32343393 187.933537
32343083 188.529480
32341185 188.529486
32341069 189.126434
32339702 189.720589
32335557 189.720593
32333040 190.312123
32330041 190.904597
32327848 191.491402
32326385 192.080615
32323499 192.664114
32317754 193.245602
32317486 193.829191
32316556 194.412328
32316264 194.990059
32314963 195.569651
32314872 196.142328
32314086 196.716867
32313774 197.290637
32310971 197.858138
32310503 198.427050
32310134 198.993743
32307589 199.554466
32307448 200.113262
32307436 200.672126
32306841 201.227063
32302341 201.777829
32301771 202.329658
32301669 202.875600
32301309 203.422051
32301114 203.963608
32296733 205.576663
32295805 206.108358
32289455 206.108363
32289130 206.637005
32288890 207.162573
32286204 207.684969
32285737 209.240905
32285712 209.754910
32281853 211.279017
32281747 212.280274
32281225 214.252821
32277549 216.190047
32275414 216.666567
32274486 217.614661
32266364 218.082787
32265493 267.779428
32264927 268.119289
32264927 869.288375
