17330040 0.958023
17239743 0.958038
17203790 1.106340
17187620 1.255055
17179843 1.404537
17113124 1.404540
17087193 1.553809
17086586 1.704304
17075065 1.854934
17069173 2.005216
17060678 2.154387
17050338 2.304645
17041135 2.304648
17040141 2.453270
17014808 2.453274
17011511 2.453275
16972429 2.601534
16968914 2.748727
16964257 2.896257
16963933 2.896261
16883827 3.042665
16863862 3.187698
16848641 3.332280
16839257 3.475424
16832888 3.618367
16824857 3.758499
16817206 3.899690
16815375 4.038807
16814778 4.177316
16801189 4.315688
16800801 4.451355
16796805 4.586082
16794122 4.586085
16788310 4.719168
16778623 4.719171
16775278 4.851914
16775007 4.851917
16753395 4.984912
16750284 5.115162
16749406 5.372342
16743633 5.372345
16738142 5.499125
16729543 5.499128
16726430 5.625129
16723314 5.625133
16718534 5.748962
16716713 5.872006
16714613 5.872011
16709911 5.994149
16706800 6.116050
16705776 6.237267
16697854 6.357211
16695742 6.475832
16685888 6.709472
16685592 6.937417
16685027 7.047475
16684942 7.155780
16684888 7.155783
16675590 7.155785
16674312 7.772569
16674056 8.057876
16673748 8.149315
16673472 8.149319
16673472 609.167863
