27628929 0.003038
24242108 0.007227
23509082 0.008772
23447660 0.009802
23431796 0.010583
23425999 0.011561
23419056 0.011745
23390813 0.012035
23384804 0.013435
23369222 0.013723
23360917 0.014298
23358473 0.014521
23343763 0.016201
23326398 0.017685
23317953 0.017975
23311852 0.020533
23301564 0.022759
23285420 0.027588
23282870 0.029746
23282238 0.031028
23281044 0.033412
23277805 0.041367
23277339 0.047278
23249095 0.052512
23234170 0.059032
23207210 0.062067
23195029 0.062291
23192862 0.067008
23191709 0.073402
23191338 0.075471
23187498 0.079360
23185530 0.087313
23183915 0.102742
23182749 0.109456
23180023 0.121063
23175511 0.137965
23175330 0.148044
23174763 0.154608
23170187 0.174088
23165989 0.193733
23165905 0.887829
23165398 2.141157
23163913 4.155523
23149425 4.158269
23149116 4.179405
