27386287 0.000000
23595237 0.009248
23551713 0.011244
23501529 0.012474
23500278 0.012996
23490641 0.015035
23450604 0.015457
23443341 0.017051
23396506 0.021034
23396385 0.021893
23393346 0.022252
23374495 0.023629
23370490 0.035458
23325138 0.040366
23317537 0.040611
23311062 0.040978
23305339 0.045882
23304653 0.046242
23303647 0.047131
23298405 0.064940
23298040 0.072998
23296100 0.080245
23287666 0.085485
23275700 0.095006
23269285 0.122113
23249125 0.122244
23248847 0.147892
23246351 0.163304
23244547 0.244175
23244107 0.333598
23240924 0.378218
23238623 2.073330
23237318 2.435076
23236031 2.661232
23234075 2.676214
23231589 2.678781
23229994 2.689899
23228898 2.691237
23224586 2.696093
23222241 2.709800
23210789 2.710676
23209077 2.750517
23208814 2.920156
23203015 25.571332
23201552 25.574521
23201501 29.523625
23197973 29.556677
23197067 75.480247
23196804 75.496005
