26753180 0.003186
23373602 0.007323
23341408 0.007642
23295667 0.008232
23271793 0.011312
23268796 0.011829
23256919 0.013787
23231390 0.014959
23231129 0.016474
23228581 0.020034
23199769 0.021065
23199406 0.022030
23197744 0.026088
23172969 0.027599
23158504 0.030053
23156449 0.040444
23155263 0.057910
23154872 0.063665
23140211 0.073101
23119616 0.075237
23116027 0.078493
23113884 0.107369
23113874 0.110776
23111139 0.117931
23106715 0.132754
23097563 0.135750
23095015 0.138894
23089947 0.139785
23087126 0.147568
23086508 0.152002
23084760 0.181096
23080418 0.188310
23074427 0.191274
23067865 0.196454
23052475 0.201962
23048182 0.215904
23046023 0.218484
23044818 0.218686
23042724 0.230316
23040019 0.297260
23036759 0.301560
23034898 0.303492
