27282503 0.003060
23648343 0.007515
23503289 0.008706
23497055 0.009433
23496601 0.009708
23479698 0.012063
23461076 0.016518
23448283 0.016744
23447383 0.023355
23446118 0.030119
23430028 0.033997
23418827 0.034369
23417763 0.036341
23412542 0.036590
23396129 0.039446
23395800 0.041500
23386624 0.043328
23386489 0.043801
23372149 0.045290
23367257 0.046046
23347994 0.048478
23330720 0.050129
23318283 0.050721
23317223 0.062334
23314128 0.063017
23310177 0.066002
23303445 0.067555
23300322 0.068516
23297159 0.070340
23279454 0.071000
23279225 0.074937
23264307 0.099913
23257809 0.112963
23256854 0.133064
23256279 0.150749
23255208 0.529504
23251227 0.538596
23250213 0.545218
23250179 0.583975
23242132 1.268341
23241557 1.294804
23237008 1.311500
23235592 1.322676
23235236 2.503567
23234571 2.506225
23231948 2.538948
23229403 2.552471
23227866 2.554089
23227218 2.601970
23227130 2.618988
23224523 11.748172
23221731 11.755263
23221257 11.823506
