27750819 0.003022
23611561 0.006788
23551934 0.007477
23513483 0.009025
23511791 0.009371
23459674 0.010076
23442634 0.013196
23408342 0.016673
23390811 0.020726
23366715 0.024794
23365972 0.027866
23358971 0.029437
23336183 0.031030
23307347 0.032312
23289864 0.034311
23289227 0.034593
23283985 0.041580
23279950 0.044791
23276938 0.047359
23257093 0.048799
23237720 0.049626
23226360 0.050134
23223973 0.052874
23223170 0.054571
23216577 0.058532
23198645 0.059575
23198536 0.065940
23193935 0.067061
23187552 0.085520
23180184 0.090313
23164122 0.102110
23160302 0.110049
23154740 0.111524
23152382 0.297491
23147816 0.300765
23146143 0.302872
23141864 0.303006
23140279 5.307103
23139210 5.317839
23139191 5.361097
23133346 5.439466
