27225595 0.003555
23097441 0.007740
23092068 0.008222
23060896 0.009541
23045764 0.010549
23032737 0.011989
23023098 0.012632
23011674 0.013070
23010298 0.013592
23005461 0.015128
22960581 0.019500
22959984 0.021436
22951111 0.023638
22932477 0.024992
22931211 0.027622
22921405 0.028092
22905605 0.030957
22896964 0.034244
22895852 0.036895
22879012 0.037418
22870988 0.038231
22856274 0.039371
22855288 0.039961
22850365 0.041790
22839252 0.046771
22837468 0.047829
22826467 0.068938
22823212 0.069192
22819155 0.075684
22816865 0.088361
22816084 0.128169
22813360 0.175052
22805295 0.198002
22802677 0.595356
22802131 0.643655
22801145 0.686798
22789133 0.717950
22788562 0.799561
22786839 1.031638
22782998 1.031945
22781304 1.038761
22781021 1.043036
22780304 1.049065
22778093 1.054301
22771470 1.059894
22771432 1.079771
22769551 1.093291
22768349 1.124786
22763613 1.127808
22758391 1.132684
22751909 1.175375
22751708 2.145223
22748111 2.199527
22747802 2.203081
22746980 2.245834
22746309 2.254288
22744197 2.255886
