27201051 0.003068
23645469 0.008108
23645284 0.009145
23618168 0.009866
23576599 0.011158
23558284 0.012193
23549959 0.013731
23549942 0.015048
23541731 0.015366
23517861 0.016604
23513533 0.019617
23505414 0.019922
23498519 0.021490
23497229 0.021715
23412383 0.024859
23408821 0.026027
23387794 0.029895
23360892 0.030979
23355912 0.033516
23346378 0.034129
23345718 0.035509
23335761 0.036158
23333704 0.042725
23326112 0.043218
23321770 0.043887
23309585 0.048346
23307569 0.050896
23306898 0.052078
23305752 0.053506
23299198 0.059242
23298064 0.061675
23296048 0.067849
23280203 0.070126
23278539 0.075095
23256619 0.078314
23251450 0.079765
23249842 0.085068
23247424 0.142240
23219694 0.222260
23216671 0.222986
23216409 1.972871
23215725 1.998387
23215208 16.966916
23214421 16.978875
23212229 19.015295
23212052 19.131763
23210367 33.605345
