27468756 0.003669
23645844 0.008202
23642434 0.008744
23555405 0.010191
23518869 0.011068
23496980 0.012645
23458630 0.013008
23449147 0.014982
23444099 0.018927
23427120 0.020119
23422290 0.020732
23421683 0.041778
23413324 0.058818
23397744 0.062585
23391327 0.064709
23390744 0.066157
23365881 0.069082
23364343 0.079093
23357624 0.079911
23357422 0.113481
23355602 0.113924
23354886 0.130873
23349544 0.153912
23349018 0.169198
23348084 0.176566
23346957 0.185309
23346900 0.206468
23346639 0.226081
23344027 0.228647
23334309 0.240014
23330884 0.242470
23320747 0.243203
23312015 0.258873
23310304 0.415114
23308809 0.434957
23308752 0.448565
23307584 0.466915
23306678 2.378559
23304967 2.476537
23298037 3.929534
23297980 3.937937
23295978 9.142379
23295865 11.029519
23291897 27.352556
23290663 27.578690
23288927 48.477586
23288196 48.493021
23287473 48.540939
23286616 48.555475
23285624 116.824692
