26702147 0.009368
23376869 0.019453
23292292 0.022635
23286708 0.023233
23284389 0.025307
23258092 0.028899
23245328 0.033127
23204731 0.033897
23179322 0.038275
23178248 0.039771
23176463 0.039968
23174685 0.043604
23160691 0.049875
23144910 0.054206
23139196 0.055163
23127625 0.055958
23104728 0.056906
23103259 0.064396
23102374 0.068603
23100043 0.076248
23097552 0.097395
23095735 0.106097
23089618 0.113920
23089572 0.131780
23089339 0.142788
23086646 0.145461
23079113 0.243807
23073555 0.260502
23073509 0.283028
23071903 0.401648
23071050 0.407530
23070969 0.423043
23066834 0.609900
23059157 0.613572
23053208 0.641431
23051270 0.648939
23048307 0.653554
23047636 0.721177
23044710 0.753766
23039557 1.014900
23037990 1.021802
23032891 1.037222
23032052 1.065667
23032006 1.068751
23031016 1.139043
23029466 1.143157
23029397 2.125078
23029249 2.139230
23029136 2.145198
23028031 2.317014
23025874 2.325419
23025613 2.343853
23022545 2.346071
23022530 2.362961
23022484 2.374809
23019944 2.585704
23019177 2.834798
23013239 2.928827
23011296 3.031236
23010781 3.613329
23010110 3.623569
23009225 3.707560
23006287 13.056815
