32528996 0.005584
28676855 0.013518
28659525 0.014364
28657021 0.015026
28619957 0.015935
28582934 0.016958
28572875 0.017451
28570859 0.018100
28567747 0.018659
28538513 0.022609
28537947 0.025141
28537491 0.029256
28536835 0.029796
28534466 0.031146
28532187 0.031533
28530764 0.031985
28513901 0.032668
28502993 0.040129
28496366 0.046058
28491289 0.047798
28483454 0.051730
28483369 0.061205
28476927 0.065430
28470437 0.066168
28466943 0.069830
28464070 0.075428
28458954 0.075948
28458357 0.084732
28457697 0.095086
28457094 0.102486
28445882 0.108031
28445296 0.116798
28443121 0.122596
28435420 0.123417
28435088 0.140272
28412748 0.146832
28406275 0.147447
28404528 0.150936
28399275 0.154492
28399133 0.155971
28397539 0.156677
28394627 0.165533
28387623 0.176366
28379443 0.218172
28374175 0.264678
28369584 0.271432
28367586 0.297626
28366387 0.325701
28363480 0.347984
28350461 0.357059
28345159 0.360530
28341665 0.371475
28340228 0.373480
28338194 0.378644
28325734 0.391673
28320276 0.417788
28316292 0.447704
28300890 1.062097
28298485 1.087403
28296767 1.092497
28293646 1.409362
28291274 8.257861
28289714 8.264200
28288574 8.265042
28283262 8.311173
28281570 8.333879
28280952 8.417002
28279852 8.431430
28279776 21.291439
28278898 21.314621
28276727 21.535583
28275148 21.565265
28272236 21.575633
28270662 21.587436
28269340 29.839662
28266823 33.331833
28265504 33.501235
28260951 329.153242
28256870 329.167641
