33235625 0.004699
28620764 0.010892
28616139 0.011307
28598625 0.011676
28571431 0.012044
28566369 0.012818
28544196 0.013098
28521752 0.013624
28512524 0.015207
28492588 0.015569
28454014 0.016711
28448437 0.019405
28446657 0.019580
28442250 0.021306
28437707 0.022739
28437505 0.025246
28437140 0.025655
28436648 0.026119
28436154 0.026366
28426472 0.027145
28425705 0.032658
28414626 0.033517
28413145 0.033810
28412417 0.034036
28410622 0.035745
28367796 0.037384
28351239 0.037808
28339571 0.041441
28327853 0.043658
28324477 0.044125
28318270 0.045080
28284167 0.047062
28278589 0.052779
28261689 0.055509
28256294 0.058056
28252834 0.058537
28248449 0.058895
28247401 0.058975
28231114 0.063470
28224681 0.064900
28223698 0.072471
28221750 0.083212
28220068 0.086999
28216383 0.094363
28214977 0.099758
28210925 0.113467
28209686 0.114843
28207318 0.117067
28201440 0.122400
28197216 0.125320
28187514 0.139441
28187354 0.142701
28185550 0.161890
28184567 0.165239
28183142 0.165498
28180182 0.197374
28178234 0.206477
28174686 0.217780
28170964 0.221319
28162321 0.346544
28162012 0.401619
28158732 11.189627
28158212 11.244294
28157761 20.243111
28157427 41.094960
28153703 41.107544
28153267 41.181788
28153183 41.194698
28152947 242.343509
28149360 294.540964
28148750 294.558520
