33098152 0.004863
28893075 0.011321
28881085 0.011966
28862919 0.012422
28748508 0.013175
28746491 0.015802
28711598 0.016380
28633240 0.018036
28629608 0.018915
28623112 0.019230
28610828 0.020642
28602553 0.022409
28596730 0.026302
28587680 0.026921
28581258 0.027316
28573094 0.027561
28565854 0.028632
28556867 0.029521
28548441 0.037208
28541886 0.038606
28538013 0.039903
28535313 0.040077
28520232 0.041902
28515507 0.042422
28514560 0.042986
28485361 0.048209
28484489 0.053154
28473982 0.057667
28464138 0.062278
28454824 0.072160
28435829 0.075641
28420815 0.075920
28416981 0.081497
28407175 0.084119
28399758 0.084403
28390745 0.089370
28387196 0.090696
28379997 0.094941
28377843 0.098956
28377404 0.100066
28367790 0.109789
28360026 0.115636
28352413 0.118366
28352254 0.146614
28351907 0.155196
28348864 0.163683
28346219 0.164568
28337307 0.164915
28331306 0.166664
28324184 0.185907
28321587 0.187100
28319379 0.199146
28312265 0.203369
28311283 0.204518
28305830 0.206847
28304543 0.209335
28304269 0.258713
28303586 0.322465
28299669 0.381602
28297562 0.410326
28296089 0.410885
28294363 0.415811
28285917 0.416685
28282651 0.441054
28280527 0.451848
28275114 0.595198
28271768 11.813271
28269401 40.875956
28265651 42.964970
28265007 45.474852
28264506 45.476960
28263550 52.826918
28262721 58.467365
28262369 58.561069
28261841 58.573954
28260769 149.196445
