37685818 0.008990
33216160 0.017090
33196134 0.017492
33191198 0.017788
33184847 0.019433
33180929 0.020391
33158374 0.022264
33135532 0.024311
33129407 0.024621
33112101 0.025269
33074644 0.025898
33063031 0.027003
33060436 0.027854
33057238 0.028227
33052154 0.028758
33046071 0.030507
33035708 0.030693
33032237 0.032236
33028706 0.034234
33021852 0.036166
33013685 0.037022
33012481 0.037447
33008977 0.038473
32984617 0.042547
32981684 0.043530
32973103 0.046251
32962495 0.047019
32960508 0.048632
32950875 0.054471
32939469 0.055024
32930701 0.056483
32929547 0.058375
32928917 0.060541
32918185 0.069367
32912913 0.076782
32909851 0.078510
32908760 0.083778
32907383 0.089479
32905225 0.091806
32903588 0.094587
32895176 0.095654
32892012 0.096367
32890472 0.099423
32889654 0.102382
32881894 0.103705
32876866 0.104025
32866520 0.106426
32864688 0.113821
32863480 0.115607
32862216 0.116947
32855856 0.124635
32854075 0.135476
32852627 0.142768
32852079 0.158038
32850059 0.158772
32848693 0.159154
32840329 0.183732
32830113 0.185964
32829501 0.192984
32825318 0.194104
32823824 0.204855
32823119 0.218887
32822016 0.224244
32820752 0.229202
32819876 0.233164
32818122 0.267434
32812064 0.343181
32811404 0.420807
32811048 0.429632
32809606 0.431972
32809453 0.433464
32809198 0.438454
32808765 0.492700
32798646 0.498692
32794947 0.559526
32794129 0.561053
32793932 0.580762
32791406 0.591330
32791052 0.601266
32790421 0.609789
32784514 0.629263
32783084 0.687079
32781875 0.687958
32780121 0.729605
32777238 0.739745
32776889 0.757386
32776060 0.763649
32775143 0.805575
32763994 0.949707
32762932 1.047322
32762319 1.395025
32756894 1.419687
32753554 1.461737
32752317 1.484917
32751875 1.487266
32750740 1.511268
32745718 1.540807
32745133 1.644939
32740827 1.667995
32739909 2.390153
32735518 2.390810
32732410 2.429096
32731716 2.454916
32729935 2.482013
32726266 2.504934
32725823 2.552784
32724826 2.648959
32724798 2.823858
32723283 2.839835
32721339 2.871022
32717130 2.889670
32716007 16.021628
32715891 16.027327
32712636 82.805672
32711379 206.479305
32710387 414.647379
32710373 414.651972
32710371 414.661748
32709492 414.666650
32706914 414.667958
32705779 414.696785
32705622 414.699659
32701094 414.745131
32697249 414.790208
32695254 414.978699
32693175 415.023487
