37944894 0.005854
33024483 0.014980
33023441 0.015899
32982949 0.016416
32893567 0.018881
32872049 0.020785
32855792 0.021384
32853563 0.022070
32853391 0.023703
32837260 0.025069
32798120 0.025830
32784813 0.026373
32780318 0.027355
32779785 0.027678
32750400 0.027896
32742647 0.029669
32740787 0.029834
32738462 0.030417
32738395 0.030894
32716361 0.031979
32706772 0.033826
32704656 0.036148
32698806 0.036720
32684010 0.038077
32673595 0.040812
32672881 0.042735
32643946 0.052619
32643605 0.054555
32622799 0.055982
32616437 0.056911
32605981 0.057247
32601356 0.059764
32600950 0.063286
32598038 0.069041
32593708 0.070780
32593084 0.071043
32589877 0.071314
32589734 0.074957
32572701 0.075835
32567327 0.077252
32566588 0.083407
32554458 0.089133
32554257 0.090290
32551406 0.091406
32549849 0.091661
32549321 0.103532
32548661 0.106103
32541999 0.107417
32541757 0.126765
32534362 0.134268
32532612 0.143598
32532141 0.160736
32531697 0.167438
32529870 0.168223
32520251 0.170353
32517969 0.174310
32517441 0.179059
32514149 0.184606
32511570 0.184692
32511206 0.187490
32510170 0.191604
32509546 0.219636
32505961 0.261473
32505200 0.308221
32493086 0.315166
32490581 0.392315
32487743 0.397490
32485757 0.401893
32483755 0.452519
32480510 0.513599
32480279 0.531550
32479693 0.533000
32478136 0.541381
32476941 0.549471
32475824 0.555015
32474878 0.563057
32473321 0.567263
32471986 0.615020
32471858 0.666464
32470964 0.698443
32469992 0.747174
32469117 3.414862
32468589 3.465199
32464197 10.521590
32459957 10.608464
32459513 10.624687
32459297 10.647190
32457437 10.691005
32457302 71.508959
32451514 117.663428
32449654 117.772956
