38787607 0.005952
33110231 0.014671
33091580 0.015428
33076916 0.016675
33073364 0.016862
33040104 0.018692
32984013 0.019229
32974319 0.022144
32953701 0.022778
32909606 0.026143
32906416 0.026423
32894439 0.028982
32892978 0.029235
32879659 0.032399
32872075 0.034942
32869638 0.036217
32869270 0.040772
32863698 0.042368
32850763 0.043358
32818567 0.047615
32812153 0.048039
32810868 0.048879
32806552 0.049365
32805223 0.054220
32797281 0.055551
32782807 0.060645
32753493 0.063399
32749794 0.068842
32746528 0.070851
32742030 0.078083
32733008 0.078506
32729440 0.082733
32710030 0.084954
32704974 0.092666
32703668 0.093272
32702452 0.095126
32698600 0.097448
32698123 0.098971
32696449 0.104268
32694996 0.106782
32694935 0.111785
32692818 0.112339
32692689 0.112767
32689642 0.114568
32689152 0.118276
32685775 0.121891
32684643 0.134981
32675836 0.136089
32675703 0.136195
32665769 0.141051
32640990 0.144978
32638149 0.162569
32624349 0.162900
32623921 0.180067
32622993 0.219074
32617055 0.263555
32614087 0.301336
32613673 0.321900
32613245 0.367568
32612129 0.399597
32610306 0.439641
32609452 0.444947
32607772 0.456614
32599451 0.481545
32598250 0.653234
32597661 0.733598
32597003 17.394816
32596678 19.235727
32595654 19.458421
32594434 19.486849
32592144 36.033570
32591252 36.064793
32591119 36.091124
32590371 53.511564
32589968 53.562045
32586885 53.831080
32586792 156.196853
32584128 156.199183
32583014 156.205361
32582495 156.216033
32581881 196.043774
32580528 196.094264
32579822 196.104347
32576129 260.843147
32575158 261.022081
