37861768 0.005943
32691001 0.013943
32681809 0.015647
32661370 0.017299
32654284 0.018058
32653905 0.019261
32631122 0.020420
32610184 0.021019
32588351 0.021240
32557698 0.022569
32538678 0.024334
32538592 0.029083
32518863 0.030100
32512931 0.030717
32507844 0.033065
32507219 0.034674
32499055 0.035595
32496561 0.037596
32490134 0.039111
32457656 0.040469
32452452 0.043767
32437414 0.047299
32434116 0.048242
32414528 0.048897
32412512 0.052261
32409214 0.054985
32406821 0.061087
32405277 0.063340
32403836 0.063917
32387437 0.067961
32386857 0.068852
32386110 0.069075
32373166 0.071075
32370368 0.071501
32359017 0.071860
32357620 0.075865
32346080 0.077375
32344570 0.080713
32342995 0.081732
32342794 0.083497
32334686 0.086742
32332845 0.087470
32331340 0.087864
32330917 0.089847
32329456 0.097507
32329041 0.110183
32327907 0.113380
32327271 0.116270
32325253 0.128348
32318766 0.129154
32317884 0.129431
32306262 0.133802
32302481 0.144466
32301483 0.144707
32299732 0.155049
32299357 0.166882
32296580 0.182425
32294940 0.183588
32293953 0.197159
32293148 0.209463
32291981 0.216540
32290389 0.231386
32267230 0.232041
32265998 0.238891
32263814 0.251816
32263043 0.278135
32260135 0.284937
32257568 0.309083
32243353 0.312307
32240810 0.314531
32239672 0.317167
32239226 0.395203
32235892 0.522468
32235422 0.539855
32231976 0.588175
32231942 0.853976
32231438 0.872795
32228745 0.890954
32227725 2.502416
32226691 2.534627
32224473 2.626234
32223310 4.592846
32222708 4.597235
32222292 7.225617
32221607 7.270207
32221216 7.276779
32216385 7.478136
32206542 7.562774
32206417 7.587310
32196024 33.769931
32195323 33.776946
32186698 33.799490
32183760 33.812171
32183359 33.843091
32180451 33.941023
32179937 131.184862
32179446 131.334228
32176753 131.468065
