37551601 0.008742
32650827 0.017956
32646215 0.018839
32639906 0.019059
32591928 0.019308
32571853 0.020251
32571096 0.021887
32511698 0.022275
32473280 0.022813
32447319 0.023510
32433419 0.024817
32431177 0.027190
32421673 0.028898
32417350 0.029427
32414343 0.029846
32412909 0.034055
32388899 0.038535
32360736 0.039964
32360120 0.044739
32347844 0.048062
32342986 0.049214
32327499 0.049862
32305830 0.054969
32302446 0.059209
32301508 0.064883
32300756 0.065670
32297926 0.066033
32283183 0.067850
32280987 0.076932
32279286 0.085325
32269147 0.085586
32267818 0.087073
32261849 0.091539
32260448 0.094240
32250303 0.101381
32245572 0.101962
32222679 0.104717
32221464 0.108012
32218974 0.116015
32215620 0.122430
32210937 0.146602
32206867 0.147100
32198874 0.147403
32197545 0.147667
32193070 0.148952
32191927 0.173101
32189821 0.175259
32189327 0.176066
32189257 0.187031
32188821 0.187271
32188340 0.187638
32175878 0.191311
32175458 0.220757
32172546 0.262877
32171344 0.271666
32171165 0.296760
32168398 0.313368
32168182 0.317136
32167851 0.324891
32166829 0.334692
32166223 0.337998
32165430 0.348533
32165269 0.354126
32164977 0.361031
32158023 0.368049
32157865 0.427722
32157818 0.530537
32150903 0.648665
32149072 0.663162
32143913 0.670674
32142975 0.704514
32139047 0.715116
32135977 0.783799
32132410 0.799005
32132323 0.815283
32132307 0.842423
32131050 0.872680
32130569 0.894766
32129805 0.909950
32123813 0.956221
32123244 2.019732
32120899 2.020761
32120764 2.086746
32119613 2.101350
32113609 2.165101
32112148 4.717317
32111754 4.742615
32111659 4.764118
32111583 4.834154
32110886 4.856094
32108743 4.862869
32104829 4.940675
32103530 4.950370
32101623 4.952872
32096238 4.955135
32095625 4.961197
32095210 4.981330
32089769 4.996051
32086642 5.000441
32084244 5.322611
32083207 19.947568
32080567 19.969819
32070622 43.234231
