38207489 0.009796
33236498 0.030099
33235244 0.030747
33203494 0.031901
33200494 0.033369
33188148 0.034004
33181651 0.034272
33181370 0.038424
33177487 0.039259
33174091 0.039597
33126189 0.040572
33118065 0.040997
33116678 0.041754
33114660 0.042228
33104625 0.043697
33062334 0.047076
33059314 0.051061
33051406 0.052631
33047315 0.055919
33040210 0.057791
33028433 0.058244
33017941 0.059771
33002541 0.065093
32994429 0.066562
32984734 0.068614
32981568 0.070178
32975881 0.071788
32951140 0.074692
32949968 0.074900
32938303 0.075146
32933191 0.075320
32923880 0.082577
32898630 0.088271
32892294 0.092066
32889122 0.094489
32885427 0.098916
32873815 0.100916
32873275 0.105692
32872793 0.106837
32872417 0.110476
32865106 0.129555
32852189 0.147258
32851588 0.148334
32846422 0.155865
32846020 0.159228
32836348 0.167928
32829607 0.168452
32826948 0.171055
32820438 0.184825
32819414 0.184995
32811008 0.200519
32810696 0.215129
32809952 0.219304
32809301 0.223059
32808380 0.226568
32803113 0.240843
32800896 0.249251
32800695 0.273807
32796965 0.274650
32796020 0.300210
32795480 0.328089
32792804 0.330792
32788158 0.357416
32786309 0.528469
32784647 0.540838
32784203 0.550731
32779439 0.551507
32777897 0.562042
32777839 0.601914
32776661 0.713600
32776154 0.721246
32771144 0.725763
32764293 0.746747
32763246 0.763105
32761566 0.764071
32759590 0.809664
32750433 0.830395
32750195 1.565194
32749831 1.570222
32745327 1.579625
32745211 1.618038
32738296 1.686386
32736851 1.687739
32729514 1.883129
32729106 1.897343
32728670 1.964808
32722615 2.018393
32722367 8.481006
32713492 8.486011
32711772 8.486729
32707936 8.489811
32707295 8.503310
32707082 8.550860
32702676 8.617887
32702384 8.666014
32701614 8.950704
32698299 105.807989
32696512 105.814969
32696012 105.819246
32695790 105.883511
32691170 118.792078
32689394 208.959235
32689317 208.984730
32688565 209.000660
32684680 286.785280
32683239 286.792166
32681030 286.794386
32681015 286.794650
32678967 286.900217
