38035063 0.008723
32879019 0.017308
32877432 0.018985
32875057 0.019613
32855578 0.020540
32842218 0.021101
32838301 0.021772
32830726 0.023090
32805283 0.023402
32795228 0.024041
32792508 0.024405
32774523 0.027439
32772673 0.029461
32765673 0.031632
32747408 0.031836
32730751 0.032390
32678515 0.033502
32678376 0.033737
32678212 0.041063
32674760 0.042202
32673436 0.044388
32672312 0.046719
32667173 0.046924
32663263 0.047243
32661382 0.047505
32658995 0.052764
32652591 0.054200
32640417 0.055973
32629572 0.056331
32587218 0.057850
32586510 0.058040
32582842 0.062099
32581315 0.062797
32571480 0.063591
32570482 0.072404
32567194 0.072618
32559211 0.073581
32559210 0.074987
32558286 0.077887
32553876 0.079925
32539977 0.081937
32537228 0.087754
32536560 0.092721
32521996 0.092992
32513507 0.098400
32505106 0.103089
32503549 0.109302
32503015 0.109852
32502333 0.110656
32499213 0.112945
32497389 0.113116
32495743 0.129120
32494336 0.131662
32490461 0.133144
32485744 0.137100
32485556 0.144862
32480521 0.146040
32477170 0.154059
32477132 0.155266
32475978 0.158056
32475969 0.176435
32474680 0.183154
32474151 0.185639
32473563 0.189224
32473134 0.191367
32470398 0.204765
32470205 0.206862
32469407 0.207196
32455984 0.207900
32455805 0.208232
32449918 0.233045
32449608 0.239041
32443461 0.247093
32442834 0.254693
32437591 0.281831
32435466 0.285684
32433414 0.290739
32429277 0.306810
32426550 0.307514
32424272 0.308587
32423210 0.342783
32423201 0.342998
32421715 0.360507
32420705 0.378520
32420393 0.392297
32420200 0.393729
32417870 0.453844
32414717 0.467343
32414631 0.468258
32414617 0.560982
32413438 0.578586
32412256 1.345579
32409451 1.426021
32409258 1.444226
32407723 1.452131
32407722 1.522123
32404885 2.937051
32400114 7.573892
32399103 7.587949
32392872 7.589747
32392832 7.618772
32392724 7.651170
32391833 7.670703
32391277 7.678529
32391212 7.823498
32390724 14.601886
32390145 16.735324
32387924 26.611892
32387789 51.194161
32386550 51.232838
32386383 87.252321
32385770 87.319338
32384142 92.961642
32380342 93.000626
32378295 93.220483
32377424 93.252079
