PROBLEM_FILE = /tmp/tsp/13341.tmp/example.tmp
877993 12.357718
877940 12.357757
877937 12.357762
877607 12.357770
877473 12.357784
876639 12.357795
876627 12.357805
876043 12.357814
876033 12.357818
876012 12.357822
876009 12.357828
875938 12.357837
875844 12.357850
875839 12.357862
875699 12.357866
875612 12.357872
875564 12.357878
875529 12.357881
875454 12.357884
875350 12.357889
875315 12.357893
875252 12.357897
875216 12.357910
875210 12.357914
875149 12.357941
875125 12.357945
875063 12.357953
874749 12.357966
874741 12.357974
874573 12.357977
874487 12.357981
874263 12.357993
874257 12.357998
874226 12.358005
874223 12.358008
874180 12.358013
874168 12.358034
874150 12.358038
874059 12.358043
874039 12.358048
873993 12.358064
873962 12.358068
873881 12.358074
873821 12.358082
873785 12.358093
873591 12.358101
873575 12.358105
873529 12.358116
873511 12.358120
873466 12.358124
873423 12.358128
873260 12.358137
873235 12.358152
872898 12.358169
872818 12.358174
872785 12.358178
872766 12.358189
872742 12.358193
872686 12.358202
870885 12.358209
870619 12.358217
870598 12.358229
870592 12.358236
870437 12.358242
870401 12.358245
870399 12.358252
870342 12.358256
870280 12.358261
870252 12.358265
870161 12.358270
870005 12.358275
869987 12.358282
869971 12.358286
869954 12.358289
869827 12.358293
869621 12.358301
869604 12.358305
869532 12.358310
869442 12.358316
869355 12.358322
869102 12.358326
869073 12.358330
869007 12.358336
868920 12.358343
867934 12.358358
867828 12.358365
867816 12.358369
867789 12.358382
867739 12.358386
867734 12.358397
867511 12.358413
866999 12.358425
866679 12.358430
866589 12.358434
866223 12.358437
866156 12.358441
866109 12.358445
866089 12.358458
866005 12.358466
865782 12.358470
865779 12.358474
865668 12.358478
865536 12.358491
865073 12.358515
864910 12.358528
864856 12.358544
864848 12.358585
864631 12.358597
864422 12.358602
864326 12.358612
864322 12.358621
864176 12.358626
863200 12.358631
862735 12.358644
862714 12.358647
862469 12.358657
862392 12.358661
861824 12.358675
861275 12.358686
861089 12.358691
860757 12.358696
860446 12.358701
860403 12.358720
859858 12.358726
859747 12.358732
859731 12.358736
859491 12.358740
859477 12.358744
859374 12.358756
859152 12.358764
858997 12.358775
858972 12.358787
858809 12.358799
858796 12.358807
858759 12.358810
858662 12.358818
858635 12.358828
858170 12.358845
857793 12.358854
857733 12.358861
857413 12.358865
856877 12.358873
856368 12.358895
856350 12.358899
856322 12.358904
856264 12.358907
856195 12.358919
855885 12.358942
855782 12.358949
855756 12.358953
855639 12.358957
855194 12.358972
855113 12.358976
854576 12.358993
854550 12.359010
854175 12.359015
854168 12.359028
854158 12.359032
854115 12.359040
853969 12.359049
853948 12.359053
853414 12.359057
853380 12.359066
853337 12.359070
853265 12.359081
853161 12.359094
853102 12.359105
852228 12.359120
851981 12.359125
851949 12.359129
851944 12.359140
851669 12.359144
851537 12.359154
851446 12.359174
851371 12.359193
851358 12.359200
851259 12.359204
851255 12.359209
851044 12.359220
851022 12.359257
850808 12.359261
850770 12.359265
850667 12.359272
850636 12.359276
850627 12.359305
850567 12.359309
850557 12.359322
850398 12.359331
850334 12.359335
850320 12.359340
850188 12.359357
850119 12.359361
850106 12.359364
850058 12.359370
850031 12.359375
849908 12.359382
849651 12.359390
849636 12.359395
849603 12.359407
849521 12.359422
849257 12.359436
849253 12.359441
849228 12.359446
849209 12.359454
849179 12.359458
848849 12.359473
848839 12.359477
848719 12.359480
848180 12.359489
847937 12.359508
847873 12.359513
847789 12.359536
847777 12.359540
846940 12.359549
846914 12.359557
846911 12.359561
846890 12.359565
846641 12.359568
846482 12.359572
846481 12.359577
846478 12.359582
846361 12.359586
846323 12.359589
846289 12.359600
845782 12.359613
845697 12.359645
845552 12.359658
845539 12.359664
845516 12.359667
845416 12.359671
845184 12.359701
845113 12.359707
844639 12.359714
844601 12.359718
844594 12.359724
844570 12.359732
844501 12.359741
844481 12.359747
844459 12.359762
844402 12.359778
844344 12.359782
844218 12.359785
844171 12.359788
844094 12.359792
844040 12.359798
843996 12.359804
843994 12.359808
843957 12.359825
843956 12.359831
843922 12.359842
843912 12.359846
843676 12.359852
843610 12.359856
843426 12.359862
843360 12.359866
843050 12.359877
842778 12.359884
842769 12.359888
842756 12.359895
842658 12.359916
842600 12.359941
842579 12.359957
842506 12.359966
842437 12.359974
842391 12.359978
841778 12.359995
841449 12.360004
841443 12.360010
841307 12.360014
841221 12.360018
840894 12.360046
840891 12.360053
840856 12.360056
840841 12.360061
840613 12.360073
840538 12.360077
840478 12.360085
840293 12.360090
840123 12.360100
839639 12.360126
839343 12.360135
839066 12.360142
838899 12.360149
838856 12.360152
838829 12.360158
838664 12.360161
838662 12.360165
838471 12.360182
838402 12.360185
838357 12.360190
838205 12.360194
837929 12.360197
837925 12.360200
837501 12.360204
836937 12.360225
836901 12.360229
836878 12.360232
836872 12.360242
836828 12.360246
836618 12.360256
836467 12.360260
836419 12.360264
836411 12.360267
836408 12.360271
836364 12.360277
836222 12.360281
836187 12.360284
836184 12.360288
836081 12.360297
835173 12.360309
834697 12.360324
834140 12.360336
833961 12.360348
833917 12.360353
833772 12.360357
833693 12.360369
833398 12.360376
833360 12.360380
833350 12.360387
832951 12.360393
832947 12.360397
832673 12.360401
831566 12.360414
831370 12.360431
830613 12.360436
830584 12.360439
830437 12.360443
829796 12.360453
829786 12.360457
829776 12.360464
829512 12.360467
829210 12.360473
829167 12.360477
828996 12.360485
828960 12.360489
828838 12.360498
828686 12.360507
828657 12.360514
828477 12.360520
827926 12.360529
827896 12.360536
827788 12.360552
827740 12.360560
827706 12.360563
827692 12.360566
827679 12.360606
827580 12.360615
827444 12.360621
827333 12.360626
827156 12.360630
827151 12.360633
826276 12.360643
825585 12.360653
825573 12.360664
825429 12.360671
825364 12.360674
825327 12.360694
825001 12.360702
824943 12.360705
824671 12.360718
824622 12.360748
824544 12.360761
824515 12.361169
824444 12.361179
824208 12.361185
824196 12.361189
824074 12.361193
824059 12.361204
823491 12.361211
823437 12.361215
823319 12.361222
823041 12.361230
823012 12.361233
822968 12.361244
822946 12.361249
822940 12.361256
822887 12.361261
822634 12.361268
822532 12.361274
822518 12.361277
822410 12.361298
822223 12.361307
822217 12.361314
822178 12.361321
821944 12.361332
821860 12.361337
821721 12.361341
821263 12.361351
821242 12.361355
821238 12.361361
821031 12.361371
821014 12.361379
820855 12.361401
820589 12.361409
820370 12.361414
820210 12.361417
819965 12.361426
819913 12.361439
819789 12.361444
819660 12.361454
819598 12.361459
819428 12.361469
819376 12.361475
819339 12.361480
819266 12.361484
819036 12.361517
819035 12.361522
819020 12.361526
818997 12.362038
818936 12.362046
818630 12.362051
818518 12.362056
818514 12.362073
818509 12.362083
817836 12.362092
817796 12.362099
817694 12.362102
817690 12.362105
817612 12.362109
817476 12.362129
815400 12.362138
814917 12.362148
814902 12.362151
814850 12.362156
813011 12.362169
812637 12.362174
812376 12.362191
812082 12.362223
812058 12.362228
811948 12.362231
811861 12.362241
811718 12.362245
811692 12.362252
811532 12.362258
811395 12.362262
811340 12.362265
811254 12.362273
810703 12.362288
810475 12.362294
808371 12.362301
808320 12.362304
808078 12.362314
807927 12.362327
807914 12.362352
807614 12.362358
807578 12.362362
807451 12.362366
807326 12.362376
807146 12.362380
806272 12.362388
806251 12.362393
805750 12.362398
805749 12.362402
805746 12.362405
805709 12.362423
805657 12.362427
805613 12.362430
805154 12.362441
805150 12.362446
805086 12.362450
805035 12.362454
804548 12.362464
804465 12.362468
804404 12.362473
804253 12.362483
804174 12.362493
804052 12.362499
804042 12.362503
803783 12.362508
803690 12.362514
803569 12.362519
803267 12.362536
803067 12.362540
802987 12.362552
802950 12.362557
802809 12.362572
802632 12.362577
802600 12.362580
801613 12.362592
801142 12.362602
801032 12.362608
800995 12.362613
800797 12.362616
800722 12.362620
800131 12.362644
799776 12.362671
799741 12.362695
799256 12.362712
799235 12.362716
799135 12.362724
799101 12.362730
799081 12.362734
799061 12.362738
799048 12.362744
799029 12.362748
799025 12.362752
799023 12.362760
798998 12.362764
798994 12.362769
798964 12.362787
798891 12.362796
798875 12.362801
798872 12.362809
798829 12.362813
798143 12.362821
798115 12.362833
797995 12.362837
797994 12.362844
797407 12.362857
797172 12.362861
797124 12.362892
797110 12.362896
796973 12.362900
796265 12.362909
795893 12.362917
795880 12.362931
795846 12.362938
795838 12.362942
795831 12.362945
795717 12.362952
795192 12.362967
795069 12.362978
794435 12.362993
794269 12.363013
794263 12.363024
794138 12.363034
794067 12.363045
793938 12.363053
793751 12.363076
793711 12.363091
792838 12.363098
792792 12.363104
792534 12.363122
792453 12.363126
792325 12.363139
792120 12.363147
792092 12.363160
792053 12.363163
791877 12.363166
791650 12.363180
791648 12.363191
791296 12.363194
791046 12.363209
790772 12.363214
790647 12.363229
790605 12.363237
790354 12.363240
789981 12.363246
789901 12.363249
789779 12.363252
789714 12.363256
789011 12.363262
788962 12.363269
788946 12.363273
788882 12.363291
788743 12.363299
788466 12.363303
788261 12.363307
788212 12.363313
787489 12.363322
787481 12.363330
787372 12.363340
787359 12.363352
787229 12.363355
787144 12.363360
786498 12.363374
785659 12.363383
785026 12.363389
784854 12.363393
784824 12.363410
784591 12.363422
784208 12.363440
783658 12.363446
783107 12.363462
783106 12.363474
782910 12.363479
781200 12.363494
781178 12.363498
781169 12.363502
781076 12.363505
780865 12.363508
780404 12.363515
780252 12.363518
780217 12.363522
780023 12.363531
779957 12.363538
779756 12.363542
779631 12.363546
779450 12.363552
779327 12.363562
779026 12.363571
778984 12.363580
778977 12.363583
778836 12.363587
778830 12.363590
778643 12.363602
778637 12.363606
778451 12.363615
778386 12.363639
778223 12.363643
778207 12.363648
777334 12.363677
777237 12.363690
777108 12.363694
777074 12.363709
776756 12.363720
776675 12.363728
776672 12.363750
776385 12.363757
776354 12.363772
776353 12.363789
776192 12.363802
775673 12.363814
775459 12.363824
775414 12.363829
774806 12.363834
774778 12.363838
774703 12.363847
774506 12.363858
774250 12.363871
774175 12.363877
771155 12.363892
771108 12.363902
771062 12.363934
770950 12.363940
770542 12.363953
770513 12.363958
770477 12.363963
770326 12.363970
770300 12.363991
770252 12.364007
770189 12.364022
770175 12.364043
770169 12.364050
770132 12.364054
770090 12.364066
770069 12.364077
770019 12.364081
769951 12.364085
769935 12.364096
769900 12.364105
769856 12.364110
769818 12.364116
769758 12.364122
769716 12.364136
769545 12.364144
769511 12.364148
769490 12.364152
769271 12.364176
769243 12.364197
769177 12.364209
768958 12.364213
768946 12.364217
768918 12.364224
768825 12.364228
768780 12.364231
768611 12.364248
768414 12.364251
768108 12.364258
768031 12.364276
767947 12.364299
767758 12.364304
767641 12.364307
767618 12.364315
767497 12.364319
767399 12.364322
767133 12.364329
766757 12.364333
766720 12.364350
766667 12.364356
766618 12.364360
766515 12.364364
766366 12.364368
766304 12.364372
766256 12.364382
766225 12.364390
766220 12.364393
766086 12.364397
764965 12.364403
764936 12.364406
764842 12.364410
764757 12.364422
764470 12.364429
764244 12.364442
764216 12.364447
764137 12.364482
764042 12.364486
763950 12.364495
763854 12.364499
763847 12.364504
763814 12.364508
763747 12.364514
763552 12.364518
763505 12.364531
763464 12.364535
763432 12.364538
763352 12.364551
763341 12.364563
763262 12.364568
763154 12.364573
763136 12.364578
762926 12.364581
762706 12.364595
762701 12.364599
762649 12.364603
762640 12.364607
762593 12.364645
762425 12.364651
762303 12.364668
762058 12.364672
761891 12.364685
761887 12.364692
761791 12.364695
761532 12.364705
761531 12.364724
761481 12.364728
761373 12.364737
761280 12.364741
761098 12.364746
761017 12.364752
761015 12.364758
760920 12.364770
760918 12.364774
760581 12.364795
760580 12.364799
760547 12.364807
760522 12.364811
760502 12.364816
760440 12.364827
760428 12.364836
760416 12.364843
760371 12.364850
760321 12.364857
760294 12.364861
760239 12.364868
760216 12.364873
760193 12.364884
760071 12.364889
760061 12.364898
760058 12.364907
760055 12.364922
760050 12.364933
759910 12.364940
759867 12.364944
759777 12.364948
759684 12.364955
759664 12.364962
759655 12.364970
759628 12.364977
759610 12.364983
759552 12.364987
759385 12.365041
759359 12.365052
759320 12.365056
758982 12.365064
758832 12.365071
758609 12.365079
758374 12.365086
758352 12.365090
758302 12.365099
758192 12.365103
758071 12.365108
757103 12.365116
757078 12.365120
757077 12.365125
757024 12.365129
756872 12.365133
756840 12.365138
756798 12.365146
756725 12.365149
756346 12.365153
756319 12.365158
756002 12.365164
755536 12.365175
755265 12.365180
754536 12.365189
754069 12.365199
753982 12.365203
753974 12.365206
753936 12.365209
753866 12.365220
753847 12.365224
753821 12.365248
753813 12.365265
753256 12.365273
753253 12.365277
752815 12.365290
752727 12.365313
752711 12.365322
752701 12.365327
752379 12.365335
752347 12.365341
752329 12.365344
752309 12.365348
752231 12.365357
752166 12.365360
752140 12.365370
752128 12.365375
752121 12.365381
752106 12.365384
752069 12.365388
751323 12.365398
750978 12.365410
750970 12.365420
750966 12.365429
750958 12.365438
750923 12.365447
750922 12.365455
750809 12.365462
750341 12.365472
750139 12.365486
749808 12.365490
749595 12.365500
749532 12.365507
749510 12.365511
749286 12.365533
749030 12.365547
748734 12.365559
748687 12.365579
748604 12.365583
748548 12.365591
748544 12.365595
748293 12.365611
748130 12.365622
748072 12.365629
747992 12.365632
747926 12.365641
747905 12.365644
747903 12.365651
747854 12.365659
747756 12.365663
747709 12.365666
747666 12.365673
747662 12.365676
747133 12.365685
746838 12.365697
746595 12.365709
746391 12.365713
745992 12.365721
745981 12.365724
745737 12.365732
745734 12.365735
743714 12.365739
743669 12.365744
743372 12.365748
743211 12.365753
743085 12.365761
742335 12.365767
742310 12.365771
742274 12.365775
742192 12.365779
741992 12.365794
741950 12.365829
741921 12.365835
741907 12.365838
741892 12.365842
741861 12.365847
741786 12.365851
741753 12.365854
741751 12.365857
741727 12.365861
741657 12.365867
741651 12.365871
741632 12.365879
741605 12.365883
741535 12.365886
741390 12.365893
741304 12.365898
741119 12.365909
741009 12.365915
740944 12.365919
740915 12.365926
740901 12.365930
740881 12.365933
740848 12.365940
740804 12.365944
740769 12.365949
740490 12.365962
740317 12.365977
740310 12.366009
739623 12.366018
739549 12.366022
739547 12.366026
739527 12.366031
739486 12.366039
739484 12.366047
738911 12.366050
738820 12.366054
738818 12.366059
738812 12.366062
738800 12.366075
738774 12.366082
738714 12.366099
738699 12.366105
738640 12.366113
738605 12.366117
738408 12.366120
738322 12.366124
738260 12.366135
738111 12.366139
738068 12.366144
737951 12.366148
737863 12.366165
737808 12.366175
737577 12.366191
737341 12.366216
736753 12.366228
736751 12.366238
736691 12.366242
736684 12.366246
736683 12.366249
736639 12.366260
736592 12.366263
736513 12.366275
736164 12.366279
735962 12.366288
735734 12.366292
735594 12.366304
735293 12.366317
735272 12.366322
735107 12.366325
734586 12.366337
734448 12.366345
734342 12.366351
733541 12.366357
733118 12.366369
733099 12.366373
733064 12.366379
733027 12.366383
732919 12.366392
732917 12.366410
732559 12.366424
732366 12.366432
732329 12.366435
732263 12.366441
732189 12.366455
732097 12.366458
732090 12.366464
731794 12.366471
731573 12.366475
731558 12.366479
731131 12.366485
731102 12.366488
730953 12.366492
730882 12.366501
730835 12.366509
730415 12.366516
730405 12.366519
730206 12.366526
730096 12.366536
730090 12.366539
730032 12.366543
729380 12.366552
728820 12.366561
728778 12.366569
728243 12.366581
727932 12.366588
727875 12.366594
727459 12.366600
727355 12.366621
726906 12.366628
726830 12.366634
726496 12.366640
726489 12.366644
726446 12.366650
726319 12.366654
726297 12.366666
726294 12.366670
724534 12.366686
724488 12.366690
724389 12.366695
724361 12.366698
724318 12.366702
724255 12.366705
724039 12.366709
723968 12.366712
723938 12.366720
723937 12.366728
723820 12.366737
723784 12.366747
723455 12.366750
723175 12.366758
722904 12.366766
722669 12.366776
722577 12.366781
722547 12.366784
721945 12.366789
721772 12.366798
721471 12.366803
721401 12.366811
721254 12.366836
721167 12.366841
720404 12.366846
720339 12.366866
720249 12.366870
720089 12.366884
719973 12.366894
719330 12.366901
719282 12.366913
719205 12.366916
718057 12.366920
716894 12.366927
716630 12.366930
716618 12.366933
716574 12.366949
716493 12.366952
716169 12.366962
716133 12.366974
716112 12.366981
714757 12.367009
714637 12.367021
714261 12.367031
714210 12.367035
713940 12.367045
713917 12.367048
713808 12.367082
713744 12.367093
713728 12.367097
713655 12.367133
713560 12.367140
713367 12.367153
713363 12.367161
713122 12.367175
713121 12.367179
713051 12.367195
713002 12.367200
712801 12.367203
712106 12.367213
712019 12.367217
711613 12.367227
711150 12.367233
710846 12.367237
710737 12.367241
710561 12.367249
710460 12.367252
710450 12.367255
710423 12.367259
710417 12.367262
710160 12.367270
710037 12.367285
710017 12.367291
709991 12.367295
709800 12.367301
709789 12.367313
709760 12.367317
709427 12.367329
709312 12.367333
709230 12.367337
708939 12.367343
708740 12.367347
708610 12.367351
708470 12.367365
708350 12.367373
708215 12.367403
708166 12.367414
708140 12.367433
707994 12.367437
707925 12.367453
706942 12.367459
706345 12.367462
706233 12.367471
706070 12.367477
706018 12.367483
705863 12.367495
705860 12.367514
705822 12.367522
705805 12.367525
705692 12.367546
705688 12.367553
705679 12.367559
705658 12.367570
704548 12.367580
704538 12.367586
704104 12.367593
703996 12.367596
703951 12.367600
703923 12.367605
703857 12.367609
703644 12.367612
703478 12.367623
702857 12.367627
702848 12.367632
702744 12.367635
702684 12.367648
702670 12.367652
702342 12.367655
702199 12.367661
701816 12.367675
701810 12.367681
701773 12.367685
701740 12.367688
701478 12.367692
701457 12.367697
701429 12.367702
701425 12.367705
701390 12.367708
701256 12.367777
701165 12.367790
701028 12.367798
701023 12.367801
700961 12.367814
700935 12.367818
700716 12.367825
700648 12.367834
700616 12.367845
700372 12.367857
700332 12.367873
700211 12.367888
700115 12.367892
700107 12.367896
699979 12.367899
699932 12.367903
699539 12.367915
699506 12.367926
699077 12.367940
698528 12.367949
698485 12.367955
698299 12.367959
698294 12.367967
698279 12.367971
698001 12.367980
697923 12.367991
697857 12.368002
697724 12.368011
697673 12.368014
697575 12.368020
697546 12.368024
696972 12.368038
696940 12.368042
696915 12.368045
696653 12.368057
695659 12.368071
695269 12.368084
693141 12.368098
693121 12.368103
692735 12.368109
692585 12.368122
692539 12.368127
692267 12.368142
692212 12.368149
692142 12.368155
692132 12.368160
692096 12.368172
692070 12.368177
692045 12.368187
691789 12.368194
691769 12.368198
691598 12.368205
691580 12.368208
691571 12.368212
691529 12.368217
691505 12.368223
691427 12.368227
691411 12.368236
691119 12.368241
691037 12.368246
690874 12.368259
690705 12.368263
690410 12.368269
690406 12.368286
690293 12.368290
690095 12.368301
689994 12.368331
689679 12.368342
689457 12.368351
689432 12.368355
689289 12.368362
689192 12.368367
688065 12.368387
687867 12.368390
687647 12.368416
687642 12.368420
687609 12.368432
687489 12.368439
687442 12.368443
687407 12.368447
687263 12.368456
687241 12.368606
686653 12.368620
686543 12.368624
686540 12.368628
686536 12.368634
686491 12.368637
686357 12.368645
686249 12.368652
686128 12.368655
685475 12.368662
685282 12.368666
684533 12.368675
684436 12.368682
684319 12.368692
684261 12.368695
684114 12.368699
683909 12.368712
683899 12.368717
683850 12.368733
683747 12.368739
683696 12.368743
683361 12.368750
682521 12.368758
682265 12.368769
682218 12.368778
681820 12.368785
681455 12.368794
681093 12.368802
681069 12.368807
680744 12.368814
680574 12.368818
680392 12.368822
680367 12.368826
680236 12.368829
680213 12.368835
679865 12.368840
679504 12.368846
679426 12.368849
679405 12.368853
679076 12.368868
678675 12.368882
677955 12.368886
677902 12.368889
677381 12.368905
677341 12.368909
677312 12.368913
677296 12.368917
677172 12.368927
677134 12.368933
677125 12.368936
676965 12.368940
676947 12.368944
676830 12.368952
676795 12.368956
676764 12.368961
676750 12.368971
676742 12.368975
676516 12.368978
676507 12.368982
676459 12.368986
676220 12.368997
676128 12.369000
676084 12.369005
676016 12.369023
675883 12.369036
675662 12.369040
675643 12.369053
675582 12.369057
675440 12.369065
675177 12.369080
675174 12.369083
675129 12.369091
675112 12.369095
674345 12.369112
674285 12.369116
674261 12.369120
674258 12.369129
674096 12.369141
674067 12.369153
674056 12.369156
674010 12.369159
673934 12.369164
673912 12.369170
673894 12.369178
673666 12.369186
673572 12.369197
673504 12.369202
673499 12.369205
673392 12.369213
673381 12.369217
673361 12.369223
673333 12.369232
672714 12.369240
672666 12.369248
672647 12.369252
672567 12.369257
672519 12.369261
672341 12.369272
672336 12.369277
672302 12.369281
672185 12.369288
672077 12.369291
672066 12.369315
672014 12.369319
672010 12.369323
671966 12.369331
671857 12.369335
671823 12.369344
671796 12.369352
671637 12.369360
671534 12.369368
671424 12.369378
671325 12.369390
671206 12.369395
671186 12.369402
671137 12.369406
671110 12.369410
671101 12.369419
671095 12.369424
670606 12.369434
670583 12.369444
670570 12.369449
670431 12.369456
670409 12.369459
670335 12.369473
670325 12.369488
670269 12.369500
670241 12.369541
670218 12.369544
669879 12.369549
669675 12.369558
669584 12.369575
669567 12.369579
669555 12.369583
669520 12.369596
669090 12.369603
669051 12.369609
669009 12.369616
668994 12.369623
668887 12.369636
668851 12.369639
668802 12.369644
668787 12.369649
668783 12.369670
668776 12.369674
668756 12.369680
668747 12.369691
668473 12.369698
668472 12.369706
668455 12.369710
668370 12.369715
668366 12.369718
668318 12.369731
668315 12.369735
668162 12.369741
667967 12.369745
667672 12.369749
667602 12.369752
667422 12.369756
667154 12.369764
667133 12.369771
666960 12.369778
666416 12.369800
665996 12.369808
665980 12.369814
665888 12.369819
665838 12.369822
665789 12.369837
665752 12.369840
665433 12.369846
665302 12.369853
665297 12.369860
665289 12.369864
665279 12.369870
665261 12.369882
665179 12.369886
665095 12.369893
665072 12.369897
665050 12.369900
665047 12.369903
665036 12.369912
665031 12.369916
664956 12.369920
664853 12.369927
664631 12.369932
664621 12.369936
664485 12.369940
664444 12.369943
664348 12.369954
664223 12.369964
664208 12.369968
664189 12.369974
663896 12.369978
663889 12.369981
663789 12.369992
663783 12.369995
662539 12.370010
662475 12.370014
662453 12.370019
662325 12.370044
662299 12.370048
662234 12.370052
662230 12.370068
662211 12.370074
662136 12.370083
661938 12.370088
661928 12.370091
661839 12.370101
661820 12.370104
661811 12.370128
661592 12.370135
661043 12.370173
660989 12.370195
660963 12.370219
660951 12.370224
660890 12.370228
660877 12.370231
660728 12.370235
660570 12.370239
660452 12.370251
660160 12.370254
659574 12.370264
659290 12.370273
659264 12.370278
659085 12.370281
658483 12.370306
658264 12.370311
658261 12.370315
658241 12.370318
658237 12.370330
658223 12.370337
657751 12.370347
657489 12.370357
657082 12.370362
656985 12.370365
656882 12.370369
656665 12.370384
656527 12.370395
656443 12.370399
655933 12.370402
655792 12.370405
654813 12.370415
654460 12.370423
654133 12.370431
653978 12.370437
653968 12.370445
653941 12.370469
653776 12.370473
653774 12.370476
653767 12.370481
653761 12.370488
653329 12.370496
653017 12.370507
652954 12.370519
652938 12.370524
652927 12.370528
652909 12.370533
652675 12.370540
652273 12.370543
652020 12.370555
651799 12.370563
651624 12.370567
650775 12.370579
650771 12.370584
650735 12.370589
650608 12.370595
650577 12.370601
650508 12.370612
650420 12.370623
650372 12.370628
650223 12.370641
650197 12.370646
650137 12.370649
650094 12.370654
649934 12.370665
649814 12.370669
649565 12.370673
649495 12.370676
649447 12.370680
648915 12.370686
648772 12.370701
646602 12.370712
646553 12.370716
646352 12.370720
646163 12.370723
645988 12.370737
645977 12.370741
645637 12.370745
645357 12.370748
645316 12.370757
645208 12.370760
645188 12.370765
645130 12.370770
644653 12.370780
644621 12.370783
644594 12.370786
644566 12.370807
639911 12.370816
639259 12.370824
638898 12.370827
637891 12.370838
637660 12.370856
637538 12.370865
637446 12.370902
637420 12.370910
637410 12.370914
637379 12.370918
637341 12.370927
637281 12.370933
637121 12.370937
636558 12.370948
636539 12.370952
633854 12.370968
633368 12.370982
633347 12.370989
632425 12.370998
632403 12.371002
632253 12.371027
632185 12.371032
632104 12.371060
631159 12.371069
630699 12.371077
630647 12.371081
630586 12.371092
630355 12.371096
630127 12.371107
630107 12.371110
630016 12.371115
629808 12.371126
629742 12.371130
629657 12.371134
629506 12.371141
628827 12.371148
628816 12.371152
628155 12.371159
628137 12.371167
628057 12.371175
628046 12.371178
628029 12.371196
627989 12.371205
627941 12.371209
627937 12.371213
627894 12.371217
626820 12.371221
626482 12.371240
626446 12.371247
626266 12.371263
626210 12.371270
625980 12.371273
625779 12.371279
625572 12.371282
625492 12.371287
625284 12.371300
625224 12.371312
625201 12.371318
625189 12.371321
625066 12.371328
624592 12.371336
624408 12.371349
624380 12.371352
623923 12.371358
623671 12.371365
623599 12.371371
623598 12.371376
623046 12.371380
623023 12.371385
622879 12.371389
622867 12.371396
622844 12.371399
622830 12.371405
622825 12.371409
622815 12.371416
622743 12.371430
622479 12.371441
622473 12.371448
622459 12.371452
622456 12.371455
622395 12.371459
622378 12.371463
622372 12.371467
622361 12.371470
622357 12.371476
622323 12.371480
622307 12.371483
622301 12.371489
622298 12.371493
622292 12.371497
622236 12.371502
622227 12.371505
622205 12.371508
622178 12.371511
621190 12.371522
620965 12.371538
620947 12.371546
620864 12.371550
620852 12.371553
620844 12.371560
620688 12.371590
620677 12.371593
620671 12.371619
620660 12.371623
620649 12.371642
620383 12.371660
620324 12.371688
620309 12.371708
620303 12.371712
619708 12.371716
619594 12.371721
619315 12.371733
619193 12.371737
619183 12.371747
619165 12.371755
619137 12.371763
619109 12.371779
619105 12.371792
619092 12.371796
619072 12.371801
619067 12.371806
619064 12.371814
619034 12.371823
618950 12.371833
618934 12.371859
618905 12.371866
618895 12.371870
618872 12.371874
618839 12.371879
618803 12.371891
618503 12.371899
618372 12.371914
618344 12.371917
618333 12.371938
618313 12.371948
617830 12.371960
617813 12.371972
617786 12.371978
617772 12.371983
617746 12.371989
617706 12.371993
617477 12.372001
617424 12.372005
617061 12.372022
616744 12.372028
616737 12.372034
616653 12.372050
616630 12.372054
615742 12.372126
615725 12.372132
615664 12.372136
615409 12.372139
615131 12.372156
615004 12.372161
614946 12.372169
614945 12.372193
614902 12.372205
614893 12.372221
614864 12.372229
614769 12.372241
614768 12.372245
614753 12.372258
614726 12.372274
614163 12.372283
613653 12.372290
613612 12.372294
613521 12.372297
613507 12.372301
613320 12.372309
613190 12.372318
613189 12.372322
613180 12.372325
613137 12.372329
613107 12.372333
613100 12.372340
612926 12.372350
612872 12.372354
612846 12.372360
612583 12.372364
612569 12.372374
612470 12.372378
612353 12.372384
612326 12.372392
612303 12.372402
612251 12.372414
612241 12.372418
612236 12.372428
612232 12.372436
612228 12.372443
612219 12.372452
612214 12.372473
612048 12.372487
612022 12.372493
612010 12.372501
611987 12.372512
611979 12.372518
611967 12.372528
611662 12.372545
611660 12.372559
611643 12.372563
611642 12.372570
611597 12.372680
611575 12.372706
611521 12.372716
609935 12.372749
609918 12.372753
609858 12.372759
609854 12.372779
609796 12.372789
609425 12.372795
609412 12.372802
609395 12.372805
609355 12.372809
609282 12.372812
609136 12.372834
609080 12.372847
609018 12.372850
609017 12.372863
608994 12.372867
608989 12.372871
608973 12.372876
608469 12.372879
608397 12.372884
608205 12.372888
608133 12.372892
608077 12.372903
607133 12.372916
607124 12.372924
607071 12.372931
607053 12.372938
607042 12.372948
607038 12.372963
606984 12.372971
606967 12.372976
606950 12.372986
606870 12.372998
606867 12.373014
606866 12.373021
606865 12.373048
606831 12.373053
606787 12.373059
606738 12.373069
606686 12.373078
606634 12.373084
606625 12.373088
606572 12.373096
605455 12.373106
605402 12.373111
605395 12.373118
605324 12.373123
605133 12.373127
605118 12.373142
605099 12.373147
605057 12.373151
605043 12.373155
605028 12.373158
604961 12.373169
604932 12.373173
604841 12.373184
604243 12.373198
604233 12.373202
604163 12.373208
603950 12.373212
603946 12.373215
603863 12.373218
603819 12.373236
603790 12.373249
603777 12.373254
603727 12.373258
603623 12.373262
603610 12.373270
603599 12.373276
603573 12.373280
603555 12.373283
603545 12.373310
603540 12.373316
603521 12.373321
603436 12.373324
603048 12.373333
603043 12.373338
602936 12.373347
602930 12.373356
602904 12.373370
602826 12.373394
602779 12.373399
602737 12.373403
602711 12.373430
602700 12.373437
602699 12.373445
602696 12.373458
602691 12.373467
602659 12.373475
602646 12.373479
602632 12.373482
602080 12.373495
601949 12.373504
601931 12.373510
601895 12.373515
601884 12.373518
601012 12.373536
600962 12.373542
600959 12.373548
600900 12.373556
600733 12.373568
600722 12.373572
600715 12.373584
600694 12.373588
600652 12.373594
600642 12.373598
600629 12.373601
600585 12.373604
600425 12.373609
600405 12.373617
600383 12.373630
600361 12.373638
600322 12.373659
600284 12.373663
600187 12.373673
600169 12.373680
600116 12.373685
600067 12.373693
600059 12.373703
600048 12.373709
600025 12.373714
600022 12.373736
599988 12.373740
599969 12.373747
599964 12.373766
599948 12.373781
599944 12.373785
599909 12.373790
599895 12.373793
599857 12.373797
599846 12.373805
599806 12.373816
599789 12.373821
599381 12.373837
599376 12.373856
599371 12.373859
599361 12.373863
599321 12.373870
599227 12.373876
599226 12.373891
599215 12.373894
599109 12.373904
599104 12.373910
599079 12.373913
599078 12.373920
599036 12.373936
599020 12.373942
599014 12.373962
598940 12.373977
598929 12.373981
598920 12.373984
598908 12.373998
598560 12.374009
598558 12.374027
598471 12.374031
598377 12.374041
598372 12.374045
598358 12.374052
598344 12.374069
598324 12.374073
598310 12.374078
597458 12.374087
597411 12.374099
597393 12.374107
597341 12.374113
597268 12.374120
597254 12.374123
597246 12.374138
597169 12.374148
596472 12.374191
596465 12.374200
596387 12.374212
596373 12.374217
596370 12.374224
596361 12.374228
596343 12.374236
596341 12.374253
596332 12.374257
596330 12.374262
596326 12.374266
596319 12.374275
596292 12.374281
596025 12.374288
595991 12.374298
595933 12.374312
595918 12.374324
595901 12.374328
595897 12.374332
595884 12.374337
595873 12.374344
595793 12.374348
595693 12.374356
595603 12.374363
595562 12.374388
595443 12.374394
595429 12.374404
595421 12.374415
595413 12.374423
595410 12.374432
595400 12.374436
595389 12.374442
595382 12.374465
595379 12.374476
595368 12.374487
595364 12.374494
595344 12.374497
595330 12.374502
595294 12.374509
595208 12.374519
595034 12.374526
594960 12.374531
594212 12.374549
594190 12.374572
594176 12.374582
593849 12.374590
593843 12.374599
593829 12.374605
593818 12.374627
593798 12.374638
593795 12.374644
593781 12.374655
593755 12.374664
593219 12.374695
593205 12.374698
593195 12.374702
593192 12.374705
593176 12.374712
593168 12.374717
593115 12.374722
593107 12.374734
593087 12.374740
593074 12.374747
593057 12.374773
593043 12.374776
593023 12.374780
593006 12.374787
592992 12.374799
592953 12.374813
592914 12.374820
592893 12.374829
592827 12.374835
592718 12.374844
592713 12.374871
592693 12.374878
592687 12.374904
592674 12.374922
592653 12.374934
592648 12.374938
592639 12.374995
592565 12.375005
592542 12.375015
592496 12.375021
592476 12.375024
592455 12.375028
592432 12.375034
592413 12.375047
592384 12.375053
592355 12.375070
592296 12.375077
592285 12.375122
591817 12.375142
591739 12.375164
591736 12.375168
591725 12.375193
591719 12.375203
591705 12.375209
591697 12.375214
591693 12.375218
591681 12.375230
591676 12.375238
591647 12.375245
591621 12.375249
591612 12.375261
591606 12.375273
591604 12.375282
591551 12.375291
591539 12.375298
591529 12.375316
591509 12.375323
591446 12.375328
591432 12.375339
591401 12.375350
591398 12.375368
591361 12.375400
591342 12.375406
591333 12.375409
591329 12.375414
591328 12.375417
591159 12.375433
590472 12.375453
590451 12.375461
590409 12.375474
590381 12.375486
590372 12.375525
590369 12.375536
590347 12.375585
590331 12.375781
590326 12.375815
590321 12.375823
590307 12.375873
590295 12.375952
590293 12.375956
590292 12.375968
590281 12.375974
590278 12.375978
590151 12.375981
590067 12.375985
589894 12.375993
589855 12.375997
589718 12.376004
589715 12.376008
589673 12.376023
589663 12.376027
589613 12.376031
589498 12.376041
589488 12.376050
589429 12.376065
589419 12.376069
589399 12.376078
589393 12.376082
589379 12.376086
589299 12.376099
589244 12.376103
589222 12.376114
589219 12.376118
589193 12.376123
589184 12.376128
589175 12.376134
589140 12.376140
589126 12.376146
589108 12.376151
589070 12.376163
589063 12.376168
589041 12.376171
589037 12.376194
588985 12.376199
588852 12.376218
588825 12.376226
588796 12.376307
588777 12.376315
588746 12.376319
588666 12.376386
588610 12.376392
588595 12.376396
588584 12.376401
588546 12.376404
588487 12.376409
588423 12.376413
588381 12.376416
588302 12.376421
588289 12.376424
587789 12.376427
587530 12.376439
587454 12.376447
587387 12.376484
587370 12.376488
587362 12.376497
587200 12.376506
587197 12.376510
586609 12.376517
586476 12.376521
586469 12.376534
586418 12.376541
586407 12.376550
586384 12.376558
586270 12.376568
586119 12.376571
586101 12.376575
586094 12.376588
586074 12.376592
586054 12.376596
585958 12.376611
585559 12.376617
585520 12.376622
585415 12.376634
585114 12.376640
584900 12.376651
584865 12.376655
584832 12.376659
584827 12.376662
584800 12.376676
584755 12.376681
584712 12.376684
584707 12.376689
584397 12.376699
584048 12.376706
583949 12.376709
583738 12.376723
583644 12.376767
583609 12.376789
583360 12.376797
583344 12.376801
583287 12.376845
583270 12.376849
583259 12.376855
583190 12.376859
583146 12.376863
583114 12.376870
583107 12.376875
583031 12.376880
582907 12.376887
582769 12.376891
582686 12.376896
582659 12.376915
582617 12.376926
582434 12.376938
582431 12.376950
582362 12.376954
582310 12.376957
582283 12.376961
582281 12.376964
582015 12.376967
581457 12.376977
581388 12.376991
581261 12.377003
581153 12.377014
581102 12.377017
580863 12.377024
580046 12.377036
579973 12.377040
579927 12.377044
579803 12.377051
579629 12.377055
579604 12.377058
577931 12.377065
577928 12.377069
577897 12.377082
577892 12.377086
577868 12.377097
577622 12.377106
577595 12.377110
577303 12.377113
577288 12.377120
577065 12.377126
577031 12.377129
577027 12.377147
576834 12.377172
576735 12.377176
576386 12.377206
575807 12.377211
575082 12.377215
575002 12.377220
574991 12.377225
574807 12.377228
574610 12.377241
574248 12.377245
573837 12.377253
573806 12.377257
573671 12.377267
573514 12.377272
573452 12.377282
572664 12.377285
572630 12.377293
572619 12.377299
572463 12.377309
572429 12.377317
572090 12.377325
571725 12.377329
571060 12.377337
571058 12.377356
571053 12.377360
571039 12.377363
570650 12.377370
570590 12.377386
570546 12.377391
570419 12.377395
570250 12.377399
570236 12.377409
570221 12.377414
570037 12.377421
569571 12.377428
569419 12.377456
569409 12.377460
569380 12.377473
569337 12.377477
569320 12.377481
569285 12.377490
569253 12.377493
569197 12.377497
568814 12.377501
568788 12.377506
568623 12.377518
568573 12.377537
568565 12.377541
568377 12.377546
568104 12.377551
567870 12.377560
567781 12.377564
567730 12.377567
567651 12.377625
567536 12.377639
567531 12.377642
567465 12.377654
567331 12.377670
567324 12.377811
567209 12.377820
567178 12.377828
567173 12.377838
566758 12.377890
566692 12.377896
566684 12.377903
566608 12.377907
566600 12.377926
566584 12.377959
566327 12.377966
566317 12.377975
566271 12.377980
566268 12.377987
565488 12.377998
565333 12.378003
565192 12.378017
565150 12.378020
565055 12.378024
564845 12.378039
564524 12.378044
564260 12.378055
564189 12.378069
564134 12.378081
564122 12.378087
564086 12.378092
564073 12.378097
564038 12.378104
563984 12.378107
563636 12.378119
562326 12.378127
562275 12.378141
562265 12.378148
562199 12.378152
562135 12.378157
562079 12.378162
562040 12.378168
561947 12.378184
561812 12.378200
561745 12.378212
561741 12.378253
561739 12.378259
561489 12.378268
561387 12.378273
561319 12.378276
561236 12.378280
561148 12.378284
561138 12.378294
561135 12.378298
561126 12.378308
561099 12.378312
560976 12.378317
560822 12.378325
560425 12.378330
560334 12.378333
560321 12.378340
560070 12.378348
560050 12.378352
559842 12.378356
559286 12.378386
558962 12.378401
558849 12.378408
558821 12.378417
558816 12.378425
558789 12.378434
558525 12.378438
558288 12.378443
557906 12.378459
557873 12.378472
557748 12.378476
557707 12.378498
557687 12.378503
557615 12.378508
557592 12.378512
557326 12.378519
556774 12.378525
556761 12.378571
556754 12.378574
556732 12.378581
556725 12.378584
556664 12.378605
556577 12.378646
556511 12.378652
556424 12.378663
556366 12.378678
556345 12.378682
556185 12.378691
556164 12.378717
556123 12.378729
556103 12.378732
555961 12.378747
555948 12.378758
555903 12.378765
555849 12.378773
555842 12.378784
555834 12.378792
555823 12.378812
555818 12.378816
555212 12.378824
555149 12.378828
555082 12.378832
555074 12.378847
554567 12.378861
554397 12.378892
554269 12.378906
554250 12.378924
554074 12.378935
554052 12.378939
553992 12.378942
553868 12.378951
553845 12.378956
553822 12.378959
553781 12.378976
553768 12.378980
551949 12.378987
551275 12.379007
551262 12.379012
550258 12.379021
550250 12.379024
549783 12.379029
549608 12.379033
549388 12.379044
549353 12.379050
549168 12.379070
549046 12.379073
548849 12.379078
548747 12.379104
548442 12.379118
548269 12.379125
548220 12.379149
548117 12.379162
547984 12.379175
547969 12.379180
547866 12.379188
547864 12.379215
547470 12.379219
547400 12.379223
547333 12.379227
547321 12.379232
547217 12.379238
546975 12.379247
546907 12.379253
546859 12.379281
546487 12.379292
546463 12.379309
546457 12.379321
546274 12.379330
546271 12.379356
546265 12.379370
546261 12.379390
546255 12.379398
541852 12.379428
541849 12.379449
541834 12.379454
541796 12.379460
541721 12.379464
541669 12.379468
540954 12.379476
540908 12.379484
540896 12.379489
540857 12.379520
540753 12.379528
540752 12.379533
540730 12.379537
540635 12.379540
540425 12.379544
540417 12.379559
540203 12.379572
540170 12.379589
540167 12.379608
540137 12.379625
540128 12.379632
540125 12.379637
540094 12.379646
540087 12.379649
540079 12.379654
540026 12.379661
539886 12.379676
539865 12.379712
539857 12.379716
539854 12.379727
539843 12.379731
539818 12.379739
539792 12.379742
539783 12.379748
539731 12.379752
539688 12.379758
539661 12.379772
539506 12.379783
539272 12.379789
539082 12.379796
539063 12.379806
538959 12.379810
538904 12.379821
538870 12.379833
538865 12.379837
538849 12.379841
538676 12.379844
538654 12.379849
538630 12.379853
538520 12.379867
538482 12.379870
538472 12.379885
538471 12.379889
538449 12.379895
538432 12.379901
538423 12.379905
538385 12.379908
538267 12.379912
538041 12.379919
537969 12.379923
537952 12.379926
537904 12.379934
537824 12.379945
537686 12.379949
537576 12.379953
537513 12.379959
537511 12.379965
537508 12.379968
537370 12.379974
537121 12.379981
537118 12.380004
537100 12.380010
537079 12.380019
537051 12.380038
537017 12.380052
536856 12.380056
536809 12.380062
536796 12.380068
536791 12.380089
536668 12.380092
536642 12.380099
536508 12.380109
536437 12.380113
536429 12.380132
536387 12.380148
536377 12.380158
536209 12.380189
536191 12.380193
536176 12.380196
536172 12.380413
536170 12.380420
536162 12.380572
536107 12.380592
536066 12.380608
536058 12.380612
535963 12.380617
535585 12.380629
535577 12.380633
535567 12.380637
535523 12.380644
535522 12.380666
535518 12.380670
535396 12.380675
535382 12.380687
535319 12.380697
535226 12.380700
535083 12.380707
535074 12.380712
535027 12.380720
534961 12.380735
534950 12.380751
534876 12.380757
534862 12.380760
534856 12.380764
534809 12.380774
534680 12.380780
534672 12.380785
533419 12.380796
533387 12.380809
533345 12.380827
533252 12.380831
533208 12.380841
533181 12.380858
533131 12.380862
533078 12.380904
533057 12.380907
532982 12.380934
532886 12.380974
532523 12.380988
532398 12.380991
532343 12.380998
532306 12.381001
532252 12.381005
532225 12.381009
532198 12.381014
532189 12.381017
532175 12.381021
532001 12.381028
531958 12.381040
531941 12.381055
531920 12.381106
531870 12.381156
531844 12.381213
531444 12.381221
531430 12.381224
531203 12.381237
531166 12.381242
530977 12.381247
530942 12.381251
530575 12.381255
530357 12.381259
529850 12.381270
529797 12.381293
529656 12.381336
529645 12.381359
529606 12.381464
529539 12.381469
529527 12.381494
529497 12.381541
529486 12.381553
529347 12.381561
529218 12.381569
529168 12.381584
526958 12.381731
526941 12.381735
526915 12.381748
526911 12.381779
526529 12.381837
526500 12.381842
526488 12.381845
526475 12.381849
526331 12.381855
526309 12.381862
526256 12.381871
526217 12.381887
526193 12.381891
526150 12.381901
526143 12.381966
525845 12.381989
525842 12.382000
525820 12.382015
525805 12.382026
525802 12.382037
525768 12.382042
525732 12.382067
525592 12.382086
525576 12.382098
525547 12.382108
525491 12.382115
525424 12.382181
525239 12.382186
525218 12.382190
525181 12.382239
525157 12.382257
524954 12.382261
524547 12.382287
524503 12.382295
524475 12.382303
524449 12.382307
524445 12.382318
524444 12.382335
524379 12.382345
524362 12.382348
524350 12.382360
524227 12.382368
524114 12.382373
523921 12.382387
523643 12.382400
523538 12.382411
523458 12.382416
523426 12.382420
523374 12.382444
523105 12.382449
523011 12.382453
522917 12.382457
522896 12.382462
522889 12.382468
522741 12.382478
522691 12.382484
522673 12.382533
522618 12.382537
522553 12.382541
522515 12.382556
522476 12.382619
522470 12.382643
522100 12.382652
522058 12.382657
522023 12.382660
522006 12.382664
522004 12.382672
521943 12.382677
521896 12.382685
521873 12.382689
521857 12.382796
521835 12.382816
520105 12.382850
520074 12.382856
520071 12.382899
520041 12.382904
520038 12.382992
520025 12.383057
520000 12.383078
515022 12.383093
514997 12.383124
514955 12.383136
514912 12.383158
514882 12.383162
514828 12.383169
514808 12.383174
514775 12.383229
514363 12.383309
514270 12.383314
514199 12.383318
514155 12.383326
514057 12.383330
514034 12.383335
514017 12.383342
513533 12.383363
513420 12.383367
513308 12.383373
513223 12.383377
513194 12.383383
513110 12.383388
513088 12.383394
513026 12.383409
513020 12.383417
512919 12.383432
512626 12.383460
512611 12.383465
512610 12.383473
512583 12.383478
512566 12.383484
512469 12.383493
512443 12.383503
512432 12.383522
512411 12.383536
512399 12.383558
512390 12.383605
510946 12.383612
510888 12.383628
510852 12.383639
510841 12.383642
510789 12.383647
510728 12.383650
510687 12.383655
510677 12.383665
510672 12.383674
510666 12.383709
510611 12.383883
510602 12.383985
510575 12.384000
510443 12.384010
510414 12.384016
510333 12.384037
510259 12.384049
510247 12.384052
510185 12.384056
510114 12.384115
510055 12.384121
509947 12.384144
509924 12.384165
509883 12.384180
509860 12.384187
509390 12.384227
509202 12.384231
509184 12.384234
508903 12.384239
508901 12.384282
508591 12.384318
508528 12.384349
508103 12.384354
508040 12.384357
507877 12.384370
507809 12.384390
507709 12.384395
507686 12.384401
507514 12.384404
507480 12.384437
507352 12.384524
507311 12.384529
507092 12.384544
507071 12.384548
506818 12.384560
506758 12.384565
506721 12.384573
506673 12.384579
506574 12.384613
506571 12.384618
506460 12.384635
506417 12.384641
506354 12.384648
506344 12.384651
506214 12.384655
506039 12.384663
505925 12.384679
505918 12.384751
505913 12.384762
505551 12.384769
505208 12.384776
504879 12.384789
504679 12.384799
504667 12.384808
504635 12.384814
504620 12.385105
504545 12.385111
504538 12.385132
504382 12.385136
504375 12.385453
504330 12.385471
504184 12.385481
504180 12.385525
504131 12.385535
504072 12.385539
504050 12.385552
503930 12.385565
503875 12.385575
503708 12.385579
503707 12.385586
503668 12.385598
503659 12.385601
503642 12.385616
503597 12.385627
503592 12.385652
503437 12.385772
503435 12.385794
503415 12.385813
503394 12.385821
503353 12.385826
503288 12.385841
502957 12.385914
502881 12.385926
502797 12.385931
502760 12.385977
502736 12.385980
502731 12.385991
502708 12.385999
502689 12.386009
502649 12.386014
502641 12.386026
501914 12.386033
501891 12.386038
501882 12.386043
501795 12.386076
501785 12.386091
501765 12.386101
501747 12.386119
501711 12.386131
501697 12.386134
501645 12.386137
501578 12.386146
501506 12.386164
501078 12.386185
501040 12.386189
501000 12.386210
500960 12.386214
500757 12.386231
500352 12.386294
500334 12.386308
500333 12.386402
500265 12.386411
500238 12.386419
500218 12.386532
500194 12.386579
500173 12.386585
500167 12.386591
500139 12.386595
500126 12.386603
499883 12.386634
499862 12.386704
499840 12.386708
499740 12.386741
499689 12.386750
499654 12.386769
499652 12.386776
499561 12.386789
499374 12.386805
499359 12.386811
498805 12.387339
498720 12.387346
498499 12.387352
498479 12.387356
498437 12.387370
498415 12.387375
498293 12.387385
498226 12.387390
498205 12.387397
498201 12.387414
498189 12.387418
498123 12.387427
498047 12.387434
497947 12.387458
497891 12.387566
497781 12.387571
497658 12.387575
497636 12.387581
497535 12.387585
497460 12.387610
497417 12.387615
497395 12.387618
497384 12.387625
497199 12.387631
497167 12.387635
497155 12.387640
497136 12.387664
497132 12.387683
497118 12.387687
497109 12.387746
497017 12.387761
496951 12.387777
496921 12.387781
496866 12.387788
496832 12.387806
496819 12.387816
496764 12.387820
496698 12.387853
496424 12.387859
496416 12.387872
496295 12.387876
496192 12.387880
496142 12.387940
496091 12.387961
496023 12.388095
495775 12.388101
495757 12.388107
495659 12.388111
495651 12.388117
495635 12.388122
495539 12.388127
495466 12.388140
495419 12.388146
495405 12.388226
495375 12.388231
495278 12.388234
495276 12.388238
495235 12.388243
495218 12.388247
494987 12.388255
494964 12.388259
494860 12.388262
494809 12.388265
494749 12.388269
494514 12.388278
494470 12.388286
494439 12.388299
494435 12.388304
494329 12.388316
494166 12.388368
494126 12.388372
493953 12.388379
493929 12.388386
493851 12.388398
493786 12.388405
493766 12.388756
493638 12.388761
493621 12.388768
493549 12.388781
493366 12.388790
493312 12.388794
493310 12.388853
493289 12.388939
493151 12.388945
493144 12.388981
493084 12.388984
492969 12.389025
492819 12.389042
492704 12.389064
492680 12.389201
492586 12.389208
492472 12.389313
492435 12.389347
492399 12.389413
492378 12.389418
492355 12.389422
492330 12.389427
492249 12.389430
492114 12.389438
492070 12.389442
492044 12.389445
492024 12.389449
491958 12.389454
491906 12.389469
491899 12.389475
491844 12.389480
491750 12.389488
491728 12.389573
491674 12.389585
491510 12.389618
491450 12.389626
489333 12.389672
489329 12.389679
489309 12.389682
489305 12.389715
489296 12.389719
489282 12.389723
489111 12.389739
489101 12.389953
489006 12.389961
488980 12.390028
488961 12.390036
488135 12.390156
488125 12.390164
488117 12.390188
488079 12.390193
487291 12.390209
487288 12.390216
487247 12.390222
487125 12.390267
486807 12.390272
486791 12.390280
486497 12.390285
486428 12.390291
486354 12.390305
486268 12.390311
486233 12.390314
486024 12.390326
486022 12.390330
486013 12.390392
485861 12.390400
485778 12.390408
485632 12.390412
485479 12.390416
485342 12.390464
485259 12.390481
485243 12.390489
485240 12.390495
485232 12.390509
485126 12.390537
485101 12.390565
485096 12.390581
485092 12.390585
484996 12.390588
484954 12.390593
484908 12.390605
484708 12.390609
484676 12.390612
484653 12.390618
484641 12.390631
484628 12.390636
484542 12.390642
484400 12.390646
484296 12.390650
484178 12.390663
484113 12.390667
484055 12.390672
483994 12.390676
483479 12.390682
483443 12.390687
483439 12.390691
483411 12.390727
483405 12.390730
483350 12.390858
483308 12.390863
483291 12.390873
483274 12.390916
483236 12.390922
483230 12.390929
483135 12.390938
483080 12.390946
483073 12.390953
483065 12.390962
483034 12.390988
483001 12.391035
482906 12.391083
482893 12.391087
482861 12.391097
482850 12.391105
482829 12.391111
482828 12.391309
482809 12.391313
482808 12.391326
482740 12.391330
482706 12.391338
482677 12.391341
481857 12.391430
481789 12.391449
481767 12.391479
481625 12.391488
481446 12.391501
481300 12.391569
481278 12.391574
481272 12.391579
481259 12.391585
481258 12.391643
480977 12.391652
480954 12.391670
480744 12.391695
480178 12.391702
480075 12.391706
479370 12.391712
478776 12.391773
478668 12.391786
478507 12.391911
478502 12.391932
478479 12.391941
478418 12.391945
478380 12.391949
478326 12.391962
477780 12.391977
477715 12.391995
477658 12.392017
477651 12.392046
477573 12.392051
477487 12.392054
477480 12.392068
477432 12.392083
476878 12.392093
476571 12.392191
476558 12.392199
476556 12.392203
476397 12.392208
476361 12.392211
476342 12.392282
476115 12.392304
475997 12.392312
475908 12.392317
475857 12.392321
475844 12.392339
475782 12.392344
475772 12.392447
475749 12.392486
475737 12.392491
475246 12.392500
475180 12.392505
475167 12.392510
475060 12.392517
475058 12.392523
475049 12.392526
474983 12.392537
474980 12.392547
474886 12.392555
474877 12.392565
474728 12.392610
474715 12.392665
474578 12.392673
474575 12.392676
474531 12.392684
474328 12.392696
474301 12.392700
474266 12.392719
474265 12.392742
474091 12.392759
474087 12.392766
474048 12.394476
474046 12.394490
474039 12.394505
474017 12.394510
474012 12.394628
473987 12.394637
473968 12.394646
473868 12.394715
473842 12.394721
473817 12.394726
473757 12.394731
473731 12.394734
473609 12.394737
473606 12.394741
473523 12.394745
473480 12.394768
473450 12.394774
473416 12.394779
473305 12.394786
473143 12.394806
473100 12.394810
473076 12.394814
472957 12.394850
472899 12.394864
472892 12.394868
472885 12.394890
472856 12.394897
472807 12.394904
472787 12.394907
472767 12.394912
472760 12.394920
472740 12.394935
472658 12.394949
472639 12.394954
472613 12.394961
472606 12.394965
472600 12.394975
472598 12.394978
472384 12.394990
472383 12.394994
472378 12.395017
472338 12.395021
472255 12.395033
472100 12.395071
472012 12.395076
471298 12.395080
471292 12.395083
471266 12.395091
471206 12.395096
471118 12.395113
471106 12.395143
470951 12.395153
470921 12.395157
470875 12.395162
470873 12.395185
470870 12.395190
470860 12.395195
470859 12.395201
470829 12.395213
470826 12.395230
470805 12.395235
470701 12.395247
470698 12.395267
470695 12.395294
470679 12.395302
470669 12.395307
470649 12.395313
470627 12.395317
470619 12.395327
470589 12.395336
470563 12.395341
470538 12.395345
470486 12.395358
470480 12.395364
470376 12.395381
470236 12.395394
470096 12.395619
470084 12.395645
470080 12.395651
470078 12.395661
470051 12.395669
470045 12.395675
470031 12.395681
470028 12.395697
470027 12.395705
470011 12.395719
469998 12.395736
469978 12.395743
469964 12.395748
469956 12.395767
469927 12.395770
469922 12.395817
469907 12.395961
469886 12.395968
469860 12.395982
469826 12.395994
469796 12.396027
469171 12.396044
469075 12.396062
469047 12.396067
469032 12.396080
469031 12.396096
469002 12.396111
468992 12.396125
468975 12.396133
468952 12.396137
468932 12.396141
468921 12.396151
468912 12.396176
468877 12.396187
468861 12.396192
468815 12.396199
468809 12.396244
468801 12.396261
468788 12.396271
468770 12.396291
468767 12.396305
468761 12.396314
468690 12.396324
468597 12.396602
468593 12.396619
468490 12.396631
468470 12.396740
468413 12.396760
468383 12.396833
468199 12.396840
468193 12.396848
468164 12.396879
468150 12.396888
468130 12.396912
468127 12.396918
468107 12.396935
468104 12.396951
468080 12.396963
468074 12.396972
468063 12.396981
468043 12.396988
468025 12.397016
468020 12.397027
467967 12.397051
467947 12.397078
467695 12.397086
467674 12.397091
467669 12.397096
467545 12.397106
467443 12.397116
467439 12.397136
467434 12.397142
467140 12.397244
467139 12.397255
467134 12.397282
467095 12.397287
466884 12.397317
466833 12.397323
466811 12.397327
466770 12.397331
466764 12.397334
466646 12.397355
466339 12.397365
466316 12.397369
466307 12.397382
466284 12.397461
466108 12.397519
466079 12.397527
466015 12.397531
465892 12.397535
465802 12.397544
465769 12.397636
465748 12.397648
465715 12.397656
465701 12.397676
465671 12.397680
465569 12.397684
465568 12.397718
465543 12.397827
465536 12.397838
465476 12.397841
465399 12.397844
465283 12.397850
465256 12.397855
465217 12.397882
465102 12.397886
464977 12.397889
464976 12.397912
464935 12.397927
464928 12.397940
464899 12.397961
464808 12.397990
464674 12.397993
464611 12.398006
464525 12.398012
464509 12.398031
464488 12.398043
464384 12.398055
464266 12.398059
464226 12.398069
464179 12.398073
464161 12.398082
464144 12.398088
464142 12.398093
464110 12.398111
464026 12.398118
464003 12.398129
463949 12.398135
463871 12.399042
463443 12.399050
463366 12.399055
463362 12.399064
463049 12.399082
463010 12.399108
462909 12.399112
462844 12.399115
462767 12.399129
462636 12.399134
461885 12.399149
461860 12.399157
461629 12.399169
461618 12.399181
461545 12.399188
461457 12.399192
461421 12.399196
461320 12.399202
461295 12.399214
461278 12.399260
461244 12.399272
461144 12.399279
461135 12.399332
461109 12.399336
460966 12.399339
460877 12.399364
460736 12.399387
460716 12.399427
460686 12.399433
460683 12.399482
460659 12.399486
460644 12.399518
460615 12.399522
460602 12.399534
459390 12.399585
459380 12.399589
459365 12.399599
459360 12.399614
459283 12.399620
459281 12.399634
458301 12.399639
458280 12.399681
458266 12.399717
458265 12.399843
457739 12.399853
457707 12.399857
457682 12.399893
457668 12.399897
457662 12.400265
457651 12.400292
457643 12.400304
457624 12.400381
457588 12.400399
457584 12.400409
457575 12.400435
457569 12.400455
457564 12.400497
457354 12.400516
457309 12.400565
457293 12.400583
457239 12.400586
457208 12.400626
457056 12.400631
456617 12.400648
456597 12.400653
456581 12.400665
456286 12.400674
455889 12.400679
455849 12.400689
455810 12.400733
455670 12.400737
455640 12.400871
455606 12.400876
455605 12.400897
455553 12.400901
455552 12.400916
455219 12.400926
455121 12.400944
455056 12.400963
455001 12.400971
454930 12.401061
454714 12.401066
454682 12.401078
454655 12.401082
454644 12.401138
454608 12.401212
454550 12.401224
454520 12.401237
454505 12.401268
454356 12.401272
454350 12.401306
454173 12.401310
454148 12.401315
454138 12.401319
454087 12.401347
453976 12.401368
453962 12.401374
453891 12.401379
453870 12.401394
453841 12.401405
453820 12.401408
453781 12.401412
453772 12.401416
453768 12.401498
453764 12.401504
453761 12.401509
453757 12.401513
453668 12.401532
453661 12.401538
453634 12.401542
453332 12.401547
453326 12.401603
453314 12.401607
453309 12.401611
452943 12.401617
452927 12.401627
452922 12.401647
452917 12.401651
452789 12.401670
452720 12.401679
452695 12.401723
452690 12.401815
452677 12.401844
452663 12.401982
452651 12.401986
452545 12.402095
452514 12.402099
452479 12.402103
452478 12.402110
452475 12.402113
452472 12.402125
452425 12.402279
452408 12.402286
452402 12.402291
452383 12.402297
452352 12.402313
452322 12.402319
452292 12.402323
452269 12.402326
452262 12.402332
452251 12.402341
452233 12.402362
452231 12.402367
452227 12.402372
452201 12.402424
452194 12.402432
452171 12.402439
452126 12.402443
451957 12.402447
451913 12.402451
451860 12.402455
451770 12.402467
451744 12.402530
451698 12.402594
451687 12.402734
451405 12.402752
451366 12.402793
451298 12.402801
451249 12.403000
451235 12.403005
451228 12.403013
451082 12.403022
451081 12.403030
451036 12.403052
450841 12.403056
450835 12.403070
450772 12.403092
450770 12.403099
450767 12.403120
450740 12.403149
450720 12.403157
450682 12.403166
450190 12.403307
450179 12.403313
450136 12.403317
450134 12.403327
450125 12.403336
450100 12.403340
450097 12.403380
450091 12.403398
450076 12.403412
450025 12.403429
449934 12.403433
449755 12.403436
449752 12.403500
449722 12.403507
449716 12.403515
449695 12.403532
449596 12.403538
449590 12.403552
449587 12.403558
449571 12.403732
449556 12.403746
449549 12.403755
449542 12.403762
449529 12.403765
449501 12.403785
449479 12.403791
449398 12.403799
449305 12.403803
449292 12.403807
449261 12.403810
449258 12.403814
449213 12.403824
449165 12.403828
449148 12.403850
449137 12.403857
449092 12.403864
449079 12.403869
449078 12.403903
449057 12.403913
448965 12.403930
448939 12.403940
448854 12.403954
448827 12.404030
448818 12.404143
448797 12.404148
448789 12.404156
448788 12.404176
447248 12.404232
447186 12.404279
447160 12.404283
447108 12.404418
447106 12.404423
447096 12.404426
447053 12.404524
446991 12.404540
446988 12.404545
446982 12.404551
446837 12.404592
446467 12.404603
446447 12.404610
446427 12.404616
446379 12.404647
446367 12.404655
446359 12.404667
446296 12.404672
446283 12.404812
446260 12.404824
446258 12.404832
446244 12.404837
446243 12.404855
446217 12.404858
446213 12.404870
446106 12.404874
446077 12.404878
446072 12.404881
446049 12.405244
446035 12.405437
446020 12.405444
445897 12.405450
445816 12.405468
445776 12.405472
445743 12.405523
442989 12.407470
442976 12.407480
442890 12.407488
442843 12.407506
442782 12.407513
442758 12.407516
442734 12.407521
442689 12.407553
439857 12.407722
439718 12.407732
439702 12.407828
439543 12.407865
439446 12.407882
439224 12.408921
439207 12.408928
439183 12.408945
438871 12.408958
438788 12.408980
438774 12.408993
438691 12.408997
438579 12.409038
438563 12.409044
438553 12.409053
438545 12.409073
438508 12.409365
438199 12.409371
438169 12.409382
438132 12.409389
438108 12.409393
437520 12.409400
437502 12.409417
437499 12.409422
437494 12.409596
437464 12.409602
437460 12.409612
437454 12.409623
437440 12.409628
437432 12.409652
437382 12.409672
437374 12.409688
437354 12.409716
437312 12.409723
437289 12.409732
437242 12.409735
437222 12.409742
437169 12.409791
437168 12.409799
437137 12.409803
437104 12.409810
437005 12.409819
436997 12.409823
436904 12.410022
436898 12.410034
436894 12.410053
436856 12.410061
436846 12.410066
436832 12.410070
436829 12.410075
436827 12.410084
436770 12.410115
436170 12.410716
436164 12.411065
436155 12.411071
436138 12.411078
436136 12.411101
436090 12.411113
436037 12.411119
435991 12.411125
435948 12.411130
435941 12.411573
435892 12.411669
435830 12.411675
435774 12.411688
435753 12.411693
435732 12.411792
435682 12.411814
435675 12.411835
435556 12.411905
435533 12.412008
435504 12.412081
435501 12.412109
435423 12.412255
435405 12.412311
435366 12.412321
435241 12.412457
435203 12.412461
435135 12.412465
435077 12.412471
435073 12.412492
434946 12.412502
434938 12.412520
434869 12.412607
434799 12.412612
434768 12.412619
434751 12.412627
434716 12.412640
434700 12.412650
434604 12.412941
434595 12.412946
434570 12.413014
434544 12.413155
434540 12.413294
434487 12.413299
434470 12.413420
434430 12.413425
434401 12.413440
434398 12.413467
434381 12.413479
434377 12.417071
434345 12.417164
434325 12.417169
434318 12.417247
434188 12.417506
434154 12.417524
434133 12.417548
434056 12.417840
434031 12.418113
433999 12.418178
433971 12.418248
433967 12.418253
433930 12.418276
433902 12.418284
433899 12.418294
433882 12.418299
433839 12.418304
433696 12.418309
433373 12.418314
433342 12.418341
433341 12.418681
433320 12.418698
433299 12.418703
433255 12.418707
433094 12.418807
433083 12.418812
432951 12.418831
432874 12.418863
432846 12.418872
432764 12.418877
432760 12.418912
432621 12.418935
432620 12.418940
432591 12.418943
432558 12.418961
432479 12.419010
432463 12.419022
432462 12.419027
432408 12.419069
432346 12.419075
432323 12.419111
432284 12.419125
432147 12.419142
431716 12.419172
431703 12.419176
431647 12.419209
431624 12.419222
431612 12.419295
431611 12.419431
431506 12.419446
431477 12.419504
431457 12.419509
431456 12.419522
431455 12.419526
431450 12.419559
431435 12.419584
431195 12.419750
431098 12.419774
431067 12.419778
431038 12.419835
431021 12.419839
431007 12.419848
430985 12.420041
430978 12.420075
430938 12.420085
430886 12.420093
430848 12.420107
430762 12.420113
430730 12.420117
430729 12.420179
430728 12.420224
430713 12.420232
430688 12.420238
430673 12.420270
430660 12.420299
430644 12.420400
430626 12.420405
430553 12.420525
430502 12.420535
430393 12.420539
430383 12.420549
430339 12.420562
430305 12.420574
430264 12.420590
430194 12.420597
430181 12.420625
430170 12.420629
430150 12.420633
430145 12.420641
430072 12.420699
430050 12.420729
430021 12.420740
430012 12.420763
429934 12.420772
429923 12.420796
429800 12.420802
429773 12.421182
429766 12.421450
429711 12.421585
429695 12.421628
429691 12.421635
429666 12.421641
429632 12.421645
429608 12.421649
429600 12.421654
429576 12.421664
429549 12.421715
429288 12.421723
429284 12.421771
429282 12.421775
429278 12.421801
429251 12.421807
429233 12.421810
429220 12.421814
429179 12.421833
429167 12.421838
429144 12.421841
429140 12.421851
429040 12.421855
429025 12.421866
429005 12.421896
428990 12.421900
428891 12.421911
428879 12.421976
428868 12.421984
428866 12.421996
428828 12.422100
428819 12.422122
428797 12.422133
428681 12.422146
428673 12.422151
428620 12.422170
428570 12.422174
428008 12.422219
427992 12.422224
427986 12.422254
427984 12.422276
427981 12.422373
427980 12.422385
427971 12.422404
427829 12.422413
427756 12.422418
427714 12.422421
427694 12.422436
427674 12.422440
427668 12.422449
427541 12.422594
427523 12.422629
427118 12.422664
427110 12.422678
427050 12.422758
427045 12.422773
427036 12.422785
427009 12.422790
427006 12.422803
427002 12.422810
426883 12.422912
426864 12.422920
426861 12.422925
426842 12.422976
426825 12.422980
426812 12.423011
426789 12.423015
426787 12.423026
426783 12.423103
426737 12.423109
426673 12.423129
426659 12.423136
426636 12.423151
426616 12.423236
426613 12.423253
426590 12.423291
426587 12.423413
426525 12.423427
426502 12.423432
426490 12.423498
426473 12.423605
426467 12.423619
426458 12.423623
426447 12.424416
426436 12.424656
426432 12.425115
426426 12.425871
426420 12.425879
426419 12.427978
426414 12.428000
426403 12.428007
426389 12.428024
426366 12.428051
426365 12.428059
426343 12.428064
426334 12.428070
426322 12.428076
426312 12.428093
426306 12.428110
426292 12.428115
426291 12.428374
426285 12.428389
426271 12.428397
426228 12.428402
426215 12.428493
426140 12.428500
426126 12.428511
426103 12.428515
426098 12.428536
426092 12.428706
426083 12.428717
426079 12.429025
426072 12.429042
425976 12.429052
425956 12.429076
425949 12.429090
425929 12.429106
425920 12.429489
425911 12.429495
425905 12.429580
425900 12.429593
425899 12.429599
425867 12.429603
425749 12.429607
425741 12.429627
425721 12.429632
425681 12.429651
425670 12.429682
425653 12.429699
425652 12.429704
425644 12.429717
425624 12.429722
425606 12.429812
425600 12.429823
425593 12.429898
425575 12.429902
425564 12.429913
425554 12.429938
425551 12.430108
425550 12.430679
425493 12.430935
425481 12.431053
425462 12.431148
425339 12.431158
425243 12.431163
425237 12.431217
425211 12.431226
425209 12.431233
425198 12.431243
425197 12.431263
425172 12.431267
425152 12.431316
425147 12.431341
425110 12.431345
425105 12.431456
425096 12.431536
425090 12.431832
425083 12.431864
425073 12.431868
425042 12.431915
425034 12.432022
425024 12.432874
425018 12.433049
424998 12.433233
424964 12.433239
424961 12.433301
424960 12.433325
424940 12.433378
424923 12.433383
424807 12.433412
424800 12.433768
424751 12.433778
424750 12.433782
424749 12.433896
424734 12.434113
424678 12.434174
424668 12.434370
424665 12.434380
424659 12.434542
424569 12.434675
424549 12.434743
424532 12.434752
424526 12.435051
424508 12.435098
424507 12.435108
424344 12.435411
424322 12.435417
424298 12.440755
424295 12.441056
424292 12.441061
424284 12.441415
424275 12.441426
424255 12.441431
424254 12.441438
424239 12.441489
424219 12.441498
424209 12.441612
424208 12.442192
424195 12.442372
424003 12.442570
423993 12.442579
423935 12.442633
423932 12.442942
423924 12.442954
423922 12.444010
423917 12.444195
423881 12.444705
423860 12.444775
423819 12.444781
423814 12.444816
423680 12.444828
423676 12.444839
423665 12.444854
423615 12.444858
423459 12.444868
423430 12.444933
423423 12.444965
423395 12.444973
423226 12.444993
423152 12.445003
423140 12.445008
423042 12.445012
422913 12.445021
422826 12.445033
422821 12.445037
422820 12.445068
422812 12.445085
422792 12.445106
422747 12.445125
422728 12.445145
422723 12.445149
422718 12.445585
422711 12.445595
422710 12.446462
422537 12.446473
422303 12.446969
422299 12.446997
422294 12.447256
422258 12.447266
422202 12.447318
422105 12.447380
422097 12.451890
422092 12.451897
422090 12.452055
422010 12.452068
422005 12.452128
421939 12.452145
421937 12.452232
421334 12.452455
421272 12.452461
421253 12.452466
421221 12.452500
420964 12.452515
420930 12.452549
420929 12.452704
420840 12.452836
420829 12.452841
420825 12.452955
420804 12.453057
420790 12.453064
420785 12.453099
420765 12.453146
420759 12.453153
420718 12.453176
420689 12.453199
420679 12.453210
420675 12.453214
420662 12.453236
420649 12.453491
420645 12.455399
420636 12.455421
420611 12.455618
420588 12.455651
420571 12.455661
420563 12.455665
420537 12.455807
420532 12.455811
419396 12.456741
419385 12.456770
419380 12.456903
419164 12.456913
419086 12.457213
419079 12.457257
419075 12.457333
419071 12.457447
419068 12.457456
419062 12.457460
419024 12.457677
418986 12.457744
418921 12.457754
418874 12.457759
418858 12.457764
418850 12.457770
418814 12.457781
418695 12.457796
418654 12.457843
418507 12.457848
418335 12.457859
418323 12.457931
418281 12.457936
418263 12.458780
418259 12.458788
418157 12.458793
418095 12.463031
418089 12.463038
417834 12.463072
417822 12.463076
417761 12.464169
417750 12.464223
417749 12.464233
417742 12.464241
417716 12.464606
417651 12.464881
417640 12.465748
417628 12.465965
417625 12.465970
417565 12.465973
417518 12.466000
416114 12.466031
416094 12.466036
416051 12.466040
415969 12.466046
415780 12.466052
415761 12.466062
415742 12.466088
415729 12.466116
415619 12.466226
415611 12.466231
415610 12.466243
415568 12.466252
415514 12.466261
415350 12.466271
415342 12.466277
415310 12.466322
415305 12.466341
415254 12.466347
415248 12.466365
415244 12.466434
415232 12.466440
415205 12.466887
415180 12.466928
415179 12.467223
415165 12.467234
415162 12.467239
415159 12.467243
415138 12.467252
415122 12.467289
415114 12.467416
415105 12.467421
415098 12.467506
415097 12.467525
415076 12.467532
415054 12.467535
415039 12.467961
415022 12.467968
414992 12.468091
414987 12.468097
414846 12.468100
414832 12.468106
414828 12.468177
414792 12.468184
414782 12.468328
414744 12.468339
414729 12.468686
414654 12.471364
414614 12.471420
414572 12.471428
414559 12.471432
414550 12.471843
414457 12.471848
414389 12.471853
414383 12.471866
414382 12.472970
414359 12.472981
414309 12.472985
414249 12.474860
414167 12.474944
414163 12.475098
414159 12.475395
414097 12.475403
414071 12.475426
414047 12.475431
414017 12.475439
413977 12.475454
413925 12.475536
413539 12.475546
413513 12.476062
413508 12.476083
413434 12.476092
413433 12.476209
413423 12.476233
413245 12.476237
413213 12.476249
411807 12.476664
411733 12.476710
411681 12.476715
411678 12.476732
411601 12.476790
411591 12.476840
411511 12.476863
411444 12.476873
411412 12.476903
411405 12.477189
411397 12.477221
411371 12.479956
411251 12.479966
411242 12.481151
411220 12.481275
411206 12.481305
411203 12.481339
411196 12.481344
411169 12.481358
411161 12.481985
411129 12.482044
411121 12.482052
411085 12.482071
411074 12.482132
411072 12.482449
411014 12.482518
411007 12.482556
411001 12.482613
410931 12.482619
410930 12.482852
410925 12.482956
410899 12.483488
410892 12.483493
410867 12.483506
410865 12.483526
410862 12.483812
410847 12.483818
410845 12.484229
410843 12.484374
410601 12.484874
410566 12.484880
410493 12.484884
410491 12.484889
410481 12.484923
410437 12.484927
410408 12.485010
410360 12.485058
410346 12.485096
410326 12.485190
410269 12.485197
410268 12.485208
410257 12.485230
410253 12.487839
410252 12.489527
410243 12.489575
410229 12.489607
410207 12.489612
410204 12.489617
410148 12.489630
410121 12.489634
410071 12.489642
410056 12.489651
409995 12.489656
409954 12.489777
409932 12.489930
409864 12.489967
409859 12.489996
409831 12.490000
409826 12.490063
409811 12.490077
409080 12.491000
408998 12.491069
408948 12.491196
408927 12.491222
408876 12.491239
408868 12.491244
408816 12.491248
408810 12.491567
408799 12.491576
408790 12.491583
408781 12.491594
408778 12.491606
408772 12.491614
408758 12.491625
408754 12.492075
408746 12.492107
408744 12.492121
408735 12.492136
408715 12.493176
408712 12.493217
408711 12.493977
408703 12.493997
408701 12.494024
408692 12.494028
408690 12.497956
408687 12.497973
408677 12.497984
408676 12.498006
408674 12.498986
408660 12.499038
408654 12.500061
408652 12.500068
408639 12.500492
408631 12.500523
408617 12.500529
408604 12.500588
408596 12.500642
408590 12.500647
408546 12.501733
408532 12.501751
408529 12.502713
408483 12.502791
408469 12.502835
408464 12.502855
408463 12.502869
408434 12.502874
408429 12.502920
408421 12.502936
408415 12.503667
408409 12.503696
408404 12.503701
408398 12.503718
408395 12.503730
408390 12.503761
408382 12.503917
408362 12.503923
408348 12.503930
408340 12.503944
408313 12.503951
408279 12.503960
408277 12.505327
408266 12.505333
408253 12.505336
408191 12.505340
408188 12.505371
408055 12.505409
408029 12.505413
408010 12.505486
408003 12.505736
408000 12.508189
407996 12.512443
407992 12.512453
407991 12.512457
407988 12.512830
407987 12.513322
407959 12.513717
407939 12.514523
407838 12.514564
407791 12.514569
407731 12.515865
407719 12.515875
407705 12.519100
407700 12.519250
407656 12.519326
407646 12.519368
407635 12.519390
407634 12.519399
407582 12.519416
407568 12.519424
407547 12.520345
407463 12.520351
407445 12.520364
407425 12.521053
407417 12.521123
407379 12.521136
407371 12.522682
407368 12.522887
407351 12.522892
407347 12.523348
407341 12.526963
407335 12.528678
407325 12.529988
407313 12.529996
407297 12.530022
407291 12.534307
407290 12.539863
407212 12.556410
407199 12.557438
407173 12.557960
406971 12.569322
406963 12.570826
406948 12.570853
406929 12.570877
406922 12.571615
406916 12.572491
406902 12.572656
406896 12.572672
406886 12.572724
406854 12.572751
406832 12.572790
406830 12.572893
406828 12.572901
406825 12.572909
406819 12.572915
406810 12.572918
406809 12.573900
406761 12.577406
406756 12.577417
406732 12.577444
406729 12.577452
406719 12.577489
406692 12.577501
406691 12.577519
406684 12.577528
406676 12.577959
406642 12.578166
406608 12.578931
406605 12.579815
406597 12.580237
406595 12.580277
406594 12.580594
406460 12.580642
406422 12.580658
406387 12.580668
406207 12.580672
406166 12.584779
406147 12.584791
406144 12.584800
406132 12.584841
406129 12.589165
406124 12.589171
405724 12.589207
405612 12.589214
405479 12.589261
405432 12.589268
405385 12.589273
405356 12.589308
405302 12.589320
405198 12.589788
405178 12.589933
405172 12.592068
405140 12.592723
405121 12.592731
405119 12.592748
405111 12.592849
405097 12.595094
405094 12.595601
405080 12.595640
405072 12.595787
405048 12.595859
405046 12.595868
405039 12.595925
405036 12.595979
405033 12.596041
405027 12.596050
405025 12.596245
405022 12.596250
405010 12.597376
404989 12.597418
404987 12.605389
404976 12.605401
404969 12.605878
404933 12.606044
404924 12.606052
404784 12.606058
404782 12.606105
404781 12.610330
404749 12.610417
404733 12.610437
404730 12.611782
404703 12.611999
404663 12.612004
404640 12.612013
404637 12.615714
404600 12.615728
404536 12.615781
404509 12.615895
404488 12.616559
404486 12.623061
404475 12.625891
404450 12.626213
404438 12.626219
404394 12.629550
404378 12.629601
404367 12.629856
404356 12.629889
404345 12.629908
404332 12.630154
404331 12.630185
404304 12.630212
404222 12.630264
404207 12.630367
404202 12.630426
404158 12.630451
404145 12.630456
403949 12.630490
403915 12.630669
403914 12.630976
403840 12.630980
403815 12.631124
403781 12.670740
403764 12.670776
403759 12.670786
403726 12.670824
403721 12.670885
403665 12.670893
403589 12.670901
403538 12.670906
403499 12.670995
403460 12.671035
403456 12.671120
403406 12.671124
403294 12.671130
403283 12.673980
403235 12.673987
403225 12.673994
403217 12.674014
403173 12.681779
403161 12.681798
403156 12.681821
403131 12.681838
403099 12.682110
403095 12.682261
403089 12.682266
403074 12.682281
403070 12.682405
403062 12.684019
403060 12.698296
403044 12.711753
403031 12.711765
403016 12.711771
402995 12.711781
402977 12.711807
402976 12.711829
402967 12.712178
402902 12.713576
402901 12.715088
402883 12.720260
402882 12.720267
402881 12.720270
402869 12.720281
402847 12.720302
402840 12.720663
402710 12.720701
402661 12.721119
402611 12.725281
402610 12.725289
402591 12.725293
402587 12.725364
402551 12.725374
402421 12.725378
402417 12.725391
402415 12.725404
402078 12.725479
402054 12.725501
402052 12.725545
402046 12.726353
402037 12.726492
401960 12.728272
401949 12.730009
401925 12.734037
401924 12.734061
401732 12.734317
401726 12.735198
401710 12.735239
401701 12.735403
401699 12.735998
401691 12.736009
401688 12.736079
401670 12.736089
401667 12.736094
401658 12.736110
401655 12.736131
401650 12.739010
401645 12.739038
401641 12.739046
401624 12.794995
401600 12.795004
401454 12.795058
401434 12.795063
401431 12.795070
401411 12.795079
401395 12.795094
401392 12.795112
401390 12.795120
401389 12.795126
401385 12.795144
401380 12.800090
401372 12.801226
401369 12.802640
401364 12.802645
401353 12.806296
401340 12.809433
401319 12.809439
401267 12.809444
401233 12.809458
401182 12.809504
401167 12.827892
401156 12.828437
401155 12.830040
401139 12.830102
401130 12.830112
401129 12.830478
401117 12.830483
401106 12.830529
401102 12.830539
401049 12.830699
401046 12.830704
401036 12.830714
401015 12.835125
401009 12.835216
400978 12.837945
400975 12.843297
400953 12.846368
400951 12.849451
400939 12.856074
400935 12.865302
400920 12.865808
400916 12.865829
400905 12.865886
400884 12.865908
400860 12.865912
400854 12.868040
400850 12.868067
400846 12.869334
400832 12.869540
400823 12.869689
400785 12.870262
400743 12.870334
400737 12.870587
400735 12.870591
400700 12.876094
400674 12.876103
400665 12.876137
400638 12.876183
400623 12.876319
400620 12.876843
400595 12.877846
400585 12.877851
400526 12.878144
400507 12.878480
400500 12.879579
400489 12.879817
400451 12.919776
400432 12.919799
400428 12.919833
400421 12.919842
400414 12.920255
400316 12.920468
400290 12.921099
400280 12.921105
400272 12.921109
400253 12.921127
400235 12.921319
400233 12.921695
400145 12.921720
400136 12.921727
400135 12.921784
400075 12.921798
400071 12.921804
400031 12.921848
400024 12.922076
400023 12.922149
400000 12.922211
399991 12.923733
399980 12.923942
399978 12.924451
399977 12.924531
399955 12.924911
399952 12.924920
399902 12.928396
399886 12.928403
399868 12.932309
399866 12.932391
399862 12.935526
399850 12.935532
399813 12.935547
399810 12.936504
399807 12.936614
399805 12.937420
399797 12.937453
399761 12.937532
399750 12.937544
399748 12.937557
399747 12.937562
399730 12.937644
399727 12.937760
399686 12.937968
399677 12.937991
399653 12.938142
399627 12.938162
399133 12.938634
399132 12.938703
399124 12.939219
399120 12.939330
399072 12.939610
399060 12.939674
399034 12.939681
399015 12.939868
399010 12.948647
399001 12.948921
398995 12.949176
398985 12.949582
398977 12.955026
398973 12.955578
398968 12.955970
398942 12.955995
398941 12.959098
398925 12.959108
398882 12.959228
398877 12.959322
398856 12.959802
398840 12.959838
398830 12.959933
398802 12.960918
398792 12.960947
398722 12.961659
398718 12.976720
398711 12.977080
398706 12.977277
398694 12.991530
398690 12.991542
398612 13.005855
398522 13.025228
398514 13.025421
398512 13.025432
398510 13.029778
398491 13.030749
398479 13.030754
398468 13.030778
398465 13.031574
398460 13.031619
398221 13.031701
398215 13.031707
398138 13.031855
398131 13.042924
398114 13.042973
398082 13.042987
398080 13.049717
398076 13.049725
398068 13.050175
398035 13.054364
398024 13.054370
397881 13.054375
397844 13.054454
397824 13.054461
397823 13.097672
397814 13.097687
397801 13.107436
397795 13.108554
397762 13.109431
397751 13.109447
397737 13.109487
397736 13.110243
397731 13.112383
397721 13.117714
397694 13.120037
397689 13.121930
397643 13.124049
397635 13.126630
397577 13.132139
397570 13.132145
397473 13.132150
397458 13.132153
397455 13.134677
397393 13.134698
397388 13.136386
397377 13.139125
397367 13.139130
397366 13.139142
397300 13.140287
397291 13.140645
397288 13.141951
397282 13.142663
397279 13.142673
397220 13.161852
397203 13.161913
397195 13.162584
397192 13.163078
397185 13.164192
397166 13.164256
397071 13.164272
397025 13.164288
397019 13.198668
397013 13.198691
396997 13.198694
396951 13.198698
396915 13.207353
396879 13.207369
396874 13.208679
396850 13.211203
396795 13.213819
396781 13.213840
396777 13.213935
396695 13.213988
396638 13.215111
396615 13.229282
396533 13.229289
396507 13.229295
396506 13.231670
396498 13.232711
396449 13.233649
396422 13.233654
396361 13.233678
396344 13.233784
396331 13.235101
396320 13.237545
396317 13.237562
396303 13.237573
396301 13.240474
396295 13.241208
396294 13.241827
396286 13.258602
396279 13.258649
396248 13.258759
396242 13.260432
396237 13.261451
396229 13.261748
396195 13.263586
396155 13.269889
396104 13.269901
396076 13.272347
396060 13.272354
396042 13.272507
396014 13.272512
395988 13.272516
395977 13.272525
395960 13.272541
395957 13.272777
395954 13.273031
395939 13.273055
395934 13.273336
395920 13.273416
395886 13.273563
395851 13.273577
395846 13.274341
395842 13.276155
395840 13.276204
395837 13.276353
395835 13.276399
395812 13.276561
395807 13.276628
395802 13.276685
395801 13.276697
395796 13.282912
395776 13.283143
395772 13.285592
395747 13.294006
395746 13.297511
395724 13.300623
395703 13.918849
395666 13.918863
395655 13.918940
395574 13.918946
395572 13.918972
395570 13.918978
395560 13.918998
395559 13.919015
395558 13.921197
395556 13.922700
395491 13.922990
395482 13.923020
395468 13.923897
395361 13.923917
395351 13.924501
395347 13.924964
395325 13.925082
395321 13.925089
395312 13.925122
395308 13.925262
395288 13.925275
395274 13.925506
395269 13.925764
395268 13.926667
395264 13.926849
395251 13.960368
395231 13.960656
395221 13.960667
395218 13.961576
395211 13.961746
395205 13.965872
395180 14.053282
395176 15.281248
395173 15.281261
395170 15.527620
395165 15.617568
395157 16.176511
395135 16.321046
395108 16.321153
395106 20.863886
395098 23.311322
395093 27.308240
395092 27.309114
395089 27.558808
395086 30.381691
395076 30.629183
395060 34.935476
395035 35.132436
395026 37.380205
395017 37.380234
395003 37.380247
394992 37.380251
394983 39.581419
394979 53.927588
394941 53.927610
394936 53.927617
394930 56.763928
394920 62.555943
394916 87.641830
394905 112.111431
394857 112.111448
394852 112.111455
394843 215.687295
394822 228.355201
394813 228.355326
394812 228.355331
394781 228.360954
394779 283.971989
394779 884.172532
