27282432 0.003011
23309470 0.008334
23286556 0.008678
23267775 0.012885
23241784 0.013411
23222793 0.013986
23214563 0.017333
23164071 0.018817
23158951 0.020595
23157360 0.021085
23126576 0.022012
23121336 0.022666
23104392 0.028690
23096067 0.030252
23088731 0.030746
23076933 0.035554
23073009 0.037064
23038111 0.039384
23036952 0.039975
23029083 0.040194
23018093 0.044825
23009109 0.046904
23002159 0.047136
22997491 0.049620
22991109 0.052003
22983282 0.057530
22981977 0.058740
22978927 0.074376
22977652 0.080447
22976311 0.089068
22963172 0.094950
22961973 0.117606
