17073240 0.003582
14897817 0.011399
14892528 0.012903
14887365 0.013775
14847533 0.018157
14831024 0.020223
14827228 0.021321
14810264 0.023111
14784598 0.025603
14770723 0.026749
14663693 0.030398
14651434 0.032805
14627288 0.038265
14625994 0.039161
14621845 0.041032
14618017 0.061877
14614237 0.062442
14595903 0.064238
14595386 0.064660
14587848 0.082771
14581598 0.085025
14580026 0.089164
14579061 0.089374
14577684 0.098319
14566236 0.103989
14560765 0.113768
14545193 0.127662
14541019 0.128611
14537249 0.132350
14536070 0.144393
14534932 0.151252
14533709 0.152034
14520007 0.153628
14519703 0.163328
14516802 0.173003
14515341 0.231429
14513669 0.310765
14508505 0.379675
14506832 0.381482
14506164 0.405129
14503253 0.550246
14493864 0.560378
14492038 0.577490
14488871 1.031765
14488363 1.400053
14486921 1.407977
14486517 1.410776
14485243 1.417532
14485059 1.550008
14481165 1.647458
14480694 1.814444
