18265164 0.006873
14964418 0.012764
14963826 0.012955
14956693 0.014958
14946984 0.016670
14856493 0.022989
14855370 0.027246
14854644 0.027372
14846493 0.029071
14845759 0.035106
14844870 0.036619
14835347 0.040968
14833046 0.059355
14830242 0.072897
14830131 0.080076
14829960 0.082618
14829055 0.084534
14823991 0.087189
14822035 0.089494
14813827 0.129691
14811967 0.129817
14811841 0.142631
14790663 0.143856
14788803 0.169630
14774623 0.205244
14774340 0.220043
14772282 0.229417
14765814 0.305853
14762425 0.339661
14761733 0.365188
14761049 0.412545
14759658 0.480120
14759005 4.051849
14757757 8.941241
14755007 9.007492
14754246 15.089820
14753743 19.404653
14753560 27.339940
