32739019 0.008813
28696681 0.012571
28678561 0.013505
28659754 0.013800
28656700 0.014066
28639290 0.014691
28604814 0.016049
28590712 0.017119
28580499 0.017916
28578577 0.020717
28569534 0.021112
28564868 0.023021
28558586 0.027747
28553152 0.028459
28516000 0.030109
28496048 0.035576
28492676 0.039402
28491289 0.049961
28490158 0.053307
28489754 0.055347
28488303 0.055922
28487872 0.065477
28484274 0.067433
28481428 0.068614
28472419 0.082464
28471939 0.085536
28467940 0.094511
28465699 0.095292
28463040 0.105818
28462719 0.142566
28462491 0.142832
28461890 0.157562
28461799 0.158325
28461655 0.160440
28461046 0.160584
28461033 0.180322
28459972 0.185768
28459166 0.194697
28455349 0.204756
28453864 0.208791
28451908 0.213774
28444079 0.221909
28440255 0.226104
28431982 0.252007
28429250 0.259724
28428178 0.281698
28425776 0.299749
28425763 0.327597
28421439 0.420654
28419791 0.552557
28419043 0.552915
28413573 0.755138
28411808 0.761671
28404788 0.763442
28404368 0.786345
28402265 0.786804
28401613 0.788637
28393231 0.846948
28387057 0.895660
28386958 0.903767
28386722 0.923009
28386057 0.927004
28384162 0.928172
28381967 0.941357
28379014 0.988250
28378449 4.852735
28375907 28.021666
28374267 28.037232
28373843 53.436515
28372362 53.464118
28370308 55.928068
28369259 55.938375
28368165 55.969001
28366071 112.749478
28365750 112.797495
28364224 400.829402
