33121623 0.015421
29091471 0.032788
29079481 0.036327
29041833 0.037013
29002194 0.039447
28987585 0.041607
28971353 0.042613
28538904 0.044937
28529086 0.045182
28522063 0.045808
28510244 0.046684
28492478 0.047640
28443839 0.048326
28392886 0.048973
28390322 0.052584
28388044 0.057520
28379221 0.057798
28369871 0.059382
28369119 0.059849
28354019 0.060619
28350224 0.068959
28346207 0.072111
28343758 0.076028
28327402 0.080405
28319971 0.080960
28318436 0.081279
28312256 0.081853
28308088 0.095020
28306950 0.103699
28297181 0.111357
28293089 0.111537
28286979 0.112344
28281948 0.112954
28275480 0.114552
28265685 0.119453
28264934 0.124066
28262717 0.126154
28254058 0.127059
28252584 0.135143
28250378 0.136034
28250321 0.141863
28247651 0.170343
28234138 0.183505
28233980 0.192036
28233929 0.198360
28224396 0.210937
28216048 0.214413
28215903 0.225292
28212006 0.251290
28210878 0.257598
28210148 0.358776
28205652 0.412143
28203598 2.468764
28202097 2.493187
28196222 2.640219
28191629 2.671351
28187343 2.776715
28186250 2.785693
28184493 2.895354
28182099 2.916299
28177246 4.932479
28177102 9.970034
28176423 32.567906
28175267 63.976859
28175210 64.078866
28167817 74.308070
