11035123 0.008198
8939640 0.024163
8892772 0.027572
8891387 0.032766
8717434 0.039330
8712517 0.041377
8708512 0.045891
8702226 0.048315
8700906 0.048725
8698254 0.049207
8691393 0.055659
8687197 0.060094
8681928 0.062895
8680546 0.067353
8669745 0.094322
8632447 0.099080
8610637 0.104383
8483188 0.117418
8470067 0.124019
8465184 0.125021
8461384 0.150655
8453401 0.154160
8452883 0.158824
8451819 0.160686
8451790 0.161506
8451203 0.168081
8450502 0.169869
8449746 0.179942
8449351 0.262407
8445953 0.274050
8444318 0.283897
8443231 0.323711
8443058 0.332025
8443021 0.336406
8442599 0.352894
8441597 0.363882
8439784 0.383907
8439313 0.395100
8438345 0.406417
8438202 0.407165
8437961 0.417165
8432188 0.424100
8432148 0.430501
8431271 0.430667
8429704 0.438218
8427898 0.475369
8426045 0.476727
8425714 0.480562
8424788 0.481667
8424074 0.509532
8423568 0.518231
8423449 0.586209
8422924 0.603666
8422903 0.637209
8421377 0.641508
8420938 0.651982
8419875 0.656350
8419279 0.825763
8418625 0.861979
8416695 0.897811
8416674 0.935165
8415923 0.954546
8414048 0.968746
8412838 1.024680
8412631 1.138549
8412461 1.159861
8412405 1.284402
8412301 1.285635
8411991 1.387678
8411468 1.507947
8410232 1.512943
8408928 1.631652
8408256 1.664597
8408044 1.675877
8408034 1.946627
8407972 2.174354
8407357 2.375223
8407343 2.599140
8407290 2.643128
8407058 4.983017
8406748 5.573701
8406734 5.979336
8406565 6.134877
8406283 15.110429
8406237 27.279299
8406231 98.039031
8405447 106.504378
8405263 106.614349
8405056 106.801372
