33445451 0.006863
28677887 0.012796
28661380 0.013129
28624617 0.014466
28604356 0.015402
28536958 0.017104
28523463 0.017523
28494694 0.018022
28492077 0.018287
28488202 0.020030
28487080 0.021578
28478801 0.022809
28475768 0.027043
28469362 0.027348
28469175 0.027580
28465917 0.029900
28464935 0.031000
28454738 0.032484
28443624 0.035057
28439286 0.036795
28405167 0.040285
28400913 0.047640
28396257 0.048710
28394198 0.051171
28392831 0.052120
28386501 0.058700
28386168 0.062291
28374946 0.067973
28362927 0.075873
28349030 0.087310
28331157 0.088524
28310565 0.097464
28307377 0.100184
28307238 0.100770
28302260 0.105875
28283424 0.116590
28280651 0.120107
28278035 0.132120
28272516 0.135999
28267595 0.154335
28246513 0.158904
28245723 0.187558
28239665 0.205045
28237187 0.205290
28235233 0.243049
28235220 0.246810
28225920 0.279808
28217926 0.288539
28216606 0.298505
28215012 0.300853
28205559 0.303081
28198971 0.319395
28198488 0.326695
28198220 0.335585
28195299 0.341495
28186472 0.360020
28185876 0.376424
28180608 0.397402
28179390 0.406298
28178897 0.407931
28178718 0.429199
28171183 0.435240
28157764 0.475107
28152727 0.477431
28152424 0.495391
28151011 0.508796
28149431 0.569420
28146856 0.600194
28145681 0.601150
28145627 0.638687
28136350 0.655996
28133280 0.699333
28133060 1.198190
28132263 1.205124
28124851 1.213533
28115640 1.251442
28109597 1.257430
28109349 1.282334
28107312 1.362555
28106580 1.386193
28106459 1.401225
28103070 1.410357
28100562 1.476405
28100019 6.913063
28099285 7.110525
28094236 7.198380
28092068 7.497718
28091419 7.498376
28090520 7.537673
28087046 7.542781
28084089 7.620196
28082639 7.621700
28080974 7.628211
28080770 7.725950
28080591 7.818996
28080525 50.919097
28080416 92.481393
28080153 92.521220
28079106 92.556305
28077954 92.711804
28076444 92.726289
28075627 92.750421
28074793 92.756735
28072288 177.391994
28071707 177.394442
28071067 212.246849
28070590 330.287770
28070543 629.133005
