32684871 0.008846
28743310 0.014771
28733538 0.015674
28673206 0.017100
28662757 0.017583
28637104 0.018083
28603419 0.018501
28543957 0.019263
28511816 0.021482
28499103 0.021924
28488006 0.022364
28484146 0.022613
28482851 0.022913
28472650 0.023758
28452599 0.024924
28450631 0.026086
28442219 0.029532
28427869 0.031758
28426746 0.037493
28423078 0.042446
28416817 0.043795
28413189 0.044627
28398735 0.046430
28388832 0.061395
28383323 0.062500
28369254 0.066498
28366046 0.067078
28351735 0.073521
28346925 0.081626
28345019 0.090204
28344084 0.091339
28325842 0.092720
28325129 0.112125
28324800 0.112475
28324777 0.119992
28316755 0.128122
28312945 0.128813
28309634 0.139615
28309390 0.147530
28308553 0.161391
28308100 0.205038
28306961 0.272493
28306522 0.307098
28304585 0.311794
28299501 0.469861
28295857 0.500007
28292253 0.581836
28290319 0.630436
28289057 0.704082
28285957 0.767452
28281608 2.548587
28281059 2.559872
28277873 2.709222
28276611 2.794902
28275235 2.799589
28272470 2.801307
28271087 2.891174
28268686 3.049111
28261223 11.188318
28259289 11.310969
28258665 19.227038
28256890 40.925074
28253825 64.520563
28251033 64.532939
28248855 64.541680
28248851 64.590219
28247675 64.607997
28247579 64.615457
