33144511 0.007992
28889642 0.026871
28879481 0.027648
28871895 0.029896
28871561 0.031083
28866683 0.033416
28859373 0.034581
28850619 0.035110
28846713 0.048297
28844752 0.048928
28844478 0.050147
28809163 0.051976
28797884 0.060064
28797707 0.060386
28783350 0.060904
28746189 0.061891
28742873 0.067009
28736409 0.069748
28734265 0.070859
28733448 0.071226
28732690 0.073059
28725082 0.074398
28709064 0.078280
28703978 0.080021
28703790 0.080321
28691509 0.080519
28691391 0.082025
28689925 0.085928
28686100 0.087619
28684685 0.087822
28683951 0.099828
28678513 0.101358
28677541 0.101913
28674863 0.126528
28669682 0.143566
28666794 0.149947
28666335 0.155582
28666127 0.156756
28662689 0.171192
28658782 0.174163
28657376 0.187038
28655317 0.189633
28654133 0.194478
28653603 0.195851
28648882 0.198922
28645422 0.238222
28643438 0.267432
28640996 0.308542
28636314 0.318597
28634200 0.369731
28632227 0.454701
28627921 0.538195
28625405 0.540015
28624839 0.587949
28623737 0.642638
28623050 1.080946
28621574 1.096909
28621414 1.102752
28617772 2.269864
28614301 5.032219
28611482 5.088446
28610547 5.208139
28610355 5.239899
28607466 9.947711
28606122 13.706730
28600484 13.796578
28599839 85.858807
28597981 85.860508
28597603 86.047714
28594200 127.838481
28593703 411.509250
28592617 491.547709
28591636 491.599271
28591123 619.098909
28590534 626.867796
