33285059 0.004691
28575301 0.013784
28573950 0.013912
28567131 0.015093
28555408 0.015693
28544762 0.016464
28520474 0.017095
28518405 0.017629
28497041 0.018799
28477105 0.020923
28448894 0.022911
28430423 0.023859
28405733 0.025609
28394343 0.027979
28384279 0.034012
28377116 0.039806
28373552 0.040470
28372714 0.040844
28367272 0.057569
28365858 0.061660
28365046 0.063665
28361114 0.071514
28359486 0.074621
28358574 0.075453
28357951 0.099586
28346879 0.104593
28342650 0.111548
28340259 0.122326
28340033 0.126956
28327540 0.127133
28327265 0.132493
28324293 0.141232
28320954 0.158397
28315533 0.160319
28310921 0.186687
28307054 0.191821
28307028 0.195542
28305821 0.227745
28302679 0.230148
28301842 0.231776
28300120 0.249827
28299856 0.253702
28298902 0.257600
28287277 0.296190
28286414 0.310116
28285073 0.355761
28281720 0.402550
28277701 0.412045
28277617 0.469641
28273468 0.550350
28272085 0.558318
28271067 0.584037
28269122 0.612703
28263527 0.616014
28261175 0.623722
28257269 1.017113
28255100 1.020304
28250452 1.033179
28238083 1.039751
28235647 1.054862
28231487 1.108080
28227004 1.123799
28224961 1.176895
28224447 1.202882
28224068 1.207588
28217894 1.222673
28216760 5.270429
28215090 8.830479
28205794 8.847917
28197168 9.127473
28196578 9.162239
28191035 17.223074
