7366384 0.002601
6581652 0.014885
6577089 0.015986
6574999 0.017270
6573545 0.019141
6564923 0.019902
6563899 0.022558
6560906 0.024247
6557081 0.026918
6553095 0.029838
6553054 0.030369
6551807 0.031054
6547863 0.031948
6546442 0.034499
6542255 0.037566
6542210 0.038405
6539018 0.039091
6537355 0.041092
6536401 0.051824
6535659 0.052333
6525412 0.054018
6524901 0.058607
6524158 0.059347
6521937 0.059517
6521634 0.061757
6521127 0.062502
6520889 0.062776
6520617 0.075269
6520611 0.075516
6520476 0.083119
6518731 0.094007
6518588 0.095906
6518364 0.100782
6517410 0.105050
6516470 0.107342
6514534 0.110557
6514040 0.124366
6513419 0.129765
6513156 0.137654
6512461 0.140744
6509440 0.141180
6509316 0.143137
6509309 0.155763
6508960 0.157963
6508853 0.184352
6508727 0.208235
6508131 0.239166
6506531 0.272152
6506424 0.287951
6506395 0.327707
6505994 0.373769
6505961 0.381337
6505458 0.397906
6504351 0.415280
6504206 0.457299
6503787 0.465112
6503436 0.496228
6503424 0.637013
6503420 0.668323
6502326 0.891297
6501971 0.898692
6501550 0.906026
6501483 0.922517
6500650 0.932263
6500401 0.942636
6500394 0.976102
6499763 2.661529
6499508 2.883025
6499436 2.891970
6499347 3.068205
6498758 3.110054
6498351 3.193683
6498039 3.319020
6497799 7.497937
6497727 7.587931
6497684 8.614937
6497544 8.618376
6497449 8.672650
6496058 8.756079
6495844 8.778834
6495769 8.818340
6495602 8.867061
6494983 8.886866
6494849 8.897093
6494528 8.917547
6494462 8.935499
6493853 9.173042
6493666 79.664995
6493561 147.605788
6493304 147.785303
6493185 147.916648
6493176 229.404169
