25451202 0.006192
21711156 0.028317
21612457 0.033896
21609796 0.045677
21604248 0.048661
21574361 0.052774
21571316 0.057278
21563783 0.072308
21542109 0.078454
21533353 0.079443
21525583 0.082531
21523370 0.086792
21492396 0.090454
21491603 0.094130
21487203 0.094993
21483182 0.095896
21482262 0.097242
21481747 0.098332
21455369 0.103444
21454483 0.107407
21451515 0.108735
21447708 0.110546
21439099 0.115350
21431094 0.138249
21418346 0.140827
21406887 0.146233
21406624 0.149674
21372434 0.157067
21265619 0.160479
21265449 0.169830
21257091 0.176720
21257053 0.182632
21251696 0.188997
21245737 0.197574
21242094 0.204794
21241681 0.205814
21232625 0.211571
21231305 0.213615
21227488 0.228306
21214589 0.231960
21099210 0.236004
21003716 0.239336
21003657 0.239584
20996889 0.246095
20996264 0.248528
20991377 0.252039
20984028 0.255510
20977867 0.265002
20956201 0.269533
20951416 0.273718
20948816 0.277247
20931995 0.282351
20931238 0.283560
20924981 0.284594
20915359 0.299396
20895317 0.304992
20856467 0.307450
20852757 0.314481
20844173 0.320645
20843514 0.328444
20843349 0.336555
20840821 0.350917
20840097 0.352899
20833861 0.355714
20831321 0.357199
20824161 0.363626
20818572 0.364784
20818006 0.382440
20816844 0.394162
20813554 0.395057
20795274 0.408591
20790973 0.430325
20784999 0.434823
20782868 0.437923
20781860 0.450933
20781621 0.463065
20781560 0.464620
20781528 0.464986
20777942 0.540116
20777147 0.551919
20771863 0.558636
20768178 0.572547
20765068 0.593403
20764869 0.605751
20763380 0.609266
20761928 0.628872
20761494 0.670500
20757658 0.727355
20757536 0.919921
20756110 1.140931
20743874 1.694625
20741840 2.099815
20741674 17.818112
20741261 18.005341
20739216 18.100706
20737398 18.776343
20736814 84.116954
