38521677 0.005920
32993091 0.015157
32993046 0.016429
32982425 0.020657
32980286 0.021581
32945601 0.022565
32912520 0.022982
32904228 0.023171
32904161 0.023406
32874089 0.024306
32866597 0.027838
32861681 0.028170
32837651 0.028669
32824533 0.029167
32820573 0.029797
32793516 0.033222
32788942 0.037167
32782177 0.038503
32779687 0.038887
32778236 0.039543
32778079 0.043284
32773337 0.044189
32771733 0.044831
32759015 0.047545
32757116 0.048729
32750784 0.049093
32742237 0.049265
32732224 0.053030
32728021 0.055676
32724966 0.056319
32699903 0.066596
32691373 0.067130
32687768 0.067834
32683908 0.070221
32679537 0.074050
32678002 0.076367
32677847 0.076681
32674189 0.081681
32668757 0.086435
32663870 0.089844
32662631 0.102124
32654247 0.108372
32651728 0.111274
32649863 0.141881
32633784 0.142806
32630538 0.144488
32630174 0.154684
32629747 0.161074
32619656 0.162790
32610989 0.169003
32606757 0.173785
32597436 0.177618
32585495 0.184210
32583653 0.185845
32581954 0.190126
32579902 0.190239
32578660 0.195877
32577785 0.216812
32564980 0.262693
32563056 0.264009
32562841 0.269540
32559398 0.286167
32557533 0.288239
32556570 0.357057
32555953 0.478856
32552831 0.495954
32551647 0.508414
32545531 0.510459
32538515 0.512422
32537886 0.529150
32535337 0.534205
32531417 0.565044
32522938 0.683043
32522505 0.696436
32520822 0.790260
32515202 6.060265
32513446 6.087763
32513107 6.092009
32510597 6.106791
32508985 14.187427
32507691 14.191129
32505778 14.203624
32504844 14.217727
32502979 14.219254
32502840 14.220746
32501857 14.311701
32495213 14.632833
32492402 14.703536
32488341 32.978322
32487008 33.042047
32486573 33.053172
32483262 33.083015
32482923 33.084786
32481388 33.111371
32480492 33.112762
32479289 55.848086
32477894 210.067525
32477650 348.346411
32476909 348.351878
32476849 348.372798
32475211 520.108471
32474837 520.116304
