37604946 0.006350
33179222 0.015219
33162129 0.015891
33149087 0.017641
33135050 0.019183
33097470 0.020353
33071870 0.021465
33065306 0.022001
32984766 0.022365
32963208 0.023175
32955926 0.024097
32955251 0.024918
32948034 0.025880
32947474 0.026880
32945600 0.027576
32904018 0.028635
32903236 0.029097
32900545 0.033895
32886268 0.034267
32875363 0.035133
32874059 0.037850
32872561 0.040767
32853253 0.044493
32850045 0.046280
32837804 0.046470
32821134 0.047452
32817728 0.049469
32817678 0.060695
32814046 0.064114
32800936 0.071346
32798000 0.072954
32792874 0.086446
32792239 0.086920
32789151 0.089677
32779349 0.091943
32770088 0.094302
32768792 0.101452
32767770 0.104981
32764072 0.105244
32757526 0.105481
32757258 0.108248
32738204 0.112222
32738038 0.113458
32734610 0.116203
32734550 0.126256
32731229 0.128953
32714527 0.129482
32711211 0.130430
32710094 0.130868
32707740 0.131390
32697178 0.131803
32693452 0.142635
32691619 0.142899
32685953 0.154017
32683388 0.163055
32682879 0.167396
32679329 0.169198
32678025 0.184896
32670339 0.192417
32664972 0.198509
32658732 0.211951
32656483 0.218432
32655532 0.225542
32649991 0.227603
32648475 0.230653
32646703 0.312900
32646220 0.353459
32644868 0.359408
32642435 0.362160
32634833 0.455325
32634484 0.456763
32631070 0.468843
32630697 0.517217
32630336 2.855120
32629126 2.880123
32627748 2.899957
32622881 2.944573
32617254 3.504235
32616949 3.841078
32615714 3.869923
32614932 3.879786
32613778 3.897502
32612760 3.916721
32612306 3.985895
32609097 4.010249
32608647 5.845656
32607757 5.972048
32605679 15.351019
32600343 15.362806
32599854 15.370849
32599318 15.381584
32597065 15.388301
32594865 15.563359
32594239 15.606202
32593695 15.614820
32587577 15.687418
32586530 40.677891
32586396 40.697334
32586187 62.487704
32581361 62.818359
32579589 62.829402
32574484 263.880783
32571602 263.993286
