186105 0.141625
163957 0.312602
163953 0.312989
163945 0.314769
163941 0.315237
163928 0.316252
163893 0.318380
163892 0.320138
163891 0.320522
163890 0.320889
163880 0.321512
163854 0.321932
163849 0.322614
163841 0.324498
163840 0.324830
163834 0.325292
163828 0.327567
163820 0.328790
163819 0.329151
163818 0.329445
163816 0.329565
163809 0.330018
163808 0.330170
163796 0.330698
163795 0.331341
163790 0.331610
163789 0.331797
163785 0.331928
163773 0.333106
163770 0.333730
163764 0.335750
163754 0.336103
163753 0.336851
163746 0.337288
163735 0.337710
163732 0.337957
163729 0.338110
163714 0.338598
163705 0.339020
163699 0.339293
163691 0.345375
163690 0.348880
163686 0.349448
163684 0.349601
163670 0.350516
163669 0.351608
163668 0.351773
163660 0.351963
163650 0.352331
163647 0.352950
163643 0.353293
163640 0.353748
163639 0.354612
163636 0.354837
163631 0.355133
163629 0.355356
163616 0.356978
163607 0.357244
163605 0.357440
163598 0.357863
163596 0.358349
163593 0.358794
163587 0.360022
163582 0.361374
163580 0.362186
163579 0.362326
163574 0.362950
163563 0.363718
163554 0.364458
163550 0.365581
163540 0.365911
163539 0.366083
163533 0.366419
163530 0.367000
163529 0.367189
163528 0.367378
163526 0.368258
163521 0.370053
163519 0.370954
163507 0.373103
163505 0.375044
163501 0.377991
163495 0.379438
163486 0.379744
163468 0.380104
163449 0.380975
163444 0.381273
163443 0.381522
163432 0.382015
163416 0.383344
163389 0.383831
163379 0.384887
163367 0.385920
163365 0.386311
163364 0.386885
163363 0.387360
163336 0.388097
163334 0.388275
163333 0.389652
163329 0.391275
163328 0.391498
163324 0.393295
163323 0.393629
163318 0.394714
163298 0.396581
163281 0.398378
163269 0.400698
163261 0.400937
163258 0.401201
163256 0.401390
163254 0.402185
163249 0.402817
163247 0.404216
163240 0.404805
163234 0.405132
163208 0.406178
163200 0.407674
163193 0.408399
163192 0.412231
163183 0.413770
163177 0.414113
163176 0.414933
163173 0.415417
163171 0.416989
163168 0.418100
163167 0.418335
163154 0.419029
163152 0.419620
163151 0.419837
163136 0.422149
163131 0.422355
163124 0.423833
163119 0.425118
163116 0.427252
163106 0.428408
163098 0.429450
163095 0.429870
163093 0.432166
163075 0.432767
163071 0.433178
163066 0.434210
163062 0.434421
163053 0.436490
163050 0.436749
163046 0.438647
163036 0.439571
163028 0.441427
163027 0.441731
163022 0.442523
163021 0.442802
163020 0.443179
163019 0.444586
163013 0.445841
163011 0.446818
163009 0.447321
162999 0.450372
162998 0.451707
162990 0.453586
162986 0.456114
162984 0.456258
162982 0.456437
162979 0.456686
162974 0.460211
162972 0.460962
162967 0.461414
162953 0.464640
162946 0.465997
162945 0.467589
162944 0.468036
162940 0.470821
162939 0.471706
162934 0.472402
162933 0.473996
162928 0.474237
162921 0.474492
162914 0.475382
162912 0.477184
162905 0.478487
162903 0.478692
162900 0.479825
162899 0.481947
162883 0.482629
162882 0.482935
162876 0.484506
162869 0.485197
162866 0.486097
162864 0.486243
162863 0.486574
162860 0.487349
162845 0.487921
162841 0.488389
162829 0.489708
162825 0.490545
162824 0.493811
162821 0.494803
162816 0.495134
162814 0.498196
162813 0.498383
162812 0.499473
162811 0.500586
162808 0.504360
162804 0.507121
162803 0.508511
162801 0.510258
162798 0.511751
162782 0.512100
162779 0.514440
162771 0.519257
162756 0.520704
162751 0.526231
162747 0.526774
162746 0.527167
162742 0.527722
162732 0.529390
162728 0.529733
162721 0.530199
162699 0.530703
162692 0.531264
162690 0.532061
162687 0.532589
162684 0.534150
162683 0.534780
162681 0.536131
162674 0.536549
162673 0.537034
162671 0.537275
162670 0.537475
162668 0.538422
162657 0.539588
162637 0.540360
162630 0.540538
162608 0.541921
162606 0.542582
162605 0.542894
162602 0.543297
162601 0.544942
162583 0.545911
162572 0.547740
162571 0.548283
162568 0.551318
162562 0.554276
162555 0.556012
162554 0.556666
162553 0.559123
162550 0.559558
162547 0.559906
162532 0.560437
162526 0.562216
162523 0.563784
162522 0.564754
162515 0.565197
162508 0.567615
162504 0.568963
162497 0.569296
162485 0.569565
162480 0.570148
162477 0.573750
162475 0.574076
162474 0.575041
162472 0.580388
162438 0.581452
162432 0.582864
162428 0.584112
162426 0.585583
162416 0.586072
162415 0.586854
162414 0.587210
162413 0.588724
162411 0.589201
162409 0.589603
162407 0.591398
162406 0.593523
162404 0.595401
162401 0.597890
162397 0.598712
162395 0.600281
162391 0.601808
162384 0.602009
162383 0.602635
162381 0.604461
162378 0.607205
162377 0.607943
162375 0.608537
162374 0.609955
162368 0.611614
162366 0.614144
162364 0.615785
162320 0.616928
162315 0.617737
162314 0.618297
162312 0.618699
162304 0.620076
162303 0.620613
162298 0.623704
162293 0.628072
162289 0.629474
162288 0.629939
162287 0.632251
162285 0.634338
162272 0.635271
162266 0.638121
162255 0.639241
162236 0.640252
162234 0.640908
162233 0.641425
162231 0.642344
162229 0.642816
162226 0.643346
162220 0.643710
162219 0.646650
162218 0.647051
162201 0.648160
162199 0.648813
162196 0.649671
162192 0.649918
162183 0.651030
162170 0.653260
162154 0.654091
162150 0.654816
162149 0.655315
162148 0.657650
162140 0.659379
162137 0.659640
162132 0.660147
162131 0.661864
162104 0.664862
162100 0.670033
162095 0.670394
162094 0.671887
162080 0.675157
162068 0.677538
162066 0.678648
162065 0.681264
162060 0.682899
162058 0.683453
162057 0.684552
162051 0.684807
162047 0.686232
162043 0.687561
162015 0.687999
162012 0.688932
162007 0.691471
161999 0.692413
161998 0.693364
161997 0.694680
161996 0.696681
161993 0.698177
161990 0.699210
161989 0.703874
161979 0.704112
161976 0.704247
161967 0.706018
161966 0.706679
161963 0.707046
161960 0.710187
161951 0.712323
161950 0.713254
161948 0.714513
161946 0.718205
161939 0.718918
161938 0.721502
161932 0.722069
161926 0.724029
161924 0.724945
161922 0.725406
161920 0.725634
161918 0.725834
161917 0.726166
161914 0.727065
161911 0.727367
161909 0.727569
161908 0.728374
161901 0.728691
161895 0.728847
161891 0.729886
161890 0.730243
161887 0.731661
161885 0.733691
161884 0.734581
161882 0.736918
161880 0.737257
161879 0.739140
161875 0.739786
161869 0.740894
161868 0.743492
161864 0.748308
161861 0.748645
161860 0.752643
161859 0.753327
161856 0.753810
161849 0.757517
161847 0.759139
161842 0.759452
161838 0.759944
161837 0.760340
161835 0.760603
161831 0.761211
161829 0.762770
161824 0.763274
161823 0.763712
161819 0.765925
161817 0.766116
161815 0.766923
161814 0.767619
161809 0.769233
161803 0.770651
161801 0.771595
161793 0.773784
161792 0.774403
161788 0.774681
161778 0.776768
161775 0.777532
161774 0.777662
161773 0.777927
161772 0.778276
161771 0.779435
161768 0.780258
161767 0.782785
161766 0.783061
161765 0.783573
161764 0.784812
161761 0.787427
161759 0.791547
161755 0.792598
161740 0.793066
161739 0.793801
161733 0.796282
161730 0.797843
161728 0.798287
161720 0.798869
161719 0.807122
161718 0.807279
161713 0.807634
161699 0.808681
161698 0.809011
161696 0.810646
161695 0.812815
161694 0.813968
161692 0.814209
161690 0.814341
161676 0.814994
161655 0.815648
161650 0.817153
161649 0.817757
161647 0.818680
161643 0.819043
161641 0.819450
161637 0.821245
161629 0.821703
161626 0.822584
161622 0.826335
161617 0.829858
161615 0.831072
161611 0.831919
161610 0.833587
161607 0.834108
161606 0.834377
161605 0.834632
161603 0.835111
161600 0.835657
161597 0.837509
161596 0.839018
161594 0.841804
161592 0.841985
161584 0.843865
161581 0.844850
161574 0.845603
161572 0.848897
161562 0.849290
161561 0.850370
161558 0.853169
161557 0.855082
161555 0.856234
161553 0.861075
161552 0.862282
161546 0.867144
161545 0.869780
161544 0.870778
161533 0.873595
161532 0.874893
161531 0.875487
161530 0.878118
161529 0.878407
161519 0.879180
161516 0.880585
161513 0.880969
161499 0.882129
161498 0.883157
161494 0.885099
161493 0.885885
161492 0.886138
161490 0.886319
161488 0.886567
161484 0.886880
161481 0.888868
161480 0.890201
161478 0.891044
161474 0.891508
161472 0.892833
161469 0.893496
161467 0.894749
161465 0.896115
161462 0.898940
161461 0.899663
161458 0.900249
161451 0.901869
161447 0.904878
161446 0.905478
161444 0.906117
161441 0.906247
161440 0.906979
161438 0.909412
161437 0.916977
161433 0.920521
161430 0.920760
161428 0.923199
161425 0.924715
161424 0.925400
161417 0.925627
161415 0.925888
161414 0.926904
161401 0.927873
161400 0.928140
161399 0.928881
161394 0.930576
161392 0.930843
161390 0.931296
161387 0.932338
161385 0.933178
161380 0.933489
161377 0.935312
161374 0.935514
161372 0.936164
161371 0.936729
161370 0.938374
161368 0.939074
161359 0.940597
161355 0.941212
161354 0.941679
161353 0.941752
161347 0.943999
161339 0.947847
161338 0.951569
161336 0.961069
161335 0.963263
161332 0.967105
161331 0.969046
161330 0.973441
161329 0.973671
161326 0.973990
161323 0.974860
161319 0.978177
161317 0.983456
161314 0.984594
161313 0.986570
161309 0.986860
161308 0.987580
161307 0.988656
161306 0.990753
161304 0.990913
161301 0.995377
161300 0.995910
161294 0.997559
161293 0.997721
161292 1.000102
161288 1.000341
161286 1.000564
161282 1.003629
161279 1.004722
161278 1.005735
161277 1.006805
161269 1.008163
161267 1.009605
161265 1.010847
161264 1.011024
161263 1.011927
161254 1.012785
161250 1.017273
161248 1.017547
161247 1.017798
161246 1.018869
161245 1.019979
161242 1.020993
161241 1.026792
161239 1.027125
161236 1.030567
161235 1.038355
161234 1.041144
161231 1.045997
161230 1.056423
161228 1.058687
161220 1.059882
161213 1.062732
161208 1.063200
161207 1.063676
161206 1.068664
161204 1.075876
161199 1.077090
161197 1.078393
161196 1.081148
161192 1.081295
161191 1.082669
161187 1.085237
161184 1.085839
161180 1.088187
161176 1.092095
161172 1.093589
161171 1.094307
161170 1.095588
161168 1.096853
161167 1.097001
161166 1.097717
161165 1.097906
161163 1.101228
161162 1.101696
161161 1.105110
161160 1.105296
161158 1.105503
161149 1.105903
161147 1.107744
161144 1.110335
161143 1.112429
161141 1.112707
161140 1.113361
161133 1.114356
161130 1.115531
161128 1.118625
161127 1.119501
161125 1.123361
161124 1.129305
161104 1.129850
161098 1.130222
161096 1.131857
161094 1.133011
161090 1.133170
161088 1.134579
161086 1.135661
161085 1.138400
161081 1.138744
161077 1.139382
161076 1.145476
161074 1.145958
161073 1.147480
161072 1.150952
161070 1.154272
161069 1.154400
161067 1.158738
161062 1.159988
161061 1.161419
161060 1.161903
161059 1.162059
161058 1.162279
161053 1.162508
161052 1.162779
161046 1.163749
161035 1.176759
161027 1.181528
161023 1.182957
161021 1.183212
161020 1.183548
161019 1.193197
161016 1.203783
161015 1.207073
161011 1.210583
161010 1.212277
161009 1.214934
161007 1.216925
161000 1.218360
160994 1.219654
160992 1.221890
160991 1.224368
160988 1.225532
160983 1.226538
160978 1.227419
160971 1.228176
160970 1.232825
160969 1.234976
160968 1.235780
160966 1.237715
160961 1.240507
160960 1.243962
160955 1.246616
160953 1.248002
160952 1.252069
160951 1.253511
160950 1.257359
160947 1.257901
160946 1.260364
160942 1.260573
160935 1.260907
160934 1.262848
160933 1.263096
160932 1.266577
160928 1.268975
160926 1.269351
160923 1.270456
160922 1.271964
160917 1.273239
160916 1.275957
160915 1.277371
160913 1.279975
160909 1.282006
160908 1.283587
160907 1.284413
160906 1.285731
160905 1.285881
160904 1.286020
160899 1.288322
160897 1.292818
160885 1.296278
160881 1.296523
160871 1.298688
160869 1.300506
160867 1.305845
160865 1.308088
160863 1.308349
160862 1.308579
160860 1.309546
160854 1.310649
160852 1.312260
160851 1.312734
160850 1.316904
160848 1.317579
160844 1.318899
160842 1.320433
160841 1.321779
160840 1.327004
160838 1.328304
160836 1.328524
160832 1.335380
160830 1.339548
160822 1.340075
160821 1.341160
160820 1.341491
160819 1.342070
160818 1.344139
160816 1.344306
160815 1.347160
160813 1.348405
160811 1.350127
160810 1.350855
160809 1.351211
160807 1.354011
160806 1.357047
160805 1.360393
160803 1.362224
160802 1.364078
160801 1.365328
160799 1.366046
160798 1.367897
160797 1.368549
160794 1.368883
160793 1.369856
160792 1.370075
160788 1.373590
160785 1.375545
160784 1.376189
160778 1.377736
160777 1.377936
160775 1.378197
160772 1.379986
160764 1.380693
160761 1.387518
160759 1.392882
160757 1.392984
160756 1.395802
160754 1.397808
160743 1.399421
160739 1.399636
160738 1.400064
160736 1.402167
160735 1.403224
160734 1.404659
160733 1.405666
160732 1.408528
160730 1.411506
160725 1.414514
160722 1.415615
160710 1.416151
160707 1.416454
160703 1.420108
160702 1.422207
160701 1.425930
160699 1.430768
160697 1.431963
160694 1.435311
160692 1.436306
160691 1.441252
160690 1.443648
160689 1.445755
160685 1.448512
160683 1.450950
160682 1.452422
160677 1.452732
160676 1.454066
160675 1.459154
160658 1.460209
160656 1.461800
160653 1.464291
160652 1.465148
160651 1.467189
160648 1.469542
160645 1.470252
160640 1.473014
160639 1.473976
160638 1.480160
160637 1.480294
160636 1.481938
160634 1.485720
160633 1.486734
160631 1.497111
160630 1.497996
160629 1.501304
160616 1.502485
160614 1.504316
160613 1.506371
160608 1.508335
160606 1.508523
160605 1.509079
160602 1.511364
160601 1.513752
160600 1.514435
160597 1.517329
160596 1.520930
160595 1.521677
160592 1.523444
160585 1.523798
160584 1.524513
160581 1.526465
160576 1.528034
160575 1.531449
160570 1.531870
160569 1.534227
160568 1.544625
160564 1.547124
160563 1.549666
160562 1.553313
160561 1.554480
160560 1.560170
160558 1.563312
160557 1.565354
160555 1.566063
160554 1.568324
160553 1.569842
160551 1.571873
160550 1.574548
160548 1.574967
160547 1.575693
160546 1.585980
160545 1.594345
160544 1.597179
160543 1.597865
160542 1.598184
160541 1.600087
160536 1.603216
160534 1.603916
160531 1.607955
160529 1.610331
160527 1.611264
160526 1.612553
160525 1.619090
160524 1.619722
160521 1.621730
160520 1.625122
160517 1.625783
160515 1.632937
160513 1.633202
160512 1.633368
160509 1.640520
160505 1.641588
160502 1.641947
160501 1.643184
160496 1.645271
160493 1.648213
160492 1.648487
160488 1.649306
160487 1.652797
160486 1.653006
160485 1.656534
160484 1.658760
160479 1.667753
160478 1.670970
160477 1.677221
160476 1.678227
160469 1.686054
160459 1.686871
160454 1.688077
160452 1.689438
160451 1.700699
160447 1.702185
160446 1.708496
160444 1.710144
160443 1.710371
160437 1.712202
160435 1.713048
160434 1.713973
160433 1.715445
160432 1.716078
160427 1.716282
160426 1.717014
160424 1.717914
160420 1.718166
160416 1.728358
160411 1.728548
160410 1.729182
160409 1.731341
160406 1.735407
160404 1.735567
160403 1.739557
160400 1.743520
160398 1.753439
160396 1.753886
160395 1.755096
160394 1.755726
160393 1.755898
160392 1.758536
160391 1.759517
160390 1.765176
160389 1.768645
160388 1.773233
160387 1.774605
160386 1.774790
160385 1.778245
160383 1.779290
160381 1.779538
160379 1.779918
160377 1.781115
160375 1.784447
160374 1.786945
160371 1.791813
160370 1.793907
160369 1.794330
160368 1.795299
160367 1.798028
160366 1.798255
160365 1.804302
160364 1.804680
160363 1.810438
160361 1.813222
160360 1.813417
160359 1.818059
160348 1.822460
160347 1.823685
160344 1.824941
160343 1.825781
160340 1.826994
160329 1.829236
160327 1.830290
160326 1.831047
160325 1.831272
160323 1.834318
160320 1.844046
160318 1.848864
160313 1.850687
160312 1.854008
160311 1.857471
160309 1.861942
160308 1.864098
160307 1.870792
160299 1.873845
160298 1.874949
160296 1.875783
160295 1.883865
160294 1.885905
160293 1.886223
160292 1.891988
160287 1.893981
160285 1.894799
160283 1.898377
160281 1.899992
160279 1.900440
160278 1.901396
160277 1.903324
160275 1.907594
160274 1.908539
160269 1.911838
160268 1.916753
160266 1.921058
160263 1.922160
160260 1.925643
160258 1.927247
160255 1.928883
160254 1.929684
160253 1.930081
160252 1.931397
160251 1.933454
160248 1.933610
160247 1.936103
160246 1.942626
160244 1.943892
160242 1.947385
160240 1.961205
160238 1.961668
160237 1.985593
160236 1.987338
160235 1.989708
160231 1.990967
160230 1.993693
160229 1.993909
160228 1.999237
160225 2.006281
160224 2.007618
160219 2.015758
160218 2.020026
160214 2.021393
160213 2.022312
160210 2.031193
160209 2.033101
160204 2.044340
160203 2.045758
160200 2.049594
160199 2.051140
160198 2.055163
160194 2.059588
160193 2.060801
160189 2.061447
160186 2.063821
160185 2.063981
160179 2.064213
160177 2.065252
160176 2.067146
160175 2.067867
160174 2.068931
160173 2.073550
160171 2.074593
160170 2.077476
160169 2.079533
160166 2.084636
160165 2.085307
160163 2.089732
160162 2.092643
160158 2.093410
160157 2.098092
160156 2.101155
160155 2.103439
160154 2.105668
160152 2.112045
160151 2.112695
160150 2.113417
160149 2.115737
160148 2.115926
160147 2.116157
160145 2.128875
160144 2.134855
160143 2.138668
160131 2.144089
160128 2.146953
160127 2.153905
160126 2.156683
160116 2.162927
160115 2.168257
160113 2.181303
160111 2.182103
160110 2.189564
160109 2.195388
160107 2.197660
160100 2.205280
160099 2.205750
160098 2.208789
160097 2.208895
160096 2.209614
160094 2.212027
160090 2.212181
160088 2.220112
160087 2.221807
160086 2.235133
160085 2.237946
160084 2.238163
160080 2.247881
160078 2.249724
160077 2.254433
160076 2.264277
160075 2.273664
160074 2.277023
160072 2.277493
160070 2.290407
160069 2.293402
160067 2.300432
160061 2.308213
160060 2.309796
160059 2.312404
160058 2.316837
160036 2.322226
160034 2.323425
160032 2.326446
160030 2.333621
160029 2.336999
160028 2.349638
160021 2.350050
160019 2.352391
160018 2.356089
160015 2.358547
160013 2.364497
160012 2.364803
160008 2.369978
160006 2.370716
160004 2.375668
160003 2.377179
160002 2.386177
160001 2.387623
160000 2.388959
159999 2.393355
159998 2.403614
159997 2.404460
159996 2.420990
159995 2.422912
159994 2.423357
159993 2.436519
159992 2.438005
159990 2.445860
159988 2.447339
159985 2.460803
159984 2.461505
159980 2.461956
159979 2.463342
159978 2.465054
159975 2.465860
159974 2.470620
159972 2.471712
159971 2.481246
159970 2.484292
159969 2.486339
159968 2.488729
159965 2.491620
159961 2.492545
159960 2.501681
159959 2.502122
159958 2.503192
159957 2.511731
159954 2.513731
159953 2.516287
159952 2.517805
159951 2.518017
159949 2.520011
159948 2.522042
159947 2.527041
159946 2.529127
159945 2.534514
159941 2.535379
159940 2.542258
159938 2.544767
159937 2.546139
159935 2.549946
159934 2.550115
159933 2.551154
159932 2.552625
159931 2.554335
159930 2.559959
159927 2.566836
159924 2.569197
159923 2.569355
159922 2.578618
159919 2.585390
159917 2.589543
159914 2.595891
159913 2.598741
159910 2.600157
159907 2.612293
159906 2.628160
159900 2.630694
159895 2.630821
159894 2.639729
159893 2.640037
159890 2.645363
159888 2.653503
159887 2.654000
159886 2.654446
159881 2.661089
159876 2.662540
159872 2.663505
159870 2.664710
159869 2.669047
159865 2.674130
159864 2.681934
159863 2.683767
159861 2.684867
159860 2.692440
159858 2.694991
159854 2.704211
159853 2.716503
159851 2.720741
159850 2.722186
159847 2.722608
159846 2.723233
159845 2.724316
159844 2.739153
159843 2.748411
159836 2.750789
159835 2.786158
159833 2.791475
159832 2.803105
159831 2.804018
159829 2.812371
159828 2.818415
159827 2.819195
159826 2.838819
159825 2.845920
159824 2.847709
159822 2.853826
159820 2.858293
159819 2.859867
159818 2.870087
159810 2.877335
159807 2.878686
159806 2.882170
159805 2.887243
159803 2.888111
159802 2.890758
159801 2.891914
159800 2.893988
159797 2.897818
159795 2.905332
159792 2.908570
159791 2.914017
159790 2.926416
159785 2.933546
159781 2.936768
159780 2.940925
159778 2.943033
159777 2.949701
159774 2.960536
159772 2.966857
159771 2.973709
159770 2.978004
159769 2.984543
159768 2.991265
159767 2.991988
159765 2.992121
159764 3.022649
159763 3.033852
159762 3.044922
159758 3.049135
159757 3.055736
159751 3.067939
159749 3.069418
159747 3.071421
159746 3.079905
159745 3.085657
159744 3.095866
159740 3.098536
159738 3.099182
159736 3.111097
159735 3.121565
159731 3.128955
159729 3.129185
159728 3.131584
159723 3.134019
159722 3.134372
159721 3.138923
159717 3.160460
159716 3.168174
159715 3.174150
159711 3.177428
159710 3.178891
159709 3.180253
159707 3.181648
159705 3.183431
159703 3.184382
159701 3.186058
159699 3.186833
159693 3.188649
159692 3.190990
159690 3.193670
159689 3.196024
159686 3.207150
159683 3.211773
159682 3.214019
159681 3.214175
159680 3.219185
159678 3.219553
159676 3.221697
159674 3.237349
159668 3.239496
159666 3.244562
159664 3.246504
159661 3.252837
159659 3.259584
159658 3.266612
159657 3.289347
159656 3.298450
159655 3.299365
159653 3.303906
159652 3.305578
159651 3.314765
159650 3.317726
159649 3.326384
159648 3.327316
159646 3.331797
159644 3.338205
159643 3.352309
159642 3.353473
159641 3.357624
159640 3.364164
159638 3.380305
159635 3.380933
159634 3.381336
159633 3.387106
159630 3.389604
159629 3.401150
159623 3.408163
159622 3.431123
159619 3.434463
159618 3.439706
159616 3.440293
159615 3.459314
159613 3.464650
159612 3.471086
159611 3.479464
159608 3.479622
159607 3.485674
159605 3.486617
159604 3.487537
159603 3.488017
159602 3.488278
159601 3.489065
159600 3.492299
159594 3.492505
159593 3.499122
159591 3.504728
159590 3.507270
159589 3.512120
159587 3.520483
159586 3.522437
159585 3.523533
159584 3.526508
159583 3.531111
159582 3.537376
159581 3.562761
159579 3.576656
159577 3.577529
159576 3.591413
159575 3.598181
159574 3.599906
159573 3.616379
159572 3.617726
159571 3.631904
159570 3.642080
159569 3.685984
159568 3.691193
159566 3.729261
159565 3.730240
159564 3.733278
159563 3.748549
159562 3.767819
159561 3.778253
159560 3.787080
159557 3.792715
159555 3.811731
159554 3.816423
159551 3.830047
159550 3.830523
159549 3.839752
159548 3.860176
159547 3.868332
159546 3.895253
159545 3.918291
159544 3.919557
159542 3.922488
159541 3.925652
159540 3.929876
159539 3.947370
159538 3.960830
159537 3.965382
159536 3.982836
159535 4.000179
159534 4.005936
159531 4.024110
159530 4.025721
159529 4.032365
159528 4.036070
159527 4.042628
159526 4.070493
159520 4.073644
159515 4.086890
159513 4.098938
159512 4.119544
159510 4.135462
159509 4.153049
159508 4.162088
159507 4.167996
159506 4.173672
159505 4.183261
159504 4.214070
159503 4.219195
159500 4.220899
159499 4.234148
159496 4.245366
159494 4.252378
159493 4.267252
159492 4.267661
159490 4.291212
159489 4.297363
159488 4.332088
159487 4.339209
159486 4.362704
159485 4.399432
159484 4.402101
159482 4.402352
159481 4.405762
159479 4.407517
159477 4.412094
159470 4.413912
159468 4.428701
159467 4.444851
159466 4.450667
159465 4.462468
159464 4.484038
159463 4.484450
159461 4.486390
159460 4.487872
159458 4.488559
159456 4.491502
159455 4.521883
159454 4.537013
159453 4.546898
159451 4.554858
159450 4.567819
159449 4.576198
159448 4.585452
159443 4.594738
159442 4.595184
159441 4.624508
159440 4.658537
159439 4.663352
159438 4.668334
159430 4.676395
159428 4.694480
159426 4.709890
159424 4.713548
159423 4.727054
159422 4.738654
159420 4.760005
159419 4.762790
159415 4.765917
159414 4.769328
159413 4.769917
159407 4.773655
159406 4.778055
159405 4.784250
159404 4.803578
159403 4.813934
159401 4.833693
159400 4.849495
159399 4.857153
159398 4.871271
159396 4.874446
159395 4.884042
159394 4.888264
159393 4.902793
159392 4.906183
159391 4.924489
159390 4.927981
159389 4.931317
159388 4.933908
159387 4.934731
159386 4.936245
159385 4.963566
159384 4.970420
159382 4.981122
159381 4.983730
159380 4.989975
159379 5.004858
159375 5.054004
159368 5.056886
159367 5.062073
159366 5.075746
159364 5.083319
159363 5.087682
159362 5.099403
159361 5.105119
159360 5.128808
159359 5.129242
159358 5.177100
159357 5.183935
159355 5.200909
159354 5.236923
159353 5.254033
159349 5.264565
159347 5.271433
159346 5.282921
159344 5.302161
159339 5.318845
159338 5.357142
159337 5.365653
159336 5.401210
159335 5.419259
159334 5.431034
159333 5.475798
159332 5.496617
159331 5.513525
159330 5.530375
159327 5.538284
159326 5.540480
159325 5.542471
159324 5.559938
159323 5.574398
159322 5.583954
159321 5.585983
159320 5.587729
159317 5.604484
159316 5.612981
159315 5.631839
159314 5.636666
159307 5.638268
159305 5.679690
159303 5.711015
159302 5.718716
159301 5.729478
159300 5.735537
159299 5.787547
159298 5.800878
159297 5.806730
159296 5.813819
159295 5.865029
159294 5.865502
159292 5.921256
159291 5.959604
159290 5.985009
159289 5.989755
159288 5.996366
159287 6.008253
159286 6.020848
159284 6.023185
159276 6.042229
159275 6.094457
159273 6.103180
159271 6.126522
159268 6.154539
159267 6.159000
159266 6.159626
159264 6.185893
159263 6.227670
159262 6.255668
159261 6.260991
159260 6.264100
159258 6.311341
159257 6.349649
159256 6.355681
159255 6.361443
159254 6.368892
159247 6.375282
159246 6.383967
159245 6.403360
159244 6.407150
159243 6.413146
159241 6.422105
159240 6.428482
159239 6.440700
159238 6.513926
159236 6.524030
159235 6.573287
159234 6.581353
159233 6.604663
159232 6.616431
159226 6.648806
159225 6.661691
159224 6.681767
159223 6.685010
159222 6.699123
159221 6.707070
159220 6.723411
159219 6.739552
159218 6.754962
159217 6.768054
159216 6.769885
159215 6.819427
159214 6.819892
159213 6.823756
159212 6.851403
159211 6.860358
159209 6.938722
159208 7.012762
159206 7.040220
159205 7.063735
159204 7.106895
159203 7.112603
159200 7.153759
159198 7.159031
159197 7.187543
159194 7.200293
159193 7.210207
159188 7.248153
159187 7.294136
159186 7.295861
159184 7.334947
159183 7.397014
159178 7.417155
159176 7.456146
159174 7.477262
159173 7.484891
159167 7.509951
159165 7.517432
159163 7.554542
159160 7.555887
159159 7.569420
159158 7.611644
159157 7.633274
159156 7.667312
159154 7.674220
159153 7.677269
159151 7.710177
159150 7.713160
159149 7.730755
159148 7.758301
159146 7.803182
159145 7.805420
159144 7.814587
159143 7.818393
159141 7.835642
159136 7.839510
159135 7.841851
159133 7.852765
159131 7.909154
159130 7.950089
159129 7.968592
159128 7.974609
159127 8.028865
159126 8.040211
159125 8.224740
159124 8.244644
159123 8.262363
159122 8.319882
159121 8.327544
159120 8.352462
159119 8.360157
159118 8.396787
159117 8.432460
159116 8.458146
159114 8.470457
159110 8.476769
159109 8.492959
159108 8.498264
159107 8.514276
159100 8.537425
159099 8.579816
159096 8.592134
159095 8.595945
159093 8.622334
159092 8.639028
159091 8.644335
159090 8.670527
159089 8.734336
159086 8.783751
159084 8.825574
159083 8.871243
159082 8.871970
159081 8.872608
159078 8.888045
159077 8.896800
159075 8.971546
159074 8.982237
159073 8.988531
159072 9.022951
159070 9.034426
159069 9.106949
159067 9.139685
159066 9.181669
159065 9.182648
159064 9.227179
159061 9.235326
159060 9.250065
159058 9.270692
159054 9.284680
159053 9.414205
159050 9.454924
159049 9.493354
159048 9.495675
159044 9.505305
159043 9.528825
159042 9.529609
159041 9.602039
159040 9.625554
159039 9.632684
159038 9.664529
159034 9.681844
159032 9.701439
159031 9.785554
159030 9.795795
159028 9.801703
159027 9.805041
159026 9.840941
159025 9.863500
159023 9.961626
159022 9.964331
159021 10.014207
159020 10.041629
159019 10.137207
159017 10.281407
159016 10.314315
159015 10.324530
159014 10.345663
159013 10.360607
159012 10.457958
159010 10.545070
159009 10.568251
159008 10.598522
159007 10.606943
159006 10.628786
159004 10.663859
159003 10.805957
159002 10.840015
159001 10.872907
159000 10.953632
158999 11.003273
158998 11.014936
158997 11.031167
158996 11.056592
158995 11.184219
158993 11.313376
158992 11.318798
158991 11.338061
158990 11.407821
158989 11.424036
158987 11.433332
158984 11.435541
158983 11.463595
158981 11.477676
158980 11.502353
158978 11.523398
158977 11.711912
158976 11.788812
158975 11.880565
158968 11.908237
158967 12.208569
158966 12.217994
158963 12.317692
158962 12.357521
158961 12.374836
158960 12.433366
158959 12.483229
158958 12.485067
158957 12.518598
158956 12.543652
158954 12.613943
158953 12.638054
158951 12.836802
158950 12.858542
158949 12.921873
158947 12.939929
158946 13.023245
158945 13.037389
158942 13.071921
158941 13.149415
158940 13.338547
158938 13.354707
158937 13.450952
158934 13.487565
158933 13.501608
158932 13.539120
158930 13.567840
158929 13.568675
158928 13.660623
158927 13.845706
158926 13.886553
158925 13.960507
158924 13.982903
158922 14.051954
158921 14.107747
158920 14.126149
158918 14.361111
158917 14.619362
158916 14.794956
158915 15.000663
158914 15.027119
158913 15.046325
158912 15.064110
158910 15.133538
158909 15.151340
158908 15.164559
158907 15.167468
158906 15.298792
158905 15.340742
158904 15.356266
158903 15.367555
158902 15.403027
158900 15.559768
158898 15.587644
158897 15.766817
158896 15.922111
158895 16.103026
158894 16.246861
158893 16.353590
158892 16.364148
158890 16.521443
158889 16.616577
158888 16.880576
158887 16.978919
158885 30.186239
158884 30.407311
158883 30.417869
158882 30.421312
158880 30.445357
158879 30.541643
158878 30.556494
158877 30.594488
158876 30.600345
158875 30.612584
158874 30.626599
158873 30.627057
158869 30.694159
158867 30.703108
158866 30.710146
158865 30.861688
158864 30.921152
158863 30.965421
158861 30.965516
158860 31.214171
158859 31.220828
158858 31.230577
158857 31.299482
158855 31.442052
158851 31.480193
158850 31.497834
158848 31.537952
158847 31.582448
158846 31.672439
158845 31.788519
158844 31.896710
158843 32.095545
158842 32.248906
158841 32.374747
158839 32.384953
158838 32.494728
158837 32.500672
158836 32.558486
158835 32.580104
158834 32.586433
158833 32.633678
158832 32.638965
158831 32.721345
158830 32.761600
158829 32.843737
158825 33.096042
158824 33.165869
158823 33.177842
158822 33.258664
158821 33.277641
158820 33.344218
158819 33.351499
158818 33.478867
158817 33.641955
158815 33.714921
158814 33.736353
158813 33.740395
158812 33.756531
158810 33.788896
158809 33.884318
158808 33.892220
