127834 0.129641
111718 0.233282
111717 0.235675
111715 0.236671
111711 0.237964
111708 0.238186
111704 0.239095
111703 0.239321
111695 0.239935
111676 0.240461
111652 0.240909
111650 0.241145
111627 0.242305
111622 0.242499
111617 0.242608
111616 0.243106
111613 0.243659
111423 0.246046
111420 0.246717
111398 0.249073
111392 0.250068
111390 0.252506
111375 0.253913
111374 0.255676
111373 0.256179
111266 0.258357
111264 0.258469
111262 0.258653
111258 0.258875
111254 0.259305
111252 0.261665
111248 0.261909
111244 0.262307
111243 0.262772
111238 0.266882
111231 0.267265
111223 0.267694
111222 0.268080
111218 0.268365
111207 0.268751
111190 0.269153
111189 0.269581
111182 0.270169
111181 0.270437
111177 0.270922
111176 0.271371
111149 0.272194
111147 0.272982
111142 0.273300
111127 0.273723
111116 0.274024
111102 0.275279
111093 0.278617
111089 0.278834
111083 0.279168
111073 0.279499
111069 0.279844
111068 0.279955
111067 0.280305
111065 0.280677
111064 0.280799
111061 0.280946
111023 0.282866
111011 0.284272
110992 0.284693
110990 0.284888
110974 0.285307
110973 0.285504
110972 0.286052
110961 0.288269
110955 0.288485
110931 0.289451
110929 0.289716
110927 0.290029
110918 0.290635
110902 0.291235
110900 0.296644
110892 0.296850
110891 0.297872
110882 0.299868
110880 0.300488
110867 0.302321
110866 0.302791
110863 0.303189
110860 0.303679
110721 0.306007
110714 0.307115
110713 0.307424
110712 0.308433
110710 0.308623
110709 0.308978
110706 0.309535
110705 0.309860
110701 0.310451
110697 0.312711
110696 0.312959
110689 0.313404
110688 0.313720
110687 0.314002
110686 0.314347
110684 0.315204
110683 0.315534
110680 0.315911
110668 0.316399
110659 0.316706
110658 0.320041
110387 0.323582
110378 0.325378
110374 0.327047
110360 0.327375
110345 0.327948
110331 0.329489
110330 0.330781
110328 0.331142
110327 0.331275
110322 0.335816
110321 0.335999
110319 0.336746
110309 0.340495
110308 0.341451
110307 0.342016
110304 0.344141
110303 0.344566
110293 0.345643
110286 0.345946
110275 0.349671
110274 0.349807
110272 0.353544
110231 0.355487
110222 0.356014
110197 0.358033
110183 0.358551
110170 0.360414
110164 0.360599
110159 0.360750
110152 0.361302
110148 0.362131
110146 0.362450
110136 0.363861
110133 0.364217
110128 0.365259
110126 0.367228
110125 0.369226
110112 0.370775
110111 0.372244
110108 0.372564
110082 0.374175
110076 0.375723
110069 0.376644
110064 0.377023
110063 0.377398
110061 0.378424
110045 0.379449
110043 0.379606
110040 0.380327
110038 0.381911
110035 0.382198
110033 0.382458
110032 0.384741
110020 0.385124
110019 0.385662
110017 0.385962
110010 0.386662
110000 0.388930
109993 0.389328
109986 0.390452
109982 0.391347
109975 0.392224
109800 0.396341
109797 0.396492
109795 0.397217
109792 0.398545
109791 0.399691
109790 0.400567
109789 0.400755
109787 0.401216
109786 0.401937
109781 0.402097
109779 0.402968
109778 0.403213
109776 0.405336
109775 0.406292
109772 0.406717
109771 0.406999
109760 0.408800
109756 0.409068
109755 0.409338
109751 0.409721
109745 0.409958
109743 0.410160
109740 0.411270
109739 0.411776
109734 0.412537
109733 0.412690
109732 0.412839
109731 0.413107
109728 0.413735
109727 0.413995
109725 0.414618
109723 0.417092
109722 0.418154
109720 0.418316
109696 0.419976
109693 0.420482
109690 0.422037
109685 0.422291
109673 0.424593
109662 0.425189
109640 0.426443
109639 0.427648
109636 0.428958
109633 0.429592
109628 0.430312
109625 0.432492
109615 0.433592
109611 0.433958
109610 0.437596
109606 0.442375
109605 0.443003
109596 0.444643
109594 0.445483
109584 0.446467
109578 0.447941
109576 0.448596
109575 0.449151
109570 0.449414
109559 0.451115
109558 0.452553
109557 0.452649
109552 0.454045
109548 0.454811
109533 0.455628
109527 0.456072
109525 0.456337
109521 0.456657
109519 0.457322
109517 0.458601
109515 0.461154
109511 0.461495
109508 0.461765
109505 0.461924
109504 0.462206
109502 0.466931
109500 0.467224
109498 0.467377
109495 0.468377
109490 0.468973
109482 0.471109
109465 0.471375
109464 0.471901
109463 0.472282
109462 0.474101
109461 0.475419
109453 0.476693
109449 0.478985
109448 0.479721
109447 0.481104
109444 0.481567
109440 0.483189
109437 0.483824
109436 0.483932
109431 0.484276
109429 0.484420
109427 0.484585
109425 0.484859
109421 0.488127
109420 0.488581
109419 0.489697
109418 0.489813
109417 0.489943
109416 0.490540
109408 0.491504
109403 0.492000
109402 0.494559
109400 0.495726
109399 0.495926
109398 0.497441
109397 0.498631
109389 0.499143
109379 0.499642
109378 0.500269
109377 0.500384
109365 0.500767
109359 0.502464
109357 0.503461
109353 0.504611
109352 0.505075
109339 0.506017
109336 0.506822
109334 0.508088
109333 0.510550
109331 0.512351
109329 0.513676
109324 0.517211
109317 0.517774
109315 0.518033
109314 0.519671
109313 0.520357
109312 0.522292
109306 0.525817
109304 0.526022
109292 0.526368
109283 0.530453
109281 0.532786
109279 0.535166
109278 0.537186
109277 0.539067
109276 0.542826
109273 0.547408
109272 0.548478
109268 0.548692
109265 0.549058
109263 0.549946
109261 0.555899
109260 0.556498
109258 0.558038
109250 0.559299
109241 0.559673
109234 0.560038
109232 0.561825
109230 0.561994
109222 0.562864
109221 0.563141
109211 0.564330
109210 0.564472
109197 0.565517
109196 0.565900
109188 0.566579
109187 0.575074
109185 0.577562
109182 0.579148
109181 0.579465
109180 0.582444
109179 0.583904
109178 0.584123
109177 0.585799
109176 0.589993
109170 0.590610
109162 0.592000
109159 0.592542
109152 0.593898
109145 0.594553
109143 0.597402
109141 0.604451
109138 0.605006
109135 0.610002
109127 0.610468
109126 0.611613
109125 0.612313
109118 0.615678
109117 0.615831
109114 0.618623
109113 0.619142
109108 0.619802
109103 0.622461
109101 0.624042
109100 0.624594
109099 0.625055
109096 0.625339
109094 0.629231
109093 0.631488
109092 0.633016
109091 0.634436
109089 0.634735
109088 0.636685
109085 0.639643
109084 0.639851
109079 0.640551
109072 0.640987
109069 0.642112
109056 0.646261
109052 0.646326
109037 0.646717
109031 0.647315
109030 0.648567
109029 0.651753
109026 0.652281
109025 0.652937
109017 0.658532
109016 0.659360
109011 0.660410
109010 0.661906
109009 0.663559
109006 0.664568
109005 0.665244
108999 0.666042
108998 0.666592
108996 0.666792
108995 0.670795
108989 0.676044
108988 0.679930
108982 0.680355
108981 0.682041
108980 0.682340
108977 0.682834
108972 0.683585
108965 0.689515
108955 0.690352
108954 0.691488
108953 0.691870
108951 0.692101
108949 0.693083
108944 0.694855
108940 0.696998
108938 0.697262
108935 0.698890
108934 0.699506
108897 0.700314
108896 0.702052
108895 0.702966
108894 0.703727
108893 0.705444
108874 0.707768
108873 0.707943
108871 0.708228
108870 0.708476
108867 0.709119
108865 0.712147
108860 0.712505
108859 0.715889
108856 0.716843
108854 0.722669
108853 0.725043
108852 0.726791
108842 0.727015
108836 0.728661
108833 0.730861
108831 0.732308
108827 0.733943
108826 0.734809
108823 0.744858
108822 0.745422
108820 0.746032
108819 0.746477
108818 0.749892
108817 0.762197
108810 0.763779
108809 0.764439
108806 0.768733
108805 0.771534
108804 0.771699
108803 0.773757
108802 0.775168
108801 0.779938
108793 0.782722
108791 0.784990
108790 0.785663
108789 0.786142
108788 0.787222
108787 0.789851
108785 0.791786
108784 0.794256
108783 0.794477
108776 0.797518
108775 0.798192
108773 0.799595
108772 0.799907
108771 0.801294
108770 0.801892
108769 0.803408
108768 0.804703
108767 0.806638
108764 0.807334
108758 0.812554
108757 0.813377
108755 0.813575
108751 0.815613
108749 0.815933
108748 0.817924
108745 0.820208
108740 0.823114
108739 0.832221
108735 0.835267
108731 0.838261
108729 0.838969
108728 0.839957
108725 0.842405
108719 0.843152
108711 0.848170
108697 0.857080
108695 0.859832
108693 0.861512
108692 0.866157
108691 0.866920
108689 0.874321
108684 0.874829
108682 0.874969
108681 0.877472
108679 0.883077
108677 0.885696
108676 0.889708
108675 0.892846
108674 0.893983
108672 0.894483
108668 0.894912
108666 0.895599
108664 0.901776
108657 0.902287
108656 0.906174
108652 0.907323
108649 0.911116
108644 0.912841
108640 0.913663
108639 0.913908
108638 0.914148
108637 0.918567
108630 0.918646
108626 0.919714
108625 0.922133
108623 0.927775
108622 0.934501
108619 0.935791
108617 0.937446
108616 0.938085
108615 0.944428
108614 0.944634
108613 0.947189
108612 0.950280
108608 0.957307
108607 0.959591
108606 0.959691
108599 0.960494
108593 0.965646
108583 0.971537
108582 0.972878
108580 0.972977
108578 0.985528
108577 0.986468
108575 0.987063
108574 0.993606
108573 0.994446
108572 1.005267
108569 1.008576
108568 1.010526
108567 1.016578
108565 1.027043
108564 1.028677
108563 1.032113
108557 1.032437
108556 1.036270
108555 1.037722
108551 1.039520
108550 1.040012
108549 1.040969
108545 1.041497
108544 1.041748
108543 1.046578
108538 1.047141
108537 1.049628
108535 1.051079
108533 1.051490
108529 1.051740
108524 1.052932
108523 1.053788
108520 1.056097
108518 1.057517
108511 1.058019
108509 1.065227
108494 1.065743
108493 1.068497
108490 1.072983
108489 1.073633
108488 1.075522
108486 1.075831
108484 1.076007
108483 1.080365
108482 1.081401
108481 1.081923
108479 1.083071
108474 1.084446
108472 1.087817
108471 1.088669
108470 1.096681
108464 1.098093
108463 1.102248
108462 1.106185
108457 1.107669
108451 1.107911
108450 1.112360
108449 1.114348
108447 1.116145
108446 1.123652
108445 1.125837
108439 1.126852
108437 1.132101
108436 1.133738
108434 1.146628
108433 1.153759
108428 1.155533
108427 1.157768
108426 1.167412
108422 1.167838
108421 1.169028
108420 1.171021
108419 1.176419
108417 1.179489
108410 1.181188
108409 1.181861
108408 1.182931
108407 1.184539
108406 1.188685
108405 1.191400
108404 1.193461
108403 1.194614
108401 1.195385
108398 1.198006
108397 1.198497
108395 1.199180
108393 1.206340
108385 1.211459
108379 1.213664
108378 1.214746
108377 1.215574
108376 1.215789
108375 1.220079
108371 1.221190
108370 1.226057
108368 1.234462
108367 1.242371
108366 1.252931
108365 1.253073
108364 1.253607
108362 1.261077
108361 1.275623
108359 1.276114
108356 1.278927
108355 1.281189
108353 1.282819
108351 1.287089
108348 1.289253
108346 1.296158
108343 1.297572
108342 1.300337
108341 1.311456
108339 1.314711
108334 1.315102
108329 1.316409
108327 1.316528
108323 1.320635
108319 1.326037
108318 1.328469
108317 1.340221
108316 1.340876
108312 1.343167
108311 1.351237
108310 1.352196
108309 1.352916
108307 1.353863
108306 1.357931
108305 1.358776
108304 1.363680
108303 1.363905
108302 1.365187
108301 1.365897
108300 1.367887
108299 1.367992
108297 1.371987
108295 1.380355
108293 1.380680
108291 1.382215
108289 1.386939
108285 1.393282
108283 1.396277
108282 1.396636
108280 1.401790
108277 1.402798
108276 1.416314
108275 1.416610
108269 1.418486
108268 1.422802
108267 1.427497
108263 1.428284
108262 1.429877
108261 1.434336
108260 1.438337
108258 1.438620
108253 1.445101
108252 1.448362
108251 1.449337
108249 1.449618
108248 1.459263
108247 1.459818
108246 1.462685
108245 1.463456
108244 1.464432
108243 1.465947
108241 1.468465
108231 1.473670
108230 1.478843
108226 1.480969
108225 1.484500
108221 1.487674
108220 1.490898
108219 1.494534
108218 1.497416
108217 1.505110
108215 1.518961
108214 1.521463
108213 1.521676
108212 1.547109
108211 1.554762
108210 1.566315
108209 1.567604
108208 1.576315
108206 1.581102
108204 1.597501
108200 1.597746
108198 1.599482
108195 1.600757
108192 1.602535
108191 1.612702
108184 1.639765
108176 1.645895
108175 1.648229
108174 1.649508
108173 1.651941
108172 1.657330
108171 1.661013
108170 1.673161
108169 1.674208
108168 1.679677
108166 1.684283
108164 1.686727
108163 1.689430
108162 1.691925
108161 1.695313
108156 1.699134
108154 1.714406
108152 1.722015
108151 1.723853
108150 1.724376
108148 1.726314
108147 1.743199
108146 1.747110
108145 1.773563
108144 1.788264
108142 1.797894
108140 1.805055
108138 1.809389
108136 1.812023
108134 1.815106
108131 1.817066
108130 1.817609
108127 1.823254
108126 1.827158
108125 1.830782
108124 1.846491
108123 1.847547
108122 1.848509
108121 1.849615
108117 1.852845
108116 1.853208
108115 1.864955
108114 1.868274
108113 1.874150
108112 1.878202
108111 1.886743
108110 1.891681
108109 1.894460
108106 1.894668
108105 1.911739
108103 1.921767
108102 1.934880
108099 1.945013
108098 1.947228
108097 1.963129
108094 1.967092
108093 1.973958
108091 1.974116
108088 1.979163
108086 1.983852
108085 1.988793
108083 2.029550
108082 2.031068
108081 2.037475
108078 2.054195
108077 2.065800
108076 2.070309
108074 2.070778
108072 2.079219
108066 2.118939
108065 2.125627
108064 2.128420
108059 2.133945
108058 2.139063
108055 2.144569
108052 2.146367
108047 2.148957
108046 2.157206
108045 2.157613
108044 2.160279
108043 2.160713
108042 2.172994
108041 2.177776
108040 2.178092
108037 2.181072
108036 2.182733
108035 2.190637
108034 2.211963
108033 2.217405
108032 2.222416
108028 2.238859
108025 2.240142
108024 2.240627
108023 2.244597
108022 2.255967
108021 2.264888
108020 2.267161
108019 2.267596
108017 2.270733
108016 2.274740
108014 2.274925
108013 2.283723
108011 2.288064
108008 2.291545
108006 2.293301
108004 2.294915
108003 2.301295
108001 2.323725
108000 2.329519
107999 2.341732
107998 2.342756
107997 2.346995
107995 2.362178
107994 2.364130
107993 2.369915
107990 2.376912
107988 2.386835
107986 2.389110
107980 2.394974
107979 2.398413
107978 2.401489
107977 2.408185
107976 2.419317
107974 2.422729
107973 2.431680
107972 2.439251
107971 2.448822
107970 2.459400
107969 2.462336
107968 2.483355
107967 2.488808
107965 2.513891
107964 2.527688
107963 2.540628
107962 2.548733
107961 2.551360
107960 2.561695
107958 2.607630
107957 2.607824
107956 2.612716
107955 2.614468
107954 2.617086
107952 2.635687
107951 2.651883
107950 2.654089
107946 2.678681
107945 2.679662
107944 2.687713
107943 2.690499
107942 2.721044
107941 2.723576
107940 2.740080
107938 2.740395
107937 2.745387
107934 2.751520
107933 2.759846
107932 2.772370
107931 2.776651
107930 2.780526
107929 2.785604
107928 2.785791
107927 2.789662
107926 2.792334
107922 2.818038
107921 2.819057
107919 2.823037
107918 2.834964
107917 2.838548
107915 2.856687
107914 2.871269
107913 2.874512
107912 2.892633
107911 2.895065
107909 2.899345
107908 2.905608
107906 2.905890
107905 2.915625
107903 2.945004
107902 2.950752
107901 2.984798
107900 2.989636
107899 3.001854
107898 3.017103
107897 3.029153
107896 3.039694
107894 3.044051
107893 3.054649
107892 3.063484
107891 3.064839
107890 3.070909
107889 3.071302
107888 3.106359
107887 3.133314
107884 3.138001
107883 3.138267
107882 3.147959
107881 3.177596
107879 3.201026
107878 3.239575
107874 3.266996
107873 3.295510
107871 3.302128
107870 3.307632
107869 3.320900
107868 3.327026
107867 3.332411
107866 3.333140
107865 3.356681
107864 3.367461
107860 3.368590
107857 3.374382
107856 3.388033
107855 3.392198
107854 3.469548
107853 3.477227
107852 3.496594
107851 3.518047
107850 3.546132
107848 3.552181
107847 3.552266
107846 3.555760
107845 3.556810
107841 3.558199
107839 3.571728
107833 3.588177
107832 3.590401
107831 3.591101
107830 3.689145
107829 3.735565
107828 3.765428
107827 3.786283
107824 3.790599
107823 3.811280
107821 3.815363
107820 3.827921
107819 3.871160
107818 3.914031
107817 3.920018
107816 3.934981
107815 3.936076
107814 3.941238
107812 3.959704
107811 4.044983
107810 4.080628
107801 4.190830
107800 4.215319
107799 4.234513
107798 4.255955
107797 4.328327
107796 4.332287
107795 4.392226
107793 4.448303
107792 4.463112
107791 4.467939
107790 4.470679
107789 4.495159
107788 4.510192
107787 4.625963
107786 4.637308
107785 4.650108
107784 4.651181
107783 4.670177
107781 4.684751
107780 4.721686
107779 4.757674
107778 4.798430
107777 4.819317
107776 4.868143
107775 4.882192
107774 4.899264
107772 4.900077
107770 4.929562
107767 4.937212
107766 4.993382
107765 4.996695
107764 5.040947
107763 5.079198
107758 5.119104
107757 5.232871
107756 5.269033
107755 5.318279
107754 5.331348
107753 5.339060
107752 5.384751
107750 5.399931
107749 5.440691
107748 5.508089
107747 5.578844
107746 5.603504
107745 5.604559
107742 5.636630
107741 5.637374
107739 5.649633
107737 5.660837
107736 5.675142
107735 5.700916
107734 5.748406
107733 5.786929
107732 5.789644
107729 5.793993
107728 5.872269
107727 5.883432
107724 6.000674
107723 6.031707
107722 6.039225
107721 6.043796
107718 6.046656
107715 6.048600
107714 6.049695
107713 6.055036
107712 6.076502
107711 6.083967
107709 6.109802
107707 6.152463
107706 6.166298
107705 6.177511
107704 6.209445
107703 6.209571
107701 6.273944
107699 6.274582
107694 6.360447
107693 6.360636
107692 6.414445
107691 6.480536
107689 6.554393
107687 6.641354
107685 6.665592
107682 6.700494
107681 6.773004
107679 6.779660
107678 6.867560
107677 6.890627
107676 6.935060
107675 6.981145
107674 6.986733
107673 7.033548
107670 7.151840
107669 7.193335
107668 7.217633
107666 7.414404
107664 7.470648
107662 7.647772
107660 7.687334
107658 7.777863
107656 7.802601
107655 7.816367
107654 7.856802
107653 7.881016
107652 7.948746
107651 8.081441
107649 8.131313
107647 8.204457
107646 8.236747
107645 8.253911
107644 8.257877
107643 8.314965
107642 8.316848
107641 8.358314
107640 8.392816
107639 8.424417
107638 8.437764
107637 8.498302
107636 8.563969
107635 8.650603
107633 8.705964
107631 8.759895
107630 8.819514
107629 8.866963
107628 8.874742
107624 8.884165
107623 8.959035
107621 8.971190
107620 8.986875
107619 9.003029
107618 9.033981
107617 9.034477
107616 9.034635
107615 9.179339
107609 9.190732
107608 9.191147
107602 9.296917
107601 9.447728
107600 9.552292
107599 9.641527
107598 9.701976
107597 9.936214
107596 9.981649
107595 9.985920
107593 10.035603
107591 10.157798
107590 10.166415
107589 10.226960
107588 10.278420
107587 10.331349
107586 10.342800
107585 10.423392
107584 10.497400
107583 10.561612
107582 10.603167
107581 10.639717
107578 10.675493
107576 10.751065
107568 10.808297
107567 10.830596
107565 10.896527
107561 10.951508
107560 10.994575
107559 11.137916
107557 11.382422
107556 16.292820
107555 16.295854
107554 16.322350
107553 16.326307
107552 16.365209
107551 16.401222
107549 16.563548
107548 16.566093
107547 16.630575
107546 16.668459
107545 16.725902
107544 16.738802
107543 16.761442
107542 16.773613
107541 16.804687
107540 16.822976
107539 16.826817
107538 16.862375
107537 16.869916
107536 16.878398
107533 16.914979
107532 16.915697
107529 16.919066
107525 16.942664
107524 17.114725
107523 17.131975
107522 17.222041
107521 17.233466
107520 17.248117
107519 17.286540
107518 17.304086
107516 17.308701
107515 17.351339
107514 17.378646
107513 17.393139
107512 17.474891
107511 17.514819
107510 17.563323
107509 17.613004
107508 17.703454
107507 17.835652
107506 17.858750
107504 17.860716
107502 17.869383
107499 17.872907
107498 17.887925
107495 17.937396
107492 17.948540
107491 17.985813
107490 18.001472
107488 18.005710
107487 18.045930
107486 18.046123
107484 18.131167
107477 18.146378
107476 18.150374
107475 18.177937
107474 18.278175
107473 18.299840
107472 18.317788
107471 18.356414
107470 18.363897
107468 18.371058
107467 18.371260
107466 18.389778
107465 18.401335
107464 18.405297
107463 18.434184
107462 18.522651
107460 18.595826
107459 18.704695
107458 18.725533
107457 18.733087
107456 18.734844
107455 18.833623
107454 18.882531
107453 18.910374
107452 18.915929
107451 18.924106
107450 18.924402
107449 18.991657
107447 18.991814
107446 19.003415
107445 19.004093
107443 19.101128
107442 19.147676
107441 19.149432
107439 19.166728
107438 19.194119
107437 19.207012
107436 19.233852
107435 19.238629
107434 19.244138
107433 19.279523
107431 19.282067
107430 19.310200
107429 19.469378
107428 19.488990
107427 19.517252
107426 19.570787
107425 19.604479
107424 19.684000
107423 19.699820
107422 19.752265
107421 19.907593
107420 19.950803
107419 20.084421
107418 20.164704
107417 20.217385
107416 20.223261
107414 20.226414
107413 20.266361
107411 20.285659
107409 20.304553
107408 20.337336
107407 20.417767
107406 20.432426
107405 20.493374
107404 20.641256
107403 20.781989
107402 20.887105
107401 21.417626
107400 21.453261
107397 21.470411
107393 21.555474
107391 21.598736
107386 21.602729
107385 21.661070
107383 21.675498
107382 21.677679
107381 21.834759
107379 21.875126
107378 21.996632
107376 22.020311
107375 31.286706
107374 31.646464
107373 31.698522
107371 31.747934
107370 31.754652
107369 31.775562
107367 31.779904
107366 31.810942
107365 31.922030
107363 31.923982
107362 32.024491
107361 32.215922
107360 32.270023
107359 32.292142
107358 32.775892
107357 52.084816
107356 52.350432
107355 52.452148
107354 52.749250
107353 52.782402
107351 52.808287
107350 53.090189
107349 53.177745
107348 53.314984
107347 53.449777
107345 53.555549
107344 53.657362
107343 53.692823
107342 53.798190
107341 54.066541
107340 54.211892
107339 63.443179
107338 63.551134
107337 63.569148
107336 63.589769
107335 63.658059
107334 63.762154
107333 63.769357
107332 63.793375
107330 63.874207
107329 63.883028
107328 63.941094
107327 64.013600
107326 64.141282
107325 64.236546
107324 64.243359
107323 64.277165
107322 64.328645
107321 64.334271
107320 64.390399
107319 64.391768
107317 64.410072
107316 64.484122
107315 64.575276
107314 64.779913
107313 64.975575
107312 129.107228
107311 129.127183
107310 129.401742
107308 129.493295
107307 129.574781
107306 355.982961
107304 356.028877
107303 356.507204
107302 356.544156
107300 356.700064
107299 356.707744
107298 356.719918
107296 356.854792
107295 356.862272
107294 356.984120
107293 357.140456
107292 357.213246
107291 357.553143
107290 357.598306
107289 357.731257
107288 357.807643
107287 357.820347
107286 357.843096
107285 357.869058
107284 358.030762
107283 400.907525
107282 400.921901
107281 400.931855
107280 400.976668
107278 401.052804
107277 401.097240
107276 401.172364
107275 401.362452
107274 401.594853
107273 401.701551
107272 401.720676
107271 401.777507
107270 401.816426
107269 401.851328
