30778813 0.020119
26052795 0.093198
26051659 0.096459
26042338 0.110467
26040125 0.123754
26038814 0.125292
26038748 0.126675
26018149 0.128041
26016226 0.132583
26014652 0.151562
26009267 0.162792
25994804 0.165035
25993482 0.180515
25993063 0.191657
25986158 0.196377
25957904 0.202443
25956911 0.207269
25954654 0.209909
25953004 0.212459
25952106 0.214634
25946488 0.231392
25942217 0.248584
25914854 0.256184
25912500 0.261784
25909663 0.264122
25906235 0.267443
25904891 0.268499
25886484 0.270461
25836961 0.283838
25836746 0.285480
25836029 0.289638
25835579 0.292722
25835177 0.297487
25833988 0.302856
25833007 0.312314
25832393 0.317848
25827612 0.318784
25826887 0.321010
25825620 0.323074
25824371 0.324377
25822263 0.325970
25819883 0.328118
25817665 0.329298
25816658 0.332943
25816221 0.337863
25814705 0.349523
25813225 0.359627
25809774 0.361140
25809264 0.372896
25806834 0.397921
25804114 0.399490
25803943 0.401061
25803868 0.402161
25803855 0.403589
25803583 0.419541
25800920 0.423446
25792787 0.432416
25779802 0.435839
25778982 0.438341
25778401 0.453806
25773430 0.469621
25772035 0.477710
25770031 0.482403
25762324 0.489263
25761267 0.500292
25760898 0.501385
25760529 0.503442
25759216 0.507922
25754531 0.522915
25753216 0.534324
25733890 0.547001
25732379 0.548034
25728878 0.597086
25727405 0.602314
25727291 0.617821
25726111 0.641916
25722513 0.663069
25722204 0.681481
25719684 0.689625
25719419 0.693926
25676332 0.703472
25676160 0.707091
25672888 0.712296
25665816 0.713438
25663863 0.728932
25663148 0.740956
25657940 0.755814
25656159 0.763971
25655719 0.765969
25655664 0.771552
25652709 0.776452
25649240 0.795834
25642281 0.802652
25641889 0.809427
25638181 0.811210
25638126 0.821885
25630381 0.827772
25625416 0.832724
25625079 0.850944
25622953 0.852219
25621455 0.859985
25621335 0.885912
25620298 0.899508
25618446 0.913725
25613887 0.945055
25613295 0.956644
25612605 0.969732
25611585 0.974430
25610087 0.984088
25609889 0.987156
25609881 1.002534
25603880 1.004132
25593213 1.021862
25591463 1.045527
25570144 1.060480
25565488 1.067846
25550835 1.075558
25550014 1.082076
25546050 1.101144
25544267 1.112485
25543575 1.124166
25543355 1.127740
25542984 1.134419
25542727 1.148110
25541670 1.148589
25541513 1.158794
25541487 1.161080
25539738 1.170193
25536588 1.195392
25535426 1.197084
25533839 1.204487
25532555 1.206133
25529849 1.216453
25528319 1.231725
25526192 1.232290
25526102 1.234892
25520509 1.260315
25517220 1.263706
25516972 1.269570
25513039 1.288574
25512439 1.298394
25509658 1.308092
25506392 1.315391
25506097 1.327145
25505914 1.336717
25505315 1.344810
25504943 1.354106
25498843 1.365651
25498680 1.375180
25498470 1.380766
25495315 1.387488
25450592 1.399548
25449709 1.403888
25448160 1.405019
25448014 1.408785
25447362 1.423398
25447176 1.431376
25446754 1.432378
25437392 1.457828
25433261 1.513403
25432822 1.518037
25429846 1.520369
25420396 1.524550
25334955 1.565008
25334769 1.576667
25333903 1.577396
25333031 1.613352
25323614 1.642868
25321967 1.652592
25321566 1.662164
25321521 1.665599
25319924 1.677142
25318321 1.721070
25318184 1.738721
25315849 1.743164
25314797 1.762921
25313658 1.799462
25313050 1.813216
25307467 1.825402
25306803 1.831331
25305773 1.839693
25305548 1.845360
25305398 1.847534
25304662 1.856257
25304000 1.857210
25303719 1.900438
25303342 1.913327
25302725 1.915646
25300976 1.939672
25298911 1.952908
25298074 1.964757
25295434 1.977464
25295409 1.994024
25295390 2.000502
25290605 2.072182
25286511 2.130405
25286238 2.150157
25285666 2.155577
25285550 2.173977
25285545 2.182735
25282243 2.183236
25282115 2.187167
25281567 2.189624
25280788 2.208787
25280774 2.232946
25280415 2.240120
25278801 2.318621
25277727 2.340964
25272646 2.342732
25272225 2.371512
25271112 2.448028
25270913 2.467257
25269903 2.471522
25269886 2.495509
25269145 2.529560
25269104 2.589092
25268815 2.611491
25268081 2.618745
25264882 2.647950
25264761 2.669591
25264464 2.695506
25262572 2.769276
25262001 2.773597
25261816 2.777997
25261107 2.808961
25260934 2.822802
25259706 2.916753
25259621 2.954126
25259593 3.019205
25259503 3.040121
25259462 3.052634
25259086 3.064949
25258245 3.200685
25258139 3.202608
25257867 3.533052
25257701 3.583680
25257566 3.617607
25257021 3.638082
25254802 3.730741
25253875 3.782013
25253640 3.872200
25252494 3.941824
25252249 3.957156
25251583 3.973341
25251511 4.069872
25251053 4.081790
25248589 4.083853
25245961 4.269944
25245776 4.303109
25245567 4.304578
25245236 4.344267
25244114 4.442887
25244052 4.453863
25243747 4.624290
25241846 4.650575
25241340 4.678211
25241051 4.745973
25240013 4.899253
25239025 4.941835
25237292 4.995672
25236933 5.174072
25234692 5.264288
25234481 5.521542
25234388 5.810090
25234084 5.818849
25233402 6.169979
25233270 6.336608
25233236 6.346222
25232601 6.545887
25231467 6.569204
25231077 6.626094
25230090 7.048490
25229607 7.071332
25229541 7.223443
25226391 7.359228
25225821 7.686613
25225722 7.966413
25225712 8.399305
25225623 9.771223
25225580 10.113145
25225222 10.436704
25224762 10.498088
25224654 10.559830
25224299 10.755871
25222057 14.229527
25221758 14.235346
25221139 14.246959
25220357 14.253819
25215663 14.255828
25213471 14.264992
25213099 14.269942
25205669 14.301018
25205594 14.408617
25205550 14.417260
25205271 14.461184
25205095 14.521090
25204644 14.611347
25204541 14.740221
25204521 14.742628
25201864 14.922388
25201391 14.941101
25201032 14.962407
25201024 15.130787
25200727 15.155881
25200565 15.248543
25200317 15.309042
25200165 15.364379
25199533 15.467984
25199523 15.508213
25199516 15.567008
25199028 15.571654
25197529 15.602446
25196876 15.609195
25196805 15.682135
25196342 15.702948
25193454 15.717004
25192909 15.748694
25192703 15.769683
25192612 15.776034
25191744 15.784275
25190412 15.835980
25189003 16.229712
25188987 16.377706
25188699 16.461272
25188375 16.461814
25188075 16.576606
25187455 16.888938
25186701 17.058011
25186540 17.611250
25186532 17.642427
25185070 18.488282
25184176 18.566111
25184135 18.825065
25183886 19.278134
25183885 19.480351
25182584 19.489554
25182282 20.338430
25182147 21.015171
25181964 21.025948
25181929 21.043612
25181848 40.434594
25180773 40.933899
25180397 41.448334
25180021 42.420558
25167123 54.345341
25166677 54.347448
25166382 54.349378
25166236 54.357749
25161961 54.388002
25160771 54.393397
25158460 54.415082
25158155 54.419123
25157649 54.428819
25154307 54.430672
25154142 54.459206
25149981 54.485040
25147514 54.486710
25143292 54.505982
25130800 54.523990
25123332 54.527181
25122096 54.530049
25119245 54.549055
25117687 54.552613
25108930 54.583191
25105932 54.604955
25099610 54.608401
25096956 54.617598
25096538 54.649643
25094630 54.666980
25093407 54.720714
25081315 54.731043
25080339 54.742847
25075224 54.748623
25075207 54.774604
25072102 54.783375
25043722 54.812449
25037561 54.816230
25022522 54.862054
25022195 54.874058
25020102 54.874556
25016305 54.905546
25015928 54.919457
25015803 54.973551
25015476 54.982191
25014581 55.030704
25014010 55.039510
25013550 55.077677
25013054 55.101429
25012591 55.123677
25011673 55.150001
25006739 55.158831
25006401 55.164457
25006343 55.172976
25006084 55.174240
25006009 55.191689
25005549 55.194382
25003664 55.225894
25003200 55.238209
25001435 55.277068
25000526 55.296340
24999919 55.300150
24999318 55.332583
24999276 55.368043
24998949 55.375595
24998857 55.489942
24998605 55.553752
24998491 55.585787
24998273 55.592100
24996825 55.600855
24995954 55.611840
24995682 55.632322
24995101 55.640000
24992018 55.660962
24991809 55.694976
24989223 55.705508
24986679 55.731104
24984821 55.752496
24984597 55.769196
24984245 55.853769
24982466 56.006038
24982141 56.027159
24979188 56.031166
24978978 56.079176
24978777 56.102243
24978652 56.115585
24977671 56.241966
24977230 56.243129
24977089 56.277098
24976618 56.282572
24975757 56.286411
24974470 56.389934
24972180 56.492634
24970648 56.553637
24968041 56.608600
24967914 56.914229
24966451 56.958619
24966380 57.035784
24965571 57.204924
24963720 57.208586
24963250 57.295710
24961889 57.355993
24961656 57.534563
24960991 58.165434
24960751 58.357198
24960459 59.259766
24959623 59.357225
24959493 59.459288
24958509 59.580433
24956150 59.635708
24956146 60.067560
24945708 60.158952
24945621 60.176611
24944918 60.383446
24942684 60.391841
24942631 60.508892
24942625 60.852322
24942419 61.009650
24942070 61.097426
24942069 61.111003
24941851 61.286857
24941442 61.392302
24941362 61.402807
24941120 61.412313
24940998 61.425713
24940088 61.539067
24939604 61.980516
24939279 62.550064
24937729 62.653467
24937610 62.712039
24937534 90.020505
24937376 90.143782
24937109 90.152030
24936830 90.243528
24935619 90.353852
24935328 90.355114
24935253 90.442731
24934818 90.443858
24934187 90.478137
24933177 90.522164
24933118 90.530908
24931876 90.623576
24931814 91.074185
24931344 91.117342
24931230 92.181177
24930821 92.484010
