35027896 0.008421
30131960 0.015225
30128252 0.015608
30117586 0.016991
30107853 0.019569
30105084 0.020445
30096807 0.027569
30087617 0.028014
30058785 0.030299
30050544 0.038286
30028963 0.038726
30011805 0.039014
29999248 0.040185
29998870 0.040453
29994692 0.040838
29990682 0.042783
29972304 0.045003
29962826 0.046643
29957047 0.047028
29950198 0.047639
29940385 0.048331
29940047 0.049626
29938528 0.053936
29931687 0.059721
29919144 0.062870
29915044 0.065723
29908790 0.066021
29888982 0.070426
29888196 0.078406
29859022 0.080264
29803432 0.081170
29801920 0.082838
29796858 0.088166
29793657 0.093338
29793164 0.096343
29777349 0.099304
29748442 0.099642
29735951 0.100239
29734193 0.102071
29732378 0.106347
29730043 0.109897
29725371 0.110674
29723242 0.111611
29721686 0.113492
29721162 0.115572
29719210 0.116606
29719179 0.118858
29711250 0.119521
29710774 0.128049
29709615 0.147903
29708573 0.148592
29705521 0.158949
29705184 0.163973
29700550 0.164172
29694620 0.164770
29691269 0.186209
29689074 0.188182
29688477 0.206720
29687084 0.214784
29684918 0.216864
29680376 0.220203
29675136 0.232035
29670846 0.240780
29670460 0.251960
29666448 0.259542
29663462 0.269726
29661020 0.280936
29659272 0.338978
29657137 0.349045
29656980 0.387185
29654225 0.513939
29653994 1.944631
29651493 1.946833
29649021 1.951601
29639301 2.110189
29638715 163.260750
