42674901 0.106122
35812471 0.238565
35802907 0.242613
35800516 0.277742
35799421 0.278488
35798292 0.279599
35789955 0.283731
35784051 0.285817
35783526 0.286401
35782849 0.291895
35768016 0.295376
35766671 0.296444
35766449 0.297159
35762999 0.300676
35762307 0.301672
35694014 0.327602
35687710 0.329137
35686906 0.330889
35686306 0.332343
35684262 0.334738
35637731 0.352521
35632531 0.357576
35631799 0.367139
35581280 0.372138
35513513 0.375080
35512100 0.385518
35509661 0.389716
35507289 0.399165
35498699 0.400253
35498349 0.402743
35480628 0.405894
35480589 0.411009
35466485 0.416601
35463982 0.419160
35458639 0.420265
35455732 0.421215
35453453 0.425217
35452844 0.429728
35443210 0.458299
35443083 0.472982
35409226 0.475700
35408765 0.481243
35403289 0.483488
35402356 0.484701
35400838 0.486806
35400425 0.487688
35382246 0.490601
35340633 0.501038
35338890 0.505034
35338084 0.518284
35330198 0.525157
35329709 0.532608
35327567 0.536795
35304719 0.550987
35303930 0.565263
35256233 0.575202
35254125 0.577826
35253204 0.580201
35250462 0.581964
35245737 0.586050
35238812 0.589869
35235879 0.593496
35233935 0.595906
35232017 0.600062
35231542 0.602445
35224840 0.611924
35224370 0.614288
35220580 0.615335
35220107 0.619047
35217844 0.621830
35216892 0.633525
35214115 0.641996
35211470 0.644795
35210102 0.649904
35208691 0.655985
35205491 0.661741
35204996 0.678603
35200421 0.688793
35199012 0.691435
35197843 0.692843
35197240 0.701345
35194546 0.708121
35120246 0.711535
35118187 0.714093
35113101 0.718310
35108955 0.720086
35106628 0.722762
35106605 0.725881
35106028 0.728497
35105844 0.736950
35105247 0.751565
35103887 0.773880
35102615 0.785072
35096826 0.791127
35096139 0.791781
35095990 0.794216
35085715 0.810246
35083763 0.818320
35081988 0.831147
35081267 0.837488
35080968 0.852680
35080655 0.855477
35077614 0.860456
35077401 0.868522
35073492 0.870553
35072754 0.874888
35059660 0.880889
35059010 0.900293
35058888 0.901618
35055622 0.906468
35054389 0.909845
35052951 0.913537
35043259 0.919540
34982775 0.921555
34982718 0.925755
34980500 0.932471
34874328 0.938282
34843943 0.956553
34842472 0.961603
34842198 0.968537
34567577 0.974686
34564972 0.976857
34563520 0.988283
34558731 0.990773
34547850 0.995779
34458379 1.005572
34457834 1.007274
34457107 1.029554
34454179 1.037606
34453985 1.037970
34452450 1.042310
34451456 1.048281
34451093 1.058937
34451037 1.079898
34450801 1.085831
34419733 1.091293
34419299 1.099282
34419143 1.136906
34419127 1.147687
34417989 1.148881
34417872 1.160958
34393725 1.171176
34393362 1.174580
34390766 1.178469
34325048 1.192863
34321345 1.210107
34304822 1.217468
34302090 1.225552
34301701 1.226971
34298293 1.229420
34298054 1.248016
34296129 1.264499
34294084 1.270658
34294072 1.275977
34293140 1.290581
34290978 1.305550
34290111 1.316741
34288248 1.317521
34287674 1.317891
34286408 1.320978
34286089 1.328839
34280548 1.336129
34278862 1.344038
34278095 1.348590
34277717 1.353239
34270633 1.360822
34261283 1.364347
34261161 1.391366
34256910 1.439363
34255509 1.442308
34254166 1.467042
34253980 1.471598
34253410 1.472749
34253042 1.489266
34250545 1.500716
34238350 1.514089
34237436 1.515418
34236819 1.536578
34236666 1.562509
34236413 1.579378
34235873 1.579962
34232737 1.582072
34231817 1.604768
34230459 1.607746
34229179 1.609983
34228561 1.617146
34227538 1.631837
34227437 1.634291
34227228 1.648502
34223310 1.665408
34219031 1.676640
34218986 1.693016
34217802 1.695017
34216302 1.718074
34216235 1.720247
34216019 1.759710
34214338 1.790737
34210672 1.794874
34210276 1.810356
34206102 1.833209
34202178 1.840559
34201881 1.843430
34200828 1.844642
34200359 1.853158
34200344 1.880386
34199949 1.895223
34047105 1.909504
34046438 1.910906
34046040 1.920141
34044975 1.921655
34042997 1.928972
34042214 1.931649
34038500 1.956145
34037175 1.971415
34036699 1.973380
34034429 2.024277
34033980 2.024882
34032664 2.027861
34031858 2.028983
34006535 2.032171
34005969 2.055145
34005518 2.057534
34005254 2.065741
34004119 2.120069
34002721 2.141751
34002393 2.143586
33995297 2.153380
33990967 2.183752
33986110 2.192442
33985017 2.215407
33984355 2.221142
33983815 2.229874
33983703 2.234536
33982515 2.239588
33981809 2.241240
33980556 2.269606
33980055 2.269976
33979962 2.284803
33977363 2.298001
33975006 2.311330
33974823 2.339658
33973918 2.345538
33973786 2.367951
33972927 2.372395
33969027 2.374233
33968139 2.375610
33967091 2.377247
33966877 2.380872
33966797 2.421759
33966779 2.423907
33966512 2.435040
33965662 2.459819
33965646 2.460458
33965285 2.479981
33963384 2.490979
33962462 2.507885
33962295 2.510025
33959595 2.523300
33959075 2.548587
33957736 2.549362
33957526 2.552633
33957434 2.590376
33957425 2.596007
33957114 2.620137
33956897 2.623109
33956325 2.635472
33954428 2.723345
33954302 2.764403
33954257 2.778350
33953234 2.841116
33949958 2.855692
33948134 2.861814
33947599 2.875297
33947436 2.877840
33947315 2.900883
33946803 2.905875
33946478 2.934141
33946352 2.941410
33943932 2.955189
33858904 2.972218
33851662 2.975569
33850491 2.981782
33850401 2.982206
33848407 2.986266
33831845 3.004467
33831446 3.059091
33829640 3.063192
33827417 3.094453
33827366 3.112040
33825392 3.134286
33825058 3.144366
33824778 3.152440
33824657 3.153456
33824316 3.154993
33823732 3.164898
33823571 3.257072
33822961 3.260304
33822634 3.264350
33822180 3.264973
33822091 3.274133
33821154 3.281093
33820884 3.300922
33820283 3.352815
33818987 3.356948
33818930 3.361518
33818381 3.388654
33818158 3.398052
33817577 3.407039
33817487 3.438063
33817378 3.515754
33816866 3.545477
33812370 3.556957
33784213 3.612265
33782715 3.630652
33782436 3.632857
33782088 3.655395
33782022 3.676533
33776450 3.679476
33776198 3.693002
33775265 3.698407
33775212 3.701584
33773595 3.727004
33773324 3.803799
33773176 3.805932
33772998 3.810738
33771592 3.822718
33770934 3.835363
33768601 3.858703
33767933 3.869796
33766345 3.879793
33764555 3.892227
33764425 3.902927
33763289 3.920568
33760660 3.936884
33757901 3.949658
33757821 3.984989
33756632 3.993456
33755704 4.006334
33754723 4.065742
33754713 4.084433
33754233 4.096155
33753905 4.121798
33753830 4.139650
33753781 4.168041
33753322 4.207808
33753197 4.209827
33752742 4.238100
33745200 4.254881
33745162 4.356189
33744699 4.401847
33744440 4.406132
33743176 4.470040
33743043 4.471553
33742875 4.480178
33742285 4.545910
33741178 4.548882
33741064 4.566388
33740345 4.567972
33740099 4.656356
33739287 4.682605
33736841 4.715697
33736699 4.814103
33736693 4.867500
33736038 4.975818
33735854 4.980026
33735767 4.993508
33735431 5.004046
33735230 5.074751
33734125 5.096153
33733800 5.126916
33733324 5.134464
33732390 5.202771
33731172 5.216752
33730975 5.243190
33729962 5.286814
33724188 5.308811
33723891 5.313645
33723793 5.411893
33720638 5.521879
33720452 5.524142
33720324 5.647759
33719332 5.693194
33718875 5.709375
33718407 5.741557
33715090 5.772620
33714067 5.780452
33713792 5.802828
33713537 5.834408
33713456 5.846243
33713095 5.943982
33711936 6.053338
33709121 6.169526
33708937 6.408433
33708304 6.473698
33708100 6.536926
33707954 6.538422
33707184 6.797312
33704850 6.825692
33693106 6.911795
33693048 7.088383
33691958 7.136785
33691792 7.165009
33691039 7.355245
33690657 7.374174
33681633 7.381994
33680923 7.389531
33677442 7.407454
33676853 7.446454
33676671 7.497602
33676635 7.515970
33676512 7.541799
33675945 7.568756
33675509 7.612734
33675504 7.613379
33673648 7.615328
33673181 7.631828
33673157 7.757445
33672821 7.832587
33672813 7.834998
33671431 8.001328
33671231 8.086849
33670802 8.133200
33670743 8.135159
33670702 8.148649
33670517 8.198087
33669960 8.221291
33669877 8.402664
33669755 8.425200
33667997 8.560192
33667775 8.604811
33667612 8.714453
33667482 8.749974
33667286 8.853987
33666163 8.993390
33665937 9.016866
33665312 9.506502
33664622 9.586405
33664534 9.637217
33664467 9.690872
33664345 9.700396
33664252 9.781501
33663455 9.810793
33662971 9.972817
33662795 9.996235
33662735 10.128026
33662022 10.142143
33661460 10.860930
33661435 10.947413
33660632 11.003238
33660405 11.302806
33659419 11.335003
33658720 11.672171
33658448 11.721918
33658300 11.853731
33657502 11.873401
33657331 12.193718
33656762 12.429266
33656511 12.510363
33656139 12.538998
33655985 12.546402
33655578 12.771235
33655455 12.849382
33655299 12.916108
33654747 13.010698
33654621 13.218564
33654483 13.268692
33654402 13.278238
33654381 13.569628
33653963 13.574415
33653722 13.622375
33653456 13.637379
33653389 13.656814
33653226 13.927106
33652925 14.009655
33652855 14.356569
33652690 14.535874
33652120 14.906229
33651561 15.041086
33651176 15.363903
33651066 15.449088
33650864 15.618190
33650646 15.811526
33650362 15.992929
33650360 15.998535
33650189 16.004769
33650160 16.023531
33649925 16.038633
33649634 16.107972
33649279 16.218542
33649199 16.414973
33648997 16.936034
33648612 17.404206
33648347 17.548015
33648241 17.807970
33648221 17.938177
33648112 17.942633
