31802867 0.004405
27627275 0.010264
27627158 0.010859
27560081 0.011435
27517816 0.011861
27485207 0.012430
27466165 0.013717
27444505 0.015521
27421227 0.017553
27403135 0.019086
27394264 0.019837
27393275 0.023590
27371608 0.024399
27344580 0.025913
27324506 0.026247
27322873 0.026514
27312667 0.027541
27312641 0.027732
27234045 0.031660
27228682 0.032375
27228445 0.034206
27222280 0.036036
27218726 0.036320
27215183 0.039596
27196030 0.042109
27194770 0.042340
27189515 0.042726
27188770 0.048975
27172093 0.049273
27171596 0.051659
27168638 0.063455
27147164 0.065936
27139351 0.080973
27132300 0.084829
27124244 0.086982
27122406 0.090320
27119694 0.094070
27118623 0.100361
27118417 0.102221
27118004 0.130226
27110735 0.162670
27108784 0.169689
27107496 0.184269
27104141 0.187664
27087512 0.197475
27084152 0.410739
27083710 0.421459
27082988 0.443284
27080521 0.444418
27077299 0.484835
27075753 0.515817
27075695 0.526416
27073923 1.048775
27069682 1.051131
27069156 1.067501
27068941 1.068873
27068299 1.072274
27067549 5.558269
27065373 5.565787
27062834 5.590205
27062695 5.600627
27062150 23.953143
27056866 43.106296
27055098 60.712842
27054201 60.718123
27053480 60.865871
27053327 60.874038
