50938031 0.024714
45020336 0.046847
44993674 0.049645
44989412 0.049834
44964210 0.050394
44950838 0.051245
44932444 0.052228
44916804 0.053168
44867028 0.057048
44865774 0.057363
44821378 0.058159
44804198 0.064358
44802998 0.067747
44779444 0.069924
44777273 0.070982
44772913 0.071888
44761322 0.072722
44760694 0.076769
44759878 0.077651
44737516 0.080630
44724360 0.081241
44720621 0.081959
44718879 0.082659
44718512 0.085934
44695239 0.088803
44688801 0.096218
44678194 0.096578
44667545 0.107958
44666551 0.110251
44662448 0.110755
44661911 0.115330
44659520 0.116233
44655196 0.117422
44653609 0.121062
44616952 0.122196
44605784 0.122922
44604880 0.123448
44600927 0.124266
44594016 0.126512
44580672 0.132509
44527288 0.133135
44527213 0.137920
44525345 0.144929
44521896 0.147748
44480000 0.150358
44466636 0.160236
44465258 0.165581
44448251 0.165826
44448116 0.167811
44443340 0.172096
44440229 0.173628
44436869 0.177080
44432934 0.179675
44427217 0.180011
44424992 0.180837
44423158 0.185489
44421735 0.185704
44420950 0.187091
44418938 0.192625
44418243 0.194579
44418145 0.202274
44413011 0.205949
44409896 0.207168
44405759 0.209555
44405152 0.222342
44402329 0.231178
44398619 0.231720
44396874 0.233921
44396116 0.242937
44394864 0.243167
44394618 0.243344
44393952 0.244251
44393863 0.245881
44378900 0.250816
44376737 0.251377
44375822 0.251612
44366962 0.254912
44365846 0.277853
44364684 0.280813
44364591 0.285161
44353654 0.298375
44353537 0.298679
44353459 0.314373
44351962 0.315491
44349263 0.324744
44345353 0.334426
44343906 0.337815
44343872 0.338588
44343511 0.340708
44337779 0.341304
44334729 0.342810
44333731 0.350854
44331977 0.355114
44329705 0.369338
44329431 0.371271
44322915 0.373330
44318324 0.384231
44317805 0.391129
44308843 0.400750
44304679 0.405120
44304214 0.406545
44302293 0.407536
44301711 0.408912
44299633 0.414509
44290445 0.417438
44287394 0.435794
44286181 0.454307
44285692 0.456527
44283223 0.460647
44276021 0.463027
44266676 0.481158
44265035 0.495538
44260203 0.519123
44259989 0.525450
44257318 0.530396
44245534 0.564095
44245501 0.565536
44244743 0.576201
44243482 0.577290
44240987 0.577607
44239230 0.628083
44237314 0.646063
44236275 0.647079
44234642 0.658556
44233186 0.672980
44231415 0.684120
44231152 0.689974
44227350 0.693144
44226113 0.790735
44224645 0.803306
44224181 0.851635
44221684 0.921414
44208072 1.008927
44206811 1.070010
44201287 1.335781
44192243 1.349710
44188423 1.600118
44187924 1.659318
44187076 1.806210
44182167 57.806986
44181599 57.810589
44180942 57.924675
44180351 57.955717
44179222 57.983981
44177913 57.991557
44177028 58.024461
44175048 58.309684
44174552 58.356199
44174361 58.389715
44172886 58.423049
44172700 58.471682
44170669 127.653958
44170109 127.761200
44169250 127.911195
44167827 127.962884
44167450 127.987941
44167326 128.047651
44163692 128.077445
