PROBLEM_FILE = /tmp/tsp/341.tmp/example.tmp
45247885 0.518040
45147986 0.518062
45131164 0.518075
45095948 0.518079
45007696 0.518082
44989778 0.518102
44961718 0.518115
44941109 0.518126
44902576 0.518135
44837212 0.518144
44773263 0.518147
44737252 0.518163
44660685 0.518169
44535490 0.518181
44522326 0.518195
44517203 0.518199
44435403 0.518208
44431478 0.518217
44295014 0.518224
44285781 0.518243
44214442 0.518249
44212709 0.518253
44138573 0.518260
44076984 0.518264
44019769 0.518279
44018863 0.518282
43989492 0.518286
43970985 0.518290
43969484 0.518302
43935574 0.518310
43912791 0.518321
43905875 0.518324
43813178 0.518328
43522133 0.518338
43521108 0.518346
43512400 0.518352
43496442 0.518355
43475812 0.518358
43454665 0.518367
43417928 0.518370
43351564 0.518377
43316860 0.518385
43270422 0.518392
43215648 0.518403
43209515 0.518406
43174723 0.518410
43154878 0.518416
43132112 0.518419
43084407 0.518427
42993058 0.518433
42972687 0.518439
42970209 0.518447
42969774 0.518451
42907544 0.518460
42872566 0.518465
42775433 0.518469
42771396 0.518476
42740606 0.518480
42713666 0.518502
42558032 0.518509
42526145 0.518513
42478408 0.518532
42461302 0.518551
42423403 0.518555
42356138 0.518560
42350866 0.518563
42341586 0.518570
42238210 0.518574
42194155 0.518577
42172396 0.518581
42150024 0.518588
42129788 0.518592
42096440 0.518600
42069828 0.518608
41804690 0.518615
41755510 0.518619
41738937 0.518623
41615434 0.518630
41496782 0.518642
41443000 0.518651
41442828 0.518654
41440405 0.518672
41439489 0.518676
41435370 0.518686
41420882 0.518692
41395064 0.518695
41383589 0.518699
41376029 0.518715
41368507 0.518718
41346122 0.518731
41311283 0.518740
41307971 0.518744
41293040 0.518747
41277171 0.518754
41274942 0.518767
41264469 0.518783
41238661 0.518786
41211283 0.518790
41082069 0.518794
41081782 0.518797
41031265 0.518802
41010735 0.518805
40968203 0.518810
40876819 0.518816
40831758 0.518826
40814091 0.518836
40785021 0.518843
40745586 0.518847
40508869 0.518857
40391440 0.518867
40291568 0.518870
40217796 0.518886
40173631 0.518901
40163701 0.518904
39959957 0.518908
39873879 0.518921
39800444 0.518933
39730288 0.518944
39726756 0.518950
39711159 0.518957
39628431 0.518963
39621058 0.518969
39599329 0.518974
39583322 0.518980
39570384 0.518990
39561273 0.518997
39539354 0.519005
39501576 0.519008
39458560 0.519013
39446645 0.519016
39431804 0.519019
39417216 0.519026
39395844 0.519036
39389757 0.519042
39363340 0.519045
39326922 0.519064
39185250 0.519071
39184855 0.519084
39177837 0.519087
39047092 0.519095
39014772 0.519101
39008347 0.519108
38941515 0.519111
38933886 0.519114
38911926 0.519117
38814299 0.519122
38811714 0.519125
38788686 0.519128
38782061 0.519132
38771932 0.519135
38746020 0.519138
38742530 0.519142
38731740 0.519145
38711647 0.519149
38657206 0.519154
38631950 0.519158
38380009 0.519168
38335200 0.519172
38324434 0.519187
38303280 0.519190
38284300 0.519193
38271635 0.519197
38237115 0.519201
38222302 0.519205
38039683 0.519209
38032460 0.519215
37990991 0.519248
37956692 0.519253
37900579 0.519267
37898092 0.519275
37862765 0.519281
37840909 0.519285
37785715 0.519288
37771902 0.519292
37724318 0.519296
37709238 0.519299
37692924 0.519303
37552060 0.519310
37488349 0.519313
37442644 0.519323
37323945 0.519328
37281756 0.519342
37235749 0.519346
37230627 0.519361
37213728 0.519364
37198077 0.519371
37196774 0.519378
37151568 0.519382
37112633 0.519385
37104532 0.519388
37046029 0.519392
37041240 0.519396
37025157 0.519399
37019743 0.519414
36973885 0.519423
36971046 0.519436
36913279 0.519440
36882016 0.519443
36816026 0.519448
36581385 0.519455
36563763 0.519463
36543953 0.519471
36412005 0.519476
36400939 0.519484
36313806 0.519488
36256449 0.519499
36224474 0.519506
36137916 0.519516
36082034 0.519526
36072080 0.519530
36058577 0.519533
35965070 0.519539
35913209 0.519547
35870234 0.519556
35773865 0.519570
35740908 0.519573
35732741 0.519578
35700877 0.519586
35685791 0.519595
35575165 0.519608
35467128 0.519616
35452221 0.519635
35436368 0.519644
35347179 0.519648
35337525 0.519669
35278266 0.519675
35222803 0.519681
35075819 0.519685
35045707 0.519690
35033628 0.519696
34881055 0.519703
34857350 0.519709
34852755 0.519727
34847411 0.519744
34783797 0.519750
34782666 0.519765
34700874 0.519773
34682486 0.519780
34655651 0.519808
34564946 0.519824
34552864 0.519830
34547005 0.519833
34489142 0.519840
34446260 0.519844
34311799 0.519861
34265352 0.519864
34242926 0.519870
34223622 0.519876
34223338 0.519906
34221871 0.519923
34213534 0.519933
34180201 0.519938
34150535 0.519942
34117935 0.519964
34087368 0.519977
34080190 0.519981
34021942 0.519984
34014849 0.519994
34011493 0.520002
34009753 0.520010
33991945 0.520016
33939702 0.520020
33749045 0.520030
33744271 0.520038
33618311 0.520045
33616645 0.520055
33520935 0.520072
33517052 0.520084
33516360 0.520101
33502110 0.520104
33500028 0.520112
33498886 0.520115
33431032 0.520165
33390717 0.520174
33350136 0.520178
33325507 0.520185
33319025 0.520201
33316244 0.520206
33272986 0.520209
33261567 0.520221
33249640 0.520235
33244613 0.520249
33220627 0.520266
33204779 0.520278
33188896 0.520282
33111842 0.520295
33063205 0.520308
32998207 0.520311
32983493 0.520314
32949324 0.520320
32931258 0.520324
32927932 0.520327
32851004 0.520332
32811157 0.520347
32806574 0.520353
32761266 0.520359
32749602 0.520365
32734600 0.520369
32712688 0.520373
32691531 0.520377
32639130 0.520382
32632076 0.520387
32554128 0.520391
32514875 0.520394
32511948 0.520398
32493501 0.520400
32487593 0.520403
32482380 0.520408
32394759 0.520417
32353432 0.520422
32303232 0.520435
32293530 0.520440
32202617 0.520447
32184539 0.520457
32150533 0.520461
32149661 0.520464
32142088 0.520477
32137701 0.520487
32122540 0.520496
32055769 0.520502
32011880 0.520517
32003712 0.520521
31991006 0.520524
31924113 0.520541
31912286 0.520650
31830916 0.520659
31808271 0.520665
31798708 0.520673
31797543 0.520676
31776995 0.520685
31730187 0.520693
31599657 0.520713
31585117 0.520732
31573934 0.520737
31559763 0.520740
31546511 0.520744
31518627 0.520761
31517394 0.520786
31491262 0.520790
31469719 0.520794
31417015 0.520808
31387951 0.520813
31363792 0.520816
31322327 0.520820
31299114 0.520824
31293646 0.520827
31226358 0.520853
31212576 0.520856
31164188 0.520859
30975638 0.520865
30972823 0.520872
30940396 0.520877
30870262 0.520890
30861952 0.520895
30846651 0.520901
30751412 0.520907
30748428 0.520915
30733668 0.520924
30732929 0.520935
30728065 0.520944
30716582 0.520949
30702928 0.520952
30664994 0.520959
30633073 0.520964
30611746 0.520981
30531197 0.521053
30530683 0.521057
30519026 0.521065
30492475 0.521069
30490619 0.521073
30478502 0.521080
30477577 0.521089
30472993 0.521103
30470858 0.521107
30453158 0.521111
30452801 0.521116
30443896 0.521124
30417359 0.521133
30415682 0.521141
30318909 0.521204
30292322 0.521240
30277410 0.521244
30266232 0.521247
30221987 0.521250
30113245 0.521254
30079052 0.521270
30073576 0.521274
30061566 0.521277
30050582 0.521281
30039214 0.521288
30039090 0.521292
30031675 0.521297
30026327 0.521340
29988202 0.521344
29960324 0.521347
29938801 0.521363
29877658 0.521366
29866049 0.521371
29851139 0.521422
29850951 0.521428
29846114 0.521434
29773697 0.521438
29757231 0.521441
29714258 0.521444
29656534 0.521448
29653083 0.521474
29632673 0.521487
29624392 0.521500
29621593 0.521530
29619701 0.521535
29617628 0.521556
29613162 0.521560
29603153 0.521571
29596934 0.521599
29581403 0.521603
29572982 0.521608
29541637 0.521611
29540552 0.521621
29509930 0.521624
29484270 0.521628
29483959 0.521643
29453838 0.521648
29424959 0.521653
29409301 0.521660
29406650 0.521663
29335254 0.521669
29319085 0.521673
29308360 0.521677
29262066 0.521688
29260573 0.521700
29259111 0.521706
29153697 0.521720
29138325 0.521724
29123153 0.521730
29105374 0.521742
29067159 0.521746
29059331 0.521750
29039839 0.521755
28924140 0.521764
28891206 0.521772
28883098 0.521775
28853159 0.521782
28850428 0.521792
28827703 0.521797
28782661 0.521808
28774011 0.521811
28759075 0.521898
28757916 0.521901
28707723 0.521905
28698896 0.521908
28671333 0.521919
28656040 0.521933
28544659 0.521944
28498799 0.521959
27870668 0.521973
27846157 0.521978
27658980 0.521990
27455960 0.522062
27454382 0.522067
27363156 0.522070
27357430 0.522077
27322671 0.522081
27225713 0.522128
27208885 0.522136
27181388 0.522142
27165387 0.522153
27109470 0.522164
27056663 0.522172
27049239 0.522190
27038199 0.522194
27031904 0.522203
27029709 0.522318
27019792 0.522357
26993519 0.522367
26989339 0.522383
26985810 0.522387
26627311 0.522398
26569484 0.522439
26552539 0.522444
26499493 0.522456
26493108 0.522466
26489244 0.522474
26337482 0.522490
26210109 0.522495
26200373 0.522499
26199896 0.522523
26179143 0.522533
26169085 0.522555
26168181 0.522559
26147019 0.522564
26134332 0.522568
26116882 0.522612
26087025 0.522629
26028313 0.522639
26025161 0.522643
26000479 0.522649
25993619 0.522677
25985162 0.522681
25970653 0.522726
25968626 0.522731
25956722 0.522740
25928528 0.522780
25844813 0.522789
25788140 0.522793
25788055 0.522830
25771817 0.522845
25770652 0.522851
25756516 0.522855
25752622 0.522862
25659877 0.522874
25654559 0.522877
25595226 0.522896
25550706 0.522903
25545303 0.522943
25544381 0.522992
25544352 0.522996
25543480 0.522999
25513350 0.523005
25509435 0.523011
25456333 0.523057
25456193 0.523077
25243614 0.523082
25240688 0.523086
25237247 0.523090
25233112 0.523099
25224452 0.523135
25159070 0.523151
25149337 0.523244
25148507 0.523470
25142105 0.523475
25140126 0.523519
25133225 0.523594
25131707 0.523603
25123099 0.523619
25114279 0.523636
25110810 0.523655
25093885 0.523673
25071431 0.523676
24435952 0.523924
24433431 0.523930
24428094 0.523935
24428065 0.523947
24425814 0.523954
24403842 0.523957
24403174 0.524130
24397054 0.524137
24364140 0.524166
24361491 0.524169
24356571 0.524175
24312495 0.524183
24285921 0.524187
24284998 0.524220
24284444 0.524236
24274089 0.524240
24271007 0.524262
24269987 0.524266
24197048 0.524271
24183900 0.524274
24110461 0.524291
24091519 0.524297
24051988 0.524363
24005030 0.524381
23982705 0.524384
23975888 0.524387
23935542 0.524391
23930873 0.524485
23861208 0.524520
23805062 0.524533
23758489 0.524539
23756398 0.524607
23655837 0.524630
23654273 0.524683
23641344 0.524688
23628250 0.524700
23626174 0.524706
23624618 0.524711
23623909 0.524805
23622195 0.524892
23619434 0.526747
23608946 0.526765
23514524 0.526776
23512978 0.526780
23505502 0.526786
23493617 0.526808
23489774 0.526832
23472714 0.526845
23447231 0.526856
23444399 0.526950
23432328 0.527352
23423467 0.527401
23416995 0.527407
23412921 0.527474
23398967 0.528608
23370736 0.528628
23366272 0.529077
23363644 0.529159
23360188 0.530218
23343520 0.530476
23340705 0.530484
23340026 0.530528
23338410 0.531286
23328515 0.531298
23312730 0.531387
23303761 0.531935
23299079 0.531970
23294200 0.532196
23288938 0.532200
23281503 0.532793
23278094 0.532798
23260100 0.532817
23255311 0.532822
23253046 0.533547
23243567 0.533594
23217510 0.533611
23214683 0.533619
23213772 0.533900
23212105 0.533908
23209925 0.533951
23195905 0.533957
23193630 0.534018
23184646 0.537529
23178631 0.537556
23178107 0.537573
23173179 0.540112
23139206 0.540156
23137939 0.540166
23135149 0.540171
23132203 0.540617
23131551 0.540658
23127169 0.540666
23088421 0.540673
23088399 0.540993
23079912 0.541207
23074717 0.541218
23071016 0.541238
23060983 0.541243
23041744 0.541271
23037987 0.541318
23015684 0.541322
22993299 0.541696
22984436 0.541721
22983346 0.541728
22981933 0.542932
22977166 0.542960
22972794 0.546983
22971921 0.547159
22969619 0.547164
22969094 0.547236
22968836 0.551214
22968617 0.551389
22967560 0.551434
22960997 0.551547
22956848 0.551696
22956590 0.553193
22954119 0.553631
22946089 0.553636
22945864 0.555661
22944255 0.558811
22944144 0.830393
22943584 0.874625
22938795 0.876115
22935801 0.876191
22935717 0.876586
22933389 0.876591
22931473 1.569978
22928472 1.581971
22926157 3.311805
22926157 603.314862
