PROBLEM_FILE = /tmp/tsp/2074.tmp/example.tmp
44092575 0.523360
44088089 0.523379
43944282 0.523390
43943830 0.523397
43933995 0.523401
43933780 0.523413
43929782 0.523423
43907838 0.523427
43883602 0.523431
43832643 0.523435
43765906 0.523438
43729988 0.523446
43723037 0.523451
43621314 0.523458
43602899 0.523463
43581409 0.523473
43506039 0.523486
43505270 0.523501
43498240 0.523506
43492212 0.523510
43445868 0.523528
43335756 0.523533
43284103 0.523544
43266852 0.523548
43266308 0.523551
43255485 0.523554
43234727 0.523557
43231808 0.523561
43210973 0.523572
43199697 0.523575
43104397 0.523582
43100216 0.523585
43068753 0.523595
43009764 0.523601
42997230 0.523605
42792010 0.523614
42787549 0.523620
42608718 0.523626
42602162 0.523631
42548975 0.523640
42505650 0.523645
42463183 0.523650
42422680 0.523654
42362870 0.523658
42311211 0.523663
42266343 0.523685
42259664 0.523710
42251108 0.523715
42244482 0.523719
42226694 0.523722
42196004 0.523726
42181618 0.523729
42175596 0.523741
42166280 0.523746
42166122 0.523760
42149245 0.523764
42128111 0.523774
42121258 0.523778
42111204 0.523781
41972673 0.523789
41949169 0.523798
41923748 0.523802
41839628 0.523818
41836931 0.523826
41764948 0.523838
41761394 0.523844
41734761 0.523847
41660651 0.523850
41644051 0.523860
41630957 0.523864
41627150 0.523868
41569773 0.523876
41525534 0.523879
41397226 0.523891
41396340 0.523894
41295463 0.523898
41285771 0.523903
41228094 0.523910
41224839 0.523920
41137217 0.523926
41121430 0.523949
41087947 0.523953
41068170 0.523960
40871172 0.523968
40749485 0.523978
40740259 0.523982
40611926 0.523988
40410627 0.524002
40395228 0.524006
40393261 0.524013
40390233 0.524024
40370563 0.524028
40302373 0.524041
40250018 0.524045
40174720 0.524053
40172824 0.524062
40172805 0.524069
40145227 0.524080
40141389 0.524086
40113287 0.524091
40113017 0.524098
40104160 0.524104
40089657 0.524107
40070278 0.524117
40058401 0.524123
39975958 0.524127
39973647 0.524137
39882537 0.524140
39876411 0.524143
39861766 0.524157
39828852 0.524161
39717190 0.524170
39713967 0.524173
39679316 0.524180
39659120 0.524184
39658752 0.524202
39503327 0.524212
39430444 0.524223
39416124 0.524230
39372424 0.524241
39352063 0.524246
39346600 0.524255
39296173 0.524261
39286698 0.524266
39198240 0.524269
39137973 0.524274
39073845 0.524277
38955782 0.524283
38904012 0.524289
38880002 0.524292
38839591 0.524295
38807432 0.524298
38734173 0.524311
38674906 0.524316
38662185 0.524322
38613262 0.524331
38593704 0.524334
38525834 0.524338
38494175 0.524341
38361235 0.524353
38355959 0.524356
38355406 0.524360
38317541 0.524363
38250326 0.524367
38184506 0.524371
38137864 0.524376
38114548 0.524380
38113932 0.524383
38092492 0.524401
38086620 0.524405
38042770 0.524408
38032956 0.524418
37994866 0.524423
37979840 0.524428
37960055 0.524437
37937506 0.524440
37931929 0.524443
37909022 0.524447
37882874 0.524453
37880011 0.524462
37867626 0.524499
37843863 0.524506
37827039 0.524518
37790772 0.524530
37758170 0.524556
37752517 0.524560
37749947 0.524563
37697224 0.524567
37695885 0.524578
37688228 0.524583
37686658 0.524591
37644422 0.524606
37443844 0.524617
37441988 0.524620
37401884 0.524624
37283389 0.524635
37234876 0.524639
37216191 0.524642
37174167 0.524645
37150315 0.524653
37145696 0.524659
37109377 0.524665
37046639 0.524678
36902123 0.524689
36805845 0.524697
36791714 0.524707
36759476 0.524710
36756578 0.524718
36544486 0.524731
36514899 0.524736
36427879 0.524741
36389040 0.524747
36372087 0.524750
36358974 0.524759
36330500 0.524763
36299129 0.524768
36277059 0.524771
36241563 0.524775
36231928 0.524782
36231066 0.524786
36230778 0.524794
36221870 0.524799
36180188 0.524803
36141536 0.524811
36117461 0.524822
36096662 0.524828
35995954 0.524840
35970508 0.524846
35960721 0.524850
35941238 0.524854
35826606 0.524865
35825701 0.524868
35777732 0.524886
35730990 0.524939
35696698 0.524945
35537784 0.524953
35537487 0.524957
35531359 0.524982
35514089 0.524999
35489679 0.525029
35420897 0.525034
35294233 0.525042
35263067 0.525045
35261532 0.525052
35254818 0.525064
35167485 0.525074
35161392 0.525102
35156214 0.525106
35147338 0.525118
35066702 0.525126
34852727 0.525131
34824131 0.525135
34659879 0.525142
34659510 0.525150
34637453 0.525155
34634381 0.525158
34601242 0.525164
34597901 0.525199
34575636 0.525203
34467788 0.525213
34457246 0.525220
34352171 0.525233
34268969 0.525239
34251418 0.525244
34241099 0.525265
34238785 0.525282
34153024 0.525285
34132254 0.525294
33998242 0.525305
33994179 0.525372
33960306 0.525388
33878976 0.525392
33823523 0.525405
33743347 0.525409
33706855 0.525412
33703251 0.525418
33700073 0.525421
33659652 0.525429
33653859 0.525441
33605535 0.525445
33568165 0.525452
33516808 0.525464
33208178 0.525472
33196762 0.525476
33111909 0.525487
33102709 0.525494
33088630 0.525513
33074589 0.525517
33041716 0.525522
32948926 0.525530
32934841 0.525541
32852667 0.525553
32839965 0.525557
32835012 0.525620
32747089 0.525679
32691381 0.525713
32685322 0.525717
32653474 0.525722
32603746 0.525726
32400339 0.525744
32386209 0.525757
32383461 0.525788
32375257 0.525797
32334054 0.525806
32242849 0.525810
32093117 0.525814
32086888 0.525817
32069160 0.525823
32061723 0.525829
32061351 0.525843
32046146 0.525849
31945077 0.525856
31822292 0.525878
31806078 0.525894
31805284 0.525900
31759457 0.525913
31747810 0.525940
31746072 0.525947
31726153 0.525953
31706145 0.525956
31696984 0.525964
31678577 0.525971
31627330 0.525978
31610555 0.525989
31539328 0.525994
31511447 0.525997
31428365 0.526004
31394245 0.526007
31392975 0.526024
31388124 0.526027
31259476 0.526037
31245876 0.526040
31241952 0.526053
31169299 0.526058
31092175 0.526065
31014881 0.526071
31002165 0.526076
30999834 0.526086
30991736 0.526089
30910828 0.526093
30744657 0.526114
30638910 0.526129
30558125 0.526132
30523767 0.526135
30514260 0.526140
30456939 0.526144
30448039 0.526152
30283022 0.526158
30272912 0.526161
30229545 0.526182
30205407 0.526186
30151181 0.526190
30119121 0.526193
30118195 0.526197
30107906 0.526208
30061049 0.526223
29977921 0.526227
29940386 0.526234
29929317 0.526238
29902602 0.526259
29883841 0.526266
29879938 0.526274
29837745 0.526290
29747125 0.526297
29732375 0.526305
29512465 0.526316
29475939 0.526334
29473444 0.526338
29473369 0.526342
29465481 0.526345
29455443 0.526348
29426308 0.526359
29413724 0.526362
29341255 0.526369
29331699 0.526372
29321428 0.526375
29318579 0.526378
29307561 0.526382
29270020 0.526385
29259344 0.526391
29257762 0.526402
29255560 0.526406
29230006 0.526416
29195219 0.526425
29172496 0.526429
29167324 0.526441
29089300 0.526454
29066990 0.526459
29050487 0.526481
28986352 0.526498
28939720 0.526501
28927331 0.526515
28897684 0.526526
28895694 0.526552
28822901 0.526565
28781442 0.526573
28775051 0.526581
28711984 0.526591
28702389 0.526600
28461298 0.526611
28437454 0.526629
28426407 0.526633
28204050 0.526637
28203008 0.526642
28189913 0.526647
28186921 0.526666
28153365 0.526675
28148208 0.526686
28140642 0.526689
28128941 0.526698
28125181 0.526702
28125127 0.526712
28099944 0.526716
28096833 0.526729
28086591 0.526747
28036068 0.526755
28032913 0.526760
28032651 0.526782
28031115 0.526791
28001790 0.526805
27956644 0.526817
27925083 0.526839
27920911 0.526843
27915320 0.526846
27912747 0.526852
27872253 0.526864
27858078 0.526873
27688773 0.526886
27681009 0.526891
27679573 0.526896
27678033 0.526899
27667761 0.526902
27644650 0.526908
27614791 0.526912
27611059 0.526915
27604079 0.526973
27566721 0.527000
27548171 0.527037
27540243 0.527043
27505109 0.527078
27485717 0.527085
27466962 0.527123
27463761 0.527127
27420709 0.527132
27411269 0.527146
27333573 0.527156
27298232 0.527168
27296545 0.527174
27274402 0.527243
27257385 0.527263
27255128 0.527268
27153441 0.527283
27088952 0.527302
27082577 0.527316
27075911 0.527325
27071374 0.527365
27057875 0.527368
26993439 0.527383
26988551 0.527387
26981771 0.527391
26973068 0.527395
26970030 0.527402
26948401 0.527406
26944807 0.527413
26896708 0.527416
26885991 0.527439
26883464 0.527446
26645898 0.527496
26644925 0.527500
26635067 0.527524
26612709 0.527563
26589737 0.527567
26587106 0.527570
26575717 0.527579
26546140 0.527583
26542520 0.527591
26539950 0.527595
26508769 0.527598
26504494 0.527603
26504309 0.527619
26489557 0.527623
26471758 0.527634
26456694 0.527642
26433467 0.527645
26425557 0.527665
26423361 0.527671
26422065 0.527677
26385490 0.527685
26376355 0.527710
26369846 0.527714
26367534 0.527724
26365089 0.527730
26360146 0.527733
26307936 0.527756
26230568 0.527797
26206777 0.527801
26175141 0.527814
26170597 0.527817
26158502 0.527832
26111337 0.527850
26000977 0.527853
25987944 0.527856
25968530 0.527860
25967286 0.528182
25955238 0.528238
25954783 0.528489
25946263 0.528520
25944254 0.528524
25916840 0.528566
25915666 0.528570
25912871 0.528575
25903738 0.528596
25795565 0.528607
25785772 0.528614
25714616 0.528618
25705207 0.528621
25650685 0.528625
25644969 0.528629
25634819 0.528639
25622181 0.528684
25616122 0.528688
25611642 0.528692
25611434 0.528716
25610248 0.528722
25603081 0.528726
25600368 0.528730
25593956 0.528744
25591817 0.528748
25500456 0.528755
25489942 0.528830
25485940 0.528879
25483024 0.528911
25479280 0.529031
25464244 0.529035
25461427 0.529048
25453833 0.529052
25451218 0.529058
25443038 0.529062
25442037 0.529069
25418600 0.529078
25375925 0.529083
25363553 0.529102
25360711 0.529181
25357854 0.529207
25335166 0.529212
25322043 0.529217
25309231 0.529231
25301861 0.529234
25296493 0.529254
25295465 0.529267
25273238 0.529275
25230612 0.529290
25220732 0.529297
25200750 0.529301
25200171 0.529304
25167708 0.529318
25144227 0.529333
25123686 0.529366
25112168 0.529370
25111139 0.529385
25101950 0.529392
25002090 0.529397
24983633 0.529406
24974802 0.529415
24920585 0.529420
24917430 0.529425
24914074 0.529435
24910897 0.529523
24910512 0.529531
24892822 0.529536
24876585 0.529546
24858344 0.529557
24857284 0.529562
24840840 0.529567
24832584 0.529573
24827631 0.529578
24818730 0.529629
24808183 0.529637
24782654 0.529664
24770844 0.529677
24770648 0.529694
24721214 0.529786
24721026 0.529797
24718954 0.529809
24717171 0.529827
24716865 0.529869
24701740 0.529993
24698091 0.530012
24687689 0.530122
24685066 0.530148
24677300 0.530157
24671527 0.530164
24649752 0.530212
24647986 0.530218
24626357 0.530222
24625719 0.530305
24599238 0.530366
24591748 0.530385
24571274 0.530436
24563408 0.530534
24477886 0.530578
24439242 0.530585
24434602 0.530636
24401900 0.530647
24395911 0.530653
24388307 0.530656
24379489 0.530702
24379175 0.530714
24379106 0.530730
24367454 0.530735
24366640 0.530803
24361606 0.530807
24360978 0.530825
24357050 0.530868
24343781 0.530874
24335653 0.531041
24328472 0.531065
24300423 0.531070
24294248 0.531075
24290258 0.531081
24279218 0.531116
24278572 0.531145
24268536 0.531410
24259946 0.531416
24194971 0.531949
24193624 0.534604
24193380 0.534816
24192369 0.535500
24187561 0.537269
24180185 0.537286
24166164 0.537294
24163188 0.537298
24147143 0.537321
24145460 0.537474
24133497 0.537491
24128463 0.537500
24128423 0.537871
24125605 0.537877
24124848 0.538173
24121008 0.538247
24114166 0.538352
24109514 0.538611
24109095 0.538634
24106538 0.538646
24105484 0.539742
24100960 0.539800
24095947 0.539843
24088542 0.539885
24085716 0.539890
24080505 0.539918
24079826 0.539922
24073336 0.539929
24049177 0.539973
24040163 0.540046
24039804 0.540154
24039279 0.540160
24038412 0.540244
24030894 0.540256
24026648 0.540260
24025591 0.540271
24008828 0.540275
23999234 0.540292
23999046 0.540296
23935076 0.540303
23931320 0.540307
23927642 0.540535
23904780 0.540540
23903948 0.540569
23900328 0.541013
23895430 0.541096
23893395 0.541101
23888290 0.541106
23887217 0.541110
23885456 0.541122
23879389 0.541135
23873690 0.541159
23861872 0.541166
23861549 0.541170
23856624 0.541278
23855880 0.541282
23852299 0.541645
23842183 0.541748
23838038 0.541760
23837425 0.541811
23829289 0.541815
23824825 0.543890
23823354 0.543913
23822695 0.544490
23821527 0.544525
23809693 0.544535
23809608 0.544552
23805839 0.544613
23804368 0.544642
23803903 0.545470
23801998 0.545478
23801848 0.545505
23789780 0.546191
23789196 0.546326
23788355 0.546790
23785445 0.546814
23783687 0.547129
23779486 0.547135
23777998 0.547381
23774055 0.547414
23771872 0.548519
23771598 0.548530
23771517 0.548535
23769985 0.548584
23761376 0.548591
23758279 0.549038
23748992 0.549143
23738219 0.549352
23727491 0.549373
23727139 0.549443
23716084 0.549447
23677167 0.549525
23676568 0.549542
23673569 0.550323
23661056 0.550766
23645768 0.550999
23623360 0.551004
23621280 0.551309
23621232 0.551323
23617215 0.551371
23616655 0.551753
23598717 0.551765
23598597 0.552091
23588658 0.552921
23585801 0.554558
23585314 0.554890
23582702 0.555095
23582087 0.556255
23581201 0.556264
23580621 0.556743
23574044 0.556749
23573002 0.562063
23555714 0.563047
23554622 0.565320
23551597 0.569711
23550365 0.570364
23544844 0.570381
23544397 0.570464
23535570 0.570469
23526311 0.570503
23524897 0.570886
23523611 0.571455
23523423 0.574937
23519498 0.576612
23518208 0.577160
23517857 0.577176
23515576 0.577610
23513801 0.578068
23510444 0.579227
23510008 0.581561
23497844 0.581574
23494434 0.581666
23493941 0.582316
23492037 0.582323
23491205 0.582327
23490526 0.582345
23490269 0.584171
23490194 0.584528
23487511 0.584682
23487390 0.584827
23487292 0.584834
23487124 0.585381
23484953 0.590502
23484832 0.591056
23484714 0.591227
23481267 0.593109
23478983 0.623726
23475433 0.647699
23474246 0.712887
23471515 8.823694
23471039 8.823766
23469882 17.062278
23468586 17.062297
23467791 17.063202
23467791 617.063595
