PROBLEM_FILE = /tmp/tsp/749.tmp/example.tmp
45026814 0.518341
44949219 0.518357
44940882 0.518362
44935840 0.518368
44935022 0.518372
44911448 0.518375
44769624 0.518387
44736553 0.518392
44689230 0.518400
44683995 0.518405
44594027 0.518420
44561902 0.518425
44558839 0.518429
44557130 0.518439
44524070 0.518446
44397196 0.518451
44351521 0.518462
44308677 0.518467
44290675 0.518471
44288775 0.518485
44277270 0.518490
44228193 0.518497
44186626 0.518507
44123867 0.518511
44053352 0.518524
44032191 0.518528
43998427 0.518531
43993934 0.518537
43973880 0.518543
43962635 0.518546
43959538 0.518550
43778241 0.518562
43675829 0.518567
43669493 0.518586
43575243 0.518593
43567635 0.518602
43562971 0.518607
43562205 0.518611
43549555 0.518627
43538500 0.518631
43499096 0.518639
43492308 0.518643
43490643 0.518647
43414982 0.518660
43399643 0.518666
43303331 0.518676
43241279 0.518680
43133861 0.518687
43097974 0.518691
43041651 0.518696
43009559 0.518704
43000103 0.518710
42998133 0.518714
42983201 0.518725
42954696 0.518731
42930937 0.518734
42929915 0.518745
42922611 0.518752
42784729 0.518785
42749865 0.518790
42701372 0.518798
42697763 0.518801
42656306 0.518805
42591726 0.518809
42591548 0.518812
42556691 0.518817
42518057 0.518830
42516928 0.518833
42487562 0.518838
42486904 0.518843
42470228 0.518847
42452456 0.518850
42449557 0.518856
42420807 0.518860
42299575 0.518869
42297969 0.518889
42283081 0.518896
42282489 0.518904
42264625 0.518908
42207461 0.518916
42176353 0.518919
42174751 0.518922
42132527 0.518927
42039395 0.518940
42037666 0.518945
42031320 0.518952
42021197 0.518957
42017458 0.518961
42004967 0.518966
41984799 0.518973
41984566 0.518980
41951087 0.518983
41824636 0.518991
41793089 0.519008
41791188 0.519011
41772118 0.519015
41077541 0.519028
41064140 0.519037
41036165 0.519050
41000998 0.519054
40958296 0.519062
40780441 0.519073
40743562 0.519078
40702091 0.519081
40523622 0.519092
40414160 0.519097
40329940 0.519110
40316483 0.519113
40301048 0.519122
40289232 0.519126
40068324 0.519132
39949375 0.519140
39932607 0.519153
39917205 0.519156
39910048 0.519173
39886638 0.519177
39883535 0.519181
39856040 0.519185
39844213 0.519199
39838562 0.519211
39818126 0.519215
39793135 0.519219
39771375 0.519222
39735610 0.519230
39619565 0.519241
39584872 0.519248
39511504 0.519252
39500936 0.519259
39490025 0.519263
39478313 0.519267
39438074 0.519273
39413087 0.519277
39410977 0.519280
39407566 0.519283
39404491 0.519288
39387607 0.519291
39374994 0.519296
39315700 0.519300
39185566 0.519308
39171789 0.519312
39110443 0.519319
38994630 0.519326
38916714 0.519336
38871592 0.519350
38867392 0.519353
38839139 0.519357
38836225 0.519360
38730570 0.519365
38717060 0.519371
38714537 0.519389
38699637 0.519392
38678853 0.519396
38624639 0.519403
38607327 0.519408
38602516 0.519422
38598343 0.519425
38590369 0.519429
38574152 0.519432
38573656 0.519435
38523734 0.519439
38451526 0.519445
38270741 0.519463
38206435 0.519475
38193706 0.519481
38164596 0.519499
38142730 0.519509
38029423 0.519519
37952006 0.519526
37889648 0.519530
37820650 0.519541
37700787 0.519549
37658782 0.519562
37591627 0.519568
37545024 0.519580
37345942 0.519585
37249569 0.519594
37238151 0.519597
37154956 0.519606
37076346 0.519615
37051929 0.519619
37004490 0.519623
36997750 0.519626
36996218 0.519648
36974495 0.519652
36891599 0.519662
36884461 0.519672
36877592 0.519681
36857901 0.519686
36816899 0.519696
36730680 0.519700
36702831 0.519704
36676378 0.519713
36520758 0.519727
36499377 0.519735
36496473 0.519739
36450262 0.519743
35533710 0.519754
35476062 0.519767
35280845 0.519774
35242561 0.519791
35215197 0.519799
35202744 0.519804
35191479 0.519818
35095826 0.519825
34986905 0.519837
34946345 0.519850
34866422 0.519858
34829800 0.519863
34782556 0.519867
34755258 0.519871
34727915 0.519878
34701095 0.519887
34690549 0.519890
34667809 0.519901
34642486 0.519905
34635635 0.519908
34618497 0.519911
34614908 0.519920
34595629 0.519929
34564669 0.519939
34547698 0.519946
34495512 0.519952
34495501 0.519961
34490222 0.519965
34477391 0.519973
34466947 0.519978
34393147 0.519986
34337792 0.520002
34322506 0.520006
34314357 0.520009
34301044 0.520020
34274990 0.520028
34260547 0.520035
34246512 0.520045
34224222 0.520066
34137503 0.520075
34061778 0.520102
34054930 0.520106
33994042 0.520115
33993100 0.520120
33982905 0.520126
33967276 0.520134
33966542 0.520138
33965262 0.520142
33956007 0.520147
33945216 0.520151
33934790 0.520154
33821229 0.520161
33797138 0.520164
33717632 0.520168
33663547 0.520180
33629284 0.520191
33598214 0.520195
33594538 0.520198
33594109 0.520208
33591448 0.520216
33591288 0.520219
33582766 0.520222
33580734 0.520226
33451673 0.520231
33429274 0.520236
33425910 0.520250
33345574 0.520259
33236683 0.520274
33093238 0.520278
33079926 0.520283
33063400 0.520289
33044330 0.520303
33034000 0.520306
32882024 0.520319
32871144 0.520322
32793612 0.520337
32767254 0.520348
32764416 0.520352
32723549 0.520364
32705098 0.520368
32693934 0.520377
32673805 0.520381
32582990 0.520387
32573314 0.520391
32514766 0.520394
32332069 0.520397
32321117 0.520402
32314035 0.520406
32223334 0.520413
32223246 0.520416
32077815 0.520422
32058291 0.520426
32037165 0.520451
32028161 0.520456
32017654 0.520464
31998648 0.520469
31997643 0.520473
31996292 0.520482
31984139 0.520491
31963242 0.520500
31954665 0.520507
31917833 0.520510
31889446 0.520514
31875383 0.520517
31650917 0.520522
31643528 0.520537
31643387 0.520547
31641394 0.520551
31620899 0.520558
31614993 0.520583
31606335 0.520602
31593826 0.520608
31542880 0.520621
31523271 0.520624
31486755 0.520632
31479803 0.520635
31457842 0.520641
31421991 0.520645
31374769 0.520650
31317039 0.520658
31306485 0.520663
31274264 0.520671
31081515 0.520676
31058647 0.520690
31018902 0.520694
30775244 0.520700
30743904 0.520708
30739613 0.520737
30729110 0.520750
30724729 0.520754
30699165 0.520762
30695861 0.520766
30671385 0.520770
30557308 0.520773
30551015 0.520777
30529435 0.520784
30505073 0.520788
30496251 0.520795
30460288 0.520798
30435834 0.520802
30410658 0.520806
30405053 0.520816
30395506 0.520822
30345960 0.520825
30337542 0.520828
30145837 0.520833
30122983 0.520839
30104490 0.520845
30088416 0.520860
30062920 0.520868
29964723 0.520873
29956529 0.520888
29927600 0.520899
29885892 0.520903
29850448 0.520914
29705226 0.520919
29673035 0.520931
29582432 0.520939
29383335 0.520944
29261304 0.520947
29208356 0.520952
28846358 0.520959
28836014 0.520962
28828292 0.520976
28789611 0.520994
28781335 0.520999
28771975 0.521005
28763219 0.521009
28762280 0.521015
28760822 0.521019
28760375 0.521023
28651102 0.521027
28626863 0.521034
28621518 0.521037
28609102 0.521042
28602026 0.521054
28600983 0.521057
28566171 0.521065
28535784 0.521083
28487450 0.521091
28462610 0.521095
28376644 0.521106
28310522 0.521110
28285817 0.521131
28216870 0.521140
28192750 0.521147
28186186 0.521160
28152006 0.521165
28149548 0.521169
28127589 0.521173
28086839 0.521182
28083265 0.521199
28076277 0.521206
28048184 0.521218
28041368 0.521240
28040376 0.521245
28039450 0.521270
28018430 0.521282
28015443 0.521287
27954824 0.521315
27945971 0.521333
27930096 0.521341
27927109 0.521378
27921264 0.521396
27882799 0.521400
27870522 0.521409
27851618 0.521413
27839610 0.521442
27795857 0.521446
27795685 0.521467
27755826 0.521484
27750462 0.521496
27725352 0.521500
27713456 0.521505
27690049 0.521535
27635743 0.521540
27614738 0.521550
27600834 0.521554
27580123 0.521560
27527919 0.521576
27501708 0.521583
27487626 0.521592
27441541 0.521626
27434077 0.521632
27433317 0.521643
27432355 0.521667
27432262 0.521671
27420952 0.521678
27365940 0.521686
27251388 0.521694
27246023 0.521710
27219277 0.521718
27134073 0.521733
27120638 0.521742
27069039 0.521746
27024004 0.521755
27017297 0.521798
27012472 0.521811
26997851 0.521823
26995519 0.521828
26991029 0.521839
26989586 0.521843
26891630 0.521848
26883526 0.521852
26879444 0.521911
26872907 0.521925
26857728 0.521942
26749432 0.521952
26744489 0.521963
26729544 0.521967
26719554 0.521971
26683849 0.522120
26679797 0.522137
26665700 0.522142
26649347 0.522151
26644449 0.522155
26639133 0.522171
26636363 0.522188
26634610 0.522194
26419018 0.522199
26358077 0.522214
26354371 0.522250
26347810 0.522256
26336561 0.522269
26335003 0.522273
26272575 0.522285
26261374 0.522293
26213450 0.522297
26211487 0.522331
26207747 0.522337
26186387 0.522345
26180644 0.522390
26180207 0.522403
26172829 0.522410
25935155 0.522417
25902618 0.522421
25902244 0.522424
25896268 0.522466
25839012 0.522470
25836414 0.522473
25833891 0.522476
25793499 0.522487
25788210 0.522608
25769277 0.522671
25762828 0.522682
25750899 0.522701
25747295 0.522705
25743161 0.522710
25705926 0.522713
25698716 0.522717
25683001 0.522784
25682862 0.522869
25677068 0.522882
25659733 0.522889
25658938 0.522893
25640103 0.522906
25639922 0.522913
25620070 0.522919
25607979 0.522925
25561691 0.522936
25551393 0.523038
25524991 0.523044
25524317 0.523060
25491109 0.523064
25481186 0.523149
25479098 0.523170
25477077 0.523181
25454670 0.523196
25394761 0.523226
25374988 0.523246
25360577 0.523258
25349625 0.523263
25349234 0.523267
25326854 0.523317
25297824 0.523326
25295176 0.523331
25281493 0.523336
25278481 0.523342
25261587 0.523345
25252860 0.523359
25245417 0.523362
25191231 0.523366
25188995 0.523381
25180775 0.523412
25158794 0.523416
25158554 0.523436
25080958 0.523474
25068462 0.523505
25026165 0.523509
24994591 0.523519
24974870 0.523524
24974555 0.523716
24952726 0.523722
24948018 0.523739
24922721 0.523748
24919784 0.523754
24895399 0.523758
24876794 0.523762
24763838 0.523765
24738077 0.523788
24714242 0.523808
24690761 0.523819
24660054 0.523827
24554286 0.523837
24518112 0.523862
24513474 0.523876
24501493 0.523884
24479657 0.523888
24453354 0.523894
24450896 0.523898
24393730 0.523905
24353892 0.523909
24346527 0.523932
24341954 0.523942
24265148 0.523948
24263365 0.523952
24254633 0.523958
24252953 0.523970
24243310 0.523981
24220684 0.524001
24212595 0.524015
24203039 0.524071
24159770 0.524191
24146032 0.524280
24141934 0.524516
24124978 0.524524
24074997 0.524528
24068940 0.524537
24054556 0.524545
24049886 0.524562
24046853 0.524569
24034166 0.524582
24011331 0.524588
24003655 0.524615
23988172 0.524623
23940998 0.524632
23862049 0.524872
23844259 0.524913
23840235 0.524918
23614983 0.524926
23612324 0.524941
23599450 0.524953
23593011 0.524967
23576925 0.525001
23540203 0.525006
23534663 0.525052
23503599 0.525056
23500566 0.525060
23482307 0.525074
23481287 0.525084
23473018 0.525091
23472815 0.525115
23466953 0.525121
23461927 0.525240
23461698 0.530018
23448984 0.530037
23442405 0.530044
23441091 0.530120
23397954 0.530124
23393267 0.530168
23375704 0.530172
23373625 0.530945
23346904 0.534850
23338755 0.534879
23325643 0.534919
23325603 0.534964
23324941 0.535029
23322435 0.535057
23317112 0.535065
23310929 0.535277
23310091 0.535365
23310013 0.535408
23308837 0.535655
23296960 0.535792
23293331 0.535802
23291967 0.535809
23290750 0.535815
23280031 0.535828
23278381 0.536106
23276508 0.536164
23269654 0.536238
23179638 0.536378
23177645 0.536385
23172630 0.536409
23165397 0.536413
23159819 0.536568
23148789 0.536808
23143956 0.536816
23137821 0.536904
23137744 0.536909
23137449 0.536921
23122228 0.537065
23121153 0.537460
23118463 0.537465
23103233 0.537496
23089835 0.538860
23083381 0.538937
23081654 0.538943
23075414 0.538948
23068340 0.538956
23065073 0.539005
23039851 0.539029
23030442 0.541923
23028909 0.546787
23028594 0.546908
23026792 0.547210
23007817 0.547287
23003960 0.547397
23003755 0.547700
22993982 0.547745
22992790 0.547758
22974475 0.550271
22972831 0.550448
22966865 0.550470
22957306 0.550486
22952935 0.550497
22945103 0.550508
22942991 0.550539
22935858 0.550543
22930452 0.550798
22917535 0.551046
22914581 0.551055
22914072 0.551942
22913500 0.554476
22913491 0.555725
22909120 0.561799
22908554 0.561947
22905610 0.563719
22905553 0.563894
22904925 0.564331
22901618 0.564787
22893679 0.569741
22882988 0.578455
22881953 0.579023
22879119 0.579568
22878938 0.580696
22861697 0.581018
22860564 0.581029
22860487 0.582833
22857265 0.582845
22854418 0.585297
22854309 0.696777
22853852 0.698275
22851005 0.698529
22849104 0.709418
22848607 1.447992
22842360 1.449934
22837572 1.451084
22837255 1.451092
22837255 601.451560
