PROBLEM_FILE = /tmp/tsp/1327.tmp/example.tmp
42897540 0.526931
42837051 0.526947
42818524 0.526952
42786923 0.526963
42759976 0.526974
42737444 0.526983
42736368 0.526989
42686059 0.526997
42683652 0.527001
42619435 0.527005
42597303 0.527010
42423979 0.527019
42414607 0.527029
42401271 0.527040
42398292 0.527048
42387930 0.527052
42378964 0.527056
42360832 0.527059
42355130 0.527071
42323208 0.527083
42297048 0.527098
42247212 0.527103
42230547 0.527108
42095668 0.527115
42012215 0.527119
41741639 0.527127
41729192 0.527131
41648148 0.527143
41639423 0.527150
41628718 0.527164
41559869 0.527180
41405316 0.527188
41398150 0.527198
41369138 0.527201
41322752 0.527207
41283258 0.527211
41252772 0.527214
41184658 0.527222
41175491 0.527226
41084963 0.527231
40996984 0.527242
40967369 0.527253
40762462 0.527261
40718990 0.527271
40689141 0.527276
40646743 0.527311
40612249 0.527315
40528276 0.527321
40369875 0.527332
40289057 0.527349
40257222 0.527352
40237436 0.527357
40228174 0.527361
40132938 0.527364
40074037 0.527371
40061419 0.527380
40040932 0.527385
40039939 0.527388
40030592 0.527395
40014961 0.527404
39895738 0.527410
39877834 0.527413
39862664 0.527437
39831910 0.527441
39783884 0.527447
39758119 0.527459
39678805 0.527467
39651303 0.527471
39635503 0.527482
39630545 0.527485
39625352 0.527489
39605686 0.527493
39593229 0.527512
39496519 0.527521
39454752 0.527525
39438638 0.527536
39430620 0.527551
39403208 0.527556
39342814 0.527566
39333230 0.527573
39293232 0.527590
39130130 0.527602
39129221 0.527607
39090636 0.527616
39056647 0.527620
39045950 0.527634
39032726 0.527637
38972416 0.527641
38933513 0.527652
38848620 0.527658
38787392 0.527661
38767485 0.527665
38725258 0.527668
38715526 0.527671
38703275 0.527675
38671756 0.527678
38660510 0.527696
38639942 0.527700
38635647 0.527704
38599900 0.527707
38594918 0.527712
38577710 0.527716
38576070 0.527719
38550949 0.527723
38535278 0.527727
38512441 0.527734
38472300 0.527737
38432812 0.527742
38422635 0.527763
38254342 0.527775
38228937 0.527789
38169345 0.527824
38164987 0.527839
38150669 0.527843
38126605 0.527846
38119052 0.527852
37890780 0.527862
37872512 0.527866
37861526 0.527879
37765267 0.527887
37749558 0.527890
37737985 0.527896
37719703 0.527899
37719137 0.527902
37713830 0.527914
37569292 0.527922
37556154 0.527926
37490203 0.527933
37433729 0.527939
37412511 0.527943
37329812 0.527949
37279162 0.527953
37275208 0.527959
37274722 0.527972
37265007 0.527977
37259923 0.527983
37258046 0.527986
37208798 0.527995
37194589 0.528002
37190883 0.528007
37160559 0.528021
37154732 0.528038
37122403 0.528044
37118985 0.528048
37010262 0.528056
36965601 0.528065
36963936 0.528070
36956514 0.528078
36932239 0.528087
36864128 0.528098
36858831 0.528102
36852357 0.528114
36764635 0.528126
36752295 0.528129
36707539 0.528137
36568041 0.528146
36483139 0.528155
36423009 0.528162
36373495 0.528168
36358739 0.528171
36227884 0.528184
36216349 0.528205
36209304 0.528209
36180157 0.528216
36133691 0.528220
36095413 0.528225
36069568 0.528237
36028498 0.528242
36007186 0.528245
36003842 0.528254
35946788 0.528258
35939592 0.528262
35909772 0.528266
35724993 0.528276
35704096 0.528296
35680323 0.528301
35662979 0.528305
35586886 0.528310
35574967 0.528319
35574682 0.528326
35465252 0.528330
35419356 0.528334
35345171 0.528337
35301497 0.528346
35243484 0.528349
35225439 0.528356
35200539 0.528360
35198062 0.528368
35195103 0.528392
35192136 0.528396
35160063 0.528403
35156311 0.528407
35150361 0.528418
35091160 0.528423
35016387 0.528427
34980265 0.528435
34963374 0.528439
34870935 0.528448
34847819 0.528459
34830890 0.528463
34708684 0.528477
34707722 0.528481
34672105 0.528484
34668387 0.528489
34645680 0.528493
34597137 0.528497
34591345 0.528502
34589840 0.528506
34581739 0.528516
34402680 0.528522
34368143 0.528531
34251719 0.528538
34158499 0.528554
33955513 0.528557
33907520 0.528568
33828915 0.528577
33820237 0.528581
33819396 0.528584
33670728 0.528588
33665692 0.528592
33628568 0.528599
33602193 0.528602
33596227 0.528606
33571324 0.528610
33525992 0.528615
33321214 0.528624
33298793 0.528632
33276679 0.528635
33252075 0.528640
33229438 0.528643
33218364 0.528667
33200154 0.528671
33164105 0.528681
33112531 0.528694
33032357 0.528706
33004433 0.528711
32999734 0.528714
32989104 0.528732
32981232 0.528764
32975379 0.528768
32918471 0.528784
32775425 0.528800
32751012 0.528811
32744979 0.528817
32734875 0.528824
32721736 0.528834
32715425 0.528838
32601604 0.528850
32599369 0.528856
32599129 0.528859
32596035 0.528863
32574289 0.528870
32550104 0.528874
32549710 0.528877
32549277 0.528881
32529156 0.528888
32512116 0.528895
32263184 0.528912
32239389 0.528929
32238333 0.528936
32185665 0.528939
32122570 0.528942
32119790 0.528946
32118941 0.528951
32077106 0.528964
32032436 0.528970
32031426 0.528975
31979407 0.528986
31978731 0.528991
31939353 0.528995
31920564 0.528999
31918873 0.529006
31863171 0.529010
31847291 0.529055
31816282 0.529062
31767637 0.529087
31669273 0.529102
31631953 0.529115
31613339 0.529138
31607369 0.529186
31579926 0.529210
31571940 0.529216
31568541 0.529220
31563346 0.529224
31533064 0.529230
31513629 0.529234
31507768 0.529240
31489486 0.529244
31130812 0.529251
31130200 0.529283
31121149 0.529287
31009118 0.529299
30971970 0.529317
30968360 0.529333
30949124 0.529347
30930954 0.529369
30901645 0.529399
30898326 0.529416
30863524 0.529425
30836365 0.529428
30814546 0.529432
30771366 0.529435
30683937 0.529446
30636430 0.529450
30623564 0.529479
30597782 0.529488
30562037 0.529495
30521049 0.529507
30513205 0.529514
30504462 0.529517
30503949 0.529524
30488086 0.529529
30487035 0.529533
30485504 0.529538
30474122 0.529548
30456687 0.529552
30415435 0.529561
30401411 0.529571
30377081 0.529578
30376681 0.529603
30368210 0.529612
30367436 0.529616
30361817 0.529631
30356444 0.529634
30340798 0.529645
30309793 0.529667
30268431 0.529680
30265277 0.529685
30239341 0.529688
30204775 0.529692
30198259 0.529704
30186017 0.529710
30162884 0.529722
30135763 0.529727
30120965 0.529731
30116655 0.529751
29989897 0.529758
29976388 0.529762
29945144 0.529765
29823960 0.529770
29767673 0.529773
29759407 0.529776
29739234 0.529780
29734330 0.529788
29720970 0.529792
29718498 0.529800
29705232 0.529843
29679644 0.529849
29662072 0.529857
29620862 0.529865
29614886 0.529868
29610371 0.529872
29538164 0.529895
29519172 0.529898
29516495 0.529902
29448508 0.529910
29378697 0.529914
29293959 0.529924
29235898 0.529932
29222451 0.529938
29192034 0.529943
29043405 0.529947
28931171 0.529956
28816413 0.529976
28809293 0.529980
28803132 0.529984
28774371 0.529996
28727749 0.530013
28723876 0.530016
28722524 0.530039
28712266 0.530063
28684844 0.530067
28674861 0.530073
28658232 0.530096
28655562 0.530103
28646959 0.530107
28637173 0.530112
28633079 0.530116
28598259 0.530121
28528167 0.530124
28503085 0.530138
28478588 0.530143
28465637 0.530164
28431965 0.530177
28402082 0.530182
28383480 0.530190
28345826 0.530196
28335563 0.530201
28330728 0.530205
28328075 0.530232
28222255 0.530249
28180302 0.530254
28179888 0.530257
27961514 0.530317
27953291 0.530341
27902439 0.530345
27900357 0.530349
27891596 0.530358
27868292 0.530374
27851643 0.530377
27821950 0.530392
27812072 0.530396
27799607 0.530408
27794590 0.530412
27784638 0.530418
27752858 0.530422
27734816 0.530437
27725670 0.530441
27724814 0.530475
27689389 0.530479
27675825 0.530486
27589561 0.530505
27587461 0.530514
27561218 0.530518
27559666 0.530532
27554278 0.530545
27543859 0.530550
27529368 0.530560
27514680 0.530565
27499193 0.530581
27471958 0.530585
27465125 0.530590
27381978 0.530604
27374395 0.530609
27347552 0.530617
27305294 0.530621
27291357 0.530670
27281698 0.530678
27262735 0.530683
27235951 0.530695
27228162 0.530732
27217812 0.530736
27206049 0.530740
27191172 0.530743
27173421 0.530747
27156486 0.530751
27145799 0.530755
27131118 0.530777
27125781 0.530784
27073315 0.530809
27066163 0.530813
27064664 0.530816
26991013 0.530820
26982478 0.530842
26904206 0.530876
26859993 0.530884
26857074 0.530890
26851874 0.530896
26837592 0.530900
26722765 0.530903
26706420 0.530909
26699343 0.530913
26664513 0.530918
26657871 0.530936
26656384 0.530953
26596282 0.530970
26557932 0.530976
26553447 0.530979
26551065 0.530982
26517297 0.530985
26455007 0.531005
26445795 0.531081
26403881 0.531086
26363787 0.531106
26360075 0.531112
26349660 0.531116
26305055 0.531143
26299258 0.531151
26294176 0.531155
26289859 0.531161
26287389 0.531172
26270061 0.531176
26261390 0.531183
26241065 0.531189
26228767 0.531211
26151520 0.531219
26147959 0.531222
26124325 0.531227
26118690 0.531231
26116576 0.531249
26113550 0.531253
26096154 0.531256
26088809 0.531268
26071761 0.531272
26055024 0.531276
26046967 0.531299
26043425 0.531304
26014523 0.531307
26011282 0.531311
26005426 0.531315
25998314 0.531324
25985146 0.531399
25961793 0.531506
25953195 0.531516
25952706 0.531537
25949307 0.531541
25944791 0.531545
25930488 0.531550
25909705 0.531680
25904873 0.531700
25898355 0.531707
25894837 0.531711
25873184 0.531717
25871415 0.531725
25844805 0.531729
25841836 0.531733
25792505 0.531741
25778057 0.531749
25774732 0.531754
25722626 0.531770
25718470 0.531784
25707732 0.531787
25701984 0.531816
25698163 0.531835
25691326 0.531884
25690594 0.531908
25689229 0.531912
25688072 0.531917
25669429 0.531923
25654554 0.531927
25652500 0.531935
25638196 0.531986
25618886 0.531990
25614742 0.531994
25586933 0.532002
25546420 0.532011
25520487 0.532024
25495433 0.532027
25494556 0.532034
25492554 0.532040
25490154 0.532043
25480305 0.532222
25464201 0.532237
25449182 0.532242
25431718 0.532251
25401060 0.532260
25376030 0.532264
25359210 0.532267
25355627 0.532271
25349918 0.532276
25322441 0.532465
25318568 0.532469
25304467 0.532472
25293372 0.532578
25292034 0.532585
25260814 0.532599
25233825 0.532605
25223207 0.532640
25219016 0.532658
25202606 0.532662
25200507 0.532668
25199519 0.532688
25192975 0.532727
25181672 0.532756
25140294 0.532767
25134139 0.532776
25105932 0.532782
25105527 0.532800
25090816 0.532804
25066214 0.532808
25063924 0.532812
25063358 0.532816
25040384 0.532824
24993067 0.532854
24891364 0.532861
24890963 0.532865
24860676 0.532868
24842404 0.532874
24813811 0.532878
24707260 0.532926
24704234 0.532958
24696767 0.532963
24683081 0.532971
24676541 0.532995
24655528 0.533025
24627098 0.533215
24612914 0.533238
24608657 0.533244
24603808 0.533281
24594750 0.533349
24586440 0.533406
24584927 0.533410
24552430 0.533420
24551609 0.533667
24542603 0.533681
24522415 0.533685
24521356 0.533691
24503601 0.533793
24500497 0.533843
24500303 0.533865
24493896 0.533883
24482278 0.533943
24460288 0.533948
24440656 0.533952
24435164 0.533960
24418587 0.534006
24416571 0.534019
24410647 0.534040
24409243 0.534047
24400468 0.534052
24393365 0.534062
24389526 0.534066
24381061 0.534075
24375521 0.534105
24371809 0.534121
24346833 0.535482
24340708 0.535498
23867266 0.536013
23861761 0.537247
23860647 0.537258
23857825 0.537285
23853506 0.537323
23835718 0.537330
23825267 0.537409
23824736 0.537437
23818292 0.537818
23806463 0.537914
23801111 0.542115
23787811 0.542174
23750401 0.542181
23746859 0.542212
23733133 0.542341
23730375 0.542851
23726558 0.544558
23706606 0.545958
23705337 0.546057
23703192 0.546074
23682691 0.546159
23678423 0.546168
23664019 0.546186
23659629 0.546207
23657531 0.546290
23656958 0.546606
23656040 0.546954
23653623 0.547071
23651821 0.547077
23618015 0.548910
23585707 0.550302
23576248 0.551003
23575501 0.551025
23574873 0.551029
23573781 0.551088
23571533 0.551093
23565170 0.551166
23531808 0.555711
23489796 0.555719
23489395 0.555751
23488329 0.555912
23390501 0.555950
23390076 0.556072
23389860 0.556083
23380153 0.556170
23379739 0.556174
23375875 0.556204
23371396 0.556404
23369296 0.556577
23365142 0.556624
23363559 0.556631
23362993 0.556712
23362195 0.556871
23361289 0.556888
23358844 0.556897
23358278 0.557219
23349017 0.557781
23328318 0.557801
23325135 0.560057
23322770 0.560209
23321989 0.560240
23321253 0.560678
23320771 0.560814
23320594 0.560953
23318198 0.560958
23313741 0.560962
23311547 0.561029
23307835 0.561038
23302565 0.561876
23297723 0.561984
23291426 0.562207
23287706 0.562391
23287424 0.562784
23287073 0.562843
23286166 0.563929
23278527 0.563976
23273166 0.563994
23272127 0.565273
23272029 0.565817
23266833 0.566163
23264971 0.566172
23264941 0.570895
23264707 0.573056
23263613 0.573350
23242657 0.573554
23238908 0.573624
23224881 0.573636
23222290 0.573714
23213752 0.573733
23211652 0.573742
23211641 0.574119
23209429 0.577270
23207799 0.577335
23206177 0.577377
23202254 0.583372
23201061 0.583805
23190959 0.584058
23189927 0.584064
23189087 0.585873
23187105 0.586448
23181510 0.586865
23181067 0.586870
23179108 0.587541
23172175 0.587834
23169730 0.589583
23168824 0.589690
23165957 0.593263
23155388 0.593279
23152711 0.601702
23150742 0.622424
23146929 0.624036
23146912 0.624873
23146630 0.625630
23145126 0.631877
23141791 0.648747
23139578 0.648765
23123760 0.760369
23123532 16.740410
23122872 16.740975
23122623 17.620942
23121963 17.620949
23121963 617.621174
