PROBLEM_FILE = /tmp/tsp/3259.tmp/example.tmp
45809491 0.514462
45771948 0.514480
45706137 0.514485
45700775 0.514493
45682355 0.514497
45675559 0.514500
45376642 0.514512
45360872 0.514518
45337911 0.514521
45309407 0.514527
45299865 0.514546
45249110 0.514549
45248410 0.514553
45244401 0.514592
45241598 0.514612
45200221 0.514620
45172381 0.514624
45170195 0.514629
45148664 0.514633
45114378 0.514636
45103353 0.514641
45082211 0.514650
44955876 0.514658
44953052 0.514662
44941578 0.514669
44932834 0.514672
44907814 0.514675
44886659 0.514682
44858064 0.514685
44850182 0.514696
44830033 0.514700
44813309 0.514708
44778758 0.514711
44700051 0.514715
44680836 0.514720
44678656 0.514723
44665260 0.514730
44557467 0.514742
44544133 0.514752
44483333 0.514760
44452564 0.514766
44382212 0.514780
44355860 0.514785
44298892 0.514792
44285885 0.514796
44282836 0.514812
44257732 0.514817
44230356 0.514820
44193292 0.514830
44188091 0.514839
44128298 0.514845
44128008 0.514848
44121930 0.514855
44046138 0.514867
44018992 0.514871
44011908 0.514874
43917159 0.514885
43788316 0.514895
43781821 0.514907
43731818 0.514935
43681212 0.514952
43656149 0.514966
43591308 0.514979
43590315 0.514983
43579869 0.514986
43551391 0.514992
43541700 0.514996
43496573 0.515003
43376493 0.515013
43354745 0.515024
43340915 0.515033
43320295 0.515036
43253746 0.515046
43196927 0.515051
43187285 0.515056
43166024 0.515059
43106994 0.515063
43098169 0.515066
42984478 0.515074
42975644 0.515085
42948734 0.515093
42930723 0.515100
42898260 0.515104
42885947 0.515109
42852554 0.515121
42827723 0.515126
42758797 0.515134
42640962 0.515144
42230699 0.515152
42212243 0.515170
42172122 0.515183
42132914 0.515190
42068244 0.515196
42011296 0.515199
41656747 0.515207
41650125 0.515237
41611957 0.515248
41606981 0.515253
41570377 0.515258
41556054 0.515262
41552201 0.515265
41488103 0.515270
41401148 0.515277
41398017 0.515282
41358833 0.515290
41323293 0.515310
41250444 0.515314
40886117 0.515319
40849349 0.515324
40846058 0.515327
40816985 0.515336
40780093 0.515339
40671100 0.515353
40651060 0.515356
40638456 0.515359
40625882 0.515387
40620406 0.515391
40463397 0.515397
40424512 0.515402
40360899 0.515405
40350353 0.515411
40300626 0.515414
40267778 0.515417
40263729 0.515426
40237271 0.515440
40201272 0.515447
40145367 0.515451
40072956 0.515463
40062630 0.515468
39990393 0.515480
39945384 0.515484
39915572 0.515493
39856131 0.515504
39821313 0.515508
39782474 0.515524
39736917 0.515535
39686342 0.515544
39676040 0.515553
39673739 0.515557
39670179 0.515560
39652706 0.515564
39635771 0.515567
39612281 0.515575
39583765 0.515582
39536973 0.515585
39511472 0.515588
39421977 0.515598
39417077 0.515601
39384397 0.515613
39104050 0.515629
39090872 0.515640
39088545 0.515644
39078223 0.515648
39000157 0.515651
38878851 0.515655
38870744 0.515663
38857589 0.515669
38854404 0.515680
38815032 0.515685
38798728 0.515689
38769155 0.515704
38734844 0.515708
38716605 0.515719
38627687 0.515725
38626517 0.515728
38616432 0.515737
38589362 0.515750
38579095 0.515755
38553903 0.515768
38509549 0.515796
38507878 0.515805
38429248 0.515814
38149871 0.515823
38132796 0.515827
37929802 0.515837
37927764 0.515843
37835382 0.515857
37819055 0.515863
37748343 0.515875
37475188 0.515887
37371169 0.515893
37370938 0.515897
37369820 0.515900
37342865 0.515909
37297297 0.515918
37287518 0.515922
37285829 0.515928
37271345 0.515931
37249995 0.515938
37237172 0.515941
37217509 0.515944
37096087 0.515952
37084627 0.515969
37051174 0.515974
37047437 0.515980
36952076 0.515986
36950836 0.515992
36937677 0.516011
36917682 0.516018
36897977 0.516022
36889752 0.516027
36882292 0.516030
36872006 0.516035
36794578 0.516042
36734332 0.516054
36502389 0.516058
36452026 0.516062
36439657 0.516065
36435127 0.516069
36348388 0.516076
36309093 0.516082
36287748 0.516086
36255058 0.516091
36038549 0.516128
36038526 0.516132
36036500 0.516137
36022607 0.516147
36006424 0.516151
35923511 0.516166
35919910 0.516171
35884733 0.516183
35858557 0.516187
35856807 0.516190
35831153 0.516194
35827444 0.516201
35795206 0.516204
35667871 0.516213
35653794 0.516217
35646636 0.516221
35620833 0.516226
35607483 0.516230
35605689 0.516235
35555520 0.516238
35514363 0.516241
35399961 0.516284
35367054 0.516295
35282054 0.516309
35136334 0.516325
35100800 0.516345
35042003 0.516353
35022432 0.516372
35019747 0.516376
34939292 0.516383
34905542 0.516387
34905169 0.516398
34875925 0.516404
34851686 0.516408
34840113 0.516418
34834953 0.516444
34828509 0.516448
34776791 0.516455
34739769 0.516459
34711044 0.516482
34704743 0.516494
34685426 0.516497
34592959 0.516505
34564526 0.516519
34552522 0.516524
34551232 0.516528
34514778 0.516531
34479975 0.516537
34469125 0.516540
34450283 0.516543
34385504 0.516553
34368828 0.516563
34367781 0.516566
34317139 0.516570
34293580 0.516577
34282341 0.516580
34272693 0.516584
34243013 0.516595
34238180 0.516601
34233361 0.516612
34173788 0.516615
34152508 0.516623
34145597 0.516626
34125810 0.516629
34096015 0.516656
34044294 0.516659
34014184 0.516667
34014125 0.516683
33818688 0.516686
33790262 0.516691
33781442 0.516695
33578549 0.516704
33570203 0.516709
33564620 0.516718
33538404 0.516722
33518778 0.516729
33459961 0.516740
33424737 0.516744
33318908 0.516748
33211579 0.516756
33110379 0.516764
33080659 0.516770
33073304 0.516780
33071708 0.516786
33050945 0.516791
33023361 0.516816
32988737 0.516820
32975720 0.516844
32969463 0.516854
32961633 0.516860
32894299 0.516869
32892379 0.516872
32892122 0.516876
32886402 0.516895
32859223 0.516898
32850302 0.516902
32817947 0.516911
32670445 0.516919
32659684 0.516925
32649946 0.516932
32646004 0.516936
32643941 0.516940
32600608 0.516944
32583050 0.516947
32465262 0.516956
32400094 0.516971
32390907 0.516985
32355035 0.516998
32354882 0.517005
32258942 0.517015
32238327 0.517018
32233749 0.517022
32223215 0.517039
32192162 0.517046
32190927 0.517053
32161329 0.517061
32088666 0.517076
31949478 0.517082
31947975 0.517086
31929102 0.517099
31917023 0.517102
31898629 0.517105
31870409 0.517109
31830151 0.517122
31784802 0.517135
31744632 0.517149
31710696 0.517159
31708783 0.517168
31705553 0.517179
31696091 0.517187
31683816 0.517190
31484243 0.517196
31352092 0.517204
31351442 0.517207
31349234 0.517236
31288645 0.517242
31283396 0.517246
31281297 0.517265
31260422 0.517271
31245118 0.517275
31239464 0.517283
31237162 0.517288
31219132 0.517292
31203920 0.517294
31200941 0.517297
31152553 0.517309
31137985 0.517319
31127913 0.517325
31092528 0.517336
31040824 0.517340
31003017 0.517343
30997141 0.517352
30994885 0.517356
30990944 0.517361
30957642 0.517365
30957073 0.517372
30951350 0.517375
30891105 0.517378
30880829 0.517382
30742156 0.517385
30737519 0.517389
30729845 0.517392
30728174 0.517414
30689606 0.517420
30682374 0.517424
30675773 0.517427
30669491 0.517434
30659215 0.517437
30648125 0.517440
30622285 0.517443
30614573 0.517448
30562260 0.517451
30457788 0.517459
30268055 0.517470
30233246 0.517477
30223945 0.517480
30193154 0.517488
30186094 0.517492
30184806 0.517513
30148134 0.517518
30130642 0.517537
30112181 0.517551
30094089 0.517566
29950030 0.517593
29943957 0.517623
29928743 0.517639
29884103 0.517648
29859912 0.517656
29850007 0.517668
29849975 0.517671
29841616 0.517730
29828839 0.517737
29820172 0.517755
29802374 0.517764
29767648 0.517770
29731922 0.517777
29696827 0.517780
29684681 0.517785
29557458 0.517790
29479057 0.517806
29478665 0.517810
29471109 0.517815
29465915 0.517828
29464822 0.517838
29394160 0.517858
29349295 0.517862
29338196 0.517868
29142801 0.517873
29135969 0.517881
29070635 0.517891
29069054 0.517895
28998438 0.517898
28985722 0.517902
28684377 0.517915
28677309 0.517927
28616050 0.517931
28536864 0.517934
28508657 0.517939
28505941 0.517959
28470645 0.517962
28316494 0.517967
28315701 0.517973
28308318 0.517978
28290227 0.517989
28281727 0.518004
28077891 0.518014
28075593 0.518053
28067231 0.518056
27903577 0.518069
27875298 0.518075
27872098 0.518078
27850501 0.518082
27826202 0.518086
27777832 0.518089
27760744 0.518094
27741352 0.518099
27720330 0.518107
27713065 0.518111
27695948 0.518116
27693694 0.518120
27657859 0.518126
27650522 0.518145
27623902 0.518163
27619987 0.518173
27602258 0.518208
27574797 0.518238
27545971 0.518242
27545422 0.518265
27535401 0.518273
27520461 0.518284
27518705 0.518288
27517111 0.518293
27493803 0.518296
27485342 0.518317
27477598 0.518371
27476793 0.518376
27476082 0.518389
27470596 0.518422
27460344 0.518479
27442702 0.518483
27426155 0.518492
27374498 0.518499
27332037 0.518514
27249266 0.518551
27215661 0.518559
27214594 0.518591
27200934 0.518614
27191700 0.518619
27189950 0.518622
27185372 0.518628
27172892 0.518639
27160443 0.518642
27117303 0.518650
27116061 0.518658
27084696 0.518667
27009882 0.518673
27003684 0.518676
26992212 0.518710
26958225 0.518715
26954433 0.518718
26951233 0.518776
26942350 0.518784
26921654 0.518793
26901507 0.518798
26901103 0.518801
26895066 0.518804
26887176 0.518818
26858558 0.518825
26842401 0.518832
26822726 0.518846
26803573 0.518851
26797571 0.518914
26795867 0.518923
26780996 0.518941
26754479 0.519083
26751675 0.519125
26730788 0.519130
26715222 0.519137
26683232 0.519158
26670480 0.519178
26641793 0.519183
26633638 0.519186
26555045 0.519194
26530219 0.519197
26508188 0.519200
26490620 0.519220
26473991 0.519229
26468058 0.519235
26466614 0.519295
26456381 0.519299
26449348 0.519311
26442107 0.519324
26437429 0.519343
26390186 0.519353
26372998 0.519358
26372366 0.519361
26372002 0.519397
26338756 0.519406
26325293 0.519419
26305288 0.519444
26285596 0.519448
26273949 0.519452
26246815 0.519456
26246006 0.519460
26241601 0.519499
26232712 0.519543
26221592 0.519548
26219910 0.519731
26105230 0.519778
26090536 0.519783
26086074 0.520605
26077158 0.520609
25951031 0.520623
25934577 0.520639
25925232 0.520644
25890866 0.520658
25855535 0.520663
25822352 0.520675
25759968 0.520695
25753281 0.520702
25693411 0.520710
25232732 0.520714
25228551 0.520745
25203956 0.520814
25116472 0.520822
25070944 0.520827
25069877 0.520830
25031465 0.520835
25026161 0.520842
24978499 0.520855
24976898 0.520876
24975350 0.520885
24958154 0.520988
24957492 0.520993
24955496 0.521007
24952212 0.521011
24930985 0.521023
24900846 0.521032
24784046 0.521037
24769895 0.521104
24661062 0.521124
24656355 0.521130
24643427 0.521137
24617596 0.521146
24574038 0.521150
24478087 0.521184
24470725 0.521203
24470254 0.521231
24449964 0.521246
24448794 0.521251
24435660 0.521270
24413403 0.521276
24412180 0.521280
24408395 0.521311
24401466 0.521331
24385488 0.521456
24385435 0.521481
24367296 0.521485
24349076 0.521625
24346090 0.521652
24323033 0.521726
24317409 0.521757
24303945 0.521844
24301310 0.521895
24286936 0.522129
24280739 0.522140
24280630 0.522542
24279026 0.522553
24243812 0.522811
24240511 0.522820
24238042 0.522824
24232837 0.522830
24220555 0.522968
24215661 0.522976
24215616 0.522987
24213159 0.523013
24193175 0.523066
24192855 0.523104
24192534 0.523121
24191352 0.525021
24189595 0.525051
24151304 0.525074
24146737 0.525100
24060973 0.525126
24059223 0.525130
24058438 0.527855
24056700 0.529681
24050351 0.530064
24043099 0.530078
23985270 0.530513
23971340 0.530551
23951651 0.530567
23933076 0.530755
23922843 0.530761
23922709 0.530777
23920075 0.530781
23914738 0.530807
23884944 0.530857
23883858 0.530867
23882227 0.530888
23878117 0.530897
23874334 0.530956
23808558 0.530967
23808452 0.530992
23749163 0.531003
23748349 0.531009
23671793 0.531062
23666033 0.531079
23664192 0.531104
23662835 0.531133
23623503 0.531142
23601226 0.532256
23585370 0.532279
23583647 0.532288
23580686 0.532427
23577201 0.532494
23574588 0.532503
23554246 0.532700
23543027 0.532842
23540259 0.532928
23539062 0.532961
23538904 0.532968
23519037 0.532980
23510584 0.533764
23495224 0.533946
23492840 0.534122
23485949 0.534262
23484474 0.534318
23480570 0.534928
23475772 0.534968
23443219 0.534972
23441001 0.534982
23425900 0.535048
23420709 0.535165
23417119 0.535231
23407275 0.535326
23405491 0.535346
23393745 0.535390
23387798 0.535401
23380841 0.535422
23371807 0.537481
23362076 0.537531
23361425 0.537536
23353277 0.537540
23329358 0.537544
23323931 0.537594
23319852 0.537603
23316897 0.539345
23315636 0.539353
23314175 0.539528
23313776 0.539626
23307435 0.539763
23295460 0.539797
23289757 0.540009
23287042 0.540013
23286731 0.541506
23285924 0.541643
23284409 0.541761
23273314 0.541896
23265717 0.546233
23255416 0.546241
23252444 0.547028
23240719 0.547079
23235390 0.548878
23232931 0.549350
23229394 0.558949
23219490 0.560139
23218641 0.560149
23218141 0.561141
23212438 0.561377
23210934 0.561574
23210555 0.565288
23209681 0.565297
23201594 0.565350
23200662 0.565498
23200060 0.565638
23198094 0.565643
23197171 0.565820
23196229 0.567663
23195652 0.568101
23191022 0.568196
23190925 0.570622
23187426 0.570635
23185608 0.570679
23182912 0.571885
23182038 0.583370
23180965 0.583396
23179893 0.586051
23176191 0.590149
23175457 0.591129
23172790 0.591974
23169628 0.593091
23169357 0.714276
23164998 0.714343
23164975 0.714348
23164826 0.759034
23163516 0.759600
23160022 0.759670
23157943 0.760455
23157179 0.760916
23157134 0.762820
23155546 0.779689
23154025 0.793876
23153218 1.265719
23152454 1.265734
23151971 1.265911
23149931 1.267229
23149222 1.372091
23148275 1.372759
23148275 601.372906
