PROBLEM_FILE = /tmp/tsp/4279.tmp/example.tmp
56084564 1.024512
56064454 1.024535
56047823 1.024550
56032837 1.024554
56028627 1.024559
56023419 1.024573
55982318 1.024576
55900226 1.024591
55883085 1.024601
55877026 1.024605
55872364 1.024610
55839158 1.024619
55837539 1.024622
55833294 1.024626
55831066 1.024629
55817543 1.024636
55795803 1.024639
55694559 1.024650
55600907 1.024656
55587279 1.024665
55576795 1.024668
55537100 1.024672
55512250 1.024675
55486526 1.024684
55385074 1.024697
55296297 1.024709
55284190 1.024722
55111790 1.024733
55011984 1.024743
55003186 1.024756
54987594 1.024760
54963269 1.024766
54851469 1.024777
54837878 1.024786
54834640 1.024791
54825655 1.024795
54811428 1.024798
54750449 1.024802
54746954 1.024805
54709356 1.024808
54689755 1.024811
54679167 1.024814
54468718 1.024828
54437316 1.024840
54259423 1.024844
54245669 1.024848
54204046 1.024857
54191835 1.024866
54184003 1.024875
54181478 1.024878
54179128 1.024881
54172680 1.024884
54139574 1.024888
54087104 1.024893
54029261 1.024900
53970993 1.024903
53969236 1.024907
53895309 1.024922
53894586 1.024931
53860974 1.024939
53836719 1.024946
53755391 1.024961
53730782 1.024966
53719678 1.024969
53669297 1.024980
53619867 1.024987
53523259 1.024993
53507791 1.024996
53486988 1.024999
53421036 1.025002
53321761 1.025007
52602782 1.025016
52580679 1.025021
52533631 1.025024
52456299 1.025029
52448763 1.025049
52431157 1.025058
52377978 1.025062
52372972 1.025071
52349357 1.025075
52342792 1.025078
52337922 1.025081
52309174 1.025086
52268282 1.025094
52241464 1.025098
52211698 1.025105
52193679 1.025122
52174983 1.025134
52141165 1.025139
52140674 1.025145
52134763 1.025149
52026295 1.025172
52022435 1.025187
52006690 1.025202
51982159 1.025215
51964361 1.025220
51852571 1.025223
51840882 1.025226
51765019 1.025237
51762608 1.025241
51646215 1.025246
51630295 1.025249
51608686 1.025258
51594299 1.025262
51577227 1.025266
51435134 1.025280
51421529 1.025284
51372160 1.025287
51350497 1.025298
51344956 1.025301
51344100 1.025306
51341152 1.025311
51317224 1.025320
51315655 1.025323
51206878 1.025331
51199881 1.025350
51172237 1.025359
51148767 1.025362
51146034 1.025373
51115313 1.025377
51077061 1.025389
51057291 1.025394
51049117 1.025398
51037107 1.025408
51032301 1.025412
51025227 1.025426
50968173 1.025432
50945288 1.025440
50886904 1.025456
50789732 1.025461
50731019 1.025482
50730128 1.025493
50724085 1.025511
50684552 1.025518
50653178 1.025522
50551588 1.025532
50548113 1.025536
50541986 1.025573
50526956 1.025593
50518084 1.025597
50508200 1.025601
50490583 1.025615
50481114 1.025619
50450557 1.025624
50442786 1.025652
50414030 1.025658
50397649 1.025664
50365493 1.025683
50294264 1.025687
50293804 1.025692
50293600 1.025696
50286125 1.025706
50274272 1.025709
50258074 1.025716
50257442 1.025719
50220626 1.025723
50209211 1.025726
50167421 1.025735
50147877 1.025739
50134635 1.025746
50131806 1.025756
50089624 1.025778
50078060 1.025795
50051297 1.025805
50034006 1.025821
50029876 1.025825
50025139 1.025829
49914190 1.025839
49843949 1.025846
49823825 1.025853
49781296 1.025861
49773909 1.025866
49726320 1.025875
49717334 1.025883
49695313 1.025888
49662163 1.025900
49507201 1.025908
49492257 1.025912
49403983 1.025915
49402193 1.025919
49319288 1.025935
49302599 1.025938
49248360 1.025952
49189684 1.025956
49167779 1.025960
49137629 1.025976
49133444 1.025993
49124387 1.026000
49092064 1.026021
49067826 1.026024
49064729 1.026039
49045146 1.026044
48863943 1.026054
48854694 1.026062
48853124 1.026070
48848064 1.026081
48821435 1.026087
48808481 1.026090
48687096 1.026110
48682185 1.026115
48555917 1.026128
48529095 1.026140
48503888 1.026149
48346228 1.026174
48331647 1.026182
48009069 1.026190
48000897 1.026194
47972511 1.026197
47953666 1.026202
47936880 1.026214
47926210 1.026220
47907140 1.026223
47900755 1.026231
47805636 1.026235
47801037 1.026247
47670392 1.026251
47621013 1.026265
47614501 1.026271
47594565 1.026275
47586105 1.026279
47562724 1.026284
47546402 1.026292
47520286 1.026302
47480401 1.026306
47445901 1.026309
47435569 1.026314
47424593 1.026329
47406600 1.026336
47337989 1.026342
47282411 1.026346
47124516 1.026352
47100369 1.026364
47094103 1.026370
47075854 1.026384
46948661 1.026396
46944417 1.026402
46894521 1.026411
46847771 1.026424
46777200 1.026434
46682316 1.026444
46674887 1.026447
46610742 1.026463
46590862 1.026468
46575398 1.026471
46445346 1.026489
46431999 1.026492
46415196 1.026498
46413578 1.026502
46369326 1.026513
46353811 1.026516
46290370 1.026523
46253915 1.026537
46251320 1.026542
46183344 1.026548
46174851 1.026555
46160464 1.026562
46142881 1.026574
46130342 1.026580
46112509 1.026584
46082046 1.026588
46060295 1.026601
46015554 1.026609
45974656 1.026621
45925508 1.026629
45901237 1.026634
45889966 1.026637
45864912 1.026682
45837458 1.026687
45756091 1.026690
45715358 1.026697
45694580 1.026703
45649242 1.026714
45324864 1.026726
45312818 1.026732
45309971 1.026737
45304466 1.026742
45297288 1.026747
45230301 1.026761
45151656 1.026782
45125157 1.026786
45079842 1.026796
45036712 1.026799
44735427 1.026811
44679534 1.026833
44666866 1.026836
44663139 1.026840
44646274 1.026844
44646034 1.026847
44640821 1.026850
44636542 1.026863
44514212 1.026870
44448628 1.026885
44365982 1.026894
44331059 1.026900
44309073 1.026904
44302559 1.026907
44230008 1.026912
44176987 1.026934
44173396 1.026962
44170598 1.026968
44149299 1.026973
44113388 1.026983
44100306 1.026999
44081711 1.027003
44080555 1.027018
44058879 1.027022
44032187 1.027036
44025697 1.027042
44025336 1.027046
44015948 1.027050
43998423 1.027111
43991948 1.027118
43980896 1.027133
43974903 1.027145
43971171 1.027166
43969333 1.027170
43930561 1.027184
43917978 1.027189
43879189 1.027192
43859391 1.027203
43816428 1.027216
43810060 1.027220
43794545 1.027242
43774829 1.027246
43746608 1.027250
43651944 1.027265
43638768 1.027275
43635771 1.027279
43616182 1.027282
43611262 1.027299
43540325 1.027315
43533865 1.027319
43470743 1.027325
43433888 1.027328
43418924 1.027333
43407714 1.027345
43399994 1.027349
43392754 1.027360
43381264 1.027366
43375740 1.027369
43370967 1.027375
43367140 1.027382
43352190 1.027393
43333825 1.027396
43327687 1.027422
43307532 1.027428
43285042 1.027436
43281995 1.027440
43263128 1.027451
43255394 1.027458
43227571 1.027471
43224412 1.027477
43200407 1.027482
43173514 1.027492
43172569 1.027496
43158327 1.027501
43078777 1.027512
42992742 1.027517
42970521 1.027530
42939586 1.027558
42788204 1.027566
42762645 1.027570
42674774 1.027575
42672015 1.027579
42629278 1.027584
42569792 1.027591
42555139 1.027596
42548457 1.027609
42545740 1.027612
42515096 1.027616
42498861 1.027622
42492818 1.027626
42471449 1.027633
42460163 1.027636
42417714 1.027653
42404220 1.027657
42350184 1.027669
42311764 1.027677
42303942 1.027680
42278785 1.027684
42262527 1.027687
42234161 1.027695
42204542 1.027704
42191768 1.027709
42182060 1.027712
42047156 1.027724
42043358 1.027733
42039610 1.027738
41985845 1.027743
41977470 1.027753
41962060 1.027761
41954475 1.027764
41951150 1.027767
41938576 1.027774
41889871 1.027782
41876772 1.027785
41460428 1.027796
41460309 1.027802
41422555 1.027809
41359560 1.027819
41307614 1.027826
41231153 1.027841
41181055 1.027846
41179373 1.027853
41171618 1.027862
41160642 1.027867
41150942 1.027870
41149891 1.027874
41121258 1.027883
41118530 1.027886
41112678 1.027890
41044343 1.027898
40866270 1.027908
40851109 1.027912
40843948 1.027915
40792045 1.027925
40712989 1.027935
40650173 1.027938
40636820 1.027941
40615113 1.027956
40490556 1.027960
40481488 1.027963
40464539 1.027968
40432761 1.027974
40426260 1.027977
40403669 1.027980
40394884 1.027989
40158715 1.028003
40102078 1.028006
40097031 1.028016
40094235 1.028020
40073363 1.028025
40025896 1.028028
40025864 1.028032
40012304 1.028037
40004228 1.028061
39986169 1.028072
39963937 1.028084
39911089 1.028088
39904279 1.028092
39844693 1.028107
39836092 1.028111
39831973 1.028114
39830215 1.028117
39809316 1.028120
39808015 1.028124
39756897 1.028152
39720299 1.028157
39713409 1.028177
39691790 1.028182
39682860 1.028191
39671793 1.028196
39650372 1.028203
39638463 1.028214
39627826 1.028227
39624005 1.028232
39620734 1.028235
39563796 1.028240
39515657 1.028251
39474407 1.028255
39464238 1.028262
39461098 1.028270
39440816 1.028279
39415198 1.028288
39414727 1.028292
39350924 1.028298
39297677 1.028308
39289858 1.028312
39265928 1.028319
39265710 1.028322
39251198 1.028333
39244437 1.028336
39193698 1.028340
39155431 1.028345
39139395 1.028371
39053234 1.028383
39026571 1.028399
39002726 1.028426
38904336 1.028440
38902559 1.028448
38883749 1.028453
38869350 1.028457
38865217 1.028460
38855332 1.028465
38849696 1.028471
38836291 1.028474
38816408 1.028480
38751918 1.028517
38746064 1.028520
38713185 1.028534
38713024 1.028547
38706634 1.028578
38699111 1.028582
38698590 1.028592
38692564 1.028600
38670767 1.028618
38665594 1.028621
38603564 1.028624
38566367 1.028640
38563030 1.028653
38543631 1.028657
38499264 1.028660
38404910 1.028675
38400826 1.028681
38356243 1.028686
38327383 1.028690
38303018 1.028693
38247025 1.028726
38205423 1.028731
38144304 1.028744
38126402 1.028758
38105427 1.028789
38104071 1.028792
38099371 1.028797
38087229 1.028801
38079122 1.028804
38074619 1.028819
38070605 1.028823
38056226 1.028827
37897886 1.028833
37887667 1.028838
37825451 1.028853
37799672 1.028859
37737210 1.028863
37723061 1.028873
37718686 1.028894
37701085 1.028897
37662437 1.028900
37623899 1.028905
37611571 1.028920
37607538 1.028928
37587686 1.028933
37566833 1.028937
37537886 1.028953
37505308 1.028968
37472154 1.028978
37385551 1.028991
37382330 1.028997
37380671 1.029015
37323230 1.029022
37278905 1.029031
37235353 1.029039
37229790 1.029045
37206430 1.029050
37134535 1.029055
37101496 1.029066
37095376 1.029076
37088044 1.029082
37058917 1.029086
37016078 1.029104
36948059 1.029111
36934046 1.029115
36926921 1.029118
36885977 1.029129
36818771 1.029149
36771848 1.029157
36762120 1.029160
36727965 1.029165
36683979 1.029172
36544140 1.029187
36472966 1.029196
36459924 1.029208
36455444 1.029222
36444872 1.029234
36440382 1.029254
36425240 1.029258
36383460 1.029262
36377768 1.029267
36357244 1.029270
36354648 1.029276
36315485 1.029281
36303191 1.029285
36278839 1.029288
36240097 1.029332
36205671 1.029336
36188562 1.029342
36153481 1.029346
36117226 1.029352
36117093 1.029356
36116588 1.029366
36112393 1.029369
36070448 1.029375
35986272 1.029382
35963657 1.029386
35938299 1.029390
35882264 1.029398
35802983 1.029408
35783995 1.029411
35771790 1.029415
35769932 1.029431
35767518 1.029445
35741897 1.029460
35740176 1.029494
35699218 1.029499
35697376 1.029505
35671249 1.029508
35667165 1.029518
35657411 1.029521
35656374 1.029526
35656235 1.029530
35631424 1.029534
35624066 1.029539
35567100 1.029554
35557090 1.029601
35541896 1.029605
35540652 1.029609
35416912 1.029629
35415918 1.029632
35228722 1.029640
35184998 1.029651
35181825 1.029663
35173938 1.029676
35154974 1.029681
35150801 1.029692
35141891 1.029698
35133448 1.029702
35132965 1.029705
35115750 1.029712
35108457 1.029715
35098506 1.029732
35080461 1.029746
35072704 1.029750
35024687 1.029757
35020360 1.029764
34985190 1.029775
34841175 1.029784
34789992 1.029789
34774987 1.029807
34769943 1.029815
34738360 1.029821
34729476 1.029827
34701543 1.029830
34686560 1.029833
34616008 1.029837
34615201 1.029846
34449460 1.029853
34447039 1.029879
34356910 1.029894
34336400 1.029897
34093990 1.029907
34089861 1.029911
34086439 1.029915
34063081 1.029922
34055226 1.029926
34052159 1.029935
34050231 1.029946
33977498 1.029950
33958311 1.029963
33953930 1.029967
33949184 1.029970
33947440 1.029974
33934745 1.030033
33927928 1.030044
33904713 1.030080
33903243 1.030112
33876823 1.030122
33873812 1.030127
33871188 1.030141
33843422 1.030144
33843390 1.030147
33833925 1.030150
33797176 1.030168
33794196 1.030174
33760768 1.030190
33698576 1.030199
33693628 1.030205
33688853 1.030238
33656076 1.030246
33651006 1.030277
33602077 1.030286
33593085 1.030289
33592007 1.030292
33582668 1.030304
33564499 1.030346
33550954 1.030350
33550362 1.030377
33541337 1.030383
33540947 1.030388
33539582 1.030393
33535105 1.030398
33533636 1.030401
33521506 1.030435
33517942 1.030439
33498926 1.030470
33493153 1.030522
33481774 1.030528
33469839 1.030531
33459246 1.030535
33401412 1.030544
33382866 1.030548
33362368 1.030554
33344171 1.030562
33341981 1.030566
33019994 1.030573
33009738 1.030579
33007889 1.030588
32706200 1.030603
32706003 1.030607
32693809 1.030615
32665663 1.030622
32652129 1.031061
32636703 1.031135
32626452 1.031158
32622782 1.031204
32621394 1.031257
32589702 1.031265
32588476 1.031423
32583390 1.031509
32578299 1.031540
32574296 1.031543
32569815 1.031559
32562283 1.031601
32540350 1.031606
32529003 1.031612
32511465 1.031616
32510972 1.031619
32505071 1.031645
32505070 1.031649
32500466 1.031655
32485056 1.031661
32462253 1.031664
32458599 1.031691
32452973 1.031697
32452700 1.031713
32447669 1.031718
32428441 1.031722
32423915 1.031725
32417364 1.031731
32403410 1.031736
32403329 1.031745
32396281 1.031752
32380095 1.031759
32378972 1.031767
32377986 1.031790
32373804 1.031794
32361597 1.031798
32358175 1.031810
32343157 1.031814
32342208 1.031830
32330846 1.031833
32329942 1.031856
32313592 1.031873
32295695 1.031923
32295184 1.031930
32287262 1.031940
32252575 1.031952
32245136 1.031962
32239893 1.032001
32238832 1.032136
32227333 1.032175
32225296 1.032179
32213036 1.032186
32199800 1.032190
32183619 1.032193
32180878 1.032230
32170042 1.032240
32163915 1.032256
32138704 1.032259
32130390 1.032264
32123829 1.032268
32111403 1.032273
32077891 1.032276
32061024 1.032284
32052504 1.032348
32051261 1.032404
32050533 1.032408
32043921 1.032415
32041631 1.032435
32034891 1.032448
32023969 1.032452
32021864 1.032484
32005118 1.032502
31994058 1.032519
31993423 1.032527
31941976 1.032539
31941440 1.032574
31937823 1.032637
31937249 1.032680
31914864 1.032718
31891647 1.032726
31889803 1.032733
31875662 1.032737
31874723 1.032757
31867257 1.032773
31863279 1.032784
31859424 1.032793
31853132 1.032808
31787638 1.032816
31775443 1.032825
31758514 1.032877
31740479 1.032889
31734914 1.032895
31714959 1.032898
31689220 1.033212
31665442 1.033232
31623084 1.033243
31620475 1.033247
31614684 1.033253
31592362 1.033257
31592230 1.033262
31586676 1.033266
31572784 1.033269
31560855 1.033274
31552416 1.033293
31517749 1.033349
31512525 1.033362
31504687 1.033365
31487548 1.033370
31487242 1.033373
31478989 1.033376
31478065 1.033436
31464360 1.033475
31463862 1.033480
31452566 1.033483
31450237 1.033505
31448655 1.033511
31438878 1.033538
31433843 1.033546
31382419 1.033555
31380541 1.033581
31374133 1.033591
31366308 1.033594
31364707 1.033622
31361439 1.033626
31352750 1.033661
30967339 1.033715
30966676 1.033721
30936884 1.033727
30936731 1.033740
30921809 1.033746
30920917 1.033750
30920405 1.033761
30916702 1.033765
30907427 1.033777
30903932 1.033790
30753002 1.033795
30752027 1.033798
30684168 1.033803
30678591 1.033808
30395636 1.033832
30382247 1.033848
30381475 1.033852
30355145 1.033894
30346039 1.033900
30322840 1.033912
30318485 1.033915
30301866 1.033932
30301510 1.033940
30286222 1.033945
30283822 1.033948
30268864 1.033968
30239370 1.033973
30231318 1.033986
30229387 1.033992
30218560 1.034023
30212228 1.034027
30193454 1.034040
30193043 1.034099
30185697 1.034126
30172492 1.034135
30155442 1.034155
30153386 1.034190
30151755 1.034194
30151413 1.034252
30149937 1.034362
30139731 1.034367
30128796 1.034370
30120230 1.034374
30115163 1.034399
30114429 1.034410
30041165 1.034424
30033047 1.034429
30030025 1.034434
30022564 1.034440
29987849 1.034444
29983388 1.034485
29952491 1.034492
29945306 1.034501
29943941 1.034505
29943438 1.034518
29941210 1.034522
29935069 1.034532
29926805 1.034572
29923692 1.034701
29921398 1.034786
29815143 1.034792
29803629 1.034825
29799703 1.034831
29794202 1.034850
29760576 1.034854
29751465 1.034994
29748472 1.035293
29745230 1.035298
29733647 1.035302
29732080 1.035362
29730255 1.035367
29730200 1.035386
29729542 1.035392
29727955 1.035401
29677448 1.035407
29673884 1.035410
29668720 1.035427
29665340 1.035447
29650998 1.035459
29645446 1.035463
29637387 1.035469
29634477 1.035478
29634099 1.035576
29626047 1.035595
29623214 1.035934
29622734 1.036150
29566557 1.036414
29565212 1.036455
29565053 1.036461
29552785 1.037170
29550969 1.037191
29547631 1.037273
29537018 1.037292
29530244 1.037311
29525837 1.037318
29520351 1.037358
29511918 1.037363
29511917 1.037367
29502619 1.037384
29487294 1.037455
29476871 1.037484
29475681 1.037537
29474417 1.037658
29467753 1.037667
29455510 1.037698
29441986 1.038067
29441924 1.038106
29440662 1.038236
29422333 1.038247
29416639 1.038253
29410793 1.041938
29404035 1.041946
29391519 1.041950
29388697 1.042028
29387511 1.042177
29383612 1.042185
29382416 1.042196
29371953 1.042201
29370903 1.042208
29348917 1.042212
29346095 1.042236
29314065 1.042250
29295888 1.042267
29294725 1.042278
29291574 1.042281
29288982 1.042285
29284947 1.042293
29281751 1.042303
29257553 1.042307
29245632 1.042333
29242276 1.042351
29229048 1.042355
29226851 1.042359
29212162 1.042509
29210476 1.042604
29204832 1.042610
29204301 1.042681
29186970 1.042698
29168124 1.042711
29118861 1.042721
29109982 1.043162
29103555 1.043171
29096102 1.043178
29092490 1.043195
29092109 1.043223
29078412 1.043250
29076285 1.043273
29076227 1.043352
29074406 1.043403
29070340 1.043418
29069809 1.044164
29061741 1.044192
29057950 1.044265
29057657 1.044500
29053259 1.044507
29026577 1.044518
29024752 1.044528
29022355 1.044533
29020371 1.044552
29018493 1.044572
28958570 1.044588
28956095 1.044593
28929256 1.044605
28927939 1.044699
28924671 1.044703
28918925 1.044931
28915177 1.044969
28914205 1.045068
28909666 1.045096
28908359 1.045102
28904817 1.045108
28902913 1.045218
28899285 1.045222
28895699 1.045502
28891348 1.045538
28891214 1.045544
28882778 1.047731
28882070 1.048846
28881058 1.048871
28855955 1.048982
28850229 1.049153
28835850 1.049273
28824961 1.049318
28817892 1.049694
28814529 1.049896
28811752 1.049918
28809503 1.049924
28801980 1.049933
28771089 1.050035
28768002 1.050896
28766677 1.051741
28765732 1.051746
28764101 1.051848
28762110 1.051852
28760687 1.051949
28756975 1.052095
28751320 1.052102
28749224 1.052766
28748626 1.053048
28719764 1.053119
28699938 1.053146
28698919 1.053165
28698500 1.053370
28697655 1.054058
28696937 1.054190
28692113 1.054209
28690621 1.054272
28683308 1.054903
28678387 1.055010
28657326 1.055014
28654004 1.055088
28638918 1.055691
28638035 1.055879
28624048 1.056135
28621641 1.057416
28620391 1.057430
28615321 1.057466
28597708 1.057473
28594496 1.057915
28592631 1.059296
28590699 1.064561
28590095 1.064567
28589064 1.064613
28562874 1.064633
28553792 1.064662
28550162 1.064711
28549247 1.064727
28539964 1.064945
28537176 1.064951
28528406 1.065034
28525753 1.065040
28524731 1.065721
28523963 1.065740
28521193 1.065779
28519257 1.065937
28512372 1.066028
28507899 1.066291
28486048 1.067981
28438789 1.068047
28438785 1.068055
28424804 1.068080
28422325 1.068106
28417941 1.068412
28405948 1.068444
28383085 1.068618
28371928 1.068664
28371779 1.068780
28369576 1.068867
28367129 1.069309
28351444 1.069379
28351019 1.069908
28346926 1.070410
28346766 1.070421
28346150 1.070425
28329159 1.070430
28318297 1.070458
28288661 1.070492
28288303 1.070975
28287002 1.070981
28284882 1.071283
28284666 1.071294
28284321 1.071339
28281094 1.071603
28244302 1.071608
28244167 1.071613
28239765 1.071623
28238112 1.071754
28235050 1.071879
28233062 1.072056
28230722 1.072077
28225031 1.073477
28219698 1.073489
28211544 1.075979
28195498 1.075994
28192104 1.076046
28186108 1.076072
28181822 1.076760
28181180 1.077809
28181156 1.077871
28178048 1.078055
28168015 1.078491
28167389 1.078503
28162830 1.078518
28161688 1.078524
28160502 1.079639
28157525 1.079661
28155903 1.081496
28155886 1.082207
28153989 1.090013
28147746 1.090109
28124980 1.090202
28108278 1.090606
28107852 1.090623
28101291 1.090773
28091800 1.091493
28087230 1.091506
28077107 1.091509
28074659 1.091583
28074306 1.091736
28062075 1.092114
28061966 1.092121
28057507 1.092267
28050250 1.092274
28049315 1.092441
28039442 1.092468
28023778 1.092548
28021026 1.092609
28020819 1.092640
28020293 1.096610
28010491 1.096616
28008733 1.096619
28006831 1.096629
28001844 1.096692
27998216 1.099030
27996534 1.099346
27996530 1.099364
27995669 1.099392
27993613 1.100179
27992657 1.100187
27969659 1.100241
27965779 1.100801
27961622 1.101085
27961400 1.101574
27952957 1.102156
27950895 1.102222
27942689 1.106794
27941219 1.106817
27936343 1.107509
27927357 1.107565
27924434 1.107576
27924281 1.107582
27922141 1.108681
27918975 1.109200
27910757 1.109629
27910047 1.110310
27902807 1.111391
27898190 1.113432
27897658 1.114398
27894814 1.120060
27892839 1.123550
27887260 1.130433
27885959 1.131188
27885282 1.137337
27883778 1.313729
27880419 1.342889
27880124 1.343109
27876019 1.343816
27875414 1.343821
27871185 1.345492
27870797 1.345639
27867285 1.350687
27864234 1.351112
27858966 1.502133
27857770 1.985406
27857139 2.454623
27857106 3.035639
27856429 3.036344
27855650 3.079218
27853055 3.125755
27852409 3.285579
27852409 603.286397
