PROBLEM_FILE = /tmp/tsp/4372.tmp/example.tmp
54442609 1.024581
54365271 1.024611
54351305 1.024616
54343279 1.024630
54336298 1.024639
54295267 1.024655
54294562 1.024663
54251526 1.024667
54251425 1.024671
54244103 1.024674
54240725 1.024681
54196186 1.024685
54170066 1.024688
54153771 1.024697
54147768 1.024700
54125112 1.024709
54121299 1.024714
54092062 1.024723
54086538 1.024729
54025985 1.024743
54003879 1.024747
53978845 1.024757
53957767 1.024763
53914216 1.024769
53902766 1.024773
53897669 1.024776
53859407 1.024790
53843956 1.024797
53783732 1.024810
53778058 1.024814
53755275 1.024817
53745739 1.024829
53716527 1.024836
53709994 1.024842
53647204 1.024853
53644475 1.024858
53573651 1.024862
53534075 1.024872
53523483 1.024880
53505685 1.024883
53428464 1.024886
53419904 1.024891
53391836 1.024899
53309413 1.024910
53302085 1.024913
53287061 1.024917
53256504 1.024922
53216445 1.024931
53204310 1.024936
53200430 1.024942
53198712 1.024961
53193748 1.024968
53127920 1.024978
52979033 1.024982
52932541 1.024986
52899726 1.024991
52844715 1.024996
52820530 1.024999
52800601 1.025011
52786271 1.025022
52743419 1.025027
52713353 1.025030
52673103 1.025034
52615330 1.025040
52595332 1.025045
52421531 1.025058
52335021 1.025067
51922271 1.025073
51903445 1.025079
51818972 1.025083
51808039 1.025096
51698032 1.025105
51660310 1.025110
51617448 1.025114
51614940 1.025128
51603568 1.025134
51575495 1.025146
51555822 1.025154
51541251 1.025164
51522679 1.025168
51397363 1.025171
51372709 1.025174
51338300 1.025179
51333005 1.025183
51306304 1.025194
51266924 1.025198
51252412 1.025202
51218601 1.025207
51212104 1.025217
51122888 1.025226
51092470 1.025229
51057919 1.025238
51002152 1.025242
50970994 1.025246
50953307 1.025252
50887764 1.025256
50879612 1.025263
50874836 1.025271
50817569 1.025280
50808260 1.025288
50807405 1.025294
50800752 1.025297
50729329 1.025300
50705757 1.025320
50702077 1.025325
50665289 1.025328
50627982 1.025341
50619354 1.025353
50610390 1.025359
50578829 1.025373
50558410 1.025378
50523207 1.025387
50517223 1.025393
50504686 1.025400
50480507 1.025404
50417291 1.025416
50416913 1.025419
50379474 1.025425
50367510 1.025431
50362921 1.025434
50346717 1.025444
50303014 1.025448
50295299 1.025459
50186766 1.025468
50161035 1.025477
50158001 1.025484
50142729 1.025489
50103663 1.025505
50062052 1.025510
49998396 1.025532
49994937 1.025535
49992141 1.025577
49983275 1.025580
49978990 1.025589
49925729 1.025593
49903999 1.025613
49866274 1.025631
49857103 1.025634
49762477 1.025646
49725269 1.025656
49673622 1.025660
49652653 1.025670
49635010 1.025673
49617406 1.025677
49440401 1.025681
49385043 1.025690
49376624 1.025694
49350529 1.025700
49341253 1.025710
49321207 1.025713
49282059 1.025718
49184390 1.025724
49166007 1.025730
49128169 1.025734
49003362 1.025739
48885940 1.025744
48861368 1.025789
48849402 1.025798
48846770 1.025806
48766789 1.025819
48594056 1.025823
48592650 1.025838
48584603 1.025844
48552696 1.025849
48552180 1.025861
48532312 1.025865
48487257 1.025872
48456586 1.025885
48454704 1.025895
48377248 1.025899
48373437 1.025915
48371447 1.025940
48245567 1.025948
48243199 1.025953
48213165 1.025958
48210846 1.025964
48204494 1.025990
48181378 1.026007
48144805 1.026011
48092022 1.026020
48091167 1.026023
48072296 1.026026
48057977 1.026030
48053685 1.026034
48004645 1.026039
47998290 1.026048
47952720 1.026051
47952106 1.026054
47947558 1.026078
47933670 1.026088
47869369 1.026100
47759681 1.026108
47707010 1.026111
47679417 1.026115
47584941 1.026119
47565455 1.026123
47546038 1.026126
47540143 1.026130
47532678 1.026133
47479553 1.026143
47433435 1.026151
47341652 1.026159
47341650 1.026162
47330758 1.026165
47312562 1.026182
47281974 1.026198
47264727 1.026207
47262424 1.026234
47176276 1.026238
47136631 1.026241
47128492 1.026247
47094216 1.026250
47083851 1.026264
47083365 1.026272
47083272 1.026275
47070012 1.026279
46990423 1.026289
46976306 1.026296
46953135 1.026304
46946082 1.026308
46901426 1.026320
46898321 1.026324
46884831 1.026328
46879898 1.026332
46807464 1.026341
46784271 1.026345
46776839 1.026354
46735236 1.026365
46670128 1.026376
46655376 1.026382
46651663 1.026388
46630185 1.026394
46597342 1.026399
46496865 1.026405
46495138 1.026410
46494878 1.026420
46447484 1.026424
46442594 1.026427
46438225 1.026434
46419965 1.026438
46418733 1.026448
46414444 1.026461
46399170 1.026467
46363997 1.026478
46357978 1.026488
46324503 1.026493
46324114 1.026497
46315453 1.026500
46314859 1.026505
46281810 1.026512
46220267 1.026524
46192396 1.026528
46165549 1.026535
46162395 1.026539
46131719 1.026543
46123062 1.026551
46065158 1.026556
45991634 1.026566
45990193 1.026569
45981402 1.026574
45930084 1.026578
45927844 1.026581
45923779 1.026584
45917012 1.026589
45505850 1.026604
45494997 1.026609
45483102 1.026617
45477451 1.026626
45475995 1.026646
45438018 1.026651
45436852 1.026654
45399229 1.026664
45393610 1.026668
45366439 1.026671
45360894 1.026677
45353705 1.026681
45321524 1.026687
45248880 1.026693
45164853 1.026709
45163025 1.026714
45097917 1.026720
45075179 1.026725
45003208 1.026731
44982269 1.026736
44860935 1.026748
44850217 1.026753
44836599 1.026760
44825805 1.026775
44813192 1.026779
44810494 1.026785
44803677 1.026789
44787164 1.026792
44775268 1.026799
44767220 1.026803
44644884 1.026814
44638624 1.026819
44535028 1.026825
44523130 1.026834
44505540 1.026839
44466974 1.026850
44421665 1.026860
44387273 1.026864
44331052 1.026879
44311723 1.026888
44311439 1.026895
44243284 1.026903
44233283 1.026913
44216370 1.026919
44160066 1.026923
44038228 1.026927
44017251 1.026931
43975176 1.026938
43894458 1.026947
43885893 1.026951
43871412 1.026955
43871286 1.026959
43862260 1.026962
43513321 1.026971
43498747 1.026975
43498734 1.026982
43493818 1.026999
43415217 1.027004
43360863 1.027007
43356643 1.027025
43328826 1.027039
43302271 1.027045
43299813 1.027048
43286892 1.027055
43253598 1.027064
43243759 1.027069
43239878 1.027074
43233979 1.027092
43232844 1.027096
42934168 1.027100
42918851 1.027118
42917819 1.027148
42916790 1.027158
42908826 1.027164
42903301 1.027167
42740969 1.027171
42739935 1.027175
42732619 1.027182
42725607 1.027193
42664563 1.027197
42623766 1.027202
42619451 1.027207
42599601 1.027219
42588190 1.027299
42569715 1.027303
42534555 1.027310
42521393 1.027323
42506829 1.027340
42479710 1.027345
42478473 1.027354
42445950 1.027358
42313203 1.027366
42268434 1.027376
42248893 1.027380
42230393 1.027383
42227753 1.027398
42222397 1.027405
42217089 1.027408
42194826 1.027415
42178378 1.027418
42176447 1.027448
42141166 1.027453
42104951 1.027457
42102831 1.027464
42093585 1.027477
42087901 1.027481
42086816 1.027484
41928815 1.027496
41898089 1.027511
41893629 1.027518
41883516 1.027539
41855666 1.027543
41828243 1.027567
41805098 1.027596
41794917 1.027610
41733309 1.027621
41711113 1.027626
41707586 1.027634
41676721 1.027638
41644535 1.027643
41569356 1.027657
41560204 1.027661
41484256 1.027687
41254294 1.027703
41236909 1.027708
41200280 1.027711
41190217 1.027720
41103735 1.027726
41023274 1.027739
41014878 1.027743
41007695 1.027748
40974693 1.027754
40959401 1.027771
40861480 1.027783
40850242 1.027786
40811144 1.027797
40778022 1.027808
40701885 1.027814
40701365 1.027817
40687196 1.027824
40672589 1.027828
40650295 1.027832
40646488 1.027851
40639947 1.027854
40440866 1.027861
40417942 1.027865
40397061 1.027891
40368974 1.027896
40314038 1.027900
40304694 1.027910
40276701 1.027919
40263951 1.027924
40254459 1.027946
40162179 1.027958
40136769 1.027962
40101562 1.027965
40089913 1.027972
40074801 1.027981
40051183 1.027994
40044032 1.028000
40017486 1.028005
39998162 1.028008
39994456 1.028014
39989286 1.028025
39912372 1.028035
39901545 1.028040
39548433 1.028045
39533445 1.028049
39530010 1.028053
39487476 1.028064
39433211 1.028068
39390986 1.028076
39388631 1.028085
39346654 1.028088
39341988 1.028106
39337584 1.028127
39318929 1.028131
39307613 1.028137
39280937 1.028140
39277257 1.028146
39274268 1.028157
39273848 1.028167
39264424 1.028175
39258175 1.028183
39220025 1.028198
39209433 1.028201
39122175 1.028214
39001080 1.028236
38962296 1.028240
38934825 1.028246
38919635 1.028254
38918355 1.028257
38825432 1.028260
38823311 1.028287
38820944 1.028316
38798055 1.028319
38789814 1.028324
38763577 1.028335
38739538 1.028338
38696523 1.028347
38662313 1.028355
38519547 1.028367
38492443 1.028371
38427259 1.028382
38412818 1.028386
38412122 1.028390
38310898 1.028396
38294467 1.028403
38267290 1.028407
38264941 1.028410
38262673 1.028425
38230063 1.028430
38211752 1.028434
38199601 1.028450
38198291 1.028457
38196939 1.028480
38189169 1.028488
38144041 1.028496
38134220 1.028500
38109225 1.028505
38082907 1.028509
38058361 1.028515
38052941 1.028525
38046647 1.028528
38000014 1.028533
37935494 1.028538
37896813 1.028545
37889887 1.028551
37819731 1.028564
37798358 1.028570
37795502 1.028574
37791254 1.028580
37787073 1.028594
37721908 1.028600
37679872 1.028607
37679730 1.028610
37650835 1.028613
37644286 1.028617
37629873 1.028636
37570491 1.028640
37558966 1.028646
37532158 1.028651
37517709 1.028659
37434759 1.028673
37424381 1.028687
37353969 1.028716
37300393 1.028720
37274830 1.028730
37256826 1.028735
37239510 1.028738
37210981 1.028744
37208563 1.028773
37204792 1.028796
37173941 1.028800
37164421 1.028804
37141851 1.028808
37133158 1.028811
37129020 1.028823
37124775 1.028827
37124613 1.028840
37119782 1.028848
37117786 1.028866
37114618 1.028873
37074636 1.028877
37041889 1.028882
37013248 1.028894
37005847 1.028924
37002829 1.028929
37002658 1.028935
36948207 1.028951
36913683 1.028963
36903551 1.028967
36902230 1.028971
36899270 1.028976
36897314 1.028979
36888529 1.028984
36882660 1.028996
36876519 1.029059
36868775 1.029074
36843839 1.029081
36732393 1.029085
36729017 1.029096
36710408 1.029104
36707747 1.029108
36693337 1.029139
36676953 1.029143
36669691 1.029149
36652105 1.029153
36617952 1.029156
36616376 1.029160
36561080 1.029185
36554650 1.029189
36516558 1.029205
36489635 1.029209
36485161 1.029215
36481038 1.029219
36463849 1.029222
36458671 1.029228
36455284 1.029238
36447963 1.029253
36165068 1.029261
36162901 1.029270
36157816 1.029275
36157622 1.029279
36152506 1.029284
36099352 1.029289
36095090 1.029292
36061264 1.029301
36060159 1.029305
36052224 1.029310
36027951 1.029327
36020773 1.029335
36016256 1.029351
35988231 1.029356
35962073 1.029386
35961515 1.029403
35961456 1.029407
35957207 1.029410
35949508 1.029413
35904627 1.029416
35900362 1.029420
35892588 1.029423
35885487 1.029427
35814588 1.029433
35779962 1.029436
35772569 1.029441
35771079 1.029450
35756465 1.029457
35756217 1.029460
35619259 1.029463
35617702 1.029470
35614977 1.029475
35611468 1.029480
35607419 1.029485
35593911 1.029491
35591700 1.029506
35572842 1.029510
35564039 1.029516
35559280 1.029519
35547798 1.029528
35544243 1.029572
35525528 1.029576
35524059 1.029607
35520294 1.029615
35501859 1.029638
35493121 1.029642
35487671 1.029657
35472361 1.029662
35465138 1.029672
35401916 1.029688
35400710 1.029691
35339571 1.029695
35325111 1.029698
35313494 1.029706
35303824 1.029712
35274959 1.029716
35273105 1.029719
35260817 1.029723
35247131 1.029727
35246704 1.029752
35245086 1.029758
35227823 1.029772
35209522 1.029775
35206773 1.029781
35175408 1.029786
35123254 1.029793
35120350 1.029797
35119853 1.029801
35119530 1.029810
35117608 1.029823
35115741 1.029827
35108678 1.029855
35105232 1.029862
35101012 1.029866
35050553 1.029869
34974632 1.029878
34968378 1.029883
34965366 1.029886
34957328 1.029892
34941652 1.029902
34934460 1.029924
34934267 1.029964
34927282 1.029968
34920797 1.029976
34903612 1.029983
34899278 1.030005
34895535 1.030026
34810298 1.030039
34809946 1.030043
34788071 1.030048
34786221 1.030057
34781088 1.030061
34735994 1.030109
34602443 1.030137
34596574 1.030141
34576798 1.030165
34554304 1.030171
34549769 1.030174
34531693 1.030178
34528917 1.030185
34491905 1.030196
34487140 1.030199
34484038 1.030206
34462030 1.030251
34437392 1.030256
34435155 1.030381
34427794 1.030415
34405834 1.030425
34396528 1.030443
34395740 1.030448
34394969 1.030454
34385007 1.030467
34383029 1.030480
34374890 1.030502
34362351 1.030562
34344506 1.030613
34335348 1.030632
34317259 1.030643
34315613 1.030656
34312135 1.030661
34307549 1.030664
34298043 1.030672
34295920 1.030685
34294080 1.030690
34293745 1.030697
34291581 1.030705
34288869 1.030709
34281578 1.030714
34272814 1.030721
34257004 1.030730
34255567 1.030759
34253872 1.030797
34246990 1.030809
34222816 1.030823
34210491 1.030829
34201075 1.030847
34147453 1.030858
34138837 1.030881
34137563 1.030885
34131203 1.030895
34121881 1.030898
34114003 1.030902
34082694 1.030911
33879728 1.031739
33874960 1.031751
33852937 1.031755
33850296 1.031772
33837847 1.031776
33835256 1.031938
33806517 1.031943
33776204 1.031947
33743840 1.031950
33704471 1.031956
33674299 1.031965
33652737 1.031983
33552014 1.031992
33523656 1.031999
33231614 1.032037
33204293 1.032041
33197248 1.032045
33178217 1.032049
33169225 1.032093
33148668 1.032124
33129480 1.032128
33126890 1.032137
33117557 1.032142
33116480 1.032147
33071520 1.032157
33069657 1.032161
33056721 1.032165
33042637 1.032169
33023572 1.032229
33019145 1.032251
33012857 1.032259
33001786 1.032262
32929838 1.032274
32889822 1.032278
32887224 1.032370
32866992 1.032374
32851494 1.032399
32832672 1.032403
32752670 1.032425
32705410 1.032433
32685934 1.032437
32671641 1.032446
32661784 1.032453
32645048 1.032476
32639041 1.032493
32637613 1.032499
32633417 1.032514
32626113 1.032526
32618107 1.032532
32614580 1.032536
32611494 1.032562
32610876 1.032590
32590580 1.032594
32587444 1.032626
32538603 1.032629
32522738 1.032653
32519681 1.032661
32517448 1.032698
32516272 1.033625
32515471 1.033632
32515344 1.033644
32513399 1.033740
32445599 1.033803
32429646 1.033908
32424957 1.033921
32376183 1.033935
32323000 1.033945
32319215 1.033949
32314763 1.033953
32312855 1.033961
32309759 1.033965
32304448 1.033970
32250681 1.033973
32125824 1.033982
32111153 1.033986
32106053 1.034001
32101414 1.034005
32088712 1.034122
32079327 1.034127
32060561 1.034132
32040188 1.034135
32037017 1.034139
32036686 1.034159
32019597 1.034164
31985706 1.034193
31981559 1.034201
31941550 1.034209
31939304 1.034220
31928981 1.034265
31922510 1.034271
31881264 1.034276
31879161 1.034282
31873947 1.034292
31871334 1.034296
31871277 1.034316
31860134 1.034327
31856585 1.034342
31828619 1.034346
31822325 1.034349
31810151 1.034362
31806308 1.034381
31802694 1.034394
31798062 1.034402
31789973 1.034419
31789172 1.034426
31784669 1.034454
31745904 1.034465
31739924 1.034470
31736648 1.034474
31711743 1.034477
31689867 1.034483
31659332 1.034487
31615536 1.034535
31613720 1.034623
31605743 1.034681
31593923 1.034687
31590694 1.034691
31587639 1.034702
31563645 1.034725
31563309 1.034971
31547881 1.035041
31537749 1.035053
31509173 1.035079
31503900 1.035084
31424843 1.035090
31406596 1.035094
31395104 1.035097
31391449 1.035100
31374003 1.035103
31367846 1.035117
31349851 1.035124
31339486 1.035134
31339339 1.035138
31334068 1.035149
31306135 1.035155
31301446 1.035158
31294115 1.035164
31279915 1.035303
31106165 1.035468
31073276 1.035480
31061958 1.035495
31051632 1.035503
31040893 1.035507
31040332 1.035529
31036899 1.035552
31024535 1.035593
31022935 1.035623
31001037 1.035629
30999487 1.035647
30992691 1.035666
30990322 1.035694
30974868 1.035699
30971194 1.035714
30970243 1.035717
30960098 1.035721
30945754 1.035724
30939832 1.035980
30936922 1.035988
30925762 1.036130
30915977 1.036271
30909800 1.036483
30905960 1.036494
30899479 1.036543
30894068 1.036773
30880841 1.036784
30874484 1.036834
30874459 1.036848
30873318 1.036860
30837972 1.036889
30835735 1.036896
30829379 1.036901
30815417 1.036929
30796241 1.036996
30791091 1.037155
30779637 1.037177
30761102 1.037505
30753801 1.037525
30749072 1.037532
30740247 1.037552
30729597 1.037558
30726098 1.037579
30720149 1.037585
30710187 1.037608
30709808 1.037704
30680943 1.037717
30605016 1.037721
30596074 1.037768
30590556 1.037806
30589982 1.037810
30582332 1.037814
30579956 1.037826
30578663 1.037863
30575419 1.037874
30521712 1.037881
30509600 1.037889
30441830 1.037935
30437660 1.038085
30422376 1.038089
30400001 1.038093
30392874 1.038096
30391425 1.038112
30366367 1.038117
30365678 1.038132
30365326 1.038149
30362544 1.038159
30355103 1.038760
30318588 1.039028
30315024 1.039130
30295052 1.039262
30275275 1.039280
30262781 1.039284
30254566 1.039535
30218576 1.039552
30214306 1.039576
30187972 1.039616
30176945 1.039621
30169852 1.039626
30158166 1.039632
30149311 1.039636
30144822 1.039650
30141678 1.039720
30134931 1.040011
30130957 1.040015
30116574 1.040023
30112997 1.040215
30107484 1.040297
30106840 1.040333
30101398 1.040343
30074006 1.040347
30068776 1.040361
30060211 1.040366
30057608 1.040374
30055246 1.040470
30052549 1.040476
30050619 1.040486
30039871 1.040580
30039744 1.040618
30023033 1.040668
30022239 1.040674
30012601 1.040691
30012409 1.040695
30004904 1.041055
30004859 1.041134
29968921 1.041151
29967240 1.041260
29965295 1.041335
29959064 1.041365
29945843 1.041470
29943771 1.041478
29938491 1.041847
29932467 1.041860
29928262 1.041963
29919038 1.042208
29911016 1.042213
29905363 1.042303
29897212 1.042313
29879252 1.042344
29876432 1.042455
29852849 1.042459
29849518 1.042548
29848721 1.042553
29844531 1.042682
29839316 1.042738
29822564 1.042893
29810784 1.043022
29794270 1.043036
29739109 1.043041
29729808 1.043051
29716986 1.046927
29712554 1.047020
29694520 1.047031
29689546 1.047069
29687897 1.047090
29664618 1.047201
29645706 1.047262
29634287 1.047276
29616905 1.047475
29599013 1.047667
29589030 1.047691
29587117 1.047863
29583782 1.047884
29582132 1.048288
29574217 1.048297
29563307 1.048479
29562941 1.048627
29555316 1.048635
29523495 1.049997
29495747 1.050018
29462497 1.050027
29453781 1.050041
29447563 1.050065
29441486 1.050070
29440424 1.050098
29425769 1.050218
29375865 1.050228
29371645 1.050232
29363577 1.050251
29352410 1.050517
29347932 1.050667
29344382 1.050694
29343748 1.050704
29332395 1.050900
29302917 1.050915
29301688 1.050946
29298970 1.050959
29297673 1.050985
29287888 1.050993
29280360 1.051028
29274786 1.051062
29272522 1.051099
29260831 1.051317
29256126 1.051321
29246437 1.051346
29241766 1.051384
29241093 1.051401
29231576 1.051419
29230473 1.051453
29229385 1.051527
29227993 1.051603
29219527 1.051617
29218242 1.051621
29215881 1.051656
29213066 1.051670
29210442 1.051674
29199567 1.051808
29194453 1.051821
29168862 1.051858
29168827 1.051862
29132437 1.052258
29124854 1.052264
29122857 1.052307
29122209 1.052367
29119135 1.052379
29115920 1.052414
29114273 1.052704
29109928 1.059271
29101166 1.060676
29071548 1.060697
29063356 1.060707
29063004 1.060713
29055445 1.060741
29047140 1.060754
29046330 1.060769
29041553 1.060859
29038602 1.061226
29030272 1.065600
29027362 1.065655
29026294 1.065675
29014953 1.066127
29003270 1.066432
28990287 1.066439
28988000 1.066817
28980945 1.066888
28972866 1.067393
28972864 1.067400
28971455 1.067420
28967956 1.067428
28958167 1.067773
28957154 1.068277
28955513 1.068661
28951958 1.079573
28950151 1.079662
28950024 1.079875
28929994 1.080181
28929012 1.080302
28928989 1.080365
28928421 1.088955
28927038 1.088961
28924153 1.088967
28906734 1.088971
28884264 1.088975
28870333 1.089026
28866510 1.089043
28850703 1.089083
28849009 1.089090
28847620 1.089096
28843555 1.089099
28840180 1.091859
28837806 1.091880
28819735 1.092072
28819491 1.092088
28819190 1.092322
28813104 1.092328
28808302 1.092353
28796652 1.092402
28789741 1.092421
28768305 1.092443
28762351 1.092450
28761906 1.092461
28752318 1.092552
28750607 1.093289
28749347 1.093628
28741722 1.093632
28740619 1.093670
28732635 1.093768
28728777 1.093793
28728134 1.094980
28702480 1.095073
28697972 1.095080
28689971 1.095101
28682776 1.095263
28678413 1.095620
28678042 1.095646
28674478 1.098661
28670621 1.098764
28665746 1.098919
28662750 1.099044
28662653 1.099144
28652752 1.099211
28644561 1.099558
28630816 1.099644
28625976 1.100600
28623693 1.100608
28615334 1.100636
28614108 1.101219
28611326 1.101257
28603912 1.101369
28603368 1.114183
28601913 1.114280
28600026 1.114286
28596995 1.114302
28596309 1.119552
28596167 1.119687
28594802 1.119714
28594515 1.119719
28593041 1.119745
28592995 1.120098
28589427 1.120110
28588217 1.120134
28580155 1.123483
28579315 1.123970
28568225 1.123983
28566118 1.124067
28563310 1.124082
28562020 1.124103
28555002 1.124218
28552401 1.124553
28543481 1.124621
28539827 1.124626
28539027 1.124633
28538045 1.128489
28537475 1.128951
28536626 1.128991
28532002 1.128999
28528305 1.129014
28527232 1.129137
28527089 1.129141
28521607 1.130547
28519958 1.130786
28518624 1.131108
28510720 1.131374
28492626 1.131390
28477818 1.132401
28477506 1.132869
28477483 1.140772
28477401 1.140778
28472952 1.141003
28469499 1.144971
28469371 1.145051
28467088 1.145241
28464464 1.146970
28462966 1.147432
28459950 1.148070
28455233 1.148082
28452125 1.148228
28449892 1.148263
28446317 1.148327
28441953 1.148335
28440897 1.148401
28438717 1.148436
28435021 1.148554
28434241 1.149458
28433936 1.150948
28432726 1.150976
28428579 1.150995
28422198 1.151225
28411174 1.151264
28409758 1.151273
28406052 1.151285
28403448 1.152242
28398800 1.152251
28396980 1.152263
28396957 1.152273
28396384 1.152296
28396156 1.152979
28391710 1.153003
28387795 1.153055
28386612 1.153148
28386391 1.153201
28385411 1.153216
28381726 1.157878
28379720 1.161112
28370531 1.161144
28367984 1.161269
28364457 1.161275
28363548 1.161504
28360242 1.164785
28351373 1.165878
28342553 1.272076
28336607 1.273620
28326828 1.273625
28323908 1.282277
28323008 1.479728
28321954 2.565255
28319224 5.425253
28319224 605.433351
