PROBLEM_FILE = /tmp/tsp/4456.tmp/example.tmp
59099339 1.018122
58595325 1.018147
58528645 1.018151
58481228 1.018160
58460385 1.018169
58350341 1.018178
58320931 1.018231
58251729 1.018240
58212954 1.018250
58171695 1.018260
58158897 1.018268
58107571 1.018271
58088390 1.018276
58075263 1.018284
58020537 1.018290
58005755 1.018297
57996557 1.018309
57929930 1.018317
57913173 1.018320
57899732 1.018323
57834755 1.018328
57833696 1.018331
57830862 1.018334
57821407 1.018345
57806879 1.018368
57760189 1.018374
57750601 1.018377
57743636 1.018385
57652846 1.018391
57631783 1.018396
57622537 1.018401
57610038 1.018405
57586883 1.018409
57521267 1.018415
57440939 1.018419
57411337 1.018425
57383398 1.018435
56940840 1.018447
56937942 1.018451
56922751 1.018465
56918051 1.018480
56734034 1.018487
56732427 1.018493
56714912 1.018501
56691901 1.018506
56663290 1.018513
56660544 1.018517
56648955 1.018526
56636124 1.018529
56574336 1.018537
56571802 1.018543
56210509 1.018552
56204917 1.018555
56197080 1.018559
56173349 1.018574
56167855 1.018578
56161253 1.018583
55783941 1.018588
55756651 1.018593
55673421 1.018601
55671467 1.018610
55649569 1.018614
55618823 1.018624
55585925 1.018634
55540207 1.018638
55474360 1.018646
55458298 1.018654
55453348 1.018657
55416937 1.018660
55406020 1.018665
55367901 1.018669
55350919 1.018673
55295220 1.018678
55273497 1.018698
55263711 1.018702
55201893 1.018706
55082409 1.018709
55076507 1.018713
55069572 1.018717
54966681 1.018721
54938696 1.018725
54577399 1.018734
54430944 1.018740
54426243 1.018748
54314772 1.018756
54283259 1.018770
54275401 1.018784
54205372 1.018789
54134724 1.018801
54068940 1.018810
54063286 1.018814
54010035 1.018818
53991542 1.018824
53949991 1.018831
53928694 1.018834
53917395 1.018837
53917063 1.018847
53909572 1.018857
53908077 1.018860
53869473 1.018867
53771002 1.018878
53677807 1.018885
53668726 1.018889
53550578 1.018897
53521531 1.018903
53518399 1.018911
53265892 1.018927
53256071 1.018933
53242373 1.018940
53235509 1.018943
53229881 1.018946
53211919 1.018966
53171457 1.018983
53169597 1.018987
53167604 1.018991
52946927 1.019001
52937429 1.019005
52923132 1.019011
52912505 1.019015
52879992 1.019018
52851907 1.019027
52841087 1.019036
52826219 1.019047
52810217 1.019053
52805307 1.019073
52800853 1.019092
52776881 1.019101
52731939 1.019105
52727659 1.019110
52718115 1.019114
52675328 1.019125
52629753 1.019133
52538388 1.019142
52537213 1.019148
52529079 1.019154
52503655 1.019169
52393371 1.019178
52362699 1.019186
52309593 1.019194
52291198 1.019210
52262593 1.019214
52234875 1.019219
52180113 1.019236
52108584 1.019247
51888025 1.019259
51887279 1.019264
51870256 1.019267
51850904 1.019273
51834195 1.019276
51832724 1.019279
51791048 1.019283
51768748 1.019288
51758649 1.019296
51735805 1.019300
51724933 1.019304
51720661 1.019309
51702824 1.019317
51698049 1.019320
51617873 1.019334
51536499 1.019339
51519761 1.019343
51515980 1.019348
51515175 1.019351
51515165 1.019354
51512202 1.019380
51489337 1.019396
51489157 1.019401
51485083 1.019410
51411498 1.019416
51405418 1.019419
51314993 1.019423
51300671 1.019427
51230566 1.019432
51216128 1.019436
51169725 1.019448
51137540 1.019493
51124432 1.019496
51072778 1.019511
51059919 1.019515
51011025 1.019518
50989644 1.019521
50981579 1.019525
50937244 1.019528
50936839 1.019534
50877915 1.019545
50861726 1.019549
50792266 1.019553
50779814 1.019560
50736983 1.019571
50717571 1.019579
50704832 1.019582
50659836 1.019588
50633366 1.019593
50438261 1.019603
50432017 1.019613
50274824 1.019620
50241507 1.019624
50239566 1.019627
50221956 1.019638
50192261 1.019650
50186782 1.019658
50165647 1.019661
50162491 1.019664
50101516 1.019668
50091545 1.019675
50037791 1.019680
50021723 1.019687
50008827 1.019695
50002136 1.019703
49988417 1.019706
49977969 1.019709
49970240 1.019712
49946298 1.019725
49944140 1.019736
49940711 1.019748
49864698 1.019769
49702883 1.019792
49686537 1.019809
49642620 1.019816
49636793 1.019821
49631158 1.019824
49617148 1.019833
49610199 1.019839
49540487 1.019844
49518000 1.019848
49482349 1.019852
49427045 1.019874
49387469 1.019878
49383473 1.019892
49361785 1.019897
49237085 1.019903
49205155 1.019920
49204823 1.019923
49201128 1.019927
49197164 1.019941
49023070 1.019946
49023051 1.019953
48933761 1.019962
48926411 1.019971
48795005 1.019980
48598335 1.019991
48591095 1.019994
48517041 1.020000
48491973 1.020003
48472531 1.020007
48429563 1.020010
48395362 1.020016
48374168 1.020020
48245786 1.020027
48240496 1.020032
48212952 1.020036
48169917 1.020054
48160595 1.020060
48149682 1.020063
48149480 1.020075
48094953 1.020081
48068230 1.020095
48025460 1.020099
48004176 1.020107
48002035 1.020110
47984266 1.020118
47963995 1.020124
47587009 1.020133
47571524 1.020143
47541558 1.020147
47528275 1.020163
47510860 1.020178
47463712 1.020183
47448717 1.020193
47417128 1.020200
47394727 1.020203
47393451 1.020211
47390783 1.020214
47366147 1.020224
47322874 1.020229
47207400 1.020233
46672475 1.020261
46671365 1.020269
46665467 1.020277
46655677 1.020287
46650637 1.020290
46632560 1.020297
46513124 1.020302
46477392 1.020305
46427273 1.020316
46387620 1.020334
46384675 1.020338
46331876 1.020342
46324397 1.020366
46292809 1.020374
46229724 1.020378
46217471 1.020388
46179377 1.020391
46090617 1.020396
46087687 1.020399
46015264 1.020403
46009142 1.020407
46002340 1.020416
45981496 1.020419
45941914 1.020422
45938537 1.020427
45925927 1.020430
45894413 1.020436
45847285 1.020443
45834778 1.020447
45832383 1.020458
45813858 1.020488
45766490 1.020497
45751186 1.020503
45637012 1.020512
45632607 1.020515
45608151 1.020519
45554404 1.020523
45548435 1.020528
45534762 1.020545
45445943 1.020552
45445221 1.020564
45419268 1.020575
45416457 1.020582
45405709 1.020592
45392038 1.020601
45373883 1.020607
45352847 1.020611
45343360 1.020622
45266579 1.020629
45254902 1.020645
45251807 1.020648
45241387 1.020655
45217346 1.020662
45205237 1.020667
45201100 1.020671
44905542 1.020693
44670484 1.020701
44669600 1.020704
44669260 1.020707
44668936 1.020715
44512278 1.020722
44471780 1.020725
44461897 1.020730
44432369 1.020735
44404506 1.020739
44337498 1.020746
44337374 1.020749
44335683 1.020759
44325540 1.020763
44267677 1.020768
44261235 1.020772
44235408 1.020775
44197073 1.020779
44190870 1.020796
44180815 1.020803
44175918 1.020813
44091635 1.020823
44054474 1.020833
44049041 1.020836
44009298 1.020841
43990708 1.020844
43874880 1.020851
43859630 1.020865
43836832 1.020872
43834856 1.020878
43830423 1.020884
43824081 1.020891
43813875 1.020901
43760543 1.020912
43753178 1.020922
43712941 1.020926
43705385 1.020930
43702348 1.020933
43698429 1.020938
43684970 1.020943
43677865 1.020972
43675945 1.020975
43660344 1.020979
43630518 1.020982
43580234 1.020986
43565323 1.020992
43542867 1.020996
43541292 1.020999
43536174 1.021004
43527626 1.021011
43526648 1.021015
43516548 1.021018
43476721 1.021028
43428846 1.021032
43352875 1.021047
43299996 1.021064
43299382 1.021067
43135800 1.021073
43133896 1.021076
43132396 1.021089
43065543 1.021099
43036218 1.021102
43012336 1.021107
42987103 1.021111
42961785 1.021115
42927403 1.021120
42924872 1.021140
42893141 1.021146
42889642 1.021149
42878885 1.021154
42772895 1.021160
42757422 1.021167
42599679 1.021172
42573126 1.021175
42572938 1.021179
42521783 1.021210
42510700 1.021215
42507872 1.021237
42472987 1.021250
42471480 1.021255
42470476 1.021274
42468006 1.021297
42460506 1.021300
42448764 1.021325
42439924 1.021328
42428095 1.021334
42402923 1.021354
42388998 1.021357
42386944 1.021360
42046693 1.021365
42019807 1.021389
42016159 1.021393
41992229 1.021398
41970736 1.021407
41959629 1.021413
41949851 1.021418
41911045 1.021423
41899559 1.021435
41893096 1.021451
41883412 1.021454
41876836 1.021468
41876589 1.021473
41871589 1.021476
41865234 1.021480
41832478 1.021488
41824281 1.021495
41798548 1.021499
41777637 1.021505
41765526 1.021521
41751857 1.021525
41736954 1.021541
41724201 1.021550
41722029 1.021562
41678741 1.021567
41667590 1.021576
41661218 1.021584
41621477 1.021597
41611905 1.021602
41611308 1.021614
41542227 1.021628
41541614 1.021633
41525326 1.021637
41476784 1.021664
41472287 1.021667
41458175 1.021678
41441852 1.021708
41441390 1.021713
41390558 1.021743
41268701 1.021768
41256778 1.021773
41221185 1.021777
41190712 1.021781
41112359 1.021785
41111990 1.021788
41072772 1.021800
41058118 1.021804
41044932 1.021808
41023838 1.021826
40962110 1.021837
40954067 1.021843
40952564 1.021858
40944154 1.021866
40886660 1.021897
40876780 1.021904
40875769 1.021908
40874633 1.021915
40801843 1.021931
40758861 1.021935
40704803 1.021953
40687689 1.021959
40680436 1.021964
40661805 1.021968
40582418 1.021975
40562527 1.021979
40358537 1.021985
40348989 1.021988
40345447 1.021995
40338062 1.022002
40314375 1.022007
40303413 1.022010
40069787 1.022013
40049973 1.022016
40001631 1.022025
39978789 1.022032
39933812 1.022044
39846183 1.022049
39834440 1.022053
39828946 1.022064
39819920 1.022069
39810228 1.022075
39794840 1.022079
39792048 1.022090
39784303 1.022094
39782854 1.022097
39722197 1.022107
39666234 1.022116
39656778 1.022120
39654489 1.022123
39600382 1.022130
39535839 1.022145
39532838 1.022156
39498648 1.022160
39459291 1.022165
39447460 1.022170
39434589 1.022178
39432154 1.022181
39431405 1.022186
39429290 1.022189
39404064 1.022192
39363576 1.022196
39343329 1.022210
39329716 1.022213
39300644 1.022217
39237357 1.022220
39222732 1.022229
39219880 1.022233
39191460 1.022238
39158185 1.022242
39155616 1.022249
39117664 1.022254
39113380 1.022257
39112386 1.022261
39067121 1.022266
39041732 1.022272
39035731 1.022275
38933527 1.022279
38890677 1.022283
38855985 1.022286
38844632 1.022289
38813948 1.022293
38810180 1.022299
38795055 1.022306
38791733 1.022321
38741511 1.022337
38733218 1.022340
38726639 1.022344
38685258 1.022379
38680939 1.022422
38622527 1.022427
38622273 1.022447
38601290 1.022460
38569150 1.022464
38550108 1.022467
38534232 1.022471
38468810 1.022475
38454748 1.022478
38374711 1.022490
38346078 1.022499
38344024 1.022502
38285627 1.022505
38261388 1.022509
38207848 1.022513
38188360 1.022519
38011376 1.022523
38008616 1.022527
37937401 1.022531
37918613 1.022551
37862051 1.022555
37642109 1.022562
37631359 1.022566
37618197 1.022583
37451563 1.022592
37446555 1.022595
37442467 1.022610
37438230 1.022613
37433655 1.022631
37413227 1.022637
37404922 1.022640
37395230 1.022643
37378577 1.022647
37373100 1.022654
37358434 1.022659
37327988 1.022663
37285554 1.022668
37270526 1.022671
37244053 1.022675
37180666 1.022678
37179604 1.022682
37168804 1.022686
37145335 1.022689
37131417 1.022693
37110687 1.022696
37089612 1.022725
37073044 1.022749
37017487 1.022757
37007078 1.022776
36953667 1.022780
36879990 1.022796
36876249 1.022799
36848288 1.022802
36844476 1.022808
36838851 1.022833
36794376 1.022847
36790388 1.022851
36765855 1.022871
36750110 1.022877
36721593 1.022881
36690233 1.022934
36679193 1.022939
36625558 1.022945
36592540 1.022948
36567680 1.022973
36562508 1.022978
36559069 1.022992
36551777 1.023001
36542133 1.023020
36539504 1.023027
36521068 1.023046
36509800 1.023053
36453725 1.023058
36407727 1.023099
36398093 1.023118
36395454 1.023121
36390978 1.023150
36388292 1.023157
36387888 1.023160
36317670 1.023163
36294393 1.023178
36260917 1.023189
36257142 1.023251
36250562 1.023255
36248222 1.023258
36178833 1.023261
36154386 1.023272
36135775 1.023280
36132135 1.023295
35761044 1.023303
35725139 1.023335
35674377 1.023353
35663239 1.023357
35483073 1.023366
35448693 1.023378
35383536 1.023382
35374204 1.023437
35341528 1.023441
35336076 1.023447
35326621 1.023453
35321557 1.023473
35318166 1.023477
35317668 1.023491
35307193 1.023525
35284573 1.023529
35253323 1.023535
35249286 1.023539
35246079 1.023551
35244462 1.023558
35231854 1.023562
35220469 1.023566
35219789 1.023570
35207217 1.023579
35191551 1.023583
35158399 1.023586
35108778 1.023597
35097232 1.023605
35088457 1.023610
35060808 1.023615
35041892 1.023618
34975569 1.023632
34958744 1.023653
34952305 1.023663
34917058 1.023667
34916445 1.023675
34902050 1.023696
34880545 1.023701
34863985 1.023709
34846042 1.023716
34820827 1.023719
34804782 1.023722
34803041 1.023757
34797798 1.023761
34792500 1.023781
34792484 1.023794
34778828 1.023798
34777097 1.023806
34731421 1.023810
34729522 1.023816
34598002 1.023822
34587590 1.023825
34526412 1.023829
34522481 1.023847
34508007 1.023858
34495532 1.023862
34469066 1.023876
34468713 1.023913
34435922 1.023925
34432107 1.023949
34109592 1.023958
34099948 1.023963
34077851 1.023979
34076235 1.024006
34071635 1.024010
34065980 1.024022
34063402 1.024029
34061782 1.024040
34025001 1.024049
34015804 1.024052
34014824 1.024062
34010819 1.024118
33993175 1.024136
33983291 1.024153
33933304 1.024167
33928587 1.024189
33927904 1.024202
33913031 1.024207
33898756 1.024215
33898631 1.024220
33890239 1.024245
33758772 1.024252
33755576 1.024257
33742809 1.024275
33741954 1.024287
33739288 1.024292
33721529 1.024296
33718416 1.024346
33715511 1.024417
33710815 1.024435
33710264 1.024453
33705490 1.024567
33676437 1.024641
33674294 1.024649
33672538 1.024658
33653806 1.024662
33645423 1.024669
33633796 1.024676
33592338 1.024685
33566296 1.024729
33564758 1.024733
33558677 1.024741
33522380 1.024769
33512920 1.024775
33500148 1.024794
33488103 1.024865
33487009 1.025746
33464945 1.025780
33460595 1.025785
33457347 1.025789
33406662 1.025817
33400654 1.025826
33385105 1.025867
33375321 1.025874
33323200 1.025893
33291793 1.025946
33248519 1.025964
33244344 1.025975
33232845 1.026039
33227157 1.026043
33225921 1.026068
33214063 1.026072
33203714 1.026082
33203173 1.026089
33191443 1.026095
33153163 1.026102
33147035 1.026117
33096675 1.026124
33082990 1.026127
33064065 1.026141
33054166 1.026150
33047298 1.026161
32475717 1.026191
32444409 1.026211
32414998 1.026220
32407371 1.026227
32406177 1.026231
32400575 1.026235
32399932 1.026242
32398661 1.026245
32395351 1.026264
32394501 1.026269
32386893 1.026296
32342369 1.026309
32255823 1.026315
32255316 1.026348
32253328 1.026380
32225192 1.026402
32212811 1.026415
32210676 1.026438
32205769 1.026443
32204962 1.026465
32199187 1.026495
32191200 1.026524
32166012 1.026528
32158081 1.026580
32155966 1.026585
32151820 1.026589
32139419 1.026600
32136083 1.026618
32110782 1.026633
32101843 1.026646
32101831 1.026673
32092661 1.026706
32084785 1.026712
31986418 1.026719
31962383 1.026722
31961610 1.026727
31957265 1.026787
31951940 1.026793
31905106 1.026796
31774099 1.026814
31760919 1.026831
31729383 1.026846
31691971 1.026851
31689341 1.026858
31684502 1.027105
31680883 1.027262
31666166 1.027505
31660230 1.027556
31649171 1.027561
31641990 1.027567
31636809 1.027589
31632112 1.027789
31455612 1.028026
31450276 1.028030
31431575 1.028059
31423907 1.028063
31377097 1.028082
31368392 1.028087
31357687 1.028228
31337035 1.028469
31247949 1.028484
31214938 1.028503
31195831 1.028519
31188859 1.028523
31177863 1.028530
31173600 1.028571
31159095 1.028575
31156055 1.028585
31092471 1.028590
31062964 1.028594
31049924 1.028597
31036640 1.028600
31030971 1.028631
30995733 1.028640
30930542 1.028653
30926170 1.028708
30919454 1.028767
30898099 1.028783
30873382 1.028789
30765931 1.029222
30757210 1.029234
30741499 1.029238
30726939 1.029247
30722769 1.029272
30722603 1.029275
30721667 1.029280
30701568 1.029288
30700633 1.029293
30643178 1.030670
30638776 1.030676
30623788 1.030713
30619690 1.030727
30586164 1.030733
30574840 1.030740
30568948 1.030885
30566205 1.030914
30556355 1.030938
30555667 1.030942
30552876 1.030967
30545056 1.031031
30543681 1.031036
30522446 1.031570
30519867 1.031598
30511695 1.031619
30509088 1.031634
30500994 1.031643
30485242 1.031687
30481714 1.031691
30479851 1.031761
30475772 1.031787
30453656 1.031817
30449644 1.031821
30447256 1.031825
30406860 1.031830
30372077 1.031835
30370889 1.031839
30329607 1.031855
30326331 1.031859
30324576 1.031877
30322844 1.031883
30321785 1.031889
30321599 1.031912
30321425 1.031924
30317319 1.031948
30315031 1.031953
30311146 1.031956
30309717 1.032053
30307016 1.032139
30300885 1.032151
30293262 1.032155
30288132 1.032159
30100032 1.032168
30098544 1.032281
30095105 1.032291
30089080 1.032297
30084033 1.032349
30083223 1.032822
30082461 1.032828
30081806 1.032836
30081110 1.032843
30073971 1.032853
30065891 1.032860
30023949 1.032866
30008546 1.032926
29808026 1.032935
29800863 1.033028
29774111 1.033067
29770874 1.033086
29735132 1.033091
29715029 1.033719
29677094 1.033739
29670889 1.033743
29653391 1.033750
29641392 1.033754
29640965 1.033775
29640151 1.033874
29626829 1.033881
29576035 1.033895
29559863 1.033899
29553465 1.033905
29527731 1.034045
29521781 1.034082
29517240 1.034088
29503968 1.034099
29503079 1.034304
29501190 1.034608
29499751 1.034892
29484036 1.034907
29455678 1.034912
29455309 1.035055
29449856 1.035071
29443395 1.035150
29435732 1.035154
29434548 1.035178
29432935 1.035187
29431016 1.035301
29424493 1.035331
29422950 1.035939
29378512 1.036971
29374718 1.036977
29372652 1.036986
29366454 1.037222
29354008 1.037289
29345928 1.037362
29341526 1.037424
29287014 1.037431
29284430 1.037446
29258677 1.037470
29258568 1.037474
29238289 1.037483
29236240 1.037536
29212947 1.037600
29206715 1.037723
29203450 1.037740
29191635 1.037989
29190428 1.038988
29187519 1.039039
29153511 1.039756
29153243 1.039824
29149545 1.040053
29143373 1.040074
29140708 1.040088
29134451 1.040213
29130085 1.040250
29126174 1.040267
29124068 1.040298
29123591 1.040307
29120645 1.040407
29113427 1.040834
29105393 1.040839
29096464 1.040908
29096061 1.040970
29085445 1.041469
29084073 1.041537
29079541 1.041600
29077947 1.041614
29075897 1.042245
29075113 1.042257
29073180 1.042288
29072407 1.042320
29058011 1.042482
28927820 1.042534
28905598 1.042540
28904093 1.042641
28902593 1.043562
28882545 1.043574
28873306 1.043632
28864424 1.043639
28851944 1.043659
28832353 1.043671
28832312 1.044169
28832107 1.044308
28820929 1.044433
28815489 1.044437
28813216 1.044451
28813001 1.044605
28811681 1.044950
28806564 1.044966
28803169 1.044995
28795434 1.044999
28790172 1.045013
28779066 1.045271
28777067 1.045280
28777041 1.045284
28772129 1.045291
28763983 1.045339
28758952 1.045354
28753111 1.045359
28752431 1.045445
28725254 1.045458
28711609 1.047474
28705422 1.048581
28704572 1.048612
28704019 1.048619
28698804 1.049284
28681740 1.049584
28677127 1.049614
28675383 1.050444
28656800 1.050450
28650383 1.051975
28637731 1.052279
28635245 1.052300
28633594 1.052440
28631556 1.052471
28612016 1.053527
28603513 1.053537
28598814 1.053800
28598329 1.053812
28597460 1.053830
28593074 1.053842
28590244 1.053922
28586537 1.053928
28575466 1.057241
28569383 1.058799
28549735 1.058951
28541361 1.058975
28535260 1.058979
28531520 1.058989
28530677 1.059016
28526615 1.060268
28524501 1.060294
28507336 1.060319
28500437 1.060334
28491725 1.060521
28487673 1.060994
28483630 1.061001
28470358 1.061076
28467985 1.061953
28460253 1.062541
28453240 1.062916
28452225 1.067194
28450362 1.067229
28449993 1.067408
28435050 1.070943
28433213 1.070968
28422891 1.070973
28414871 1.070977
28413333 1.070981
28412974 1.071017
28412666 1.071145
28401305 1.071154
28391185 1.071158
28389070 1.071162
28387805 1.071178
28386003 1.073975
28385241 1.078864
28383762 1.081450
28377204 1.082146
28373471 1.082170
28361592 1.085757
28361100 1.109333
28360056 1.248326
28359791 1.279688
28358812 1.279757
28355345 1.281939
28355345 601.285330
