PROBLEM_FILE = /tmp/tsp/3490.tmp/example.tmp
58335485 1.025955
58295842 1.025977
58139805 1.025990
58107012 1.025994
58067907 1.026007
58060253 1.026018
58053224 1.026024
58045016 1.026028
58002484 1.026042
57977737 1.026045
57961527 1.026057
57954292 1.026061
57932977 1.026070
57929258 1.026084
57905177 1.026088
57838010 1.026095
57826702 1.026100
57807157 1.026105
57802044 1.026121
57794057 1.026127
57749947 1.026132
57661464 1.026138
57642951 1.026142
57641754 1.026145
57551513 1.026154
57498996 1.026159
57452419 1.026175
57451289 1.026181
57332572 1.026190
57298454 1.026196
57286287 1.026205
57213836 1.026219
57171647 1.026222
57129545 1.026232
57124173 1.026242
56805100 1.026259
56788289 1.026262
56703402 1.026266
56693359 1.026269
56686389 1.026272
56626375 1.026276
56624566 1.026280
56590393 1.026312
56587850 1.026325
56493734 1.026335
56475417 1.026339
56475036 1.026343
56075566 1.026353
55953066 1.026357
55922175 1.026370
55919177 1.026377
55813516 1.026393
55710199 1.026402
55692183 1.026405
55686363 1.026409
55655700 1.026413
55634942 1.026416
55617265 1.026427
55606570 1.026434
55433246 1.026444
55364377 1.026453
55122151 1.026465
55096542 1.026471
55051182 1.026475
55037332 1.026479
54999306 1.026491
54991399 1.026495
54975701 1.026501
54944885 1.026508
54941097 1.026511
54916467 1.026515
54883814 1.026518
54833322 1.026531
54773242 1.026542
54748379 1.026547
54730601 1.026564
54705471 1.026574
54686219 1.026577
54661819 1.026581
54631829 1.026593
54578179 1.026599
54569791 1.026602
54565808 1.026605
54543152 1.026608
54373824 1.026615
54354265 1.026627
54350749 1.026632
54303487 1.026636
54300606 1.026662
54285777 1.026672
54226996 1.026687
54223812 1.026693
54213923 1.026696
54200724 1.026699
54195181 1.026703
54186098 1.026712
54170870 1.026715
54165024 1.026729
54155809 1.026733
54132009 1.026737
54041166 1.026745
54006679 1.026748
53995038 1.026759
53991938 1.026765
53946723 1.026773
53781164 1.026784
53754816 1.026788
53711720 1.026805
53690870 1.026809
53612138 1.026819
53610997 1.026823
53605463 1.026826
53581169 1.026840
53564366 1.026854
53381806 1.026862
52560223 1.026869
52516926 1.026877
52512884 1.026881
52508863 1.026884
52500654 1.026888
52484749 1.026891
52479203 1.026905
52472044 1.026909
52432338 1.026916
52407258 1.026924
52397120 1.026929
52385638 1.026938
52382910 1.026947
52308141 1.026954
52287507 1.026957
52266523 1.026960
52263707 1.026967
52204885 1.026971
52174426 1.026976
52167848 1.026994
52161267 1.026998
52152059 1.027003
52134672 1.027015
52110421 1.027019
52046863 1.027033
51980837 1.027072
51972618 1.027076
51953715 1.027080
51939071 1.027083
51909243 1.027086
51842115 1.027092
51826582 1.027095
51817831 1.027112
51794918 1.027123
51784839 1.027130
51776281 1.027133
51765036 1.027137
51762194 1.027140
51757815 1.027150
51745505 1.027157
51665249 1.027170
51632834 1.027180
51595681 1.027184
51594943 1.027187
51570086 1.027191
51503743 1.027197
51456087 1.027201
51445927 1.027209
51441780 1.027213
51356570 1.027225
51129472 1.027229
51057805 1.027234
51050501 1.027246
51040595 1.027249
50971047 1.027254
50970826 1.027258
50922935 1.027264
50861525 1.027283
50859758 1.027298
50841795 1.027310
50836539 1.027314
50829534 1.027317
50829083 1.027321
50818383 1.027325
50783796 1.027329
50746442 1.027335
50745211 1.027342
50737023 1.027355
50723008 1.027358
50652070 1.027361
50636694 1.027365
50609274 1.027369
50583463 1.027377
50534268 1.027383
50485112 1.027387
50386592 1.027406
50383093 1.027410
50370851 1.027414
50326086 1.027418
50243690 1.027421
50219674 1.027424
50187561 1.027427
50186005 1.027446
50160283 1.027449
50151579 1.027452
50144946 1.027475
50132664 1.027479
50125869 1.027497
50082541 1.027508
50074899 1.027517
50053594 1.027521
49944918 1.027533
49837786 1.027542
49834071 1.027546
49804935 1.027555
49804842 1.027593
49761844 1.027607
49756376 1.027611
49721818 1.027615
49699134 1.027628
49687389 1.027640
49641264 1.027646
49637308 1.027658
49632194 1.027679
49617413 1.027695
49612879 1.027703
49604282 1.027720
49601363 1.027725
49582831 1.027728
49582408 1.027731
49571391 1.027734
49568467 1.027749
49521808 1.027752
49396712 1.027761
49369254 1.027774
49366768 1.027777
49337418 1.027786
49285556 1.027790
49216768 1.027806
49205291 1.027810
49205209 1.027817
49195234 1.027821
49103361 1.027825
49087240 1.027829
49070186 1.027841
49033693 1.027852
48960297 1.027859
48922702 1.027863
48917931 1.027877
48912726 1.027900
48758712 1.027917
48730067 1.027925
48727922 1.027928
48594749 1.027942
48592678 1.027956
48557875 1.027960
48545110 1.027964
48532683 1.027967
48532661 1.027976
48451368 1.027984
48448544 1.028004
48447904 1.028009
48393754 1.028018
48387928 1.028022
48316451 1.028040
48201437 1.028050
48188196 1.028053
48169736 1.028067
48092825 1.028074
48090823 1.028094
47083941 1.028104
47031089 1.028116
46999715 1.028129
46987771 1.028133
46968364 1.028145
46929093 1.028148
46917796 1.028152
46905025 1.028159
46873650 1.028162
46872763 1.028166
46766632 1.028171
46703486 1.028175
46627036 1.028195
46624257 1.028251
46614300 1.028266
46570915 1.028271
46550230 1.028274
46486093 1.028278
46485948 1.028283
46484071 1.028288
46476256 1.028291
46461075 1.028297
46396877 1.028304
46353665 1.028314
46351086 1.028318
46318336 1.028333
46284866 1.028343
46263331 1.028360
46228044 1.028364
46212192 1.028376
46185207 1.028383
45994041 1.028398
45980899 1.028404
45901686 1.028408
45885308 1.028411
45884761 1.028416
45826964 1.028419
45807413 1.028425
45806549 1.028428
45772239 1.028431
45769376 1.028435
45758163 1.028439
45755438 1.028442
45726297 1.028448
45693538 1.028461
45662104 1.028465
45569146 1.028482
45560262 1.028486
45501243 1.028490
45488864 1.028508
45487651 1.028516
45475730 1.028519
45474381 1.028522
45438621 1.028528
45426581 1.028532
45385402 1.028539
45371462 1.028543
45345427 1.028546
45248591 1.028570
45243467 1.028582
45236455 1.028594
45143824 1.028600
45139967 1.028610
45118620 1.028615
45117798 1.028626
45111134 1.028630
45078642 1.028643
45068053 1.028653
45052067 1.028657
45051767 1.028661
45039036 1.028689
45035592 1.028693
44671274 1.028696
44655862 1.028699
44619993 1.028710
44569466 1.028720
44568333 1.028726
44530767 1.028730
44525304 1.028733
44519790 1.028755
44511137 1.028777
44505217 1.028790
44494204 1.028794
44493327 1.028806
44484441 1.028822
44446184 1.028837
44445193 1.028850
44403112 1.028855
44368811 1.028858
44345340 1.028869
44343478 1.028878
44339569 1.028883
44323737 1.028899
44303344 1.028910
44237687 1.028921
44236693 1.028926
44207314 1.028930
44201870 1.028933
44200116 1.028942
44193399 1.028946
44155032 1.028952
44142723 1.028956
44086803 1.028959
44059719 1.028969
44004184 1.028979
44001096 1.028989
43991922 1.028993
43986222 1.028997
43966669 1.029012
43936039 1.029015
43923851 1.029019
43874744 1.029024
43851906 1.029027
43846474 1.029031
43838081 1.029036
43758055 1.029044
43756226 1.029047
43734089 1.029050
43706205 1.029062
43663293 1.029076
43645245 1.029085
43582630 1.029095
43500596 1.029099
43494942 1.029102
43470116 1.029106
43436981 1.029119
43411570 1.029124
43410800 1.029127
43407908 1.029130
43286273 1.029136
43247709 1.029140
43242995 1.029143
43209245 1.029146
43157590 1.029158
43010051 1.029163
42913790 1.029179
42869010 1.029183
42832041 1.029186
42809624 1.029198
42779648 1.029201
42760424 1.029208
42562311 1.029217
42540566 1.029221
42525852 1.029231
42422933 1.029239
42420559 1.029245
42396148 1.029261
42374536 1.029270
42367313 1.029274
42350260 1.029279
42348081 1.029283
42333627 1.029294
42314185 1.029298
42312510 1.029302
42216549 1.029308
42212065 1.029311
42191576 1.029315
42186975 1.029320
42160123 1.029324
42149550 1.029341
42119364 1.029348
42112550 1.029352
42065647 1.029360
41979701 1.029363
41964065 1.029370
41928794 1.029374
41907400 1.029377
41892764 1.029380
41879451 1.029383
41798299 1.029387
41774130 1.029390
41744248 1.029393
41743155 1.029396
41737334 1.029404
41705719 1.029410
41676512 1.029421
41659056 1.029425
41653068 1.029428
41589832 1.029438
41586222 1.029441
41568470 1.029444
41534178 1.029457
41532941 1.029462
41516622 1.029465
41480444 1.029486
41460216 1.029490
41444716 1.029496
41432610 1.029500
41372410 1.029507
41369201 1.029511
41347640 1.029514
41325339 1.029517
41287248 1.029525
41131783 1.029534
41127187 1.029537
40992278 1.029547
40866493 1.029554
40739946 1.029560
40701676 1.029563
40633406 1.029568
40603478 1.029583
40565399 1.029586
40555562 1.029596
40551549 1.029614
40522547 1.029617
40500207 1.029621
40479696 1.029625
40457352 1.029628
40430245 1.029636
40429851 1.029644
40411321 1.029651
40397697 1.029655
40389845 1.029660
40346570 1.029663
40314189 1.029670
40244481 1.029680
40189246 1.029684
40119880 1.029687
40099350 1.029690
40095323 1.029696
39999819 1.029700
39765821 1.029712
39705643 1.029721
39687598 1.029751
39671428 1.029756
39659741 1.029759
39657031 1.029762
39587395 1.029766
39586578 1.029772
39573914 1.029800
39522754 1.029805
39521400 1.029811
39497288 1.029814
39433801 1.029819
39426839 1.029824
39396269 1.029828
39350589 1.029834
39323168 1.029848
39306145 1.029852
39304516 1.029855
39261069 1.029861
39254307 1.029866
39245077 1.029873
39238144 1.029908
39231592 1.029922
39231399 1.029926
39189716 1.029937
39186503 1.029947
39179559 1.029955
39162017 1.029959
39161249 1.029967
39104776 1.029975
39103999 1.029979
38840187 1.029984
37981076 1.029995
37963491 1.029998
37943799 1.030001
37940631 1.030005
37914793 1.030011
37843350 1.030018
37833324 1.030028
37801267 1.030032
37790000 1.030052
37776500 1.030059
37747098 1.030064
37739117 1.030067
37731579 1.030069
37700780 1.030072
37693459 1.030082
37673974 1.030089
37666475 1.030092
37655138 1.030096
37617208 1.030101
37584025 1.030115
37570684 1.030118
37536073 1.030123
37526065 1.030127
37511341 1.030138
37467540 1.030142
37417158 1.030148
37414067 1.030158
37412911 1.030162
37401857 1.030167
37401243 1.030176
37377917 1.030181
37228143 1.030194
37215822 1.030203
37139891 1.030210
37136448 1.030221
37134719 1.030230
37134535 1.030242
37106623 1.030246
37070392 1.030253
37056327 1.030258
37052083 1.030277
36952410 1.030285
36949123 1.030291
36945685 1.030294
36912727 1.030297
36899836 1.030301
36898742 1.030305
36703474 1.030317
36683382 1.030328
36654257 1.030342
36647541 1.030346
36645919 1.030355
36645189 1.030359
36608976 1.030362
36608562 1.030368
36600312 1.030371
36593104 1.030375
36582009 1.030378
36557839 1.030382
36551243 1.030385
36530256 1.030389
36526431 1.030392
36442885 1.030394
36440812 1.030398
36439289 1.030401
36406012 1.030403
36403167 1.030407
36386412 1.030411
36371772 1.030422
36364423 1.030427
36362086 1.030430
36361714 1.030434
36338302 1.030442
36234685 1.030446
36231242 1.030449
36222930 1.030455
36141566 1.030462
36138717 1.030465
36124773 1.030478
36112394 1.030481
36105955 1.030491
36104268 1.030495
36094851 1.030506
36094391 1.030510
36050524 1.030524
36038374 1.030528
36002140 1.030535
35873351 1.030548
35744592 1.030552
35711995 1.030556
35696090 1.030559
35686567 1.030570
35681482 1.030585
35658995 1.030596
35633122 1.030611
35629917 1.030618
35626769 1.030654
35626712 1.030661
35624736 1.030674
35623864 1.030679
35616230 1.030685
35606152 1.030690
35605972 1.030740
35590341 1.030744
35563495 1.030747
35546510 1.030783
35543547 1.030789
35538014 1.030795
35532053 1.030798
35358811 1.030845
35357827 1.030851
35328420 1.030861
35324266 1.030886
35301352 1.030890
35284012 1.030893
35016141 1.030941
34944252 1.030949
34936883 1.030953
34901746 1.030958
34873566 1.030962
34871897 1.030976
34666131 1.031186
34645007 1.031248
34640796 1.031253
34619695 1.031258
34616674 1.031262
34572416 1.031270
34551683 1.031274
34520043 1.031278
34514662 1.031286
34414213 1.031294
34405232 1.031329
34370153 1.031332
34360051 1.031336
34352241 1.031339
34349732 1.031343
34256147 1.031347
34251107 1.031382
34234364 1.031398
34184444 1.031489
34183429 1.031499
34080475 1.031631
34070406 1.031802
34070169 1.031828
34068137 1.031839
34067336 1.031897
34047531 1.031965
34041800 1.031976
34017012 1.032009
33996564 1.032027
33980499 1.032078
33687911 1.032126
33687559 1.032188
33682016 1.032196
33650299 1.032206
33630420 1.032209
33615113 1.032220
33558248 1.032230
33556137 1.032239
33540866 1.032265
33536805 1.032570
33385440 1.032580
33377684 1.032586
33364068 1.032673
33361025 1.032692
33353044 1.032729
33353029 1.032736
33350742 1.032743
33296823 1.032746
33281017 1.032749
33267866 1.032794
33267329 1.032809
33245826 1.032854
33244081 1.032899
33242273 1.032903
33162408 1.032908
33100073 1.032913
33060220 1.032919
33038395 1.032922
33021150 1.032935
33018772 1.032939
33012365 1.032943
33010934 1.032947
32985926 1.032952
32983370 1.032955
32974916 1.032978
32961896 1.033045
32956315 1.033157
32944682 1.033161
32940975 1.033168
32926878 1.033184
32909549 1.033196
32887332 1.033203
32853161 1.033209
32835206 1.033218
32693032 1.033225
32663142 1.033243
32601878 1.033246
32570905 1.033258
32557592 1.033266
32499712 1.033285
32489328 1.033289
32486555 1.033329
32426583 1.033334
32325189 1.033351
32313603 1.033354
32282168 1.033358
32280039 1.033387
32252901 1.033391
32228513 1.033396
32163849 1.033401
32162563 1.033404
32135262 1.033456
32092028 1.033461
32058533 1.033465
32050500 1.033473
32027404 1.033478
32016923 1.033482
32015687 1.033486
31992216 1.033489
31945481 1.033495
31926992 1.033502
31914854 1.033565
31883808 1.033569
31880326 1.033573
31864661 1.033579
31864321 1.033608
31862698 1.033647
31840830 1.033734
31838743 1.033744
31827981 1.033762
31819578 1.033766
31762384 1.033786
31760480 1.033790
31727438 1.033797
31723253 1.034026
31704836 1.034148
31696711 1.034190
31657193 1.034217
31656690 1.034221
31652957 1.034253
31648704 1.034262
31627740 1.034268
31619708 1.034279
31618308 1.034297
31591229 1.034301
31589893 1.034306
31584001 1.034309
31581095 1.034324
31572183 1.034363
31551169 1.034367
31540147 1.034374
31540106 1.034383
31529278 1.034390
31516912 1.034395
31484128 1.034424
31447686 1.034443
31409532 1.034450
31406818 1.034454
31372762 1.034458
31368870 1.034472
31365203 1.034486
31331148 1.034492
31329206 1.034495
31325235 1.034664
31309223 1.034700
31246263 1.034705
31244724 1.034709
31240444 1.034743
31235671 1.034787
31215930 1.034817
31208673 1.034822
31208583 1.035012
31203873 1.035017
31191772 1.035021
31181452 1.035027
31178629 1.035056
31173738 1.035071
31166627 1.035100
31162530 1.035203
31159534 1.035264
31141251 1.035272
31125510 1.035276
31117387 1.035293
31117318 1.035303
31114946 1.035306
31109016 1.035311
31107144 1.035316
31097220 1.035333
31094771 1.035353
31084750 1.035361
31078266 1.035389
31078167 1.035395
31070412 1.035402
31056183 1.035414
31055178 1.035434
31041738 1.035440
31024511 1.035444
31012780 1.035449
31006686 1.035455
30994556 1.035476
30955325 1.035483
30930216 1.035494
30909341 1.035498
30904478 1.035509
30900650 1.035516
30889405 1.035570
30887536 1.035582
30882239 1.035587
30840813 1.035593
30839237 1.035648
30816679 1.035653
30811657 1.035669
30807487 1.035680
30788894 1.035688
30785177 1.035732
30775081 1.035736
30771588 1.035757
30633738 1.035768
30633229 1.035774
30629221 1.035782
30625200 1.035786
30617181 1.035829
30611170 1.035869
30606640 1.035873
30573431 1.035877
30570339 1.035885
30563752 1.035917
30562990 1.035926
30555870 1.035935
30539957 1.036027
30535867 1.036057
30530177 1.036073
30506111 1.036102
30501666 1.036110
30491224 1.036114
30487274 1.036159
30487047 1.036165
30483644 1.036169
30482171 1.036175
30476448 1.036180
30475254 1.036189
30472886 1.036197
30468156 1.036329
30465163 1.036358
30458474 1.036375
30452164 1.036413
30437055 1.036421
30419861 1.036428
30391865 1.036434
30381050 1.036460
30357483 1.036524
30257099 1.036544
30246770 1.036547
30219684 1.036859
30214986 1.036940
30214875 1.036971
30206723 1.037003
30201357 1.037007
30180446 1.037011
30178305 1.037018
30147937 1.037029
30118380 1.037077
30093082 1.037227
30092905 1.037264
30089241 1.037268
30077635 1.037272
30072961 1.037279
30056089 1.037285
30042488 1.037290
30031790 1.037300
30031124 1.037303
30029680 1.037307
30021226 1.037311
30003448 1.037357
29999358 1.037403
29969940 1.037462
29962556 1.037475
29950713 1.037597
29943124 1.037605
29929430 1.037613
29928099 1.037655
29926650 1.037659
29925937 1.037664
29924912 1.037709
29917965 1.037742
29912530 1.037746
29911535 1.037793
29906791 1.037814
29900076 1.037843
29871616 1.037864
29853304 1.037868
29842944 1.037888
29830372 1.037892
29827578 1.037929
29827134 1.037939
29820390 1.037955
29814115 1.037980
29808643 1.038103
29803777 1.038112
29794776 1.038169
29794644 1.038173
29783735 1.038197
29781885 1.038216
29777438 1.038270
29774138 1.038277
29732392 1.038281
29729998 1.038311
29725062 1.038327
29714133 1.038343
29710924 1.038354
29706222 1.038358
29705343 1.038378
29701365 1.038699
29682116 1.038706
29681734 1.038755
29680305 1.038786
29679121 1.038813
29674928 1.038825
29665562 1.038849
29661505 1.038861
29655700 1.038865
29653393 1.038873
29649888 1.038880
29604223 1.038886
29593497 1.038894
29582757 1.038915
29582675 1.038944
29582352 1.038950
29581446 1.038953
29576631 1.038969
29571235 1.038982
29569670 1.038991
29525738 1.039002
29522916 1.039094
29520654 1.039167
29520235 1.039187
29515779 1.039624
29515498 1.039670
29514104 1.039738
29502628 1.039745
29487975 1.039749
29484371 1.039759
29477675 1.039765
29455092 1.039828
29454239 1.039844
29453153 1.039848
29416092 1.039858
29414645 1.039930
29403886 1.039937
29400363 1.039994
29397900 1.040074
29393843 1.040229
29370486 1.040296
29357564 1.040305
29346141 1.040703
29344481 1.040712
29342361 1.040751
29341617 1.040927
29332944 1.040932
29332045 1.040937
29330073 1.040956
29308273 1.041049
29300017 1.041056
29286623 1.041060
29266066 1.041064
29265097 1.041172
29230988 1.041178
29230010 1.041193
29218542 1.041307
29210583 1.041326
29209929 1.041861
29188286 1.041938
29180167 1.042048
29179931 1.042109
29139945 1.042296
29136083 1.042302
29131353 1.042502
29129149 1.043005
29101520 1.043012
29098224 1.043072
29097519 1.043114
29089293 1.043183
29089188 1.043194
29078812 1.043212
29076081 1.043253
29058195 1.043258
29058018 1.043320
29046931 1.043795
29026700 1.043799
29022695 1.045021
28947880 1.045027
28923112 1.045079
28918890 1.045150
28914209 1.045170
28903149 1.045175
28899943 1.045328
28897682 1.045334
28895825 1.045490
28895424 1.045494
28891178 1.045500
28891001 1.045531
28888102 1.045536
28887642 1.045543
28885137 1.045573
28882103 1.045727
28879834 1.045740
28876052 1.045743
28874601 1.045770
28870966 1.045779
28859423 1.045812
28849783 1.045817
28849500 1.046245
28847399 1.046630
28835619 1.046636
28815935 1.046660
28815879 1.046917
28809580 1.046979
28798389 1.046995
28788414 1.046999
28787160 1.047009
28785034 1.047045
28739801 1.047049
28710869 1.047053
28710804 1.048739
28701836 1.048760
28693728 1.049156
28692773 1.050569
28688375 1.050591
28682537 1.050599
28679252 1.050603
28670836 1.050608
28670091 1.050613
28668529 1.050887
28666778 1.050896
28661694 1.050925
28661418 1.051265
28658367 1.055219
28643754 1.055449
28643692 1.055454
28631360 1.055464
28625922 1.055469
28622111 1.055737
28619676 1.055747
28613927 1.062523
28612269 1.062575
28604181 1.064787
28599195 1.067210
28594108 1.067345
28588396 1.067380
28588162 1.067561
28583887 1.068116
28582004 1.068128
28579702 1.068913
28578883 1.069006
28566906 1.070227
28564496 1.070276
28555360 1.070290
28552028 1.070300
28549100 1.071342
28537572 1.071919
28535013 1.071930
28530414 1.072275
28515628 1.072282
28511245 1.072366
28509490 1.073017
28507273 1.073436
28501423 1.073595
28497082 1.075201
28490985 1.076014
28485655 1.078207
28484821 1.078362
28480808 1.078621
28480756 1.082520
28480433 1.086667
28477885 1.089385
28469223 1.089451
28454313 1.089456
28448363 1.089534
28446340 1.090939
28440837 1.253117
28436880 1.295513
28436878 1.352974
28436878 601.356096
