PROBLEM_FILE = /tmp/tsp/3751.tmp/example.tmp
57478098 1.035530
57377339 1.035555
57366766 1.035569
57326205 1.035574
57325646 1.035577
57311753 1.035586
57304578 1.035599
57300742 1.035603
57237707 1.035610
57234370 1.035616
57224920 1.035619
57147846 1.035628
57109507 1.035633
57107989 1.035638
57051642 1.035644
57032023 1.035648
57003859 1.035652
56994728 1.035656
56974279 1.035664
56922715 1.035695
56885643 1.035701
56875299 1.035704
56868318 1.035707
56759657 1.035711
56743736 1.035716
56656610 1.035720
56650689 1.035724
56607963 1.035728
56598076 1.035736
56523842 1.035750
56450275 1.035755
56415847 1.035761
56055821 1.035767
56032757 1.035780
56022788 1.035785
56004405 1.035790
55986260 1.035801
55942999 1.035811
55938231 1.035820
55916643 1.035823
55836741 1.035829
55829808 1.035832
55777573 1.035836
55771423 1.035839
55754391 1.035842
55670319 1.035852
55575305 1.035859
55565188 1.035864
55549298 1.035867
55545567 1.035870
55505731 1.035876
55464943 1.035879
55462938 1.035882
55338958 1.035889
55321353 1.035893
55252943 1.035913
55250705 1.035921
55239794 1.035940
55224552 1.035944
55197059 1.035948
55120480 1.035963
55057307 1.035969
55003715 1.035983
54988161 1.035993
54954736 1.036000
54947539 1.036003
54895707 1.036014
54867056 1.036018
54846052 1.036022
54531010 1.036035
54526779 1.036039
54510661 1.036046
54499914 1.036052
54475308 1.036056
54473350 1.036063
54473057 1.036066
54403040 1.036084
54381799 1.036095
54357368 1.036099
54338454 1.036102
54312605 1.036107
54273510 1.036123
54267363 1.036126
54110541 1.036135
54074681 1.036143
54064069 1.036153
54063691 1.036157
54043605 1.036161
54019115 1.036164
54015295 1.036167
53942149 1.036170
53924206 1.036173
53752450 1.036177
53725760 1.036183
53724501 1.036186
53688904 1.036190
53652793 1.036195
53641154 1.036216
53604487 1.036220
53559048 1.036225
53546603 1.036229
53540806 1.036234
53538590 1.036238
53514938 1.036248
53484340 1.036251
53475933 1.036255
53447751 1.036259
53445869 1.036262
53373474 1.036269
53365457 1.036272
53314121 1.036278
53284837 1.036281
53271117 1.036290
53269875 1.036297
53259296 1.036309
53258765 1.036321
53097807 1.036328
53036700 1.036331
53029627 1.036334
53016407 1.036338
52988371 1.036343
52938284 1.036348
52850772 1.036358
52847265 1.036361
52626655 1.036376
52593220 1.036382
52542245 1.036385
52540386 1.036388
52535242 1.036397
52342747 1.036403
52329859 1.036406
52295947 1.036425
52287525 1.036429
52135360 1.036442
51911585 1.036456
51853290 1.036462
51779875 1.036481
51701872 1.036487
51680878 1.036493
51646214 1.036496
51489856 1.036506
51484100 1.036510
51473979 1.036519
51447037 1.036523
51434422 1.036526
51394975 1.036528
51380424 1.036543
51260185 1.036558
51256276 1.036563
51252054 1.036566
51219615 1.036573
51215657 1.036590
51145374 1.036602
51143397 1.036605
51070827 1.036610
51062969 1.036614
51059522 1.036618
51059496 1.036621
51050739 1.036633
51041142 1.036637
50987378 1.036641
50761863 1.036647
50757287 1.036650
50717489 1.036652
50630788 1.036666
50567029 1.036681
50552283 1.036687
50519260 1.036692
50514379 1.036696
50484915 1.036699
50483862 1.036723
50463740 1.036735
50451602 1.036740
50435894 1.036746
50432957 1.036753
50394144 1.036760
50379424 1.036798
50365813 1.036802
50364060 1.036818
50328506 1.036825
50314319 1.036828
50306238 1.036837
50302994 1.036844
50298743 1.036849
50291127 1.036852
50257500 1.036858
50240408 1.036862
50203651 1.036866
50192261 1.036869
50177486 1.036872
50174296 1.036875
50161129 1.036878
50158255 1.036896
50092469 1.036904
50062956 1.036910
50061320 1.036913
50045124 1.036917
49985199 1.036922
49941432 1.036946
49905216 1.036949
49897048 1.036952
49896434 1.036958
49878302 1.036961
49857801 1.036965
49802101 1.036969
49755504 1.036979
49742894 1.037007
49729372 1.037011
49724300 1.037014
49702692 1.037017
49702187 1.037037
49689969 1.037043
49683440 1.037061
49680707 1.037131
49680352 1.037143
49668381 1.037146
49666141 1.037153
49653539 1.037156
49650592 1.037169
49604061 1.037174
49574095 1.037178
49513859 1.037188
49469356 1.037199
49467534 1.037203
49465778 1.037215
49455677 1.037220
49341385 1.037234
49312086 1.037239
49305657 1.037247
49290764 1.037251
49274200 1.037258
49205188 1.037271
49164513 1.037287
49162296 1.037299
49038598 1.037306
49001966 1.037309
48983391 1.037320
48972176 1.037324
48944523 1.037327
48938642 1.037335
48908772 1.037338
48879531 1.037342
48873253 1.037345
48856556 1.037348
48835240 1.037355
48814873 1.037380
48782641 1.037388
48774814 1.037395
48722578 1.037427
48700939 1.037436
48670242 1.037440
48663742 1.037443
48654516 1.037448
48637648 1.037461
48614833 1.037469
48605285 1.037476
48593432 1.037490
48554683 1.037494
48479375 1.037515
48469663 1.037553
48451150 1.037557
48448162 1.037564
48437354 1.037573
48429937 1.037664
48415774 1.037668
48407006 1.037678
48122420 1.037683
48107855 1.037697
48093764 1.037713
48027885 1.037727
48027370 1.037736
48024695 1.037741
48003703 1.037749
47995688 1.037753
47993913 1.037762
47925350 1.037766
47901689 1.037769
47895985 1.037772
47860829 1.037775
47855816 1.037782
47844040 1.037787
47828448 1.037799
47814020 1.037807
47800809 1.037810
47766427 1.037816
47752268 1.037821
47744132 1.037828
47723836 1.037834
47694455 1.037854
47678758 1.037861
47674961 1.037865
47518388 1.037873
47467241 1.037885
47461646 1.037896
47437966 1.037901
47427189 1.037912
47402010 1.037916
47374284 1.037920
47325635 1.037925
47321830 1.037928
47302867 1.037932
47241326 1.037949
47222213 1.037953
47200037 1.037961
47157695 1.037971
47135499 1.037980
47130910 1.037985
47081683 1.037993
47072834 1.037998
47052497 1.038002
47034120 1.038005
47019112 1.038014
46978599 1.038029
46947252 1.038033
46939974 1.038045
46931733 1.038058
46931670 1.038062
46913760 1.038065
46779353 1.038077
46677726 1.038084
46677297 1.038087
46656471 1.038103
46563466 1.038111
46541912 1.038116
46393035 1.038124
46370989 1.038128
46369867 1.038135
46338228 1.038138
46329629 1.038143
46313123 1.038159
46045432 1.038164
46013348 1.038173
46005610 1.038180
45990296 1.038187
45966288 1.038190
45855782 1.038197
45854839 1.038203
45835530 1.038207
45800465 1.038213
45648552 1.038220
45647948 1.038225
45639906 1.038228
45431456 1.038242
45383141 1.038253
45379152 1.038257
45311109 1.038260
45285381 1.038268
45276018 1.038284
45266328 1.038288
45261446 1.038373
45248426 1.038377
45245889 1.038380
45244744 1.038420
45244319 1.038424
45206855 1.038429
45099763 1.038437
45097771 1.038447
45087406 1.038475
45059191 1.038481
44999183 1.038486
44987400 1.038496
44983564 1.038499
44945817 1.038503
44937465 1.038506
44892683 1.038512
44887539 1.038529
44881020 1.038540
44876575 1.038549
44859323 1.038559
44854263 1.038563
44835029 1.038579
44808469 1.038584
44782622 1.038588
44664766 1.038597
44655728 1.038622
44622292 1.038628
44614895 1.038646
44607052 1.038656
44603822 1.038661
44600985 1.038669
44587630 1.038674
44571741 1.038677
44562284 1.038691
44523016 1.038716
44443781 1.038720
44425293 1.038724
44408535 1.038727
44403936 1.038733
44363516 1.038738
44219358 1.038743
44208331 1.038747
44201827 1.038750
44200776 1.038758
44178340 1.038764
44142187 1.038779
44121430 1.038786
44099011 1.038794
44021428 1.038809
43995255 1.038823
43917369 1.038838
43880981 1.038843
43870849 1.038846
43860340 1.038856
43828749 1.038860
43817514 1.038863
43699183 1.038872
43682867 1.038879
43669823 1.038883
43658913 1.038895
43649296 1.038901
43583067 1.038904
43581690 1.038907
43510030 1.038910
43482392 1.038914
43479726 1.038918
43452703 1.038921
43423673 1.038930
43336421 1.038933
43084989 1.038943
43083844 1.038949
43079915 1.038959
42930090 1.038969
42873700 1.038973
42856571 1.038983
42846687 1.038987
42732623 1.038995
42727022 1.038998
42723988 1.039007
42716433 1.039015
42685018 1.039018
42678679 1.039021
42615904 1.039027
42366268 1.039032
42259589 1.039039
42222533 1.039042
42205007 1.039052
42193976 1.039056
42132359 1.039060
42122567 1.039070
42118180 1.039080
42113913 1.039089
42105285 1.039101
42104286 1.039112
42102737 1.039123
42091247 1.039135
42068145 1.039141
42056671 1.039148
42047527 1.039154
41920010 1.039162
41873103 1.039171
41843109 1.039176
41831931 1.039184
41825316 1.039195
41765754 1.039202
41756135 1.039217
41753567 1.039224
41750983 1.039227
41715548 1.039232
41714914 1.039235
41712360 1.039239
41660736 1.039243
40842247 1.039264
40833828 1.039273
40832131 1.039276
40789399 1.039280
40673539 1.039289
40673382 1.039296
40644223 1.039299
40616468 1.039306
40615582 1.039308
40606374 1.039312
40585269 1.039315
40578876 1.039342
40564824 1.039351
40524482 1.039358
40491105 1.039361
40478686 1.039364
40473128 1.039368
40447086 1.039371
40413827 1.039377
40369557 1.039388
40369059 1.039394
40357350 1.039397
40324175 1.039410
40306878 1.039414
40296397 1.039417
40292991 1.039421
40151273 1.039437
40132541 1.039445
40129273 1.039448
40123600 1.039453
40115114 1.039456
40104766 1.039464
40091137 1.039480
40034015 1.039485
40003403 1.039488
39958296 1.039493
39919763 1.039497
39904078 1.039513
39892669 1.039530
39869052 1.039548
39846925 1.039551
39706300 1.039558
39704290 1.039561
39644654 1.039568
39610079 1.039578
39474476 1.039584
39363260 1.039587
39324649 1.039592
39291403 1.039595
39283767 1.039598
39255087 1.039604
39217172 1.039607
39196106 1.039622
39173275 1.039635
39160083 1.039645
39063038 1.039657
39056614 1.039661
39000795 1.039668
38948780 1.039673
38911111 1.039678
38910436 1.039699
38897982 1.039722
38877635 1.039740
38870075 1.039743
38834861 1.039749
38829983 1.039753
38675959 1.039762
38663653 1.039779
38615939 1.039786
38592121 1.039789
38539938 1.039794
38450069 1.039798
38410700 1.039802
38403433 1.039805
38349908 1.039808
38344712 1.039824
38339793 1.039828
38336074 1.039831
38325979 1.039835
38084019 1.039840
38078825 1.039843
38060210 1.039848
37909378 1.039855
37906686 1.039860
37893655 1.039890
37892147 1.039900
37796088 1.039903
37775830 1.039906
37775219 1.039909
37532374 1.039924
37500802 1.039928
37284107 1.039935
37256444 1.039939
37200222 1.039963
37199935 1.039966
37181425 1.039972
37159902 1.039975
37152369 1.039981
37147313 1.039986
37144249 1.039992
37135855 1.040009
37094537 1.040021
37089520 1.040024
37035982 1.040037
36961124 1.040048
36955096 1.040059
36952849 1.040062
36937121 1.040066
36933848 1.040070
36930390 1.040086
36920828 1.040099
36917613 1.040107
36916618 1.040118
36885190 1.040121
36767105 1.040128
36706341 1.040131
36650960 1.040135
36648569 1.040138
36636892 1.040150
36629806 1.040160
36624015 1.040163
36581980 1.040171
36563374 1.040182
36526729 1.040186
36508164 1.040189
36462741 1.040195
36456805 1.040202
36446836 1.040205
36414523 1.040209
36402813 1.040229
36393371 1.040269
36385224 1.040273
36380489 1.040277
36361837 1.040283
36314665 1.040288
36291068 1.040293
36288777 1.040301
36257247 1.040307
36235313 1.040320
36135884 1.040326
36128240 1.040330
36128147 1.040334
36062680 1.040340
36025717 1.040346
36014074 1.040350
35998936 1.040354
35998924 1.040358
35963315 1.040363
35916351 1.040368
35900703 1.040372
35860000 1.040399
35858161 1.040403
35857318 1.040416
35852681 1.040442
35849682 1.040457
35845956 1.040461
35840360 1.040466
35836428 1.040512
35817546 1.040515
35810698 1.040528
35809976 1.040538
35793259 1.040556
35765168 1.040572
35727470 1.040576
35723716 1.040584
35703443 1.040627
35689196 1.040632
35656209 1.040640
35631413 1.040643
35627176 1.040705
35621989 1.040712
35619371 1.040715
35615173 1.040738
35585119 1.040745
35570625 1.040748
35555923 1.040770
35554815 1.040782
35541759 1.040833
35374840 1.040849
35351354 1.040853
35349949 1.040865
35291271 1.040936
35284352 1.040942
35282413 1.040955
35232171 1.040968
35175150 1.040986
35162178 1.041040
35130577 1.041046
35121140 1.041053
35072431 1.041058
35036190 1.041126
35031707 1.041141
35023884 1.041144
35021331 1.041156
35016874 1.041159
34995557 1.041170
34992086 1.041191
34986035 1.041225
34986011 1.041271
34983793 1.041286
34979271 1.041303
34969308 1.041307
34958106 1.041328
34957085 1.041331
34856024 1.041345
34828497 1.041349
34808984 1.041354
34807391 1.041368
34758393 1.041383
34756227 1.041387
34755054 1.041403
34737706 1.041406
34709897 1.041410
34655604 1.041424
34655091 1.041431
34652851 1.041438
34635926 1.041448
34635332 1.041452
34623880 1.041483
34614998 1.041486
34578736 1.041492
34558554 1.041511
34557833 1.041515
34540436 1.041520
34515669 1.041535
34492636 1.041539
34484119 1.041542
34478457 1.041571
34474376 1.041581
34461509 1.041585
34446946 1.041589
34424559 1.041612
34399265 1.041622
34372966 1.041638
34371252 1.041657
34370271 1.041665
34360991 1.041692
34356175 1.041720
34354374 1.041724
34331755 1.041728
34321325 1.041732
34321018 1.041738
34312527 1.041741
34311776 1.041745
34310349 1.041758
34288393 1.041766
34285339 1.041801
34254162 1.041836
34251283 1.041839
34248408 1.041845
34240001 1.041866
34223801 1.041872
34196318 1.041890
34194251 1.041894
34139403 1.041919
34127067 1.041936
34126525 1.041987
34126437 1.041991
34125734 1.041999
33787815 1.042003
33779208 1.042006
33778783 1.042010
33693073 1.042019
33654658 1.042025
33642952 1.042030
33631618 1.042035
33450494 1.042045
33446320 1.042051
33395447 1.042058
33357960 1.042081
33336367 1.042125
33329720 1.042139
33323213 1.042145
33316889 1.042148
33312630 1.042151
33289433 1.042154
33271888 1.042170
33263222 1.042287
33256219 1.042296
33252383 1.042300
33251151 1.042305
33245577 1.042313
33203391 1.042317
33198048 1.042328
33197469 1.042341
33195486 1.042345
33191650 1.042351
33185707 1.042355
33156206 1.042359
33144994 1.042387
33127492 1.042416
33075621 1.042422
33047378 1.042426
33039862 1.042429
33015091 1.042451
33010474 1.042484
32999886 1.042490
32999382 1.042512
32992235 1.042530
32991465 1.042535
32989765 1.042538
32987887 1.042558
32987552 1.042595
32975533 1.042599
32944796 1.042614
32938270 1.042618
32915355 1.042621
32837230 1.042626
32830957 1.042634
32764882 1.042638
32761996 1.042642
32751808 1.042645
32734769 1.042650
32734752 1.042657
32733470 1.042661
32702248 1.042664
32682973 1.042668
32679889 1.042713
32667722 1.042717
32625125 1.042731
32621310 1.042739
32609019 1.042745
32604310 1.042751
32583130 1.042764
32581873 1.042775
32566865 1.042786
32555842 1.042797
32547795 1.042815
32540150 1.042821
32527731 1.042857
32514024 1.042864
32497321 1.042868
32478151 1.042872
32475188 1.042876
32473064 1.042890
32466121 1.042894
32465099 1.042903
32463700 1.042934
32458134 1.042941
32446397 1.042945
32402489 1.042948
32393776 1.042952
32365167 1.042962
32361322 1.042971
32348434 1.042977
32280384 1.042989
32273517 1.042995
32270249 1.042999
32258017 1.043006
32250322 1.043010
32249516 1.043013
32232275 1.043020
32213505 1.043023
32203655 1.043039
32112551 1.043046
32094303 1.043049
32064707 1.043055
32064536 1.043061
32061462 1.043073
32053269 1.043077
32026524 1.043080
32009940 1.043102
31974478 1.043105
31969298 1.043116
31961692 1.043119
31935677 1.043133
31933886 1.043239
31927231 1.043317
31920504 1.043323
31899113 1.043331
31895609 1.043343
31893239 1.043347
31877526 1.043352
31869087 1.043375
31827579 1.043380
31825068 1.043384
31810672 1.043408
31750328 1.043421
31748489 1.043479
31697266 1.043498
31688924 1.043516
31680088 1.043521
31669390 1.043524
31662070 1.043533
31658956 1.043626
31655724 1.043637
31645623 1.043644
31576180 1.043649
31570739 1.043692
31568915 1.043763
31567076 1.043772
31448641 1.043852
31444241 1.043856
31433345 1.043866
31430303 1.043883
31375672 1.043897
31366525 1.043904
31358198 1.043911
31356363 1.043915
31354875 1.044106
31342810 1.044117
31337739 1.044132
31336173 1.044612
31325357 1.044619
31320930 1.044674
31307730 1.044691
31304219 1.044774
31291705 1.044778
31278512 1.044781
31277836 1.044784
31276700 1.044790
31275159 1.044798
31269650 1.044852
31268259 1.044862
31262288 1.044912
31253609 1.044985
31250760 1.045005
31240438 1.045088
31235667 1.045137
31235327 1.045299
31231350 1.045304
31195714 1.045311
31188902 1.045321
31184428 1.045326
31154464 1.045337
31146647 1.045349
31134130 1.045353
31126597 1.045670
31113067 1.045687
31111118 1.045696
31105787 1.045777
31099025 1.045839
31092754 1.045862
31091983 1.046132
31086840 1.046163
31081475 1.046169
31080271 1.046173
31079996 1.046190
31078325 1.046195
31073429 1.046252
31064887 1.046257
31061266 1.046280
31057665 1.046333
31055495 1.046353
31045725 1.046450
31043834 1.046498
31043811 1.046638
31037359 1.046719
31031456 1.046738
31027945 1.046745
30991926 1.046749
30989579 1.046768
30985956 1.046772
30974953 1.046778
30921096 1.046790
30907885 1.046797
30899720 1.046801
30896459 1.046821
30895513 1.046860
30893814 1.046870
30891520 1.046876
30652451 1.046886
30576542 1.046891
30570767 1.046966
30563385 1.046972
30549148 1.047735
30534576 1.047800
30534268 1.047910
30530936 1.047927
30510653 1.047931
30501434 1.047934
30491702 1.047978
30456497 1.047988
30453186 1.048032
30451622 1.048042
30443871 1.048046
30437758 1.048054
30434504 1.048060
30433674 1.048143
30432598 1.048166
30431246 1.048271
30420855 1.048277
30416229 1.048284
30413757 1.048370
30413542 1.048379
30395012 1.048387
30389015 1.048393
30383091 1.048397
30378079 1.048403
30354191 1.048431
30332538 1.048455
30330798 1.048466
30330676 1.048493
30325952 1.048499
30321047 1.048538
30320015 1.048568
30293024 1.048579
30253818 1.048583
30252541 1.048744
30238266 1.048842
30232055 1.049633
30210767 1.049648
30200310 1.049657
30169725 1.049667
30162396 1.049671
30154747 1.049689
30150695 1.049702
30149184 1.049725
30146939 1.049825
30068075 1.049829
30059856 1.051546
30054860 1.051591
30054681 1.051793
30042464 1.051799
30041971 1.051805
30033115 1.051810
30030187 1.052674
30015799 1.052689
30011718 1.052720
30007803 1.052723
29993922 1.052728
29960405 1.052740
29925020 1.052744
29900732 1.052747
29898025 1.052806
29895266 1.052810
29893660 1.052815
29893104 1.052849
29891191 1.052853
29890040 1.053614
29887601 1.053621
29871798 1.053634
29868524 1.053638
29868057 1.053667
29832967 1.053706
29819310 1.053711
29805806 1.053722
29804090 1.053725
29796544 1.053729
29789712 1.053953
29690773 1.053989
29321424 1.054312
29320725 1.054345
29320492 1.054415
29320278 1.054476
29314702 1.054489
29307889 1.054606
29291406 1.054794
29279282 1.054800
29273193 1.054825
29271352 1.054900
29269987 1.054928
29266154 1.055217
29261425 1.055238
29257642 1.055299
29256526 1.055664
29250437 1.055701
29245862 1.057219
29219794 1.057230
29219547 1.057366
29212412 1.057381
29208688 1.057533
29166716 1.057538
29165763 1.057556
29165728 1.057560
29157814 1.057574
29154087 1.057595
29148555 1.057600
29126532 1.057721
29126529 1.057836
29097338 1.057843
29097133 1.057901
29093068 1.057906
29092748 1.057932
29088798 1.058022
29087166 1.058055
29086909 1.058135
29083881 1.058273
29078407 1.058282
29074958 1.058289
29071763 1.058319
29068740 1.058328
29062344 1.058902
29057933 1.058929
29053090 1.060522
29052239 1.060647
29050776 1.060726
29049820 1.060872
29040205 1.060932
29039170 1.061684
29038201 1.061705
29034164 1.061721
29028986 1.062015
29017415 1.062109
29009355 1.062145
29000436 1.062148
28991113 1.062647
28989504 1.062748
28988248 1.062822
28987651 1.063116
28982704 1.063123
28971097 1.063218
28964480 1.063360
28962303 1.063392
28937207 1.063397
28931401 1.063476
28926702 1.063513
28916604 1.063634
28908707 1.063644
28903155 1.063922
28896336 1.064938
28884446 1.064945
28874897 1.065208
28869538 1.066500
28865607 1.066910
28864401 1.067171
28856889 1.068358
28856049 1.068363
28852138 1.070528
28844845 1.070534
28820918 1.070551
28820647 1.070568
28817413 1.070581
28793495 1.070588
28789264 1.070599
28788494 1.070648
28772845 1.072420
28772420 1.072550
28771451 1.072589
28765883 1.073828
28761995 1.077002
28750582 1.077259
28744932 1.077574
28744328 1.077581
28740958 1.077584
28740773 1.077610
28740119 1.078929
28739581 1.081582
28737534 1.081645
28736069 1.081681
28735679 1.082282
28729901 1.082672
28727626 1.082678
28722911 1.082681
28712015 1.084755
28707665 1.084766
28690886 1.084867
28690334 1.084872
28679941 1.084887
28676399 1.085141
28675811 1.086222
28668734 1.086500
28668670 1.086509
28660825 1.086716
28657500 1.090275
28651789 1.090299
28650089 1.090313
28641511 1.096274
28640921 1.096286
28631380 1.096487
28626643 1.100567
28626579 1.100777
28624859 1.100839
28624146 1.100849
28622940 1.104184
28622100 1.104202
28619026 1.104215
28613276 1.108457
28608970 1.113005
28607977 1.117756
28602300 1.118453
28600131 1.118517
28596043 1.118770
28592292 1.118882
28590404 1.119050
28584315 1.119986
28569857 1.124796
28568396 1.126202
28567903 1.132532
28559922 1.133022
28556078 1.133849
28554632 1.133907
28551611 1.134354
28547947 1.134377
28546000 1.134494
28544013 1.135877
28542667 1.135889
28540475 1.136597
28531487 1.136620
28527896 1.136954
28527690 1.138684
28526879 1.138761
28525390 1.140227
28524482 1.140420
28523502 1.144281
28523175 1.186446
28521581 1.187045
28521367 1.189802
28521032 1.201565
28520052 1.201759
28519997 1.202268
28518591 1.202280
28516862 1.218579
28516481 1.300714
28516300 1.925619
28515680 2.019279
28512234 2.059393
28511749 2.291988
28511256 2.292508
28510743 2.665381
28508634 2.667124
28508570 2.667578
28508299 2.669768
28508146 2.672353
28507980 3.454348
28507002 3.464446
28507002 603.466083
