PROBLEM_FILE = /tmp/tsp/8392.tmp/example.tmp
69079665 1.737334
69010664 1.737361
69000261 1.737365
68970800 1.737370
68951527 1.737373
68930324 1.737377
68915618 1.737385
68897374 1.737389
68814652 1.737399
68715577 1.737403
68712197 1.737406
68704511 1.737413
68661448 1.737416
68538872 1.737425
68534171 1.737432
68525934 1.737435
68515231 1.737440
68451707 1.737454
68414112 1.737459
68359002 1.737466
68336644 1.737470
68326795 1.737475
68323577 1.737479
68172898 1.737489
68119228 1.737503
68109154 1.737506
68099795 1.737510
67968103 1.737516
67933134 1.737531
67914426 1.737538
67860033 1.737542
67851434 1.737545
67805724 1.737549
67786646 1.737556
67781436 1.737559
67734313 1.737565
67724039 1.737568
67701110 1.737571
67689382 1.737584
67675697 1.737601
67672955 1.737605
67659013 1.737624
67630668 1.737640
67565630 1.737646
67562280 1.737671
67488868 1.737675
67471687 1.737679
67425118 1.737691
67419709 1.737718
67418106 1.737728
67226656 1.737736
67225965 1.737755
67177025 1.737762
67106472 1.737783
67041500 1.737788
67018993 1.737791
66999559 1.737795
66997058 1.737798
66981199 1.737804
66960762 1.737810
66809460 1.737819
66792382 1.737824
66789439 1.737833
66769538 1.737842
66690973 1.737854
66654547 1.737860
66616057 1.737864
66602199 1.737867
66530960 1.737878
66509862 1.737883
66497979 1.737889
66488129 1.737893
66331111 1.737910
66157283 1.737928
66062554 1.737953
66056464 1.737959
66050377 1.737962
66028699 1.737979
66006819 1.737984
65992450 1.737988
65961819 1.738004
65941629 1.738014
65884643 1.738026
65865481 1.738029
65853389 1.738035
65807322 1.738038
65773387 1.738048
65761865 1.738054
65756297 1.738061
65735872 1.738064
65691898 1.738069
65681955 1.738076
65636345 1.738085
65561941 1.738096
65527379 1.738101
65513720 1.738111
65492149 1.738114
65485910 1.738126
65465691 1.738137
65455811 1.738141
65449561 1.738146
65440054 1.738155
65420152 1.738160
65415707 1.738164
65398435 1.738168
65039930 1.738196
65032997 1.738199
65005628 1.738213
64808004 1.738224
64765325 1.738233
64756863 1.738241
64702896 1.738245
64696311 1.738248
64660386 1.738253
64640746 1.738256
64622989 1.738268
64616388 1.738272
64578286 1.738282
64571741 1.738289
64536884 1.738292
64498199 1.738298
64421968 1.738313
64367068 1.738321
64359163 1.738327
64354074 1.738331
64339051 1.738334
64288934 1.738364
64272861 1.738370
64198701 1.738379
64192495 1.738384
64190102 1.738394
64185391 1.738400
64158585 1.738409
64133154 1.738415
64125873 1.738421
64123369 1.738427
64118021 1.738436
64065118 1.738440
64046780 1.738444
64044042 1.738448
63998497 1.738452
63919593 1.738468
63910588 1.738475
63901538 1.738479
63880717 1.738503
63874451 1.738507
63869013 1.738514
63849381 1.738517
63846900 1.738521
63838820 1.738532
63834694 1.738540
63833040 1.738546
63830905 1.738549
63824607 1.738553
63806120 1.738557
63775044 1.738566
63743702 1.738573
63727980 1.738577
63700417 1.738581
63684257 1.738594
63674493 1.738601
63635156 1.738604
63627211 1.738608
63561590 1.738619
63560487 1.738623
63539004 1.738633
63523860 1.738637
63507387 1.738641
63496548 1.738647
63474777 1.738656
63440084 1.738660
63291354 1.738667
63290440 1.738673
63276142 1.738678
63262586 1.738686
63148013 1.738697
63143637 1.738701
63102150 1.738704
63101312 1.738707
63084185 1.738711
63072261 1.738724
63069316 1.738727
63049125 1.738733
63038359 1.738741
63036694 1.738745
63031483 1.738776
62995941 1.738780
62971448 1.738786
62950610 1.738789
62788046 1.738800
62787294 1.738805
62726734 1.738809
62718590 1.738812
62702221 1.738824
62598092 1.738835
62572760 1.738840
62500465 1.738851
62499914 1.738854
62498177 1.738866
62495608 1.738877
62037115 1.738884
62030078 1.738888
61998594 1.738893
61950683 1.738901
61919990 1.738908
61839327 1.738917
61809832 1.738921
61799791 1.738944
61781114 1.738949
61716080 1.738964
61699022 1.738968
61651500 1.738976
61636324 1.738984
61632679 1.738998
61627195 1.739002
61626698 1.739007
61595362 1.739011
61588538 1.739014
61580066 1.739026
61563262 1.739031
61514970 1.739039
61379836 1.739046
61366579 1.739057
61360904 1.739061
61356490 1.739068
61306716 1.739072
61285245 1.739082
61234117 1.739090
61226472 1.739093
61220350 1.739103
61154578 1.739115
61154297 1.739138
61150606 1.739146
61111155 1.739149
61084948 1.739153
61083531 1.739159
61033284 1.739170
61016362 1.739179
60966941 1.739183
60883710 1.739192
60861711 1.739202
60836856 1.739207
60829897 1.739213
60667083 1.739230
60617560 1.739238
60615049 1.739246
60614927 1.739251
60574786 1.739256
60566024 1.739262
60546074 1.739266
60530737 1.739270
60487692 1.739278
60481024 1.739292
60431538 1.739296
60405607 1.739300
60377540 1.739317
60366913 1.739322
60365026 1.739356
60353958 1.739359
60352751 1.739362
60352567 1.739366
60331381 1.739375
60288548 1.739388
60287947 1.739392
60188324 1.739399
60117912 1.739414
60044879 1.739422
60022273 1.739428
59897697 1.739441
59876499 1.739454
59873471 1.739462
59842475 1.739479
59801193 1.739497
59796014 1.739506
59789231 1.739516
59774505 1.739528
59772136 1.739536
59769114 1.739541
59748620 1.739544
59654603 1.739553
59651226 1.739562
59632937 1.739568
59561275 1.739573
59547382 1.739577
59515467 1.739583
59440971 1.739589
59434361 1.739603
59338795 1.739621
59303931 1.739624
59280056 1.739639
59253863 1.739648
59212445 1.739665
59184107 1.739680
59102595 1.739690
59068165 1.739696
59061626 1.739740
59036564 1.739745
59028393 1.739749
59018278 1.739752
59006040 1.739768
58993343 1.739780
58992853 1.739784
58920421 1.739789
58904358 1.739792
58887168 1.739802
58877393 1.739815
58821757 1.739832
58816505 1.739836
58807780 1.739843
58805144 1.739954
58760602 1.739968
58754513 1.739974
58749593 1.739991
58730114 1.739996
58666655 1.740008
58645434 1.740012
58602185 1.740015
58589715 1.740018
58553017 1.740033
58515483 1.740040
58514894 1.740047
58504029 1.740050
58365988 1.740062
58365941 1.740067
58346825 1.740072
58346598 1.740075
58306493 1.740092
58289784 1.740095
58286469 1.740100
58284780 1.740108
58238208 1.740124
58236067 1.740138
58210786 1.740142
58101582 1.740150
58088697 1.740155
57988458 1.740169
57988071 1.740179
57970293 1.740190
57960115 1.740203
57931840 1.740206
57890578 1.740220
57884692 1.740224
57878585 1.740229
57875210 1.740234
57746276 1.740244
57742956 1.740264
57740781 1.740268
57738586 1.740271
57692981 1.740282
57671225 1.740285
57656894 1.740294
57615109 1.740300
57592559 1.740303
57587353 1.740307
57574918 1.740323
57572049 1.740326
57569546 1.740329
57511800 1.740338
57491512 1.740341
57476063 1.740349
57472684 1.740352
57467577 1.740367
57466147 1.740373
57441354 1.740377
57415229 1.740380
57378877 1.740388
57359785 1.740394
57327425 1.740400
57323720 1.740410
57307403 1.740413
57282149 1.740417
57121447 1.740430
57103831 1.740436
57075466 1.740445
57060015 1.740448
56977184 1.740460
56939478 1.740465
56924508 1.740473
56884856 1.740487
56853664 1.740495
56849134 1.740498
56811732 1.740502
56804426 1.740506
56802164 1.740509
56793378 1.740515
56767108 1.740518
56755211 1.740528
56745457 1.740542
56661403 1.740551
56649307 1.740557
56583815 1.740566
56546758 1.740577
56540363 1.740582
56533682 1.740586
56477598 1.740603
56399778 1.740610
56360489 1.740621
56357864 1.740632
56319540 1.740636
56291425 1.740666
56270391 1.740693
56247967 1.740697
56247553 1.740702
56232131 1.740726
56204398 1.740731
56192788 1.740735
56144774 1.740742
56132974 1.740746
56089610 1.740750
56081381 1.740755
56081360 1.740758
56070145 1.740761
56045917 1.740764
56035639 1.740773
56029347 1.740800
56010787 1.740805
56004361 1.740809
56001854 1.740835
55971514 1.740839
55932593 1.740842
55932224 1.740846
55916340 1.740859
55895285 1.740863
55886111 1.740869
55880741 1.740873
55876512 1.740879
55870202 1.740883
55836729 1.740886
55835608 1.740890
55805751 1.740897
55787089 1.740907
55673821 1.740916
55667092 1.740920
55665413 1.740923
55656937 1.740965
55636702 1.740988
55631236 1.740997
55625812 1.741004
55611845 1.741011
55607188 1.741023
55602615 1.741068
55596533 1.741071
55591122 1.741080
55566826 1.741083
55530996 1.741086
55527437 1.741090
55495852 1.741094
55461600 1.741097
55155044 1.741111
55112771 1.741116
55015012 1.741125
54839709 1.741138
54834926 1.741143
54764241 1.741149
54753013 1.741161
54729103 1.741166
54620305 1.741171
54614999 1.741174
54589033 1.741179
54588398 1.741183
54548796 1.741187
54546022 1.741212
54545496 1.741230
54468491 1.741235
54466466 1.741238
54457182 1.741242
54420534 1.741249
54380059 1.741253
54341330 1.741258
54266600 1.741266
54258875 1.741270
54254494 1.741277
54229695 1.741282
54199877 1.741285
54198933 1.741289
54174016 1.741320
54160038 1.741325
54150807 1.741328
54146200 1.741331
54129239 1.741335
54120340 1.741339
54117199 1.741345
54105682 1.741348
54073138 1.741357
53950882 1.741371
53944456 1.741374
53938626 1.741378
53933564 1.741382
53905603 1.741400
53884267 1.741408
53882929 1.741411
53715830 1.741440
53715136 1.741444
53683161 1.741456
53590604 1.741465
53585144 1.741472
53577310 1.741475
53548199 1.741479
53530669 1.741489
53494010 1.741492
53346644 1.741502
53344620 1.741512
53337474 1.741518
53337407 1.741521
53328775 1.741525
53323816 1.741531
53315730 1.741535
53315690 1.741538
53309471 1.741545
53304999 1.741554
53288071 1.741558
53235030 1.741565
53200174 1.741569
53192218 1.741574
53150456 1.741579
53136775 1.741586
53088217 1.741592
53075596 1.741603
53026942 1.741610
53026142 1.741619
53022975 1.741622
53018651 1.741626
52961043 1.741635
52956198 1.741668
52945357 1.741675
52944505 1.741691
52943339 1.741700
52872940 1.741710
52863780 1.741713
52819830 1.741722
52718187 1.741730
52710210 1.741739
52693920 1.741747
52660050 1.741751
52642900 1.741792
52640126 1.741800
52524271 1.741813
52508167 1.741817
52501772 1.741826
52496285 1.741832
52488186 1.741835
52417306 1.741839
52414584 1.741846
52406039 1.741860
52386607 1.741867
52370424 1.741875
52334632 1.741887
52324980 1.741898
52323029 1.741903
52257280 1.741917
52228982 1.741922
52159309 1.741926
52149276 1.741933
52143678 1.741950
52098230 1.741958
52096437 1.741962
52089112 1.741967
52075209 1.741971
52064774 1.741979
52059138 1.741997
52056914 1.742000
51850670 1.742010
51832297 1.742015
51824358 1.742018
51776281 1.742021
51687230 1.742026
51686464 1.742029
51655592 1.742038
51626526 1.742042
51598767 1.742046
51597586 1.742079
51592676 1.742088
51589096 1.742116
51586231 1.742134
51523987 1.742148
51518906 1.742152
51492305 1.742159
51471801 1.742167
51471482 1.742211
51390009 1.742215
51388159 1.742223
51315514 1.742230
51312501 1.742236
51297834 1.742246
51271858 1.742250
51245484 1.742256
51228121 1.742261
51216353 1.742265
51202700 1.742270
51181108 1.742279
51165808 1.742290
51142065 1.742294
51015025 1.742305
50978799 1.742312
50977868 1.742315
50973509 1.742333
50941141 1.742349
50935310 1.742353
50934112 1.742359
50861148 1.742368
50855998 1.742372
50854409 1.742375
50781901 1.742422
50765554 1.742444
50727140 1.742448
50679404 1.742465
50675824 1.742469
50674837 1.742481
50667541 1.742485
50659739 1.742488
50643017 1.742498
50642848 1.742513
50624155 1.742516
50608772 1.742520
50572651 1.742525
50559569 1.742529
50553090 1.742534
50550704 1.742549
50546887 1.742577
50518750 1.742582
50502183 1.742592
50488215 1.742596
50476876 1.742601
50363370 1.742608
50355541 1.742612
50346886 1.742616
50345441 1.742620
50339613 1.742625
50338083 1.742632
50336758 1.742636
50333054 1.742639
50320410 1.742645
50308634 1.742654
50307071 1.742657
50295106 1.742660
50274654 1.742664
50247519 1.742704
50245699 1.742722
50242548 1.742728
50232196 1.742732
50193003 1.742739
50192376 1.742745
50189504 1.742752
50184644 1.742759
50176316 1.742765
50172325 1.742769
50156954 1.742772
50153632 1.742789
50153340 1.742793
50151856 1.742797
50137872 1.742800
50134493 1.742811
50129695 1.742815
50117466 1.742825
50105760 1.742828
50098961 1.742847
50023450 1.742859
49769879 1.742871
49766251 1.742878
49749640 1.742888
49642340 1.742896
49641221 1.742900
49608552 1.742904
49598160 1.742913
49597116 1.742918
49587306 1.742925
49576319 1.742943
49541077 1.742955
49510320 1.742969
49441912 1.742975
49377325 1.742987
49368660 1.743009
49364331 1.743013
49358335 1.743017
49343432 1.743029
49304202 1.743044
49297996 1.743054
49253135 1.743081
49234056 1.743090
49226865 1.743106
49213243 1.743120
49190551 1.743136
49108808 1.743142
49089459 1.743146
49063271 1.743152
49059732 1.743156
49053983 1.743162
49049144 1.743171
48941611 1.743174
48934678 1.743177
48880814 1.743207
48862257 1.743211
48853669 1.743216
48843814 1.743220
48821460 1.743225
48809680 1.743231
48806864 1.743236
48797995 1.743240
48779778 1.743245
48776937 1.743250
48771623 1.743267
48768649 1.743291
48757266 1.743298
48740617 1.743350
48724888 1.743366
48720281 1.743377
48718110 1.743425
48712135 1.743435
48664396 1.743452
48545770 1.743459
48472661 1.743479
48469049 1.743483
48456587 1.743493
48455004 1.743499
48404712 1.743524
48402037 1.743539
48395238 1.743605
48386155 1.743615
48371065 1.743621
48351458 1.743626
48339631 1.743629
48327070 1.743641
48325874 1.743646
48325643 1.743651
48310919 1.743654
48308880 1.743660
48304999 1.743663
48238757 1.743674
48237663 1.743678
48208701 1.743682
48169449 1.743694
48077675 1.743700
48070997 1.743705
48057230 1.743719
48036586 1.743724
48034792 1.743729
48002400 1.743750
47996809 1.743754
47988338 1.743763
47960579 1.743767
47936742 1.743779
47773977 1.743791
47765274 1.743795
47715001 1.743802
47691409 1.743815
47668275 1.743819
47628130 1.743878
47596835 1.743887
47593746 1.743892
47510168 1.743900
47491024 1.743944
47471321 1.743953
47449445 1.743956
47421202 1.743961
47404937 1.743965
47397320 1.743969
47363102 1.743972
47335871 1.743976
47315846 1.743979
47304449 1.743983
47266242 1.743992
47253508 1.744016
47246360 1.744046
47222084 1.744050
47204272 1.744063
47193345 1.744067
47192059 1.744075
47180334 1.744083
46995889 1.744091
46990267 1.744095
46974990 1.744099
46954087 1.744112
46947326 1.744129
46929829 1.744133
46927408 1.744136
46913071 1.744177
46906419 1.744191
46900593 1.744196
46857392 1.744208
46557778 1.744225
46528977 1.744230
46454704 1.744241
46422244 1.744247
46392276 1.744251
46391953 1.744257
46319004 1.744261
46262270 1.744271
46254350 1.744275
46228789 1.744303
46199123 1.744315
46190256 1.744319
46176105 1.744322
46146645 1.744331
46145475 1.744335
46133949 1.744338
46130660 1.744344
46119223 1.744347
46116836 1.744351
46084315 1.744354
46080546 1.744358
46069393 1.744361
46068363 1.744394
46048005 1.744397
46034086 1.744400
46032175 1.744409
45793976 1.744419
45789077 1.744424
45538147 1.744438
45456384 1.744475
45395386 1.744480
45386996 1.744489
45357728 1.744495
45350276 1.744507
45333446 1.744512
45312261 1.744516
45287911 1.744524
45276219 1.744528
45266246 1.744531
45259749 1.744569
45238241 1.744591
45236115 1.744657
45218267 1.744661
45212967 1.744679
45210346 1.744684
45198234 1.744689
45195430 1.744726
45193275 1.744768
45190388 1.744773
45178678 1.744780
45071994 1.744786
45068144 1.744789
45029961 1.744809
45024464 1.744837
44729084 1.744883
44719779 1.744941
44719243 1.745106
44716445 1.745121
44714654 1.745150
44706952 1.745157
44700012 1.745209
44690042 1.745219
44669731 1.745244
44667156 1.745256
44658005 1.745260
44613241 1.745275
44612402 1.745279
44609025 1.745308
44599987 1.745322
44594670 1.745327
44593755 1.745333
44535993 1.745360
44534606 1.745388
44532305 1.745441
44528535 1.745454
44526792 1.745483
44519462 1.745488
44514492 1.745494
44502108 1.745507
44501880 1.745512
44495981 1.745543
44455239 1.745564
44452187 1.745568
44445679 1.745572
44421114 1.745586
44392316 1.745592
44390430 1.745595
44385179 1.745599
44383978 1.745603
44374180 1.745688
44373775 1.745709
44320584 1.745716
44314255 1.745728
44218325 1.745736
44182461 1.745742
43958988 1.745756
43955020 1.745761
43948202 1.745791
43936271 1.745800
43921598 1.745812
43908447 1.745822
43906677 1.745826
43902595 1.745829
43876946 1.745833
43872851 1.745845
43804428 1.745874
43790228 1.745889
43790165 1.745894
43781550 1.745908
43766173 1.745917
43761660 1.745921
43756772 1.746016
43752173 1.746026
43726077 1.746035
43717575 1.746080
43705357 1.746093
43699487 1.746096
43692943 1.746099
43688236 1.746103
43682469 1.746113
43677058 1.746144
43666846 1.746148
43627933 1.746174
43586388 1.746178
43584315 1.746184
43581240 1.746206
43579103 1.746212
43527337 1.746227
43522651 1.746236
43518878 1.746242
43516595 1.746248
43514957 1.746259
43513698 1.746269
43512381 1.746278
43508112 1.746284
43491311 1.746288
43489579 1.746291
43484140 1.746295
43482160 1.746299
43467737 1.746303
43451362 1.746354
43450461 1.747583
43443955 1.747588
43436989 1.747627
43406559 1.747635
43396115 1.747672
43392217 1.747679
43387540 1.747689
43349317 1.747702
43348376 1.747706
43348165 1.747716
43345344 1.747741
43328331 1.747749
43324568 1.747777
43316391 1.747782
43308266 1.747785
43301239 1.747800
43272411 1.747804
43256993 1.747810
43256400 1.747817
43195476 1.747832
43181382 1.747838
43175921 1.747843
43086241 1.747851
43077328 1.747855
43066039 1.747886
42996050 1.747890
42988249 1.747894
42877134 1.747909
42874995 1.747913
42873311 1.747916
42866020 1.747920
42846039 1.747932
42836170 1.747942
42801142 1.747973
42796765 1.747976
42794860 1.748000
42793095 1.748028
42788326 1.748031
42782678 1.748040
42693288 1.748047
42682787 1.748052
42608003 1.748062
42595241 1.748075
42589664 1.748079
42585140 1.748083
42585051 1.748090
42511334 1.748096
42505238 1.748149
42478847 1.748153
42461015 1.748175
42456589 1.748182
42438404 1.748188
42426158 1.748192
42406541 1.748258
42395121 1.748263
42394884 1.748298
42392952 1.748303
42147675 1.748351
42094920 1.748364
42092019 1.748399
42069461 1.748403
42061053 1.748430
42054647 1.748457
42030894 1.748467
42013569 1.748483
42007657 1.748508
41999019 1.748512
41985119 1.748554
41965058 1.748563
41952033 1.748567
41946179 1.748571
41942045 1.748599
41882745 1.748616
41875924 1.748639
41857272 1.748694
41842876 1.748715
41836207 1.748718
41831830 1.748727
41829105 1.748749
41827201 1.748779
41812686 1.748815
41807750 1.748821
41761066 1.748825
41757727 1.748833
41726812 1.748847
41700373 1.748860
41696028 1.748917
41682680 1.748929
41655490 1.748981
41654615 1.748986
41611790 1.748996
41604057 1.749025
41590539 1.749037
41557310 1.749045
41554938 1.749050
41549540 1.749071
41549536 1.749074
41534233 1.749084
41529779 1.749087
41528884 1.749123
41516689 1.749175
41516288 1.749179
41513517 1.749199
41505859 1.749204
41350940 1.749235
41350436 1.749239
41345929 1.749242
41344939 1.749245
41334448 1.749249
41315858 1.749252
41308154 1.749263
41305315 1.749273
41297766 1.749277
41292976 1.749284
41287296 1.749287
41281332 1.749315
41277569 1.749333
41276039 1.749351
41274769 1.749359
41243137 1.749367
41234717 1.749379
41233159 1.749384
41209510 1.749449
41158610 1.749461
41142737 1.749471
41115676 1.749474
41115151 1.749486
41114024 1.749505
41099568 1.749519
41098006 1.749558
41075697 1.749562
41025847 1.749574
41019919 1.749868
41018809 1.749898
40964507 1.749909
40961652 1.749928
40909463 1.749940
40909027 1.749954
40889306 1.749973
40854212 1.750007
40840776 1.750133
40840194 1.750261
40827332 1.750269
40773768 1.750283
40771998 1.750289
40768954 1.750311
40754997 1.750340
40749124 1.750380
40739218 1.750429
40727568 1.750451
40719578 1.750455
40711597 1.750471
40702991 1.750478
40679629 1.750483
40678205 1.750502
40675203 1.750570
40674178 1.750644
40672750 1.750653
40672193 1.750667
40662990 1.750671
40657691 1.750688
40656156 1.750695
40647934 1.750729
40623892 1.750737
40617675 1.750740
40588116 1.750804
40575697 1.750902
40572832 1.750906
40566429 1.750964
40178252 1.751005
40144953 1.751014
40119368 1.751017
40084484 1.751024
40077429 1.751077
40032312 1.751081
40021081 1.751106
40018756 1.751126
40015914 1.751130
39992906 1.751136
39961771 1.751144
39886133 1.751149
39876011 1.751154
39864192 1.751158
39863692 1.751182
39860909 1.751198
39849702 1.751219
39841790 1.751225
39838376 1.751260
39836793 1.751264
39830213 1.751289
39426455 1.751304
39423282 1.751310
39422184 1.751323
39418765 1.751362
39417201 1.751369
39396928 1.751375
39361604 1.751384
39361369 1.751641
39355921 1.751646
39349702 1.751654
39317321 1.751663
39259671 1.751669
39253304 1.751674
39242512 1.751678
39234956 1.751685
39224331 1.751715
39223223 1.751722
39216479 1.751725
39204830 1.751735
39182510 1.751745
39137013 1.751749
39136427 1.751756
39129494 1.751764
39128133 1.751770
39096762 1.751777
39077846 1.751784
38794719 1.751797
38776293 1.751804
38748918 1.751819
38746250 1.751825
38719570 1.751829
38700095 1.751833
38639091 1.751837
38597583 1.751858
38573542 1.751862
38572718 1.751893
38558720 1.751897
38550384 1.751905
38547272 1.751910
38540335 1.751915
38523194 1.751921
38522983 1.751925
38522311 1.752011
38515301 1.752015
38434468 1.752032
38432563 1.752049
37926083 1.752063
37925427 1.752092
37924272 1.752101
37917081 1.752113
37892658 1.752116
37892237 1.752120
37878640 1.752124
37849433 1.752128
37840421 1.752145
37838277 1.752154
37827624 1.752158
37821695 1.752168
37805967 1.752189
37790330 1.752196
37776639 1.752222
37773307 1.752229
37772942 1.752277
37765283 1.752287
37758865 1.752291
37746656 1.752302
37729449 1.752308
37723584 1.752327
37721318 1.752353
37690501 1.752358
37682638 1.752362
37678448 1.752378
37677288 1.752385
37676151 1.752388
37666784 1.752425
37665978 1.752577
37651500 1.752587
37649741 1.752634
37649077 1.752649
37643041 1.752694
37641058 1.752804
37624508 1.752835
37615596 1.752840
37614208 1.752863
37584451 1.752979
37584089 1.752984
37568382 1.752995
37550811 1.753002
37550758 1.753016
37543683 1.753032
37541017 1.753037
37534810 1.753047
37530612 1.753053
37520894 1.753130
37519039 1.753209
37515124 1.753275
37512871 1.753280
37503128 1.753283
37496832 1.753289
37492605 1.753307
37489402 1.753317
37481701 1.753322
37445933 1.753327
37432500 1.753332
37423825 1.753336
37423748 1.753705
37414310 1.753723
37412015 1.753741
37405326 1.753757
37385275 1.754035
37378078 1.754125
37366665 1.754131
37276795 1.754154
37212618 1.754165
37207842 1.754211
37197610 1.754224
37179345 1.754230
37140829 1.754274
37140628 1.754284
37139767 1.754287
37128493 1.754302
37124833 1.754310
37116537 1.754315
37110924 1.754319
37110919 1.754371
37107272 1.754383
37106806 1.754441
37102761 1.754449
37097493 1.754489
37097217 1.754531
37090270 1.754535
37088944 1.754542
37086869 1.754572
37062031 1.754613
37030645 1.754698
36860870 1.754716
36851683 1.754731
36843015 1.754755
36820221 1.754828
36805756 1.754835
36800868 1.754839
36800693 1.754842
36797379 1.754852
36788070 1.754861
36767787 1.754890
36765230 1.754900
36721445 1.754904
36721288 1.754909
36701055 1.754939
36694990 1.754947
36670345 1.754952
36658822 1.754960
36656845 1.754968
36655012 1.754981
36587575 1.754988
36576980 1.755030
36570653 1.755675
36567954 1.755690
36564003 1.755702
36543397 1.755707
36520453 1.755713
36513057 1.755717
36451872 1.755780
36447404 1.755789
36443962 1.755822
36443722 1.755833
36436839 1.755857
36430307 1.755889
36408931 1.755902
36403410 1.755922
36397089 1.755951
36380248 1.756040
36378213 1.756047
36369350 1.756055
36359464 1.756076
36356739 1.756080
36349581 1.756094
36332083 1.756104
36315495 1.756133
36310798 1.756137
36274002 1.756143
36258066 1.756186
36251489 1.756190
36230542 1.756193
36194214 1.756201
36193555 1.756312
36189688 1.756322
36110264 1.756336
36037652 1.756358
36021263 1.756418
36018980 1.756425
35936041 1.756435
35929355 1.756486
35918956 1.756521
35907543 1.756528
35902498 1.756547
35884875 1.756550
35883958 1.756558
35880978 1.756561
35878362 1.756566
35872301 1.756571
35872290 1.756628
35862441 1.756632
35772137 1.756644
35762662 1.756650
35761365 1.756793
35753570 1.756864
35747284 1.756885
35732195 1.756889
35723880 1.756903
35723608 1.756938
35720751 1.756943
35700576 1.756950
35695295 1.756997
35689423 1.757005
35681095 1.757012
35667942 1.757023
35666282 1.757033
35665279 1.757091
35663566 1.757227
35662461 1.757232
35652758 1.757286
35638918 1.757308
35638684 1.757334
35636956 1.757376
35636620 1.757385
35631036 1.757650
35626925 1.757667
35624091 1.757672
35620095 1.757687
35617239 1.757691
35609881 1.757699
35609506 1.757702
35599365 1.757724
35599244 1.757728
35589131 1.757733
35588799 1.757753
35575656 1.757761
35547664 1.757765
35082645 1.758747
35079680 1.758791
35061073 1.758805
35040378 1.758809
35033625 1.758822
35027697 1.758857
35019332 1.758917
35012266 1.758937
35009401 1.758940
35007129 1.758983
35004876 1.759036
35004198 1.759049
35004146 1.759082
35001306 1.759189
35000457 1.759195
34994539 1.759226
34992594 1.759323
34991403 1.759330
34988199 1.759385
34983566 1.759447
34981884 1.759462
34981390 1.759517
34981170 1.759521
34980693 1.759814
34977906 1.759819
34943873 1.759834
34925528 1.759841
34913150 1.759846
34910313 1.759859
34909235 1.759864
34907962 1.760284
34906934 1.760289
34898373 1.760583
34870146 1.760588
34868419 1.760592
34853999 1.760601
34849278 1.760983
34842751 1.760995
34833612 1.761006
34818125 1.761018
34806352 1.761033
34801650 1.761066
34797533 1.761079
34794173 1.761084
34793854 1.761089
34764522 1.761092
34757931 1.761110
34755683 1.761198
34753932 1.761220
34732915 1.761224
34732147 1.761258
34731828 1.761263
34729851 1.761299
34725385 1.761339
34706215 1.761347
34680186 1.761351
34672574 1.761369
34668921 1.761372
34663103 1.761395
34259271 1.761523
34255332 1.761571
34253384 1.761609
34250056 1.761624
34244775 1.761648
34236051 1.761667
34235158 1.761685
34227056 1.761695
34217947 1.761703
34171574 1.761747
34148112 1.761879
34143924 1.761883
34131848 1.762157
34117562 1.762434
34116038 1.762463
34114901 1.762467
34111781 1.762470
34111430 1.762474
34063589 1.762574
34063494 1.762587
34060386 1.762597
34058847 1.762603
34033154 1.762614
34029156 1.762621
34027930 1.762644
34027875 1.762658
34024519 1.762776
34022685 1.762888
34020204 1.762985
34019681 1.763194
34011604 1.763237
33998108 1.763292
33947478 1.763319
33943245 1.763468
33941106 1.763476
33939791 1.763496
33933903 1.763502
33932780 1.763523
33931056 1.763542
33930758 1.765363
33918075 1.765580
33869380 1.765636
33867666 1.765643
33849997 1.765666
33848674 1.765765
33846712 1.765769
33844222 1.765781
33834726 1.765819
33830033 1.766039
33827749 1.766056
33825736 1.766098
33821500 1.766105
33819601 1.766118
33818970 1.766122
33807336 1.766142
33805659 1.766240
33802532 1.766246
33798172 1.766258
33794325 1.766412
33793110 1.766428
33786596 1.766432
33778597 1.766442
33771119 1.766509
33766531 1.766524
33757684 1.766562
33744070 1.766883
33741463 1.766895
33738212 1.766905
33730621 1.766986
33728493 1.766998
33723873 1.767174
33723593 1.767364
33723571 1.767372
33720391 1.767416
33714062 1.767437
33709899 1.773437
33707835 1.773456
33701345 1.773501
33690944 1.773526
33690053 1.773695
33688349 1.773745
33676499 1.774479
33675216 1.774495
33674502 1.774502
33656440 1.774506
33654412 1.774734
33651060 1.774739
33650075 1.774747
33639452 1.774754
33634357 1.774956
33633613 1.775044
33624380 1.775061
33610222 1.775419
33608215 1.775425
33606729 1.775441
33580131 1.775461
33577243 1.775484
33575714 1.775521
33571732 1.775605
33568398 1.775618
33566073 1.775653
33565762 1.775793
33559126 1.775854
33536673 1.775874
33524737 1.775980
33513883 1.775987
33502509 1.776005
33498924 1.776051
33488202 1.776115
33485075 1.776156
33483518 1.776180
33480113 1.776247
33474183 1.776534
33465067 1.776761
33453452 1.776773
33452911 1.777032
33451614 1.777154
33450622 1.777176
33441621 1.777180
33430595 1.777196
33425000 1.777199
33420018 1.777429
33418652 1.777443
33410102 1.777942
33408909 1.778042
33405994 1.778147
33394307 1.778293
33393870 1.778299
33391750 1.778333
33389981 1.778337
33387670 1.778345
33387464 1.778578
33385393 1.778583
33376133 1.781509
33374503 1.781614
33373818 1.781618
33373756 1.781633
33371710 1.781660
33367709 1.781714
33366806 1.781720
33366313 1.781738
33363199 1.781757
33362841 1.781796
33341855 1.782459
33337550 1.783148
33335486 1.783473
33334408 1.783477
33331805 1.783769
33331503 1.783807
33328045 1.784137
33326674 1.785442
33325404 1.785448
33324736 1.785451
33324516 1.786332
33322479 1.786513
33319953 1.786555
33319567 1.786601
33310182 1.786770
33309782 1.786796
33307265 1.786806
33301372 1.787368
33290719 1.791610
33290694 1.791660
33289449 1.791754
33283942 1.791832
33259972 1.791857
33258694 1.791900
33234357 1.791906
33226565 1.791922
33225109 1.791926
33221782 1.791942
33216210 1.791946
33213135 1.791953
33208975 1.791967
33205789 1.792138
33205266 1.792177
33194097 1.792705
33184474 1.792749
33175846 1.792753
33173425 1.792757
33171321 1.792773
33167212 1.792784
33164258 1.792940
33160243 1.793314
33158366 1.793322
33141118 1.793328
33140452 1.793441
33137517 1.794665
33122754 1.794677
33106017 1.794681
33103177 1.794708
33082139 1.794719
33081976 1.794839
33068473 1.794972
33054357 1.804910
33051723 1.804944
33051411 1.805135
33046007 1.805304
33045118 1.805464
33042330 1.805470
33038592 1.805626
33031002 1.810148
33025061 1.810192
33024198 1.810213
33019885 1.810222
33019464 1.810241
33018688 1.810251
33018113 1.810254
33016436 1.810327
33014227 1.810332
33013535 1.810520
33012104 1.811224
33006912 1.811542
33001141 1.811559
32993645 1.812191
32986913 1.812284
32984630 1.812399
32980241 1.813266
32977066 1.813908
32973790 1.815897
32969562 1.816828
32954209 1.817053
32950939 1.817104
32949359 1.817968
32946959 1.818240
32941098 1.818535
32934182 1.824505
32933866 1.824820
32931760 1.824859
32931126 1.824868
32899929 1.824925
32895858 1.824972
32895280 1.824989
32891338 1.830642
32888634 1.830668
32886242 1.832759
32885443 1.835663
32883093 1.836773
32872193 1.837865
32868680 1.838173
32865386 1.838544
32861090 1.838634
32855237 1.838673
32853221 1.841673
32852698 1.842253
32844159 1.842523
32842709 1.842550
32841050 1.845319
32840044 1.846238
32837465 1.846444
32834190 1.846464
32831339 1.846479
32829655 1.847032
32820470 1.847495
32818180 1.848970
32815935 1.849306
32812815 1.849313
32802713 1.849356
32794282 1.849534
32791162 1.849538
32789599 1.849560
32788846 1.849800
32787614 1.855215
32783446 1.857347
32782120 1.861473
32781907 1.869722
32779912 1.929216
32778830 1.929227
32776230 1.929233
32773398 1.949710
32773153 1.949720
32770812 1.952199
32768212 1.991578
32766255 1.991586
32765563 2.048335
32761535 2.048775
32760909 2.255198
32759501 2.255247
32758932 5.279215
32758894 5.364926
32758325 5.429145
32757967 6.694818
32756378 23.008178
32755803 23.047641
32755803 623.047865
