PROBLEM_FILE = /tmp/tsp/7139.tmp/example.tmp
65749274 1.742621
65729145 1.742647
65718624 1.742658
65717516 1.742662
65717351 1.742665
65703890 1.742668
65693258 1.742673
65677855 1.742760
65669767 1.742764
65637478 1.742773
65604240 1.742782
65520958 1.742792
65487093 1.742804
65486438 1.742811
65484641 1.742814
65470270 1.742821
65447943 1.742836
65324617 1.742842
65318893 1.742846
65318299 1.742853
65315861 1.742856
65308182 1.742871
65306515 1.742877
65291007 1.742885
65274815 1.742889
65233153 1.742907
65227424 1.742913
65217998 1.742918
65215715 1.742927
65202871 1.742945
65201982 1.742950
65185492 1.742961
65158971 1.742965
65135774 1.742975
65125347 1.742979
65113151 1.742985
65108276 1.742988
65020452 1.742998
65011778 1.743015
65004638 1.743019
64996351 1.743023
64985103 1.743026
64973159 1.743031
64874768 1.743041
64846987 1.743045
64837309 1.743063
64809511 1.743067
64806517 1.743070
64747798 1.743076
64726687 1.743080
64695554 1.743083
64695300 1.743087
64678102 1.743097
64650426 1.743101
64642751 1.743111
64639055 1.743115
64611695 1.743118
64571827 1.743124
64563829 1.743132
64548676 1.743146
64514140 1.743150
64509148 1.743154
64486439 1.743160
64469818 1.743165
64450671 1.743175
64430850 1.743179
64430578 1.743210
64408317 1.743219
64305722 1.743245
64274415 1.743255
64223296 1.743269
64221177 1.743273
64207256 1.743315
64201640 1.743341
64187533 1.743347
64181446 1.743353
64166733 1.743367
64133235 1.743370
64072070 1.743381
64070206 1.743396
64057178 1.743402
64038954 1.743410
63999907 1.743420
63988533 1.743428
63933342 1.743431
63924956 1.743437
63884299 1.743444
63877899 1.743450
63869358 1.743459
63856177 1.743471
63816028 1.743476
63815432 1.743479
63706779 1.743495
63674667 1.743500
63649080 1.743504
63621518 1.743523
63616447 1.743526
63602331 1.743530
63584296 1.743543
63565026 1.743547
63548582 1.743561
63545307 1.743566
63530230 1.743572
63520291 1.743575
63409839 1.743583
63408450 1.743593
63367320 1.743598
63367256 1.743605
63358653 1.743608
63357566 1.743611
63355011 1.743616
63350778 1.743620
63292155 1.743623
63273715 1.743628
63262845 1.743633
63224075 1.743636
63137603 1.743642
63133948 1.743646
63113402 1.743650
63112783 1.743656
63049746 1.743664
63039071 1.743678
63010797 1.743684
62964232 1.743690
62960262 1.743697
62939108 1.743729
62934665 1.743740
62898326 1.743750
62876924 1.743754
62854869 1.743758
62839386 1.743768
62827602 1.743774
62792193 1.743787
62745176 1.743804
62727965 1.743809
62727855 1.743812
62712038 1.743826
62710210 1.743831
62383098 1.743845
62360842 1.743849
62303794 1.743861
62274652 1.743865
62224855 1.743870
62198282 1.743886
62180785 1.743904
62158224 1.743909
62152932 1.743913
62135125 1.743916
62134530 1.743922
62114438 1.743925
62111095 1.743936
62093745 1.743944
62091568 1.743947
62088308 1.743956
62083930 1.743969
62023191 1.743974
61992483 1.743979
61980319 1.743991
61967655 1.744000
61932134 1.744006
61931129 1.744012
61929118 1.744016
61705659 1.744025
61324964 1.744036
61315422 1.744044
61301543 1.744047
61293979 1.744054
61262423 1.744058
61249365 1.744062
61241870 1.744072
61186952 1.744081
61171288 1.744088
61026503 1.744094
60987050 1.744098
60985639 1.744101
60984630 1.744104
60873625 1.744108
60775849 1.744117
60627713 1.744123
60592885 1.744127
60591684 1.744146
60587077 1.744149
60470451 1.744156
60428453 1.744173
60415633 1.744177
60320934 1.744185
60236295 1.744192
60208064 1.744195
60208046 1.744230
60182273 1.744236
60170853 1.744240
60080964 1.744244
60072066 1.744251
60036297 1.744254
60035735 1.744267
60016067 1.744344
60003186 1.744370
59977306 1.744375
59959765 1.744379
59910775 1.744391
59796445 1.744407
59779596 1.744410
59766778 1.744413
59754252 1.744419
59681741 1.744424
59579142 1.744429
59559470 1.744452
59507242 1.744473
59503116 1.744478
59501973 1.744484
59484192 1.744493
59444778 1.744497
59426110 1.744501
59423213 1.744504
59415901 1.744508
59410599 1.744514
59343087 1.744520
59338768 1.744538
59320128 1.744553
59214941 1.744561
59081778 1.744572
59038227 1.744578
59033591 1.744585
58963565 1.744590
58962099 1.744594
58946466 1.744620
58923030 1.744644
58919384 1.744655
58911017 1.744662
58780194 1.744671
58530492 1.744680
58504493 1.744691
58503074 1.744695
58442429 1.744701
58422614 1.744709
58416780 1.744715
58416368 1.744719
58415848 1.744724
58415053 1.744728
58401054 1.744731
58390640 1.744734
58355138 1.744742
58337794 1.744749
58279293 1.744753
58269838 1.744756
58268500 1.744760
58205034 1.744767
58199637 1.744771
58195149 1.744774
58162713 1.744795
58160473 1.744806
58114683 1.744814
58075261 1.744823
58063110 1.744827
58005258 1.744839
57997227 1.744844
57995957 1.744849
57976697 1.744882
57976507 1.744886
57949303 1.744896
57943426 1.744916
57932830 1.744923
57723327 1.744937
57715341 1.744940
57711552 1.744946
57711368 1.744949
57648589 1.744956
57633220 1.744959
57630249 1.744965
57616745 1.744971
57606126 1.744983
57603612 1.744986
57589852 1.744989
57578078 1.744996
57575590 1.744999
57534242 1.745004
57527026 1.745020
57516167 1.745024
57451658 1.745037
57450724 1.745040
57417563 1.745052
57413880 1.745058
57411719 1.745068
57411353 1.745096
57394331 1.745101
57387296 1.745105
57365485 1.745112
57352341 1.745120
57338960 1.745127
57309436 1.745140
57299385 1.745144
57160413 1.745150
57130098 1.745173
57113976 1.745182
57099608 1.745186
57024201 1.745193
57001206 1.745197
56992851 1.745200
56970748 1.745204
56961173 1.745216
56945177 1.745224
56920173 1.745229
56917708 1.745232
56866697 1.745255
56835531 1.745266
56729670 1.745283
56720098 1.745292
56707236 1.745301
56699012 1.745311
56644611 1.745316
56526850 1.745319
56433479 1.745337
56407471 1.745342
56296687 1.745351
56278131 1.745360
56270092 1.745372
56213231 1.745391
56152426 1.745396
56098263 1.745410
56094901 1.745416
56090858 1.745421
56081918 1.745431
56054482 1.745435
56052327 1.745442
55978176 1.745451
55836168 1.745458
55820814 1.745474
55819483 1.745481
55776515 1.745486
55767251 1.745493
55744395 1.745498
55613894 1.745513
55553911 1.745586
55539347 1.745600
55523437 1.745612
55517231 1.745619
55497766 1.745625
55494150 1.745628
55482206 1.745662
55480497 1.745681
55471578 1.745684
55443664 1.745692
55413959 1.745709
55390543 1.745712
55376638 1.745716
55375020 1.745719
55371086 1.745722
55343145 1.745726
55228913 1.745740
55174079 1.745744
55171922 1.745768
55156397 1.745771
55151021 1.745776
55138714 1.745780
55124745 1.745789
55117224 1.745792
55087514 1.745796
55071612 1.745804
55068541 1.745808
54899539 1.745812
54783273 1.745817
54764407 1.745820
54763186 1.745847
54755217 1.745859
54738937 1.745864
54722081 1.745867
54706898 1.745873
54679318 1.745880
54676051 1.745894
54645498 1.745908
54615900 1.745928
54566155 1.745933
54531233 1.745948
54497441 1.745955
54495099 1.745959
54491731 1.745963
54445734 1.745978
54421211 1.745983
54408592 1.745987
54403089 1.745995
54392990 1.746000
54368464 1.746010
54352169 1.746013
54347080 1.746019
54341683 1.746026
54328593 1.746038
54263515 1.746041
54259734 1.746045
54232079 1.746048
54224105 1.746054
54219005 1.746059
54218820 1.746062
54128964 1.746068
54126041 1.746071
54119335 1.746081
54054105 1.746086
54043235 1.746090
53878709 1.746093
53848593 1.746097
53843519 1.746100
53843479 1.746110
53820317 1.746114
53792326 1.746136
53784270 1.746143
53780307 1.746146
53645729 1.746157
53614666 1.746168
53529221 1.746172
53511398 1.746178
53100023 1.746190
53077894 1.746195
53031709 1.746208
53027028 1.746212
53021586 1.746215
53012436 1.746220
52954976 1.746228
52927997 1.746231
52794508 1.746237
52792398 1.746240
52768304 1.746248
52694649 1.746259
52643459 1.746272
52640399 1.746282
52635329 1.746291
52621720 1.746315
52603407 1.746318
52577202 1.746326
52571171 1.746329
52559579 1.746343
52550764 1.746347
52526931 1.746355
52514132 1.746373
52499452 1.746377
52497927 1.746385
52496429 1.746396
52489079 1.746402
52304138 1.746413
52302029 1.746417
52243587 1.746426
52223733 1.746436
52205348 1.746439
52189635 1.746449
52178313 1.746455
52172219 1.746471
52148110 1.746477
52126419 1.746490
52094810 1.746494
52093471 1.746497
52083899 1.746501
52059595 1.746510
52029618 1.746520
52019390 1.746533
51986542 1.746544
51880571 1.746553
51819017 1.746559
51746672 1.746570
51696043 1.746580
51680493 1.746584
51669120 1.746594
51614844 1.746601
51585011 1.746611
51578552 1.746623
51577579 1.746626
51544783 1.746631
51486633 1.746640
51409066 1.746655
51397684 1.746659
51386617 1.746666
51383484 1.746670
51379319 1.746683
51364786 1.746693
51339848 1.746696
51323639 1.746707
51318935 1.746711
51267589 1.746723
51245909 1.746726
51238798 1.746731
51230862 1.746741
51218188 1.746744
51139055 1.746754
51115050 1.746758
51112742 1.746764
51076507 1.746768
51072760 1.746785
51065181 1.746794
51043283 1.746807
51028144 1.746811
50926500 1.746819
50913498 1.746839
50912692 1.746843
50879077 1.746847
50874628 1.746861
50803847 1.746868
50781106 1.746887
50770675 1.746890
50759995 1.746894
50739305 1.746898
50733919 1.746901
50719556 1.746906
50713700 1.746909
50695377 1.746921
50691386 1.746929
50674273 1.746948
50645924 1.746955
50555873 1.746972
50528034 1.746976
50522094 1.746986
50515454 1.746989
50505071 1.746996
50485643 1.747018
50474441 1.747025
50440298 1.747029
50436106 1.747052
50434206 1.747056
50433321 1.747059
50432679 1.747062
50430630 1.747067
50428921 1.747074
50234307 1.747084
50220252 1.747089
50218481 1.747092
50213630 1.747096
50208524 1.747114
50208031 1.747119
50188672 1.747128
50187894 1.747131
50162588 1.747134
50117541 1.747139
50098655 1.747147
49972149 1.747153
49963336 1.747160
49929576 1.747165
49917382 1.747170
49912145 1.747180
49909167 1.747185
49825446 1.747198
49795033 1.747207
49792423 1.747211
49732230 1.747217
49729344 1.747226
49700911 1.747262
49694563 1.747268
49673510 1.747278
49672289 1.747284
49665488 1.747288
49662777 1.747300
49644126 1.747310
49524051 1.747315
49458286 1.747326
49449550 1.747329
49428509 1.747332
49425157 1.747335
49390017 1.747339
49369634 1.747343
49351235 1.747352
49350343 1.747375
49339695 1.747380
49338699 1.747388
49303553 1.747399
49293700 1.747403
49292624 1.747411
49288056 1.747417
49279669 1.747420
49254856 1.747424
49252882 1.747428
49233981 1.747439
49225477 1.747443
49160664 1.747448
49139054 1.747451
49066688 1.747460
49066635 1.747486
49055639 1.747499
49052774 1.747503
49051456 1.747512
49037816 1.747517
49030366 1.747521
49019617 1.747524
48912266 1.747537
48911979 1.747550
48904111 1.747556
48892848 1.747568
48856913 1.747572
48705544 1.747580
48698622 1.747588
48670247 1.747591
48665715 1.747642
48611662 1.747656
48611466 1.747661
48585670 1.747664
48568805 1.747675
48496709 1.747689
48496438 1.747694
48493780 1.747708
48477803 1.747711
48469573 1.747731
48463441 1.747740
48455247 1.747749
48444196 1.747752
48431972 1.747756
48427083 1.747759
48420265 1.747763
47797048 1.747776
47778275 1.747783
47771723 1.747800
47706907 1.747808
47665662 1.747814
47588403 1.747822
47547345 1.747833
47542328 1.747837
47518118 1.747842
47518070 1.747846
47480826 1.747860
47383358 1.747880
47369722 1.747884
47181044 1.747890
47175127 1.747895
47159828 1.747899
47158700 1.747902
47154386 1.747922
47108003 1.747941
47106838 1.747944
47062073 1.747956
47048191 1.748015
47038479 1.748024
47034284 1.748055
47026896 1.748059
47012409 1.748063
46999605 1.748080
46977185 1.748096
46975878 1.748101
46782039 1.748122
46780642 1.748125
46729536 1.748131
46536238 1.748137
46531220 1.748144
46527497 1.748151
46496349 1.748157
46480245 1.748167
46478265 1.748175
46473616 1.748194
46466466 1.748202
46453512 1.748207
46450176 1.748210
46321766 1.748215
46318020 1.748220
46299005 1.748227
46265701 1.748231
46255274 1.748245
46246333 1.748277
46197552 1.748301
46189533 1.748318
46158297 1.748322
46115306 1.748326
46109707 1.748334
46104789 1.748340
46102080 1.748369
46076952 1.748377
46072350 1.748384
46024570 1.748388
45693555 1.748398
45676060 1.748401
45652848 1.748404
45648854 1.748407
45612948 1.748415
45603767 1.748470
45589506 1.748498
45550741 1.748502
45541308 1.748509
45534202 1.748538
45469898 1.748544
45433765 1.748547
45426447 1.748554
45415661 1.748572
45388349 1.748580
45354626 1.748588
45346806 1.748607
45333256 1.748618
45326816 1.748635
45324083 1.748649
45292495 1.748690
45278441 1.748694
45041091 1.748702
45037627 1.748710
44780168 1.748730
44767964 1.748734
44728910 1.748744
44718107 1.748751
44634321 1.748756
44491115 1.748764
44437477 1.748780
44418208 1.748791
44405616 1.748796
44371851 1.748800
44370080 1.748805
44335155 1.748809
44330677 1.748836
44327735 1.748840
44281718 1.748844
44275153 1.748854
44259302 1.748863
44247125 1.748874
44233808 1.748878
44113021 1.748883
44089576 1.748888
44080587 1.748915
44060372 1.748923
44053507 1.748937
44050226 1.748943
44021690 1.748992
44001352 1.749003
43999274 1.749006
43995731 1.749021
43971223 1.749032
43962218 1.749039
43959609 1.749044
43877931 1.749051
43824721 1.749055
43824690 1.749064
43652783 1.749075
43641295 1.749079
43637874 1.749101
43582347 1.749105
43574757 1.749108
43562855 1.749116
43556324 1.749120
43544690 1.749130
43525366 1.749146
43504306 1.749150
43487679 1.749154
43471197 1.749162
43406781 1.749175
43381444 1.749180
43213657 1.749196
43183620 1.749201
43096929 1.749215
43090864 1.749219
43067869 1.749224
43057294 1.749244
42969184 1.749256
42923111 1.749275
42892433 1.749282
42888691 1.749285
42886440 1.749290
42878191 1.749295
42535494 1.749299
42519236 1.749308
42487829 1.749317
42485927 1.749326
42441685 1.749335
42360348 1.749342
42331577 1.749347
42321389 1.749350
42318873 1.749365
42307523 1.749369
42274594 1.749388
42255891 1.749391
42244294 1.749395
42232256 1.749399
42226728 1.749411
42220871 1.749415
42200441 1.749420
42177350 1.749424
42082206 1.749427
42070607 1.749430
41906255 1.749438
41855468 1.749446
41762544 1.749470
41755392 1.749483
41746952 1.749492
41738348 1.749508
41718408 1.749513
41702195 1.749519
41700059 1.749525
41682225 1.749535
41679984 1.749549
41653991 1.749552
41627428 1.749556
41626037 1.749571
41527152 1.749576
41431682 1.749588
41426912 1.749593
41403272 1.749597
41386297 1.749617
41362321 1.749622
41317846 1.749635
41311589 1.749643
41297597 1.749650
41296187 1.749662
41236830 1.749673
41193186 1.749700
41189339 1.749707
41163787 1.749721
41160911 1.749724
41159438 1.749728
41060676 1.749739
41027748 1.749771
40964985 1.749776
40959953 1.749793
40947181 1.749797
40900498 1.749801
40872995 1.749818
40847933 1.749822
40837035 1.749827
40792469 1.749835
40781972 1.749839
40775561 1.749845
40774997 1.749868
40774611 1.749882
40768184 1.749901
40746456 1.749908
40695745 1.749912
40689364 1.749922
40671185 1.749927
40644533 1.749941
40622969 1.749955
40617602 1.749977
40578472 1.749983
40570334 1.749986
40561495 1.749990
40556142 1.749993
40545752 1.749997
40537391 1.750000
40520704 1.750003
40508627 1.750008
40504953 1.750014
40485214 1.750018
40443028 1.750023
40440068 1.750026
40439528 1.750029
40430874 1.750035
40424323 1.750041
40364684 1.750067
40347628 1.750078
40344140 1.750084
40333174 1.750089
40332813 1.750099
40330282 1.750105
40327217 1.750126
40325591 1.750134
40324956 1.750182
40295832 1.750223
40294277 1.750227
40287113 1.750230
40274423 1.750260
40272724 1.750267
40269290 1.750345
40266886 1.750361
40264051 1.750417
40255234 1.750428
40241380 1.750477
40222334 1.750490
40219452 1.750496
40214559 1.750560
40214327 1.750564
40214217 1.750567
40210348 1.750625
40203817 1.750641
40203707 1.750655
40201404 1.750662
40178980 1.750680
40177403 1.750702
40165200 1.750777
40161496 1.750800
40155616 1.750822
40114596 1.750835
40107224 1.750839
40102102 1.750845
40098120 1.750859
40097930 1.750926
40096566 1.750930
40080894 1.750950
40067962 1.751016
40060388 1.751034
40053338 1.751038
40037915 1.751048
40030091 1.751166
40029225 1.751191
40028639 1.751211
40020893 1.751214
40015875 1.751220
40000470 1.751251
39998430 1.751255
39993211 1.751262
39992710 1.751266
39992089 1.751316
39946598 1.751326
39946058 1.751330
39942919 1.751333
39939796 1.751354
39861724 1.751361
39816121 1.751365
39784936 1.751385
39779634 1.751389
39777390 1.751395
39760070 1.751399
39745596 1.751407
39744340 1.751414
39659964 1.751420
39659658 1.751464
39653324 1.751468
39646565 1.751482
39640945 1.751489
39629075 1.751505
39590929 1.751511
39590159 1.751544
39585504 1.751560
39581120 1.751590
39443797 1.751673
39402492 1.751684
39392447 1.751691
39383425 1.751711
39368105 1.751718
39347271 1.751726
39345885 1.751733
39332774 1.751737
39318483 1.751740
39311237 1.751751
39310866 1.751798
39284417 1.751804
39263749 1.751811
39259701 1.751872
39234073 1.751882
39232489 1.751889
39204535 1.751953
39198309 1.751972
39188980 1.751976
39177322 1.751989
39176753 1.752000
39166917 1.752022
39165736 1.752028
39158946 1.752063
39155024 1.752130
39140274 1.752253
39139571 1.752264
39135429 1.752375
39130654 1.752380
39126329 1.752386
39122116 1.752507
39121693 1.752520
39117466 1.752524
39069857 1.752534
39067214 1.752538
39039306 1.752552
39037613 1.752565
39027815 1.752570
39022518 1.752603
38995362 1.752625
38994913 1.752630
38990438 1.752633
38982464 1.752656
38978683 1.752660
38970447 1.752669
38923232 1.752687
38910869 1.752690
38908225 1.752694
38906106 1.752698
38885294 1.752701
38873637 1.752766
38852055 1.752775
38844153 1.752779
38821785 1.752784
38808286 1.752788
38804813 1.752796
38799319 1.752802
38796973 1.752813
38784651 1.752821
38774336 1.752825
38773368 1.752839
38765625 1.752845
38748823 1.752939
38743054 1.752947
38742392 1.752953
38711724 1.752958
38705160 1.752962
38701250 1.752969
38671224 1.753011
38667751 1.753029
38647261 1.753038
38641570 1.753050
38616644 1.753057
38590471 1.753061
38578719 1.753065
38566747 1.753072
38554375 1.753079
38553773 1.753093
38548387 1.753100
38532675 1.753139
38528752 1.753169
38518305 1.753173
38501906 1.753218
38496215 1.753271
38480257 1.753281
38478566 1.753325
38457986 1.753329
38399467 1.753333
38378531 1.753337
38374274 1.753348
38367300 1.753905
38366218 1.753911
38358272 1.753925
38354673 1.753937
38353609 1.753942
38349378 1.753951
38334610 1.753971
38326844 1.754044
38325836 1.754052
38324851 1.754056
38295336 1.754059
38293678 1.754119
38291532 1.754132
38265442 1.754263
38264679 1.754270
38250991 1.754273
38229107 1.754279
38221907 1.754302
38207215 1.754319
38205528 1.754360
38188477 1.754371
38162107 1.754401
38161438 1.754409
38159830 1.754487
38104111 1.754494
38095612 1.754499
38087091 1.754510
38084952 1.754513
38044786 1.754517
38018398 1.754525
38007102 1.754539
38003924 1.754549
37994181 1.754554
37971193 1.754558
37963303 1.754564
37916320 1.754567
37914014 1.754572
37868792 1.754579
37862388 1.754586
37861846 1.754589
37840282 1.754604
37826620 1.754609
37826079 1.754617
37805318 1.754624
37783656 1.754696
37716028 1.754757
37712005 1.754762
37696913 1.754767
37677497 1.754878
37668400 1.754925
37639058 1.754943
37637089 1.754989
37635568 1.754995
37626248 1.755100
37624414 1.755127
37618746 1.755147
37617704 1.755272
37612000 1.755862
37599143 1.755896
37595866 1.755912
37595456 1.755920
37593689 1.756067
37592452 1.756075
37587402 1.756079
37575759 1.756102
37574397 1.756118
37556643 1.756296
37546812 1.756307
37523042 1.756311
37498294 1.756314
37484103 1.756318
37401807 1.756322
37392085 1.756327
37385956 1.756331
37374087 1.756428
37368327 1.756495
37360486 1.756508
37324073 1.756519
37258312 1.756679
37251429 1.756685
37229089 1.756689
37227580 1.756692
37224129 1.756734
37219732 1.756746
37214129 1.756751
37187366 1.756755
37172995 1.757004
37171486 1.757070
37171442 1.757144
37168062 1.757513
37133158 1.757524
37132868 1.757529
37122823 1.757534
37119831 1.757538
37116769 1.757555
36994172 1.757592
36982218 1.757597
36974039 1.757614
36788262 1.757619
36754198 1.757634
36743643 1.757640
36740588 1.757647
36734429 1.757660
36733246 1.757743
36732365 1.757824
36727487 1.757829
36726181 1.757867
36720286 1.757956
36717532 1.757980
36705241 1.757984
36702672 1.757994
36696356 1.758057
36690754 1.758062
36689644 1.758066
36685800 1.758121
36675349 1.758140
36673840 1.758149
36666295 1.758176
36661364 1.758181
36648517 1.758272
36634261 1.758276
36633802 1.758283
36628242 1.758294
36613428 1.758303
36610717 1.758308
36610712 1.758327
36603984 1.758331
36589099 1.758338
36582318 1.758376
36575120 1.758380
36566717 1.758456
36565018 1.758463
36560125 1.758544
36466628 1.758649
36458908 1.758654
36457822 1.758663
36444344 1.758899
36436792 1.758906
36432810 1.758941
36427450 1.758962
36383437 1.759040
36378746 1.759045
36358277 1.759075
36352683 1.759080
36350530 1.759083
36337552 1.759125
35765573 1.760589
35759411 1.760602
35742657 1.760634
35739567 1.760651
35718401 1.760655
35715977 1.760660
35708544 1.760664
35706382 1.760669
35689145 1.760678
35664385 1.760692
35651299 1.760696
35636779 1.760707
35628316 1.760739
35611306 1.760744
35589786 1.760750
35586067 1.760760
35562690 1.760764
35556861 1.760772
35545506 1.760815
35540625 1.760838
35535057 1.761057
35530648 1.761083
35525091 1.761229
35518887 1.761234
35517454 1.761240
35514721 1.761244
35470740 1.761251
35363928 1.761264
35352001 1.761279
35348304 1.761501
35326292 1.761513
35316112 1.761518
35296537 1.761529
35296322 1.761591
35295523 1.761962
35295339 1.761967
35291971 1.761973
35280488 1.762078
35279796 1.762100
35279129 1.762126
35274286 1.762131
35267763 1.762141
35253257 1.762159
35231095 1.762192
35143122 1.762200
35139968 1.762213
35129171 1.762220
35122225 1.762248
35114863 1.762255
35101750 1.762273
35075610 1.762283
35032723 1.762291
35030034 1.762306
35027230 1.762344
35021214 1.762370
35019305 1.762376
35016298 1.762451
35008158 1.762459
35004414 1.762469
34997113 1.762502
34996672 1.762525
34993455 1.762596
34988753 1.762600
34979749 1.762604
34974683 1.762630
34965066 1.762677
34947436 1.762894
34947340 1.763870
34946562 1.763882
34943985 1.763954
34940520 1.763959
34907992 1.763971
34899292 1.763979
34896889 1.763982
34888352 1.764005
34887407 1.764061
34885638 1.764107
34870313 1.764113
34868409 1.764122
34840467 1.764131
34838064 1.764135
34814011 1.764140
34793538 1.764151
34777371 1.764162
34777284 1.764168
34775986 1.764172
34739764 1.764206
34738298 1.764293
34726545 1.764307
34712654 1.764319
34710271 1.764332
34708775 1.764336
34698511 1.764342
34681097 1.764346
34672126 1.764362
34666716 1.764372
34666653 1.764401
34663248 1.764507
34648555 1.764724
34647431 1.764738
34647100 1.764744
34646292 1.764764
34641341 1.764801
34631567 1.764806
34630018 1.764812
34627742 1.764816
34626979 1.764843
34616230 1.764860
34609870 1.765167
34606747 1.765376
34604348 1.765389
34601096 1.765417
34575171 1.765435
34572847 1.765443
34568798 1.765481
34546561 1.765552
34545303 1.765694
34529843 1.765708
34523488 1.765711
34509118 1.765745
34501853 1.765751
34499636 1.765761
34495847 1.765899
34493114 1.765914
34487046 1.765937
34482785 1.765956
34482556 1.765965
34469704 1.765993
34460743 1.766020
34455018 1.766030
34428545 1.766035
34426241 1.766056
34411625 1.766069
34146779 1.766217
34139542 1.766251
34114021 1.766255
34109119 1.766306
34103764 1.766315
34099343 1.766335
34095187 1.766494
34086965 1.766540
34086719 1.766810
34084891 1.767618
34083348 1.767623
34079393 1.767636
34077068 1.768217
34074152 1.768286
34068180 1.768371
34067062 1.768496
34065010 1.768622
34064978 1.768682
34058636 1.769507
34044760 1.769557
34031505 1.769575
34031443 1.769612
34030736 1.769654
34030021 1.769659
34023262 1.769701
34020654 1.770374
34013877 1.770380
33991884 1.770386
33983154 1.770390
33979871 1.770398
33979337 1.770404
33976900 1.770505
33973436 1.770566
33964477 1.770573
33958032 1.770581
33941763 1.770586
33940968 1.770615
33939630 1.770893
33935440 1.770964
33932333 1.772247
33931032 1.772361
33929431 1.772392
33915581 1.772413
33913640 1.772453
33913101 1.772468
33912567 1.772472
33912409 1.772476
33902731 1.772762
33882634 1.772807
33880247 1.772813
33878601 1.772826
33877135 1.772834
33866821 1.772845
33861890 1.772852
33830091 1.772875
33829899 1.772881
33825958 1.772901
33813984 1.772906
33800749 1.772916
33798395 1.773071
33798272 1.773110
33797770 1.773148
33792689 1.773176
33777630 1.773202
33776565 1.773206
33766593 1.773210
33766271 1.773222
33765531 1.773233
33730006 1.773237
33705745 1.773249
33705598 1.773355
33705450 1.773934
33703985 1.773971
33703838 1.774203
33703004 1.774209
33694017 1.776837
33687521 1.776861
33684539 1.776868
33614898 1.784404
33614174 1.784448
33611291 1.784580
33597339 1.787264
33577323 1.791410
33573491 1.791449
33573049 1.791464
33567160 1.791469
33566219 1.791545
33559852 1.791558
33558384 1.791562
33557907 1.795160
33552284 1.795535
33537368 1.795561
33536501 1.795571
33527637 1.795583
33525010 1.795707
33524378 1.795910
33492465 1.796119
33490360 1.796131
33451174 1.796917
33445596 1.796947
33440525 1.796953
33437267 1.796996
33420171 1.797067
33418581 1.797140
33413701 1.797155
33413049 1.797164
33410786 1.797750
33399632 1.797756
33398715 1.797982
33390246 1.797989
33388877 1.803668
33370918 1.803807
33366139 1.803834
33364274 1.803841
33361200 1.803984
33357866 1.804045
33356121 1.804060
33354489 1.804090
33350994 1.804099
33345634 1.805342
33307684 1.805353
33307587 1.805595
33291780 1.805688
33271793 1.812948
33271503 1.813009
33267985 1.813136
33267618 1.813193
33266068 1.813211
33188768 1.813219
33113849 1.813381
33113817 1.813465
33101433 1.813726
33065902 1.813738
33065701 1.813745
33055435 1.813751
33046611 1.813765
33024285 1.813773
33021944 1.813781
33018150 1.813785
33017035 1.813806
33012716 1.816890
33012065 1.816922
33008716 1.816971
33006861 1.816983
33006850 1.817137
33004024 1.817496
33003134 1.817787
32996974 1.817796
32993479 1.818042
32975293 1.818121
32965364 1.818300
32963669 1.818310
32961039 1.819152
32960132 1.822039
32958990 1.822466
32957524 1.823370
32954146 1.823375
32952748 1.823599
32952558 1.823691
32950587 1.823711
32948084 1.823810
32946677 1.824790
32939179 1.824976
32939048 1.826494
32937399 1.826539
32935684 1.826836
32934515 1.826858
32913727 1.826863
32912157 1.827026
32906586 1.827572
32904009 1.828166
32899976 1.828219
32899490 1.828335
32899266 1.828339
32899206 1.828477
32894680 1.828835
32892148 1.828841
32891608 1.829434
32891490 1.829741
32890801 1.830170
32885527 1.830177
32881395 1.830181
32875610 1.830186
32782974 1.830306
32764984 1.830383
32757804 1.830388
32756297 1.830431
32755567 1.830435
32755366 1.830458
32742914 1.832642
32742104 1.832678
32741873 1.833089
32737434 1.833544
32737141 1.854498
32735769 1.866122
32734814 1.874660
32734389 1.874680
32730952 1.875525
32725341 1.881770
32720138 1.887233
32719088 1.893670
32718163 1.893678
32716706 1.893758
32716532 1.900654
32716182 1.901156
32714577 1.904324
32713841 1.906029
32713168 1.906065
32712180 1.906118
32712135 1.906124
32711162 1.906137
32710938 1.906158
32706755 1.906204
32706695 1.906283
32701161 1.906605
32699632 1.906610
32688706 1.907683
32686650 1.916373
32685816 1.917934
32678301 1.923811
32677732 1.924015
32677381 1.925700
32676643 1.927249
32675318 1.929520
32675275 1.932735
32674711 1.932748
32673738 1.932753
32673387 1.932812
32673043 1.937883
32670413 1.938078
32669924 1.939517
32669136 1.941441
32668752 1.941877
32664206 2.219141
32663482 2.219297
32654782 2.220969
32654321 2.504186
32648580 2.559574
32648478 2.573252
32646353 2.888735
32645637 2.888791
32644281 2.888889
32643586 2.889518
32642843 2.889826
32642765 2.906335
32637832 2.943089
32637668 2.981400
32634636 3.059854
32632441 3.174581
32632075 8.415395
32631140 14.050281
32631140 614.050286
