PROBLEM_FILE = /tmp/tsp/6527.tmp/example.tmp
67996384 1.743216
67849703 1.743243
67825790 1.743248
67816260 1.743252
67813887 1.743256
67813711 1.743270
67681523 1.743281
67671751 1.743291
67665062 1.743296
67648638 1.743299
67639574 1.743303
67635973 1.743308
67626499 1.743311
67606654 1.743316
67596749 1.743319
67482013 1.743327
67452025 1.743343
67375773 1.743348
67368606 1.743357
67352350 1.743368
67344571 1.743372
67327021 1.743380
67232850 1.743394
67218090 1.743402
67184342 1.743407
67159792 1.743410
67071436 1.743424
67066028 1.743427
66846531 1.743439
66810018 1.743447
66799511 1.743462
66797102 1.743472
66794685 1.743476
66756238 1.743480
66717718 1.743489
66714604 1.743493
66678855 1.743496
66672458 1.743511
66662927 1.743515
66647311 1.743518
66612115 1.743530
66593020 1.743535
66582974 1.743555
66580047 1.743570
66555576 1.743581
66538932 1.743585
66534614 1.743597
66497069 1.743600
66471999 1.743604
66456218 1.743612
66433558 1.743615
66410621 1.743621
66388709 1.743629
66310227 1.743643
66309569 1.743651
66280842 1.743656
66215239 1.743670
66178895 1.743673
66061125 1.743685
65993976 1.743695
65954464 1.743707
65874963 1.743713
65871890 1.743716
65782780 1.743735
65741846 1.743742
65714978 1.743751
65679342 1.743756
65614695 1.743760
65599857 1.743763
65573840 1.743768
65564631 1.743775
65559146 1.743780
65536839 1.743787
65514073 1.743791
65511102 1.743807
65473780 1.743812
65470590 1.743815
65463977 1.743819
65409050 1.743828
65322441 1.743833
65279501 1.743837
65274102 1.743841
65204024 1.743851
65177243 1.743855
65174345 1.743858
65131480 1.743862
65090996 1.743877
65084990 1.743882
65050161 1.743885
65046578 1.743890
64969252 1.743903
64951332 1.743916
64943241 1.743931
64937412 1.743942
64936324 1.743953
64789411 1.743968
64789408 1.743972
64776253 1.743976
64747471 1.743991
64746601 1.743999
64740737 1.744003
64687246 1.744007
64684131 1.744011
64668032 1.744015
64644681 1.744019
64605578 1.744026
64556906 1.744042
64522778 1.744045
64488524 1.744054
64486810 1.744058
64471474 1.744061
64452760 1.744064
64452386 1.744068
64411103 1.744081
64357003 1.744088
64326406 1.744095
64321290 1.744102
64282829 1.744106
64279704 1.744110
64259964 1.744115
64207215 1.744121
64206588 1.744124
64006339 1.744134
63988413 1.744146
63988400 1.744149
63896590 1.744156
63821366 1.744163
63807252 1.744186
63802792 1.744194
63794219 1.744203
63783295 1.744207
63761773 1.744222
63729184 1.744226
63726739 1.744235
63708226 1.744239
63702478 1.744243
63669653 1.744252
63668521 1.744257
63623728 1.744262
63573572 1.744273
63488308 1.744288
63448984 1.744292
63280043 1.744310
63141740 1.744315
63133486 1.744323
63060620 1.744341
62989535 1.744345
62988250 1.744348
62950512 1.744352
62944313 1.744356
62904908 1.744365
62902289 1.744371
62846085 1.744379
62834855 1.744391
62747908 1.744398
62743241 1.744403
62669002 1.744407
62593623 1.744424
62570999 1.744430
62479262 1.744438
62439515 1.744442
62380910 1.744447
62270114 1.744456
62268554 1.744459
62173805 1.744470
62130225 1.744481
62081178 1.744485
62060690 1.744518
62036625 1.744523
61986280 1.744532
61889112 1.744536
61580606 1.744549
61577413 1.744562
61572107 1.744566
61545282 1.744572
61538469 1.744578
61512682 1.744582
61493535 1.744586
61486267 1.744596
61466619 1.744600
61398916 1.744607
61227246 1.744619
61219877 1.744622
61188076 1.744636
61151995 1.744647
61143350 1.744651
60989013 1.744661
60896148 1.744665
60860687 1.744675
60825581 1.744686
60810111 1.744720
60713428 1.744727
60571759 1.744730
60380769 1.744736
60362701 1.744739
60166786 1.744747
60149398 1.744754
60122156 1.744758
60062677 1.744766
60032254 1.744770
60012946 1.744776
60003085 1.744781
59988342 1.744784
59984834 1.744791
59970875 1.744795
59969124 1.744798
59966287 1.744810
59954191 1.744820
59858529 1.744829
59826843 1.744833
59790169 1.744836
59788883 1.744842
59766674 1.744852
59750820 1.744858
59742358 1.744865
59718529 1.744888
59701786 1.744901
59698948 1.744909
59689341 1.744923
59679274 1.744948
59674576 1.744952
59647925 1.744959
59568863 1.744964
59526120 1.744982
59506600 1.744989
59503460 1.744998
59500469 1.745008
59499781 1.745013
59496205 1.745020
59494631 1.745025
59478766 1.745029
59401449 1.745037
59393423 1.745049
59379745 1.745052
59371080 1.745055
59335635 1.745060
59331953 1.745064
59326524 1.745071
59282719 1.745078
59268209 1.745094
59173315 1.745102
59169357 1.745109
59160886 1.745114
59104663 1.745126
59090959 1.745136
59009846 1.745142
58988626 1.745158
58971025 1.745162
58935349 1.745165
58931461 1.745168
58915091 1.745175
58903742 1.745181
58869992 1.745189
58615498 1.745203
58475393 1.745210
58448748 1.745222
58325031 1.745233
58278005 1.745244
58237606 1.745248
58180539 1.745255
58173084 1.745262
58170934 1.745267
58164050 1.745279
58076028 1.745286
58075902 1.745290
58063844 1.745306
58052009 1.745312
58046101 1.745317
57989350 1.745335
57986675 1.745339
57974612 1.745351
57940368 1.745359
57860733 1.745368
57822911 1.745375
57802292 1.745381
57785651 1.745408
57723301 1.745413
57704813 1.745417
57613520 1.745431
57610471 1.745435
57592280 1.745445
57592183 1.745448
57580389 1.745451
57574462 1.745465
57567390 1.745472
57551230 1.745490
57545543 1.745493
57507180 1.745498
57477095 1.745510
57423995 1.745518
57289273 1.745522
57115591 1.745530
57103818 1.745534
57098074 1.745548
57057256 1.745553
57036159 1.745560
57030454 1.745564
57021714 1.745567
57018665 1.745570
57009490 1.745578
56987836 1.745585
56981007 1.745589
56958416 1.745592
56956881 1.745596
56876211 1.745609
56862769 1.745629
56851235 1.745635
56842106 1.745639
56764638 1.745652
56711064 1.745661
56605883 1.745676
56602719 1.745682
56574457 1.745689
56560562 1.745699
56449387 1.745704
56446515 1.745715
56415843 1.745721
56412824 1.745725
56403761 1.745731
56313047 1.745743
56294574 1.745746
56291483 1.745750
56287183 1.745757
56278483 1.745762
56033675 1.745770
56017435 1.745784
56009055 1.745789
55990629 1.745796
55972905 1.745799
55954260 1.745811
55946933 1.745821
55938152 1.745824
55930925 1.745847
55930299 1.745851
55896158 1.745859
55891407 1.745867
55889199 1.745871
55820183 1.745878
55811848 1.745883
55767389 1.745915
55738182 1.745921
55654385 1.745936
55590168 1.745945
55571270 1.745954
55567777 1.745959
55546723 1.745974
55507775 1.745997
55492376 1.746010
55450982 1.746036
55225076 1.746043
55212465 1.746047
55185110 1.746056
55182212 1.746076
55163279 1.746080
55131231 1.746084
55107951 1.746095
55097387 1.746100
55072018 1.746114
54980286 1.746119
54929546 1.746128
54925483 1.746141
54878082 1.746146
54779004 1.746152
54770693 1.746156
54736190 1.746162
54726481 1.746166
54719892 1.746179
54707420 1.746187
54694835 1.746196
54665975 1.746200
54558407 1.746212
54551527 1.746221
54549365 1.746241
54545052 1.746248
54529527 1.746255
54499741 1.746259
54498946 1.746264
54463938 1.746286
54421803 1.746290
54408179 1.746299
54386889 1.746302
54322639 1.746308
54313360 1.746323
54295481 1.746333
54266389 1.746339
54232863 1.746347
54206666 1.746354
54177076 1.746374
54143254 1.746379
54140918 1.746384
54138226 1.746392
54106970 1.746396
54095413 1.746400
54095240 1.746478
54082701 1.746497
53992145 1.746506
53955852 1.746510
53947557 1.746513
53946468 1.746522
53921104 1.746537
53914975 1.746541
53903139 1.746544
53869677 1.746547
53833014 1.746557
53827098 1.746571
53821124 1.746574
53815859 1.746577
53806873 1.746581
53797568 1.746584
53753877 1.746595
53742813 1.746598
53730848 1.746605
53717175 1.746608
53653288 1.746616
53588188 1.746622
53539841 1.746626
53507501 1.746632
53488347 1.746635
53482349 1.746641
53481491 1.746644
53475117 1.746652
53474431 1.746660
53466257 1.746663
53386607 1.746684
53380397 1.746688
53366236 1.746693
53354753 1.746697
53349001 1.746705
53342531 1.746709
53342476 1.746747
53329498 1.746751
53325520 1.746754
53318241 1.746757
53312841 1.746761
53312389 1.746772
53311282 1.746791
53290336 1.746805
53274159 1.746824
53274158 1.746831
53264497 1.746834
53263810 1.746853
53240441 1.746859
53172974 1.746868
53162583 1.746875
53159273 1.746878
53128108 1.746885
53114256 1.746940
53095622 1.746944
53050453 1.746948
53032009 1.746958
53031646 1.746964
53026237 1.746977
52998405 1.746981
52993699 1.746989
52985009 1.746994
52976936 1.747001
52947751 1.747009
52941053 1.747017
52922652 1.747022
52911821 1.747025
52898042 1.747030
52893058 1.747033
52868477 1.747037
52688045 1.747046
52672306 1.747059
52631419 1.747070
52610758 1.747073
52598759 1.747078
52594885 1.747084
52571608 1.747091
52541741 1.747094
52505035 1.747101
52368324 1.747113
52351307 1.747117
52336350 1.747120
52315039 1.747132
52301150 1.747145
52277900 1.747152
52255076 1.747156
52254305 1.747186
52247718 1.747190
52242829 1.747196
52221991 1.747210
52189115 1.747215
52163592 1.747223
52122299 1.747230
52113230 1.747234
52071532 1.747239
52034074 1.747243
51964768 1.747247
51961080 1.747264
51953834 1.747272
51869687 1.747278
51844404 1.747286
51782689 1.747294
51780606 1.747297
51771876 1.747300
51759091 1.747314
51696444 1.747319
51689948 1.747324
51580621 1.747328
51398224 1.747333
51372362 1.747337
51358225 1.747343
51341331 1.747350
51331635 1.747367
51330099 1.747386
51326863 1.747390
51319513 1.747406
51316211 1.747411
51279984 1.747424
51273810 1.747435
51269940 1.747442
51265754 1.747446
51229395 1.747452
51133017 1.747472
51120038 1.747476
51106768 1.747482
51071353 1.747485
51046596 1.747489
51017210 1.747498
50898566 1.747512
50856664 1.747522
50839646 1.747596
50820889 1.747600
50806543 1.747646
50796099 1.747651
50793237 1.747674
50788439 1.747677
50751230 1.747686
50739443 1.747690
50727306 1.747693
50721626 1.747707
50691051 1.747711
50541090 1.747717
50536384 1.747721
50533993 1.747731
50432751 1.747740
50369496 1.747749
50236926 1.747755
50224229 1.747758
50215466 1.747763
50176120 1.747767
50150127 1.747793
50148732 1.747805
50117413 1.747809
50111378 1.747813
50099797 1.747816
50099358 1.747819
50022828 1.747823
50018841 1.747833
49846737 1.747841
49834454 1.747845
49812190 1.747857
49807049 1.747860
49791849 1.747870
49790290 1.747879
49755408 1.747883
49749921 1.747889
49732271 1.747901
49645098 1.747909
49629397 1.747913
49614192 1.747922
49606350 1.747928
49604452 1.747931
49527120 1.747934
49497289 1.747938
49471971 1.747948
49421668 1.747952
49407026 1.747964
49366258 1.747968
49351392 1.747971
49304871 1.747975
49304163 1.747978
49275770 1.747983
49267056 1.747986
49235241 1.747992
49212971 1.748001
49208898 1.748008
49194980 1.748013
49192538 1.748021
49188071 1.748032
49174030 1.748035
49159254 1.748039
49146191 1.748053
49137596 1.748058
49044354 1.748068
49038847 1.748074
49021921 1.748079
49016222 1.748082
48993473 1.748085
48918182 1.748092
48915386 1.748096
48887938 1.748099
48880080 1.748102
48854080 1.748111
48810556 1.748124
48761947 1.748135
48714516 1.748208
48714087 1.748211
48712840 1.748243
48710947 1.748246
48696063 1.748250
48625062 1.748267
48604154 1.748276
48534883 1.748284
48532242 1.748294
48470723 1.748307
48470201 1.748315
48387312 1.748323
48370246 1.748327
48337193 1.748330
48332365 1.748349
48327898 1.748353
48326906 1.748358
48300849 1.748464
48298361 1.748468
48298047 1.748472
48293484 1.748482
48287296 1.748486
48278701 1.748491
48273370 1.748513
48153433 1.748527
48151467 1.748552
48093127 1.748564
48091641 1.748586
48043885 1.748590
48040812 1.748593
47990166 1.748596
47859924 1.748603
47855580 1.748613
47838184 1.748617
47835061 1.748620
47803728 1.748623
47799652 1.748626
47794624 1.748644
47763162 1.748648
47698219 1.748687
47694318 1.748692
47686835 1.748704
47670542 1.748707
47659163 1.748713
47655587 1.748720
47640184 1.748739
47634976 1.748752
47630296 1.748764
47629925 1.748775
47626732 1.748781
47596643 1.748786
47575286 1.748791
47565621 1.748794
47550580 1.748805
47505548 1.748821
47485534 1.748830
47482542 1.748834
47343293 1.748843
47324626 1.748852
47306309 1.748856
47301120 1.748860
47291437 1.748865
47286610 1.748868
47286147 1.748873
47279478 1.748876
47272272 1.748879
47270064 1.748887
47266306 1.748891
47235168 1.748900
47226479 1.748905
47219441 1.748916
47202645 1.748920
47188122 1.748925
47132830 1.748929
47115996 1.748933
47093428 1.748936
47056802 1.748940
47010101 1.748947
46968569 1.748951
46920017 1.748960
46914601 1.748964
46912958 1.748968
46860733 1.748977
46828983 1.748992
46548747 1.749003
46542995 1.749013
46539858 1.749030
46526584 1.749034
46518343 1.749041
46469690 1.749049
46318560 1.749053
46193734 1.749058
46143156 1.749066
46125152 1.749076
46121904 1.749082
46035741 1.749092
46035123 1.749099
45997776 1.749111
45974949 1.749121
45892128 1.749125
45864262 1.749129
45785609 1.749137
45762701 1.749141
45742996 1.749147
45712757 1.749150
45657428 1.749160
45650239 1.749164
45637283 1.749181
45609594 1.749187
45592992 1.749205
45569132 1.749209
45561312 1.749212
45537137 1.749216
45508998 1.749232
45475529 1.749242
45459705 1.749246
45417754 1.749253
45389795 1.749258
45343657 1.749267
45327328 1.749275
45292773 1.749279
45050369 1.749297
45036552 1.749301
45009984 1.749313
45004300 1.749325
44994494 1.749329
44968509 1.749341
44965522 1.749346
44950332 1.749349
44932817 1.749354
44925651 1.749360
44921365 1.749367
44896544 1.749373
44892693 1.749382
44891597 1.749386
44816319 1.749396
44812266 1.749408
44803029 1.749421
44798896 1.749425
44753716 1.749455
44728125 1.749470
44705307 1.749474
44659369 1.749480
44642817 1.749490
44622582 1.749497
44567823 1.749511
44528338 1.749521
44516188 1.749525
44452248 1.749528
44341922 1.749545
44335735 1.749565
44323609 1.749579
44320348 1.749587
44293831 1.749590
44285345 1.749594
43671809 1.749609
43645542 1.749615
43642983 1.749618
43591977 1.749629
43585582 1.749647
43572619 1.749657
43571653 1.749661
43560660 1.749664
43541261 1.749667
43540913 1.749684
43531406 1.749690
43461608 1.749696
43455371 1.749699
43454856 1.749702
43453067 1.749710
43446396 1.749714
43376957 1.749725
43375156 1.749766
43368208 1.749777
43358104 1.749796
43309445 1.749812
43283768 1.749815
43277991 1.749841
43276209 1.749845
43260113 1.749848
43223924 1.749851
43054061 1.749861
43018002 1.749864
42981720 1.749877
42974478 1.749882
42901350 1.749900
42871429 1.749905
42868067 1.749908
42860090 1.749911
42803571 1.749921
42802060 1.749925
42788424 1.749929
42761349 1.749933
42756349 1.749936
42694325 1.749939
42688186 1.749942
42680583 1.749953
42672500 1.749962
42656728 1.749975
42537272 1.749986
42496825 1.749990
42490205 1.749996
42477329 1.750000
42433045 1.750003
42410215 1.750024
42408463 1.750030
42370321 1.750037
42369846 1.750099
42354372 1.750104
42327827 1.750108
42309846 1.750112
42302280 1.750119
42223321 1.750132
42222219 1.750138
42211230 1.750166
42180686 1.750227
42138935 1.750231
42133538 1.750236
42131985 1.750240
42102243 1.750243
42081550 1.750289
42029938 1.750295
42015806 1.750324
42015107 1.750328
41979383 1.750392
41959310 1.750398
41945311 1.750403
41930671 1.750431
41864226 1.750441
41856984 1.750447
41838120 1.750451
41832393 1.750462
41831978 1.750468
41825074 1.750478
41807454 1.750489
41802325 1.750527
41789853 1.750531
41789793 1.750536
41786956 1.750539
41784008 1.750543
41776905 1.750555
41766079 1.750573
41740038 1.750578
41693950 1.750606
41687238 1.750617
41679739 1.750621
41673324 1.750627
41605301 1.750632
41595730 1.750636
41580327 1.750655
41577754 1.750670
41560593 1.750681
41556850 1.750693
41552409 1.750697
41549543 1.750702
41516424 1.750719
41512748 1.750840
41510202 1.750846
41508281 1.750860
41507862 1.750863
41488445 1.750866
41478883 1.750874
41469298 1.750878
41397002 1.750882
41394732 1.750916
41383352 1.750919
41379245 1.750926
41372039 1.750933
41352604 1.750989
41333386 1.750994
41316688 1.750998
41312995 1.751006
41307786 1.751015
41306086 1.751059
41299022 1.751065
41235515 1.751081
41235078 1.751094
41233518 1.751098
41232673 1.751105
41227669 1.751113
41219589 1.751129
41204020 1.751135
41201910 1.751178
41175138 1.751195
41168904 1.751199
41110551 1.751209
41108163 1.751228
41095827 1.751241
41060732 1.751315
41047715 1.751400
41042110 1.751419
41036943 1.751429
41025251 1.751448
41010631 1.751452
41007543 1.751536
40994658 1.751544
40987085 1.751557
40965470 1.751561
40920619 1.751564
40918355 1.751572
40890487 1.751579
40876189 1.751583
40873713 1.751587
40825607 1.751622
40807521 1.751634
40801489 1.751639
40790693 1.751643
40790363 1.751649
40774141 1.751658
40761706 1.751662
40760974 1.751667
40729977 1.751673
40603693 1.751677
40603261 1.751692
40601154 1.751698
40596848 1.751727
40366302 1.751731
40361942 1.751739
40359499 1.751743
40345049 1.751746
40330245 1.751757
40325452 1.751763
40321324 1.751766
40320985 1.751790
40313318 1.751798
40306227 1.751803
40204160 1.751815
40203006 1.751819
40194975 1.751838
40178749 1.751862
40131164 1.751874
40127094 1.751905
40119190 1.751935
40072321 1.751942
40034914 1.751946
40028713 1.751956
40000985 1.751966
39999266 1.751970
39992530 1.752019
39968615 1.752023
39967501 1.752072
39959277 1.752101
39917943 1.752106
39885275 1.752148
39877755 1.752167
39876111 1.752189
39874963 1.752194
39867343 1.752199
39840778 1.752202
39799031 1.752206
39787607 1.752213
39774771 1.752218
39684949 1.752225
39229047 1.752285
39228129 1.752289
39222787 1.752293
39217525 1.752373
39197702 1.752377
39163276 1.752391
38981932 1.752410
38961997 1.752423
38940419 1.752437
38936588 1.752442
38927970 1.752445
38875894 1.752458
38874473 1.752464
38871177 1.752484
38865053 1.752515
38693421 1.752523
38685349 1.752676
38684936 1.752696
38682292 1.752721
38649447 1.752729
38648281 1.753033
38645887 1.753302
38639596 1.753307
38628822 1.753330
38621746 1.753848
38618870 1.753857
38617039 1.753939
38611872 1.753944
38610092 1.753952
38608073 1.754204
38599183 1.754235
38582704 1.754239
38572162 1.754251
38564790 1.754259
38513004 1.754265
38512835 1.754268
38504993 1.754277
38495037 1.754281
38486109 1.754284
38476876 1.754327
38444937 1.754333
38435042 1.754336
38410571 1.754367
38403328 1.754374
38401503 1.754377
38394580 1.754387
38391293 1.754424
38385412 1.754437
38381203 1.754446
38368543 1.754469
38361613 1.754477
38355173 1.754483
38338737 1.754487
38319580 1.754492
38314915 1.754527
38287758 1.754579
38285047 1.754583
38281841 1.754586
38208582 1.754594
38188727 1.754640
38164998 1.754674
38159491 1.754678
38157110 1.754687
38014507 1.754694
37997299 1.754702
37981812 1.754706
37977248 1.754743
37976769 1.754747
37966963 1.754754
37933118 1.754757
37899361 1.754761
37894216 1.754768
37889263 1.754789
37882822 1.754795
37879987 1.754903
37871081 1.754910
37819607 1.754920
37792622 1.754925
37693566 1.754930
37651559 1.754935
37647534 1.754949
37536971 1.755156
37533474 1.755161
37527464 1.755195
37512600 1.755205
37508314 1.755211
37448095 1.755249
37444662 1.755266
37438158 1.755298
37436795 1.755310
37433959 1.755315
37424610 1.755319
37370295 1.755348
37359386 1.755352
37315948 1.755375
37315693 1.755397
37305366 1.755405
37262247 1.755412
37254056 1.755415
37244054 1.755458
37241116 1.755464
37233136 1.755494
37175855 1.755523
37170717 1.755626
37101920 1.755634
37088822 1.755644
37083492 1.755818
37079307 1.755824
37072203 1.755831
37063609 1.755836
37047817 1.755842
37007397 1.755846
36999445 1.755852
36983295 1.755892
36970040 1.755898
36968132 1.755912
36960365 1.755916
36951343 1.755925
36939576 1.755951
36932080 1.755996
36930338 1.756017
36923514 1.756391
36920310 1.756484
36919976 1.756518
36916990 1.756537
36853654 1.756548
36841134 1.756688
36836110 1.756695
36833005 1.756701
36817640 1.756706
36790105 1.756758
36789197 1.756948
36788439 1.756994
36787614 1.757001
36787485 1.757006
36765264 1.757034
36761862 1.757097
36758767 1.757118
36755088 1.757134
36751347 1.757142
36745995 1.757165
36745382 1.757263
36744562 1.757270
36744500 1.757274
36741058 1.757277
36733780 1.757281
36733518 1.757286
36732814 1.757291
36729473 1.757315
36703303 1.757334
36701226 1.757369
36649978 1.757382
36649912 1.757408
36649546 1.757427
36646890 1.757482
36640838 1.757529
36640641 1.757577
36635333 1.757583
36601647 1.757586
36599173 1.757595
36586482 1.757607
36567263 1.757628
36566062 1.757639
36565456 1.757702
36561451 1.757753
36553628 1.757795
36483705 1.757804
36482129 1.757809
36479252 1.757839
36477410 1.757845
36471338 1.757860
36459369 1.757872
36453823 1.757876
36360727 1.757923
36353543 1.757928
36340390 1.757957
36333414 1.757990
36327027 1.758008
36319545 1.758012
36297102 1.758035
36283793 1.758038
36282888 1.758065
36279374 1.758194
36271995 1.758205
36269419 1.758218
36244040 1.758228
36242799 1.758255
36238031 1.758306
36210352 1.758312
36197649 1.758373
36193464 1.758424
36192684 1.758532
36181473 1.758555
36181014 1.758652
36176953 1.758656
36172123 1.758677
36171048 1.758719
36150856 1.758724
36141111 1.758796
36113421 1.758857
36103447 1.758866
36099984 1.758870
36098341 1.758878
36096507 1.758884
36089758 1.758908
36087792 1.758974
36083528 1.758986
36082097 1.759146
36072353 1.759219
36068506 1.759276
36066439 1.759289
36064000 1.759295
36059957 1.759435
35928736 1.759894
35923437 1.759907
35919445 1.760111
35915934 1.760138
35913021 1.760144
35897741 1.760169
35894405 1.760181
35886988 1.760188
35825640 1.760253
35825353 1.760381
35823560 1.760560
35817845 1.760629
35816509 1.760634
35815269 1.760638
35814879 1.760642
35814758 1.760645
35796457 1.760649
35789344 1.760657
35785595 1.760679
35783892 1.760689
35781127 1.760693
35758751 1.760699
35743546 1.760708
35732278 1.760712
35728107 1.760720
35728097 1.760726
35727121 1.760755
35718390 1.760793
35716611 1.760801
35713439 1.760804
35713424 1.760835
35700818 1.761062
35660868 1.761088
35658507 1.761138
35655069 1.761147
35654390 1.761151
35650648 1.761262
35646531 1.761272
35627011 1.761283
35603616 1.761287
35599805 1.761293
35595838 1.761300
35586644 1.761355
35584093 1.761425
35579038 1.761448
35577651 1.761484
35570145 1.761498
35555935 1.761502
35549917 1.761515
35547254 1.761522
35520129 1.761541
35517203 1.761545
35465940 1.761553
35463452 1.761576
35428527 1.761581
35414807 1.761589
35412987 1.761672
35373535 1.761726
35369123 1.761737
35361566 1.761761
35357411 1.761767
35356079 1.761984
35347456 1.762035
35341947 1.762099
35339952 1.762275
35329238 1.762291
35323381 1.762301
35320046 1.762308
35317064 1.762324
35316339 1.762514
35311501 1.762522
35307140 1.762637
35305164 1.762643
35299968 1.762710
35298971 1.762720
35288429 1.762839
35278932 1.762874
35267480 1.762883
35261544 1.762906
35257019 1.762935
35254980 1.762946
35248007 1.762953
35246482 1.762957
35217624 1.762977
35202535 1.762980
35195786 1.762984
35194188 1.763073
35189957 1.763087
35183266 1.763092
35181765 1.763129
35171870 1.763164
35169239 1.763170
35119680 1.763216
35053039 1.763259
35020900 1.763275
35020460 1.763283
35012182 1.763301
35009779 1.763309
35009556 1.763322
35007896 1.763349
35005494 1.763354
34998933 1.763531
34992735 1.763536
34985158 1.763541
34977374 1.763550
34971329 1.763562
34958567 1.763584
34950222 1.763602
34949416 1.763611
34946332 1.763619
34925828 1.763623
34923017 1.763641
34915148 1.763662
34859306 1.763680
34806155 1.763759
34805291 1.763765
34801300 1.763776
34800236 1.763804
34798120 1.763821
34779253 1.763826
34769583 1.763831
34763375 1.763864
34762530 1.763984
34742791 1.763989
34724940 1.764104
34722715 1.764130
34716896 1.764135
34671959 1.764193
34655947 1.764200
34655783 1.764398
34628816 1.764402
34622440 1.764406
34621734 1.764427
34603374 1.764438
34593334 1.764476
34584566 1.764481
34577875 1.764505
34544295 1.764598
34543573 1.764623
34533801 1.764630
34531415 1.764635
34528910 1.764642
34525358 1.764660
34513430 1.764665
34508480 1.764674
34503512 1.764702
34487520 1.764707
34485070 1.764860
34482686 1.764882
34478221 1.764953
34477284 1.765003
34442951 1.765133
34438924 1.765170
34427548 1.765178
34425625 1.765446
34424606 1.765496
34404760 1.765505
34400733 1.765713
34398402 1.765867
34392168 1.765935
34391954 1.766047
34389816 1.768945
34389482 1.768952
34389440 1.770909
34385684 1.770923
34384864 1.770937
34363022 1.770971
34251983 1.772212
34248470 1.772253
34247795 1.772261
34233771 1.772302
34233512 1.772482
34216205 1.772499
34212498 1.772503
34211005 1.772510
34184378 1.772519
34182301 1.772523
34177663 1.772529
34161054 1.772532
34159066 1.772546
34153613 1.772556
34147860 1.772572
34138608 1.772581
34138242 1.772619
34137736 1.772863
34132678 1.772957
33963463 1.773315
33960147 1.773369
33953559 1.773403
33935252 1.773420
33843104 1.773427
33749360 1.773453
33731352 1.773468
33718834 1.773472
33718245 1.773477
33715322 1.773511
33711958 1.773538
33693607 1.773545
33682764 1.773625
33681329 1.773921
33676517 1.774117
33662117 1.774171
33654756 1.774178
33645421 1.774280
33645251 1.774285
33643210 1.774292
33633025 1.774299
33631050 1.774333
33628195 1.774347
33625779 1.774352
33624445 1.774379
33623856 1.774388
33621870 1.774525
33620538 1.783195
33619695 1.783234
33615893 1.783265
33613621 1.783276
33610241 1.783286
33609244 1.783291
33589731 1.783405
33586140 1.783424
33583998 1.783432
33577579 1.783479
33575243 1.783483
33564104 1.783489
33563318 1.783621
33552038 1.784008
33550780 1.784014
33550480 1.784087
33497838 1.784216
33476207 1.784222
33459949 1.784851
33458613 1.784986
33453035 1.785004
33442466 1.785013
33434143 1.785038
33433537 1.785068
33432255 1.785122
33411145 1.785292
33406853 1.785301
33404455 1.785322
33402753 1.785450
33401588 1.785755
33400000 1.785896
33294568 1.786000
33292124 1.786236
33291357 1.786257
33288707 1.786351
33281124 1.786821
33264587 1.786828
33262012 1.786832
33256043 1.786836
33231930 1.786840
33227825 1.786846
33216538 1.786864
33210191 1.786877
33200981 1.786881
33189749 1.787044
33168237 1.787227
33166082 1.787613
33164058 1.787757
33163990 1.787878
33160258 1.788042
33158144 1.788308
33130924 1.788314
33104387 1.788346
33103418 1.788351
33097532 1.788520
33093198 1.788686
33090174 1.788691
33086759 1.788700
33086448 1.788832
33085547 1.788860
33083369 1.789814
33083051 1.789821
33083033 1.789883
33045948 1.790116
33039581 1.790185
33030432 1.790190
33024992 1.790198
33018215 1.790237
33016868 1.790265
33013910 1.790349
33010199 1.790716
33005655 1.790748
33004243 1.790823
32985092 1.793302
32961528 1.793308
32958821 1.793312
32950402 1.793415
32944884 1.793423
32941467 1.793462
32938788 1.793475
32938541 1.793735
32914153 1.793741
32913096 1.793745
32911155 1.793788
32910740 1.801247
32908061 1.801255
32903775 1.801273
32896324 1.801988
32894120 1.802574
32893372 1.802582
32890739 1.802655
32870715 1.802729
32869012 1.802770
32867277 1.802910
32863550 1.803671
32861108 1.803700
32853210 1.805332
32847113 1.805425
32834916 1.805567
32825941 1.805960
32824491 1.816433
32822772 1.817223
32820690 1.817332
32820574 1.817375
32812702 1.817451
32812586 1.817458
32811475 1.817793
32811051 1.817799
32810438 1.817914
32809775 1.817976
32809713 1.818024
32807597 1.818086
32805571 1.818102
32804543 1.818950
32803227 1.819067
32802721 1.819072
32800644 1.819076
32799641 1.819092
32799447 1.819207
32797006 1.820339
32795635 1.820376
32794171 1.820422
32790489 1.820490
32784925 1.821374
32784000 1.822150
32780808 1.822178
32771049 1.822212
32769100 1.822505
32764669 1.822532
32761229 1.823302
32758633 1.823727
32757529 1.823919
32757287 1.824304
32755916 1.824326
32754582 1.824455
32753993 1.824465
32742510 1.824541
32734564 1.824545
32725768 1.824972
32717822 1.824977
32717765 1.825364
32717355 1.825744
32708926 1.825952
32707501 1.825974
32705525 1.826373
32704620 1.826568
32703976 1.826792
32702023 1.829285
32699806 1.838968
32699745 1.839240
32699445 1.839778
32697330 1.839788
32688662 1.841191
32681712 1.842388
32675784 1.843330
32673563 1.843777
32673177 1.844445
32672471 1.845028
32668935 1.845033
32667293 1.846218
32653496 1.846308
32651738 1.847720
32648432 1.848243
32647053 1.848248
32646516 1.848267
32645360 1.848367
32644139 1.848542
32637578 1.858072
32635004 1.866427
32632607 1.868070
32630914 1.868086
32627676 1.877615
32623213 1.877655
32621653 1.877659
32619112 1.877664
32617514 1.877685
32616140 1.877692
32611044 1.878085
32602253 1.878370
32598650 1.878387
32595967 1.878796
32595885 1.880554
32595222 1.880815
32593355 1.881499
32585835 1.884462
32582781 1.884471
32579890 1.884535
32573352 1.884553
32567551 1.884653
32567461 1.884703
32566937 1.884782
32563885 1.884786
32560962 1.884790
32556636 1.884909
32553395 1.895589
32550965 1.898768
32550894 1.901738
32550791 2.001678
32548598 2.069872
32547767 2.083542
32546358 2.083724
32544025 2.085706
32535485 2.086251
32530665 2.137286
32529918 2.464070
32529381 2.464085
32528531 5.343479
32525047 5.343505
32523589 5.382133
32522941 5.760964
32522001 6.335117
32521949 6.962805
32521649 6.962833
32521649 606.962938
