PROBLEM_FILE = /tmp/tsp/8854.tmp/example.tmp
68279588 1.729908
68277837 1.729936
68253085 1.729941
68244099 1.729944
68180598 1.729949
68179470 1.729953
68152589 1.729957
68139961 1.729960
68131397 1.729963
68126845 1.729967
68101314 1.729970
68095343 1.729974
68091526 1.729982
68032046 1.729995
67909554 1.729999
67855675 1.730007
67796201 1.730011
67745042 1.730017
67740466 1.730026
67639490 1.730037
67625174 1.730041
67609368 1.730052
67586135 1.730055
67486787 1.730059
67465014 1.730072
67439170 1.730076
67435596 1.730081
67279669 1.730085
67267630 1.730088
67158711 1.730095
67104889 1.730099
67079359 1.730107
67074275 1.730119
67061855 1.730128
67059675 1.730131
67046009 1.730142
67041746 1.730150
67034719 1.730154
66962561 1.730158
66933734 1.730165
66532462 1.730171
66527469 1.730179
66483155 1.730183
66434570 1.730191
66420439 1.730200
66353019 1.730209
66275287 1.730216
66236248 1.730224
66181309 1.730228
66046104 1.730241
66029351 1.730245
65798719 1.730257
65669504 1.730273
65665423 1.730282
65642557 1.730293
65594704 1.730302
65543907 1.730310
65533322 1.730324
65522336 1.730345
65464136 1.730351
65384622 1.730355
65352562 1.730363
65330630 1.730367
65296073 1.730370
65287901 1.730373
65287388 1.730382
65143584 1.730388
65142863 1.730397
65127713 1.730400
65120940 1.730406
65032210 1.730411
64973815 1.730417
64953327 1.730420
64951328 1.730424
64913530 1.730429
64906984 1.730433
64816795 1.730437
64808579 1.730440
64748616 1.730446
64675301 1.730453
64597935 1.730467
64576873 1.730479
64573953 1.730482
64542474 1.730493
64530435 1.730498
64522335 1.730501
64518169 1.730505
64505669 1.730522
64453229 1.730531
64438351 1.730541
64438123 1.730549
64391303 1.730559
64385933 1.730563
64381416 1.730567
64373675 1.730588
64298556 1.730598
64297423 1.730602
64286152 1.730606
64283328 1.730609
64264427 1.730615
64256594 1.730630
64247879 1.730639
64186314 1.730645
64165004 1.730651
64150386 1.730655
64137364 1.730662
64131832 1.730668
64114872 1.730676
64108211 1.730683
64107089 1.730690
64048650 1.730704
63917890 1.730710
63831371 1.730719
63804110 1.730744
63800575 1.730750
63800340 1.730767
63759479 1.730771
63721798 1.730777
63693451 1.730796
63680181 1.730810
63658119 1.730815
63631166 1.730823
63614556 1.730827
63605111 1.730834
63599351 1.730838
63588453 1.730844
63585625 1.730858
63583719 1.730868
63583618 1.730877
63577914 1.730886
63564227 1.730891
63504611 1.730895
63497045 1.730907
63493226 1.730913
63467507 1.730918
63464259 1.730923
63456815 1.730948
63451520 1.730952
63449970 1.730958
63408412 1.730973
63184709 1.730981
63174011 1.730994
63154964 1.730998
63140269 1.731004
63137731 1.731014
63134105 1.731020
63113643 1.731024
63092025 1.731028
63066021 1.731033
63063379 1.731036
62943207 1.731043
62927607 1.731053
62925546 1.731057
62857457 1.731069
62826245 1.731081
62793597 1.731085
62790373 1.731091
62788661 1.731108
62787601 1.731114
62782580 1.731118
62773307 1.731121
62721293 1.731135
62701578 1.731140
62668353 1.731152
62657538 1.731156
62616672 1.731162
62605509 1.731165
62594592 1.731172
62572778 1.731181
62522126 1.731189
62514710 1.731204
62493588 1.731216
62468942 1.731220
62362133 1.731224
62331399 1.731227
62313394 1.731231
62311858 1.731234
62294887 1.731251
62288107 1.731254
62228910 1.731258
62216726 1.731275
62209545 1.731279
62164881 1.731293
61946496 1.731307
61920505 1.731310
61806747 1.731315
61763194 1.731319
61762929 1.731322
61739622 1.731338
61705778 1.731354
61683457 1.731364
61614356 1.731382
61598299 1.731390
61582394 1.731398
61556415 1.731404
61544902 1.731407
61520771 1.731410
61504491 1.731418
61496249 1.731422
61472706 1.731425
61459637 1.731444
61401197 1.731449
61380793 1.731461
61353010 1.731464
61318644 1.731486
61316961 1.731493
61314672 1.731503
61295756 1.731513
61284691 1.731523
61269676 1.731529
61257967 1.731542
61254149 1.731546
61249843 1.731558
61236311 1.731567
61212267 1.731571
61159537 1.731577
61135945 1.731586
60997422 1.731590
60997031 1.731593
60971462 1.731603
60948509 1.731617
60938583 1.731620
60920370 1.731624
60763448 1.731638
60759933 1.731642
60752774 1.731656
60700260 1.731672
60687005 1.731677
60654636 1.731684
60649772 1.731690
60640761 1.731694
60635796 1.731697
60617170 1.731700
60593327 1.731706
60590319 1.731711
60579148 1.731715
60559688 1.731727
60528293 1.731738
60514243 1.731742
60510132 1.731746
60503335 1.731751
60369672 1.731758
60364808 1.731762
60340449 1.731771
60339458 1.731790
60254303 1.731798
60236419 1.731801
60236216 1.731817
60138489 1.731822
60123492 1.731827
60112243 1.731831
60070787 1.731838
59882332 1.731842
59824704 1.731852
59801499 1.731856
59756759 1.731863
58959916 1.731876
58933725 1.731880
58923828 1.731883
58910448 1.731887
58902869 1.731891
58893694 1.731894
58863163 1.731912
58767981 1.731916
58743737 1.731937
58738126 1.731943
58664695 1.731948
58653248 1.731952
58615691 1.731956
58612500 1.731961
58598799 1.731965
58580771 1.731968
58517914 1.731983
58516345 1.731997
58509687 1.732003
58402504 1.732011
58388668 1.732016
58375603 1.732026
58345106 1.732029
58332947 1.732039
58195066 1.732051
58174455 1.732059
58154770 1.732062
58135356 1.732066
58116182 1.732070
58078650 1.732079
58068600 1.732082
57993115 1.732086
57949148 1.732090
57842863 1.732094
57836891 1.732099
57784657 1.732112
57775294 1.732116
57765738 1.732149
57754472 1.732152
57739555 1.732155
57735709 1.732158
57725559 1.732162
57712714 1.732165
57652320 1.732177
57604668 1.732187
57600020 1.732191
57583157 1.732194
57456806 1.732205
57299988 1.732212
57294544 1.732218
57246623 1.732228
57237828 1.732246
57080501 1.732262
57077644 1.732266
57074211 1.732272
57042515 1.732287
57026320 1.732293
57024096 1.732297
56997483 1.732300
56978821 1.732314
56975176 1.732340
56962951 1.732345
56951239 1.732348
56938464 1.732354
56933188 1.732357
56932514 1.732361
56928277 1.732364
56908705 1.732367
56896380 1.732373
56777708 1.732376
56767671 1.732382
56755534 1.732385
56737308 1.732389
56730454 1.732392
56710407 1.732396
56709883 1.732407
56702379 1.732410
56645865 1.732420
56643738 1.732423
56639087 1.732426
56623526 1.732432
56582478 1.732437
56581265 1.732445
56393868 1.732454
56301003 1.732459
56220379 1.732476
56208167 1.732479
56200991 1.732482
56150285 1.732488
56113074 1.732491
56040217 1.732501
56008958 1.732505
55958541 1.732513
55944538 1.732519
55927737 1.732529
55914182 1.732535
55902246 1.732542
55887385 1.732554
55855674 1.732560
55853717 1.732563
55752537 1.732576
55691020 1.732582
55683734 1.732592
55638137 1.732596
55608034 1.732599
55586075 1.732603
55580166 1.732609
55554972 1.732615
55551661 1.732619
55546231 1.732622
55540049 1.732628
55471345 1.732642
55373241 1.732648
55364737 1.732651
55317557 1.732689
55309743 1.732706
55295742 1.732710
55276702 1.732718
55263003 1.732723
55246029 1.732733
55240750 1.732746
55238722 1.732750
55233501 1.732753
55232937 1.732756
55216462 1.732760
55205815 1.732763
55179767 1.732775
55165064 1.732779
55066584 1.732783
55031472 1.732796
55029198 1.732800
55005236 1.732807
54963182 1.732814
54956013 1.732830
54953448 1.732841
54892502 1.732854
54865225 1.732859
54841003 1.732869
54614223 1.732884
54613416 1.732887
54526473 1.732891
54515943 1.732894
54515746 1.732901
54458430 1.732912
54428385 1.732932
54412323 1.732936
54409394 1.732939
54397763 1.732943
54362431 1.732950
54314087 1.732962
54261399 1.732975
54207237 1.732984
54200598 1.732988
54178818 1.732994
54172227 1.733003
54132286 1.733007
54119380 1.733011
54116649 1.733014
54102303 1.733018
54037164 1.733028
54017766 1.733034
53995519 1.733054
53989110 1.733066
53881181 1.733072
53849296 1.733076
53813986 1.733079
53781957 1.733087
53781479 1.733094
53765524 1.733105
53755854 1.733111
53748030 1.733117
53745320 1.733136
53719728 1.733139
53677772 1.733145
53662196 1.733148
53657522 1.733152
53627064 1.733156
53617057 1.733178
53611514 1.733182
53611248 1.733195
53609088 1.733200
53558039 1.733203
53414697 1.733211
53411289 1.733215
53389650 1.733218
53381070 1.733227
53379967 1.733231
53360211 1.733235
53317468 1.733238
53284570 1.733242
53254050 1.733248
53218448 1.733259
53067474 1.733274
53037713 1.733278
53010436 1.733281
53007900 1.733285
52933818 1.733291
52930639 1.733296
52866496 1.733309
52865756 1.733313
52817826 1.733317
52816138 1.733326
52796201 1.733333
52772450 1.733344
52769592 1.733359
52739027 1.733373
52735117 1.733377
52733111 1.733381
52705533 1.733393
52408480 1.733400
52306421 1.733404
52291890 1.733408
52269733 1.733411
52215229 1.733425
52175693 1.733431
52143852 1.733435
52135983 1.733439
52116468 1.733443
52113826 1.733446
51710761 1.733459
51699707 1.733492
51691261 1.733497
51688740 1.733501
51655919 1.733515
51600457 1.733526
51549314 1.733535
51547444 1.733543
51358182 1.733549
51316137 1.733554
51297665 1.733569
51285633 1.733575
51261094 1.733581
51232716 1.733585
51228943 1.733596
51223213 1.733612
51161783 1.733626
51135331 1.733639
51053146 1.733643
51052872 1.733651
50977515 1.733662
50965814 1.733665
50923970 1.733672
50861710 1.733679
50827459 1.733692
50803727 1.733707
50791098 1.733717
50784886 1.733727
50770716 1.733732
50766369 1.733736
50755177 1.733740
50730777 1.733748
50678597 1.733762
50670990 1.733765
50633778 1.733775
50630205 1.733779
50593628 1.733782
50463686 1.733786
50411242 1.733789
50388245 1.733795
50353355 1.733798
50330194 1.733803
50302173 1.733813
50296774 1.733822
50291443 1.733828
50284318 1.733841
50202093 1.733847
50198365 1.733851
50196567 1.733854
50183655 1.733864
50107703 1.733870
50061921 1.733882
50041878 1.733886
50020529 1.733889
49945123 1.733895
49893897 1.733910
49857508 1.733925
49839164 1.733930
49839088 1.733955
49837561 1.733964
49815459 1.733968
49774458 1.733971
49732922 1.733980
49731070 1.733993
49590050 1.734000
49551978 1.734004
49537568 1.734010
49514704 1.734024
49479121 1.734129
49437610 1.734137
49433334 1.734151
49377837 1.734185
49131170 1.734189
49124994 1.734198
49120342 1.734220
49065986 1.734227
49058110 1.734233
49056578 1.734274
49050850 1.734284
49049957 1.734301
48911478 1.734308
48900832 1.734312
48893319 1.734329
48869319 1.734333
48729185 1.734339
48719311 1.734342
48715295 1.734350
48712713 1.734360
48699858 1.734370
48696498 1.734377
48689607 1.734382
48681070 1.734385
48672369 1.734389
48657343 1.734400
48646282 1.734406
48638337 1.734409
48628334 1.734414
48614412 1.734512
48610194 1.734562
48522281 1.734567
48521679 1.734575
48508801 1.734588
48498943 1.734594
48484235 1.734597
48482575 1.734611
48454223 1.734616
48367870 1.734621
48340275 1.734636
48336735 1.734648
48324168 1.734663
48314945 1.734666
48277626 1.734673
48245869 1.734678
48188615 1.734687
48186774 1.734705
48120093 1.734713
48107766 1.734722
48107492 1.734726
48091029 1.734729
48085221 1.734732
48072483 1.734736
48046589 1.734739
48042452 1.734743
48005188 1.734754
47981505 1.734759
47966294 1.734790
47963397 1.734793
47941050 1.734804
47927611 1.734823
47855957 1.734840
47846242 1.734855
47842566 1.734858
47807270 1.734861
47794427 1.734867
47793017 1.734881
47784046 1.734885
47783760 1.734913
47776846 1.734917
47761850 1.734921
47740428 1.734935
47738725 1.734957
47722662 1.734968
47719961 1.734980
47637730 1.734989
47624874 1.734995
47524090 1.735004
47523678 1.735008
47465157 1.735012
47458775 1.735019
47440088 1.735025
47362340 1.735033
47345532 1.735036
47344271 1.735040
47339297 1.735046
47338829 1.735049
47333134 1.735056
47308456 1.735064
47254063 1.735068
47249877 1.735071
47248042 1.735074
47243951 1.735088
47222631 1.735099
47208670 1.735103
47207105 1.735106
47200600 1.735110
47188805 1.735113
47183702 1.735120
47164897 1.735126
47139870 1.735133
47076022 1.735154
47072164 1.735160
47053562 1.735164
47030820 1.735169
47014005 1.735175
47013063 1.735189
46957415 1.735194
46946734 1.735197
46928333 1.735204
46910689 1.735209
46866338 1.735218
46831673 1.735223
46814221 1.735228
46809991 1.735231
46684902 1.735236
46641053 1.735247
46629701 1.735251
46621930 1.735269
46588040 1.735278
46585906 1.735281
46500351 1.735288
46494506 1.735292
46485171 1.735296
46468104 1.735303
46464684 1.735306
46459390 1.735310
46456499 1.735319
46437141 1.735341
46435090 1.735348
46403076 1.735352
46396187 1.735355
46381528 1.735363
46376621 1.735367
46372141 1.735377
46370078 1.735390
46325914 1.735393
46106161 1.735400
46077569 1.735408
46048677 1.735415
46011419 1.735421
45999073 1.735474
45982312 1.735478
45980016 1.735499
45937301 1.735503
45916965 1.735508
45903176 1.735511
45853532 1.735515
45793284 1.735520
45777238 1.735531
45769532 1.735535
45734507 1.735561
45726807 1.735567
45711661 1.735580
45706304 1.735592
45702628 1.735595
45646335 1.735609
45642034 1.735613
45630753 1.735624
45571772 1.735628
45537829 1.735632
45523928 1.735637
45519353 1.735643
45518165 1.735653
45517497 1.735656
45480280 1.735684
45463739 1.735690
45420121 1.735697
45415868 1.735703
45389014 1.735717
45388002 1.735721
45361423 1.735725
45309665 1.735729
45274113 1.735759
44886294 1.735777
44885978 1.735781
44870075 1.735784
44828868 1.735788
44811941 1.735792
44805119 1.735795
44800413 1.735798
44786706 1.735803
44767782 1.735810
44721468 1.735820
44677803 1.735839
44649638 1.735854
44635492 1.735857
44629897 1.735860
44620354 1.735865
44528518 1.735868
44507315 1.735871
44504032 1.735876
44490962 1.735879
44490216 1.735898
44485848 1.735923
44476541 1.735927
44401539 1.735933
44400369 1.735936
44388507 1.735942
44362476 1.735945
44361625 1.735972
44355762 1.735984
44352775 1.735994
44328089 1.735999
44301951 1.736003
44298997 1.736008
44292115 1.736011
44200112 1.736016
44199797 1.736023
44197660 1.736026
44192760 1.736037
44157046 1.736042
44135173 1.736050
44082139 1.736053
44080290 1.736057
44021289 1.736063
43970040 1.736072
43922487 1.736087
43920536 1.736090
43894940 1.736094
43186384 1.736110
43175728 1.736114
43165706 1.736120
43146913 1.736135
43137398 1.736147
43133870 1.736155
43117242 1.736158
43116323 1.736162
43108917 1.736167
43106233 1.736176
43106218 1.736179
43081095 1.736183
43068881 1.736187
43068368 1.736190
43059565 1.736206
43054264 1.736211
42981206 1.736233
42974065 1.736241
42938611 1.736245
42872839 1.736249
42872337 1.736255
42868800 1.736258
42866080 1.736270
42807031 1.736275
42756560 1.736295
42754571 1.736298
42753143 1.736301
42751363 1.736308
42749083 1.736313
42733364 1.736369
42719368 1.736402
42706619 1.736410
42701212 1.736420
42690041 1.736431
42688701 1.736436
42669984 1.736446
42663330 1.736458
42661990 1.736462
42657464 1.736475
42649038 1.736503
42646311 1.736507
42639569 1.736516
42539577 1.736527
42529005 1.736531
42354741 1.736544
42337765 1.736550
42319730 1.736554
42318556 1.736557
42300345 1.736561
42049145 1.736566
42048984 1.736588
42040044 1.736613
42033497 1.736659
42033289 1.736670
42032061 1.736677
42008968 1.736682
41997917 1.736690
41978223 1.736694
41970524 1.736712
41962731 1.736738
41954266 1.736744
41939508 1.736749
41900758 1.736757
41884879 1.736766
41858283 1.736770
41854283 1.736778
41849908 1.736782
41830853 1.736785
41820371 1.736789
41808444 1.736796
41797883 1.736801
41796536 1.736804
41759913 1.736813
41759414 1.736820
41723846 1.736826
41657901 1.736862
41637520 1.736870
41636076 1.736879
41635731 1.736883
41622333 1.736886
41616214 1.736893
41613382 1.736896
41566124 1.736905
41534716 1.736908
41453967 1.736919
41428766 1.736951
41426435 1.736966
41418240 1.736970
41397418 1.736974
41395777 1.736983
41390063 1.737001
41361953 1.737011
41359413 1.737031
41344347 1.737068
41339905 1.737071
41332249 1.737125
41315772 1.737130
41266500 1.737149
41256921 1.737153
41210405 1.737169
41205003 1.737177
41200638 1.737183
41083788 1.737198
41034386 1.737202
41032338 1.737206
40984248 1.737209
40965473 1.737220
40964830 1.737296
40942629 1.737301
40930429 1.737304
40922191 1.737309
40920317 1.737312
40914058 1.737315
40913151 1.737323
40900350 1.737367
40883863 1.737384
40882151 1.737392
40871416 1.737396
40862697 1.737402
40848853 1.737416
40820770 1.737421
40804581 1.737425
40802777 1.737485
40794863 1.737497
40697653 1.737510
40694209 1.737532
40631675 1.737546
40611165 1.737556
40606917 1.737560
40582210 1.737565
40573991 1.737568
40554870 1.737572
40531031 1.737575
40511376 1.737578
40498828 1.737582
40493916 1.737586
40490194 1.737598
40328824 1.737610
40321524 1.737615
40220615 1.737624
40190624 1.737627
40178300 1.737651
40174651 1.737655
40161293 1.737660
40158722 1.737677
40151717 1.737687
40124824 1.737697
40115983 1.737711
40097054 1.737743
40089268 1.737750
40088126 1.737764
40086723 1.737768
40071314 1.737773
40070286 1.737776
40067372 1.737795
40056046 1.737824
40052002 1.737828
40014046 1.737848
40005865 1.737859
39988198 1.737866
39985240 1.737873
39983259 1.737876
39979422 1.737880
39963748 1.737883
39960130 1.737888
39957394 1.737895
39949709 1.737899
39948871 1.737910
39944559 1.737917
39944282 1.737956
39938867 1.737961
39916268 1.737975
39913074 1.737979
39910026 1.737987
39893424 1.738002
39892430 1.738035
39872792 1.738041
39872139 1.738047
39870201 1.738054
39862389 1.738069
39826747 1.738078
39818429 1.738081
39805996 1.738137
39804269 1.738164
39796618 1.738178
39750520 1.738182
39750172 1.738279
39733913 1.738304
39710475 1.738313
39698365 1.738323
39696556 1.738337
39696015 1.738341
39690540 1.738351
39689887 1.738500
39679890 1.738510
39668850 1.738518
39650148 1.738526
39623177 1.738530
39617917 1.738534
39617561 1.738620
39612855 1.738641
39591252 1.738650
39587801 1.738654
39577582 1.738665
39513422 1.738671
39511697 1.738765
39460352 1.738778
39459919 1.738792
39450764 1.738803
39438958 1.738826
39432410 1.738831
39426099 1.738874
39424271 1.738877
39407886 1.739277
39401867 1.739282
39398321 1.739296
39395632 1.739436
39390324 1.739448
39379526 1.739461
39374488 1.739488
39373863 1.739497
39367923 1.739502
39354121 1.739529
39347370 1.739540
39337596 1.739548
39335131 1.739617
39333412 1.739622
39327088 1.739642
39326849 1.739652
39313620 1.739656
39308522 1.739669
39306137 1.739694
39289761 1.739698
39277993 1.739702
39271664 1.739723
39268409 1.739727
39223110 1.739730
39210507 1.739734
39208329 1.739762
39206687 1.739784
39201716 1.739791
39196948 1.739799
39195552 1.739883
39195280 1.739889
39192602 1.739934
39192141 1.739976
39176087 1.739979
39168187 1.740026
39164744 1.740036
39164245 1.740044
39160310 1.740134
39159785 1.740275
39142047 1.740279
39139250 1.740287
39135528 1.740306
39129031 1.740314
39122066 1.740324
39102697 1.740334
39100125 1.740338
39085751 1.740342
39013622 1.740349
38998570 1.740353
38992504 1.740357
38987384 1.740396
38983233 1.740410
38978312 1.740429
38955040 1.740453
38948301 1.740465
38906555 1.740479
38894652 1.740484
38889378 1.740494
38838174 1.740524
38837421 1.740528
38835927 1.740588
38830478 1.740606
38818639 1.740611
38815971 1.740618
38810944 1.740623
38810785 1.740656
38753278 1.740705
38743723 1.740714
38731667 1.740720
38701499 1.740727
38697048 1.740736
38674690 1.740739
38670528 1.740759
38669656 1.740762
38645818 1.740767
38609468 1.740773
38603887 1.740778
38602498 1.740863
38601991 1.740867
38584853 1.740873
38582021 1.740886
38517427 1.740891
38502695 1.741073
38459400 1.741084
38451796 1.741092
38450299 1.741127
38417486 1.741140
38404475 1.741144
38402263 1.741148
38348406 1.741151
38332102 1.741170
38329408 1.741174
38309777 1.741178
38277569 1.741188
38273818 1.741224
38270791 1.741266
38269194 1.741291
38268926 1.741334
38258544 1.741342
38252905 1.741349
38249044 1.741353
38239008 1.741360
38231691 1.741380
38182356 1.741412
38169647 1.741415
38168569 1.741430
38165012 1.741435
38150203 1.741440
38111414 1.741449
38105567 1.741456
38075413 1.741463
38075261 1.741476
38068486 1.741480
38060920 1.741483
38060683 1.741486
38054613 1.741500
38051845 1.741518
38046591 1.741527
38046541 1.741533
38035280 1.741573
38005952 1.741576
38002333 1.741614
37993960 1.741633
37985479 1.741642
37981534 1.741708
37980364 1.741712
37951214 1.742057
37944726 1.742084
37941969 1.742120
37927878 1.742236
37925337 1.742313
37912136 1.742340
37905588 1.742344
37904302 1.742352
37898936 1.742367
37870579 1.742377
37861319 1.742381
37859580 1.742389
37849392 1.742399
37834279 1.742402
37818579 1.742406
37814553 1.742412
37795300 1.742423
37792330 1.742429
37777312 1.742437
37753733 1.742440
37746949 1.742443
37733736 1.742449
37730820 1.742455
37713917 1.742477
37703770 1.742481
37691658 1.742485
37674557 1.742488
37661228 1.742575
37660783 1.742581
37658551 1.742625
37658482 1.742628
37656973 1.742631
37655193 1.742702
37632259 1.742735
37622926 1.742745
37580566 1.742788
37511884 1.742793
37494940 1.742799
37340013 1.742805
37332331 1.742809
37324391 1.742815
37317178 1.742842
37315102 1.742849
37286328 1.742853
37283661 1.742857
37266084 1.742931
37263507 1.742967
37262319 1.742978
37254498 1.743016
37220579 1.743084
37215202 1.743088
37065384 1.743098
37063494 1.743103
37051363 1.743107
37043994 1.743155
37043751 1.743196
37028467 1.743203
37028344 1.743211
37021909 1.743234
37020784 1.743258
36989473 1.743406
36985016 1.743411
36943793 1.743415
36877824 1.743425
36827828 1.743429
36789718 1.743447
36783818 1.743454
36772816 1.743459
36714755 1.743470
36705991 1.743495
36697536 1.743500
36695348 1.743512
36692812 1.743973
36692253 1.743977
36679458 1.744003
36672807 1.744084
36670573 1.744088
36660034 1.744101
36656714 1.744128
36638917 1.744134
36632672 1.744142
36610859 1.744163
36600905 1.744226
36600067 1.744241
36594753 1.744276
36574981 1.744293
36574948 1.744311
36572850 1.744393
36572281 1.744520
36561678 1.744552
36558919 1.744753
36547077 1.744758
36506540 1.745054
36495200 1.745087
36469816 1.745201
36435055 1.745217
36402984 1.745242
36374289 1.745247
36370201 1.745250
36369693 1.745366
36362772 1.745462
36359394 1.745557
36329781 1.745566
36318818 1.745584
36317282 1.745593
36303283 1.745746
36229123 1.745770
36183170 1.745814
36182810 1.745898
36163854 1.745903
36162945 1.745907
36162465 1.745911
36162245 1.745918
36152714 1.745924
36149164 1.745973
36138760 1.745978
36115863 1.745982
36115642 1.746006
36111795 1.746027
36109633 1.746424
36094437 1.746431
36089882 1.746507
36084382 1.746569
36082758 1.746573
36076910 1.746593
36044310 1.746597
36036587 1.746600
36033442 1.746662
36032840 1.746687
36024726 1.747153
36023528 1.747160
36019008 1.747181
36017574 1.747296
36014772 1.747337
36000553 1.747346
35997548 1.747358
35985380 1.747484
35985055 1.747489
35980907 1.747498
35974874 1.747596
35969857 1.747680
35945561 1.747708
35916598 1.747727
35910752 1.747746
35908195 1.747771
35904144 1.747786
35903952 1.747793
35903733 1.747799
35895328 1.747821
35894825 1.747862
35886487 1.747935
35883558 1.748035
35882805 1.748085
35880018 1.748118
35878513 1.748376
35869976 1.748389
35858252 1.748467
35856439 1.748506
35853774 1.748539
35851629 1.748598
35844537 1.748627
35838941 1.748637
35773857 1.748689
35770289 1.748702
35689129 1.748743
35672094 1.748800
35669475 1.748816
35651905 1.748826
35630468 1.748834
35630401 1.748845
35623213 1.748849
35617997 1.748854
35616991 1.748858
35606167 1.748953
35604722 1.748976
35560213 1.749428
35559353 1.749749
35557897 1.749782
35452938 1.749895
35452639 1.749949
35450485 1.749954
35442513 1.749958
35440788 1.749968
35440643 1.749985
35440530 1.750015
35438540 1.750186
35437545 1.750209
35412959 1.750219
35400051 1.750225
35396215 1.750258
35386759 1.750299
35376954 1.750342
35373744 1.750362
35210382 1.750397
35174125 1.750408
35168432 1.750431
35168105 1.750437
35160375 1.750476
35159093 1.750488
35146013 1.750554
35140969 1.750592
35132798 1.750624
35121222 1.750634
35116093 1.750649
35020938 1.750657
35013614 1.750684
35013567 1.750687
34999952 1.750695
34980357 1.750925
34978905 1.750930
34978403 1.750954
34977578 1.750958
34972044 1.750971
34971841 1.750974
34963163 1.751009
34957085 1.751313
34850782 1.751364
34847934 1.751382
34846983 1.751391
34809091 1.751745
34744336 1.751770
34740743 1.751848
34737996 1.751856
34719108 1.751882
34717096 1.751888
34702848 1.752109
34690102 1.752116
34651930 1.752143
34627751 1.752156
34623780 1.752161
34620064 1.752185
34610512 1.752198
34609885 1.752714
34599070 1.752718
34596560 1.752792
34589597 1.752815
34551231 1.752828
34542211 1.752832
34539479 1.752836
34538933 1.752862
34536357 1.752866
34532817 1.752880
34532516 1.752883
34526002 1.752892
34500280 1.752902
34496708 1.752909
34492688 1.752923
34490520 1.752927
34484469 1.752936
34483963 1.753053
34478198 1.753183
34464779 1.753195
34462682 1.753215
34459380 1.753281
34457815 1.753296
34457682 1.753581
34451731 1.753586
34413135 1.753614
34405453 1.753619
34400291 1.753626
34377970 1.753630
34368273 1.753637
34364037 1.753652
34353248 1.753656
34351024 1.753857
34350435 1.754344
34338216 1.754486
34331497 1.754516
34323960 1.754559
34323774 1.754872
34322233 1.754886
34321994 1.754893
34304497 1.754902
34300716 1.754915
34297157 1.754927
34293710 1.754941
34291106 1.754944
34290753 1.756904
34270834 1.756957
34270326 1.756965
34268064 1.756979
34265275 1.756982
34261996 1.756986
34247303 1.757004
34241015 1.757028
34230507 1.757035
34224915 1.757078
34221325 1.757094
34217595 1.757105
34216605 1.757137
34194175 1.757141
34167412 1.757159
34159089 1.758055
34156202 1.758152
34134619 1.758179
34127390 1.758183
34127329 1.758188
34104566 1.758234
34104430 1.758250
34090323 1.758295
34070448 1.758311
34067701 1.758319
34065863 1.758389
34059751 1.758535
34054135 1.758541
34043652 1.758715
34039004 1.758743
34036847 1.758760
34016447 1.758774
34009862 1.758786
34007651 1.758793
34006887 1.759025
34004439 1.759354
33996549 1.760952
33995355 1.766755
33991784 1.766761
33989945 1.767487
33985265 1.768059
33981168 1.768082
33971975 1.768596
33968626 1.769948
33968407 1.769955
33965245 1.770045
33964039 1.770885
33962734 1.773198
33962124 1.773231
33960025 1.773793
33956995 1.774591
33956295 1.775059
33940564 1.775093
33934501 1.775107
33933834 1.775150
33913581 1.775174
33910861 1.775221
33907992 1.775261
33905667 1.776966
33900350 1.777000
33891704 1.777046
33876817 1.777053
33874490 1.777080
33873161 1.777086
33855959 1.777094
33855012 1.777104
33852079 1.778130
33849888 1.778182
33848970 1.778230
33839742 1.778243
33831357 1.778252
33831005 1.778360
33830689 1.778455
33826942 1.778768
33824884 1.778805
33824217 1.778839
33820964 1.778902
33814821 1.779132
33814505 1.779418
33813314 1.779425
33810360 1.779429
33792085 1.779439
33787842 1.779464
33787352 1.779468
33786759 1.779474
33764853 1.779485
33763983 1.780076
33758728 1.780081
33754757 1.780087
33751309 1.780145
33748308 1.780648
33734112 1.780750
33729914 1.780754
33728375 1.780759
33704388 1.780762
33690847 1.780785
33687723 1.780799
33684884 1.780804
33675998 1.780815
33675575 1.780826
33671224 1.784772
33668050 1.785023
33665857 1.785157
33653067 1.785163
33647829 1.785167
33645208 1.785216
33613377 1.785223
33599908 1.785229
33596536 1.785233
33591413 1.785316
33585080 1.785333
33580443 1.785476
33568011 1.785482
33549955 1.785552
33547831 1.786073
33542776 1.786204
33535854 1.786238
33535615 1.786405
33532256 1.786411
33526546 1.786512
33516243 1.787778
33511433 1.787857
33510304 1.787865
33509148 1.787872
33508956 1.787926
33508845 1.787942
33503154 1.787959
33458826 1.787964
33453615 1.787968
33449999 1.788068
33449700 1.788126
33447210 1.788232
33447170 1.788239
33440384 1.788487
33436447 1.788579
33408557 1.788584
33403087 1.788937
33398182 1.788948
33392432 1.789210
33386814 1.789528
33382953 1.791354
33378950 1.791382
33374814 1.796094
33361975 1.796189
33358999 1.796195
33356674 1.800325
33354545 1.800542
33350704 1.800547
33350050 1.800550
33347303 1.801383
33335560 1.801397
33334518 1.801478
33320140 1.801520
33318914 1.801920
33317788 1.802069
33317736 1.809169
33311366 1.820150
33306712 1.823780
33301691 1.823883
33296055 1.823908
33284094 1.827223
33283955 1.828212
33283908 1.828227
33269019 1.828327
33266472 1.829072
33253419 1.829081
33252609 1.829094
33248278 1.829123
33235891 1.829129
33228811 1.830214
33219545 1.830220
33205953 1.831159
33204216 1.835051
33200251 1.835064
33197768 1.835131
33191457 1.835137
33189221 1.835309
33187883 1.835341
33177925 1.835346
33175266 1.835478
33170897 1.835690
33170435 1.835943
33169529 1.836142
33167807 1.840812
33167458 1.840858
33166939 1.841975
33146613 1.846945
33140433 1.847082
33138525 1.848380
33138449 1.848385
33127837 1.848389
33126873 1.848946
33126546 1.849951
33124534 1.850219
33123679 1.850642
33122669 1.851988
33118882 1.853272
33118413 1.854685
33117307 1.858164
33115465 1.860204
33115269 1.860299
33114333 1.865311
33114318 1.871429
33114236 1.875908
33113624 1.965484
33113584 1.966633
33112675 1.966639
33111975 1.966648
33110838 1.966653
33109472 1.967848
33107938 1.967873
33107603 2.009968
33102622 2.013712
33100818 2.014913
33097911 2.033141
33094665 2.073327
33094384 2.074061
33086532 2.074080
33086018 2.085583
33082249 2.085647
33077267 2.085661
33074214 2.301045
33069263 2.301061
33069209 2.329146
33066332 2.827306
33066061 9.406950
33064494 9.408988
33064494 609.413000
