PROBLEM_FILE = /tmp/tsp/7223.tmp/example.tmp
66815337 1.721681
66771226 1.721707
66745808 1.721718
66731000 1.721724
66725249 1.721727
66594748 1.721736
66588994 1.721748
66566460 1.721751
66537637 1.721755
66501240 1.721766
66499269 1.721770
66495809 1.721776
66485477 1.721783
66454525 1.721787
66448673 1.721793
66400588 1.721797
66363216 1.721804
66355993 1.721812
66350036 1.721815
66127422 1.721826
66122804 1.721832
66063439 1.721840
66062898 1.721847
66010505 1.721860
65998449 1.721869
65626970 1.721877
65576462 1.721886
65562308 1.721891
65552303 1.721903
65539716 1.721912
65527748 1.721950
65521188 1.721954
65279901 1.721971
65279384 1.721977
65269183 1.721981
65265521 1.721984
65236893 1.721993
65232465 1.721997
65194315 1.722006
65185191 1.722009
65178240 1.722017
65081402 1.722031
65058086 1.722035
65015170 1.722089
64982133 1.722093
64964461 1.722113
64947053 1.722123
64913584 1.722138
64894766 1.722141
64884831 1.722148
64869208 1.722153
64814986 1.722163
64805637 1.722167
64802809 1.722175
64784273 1.722186
64779767 1.722196
64778444 1.722200
64777469 1.722204
64773858 1.722210
64723398 1.722216
64658837 1.722221
64624085 1.722233
64607647 1.722238
64596208 1.722243
64592501 1.722250
64586854 1.722258
64584215 1.722265
64558800 1.722269
64545555 1.722272
64325934 1.722277
64313125 1.722282
64309963 1.722289
64294546 1.722295
64274967 1.722302
64257518 1.722306
64169886 1.722312
64165244 1.722317
64155058 1.722329
64153132 1.722332
64132338 1.722355
64115060 1.722359
64089643 1.722365
64074651 1.722369
64029736 1.722373
63986801 1.722378
63979507 1.722389
63933436 1.722405
63757644 1.722417
63679823 1.722426
63668662 1.722430
63568649 1.722440
63527718 1.722448
63527212 1.722455
63516447 1.722459
63494029 1.722466
63195931 1.722482
63183787 1.722491
63168259 1.722496
63131474 1.722500
63123866 1.722514
63060202 1.722527
63047971 1.722535
63018616 1.722546
63016652 1.722558
63012337 1.722570
62988473 1.722573
62981311 1.722622
62945573 1.722626
62924684 1.722636
62919853 1.722639
62840888 1.722649
62827166 1.722658
62805724 1.722675
62794145 1.722682
62794128 1.722744
62681453 1.722753
62670327 1.722758
62668418 1.722762
62658292 1.722767
62647975 1.722774
62629741 1.722780
62629558 1.722783
62524243 1.722796
62495199 1.722801
62461349 1.722808
62434038 1.722812
62431741 1.722815
62401917 1.722822
62358864 1.722830
62356655 1.722841
62343572 1.722844
62328796 1.722874
62320274 1.722884
62312447 1.722888
62017440 1.722904
61969345 1.722909
61961112 1.722912
61940724 1.722915
61910983 1.722918
61834425 1.722922
61831880 1.722928
61824286 1.722931
61733340 1.722941
61732704 1.722947
61702952 1.722955
61701373 1.722959
61684831 1.722963
61667048 1.722970
61642044 1.722977
61602685 1.722995
61583098 1.722998
61549558 1.723001
61486760 1.723004
61456989 1.723012
61455152 1.723015
61450885 1.723019
61367093 1.723027
61332757 1.723038
61314601 1.723066
61305712 1.723070
61303715 1.723087
61300663 1.723093
61298500 1.723108
61296208 1.723119
61288492 1.723129
61286822 1.723153
61280198 1.723180
61266870 1.723194
61260969 1.723215
61193919 1.723244
61171283 1.723252
61140270 1.723256
61105089 1.723260
61089806 1.723265
61056516 1.723271
61013233 1.723284
60995197 1.723293
60984608 1.723297
60976939 1.723303
60866898 1.723308
60857345 1.723312
60811849 1.723318
60802312 1.723324
60768474 1.723330
60763268 1.723335
60727877 1.723347
60720000 1.723352
60644940 1.723358
60642228 1.723373
60634977 1.723376
60631261 1.723413
60620829 1.723417
60612562 1.723420
60598047 1.723424
60575513 1.723437
60572702 1.723452
60545941 1.723461
60530049 1.723465
60506365 1.723488
60505211 1.723492
60496116 1.723496
60475320 1.723505
60469650 1.723508
60468491 1.723512
60462721 1.723519
60397777 1.723534
60392192 1.723544
60375734 1.723548
60357983 1.723551
60339211 1.723558
60318455 1.723570
60314109 1.723576
60284924 1.723593
60282860 1.723597
60279537 1.723601
60259593 1.723605
60256638 1.723617
60243157 1.723628
60242024 1.723634
60238709 1.723646
60165056 1.723658
60154980 1.723666
60154552 1.723669
60141376 1.723672
60130637 1.723702
60127641 1.723707
60077176 1.723720
60012066 1.723723
60008890 1.723726
60004863 1.723729
59833212 1.723740
59760897 1.723746
59599969 1.723751
59582269 1.723755
59505714 1.723764
59480011 1.723769
59427828 1.723773
59356048 1.723796
59313179 1.723808
59209077 1.723818
59192643 1.723822
59182760 1.723830
59182419 1.723841
59139640 1.723848
59137239 1.723851
59092226 1.723855
59060577 1.723858
59058618 1.723864
59048090 1.723885
59022799 1.723889
58976230 1.723892
58950489 1.723916
58950139 1.723933
58801064 1.723954
58779630 1.723970
58767833 1.723974
58726821 1.723979
58691589 1.723987
58686420 1.723990
58681228 1.723993
58628568 1.723997
58559897 1.724005
58505330 1.724029
58500649 1.724032
58497739 1.724043
58313231 1.724059
58278843 1.724063
58203420 1.724068
58203317 1.724071
58189965 1.724080
58163021 1.724089
57993038 1.724099
57977879 1.724102
57927729 1.724107
57874936 1.724124
57863647 1.724128
57863162 1.724135
57836461 1.724139
57676154 1.724154
57674160 1.724157
57645006 1.724161
57624634 1.724164
57575133 1.724180
57520874 1.724184
57520285 1.724188
57509850 1.724198
57457889 1.724206
57402077 1.724210
57389273 1.724213
57380092 1.724221
57369896 1.724230
57352689 1.724236
57301011 1.724244
57280795 1.724248
57277757 1.724260
57277540 1.724268
57245780 1.724272
57241833 1.724276
57228454 1.724281
57225832 1.724290
57199756 1.724301
57113287 1.724308
57107708 1.724312
57104634 1.724318
57086639 1.724324
57070811 1.724327
57055508 1.724330
57054790 1.724333
57015739 1.724337
56963038 1.724341
56926711 1.724350
56669954 1.724360
56661646 1.724365
56655191 1.724371
56551404 1.724383
56495210 1.724392
56485142 1.724413
56412457 1.724429
56354789 1.724434
56306414 1.724437
56291816 1.724450
56260937 1.724453
56173317 1.724462
56158531 1.724466
56140940 1.724481
56129086 1.724487
56121492 1.724494
56120775 1.724502
56044436 1.724514
56042467 1.724522
55957138 1.724529
55947230 1.724534
55935470 1.724538
55927968 1.724560
55923269 1.724564
55880589 1.724572
55868732 1.724582
55798653 1.724587
55747372 1.724597
55738441 1.724603
55728378 1.724607
55722080 1.724612
55718927 1.724616
55565453 1.724622
55542924 1.724630
55541954 1.724637
55477978 1.724657
55453386 1.724661
55450556 1.724667
55447450 1.724671
55433176 1.724675
55203130 1.724685
55168210 1.724691
55046069 1.724714
55021198 1.724717
55016359 1.724721
55014847 1.724730
55012734 1.724734
54994758 1.724738
54977819 1.724743
54962762 1.724748
54922419 1.724760
54904208 1.724770
54903170 1.724773
54901436 1.724776
54863357 1.724788
54858594 1.724792
54830081 1.724805
54827726 1.724809
54802073 1.724822
54799041 1.724861
54781392 1.724868
54774492 1.724871
54707065 1.724890
54692582 1.724893
54667800 1.724897
54665035 1.724900
54661100 1.724915
54645275 1.724919
54640239 1.724930
54637168 1.724934
54634622 1.724968
54627995 1.724982
54595325 1.724988
54595204 1.725020
54593230 1.725047
54577338 1.725053
54559375 1.725061
54557083 1.725064
54432286 1.725073
54431506 1.725079
54430737 1.725082
54430537 1.725086
54396283 1.725092
54370594 1.725096
54279585 1.725104
54264784 1.725124
54264614 1.725160
54138601 1.725181
54130617 1.725198
54087223 1.725205
54076941 1.725215
54069284 1.725230
53548605 1.725269
53520845 1.725280
53518969 1.725283
53508167 1.725324
53507997 1.725327
53492665 1.725330
53485529 1.725334
53462378 1.725337
53403997 1.725340
53355649 1.725350
53347670 1.725364
53345271 1.725368
53305120 1.725371
53304337 1.725380
53299511 1.725384
53281262 1.725391
53246624 1.725394
53243633 1.725408
53239208 1.725411
53211593 1.725414
53165025 1.725417
53162892 1.725422
53110276 1.725427
53059515 1.725432
53047269 1.725444
52698837 1.725450
52696511 1.725453
52601620 1.725464
52600050 1.725468
52562720 1.725480
52558115 1.725483
52550155 1.725487
52514474 1.725492
52499805 1.725496
52465638 1.725501
52418731 1.725518
52336496 1.725531
52320720 1.725535
52289925 1.725541
52259399 1.725544
52146451 1.725566
52144118 1.725573
52098386 1.725578
52068191 1.725597
52056233 1.725601
52037035 1.725604
52029119 1.725608
52013349 1.725613
51987628 1.725644
51878727 1.725665
51874704 1.725682
51874408 1.725701
51853578 1.725705
51802998 1.725709
51770489 1.725713
51746394 1.725721
51689408 1.725730
51677075 1.725734
51657282 1.725738
51614579 1.725744
51550523 1.725749
51532204 1.725753
51530725 1.725760
51522488 1.725768
51521828 1.725772
51472794 1.725783
51451845 1.725790
51444287 1.725793
51359315 1.725797
51354432 1.725801
51352739 1.725804
51336940 1.725808
51328907 1.725812
51308497 1.725825
51252837 1.725831
51246336 1.725835
51241900 1.725849
51230602 1.725853
50771670 1.725858
50760563 1.725877
50378202 1.725889
50293010 1.725894
50256059 1.725900
50200728 1.725907
50198278 1.725911
50137337 1.725917
50136770 1.725921
50082725 1.725928
50073087 1.725931
50060524 1.725935
49877822 1.725948
49853291 1.725967
49844254 1.725971
49838235 1.725990
49796244 1.725998
49766280 1.726002
49741416 1.726005
49722913 1.726009
49613944 1.726020
49608519 1.726048
49605676 1.726052
49595830 1.726077
49499418 1.726088
49492086 1.726091
49483147 1.726096
49448712 1.726106
49442174 1.726111
49431263 1.726117
49393612 1.726127
49391528 1.726134
49367325 1.726148
49365021 1.726152
49325648 1.726161
49314079 1.726165
49306353 1.726169
49251359 1.726172
49204487 1.726191
49161168 1.726201
49069145 1.726211
49042516 1.726231
49026979 1.726235
48997143 1.726244
48995189 1.726267
48987149 1.726302
48930648 1.726313
48783316 1.726319
48781190 1.726322
48772989 1.726325
48713883 1.726347
48709101 1.726353
48666231 1.726365
48656790 1.726382
48538293 1.726413
48532148 1.726418
48525009 1.726423
48508480 1.726430
48475057 1.726434
48471220 1.726444
48458247 1.726450
48441436 1.726454
48437646 1.726457
48424720 1.726461
48359609 1.726465
48233258 1.726470
48224011 1.726477
48223449 1.726480
48124193 1.726484
48122383 1.726490
48099730 1.726496
48096228 1.726524
48066510 1.726529
48055254 1.726536
48035829 1.726542
48004753 1.726548
48003136 1.726562
47973401 1.726566
47929467 1.726569
47916211 1.726574
47913369 1.726587
47903474 1.726598
47892389 1.726601
47882026 1.726605
47873120 1.726623
47822520 1.726649
47821400 1.726654
47819216 1.726659
47778394 1.726668
47768691 1.726679
47740995 1.726682
47729104 1.726685
47728726 1.726700
47703904 1.726704
47544358 1.726708
47480189 1.726723
47453276 1.726729
47441505 1.726743
47342921 1.726748
47340647 1.726754
47319691 1.726757
47316688 1.726770
47282078 1.726774
47224463 1.726777
47213537 1.726780
47208272 1.726786
47199772 1.726809
46986971 1.726815
46951941 1.726842
46945632 1.726858
46944915 1.726863
46937730 1.726867
46904193 1.726875
46894033 1.726890
46776526 1.726902
46648001 1.726912
46630026 1.726915
46621749 1.726920
46620154 1.726925
46564249 1.726932
46561057 1.726938
46519125 1.726944
46481864 1.726947
46479428 1.726954
46442835 1.726958
46409653 1.726979
46382876 1.726987
46340941 1.726992
46332253 1.726998
46169526 1.727015
46167891 1.727019
46151576 1.727022
46115323 1.727034
46104863 1.727042
45996224 1.727047
45941389 1.727069
45934594 1.727073
45906518 1.727077
45903295 1.727081
45823867 1.727087
45722683 1.727092
45706329 1.727098
45696712 1.727111
45674305 1.727119
45632049 1.727126
45625904 1.727129
45610700 1.727132
45608960 1.727136
45588886 1.727139
45560336 1.727143
45519302 1.727146
45516535 1.727149
45500753 1.727152
45482596 1.727155
45478674 1.727160
45471436 1.727163
45401708 1.727171
45396743 1.727177
45379281 1.727181
45371509 1.727189
45352526 1.727193
45297648 1.727196
45276894 1.727199
45237237 1.727203
45153950 1.727207
45142040 1.727210
45131659 1.727214
45087379 1.727217
45082060 1.727221
45075901 1.727225
45036477 1.727238
45015394 1.727243
45000829 1.727250
44989540 1.727253
44987636 1.727258
44965267 1.727263
44939890 1.727271
44937272 1.727278
44933989 1.727288
44932275 1.727304
44920515 1.727307
44867778 1.727314
44867287 1.727318
44858763 1.727331
44821913 1.727334
44818086 1.727344
44815930 1.727373
44645555 1.727379
44644451 1.727390
44632782 1.727397
44618795 1.727425
44617884 1.727430
44609693 1.727436
44115871 1.727444
44108864 1.727451
44079086 1.727455
44076093 1.727461
44068214 1.727464
44028859 1.727474
44027001 1.727478
44021303 1.727487
44020608 1.727490
43980878 1.727501
43948177 1.727509
43944118 1.727512
43915219 1.727528
43908382 1.727533
43880885 1.727537
43776950 1.727548
43774388 1.727551
43683537 1.727559
43644652 1.727562
43542540 1.727566
43465658 1.727579
43458430 1.727583
43438260 1.727595
43429794 1.727606
43428017 1.727609
43373738 1.727624
43336936 1.727628
43283133 1.727631
43260868 1.727634
43238029 1.727637
43237550 1.727643
43175534 1.727649
43153843 1.727661
43147607 1.727669
43143731 1.727681
43135996 1.727684
43089662 1.727687
43026113 1.727691
42972713 1.727705
42958829 1.727716
42936150 1.727727
42921601 1.727757
42918459 1.727760
42912392 1.727765
42903462 1.727769
42884933 1.727773
42861489 1.727777
42857059 1.727780
42831214 1.727784
42824188 1.727792
42802510 1.727795
42776159 1.727803
42713524 1.727808
42687923 1.727821
42685422 1.727824
42654288 1.727827
42645580 1.727831
42637430 1.727841
42620183 1.727845
42588450 1.727849
42578457 1.727856
42571925 1.727863
42559795 1.727870
42549738 1.727874
42545717 1.727881
42450527 1.727888
42439360 1.727893
42437947 1.727904
42420714 1.727910
42400751 1.727914
42400404 1.728132
42394479 1.728138
42388568 1.728143
42380056 1.728152
42366040 1.728169
42365142 1.728206
42336113 1.728276
42335934 1.728283
42323803 1.728294
42291935 1.728298
42238769 1.728315
42233770 1.728319
42214472 1.728329
42151127 1.728333
42103877 1.728344
42100843 1.728350
42093782 1.728370
42078586 1.728377
42076175 1.728380
42070908 1.728388
42069618 1.728391
42023371 1.728399
42019596 1.728418
42008835 1.728453
41996075 1.728457
41987088 1.728461
41980267 1.728471
41963501 1.728476
41961268 1.728483
41951915 1.728488
41946317 1.728505
41940435 1.728511
41939631 1.728516
41933423 1.728521
41778209 1.728536
41768837 1.728560
41749497 1.728567
41741290 1.728581
41646772 1.728598
41587906 1.728604
41514898 1.728625
41499600 1.728654
41492325 1.728658
41490761 1.728661
41479091 1.728672
41474925 1.728694
41474289 1.728719
41458596 1.728749
41457640 1.728778
41453786 1.728847
41424730 1.729319
41422283 1.729324
41401174 1.729349
41399623 1.729353
41393754 1.729362
41375534 1.729366
41371039 1.729370
41367832 1.729373
41361390 1.729383
41358281 1.729410
41336032 1.729428
41331505 1.729435
41326413 1.729438
41323425 1.729467
41259043 1.729484
41258651 1.729501
41255292 1.729504
41240340 1.729572
41240037 1.729579
41234810 1.729587
41216430 1.729592
41208145 1.729612
41206248 1.729619
41205994 1.729687
41197511 1.729743
41177147 1.729758
41172287 1.729767
41171504 1.729771
41154497 1.729774
41146482 1.729836
41144332 1.729855
41144137 1.729887
41142633 1.729890
41140155 1.729894
41123546 1.729915
41109425 1.729921
41091983 1.729993
41080376 1.730054
41068573 1.730075
41054239 1.730080
41025296 1.730083
40969960 1.730086
40968169 1.730092
40950479 1.730103
40940990 1.730107
40923923 1.730133
40912224 1.730151
40838644 1.730167
40837377 1.730177
40833185 1.730228
40832629 1.730233
40824491 1.730241
40806511 1.730250
40797601 1.730260
40790299 1.730264
40786788 1.730273
40738293 1.730301
40732831 1.730311
40715842 1.730329
40696834 1.730333
40693591 1.730362
40419925 1.730374
40416796 1.730383
40412821 1.730394
40407623 1.730492
40406755 1.730497
40326342 1.730500
40307056 1.730507
40281366 1.730511
40185007 1.730524
40184781 1.730530
40158982 1.730546
40149016 1.730549
40134082 1.730603
40130287 1.730611
40128656 1.730639
40127146 1.730644
40095309 1.730647
40075963 1.730653
40048642 1.730691
40048103 1.730704
40042452 1.730715
40042144 1.730769
40039291 1.730774
40036239 1.730789
39974983 1.730793
39968040 1.730800
39915164 1.730813
39914249 1.730827
39898215 1.730842
39893606 1.730866
39886516 1.730870
39886173 1.730883
39884304 1.730890
39878059 1.730893
39822557 1.730900
39771502 1.730909
39764297 1.730986
39737642 1.731020
39732459 1.731042
39730591 1.731051
39729478 1.731056
39713850 1.731062
39672233 1.731069
39672113 1.731073
39667323 1.731084
39654381 1.731101
39651057 1.731106
39639450 1.731110
39634940 1.731132
39630213 1.731202
39624980 1.731221
39624224 1.731248
39621250 1.731263
39593590 1.731286
39590778 1.731301
39589933 1.731318
39589298 1.731330
39580072 1.731339
39574670 1.731351
39572259 1.731358
39549214 1.731363
39514507 1.731389
39460661 1.731397
39459933 1.731402
39446378 1.731405
39444853 1.731414
39384121 1.731425
39375803 1.731442
39360562 1.731452
39353721 1.731456
39341681 1.731460
39315600 1.731465
39310229 1.731469
39308907 1.731492
39200150 1.731504
39190708 1.731508
39182673 1.731513
39176070 1.731517
39154504 1.731528
39153803 1.731531
39152432 1.731541
39129210 1.731552
39118452 1.731555
39118226 1.731566
39101441 1.731592
39100190 1.731595
39093770 1.731598
39067557 1.731604
39055205 1.731619
39040074 1.731628
39035908 1.731646
39034487 1.731651
39030542 1.731664
38955095 1.731675
38948389 1.731683
38943557 1.731734
38937735 1.731846
38882935 1.731875
38848615 1.731880
38847111 1.731889
38846441 1.731892
38842405 1.731968
38839521 1.731978
38802348 1.732001
38780387 1.732023
38759687 1.732027
38742899 1.732032
38740629 1.732045
38722601 1.732091
38719493 1.732095
38715727 1.732107
38714458 1.732139
38713353 1.732143
38706224 1.732149
38689518 1.732154
38689059 1.732196
38684525 1.732200
38680239 1.732212
38673578 1.732221
38670577 1.732252
38667750 1.732259
38655982 1.732273
38648765 1.732297
38628208 1.732302
38623569 1.732331
38622263 1.732338
38619884 1.732365
38544905 1.732394
38536558 1.732430
38531064 1.732437
38525087 1.732457
38507713 1.732461
38502911 1.732496
38492827 1.732506
38490772 1.732771
38477896 1.732834
38448183 1.732913
38438422 1.732925
38401654 1.732937
38349447 1.732943
38348611 1.732981
38332306 1.732991
38315521 1.733026
38306659 1.733072
38294314 1.733079
38290755 1.733194
38288473 1.733214
38287614 1.733260
38273287 1.733265
38262551 1.733334
38261447 1.733362
38231558 1.733371
38230901 1.733375
38225106 1.733486
38189161 1.733494
38185301 1.733559
38166239 1.733564
38152231 1.733591
38148658 1.733614
38139549 1.733634
38136065 1.733639
38127619 1.733646
38121365 1.733666
38109150 1.733675
38096746 1.733685
38096259 1.733690
38082593 1.733697
38080425 1.733739
38069797 1.733860
38063502 1.733866
38040883 1.733874
37908252 1.733901
37896597 1.733905
37893571 1.733918
37888008 1.733967
37873322 1.733972
37860187 1.733976
37779925 1.734100
37743637 1.734116
37733330 1.734121
37694001 1.734127
37659643 1.734131
37658620 1.734149
37647073 1.734158
37644415 1.734166
37621975 1.734173
37596577 1.734194
37589646 1.734206
37585180 1.734261
37579437 1.734298
37573930 1.734314
37556230 1.734328
37517336 1.734341
37515878 1.734345
37515768 1.734366
37408013 1.734370
37390271 1.734430
37387819 1.734434
37368671 1.734441
37356806 1.734444
37351811 1.734448
37342266 1.734458
37331302 1.734462
37312526 1.734465
37280816 1.734481
37274605 1.734495
37266613 1.734500
37254372 1.734507
37238669 1.734514
37233688 1.734545
37171482 1.734550
37128224 1.734553
37058483 1.734560
37058424 1.734594
37053868 1.734598
37018150 1.734602
37009679 1.734627
36984893 1.734631
36978632 1.734667
36967857 1.734690
36967226 1.734828
36954252 1.734839
36943011 1.734843
36931797 1.734887
36930614 1.734899
36929661 1.734973
36929111 1.734977
36888245 1.735110
36880267 1.735115
36875862 1.735124
36861348 1.735190
36850140 1.735216
36849578 1.735259
36828155 1.735278
36818349 1.735394
36817059 1.735398
36804437 1.735482
36790987 1.735491
36788897 1.735496
36787779 1.735726
36786656 1.735738
36782994 1.735742
36771260 1.735756
36767554 1.735762
36761266 1.735766
36755198 1.735770
36736543 1.735779
36723680 1.735787
36700197 1.735791
36695361 1.735798
36692828 1.735802
36681830 1.735833
36676366 1.735849
36618825 1.736083
36614988 1.736089
36604753 1.736375
36562824 1.736406
36549167 1.736423
36542597 1.736428
36542391 1.736662
36539533 1.736667
36527664 1.736850
36525710 1.736856
36525624 1.736963
36512047 1.737462
36507305 1.737474
36505877 1.737567
36496285 1.737572
36453714 1.738021
36443429 1.738341
36441269 1.738353
36411136 1.738363
36395450 1.738368
36393471 1.738373
36392518 1.738377
36390449 1.738386
36370019 1.738389
36368543 1.738553
36363919 1.738565
36363848 1.738573
36352376 1.738577
36285990 1.738890
36279990 1.738896
36276904 1.738900
36275734 1.738903
36267641 1.738951
36262964 1.738963
36255084 1.739622
36255074 1.739630
36254278 1.739668
36251976 1.739680
36246350 1.739697
36224072 1.739715
36204402 1.739734
36203948 1.739752
36202981 1.739772
36195698 1.739795
36192596 1.739802
36182641 1.739806
36178262 1.739843
36162389 1.739847
36155158 1.739856
36137552 1.739859
36133251 1.739862
36124999 1.739896
36123552 1.739910
36122838 1.739920
36112162 1.739952
36086489 1.739977
36069796 1.739986
36064644 1.739990
35995508 1.740020
35982539 1.740033
35980993 1.740051
35977466 1.740095
35918854 1.740101
35913351 1.740198
35910376 1.740441
35906121 1.740581
35895510 1.740598
35887285 1.740643
35886048 1.740684
35885427 1.740692
35881160 1.740700
35876920 1.740774
35874723 1.740821
35868441 1.740824
35843544 1.740857
35830234 1.740870
35730376 1.740885
35715643 1.740896
35704809 1.740915
35704382 1.740919
35690613 1.740934
35689384 1.740938
35652741 1.740959
35652611 1.740966
35652322 1.740999
35633294 1.741003
35627429 1.741009
35612968 1.741029
35607483 1.741041
35595140 1.741049
35593683 1.741053
35593548 1.741061
35587114 1.741072
35559184 1.741086
35487138 1.741090
35485453 1.741094
35475364 1.741102
35399729 1.741105
35374909 1.741109
35373548 1.741172
35356128 1.741190
35355316 1.741229
35355230 1.741518
35352719 1.741593
35348037 1.741921
35096674 1.742573
35089314 1.742618
35079636 1.742625
35075398 1.742630
35071394 1.742697
35071246 1.742763
35057053 1.742775
35021308 1.742784
35020837 1.742792
35020635 1.742806
35012379 1.742826
35009510 1.742833
35008771 1.742836
35003374 1.742839
35001384 1.742845
34998566 1.742855
34990539 1.742861
34983812 1.742867
34948696 1.742874
34936856 1.742888
34928980 1.742907
34921443 1.742981
34917245 1.743135
34916472 1.743170
34916009 1.743190
34911004 1.743426
34901727 1.743458
34898495 1.743462
34889768 1.743475
34884454 1.743482
34884293 1.743506
34877596 1.743535
34872783 1.743610
34868013 1.743637
34866446 1.743640
34866419 1.743646
34859648 1.743732
34849909 1.743756
34838158 1.743760
34835873 1.743868
34829195 1.743888
34824158 1.743900
34818791 1.743905
34809237 1.743909
34809177 1.743921
34809065 1.744045
34803965 1.744074
34799374 1.745056
34776293 1.745065
34753577 1.745253
34746474 1.745258
34742098 1.745263
34727737 1.745275
34718601 1.745278
34712258 1.745283
34710993 1.745292
34707896 1.745300
34703177 1.745610
34702800 1.746022
34698630 1.746879
34698481 1.746888
34698439 1.746939
34646478 1.746974
34557957 1.747008
34539725 1.747016
34533272 1.747030
34531153 1.747034
34530761 1.747040
34530366 1.747216
34518871 1.747234
34518016 1.747250
34516567 1.747277
34513230 1.747285
34508587 1.747300
34508111 1.747322
34502334 1.747327
34500168 1.747342
34496407 1.747346
34487917 1.747354
34482806 1.747402
34448044 1.747425
34427973 1.747429
34424796 1.747446
34422846 1.747452
34387770 1.747480
34385766 1.747484
34378473 1.747491
34377539 1.747669
34356291 1.747779
34354201 1.747786
34352248 1.747813
34350668 1.747816
34344746 1.747820
34319726 1.747835
34279097 1.747853
34276790 1.747950
34276409 1.748431
34273398 1.748445
34262680 1.748449
34262211 1.748466
34261436 1.748955
34252688 1.748961
34252237 1.749109
34249863 1.749881
34248256 1.750128
34241717 1.750139
34239724 1.750150
34234499 1.750414
34231674 1.750473
34211692 1.750694
34207617 1.750841
34203183 1.750847
34202151 1.750854
34196791 1.750859
34191974 1.751023
34186372 1.751242
34133362 1.751268
34127836 1.751273
34125669 1.751281
34111226 1.751285
34093918 1.751291
34091458 1.751310
34090177 1.751315
34089879 1.751330
34086242 1.751487
34086055 1.751492
34085518 1.751516
34081935 1.751520
34066719 1.751532
34057649 1.751552
34043396 1.751652
34033376 1.751667
34030941 1.751677
34005653 1.751751
33992942 1.751780
33991438 1.751784
33972544 1.751787
33968399 1.751839
33944570 1.751845
33934770 1.751849
33934066 1.751965
33928663 1.751977
33924949 1.752021
33915824 1.752029
33901497 1.752846
33897513 1.752852
33896304 1.752856
33892305 1.752862
33888958 1.752878
33874480 1.752953
33873481 1.752964
33861693 1.752978
33860259 1.753228
33858479 1.753233
33847251 1.753253
33845861 1.753263
33844404 1.753267
33843199 1.753706
33811051 1.753727
33801269 1.753960
33780052 1.753970
33761655 1.753977
33750146 1.754019
33750033 1.754056
33749724 1.754061
33747982 1.754141
33747302 1.754175
33746459 1.754196
33743548 1.754379
33743482 1.754456
33734813 1.754830
33727291 1.754856
33721599 1.754873
33718356 1.755297
33711216 1.755794
33708566 1.756109
33691622 1.756135
33671475 1.756159
33669040 1.756163
33648214 1.756173
33615994 1.756187
33591203 1.756202
33590810 1.756280
33589213 1.756625
33587651 1.756637
33583537 1.759631
33581764 1.759657
33553276 1.759661
33550589 1.760711
33542450 1.760722
33531516 1.760728
33530306 1.761052
33524562 1.761392
33489663 1.762855
33486889 1.762872
33484533 1.762906
33483211 1.763329
33482026 1.763525
33482011 1.766361
33479223 1.766405
33477775 1.766953
33477386 1.767014
33475952 1.767019
33475725 1.768399
33467082 1.768407
33460467 1.768413
33457708 1.768421
33456868 1.768676
33455733 1.768689
33452848 1.768741
33444243 1.768746
33441813 1.768762
33427315 1.768772
33414996 1.769034
33414626 1.770359
33387397 1.770433
33369742 1.770629
33361489 1.770656
33336329 1.770665
33335952 1.770756
33331998 1.770916
33320507 1.770921
33314366 1.770946
33307495 1.771607
33307372 1.771620
33302082 1.771640
33293583 1.771644
33292992 1.771650
33292940 1.771657
33283715 1.772862
33271175 1.772874
33266396 1.772898
33264738 1.773056
33262890 1.773064
33262275 1.773069
33257626 1.773072
33252441 1.773142
33248698 1.773684
33240792 1.773707
33237316 1.773718
33232329 1.773754
33231748 1.773763
33226903 1.775158
33221218 1.775381
33211949 1.775478
33200984 1.775510
33170269 1.775537
33169992 1.778195
33168174 1.778290
33166487 1.778294
33149133 1.778971
33146856 1.778976
33146831 1.778991
33146248 1.779068
33144793 1.779088
33144243 1.779092
33141450 1.779129
33138286 1.779141
33127576 1.779184
33126877 1.779196
33125839 1.779218
33117332 1.779335
33115921 1.779348
33113116 1.779357
33108987 1.779535
33108327 1.779556
33105814 1.779800
33098796 1.780152
33098418 1.780519
33098380 1.781556
33097182 1.782658
33093764 1.782710
33086081 1.783730
33051765 1.783735
33049951 1.789209
33048984 1.789217
33038897 1.792439
33038521 1.792469
33034883 1.792747
33028661 1.792797
33025021 1.792802
33024851 1.792819
33023200 1.792932
33019991 1.792936
33009892 1.792944
33009260 1.792949
33002478 1.792989
32999547 1.793848
32995192 1.793853
32991155 1.793857
32984658 1.793866
32984534 1.793870
32981844 1.793889
32975593 1.799704
32974840 1.799817
32972426 1.800100
32972117 1.800104
32970985 1.800132
32965248 1.800203
32948042 1.800683
32940928 1.800780
32935197 1.800793
32934693 1.800798
32931037 1.800847
32929827 1.801147
32926918 1.801193
32924041 1.801211
32921693 1.801701
32921498 1.804544
32921230 1.805868
32919450 1.805874
32912241 1.809774
32911312 1.809902
32903070 1.810522
32888337 1.810528
32888210 1.810695
32882475 1.810716
32878220 1.810811
32877614 1.810846
32872285 1.810850
32869751 1.810909
32867474 1.810931
32861262 1.811264
32852999 1.811274
32840163 1.813109
32836163 1.814687
32832455 1.815497
32831332 1.815529
32829708 1.815537
32827057 1.815563
32822695 1.816668
32821096 1.816684
32817005 1.816692
32816771 1.816757
32815264 1.816886
32811091 1.818877
32806966 1.819126
32802929 1.820979
32794424 1.820987
32793660 1.821320
32793232 1.821325
32790427 1.821334
32785609 1.821352
32785311 1.821358
32784720 1.825994
32781391 1.826226
32774389 1.827525
32771687 1.829005
32763610 1.829012
32762801 1.833365
32760886 1.833502
32758186 1.833677
32756336 1.847244
32755823 1.847251
32754803 1.851853
32752660 1.851869
32748172 1.851917
32747398 1.852273
32744597 1.852766
32741820 1.853468
32741664 1.853643
32735545 1.853700
32734362 1.853784
32733543 1.859294
32733362 1.859300
32725126 1.859755
32722095 1.860460
32720384 1.860466
32715585 1.860567
32714627 1.860651
32704465 1.860656
32703269 1.860812
32700187 1.952535
32698845 1.953267
32696592 2.202386
32694281 2.204228
32693182 2.237545
32692590 2.254807
32691268 2.280387
32690893 2.280582
32685160 2.280586
32680683 2.713369
32677209 8.095164
32676953 9.899409
32674964 10.976995
32673633 208.136616
32673633 808.136643
