PROBLEM_FILE = /tmp/tsp/8614.tmp/example.tmp
71345496 1.738561
71343894 1.738593
71341212 1.738602
71311010 1.738621
71271050 1.738633
71250801 1.738641
71234459 1.738644
71232702 1.738654
71232019 1.738663
71213888 1.738667
71191784 1.738671
71181875 1.738676
71132231 1.738680
71066946 1.738683
70948727 1.738692
70947570 1.738696
70930053 1.738707
70906844 1.738717
70898483 1.738721
70898039 1.738724
70868652 1.738732
70865176 1.738735
70859376 1.738747
70856829 1.738751
70843489 1.738761
70842444 1.738766
70834391 1.738771
70829398 1.738774
70817433 1.738777
70407447 1.738793
70381840 1.738796
70379959 1.738799
70323598 1.738803
69845929 1.738811
69837845 1.738814
69802097 1.738818
69801061 1.738822
69764767 1.738828
69741385 1.738831
69723142 1.738834
69722112 1.738837
69516373 1.738842
69464102 1.738857
69450649 1.738866
69447103 1.738869
69411283 1.738873
69207313 1.738881
69205964 1.738890
69189588 1.738893
69170553 1.738898
69135042 1.738903
69133415 1.738914
69131914 1.738917
69088809 1.738928
69022540 1.738939
69022359 1.738943
69016290 1.738956
68995056 1.738960
68984200 1.738965
68980396 1.738980
68837466 1.738987
68836366 1.738990
68831745 1.738993
68804650 1.739002
68782093 1.739009
68755516 1.739028
68754176 1.739037
68736350 1.739061
68727530 1.739065
68725363 1.739068
68722820 1.739078
68652802 1.739082
68624803 1.739085
68608340 1.739088
68585178 1.739097
68569880 1.739107
68432820 1.739116
68429684 1.739126
68422275 1.739133
68396625 1.739139
68384705 1.739148
68379643 1.739151
68372073 1.739155
68354112 1.739160
68338019 1.739163
68235763 1.739172
68172347 1.739178
68171775 1.739185
68121509 1.739189
68110163 1.739192
68070823 1.739196
68063286 1.739200
68029515 1.739205
68017368 1.739209
67904385 1.739213
67902676 1.739218
67801669 1.739224
67767246 1.739238
67759862 1.739241
67754969 1.739244
67726317 1.739253
67720448 1.739260
67699781 1.739273
67673469 1.739277
67611962 1.739286
67597467 1.739289
67591586 1.739292
67530296 1.739308
67517337 1.739313
67491484 1.739318
67479111 1.739326
67470878 1.739330
67381963 1.739342
67323327 1.739352
67305970 1.739359
67297444 1.739368
67213749 1.739372
67208204 1.739379
67200415 1.739386
67193505 1.739394
67179160 1.739397
67149924 1.739401
67140161 1.739406
67109685 1.739415
67091698 1.739426
66977499 1.739433
66967019 1.739439
66964762 1.739442
66931994 1.739455
66918321 1.739465
66880169 1.739473
66622433 1.739485
66587296 1.739490
66581496 1.739510
66577499 1.739513
66550330 1.739516
66542008 1.739524
66528445 1.739533
66528074 1.739544
66521396 1.739552
66503372 1.739555
66481729 1.739563
66467017 1.739581
66403032 1.739585
66384286 1.739589
66384154 1.739599
66375811 1.739604
66321542 1.739608
66317208 1.739615
66271334 1.739618
66205521 1.739621
66197025 1.739629
66123347 1.739636
66082013 1.739639
66081155 1.739642
65926956 1.739659
65894577 1.739666
65870410 1.739672
65786770 1.739677
65724538 1.739687
65711951 1.739691
65676835 1.739695
65609407 1.739701
65608081 1.739704
65569026 1.739711
65519255 1.739714
65512768 1.739729
65335666 1.739740
65330040 1.739746
65315959 1.739750
65261529 1.739757
65256745 1.739761
65248970 1.739768
65234592 1.739771
65153443 1.739777
65142700 1.739781
65115891 1.739794
65097379 1.739799
65083422 1.739810
65079392 1.739829
65047045 1.739832
65012946 1.739835
64988373 1.739844
64907129 1.739852
64896760 1.739862
64652130 1.739865
64609899 1.739870
64572639 1.739884
64559806 1.739888
64539837 1.739898
64538307 1.739902
64492585 1.739913
64435771 1.739917
64431482 1.739922
64394582 1.739926
64393125 1.739937
64385722 1.739942
64281034 1.739948
64269014 1.739951
64221224 1.739954
64210136 1.739958
64193179 1.739961
64146282 1.739965
64135942 1.739972
64135771 1.739976
64110788 1.739984
63887670 1.739991
63833796 1.740001
63771326 1.740010
63721296 1.740024
63671346 1.740034
63651352 1.740040
63644427 1.740052
63587982 1.740057
63587513 1.740064
63582560 1.740073
63519429 1.740082
63422058 1.740089
63414162 1.740105
63399444 1.740119
63380394 1.740123
63342249 1.740136
63303791 1.740146
63288379 1.740150
63259670 1.740155
63259646 1.740158
63241857 1.740167
63236031 1.740171
63235966 1.740182
63204148 1.740198
63155959 1.740207
63140013 1.740218
63117151 1.740221
63039881 1.740228
63034619 1.740237
63031767 1.740245
63018067 1.740248
63002039 1.740252
62957923 1.740256
62904581 1.740259
62870559 1.740268
62848239 1.740280
62843257 1.740284
62830129 1.740288
62823386 1.740291
62822698 1.740348
62806624 1.740353
62772651 1.740370
62765359 1.740373
62722011 1.740382
62700753 1.740386
62630811 1.740390
62626279 1.740393
62606104 1.740397
62605031 1.740402
62588020 1.740405
62578155 1.740409
62550676 1.740412
62514517 1.740420
62443492 1.740428
61935094 1.740445
61767897 1.740481
61748946 1.740493
61732794 1.740496
61626995 1.740505
61623363 1.740514
61611135 1.740524
61304367 1.740530
61302818 1.740535
61286414 1.740539
61269507 1.740542
61243478 1.740566
61228001 1.740572
61222606 1.740578
61187245 1.740585
61163075 1.740597
61111721 1.740604
61109631 1.740609
61059052 1.740625
61002946 1.740632
60917535 1.740639
60875406 1.740655
60866561 1.740660
60803470 1.740664
60774317 1.740673
60727371 1.740676
60698321 1.740685
60659120 1.740695
60647006 1.740699
60617226 1.740717
60616669 1.740721
60597082 1.740733
60575679 1.740742
60553738 1.740747
60520999 1.740752
60519189 1.740755
60493095 1.740758
60401296 1.740776
60386498 1.740779
60376474 1.740782
60320085 1.740791
60308642 1.740801
60305496 1.740804
60267218 1.740809
60130200 1.740822
60115581 1.740826
60114961 1.740837
60110986 1.740854
60103919 1.740869
60050468 1.740873
60049551 1.740877
60025162 1.740893
59774285 1.740901
59772874 1.740904
59768782 1.740908
59680778 1.740921
59673003 1.740926
59670943 1.740930
59621494 1.740935
59479734 1.740940
59468739 1.740944
59416105 1.740948
59360388 1.740956
59344733 1.740959
59344174 1.740963
59337248 1.740978
59335017 1.740982
59334852 1.740985
59303375 1.740989
59301519 1.740993
59286890 1.740999
59257166 1.741009
59245591 1.741020
59231191 1.741027
59165103 1.741033
59161503 1.741037
59137567 1.741046
59128428 1.741058
59062688 1.741065
59054588 1.741078
59052565 1.741090
59033639 1.741104
59030430 1.741108
59011663 1.741112
59010024 1.741115
59009761 1.741118
59005622 1.741121
58988788 1.741160
58962756 1.741163
58957584 1.741169
58919215 1.741173
58890317 1.741186
58856635 1.741193
58850448 1.741196
58849586 1.741200
58847725 1.741203
58847471 1.741218
58836858 1.741223
58670097 1.741235
58637413 1.741239
58624520 1.741243
58585861 1.741249
58557502 1.741263
58459794 1.741270
58396983 1.741280
58338390 1.741288
58154986 1.741301
58138099 1.741305
58121987 1.741308
58110751 1.741312
58040777 1.741321
58028784 1.741328
57966598 1.741340
57966079 1.741344
57965165 1.741347
57959950 1.741352
57949136 1.741380
57900564 1.741386
57880898 1.741390
57829894 1.741394
57784221 1.741409
57750838 1.741413
57748632 1.741416
57666519 1.741421
57652946 1.741459
57525827 1.741475
57524076 1.741480
57521721 1.741483
57510477 1.741491
57460809 1.741501
57439718 1.741504
57426001 1.741513
57396786 1.741521
57373379 1.741530
57350513 1.741533
57336958 1.741540
57330226 1.741547
57327517 1.741550
57308160 1.741560
57297831 1.741573
57279218 1.741580
57237129 1.741584
57229787 1.741614
57215783 1.741617
57207053 1.741625
57149943 1.741637
57141677 1.741640
57110862 1.741645
57101589 1.741649
57092908 1.741657
57091538 1.741662
57075179 1.741669
57056257 1.741722
57052760 1.741726
57051496 1.741735
57033613 1.741740
57030956 1.741748
56976002 1.741757
56924824 1.741765
56910818 1.741773
56894144 1.741785
56860654 1.741789
56860221 1.741791
56804949 1.741800
56227452 1.741811
56214544 1.741815
56209140 1.741822
56187274 1.741833
56186722 1.741845
56177226 1.741849
56155060 1.741852
56120057 1.741870
56107876 1.741874
56066220 1.741882
56044309 1.741889
55993063 1.741892
55963204 1.741896
55911794 1.741907
55908234 1.741910
55895611 1.741915
55882367 1.741927
55865338 1.741931
55853284 1.741936
55838864 1.741940
55790055 1.741948
55672018 1.741971
55671933 1.741978
55645816 1.741982
55611134 1.741987
55598230 1.741991
55329305 1.742001
55317824 1.742006
55315665 1.742011
55313948 1.742027
55286719 1.742035
55269685 1.742038
55268636 1.742042
55250306 1.742045
55240042 1.742063
55229672 1.742075
55204285 1.742090
55182754 1.742103
55108380 1.742114
55087822 1.742117
55086510 1.742121
55082982 1.742131
55017086 1.742156
55012077 1.742159
54961325 1.742166
54956451 1.742170
54926628 1.742177
54908078 1.742183
54892010 1.742191
54889570 1.742194
54875346 1.742199
54865113 1.742203
54855623 1.742206
54842865 1.742209
54836796 1.742212
54836267 1.742218
54816994 1.742236
54808819 1.742273
54801144 1.742290
54718392 1.742296
54686326 1.742303
54684508 1.742306
54669452 1.742309
54649882 1.742313
54645446 1.742334
54624059 1.742344
54541339 1.742350
54530199 1.742365
54525850 1.742379
54517918 1.742382
54507681 1.742397
54505237 1.742401
54447765 1.742405
54387330 1.742417
54288090 1.742432
54272849 1.742436
54268486 1.742440
54242664 1.742445
54221070 1.742448
54202680 1.742456
54189552 1.742460
54165385 1.742463
54146838 1.742467
54144373 1.742473
54118161 1.742481
54089836 1.742515
54082831 1.742520
54076970 1.742526
53975436 1.742532
53967472 1.742548
53954470 1.742555
53952204 1.742575
53797017 1.742583
53795739 1.742603
53793306 1.742609
53783089 1.742613
53753003 1.742616
53752510 1.742620
53734341 1.742624
53675671 1.742630
53663206 1.742633
53643545 1.742637
53640382 1.742662
53635110 1.742669
53631704 1.742678
53628453 1.742684
53583849 1.742692
53542956 1.742698
53539983 1.742701
53502413 1.742704
53491251 1.742714
53471841 1.742718
53421142 1.742730
53355852 1.742738
53312265 1.742744
53293083 1.742754
53278597 1.742757
53261081 1.742760
53245676 1.742777
53192951 1.742786
53185156 1.742790
53144404 1.742801
53052448 1.742806
53020090 1.742810
53005382 1.742822
52994840 1.742826
52983980 1.742829
52961709 1.742833
52953701 1.742836
52945852 1.742849
52938830 1.742853
52917579 1.742857
52897671 1.742867
52874187 1.742871
52844410 1.742876
52840896 1.742879
52825289 1.742896
52818967 1.742899
52781262 1.742906
52722236 1.742914
52704754 1.742922
52693978 1.742931
52674684 1.742940
52652174 1.742953
52640624 1.742956
52632190 1.742964
52542000 1.742973
52489677 1.742980
52479562 1.742985
52457473 1.742989
52419488 1.742999
52399264 1.743023
52375325 1.743039
52364681 1.743045
52314104 1.743059
52289535 1.743069
52278167 1.743084
52241663 1.743087
52218734 1.743090
52201738 1.743094
52166624 1.743100
52145369 1.743120
52141320 1.743131
52038632 1.743139
52000500 1.743146
51975165 1.743149
51950298 1.743154
51934899 1.743161
51931553 1.743168
51875543 1.743175
51862364 1.743178
51856507 1.743188
51733804 1.743204
51730376 1.743228
51721827 1.743243
51699382 1.743253
51698945 1.743259
51694942 1.743262
51677782 1.743275
51660018 1.743278
51652833 1.743291
51650937 1.743299
51648198 1.743303
51620758 1.743322
51604418 1.743326
51577518 1.743329
51557417 1.743335
51475466 1.743341
51475447 1.743348
51459693 1.743351
51435684 1.743359
51408842 1.743368
51383685 1.743373
51380391 1.743380
51363885 1.743383
51296781 1.743396
51294125 1.743400
51285620 1.743432
51283678 1.743437
51270547 1.743449
51262637 1.743453
51258821 1.743456
51247641 1.743465
51231874 1.743468
51222963 1.743477
51165879 1.743481
51151849 1.743485
51103024 1.743489
51080960 1.743496
51041487 1.743501
51020794 1.743508
50985369 1.743522
50967887 1.743527
50964287 1.743531
50957928 1.743550
50901915 1.743554
50899668 1.743579
50892722 1.743595
50890639 1.743599
50888216 1.743607
50814442 1.743612
50788808 1.743615
50781821 1.743619
50780910 1.743635
50728401 1.743641
50707584 1.743645
50704064 1.743658
50618779 1.743672
50598287 1.743678
50580158 1.743687
50520845 1.743701
50479760 1.743705
50454332 1.743708
50448121 1.743717
50406472 1.743721
50396979 1.743731
50375448 1.743738
50370288 1.743743
50360756 1.743747
50359838 1.743752
50347624 1.743767
50345247 1.743800
50344503 1.743807
50341802 1.743825
50327468 1.743840
50317713 1.743845
50314092 1.743848
50305130 1.743857
50302513 1.743864
50250133 1.743875
50243206 1.743880
50231040 1.743884
50229811 1.743887
50219601 1.743890
50217586 1.743904
50217370 1.743913
50205257 1.743918
50155925 1.743924
50121155 1.743927
50113383 1.743931
50051491 1.743939
50047618 1.743945
49987125 1.743955
49954391 1.743995
49953387 1.744016
49950171 1.744032
49859141 1.744041
49850077 1.744057
49760483 1.744066
49728847 1.744069
49725141 1.744076
49712586 1.744079
49692768 1.744088
49691581 1.744092
49643079 1.744100
49631218 1.744108
49591577 1.744131
49582100 1.744135
49577688 1.744138
49561775 1.744146
49551275 1.744160
49514521 1.744168
49483709 1.744179
49475751 1.744184
49472491 1.744187
49452558 1.744191
49440910 1.744199
49431160 1.744214
49420179 1.744219
49415287 1.744222
49400638 1.744228
49380678 1.744231
49379557 1.744234
49364706 1.744254
49325902 1.744262
49318020 1.744268
49274597 1.744275
49262003 1.744290
49191602 1.744295
49147964 1.744316
49147659 1.744321
49114596 1.744329
49106639 1.744336
49104372 1.744339
49100838 1.744343
49059609 1.744353
49058408 1.744357
49024634 1.744373
49015379 1.744388
48962109 1.744406
48946455 1.744415
48927800 1.744418
48925962 1.744436
48866816 1.744441
48842750 1.744444
48819422 1.744465
48795075 1.744469
48793993 1.744484
48771508 1.744494
48758509 1.744502
48657385 1.744506
48628842 1.744510
48624086 1.744514
48581054 1.744527
48542421 1.744533
48517429 1.744561
48502817 1.744609
48401130 1.744613
48400272 1.744618
48322173 1.744625
48313442 1.744629
48308707 1.744633
48276168 1.744641
48245584 1.744644
48235843 1.744648
48159177 1.744660
48152051 1.744685
48116916 1.744690
48074871 1.744712
48041431 1.744742
48026049 1.744746
48020018 1.744750
48009764 1.744756
48003202 1.744759
47996302 1.744762
47995665 1.744768
47977580 1.744772
47942010 1.744786
47931048 1.744792
47923145 1.744796
47857921 1.744799
47845339 1.744803
47842186 1.744831
47841955 1.744849
47838763 1.744852
47833265 1.744858
47728065 1.744865
47717240 1.744869
47704516 1.744876
47659527 1.744879
47653626 1.744882
47611746 1.744885
47603136 1.744888
47581740 1.744892
47553053 1.744906
47535887 1.744913
47499732 1.744924
47476950 1.744928
47459384 1.744938
47450951 1.744941
47433289 1.744945
47379104 1.744956
47341208 1.744965
47322986 1.744993
47288662 1.745003
47280167 1.745012
47269896 1.745016
47250695 1.745019
47212846 1.745029
47196788 1.745036
47180525 1.745039
47149586 1.745049
47132107 1.745071
47098517 1.745083
47046174 1.745087
47038553 1.745099
47028996 1.745102
47015672 1.745128
46998920 1.745144
46975290 1.745175
46965279 1.745179
46958251 1.745184
46936868 1.745190
46877906 1.745212
46860280 1.745217
46854378 1.745220
46850659 1.745223
46841589 1.745226
46797866 1.745230
46793091 1.745237
46787650 1.745243
46774074 1.745260
46757911 1.745264
46730253 1.745274
46697048 1.745285
46676956 1.745300
46675997 1.745303
46640225 1.745307
46639940 1.745322
46632072 1.745343
46602608 1.745353
46588368 1.745357
46561322 1.745360
46519693 1.745365
46474419 1.745422
46464932 1.745439
46447267 1.745443
46416910 1.745458
46360169 1.745466
46314976 1.745477
46313903 1.745507
46301078 1.745514
46293158 1.745525
46269085 1.745529
46253335 1.745540
46248662 1.745584
46241387 1.745631
46234344 1.745647
46225379 1.745653
46214127 1.745664
46208276 1.745673
46203223 1.745676
46168303 1.745687
46166762 1.745691
46136432 1.745718
46134331 1.745741
46128266 1.745745
46074177 1.745756
46061268 1.745768
46014140 1.745779
46013958 1.745806
45999920 1.745811
45998585 1.745832
45982960 1.745841
45980962 1.745844
45966214 1.745847
45961165 1.745856
45934003 1.745861
45907003 1.745867
45903563 1.745871
45899780 1.745876
45630605 1.745883
45577174 1.745888
45575773 1.745902
45571674 1.745909
45557623 1.745932
45551033 1.745936
45550967 1.745940
45545086 1.745951
45541881 1.745991
45531841 1.745997
45517569 1.746001
45512133 1.746007
45226490 1.746018
45216797 1.746021
45198587 1.746024
45188960 1.746041
45184947 1.746051
45176267 1.746056
45155220 1.746059
45150199 1.746066
45136132 1.746101
45127648 1.746111
45115912 1.746178
44887662 1.746213
44885115 1.746284
44874557 1.746298
44865349 1.746313
44437837 1.746323
44436924 1.746369
44410450 1.746373
44410196 1.746379
44400430 1.746383
44375648 1.746388
44352841 1.746433
44306842 1.746437
44295090 1.746447
44285778 1.746499
44279084 1.746503
44279024 1.746506
44247768 1.746511
44232380 1.746517
44223846 1.746521
44208815 1.746532
44152220 1.746537
44133175 1.746540
44084993 1.746550
44057667 1.746553
44048782 1.746567
43190097 1.746576
43139340 1.746588
43074882 1.746596
43071448 1.746600
43066788 1.746614
43016540 1.746622
43011219 1.746635
42973351 1.746642
42955628 1.746655
42942180 1.746661
42941105 1.746672
42940003 1.746684
42927578 1.746687
42914212 1.746690
42911725 1.746693
42827233 1.746706
42823866 1.746710
42804085 1.746733
42802887 1.746736
42781010 1.746772
42779943 1.746788
42778566 1.746813
42766825 1.746817
42746733 1.746821
42739025 1.746836
42732061 1.746840
42708730 1.746845
42708008 1.746848
42676727 1.746860
42657856 1.746871
42650716 1.746880
42648540 1.746892
42647374 1.746897
42614626 1.746904
42606148 1.746908
42535735 1.746911
42532334 1.746933
42419613 1.746944
42387202 1.746951
42376128 1.746954
42372643 1.746964
42333316 1.747235
42331555 1.747266
42328263 1.747286
42285806 1.747293
42285279 1.747304
42278457 1.747366
42170409 1.747378
42161066 1.747382
42122109 1.747405
42048512 1.747427
42046845 1.747454
42045962 1.747458
42044969 1.747473
42041143 1.747485
42026370 1.747500
42005847 1.747530
41983942 1.747560
41975951 1.747564
41885609 1.747574
41863331 1.747579
41815012 1.747597
41803867 1.747601
41795921 1.747604
41792171 1.747608
41773052 1.747642
41750550 1.747656
41738674 1.747692
41730334 1.747704
41725043 1.747715
41676218 1.747734
41675555 1.747741
41662534 1.747774
41655294 1.747781
41648554 1.747789
41641493 1.747794
41634834 1.747799
41632837 1.747820
41618649 1.747830
41605762 1.747843
41605420 1.747901
41601145 1.747931
41563285 1.747942
41562194 1.747951
41539580 1.747969
41538008 1.747972
41498190 1.747981
41493768 1.747993
41488140 1.747998
41449275 1.748011
41417161 1.748020
41375359 1.748043
41367886 1.748066
41333366 1.748076
41332565 1.748080
41302511 1.748098
41286096 1.748106
41251625 1.748110
41233606 1.748114
41224646 1.748117
41193217 1.748120
41189835 1.748127
41180001 1.748130
41147946 1.748142
41135870 1.748180
41121841 1.748185
41115724 1.748191
41109527 1.748196
41106054 1.748199
41005392 1.748219
40990096 1.748223
40986832 1.748245
40958993 1.748260
40951854 1.748263
40949870 1.748278
40939893 1.748283
40904188 1.748295
40888803 1.748298
40887740 1.748311
40824744 1.748323
40806938 1.748338
40777279 1.748341
40776090 1.748350
40627528 1.748389
40584105 1.748396
40582758 1.748402
40573307 1.748414
40558274 1.748427
40553912 1.748431
40551632 1.748434
40542909 1.748437
40462479 1.748445
40454160 1.748451
40374243 1.748465
40366794 1.748470
40363570 1.748479
40339072 1.748484
40331113 1.748491
40329817 1.748500
40322994 1.748507
40318133 1.748511
40311470 1.748515
40305394 1.748540
40285219 1.748547
40271769 1.748609
40230210 1.748615
40224138 1.748618
40170089 1.748632
40159515 1.748671
40158216 1.748683
40156178 1.748687
40147434 1.748691
40142375 1.748695
40136808 1.748708
40132365 1.748718
40115990 1.748729
40103432 1.748740
40075219 1.748754
40067829 1.748763
40066933 1.748835
40059601 1.748839
39939194 1.748847
39909524 1.748860
39907268 1.748865
39904834 1.748883
39892484 1.748887
39888325 1.749000
39602098 1.749030
39589973 1.749036
39580782 1.749048
39383920 1.749070
39382963 1.749076
39375209 1.749105
39359326 1.749111
39356870 1.749125
39350524 1.749131
39347241 1.749134
39341400 1.749191
39331110 1.749214
39300213 1.749253
39295258 1.749257
39084681 1.749270
39082495 1.749324
39073171 1.749333
39060114 1.749347
39051688 1.749350
39013616 1.749359
38992883 1.749371
38991429 1.749376
38971102 1.749391
38920443 1.749395
38916638 1.749410
38915658 1.749419
38914954 1.749440
38904842 1.749445
38903590 1.749453
38900788 1.749460
38851452 1.749468
38851382 1.749476
38848635 1.749482
38629901 1.749496
38618962 1.749504
38600513 1.749513
38589119 1.749540
38536393 1.749546
38494718 1.749563
38494487 1.749577
38464583 1.749585
38464462 1.749593
38449912 1.749635
38430531 1.749642
38427154 1.749646
38384028 1.749649
38376328 1.749655
38367816 1.749663
38367440 1.749686
38357420 1.749693
38355970 1.749707
38349373 1.749711
38321852 1.749737
38304757 1.749749
38289590 1.749754
38260364 1.749758
38223040 1.749763
38220609 1.749766
38210510 1.749775
38202219 1.749779
38198792 1.749825
38179082 1.749829
38168529 1.749832
38166781 1.749839
38159201 1.749855
38149521 1.749869
38123289 1.749907
38108856 1.749925
38107128 1.749930
38077008 1.749937
38050285 1.749941
38034487 1.749948
38029009 1.749962
38015144 1.749965
38010802 1.749991
38002295 1.750000
37948412 1.750004
37926615 1.750017
37919756 1.750020
37916869 1.750033
37914582 1.750037
37892962 1.750040
37884736 1.750047
37881782 1.750052
37870432 1.750094
37828194 1.750099
37825708 1.750106
37820506 1.750114
37816860 1.750152
37812657 1.750159
37810544 1.750177
37802350 1.750197
37801537 1.750203
37800017 1.750216
37794887 1.750238
37789847 1.750242
37786246 1.750249
37783584 1.750255
37781007 1.750285
37777858 1.750344
37774609 1.750360
37773405 1.750374
37767100 1.750379
37766520 1.750382
37728628 1.750407
37717206 1.750431
37708248 1.750435
37694984 1.750439
37671930 1.750447
37662240 1.750451
37658155 1.750463
37654754 1.750485
37641918 1.750569
37636136 1.750581
37635579 1.750675
37624381 1.750679
37409165 1.750727
37408944 1.750731
37406698 1.750795
37405456 1.750798
37342109 1.750889
37338531 1.750933
37297823 1.750954
37294619 1.751145
37262230 1.751318
37258063 1.751354
37055923 1.752503
37046990 1.752528
37004070 1.752753
37002357 1.753043
36999765 1.753109
36998166 1.753202
36996698 1.753294
36995911 1.754876
36990479 1.754916
36989301 1.754925
36982082 1.754931
36977727 1.754936
36974101 1.754956
36966271 1.754961
36964894 1.754965
36941183 1.754968
36923614 1.754973
36897566 1.754994
36878841 1.754999
36876145 1.755002
36874556 1.755017
36840815 1.755025
36824829 1.755030
36805618 1.755126
36802173 1.755135
36801806 1.755147
36792375 1.755152
36784579 1.755156
36778614 1.755165
36775180 1.755169
36769969 1.755173
36745845 1.755186
36735175 1.755195
36731461 1.755199
36728597 1.755211
36728125 1.755373
36714366 1.755377
36706622 1.755384
36699023 1.755388
36666588 1.755460
36665989 1.755493
36665165 1.755521
36467211 1.755552
36439460 1.755563
36422924 1.755567
36422916 1.755576
36418769 1.755603
36417910 1.755609
36416234 1.755626
36415243 1.755940
36403777 1.755950
36400551 1.755967
36391569 1.756074
36366474 1.756086
36339703 1.756162
36337288 1.756167
36332521 1.756177
36330665 1.756193
36327851 1.756197
36323998 1.756236
36297427 1.756241
36281150 1.756303
36278841 1.756325
36271497 1.756340
36264061 1.756378
36239481 1.756392
36208633 1.756401
36208106 1.756455
36198019 1.756461
36197860 1.756468
36194817 1.756508
36191800 1.756512
36090843 1.756523
36082257 1.756598
36081893 1.756604
36073192 1.756642
36057064 1.756714
36034288 1.756718
35929667 1.756726
35917826 1.756730
35916735 1.756764
35911940 1.756769
35895287 1.756793
35883124 1.756797
35839441 1.756844
35801716 1.756852
35540191 1.758926
35538489 1.758960
35528485 1.759157
35526407 1.759329
35524839 1.759334
35497682 1.760391
35497371 1.760429
35495478 1.760439
35485901 1.760647
35466737 1.760662
35465276 1.760706
35413256 1.760793
35410399 1.760797
35385381 1.760852
35383333 1.760857
35375834 1.760871
35365419 1.760880
35351491 1.761073
35346628 1.761197
35339604 1.761223
35337128 1.761246
35335362 1.761251
35319100 1.761283
35307171 1.761296
35303186 1.761305
35298095 1.761428
35229901 1.761434
35214940 1.761442
35210604 1.761453
35172920 1.761499
35162852 1.761530
35157678 1.761584
35152231 1.761644
35151953 1.761999
35085276 1.762270
35043393 1.762301
34921770 1.762334
34901115 1.762338
34897182 1.762341
34882363 1.762353
34880638 1.762514
34862102 1.762519
34855475 1.762628
34847786 1.762641
34833777 1.762646
34832643 1.762649
34816757 1.762652
34814488 1.762661
34808018 1.762665
34804933 1.762698
34801476 1.762714
34800995 1.763300
34405099 1.764853
34401509 1.764860
34398001 1.764864
34397292 1.764868
34379298 1.764931
34378891 1.764965
34368313 1.765006
34365659 1.765010
34359831 1.765022
34359259 1.765048
34357655 1.765145
34356609 1.765149
34356496 1.765154
34354951 1.765256
34349439 1.765265
34345520 1.765357
34345478 1.765461
34329234 1.765712
34329043 1.765730
34328087 1.765799
34313695 1.765804
34305940 1.765808
34305865 1.765817
34303141 1.765859
34300371 1.765868
34299637 1.765872
34293811 1.765879
34292082 1.765992
34282656 1.765996
34277728 1.766268
34252349 1.766424
34250032 1.766440
34249215 1.766451
34246179 1.766478
34239118 1.766485
34231264 1.766654
34226016 1.766662
34223278 1.766882
34217814 1.767314
34217254 1.767318
34215176 1.767328
34207608 1.767349
34203710 1.767355
34197139 1.767691
34196658 1.767711
34195858 1.767733
34193703 1.767876
34193105 1.767881
34189005 1.767904
34184660 1.771700
34181474 1.772560
34179552 1.772679
34122847 1.772717
34120343 1.772745
34115916 1.772750
34110655 1.772811
34092420 1.772816
34087706 1.772864
34085289 1.773004
34074419 1.773028
34062492 1.773032
34056108 1.773053
34052464 1.773188
34049825 1.773338
34046280 1.773345
34044166 1.773350
34043183 1.773434
34025675 1.773438
33995999 1.773456
33992752 1.773462
33990108 1.773615
33983683 1.773704
33981544 1.773987
33980526 1.774017
33974103 1.774843
33973174 1.774968
33972347 1.775355
33592122 1.775508
33580703 1.775514
33576222 1.775525
33572411 1.775533
33546041 1.775957
33544781 1.775961
33533779 1.775977
33525341 1.776038
33523552 1.776076
33515857 1.776081
33508670 1.776128
33506106 1.776160
33497861 1.776912
33495646 1.777081
33490931 1.777099
33488904 1.777134
33486302 1.777224
33485683 1.778000
33485524 1.778038
33476990 1.778147
33465291 1.778156
33462704 1.778182
33460625 1.778281
33457486 1.778286
33453290 1.778407
33450425 1.787322
33445601 1.787616
33445327 1.787912
33439569 1.787916
33438247 1.788422
33437790 1.788627
33433121 1.788941
33429990 1.789054
33420641 1.789062
33409530 1.789065
33409470 1.789069
33398793 1.789295
33388116 1.789307
33377544 1.792484
33315853 1.792507
33294823 1.792515
33292684 1.792724
33287533 1.792983
33287466 1.801298
33283755 1.801651
33283160 1.801656
33275292 1.801660
33271954 1.801668
33269689 1.801814
33266760 1.802063
33257190 1.802067
33256521 1.802074
33254440 1.803179
33244856 1.803894
33231941 1.803899
33231585 1.804220
33225781 1.804270
33225380 1.804613
33224694 1.804639
33222816 1.804656
33209434 1.804775
33208937 1.812620
33207934 1.812776
33199882 1.812846
33190934 1.813086
33188859 1.813124
33185768 1.813177
33158818 1.813274
33151155 1.813291
33149617 1.813374
33145814 1.813419
33143919 1.813424
33139312 1.813491
33136825 1.814617
33135809 1.814628
33129912 1.815130
33129340 1.815967
33117552 1.815977
33114807 1.817409
33112943 1.817433
33111477 1.817721
33110457 1.817744
33109918 1.818551
33102692 1.824089
33102564 1.824247
33098116 1.824295
33097503 1.824564
33092345 1.824948
33090331 1.824993
33089020 1.824998
33079487 1.836417
33078643 1.836459
33077451 1.836771
33075582 1.836781
33075540 1.837040
33075109 1.841643
33074897 1.841778
33072375 1.842630
33061416 1.842637
33057973 1.842642
33056260 1.842646
33054723 1.842702
33039471 1.842710
33036750 1.847300
33030686 1.847794
33027807 1.847834
33026281 1.847838
33022841 1.847956
33022770 1.847989
33022731 1.849248
33003696 1.849907
32999237 1.850042
32983439 1.850067
32981195 1.850132
32975462 1.850160
32973656 1.850316
32967496 1.850320
32967111 1.850333
32967080 1.850346
32949525 1.853858
32948611 1.856985
32934549 1.857175
32931102 1.857180
32926846 1.857272
32923842 1.858736
32923647 1.864205
32922961 1.864555
32922460 1.869087
32921774 1.869096
32920086 1.869479
32914824 1.869499
32913258 1.869551
32911725 1.870212
32903879 1.877230
32879927 1.877402
32843141 1.877407
32840009 1.878930
32838405 1.884579
32829910 1.884791
32819419 1.884873
32815411 1.885061
32815252 1.885088
32812650 1.885100
32812055 1.885792
32801254 1.889734
32801212 1.892040
32799231 1.892517
32798016 1.895010
32797825 1.895043
32796869 1.896733
32795886 1.897345
32794259 1.897454
32794166 1.898010
32794074 1.907232
32788099 1.911721
32788051 1.911750
32787311 1.932454
32783295 1.936581
32778868 1.937225
32777309 1.937231
32774878 1.937238
32774465 1.941040
32774205 1.952820
32773058 1.956974
32763239 2.096521
32763200 2.110009
32762925 2.110014
32759097 2.128642
32758841 2.697778
32757437 2.699846
32755499 2.915592
32754645 3.422358
32754026 3.561933
32752994 3.561945
32752555 3.625819
32752154 3.646736
32751145 3.841482
32749175 4.442195
32749078 7.426638
32748945 7.430160
32748568 8.067116
32745626 84.867519
32745626 684.868971
