PROBLEM_FILE = /tmp/tsp/6968.tmp/example.tmp
66909228 1.757896
66842461 1.757925
66820667 1.757930
66779917 1.757939
66751736 1.757943
66747256 1.757946
66726466 1.757961
66703780 1.757965
66695455 1.757971
66680692 1.757976
66598834 1.757983
66582839 1.757995
66560487 1.757999
66553637 1.758002
66507538 1.758028
66506724 1.758032
66477650 1.758036
66431245 1.758041
66410196 1.758045
66398781 1.758053
66316554 1.758065
66299000 1.758077
66283997 1.758085
66273946 1.758088
66243903 1.758091
66230843 1.758095
66210099 1.758099
66187079 1.758102
66164562 1.758107
66160681 1.758112
66146062 1.758121
66143734 1.758126
66127418 1.758129
66125887 1.758134
66110610 1.758139
66102163 1.758159
66062058 1.758171
66058741 1.758177
66053190 1.758187
66053058 1.758194
65862600 1.758203
65850467 1.758207
65786814 1.758211
65785648 1.758214
65698190 1.758217
65680268 1.758230
65676564 1.758233
65654651 1.758254
65185046 1.758265
65183792 1.758269
65108209 1.758274
65034994 1.758281
65017676 1.758284
64942206 1.758290
64923442 1.758293
64686331 1.758305
64668325 1.758309
64659357 1.758318
64640430 1.758322
64589986 1.758326
64382060 1.758329
64373171 1.758339
64354548 1.758344
64351194 1.758347
64339766 1.758355
64301735 1.758359
64273284 1.758362
64249457 1.758374
64206798 1.758388
64053661 1.758402
63977394 1.758408
63965557 1.758412
63955967 1.758415
63921278 1.758421
63859194 1.758432
63815851 1.758436
63813962 1.758472
63790314 1.758483
63776500 1.758504
63767185 1.758510
63690570 1.758518
63667407 1.758522
63643469 1.758537
63616078 1.758540
63596739 1.758544
63525275 1.758548
63462437 1.758558
63453854 1.758562
63422795 1.758578
63415966 1.758582
63367024 1.758585
63366733 1.758599
63358539 1.758603
63345101 1.758609
63336276 1.758615
63333615 1.758619
63328911 1.758623
63293621 1.758627
63291002 1.758634
62984371 1.758645
62957616 1.758666
62935574 1.758671
62905857 1.758679
62904516 1.758683
62830235 1.758694
62816957 1.758698
62738597 1.758703
62716685 1.758707
62713866 1.758710
62696114 1.758714
62670498 1.758720
62645539 1.758724
62592094 1.758737
62557617 1.758745
62492029 1.758754
62483004 1.758760
62482422 1.758766
62471902 1.758778
62303605 1.758786
62279449 1.758789
62246946 1.758800
62222700 1.758812
62192244 1.758826
62168922 1.758831
62168698 1.758839
62067931 1.758847
62063481 1.758852
62062630 1.758857
62028517 1.758860
62027933 1.758864
62026030 1.758933
62023640 1.758938
62018554 1.758942
62012219 1.758947
62002128 1.758951
61980267 1.758954
61975263 1.758957
61962394 1.758960
61915837 1.758968
61906222 1.758984
61877829 1.758994
61815303 1.758998
61809818 1.759006
61799818 1.759018
61798033 1.759031
61745424 1.759039
61706151 1.759050
61674591 1.759059
61630245 1.759067
61448523 1.759074
61442177 1.759077
61438075 1.759080
61350991 1.759088
61347751 1.759106
61343898 1.759110
61340187 1.759117
61339771 1.759124
61321423 1.759127
61236894 1.759134
61222043 1.759137
61210652 1.759140
61210317 1.759143
60603694 1.759154
60533173 1.759160
60529785 1.759166
60498046 1.759170
60460155 1.759184
60448632 1.759196
60434164 1.759211
60404594 1.759219
60397957 1.759222
60395806 1.759228
60388631 1.759232
60386352 1.759245
60332047 1.759256
60323263 1.759260
60303268 1.759266
60296517 1.759280
60291040 1.759283
60285503 1.759290
60275341 1.759299
60268023 1.759303
60257495 1.759308
60246863 1.759314
60237465 1.759317
60234497 1.759327
60225827 1.759330
60208346 1.759335
60202584 1.759342
60127320 1.759348
60125640 1.759352
60081016 1.759356
60066922 1.759363
60030372 1.759381
59994535 1.759387
59958134 1.759403
59915556 1.759407
59912887 1.759410
59864189 1.759413
59763434 1.759417
59762318 1.759420
59750830 1.759424
59720912 1.759429
59719491 1.759452
59714341 1.759459
59705471 1.759464
59686416 1.759468
59593210 1.759476
59586653 1.759480
59583492 1.759486
59577962 1.759491
59536157 1.759497
59522665 1.759500
59515252 1.759519
59510022 1.759522
59498690 1.759534
59446067 1.759538
59443178 1.759542
59419811 1.759546
59228198 1.759555
59196406 1.759558
59093806 1.759563
59071431 1.759575
59057796 1.759579
59040448 1.759582
59036973 1.759598
58934238 1.759618
58930008 1.759622
58927945 1.759629
58924754 1.759639
58900752 1.759647
58893203 1.759651
58855960 1.759658
58847596 1.759662
58845971 1.759672
58759842 1.759681
58752396 1.759686
58732258 1.759699
58709332 1.759703
58697210 1.759710
58685255 1.759715
58612183 1.759730
58594647 1.759738
58593886 1.759760
58463684 1.759772
58405764 1.759781
58337851 1.759786
58309258 1.759789
58297495 1.759792
58293272 1.759809
58280791 1.759821
58255171 1.759828
58211259 1.759832
58208371 1.759836
58198579 1.759849
58165784 1.759853
58105885 1.759861
58084798 1.759867
58034006 1.759875
58026876 1.759878
58017395 1.759881
58007964 1.759885
58003926 1.759894
57993035 1.759898
57892742 1.759904
57856870 1.759917
57847486 1.759925
57831761 1.759928
57744978 1.759941
57739039 1.759946
57690881 1.759952
57588304 1.759962
57505671 1.759980
57434547 1.759992
57432116 1.759998
57426565 1.760015
57230476 1.760028
57214011 1.760033
57167534 1.760037
57120814 1.760053
57064764 1.760066
57052166 1.760070
57043086 1.760074
57041302 1.760089
56919618 1.760093
56776278 1.760107
56773366 1.760110
56711331 1.760115
56692951 1.760126
56667341 1.760131
56618866 1.760135
56589025 1.760148
56575434 1.760158
56538900 1.760162
56477682 1.760165
56463200 1.760168
56437388 1.760176
56434930 1.760180
56425262 1.760185
56420180 1.760189
56389300 1.760207
56384826 1.760210
56368784 1.760213
56357088 1.760219
56312911 1.760227
56276075 1.760239
56237595 1.760242
56235665 1.760254
56228208 1.760270
56227514 1.760276
56219079 1.760284
56215381 1.760288
56194466 1.760291
56074761 1.760307
55997322 1.760310
55993003 1.760314
55794584 1.760320
55776758 1.760353
55729330 1.760357
55727864 1.760360
55714562 1.760364
55653073 1.760374
55621376 1.760383
55606691 1.760394
55603366 1.760400
55573353 1.760405
55554360 1.760409
55532646 1.760415
55300810 1.760421
55268896 1.760428
55267775 1.760435
55236573 1.760446
55224572 1.760460
55166717 1.760470
55159822 1.760475
55157435 1.760480
55112363 1.760483
55105329 1.760496
55080516 1.760501
54956460 1.760513
54931723 1.760519
54929189 1.760522
54924909 1.760525
54906473 1.760536
54835414 1.760547
54767508 1.760567
54758164 1.760570
54751622 1.760573
54709126 1.760583
54601292 1.760616
54561946 1.760622
54540945 1.760637
54512945 1.760641
54480409 1.760648
54471548 1.760651
54454299 1.760663
54374994 1.760680
54361530 1.760684
54352269 1.760692
54338546 1.760697
54318687 1.760701
54234582 1.760705
54229289 1.760717
54154521 1.760730
54147847 1.760736
54137504 1.760739
54106400 1.760754
54049354 1.760763
54024534 1.760772
53989755 1.760791
53951191 1.760801
53945249 1.760804
53710071 1.760811
53710026 1.760814
53697155 1.760818
53692073 1.760822
53642095 1.760826
53572968 1.760835
53568342 1.760839
53555588 1.760850
53542116 1.760854
53530090 1.760857
53475029 1.760876
53441734 1.760881
53441207 1.760898
53431863 1.760906
53352755 1.760915
53329648 1.760923
53320331 1.760929
53254952 1.760933
53182944 1.760943
53182107 1.760949
53101076 1.760955
53099241 1.760966
53085770 1.761002
53056482 1.761008
53043380 1.761012
52950454 1.761025
52922413 1.761029
52921958 1.761042
52918764 1.761049
52864896 1.761059
52834393 1.761062
52766644 1.761078
52693853 1.761083
52679129 1.761090
52663367 1.761094
52662884 1.761099
52626472 1.761108
52618189 1.761112
52555686 1.761119
52533982 1.761124
52500804 1.761129
52496313 1.761133
52478184 1.761141
52439531 1.761147
52426065 1.761151
52407754 1.761154
52372031 1.761158
52358775 1.761175
52353694 1.761179
52334658 1.761185
52283136 1.761191
52281859 1.761195
52253073 1.761201
52224546 1.761206
52178480 1.761211
52117342 1.761237
52115247 1.761243
52102850 1.761262
52070308 1.761277
52052319 1.761282
51993479 1.761287
51821865 1.761308
51804558 1.761322
51800829 1.761326
51684775 1.761335
51671092 1.761339
51588018 1.761344
51553531 1.761352
51550375 1.761355
51532066 1.761365
51499322 1.761371
51477670 1.761382
51460845 1.761390
51394573 1.761394
51351306 1.761397
51335630 1.761401
51259283 1.761407
51208734 1.761412
51134576 1.761416
51123089 1.761419
51092093 1.761422
51079832 1.761428
51053287 1.761431
51050771 1.761435
51036442 1.761438
50960898 1.761441
50956727 1.761444
50945938 1.761452
50771024 1.761456
50768584 1.761464
50754528 1.761470
50724649 1.761484
50595178 1.761494
50576186 1.761498
50558506 1.761507
50542941 1.761523
50483225 1.761529
50438208 1.761540
50258190 1.761543
50256086 1.761557
50133142 1.761566
50119952 1.761570
50112445 1.761573
50107256 1.761576
50079223 1.761623
50077845 1.761637
50070377 1.761646
50050170 1.761672
50044846 1.761678
49873725 1.761689
49659861 1.761705
49614774 1.761714
49613157 1.761718
49607546 1.761754
49554400 1.761764
49537353 1.761769
49503710 1.761773
49491687 1.761776
49471238 1.761779
49432386 1.761783
49377319 1.761790
49375267 1.761794
49348673 1.761802
49343415 1.761805
49328851 1.761819
49317557 1.761828
49306520 1.761850
49259274 1.761861
49243281 1.761865
49217250 1.761874
49189893 1.761885
49117285 1.761900
49105963 1.761908
49091030 1.761915
49091002 1.761918
49069361 1.761925
49053959 1.761930
49014297 1.761935
48978143 1.761938
48968974 1.761956
48958964 1.761972
48955437 1.761978
48930600 1.761982
48919172 1.761985
48896652 1.761988
48610600 1.762002
48593836 1.762006
48490193 1.762017
48459811 1.762028
48344363 1.762052
48334581 1.762069
48324859 1.762077
48316211 1.762080
48304858 1.762084
48301643 1.762087
48185030 1.762094
48159021 1.762105
48156829 1.762109
48153561 1.762113
48150568 1.762117
48148191 1.762160
48011682 1.762170
48007448 1.762176
47889947 1.762184
47842768 1.762194
47816585 1.762199
47815956 1.762203
47810688 1.762206
47808515 1.762212
47795331 1.762221
47724733 1.762236
47715333 1.762241
47686456 1.762244
47637803 1.762248
47595810 1.762254
47591756 1.762258
47574994 1.762261
47558548 1.762270
47486682 1.762277
47194776 1.762284
47178488 1.762291
47104060 1.762300
47019298 1.762303
46979039 1.762310
46923563 1.762313
46866822 1.762320
46860832 1.762326
46821855 1.762339
46810397 1.762342
46764425 1.762345
46726364 1.762356
46626728 1.762367
46587058 1.762370
46552289 1.762376
46514997 1.762379
46511702 1.762383
46508288 1.762386
46507901 1.762389
46495206 1.762406
46345191 1.762415
46334250 1.762427
46332867 1.762431
46262743 1.762443
46220217 1.762457
46218814 1.762462
46204854 1.762470
46197813 1.762481
46189705 1.762485
46145556 1.762498
46135532 1.762511
46125614 1.762524
46110376 1.762536
46091157 1.762540
46076110 1.762544
46061324 1.762555
46035881 1.762558
46027428 1.762561
46019551 1.762567
46009580 1.762604
45990803 1.762607
45988094 1.762611
45976637 1.762615
45969293 1.762618
45922342 1.762628
45914417 1.762635
45905023 1.762640
45903855 1.762649
45901610 1.762652
45771427 1.762661
45763427 1.762671
45749667 1.762678
45749214 1.762681
45727407 1.762684
45645502 1.762698
45612314 1.762703
45565390 1.762706
45559849 1.762709
45522415 1.762731
45447840 1.762745
45441891 1.762748
45416702 1.762758
45364837 1.762763
45331058 1.762767
45279145 1.762779
45254207 1.762783
45202581 1.762798
45192035 1.762833
45179429 1.762838
45168766 1.762845
45141697 1.762853
45114901 1.762856
45104274 1.762863
45084409 1.762866
45054986 1.762871
45032897 1.762882
45013771 1.762885
44999028 1.762890
44976210 1.762894
44959199 1.762909
44954181 1.762914
44398591 1.762922
44349653 1.762929
44342190 1.762932
44331299 1.762945
44320188 1.762951
44312726 1.762963
44284269 1.762973
44280377 1.762982
44277780 1.762985
44270320 1.762990
44240076 1.762993
44150572 1.762997
44126190 1.763008
44073500 1.763017
44048576 1.763022
44026174 1.763025
44007434 1.763030
43933080 1.763041
43930740 1.763054
43916316 1.763072
43913776 1.763081
43905049 1.763085
43896872 1.763088
43878889 1.763094
43861315 1.763097
43846958 1.763101
43816608 1.763104
43790571 1.763109
43762008 1.763116
43758871 1.763123
43755978 1.763130
43729132 1.763135
43690899 1.763144
43690541 1.763148
43672660 1.763151
43606713 1.763157
43600160 1.763165
43597696 1.763168
43592571 1.763172
43522635 1.763186
43454920 1.763189
43449568 1.763192
43409703 1.763200
43391125 1.763204
43368598 1.763209
43306557 1.763219
43263153 1.763223
43255503 1.763238
43247755 1.763278
43246198 1.763310
43241001 1.763313
43227085 1.763319
43206675 1.763469
43187710 1.763474
43181111 1.763490
43179201 1.763499
43175088 1.763526
43168184 1.763533
43167386 1.763540
43131289 1.763543
43130255 1.763547
43121346 1.763550
43094272 1.763559
43078847 1.763576
43072819 1.763585
43063680 1.763601
43057809 1.763618
42993760 1.763622
42977494 1.763631
42967513 1.763636
42942109 1.763640
42940972 1.763645
42940527 1.763649
42908889 1.763653
42895079 1.763664
42869849 1.763677
42859856 1.763701
42849759 1.763705
42847715 1.763709
42823159 1.763713
42787075 1.763719
42777706 1.763730
42739805 1.763745
42734212 1.763758
42636765 1.763766
42548413 1.763773
42545660 1.763783
42505341 1.763786
42482743 1.763793
42419347 1.763799
42397156 1.763805
42381892 1.763809
42353172 1.763882
42316621 1.763888
42316415 1.763899
42301662 1.763903
42268336 1.763909
42241143 1.763938
42198524 1.764016
42173213 1.764023
42129885 1.764036
42126213 1.764049
42037842 1.764060
42024523 1.764065
42010145 1.764088
41972109 1.764093
41969928 1.764103
41967655 1.764107
41963828 1.764110
41963369 1.764125
41945203 1.764138
41944381 1.764152
41939516 1.764171
41932846 1.764197
41877526 1.764200
41854498 1.764204
41761892 1.764218
41741920 1.764225
41741601 1.764231
41732408 1.764236
41544559 1.764243
41540322 1.764248
41513908 1.764289
41490207 1.764301
41447687 1.764306
41441441 1.764310
41434132 1.764315
41428385 1.764318
41389422 1.764322
41381930 1.764325
41378750 1.764330
41306032 1.764333
41277915 1.764336
41274003 1.764351
41268658 1.764367
41264752 1.764370
41165002 1.764385
41161878 1.764404
41138638 1.764456
41133875 1.764475
41128915 1.764483
41126488 1.764486
41118308 1.764495
41118086 1.764503
41110562 1.764507
41085771 1.764523
41077654 1.764530
41037591 1.764534
41032040 1.764548
41020751 1.764553
41011084 1.764557
41009186 1.764571
41007285 1.764575
40988017 1.764591
40976809 1.764600
40971112 1.764610
40954193 1.764630
40943136 1.764640
40921940 1.764644
40915959 1.764661
40911181 1.764668
40901975 1.764716
40870621 1.764731
40857932 1.764735
40847623 1.764751
40841761 1.764758
40746019 1.764774
40691405 1.764787
40690239 1.764790
40673595 1.764794
40662372 1.764815
40653835 1.764823
40598975 1.764828
40543849 1.764834
40540146 1.764837
40496175 1.764848
40488734 1.764851
40485742 1.764854
40475664 1.764865
40471476 1.764871
40467234 1.764878
40465329 1.764882
40465029 1.764887
40462944 1.764894
40453183 1.764910
40434200 1.764913
40432201 1.764920
40389053 1.764928
40383586 1.764952
40379903 1.764971
40374643 1.765028
40367839 1.765036
40366792 1.765066
40365520 1.765106
40179138 1.765265
40178420 1.765275
40174932 1.765311
40166093 1.765338
40158232 1.765350
40156813 1.765354
40155316 1.765357
40155130 1.765437
40153653 1.765460
40112982 1.765468
40111550 1.765471
40094213 1.765512
40091040 1.765519
40053380 1.765548
40031055 1.765554
39988880 1.765606
39987810 1.765613
39961524 1.765620
39929495 1.765626
39926873 1.765632
39926259 1.765645
39925135 1.765665
39911351 1.766137
39678947 1.766146
39671195 1.766170
39670085 1.766181
39666805 1.766185
39663190 1.766195
39660835 1.766228
39650606 1.766253
39568869 1.766261
39566022 1.766352
39563152 1.766395
39550497 1.766425
39532574 1.766430
39518462 1.766442
39396476 1.766448
39394309 1.766461
39393889 1.766483
39392150 1.766486
39372254 1.766492
39371651 1.766497
39355013 1.766516
39349029 1.766524
39335956 1.766527
39263443 1.766533
39247513 1.766536
39238040 1.766540
39208393 1.766551
39196402 1.766576
39152994 1.766585
39150442 1.766619
39150208 1.766630
39131313 1.766635
39119419 1.766660
39115742 1.766664
39105604 1.766699
39102574 1.766705
39101393 1.766709
39098481 1.766712
39095167 1.766718
39088827 1.766739
39073874 1.766746
39058483 1.766759
39056471 1.766785
39051313 1.766789
39048484 1.766833
39045680 1.766840
39041826 1.766843
38995021 1.766869
38992494 1.767044
38991553 1.767050
38991131 1.767056
38986957 1.767069
38960901 1.767073
38957056 1.767077
38950022 1.767238
38949116 1.767253
38936072 1.767263
38903767 1.767293
38890478 1.767306
38877694 1.767310
38871737 1.767324
38865212 1.767328
38858044 1.767333
38855336 1.767337
38803185 1.767341
38801222 1.767345
38799981 1.767360
38790829 1.767377
38744966 1.767389
38736296 1.767400
38710736 1.767418
38674823 1.767431
38640415 1.767440
38639738 1.767444
38573428 1.767457
38570204 1.767561
38566801 1.767571
38558794 1.767584
38556697 1.767588
38538396 1.767592
38535718 1.767598
38482897 1.767620
38476527 1.767624
38468001 1.767633
38466523 1.767637
38462042 1.767649
38458970 1.767658
38436721 1.767663
38435576 1.767675
38429497 1.767680
38412974 1.767683
38404149 1.767710
38386403 1.767726
38383305 1.767731
38380267 1.767738
38360997 1.767742
38212163 1.767763
38210702 1.767793
38209682 1.767801
38204230 1.767805
38189667 1.767835
38188458 1.767843
38174515 1.767871
38164894 1.767880
38153658 1.767891
38146863 1.767896
38144561 1.767908
38138619 1.767963
38118830 1.767971
38113215 1.767974
38095614 1.767977
38095377 1.767981
38088514 1.767986
38075685 1.768001
38073846 1.768009
38060442 1.768017
38051071 1.768039
38044727 1.768075
38033130 1.768104
38004681 1.768115
37991994 1.768151
37929077 1.768171
37917342 1.768182
37915943 1.768350
37914453 1.768357
37905857 1.768361
37896640 1.768367
37894103 1.768392
37878648 1.768406
37878270 1.768416
37860076 1.768421
37847178 1.768424
37844764 1.768447
37830203 1.768451
37816021 1.768458
37814842 1.768464
37814708 1.768511
37814092 1.768523
37797350 1.768531
37751137 1.768545
37741427 1.768548
37728483 1.768555
37586936 1.768564
37579153 1.768568
37571415 1.768574
37164288 1.768600
37160935 1.768676
37158894 1.768684
37156285 1.768688
37153977 1.768691
37147590 1.768708
37147073 1.768711
37106878 1.768717
37087877 1.768723
37082503 1.768728
37074431 1.768731
37069318 1.768742
37068690 1.768752
36998261 1.768766
36991295 1.768782
36976234 1.768817
36968878 1.768821
36967339 1.768832
36965184 1.768835
36963942 1.768847
36959565 1.768851
36950253 1.768885
36943724 1.768905
36931742 1.768910
36929856 1.768954
36922348 1.768971
36899848 1.768975
36898050 1.768998
36861960 1.769002
36836962 1.769012
36830137 1.769022
36822441 1.769028
36802506 1.769050
36796506 1.769054
36785461 1.769065
36783223 1.769070
36767101 1.769082
36759583 1.769085
36704071 1.769122
36703812 1.769127
36700417 1.769138
36696155 1.769143
36696062 1.769151
36690616 1.769161
36685158 1.769189
36679470 1.769199
36667787 1.769203
36608605 1.769214
36599160 1.769219
36597459 1.769228
36566588 1.769233
36561440 1.769238
36557980 1.769242
36453894 1.769248
36453406 1.769252
36452042 1.769255
36449793 1.769261
36447887 1.769264
36427034 1.769268
36423520 1.769278
36418696 1.769281
36415509 1.769289
36410456 1.769292
36408256 1.769303
36364578 1.769356
36350762 1.769668
36350667 1.769695
36348067 1.769706
36318496 1.769727
36316020 1.769966
36302562 1.769972
36297895 1.770235
36295258 1.770383
36293604 1.770390
36287899 1.770399
36281683 1.770830
36252152 1.770842
36229872 1.770854
36228543 1.770858
36225565 1.770863
36217646 1.770874
36210146 1.770881
36204511 1.770903
36202084 1.770911
36200797 1.770943
36191527 1.770956
36184429 1.770964
36156025 1.770971
36155063 1.771030
36132473 1.771035
36132145 1.771038
36127224 1.771041
36122218 1.771049
36106618 1.771061
36105793 1.771089
36102340 1.771139
36102178 1.771230
36089348 1.771234
36083596 1.771285
36071050 1.771314
36064608 1.771394
36061334 1.771442
36058591 1.771452
36056317 1.771463
36055500 1.771474
36020065 1.771708
36001859 1.771718
36001853 1.771741
35998168 1.771770
35969057 1.771857
35966187 1.771922
35955247 1.771936
35940248 1.771952
35930746 1.771956
35930333 1.771963
35924556 1.771969
35923830 1.772077
35909442 1.772087
35904500 1.772275
35900663 1.772291
35899476 1.772295
35884230 1.772330
35881489 1.772333
35874218 1.772395
35871844 1.772412
35863707 1.772468
35857080 1.772562
35853045 1.772575
35852282 1.772600
35851353 1.772628
35849273 1.772633
35845224 1.772642
35844003 1.772653
35833506 1.772657
35830556 1.772933
35820129 1.772940
35811831 1.772968
35810998 1.773049
35803688 1.773462
35802612 1.773518
35801081 1.773528
35797669 1.773533
35791165 1.773621
35778877 1.773631
35770783 1.773645
35720814 1.773657
35704507 1.773666
35686472 1.773730
35685588 1.773755
35683406 1.773760
35652013 1.773768
35644221 1.773891
35636776 1.773916
35614435 1.773920
35603745 1.774085
35599954 1.774125
35573654 1.774155
35536759 1.774168
35533065 1.774172
35506175 1.774193
35499798 1.774198
35498786 1.774203
35474713 1.774243
35444504 1.774248
35422435 1.774263
35416386 1.774282
35407547 1.774289
35393542 1.774319
35298095 1.775240
35294696 1.775293
35293465 1.775298
35291219 1.775332
35289941 1.775456
35279599 1.775469
35274583 1.775474
35273068 1.775596
35267047 1.775601
35263654 1.775627
35263256 1.775636
35262409 1.775646
35256831 1.775719
35255807 1.775798
35235468 1.775878
35214400 1.775957
35207012 1.775969
35198723 1.775985
35183246 1.775989
35136268 1.776080
35134240 1.776093
35112640 1.776110
35111947 1.776114
35109347 1.776129
35102519 1.776143
35097786 1.776222
35075861 1.776233
35021682 1.776266
35018447 1.776300
35015786 1.776315
35015047 1.776334
35006726 1.776360
34977883 1.776364
34969177 1.776368
34962219 1.776372
34961975 1.776378
34951889 1.776382
34946805 1.776386
34943792 1.776390
34926359 1.776393
34917734 1.776401
34910672 1.776405
34890705 1.776412
34886218 1.776416
34870860 1.776428
34822668 1.776433
34821755 1.776560
34817522 1.776596
34816019 1.776609
34813311 1.776613
34810960 1.776634
34808218 1.776641
34803465 1.776644
34801841 1.776733
34772573 1.776765
34751506 1.776770
34744468 1.777744
34731888 1.777828
34726527 1.777833
34711975 1.777843
34703988 1.777889
34702268 1.777988
34690395 1.777993
34666383 1.778015
34661469 1.778034
34658777 1.778038
34657717 1.778117
34642696 1.778122
34633790 1.778158
34627446 1.778195
34625649 1.778426
34623145 1.778451
34617787 1.778535
34599421 1.778544
34560270 1.778554
34557165 1.778559
34552782 1.778563
34549190 1.778569
34547512 1.778613
34541166 1.778647
34538416 1.778739
34537691 1.778767
34531249 1.779315
34530575 1.779321
34525279 1.779324
34483555 1.779336
34426333 1.779345
34413066 1.779349
34390255 1.779367
34381468 1.779377
34380949 1.779384
34380380 1.779396
34378165 1.779413
34370647 1.779423
34369327 1.779426
34360680 1.779430
34347601 1.779464
34344760 1.779552
34341546 1.779569
34339084 1.779583
34331944 1.779587
34326140 1.779612
34301106 1.779627
34299915 1.779639
34296621 1.779643
34277818 1.779648
34267946 1.779775
34257274 1.779811
34227514 1.779820
34172413 1.779823
34165448 1.779954
34151646 1.779982
34147966 1.780002
34137285 1.780015
34111459 1.780022
34097398 1.780025
34094656 1.780100
34089576 1.780163
34086454 1.780168
34084419 1.780172
34078168 1.780341
34068837 1.780431
34062799 1.780442
34047751 1.783821
34041875 1.783846
34036322 1.783915
34029529 1.783940
34024930 1.783946
34015001 1.783997
34014192 1.784007
34013481 1.784029
33753443 1.784228
33714072 1.784236
33706173 1.784241
33705975 1.784384
33703966 1.784404
33702619 1.784474
33701173 1.784480
33698290 1.784490
33697099 1.784571
33696488 1.784817
33694728 1.784824
33633297 1.784834
33632159 1.784854
33631819 1.784913
33629830 1.784931
33628562 1.784938
33626138 1.785143
33619542 1.785150
33612806 1.785624
33612620 1.785667
33611063 1.785692
33564036 1.785697
33555317 1.785705
33555015 1.785708
33550835 1.785728
33549115 1.787061
33531233 1.787266
33529653 1.787382
33526246 1.787420
33524170 1.787431
33520239 1.787434
33510725 1.787879
33508393 1.788014
33505577 1.788038
33503321 1.788223
33502261 1.788453
33501744 1.788695
33495585 1.788706
33491376 1.788885
33489064 1.788889
33486893 1.788914
33479541 1.789293
33456580 1.789319
33454016 1.789341
33437669 1.789352
33437241 1.789355
33435047 1.789359
33417403 1.789613
33402450 1.789625
33399155 1.790421
33395941 1.790578
33379298 1.800990
33376571 1.801012
33372728 1.801020
33372491 1.801522
33372433 1.801531
33371202 1.802490
33350294 1.802513
33349500 1.802550
33348323 1.805791
33338133 1.805799
33333261 1.805823
33283684 1.806018
33224051 1.806024
33211728 1.806141
33211719 1.806145
33208551 1.806214
33208506 1.806218
33202617 1.806290
33202189 1.806344
33191068 1.806377
33189834 1.806390
33187582 1.806447
33182128 1.806464
33180495 1.806509
33179614 1.806518
33178439 1.806525
33178005 1.806541
33173061 1.806579
33171473 1.806586
33165193 1.806721
33137806 1.806940
33130457 1.807136
33128684 1.807311
33118055 1.807421
33088969 1.810949
33082955 1.811031
33080421 1.811122
33079603 1.811362
33073012 1.812762
33072195 1.812770
33070564 1.813633
33069336 1.814497
33041033 1.814503
33035567 1.814513
33034715 1.814519
33031707 1.814541
33031649 1.814546
33031039 1.814816
33026630 1.815172
33024788 1.815180
33021754 1.815717
33017676 1.815742
33008809 1.815864
33008377 1.816159
33007986 1.816823
33006516 1.817651
33004618 1.820753
33004210 1.821081
33004168 1.821421
33000797 1.823291
33000744 1.824371
32999725 1.826000
32998092 1.826183
32984996 1.826282
32981562 1.826311
32977812 1.826639
32971087 1.826873
32970028 1.826904
32969382 1.826920
32966654 1.827932
32964713 1.828093
32960519 1.828099
32956732 1.828144
32942708 1.828429
32942346 1.828476
32925932 1.828696
32921311 1.828702
32918361 1.828766
32915327 1.828799
32914146 1.828843
32912308 1.829074
32907940 1.829302
32907906 1.829521
32905427 1.838533
32904320 1.839018
32900901 1.839108
32896969 1.839527
32890856 1.839631
32889040 1.839788
32887320 1.839793
32886864 1.839884
32879824 1.839962
32877112 1.840083
32876203 1.840089
32870978 1.840412
32868879 1.840604
32864179 1.843296
32862070 1.843615
32861742 1.843620
32860555 1.844011
32858052 1.844227
32853668 1.844243
32850098 1.844250
32848638 1.844550
32847344 1.845490
32842611 1.845541
32840553 1.845875
32840490 1.845921
32838238 1.846063
32834562 1.846084
32828410 1.846095
32825858 1.846134
32825022 1.846334
32821579 1.847936
32819002 1.848118
32818959 1.848125
32812785 1.848146
32810830 1.848442
32810352 1.848447
32809386 1.848456
32809032 1.848862
32807289 1.849243
32807114 1.850414
32801337 1.851136
32800265 1.851500
32793607 1.851515
32788950 1.851518
32782655 1.851641
32766526 1.851673
32764637 1.851756
32758543 1.851942
32757678 1.852015
32756831 1.852019
32755934 1.852059
32753400 1.852089
32753387 1.853846
32753150 1.853855
32749998 1.853859
32746121 1.854053
32745303 1.854718
32740616 1.880489
32739678 1.880501
32739510 1.884603
32734328 1.886306
32734212 1.887808
32734014 1.888013
32731164 1.890666
32730481 1.891187
32730374 1.891692
32727640 1.892686
32724898 1.892694
32720427 1.897104
32716041 1.898495
32714253 1.898818
32713841 1.901179
32713165 1.901205
32712340 1.901574
32712238 1.902630
32711537 1.902649
32705283 1.903312
32705282 1.904129
32704601 1.904233
32701536 1.904764
32692464 1.907633
32688396 1.909547
32687876 1.909807
32686742 1.911554
32683213 1.911576
32678033 1.911583
32674594 1.911738
32672919 1.912148
32661338 1.912538
32656954 1.912559
32656047 1.912566
32650940 1.913931
32649568 1.913969
32641184 1.914014
32640929 1.914029
32638747 1.914109
32638419 1.914194
32637988 1.914211
32633764 1.914264
32633292 1.914319
32627009 1.914400
32623883 1.914405
32618289 1.914410
32609532 1.914859
32606236 1.918264
32601011 1.918271
32598543 1.918296
32595340 1.918409
32593441 1.918429
32584644 1.918462
32580395 1.921838
32577783 1.921890
32576390 1.924294
32567348 1.926944
32567241 1.926949
32567055 1.927471
32565498 1.927495
32565474 1.927665
32563095 1.927700
32562909 1.927726
32559070 1.928107
32552816 1.928140
32552649 1.929158
32551539 1.938938
32548464 1.938986
32545801 1.939005
32545281 1.939044
32542292 1.939394
32540415 1.940093
32540238 1.940502
32540100 1.941722
32538357 1.942073
32537927 2.031130
32537253 2.076683
32535228 2.079361
32534567 2.170441
32531955 2.170453
32530858 2.408806
32530074 2.463978
32528420 2.690824
32527384 3.013477
32527207 3.013492
32526503 4.294789
32526054 4.294807
32525996 4.294812
32525658 93.597087
32525222 93.597221
32525222 693.597228
