PROBLEM_FILE = /tmp/tsp/7813.tmp/example.tmp
67294198 1.734194
67275552 1.734221
67269361 1.734225
67215916 1.734237
67181782 1.734243
67181673 1.734251
67171685 1.734265
67154929 1.734268
67139180 1.734279
67088147 1.734283
67066899 1.734292
67030469 1.734298
66982253 1.734317
66963483 1.734320
66961836 1.734323
66961311 1.734326
66881863 1.734342
66855902 1.734348
66812244 1.734355
66804936 1.734365
66801293 1.734373
66650532 1.734390
66648149 1.734413
66643257 1.734418
66565291 1.734424
66535053 1.734435
66447139 1.734439
66430088 1.734443
66421664 1.734454
66394745 1.734478
66382685 1.734482
66374632 1.734493
66364907 1.734498
66078437 1.734505
66075637 1.734515
66041473 1.734522
66033142 1.734526
66008255 1.734532
65973279 1.734535
65857263 1.734543
65823770 1.734546
65635190 1.734558
65626841 1.734562
65618625 1.734565
65615100 1.734568
65591846 1.734572
65530948 1.734583
65488325 1.734594
65479504 1.734603
65478002 1.734606
65471042 1.734617
65466685 1.734622
65456457 1.734632
65419223 1.734640
65415166 1.734652
65415043 1.734657
65402266 1.734660
65362385 1.734674
65359444 1.734677
65332067 1.734684
65319061 1.734690
65299214 1.734701
65295782 1.734705
65250149 1.734722
65193105 1.734733
65189233 1.734743
65188166 1.734746
65114654 1.734762
65055754 1.734778
65051597 1.734788
65049570 1.734792
65034036 1.734796
64901857 1.734802
64855709 1.734805
64853212 1.734813
64839216 1.734817
64811105 1.734824
64763919 1.734833
64763206 1.734840
64673853 1.734859
64647017 1.734871
64568421 1.734885
64560228 1.734888
64519915 1.734893
64498148 1.734897
64451656 1.734902
64438205 1.734911
64427483 1.734914
64424663 1.734918
64409935 1.734921
64391586 1.734932
64333300 1.734942
64296919 1.734950
64293456 1.734954
64217478 1.734959
64216441 1.734964
64203697 1.734970
64178448 1.734981
64176051 1.734990
64019183 1.735000
63987330 1.735003
63935466 1.735017
63873857 1.735030
63866146 1.735055
63862004 1.735059
63804714 1.735062
63784017 1.735071
63781048 1.735091
63774121 1.735095
63769844 1.735104
63738190 1.735110
63720784 1.735115
63631469 1.735126
63621232 1.735129
63609401 1.735133
63577976 1.735137
63570140 1.735140
63546090 1.735148
63494346 1.735159
63473199 1.735163
63456950 1.735166
63456671 1.735172
63456055 1.735176
63448597 1.735182
63436552 1.735185
63415818 1.735189
63367158 1.735197
63360929 1.735203
63351700 1.735207
63337496 1.735235
63310480 1.735254
63310473 1.735257
63162966 1.735272
63156935 1.735284
63151280 1.735297
63141612 1.735303
63045494 1.735313
63045390 1.735317
63009493 1.735324
63006467 1.735327
62974588 1.735330
62937760 1.735333
62919230 1.735336
62868638 1.735347
62845911 1.735351
62814369 1.735362
62587244 1.735373
62580144 1.735376
62578806 1.735389
62522674 1.735393
62454133 1.735399
62447303 1.735407
62419110 1.735410
62402159 1.735414
62401786 1.735418
62333287 1.735425
62323495 1.735429
62262444 1.735434
62208821 1.735454
62176570 1.735458
62131431 1.735479
61998197 1.735497
61997287 1.735500
61994168 1.735523
61993664 1.735528
61992839 1.735531
61843116 1.735567
61761387 1.735591
61756816 1.735621
61738724 1.735624
61733491 1.735630
61713632 1.735634
61702961 1.735638
61697330 1.735643
61687301 1.735648
61638724 1.735651
61637258 1.735659
61594171 1.735666
61509826 1.735682
61508689 1.735690
61487811 1.735694
61443784 1.735697
61436485 1.735703
61429007 1.735707
61428998 1.735710
61401613 1.735718
61379341 1.735722
61373138 1.735736
61343640 1.735751
61240785 1.735760
61218601 1.735763
61194914 1.735770
61064718 1.735782
61052720 1.735787
61051115 1.735793
61033269 1.735800
61016102 1.735814
61001860 1.735829
60951087 1.735833
60752477 1.735841
60636159 1.735853
60589229 1.735858
60589172 1.735863
60535428 1.735870
60522048 1.735891
60419901 1.735900
60393119 1.735904
60363051 1.735908
60343969 1.735911
60326601 1.735917
60309943 1.735921
60243524 1.735941
60225276 1.735952
60217299 1.735957
60208145 1.735960
60167676 1.735964
60156716 1.735977
60147831 1.735980
60107632 1.735997
60105491 1.736000
60071843 1.736004
60058243 1.736014
60057756 1.736019
60018938 1.736024
59992501 1.736039
59939591 1.736044
59937913 1.736054
59907643 1.736058
59898494 1.736064
59863789 1.736072
59832968 1.736076
59817089 1.736081
59803758 1.736092
59794042 1.736101
59790592 1.736114
59767954 1.736121
59738118 1.736165
59705463 1.736175
59698487 1.736181
59665381 1.736187
59632548 1.736198
59617767 1.736215
59536949 1.736219
59481022 1.736235
59475568 1.736240
59417295 1.736243
59367350 1.736249
59362311 1.736253
59345600 1.736268
59335796 1.736272
59330660 1.736284
59330028 1.736293
59295881 1.736303
59281542 1.736306
59244134 1.736314
59220300 1.736319
59186133 1.736322
59177873 1.736326
59174285 1.736333
59171751 1.736338
59171667 1.736341
59061045 1.736348
59046148 1.736357
59027185 1.736364
59023436 1.736380
58989260 1.736383
58976824 1.736388
58975644 1.736398
58965863 1.736409
58958907 1.736412
58929638 1.736416
58914028 1.736422
58911611 1.736432
58908259 1.736438
58814455 1.736448
58791039 1.736466
58788531 1.736474
58781031 1.736485
58698340 1.736498
58669973 1.736508
58659264 1.736512
58653445 1.736537
58633625 1.736541
58602980 1.736556
58601850 1.736562
58598055 1.736569
58559459 1.736573
58553153 1.736582
58497617 1.736586
58490070 1.736600
58366384 1.736607
58306915 1.736611
58220029 1.736620
58197494 1.736626
58148243 1.736632
58146742 1.736645
58092603 1.736653
58084746 1.736656
58048617 1.736675
58047791 1.736684
58022858 1.736691
57956912 1.736696
57956215 1.736700
57848080 1.736719
57810133 1.736723
57798684 1.736732
57787561 1.736740
57769737 1.736744
57554840 1.736756
57552169 1.736760
57550528 1.736763
57502353 1.736774
57498120 1.736784
57491688 1.736787
57463595 1.736791
57440044 1.736794
57436068 1.736824
57406937 1.736828
57364766 1.736832
57361130 1.736838
57346350 1.736843
57310764 1.736846
57259905 1.736900
57188121 1.736965
57141717 1.736979
57085554 1.737091
57055294 1.737095
57041521 1.737101
56971591 1.737111
56968449 1.737121
56942326 1.737128
56933569 1.737138
56919113 1.737146
56893365 1.737150
56887824 1.737160
56825639 1.737175
56787734 1.737181
56787360 1.737185
56771343 1.737200
56760134 1.737212
56738812 1.737216
56729263 1.737219
56715612 1.737223
56707091 1.737226
56654729 1.737238
56569517 1.737253
56547899 1.737257
56528517 1.737264
56527287 1.737269
56499921 1.737275
56492843 1.737280
56444906 1.737283
56443355 1.737287
56378456 1.737291
56351719 1.737297
56324926 1.737301
56308138 1.737304
56203702 1.737313
56163655 1.737325
55808475 1.737333
55808179 1.737336
55746190 1.737345
55724666 1.737350
55688935 1.737354
55684757 1.737368
55673471 1.737372
55668689 1.737377
55633343 1.737384
55616917 1.737388
55536284 1.737399
55525907 1.737402
55455401 1.737412
55444648 1.737416
55435371 1.737419
55427820 1.737422
55411653 1.737426
55396543 1.737430
55379086 1.737433
55365487 1.737452
55361436 1.737456
55341044 1.737459
55279273 1.737463
55275478 1.737468
55218656 1.737475
55205765 1.737479
55193604 1.737483
55147434 1.737500
55052681 1.737504
55031610 1.737519
55014365 1.737523
55004502 1.737526
54990317 1.737539
54989784 1.737542
54979994 1.737545
54850029 1.737554
54783424 1.737561
54719595 1.737569
54557520 1.737576
54556010 1.737579
54527745 1.737596
54491997 1.737606
54462982 1.737612
54454662 1.737617
54450268 1.737628
54372316 1.737633
54354874 1.737652
54344541 1.737662
54295981 1.737678
54251183 1.737687
54245214 1.737692
54235684 1.737715
54205653 1.737724
54176798 1.737727
54141905 1.737731
54115638 1.737734
54105009 1.737751
54027410 1.737759
53949834 1.737773
53947167 1.737795
53943023 1.737799
53924297 1.737809
53839952 1.737820
53810764 1.737826
53775571 1.737830
53772856 1.737835
53759274 1.737841
53754907 1.737844
53745183 1.737848
53720886 1.737860
53707814 1.737864
53698677 1.737868
53696689 1.737873
53693301 1.737895
53663037 1.737912
53626050 1.737930
53594955 1.737933
53572623 1.737937
53532016 1.737953
53520696 1.737960
53481610 1.737969
53466261 1.737972
53457555 1.737996
53455577 1.738000
53429840 1.738007
53424568 1.738010
53003566 1.738020
52956164 1.738027
52953063 1.738039
52951771 1.738055
52913798 1.738064
52884355 1.738071
52880442 1.738075
52856938 1.738078
52852552 1.738084
52824691 1.738110
52753559 1.738137
52727345 1.738145
52705974 1.738148
52692713 1.738152
52652635 1.738160
52634718 1.738176
52613558 1.738181
52518583 1.738192
52447122 1.738202
52394559 1.738206
52393867 1.738224
52392760 1.738235
52389109 1.738247
52356102 1.738267
52356048 1.738270
52352042 1.738279
52318880 1.738290
52235957 1.738298
52191343 1.738315
52105858 1.738340
52091708 1.738345
52087275 1.738352
52085044 1.738356
52052698 1.738370
52045029 1.738390
52034236 1.738400
52023155 1.738403
51849021 1.738414
51830124 1.738430
51823029 1.738435
51809228 1.738446
51793531 1.738450
51785677 1.738456
51715918 1.738464
51708660 1.738467
51704807 1.738482
51699732 1.738486
51681334 1.738496
51484327 1.738502
51484029 1.738509
51480894 1.738517
51451435 1.738522
51436032 1.738530
51397954 1.738533
51397644 1.738537
51365458 1.738549
51323140 1.738563
51288219 1.738567
51278492 1.738578
51258431 1.738582
51230705 1.738588
51210305 1.738596
51206712 1.738609
51202274 1.738617
51172708 1.738622
51154189 1.738646
51141293 1.738659
51124159 1.738662
51096732 1.738678
51085410 1.738688
51054407 1.738703
51023522 1.738706
51006435 1.738735
51002243 1.738748
50870799 1.738753
50865316 1.738756
50820306 1.738762
50763449 1.738771
50760896 1.738776
50760235 1.738782
50745095 1.738804
50719825 1.738809
50706335 1.738813
50703196 1.738816
50641389 1.738820
50640396 1.738826
50639293 1.738831
50468541 1.738843
50453366 1.738854
50407520 1.738858
50403835 1.738877
50371339 1.738882
50358358 1.738889
50343345 1.738895
50314417 1.738899
50309884 1.738903
50303498 1.738907
50297688 1.738910
50287857 1.738920
50287292 1.738938
50264113 1.738946
50244114 1.738959
50182437 1.738974
49785196 1.738982
49735108 1.738986
49609991 1.739000
49547359 1.739006
49545516 1.739010
49537153 1.739013
49371578 1.739024
49367689 1.739033
49367457 1.739041
49294958 1.739053
49269600 1.739061
49143160 1.739069
49140054 1.739081
49127707 1.739085
49107476 1.739099
49102838 1.739103
49091958 1.739108
49085325 1.739114
49080762 1.739121
49079877 1.739126
49025266 1.739136
49013903 1.739147
48960326 1.739154
48954074 1.739162
48632219 1.739180
48629728 1.739184
48558318 1.739193
48554492 1.739204
48530074 1.739208
48496120 1.739212
48482862 1.739215
48481363 1.739218
48412007 1.739225
48383504 1.739230
48383044 1.739236
48380140 1.739241
48377199 1.739249
48370599 1.739253
48366510 1.739270
48325122 1.739274
48316866 1.739278
48307274 1.739281
48297440 1.739287
48283878 1.739293
48263444 1.739296
48247766 1.739315
48195000 1.739319
48102464 1.739328
48066568 1.739336
48039157 1.739350
48015845 1.739353
47965216 1.739364
47953497 1.739395
47949202 1.739451
47874160 1.739457
47849766 1.739462
47795436 1.739473
47793704 1.739487
47735984 1.739497
47706856 1.739512
47682757 1.739516
47679232 1.739537
47504107 1.739547
47474161 1.739553
47472078 1.739558
47458239 1.739562
47441419 1.739568
47432734 1.739582
47417443 1.739585
47410787 1.739588
47393645 1.739591
47392045 1.739620
47360340 1.739624
47359537 1.739628
47355856 1.739645
47301534 1.739649
47293328 1.739673
47270119 1.739677
47233004 1.739686
47205670 1.739696
47177800 1.739704
47165356 1.739714
47141882 1.739721
47016931 1.739728
46993928 1.739732
46976474 1.739739
46940376 1.739749
46938477 1.739757
46936811 1.739762
46918674 1.739765
46900919 1.739773
46864974 1.739779
46849275 1.739796
46841922 1.739800
46818010 1.739812
46769772 1.739819
46767291 1.739822
46710461 1.739829
46685656 1.739832
46600616 1.739840
46587822 1.739846
46579091 1.739853
46448313 1.739864
46426906 1.739874
46373786 1.739878
46348212 1.739881
46342153 1.739884
46311709 1.739889
46307296 1.739893
46293072 1.739898
46288565 1.739901
46277362 1.739929
46236273 1.739933
46207640 1.739947
46192076 1.739964
46017108 1.739977
45983977 1.739988
45981129 1.739995
45963692 1.740000
45931551 1.740006
45917642 1.740025
45850861 1.740034
45761577 1.740045
45746066 1.740061
45601016 1.740065
45595761 1.740070
45564911 1.740076
45551871 1.740081
45531540 1.740084
45517699 1.740098
45409312 1.740107
45378067 1.740120
45370873 1.740143
45366092 1.740177
45352975 1.740184
45320937 1.740189
45307840 1.740192
45276416 1.740196
45229629 1.740200
45168021 1.740212
45140132 1.740216
45114186 1.740220
45103829 1.740224
45102004 1.740228
45100442 1.740242
45097002 1.740249
45058774 1.740264
45054808 1.740274
45007376 1.740280
44991621 1.740284
44991077 1.740287
44984634 1.740291
44979344 1.740294
44979193 1.740319
44978624 1.740339
44968247 1.740343
44965943 1.740377
44939307 1.740397
44932573 1.740410
44906175 1.740417
44822815 1.740429
44799212 1.740438
44747629 1.740443
44681868 1.740458
44681045 1.740462
44676523 1.740469
44669117 1.740473
44661554 1.740477
44617965 1.740484
44616048 1.740488
44599049 1.740493
44598403 1.740501
44588171 1.740509
44580800 1.740512
44576934 1.740521
44378007 1.740536
44374766 1.740541
44349473 1.740549
44328350 1.740557
44326461 1.740561
44300394 1.740565
44266152 1.740568
44261657 1.740575
44260414 1.740601
44233845 1.740606
44195896 1.740633
44153538 1.740646
44151310 1.740665
44128179 1.740669
44099607 1.740676
44033266 1.740682
43859207 1.740694
43855119 1.740723
43850120 1.740738
43817169 1.740742
43799923 1.740751
43790609 1.740756
43768396 1.740780
43750368 1.740865
43748104 1.740870
43674121 1.740878
43672713 1.740890
43670617 1.740894
43668850 1.740900
43664488 1.740912
43614099 1.740920
43593199 1.740923
43588280 1.740941
43553578 1.740948
43507272 1.740958
43506079 1.740974
43473402 1.740977
43458492 1.740987
43458157 1.740993
43451222 1.741006
43448768 1.741021
43431863 1.741037
43425324 1.741047
43392628 1.741058
43391528 1.741061
43387403 1.741065
43374858 1.741086
43057342 1.741093
43050790 1.741097
43029503 1.741101
43029174 1.741107
43028526 1.741110
43027148 1.741123
42998472 1.741127
42952293 1.741149
42912067 1.741153
42904970 1.741156
42903223 1.741176
42878902 1.741182
42874889 1.741189
42873700 1.741201
42715992 1.741208
42686175 1.741216
42680482 1.741244
42558920 1.741258
42508096 1.741262
42507636 1.741273
42448830 1.741283
42437247 1.741294
42165519 1.741619
42164767 1.741626
42144721 1.741634
42122332 1.741691
42116624 1.741740
42038581 1.741819
42033489 1.741824
42031582 1.741832
42008776 1.741835
42002296 1.741841
41991605 1.741849
41970103 1.741858
41964342 1.741885
41939016 1.741891
41929104 1.741924
41915747 1.741929
41895615 1.741936
41883079 1.741940
41876920 1.741953
41840439 1.741959
41829367 1.741985
41811163 1.741990
41800217 1.741994
41797527 1.741997
41792004 1.742000
41790128 1.742031
41788310 1.742047
41120096 1.742061
41082980 1.742087
41081323 1.742139
41070320 1.742145
41047888 1.742179
41040973 1.742184
41040964 1.742199
41035043 1.742257
41021762 1.742286
41001831 1.742295
40997948 1.742299
40933789 1.742325
40920801 1.742336
40917983 1.742342
40890108 1.742345
40887026 1.742359
40854818 1.742363
40853703 1.742379
40773290 1.742401
40770748 1.742404
40758770 1.742418
40717158 1.742428
40699914 1.742450
40698851 1.742699
40654602 1.742729
40646105 1.742734
40639583 1.742819
40559389 1.742851
40555265 1.742859
40542080 1.742864
40529976 1.742898
40522121 1.742902
40488176 1.742908
40388577 1.742940
40383518 1.742966
40265015 1.742976
40230855 1.742991
40218013 1.742994
40201459 1.742997
40183970 1.743003
40175018 1.743006
39814458 1.743019
39746266 1.743023
39741278 1.743039
39706946 1.743044
39690432 1.743068
39686138 1.743072
39685173 1.743078
39683018 1.743094
39676373 1.743104
39651458 1.743109
39651241 1.743112
39546502 1.743131
39545894 1.743144
39545453 1.743154
39533802 1.743162
39513541 1.743233
39493544 1.743244
39486444 1.743248
39466955 1.743295
39462818 1.743299
39459017 1.743309
39452912 1.743313
39440312 1.743319
39436056 1.743349
39415533 1.743364
39394864 1.743375
39367024 1.743393
39365144 1.743408
39357561 1.743417
39343193 1.743421
39331564 1.743427
39302424 1.743431
39296110 1.743442
39293542 1.743496
39284132 1.743503
39282493 1.743534
39268751 1.743538
39266330 1.743541
38782201 1.743553
38778736 1.743584
38763083 1.743587
38762034 1.743590
38740400 1.743594
38738945 1.743604
38697413 1.743612
38692881 1.743618
38688570 1.743684
38652200 1.743696
38643062 1.743719
38565947 1.743734
38529752 1.743743
38529312 1.743747
38528786 1.743759
38498068 1.743772
38497945 1.743786
38477788 1.743799
38474327 1.743802
38425987 1.743811
38421636 1.743815
38349453 1.743834
38337847 1.743844
38328770 1.743853
38328480 1.743861
38317573 1.743875
38315792 1.743878
38304370 1.743897
38284434 1.743901
38228337 1.743964
38145646 1.743991
38120799 1.744000
38114075 1.744010
38112475 1.744014
38107192 1.744102
38101384 1.744257
38074441 1.744263
38061922 1.744374
38051585 1.744452
38048836 1.744465
38045317 1.744484
38041020 1.744491
38034159 1.744499
38029444 1.744502
38027450 1.744520
38026457 1.744524
38012414 1.744539
37999990 1.744543
37831221 1.744562
37829451 1.744568
37824058 1.744581
37805538 1.744600
37793442 1.744610
37793307 1.744615
37768108 1.744618
37710199 1.744622
37694283 1.744631
37693910 1.744637
37679379 1.744775
37674905 1.744780
37666402 1.744784
37664418 1.744787
37660943 1.744791
37658698 1.744858
37652346 1.744862
37632429 1.744868
37596665 1.744884
37583538 1.744892
37575977 1.744933
37567245 1.744954
37519872 1.745017
37515231 1.745028
37500240 1.745039
37480498 1.745050
37475911 1.745063
37398354 1.745092
37387588 1.745103
37383836 1.745109
37369602 1.745115
37363154 1.745118
37357307 1.745128
37356649 1.745132
37348893 1.745173
37347034 1.745178
37317217 1.745185
37294908 1.745211
37288932 1.745214
37284800 1.745222
37234726 1.745227
37215611 1.745240
37202142 1.745244
37189132 1.745276
37176485 1.745376
37175693 1.745413
37157312 1.745481
37152673 1.745485
37129511 1.745490
37124586 1.745504
37123345 1.745552
37117756 1.745556
37114194 1.745561
37112809 1.745582
37094930 1.745588
37091151 1.745603
37085727 1.745608
37062596 1.745640
37061865 1.745646
37058170 1.745660
37021060 1.745667
37019384 1.745683
37018727 1.745697
37009285 1.745701
36996886 1.745705
36980051 1.745723
36974782 1.745844
36974711 1.745853
36960601 1.745863
36953218 1.745867
36953147 1.745876
36932000 1.745916
36931149 1.745927
36908153 1.745931
36902742 1.745942
36848996 1.745952
36847542 1.745956
36837062 1.745967
36833566 1.745972
36828423 1.745979
36807915 1.745992
36807774 1.746035
36807608 1.746039
36742197 1.746043
36739490 1.746047
36738906 1.746112
36733596 1.746120
36719443 1.746170
36703258 1.746177
36701922 1.746209
36691114 1.746220
36660921 1.746227
36644959 1.746242
36643401 1.746246
36642771 1.746273
36631625 1.746294
36628611 1.746304
36622151 1.746307
36610937 1.746347
36588127 1.746353
36584693 1.746385
36575835 1.746426
36544493 1.746456
36542029 1.746465
36529470 1.746477
36509097 1.746488
36501420 1.746491
36485837 1.746507
36472527 1.746511
36464588 1.746526
36442304 1.746530
36421596 1.746533
36417497 1.746545
36399231 1.746556
36395505 1.746560
36392939 1.746577
36389855 1.746608
36382056 1.746612
36364105 1.746615
36338779 1.746618
36336968 1.746622
36334808 1.746626
36333470 1.746709
36307525 1.746732
36246056 1.746765
36240332 1.746771
36221747 1.746782
36218027 1.746785
36214008 1.746820
36158314 1.746831
36088787 1.746835
36085451 1.746877
36080128 1.746896
36073846 1.746912
36057062 1.746915
36055451 1.747132
36035102 1.747142
36032890 1.747153
36020744 1.747156
36006630 1.747195
36004495 1.747204
35998826 1.747226
35988614 1.747239
35974243 1.747244
35960564 1.747248
35946614 1.747253
35945511 1.747337
35938178 1.747344
35934372 1.747347
35915151 1.747491
35903002 1.747496
35837545 1.747517
35836667 1.747521
35827136 1.747538
35813683 1.747543
35799610 1.747570
35785152 1.747581
35759111 1.747588
35747017 1.747597
35729933 1.747601
35665324 1.747604
35657922 1.747607
35636097 1.747610
35632840 1.747613
35628656 1.747630
35605378 1.748157
35604274 1.748169
35564047 1.748174
35544157 1.748350
35542214 1.748372
35541908 1.748379
35539307 1.748425
35528059 1.748606
35527335 1.748615
35522657 1.748621
35518230 1.748650
35511361 1.748659
35507715 1.748672
35503966 1.748681
35497248 1.748687
35496971 1.748698
35458321 1.749065
35452396 1.749103
35449594 1.749309
35449255 1.749313
35442598 1.749422
35437066 1.749454
35436371 1.749465
35429664 1.749537
35419065 1.749655
35405397 1.749678
35401582 1.749735
35392061 1.749747
35388170 1.750002
35379642 1.750012
35373191 1.750022
35359423 1.750025
35352044 1.750037
35351439 1.750041
35336866 1.750046
35333354 1.750077
35333170 1.750099
35329164 1.750104
35327878 1.750108
35312038 1.750118
35300302 1.750127
35299973 1.750193
35209003 1.750350
35208001 1.750375
35162041 1.750419
35137257 1.750424
35136083 1.750429
35134767 1.750438
35051938 1.750447
35050084 1.750466
35035271 1.750478
35030447 1.750556
35027790 1.750577
35004094 1.750583
34998514 1.750608
34997703 1.750668
34992560 1.750679
34989075 1.750812
34988155 1.750829
34987557 1.750837
34979933 1.750851
34963594 1.750868
34953991 1.750991
34952820 1.751038
34943320 1.751045
34942215 1.751051
34940906 1.751058
34784618 1.751323
34774650 1.751370
34774312 1.751869
34769740 1.751885
34767198 1.751889
34766790 1.751924
34762985 1.751928
34741590 1.751931
34739290 1.752022
34727484 1.752037
34718987 1.752041
34716040 1.752053
34715370 1.752059
34709477 1.752085
34680681 1.752089
34677049 1.752113
34676123 1.752118
34673332 1.752128
34671241 1.752139
34668192 1.752152
34667237 1.752166
34660862 1.752224
34657086 1.752229
34655333 1.752274
34652337 1.752328
34640160 1.752332
34637843 1.752344
34625308 1.752348
34611612 1.752451
34610837 1.752501
34610078 1.752507
34609089 1.752532
34602245 1.752720
34601453 1.752764
34565623 1.752769
34557807 1.752798
34543508 1.752802
34539215 1.752812
34482319 1.752886
34469635 1.752900
34460249 1.753024
34452211 1.753050
34450840 1.753064
34448768 1.753070
34436562 1.753180
34436420 1.753212
34430953 1.753216
34428838 1.753251
34419729 1.753256
34412798 1.753262
34412617 1.753266
34410875 1.753463
34399328 1.753654
34386273 1.753662
34373345 1.753667
34370724 1.753706
34359009 1.753720
34334713 1.754931
34330610 1.755277
34330273 1.755282
34315085 1.755340
34313187 1.755454
34310238 1.755459
34306666 1.756649
34296542 1.756821
34292730 1.756857
34283162 1.756865
34278754 1.757031
34272677 1.757038
34270818 1.757043
34265986 1.757057
34253044 1.757071
34246469 1.757118
34240623 1.757191
34240551 1.757199
34177518 1.758137
34175096 1.758199
34172609 1.758204
34172418 1.758256
34165778 1.758264
34153005 1.758278
34151345 1.758302
34149217 1.758310
34146705 1.758337
34130798 1.758341
34063219 1.758366
34062278 1.758458
34058611 1.758462
34057716 1.758690
34056374 1.758694
34055476 1.758826
34051651 1.758830
34050550 1.758918
34042616 1.759009
34036309 1.759013
34035437 1.759236
34026708 1.759245
34021449 1.759264
34020119 1.759272
34012708 1.759407
34009347 1.760989
34003371 1.761000
34001793 1.761147
33996004 1.761251
33995748 1.761261
33847989 1.761433
33800956 1.761438
33790184 1.761456
33789944 1.761472
33781665 1.761506
33781224 1.763003
33780904 1.763036
33773891 1.763059
33773650 1.763071
33763115 1.763096
33758640 1.763225
33756079 1.763256
33755363 1.763259
33743569 1.763263
33739917 1.763295
33736235 1.763317
33725101 1.763333
33719395 1.763347
33675721 1.763355
33665656 1.763508
33641598 1.763570
33623922 1.763617
33598295 1.763688
33584088 1.763769
33581582 1.763800
33581520 1.763830
33578319 1.763988
33560090 1.763996
33529001 1.764108
33527533 1.764433
33521364 1.764484
33513125 1.764490
33512664 1.773745
33506210 1.773892
33502450 1.774307
33500136 1.774372
33486468 1.774380
33472127 1.774412
33471059 1.774476
33467358 1.774512
33466291 1.775009
33465067 1.775225
33465032 1.775305
33459864 1.775320
33458840 1.775430
33456942 1.775585
33454699 1.775608
33446224 1.775770
33441061 1.775979
33431173 1.776213
33418965 1.776295
33415916 1.776307
33413255 1.776366
33412110 1.776382
33411883 1.776444
33409219 1.776486
33404365 1.776528
33403060 1.776540
33398651 1.776545
33397368 1.776550
33396609 1.776559
33389422 1.776666
33380817 1.779257
33370647 1.779354
33368950 1.779648
33358918 1.779683
33351677 1.779707
33350975 1.779711
33349522 1.779903
33347615 1.779926
33347474 1.779938
33346053 1.779942
33341976 1.780219
33339554 1.783544
33337012 1.783549
33330031 1.783599
33328183 1.783606
33315449 1.783657
33313165 1.783665
33311846 1.783705
33306084 1.783713
33297454 1.784214
33296534 1.784219
33291186 1.784223
33290661 1.784332
33286811 1.784629
33265549 1.784648
33262994 1.784672
33242278 1.784676
33241452 1.784747
33240066 1.784958
33230704 1.785007
33218183 1.785027
33204805 1.785037
33202387 1.785203
33193054 1.785226
33190650 1.785385
33185834 1.785594
33183093 1.786441
33183054 1.787371
33180567 1.787672
33177298 1.787697
33175402 1.787705
33173724 1.787746
33171954 1.787838
33159783 1.787937
33157224 1.787958
33157140 1.787978
33156301 1.788982
33151180 1.789041
33150960 1.789046
33136857 1.789050
33135743 1.789053
33132985 1.789443
33132700 1.789919
33131586 1.789923
33125764 1.790886
33125584 1.790896
33125079 1.790899
33118315 1.790909
33117186 1.790922
33109065 1.794250
33105884 1.794261
33102050 1.794689
33100847 1.794963
33098047 1.795195
33090522 1.795776
33088708 1.795832
33085542 1.795846
33084086 1.795898
33082888 1.800889
33080824 1.800906
33077948 1.801028
33074536 1.801153
33049167 1.801158
33038917 1.801174
33033657 1.801182
33030169 1.801204
33028818 1.801226
33024955 1.801855
33022405 1.801973
33017154 1.801993
33016446 1.802017
33014153 1.802107
33012517 1.802125
32962527 1.802859
32949731 1.802883
32942314 1.803911
32941767 1.803954
32930394 1.804211
32928583 1.804300
32927301 1.804307
32926672 1.804311
32916058 1.804326
32907592 1.804330
32904709 1.804499
32896552 1.804509
32888020 1.804548
32869098 1.804570
32868534 1.804797
32856672 1.804980
32848044 1.805187
32847999 1.806081
32844301 1.806171
32840470 1.806175
32840147 1.806181
32840063 1.806229
32835499 1.806298
32834072 1.806310
32832277 1.806715
32827526 1.806726
32827119 1.809478
32822737 1.810287
32806462 1.810312
32804841 1.810360
32799371 1.810583
32798238 1.811056
32797408 1.814179
32796627 1.816640
32795964 1.816729
32786937 1.818416
32761126 1.818432
32758623 1.818456
32757123 1.818962
32754880 1.818984
32754625 1.819297
32754034 1.819510
32753058 1.820308
32752831 1.820389
32750773 1.820512
32744635 1.820738
32739474 1.824061
32739182 1.825600
32738437 1.825644
32738267 1.825936
32738186 1.826866
32737960 1.827180
32735567 1.827258
32734356 1.827393
32734196 1.827467
32734027 1.827475
32728136 1.827515
32716161 1.829248
32710013 1.829731
32706928 1.830146
32706087 1.833592
32705512 1.842012
32705509 1.842033
32702814 1.842041
32702042 1.842089
32700943 1.842537
32692321 1.843316
32691818 1.844266
32691756 1.845578
32691672 1.846609
32691142 1.846880
32689510 1.848716
32687732 1.848724
32686649 1.851192
32684694 1.851198
32681984 1.851415
32677814 1.851425
32666831 1.852220
32666502 1.858214
32664095 1.866232
32661204 1.964189
32653854 1.964326
32651238 1.967183
32648105 1.971350
32646653 2.044942
32640899 2.045958
32633182 2.046251
32629257 2.069757
32625465 2.069763
32625362 2.159529
32619273 2.277726
32617788 2.277738
32615770 2.380966
32615282 2.380977
32612933 2.380981
32612041 2.517965
32611210 3.278338
32610661 3.450638
32609830 3.476283
32608153 7.434660
32605235 7.649927
32598908 13.072785
32596923 16.515593
32596923 616.515692
