PROBLEM_FILE = /tmp/tsp/7756.tmp/example.tmp
68719371 1.729221
68680001 1.729247
68677569 1.729253
68674408 1.729257
68648780 1.729276
68641278 1.729280
68303631 1.729291
68249707 1.729298
68212606 1.729303
68179052 1.729306
68152117 1.729310
68151944 1.729314
68110563 1.729325
68062090 1.729337
68049644 1.729341
68022919 1.729348
68017496 1.729352
67985269 1.729358
67826724 1.729361
67800067 1.729374
67752062 1.729378
67735891 1.729384
67695718 1.729391
67672514 1.729395
67593095 1.729409
67585232 1.729425
67552065 1.729430
67542075 1.729436
67504335 1.729458
67499465 1.729479
67472736 1.729483
67468722 1.729486
67410811 1.729489
67409077 1.729497
67247085 1.729501
67241420 1.729507
67233772 1.729516
67227162 1.729534
67220541 1.729539
67218626 1.729543
67189451 1.729546
67183166 1.729553
67099723 1.729559
67017401 1.729566
66994547 1.729570
66976432 1.729574
66964572 1.729577
66902210 1.729581
66886681 1.729585
66858065 1.729592
66816759 1.729614
66816289 1.729636
66807548 1.729641
66756737 1.729668
66721307 1.729674
66719989 1.729680
66694390 1.729683
66590234 1.729686
66583841 1.729697
66580805 1.729714
66539149 1.729722
66507578 1.729725
66500620 1.729731
66481023 1.729736
66452878 1.729739
66441179 1.729753
66412927 1.729760
66403161 1.729765
66392580 1.729769
66376053 1.729773
66341382 1.729776
66278714 1.729780
66255989 1.729792
66200812 1.729800
66171808 1.729806
66151178 1.729811
66129590 1.729818
66109577 1.729822
66078555 1.729826
66069554 1.729835
66065033 1.729844
66004238 1.729853
65976296 1.729861
65965172 1.729866
65951703 1.729876
65935142 1.729879
65930117 1.729888
65869628 1.729904
65735802 1.729912
65700161 1.729916
65685531 1.729923
65666651 1.729943
65660476 1.729956
65547834 1.729968
65532532 1.729972
65492573 1.729980
65454095 1.729984
65452467 1.729994
65414824 1.730003
65405468 1.730006
65378889 1.730014
65361454 1.730019
65319701 1.730030
65313460 1.730039
65304983 1.730063
65268602 1.730068
65266067 1.730082
65228614 1.730091
65196312 1.730097
65104557 1.730106
65061885 1.730110
64956919 1.730117
64947113 1.730121
64891868 1.730129
64890889 1.730133
64855084 1.730137
64849489 1.730140
64842330 1.730144
64836101 1.730150
64829440 1.730158
64821671 1.730162
64821550 1.730166
64820164 1.730174
64781159 1.730178
64756618 1.730182
64754742 1.730185
64754228 1.730188
64713066 1.730196
64710488 1.730199
64684533 1.730204
64646345 1.730220
64634314 1.730223
64622105 1.730226
64149874 1.730231
64076260 1.730247
64070391 1.730251
63718390 1.730254
63672755 1.730258
63632567 1.730278
63621612 1.730283
63588417 1.730299
63552314 1.730310
63512111 1.730315
63500202 1.730320
63451706 1.730330
63431290 1.730335
63421347 1.730343
63411994 1.730354
63407888 1.730357
63386945 1.730363
63370886 1.730369
63273404 1.730427
63206049 1.730435
63167027 1.730441
63123152 1.730452
63085867 1.730458
63066485 1.730466
63048820 1.730472
63045663 1.730485
63044396 1.730488
63022591 1.730499
62669079 1.730503
62659786 1.730508
62625268 1.730523
62571074 1.730528
62569277 1.730534
62541582 1.730547
62507063 1.730564
62415865 1.730570
62415258 1.730573
62415064 1.730582
62320545 1.730587
62251503 1.730601
62235845 1.730609
62233115 1.730618
62181065 1.730621
62006587 1.730628
61986123 1.730632
61924305 1.730640
61916168 1.730656
61905791 1.730672
61905573 1.730677
61863471 1.730682
61856002 1.730688
61603839 1.730695
61501681 1.730711
61363587 1.730720
61363560 1.730726
61325532 1.730731
61321364 1.730739
61225643 1.730744
61213267 1.730747
61175626 1.730753
61163074 1.730757
61151156 1.730760
61057826 1.730779
61040929 1.730794
60989302 1.730799
60951879 1.730813
60947590 1.730817
60940704 1.730828
60908469 1.730835
60891623 1.730841
60858414 1.730851
60854052 1.730855
60833183 1.730858
60826434 1.730871
60765710 1.730879
60602602 1.730884
60600397 1.730888
60590327 1.730894
60590119 1.730897
60589243 1.730901
60587878 1.730904
60581273 1.730914
60573892 1.730917
60573601 1.730924
60569021 1.730927
60567161 1.730932
60443732 1.730939
60430764 1.730945
60420999 1.730958
60412989 1.730971
60404602 1.730975
60390093 1.730981
60388121 1.730990
60342533 1.731002
60248655 1.731015
60243116 1.731019
60215464 1.731022
60211962 1.731038
60187385 1.731044
60081086 1.731054
60052480 1.731057
60048714 1.731060
59965675 1.731068
59958858 1.731075
59939935 1.731085
59937294 1.731091
59924933 1.731098
59824482 1.731112
59794297 1.731115
59632841 1.731125
59594522 1.731139
59587403 1.731143
59586669 1.731148
59585084 1.731155
59550222 1.731173
59538559 1.731177
59531529 1.731182
59479492 1.731192
59477724 1.731198
59420128 1.731202
59418597 1.731205
59373903 1.731209
59352209 1.731223
59340387 1.731227
59328687 1.731241
59304598 1.731245
59291818 1.731251
59270115 1.731255
59249504 1.731262
59234433 1.731265
59209678 1.731285
59200067 1.731288
59189878 1.731293
59184137 1.731300
59162595 1.731303
59125495 1.731322
59109239 1.731326
59068956 1.731334
59052256 1.731337
59051853 1.731341
59041716 1.731348
59029433 1.731359
58986698 1.731367
58959613 1.731376
58937088 1.731383
58878714 1.731389
58876318 1.731393
58843594 1.731405
58793441 1.731423
58773707 1.731429
58764515 1.731432
58750217 1.731441
58622494 1.731445
58607470 1.731449
58556945 1.731453
58556417 1.731456
58555676 1.731466
58553253 1.731473
58550399 1.731476
58536907 1.731480
58535399 1.731497
58502086 1.731501
58470123 1.731521
58382202 1.731535
58272273 1.731545
58244773 1.731549
58226921 1.731552
58225881 1.731561
58140414 1.731565
58139187 1.731568
58138903 1.731579
58005102 1.731588
57963051 1.731595
57958205 1.731598
57924262 1.731602
57922311 1.731606
57914450 1.731638
57909241 1.731647
57860316 1.731656
57839390 1.731666
57834920 1.731670
57822480 1.731673
57804114 1.731676
57793444 1.731679
57786974 1.731687
57782158 1.731690
57711528 1.731694
57672591 1.731699
57672399 1.731708
57669629 1.731711
57662467 1.731717
57637216 1.731739
57586389 1.731747
57567801 1.731753
57558910 1.731765
57523768 1.731768
57486328 1.731779
57466540 1.731789
57318084 1.731799
57314034 1.731806
57304452 1.731809
57294507 1.731812
57288652 1.731819
57285007 1.731823
57276476 1.731826
57239234 1.731835
57237875 1.731838
57216194 1.731845
57213172 1.731850
57204948 1.731860
57194728 1.731865
57182502 1.731868
57121507 1.731881
57116274 1.731885
57096327 1.731889
57095858 1.731895
57059981 1.731899
57037529 1.731902
57027003 1.731905
56859907 1.731916
56855463 1.731921
56832094 1.731924
56817174 1.731928
56795288 1.731934
56788189 1.731938
56771811 1.731959
56754956 1.731968
56679681 1.731985
56671640 1.731993
56667778 1.731997
56657113 1.732009
56647621 1.732012
56597000 1.732015
56506415 1.732024
56488125 1.732031
56457911 1.732035
56446595 1.732044
56444501 1.732053
56424071 1.732069
56345009 1.732075
56329638 1.732080
56293500 1.732084
56289743 1.732115
56269617 1.732123
56148413 1.732132
56049158 1.732145
56010120 1.732157
55923204 1.732170
55789368 1.732177
55730403 1.732180
55727427 1.732184
55533809 1.732197
55521718 1.732201
55434072 1.732207
55430776 1.732211
55411263 1.732217
55352935 1.732223
55316876 1.732229
55283607 1.732236
55274024 1.732243
55248830 1.732249
55248018 1.732252
55235691 1.732255
55209713 1.732261
55182198 1.732273
55167740 1.732277
55157625 1.732283
55140880 1.732286
55129072 1.732289
55121290 1.732297
55108509 1.732300
55105502 1.732303
55085947 1.732308
55079267 1.732322
55068971 1.732331
55054455 1.732342
55016621 1.732361
54997124 1.732371
54986922 1.732374
54984119 1.732385
54973810 1.732405
54962876 1.732415
54952222 1.732425
54924788 1.732429
54895410 1.732438
54890656 1.732446
54856450 1.732455
54802201 1.732464
54789369 1.732467
54745982 1.732476
54738408 1.732479
54688601 1.732484
54638926 1.732490
54633374 1.732514
54595121 1.732520
54565439 1.732524
54556814 1.732527
54550681 1.732533
54545195 1.732537
54531342 1.732540
54478776 1.732544
54446204 1.732554
54277216 1.732562
54274803 1.732566
54253981 1.732577
54241298 1.732588
54232534 1.732591
54218914 1.732594
54216427 1.732600
54163198 1.732603
53968982 1.732614
53949739 1.732618
53929181 1.732622
53917410 1.732625
53843912 1.732632
53824826 1.732635
53817112 1.732643
53796520 1.732653
53795268 1.732657
53791672 1.732663
53789673 1.732669
53787771 1.732673
53774232 1.732683
53760443 1.732691
53717921 1.732696
53702752 1.732703
53693227 1.732719
53687979 1.732723
53654530 1.732727
53654103 1.732730
53643444 1.732734
53630075 1.732739
53571820 1.732755
53558212 1.732774
53502465 1.732785
53480188 1.732796
53414466 1.732806
53411007 1.732817
53396066 1.732821
53318772 1.732836
53304071 1.732839
53292421 1.732844
53291158 1.732847
53286818 1.732852
53278530 1.732857
53277155 1.732873
52828146 1.732879
52784566 1.732883
52781446 1.732895
52775321 1.732903
52739981 1.732909
52734198 1.732919
52650278 1.732932
52618168 1.732950
52601889 1.732953
52571224 1.732960
52560398 1.732963
52559473 1.733015
52489300 1.733025
52430045 1.733040
52304934 1.733049
52270705 1.733060
52263633 1.733064
51879785 1.733071
51852165 1.733083
51785073 1.733089
51780028 1.733099
51778413 1.733122
51764687 1.733130
51734071 1.733142
51734026 1.733147
51724112 1.733154
51723055 1.733228
51718466 1.733347
51712628 1.733371
51708599 1.733375
51693399 1.733392
51688582 1.733396
51684159 1.733401
51670138 1.733412
51594000 1.733419
51574950 1.733423
51564801 1.733431
51558437 1.733435
51535396 1.733464
51501139 1.733468
51497456 1.733475
51477250 1.733479
51442862 1.733482
51435179 1.733485
51427667 1.733500
51419665 1.733504
51319482 1.733508
51288451 1.733526
51268122 1.733535
51214905 1.733539
51212891 1.733544
51206927 1.733551
51133549 1.733561
51096199 1.733568
51060264 1.733572
51045673 1.733576
51042612 1.733587
51023474 1.733647
51011195 1.733656
50998551 1.733660
50990328 1.733668
50961215 1.733690
50956261 1.733694
50948550 1.733697
50867726 1.733710
50859125 1.733723
50825479 1.733734
50749560 1.733743
50734544 1.733747
50681026 1.733756
50677416 1.733761
50629017 1.733766
50369438 1.733775
50360784 1.733796
50337902 1.733820
50337762 1.733823
50322331 1.733827
50311161 1.733830
50299799 1.733833
50291476 1.733837
50285712 1.733842
50264439 1.733855
50246726 1.733859
49497205 1.733876
49478745 1.733884
49450234 1.733890
49395121 1.733896
49387412 1.733903
49356660 1.733907
49286198 1.733920
49246471 1.733930
49223425 1.733935
49180826 1.733958
49174404 1.733966
49164831 1.733981
49101413 1.733988
49098910 1.733991
49051735 1.733994
48991609 1.734008
48991341 1.734012
48982880 1.734015
48954566 1.734022
48953848 1.734026
48949489 1.734030
48947478 1.734035
48877924 1.734049
48877488 1.734053
48853454 1.734064
48846948 1.734071
48844456 1.734076
48787949 1.734081
48731826 1.734089
48703729 1.734092
48697401 1.734112
48642523 1.734115
48608943 1.734121
48571840 1.734128
48567873 1.734135
48525877 1.734140
48523976 1.734143
48515022 1.734148
48500925 1.734157
48480300 1.734161
48457976 1.734170
48454811 1.734176
48438184 1.734179
48424665 1.734186
48423867 1.734195
48346669 1.734199
48338857 1.734204
48329847 1.734209
48327775 1.734225
48295220 1.734229
48289741 1.734237
48289529 1.734240
48263832 1.734243
48182649 1.734267
48182074 1.734271
48106716 1.734285
48062224 1.734301
48052760 1.734305
48036840 1.734311
48034348 1.734318
48028788 1.734325
48027483 1.734331
48001769 1.734346
47975774 1.734354
47968706 1.734357
47927236 1.734364
47913744 1.734368
47909291 1.734371
47876281 1.734375
47869232 1.734389
47856786 1.734392
47842420 1.734404
47782485 1.734413
47768622 1.734425
47763502 1.734433
47732956 1.734440
47729324 1.734445
47689875 1.734449
47687149 1.734454
47686237 1.734458
47648410 1.734473
47644545 1.734480
47641586 1.734484
47616752 1.734489
47607560 1.734493
47585636 1.734496
47580508 1.734499
47564369 1.734503
47548547 1.734507
47534540 1.734519
47508385 1.734523
47499791 1.734526
47488754 1.734532
47484842 1.734536
47448196 1.734546
47437035 1.734559
47421005 1.734562
47361452 1.734565
47360056 1.734568
47356899 1.734582
47341893 1.734596
47260459 1.734603
47255289 1.734630
47252626 1.734634
47246251 1.734641
47244988 1.734644
47236253 1.734660
47228625 1.734678
47215589 1.734693
47130720 1.734697
47112183 1.734702
47110791 1.734706
47047048 1.734716
47044453 1.734722
47042966 1.734725
47027614 1.734731
47008817 1.734741
47007203 1.734746
47003169 1.734749
46997435 1.734759
46965403 1.734776
46961012 1.734793
46892909 1.734801
46892447 1.734822
46890421 1.734827
46878944 1.734830
46871420 1.734833
46766141 1.734837
46742358 1.734841
46688316 1.734845
46677678 1.734855
46639780 1.734861
46631354 1.734880
46545112 1.734885
46530869 1.734888
46467210 1.734891
46446778 1.734899
46443202 1.734903
46433542 1.734906
46288561 1.734910
46260916 1.734920
46234790 1.734924
46228098 1.734927
46179696 1.734933
46154384 1.734936
46045219 1.734939
46042419 1.734954
46027559 1.734975
46026159 1.735001
46025228 1.735020
46009647 1.735024
45993861 1.735050
45993219 1.735057
45932929 1.735063
45901740 1.735068
45899399 1.735073
45875616 1.735079
45853953 1.735092
45807394 1.735095
45756155 1.735106
45748468 1.735120
45739328 1.735128
45726133 1.735133
45700405 1.735136
45678020 1.735141
45674241 1.735144
45636913 1.735149
45614084 1.735163
45610209 1.735211
45602503 1.735215
45601855 1.735229
45549499 1.735242
45519090 1.735248
45513615 1.735268
45485309 1.735271
45471923 1.735287
45392525 1.735292
45387540 1.735342
45359329 1.735350
45312454 1.735354
45292624 1.735358
45291638 1.735367
45226460 1.735377
45221227 1.735394
45214909 1.735415
45187840 1.735419
45171339 1.735427
45164008 1.735436
45040609 1.735444
45006847 1.735450
44976647 1.735455
44973948 1.735458
44964835 1.735462
44954788 1.735466
44921440 1.735470
44921297 1.735476
44914493 1.735479
44897806 1.735483
44888433 1.735489
44845078 1.735492
44836317 1.735499
44833576 1.735506
44797965 1.735534
44771331 1.735538
44710716 1.735543
44669114 1.735550
44642336 1.735562
44614391 1.735566
44571246 1.735572
44526291 1.735586
44523105 1.735591
44473039 1.735607
44471160 1.735616
44414088 1.735630
44389191 1.735638
44370230 1.735651
44309318 1.735682
44298685 1.735685
44176296 1.735689
44149169 1.735692
44136191 1.735696
44101679 1.735704
44085684 1.735707
44020186 1.735722
43997063 1.735726
43977753 1.735737
43956152 1.735743
43881487 1.735756
43881300 1.735762
43827799 1.735772
43823313 1.735787
43815162 1.735791
43814600 1.735794
43806779 1.735808
43801688 1.735828
43801342 1.735840
43763519 1.735847
43758563 1.735866
43754317 1.735911
43742774 1.735916
43735758 1.735920
43732365 1.735928
43703735 1.735932
43702806 1.735956
43687386 1.735990
43665077 1.736005
43647121 1.736023
43640300 1.736027
43627558 1.736030
43609635 1.736034
43599210 1.736041
43596878 1.736050
43595098 1.736063
43547217 1.736071
43545582 1.736076
43509402 1.736092
43504555 1.736132
43500014 1.736219
43489706 1.736222
43488505 1.736239
43481657 1.736244
43460107 1.736292
43401361 1.736314
43393533 1.736318
43373766 1.736326
43372665 1.736338
43363671 1.736417
43361207 1.736426
43357055 1.736430
43354363 1.736447
43346273 1.736454
43344950 1.736460
43080284 1.736616
43077025 1.736637
43076868 1.736658
42976765 1.736694
42962196 1.736698
42881002 1.736715
42840027 1.736731
42830798 1.736746
42828100 1.736756
42779585 1.736766
42531802 1.736772
42492811 1.736780
42492635 1.736795
42488512 1.736799
42465829 1.736816
42457369 1.736823
42449699 1.736838
42432773 1.736860
42405267 1.736885
42403139 1.736891
41991511 1.736904
41971858 1.737092
41963292 1.737097
41956481 1.737102
41955732 1.737106
41945681 1.737112
41942682 1.737115
41926199 1.737118
41906122 1.737124
41892783 1.737130
41879342 1.737136
41870926 1.737146
41865408 1.737158
41853594 1.737173
41826849 1.737182
41814712 1.737186
41796591 1.737190
41792362 1.737203
41791712 1.737210
41758247 1.737225
41748332 1.737230
41719045 1.737235
41713985 1.737239
41711018 1.737250
41710229 1.737254
41683343 1.737257
41679068 1.737261
41676094 1.737266
41673136 1.737284
41670667 1.737288
41670564 1.737291
41654971 1.737294
41575364 1.737318
41571215 1.737334
41562372 1.737346
41560639 1.737349
41556772 1.737359
41552743 1.737369
41552479 1.737372
41542115 1.737388
41531807 1.737402
41528984 1.737408
41525688 1.737415
41523574 1.737419
41490079 1.737423
41488804 1.737428
41487339 1.737431
41481244 1.737438
41475739 1.737441
41469915 1.737451
41469325 1.737460
41468915 1.737467
41465139 1.737473
41445615 1.737517
41432904 1.737541
41424218 1.737546
41406707 1.737552
41393229 1.737555
41389286 1.737570
41382272 1.737573
41367033 1.737577
41363609 1.737594
41330218 1.737603
41315425 1.737617
41287493 1.737638
41248403 1.737649
41205241 1.737666
41197022 1.737684
41195538 1.737701
41174339 1.737704
41163327 1.737723
41125665 1.737727
41088308 1.737754
41086704 1.737761
41075996 1.737770
41046635 1.737782
41044001 1.737785
41037682 1.737789
41020415 1.737796
40971388 1.737804
40903032 1.737811
40900431 1.737816
40891755 1.737862
40775694 1.737868
40754513 1.737872
40737572 1.737890
40724616 1.737893
40684563 1.737896
40673718 1.737900
40673638 1.737902
40667454 1.737906
40657169 1.737917
40649264 1.737921
40636905 1.737924
40627411 1.737939
40621078 1.737947
40609986 1.737951
40605274 1.737954
40339906 1.737979
40339041 1.737989
40336222 1.737992
40320514 1.738003
40313047 1.738017
40297791 1.738021
40291024 1.738034
40273999 1.738046
40238944 1.738054
40234834 1.738068
40230039 1.738072
40218820 1.738075
40202395 1.738078
40187193 1.738101
40183612 1.738105
40178099 1.738117
40171383 1.738123
40151357 1.738127
40145030 1.738149
40095524 1.738166
40086441 1.738175
40055801 1.738215
40054816 1.738249
40033218 1.738252
40032609 1.738260
40030966 1.738265
39986850 1.738280
39947624 1.738312
39937803 1.738319
39922169 1.738322
39916663 1.738428
39915577 1.738432
39894525 1.738436
39865714 1.738443
39860010 1.738467
39824939 1.738470
39792711 1.738476
39792356 1.738480
39767898 1.738490
39767426 1.738516
39766447 1.738522
39717706 1.738535
39705929 1.738538
39701234 1.738543
39292635 1.738557
39292463 1.738563
39289131 1.738576
39263400 1.738594
39254824 1.738611
39250787 1.738629
39242664 1.738637
39196076 1.738661
39195840 1.738676
39161875 1.738684
39146651 1.738689
39131068 1.738704
39130557 1.738744
39111406 1.738760
39102945 1.738765
39091660 1.738784
39090762 1.738787
39087887 1.738800
39082512 1.738805
39079014 1.738815
39074802 1.738837
39067091 1.738840
39047198 1.738844
39039129 1.738858
39037313 1.738864
39035782 1.738868
38939903 1.738875
38907475 1.738883
38903727 1.738886
38886130 1.738893
38860266 1.738901
38851158 1.738905
38850760 1.738910
38847458 1.738914
38847378 1.738937
38829749 1.738946
38780960 1.738955
38766991 1.738960
38750341 1.738964
38743682 1.738973
38708354 1.738978
38689481 1.738985
38687323 1.739043
38685861 1.739049
38682264 1.739094
38660334 1.739098
38656959 1.739106
38654188 1.739110
38626888 1.739121
38611447 1.739126
38604960 1.739286
38598697 1.739295
38477822 1.739307
38462467 1.739315
38451976 1.739321
38451486 1.739324
38450841 1.739328
38449962 1.739347
38442169 1.739358
38418144 1.739362
38284686 1.739375
38282749 1.739380
38277270 1.739385
38264809 1.739388
38245841 1.739402
38231191 1.739414
38199784 1.739418
38196071 1.739426
38192144 1.739434
38183003 1.739448
38169938 1.739465
38155676 1.739616
37642131 1.739640
37635856 1.739651
37630382 1.739694
37629225 1.739728
37599019 1.739732
37593563 1.739738
37582584 1.739747
37571617 1.739753
37568600 1.739757
37562610 1.739764
37554634 1.739845
37535388 1.739884
37535331 1.740016
37533337 1.740064
37528063 1.740134
37524711 1.740155
37503788 1.740171
37476423 1.740177
37456273 1.740182
37452984 1.740186
37430883 1.740244
37412465 1.740269
37374499 1.740275
37355441 1.740279
37351045 1.740284
37341379 1.740289
37338056 1.740293
37307374 1.740298
37302122 1.740301
37292871 1.740304
37185418 1.740313
37183337 1.740318
37179173 1.740325
37147764 1.740332
37102568 1.740350
37097532 1.740358
37081279 1.740423
37078756 1.740429
37077161 1.740591
37071046 1.740805
37065604 1.740820
37055336 1.740847
37039898 1.740853
37029013 1.740861
37023094 1.740873
37013121 1.740878
37005839 1.740982
37003059 1.740988
37000862 1.740996
36973907 1.741046
36971945 1.741052
36967901 1.741099
36964507 1.741115
36959060 1.741119
36956698 1.741123
36953003 1.741156
36940693 1.741160
36939181 1.741169
36939048 1.741193
36925413 1.741208
36922802 1.741291
36916497 1.741322
36807248 1.741330
36799993 1.741334
36634908 1.741343
36629826 1.741413
36625920 1.741435
36625628 1.741543
36572079 1.741550
36483616 1.741566
36482837 1.741578
36205760 1.741633
36180700 1.741651
36176792 1.741655
36157899 1.741666
36149757 1.741670
36146293 1.742064
36108906 1.742070
36094028 1.742177
36067504 1.742191
36025638 1.742236
36008335 1.742241
35985004 1.742248
35934332 1.742259
35929955 1.742264
35914062 1.742307
35913180 1.742311
35895192 1.742324
35889850 1.742346
35876218 1.742356
35871382 1.742363
35865793 1.742385
35865052 1.742395
35856448 1.742400
35848294 1.742408
35823421 1.742413
35821170 1.742420
35819988 1.742427
35786392 1.742436
35780263 1.742598
35764384 1.742667
35761074 1.742699
35759013 1.742704
35752243 1.742716
35748894 1.742741
35746591 1.742744
35739128 1.742773
35729453 1.742786
35728115 1.742837
35725679 1.742840
35720522 1.742983
35716537 1.743004
35713074 1.743020
35706026 1.743070
35705035 1.743074
35704410 1.743077
35702792 1.743197
35701735 1.743223
35688564 1.743258
35686745 1.743265
35678672 1.743274
35675689 1.743286
35625653 1.743289
35625324 1.743555
35615469 1.743572
35614966 1.743642
35609535 1.743650
35595825 1.743710
35590601 1.744495
35574623 1.744548
35554911 1.744554
35553726 1.744562
35537171 1.744565
35490600 1.744619
35481861 1.744651
35441754 1.744689
35441547 1.744706
35440845 1.744736
35425472 1.744739
35423244 1.744743
35423008 1.744746
35421969 1.745161
35413812 1.745166
35396852 1.745169
35395365 1.745349
35391202 1.745353
35387583 1.745794
35384196 1.745804
35380278 1.745821
35377954 1.745841
35369013 1.746175
35352495 1.746205
35348951 1.746212
35345480 1.747188
35331053 1.747197
35325571 1.747202
35324690 1.747405
35321363 1.747472
35321213 1.747479
35293648 1.747491
35293577 1.748158
35291538 1.748229
35290761 1.748239
35260960 1.748245
35260420 1.748248
35253277 1.748267
35240475 1.748272
35209067 1.748332
35118150 1.748354
35118036 1.748556
35112591 1.748580
35094681 1.748595
35089764 1.748599
35068486 1.748605
35060492 1.748610
35016317 1.748615
35014733 1.748666
35010315 1.748680
34999137 1.748683
34992177 1.748689
34989618 1.748693
34984982 1.748702
34905572 1.748719
34884772 1.748743
34881473 1.748777
34851305 1.748836
34850211 1.749139
34837433 1.749144
34727483 1.749175
34721165 1.749239
34713645 1.750025
34711113 1.750037
34669439 1.750042
34644085 1.750060
34642155 1.750083
34635971 1.750091
34621106 1.750189
34613733 1.750215
34607752 1.750243
34607116 1.750287
34606753 1.750445
34604161 1.750449
34601888 1.750496
34597418 1.750595
34595253 1.750713
34593862 1.750728
34592143 1.750811
34566186 1.751229
34557570 1.751239
34557338 1.751243
34557229 1.751255
34548663 1.751259
34541566 1.751349
34538302 1.751400
34537449 1.751411
34534206 1.751567
34510899 1.751634
34510371 1.751641
34490543 1.751645
34481960 1.751686
34472270 1.751784
34464555 1.751788
34458445 1.751848
34437711 1.751854
34437484 1.752090
34436664 1.752148
34435676 1.752213
34429257 1.752356
34422360 1.752361
34421947 1.752490
34421472 1.758328
34420083 1.758759
34393820 1.758845
34392428 1.758851
34392143 1.758938
34389129 1.758989
34378296 1.758996
34369276 1.759014
34349045 1.759195
34336222 1.759203
34327895 1.759348
34327249 1.759358
34322715 1.759414
34311444 1.759443
34307240 1.759447
34301907 1.759490
34300894 1.759496
34298093 1.759505
34291439 1.759754
34282448 1.760114
34262300 1.760122
34259908 1.760199
34242010 1.760212
34239084 1.760373
34239075 1.760539
34238761 1.760615
34233052 1.760704
34218406 1.760713
34217799 1.760740
34167206 1.761023
34151363 1.761079
34148621 1.761115
34144829 1.761129
34137415 1.761133
34134902 1.761146
34110297 1.761287
34095285 1.761328
34093321 1.761367
34077486 1.761371
34077173 1.761606
34069215 1.761617
34050238 1.761624
34047674 1.761672
34046592 1.761707
34041202 1.761714
34006004 1.761717
33999069 1.761789
33993186 1.761794
33985507 1.761877
33976930 1.761953
33972951 1.761981
33972416 1.762090
33967626 1.762351
33966145 1.762518
33963612 1.762690
33956512 1.762717
33911805 1.762725
33902664 1.762763
33901843 1.763150
33893526 1.763156
33887031 1.763165
33881570 1.763210
33879056 1.763230
33879042 1.763238
33877686 1.763264
33873412 1.763274
33872800 1.766102
33871618 1.766110
33861321 1.766392
33861089 1.766397
33860465 1.766561
33858404 1.766567
33854751 1.766609
33847668 1.767089
33846706 1.767353
33841507 1.768276
33778686 1.768288
33778025 1.768362
33735182 1.768429
33733592 1.768437
33659516 1.768454
33657047 1.769751
33654710 1.769762
33654300 1.769774
33652270 1.769859
33649862 1.769962
33639723 1.769978
33639329 1.770023
33638609 1.770092
33636419 1.770097
33628317 1.770142
33627185 1.770184
33625508 1.770193
33625399 1.770214
33623070 1.770218
33613980 1.770259
33613244 1.770276
33606161 1.770309
33602514 1.770345
33601238 1.770381
33596194 1.770495
33595164 1.770500
33590654 1.770579
33587952 1.770816
33583659 1.770822
33568404 1.770827
33561848 1.779115
33551738 1.779138
33549116 1.779178
33544069 1.779186
33542579 1.779203
33538308 1.779422
33535329 1.779440
33534724 1.779446
33518873 1.779564
33517316 1.779727
33515317 1.781733
33501163 1.781764
33496080 1.781771
33495807 1.781775
33493314 1.781782
33481141 1.781786
33474249 1.781791
33466932 1.781878
33458157 1.781980
33452568 1.782362
33451037 1.782444
33444656 1.782453
33443654 1.782504
33441562 1.782577
33438708 1.782668
33436033 1.783102
33433530 1.783106
33433080 1.783162
33432812 1.783183
33432092 1.784015
33425044 1.784473
33423001 1.784596
33420250 1.785112
33419311 1.786142
33418913 1.786612
33415691 1.787234
33410889 1.789517
33410361 1.789522
33409485 1.789526
33408705 1.789880
33404426 1.789886
33401591 1.789897
33397476 1.789913
33382321 1.789919
33367914 1.789928
33367272 1.789959
33362272 1.789963
33360024 1.790057
33360011 1.790848
33358615 1.791517
33343347 1.792183
33340020 1.792188
33339060 1.792195
33337320 1.792202
33334475 1.792650
33315448 1.792657
33314270 1.792754
33310871 1.793025
33308478 1.793279
33305048 1.793319
33302420 1.793324
33297315 1.793358
33294389 1.793367
33292561 1.793372
33290490 1.793413
33286943 1.793418
33263954 1.793457
33261390 1.793461
33251549 1.793509
33247051 1.793513
33246283 1.793534
33235191 1.793545
33225258 1.793555
33224690 1.793659
33213493 1.793794
33212324 1.793947
33209563 1.794119
33208677 1.813516
33186829 1.813552
33180856 1.813707
33179906 1.813776
33178099 1.814080
33175883 1.814109
33175358 1.814145
33173038 1.814156
33164417 1.814168
33158805 1.814316
33156944 1.814323
33152742 1.814351
33144668 1.814355
33143352 1.814385
33141958 1.814390
33134324 1.814849
33132857 1.814854
33128286 1.814868
33126011 1.814888
33119163 1.814894
33104653 1.814899
33101891 1.814955
33100653 1.816738
33098937 1.816884
33097964 1.816918
33090267 1.816926
33088822 1.818013
33085788 1.818019
33082972 1.818261
33082349 1.818266
33080719 1.818322
33066301 1.818472
33064542 1.818508
33062703 1.818514
33058588 1.818517
33051776 1.818520
33044628 1.818523
33041815 1.819358
33041335 1.819419
33039145 1.826452
33038425 1.826500
33036329 1.826523
33029949 1.826581
33027554 1.826596
33014714 1.827131
32993715 1.827281
32987724 1.827328
32986008 1.827701
32972589 1.827990
32970761 1.829800
32967607 1.831722
32964994 1.832260
32959759 1.832313
32942774 1.832687
32940584 1.832692
32930239 1.832986
32927039 1.833450
32926729 1.833516
32922330 1.833962
32921542 1.835789
32919847 1.835815
32918217 1.835822
32888558 1.835831
32884018 1.835837
32883494 1.835992
32877915 1.836110
32872680 1.836115
32871611 1.836666
32867248 1.837955
32866985 1.842663
32862545 1.842708
32859264 1.843148
32856168 1.843169
32854776 1.844349
32846871 1.846008
32845551 1.846047
32839657 1.846053
32839252 1.846206
32838908 1.846345
32837541 1.846522
32817853 1.846724
32810193 1.846801
32805828 1.846843
32794233 1.846857
32792540 1.846915
32792249 1.849211
32790604 1.851530
32774429 1.851546
32768631 1.851890
32761373 1.852260
32760849 1.852895
32758544 1.853130
32757458 1.853135
32755542 1.853159
32755079 1.853269
32753133 1.853273
32752621 1.853293
32752162 1.855981
32750493 1.856026
32748193 1.856118
32748103 1.856389
32747877 1.857340
32747840 1.859233
32746296 1.859240
32741876 1.859412
32740424 1.859425
32735854 1.859437
32731138 1.859547
32724484 1.860050
32722169 1.860235
32720866 1.860244
32717311 1.860520
32716717 1.863384
32715858 1.863864
32713367 1.863869
32712181 1.865483
32709221 1.865924
32709215 1.865936
32705643 1.865987
32701971 1.866006
32701644 1.867762
32699816 1.869123
32699467 1.869482
32698496 1.870477
32696076 1.871302
32692283 1.873646
32690635 1.873691
32690528 1.879800
32687043 1.970014
32684490 1.970038
32683627 1.978343
32681995 1.978350
32681632 1.978356
32681340 1.986278
32680676 2.691176
32679972 4.779959
32679378 6.874747
32678938 27.257185
32676315 27.271452
32676025 208.534059
32675996 208.542276
32675292 208.662952
32675292 808.665239
