30830705 0.004326
26906671 0.009896
26803040 0.011668
26769923 0.016980
26766525 0.018355
26712416 0.020940
26707392 0.023661
26689600 0.026410
26677525 0.027310
26677227 0.029405
26675278 0.030843
26670547 0.031366
26669085 0.033569
26662725 0.035674
26662125 0.035881
26661163 0.036899
26660153 0.040826
26654639 0.041378
26645597 0.048956
26642379 0.051250
26639231 0.056470
26635833 0.056897
26616477 0.057806
26615547 0.062858
26594209 0.063909
26587589 0.072568
26585738 0.075109
26581336 0.075424
26570440 0.076526
26567759 0.080078
26565609 0.080294
26565452 0.082349
26536155 0.085727
26536015 0.088011
26535190 0.090118
26528961 0.090914
26528668 0.094479
26528201 0.097864
26516109 0.101565
26513807 0.101864
26491236 0.102453
26491178 0.102625
26481927 0.119966
26478715 0.125088
26478247 0.128030
26478010 0.133408
26477686 0.133973
26476134 0.138921
26476022 0.145672
26467395 0.146809
26465060 0.174437
26459016 0.205843
26458367 0.212435
26457987 0.239649
26457169 0.248178
26456561 0.250867
26455885 0.261400
26454659 0.395818
26452696 0.466326
26451563 0.982578
26450304 0.995040
26449655 1.017841
26448883 1.030950
26448655 1.064190
26446730 1.224550
26440751 1.229952
26429465 1.301751
26421035 1.862739
26420516 1.864757
26418334 1.866955
26416125 1.878398
26409853 8.041218
26406292 15.656870
26403252 15.937767
26401579 16.062680
26391713 21.401177
26389179 103.482853
26389168 103.512999
26388940 103.627234
