104567530 0.055130
92340301 0.145873
92316304 0.147203
92292123 0.149774
92288408 0.151304
92288061 0.153883
92284995 0.154309
92280753 0.155575
92275439 0.158431
92242717 0.159630
92242606 0.160254
92226281 0.160951
92226258 0.161375
92213331 0.163978
92212814 0.164873
92212813 0.165304
92195672 0.167908
92192625 0.168629
92187412 0.172370
92170915 0.178375
92160796 0.181583
92151844 0.182958
92151319 0.183594
92149923 0.184506
92148574 0.186280
92100763 0.189043
92099395 0.189561
92099336 0.190455
92093167 0.192541
92089056 0.193213
92087337 0.196498
92086445 0.197363
92069037 0.198048
92064992 0.200926
92054246 0.206215
92051935 0.207642
92045209 0.208652
92014377 0.209178
92008140 0.214577
92007696 0.215145
92007254 0.216842
92006531 0.217019
92002392 0.218363
91996835 0.219087
91987358 0.222425
91979694 0.223132
91979339 0.223353
91977856 0.224762
91972054 0.225452
91968451 0.226136
91952912 0.230160
91940017 0.231902
91937896 0.234063
91934696 0.234959
91930599 0.239331
91928078 0.240101
91924853 0.241564
91924559 0.250060
91924350 0.250490
91920534 0.251991
91917908 0.253918
91915258 0.254395
91914899 0.254943
91912135 0.255613
91911523 0.256038
91891404 0.256461
91890256 0.256896
91883500 0.269230
91872254 0.270980
91866227 0.272302
91865243 0.272749
91860584 0.273127
91855491 0.276132
91852163 0.277177
91850824 0.277363
91849069 0.283698
91846946 0.284172
91844636 0.286168
91842881 0.287603
91836432 0.288275
91823501 0.292268
91816797 0.293851
91814595 0.294439
91809521 0.294678
91807480 0.297919
91801602 0.298937
91797321 0.301781
91794672 0.303038
91791933 0.306138
91786357 0.306375
91783963 0.310832
91780880 0.311706
91771805 0.315434
91769500 0.321493
91751907 0.324765
91751717 0.324911
91751525 0.326428
91750663 0.328440
91747326 0.330790
91734079 0.331319
91732429 0.332456
91728410 0.337270
91728052 0.337816
91727325 0.340276
91725392 0.340627
91725049 0.342290
91721977 0.342736
91721172 0.342961
91719261 0.345037
91718657 0.346380
91717479 0.347605
91711008 0.348493
91702175 0.349195
91699444 0.349627
91698730 0.349939
91688365 0.352398
91686042 0.354724
91669450 0.355175
91663650 0.355620
91662628 0.356831
91661834 0.362252
91659997 0.366307
91659469 0.366542
91654075 0.367920
91653436 0.369808
91652088 0.371866
91650841 0.372700
91650180 0.373017
91648936 0.373401
91647901 0.375581
91641241 0.378031
91637790 0.379046
91622454 0.382933
91621159 0.384113
91620802 0.389379
91619835 0.392482
91619498 0.393716
91613652 0.395093
91604246 0.396007
91601486 0.396378
91600255 0.397719
91597071 0.398613
91596728 0.401131
91594480 0.402024
91594443 0.402337
91594228 0.403446
91588542 0.404811
91573546 0.405463
91573081 0.405771
91568737 0.406703
91563370 0.407405
91562433 0.407828
91558811 0.409265
91556052 0.409783
91550650 0.410104
91547886 0.410956
91546627 0.412351
91544849 0.413360
91543819 0.414345
91543517 0.414614
91539284 0.415226
91535779 0.415721
91524544 0.418278
91520290 0.418730
91517226 0.420059
91510373 0.422313
91507061 0.423380
91505018 0.425099
91504217 0.425638
91501038 0.426144
91501010 0.426692
91500085 0.431444
91499800 0.433933
91499192 0.434770
91498459 0.439110
91497678 0.441239
91494017 0.441695
91493410 0.442998
91488150 0.443660
91485994 0.445035
91485911 0.445514
91483219 0.446101
91480662 0.451689
91479471 0.452717
91478781 0.454161
91473144 0.456442
91472049 0.458578
91471594 0.460054
91464554 0.460403
91464102 0.465993
91461455 0.472447
91460382 0.475969
91450401 0.478887
91450396 0.479118
91439254 0.481942
91439234 0.484387
91432047 0.484661
91430853 0.492298
91430007 0.496122
91429972 0.497593
91425940 0.498660
91424684 0.501325
91423712 0.504231
91421919 0.507728
91421363 0.511109
91420179 0.516697
91416506 0.518301
91411073 0.528889
91408428 0.536821
91408305 0.540225
91407624 0.541813
91405683 0.543611
91404096 0.543952
91403619 0.546016
91400678 0.547636
91399186 0.550652
91395131 0.551935
91389230 0.553167
91388179 0.557250
91387790 0.559538
91386309 0.563919
91385721 0.566326
91384445 0.567264
91374980 0.568961
91371315 0.576150
91370097 0.577155
91367472 0.580999
91366992 0.581940
91366671 0.582622
91365654 0.588043
91365305 0.591262
91363374 0.591631
91350499 0.592645
91348716 0.602851
91348563 0.606920
91343321 0.608702
91343121 0.611118
91338162 0.621651
91332383 0.624466
91327291 0.631632
91326052 0.635079
91324756 0.639230
91323363 0.639575
91319473 0.641456
91317372 0.653279
91316780 0.658768
91308563 0.659884
91308277 0.662050
91308225 0.667756
91307535 0.670763
91307260 0.674622
91306657 0.676156
91302813 0.677057
91298867 0.680554
91294311 0.681299
91294061 0.683306
91293544 0.686893
91292864 0.688557
91284007 0.700320
91281768 0.701196
91281505 0.705724
91281435 0.712719
91280609 0.717834
91279939 0.720092
91279155 0.721617
91271569 0.722447
91264779 0.725692
91264602 0.726386
91260684 0.727377
91260479 0.727567
91258644 0.728366
91258444 0.729623
91255674 0.731714
91254915 0.732380
91253415 0.732657
91252403 0.742704
91250825 0.753628
91248776 0.760996
91248139 0.769637
91247925 0.770427
91242208 0.774982
91241677 0.792847
91240748 0.792970
91239105 0.795120
91237537 0.795795
91235983 0.804517
91229936 0.805799
91229622 0.819212
91229113 0.823803
91228185 0.828080
91225470 0.828431
91224660 0.843013
91222562 0.845685
91219704 0.854405
91219694 0.870597
91219255 0.887090
91218172 0.892755
91217394 0.896934
91211209 0.898312
91209057 0.903191
91205029 0.904868
91201414 0.928510
91198218 0.931376
91196667 0.936317
91195347 0.937477
91191644 0.939056
91184850 0.940095
91183593 0.945378
91181010 0.949690
91179821 0.958559
91176021 0.966267
91173700 0.970247
91172832 0.977226
91172353 0.980155
91170207 0.990332
91170124 0.993181
91170044 0.996552
91169456 1.001297
91165060 1.005433
91165051 1.010826
91164455 1.014554
91164327 1.017302
91163649 1.018585
91162588 1.018921
91161549 1.019741
91161027 1.026644
91156494 1.030428
91156029 1.032954
91155745 1.034713
91153178 1.038050
91149072 1.043637
91148576 1.044885
91142812 1.052314
91142320 1.056904
91142045 1.064719
91141519 1.065500
91140514 1.073731
91138583 1.079241
91137987 1.081252
91137572 1.082926
91137188 1.085540
91136446 1.086589
91136339 1.099797
91135846 1.106923
91135506 1.109914
91133886 1.110542
91126524 1.124769
91126305 1.129981
91120007 1.138041
91119476 1.140912
91117462 1.143128
91116066 1.151419
91109220 1.154613
91105196 1.154776
91105023 1.156956
91104058 1.165623
91102600 1.167960
91100290 1.180567
91099473 1.182355
91099461 1.189469
91099448 1.197426
91098910 1.197702
91097458 1.198185
91097251 1.220393
91096323 1.231618
91096195 1.237000
91095961 1.238616
91094657 1.252308
91094611 1.284921
91092068 1.308914
91089409 1.330333
91087134 1.335127
91087124 1.339762
91085916 1.341846
91084024 1.354888
91083213 1.359343
91082069 1.370161
91082062 1.374584
91076521 1.385508
91075736 1.391176
91075423 1.405287
91070353 1.415773
91069970 1.416186
91069218 1.418516
91069138 1.420387
91068537 1.420838
91068346 1.427997
91067605 1.432261
91064516 1.442766
91064438 1.457333
91063711 1.458409
91061127 1.470940
91058768 1.477623
91058468 1.479483
91058321 1.494007
91056044 1.504171
91055452 1.504864
91054692 1.506486
91052934 1.526247
91051217 1.527088
91050994 1.529039
91050605 1.532889
91050586 1.543786
91049755 1.557646
91049096 1.570758
91045697 1.590091
91045043 1.601364
91044876 1.607157
91043531 1.612025
91043338 1.637996
91041439 1.638501
91041161 1.643354
91039257 1.656586
91038778 1.662796
91036705 1.670399
91036122 1.675678
91035922 1.679317
91035422 1.680229
91035206 1.684111
91035077 1.702475
91031023 1.703410
91027735 1.711465
91025026 1.722193
91024888 1.732411
91024571 1.735087
91024357 1.754055
91021960 1.760651
91021951 1.767124
91021899 1.772353
91020530 1.779624
91020305 1.781626
91018997 1.789134
91018992 1.821848
91018121 1.826489
91018015 1.856996
91017144 1.898177
91014194 1.900427
91012817 1.942617
91012739 1.969393
91012523 1.978422
91012315 1.988002
91011327 1.989919
91011005 2.012961
91010266 2.024032
91009474 2.033254
91009394 2.034303
91007704 2.050148
91007293 2.067767
91005748 2.091067
91000011 2.097363
90999878 2.099425
90998135 2.101687
90997381 2.110812
90996462 2.125897
90995841 2.126364
90995317 2.142355
90994070 2.169898
90994060 2.176609
90994028 2.180931
90993551 2.189353
90989399 2.193414
90987943 2.197368
90987155 2.202001
90986924 2.207158
90986666 2.236265
90984453 2.238877
90983344 2.254045
90983210 2.263057
90982664 2.300335
90981836 2.305936
90980178 2.334572
90978987 2.343257
90978380 2.346922
90975589 2.353776
90975516 2.359161
90975065 2.362999
90974731 2.382930
90974170 2.388838
90970026 2.400975
90969344 2.436855
90968999 2.442637
90968793 2.447562
90967716 2.459667
90967107 2.485973
90963520 2.501963
90959209 2.504492
90959043 2.508938
90958768 2.520505
90958698 2.525853
90958669 2.540613
90958539 2.547534
90958472 2.582029
90956289 2.583816
90954516 2.594155
90953251 2.598625
90953240 2.633510
90951778 2.638581
90951289 2.645148
90950760 2.646696
90949686 2.673398
90949566 2.674081
90948266 2.691902
90948125 2.700786
90948001 2.701345
90946306 2.705035
90946083 2.715487
90945113 2.728859
90944877 2.734476
90944666 2.760337
90942664 2.779270
90937745 2.784180
90935280 2.795743
90934955 2.810337
90932227 2.813988
90931664 2.874875
90931548 2.892688
90931437 2.909787
90928979 2.928765
90928755 2.941158
90928510 2.985013
90927801 2.997747
90924472 3.000900
90920719 3.045367
90920186 3.059020
90918462 3.061179
90918056 3.065339
90910753 3.067170
90907955 3.078236
90907651 3.082663
90907599 3.089598
90905051 3.094623
90904649 3.130799
90904233 3.135465
90900892 3.180731
90900523 3.185746
90900261 3.193539
90897336 3.213347
90896816 3.213835
90896714 3.234288
90896194 3.254136
90895659 3.269410
90891763 3.276149
90891432 3.286992
90890426 3.322819
90890366 3.346553
90890026 3.369888
90889828 3.396501
90889729 3.413091
90889710 3.424556
90888222 3.468599
90887920 3.513289
90885443 3.553959
90883794 3.560287
90880904 3.566561
90880685 3.568263
90879602 3.569363
90879334 3.602276
90877286 3.619932
90876321 3.631963
90876232 3.667822
90873843 3.672669
90873542 3.673994
90871511 3.675099
90869576 3.714914
90867744 3.768594
90866374 3.774098
90865672 3.776682
90862861 3.872224
90862100 3.902799
90861238 3.903320
90860621 3.928806
90859071 3.938471
90858586 3.996433
90855806 4.003597
90855626 4.041827
90855446 4.090255
90855426 4.138918
90848101 4.161219
90841170 4.200029
90840726 4.240669
90838904 4.298810
90838776 4.309001
90838021 4.389123
90837861 4.431108
90836031 4.452696
90835959 4.475694
90834851 4.529570
90834306 4.573620
90833696 4.576343
90833305 4.592671
90833000 4.619264
90832613 4.705097
90830591 4.706622
90830320 4.707193
90829649 4.780324
90828900 4.799816
90827846 4.882777
90827800 4.886852
90827755 5.213346
90826842 5.275571
90825274 5.294703
90823786 5.361436
90823719 5.542557
90822893 5.563881
90822323 5.597220
90822311 5.604843
90821859 5.643066
90821477 5.720693
90820589 5.734613
90818164 5.874093
90818001 5.915378
90816817 5.921382
90816340 5.936390
90816130 5.942315
90815207 6.045940
90813396 6.111531
90813123 6.127883
90812031 6.142705
90811429 6.346660
90810924 6.353552
90808368 6.357887
90807692 6.386926
90807665 6.471104
90807505 6.506232
90806419 6.518413
90806408 6.549448
90805124 6.561987
90804402 6.582761
90803409 6.622861
90801395 6.852582
90801151 6.857506
90800763 6.961906
90798616 7.341212
90796755 7.371665
90796314 7.449460
90796069 7.543328
90795176 7.614195
90794891 7.788024
90794776 7.896340
90794342 8.254667
90793859 8.303050
90793315 8.330946
90792665 8.343191
90792464 8.376334
90792201 8.384438
90790827 8.510826
90787685 8.566327
90787266 8.586170
90786998 8.717043
90784455 8.754436
90783447 9.133865
90782545 9.262826
90781979 73.222818
90781019 73.388460
90780499 73.662294
90779269 73.854561
90778248 74.209622
90777429 74.418025
90776314 74.422338
90769985 74.502655
90768876 74.538362
90768544 74.616569
90768530 128.482178
90767281 128.494894
90766684 128.641798
90764014 128.699597
90763886 128.930150
90763642 128.980875
90763034 129.129851
90763033 129.286419
90762563 129.507887
90759764 129.743716
90759709 129.791283
90759408 129.846550
90759303 129.938892
90758942 129.949581
90758783 130.178506
90758513 130.181096
90758038 130.237526
90757829 130.441338
90757473 130.515154
90757203 130.590619
90755758 130.913091
90753144 131.113190
90753036 224.223418
90753003 224.248133
90750603 224.407911
90747465 224.700502
90746897 224.753592
90746393 224.997149
90746220 225.126608
90745379 328.699970
90745007 328.701209
90744581 328.789452
