62106116 0.017990
53177274 0.046277
53164313 0.046989
53161940 0.048646
53138544 0.050024
53134875 0.050847
53104372 0.054435
53101737 0.055366
53078106 0.056252
53072062 0.057264
53071347 0.059863
53067043 0.060195
53065580 0.060645
53046579 0.061358
52994715 0.063911
52989979 0.064991
52966965 0.066540
52955523 0.067986
52955192 0.068248
52953960 0.070320
52943862 0.070580
52939489 0.073001
52930902 0.073655
52921383 0.074138
52917954 0.075494
52914844 0.075780
52906491 0.076330
52904306 0.079233
52888420 0.080640
52885275 0.080875
52873996 0.083045
52870955 0.083231
52847793 0.084475
52844714 0.086767
52844584 0.087428
52841733 0.090335
52837694 0.090422
52837594 0.094742
52836049 0.097267
52835681 0.100435
52817096 0.101354
52794384 0.106685
52787426 0.107913
52783580 0.114077
52783155 0.117215
52780290 0.128390
52778807 0.128793
52778043 0.129257
52759983 0.130243
52759382 0.132445
52759158 0.135886
52750244 0.136949
52748903 0.145341
52747348 0.146179
52742382 0.147844
52740784 0.148535
52737758 0.153037
52736195 0.153582
52734481 0.156166
52733860 0.158701
52733176 0.160280
52727845 0.161193
52727412 0.166710
52727395 0.172353
52717795 0.172992
52713986 0.173525
52710967 0.176368
52708881 0.177324
52702663 0.177721
52702225 0.179102
52701149 0.182165
52697547 0.187586
52695801 0.192602
52685437 0.196530
52684787 0.197014
52681766 0.205246
52674126 0.213121
52673551 0.215463
52673348 0.220245
52670828 0.221362
52665991 0.222864
52665886 0.226831
52664348 0.231668
52661965 0.245131
52644975 0.249815
52627213 0.261490
52625832 0.263523
52624611 0.268393
52623728 0.268647
52621695 0.269458
52621571 0.278997
52620049 0.282071
52613375 0.282445
52609925 0.283749
52609756 0.286029
52609478 0.288294
52603435 0.289109
52593864 0.296100
52587534 0.296322
52585162 0.305570
52579355 0.314446
52578473 0.320608
52575090 0.327627
52573729 0.331612
52569921 0.336386
52558724 0.337859
52558668 0.346906
52556492 0.353078
52554732 0.369226
52554590 0.371299
52554529 0.379070
52549141 0.383539
52548479 0.398644
52545070 0.399529
52544078 0.403452
52543264 0.415800
52542071 0.423778
52540446 0.452140
52537490 0.455960
52533932 0.469705
52533333 0.470734
52532204 0.501111
52524354 0.519693
52524108 0.534427
52522436 0.541267
52522082 0.542514
52521873 0.543536
52518506 0.559386
52516311 0.567344
52515624 0.586620
52509587 0.589270
52508921 0.594035
52507585 0.596458
52506068 0.601853
52504859 0.608774
52503996 0.627127
52499454 0.680100
52499014 0.689475
52497696 0.708792
52497507 0.710831
52497471 0.721127
52494491 0.726872
52491627 0.729442
52491289 0.740531
52490271 0.742856
52488581 0.748222
52485815 0.750713
52484651 0.777707
52480912 0.810529
52480384 0.835780
52479493 0.844897
52477964 0.846809
52474533 0.847744
52466486 0.876474
52463048 0.917428
52462765 0.927523
52462217 0.947562
52460980 1.006571
52460388 1.054586
52459291 1.076826
52456055 1.105146
52455137 1.138282
52450509 1.154144
52448719 1.169456
52445751 1.191775
52444854 1.222153
52442561 1.286949
52438784 1.334500
52437310 1.484337
52436973 1.494710
52430122 1.555727
52428601 1.568954
52426646 1.585984
52426438 1.598072
52426337 1.605895
52425400 1.626795
52424529 1.663484
52424101 1.754511
52423760 1.790787
52423322 1.860558
52421533 1.920160
52421078 2.158772
52417993 2.311238
52416696 2.321786
52414613 2.341400
52411012 2.349171
52410428 2.408078
52408575 2.418102
52408569 39.660576
52408404 39.861112
52407775 39.893839
52407699 39.894562
52407663 39.897912
52406704 39.901287
52405960 39.903012
52405606 40.050073
52404465 40.125279
52403825 40.355117
52402653 40.486960
52402094 51.922580
52401250 52.035351
52401013 52.119426
52400909 52.135914
52400809 52.177158
52400804 175.866511
52400639 175.872346
52397284 175.984756
52396531 176.042523
52395603 181.722864
52395502 181.747681
52392503 181.937792
52391118 181.947635
52390926 182.097238
52389946 182.248429
52388531 182.322703
52386854 182.330032
