110235920 0.060694
97289733 0.163730
97289089 0.163857
97278776 0.165352
97269202 0.165918
97263724 0.169848
97262185 0.170630
97247906 0.172456
97238749 0.174969
97237213 0.175227
97236785 0.175523
97229151 0.176446
97228696 0.176610
97220823 0.179180
97212710 0.182010
97212683 0.185444
97211113 0.187334
97201368 0.187598
97182195 0.189089
97177281 0.189575
97171735 0.190159
97171670 0.191624
97170468 0.195088
97163778 0.195773
97138664 0.196110
97131594 0.196685
97130174 0.197978
97128557 0.198375
97128276 0.200847
97123032 0.201652
97115907 0.202282
97111237 0.203053
97098743 0.208004
97095010 0.209251
97094682 0.210315
97086982 0.213650
97074831 0.214757
97066522 0.218378
97064241 0.221758
97061435 0.223416
97054116 0.228669
97048559 0.230089
97045892 0.231276
97045305 0.231771
97040573 0.233138
97036714 0.234440
97032372 0.235855
97018700 0.238235
97016485 0.238939
97009992 0.239267
97008157 0.240460
96998305 0.241950
96980956 0.243525
96979006 0.245741
96961873 0.246922
96960854 0.248112
96960706 0.248344
96951946 0.249193
96951320 0.250762
96950703 0.251014
96950687 0.253187
96934942 0.254295
96926426 0.255550
96912224 0.259615
96902313 0.260241
96900846 0.265088
96897026 0.266312
96896775 0.266516
96892943 0.267198
96886518 0.269168
96881643 0.269608
96872929 0.270168
96871138 0.271545
96869100 0.272355
96867290 0.275736
96858627 0.277628
96855832 0.280486
96853334 0.280885
96850298 0.284456
96831882 0.285447
96821966 0.285808
96820950 0.287458
96815832 0.288418
96800799 0.289240
96800742 0.289728
96800654 0.290314
96799299 0.292859
96794896 0.293421
96793677 0.294336
96791856 0.303432
96785780 0.303767
96780341 0.307394
96756513 0.310186
96755100 0.311504
96751355 0.315768
96746474 0.318776
96743875 0.320832
96731159 0.322177
96729377 0.322801
96725427 0.328688
96725032 0.329817
96718800 0.332045
96708268 0.333657
96706921 0.336923
96700845 0.337510
96689614 0.338525
96685376 0.338855
96684375 0.339225
96683850 0.341740
96678316 0.342180
96671656 0.343919
96668903 0.344529
96665151 0.348520
96662980 0.350596
96658709 0.351270
96653486 0.353107
96652158 0.355974
96650495 0.356578
96649602 0.358574
96649516 0.359787
96649203 0.364260
96648166 0.364492
96647598 0.373597
96646266 0.380041
96636818 0.380415
96632787 0.381606
96632079 0.388009
96626416 0.388319
96623372 0.399108
96622058 0.403112
96619301 0.403947
96610280 0.406522
96608625 0.407309
96608308 0.407985
96605058 0.409251
96601074 0.413367
96599079 0.414046
96599059 0.416903
96588972 0.419176
96584090 0.424716
96582275 0.427470
96581306 0.432839
96580149 0.435438
96578734 0.438883
96577205 0.439393
96577106 0.440629
96574897 0.442696
96572310 0.449213
96566080 0.453024
96554449 0.454990
96552744 0.456058
96552222 0.456789
96552198 0.457348
96552008 0.460296
96551798 0.461416
96550465 0.470556
96550052 0.473236
96543299 0.474521
96543030 0.475985
96542522 0.481437
96521732 0.484628
96519025 0.485069
96518800 0.485581
96518394 0.486159
96518114 0.487094
96517878 0.495458
96511617 0.496362
96510120 0.497850
96498370 0.498244
96498114 0.502175
96496163 0.503801
96495430 0.504477
96493027 0.504924
96492829 0.506878
96488815 0.510066
96487110 0.513023
96487000 0.513501
96482360 0.516122
96477799 0.523486
96475706 0.527061
96472708 0.538825
96471128 0.539978
96459952 0.545636
96458185 0.546482
96448495 0.547265
96444015 0.549026
96442777 0.551100
96436328 0.552822
96431316 0.554065
96426660 0.554276
96425031 0.557765
96424492 0.558818
96423079 0.561278
96421885 0.565856
96420890 0.569633
96419862 0.571842
96413609 0.579752
96412868 0.580118
96407550 0.581752
96407254 0.582071
96406501 0.583961
96402891 0.588388
96401832 0.593204
96397887 0.595109
96393243 0.600358
96390511 0.600683
96388896 0.607630
96384109 0.616233
96377992 0.617185
96373187 0.618794
96371869 0.619639
96370924 0.620000
96368411 0.621971
96366139 0.624912
96364061 0.627260
96363544 0.631953
96355355 0.634535
96354692 0.634917
96353896 0.636876
96353581 0.645748
96353565 0.653951
96351851 0.658109
96343282 0.663849
96342998 0.664047
96341575 0.667525
96337207 0.668752
96336536 0.671955
96336016 0.672954
96334991 0.674412
96331286 0.675891
96329325 0.677861
96329305 0.683877
96328334 0.685646
96314754 0.686325
96314686 0.687398
96313788 0.700459
96312426 0.704022
96311404 0.704597
96307116 0.707274
96305919 0.709125
96305644 0.713327
96305260 0.713691
96304871 0.719130
96303206 0.729621
96302850 0.733187
96301431 0.734866
96301263 0.735296
96300585 0.740826
96300194 0.741543
96299005 0.743412
96297490 0.748345
96297172 0.757289
96296516 0.759420
96290015 0.767707
96286699 0.770759
96286393 0.775835
96285632 0.785450
96283458 0.785864
96283001 0.786847
96277513 0.789748
96277470 0.790044
96276088 0.791083
96274995 0.791559
96265240 0.793770
96264849 0.803250
96257076 0.808632
96246430 0.809845
96245820 0.814868
96241914 0.816570
96239012 0.817690
96238363 0.831372
96235941 0.831677
96235725 0.833374
96235149 0.833583
96229752 0.839416
96227332 0.840422
96225565 0.842210
96225264 0.842488
96222575 0.848993
96219814 0.855441
96218202 0.863241
96218128 0.863365
96218063 0.869956
96212586 0.872520
96211816 0.873006
96211745 0.879589
96210646 0.880033
96209532 0.884620
96208923 0.886084
96207947 0.897028
96206723 0.904918
96205720 0.915286
96205184 0.917738
96204904 0.921670
96203066 0.926250
96202210 0.927007
96200229 0.927794
96199585 0.928727
96192662 0.929566
96191066 0.930215
96190679 0.931406
96188527 0.943784
96188095 0.944023
96187787 0.945631
96187129 0.949236
96186593 0.958586
96185858 0.960470
96184721 0.962915
96183559 0.963373
96182285 0.964129
96177331 0.976516
96173657 0.977776
96173151 0.983566
96172494 0.989749
96171663 0.996294
96168189 1.001834
96167845 1.005193
96166738 1.008757
96166177 1.012313
96165808 1.019489
96164474 1.025394
96163157 1.028365
96162630 1.043783
96160606 1.044091
96160418 1.049657
96160152 1.049870
96155253 1.051434
96152756 1.051984
96147902 1.054301
96147542 1.057496
96146747 1.061731
96144326 1.063995
96143781 1.067955
96143745 1.068313
96141635 1.071524
96140781 1.075740
96140739 1.075977
96139122 1.078510
96135409 1.079708
96134633 1.080964
96134464 1.084539
96131168 1.085560
96130116 1.089824
96125056 1.096479
96120257 1.106900
96118169 1.115062
96117174 1.118696
96116710 1.122546
96115452 1.128683
96114418 1.137173
96114196 1.139095
96113930 1.141195
96113666 1.152403
96113455 1.159325
96111172 1.159932
96106382 1.164897
96106300 1.172951
96105593 1.192643
96105011 1.193114
96101084 1.201472
96096457 1.207206
96090009 1.211837
96087391 1.212453
96086990 1.219468
96084112 1.221346
96083226 1.234232
96081552 1.237898
96078929 1.247579
96077302 1.250767
96077175 1.251781
96076671 1.266198
96076556 1.269955
96075765 1.273794
96075249 1.294894
96074473 1.299414
96074168 1.308488
96070810 1.309960
96068482 1.311797
96066928 1.318752
96064821 1.323633
96060682 1.325717
96060070 1.328908
96059548 1.330514
96059487 1.337817
96056780 1.339633
96054950 1.342352
96054842 1.343172
96054331 1.354169
96051277 1.354838
96049363 1.361452
96049197 1.367037
96048588 1.371536
96047995 1.376479
96046930 1.381091
96030464 1.389857
96027716 1.396568
96027126 1.396980
96027049 1.405489
96025287 1.406201
96024786 1.421560
96024761 1.423501
96024637 1.437812
96023229 1.449354
96021027 1.472690
96020325 1.476391
96018566 1.493821
96017489 1.494542
96017150 1.500763
96016151 1.503382
96015937 1.526839
96013981 1.531951
96013907 1.532823
96013585 1.542518
96011883 1.548409
96010610 1.551365
96009727 1.560049
96007366 1.580805
96006998 1.582009
96005593 1.585586
96004993 1.589235
96004834 1.590275
96004829 1.591294
96003565 1.602599
96000460 1.602824
95999480 1.623668
95999239 1.625541
95997654 1.629960
95996401 1.632145
95995449 1.635427
95993776 1.654037
95992949 1.655115
95992925 1.655550
95992343 1.664414
95990405 1.668577
95990336 1.669509
95989867 1.711575
95989733 1.737962
95988215 1.740123
95987887 1.750329
95986345 1.760975
95986081 1.794845
95985085 1.800568
95982183 1.805646
95975581 1.807835
95973221 1.815671
95966964 1.821718
95966954 1.838128
95964272 1.851997
95963646 1.866946
95961873 1.867126
95961090 1.867526
95960779 1.896588
95960502 1.913535
95960400 1.916874
95959541 1.918334
95957899 1.918901
95956142 1.924878
95956034 1.946643
95956000 1.952612
95954004 1.964386
95953347 1.970694
95953093 1.995499
95952363 1.996479
95948868 2.006639
95947989 2.041437
95947433 2.043955
95946389 2.048168
95945866 2.050392
95945191 2.086578
95945132 2.104631
95944140 2.134581
95940036 2.149584
95938679 2.168816
95938421 2.191355
95933289 2.194366
95932709 2.202950
95930487 2.204623
95930328 2.209082
95926421 2.230696
95926356 2.237829
95925212 2.247346
95924790 2.259273
95924322 2.261316
95923427 2.274756
95920817 2.276591
95919960 2.307970
95919860 2.320709
95919787 2.330429
95917889 2.346358
95909191 2.349386
95909154 2.357443
95908602 2.359699
95905547 2.363872
95901851 2.382276
95901760 2.396721
95899525 2.402469
95897432 2.445925
95894870 2.458539
95891942 2.470058
95891888 2.474069
95891704 2.485318
95891324 2.502327
95890206 2.506645
95888963 2.532539
95888600 2.541810
95887934 2.602437
95886392 2.616502
95883289 2.634864
95880977 2.677783
95880620 2.678944
95880511 2.688965
95880028 2.691438
95878772 2.692015
95878734 2.697332
95878599 2.701212
95878341 2.701479
95877021 2.725541
95874319 2.776479
95874240 2.779117
95873570 2.783313
95873430 2.784356
95871356 2.796991
95870449 2.812406
95870205 2.825672
95869986 2.837295
95869616 2.842755
95867818 2.845063
95866937 2.867557
95866865 2.900187
95866368 2.911749
95865764 2.914353
95865618 2.953390
95865597 2.956963
95865522 2.976059
95864876 2.981064
95864735 2.985861
95863021 3.007704
95862657 3.015298
95862367 3.020145
95861343 3.029205
95859806 3.037848
95859600 3.045649
95859552 3.070213
95858157 3.072205
95856739 3.083257
95856696 3.105145
95856539 3.111440
95855054 3.125280
95854791 3.128940
95852021 3.135197
95851438 3.157951
95850728 3.176702
95849874 3.185096
95849593 3.192071
95849495 3.198881
95848059 3.229943
95847222 3.234777
95845439 3.255733
95845350 3.259491
95845021 3.270290
95843540 3.273174
95842840 3.284713
95842618 3.294985
95842183 3.321566
95841748 3.322181
95840132 3.353009
95840116 3.362053
95839397 3.380527
95837610 3.382438
95836718 3.391950
95833700 3.414531
95833257 3.417618
95832686 3.526244
95832632 3.623689
95832122 3.702884
95832056 3.730428
95832043 3.737433
95829760 3.751723
95829693 3.763666
95829297 3.779572
95828987 3.798746
95826123 3.822420
95826072 3.908803
95825771 3.963554
95822074 4.120637
95821517 4.134585
95821247 4.163325
95820697 4.165365
95820107 4.169634
95819758 4.179621
95819568 4.204064
95818122 4.238742
95818030 4.295967
95816873 4.300251
95816045 4.321418
95814890 4.371535
95811926 4.391818
95811775 4.537379
95809941 4.546612
95809213 4.679675
95809140 4.691175
95808177 4.783613
95806436 4.800511
95805410 4.829135
95805314 4.950592
95805117 5.019953
95804945 5.211991
95804421 5.256069
95803964 5.294135
95802921 5.330265
95801582 5.351305
95801506 5.360979
95800897 5.397938
95798816 5.401254
95797641 5.439077
95797625 5.536869
95797288 5.560744
95797137 5.617484
95794988 5.637890
95794917 5.660250
95794534 5.747276
95794449 5.752268
95794287 5.896468
95793845 5.933578
95793552 5.977309
95793487 6.086699
95793410 6.338560
95792193 6.455856
95790450 6.472338
95789831 6.560351
95789020 6.634402
95788862 6.640035
95787674 6.648614
95786446 6.799369
95786060 6.871429
95786053 6.993139
95784079 7.127864
95783486 7.460889
95782772 7.461129
95782699 7.558118
95782672 7.611850
95780450 7.802307
95779987 7.956191
95778380 8.034890
95777928 8.215799
95777854 8.358671
95775494 8.376434
95774776 8.403400
95774618 8.418186
95773587 8.447706
95770935 8.455677
95769616 8.476556
95769219 8.512519
95769188 8.547099
95769124 8.561662
95768775 8.590689
95768229 8.646734
95767792 8.662288
95766699 8.770383
95766468 8.793994
95765840 8.807966
95764788 8.846115
95764721 8.886745
95764620 8.917397
95763847 8.924000
95763052 8.957327
95762879 8.984060
95762844 8.993697
95760554 9.031113
95759748 9.035295
95759538 9.063691
95758489 9.070547
95758412 9.175099
95758068 9.187235
95757602 9.337329
95754739 9.612337
95754433 9.716041
95749525 9.723407
95749006 9.795797
95748267 9.848247
95747457 9.982536
95745736 10.145883
95745634 10.146894
95744769 10.159355
95743946 10.201802
95743631 10.204951
95743338 10.321355
