36370906 0.005649
31003939 0.012611
30975120 0.013881
30900618 0.014944
30870665 0.015696
30863940 0.016310
30706633 0.018344
30705866 0.020674
30705401 0.022041
30696257 0.022477
30672681 0.023106
30660312 0.023535
30659907 0.023713
30656082 0.025795
30643608 0.027206
30625018 0.032016
30613085 0.034307
30609181 0.035542
30592174 0.037510
30538181 0.038399
30530121 0.039007
30527688 0.043730
30512502 0.044235
30494789 0.045894
30493541 0.047094
30492206 0.051154
30491282 0.051417
30464129 0.053472
30463772 0.054290
30425287 0.055568
30424576 0.055752
30420141 0.057144
30418115 0.058583
30409788 0.062619
30409576 0.064262
30406953 0.065400
30380950 0.065787
30374152 0.068554
30373105 0.071887
30363414 0.076994
30358654 0.095002
30356949 0.107328
30353580 0.125183
30348529 0.141219
30347909 0.142996
30342498 0.165013
30342215 0.165392
30338713 0.266397
30337148 0.278006
30335100 0.299345
30332912 0.311204
30332555 0.316760
30332312 0.320827
30332181 0.357809
30331976 0.409602
30323870 0.410075
30320960 0.449126
30320254 0.462837
30319109 0.547173
30318343 0.553973
30317470 48.194813
30316850 48.224572
30314364 48.239304
30314267 57.935749
30311452 58.058049
30307237 58.113963
