81747897 0.033141
71705960 0.083236
71700331 0.083554
71697530 0.084199
71695135 0.085298
71690753 0.085622
71592553 0.089007
71581510 0.090376
71537099 0.092193
71525210 0.093683
71517340 0.094421
71507819 0.095243
71505377 0.096624
71503363 0.098582
71489528 0.099667
71486504 0.100355
71475371 0.102377
71472196 0.102870
71441245 0.105717
71428927 0.106058
71424400 0.106599
71404243 0.112036
71401444 0.113337
71389328 0.114089
71386787 0.114526
71379677 0.115103
71378826 0.116158
71378381 0.116444
71372867 0.117317
71348225 0.118850
71344644 0.119818
71335518 0.120536
71325962 0.121117
71309121 0.121749
71298558 0.122558
71295967 0.123624
71292639 0.124780
71291098 0.126076
71281962 0.127172
71272682 0.129321
71266500 0.130248
71264356 0.131099
71263692 0.133584
71260330 0.135484
71248990 0.136669
71244040 0.137031
71242288 0.140104
71235364 0.140721
71217880 0.141929
71205918 0.143268
71202132 0.143549
71199488 0.144656
71198754 0.148150
71185282 0.149705
71177984 0.150383
71172324 0.152739
71169300 0.153713
71168441 0.155382
71167649 0.156188
71167148 0.156478
71167028 0.157750
71162108 0.161922
71161832 0.162918
71144936 0.165202
71134745 0.165442
71132182 0.166135
71125750 0.166522
71121535 0.173290
71101942 0.174529
71097196 0.175867
71093706 0.177934
71091255 0.179865
71083157 0.180259
71082557 0.181640
71081487 0.185418
71074131 0.185958
71074063 0.186373
71066320 0.191237
71066113 0.193839
71065388 0.194982
71061990 0.195856
71055159 0.198980
71053193 0.200045
71039787 0.200479
71032121 0.204740
71030771 0.209189
71027000 0.211428
71026328 0.213028
71018372 0.218907
71011729 0.224655
71000526 0.227073
70990700 0.227364
70977444 0.229396
70975499 0.229696
70975183 0.230035
70972258 0.230517
70970841 0.234694
70970389 0.237082
70967716 0.240770
70966913 0.242721
70964432 0.243649
70962577 0.246440
70953879 0.249352
70953016 0.249594
70951982 0.251628
70942227 0.255170
70940400 0.256013
70940080 0.258054
70937179 0.261049
70936866 0.262774
70936327 0.262955
70928205 0.263557
70926270 0.279330
70922805 0.281181
70920924 0.282223
70912913 0.283523
70911546 0.283953
70910984 0.291828
70909011 0.292042
70908305 0.295566
70907810 0.296962
70905604 0.301646
70905503 0.305820
70900722 0.306863
70900030 0.308108
70899529 0.309660
70895633 0.316821
70894794 0.317702
70894209 0.325322
70892923 0.327356
70888925 0.329089
70887870 0.330087
70873060 0.334000
70865440 0.342022
70863893 0.345408
70862914 0.347264
70861826 0.350349
70861584 0.352079
70855194 0.358483
70854900 0.361342
70851175 0.363775
70849584 0.365812
70843519 0.370120
70842609 0.370433
70839871 0.370846
70835033 0.371757
70834870 0.374514
70834541 0.382530
70833908 0.382939
70830607 0.386885
70827376 0.389644
70826009 0.390108
70817018 0.402777
70815416 0.403322
70814453 0.404790
70804893 0.407504
70804789 0.410938
70801451 0.413778
70800401 0.418813
70794159 0.421877
70791315 0.426507
70790962 0.428037
70789056 0.433221
70788689 0.433362
70773579 0.439475
70773161 0.442714
70771920 0.444327
70767878 0.444797
70759008 0.446430
70751905 0.447045
70750857 0.447323
70749336 0.451187
70748494 0.451954
70744722 0.453163
70743414 0.455413
70737449 0.459786
70736898 0.461106
70733962 0.478518
70730222 0.479163
70727759 0.480616
70726411 0.486840
70721885 0.487876
70720984 0.498866
70720817 0.499423
70718459 0.500135
70718072 0.502991
70717783 0.505034
70717553 0.512211
70714859 0.529395
70713253 0.571263
70711077 0.574560
70710642 0.588136
70710156 0.588374
70710136 0.591590
70710007 0.595546
70709928 0.597333
70705934 0.597744
70703764 0.598921
70703694 0.605004
70701851 0.608701
70701253 0.609046
70694594 0.610563
70694584 0.610881
70694378 0.612607
70694301 0.624720
70694254 0.624842
70692287 0.625217
70691066 0.626366
70689967 0.631242
70689688 0.632558
70676455 0.637439
70675101 0.647580
70670105 0.650477
70668515 0.656920
70665220 0.662595
70664223 0.677415
70662785 0.681090
70660088 0.689670
70659143 0.692882
70655247 0.693290
70652457 0.694273
70644468 0.695421
70643074 0.696005
70639575 0.702684
70639210 0.703901
70634982 0.729797
70631813 0.737612
70631732 0.739671
70631431 0.740151
70630160 0.743590
70625837 0.746612
70625655 0.750694
70624747 0.751831
70623889 0.759214
70622100 0.768420
70621382 0.770683
70620399 0.771310
70620274 0.774131
70620104 0.775821
70619318 0.777955
70616026 0.794108
70614721 0.799499
70612873 0.804183
70612838 0.805105
70612229 0.813114
70603442 0.815397
70602825 0.816786
70602344 0.822382
70600329 0.830433
70598734 0.844566
70594717 0.847057
70593141 0.847405
70590731 0.851489
70590300 0.860940
70588890 0.878802
70588098 0.885390
70587922 0.891426
70584704 0.899058
70584637 0.911214
70583948 0.912563
70580535 0.913157
70579296 0.930897
70578810 0.938636
70577933 0.939233
70577923 0.949723
70577889 0.955636
70576653 0.965768
70573732 0.967017
70570529 0.977032
70569980 0.983252
70567923 0.991625
70567313 1.004092
70566118 1.004564
70565767 1.007715
70564846 1.042057
70563619 1.046947
70561870 1.066596
70561660 1.068713
70560804 1.103360
70557096 1.140742
70554707 1.144347
70551147 1.166141
70549625 1.207302
70545010 1.211535
70542853 1.224752
70534986 1.236146
70532505 1.236529
70532078 1.254193
70530487 1.254877
70528940 1.259604
70525767 1.294268
70522059 1.296951
70519332 1.339895
70517435 1.344472
70516835 1.352320
70515751 1.366530
70513906 1.383786
70510191 1.384846
70508778 1.399536
70506997 1.454100
70506644 1.457949
70506384 1.486364
70506314 1.492234
70506310 1.513203
70505846 1.529396
70502258 1.553494
70501801 1.558062
70501349 1.565304
70499686 1.594350
70499592 1.602312
70499175 1.629320
70497167 1.631697
70496769 1.632435
70496434 1.637318
70494255 1.654361
70492675 1.655501
70491787 1.705601
70491047 1.708154
70489012 1.749585
70488922 1.767371
70488918 1.780102
70487688 1.780320
70482754 1.782929
70482048 1.799400
70478956 1.820541
70477407 1.834778
70476981 1.836305
70476452 1.853290
70474658 1.855718
70474380 1.869817
70473827 1.927181
70471560 2.004712
70469767 2.052798
70467649 2.063920
70465770 2.159975
70459705 2.180519
70459480 2.206993
70457417 2.233463
70456076 2.234373
70454629 2.240460
70453548 2.293032
70452604 2.324274
70452214 2.353101
70451002 2.379354
70450430 2.428410
70449627 2.458389
70445814 2.469569
70444283 2.548428
70444028 2.646911
70443812 2.707649
70442812 2.761848
70442649 2.764234
70442529 2.861609
70442269 2.936547
70441601 2.980618
70441544 2.989255
70440161 3.006030
70439936 3.143490
70439261 3.163630
70438837 3.202028
70437203 3.259062
70437014 3.344650
70436892 3.376785
70436715 3.384953
70435902 3.394668
70434363 3.434280
70434195 3.442472
70433955 3.456654
70433644 3.457600
70433330 3.543614
70426018 3.566567
70424142 3.736462
70423246 3.786982
70420475 3.970507
70420334 4.082299
70420109 4.328475
70420095 4.957132
70417609 5.046695
70417131 5.072480
70415885 5.098156
70414523 5.112306
