105987176 0.053205
93156244 0.144395
93150404 0.145900
93148384 0.146268
93146166 0.147114
93144170 0.149335
93142686 0.150306
93118786 0.151138
93113288 0.152738
93106095 0.154235
93102156 0.154756
93086699 0.155842
93071898 0.157292
93069372 0.158081
93068125 0.159453
93068050 0.160109
93065463 0.160334
93049737 0.161706
93033833 0.162859
93031694 0.163935
93017936 0.165402
93003748 0.167632
92985281 0.172262
92981699 0.172717
92981642 0.174935
92977041 0.178783
92969450 0.182948
92966029 0.183393
92964906 0.185860
92964896 0.186396
92963448 0.189298
92959953 0.189923
92954684 0.192872
92951191 0.193124
92946255 0.193378
92945097 0.194208
92939007 0.195551
92933432 0.196376
92930207 0.197753
92915755 0.201832
92910665 0.204617
92907308 0.205921
92901255 0.207860
92900084 0.210885
92896319 0.211586
92893119 0.212027
92890902 0.213665
92888515 0.214591
92888058 0.217016
92884534 0.220166
92879815 0.221084
92868631 0.223008
92857400 0.223552
92852801 0.223993
92849525 0.224259
92822811 0.227118
92821757 0.228548
92817652 0.229187
92815754 0.229343
92813572 0.229836
92812245 0.230080
92811506 0.230875
92806318 0.236376
92786879 0.239212
92782943 0.239722
92782162 0.240050
92774208 0.242964
92773887 0.244765
92772637 0.246570
92759808 0.247509
92753793 0.247786
92752566 0.249790
92746801 0.252548
92740277 0.256754
92739631 0.257570
92737435 0.261577
92736040 0.262777
92735606 0.266602
92735138 0.267303
92734456 0.269088
92727437 0.270091
92726514 0.270969
92721412 0.271459
92720719 0.273342
92718492 0.273942
92717173 0.275088
92708268 0.278353
92701516 0.281569
92698352 0.292448
92691878 0.293623
92689651 0.299328
92687998 0.302753
92674561 0.304617
92666436 0.307762
92666414 0.310349
92663096 0.311091
92660332 0.313000
92659111 0.316295
92647454 0.317100
92645290 0.320610
92642732 0.326615
92642094 0.327684
92641965 0.327965
92641289 0.330346
92641142 0.330980
92631203 0.332812
92630761 0.333409
92630354 0.334138
92627602 0.335007
92623340 0.341474
92622317 0.344346
92621800 0.348547
92616177 0.349175
92615104 0.349609
92607046 0.349879
92603603 0.351298
92601693 0.352505
92600095 0.354753
92598494 0.355693
92598427 0.355925
92597876 0.363341
92592040 0.364785
92585727 0.366801
92584770 0.367411
92584358 0.369160
92582667 0.370295
92579777 0.371002
92575024 0.372098
92573453 0.377479
92572572 0.378535
92572234 0.378759
92562331 0.380935
92554517 0.385385
92552578 0.388863
92550404 0.389405
92549799 0.391901
92549791 0.395190
92549573 0.398350
92549063 0.399617
92545228 0.401391
92544904 0.403530
92538908 0.407646
92535911 0.408038
92535492 0.408254
92534707 0.410173
92530503 0.410589
92517617 0.411101
92515474 0.413122
92511501 0.413403
92506922 0.414835
92505734 0.415354
92505633 0.418770
92494775 0.419330
92480883 0.420404
92479587 0.420652
92478816 0.421817
92473813 0.426920
92473502 0.427206
92469234 0.436229
92468337 0.439962
92459393 0.440698
92456770 0.441133
92456644 0.441362
92453426 0.442095
92452125 0.444120
92447442 0.445191
92445200 0.447852
92445029 0.450041
92444016 0.450822
92442162 0.456595
92439737 0.456740
92438319 0.457168
92437875 0.457665
92435893 0.460896
92432627 0.463160
92430863 0.469073
92429524 0.472568
92420308 0.474835
92417947 0.479823
92416000 0.480130
92414304 0.480540
92414054 0.483087
92400705 0.484405
92400507 0.486218
92398096 0.486695
92393089 0.489686
92388549 0.493970
92385515 0.494611
92384238 0.495277
92383046 0.500003
92381033 0.503133
92378361 0.504036
92375824 0.510338
92366393 0.511673
92363390 0.512087
92363230 0.512483
92362054 0.513452
92361718 0.516888
92360201 0.519033
92360178 0.519407
92359341 0.519536
92357983 0.522116
92350058 0.524706
92347455 0.524981
92343794 0.530582
92342762 0.530935
92341355 0.531345
92338666 0.533913
92335065 0.534342
92334181 0.539513
92332407 0.539989
92331830 0.541589
92323749 0.543872
92320777 0.544700
92317748 0.551740
92315421 0.560530
92311708 0.560841
92310377 0.562338
92309971 0.563002
92304644 0.563457
92300226 0.564400
92296224 0.569107
92294787 0.570256
92292160 0.576786
92289706 0.577829
92278876 0.579513
92273992 0.580656
92270560 0.581067
92268961 0.585282
92268010 0.590067
92265206 0.590562
92259693 0.591251
92254470 0.591549
92253704 0.601696
92253575 0.603209
92251317 0.606271
92234329 0.611070
92230667 0.611983
92230660 0.612397
92227893 0.615440
92223358 0.616128
92222430 0.617398
92220260 0.619434
92207812 0.622959
92205150 0.624816
92185957 0.629159
92179910 0.642485
92178485 0.646303
92178087 0.648305
92176966 0.650480
92176620 0.655367
92176255 0.656889
92172096 0.661713
92170406 0.662148
92170347 0.662909
92169186 0.671884
92168867 0.678195
92168791 0.678626
92164522 0.679762
92163011 0.680296
92162984 0.681131
92158306 0.704239
92155815 0.709032
92154648 0.709961
92153974 0.714087
92152623 0.718180
92151556 0.720830
92151516 0.721219
92151039 0.722012
92147607 0.723130
92139250 0.727873
92137608 0.728547
92135988 0.733609
92134381 0.735386
92133205 0.741178
92130708 0.741757
92129537 0.747614
92128674 0.754398
92127680 0.754798
92123723 0.758622
92120333 0.767016
92119434 0.768634
92118195 0.772859
92115050 0.775994
92113958 0.780390
92112645 0.792938
92107142 0.800156
92106824 0.800570
92102423 0.806857
92097963 0.809323
92096722 0.813194
92096407 0.814933
92090396 0.815511
92089584 0.823959
92086468 0.824584
92086016 0.824883
92085809 0.829596
92085430 0.842119
92084780 0.854169
92083736 0.871878
92083385 0.875628
92082785 0.884176
92082637 0.895419
92082485 0.905783
92081256 0.907298
92080491 0.908898
92078918 0.921161
92078012 0.923530
92075677 0.942751
92075005 0.946219
92074494 0.947429
92074471 0.948693
92074140 0.949194
92073767 0.952135
92068340 0.961458
92065192 0.963446
92064155 0.966233
92063788 0.967288
92063629 0.972835
92061233 0.982518
92052493 0.986841
92050592 0.987365
92050454 0.988536
92047682 0.997502
92046764 0.999312
92046702 1.005865
92045321 1.014187
92044810 1.014855
92044722 1.016220
92043945 1.016772
92043036 1.018293
92041599 1.019310
92032261 1.021820
92026950 1.028007
92024330 1.037470
92023421 1.037926
92022609 1.040489
92022043 1.050757
92021474 1.050881
92020818 1.054408
92015915 1.060516
92015288 1.074098
92012559 1.079002
92012375 1.082872
92012268 1.085038
92011814 1.086121
92007624 1.088266
92001935 1.088769
92001928 1.095883
92001358 1.101550
91998284 1.102495
91997630 1.105954
91996368 1.113847
91996317 1.119799
91991818 1.133865
91989446 1.136624
91986788 1.144085
91984683 1.147148
91982557 1.150902
91980756 1.151435
91978341 1.158951
91977708 1.161881
91976481 1.170027
91973673 1.177373
91973325 1.179201
91972662 1.181947
91969628 1.209912
91969215 1.213701
91968634 1.218309
91968043 1.219977
91965324 1.229605
91963842 1.231119
91953768 1.246172
91953564 1.249976
91949125 1.251043
91949002 1.251798
91947625 1.252941
91945569 1.254715
91944464 1.260696
91938284 1.267151
91937419 1.267995
91935206 1.287833
91934729 1.291136
91934298 1.305419
91928537 1.312058
91925810 1.316786
91924487 1.326058
91924331 1.328012
91922151 1.335163
91921603 1.338533
91920482 1.345734
91916045 1.358326
91915143 1.358530
91915000 1.378216
91914803 1.385948
91910485 1.387192
91910312 1.392824
91910172 1.394683
91910038 1.400457
91908967 1.404294
91908153 1.407278
91904906 1.423211
91903513 1.446662
91903419 1.449480
91902849 1.449703
91902596 1.451097
91900808 1.451820
91899808 1.460992
91898524 1.478735
91897850 1.495313
91897715 1.496835
91896721 1.514241
91893333 1.520658
91892854 1.521975
91890578 1.522619
91889519 1.549316
91889351 1.553897
91889344 1.554189
91889092 1.566410
91887228 1.573516
91887098 1.579297
91868986 1.590969
91866094 1.635824
91865170 1.653437
91864627 1.682313
91864216 1.697581
91864081 1.701070
91863584 1.713510
91855769 1.730937
91854807 1.736681
91852590 1.737703
91851778 1.740220
91851701 1.750131
91850863 1.751845
91850457 1.765337
91847745 1.795307
91847125 1.817968
91842632 1.822800
91842254 1.825293
91842245 1.826412
91840073 1.836782
91839252 1.853190
91838223 1.856486
91838008 1.858068
91837598 1.859170
91836795 1.867873
91835048 1.882606
91834730 1.892128
91834304 1.903193
91833957 1.909439
91832897 1.918089
91832862 1.928228
91832429 1.930677
91830285 1.953527
91830020 1.956501
91829980 1.961060
91829527 1.962727
91828349 1.987412
91827466 1.994867
91827318 2.000721
91827249 2.014114
91823753 2.018692
91822807 2.043940
91822439 2.044418
91821566 2.045814
91820867 2.048691
91819241 2.058486
91817143 2.059334
91811525 2.094339
91810868 2.094613
91808029 2.097751
91807819 2.137928
91806911 2.159707
91804542 2.171535
91804086 2.172276
91804003 2.191879
91803303 2.195459
91801763 2.200442
91801239 2.214164
91799802 2.215888
91799625 2.244602
91798891 2.247049
91798731 2.255777
91797621 2.267161
91796133 2.287226
91794775 2.312166
91794145 2.313997
91792017 2.327536
91791247 2.392285
91790966 2.420426
91790943 2.442938
91790258 2.451608
91785842 2.501191
91782527 2.560336
91782370 2.561390
91782111 2.588446
91780706 2.599691
91780273 2.629359
91778570 2.641154
91778075 2.642948
91777229 2.648636
91775444 2.657889
91775347 2.695128
91774564 2.725991
91771599 2.735835
91764899 2.806572
91763665 2.838329
91762440 2.847404
91762239 2.852161
91761682 2.864498
91758225 2.869738
91755890 2.901067
91752222 2.928853
91751736 2.936932
91751170 3.019779
91750574 3.056981
91749155 3.067054
91747784 3.081401
91747234 3.109791
91744415 3.125777
91743965 3.194166
91743651 3.212447
91743493 3.247768
91743197 3.274353
91742975 3.315135
91742964 3.318761
91742362 3.320249
91742126 3.330701
91741045 3.350329
91738302 3.371913
91737443 3.379353
91737210 3.395379
91736559 3.397327
91736461 3.457237
91736120 3.538412
91735548 3.602749
91735518 3.603651
91729877 3.633410
91728929 3.651755
91728761 3.665368
91728491 3.683258
91728485 3.792276
91728241 3.829459
91727276 3.863050
91726789 3.913625
91726766 3.916948
91722027 3.996929
91721660 4.139534
91721210 4.154684
91720975 4.206111
91720175 4.237276
91719944 4.319805
91719762 4.326216
91719160 4.388504
91718351 4.441363
91717182 4.469134
91717078 4.486319
91716236 4.545394
91715493 4.572217
91714105 4.807767
91712526 4.842293
91711239 4.843552
91710874 4.892545
91708891 4.900207
91707585 4.919782
91707493 4.995662
91706746 5.130293
91705943 5.154601
91705836 5.162070
91703684 5.169941
91703253 5.176031
91700651 5.179520
91699386 5.187186
91699234 5.204064
91698880 5.405347
91698873 5.493350
91698270 5.693169
91698185 5.700611
91697616 5.766643
91697556 5.777907
91695649 5.817759
91695504 5.995713
91695159 6.087117
91694515 6.091895
91694304 6.272512
91694292 6.285355
91693879 6.312671
91693380 6.318279
91692166 6.395528
91691158 6.516794
91691130 6.516993
91691079 6.595262
91688748 6.605604
91687154 6.978506
91686971 6.987465
91685874 7.052037
91685610 7.096285
91685609 7.196287
91685205 7.198424
91685112 7.201390
91684912 7.219606
91684462 7.227799
91684415 7.241833
91684362 7.266213
91683829 7.323843
91683029 7.369101
91679431 7.385581
91679427 7.501234
91679250 7.529641
91678759 7.619818
91678632 7.698532
91678512 8.066838
91678105 8.098721
91677406 8.122991
91677398 8.230492
91676597 8.333639
91675403 8.436337
91674178 8.483256
91673128 8.556107
91672994 8.617594
91671792 8.664163
91670235 8.857731
91667051 8.883119
91667029 8.941410
91666315 9.010967
91665861 9.056256
91665661 9.256232
91665331 17.220340
91664483 17.472814
91664351 17.482533
91663855 17.503008
91663536 17.591705
91662808 17.668152
91661548 17.674081
91661079 17.686949
91659225 17.790961
91659219 17.811082
91659099 17.812011
91658334 17.874077
91658311 18.016431
91656507 18.182391
91656295 18.196114
91655293 18.234417
91654649 18.263033
91654462 18.334501
91654176 18.387029
91653809 149.725439
91651923 149.735082
91647793 149.762962
91646554 150.118509
91645531 150.121340
91644395 150.494839
91644194 151.232717
91641709 379.447321
91641344 379.447920
91640970 379.448766
91640599 379.513021
91640129 379.714330
91640016 379.717687
91639769 379.879801
91639268 379.964818
91638186 379.990186
91637974 380.073367
91637835 380.104702
91637538 380.228359
91637239 380.447133
91636474 380.551828
91636390 380.564696
91635547 464.824668
91635210 464.878059
91634910 464.976656
91633922 465.046119
91633255 465.120115
91632773 465.320713
91631849 465.373143
91631843 465.458470
