36799051 0.006964
31405523 0.024753
31399687 0.026068
31364150 0.033022
31313070 0.034911
31309734 0.036858
31290796 0.037184
31267898 0.037586
31267113 0.039740
31263514 0.040010
31250107 0.040376
31245073 0.045718
31236589 0.048358
31235036 0.049299
31234384 0.051403
31185578 0.054848
31178442 0.055397
31166377 0.055714
31166260 0.059440
31149551 0.060262
31146211 0.063677
31144083 0.065263
31135450 0.066276
31130815 0.067369
31128116 0.067896
31118351 0.068906
31113532 0.069162
31106673 0.074973
31102237 0.101141
31100380 0.102317
31068196 0.103176
31067905 0.109034
31062958 0.110635
31062801 0.115001
31061364 0.115539
31058013 0.118085
31057977 0.118755
31057595 0.123596
31057180 0.134697
31056751 0.153002
31054451 0.160061
31054161 0.169599
31053648 0.172834
31051870 0.176749
31051473 0.193883
31046196 0.204746
31045738 0.215586
31045350 0.226652
31044921 0.281867
31044330 0.282772
31039238 0.364441
31037927 0.373976
31036462 0.377559
31035180 0.386304
31034173 0.435924
31033663 0.442588
31030933 0.600680
31030591 0.601833
31030362 0.638066
31030326 0.666332
31029725 0.723684
31029722 0.746704
31029580 0.754751
31028436 0.800015
31021422 1.219724
31003780 1.220965
31003316 1.232517
30998121 1.237987
30994721 1.265078
30990471 1.265763
30988972 1.269574
30986373 1.296538
30983836 1.299734
30982677 1.397180
30981833 1.404489
30973245 14.249547
30972775 14.303626
30971631 14.346925
30970635 25.136898
30966329 63.471491
30965185 63.474736
30963603 99.832095
30963541 366.280131
30962088 366.295684
