106464717 0.075017
93531378 0.166143
93522924 0.166524
93507505 0.177648
93507318 0.178304
93493629 0.179356
93492560 0.179929
93471613 0.181536
93470896 0.182434
93468622 0.185837
93453787 0.189158
93449369 0.189468
93449095 0.190260
93448339 0.191418
93447563 0.192788
93446462 0.193333
93445630 0.195955
93436687 0.198102
93418071 0.199232
93414526 0.199686
93397027 0.201384
93389594 0.203107
93375580 0.205032
93365681 0.207709
93351277 0.208759
93344095 0.209171
93331751 0.209703
93321379 0.211402
93318676 0.212072
93318598 0.214109
93308922 0.217492
93303604 0.218634
93295608 0.229695
93287319 0.230263
93272750 0.231220
93261084 0.233120
93258864 0.234194
93251264 0.234718
93242685 0.236864
93233069 0.237681
93229851 0.239146
93229023 0.239793
93226150 0.241373
93220799 0.244121
93218986 0.245849
93218600 0.246990
93218560 0.248366
93216238 0.250376
93215425 0.252496
93214738 0.254399
93210904 0.260619
93191353 0.261813
93169802 0.265565
93152165 0.267400
93146869 0.268120
93135629 0.270858
93135438 0.277114
93129901 0.277842
93128910 0.282131
93120953 0.285989
93117541 0.286564
93116258 0.289278
93116213 0.294067
93111913 0.294406
93103911 0.296954
93093058 0.302981
93075562 0.304898
93071929 0.311798
93071259 0.312147
93066919 0.313644
93063986 0.314899
93055887 0.321491
93054267 0.326274
93037162 0.331491
93035446 0.331914
93034850 0.334779
93033047 0.336215
93028004 0.336931
93018781 0.338328
93014649 0.339106
93010607 0.339354
92994802 0.343905
92993080 0.348009
92992535 0.348233
92989588 0.349626
92986886 0.351064
92984083 0.362667
92983893 0.363308
92982623 0.365031
92981740 0.367055
92981419 0.368396
92979597 0.368694
92977431 0.369786
92971495 0.370876
92968545 0.376978
92967403 0.378027
92962558 0.389089
92952872 0.392645
92951793 0.395125
92950433 0.395376
92949495 0.399053
92946345 0.399397
92940887 0.403724
92938068 0.409384
92937106 0.410373
92936692 0.410646
92935160 0.423832
92932555 0.426748
92926355 0.427671
92925412 0.428012
92924247 0.431227
92915835 0.432173
92915197 0.432360
92899753 0.434246
92894737 0.435574
92890359 0.437024
92887989 0.437555
92881273 0.437930
92878141 0.442653
92874094 0.443604
92871887 0.445033
92871007 0.448438
92868105 0.450044
92867707 0.456493
92865745 0.458561
92865680 0.458748
92860135 0.459948
92860105 0.465072
92860021 0.466798
92858743 0.469871
92857446 0.472132
92857321 0.472616
92855422 0.473236
92853840 0.474109
92848637 0.481537
92845057 0.486295
92844521 0.490420
92842657 0.491172
92842620 0.492211
92836806 0.497047
92836577 0.497291
92834325 0.497902
92833278 0.498518
92831356 0.504750
92831115 0.511920
92830854 0.515493
92823626 0.516935
92817598 0.520553
92814606 0.521243
92814433 0.525187
92813915 0.529102
92812396 0.530204
92809686 0.530868
92809190 0.536139
92807177 0.536521
92797878 0.552357
92797714 0.555922
92797516 0.556507
92797297 0.563839
92793492 0.567276
92791565 0.569708
92786758 0.576009
92786200 0.580114
92785774 0.581492
92782203 0.588209
92781920 0.590747
92780122 0.597502
92777840 0.597720
92772187 0.600661
92769288 0.600792
92767591 0.604463
92766929 0.609433
92766871 0.609759
92766179 0.610545
92763377 0.611464
92760953 0.616820
92760593 0.621793
92759798 0.622081
92758710 0.622489
92758648 0.631041
92753149 0.633997
92752942 0.634502
92747751 0.640880
92746707 0.643713
92744534 0.649552
92742109 0.651624
92729385 0.653329
92726546 0.653812
92726293 0.663939
92724419 0.666489
92723233 0.668729
92722900 0.670465
92720995 0.671506
92713503 0.679397
92710566 0.687501
92710227 0.691445
92710209 0.692075
92710145 0.697727
92704411 0.701626
92700059 0.703485
92699625 0.706191
92699372 0.708248
92698424 0.710989
92697182 0.712405
92695499 0.714784
92694350 0.714910
92693890 0.723829
92687508 0.725188
92685665 0.725469
92683452 0.729828
92683038 0.730541
92681868 0.737662
92681030 0.741251
92680298 0.742090
92679353 0.745941
92679191 0.753847
92677455 0.755049
92671062 0.757820
92668579 0.773911
92667984 0.774419
92665760 0.777958
92664971 0.780010
92663002 0.782673
92660624 0.783055
92660179 0.783213
92659784 0.791513
92658136 0.799558
92656671 0.800495
92656157 0.804134
92656034 0.810654
92650941 0.811996
92648874 0.814684
92646247 0.817948
92644948 0.818094
92644918 0.818434
92643841 0.826754
92642325 0.828169
92641756 0.829078
92641672 0.833795
92640038 0.838780
92634826 0.839226
92633398 0.847031
92633256 0.850329
92632722 0.858123
92631003 0.860334
92629442 0.863210
92626658 0.865460
92621708 0.867083
92621587 0.868208
92619256 0.869637
92617107 0.875724
92615634 0.881381
92612790 0.888053
92612648 0.889542
92611619 0.894134
92611234 0.895451
92609095 0.897446
92609042 0.897656
92605128 0.899198
92602658 0.906068
92602493 0.910280
92598670 0.917386
92597712 0.920943
92597155 0.929478
92594465 0.945415
92592695 0.947050
92592637 0.954684
92592612 0.967075
92586676 0.970434
92586493 0.979712
92586390 0.981748
92582169 0.988850
92578104 0.994180
92576839 0.994814
92575136 1.002006
92573422 1.004312
92573061 1.004715
92572496 1.013092
92572137 1.017862
92569103 1.019512
92566626 1.020638
92566410 1.025801
92566169 1.026838
92565793 1.027483
92565019 1.029382
92564704 1.029995
92561434 1.030764
92561384 1.045040
92561116 1.061152
92552846 1.062678
92551893 1.063591
92551330 1.064801
92545607 1.079621
92545543 1.087536
92539043 1.089185
92536924 1.092143
92536286 1.092506
92535074 1.109306
92534213 1.119409
92533322 1.123510
92529973 1.124411
92527210 1.128070
92521480 1.133381
92519682 1.135488
92515728 1.137391
92514923 1.145663
92514697 1.158892
92514624 1.163524
92513889 1.167771
92508842 1.169035
92508528 1.182158
92507935 1.183557
92505996 1.187395
92505617 1.193496
92505144 1.205079
92504998 1.209124
92504258 1.223807
92502348 1.226930
92501612 1.230860
92499741 1.231693
92498241 1.236038
92495916 1.239639
92494441 1.247129
92493530 1.247627
92492407 1.254877
92491542 1.255252
92490634 1.257985
92490245 1.258569
92489788 1.265213
92487839 1.273256
92483459 1.278577
92483193 1.284080
92475959 1.295232
92475868 1.295566
92473732 1.305831
92473412 1.311062
92470012 1.317445
92469576 1.317762
92469454 1.324370
92468737 1.331356
92467497 1.333133
92466769 1.340881
92466334 1.345002
92462871 1.348182
92462206 1.357642
92462021 1.357917
92461966 1.359797
92457735 1.363195
92457273 1.371471
92456521 1.371821
92453353 1.374811
92450850 1.378772
92445329 1.383513
92443730 1.384536
92443694 1.384794
92442337 1.385425
92442093 1.386133
92441686 1.394401
92438863 1.405309
92438588 1.411399
92436566 1.413691
92435849 1.415471
92433724 1.417294
92433649 1.420783
92433353 1.429482
92432284 1.456977
92430068 1.459231
92428131 1.474934
92427044 1.484134
92423571 1.484648
92422597 1.485312
92421711 1.487187
92420278 1.489460
92419205 1.493362
92418942 1.501545
92418793 1.517330
92417211 1.518891
92416628 1.519289
92416185 1.526560
92415702 1.527949
92413693 1.550289
92412456 1.550972
92409434 1.554769
92408091 1.560362
92406557 1.578889
92405007 1.581875
92404690 1.601218
92402463 1.634196
92400805 1.654010
92399546 1.654890
92399544 1.660636
92397294 1.668896
92396697 1.687405
92395901 1.697756
92395543 1.706324
92394917 1.742032
92390640 1.763229
92389492 1.763919
92387245 1.803105
92386295 1.804137
92384878 1.838458
92384209 1.842484
92381993 1.848348
92381466 1.882233
92380614 1.884054
92380059 1.894141
92379977 1.895804
92375169 1.915742
92372784 1.943738
92371823 1.946395
92365934 1.955947
92361473 1.993318
92361201 2.021785
92361127 2.034437
92360454 2.058332
92360335 2.063630
92359713 2.082340
92359240 2.095162
92358184 2.103495
92357652 2.122043
92355229 2.131887
92354441 2.142118
92351369 2.145388
92351223 2.160419
92351072 2.201835
92350929 2.207583
92350855 2.217449
92348517 2.235392
92346905 2.247652
92346852 2.250609
92346406 2.259377
92346241 2.291197
92345420 2.298831
92342952 2.317335
92340317 2.336742
92338039 2.349850
92337898 2.368962
92337825 2.373261
92336942 2.385560
92333055 2.386270
92328792 2.402455
92328722 2.410213
92328650 2.411137
92325615 2.417139
92324658 2.432748
92324300 2.449007
92323740 2.453921
92323221 2.462728
92322796 2.497732
92322558 2.501519
92321948 2.511322
92319711 2.514801
92318629 2.516654
92318334 2.541364
92318090 2.593784
92317740 2.608401
92317705 2.612713
92317604 2.628825
92316023 2.635904
92315913 2.637913
92315841 2.673234
92315368 2.690853
92314774 2.707322
92314415 2.709468
92313240 2.714326
92312906 2.725577
92312622 2.743389
92312274 2.751637
92311611 2.763533
92310704 2.767137
92309647 2.769512
92306915 2.770214
92306792 2.834303
92306558 2.853827
92305570 2.867759
92304203 2.923691
92302599 2.943987
92299767 2.962616
92298880 3.016787
92298859 3.038763
92298777 3.050948
92297903 3.113704
92295783 3.117781
92294197 3.172007
92294076 3.206875
92292794 3.240129
92292691 3.243366
92291557 3.272952
92291325 3.297843
92290867 3.309880
92289772 3.371458
92281937 3.384008
92278391 3.393565
92277758 3.409944
92274816 3.439436
92274588 3.554332
92274336 3.641018
92273929 3.643741
92272553 3.656679
92271423 3.667022
92271158 3.669423
92270841 3.718430
92270423 3.809422
92269014 3.834372
92268420 3.920662
92268380 4.052863
92268231 4.101014
92267172 4.125005
92265673 4.131438
92264270 4.144795
92264180 4.160133
92263095 4.178136
92261452 4.200737
92261346 4.201389
92259785 4.239282
92257088 4.250077
92255648 4.289183
92255610 4.306783
92255017 4.374150
92253149 4.404049
92252832 4.474281
92252698 4.518147
92251819 4.525660
92251659 4.574163
92248921 4.658350
92246236 4.816938
92244144 4.903093
92243609 4.906790
92243516 4.973024
92243233 4.979689
92243184 4.998458
92242593 4.999924
92242364 5.006149
92241620 5.078952
92241390 5.083663
92241127 5.127093
92240974 5.157958
92239787 5.264933
92235049 5.277844
92233423 5.455870
92233330 5.519202
92233106 5.566019
92233055 5.663191
92233054 5.678944
92232522 5.689581
92229495 5.720998
92228946 5.724571
92228892 5.804091
92225627 5.810808
92224449 5.863212
92224403 5.863309
92224176 5.885744
92223669 6.027004
92223520 6.044104
92223362 6.067429
92222675 6.085727
92221693 6.329318
92221529 6.343426
92221425 6.349508
92221041 6.794768
92220634 6.821835
92220514 6.850081
92220295 6.994867
92219556 7.020010
92216194 7.072822
92213572 7.200920
92213347 7.208169
92212943 7.213402
92212859 7.309355
92211740 7.319332
92211328 7.323960
92211237 7.345386
92211162 7.498177
92210378 7.529992
92210213 7.633511
92209832 7.745173
92208009 7.748590
92207970 7.761518
92207673 7.800703
92206843 7.926390
92205229 7.995579
92205169 8.200235
92203818 8.359018
92203721 8.359487
92203707 8.468032
92202000 8.539686
92200945 8.553675
92200377 8.812081
92198298 9.009712
92198206 9.133783
92197688 9.260049
92195709 9.393675
92195373 13.793503
92195313 13.831203
92193953 13.879883
92193539 13.984777
92193204 14.062654
92192883 14.081363
92192182 14.123721
92191313 14.190814
92191077 14.322552
92190084 14.344146
92189613 14.361081
92189539 14.412410
92185742 14.495623
92184333 14.535693
92181207 14.541141
92179843 14.593975
92179665 14.637564
92179512 14.674431
92178827 14.721180
92178300 14.727721
92177908 14.738514
92177582 14.816816
92177299 14.852322
92177196 14.906779
92175172 14.962768
92173930 14.994963
92171075 15.093507
92170714 15.204420
92170654 15.271494
92168702 15.317406
92168189 15.323029
92167906 15.477843
92166309 15.483787
92165345 15.515355
92164699 15.542854
92161625 15.645473
92161184 15.665798
92159964 15.731055
92159874 15.790658
92159660 15.812930
92159377 15.834269
92159340 15.860585
92158908 15.884815
92158347 15.923828
92158097 15.947117
92157724 16.018949
92157376 16.095353
92157371 16.158805
92155907 16.167530
92155779 16.282199
92153120 16.333547
92151277 16.483522
92151138 16.503138
92150567 16.532654
92150449 16.802594
92149841 16.860713
92149801 17.038709
92149459 17.043098
92147115 17.055435
92146294 17.060221
92146035 17.124042
92145745 17.193204
92145521 17.260926
92145348 17.277372
92143591 17.380327
92143265 17.523225
92142767 17.645801
92142105 17.686136
92141808 17.809245
92141348 17.883389
92140896 18.039020
92139143 18.165081
92138082 18.236127
92138060 18.400144
92137998 18.465006
92137362 18.524598
92136151 18.619149
92136078 18.633550
92134124 18.702180
