109255893 0.060233
96591596 0.161872
96587178 0.162699
96582730 0.163224
96582591 0.165147
96559974 0.165783
96557776 0.170801
96555167 0.171157
96546274 0.171738
96545268 0.174691
96538555 0.178721
96536020 0.179958
96532887 0.180213
96527342 0.183864
96525090 0.184286
96518748 0.185102
96512061 0.185611
96511123 0.185775
96508591 0.190807
96503456 0.191074
96493068 0.192521
96484062 0.193731
96471166 0.197409
96469674 0.197700
96464529 0.198361
96437370 0.199097
96430200 0.199622
96429883 0.199832
96429069 0.200029
96427156 0.200932
96421736 0.205080
96421351 0.205495
96409291 0.208761
96383160 0.212945
96382921 0.213661
96375407 0.213889
96372079 0.214998
96359726 0.215372
96353011 0.216124
96352439 0.217065
96335465 0.217759
96334193 0.217973
96329775 0.218453
96327357 0.219573
96325369 0.220634
96317190 0.221058
96310704 0.221777
96310439 0.223055
96294647 0.224926
96294383 0.227333
96264788 0.229450
96258678 0.232198
96241836 0.233396
96239966 0.233938
96239941 0.235688
96231500 0.236460
96230022 0.237819
96229170 0.239913
96221046 0.241943
96212687 0.243011
96212227 0.243470
96203601 0.243835
96197816 0.245515
96193978 0.248223
96182705 0.250517
96173791 0.251209
96172099 0.253838
96171409 0.258723
96169445 0.260800
96168846 0.261120
96160572 0.261990
96156067 0.263577
96153296 0.266186
96149025 0.266526
96148493 0.267107
96132933 0.268044
96124632 0.269307
96122491 0.269971
96118835 0.272060
96117851 0.272577
96111907 0.273184
96108072 0.279104
96099668 0.281557
96095544 0.281909
96090894 0.282801
96087588 0.284456
96084755 0.285864
96077438 0.286425
96076849 0.288076
96076318 0.290656
96073903 0.293103
96073738 0.294102
96059522 0.297780
96046073 0.298539
96045518 0.301758
96041257 0.304486
96038894 0.304850
96038198 0.305121
96037449 0.307495
96032598 0.308766
96025411 0.311544
96017949 0.313755
96017053 0.316969
96016702 0.318066
96007582 0.318808
96006642 0.322017
96005452 0.322390
95995695 0.323307
95994211 0.323588
95991655 0.325472
95989829 0.328672
95988766 0.329034
95981417 0.333556
95979593 0.334598
95964593 0.335682
95959405 0.338578
95958912 0.340107
95953723 0.341212
95952230 0.342785
95947461 0.348582
95942713 0.349415
95939324 0.352843
95932636 0.353893
95932031 0.356884
95931695 0.359244
95929636 0.361770
95922055 0.363468
95917605 0.364632
95913952 0.365897
95912102 0.366181
95911021 0.368775
95906364 0.370226
95903441 0.379523
95903048 0.380930
95891731 0.381711
95891515 0.384845
95887534 0.388334
95880750 0.392921
95879098 0.395161
95877663 0.401364
95875998 0.403539
95864451 0.404016
95855057 0.404966
95850475 0.405928
95849912 0.407061
95849810 0.414755
95849805 0.415010
95849647 0.415492
95848771 0.425879
95847338 0.428018
95847249 0.430210
95845385 0.430623
95841102 0.431045
95839229 0.431425
95838176 0.433932
95834661 0.439393
95834119 0.440464
95823748 0.441730
95820561 0.442929
95820055 0.444093
95819838 0.445803
95818571 0.447311
95818511 0.449441
95811916 0.455459
95806528 0.457812
95804907 0.458023
95804863 0.461364
95804534 0.463052
95804386 0.467935
95796220 0.469570
95796061 0.470659
95795817 0.472105
95790866 0.472400
95788783 0.472752
95786085 0.474117
95779478 0.479296
95778208 0.480507
95778179 0.488538
95776084 0.492139
95769919 0.497551
95769547 0.498703
95767977 0.505156
95766381 0.505847
95763674 0.507935
95759541 0.508924
95748465 0.509512
95745839 0.511171
95743498 0.525232
95741300 0.525636
95741167 0.535346
95738854 0.537404
95737766 0.539822
95735371 0.540423
95734658 0.544212
95734568 0.560133
95725317 0.561596
95724937 0.561942
95723396 0.566233
95722296 0.575296
95721773 0.579875
95712532 0.584873
95711747 0.587208
95711041 0.599971
95709765 0.600237
95709497 0.602022
95708237 0.607312
95707752 0.607641
95705946 0.608512
95705118 0.609824
95703338 0.611757
95702092 0.620831
95701690 0.623016
95700364 0.626111
95698269 0.632584
95698211 0.633174
95694661 0.645206
95694495 0.649720
95689513 0.655412
95682705 0.659193
95676866 0.660870
95676196 0.663829
95676162 0.667779
95671929 0.671348
95667390 0.675098
95666620 0.678298
95666457 0.678488
95665250 0.679569
95661435 0.680557
95657007 0.688181
95656013 0.691912
95655941 0.693799
95651315 0.695942
95650145 0.696561
95649787 0.703666
95649206 0.704174
95647413 0.711151
95645519 0.713874
95644658 0.717956
95643865 0.722032
95643150 0.727957
95639727 0.728659
95639574 0.730357
95638181 0.732580
95637501 0.735022
95632959 0.735565
95630574 0.740402
95628912 0.756352
95628165 0.757250
95627698 0.766858
95627532 0.772993
95626926 0.796140
95622501 0.799868
95622476 0.804275
95621512 0.805979
95619335 0.806531
95616378 0.815510
95616374 0.819183
95615795 0.823472
95613507 0.833503
95612769 0.843249
95610640 0.844495
95604531 0.846827
95602063 0.848398
95600532 0.851885
95594382 0.855656
95594367 0.857026
95591170 0.857892
95590792 0.860546
95590524 0.874085
95589836 0.875535
95589797 0.880756
95588886 0.891402
95588680 0.898834
95588216 0.900561
95583329 0.902416
95582968 0.908247
95582721 0.910836
95582373 0.914893
95580284 0.915549
95579572 0.916596
95572850 0.919033
95570640 0.924956
95568950 0.926706
95567859 0.928890
95567658 0.931617
95566663 0.932553
95565852 0.932835
95564950 0.933101
95564606 0.937081
95564226 0.953023
95564219 0.966982
95558312 0.973963
95555630 0.974709
95547322 0.978428
95543990 0.978813
95543355 0.981900
95542403 0.991247
95540910 0.992349
95539938 0.994334
95535531 1.002046
95529155 1.003246
95528002 1.003559
95527386 1.005590
95524175 1.012865
95523555 1.017825
95522942 1.020804
95515562 1.023552
95514432 1.027427
95514082 1.028715
95513851 1.032951
95512655 1.036521
95510279 1.038021
95506635 1.043138
95506204 1.046986
95505822 1.056162
95505420 1.066480
95505081 1.080180
95504342 1.084151
95504162 1.088130
95498778 1.094083
95498093 1.101146
95496386 1.109938
95495726 1.117462
95495098 1.122399
95494858 1.126341
95494520 1.128809
95494413 1.130911
95493732 1.134741
95491288 1.155291
95486053 1.156243
95483309 1.158161
95479696 1.161298
95479596 1.163305
95476498 1.171215
95476242 1.176548
95474652 1.188226
95474438 1.192333
95469586 1.194311
95468867 1.197700
95466751 1.203377
95461270 1.211317
95458792 1.219472
95458171 1.220123
95454509 1.225998
95454473 1.231525
95454379 1.237249
95453442 1.237771
95452963 1.254085
95451160 1.255226
95450124 1.273228
95448659 1.281967
95445104 1.287455
95443236 1.291490
95441515 1.305617
95438852 1.306623
95435096 1.310083
95434993 1.320849
95434179 1.329727
95433303 1.338457
95433010 1.344248
95431314 1.346113
95431296 1.350010
95431291 1.354579
95430674 1.355455
95430617 1.357148
95428636 1.358318
95428253 1.362307
95421499 1.368624
95420683 1.373393
95418758 1.376971
95411760 1.384199
95411293 1.388912
95411151 1.394681
95411012 1.400362
95410173 1.415421
95407787 1.430893
95403879 1.436773
95403764 1.444949
95403451 1.449558
95403399 1.460034
95402686 1.468278
95402610 1.469261
95400075 1.482193
95399494 1.507979
95397633 1.509454
95396455 1.527627
95394682 1.533019
95393344 1.573072
95390600 1.591383
95387142 1.600528
95385731 1.602166
95383608 1.606100
95381669 1.609910
95381367 1.625528
95380660 1.625703
95380568 1.630876
95379795 1.634800
95378753 1.639323
95377030 1.644811
95368497 1.645890
95364824 1.650828
95364481 1.665030
95361901 1.668504
95361188 1.674040
95360452 1.684257
95358907 1.703406
95357477 1.715919
95356294 1.717544
95354793 1.719957
95353228 1.721849
95352416 1.725576
95350438 1.732840
95348401 1.733310
95348005 1.736252
95346539 1.736563
95346347 1.740105
95346325 1.744750
95344332 1.759698
95341825 1.764097
95339446 1.766026
95337168 1.777914
95335136 1.787798
95334542 1.797108
95331137 1.816328
95329861 1.823976
95329320 1.825497
95328132 1.830861
95324528 1.834528
95324041 1.876260
95323082 1.892984
95322404 1.894923
95321895 1.914165
95321850 1.919276
95321272 1.923538
95319600 1.927209
95319453 1.932993
95316866 1.954557
95316768 1.964342
95316075 1.969092
95315875 1.969403
95313949 1.981227
95308925 1.982825
95303660 1.992101
95303581 2.021430
95302783 2.022769
95299832 2.031034
95299545 2.033344
95297825 2.036474
95297340 2.045484
95297161 2.045728
95294322 2.046964
95294175 2.053263
95294059 2.069552
95293507 2.084889
95293402 2.085250
95292699 2.106394
95292061 2.109811
95291677 2.115121
95291559 2.127997
95290659 2.133526
95290604 2.158944
95289959 2.162779
95289361 2.166963
95289237 2.179163
95288218 2.201001
95287831 2.250010
95287046 2.261922
95287014 2.266615
95283637 2.275850
95283468 2.287987
95283410 2.301622
95283044 2.342134
95282742 2.353430
95281435 2.354097
95280876 2.375176
95280364 2.392631
95280111 2.411612
95277631 2.414469
95277421 2.441823
95276786 2.443637
95276571 2.479290
95275171 2.496500
95274857 2.497226
95274785 2.505000
95274482 2.519607
95273568 2.521612
95270704 2.563407
95269198 2.570139
95266077 2.571105
95266020 2.579181
95265291 2.590315
95265179 2.622045
95264497 2.634935
95264115 2.635768
95260475 2.661223
95259633 2.687297
95259350 2.695123
95258562 2.710663
95257969 2.724506
95256994 2.761194
95255139 2.825919
95254683 2.841860
95252763 2.872978
95251968 2.888299
95250527 2.923810
95249289 2.931130
95246191 2.980741
95245788 3.001376
95245304 3.002734
95244952 3.042546
95243714 3.048091
95243680 3.067775
95243441 3.071591
95242564 3.122912
95242395 3.140029
95242216 3.148434
95240391 3.158936
95239538 3.165239
95239194 3.180276
95237710 3.190769
95237321 3.217156
95236902 3.226237
95232259 3.245002
95231357 3.273070
95229364 3.321042
95229149 3.384331
95227986 3.417236
95226471 3.484598
95226448 3.503607
95226390 3.513898
95225984 3.520145
95224995 3.544099
95224343 3.552664
95224327 3.620371
95224138 3.675594
95223828 3.699562
95222085 3.719360
95220597 3.721447
95220289 3.757198
95219307 3.795485
95218384 3.824808
95217718 3.850303
95217042 3.883854
95214520 3.884353
95214160 3.962123
95214086 4.039216
95213240 4.106587
95212207 4.148609
95211880 4.249286
95211319 4.254268
95209501 4.330228
95208614 4.367302
95207805 4.404642
95207574 4.421950
95207257 4.528943
95207245 4.682840
95207161 4.706087
95206696 4.722873
95205552 4.793891
95205287 4.805115
95200501 4.844706
95199055 4.869414
95195873 4.874928
95195365 4.887565
95194451 4.976983
95194271 4.986677
95193925 4.988221
95193314 4.994095
95191341 4.999109
95190768 5.030905
95190292 5.034912
95189008 5.036810
95188552 5.041993
95188194 5.044973
95187674 5.068181
95184934 5.074895
95184119 5.079277
95182030 5.082043
95181852 5.129218
95180926 5.140734
95180203 5.182869
95178619 5.224864
95177074 5.231581
95174299 5.251523
95174155 5.256841
95172562 5.268949
95171274 5.269154
95171136 5.323640
95169815 5.326931
95169775 5.380620
95169203 5.408775
95166447 5.467744
95165508 5.545636
95165331 5.552378
95165003 5.596496
95164812 5.608691
95162685 5.619137
95162107 5.619356
95160712 5.623388
95160609 5.623981
95159899 5.677464
95159624 5.786790
95159600 5.787361
95159539 5.864238
95159001 5.971577
95158592 6.050063
95158363 6.074422
95157361 6.090285
95157148 6.092081
95157026 6.103635
95156696 6.122261
95155907 6.204892
95153506 6.317401
95153213 6.361535
95152861 6.406492
95151175 6.483529
95151160 6.658237
95147028 6.670163
95146942 6.747180
95146661 6.806807
95146621 6.831969
95146588 7.009357
95146582 7.088897
95146070 7.504105
95146025 7.649223
95145874 7.687224
95144629 7.899341
95142357 7.969031
95141987 8.432177
95141965 8.575290
95141668 8.619078
95141379 8.640704
95141205 8.773491
95140908 8.914000
95140207 9.016229
95139614 9.017450
95139335 9.048773
95138977 9.276412
95138966 9.513798
95138878 9.541405
95138562 9.566289
95137831 9.627880
95135924 9.647746
95135741 9.661584
95134793 9.672393
95134589 9.689514
95134565 9.713379
95132868 9.717112
95131788 9.735395
95131100 9.747756
95130749 9.823793
95130045 9.831053
95128977 9.848324
95128694 9.895075
95128540 10.143590
95128031 10.306968
95127824 10.343908
95127701 10.353778
95125697 10.368671
95125670 10.380132
95124389 10.422385
95123352 15.774157
95119210 15.777684
95119117 15.795117
95117985 15.817226
95116511 15.944890
95116480 15.982961
95115713 16.000903
95114917 16.026702
95112957 16.073320
95112264 16.095814
95112096 16.115820
95111162 16.123244
95111070 16.123565
95107252 16.141157
95105325 16.161831
95105024 16.233775
95102817 16.262510
95102438 16.264253
95101981 16.283764
95097468 16.292944
95096850 16.371899
95096584 16.417445
95096165 16.433308
95096131 16.465545
95095965 16.484930
95094897 16.591561
95094800 16.593014
95094714 16.645448
95093597 16.663863
95093466 16.691955
95089000 16.745251
95087694 16.934987
95087439 16.970183
95087018 17.036614
95086993 17.052498
95086332 17.060516
95086316 17.145033
95083668 17.187126
95082377 17.249615
95081773 17.322741
95081292 17.431450
95080792 17.434739
95080453 17.446157
95080415 17.475103
95079165 17.521668
95078152 17.534810
95078023 17.541679
95076957 17.676693
95074262 17.764795
95073742 17.930607
95073177 18.129980
95073122 18.312463
95072222 18.350831
95071362 18.388104
95071261 18.396142
95070478 18.412099
95068460 18.466345
95065795 18.533449
95064737 18.562123
95064607 18.639442
95063475 18.967238
95062258 18.986141
95061886 19.269031
95061694 19.577409
95060537 19.602727
95060128 19.946012
95059845 19.969464
95059406 20.117769
95058618 20.134429
95057567 20.352444
95056789 28.980779
95056423 29.147730
95055975 29.384337
95055420 29.467498
95051638 29.563925
95049343 29.575554
95049023 29.758873
95045767 29.994823
95045531 30.250839
95045325 30.654646
95045154 69.212248
95044457 69.230977
95044327 69.505739
95044268 69.592067
95043846 69.635191
95042295 69.734314
95041396 69.761676
95040904 69.885267
95040831 70.293461
95040775 70.340741
95038567 70.391715
95037714 70.469233
95037252 70.704061
95037059 70.814514
95036818 70.937314
95036243 70.956002
95036210 71.012202
