76615968 0.051331
67634007 0.097966
67603977 0.099193
67596282 0.099887
67593487 0.102248
67575181 0.102653
67560785 0.103046
67559851 0.103339
67555834 0.103885
67546744 0.105815
67546540 0.108921
67545725 0.109164
67541440 0.109382
67393027 0.111546
67379126 0.112158
67371409 0.112905
67358503 0.113419
67352925 0.114039
67342512 0.114351
67341503 0.114902
67340391 0.115519
67330631 0.115977
67321714 0.118501
67318063 0.119444
67316228 0.119814
67286079 0.124078
67282335 0.125550
67278562 0.127540
67275995 0.130888
67274704 0.132093
67274598 0.132363
67266384 0.132915
67260902 0.134881
67241840 0.135291
67239779 0.136805
67222733 0.139744
67217502 0.142039
67210753 0.142967
67198029 0.145440
67178811 0.148253
67177473 0.154139
67177151 0.157359
67174666 0.161999
67162214 0.164250
67159965 0.165513
67147510 0.168035
67146654 0.168590
67139726 0.169169
67130011 0.170114
67122420 0.170719
67122087 0.176451
67120512 0.176847
67113463 0.177403
67112015 0.178447
67111960 0.179640
67109727 0.183520
67085347 0.185050
67083344 0.187186
67077967 0.187757
67068172 0.188829
67066301 0.190028
67065291 0.191887
67065163 0.198612
67063591 0.199463
67060018 0.202057
67049508 0.202552
67047122 0.203722
67040044 0.205050
67039267 0.211271
67032445 0.212295
67030402 0.214360
67027980 0.216157
67023878 0.219883
67019851 0.220437
67014116 0.222369
67011891 0.223253
67007744 0.224459
67007682 0.226411
67006224 0.226585
67001611 0.231533
66997765 0.232534
66992856 0.235216
66991705 0.236197
66990380 0.237172
66989781 0.240538
66986661 0.240952
66985433 0.241171
66982338 0.241544
66980193 0.243091
66977101 0.243313
66976443 0.244509
66972588 0.251196
66970729 0.253838
66969755 0.254047
66969704 0.256508
66968187 0.257670
66955424 0.263169
66948190 0.266510
66937837 0.267299
66931816 0.267576
66931017 0.267704
66928850 0.268009
66923938 0.274363
66920241 0.280115
66915542 0.282187
66915094 0.282696
66908270 0.283225
66906516 0.284817
66897279 0.290769
66887900 0.292326
66885450 0.296010
66884078 0.296522
66878539 0.303587
66873635 0.304600
66863741 0.305154
66862525 0.316652
66859928 0.317358
66859564 0.326514
66856521 0.328243
66852138 0.329156
66851191 0.332741
66850381 0.332997
66849693 0.338304
66847756 0.345226
66839844 0.346809
66838536 0.347446
66832088 0.352230
66830708 0.352750
66830050 0.356232
66807821 0.358593
66807036 0.360720
66806086 0.360837
66805700 0.361724
66803484 0.362218
66803323 0.366888
66802543 0.372174
66800929 0.373106
66800011 0.373519
66799437 0.373902
66798125 0.377146
66793489 0.385785
66791027 0.388194
66789449 0.389634
66788383 0.389931
66787518 0.391394
66786584 0.391645
66785865 0.399527
66783912 0.402984
66780179 0.404452
66780058 0.407971
66779400 0.412894
66776928 0.429345
66775627 0.430599
66775409 0.435181
66770246 0.436572
66768310 0.452617
66763910 0.454691
66761462 0.456568
66760082 0.457208
66753265 0.459480
66744448 0.461818
66744333 0.472608
66743226 0.483892
66742602 0.490503
66741845 0.495803
66740273 0.497638
66737578 0.503668
66735472 0.505298
66735224 0.505769
66734148 0.516892
66728717 0.533652
66723431 0.536761
66723051 0.538852
66722590 0.542844
66721564 0.544783
66717099 0.555222
66709550 0.564693
66709439 0.572631
66708442 0.574986
66708402 0.575617
66707785 0.575831
66704056 0.584837
66701783 0.587339
66700637 0.590063
66695232 0.601025
66692698 0.610220
66689630 0.612931
66689595 0.625145
66689413 0.631254
66687611 0.648029
66687512 0.655788
66680865 0.663496
66680629 0.667207
66680338 0.669829
66679728 0.671508
66678215 0.672929
66677665 0.674211
66677634 0.684139
66673235 0.692472
66672508 0.702677
66672414 0.711396
66672383 0.711927
66672347 0.736951
66671701 0.739670
66666504 0.766540
66663158 0.773647
66661499 0.777995
66661199 0.778704
66651024 0.790005
66650855 0.797211
66650647 0.797886
66649783 0.799459
66646930 0.800136
66646066 0.802101
66645228 0.810653
66645150 0.811728
66643777 0.818028
66642172 0.825237
66639206 0.827584
66635813 0.830124
66635478 0.831885
66634036 0.836106
66633791 0.841928
66633064 0.844778
66625970 0.849249
66624605 0.854448
66622472 0.854606
66622456 0.854890
66622042 0.863540
66621380 0.871976
66618095 0.880250
66616483 0.882617
66612163 0.901140
66611578 0.906021
66611377 0.910911
66607737 0.920092
66607097 0.929926
66600386 0.935864
66599840 0.945357
66598753 0.945853
66595430 0.962715
66595386 0.975271
66593793 0.979334
66593558 0.981331
66593062 0.996601
66588155 1.009449
66587043 1.016359
66586959 1.019806
66586642 1.049048
66585079 1.062549
66581471 1.087639
66578490 1.099048
66578312 1.114378
66577779 1.125214
66575075 1.139303
66574520 1.158837
66573851 1.168398
66569743 1.185599
66566657 1.204929
66566596 1.224748
66566070 1.227356
66561174 1.237054
66560279 1.243093
66560047 1.271315
66559695 1.283820
66559584 1.299427
66558138 1.304028
66556695 1.305803
66555968 1.320769
66551041 1.335372
66546493 1.340230
66540425 1.375309
66539495 1.376583
66539222 1.393761
66538119 1.419428
66537082 1.429175
66535685 1.455263
66535115 1.470058
66535031 1.539090
66535024 1.577022
66534335 1.595305
66533077 1.630170
66532605 1.646639
66532117 1.674889
66530480 1.677444
66529697 1.720843
66529268 1.742283
66528508 1.754345
66527710 1.760456
66526337 1.777080
66523498 1.835924
66522815 1.915123
66521265 1.927894
66519679 2.021445
66518762 2.023280
66518160 2.025255
66517426 2.074493
66514884 2.143186
66513432 2.163020
66513264 2.184546
66511671 2.217433
66511409 2.273301
66509464 2.273922
66509443 2.282245
66508594 2.307789
66508554 2.324534
66506335 2.438075
66505430 2.472246
66503931 2.486653
66501232 2.581008
66497115 2.593848
66495223 2.677178
66494672 2.679444
66493219 2.693301
66492976 2.719395
66491295 2.738762
66489669 2.755465
66487892 2.772108
66486127 2.803510
66485877 2.838338
66484621 2.859261
66484021 2.867178
66483400 2.876498
66482947 2.877846
66481915 2.893677
66478865 2.979726
66478437 2.995825
66477846 3.042053
66475278 3.054611
66474584 3.062648
66469348 3.132922
66469002 3.285942
66468848 3.355081
66468773 3.365906
66468625 3.405124
66467684 3.409971
66466675 3.418540
66465553 3.447342
66465348 3.502578
66464342 3.517707
66464119 3.519018
66461969 3.537306
66460560 3.728305
66459153 3.735752
66457820 3.739252
66456527 3.794902
66456286 3.928969
66455877 3.994454
66455362 4.040973
66455357 4.340675
66454969 4.445337
66454647 4.502469
66452028 4.551810
66449705 4.575378
66445864 4.583234
66445538 4.711705
66444926 4.742695
66444899 4.749727
66444859 4.863866
66444560 8.243701
66444445 8.303240
66441423 8.349412
66441274 8.597826
66439439 8.604111
66437852 8.609625
66437820 8.730308
66436708 8.756103
66435853 9.070300
66434363 9.258259
66433451 9.361469
66431711 9.466702
66431565 9.494952
66431181 9.545990
66430570 9.569839
66429732 9.668235
66427602 17.791572
66427327 17.796610
66426587 17.939939
66426386 18.044288
66424037 18.160965
66423347 18.162528
66422399 18.170658
66422087 18.248807
66421000 18.618404
66420135 18.759464
66414952 18.877740
66414651 18.937387
66413791 19.031172
66413113 19.096141
66412450 19.239047
66412206 28.103257
66410238 28.287975
66409529 28.369905
66409102 28.396322
66405059 28.693278
66404632 28.695321
66402852 61.687788
66402817 70.719909
66402551 70.741093
66399537 70.858322
66398718 70.888734
66398323 70.910438
66398142 71.051708
66398048 71.069596
66397723 71.102768
66395270 71.312506
66393775 166.121061
66392419 166.213532
66391679 166.222396
66391614 166.308726
66387037 166.444505
66386789 166.456622
66386144 166.461366
66385263 166.509380
66382285 166.525220
66378235 166.536289
66377606 166.689791
66376971 166.798614
66376515 166.805799
66376367 166.832973
66376230 166.851774
66375431 166.891434
66375053 166.912582
66373438 166.966065
66372956 166.967259
66369829 167.000758
66369616 167.004889
66369510 167.006114
66367611 167.010548
66364634 167.188051
66364440 167.243563
66364434 167.333805
66362206 167.375633
66360975 167.452440
66360845 167.717471
