101336127 0.048591
89544676 0.132358
89527637 0.135699
89514379 0.138394
89511580 0.139409
89500335 0.145009
89495829 0.145642
89494651 0.145864
89487679 0.158232
89476668 0.159438
89468207 0.160615
89462975 0.161092
89462235 0.161604
89461811 0.162493
89460904 0.165964
89456656 0.166673
89449354 0.172573
89435268 0.173947
89431969 0.175853
89426503 0.176994
89421288 0.180677
89418810 0.183806
89408096 0.184797
89406508 0.186797
89396392 0.188746
89382999 0.189903
89382938 0.190141
89379345 0.190411
89367861 0.192089
89348373 0.192606
89333567 0.197235
89331040 0.200116
89327060 0.201497
89309009 0.202189
89302594 0.203301
89296136 0.204053
89287612 0.204927
89276798 0.205486
89276244 0.205770
89269396 0.207178
89269144 0.207473
89267455 0.208086
89265072 0.211850
89256349 0.212742
89256344 0.215095
89255232 0.216240
89254418 0.216914
89253410 0.217654
89239901 0.219093
89214449 0.220455
89213196 0.223917
89212187 0.226859
89202315 0.228159
89198929 0.229017
89195738 0.230163
89181798 0.233980
89177500 0.236257
89168934 0.237274
89157132 0.237889
89155695 0.239830
89142829 0.240491
89141115 0.241898
89137658 0.242618
89136946 0.242973
89135978 0.245069
89129687 0.245781
89125762 0.246211
89116032 0.247054
89115898 0.254542
89115885 0.255025
89110757 0.262103
89106222 0.264773
89105537 0.265127
89097813 0.265437
89089974 0.267127
89088422 0.267956
89084217 0.269155
89073123 0.270233
89060585 0.272424
89051901 0.273233
89036366 0.273959
89027957 0.277321
89020723 0.279280
89006648 0.281223
89005997 0.282045
88999006 0.282905
88996148 0.283726
88984727 0.283954
88982948 0.284508
88955167 0.286763
88955059 0.288314
88947102 0.301911
88945555 0.302345
88945341 0.303150
88943725 0.304248
88937351 0.309827
88934231 0.317749
88933467 0.318764
88929066 0.321951
88923681 0.325005
88921750 0.325773
88920149 0.327908
88919623 0.328380
88913669 0.334948
88910085 0.344593
88908777 0.344869
88907354 0.345751
88905493 0.346747
88904301 0.348068
88895460 0.349481
88894368 0.350155
88894253 0.353388
88894178 0.353783
88893144 0.355049
88892726 0.358205
88891515 0.359999
88889302 0.360867
88883746 0.361692
88883599 0.366319
88879446 0.366728
88879176 0.367599
88873753 0.368604
88872054 0.371279
88864940 0.374944
88864842 0.375541
88864702 0.375814
88862669 0.379262
88858215 0.387584
88853598 0.388408
88853081 0.389716
88851048 0.389941
88849131 0.390755
88827870 0.391793
88825495 0.393027
88819135 0.395412
88818518 0.395637
88813943 0.397098
88809577 0.397664
88803032 0.400975
88797739 0.405356
88797360 0.406006
88796723 0.410911
88796386 0.413304
88792263 0.414242
88792218 0.414425
88789673 0.415960
88788128 0.416276
88786037 0.418148
88777569 0.418363
88777424 0.419251
88774658 0.419667
88774657 0.420053
88774346 0.425221
88768759 0.425843
88767089 0.426041
88766874 0.428447
88766675 0.433007
88763784 0.433924
88761736 0.442439
88760344 0.443506
88760315 0.445479
88758093 0.447598
88748353 0.450431
88737667 0.456286
88736429 0.456904
88736014 0.457987
88729840 0.459942
88728363 0.463311
88723335 0.466515
88714907 0.468397
88712778 0.469028
88712709 0.472642
88710543 0.474904
88710243 0.478144
88708792 0.478958
88704892 0.480021
88702226 0.486522
88696218 0.487985
88695381 0.489635
88690601 0.490151
88689543 0.491808
88686057 0.493899
88678956 0.494726
88678213 0.496188
88677432 0.496829
88676303 0.496990
88669749 0.497751
88667985 0.503174
88667427 0.503773
88666966 0.508514
88666368 0.508939
88666240 0.510358
88662978 0.512379
88658419 0.518965
88657908 0.520088
88653824 0.520519
88653278 0.529931
88651510 0.531597
88650874 0.532947
88647956 0.534192
88646831 0.535289
88646714 0.539124
88640151 0.539777
88638914 0.542975
88638782 0.547438
88638171 0.548729
88634456 0.549601
88633987 0.550267
88633674 0.553515
88630732 0.562990
88629928 0.564103
88629438 0.566182
88625355 0.566594
88624452 0.573003
88623251 0.573955
88622910 0.590346
88620958 0.596259
88616125 0.597537
88616090 0.609177
88614213 0.623510
88610123 0.624171
88602931 0.624525
88602808 0.624759
88598582 0.631172
88593870 0.632251
88591204 0.633891
88590509 0.635278
88587931 0.636890
88587083 0.638894
88578369 0.639289
88576062 0.639650
88574449 0.639900
88574381 0.640173
88572136 0.645407
88571225 0.648917
88568773 0.655866
88567415 0.663047
88565480 0.670019
88562588 0.670879
88561638 0.680849
88561345 0.683810
88558728 0.684137
88557583 0.687043
88554075 0.698366
88554047 0.699115
88551414 0.699877
88550713 0.701861
88543322 0.702340
88542709 0.706669
88540165 0.707981
88537727 0.710879
88536614 0.718158
88535662 0.722308
88532816 0.723226
88532038 0.728351
88528623 0.730100
88527438 0.732558
88526592 0.737284
88525638 0.750028
88521237 0.751920
88520394 0.753051
88518735 0.755410
88518409 0.757891
88517667 0.763568
88512616 0.785973
88512444 0.787441
88511127 0.789246
88510014 0.790796
88508675 0.795159
88506977 0.805467
88504815 0.809905
88501585 0.811462
88499564 0.812591
88499254 0.841082
88498529 0.842115
88497247 0.843972
88496490 0.845929
88496316 0.848585
88495942 0.859873
88495539 0.870160
88495532 0.888046
88495011 0.897747
88494921 0.899067
88493922 0.899890
88492040 0.900611
88491789 0.908846
88489966 0.910641
88487705 0.920435
88487104 0.921114
88485155 0.925378
88484458 0.929791
88483591 0.937994
88481407 0.938581
88481390 0.938728
88480130 0.957737
88480080 0.960764
88475293 0.961840
88474799 0.965722
88467326 0.971471
88467246 0.972090
88461599 0.972717
88461028 0.974936
88460810 0.981202
88460587 0.982103
88460320 1.003293
88459226 1.003661
88457528 1.006473
88455227 1.012107
88453228 1.013922
88452849 1.019642
88448157 1.022989
88446502 1.025023
88445152 1.027430
88442032 1.036392
88441149 1.038157
88440754 1.040265
88431043 1.042085
88430338 1.044586
88428695 1.044957
88426232 1.047975
88423748 1.073890
88423279 1.076377
88422540 1.083282
88421174 1.089477
88420084 1.090468
88419995 1.091971
88419562 1.095421
88417683 1.096888
88415612 1.097262
88414856 1.098297
88412025 1.098670
88412004 1.102259
88410830 1.112926
88408790 1.115214
88407803 1.115708
88406176 1.118090
88406023 1.134790
88405109 1.135107
88403827 1.147982
88403662 1.152678
88403489 1.158347
88401590 1.159484
88400827 1.167134
88399332 1.173697
88397231 1.179872
88395289 1.197558
88395150 1.204585
88393907 1.218958
88393772 1.229748
88391633 1.236608
88390645 1.244603
88389715 1.264709
88388494 1.273766
88387125 1.304157
88381216 1.308445
88379993 1.321220
88379620 1.322008
88379579 1.356872
88379399 1.378772
88378810 1.381754
88374795 1.384995
88374219 1.385520
88373697 1.389182
88372276 1.390086
88371100 1.399136
88370445 1.403598
88370203 1.431509
88366912 1.432690
88366562 1.440042
88365323 1.450737
88365163 1.455221
88365112 1.470672
88364330 1.477157
88362090 1.479898
88360572 1.480134
88359648 1.486217
88359514 1.488083
88350197 1.497068
88350064 1.497258
88349604 1.500983
88349518 1.502500
88349216 1.505943
88347629 1.519490
88347236 1.535791
88346344 1.542733
88345670 1.548858
88345375 1.550990
88344777 1.562749
88344704 1.609655
88344645 1.609930
88342763 1.618513
88339953 1.628441
88338882 1.637852
88336343 1.648207
88336063 1.649979
88336016 1.659829
88335798 1.661044
88335395 1.670372
88333747 1.785544
88332120 1.786733
88331897 1.788424
88329433 1.826536
88329253 1.831965
88326483 1.848324
88323327 1.851130
88320774 1.886067
88319420 1.895036
88315035 1.896854
88315029 1.897554
88312279 1.902708
88312271 1.905315
88311603 1.920372
88311443 1.932895
88311023 1.936765
88309785 1.937375
88309299 1.951074
88308873 1.968111
88307895 1.970001
88304437 1.976875
88299669 1.998988
88299206 2.001465
88298334 2.006976
88297716 2.011885
88297202 2.022598
88296766 2.052782
88295402 2.056281
88293625 2.074782
88293563 2.088561
88293345 2.093308
88293328 2.099194
88291909 2.112471
88289090 2.160221
88288891 2.179713
88288042 2.181477
88285564 2.216181
88285062 2.222350
88284358 2.233297
88281852 2.235797
88281838 2.238259
88281501 2.252599
88280360 2.267357
88280205 2.272092
88279490 2.292197
88279235 2.321663
88276483 2.326115
88274397 2.339336
88273609 2.369034
88272078 2.385293
88271594 2.423162
88270915 2.426799
88270108 2.449645
88269984 2.452830
88269263 2.457499
88269077 2.471551
88268717 2.477180
88268406 2.500780
88268250 2.504679
88268075 2.507770
88266416 2.514741
88265957 2.528104
88265529 2.528677
88265308 2.534770
88264185 2.546809
88263571 2.552029
88263432 2.552697
88259703 2.561217
88259485 2.566626
88258460 2.586044
88257777 2.595906
88255582 2.599378
88255516 2.633989
88255329 2.656250
88255305 2.668632
88254391 2.679945
88252955 2.714473
88252689 2.730023
88252113 2.744736
88251663 2.745118
88251510 2.756137
88250553 2.766057
88250454 2.779840
88250386 2.781545
88250050 2.791191
88245800 2.815580
88245668 2.819229
88243756 2.829899
88242872 2.838820
88240550 2.857840
88240428 2.859634
88240320 2.946946
88239808 3.002545
88239461 3.029713
88238009 3.037388
88235777 3.058181
88229764 3.077473
88228846 3.110229
88226316 3.115104
88225789 3.209562
88225310 3.211941
88225102 3.251192
88224276 3.272462
88220010 3.284903
88219893 3.316458
88219480 3.332307
88219266 3.353396
88217949 3.401210
88217846 3.422327
88217318 3.520534
88214207 3.528554
88210212 3.547141
88209718 3.590519
88209597 3.600278
88206969 3.819010
88206864 3.825912
88206727 3.879993
88206187 4.004759
88204541 4.084471
88202810 4.097188
88200993 4.135766
88200987 4.137312
88199752 4.170285
88198278 4.180963
88196809 4.379319
88196572 4.379492
88194987 4.453698
88194032 4.489859
88193892 4.617081
88193618 4.648615
88190783 4.683654
88190527 4.734215
88185327 4.748914
88185324 4.809337
88184329 4.811723
88184260 4.815646
88184067 4.839158
88183029 4.860068
88182144 4.869384
88181809 4.888804
88178994 4.914530
88177289 5.014500
88175088 5.086630
88173060 5.103913
88172743 5.131057
88172093 5.379369
88171651 5.456099
88169589 5.573095
88164679 5.784839
88164360 5.820881
88163150 5.835503
88162990 5.913752
88162951 6.062289
88162045 6.093329
88161954 6.112534
88161358 6.115522
88160700 6.169055
88158216 6.297302
88158192 6.308424
88155647 6.325966
88155254 6.430000
88155007 6.475838
88151756 6.510274
88151613 6.524251
88150949 6.634174
88150766 6.676636
88149306 6.686613
88149160 6.712031
88149151 6.769533
88148693 7.001875
88148270 7.134485
88144646 7.219876
88144594 7.298442
88144199 7.789547
88143686 7.809538
88141859 7.975978
88141446 8.036999
88141293 8.175095
88141019 8.373070
88140306 8.481183
88137896 14.090289
88136962 14.099903
88136841 14.135175
88134750 14.182971
88132408 14.272045
88132323 14.342563
88130982 14.390887
88130869 14.391570
88130440 14.391986
88128782 14.418876
88128309 14.514529
88128183 14.565327
88127512 14.628774
88126977 14.647917
88126787 14.653357
88126546 14.681876
88126372 14.705154
88125525 14.737725
88123818 14.816955
88123667 14.865526
88123658 14.963159
88122301 15.136430
88121242 15.380820
88120754 15.671474
88120326 15.839360
88119950 15.857343
88119731 16.616400
88119425 75.687910
88119329 75.889985
88118551 75.911830
88118545 76.009568
88117848 76.013989
88117734 76.073194
88117699 76.263019
88117570 76.373542
88117440 76.481883
88116910 76.618761
88116745 76.789884
88115000 77.144910
88113580 82.529773
88112895 82.535501
88112383 82.549777
88109596 82.561622
88108775 82.583099
88108177 82.647903
88106876 82.663126
88106702 82.721146
88106381 82.811912
88105974 83.003412
88105956 83.016237
88105654 83.183895
88105397 83.249268
88102830 83.393541
88102554 83.459358
88102179 83.483371
88102023 83.486048
88101296 83.501160
88100469 83.540984
88099953 83.575233
88098242 84.622728
88097435 84.693181
88097260 84.972233
88094858 85.074655
88094850 85.172199
88094480 203.702221
88094107 203.747231
88094094 203.879510
88093585 204.012003
88093229 204.103822
88092624 204.246859
88092449 288.033571
88088806 288.034249
88088055 288.115108
88085998 288.161073
88084914 288.253511
88084863 288.259397
88084776 288.275777
88084701 288.347822
88084412 288.371331
88083996 288.371977
88083971 288.578745
88083384 288.730173
88083368 288.778482
88082694 289.583527
