108629455 0.080898
95373490 0.165557
95372377 0.167427
95370637 0.168581
95360464 0.171305
95358772 0.173060
95358445 0.176082
95356180 0.176569
95328544 0.178196
95328188 0.178584
95324914 0.179769
95319527 0.180992
95318173 0.181462
95316150 0.182384
95308761 0.182981
95305902 0.183405
95305311 0.183788
95294562 0.190284
95290394 0.191203
95289039 0.191607
95281833 0.192194
95281718 0.193810
95254199 0.194894
95252411 0.195919
95249534 0.197632
95248895 0.197814
95243175 0.198944
95241233 0.199293
95240836 0.199927
95240796 0.200244
95232639 0.201241
95222000 0.201830
95210033 0.204989
95209029 0.206207
95205317 0.207615
95201094 0.208003
95200732 0.208495
95194418 0.208825
95192681 0.212670
95187861 0.215866
95184735 0.217028
95181009 0.218506
95178749 0.219518
95166558 0.221198
95156168 0.221911
95155276 0.222246
95151397 0.224048
95143737 0.225756
95141039 0.227051
95134502 0.228185
95126588 0.229360
95124470 0.234157
95120343 0.234951
94951269 0.237031
94949354 0.238044
94941258 0.239416
94935286 0.241059
94934501 0.241672
94924636 0.248022
94923377 0.248250
94916624 0.250073
94915229 0.250614
94912942 0.253224
94903254 0.256144
94898052 0.257050
94895985 0.260958
94892723 0.268707
94892687 0.269908
94889750 0.272276
94889214 0.272986
94887766 0.273383
94885219 0.273780
94881090 0.276132
94876335 0.276548
94875614 0.277922
94870108 0.278640
94868947 0.278872
94866465 0.279535
94866260 0.280096
94866213 0.280606
94856184 0.282892
94845762 0.284355
94845413 0.286890
94843284 0.287789
94842270 0.288504
94820783 0.290655
94820529 0.291344
94820144 0.292345
94820031 0.292680
94817790 0.293065
94814582 0.295270
94808476 0.299527
94804832 0.304858
94795478 0.308637
94793166 0.309052
94774673 0.310268
94770996 0.310712
94763848 0.311762
94762328 0.312175
94758582 0.315864
94753759 0.317435
94753693 0.318045
94748838 0.321330
94748152 0.326500
94743581 0.330504
94740082 0.331606
94732203 0.334661
94719817 0.336387
94718573 0.337802
94718378 0.338319
94718218 0.340891
94714506 0.341744
94707257 0.342853
94702090 0.344557
94701747 0.344935
94690575 0.347167
94683057 0.347870
94682595 0.348961
94682263 0.349139
94674016 0.353303
94671341 0.357443
94665827 0.361723
94665696 0.362345
94661190 0.363059
94657678 0.363391
94655108 0.364292
94650167 0.371689
94646438 0.375256
94644445 0.375602
94643501 0.376548
94641973 0.377444
94641599 0.379111
94630769 0.380219
94629827 0.380595
94626306 0.384185
94626213 0.384547
94624186 0.394222
94622842 0.394933
94622203 0.397623
94617167 0.399198
94615465 0.399696
94614798 0.400346
94608660 0.401563
94604195 0.403798
94601743 0.405075
94601740 0.405965
94599131 0.408762
94598133 0.409685
94597078 0.411471
94596950 0.411992
94595474 0.413409
94591008 0.414027
94590762 0.415065
94579359 0.417798
94577293 0.418870
94577130 0.422456
94571328 0.428888
94566057 0.430381
94559716 0.430983
94556067 0.431772
94553452 0.432962
94548430 0.437810
94546099 0.442821
94544578 0.449410
94539073 0.449770
94538701 0.450483
94534752 0.451792
94534633 0.452742
94532362 0.453722
94531496 0.454582
94529734 0.457124
94528152 0.458739
94527198 0.462555
94518970 0.465792
94513888 0.466162
94509620 0.466737
94509210 0.469206
94509173 0.470307
94508067 0.473210
94506930 0.473923
94505707 0.479135
94504212 0.483523
94504161 0.485572
94495752 0.497255
94490489 0.499102
94488328 0.500615
94487878 0.500972
94487650 0.501721
94487310 0.505413
94478840 0.514061
94477084 0.517062
94475525 0.517946
94473205 0.521560
94470624 0.522976
94461380 0.528683
94460720 0.533654
94458370 0.534291
94453131 0.537537
94452339 0.540932
94451918 0.541758
94451407 0.543202
94450177 0.545795
94449565 0.547015
94446501 0.554441
94446428 0.559012
94445885 0.561288
94439649 0.566460
94437155 0.567095
94437104 0.569935
94424839 0.573497
94422767 0.575362
94422229 0.580788
94421467 0.583665
94419847 0.584762
94418538 0.601245
94415875 0.606657
94414828 0.615736
94414332 0.619845
94413935 0.619961
94412715 0.622167
94403014 0.627241
94400675 0.630996
94400224 0.633464
94398084 0.634307
94398004 0.636282
94397096 0.638735
94394636 0.645338
94394376 0.646122
94393453 0.648448
94390478 0.654228
94385654 0.654707
94383400 0.658481
94383022 0.659094
94369576 0.663649
94359700 0.668262
94356092 0.670319
94355547 0.672758
94350517 0.675094
94345748 0.678072
94339840 0.682313
94338931 0.685680
94338478 0.687269
94338349 0.689243
94337327 0.693068
94335283 0.696891
94334857 0.702287
94334835 0.704232
94332093 0.718561
94330829 0.723232
94329071 0.725254
94328526 0.727535
94328509 0.740334
94328279 0.745064
94327200 0.746713
94324934 0.756797
94320819 0.787291
94318816 0.791312
94318010 0.793947
94317847 0.799429
94317625 0.800451
94317321 0.801496
94316471 0.802459
94315729 0.802587
94311976 0.804310
94310252 0.806646
94310052 0.808550
94308732 0.817129
94307490 0.823898
94307234 0.828043
94306912 0.834024
94300239 0.845486
94299993 0.847445
94299863 0.857929
94298377 0.859946
94298319 0.866386
94291417 0.900982
94287857 0.903000
94287619 0.923088
94283469 0.923377
94283021 0.926465
94280208 0.931892
94275745 0.938095
94272692 0.959204
94271997 0.962266
94270162 0.964971
94270161 0.970522
94269640 0.978903
94267599 0.983294
94267120 0.983635
94266174 0.984794
94265404 0.988536
94263726 0.995643
94263235 1.000001
94259486 1.000351
94256619 1.001683
94254704 1.008722
94253369 1.009152
94252745 1.009425
94246343 1.029675
94245708 1.038013
94241243 1.048292
94241054 1.049506
94239127 1.052856
94234673 1.055756
94233907 1.063637
94233408 1.064330
94231501 1.066586
94231325 1.068104
94231224 1.070228
94230667 1.071401
94228882 1.075230
94228534 1.079876
94228148 1.083612
94227595 1.087054
94224643 1.091776
94224388 1.116772
94224267 1.122574
94220583 1.130090
94219183 1.151397
94217469 1.159171
94216948 1.171170
94216387 1.175712
94215743 1.186126
94214824 1.186399
94213286 1.194204
94212882 1.201605
94211315 1.207380
94209231 1.212361
94207784 1.216493
94206058 1.217323
94205410 1.218509
94205334 1.239001
94201918 1.248322
94199902 1.250030
94198214 1.253337
94198173 1.254414
94197221 1.254812
94197211 1.258455
94196622 1.262358
94194887 1.263957
94194779 1.266203
94194226 1.267487
94193735 1.289020
94191485 1.293734
94191032 1.301091
94190740 1.308394
94190427 1.315729
94190066 1.319189
94189713 1.323349
94188217 1.342457
94188166 1.344867
94187989 1.354295
94186744 1.354589
94186114 1.368463
94184873 1.370954
94180441 1.375596
94179423 1.382203
94179224 1.382654
94179000 1.384391
94178615 1.402128
94177878 1.403374
94175765 1.418052
94173667 1.422543
94172783 1.424374
94169789 1.431925
94169755 1.447662
94169453 1.457243
94167535 1.457664
94167404 1.461980
94166918 1.473563
94160723 1.479306
94160241 1.495350
94159390 1.518743
94158728 1.524978
94158296 1.533679
94158032 1.536270
94153806 1.540433
94148254 1.543323
94145421 1.543932
94145000 1.549434
94143570 1.551892
94141031 1.554608
94139722 1.575487
94138473 1.576133
94138144 1.580797
94137760 1.587856
94136577 1.588138
94136570 1.607822
94133412 1.609666
94131903 1.621962
94129325 1.632266
94128996 1.635384
94126721 1.648957
94124745 1.651488
94124100 1.663214
94123136 1.665356
94122297 1.665863
94122021 1.690816
94117598 1.700315
94115491 1.705176
94115306 1.710424
94113637 1.720094
94113529 1.728852
94113444 1.740941
94112531 1.751214
94105703 1.761121
94105497 1.815361
94105378 1.816174
94105317 1.819586
94104092 1.838570
94102511 1.839748
94102071 1.840683
94101433 1.845635
94099484 1.853802
94097084 1.874020
94092984 1.908930
94092341 1.910024
94090772 1.931691
94089405 1.940142
94088779 1.945370
94088621 1.963725
94086924 1.980368
94085381 2.004769
94084972 2.034880
94080516 2.045088
94075832 2.050413
94072229 2.051772
94071356 2.075762
94071046 2.093359
94068981 2.095600
94066144 2.106293
94065366 2.116146
94064269 2.165449
94062674 2.165835
94060753 2.167394
94057366 2.170835
94055827 2.174328
94054955 2.179182
94054519 2.214872
94054325 2.217008
94050425 2.234655
94050219 2.269482
94050142 2.270307
94049347 2.323815
94048318 2.336321
94048085 2.355335
94047809 2.378540
94046311 2.399307
94044419 2.402811
94040110 2.437402
94039698 2.460336
94038884 2.464375
94038706 2.467693
94038284 2.468272
94037548 2.475699
94036947 2.498233
94034565 2.507468
94034113 2.513701
94034075 2.535272
94034018 2.564440
94033027 2.583499
94032827 2.591238
94032607 2.621616
94031821 2.633652
94031798 2.645119
94029767 2.654662
94029586 2.655365
94029508 2.668061
94029166 2.698809
94028197 2.699220
94025448 2.713372
94022978 2.716045
94020513 2.735658
94019803 2.766876
94019023 2.768894
94017684 2.773624
94011534 2.780335
94011345 2.783293
94010529 2.799674
94006604 2.800133
94006279 2.817170
94005595 2.821231
94005109 2.854902
94001789 2.864514
94000843 2.887705
94000540 2.914044
94000159 2.924335
94000094 2.938780
93998774 2.957520
93998719 2.973486
93997895 2.987918
93997864 3.021324
93997136 3.027758
93996301 3.029248
93995647 3.067022
93995605 3.071047
93995464 3.080363
93993730 3.157186
93991245 3.159334
93991148 3.163276
93990086 3.192938
93989077 3.229663
93985618 3.241539
93985474 3.255069
93985124 3.255928
93984823 3.270946
93984789 3.300788
93984764 3.316397
93983110 3.323533
93982407 3.330119
93982079 3.335539
93980361 3.336219
93980104 3.344138
93979715 3.349138
93979066 3.375316
93978701 3.376210
93977918 3.394290
93977464 3.409730
93976858 3.478339
93974642 3.489979
93974342 3.490548
93973956 3.595104
93973048 3.641415
93971627 3.655583
93971589 3.687052
93971289 3.691898
93968378 3.701649
93968271 3.719912
93967480 3.759010
93965563 3.854107
93965428 3.968181
93964933 4.031098
93964182 4.081657
93963148 4.089717
93962819 4.130249
93962379 4.210853
93962332 4.214492
93961949 4.222413
93961381 4.225044
93961334 4.257250
93960861 4.266996
93960850 4.276704
93960032 4.276995
93958925 4.278082
93957594 4.287042
93956688 4.301720
93954989 4.302684
93954971 4.358779
93953605 4.369886
93953527 4.462983
93953368 4.519868
93951095 4.532632
93949949 4.545191
93949931 4.561778
93948477 4.579091
93947667 4.614133
93944727 4.627194
93942553 4.708993
93940304 4.726934
93940278 4.973012
93938572 5.026128
93934808 5.056207
93933979 5.147351
93933436 5.229897
93932503 5.330577
93931995 5.378437
93930743 5.505962
93929831 5.551240
93929755 5.583684
93926853 5.620064
93926734 5.665535
93924837 5.691197
93924416 5.696276
93923805 5.712330
93923802 5.732777
93923776 5.761475
93922917 5.781399
93922562 5.891519
93922468 5.913852
93921589 5.924052
93920321 5.928569
93919520 5.970750
93919351 6.065539
93918988 6.081587
93918685 6.096433
93918503 6.132662
93918205 6.189187
93916591 6.270718
93915561 6.280035
93915230 6.281196
93913475 6.312943
93911820 6.326850
93910243 6.361579
93910237 6.371328
93909606 6.395610
93909156 6.430268
93908913 6.439032
93908562 6.526024
93908477 6.531756
93907332 6.653343
93907018 6.712797
93906052 6.752152
93905962 6.821950
93905826 6.904018
93905650 6.989989
93905633 7.004203
93905524 7.019758
93904912 7.051689
93904065 7.321829
93903875 7.706541
93903774 7.734088
93898240 7.877390
93897086 7.909669
93896163 7.911099
93895745 8.268851
93894000 8.327231
93893635 8.358414
93893454 8.447889
93893226 8.608397
93891536 8.638992
93890968 8.648109
93890383 8.818752
93887947 8.876335
93887850 8.881175
93887849 8.930574
93887802 9.054629
93887346 9.203219
93886508 9.218141
93885408 9.250848
93882043 9.309893
93881263 9.417754
93881205 9.452215
93879067 9.496404
93878361 9.649521
93878092 9.674897
93878055 9.751507
93877449 9.760987
93877232 9.986554
93876375 19.108050
93874923 19.552269
93874701 19.659817
93874013 35.200215
93872809 35.210005
93872443 35.302326
93872383 35.307402
93872192 35.375747
93871945 35.404838
93871435 35.438762
93869846 35.480277
93869829 35.503331
93868509 35.519453
93868449 35.527128
93868429 35.545845
93868069 35.551560
93867855 35.563926
93867702 35.605417
93866389 35.706330
93866246 35.754788
93865874 35.777959
93861562 35.877894
93861434 36.039354
93860299 36.087492
93856451 36.110506
93855236 36.171616
93853378 36.193056
93852938 36.231264
93850162 36.263064
93849283 36.336981
93849060 36.338980
93848714 36.342761
93848573 36.421146
93847638 36.644503
93847635 36.732422
93847444 36.821009
93847273 37.136589
93847172 37.181451
93846817 37.240129
93846283 37.373588
93846101 37.397228
93842995 37.447334
93842978 37.496068
93842011 37.512213
93841628 38.150466
93841375 38.165682
93841243 38.252229
93839081 38.294658
93839045 38.466433
93838451 38.596192
93836534 38.670534
93832512 38.696905
93831903 38.766984
93831883 38.947723
93830953 39.058338
93829575 39.286462
93827290 39.383606
93826924 39.397963
93826817 99.379053
93826726 99.416985
