115663224 0.067673
102437968 0.189612
102430515 0.192968
102415449 0.193699
102348342 0.198553
102343802 0.198856
102331264 0.199581
102212690 0.201819
102194745 0.203212
102192556 0.204092
102188189 0.204414
102186168 0.206471
102185092 0.208196
102176082 0.211624
102169315 0.212424
102162598 0.212959
102161613 0.214941
102160430 0.215657
102156141 0.217232
102155175 0.218623
102143200 0.227218
102140362 0.231068
102135988 0.231810
102131967 0.232505
102129066 0.238037
102075653 0.244616
102073669 0.245187
102072414 0.245578
102067453 0.246186
102057443 0.247322
102051150 0.247853
102050712 0.248178
102044546 0.251574
102040562 0.252210
102031347 0.252843
102029662 0.253087
102028635 0.253933
102027567 0.254358
102027283 0.254943
102016320 0.256748
102009919 0.258452
102004520 0.260021
102001896 0.260421
101993092 0.265321
101987703 0.268051
101986637 0.269413
101983345 0.270986
101979450 0.271400
101978503 0.271823
101975661 0.274073
101973288 0.276054
101966881 0.276569
101965645 0.281358
101964380 0.282808
101964265 0.283290
101960905 0.284077
101957598 0.284629
101951530 0.284961
101930274 0.286949
101925760 0.288588
101919293 0.289108
101903569 0.290425
101890385 0.292275
101884231 0.294140
101879436 0.294674
101873886 0.295512
101862190 0.296588
101853237 0.296901
101850372 0.297352
101840341 0.298010
101835633 0.298248
101823433 0.298948
101819160 0.299208
101817807 0.299539
101815567 0.300336
101809135 0.301876
101805889 0.303894
101803174 0.304419
101794149 0.306704
101782980 0.309047
101781830 0.309821
101769947 0.310154
101769216 0.313286
101765279 0.314647
101761890 0.317754
101756525 0.320439
101753984 0.322207
101746200 0.324273
101744657 0.333685
101728733 0.335599
101725384 0.336948
101717686 0.338765
101715850 0.339928
101704877 0.341165
101703814 0.341520
101703486 0.347525
101701306 0.347794
101699413 0.350058
101696061 0.352225
101696030 0.353727
101695562 0.357564
101694134 0.360637
101693506 0.360979
101675820 0.362793
101671884 0.367924
101669227 0.369555
101662083 0.371473
101658072 0.373576
101655033 0.376358
101649884 0.377724
101648471 0.378883
101644275 0.379068
101640136 0.381349
101634977 0.383456
101634334 0.384050
101629608 0.384572
101629528 0.384922
101628847 0.385377
101626676 0.388858
101626478 0.390351
101626390 0.390991
101622290 0.391461
101619046 0.391776
101617559 0.396019
101617412 0.400893
101615181 0.402119
101614145 0.403079
101610292 0.406126
101609232 0.408539
101604469 0.410990
101599982 0.416031
101592574 0.419316
101591634 0.419594
101591166 0.420521
101587610 0.422355
101584883 0.427416
101582859 0.427677
101582022 0.430517
101573673 0.434355
101567806 0.434836
101566030 0.438746
101565824 0.438934
101560325 0.441134
101557729 0.443746
101554420 0.446033
101553472 0.447180
101553368 0.452457
101551589 0.453258
101551549 0.453465
101542587 0.458545
101541283 0.461109
101538478 0.463548
101533047 0.463985
101518388 0.467466
101517455 0.471515
101516595 0.473359
101513407 0.474960
101507523 0.475334
101507274 0.476348
101506608 0.476545
101498759 0.485510
101495905 0.488471
101494999 0.491176
101493195 0.496868
101490450 0.499469
101489549 0.499833
101481945 0.501875
101479248 0.505283
101477662 0.506476
101475552 0.511198
101474580 0.512744
101465280 0.513669
101464256 0.515647
101463113 0.517299
101459741 0.520081
101459700 0.521689
101457803 0.526709
101449510 0.527441
101445487 0.528724
101442071 0.528888
101434409 0.530016
101432175 0.530308
101428344 0.538027
101426691 0.538388
101424865 0.538973
101424838 0.542205
101423720 0.544362
101419839 0.547224
101413905 0.548812
101409873 0.549371
101409754 0.552563
101409311 0.553546
101405391 0.556164
101402777 0.558783
101398262 0.562267
101394580 0.567672
101393412 0.569690
101390509 0.570820
101390417 0.571038
101389168 0.572364
101384018 0.573542
101382389 0.574221
101382073 0.575950
101381761 0.576559
101381748 0.577018
101381516 0.577367
101381396 0.577780
101379856 0.579096
101367808 0.579374
101367519 0.580110
101367332 0.583893
101365313 0.584295
101365051 0.587090
101365025 0.588780
101364159 0.590415
101363386 0.592723
101362727 0.593214
101360876 0.595803
101358507 0.600630
101358082 0.607493
101356892 0.610253
101356714 0.610548
101348291 0.610950
101345688 0.613442
101343297 0.615590
101340297 0.615746
101337793 0.616655
101336153 0.619060
101334854 0.621310
101332219 0.623093
101331309 0.627201
101326753 0.633555
101325626 0.636510
101323065 0.636741
101321009 0.638921
101318997 0.642297
101318805 0.645067
101318760 0.647917
101314214 0.648205
101310983 0.648631
101308757 0.649826
101307367 0.651849
101307250 0.652415
101305540 0.653766
101304944 0.654250
101304733 0.654946
101303704 0.656321
101295364 0.666849
101295219 0.667689
101294701 0.675475
101273864 0.680464
101263072 0.681086
101260245 0.681539
101257789 0.682765
101255249 0.683225
101253697 0.684481
101253010 0.686064
101250923 0.689777
101244524 0.690052
101244233 0.693472
101242968 0.693652
101242776 0.702375
101241165 0.708748
101240088 0.708955
101238681 0.709460
101238608 0.709908
101238130 0.719411
101238105 0.720684
101237890 0.722263
101237814 0.729652
101235456 0.731524
101234450 0.735765
101234378 0.737145
101233312 0.738407
101229694 0.740842
101224039 0.742469
101223060 0.744831
101218903 0.745378
101205382 0.746268
101202783 0.753411
101202119 0.754025
101201987 0.757385
101197138 0.759126
101196373 0.759884
101193257 0.761127
101188732 0.765638
101184545 0.766141
101182290 0.770384
101178889 0.775406
101178636 0.775645
101176063 0.778004
101175998 0.779170
101174673 0.782983
101173651 0.783545
101173409 0.797799
101172834 0.802419
101172457 0.805230
101170952 0.807484
101170478 0.821567
101169295 0.831973
101168877 0.844118
101168863 0.844573
101168570 0.846251
101167854 0.847429
101167265 0.848973
101165639 0.851051
101164437 0.851706
101164231 0.859852
101163831 0.860393
101163020 0.861498
101162481 0.870835
101162187 0.874199
101162184 0.879023
101161178 0.881033
101160276 0.883370
101158737 0.892503
101158100 0.897457
101155614 0.901177
101153207 0.912563
101149456 0.917788
101148842 0.919052
101148716 0.921745
101145405 0.930946
101144262 0.935585
101141257 0.936251
101138725 0.938078
101137518 0.975005
101136754 0.988717
101136226 0.993882
101136213 1.002591
101133772 1.011737
101132560 1.016961
101131991 1.020775
101131977 1.040115
101127995 1.062655
101127804 1.065286
101125206 1.068464
101122958 1.077567
101121961 1.078175
101117090 1.080290
101116923 1.087442
101115695 1.108634
101113598 1.113383
101111771 1.119759
101110239 1.131351
101107914 1.138362
101106066 1.138725
101104600 1.148611
101104077 1.149615
101104043 1.151116
101102260 1.151933
101096903 1.152674
101096682 1.154978
101090872 1.158691
101090809 1.158886
101090355 1.166344
101088074 1.170998
101087932 1.172503
101087650 1.179235
101087365 1.182191
101086222 1.184133
101085471 1.189948
101081607 1.191653
101080347 1.194409
101076200 1.198776
101073961 1.205121
101072154 1.206067
101071169 1.218052
101068247 1.221945
101067732 1.237460
101061628 1.246253
101061488 1.261038
101054793 1.261596
101054706 1.264997
101051791 1.275108
101049435 1.280675
101048825 1.284438
101046909 1.287904
101046890 1.291051
101046817 1.303475
101046254 1.305360
101046011 1.305898
101044193 1.315366
101041751 1.317076
101040321 1.319304
101040006 1.319807
101037215 1.320677
101036267 1.334918
101034643 1.337143
101029679 1.342647
101027851 1.345194
101026725 1.351403
101026428 1.361235
101026326 1.368510
101024063 1.375567
101024018 1.375948
101021239 1.387657
101020562 1.390231
101020522 1.408664
101019272 1.425833
101017867 1.430820
101017749 1.439935
101017682 1.442383
101017671 1.449675
101016253 1.450139
101015681 1.454475
101015135 1.459490
101013793 1.468850
101013626 1.472202
101012698 1.474106
101011746 1.491942
101011308 1.492549
101011128 1.496502
101010417 1.499299
101009856 1.504167
101009846 1.506720
101009286 1.510058
101008930 1.513918
101007898 1.516476
101007276 1.518696
101005886 1.519573
101004848 1.520126
101004349 1.546677
101003479 1.559827
101003345 1.560230
101002653 1.561564
101002226 1.564899
101001390 1.566515
100999627 1.585003
100999352 1.586366
100999136 1.590065
100998045 1.611341
100997994 1.611885
100997446 1.624996
100996670 1.628650
100996613 1.636297
100993376 1.640870
100985717 1.642634
100983773 1.669550
100978524 1.682584
100976910 1.685576
100976177 1.686889
100973975 1.698671
100973816 1.700159
100972674 1.707141
100970922 1.712160
100970493 1.728609
100968795 1.738678
100965009 1.738911
100963687 1.755882
100961597 1.769589
100959842 1.772929
100959437 1.775611
100958033 1.779234
100957716 1.790072
100955967 1.796981
100954414 1.800828
100952815 1.810285
100952428 1.810675
100951951 1.817083
100947839 1.821568
100945598 1.825773
100945536 1.861488
100944958 1.872291
100944544 1.879512
100944171 1.882076
100943916 1.885976
100943298 1.896991
100942962 1.903030
100942287 1.904472
100942033 1.914310
100936320 1.914994
100933964 1.918776
100932690 1.924589
100931713 1.931905
100930804 1.933076
100929167 1.941507
100928949 1.954250
100927324 1.960439
100927294 1.964685
100924423 1.967949
100922058 1.984110
100921573 1.984796
100920823 1.995917
100920627 1.998672
100919967 1.999466
100917482 2.002663
100915479 2.026991
100914504 2.037726
100910638 2.057732
100907258 2.059606
100907086 2.067548
100906570 2.077123
100905891 2.086740
100905528 2.110760
100902161 2.126657
100901038 2.129111
100901023 2.132846
100900114 2.141503
100899893 2.158085
100899739 2.158469
100899692 2.160898
100899333 2.164936
100898600 2.183976
100898290 2.185429
100898236 2.185933
100897752 2.189404
100896100 2.200076
100893687 2.225141
100893575 2.233773
100893273 2.258329
100888470 2.313093
100888093 2.322894
100887029 2.371164
100885366 2.379133
100882575 2.380015
100881894 2.391867
100878221 2.406340
100874587 2.443055
100871807 2.470205
100871640 2.479969
100871298 2.492953
100871167 2.505085
100870558 2.510278
100869938 2.523770
100869934 2.530317
100869169 2.532061
100867732 2.545498
100866209 2.556452
100864654 2.562519
100862681 2.568386
100862648 2.581212
100860612 2.586300
100860482 2.592692
100859833 2.604738
100859426 2.611093
100857830 2.615798
100850484 2.619909
100850407 2.620647
100849581 2.650541
100848626 2.669064
100847883 2.691157
100846083 2.694098
100846005 2.729470
100845611 2.748124
100845459 2.752560
100845158 2.768693
100845028 2.778878
100844640 2.809023
100842511 2.826213
100841592 2.833308
100841137 2.840652
100841121 2.909546
100840146 2.946523
100838381 2.952338
100837069 2.962383
100836662 2.969717
100835861 2.971983
100835506 2.981396
100833503 2.990143
100830439 3.010714
100826884 3.019446
100825718 3.020391
100822529 3.042905
100820639 3.048855
100817980 3.070618
100814108 3.143810
100810671 3.185663
100809950 3.229429
100809889 3.239765
100809481 3.246335
100807341 3.260276
100805452 3.323879
100804446 3.324846
100803079 3.348965
100802954 3.350568
100802831 3.358496
100802470 3.359104
100801826 3.368545
100800676 3.379390
100800054 3.416802
100798837 3.476045
100797930 3.506607
100793505 3.527541
100793249 3.574943
100793025 3.576594
100792967 3.598713
100791115 3.862376
100789692 3.998260
100789387 4.005159
100788621 4.078490
100786988 4.105956
100786202 4.108953
100783932 4.134128
100783907 4.174135
100783352 4.232960
100783141 4.271166
100782899 4.384354
100781465 4.404592
100780444 4.414931
100778474 4.427723
100777135 4.431428
100774973 4.440747
100773607 4.462077
100773019 4.584322
100772766 4.618447
100772629 4.635433
100772410 4.649256
100772241 4.803950
100771641 4.813821
100771007 4.861709
100767997 4.918767
100767554 5.041988
100765894 5.061417
100765281 5.065999
100761140 5.183333
100759090 5.192570
100758159 5.298192
100758074 5.385651
100757937 5.414234
100757719 5.414420
100757496 5.449348
100756601 5.450767
100756580 5.492181
100755003 5.516864
100753561 5.596753
100750466 5.680679
100748191 5.713953
100747552 5.729652
100747500 5.774960
100746469 5.837183
100746245 5.891832
100745845 5.965445
100744562 5.996349
100743933 6.001848
100743806 6.030324
100743178 6.031850
100742648 6.080488
100741548 6.130051
100738894 6.331111
100736501 6.578494
100734838 6.590900
100734178 6.872418
100733977 6.874027
100733286 7.124749
100730629 7.318704
100729328 7.346043
100729162 7.422380
100728873 7.472689
100728830 7.560754
100728307 7.564490
100726544 7.711202
100725258 7.778887
100725035 7.875110
100724841 7.943751
100722667 8.140152
100722413 8.208789
100722131 8.385040
100721320 8.391743
100718995 8.437346
100718852 8.522154
100717702 8.575913
100716285 8.659066
100716104 8.699586
100716077 8.704477
100716016 8.849010
100716001 9.027763
100714855 9.114787
100714289 9.143734
100714263 9.473074
100713288 9.517513
100712738 9.796293
100712592 9.915539
100711221 9.952693
100710989 9.993490
100710486 10.177834
100709809 10.214057
100709497 10.404127
100709044 10.455381
100708666 10.506570
100707727 10.570918
100706868 10.589471
100706851 10.725360
100706756 10.734060
100706448 10.735375
100704346 10.742816
100703920 10.884258
100702125 10.884875
100701429 10.911234
100699048 10.954037
100698338 11.029778
100698172 11.183629
100697361 11.649818
100696710 11.713203
100696405 11.771649
100695968 20.615032
100695953 20.634479
100694237 20.701538
100694080 20.707607
100693662 20.755769
100692519 20.767123
100691430 20.786903
100691225 20.849544
100689576 20.993653
100689183 20.994257
100688878 21.040035
100688567 21.042482
100687839 21.120454
100687827 21.122286
100687690 21.253429
100686915 21.349346
100686704 21.365249
100686538 21.408299
100686170 21.501142
100685240 21.630765
100685111 21.737756
100684974 21.880704
100684763 21.924487
100682834 21.928295
100682360 21.940807
100681773 22.068460
100681554 22.085589
100678822 22.180601
100673605 22.411487
100673306 22.500752
100669142 22.584708
100668634 22.594550
100666646 22.600867
100663783 22.672257
100663607 22.920603
100663384 23.048751
100662529 23.067257
100662349 23.333784
100662136 23.374735
100660698 23.575691
100658572 66.520860
100658446 66.552534
100658123 66.588410
100658037 66.593769
100657958 66.734920
100657886 66.770714
100657643 66.791805
100657422 66.822335
100655095 66.938905
100653972 67.108652
100653550 67.162518
100653468 67.249603
100653237 67.266996
100652953 67.272822
100649688 67.292064
100648806 67.342890
100647497 67.392373
100647099 67.438666
100646746 67.469892
100646616 67.492537
100646571 67.499267
100644633 67.520101
100644269 67.741904
100643617 67.800274
100643115 67.825358
100642824 68.088723
100642453 68.098787
100642421 68.598443
100641949 68.643863
100641520 68.981361
100640152 202.323847
100637919 202.363339
100637752 202.442291
100636730 202.473284
100636647 202.819010
100635874 202.908179
100633453 203.033617
100633093 203.069597
100632037 203.184235
100631916 203.424342
100631573 203.463615
100631516 203.495530
100630695 203.557268
100628562 203.581813
100628542 203.603671
100628154 203.799812
100628106 203.848491
100627109 203.878685
100626634 203.942825
100626567 203.945901
100626218 203.985947
100626183 203.986949
100625865 204.047986
100625248 204.124126
100625028 204.294308
100624521 204.375157
100624405 204.411876
100623548 204.450169
100622651 204.624122
100622137 204.750491
100620677 204.816661
100620547 204.961038
100620370 204.968135
100620273 205.039684
100619987 205.168318
100619818 205.416972
100619576 205.611342
100619319 205.641913
100619229 205.855325
100618804 205.960785
100618092 205.993798
100617897 206.158760
100617148 206.253166
100617146 206.253948
100615622 206.605157
100615105 206.821185
100614450 207.217487
100613660 207.321002
