15268068 1.05609844
15249873 1.169599772
15230696 1.223667379
15190892 1.271684827
15182763 1.321566346
15150013 1.36693802
15143617 1.410222177
15133558 1.455693243
15129190 1.501088646
15098913 1.545394569
15082187 1.589178312
15045834 1.63185991
15036934 1.674793854
15030293 1.716690077
15020716 1.757962092
15011683 1.799950098
15005856 1.841830103
14991228 1.883039813
14977853 1.92546139
14968853 1.967451998
14963309 2.008316511
14950278 2.04890156
14946592 2.088759413
14944618 2.128593428
14939869 2.168530682
14891830 2.207709024
14883235 2.247520409
14875475 2.28676071
14856337 2.326007317
14854521 2.364480153
14850649 2.402991624
14849014 2.441172221
14839488 2.479092547
14832402 2.517360466
14827669 2.55570586
14824461 2.592991846
14808872 2.630913845
14801956 2.667694583
14792041 2.704374139
14791124 2.739963364
14788432 2.775904086
14786871 2.812530632
14774535 2.848297746
14758938 2.88389194
14757074 2.918809871
14756681 2.952856911
14751617 2.987507646
14749482 3.021584778
14740921 3.054756275
14729775 3.088319694
14725320 3.120795797
14719407 3.153254799
14716175 3.186151363
14711654 3.218086962
14710849 3.249430233
14707301 3.279736619
14707242 3.309387847
14698050 3.338237151
14684545 3.367146778
14683789 3.395910805
14682855 3.424163469
14677484 3.45289795
14677068 3.483077407
14676895 3.510958082
14672998 3.536020062
14672236 3.560364527
14671980 3.584070692
14671975 3.606977485
14671855 3.628983565
14671797 3.690977552
14671792 3.708578389
