17902430 1.972328238
17882047 2.124892711
17864335 2.200820955
17841043 2.285400378
17812536 2.359954274
17802875 2.438969483
17777783 2.515025247
17763975 2.588766295
17754917 2.664510693
17741716 2.73876667
17727103 2.812601659
17717002 2.882536967
17691896 2.949608344
17678175 3.020021621
17675926 3.087018052
17652338 3.153429616
17648326 3.220685064
17644599 3.286037798
17619961 3.352230275
17595236 3.418148251
17571509 3.483029259
17557755 3.549164305
17550833 3.61379752
17547229 3.679425069
17537833 3.745864565
17531560 3.808653424
17513732 3.874174342
17506415 3.938922053
17499359 4.002845622
17495916 4.06668656
17488853 4.130929851
17478549 4.194262504
17456673 4.257531433
17451783 4.32031248
17434742 4.382365554
17410628 4.443831432
17382390 4.506736929
17380406 4.566555268
17376578 4.627708625
17343332 4.686731599
17341796 4.7488895
17339631 4.811203709
17337261 4.871441211
17333944 4.932865489
17327219 4.993774574
17325584 5.052204749
17320257 5.111877604
17310756 5.170025711
17305015 5.22883344
17302341 5.285207151
17299694 5.344665969
17296533 5.404923369
17277542 5.463886584
17257825 5.522200906
17246556 5.581720037
17244626 5.638757603
17239745 5.696044659
17237147 5.75272223
17235619 5.809169313
17233900 5.866673486
17230942 5.92254477
17220641 5.978897359
17218002 6.034732024
17212508 6.090070555
17208809 6.144329417
17202885 6.19896939
17192161 6.253416743
17187182 6.307763868
17183570 6.362444154
17179138 6.418263581
17175611 6.471985042
17171263 6.525177881
17158124 6.577608081
17151933 6.628935443
17149513 6.734319593
17144856 6.785966306
17141679 6.838591279
17138338 6.888971905
17133113 6.939316959
17126511 6.989646832
17124213 7.040226877
17122948 7.089771226
17119102 7.140380757
17118421 7.188212694
17117528 7.237296168
17117062 7.287532493
17116019 7.33452751
17115081 7.430172088
17112726 7.478139668
17109258 7.52677126
17105443 7.572445622
17102829 7.618154941
17102148 7.662896187
17100252 7.706914999
17098807 7.752369308
17097978 7.838635417
17097524 7.922170841
17096677 8.006648617
17096657 8.125665042
17095984 8.202662566
17095934 8.278694014
17095558 8.390063382
17095452 8.499795815
17095438 8.572307394
17095025 8.643203901
