20227090 3.161562011
20203200 3.342710099
20186159 3.457682093
20171639 3.562428587
20159604 3.673555633
20096229 3.774729153
20088941 3.874199407
20067894 3.982490944
20046297 4.088639618
20041122 4.191353737
20029423 4.294190326
20022352 4.391810681
19966137 4.487134364
19922350 4.582554523
19917742 4.681154071
19910752 4.777386751
19898320 4.873095566
19895247 4.968443804
19892121 5.066578191
19881769 5.161003903
19854548 5.252995918
19844999 5.34412601
19842579 5.438490525
19838949 5.531046316
19826134 5.622259693
19818289 5.716680337
19799370 5.80908014
19796892 5.900490358
19790170 5.993818545
19784318 6.087399428
19781629 6.179497423
19765864 6.270142417
19751384 6.360432736
19745876 6.449552952
19743917 6.53904846
19731385 6.629037201
19663133 6.719648825
19659307 6.80933826
19652765 6.899503315
19644022 6.989095531
19641339 7.078891062
19635160 7.168944767
19632441 7.257514474
19630178 7.347543807
19616004 7.434629748
19607535 7.523148516
19596266 7.609962001
19593535 7.699873245
19589712 7.787303568
19584523 7.873932366
19575573 7.961184589
19572329 8.046629049
19568150 8.133883375
19559136 8.220333541
19549812 8.306208329
19546527 8.3890449
19522946 8.475422486
19516209 8.559184675
19514466 8.644191012
19506227 8.726277507
19489789 8.807414745
19479205 8.891098047
19477713 8.974453853
19464121 9.058418722
19451299 9.140461507
19433587 9.221392564
19432376 9.301920095
19425383 9.383425016
19420020 9.463867247
19417787 9.542633768
19413455 9.624200561
19408770 9.703361344
19393263 9.780757946
19389024 9.859157457
19380392 9.937832375
19377928 10.015856675
19371575 10.092291554
19369847 10.169967113
19364899 10.246988603
19356198 10.323904542
19342174 10.399293247
19340083 10.473716992
19338170 10.547698145
19332275 10.697201157
19329939 10.77250214
19301687 10.845055114
19293807 10.918455217
19292270 10.990242677
19286698 11.062363078
19284350 11.132017459
19281123 11.201681966
19280214 11.272436442
19279237 11.342178241
19278685 11.410941548
19276083 11.478386585
19273821 11.548574665
19273640 11.687263016
19269693 11.755573794
19268521 11.820876326
19267203 11.887983102
19262043 11.953845734
19259625 12.018177374
19257289 12.082192946
19255619 12.146956335
19249501 12.210220731
19248237 12.274432139
19247902 12.335974304
19243415 12.399815774
19242185 12.460713811
19241436 12.520481307
19238829 12.581035524
19236188 12.640015303
19231632 12.698371323
19230596 12.75867205
19229332 12.816733076
19228816 12.875721962
19227563 12.934930909
19225996 12.992455886
19225901 13.049414976
19224865 13.106017898
19223094 13.218392594
19221065 13.27496625
19218521 13.331984898
19216209 13.388108923
19215530 13.442171076
19215053 13.497103006
19213724 13.550990263
19213534 13.605164154
19213362 13.660582219
19212807 13.767991513
19209574 13.820490849
19209029 13.871201739
19208802 13.976493054
19206629 14.029187288
19206436 14.081101194
19204886 14.133927296
19203740 14.192852065
19202063 14.253387151
19201897 14.304546447
19201545 14.457810722
19201410 14.508663052
19201101 14.557839194
19201000 14.706294655
19200935 14.757503966
19200858 14.808111342
19200264 15.059005276
19199767 15.157294455
