10772096 0.491108055
10750626 0.576510233
10743319 0.605347023
10728673 0.633867373
10675490 0.661577373
10673868 0.686307274
10656518 0.708838074
10655380 0.731153315
10629514 0.753517174
10623077 0.775622003
10620165 0.797285145
10616453 0.819466469
10613628 0.840415633
10570584 0.861465088
10568540 0.88196516
10557665 0.90239544
10534910 0.922459062
10525526 0.942392843
10512937 0.962304627
10508649 0.981411475
10505602 1.000456655
10502690 1.020480302
10497922 1.03946956
10493226 1.058158556
10493012 1.075506645
10491679 1.091691563
10489921 1.192434627
