PROBLEM_FILE = /tmp/tsp/19061.tmp/example.tmp
66740805 1.369265
65887074 1.369304
65885900 1.369308
65278153 1.369326
65267579 1.369329
65231701 1.369333
65198481 1.369337
65159569 1.369340
65106938 1.369348
65054258 1.369352
65036428 1.369371
65014506 1.369375
65003967 1.369384
64993539 1.369389
64983960 1.369405
64967558 1.369412
64962231 1.369416
64952543 1.369427
64947434 1.369430
64944079 1.369434
64936595 1.369451
64929537 1.369455
64721694 1.369461
64709108 1.369469
64670632 1.369474
64602774 1.369485
64500167 1.369491
64437359 1.369512
64079794 1.369519
64071860 1.369526
64069771 1.369530
64051768 1.369704
63921929 1.369709
63916981 1.369713
63854303 1.369723
63852164 1.369737
63848179 1.369742
63504463 1.369748
63482830 1.369754
63467761 1.369758
63323342 1.369766
63303833 1.369770
63269458 1.369774
63108210 1.369789
63086669 1.369796
62989865 1.369809
62944765 1.369818
62929928 1.369821
62923402 1.369837
62914750 1.369841
62893350 1.369851
62893182 1.369857
62869461 1.369865
62850533 1.369870
62837906 1.369873
62817318 1.369877
62800823 1.369881
62763252 1.369885
62733771 1.369889
62716579 1.369891
62713885 1.369902
62668462 1.369910
62666766 1.369913
62504804 1.369917
62484208 1.369921
62480768 1.369939
62195535 1.369949
62078578 1.369957
61975239 1.369967
61915869 1.369974
61841704 1.369983
61837889 1.369986
61742732 1.369992
61740450 1.369996
61708336 1.369999
61700263 1.370020
61698522 1.370023
61679506 1.370065
61676152 1.370079
61675936 1.370086
61664014 1.370094
61645793 1.370100
61574000 1.370104
61571443 1.370119
61569865 1.370123
61542208 1.370141
61541469 1.370157
61538399 1.370216
61528533 1.370228
61481705 1.370236
61436421 1.370248
61401597 1.370252
61396162 1.370256
61349099 1.370260
61326626 1.370266
61257540 1.370277
61244050 1.370281
61217736 1.370291
61204730 1.370303
60850228 1.370311
60810574 1.370316
60796357 1.370319
60749360 1.370323
60702392 1.370331
60607937 1.370342
60584508 1.370350
60485509 1.370356
60480489 1.370360
60457599 1.370364
60439813 1.370367
60438419 1.370371
60427250 1.370374
60421340 1.370379
60410227 1.370383
60231854 1.370390
60184472 1.370398
60011657 1.370404
59963937 1.370408
59956654 1.370411
59913687 1.370420
59842685 1.370437
59793392 1.370440
59791264 1.370447
59781346 1.370451
59757610 1.370461
59435965 1.370473
59429390 1.370478
59268828 1.370486
59215613 1.370497
59187490 1.370505
59173121 1.370513
59134695 1.370518
59127881 1.370527
59115840 1.370530
59108118 1.370540
59107337 1.370543
59073932 1.370547
59060878 1.370555
58966018 1.370560
58878191 1.370564
58869173 1.370567
58850086 1.370574
58790610 1.370579
58779248 1.370584
58748852 1.370587
58695848 1.370593
58692649 1.370598
58687879 1.370602
58675692 1.370605
58571046 1.370611
58544640 1.370617
58523178 1.370621
58520737 1.370624
58512464 1.370628
58419756 1.370634
58402911 1.370638
58390995 1.370645
58342708 1.370652
58286278 1.370657
58271811 1.370665
58129096 1.370678
58121958 1.370685
58112215 1.370691
58093159 1.370695
58067971 1.370699
58054079 1.370702
58045279 1.370722
58023382 1.370733
57996103 1.370737
57979754 1.370741
57971473 1.370746
57956517 1.370753
57842324 1.370765
57763148 1.370772
57750586 1.370775
57727965 1.370778
57723923 1.370782
57713608 1.370793
57670461 1.370799
57666958 1.370802
57652098 1.370808
57573658 1.370823
57539854 1.370826
57509302 1.370841
57466545 1.370852
57415755 1.370857
57376687 1.370862
57374870 1.370869
57346845 1.370872
57189729 1.370883
57180834 1.370887
57172600 1.370890
57152480 1.370894
57147604 1.370901
57143633 1.370905
57138490 1.370909
57113517 1.370912
57080636 1.370920
57055125 1.370925
57051658 1.370934
57030363 1.370940
57020282 1.370946
57002682 1.370949
57001109 1.370954
56985561 1.370970
56977545 1.370975
56973916 1.370979
56969931 1.370986
56956079 1.370991
56955348 1.370998
56914680 1.371002
56847423 1.371073
56828146 1.371084
56821688 1.371089
56707779 1.371096
56686918 1.371113
56652803 1.371134
56621308 1.371144
56582808 1.371148
56493770 1.371159
56486307 1.371164
56419895 1.371175
56408106 1.371179
56396863 1.371190
56352320 1.371194
56334309 1.371199
56333508 1.371210
56322239 1.371220
56320684 1.371234
56320458 1.371243
56295238 1.371248
56291224 1.371252
56280696 1.371255
56250021 1.371261
56213136 1.371265
56201463 1.371275
56185942 1.371279
56130225 1.371288
56118074 1.371299
56105184 1.371304
55931170 1.371308
55909035 1.371312
55907241 1.371316
55902001 1.371321
55850471 1.371325
55829289 1.371330
55794635 1.371350
55792698 1.371359
55784122 1.371363
55705777 1.371371
55643188 1.371386
55584187 1.371390
55564288 1.371394
55529095 1.371401
55522141 1.371425
55473177 1.371429
55472129 1.371435
55457361 1.371443
55424758 1.371454
55381367 1.371461
55359507 1.371465
55347391 1.371471
55033607 1.371486
55018566 1.371494
55007884 1.371497
54990328 1.371510
54955113 1.371513
54871914 1.371517
54858103 1.371520
54713766 1.371531
54707757 1.371539
54665407 1.371548
54660340 1.371553
54658575 1.371556
54652957 1.371559
54638602 1.371562
54635977 1.371566
54634363 1.371569
54577738 1.371576
54573235 1.371579
54540892 1.371594
54538809 1.371603
54532529 1.371607
54519497 1.371610
54504161 1.371615
54500209 1.371630
54481353 1.371642
54476505 1.371645
54469843 1.371652
54443334 1.371669
54410069 1.371673
54391940 1.371676
54390141 1.371683
54282860 1.371687
54281842 1.371691
54267362 1.371696
54260432 1.371700
54257670 1.371714
54253453 1.371728
54213201 1.371732
54057268 1.371737
54045586 1.371741
54031354 1.371744
53991369 1.371747
53988119 1.371754
53985579 1.371759
53901668 1.371770
53848416 1.371788
53743524 1.371800
53740712 1.371810
53725868 1.371814
53647865 1.371824
53621051 1.371840
53613534 1.371847
53594809 1.371853
53577422 1.371864
53546804 1.371878
53475992 1.371895
53451647 1.371976
53450167 1.371991
53434303 1.371997
53420803 1.372003
52390456 1.372018
52299759 1.372035
52250777 1.372040
52226024 1.372047
52219744 1.372050
52212414 1.372061
51985139 1.372066
51932248 1.372104
51921357 1.372108
51898952 1.372123
51877267 1.372130
51864828 1.372136
51291889 1.372151
51284619 1.372156
51237166 1.372166
51183021 1.372174
51157702 1.372181
51156220 1.372186
51149000 1.372189
51140470 1.372196
51136162 1.372205
50931694 1.372218
50931214 1.372226
50919648 1.372231
50911367 1.372234
50891663 1.372238
50887388 1.372241
50810383 1.372246
50549462 1.372256
50549216 1.372260
50544709 1.372263
50448728 1.372274
50401918 1.372309
50231854 1.372319
50230892 1.372324
50204294 1.372330
50191811 1.372344
50181790 1.372350
50148379 1.372364
50113264 1.372368
50092083 1.372372
49545778 1.372386
49510042 1.372397
49491875 1.372401
49428193 1.372405
49424730 1.372409
49423008 1.372412
49374603 1.372420
49368587 1.372426
49360029 1.372434
49354313 1.372438
49351574 1.372446
49314482 1.372449
49283230 1.372453
49258523 1.372463
49256479 1.372468
49234819 1.372475
49173728 1.372479
49167945 1.372482
49122858 1.372486
49092527 1.372501
49092445 1.372505
49081576 1.372508
49067021 1.372512
49036821 1.372516
49016933 1.372522
48918384 1.372538
48906311 1.372542
48874026 1.372555
48865043 1.372559
48855923 1.372562
48824518 1.372576
48522864 1.372584
48494986 1.372588
48428548 1.372594
48410952 1.372598
48408562 1.372601
48402813 1.372606
48381924 1.372612
48339806 1.372616
48305461 1.372629
48283628 1.372634
48281988 1.372643
48277806 1.372665
48273429 1.372684
48225686 1.372702
48170396 1.372706
48159205 1.372709
48135315 1.372712
48111186 1.372716
48098283 1.372744
48090862 1.372768
48082712 1.372775
48076294 1.372781
48072461 1.372787
48064474 1.372802
48052670 1.372812
48042343 1.372828
48003069 1.372836
47964427 1.372841
47940329 1.372847
47921723 1.372863
47915795 1.372872
47898076 1.372884
47793188 1.372907
47756690 1.372913
47754257 1.372921
47734664 1.372934
47680210 1.372939
47645750 1.372947
47633666 1.372951
47613847 1.372955
47567409 1.372959
47567348 1.372969
47540264 1.372975
47539508 1.372978
47513468 1.372984
47504964 1.372993
47469846 1.373007
47468579 1.373018
47465151 1.373027
47463561 1.373037
47441796 1.373045
47432592 1.373066
47429947 1.373072
47399422 1.373080
47394183 1.373084
47266698 1.373090
47250516 1.373098
47204161 1.373105
47023331 1.373112
47022588 1.373145
47022528 1.373149
46991223 1.373158
46978908 1.373164
46940995 1.373170
46885422 1.373174
46885117 1.373178
46876003 1.373184
46872204 1.373187
46807492 1.373210
46806700 1.373215
46806600 1.373219
46752377 1.373225
46732504 1.373232
46723198 1.373237
46721819 1.373240
46693606 1.373243
46690465 1.373273
46647356 1.373282
46597408 1.373290
46501184 1.373297
46487844 1.373301
46481312 1.373304
46294544 1.373315
46291916 1.373318
46269455 1.373322
46269167 1.373326
46183639 1.373336
46181715 1.373344
46142112 1.373352
46107316 1.373362
46101725 1.373380
46041693 1.373385
46008102 1.373389
45998474 1.373393
45989085 1.373396
45904753 1.373407
45891405 1.373410
45878428 1.373413
45863696 1.373416
45851987 1.373420
45833063 1.373431
45832593 1.373435
45817491 1.373438
45811000 1.373444
45608317 1.373456
45579824 1.373460
45570558 1.373464
45515728 1.373468
45514808 1.373472
45486668 1.373486
45336215 1.373504
45307218 1.373509
45304318 1.373532
45293003 1.373536
45125930 1.373542
45115648 1.373559
45078451 1.373578
45049771 1.373583
45039492 1.373587
45013261 1.373597
44990883 1.373604
44954540 1.373614
44896148 1.373625
44883254 1.373633
44869603 1.373636
44867328 1.373642
44856451 1.373645
44841890 1.373653
44838333 1.373666
44833051 1.373670
44814228 1.373673
44783636 1.373687
44774120 1.373691
44765059 1.373701
44751451 1.373705
44746396 1.373708
44737541 1.373716
44532506 1.373724
44507458 1.373729
44465021 1.373753
44400107 1.373757
44023582 1.373761
43951645 1.373774
43928069 1.373777
43786957 1.373786
43786801 1.373790
43777038 1.373799
43761391 1.373818
43748357 1.373823
43705598 1.373826
43698559 1.373831
43694230 1.373834
43647044 1.373837
43641086 1.373853
43632202 1.373857
43600111 1.373861
43545506 1.373865
43526150 1.373868
43513922 1.373871
43512882 1.373897
43510691 1.373918
43501874 1.373922
43446407 1.373926
43427315 1.373952
43375911 1.373956
43369402 1.374024
42989567 1.374052
42982893 1.374057
42972236 1.374061
42952926 1.374067
42940862 1.374071
42910598 1.374074
42905009 1.374077
42886312 1.374087
42877235 1.374091
42868462 1.374107
42858003 1.374110
42835464 1.374138
42786746 1.374142
42784277 1.374152
42770789 1.374158
42748924 1.374161
42687917 1.374166
42681973 1.374229
42669579 1.374233
42658933 1.374246
42657574 1.374287
42643716 1.374294
42617764 1.374298
42616592 1.374307
42606728 1.374314
42606297 1.374318
42603152 1.374329
42592804 1.374351
42584143 1.374358
42579693 1.374361
42556326 1.374377
42555991 1.374383
42533443 1.374392
42510653 1.374395
42498319 1.374406
42496171 1.374410
42493583 1.374413
42482548 1.374433
42452373 1.374442
42438212 1.374446
42275090 1.374458
42255537 1.374557
42213603 1.374582
42191520 1.374586
42182871 1.374589
42182790 1.374598
42181955 1.374602
42171142 1.374606
42144458 1.374634
42143705 1.374639
42115809 1.374643
42097944 1.374659
42096895 1.374663
42061882 1.374679
42055619 1.374697
42006155 1.374700
42003298 1.374703
41977770 1.374707
41976984 1.374710
41973135 1.374713
41967155 1.374717
41952910 1.374734
41950835 1.374738
41869775 1.374745
41852963 1.374749
41849328 1.374752
41844716 1.374756
41787007 1.374765
41765900 1.374769
41721548 1.374778
41664885 1.374783
41652739 1.374792
41634301 1.374809
41600003 1.374833
41597876 1.374837
41559409 1.374843
41522542 1.374847
41514783 1.374854
41487021 1.374857
41446659 1.374861
41437407 1.374864
41357498 1.374889
41336163 1.374894
41334905 1.374902
41243410 1.374929
41220312 1.374933
41197501 1.374943
41130116 1.374948
41122496 1.374953
41121154 1.374964
41119213 1.374967
41108114 1.374975
41059098 1.374980
41028811 1.374987
41024412 1.374991
41014565 1.374995
41010361 1.374998
40991867 1.375008
40974420 1.375012
40934916 1.375020
40871351 1.375026
40843121 1.375029
40836745 1.375040
40766357 1.375046
40761586 1.375052
40740843 1.375064
40734824 1.375069
40726977 1.375075
40709371 1.375078
40704453 1.375082
40681087 1.375085
40679153 1.375088
40657186 1.375092
40655730 1.375100
40640415 1.375103
40612339 1.375109
40607168 1.375113
40566840 1.375129
40549263 1.375141
40466444 1.375144
40351219 1.375148
40350149 1.375153
40332346 1.375157
40285557 1.375171
40275245 1.375174
40207050 1.375178
40196905 1.375188
40196858 1.375235
40094733 1.375270
40074930 1.375342
40062578 1.375353
40062178 1.375356
40045205 1.375360
40039487 1.375372
39993107 1.375382
39978878 1.375395
39944291 1.375400
39935872 1.375426
39929508 1.375441
39871883 1.375446
39868979 1.375449
39867998 1.375454
39864245 1.375460
39846904 1.375464
39832123 1.375468
39802339 1.375472
39773185 1.375478
39768442 1.375494
39766296 1.375498
39695216 1.375510
39687806 1.375528
39670061 1.375533
39663773 1.375541
39642368 1.375545
39601651 1.375548
39601440 1.375572
39559308 1.375615
39558640 1.375628
39554636 1.375635
39552648 1.375639
39543168 1.375664
39539030 1.375703
39492098 1.375727
39490271 1.375734
39424484 1.375758
39420459 1.375763
39416553 1.375779
39384411 1.375783
39377963 1.375786
39247113 1.375798
39226551 1.375802
39062495 1.375814
39057226 1.375879
39027720 1.375890
38999739 1.375935
38999683 1.375943
38981382 1.375947
38981261 1.375950
38964221 1.375954
38956129 1.375960
38945619 1.375968
38940943 1.375972
38936830 1.375982
38842782 1.375986
38835769 1.375989
38827051 1.375992
38774439 1.375995
38759267 1.375999
38757287 1.376005
38712710 1.376015
38701344 1.376045
38700052 1.376070
38685123 1.376081
38680458 1.376093
38678345 1.376099
38669844 1.376122
38618089 1.376127
38591861 1.376146
38583129 1.376150
38570777 1.376156
38565674 1.376197
38545176 1.376222
38530201 1.376278
38526618 1.376282
38503643 1.376286
38467295 1.376305
38439516 1.376324
38400632 1.376328
38400190 1.376465
38394976 1.376470
38382115 1.376475
38323885 1.376489
38240808 1.376504
38236162 1.376516
38234647 1.376521
38146731 1.376527
38143743 1.376532
38143584 1.376544
38136442 1.376551
38112615 1.376554
38111772 1.376559
38070662 1.376565
38057865 1.376593
38056431 1.376743
38054814 1.376752
38048874 1.376756
38046650 1.376765
38045736 1.376794
38035250 1.376800
38035163 1.376845
38020915 1.376852
38005430 1.376977
37991811 1.376985
37991316 1.376992
37990932 1.376995
37990236 1.377000
37954246 1.377031
37949015 1.377057
37942728 1.377121
37930603 1.377128
37915849 1.377132
37905437 1.377137
37901393 1.377300
37896033 1.377311
37839113 1.377316
37838340 1.377812
37837173 1.378154
37835416 1.378162
37831783 1.378167
37828028 1.378211
37824936 1.379132
37818099 1.379141
37793258 1.379179
37790123 1.379188
37778232 1.379202
37771773 1.379206
37766229 1.379230
37756170 1.379247
37752164 1.379251
37710188 1.379270
37698246 1.379274
37677914 1.379303
37670879 1.379309
37663896 1.379379
37477147 1.379455
37402670 1.379465
37363567 1.379482
37359824 1.379486
37335951 1.379526
37323221 1.379708
37315656 1.379713
37312006 1.379732
37301772 1.379740
37251704 1.379761
37243354 1.379766
37226937 1.379775
37200850 1.379781
37187084 1.379785
37169958 1.379789
37166351 1.379793
37100102 1.379798
37068950 1.379802
37035849 1.379829
37023387 1.379884
36918133 1.379896
36914611 1.379924
36902323 1.379952
36883754 1.379957
36849160 1.379989
36822797 1.380026
36821889 1.380033
36815974 1.380048
36804138 1.380099
36774348 1.380103
36722405 1.380172
36703848 1.380198
36698945 1.380453
36685321 1.380459
36665340 1.380544
36649399 1.380550
36646603 1.380566
36638638 1.380571
36607457 1.380576
36594827 1.380590
36562346 1.380795
36561993 1.380819
36560940 1.380853
36541881 1.380877
36528685 1.380882
36525410 1.380955
36521386 1.380959
36469032 1.380967
36437724 1.380986
36430268 1.380993
36387878 1.381005
36351579 1.381014
36340296 1.381021
36280945 1.381026
36204096 1.381036
36185475 1.381040
36169009 1.381044
36166050 1.381048
36163044 1.381052
36161710 1.381055
36159410 1.381059
36148739 1.381077
36135785 1.381081
36107576 1.381085
36101487 1.381151
36101154 1.381155
36081465 1.381181
36055520 1.381185
36054829 1.381189
36003607 1.381230
36000177 1.381234
35988699 1.381252
35971158 1.381264
35948515 1.381268
35946875 1.381280
35945776 1.381315
35920987 1.381340
35906630 1.381370
35868423 1.381375
35859114 1.381381
35832462 1.381385
35830388 1.381407
35827108 1.381460
35816177 1.381494
35810798 1.381716
35752657 1.381803
35750876 1.381808
35727830 1.381831
35703878 1.381852
35700030 1.381856
35699718 1.381901
35690386 1.381904
35689374 1.381909
35679285 1.381912
35670567 1.381915
35668349 1.381974
35663543 1.381992
35655194 1.382010
35650293 1.382015
35644156 1.382018
35642701 1.382024
35640704 1.382033
35637507 1.382037
35637323 1.382070
35610835 1.382085
35595644 1.382114
35577392 1.382119
35573548 1.382124
35564494 1.382135
35555788 1.382139
35537587 1.382144
35532384 1.382160
35526800 1.382170
35526014 1.382174
35510958 1.382196
35499373 1.382218
35462631 1.382234
35457379 1.382241
35451520 1.382260
35442225 1.382264
35440411 1.382267
35436639 1.382271
35422427 1.382275
35407949 1.382280
35404053 1.382284
35403119 1.382294
35393808 1.382308
35364581 1.382312
35360824 1.382329
35343676 1.382343
35319126 1.382347
35311295 1.382350
35304255 1.382396
35276348 1.382399
35271448 1.382403
35268918 1.382424
35265022 1.382428
35195984 1.382441
35186587 1.382452
35099441 1.382468
35096725 1.382471
35085885 1.382483
35066901 1.382490
35049146 1.382502
35045157 1.382517
35040000 1.382522
35033064 1.382528
34992581 1.382535
34974178 1.382541
34917776 1.382545
34917594 1.382572
34860380 1.382579
34852279 1.382583
34848574 1.382588
34847784 1.382593
34845397 1.382597
34823404 1.382603
34793475 1.382635
34788976 1.382640
34780336 1.382644
34775706 1.382647
34741657 1.382680
34614365 1.382709
34595138 1.382719
34574178 1.382727
34559104 1.382732
34547479 1.382735
34536259 1.382748
34528762 1.382754
34527387 1.382774
34500447 1.382780
34492882 1.382784
34426585 1.382823
34373894 1.382831
34358501 1.382836
34357441 1.382844
34355356 1.382850
34354035 1.382878
34348492 1.382889
34328905 1.382903
34321597 1.382912
34316364 1.382919
34310190 1.382989
34303138 1.383011
34286842 1.383015
34286227 1.383062
34277983 1.383067
34254387 1.383310
34207470 1.383315
34202149 1.383347
34197180 1.383353
34191851 1.383377
34190077 1.383872
34185962 1.383877
34180113 1.383918
34165379 1.383945
34156654 1.383957
34150518 1.383962
34062769 1.384028
34062625 1.384033
34062305 1.384081
34053894 1.384160
34051717 1.384208
34050963 1.384213
34025924 1.384262
34023998 1.384268
34021156 1.384278
34016184 1.384282
33998884 1.384295
33990983 1.384312
33981404 1.384410
33979348 1.384419
33969539 1.384423
33965995 1.384427
33958829 1.384435
33953884 1.384441
33921456 1.384564
33921010 1.384569
33916503 1.384589
33911870 1.384600
33906755 1.384710
33888673 1.384733
33886039 1.384738
33876786 1.384743
33874562 1.384746
33873020 1.384752
33845448 1.384794
33835315 1.384825
33833786 1.384860
33830546 1.384866
33820535 1.384894
33819576 1.384899
33817524 1.384915
33814953 1.384976
33801628 1.384997
33790814 1.385395
33779015 1.385400
33768256 1.385404
33755162 1.385410
33754203 1.385414
33727348 1.385424
33724783 1.385472
33720356 1.385530
33719862 1.385623
33719469 1.385948
33718540 1.385953
33713369 1.385959
33712880 1.385976
33705156 1.386002
33688126 1.386014
33683082 1.386035
33681876 1.386042
33680908 1.386082
33679566 1.386241
33677405 1.386247
33675883 1.386279
33663448 1.386292
33663252 1.386296
33657388 1.386490
33643761 1.386609
33641059 1.386662
33639540 1.386735
33631827 1.386743
33615918 1.386849
33609821 1.386866
33609421 1.386870
33605601 1.386909
33594035 1.386917
33571284 1.386923
33563543 1.386949
33502158 1.387356
33489614 1.387369
33489225 1.387376
33489167 1.387381
33484414 1.387399
33475883 1.387404
33452247 1.387409
33449405 1.387430
33447217 1.387518
33437221 1.387532
33430727 1.387536
33409655 1.387832
33407233 1.387886
33363948 1.387902
33363017 1.387909
33361521 1.387934
33354164 1.387943
33345852 1.387946
33336657 1.387992
33319453 1.387996
33315690 1.388001
33311379 1.388009
33302623 1.388042
33206575 1.388050
33194932 1.388058
33188262 1.388062
33171602 1.388068
32990958 1.389181
32983545 1.389201
32982452 1.389215
32966849 1.389226
32963840 1.389270
32962651 1.389284
32939184 1.389405
32909871 1.389464
32901484 1.389478
32876225 1.389530
32858468 1.389537
32857136 1.389555
32852376 1.389560
32851516 1.389626
32840127 1.389638
32818443 1.389651
32812909 1.389674
32811774 1.389701
32800290 1.389707
32795208 1.389715
32777939 1.389740
32775638 1.389752
32753223 1.389837
32752083 1.389841
32737452 1.389853
32708383 1.390006
32708030 1.390012
32706816 1.390024
32706696 1.390030
32695957 1.390038
32582056 1.390052
32580466 1.390057
32569671 1.390061
32567633 1.390182
32560694 1.390200
32552746 1.390203
32525944 1.390223
32505326 1.390233
32505278 1.390291
32503656 1.390323
32485910 1.390346
32484545 1.390358
32482227 1.390364
32479030 1.390367
32471128 1.390371
32469573 1.390416
32467833 1.390472
32453013 1.390490
32442514 1.390500
32438034 1.390525
32437763 1.390666
32433400 1.390671
32401565 1.390677
32401508 1.390686
32393237 1.390717
32391492 1.390733
32369948 1.390899
32159904 1.391921
32158132 1.392013
32149509 1.392064
32106555 1.392114
32105441 1.392193
32103335 1.392241
32100749 1.392267
32098305 1.392305
32089635 1.392405
32037680 1.392439
32001228 1.392477
31993498 1.392505
31989178 1.392517
31987170 1.392582
31984522 1.392635
31978124 1.392745
31977884 1.392749
31973673 1.393775
31971583 1.393813
31969226 1.393870
31959391 1.400175
31823229 1.400190
31821090 1.400246
31816337 1.400284
31816048 1.400300
31810819 1.400315
31810181 1.400320
31807442 1.400481
31804918 1.400569
31757193 1.400742
31749060 1.400824
31745648 1.400914
31741717 1.401429
31739642 1.401584
31730203 1.401598
31722039 1.401610
31721389 1.401743
31703154 1.402001
31702024 1.402620
31701011 1.403554
31700999 1.403862
31695135 1.404982
31687180 1.404987
31671768 1.405066
31671200 1.405242
31667913 1.405304
31665461 1.405308
31636298 1.405312
31628014 1.405374
31618874 1.405378
31617651 1.406033
31617311 1.406065
31617009 1.406120
31613101 1.406173
31611567 1.406286
31610636 1.406368
31603740 1.406415
31594097 1.406773
31593812 1.406784
31581958 1.406799
31581245 1.406803
31572545 1.406807
31571770 1.407485
31569571 1.407569
31566738 1.407614
31554335 1.407620
31545579 1.407628
31545208 1.408123
31545047 1.408128
31533598 1.408240
31533209 1.408247
31530359 1.408292
31527903 1.408302
31527664 1.408373
31527422 1.408543
31524760 1.409387
31511328 1.409396
31500718 1.409894
31491441 1.410020
31489046 1.410126
31483020 1.410138
31476008 1.410191
31467476 1.410216
31467377 1.410522
31464744 1.410582
31462221 1.410587
31452862 1.410724
31452133 1.410915
31448844 1.410930
31439689 1.410949
31433824 1.410956
31427244 1.410980
31425173 1.411011
31422280 1.411062
31367912 1.415575
31364115 1.416476
31363977 1.416520
31362482 1.416540
31361268 1.416553
31361049 1.416574
31332325 1.416613
31329195 1.416791
31321705 1.416815
31319098 1.416829
31316750 1.416863
31314514 1.416874
31312583 1.416895
31311918 1.416901
31283709 1.416905
31281352 1.416937
31278105 1.417613
31273537 1.417618
31269491 1.417925
31264674 1.417991
31261374 1.418001
31258042 1.418113
31255528 1.418120
31250880 1.418123
31248042 1.418137
31246514 1.418141
31240515 1.419322
31221270 1.419351
31218344 1.419360
31214831 1.419364
31214798 1.419370
31209291 1.419577
31170873 1.419586
31151925 1.419594
31149659 1.419598
31149643 1.420028
31147053 1.420088
31146380 1.420173
31143797 1.420183
31142906 1.420441
31141857 1.420588
31141227 1.420611
31135714 1.420695
31132330 1.420878
31123389 1.421149
31118496 1.422407
31113332 1.422615
31096974 1.422660
31086367 1.423268
31082684 1.424223
31081823 1.424238
31076730 1.424376
31073958 1.424380
31073625 1.424384
31065972 1.424449
31050528 1.424479
31050249 1.427946
31047073 1.428037
31033178 1.428237
31017982 1.428288
31011403 1.428300
30999263 1.428340
30968780 1.428370
30965934 1.428996
30963668 1.429001
30958852 1.429242
30951709 1.429283
30942142 1.430772
30939876 1.430780
30932505 1.430950
30926618 1.436556
30926422 1.436587
30922591 1.436597
30922551 1.436654
30921984 1.436840
30919506 1.437101
30918797 1.437502
30917564 1.438068
30915634 1.438302
30915367 1.449432
30911491 1.453126
30911187 1.457245
30910283 1.457350
30902128 1.457517
30900475 1.457524
30894805 1.457538
30894021 1.460381
30891374 1.460408
30889108 1.460414
30884208 1.460420
30877981 1.461916
30872912 1.466481
30867820 1.466489
30867245 1.466606
30864216 1.466951
30861859 1.468415
30861715 1.471866
30861604 1.472051
30859625 1.475816
30859131 1.476199
30857902 1.479706
30856288 1.483492
30856230 1.484568
30849399 1.484633
30848391 1.485484
30846664 1.485855
30846252 1.486510
30839829 1.487612
30835925 1.487633
30835760 1.489385
30832291 1.491183
30829839 1.497892
30828774 1.497898
30823189 1.501486
30818634 1.501504
30817525 1.580193
30816314 1.617342
30816244 1.618125
30813868 1.618192
30812856 1.618239
30811337 1.619854
30809886 1.651030
30808874 1.651574
30808827 1.679319
30807944 1.688880
30803032 1.688886
30802147 1.854645
30801424 1.854859
30799329 1.856997
30798873 1.858271
30795949 1.860883
30794034 2.267178
30793975 2.267212
30792479 2.267853
30787703 2.267867
30778849 2.268612
30778287 2.268983
30777971 2.727803
30767975 2.728020
30767802 2.728026
30766221 3.904438
30764642 33.842934
30764642 633.844472
