19000797 4.396689
18797431 4.396701
18724512 4.396702
18513950 4.396704
18499371 4.891316
18495199 5.388956
18474453 5.388959
18463225 5.888271
18453075 6.385403
18433594 6.882090
18423747 7.375463
18415758 7.865559
18405030 8.354165
18390410 8.839472
18384393 9.322774
18383516 9.322778
18370953 9.322780
18345430 9.802097
18336463 10.279699
18332683 10.754579
18332350 11.226153
18313385 11.696250
18307629 12.164776
18300678 12.629591
18298391 13.093325
18287793 13.553731
18287131 14.013596
18283522 14.013602
18273261 14.468908
18270031 14.923870
18266805 15.375138
18259418 15.825542
18257290 16.274685
18256560 16.721325
18243262 17.165020
18240324 17.607806
18240115 18.048865
18234897 18.488575
18233599 18.927027
18231816 19.362826
18230555 19.362831
18224124 19.797255
18220788 20.231366
18220229 20.231372
18212913 20.662840
18212872 21.093331
18206611 21.522146
18198674 21.950218
18193099 22.376954
18183105 22.800760
18180973 23.223723
18176856 23.646900
18172149 24.068681
18171809 24.489471
18170350 24.907988
18169976 25.324132
18169966 25.740746
18169163 26.155718
18158446 26.570720
18156581 26.983743
18155254 27.395878
18152722 27.808228
18143864 28.217402
18141775 28.627420
18140611 29.035163
18135561 29.441262
18135390 29.847956
18123820 30.253122
18112084 30.656931
18102893 31.059502
18090986 31.462093
18090881 31.864553
18089420 32.264811
18088555 32.663265
18088310 32.663270
18084434 33.062328
18083425 33.062333
18080763 33.459827
18079690 33.856466
18077171 33.856471
18074166 34.252314
18072238 34.252319
18060168 34.647538
18057893 35.041331
18056799 35.435256
18055953 35.829402
18055152 36.222004
18054318 36.612490
18054152 36.612495
18048766 37.004903
18044005 37.394893
18040709 37.783528
18039461 38.174370
18038557 38.561676
18037058 38.948678
18036485 39.334698
18028848 39.719679
18025904 40.104830
18020275 40.488448
18016642 40.872348
18003810 41.254852
17996826 41.637774
17994235 42.018225
17993073 42.399153
17991507 42.778094
17971598 43.157222
17964057 43.534123
17962141 43.911871
17961463 44.287984
17952798 44.664152
17949064 45.039538
17944367 45.414662
17943111 45.790277
17940529 46.163932
17938146 46.537062
17929073 46.909337
17926842 47.280211
17921698 47.652301
17917022 48.022000
17912638 48.392161
17911111 48.761543
17907218 49.129751
17902953 49.499109
17901118 49.866640
17894305 50.235440
17891986 50.601212
17890275 50.966684
17886637 51.332810
17885244 51.698713
17883728 52.064465
17883318 52.427889
17882870 52.790535
17881752 53.153619
17878739 53.517753
17876493 53.881972
17871328 54.245315
17870089 54.607768
17868589 54.970594
17847909 55.332672
17844902 55.694008
17843208 56.054822
17841290 56.413463
17839779 56.774015
17835699 57.133553
17829827 57.492289
17825537 57.850092
17822790 58.208640
17818625 58.567017
17817151 58.924948
17814808 59.282687
17813505 59.639755
17812908 59.995773
17802572 60.354186
17800873 60.711476
17799289 61.067672
17798060 61.425138
17793327 61.781555
17791415 62.138576
17786849 62.494746
17784615 62.850412
17780963 63.204730
17780798 63.560446
17775577 63.560452
17772898 63.915211
17769749 64.268114
17768284 64.622400
17767368 64.976822
17766166 65.331916
17763584 65.685533
17761801 66.039015
17759415 66.392077
17754773 66.392082
17748221 66.744089
17744734 67.097558
17742822 67.452025
17739709 67.811890
17738490 68.171646
17737376 68.532382
17736202 68.892455
17735074 69.251705
17732188 69.606339
17728143 69.957406
17726046 70.308721
17723078 70.658765
17721001 71.008072
17720115 71.357665
17719385 71.706492
17718180 72.054556
17717039 72.402408
17716106 72.750985
17715586 73.098376
17710544 73.444962
17709439 73.790882
17706462 74.135905
17705466 74.478389
17702368 74.820732
17700635 75.165319
17698835 75.506784
17696164 75.506789
17694778 75.847074
17693794 76.187952
17690199 76.187956
17689058 76.527605
17687865 76.865443
17687370 77.203216
17686909 77.539597
17685219 77.874052
17684604 78.206413
17684360 78.206418
17679598 78.539047
17679179 78.539051
17677621 78.870162
17676172 79.201555
17674337 79.529553
17672703 79.856094
17672189 80.181897
17670088 80.505400
17668553 80.827299
17667837 81.147309
17667697 81.147314
17667528 81.465769
17666893 81.465774
17664669 81.465775
17659506 81.782943
17657873 82.098316
17657052 82.411540
17656921 82.411545
17655805 82.722182
17654695 82.722186
17654253 83.030864
17652619 83.337819
17652601 83.642920
17651603 83.642925
17649095 83.946748
17648342 84.247508
17648200 84.247512
17646622 84.545168
17646294 84.843846
17646038 85.140263
17645993 85.433649
17645711 85.433653
17644603 85.722316
17643747 86.011400
17642787 86.294830
17641996 86.577219
17640658 86.856481
17640630 87.133196
17640585 87.407985
17640301 87.951794
17640295 88.743938
17640260 89.002895
17640254 89.260070
17640254 690.349500
