20443504 4.143541
20392735 4.143552
20267300 4.143553
19891359 4.143555
19448991 4.143556
19430430 4.615123
19429946 4.615128
19402066 5.095305
19380324 5.577465
19366688 6.059797
19348642 6.543265
19341043 7.024517
19323162 7.505116
19305198 7.983930
19291852 8.459802
19286575 8.931621
19254949 9.401937
19243087 9.869243
19239633 10.338294
19235199 10.805935
19217709 11.262559
19212023 11.717350
19205514 12.167179
19186428 12.614620
19182258 13.059943
19179006 13.502484
19174405 13.942907
19169992 14.381006
19162308 14.817411
19159569 15.250740
19146796 15.679867
19135812 16.114688
19134006 16.547624
19133079 16.973037
19129308 17.395953
19121147 17.818033
19119117 18.237251
19116101 18.655838
19115831 19.071992
19113890 19.487086
19108490 19.901063
19107940 20.313143
19104875 20.723597
19103161 21.131701
19100373 21.131706
19089245 21.540477
19084519 21.947800
19084504 22.354634
19082101 22.759572
19073256 23.163891
19070988 23.566202
19067595 23.966309
19067167 24.364991
19066781 24.763035
19066254 25.162482
19064137 25.162486
19064132 25.558511
19058801 25.558515
19053211 25.954652
19049826 26.350111
19042951 26.744455
19041092 27.137183
19038661 27.530257
19027470 27.922196
19027104 28.311454
19024152 28.311458
19018401 28.311460
19015421 28.699814
19013084 29.087827
19006951 29.474891
19004395 29.861949
19002351 29.861954
18984121 30.247922
18980884 30.633902
18979303 31.018817
18979235 31.402294
18978829 31.786175
18975715 31.786181
18972256 32.168123
18971110 32.551021
18969698 32.932213
18965958 32.932218
18963735 33.311146
18962458 33.690860
18958798 33.690865
18949440 34.068610
18948846 34.447255
18948629 34.824846
18941754 35.200603
18937982 35.576340
18935938 35.950960
18933860 36.325822
18919062 36.700074
18915813 37.075176
18913865 37.449316
18910818 37.820864
18910224 38.192158
18909832 38.562494
18900788 38.933461
18891151 39.303270
18889570 39.673156
18885455 40.042523
18879571 40.042528
18878905 40.410586
18878666 40.776397
18876226 41.142304
18875570 41.142308
18869942 41.507935
18869527 41.873097
18867953 42.239933
18867139 42.603353
18864167 42.603357
18858841 42.967398
18843277 43.329800
18833875 43.691558
18833438 44.053348
18831890 44.413911
18827054 44.774423
18811237 45.136018
18803747 45.495391
18801898 45.854159
18800268 46.214032
18799310 46.573408
18799224 46.931535
18792873 47.290461
18787053 47.646777
18781719 48.002557
18773861 48.360215
18759894 48.715829
18749733 49.070326
18746556 49.424441
18741573 49.778886
18739606 50.133041
18736598 50.487830
18734144 50.840730
18731754 51.193585
18728011 51.546177
18723683 51.899407
18721369 52.251232
18717050 52.602514
18714910 52.954284
18712805 53.304150
18709591 53.654251
18708970 54.004373
18705726 54.353255
18698247 54.702143
18695378 55.052047
18692105 55.400924
18691880 55.749256
18691484 56.099206
18677610 56.446448
18674512 56.795399
18671415 57.143143
18670407 57.488833
18667799 57.835660
18665470 58.182620
18664010 58.529224
18659444 58.875513
18657004 59.221358
18648049 59.566998
18647038 59.913138
18645287 60.259242
18643737 60.604204
18640314 60.948394
18637155 61.293430
18630898 61.637179
18629240 61.981806
18626411 62.326206
18617677 62.670763
18615935 63.014281
18614840 63.358226
18603976 63.700482
18603081 64.042645
18602945 64.385883
18601945 64.728701
18600315 65.069695
18599828 65.412595
18592640 65.754488
18587979 66.097389
18586479 66.439022
18583268 66.781492
18581594 67.123448
18580258 67.464520
18579060 67.806076
18577643 68.146434
18576867 68.488193
18574871 68.488198
18573337 68.828651
18567936 68.828656
18566833 69.170167
18562921 69.511534
18559210 69.852490
18556495 70.193302
18555708 70.534114
18553045 70.534120
18548759 70.874386
18547280 70.874391
18542067 71.213779
18541006 71.553870
18539759 71.553874
18538600 71.893853
18530919 71.893857
18530473 72.234074
18529186 72.573107
18526653 72.912781
18516587 73.251655
18516023 73.589952
18515041 73.928270
18512916 74.268152
18510273 74.606400
18509765 74.945364
18505174 75.283345
18501511 75.621457
18492322 75.621461
18492145 75.960634
18489770 76.298584
18489235 76.635972
18487874 76.972332
18487604 77.309694
18486088 77.646117
18484227 77.981072
18477731 78.315534
18477555 78.648032
18475659 78.980855
18474691 79.311508
18474400 79.642449
18472431 79.972664
18468690 80.305999
18466085 80.636426
18465897 80.963838
18465164 81.292784
18464287 81.619465
18463701 81.944251
18463201 82.268566
18462992 82.592463
18461977 82.915244
18460962 83.236035
18460918 83.557037
18460557 83.876266
18455949 84.193628
18454651 84.510523
18453863 84.825623
18453552 85.449701
18453261 85.761084
18453168 86.070912
18451842 86.377533
18451030 86.377537
18449551 86.683723
18448284 86.990060
18447861 87.291798
18446927 87.593979
18443471 88.782673
18442510 89.074646
18442193 89.365228
18442161 89.654560
18440390 89.942632
18440374 90.510420
18439428 91.620962
18439384 92.164922
18438200 92.434591
18438064 93.490386
18437853 93.748524
18437288 94.257975
18437272 94.508153
18436705 94.756605
18436702 95.490993
18436672 95.731869
18436606 96.204306
18436001 98.214382
18435825 98.426541
18435720 98.426545
18435688 98.635734
18435592 98.840207
18435548 99.444233
18435548 700.513496
