23021751 6.585500
22781876 6.585513
22712512 6.585514
22652530 6.585515
22285401 6.585517
22271591 7.208233
22259209 7.834227
22239678 8.460219
22223048 8.460224
22215236 9.084989
22177895 9.084994
22165183 9.707002
22119911 10.327623
22096962 10.944602
22083266 11.557879
22072506 12.165744
22060872 12.770928
22051827 13.370690
22045846 13.370695
22030439 13.968471
22014182 14.560601
21999622 15.147567
21988512 15.727032
21975862 16.302913
21967831 16.875764
21945050 16.875768
21936816 17.442275
21928601 18.005533
21924147 18.565177
21915482 18.565181
21909573 19.121373
21899135 19.121378
21891627 19.674858
21881612 20.223955
21869775 20.768827
21866263 21.312215
21858856 21.849308
21841275 22.387152
21840520 22.921952
21838551 23.453304
21826688 23.981744
21824266 24.507228
21820563 25.031732
21812299 25.557259
21804180 26.078790
21795731 26.599347
21793152 27.119002
21790426 27.635055
21788810 28.152737
21787797 28.664130
21784741 29.175169
21777555 29.687006
21769485 30.196195
21767119 30.703258
21762274 31.209320
21756592 31.713016
21756006 32.215472
21753955 32.719191
21749547 33.218760
21743256 33.717976
21742688 34.216310
21734990 34.216316
21734114 34.713301
21731479 35.209963
21729793 35.705078
21726144 36.201298
21720472 36.201303
21715934 36.694278
21711109 37.186919
21709663 37.677110
21703981 38.166264
21696769 38.653028
21692699 39.142126
21692132 39.628942
21686653 40.116388
21686593 40.600834
21686141 41.087370
21675447 41.570518
21673410 42.052324
21672430 42.534656
21671850 43.014333
21670456 43.493235
21667557 43.973302
21663237 43.973307
21662809 44.453175
21661704 44.931084
21661410 45.409735
21660803 45.409739
21658525 45.889018
21657470 45.889022
21655887 46.365050
21653907 46.365054
21651887 46.839384
21645576 47.314030
21643900 47.788863
21641399 48.262107
21640591 48.734173
21640138 49.204571
21632599 49.675737
21631710 50.145666
21627921 50.615790
21622479 51.083547
21616963 51.550575
21611061 52.018297
21603331 52.483086
21603017 52.949678
21599872 53.414481
21589843 53.414485
21583069 53.877724
21563452 54.341030
21561397 54.803892
21559790 55.267135
21559516 55.728289
21556432 56.188526
21552860 56.648955
21550279 57.107007
21549086 57.564671
21538966 58.025761
21538436 58.484914
21533572 58.945005
21533183 59.401942
21527711 59.858812
21512532 60.311873
21511709 60.767395
21510368 61.221098
21506727 61.675524
21496685 62.130496
21491654 62.581604
21489665 63.033100
21488414 63.486809
21484957 63.937587
21484176 64.388646
21482095 64.840717
21481659 65.288968
21478355 65.738535
21478194 66.186494
21470722 66.186500
21469815 66.635480
21461150 67.082206
21458784 67.529350
21456723 67.976706
21456349 68.423580
21456111 68.875741
21454214 68.875745
21452300 69.331091
21449644 69.783567
21438014 70.231096
21435874 70.673632
21434516 71.116632
21425207 71.560072
21424409 72.002528
21422863 72.451875
21416841 72.895122
21415784 73.339345
21414635 73.781052
21406780 74.221818
21405386 74.663470
21401315 75.104423
21399417 75.545052
21395470 75.983666
21392115 76.420813
21391182 76.859225
21390326 77.297702
21389853 77.736718
21389785 78.171935
21385365 78.607408
21383660 79.043383
21382558 79.477999
21379879 79.912903
21379315 80.346350
21378807 80.779870
21376111 81.215028
21374765 81.648972
21370458 82.082164
21369011 82.514092
21368763 82.946419
21360678 82.946423
21359365 83.376813
21356973 83.808604
21354346 84.241276
21353766 84.241280
21353574 84.673425
21352612 85.104779
21352047 85.104783
21349410 85.535648
21346143 85.535652
21343878 85.967211
21341503 86.399671
21338039 86.830404
21336677 86.830408
21335806 87.260579
21332336 87.260583
21332248 87.690768
21327025 87.690772
21321779 88.120909
21319103 88.120913
21318037 88.550149
21316499 88.550153
21314990 88.979258
21309201 88.979262
21309151 88.979264
21308874 89.408404
21302396 89.408408
21300974 89.838218
21300198 90.266520
21299158 90.693267
21295905 91.120660
21292130 91.548700
21274317 91.548704
21274221 91.978085
21266102 92.403444
21264325 92.830197
21263622 93.258674
21261063 93.685007
21257341 94.112768
21255360 94.535795
21249174 94.962598
21248451 95.389056
21243677 95.814898
21239535 96.239632
21238281 96.664683
21237641 97.089638
21237105 97.514877
21233850 97.939649
21227316 98.364560
21226810 98.788800
21225110 99.213391
21224299 99.635220
21220825 100.058950
21213209 100.481469
21211357 100.905525
21209329 101.328526
21205554 101.752358
21201625 102.176004
21199712 102.600021
21195186 103.022644
21189567 103.444393
21189223 103.867845
21188800 104.291988
21185688 104.714921
21184768 105.138536
21181544 105.561613
21181363 105.985290
21179387 106.409126
21178691 106.831328
21176243 107.252827
21173644 107.674440
21172171 108.096106
21170701 108.518086
21166597 108.938230
21164713 109.358880
21155217 109.778525
21153139 110.199729
21149951 110.620795
21146958 111.040450
21146008 111.462350
21144143 111.882655
21140439 112.305265
21135599 112.725485
21131800 113.145140
21130260 113.565359
21121780 113.985450
21121215 114.405357
21115148 114.825047
21114098 115.245114
21113451 115.665331
21111165 116.085539
21109606 116.504006
21108952 116.922980
21107433 117.342280
21102382 117.758560
21098190 118.179779
21097171 118.600572
21096502 119.020791
21094570 119.439871
21092032 119.860646
21090633 120.281180
21087201 120.699110
21085508 121.116308
21080737 121.535131
21079943 121.953803
21079397 122.371390
21077030 122.790731
21072859 123.208900
21071769 123.628228
21070426 124.046408
21070027 124.465705
21069591 124.883685
21068200 125.300120
21068000 125.300125
21067607 125.718853
21067095 125.718857
21066607 126.135764
21064939 126.135768
21063146 126.552998
21055144 126.553003
21048289 126.970122
21045173 127.386281
21042784 127.803403
21042213 128.218261
21040918 128.634551
21038012 129.048198
21036955 129.465511
21035643 129.880883
21033884 130.296162
21031494 130.296167
21030668 130.712218
21029318 131.127579
21029063 131.542207
21027945 131.542212
21026479 131.957416
21025674 132.372763
21024404 132.788306
21022439 132.788310
21022281 133.203058
21009770 133.203063
21009311 133.617312
21008674 134.032000
21006551 134.445121
21006381 134.860152
21005853 135.275810
21000172 135.688678
20997379 136.103876
20996865 136.515477
20993726 136.926555
20993120 136.926559
20993095 137.342795
20990011 137.342800
20988903 137.756173
20988201 138.170806
20985435 138.170810
20984511 138.584289
20980153 138.998261
20979600 139.410465
20978385 139.823729
20973692 140.237312
20971817 140.649695
20971286 141.063604
20971131 141.477641
20970280 141.891108
20966352 142.303846
20966154 142.714935
20965914 143.123870
20965606 143.535336
20965233 143.945487
20964923 144.357898
20962718 144.770359
20962159 145.179808
20959687 145.588818
20957863 145.997459
20957512 146.406317
20957284 146.811811
20956557 147.219045
20954907 147.627726
20954490 148.035159
20952113 148.441951
20951572 148.847164
20951535 149.251830
20951533 149.655322
20951303 150.462422
20951133 150.863282
20951092 151.262789
20947725 152.056701
20947026 153.625123
20946987 154.013051
20945997 154.788568
20944091 155.172160
20943524 155.555339
20943487 155.935252
20943454 156.313891
20943452 157.807735
20943432 165.298981
20943337 166.217117
20943337 767.255073
