22475549 6.940281
22162219 6.940293
21526480 6.940294
21425629 6.940295
21406719 7.634433
21389665 8.320952
21379395 9.003142
21367395 9.682354
21355656 10.357099
21349800 11.034210
21331193 11.703745
21316338 12.352866
21286353 12.996671
21281960 13.635504
21277894 14.268819
21276744 14.268824
21275686 14.268828
21272323 14.897137
21269445 14.897143
21266055 14.897146
21264442 15.521806
21254836 15.521814
21237510 16.146136
21222597 16.775298
21182754 17.394843
21179166 18.003199
21175258 18.607649
21174015 19.210018
21163338 19.807889
21157352 20.403678
21138544 20.996402
21126440 21.584925
21109459 22.173533
21097367 22.757786
21091423 23.339132
21081858 23.920938
21079084 24.497750
21073771 25.074319
21073303 25.074325
21070840 25.646939
21068057 26.217504
21067478 26.217510
21059991 26.785459
21047540 26.785465
21046421 27.350339
21042626 27.913882
21037494 28.472506
21033128 29.031513
21029045 29.589710
21023225 30.146450
21020024 30.701840
21015981 31.255068
21013686 31.807581
21012116 32.354291
21010888 32.902611
21004624 33.447551
21004303 33.992242
21001380 34.533933
20996527 35.074992
20987396 35.616797
20984388 36.155434
20983425 36.693688
20973985 37.228487
20967721 37.762985
20966448 38.298529
20962693 38.829320
20962125 39.361380
20959129 39.892530
20946423 40.421228
20944539 40.950036
20942973 41.477041
20939302 42.001913
20935125 42.525764
20933408 43.050635
20931471 43.573671
20922502 44.097137
20921286 44.616762
20909526 45.136512
20908264 45.655152
20893011 46.173243
20890787 46.691191
20883246 47.209259
20882437 47.725187
20881528 48.237755
20880105 48.750995
20879434 49.262896
20878717 49.774056
20877481 50.285477
20872369 50.795466
20869879 51.301977
20869687 51.809527
20867342 52.316693
20866738 52.824238
20865826 53.331366
20863069 53.834563
20856605 54.339024
20855469 54.840546
20849202 55.343146
20847186 55.845841
20845291 56.346153
20843489 56.845098
20840196 57.343392
20834998 57.841174
20834567 58.337823
20834052 58.834567
20829992 59.331236
20829919 59.828350
20823666 60.323522
20815086 60.815084
20813955 61.307178
20813236 61.797227
20807239 62.287522
20806287 62.778561
20805738 63.268002
20804187 63.757337
20799058 64.247473
20798561 64.734969
20798210 65.223352
20796854 65.709418
20796107 66.195782
20796007 66.681988
20793776 67.165763
20792063 67.650169
20789168 68.135704
20787363 68.618346
20786599 69.100698
20786253 69.583059
20782175 69.583065
20781876 70.064061
20781383 70.544566
20779014 71.022991
20769721 71.503451
20766306 71.982055
20763944 72.460958
20761059 72.938880
20754908 73.414852
20754321 73.890600
20747215 74.366701
20741239 74.843419
20722777 75.318471
20721223 75.792512
20719874 76.266090
20715984 76.738293
20710722 77.211627
20707594 77.683380
20706608 78.153990
20705844 78.625359
20698656 79.095192
20686037 79.563669
20683265 80.033037
20677049 80.500359
20675117 80.968187
20672783 81.436640
20672159 81.904861
20671124 82.372908
20669585 82.840275
20661869 83.306626
20661661 83.773034
20656231 84.240163
20654918 84.705357
20654104 85.169850
20652732 85.634071
20651823 86.097872
20641567 86.560613
20638995 87.026487
20635321 87.487901
20631844 87.950122
20630012 88.412009
20626666 88.874464
20622822 89.335013
20622738 89.795738
20618563 90.257381
20618032 90.718484
20612790 91.178434
20606595 91.638480
20605772 92.097498
20602568 92.555953
20600534 93.015076
20598307 93.472766
20594484 93.930362
20590042 94.388252
20587128 94.846153
20586484 95.302696
20580977 95.759653
20577002 96.217826
20574799 96.674537
20573730 97.130803
20570203 97.586662
20569002 98.039250
20568418 98.494708
20566855 98.950694
20553061 99.403637
20552779 99.858938
20545238 100.311787
20543849 100.763694
20542179 101.217571
20540647 101.672508
20537042 102.125797
20531416 102.578121
20531084 103.031074
20528773 103.483109
20527320 103.936239
20526896 104.388585
20525713 104.388592
20524874 104.840636
20524099 104.840643
20520465 105.293652
20519983 105.744207
20515080 105.744214
20514223 106.196212
20512476 106.196219
20511079 106.648132
20507963 107.099387
20507933 107.550912
20504223 107.550921
20503204 108.001284
20501980 108.001292
20500326 108.451347
20498443 108.900928
20496376 109.349870
20496372 109.797830
20495486 109.797837
20490934 110.246833
20489312 110.694966
20489163 111.141856
20488150 111.141862
20487331 111.591694
20479526 111.591699
20477797 112.040653
20472824 112.489139
20471469 112.936427
20468353 113.382585
20467496 113.830544
20467048 114.276246
20464127 114.723224
20461564 115.169592
20461354 115.615861
20453933 116.061207
20453859 116.061214
20453757 116.508592
20446741 116.508599
20444373 116.954480
20439710 117.399066
20437126 117.844639
20431977 118.289075
20429195 118.735617
20427339 119.180524
20425652 119.624153
20422146 120.068271
20420362 120.512510
20419384 120.957844
20417066 121.400929
20415722 121.842782
20411380 122.287690
20410319 122.730813
20408335 123.173972
20407221 123.618026
20406751 124.062076
20405298 124.504769
20405050 124.946812
20401715 125.385589
20401461 125.825678
20400821 126.266393
20400272 126.707713
20399856 127.150026
20395318 127.592442
20391998 128.034533
20389712 128.476985
20387718 128.917090
20387192 129.355827
20386515 129.796340
20386055 130.237102
20386045 130.237109
20384628 130.676981
20381503 130.676986
20377865 131.116481
20375714 131.556396
20374703 131.994306
20373948 132.433662
20371739 132.873929
20370202 133.312241
20368749 133.312247
20360015 133.750328
20356744 134.189096
20356518 134.627177
20354964 135.065784
20352545 135.504585
20350176 135.942600
20349416 136.379328
20342685 136.379334
20342395 136.817342
20341191 137.256050
20340479 137.692295
20339848 138.128507
20339275 138.565301
20334997 139.001138
20334380 139.436652
20328858 139.873868
20328348 140.310160
20325081 140.746752
20324720 141.181835
20323829 141.617925
20323199 142.054213
20322529 142.488377
20321635 142.921478
20320874 143.356157
20320519 143.789423
20319642 144.221381
20318778 145.084521
20318541 145.517192
20316066 145.947894
20315697 146.378419
20315287 146.807216
20314751 147.236617
20314702 147.663879
20314566 148.088154
20314532 148.937212
20313925 149.359289
20313888 149.781392
20312327 149.781397
20312289 150.202545
20310684 150.620973
20310354 151.038966
20310330 151.452987
20309507 151.866964
20306782 151.866970
20304766 152.279668
20303630 152.691218
20303581 153.099460
20303453 153.910986
20302951 153.910992
20302361 154.314922
20302302 154.715600
20301741 155.510065
20300732 155.903176
20300673 155.903182
20300650 157.074538
20299711 157.461239
20299640 158.594432
20298921 159.342508
20298884 159.712589
20298825 160.079901
20298776 160.443023
20298757 164.252621
20298621 164.579691
20298465 166.168486
20298465 767.311537
