19532329 7.682502
19458798 7.682516
19401241 7.682517
19330090 7.682518
19319815 7.682520
19311691 7.682521
19282199 7.682522
19274578 7.682524
19271037 8.514171
19266201 8.514175
19231483 8.514177
19204871 9.340012
19185623 10.159711
19173832 10.974891
19163762 11.787729
19155418 12.595761
19136203 13.399869
19130510 14.196371
19104296 14.991195
19101466 15.782506
19093949 16.564373
19086196 17.342934
19074965 18.116631
19068958 18.888630
19056199 19.656544
19048733 20.419803
19042426 21.178197
19033492 21.933818
19023994 22.683868
19018093 23.428280
19013409 24.171116
19012343 24.912453
18991915 25.653107
18988790 26.390348
18987247 27.124149
18978708 27.851811
18971355 28.578215
18971260 29.300936
18969841 30.023734
18968841 30.748259
18967447 31.467610
18966507 32.178927
18965025 32.892016
18954584 33.597375
18952867 34.306626
18948338 35.016265
18948058 35.718318
18947407 36.422639
18947354 37.123760
18934699 37.820819
18934607 38.514954
18929805 39.204329
18925656 39.894891
18920753 40.581921
18915666 41.278909
18914926 41.962810
18914808 42.644229
18913063 43.330071
18912995 44.008835
18912863 44.685451
18912174 45.363927
18907379 46.040410
18901570 46.713593
18894505 47.387045
18893098 48.056476
18887789 48.723846
18883682 49.393305
18875199 50.061965
18871030 50.726067
18870367 51.388597
18865230 52.050877
18862669 52.711851
18862399 53.370476
18859366 54.026252
18854232 54.683421
18851556 55.337526
18840721 55.991321
18840353 56.644480
18838294 57.295235
18837587 57.945632
18833760 58.594286
18830407 59.239738
18829724 59.884357
18825242 60.532293
18820161 61.177692
18814876 61.820790
18808279 62.464904
18806852 63.104263
18805349 63.745312
18804654 64.384125
18802933 65.020852
18802167 65.659947
18800973 66.295064
18799008 66.928106
18790881 67.561159
18787993 68.194815
18786473 68.825012
18781689 69.452825
18776899 70.079349
18770193 70.079353
18769566 70.707123
18768249 71.334711
18762244 71.334716
18759870 71.958507
18758966 72.580423
18758876 73.203420
18750764 73.826216
18750239 73.826221
18747584 74.446570
18746064 75.065435
18745175 75.683504
18743654 75.683509
18740948 76.303106
18739705 76.921963
18736720 77.538515
18734688 77.538520
18731893 78.153817
18731693 78.768754
18728752 78.768758
18728714 79.380897
18721419 79.380902
18719513 79.994404
18717640 80.605886
18714276 81.219744
18709933 81.826243
18703437 82.433188
18702053 83.039051
18699603 83.643992
18698059 84.249299
18696723 84.852843
18693899 84.852846
18691255 85.456431
18688202 86.059637
18687411 86.661262
18683722 87.263229
18676257 87.263233
18669542 87.864046
18667195 88.461140
18658595 89.059823
18653076 89.657261
18651289 90.257216
18647252 90.851383
18646351 91.444557
18643335 92.036319
18638164 92.627244
18626816 93.217196
18626156 93.809384
18621305 94.399155
18617203 94.990897
18617180 94.990902
18615615 95.579968
18615310 96.166585
18612602 96.751312
18610254 97.336155
18608615 97.922811
18605500 98.505727
18601873 99.087883
18596926 99.668130
18595152 100.250390
18594131 100.831155
18594110 101.409724
18594036 101.986944
18589263 101.986949
18586113 102.563367
18583547 103.140517
18582252 103.715053
18576308 103.715058
18576000 104.288745
18568891 104.862236
18568119 105.436358
18565800 106.011049
18562445 106.581706
18559310 107.152646
18551313 107.721415
18547794 108.292557
18546278 108.860308
18545758 109.429981
18541038 109.998035
18539137 110.565573
18534409 111.132283
18533098 111.701330
18530993 112.265597
18530650 112.830955
18528148 112.830960
18526869 113.395765
18525051 113.395769
18522393 113.958820
18521998 113.958825
18521493 114.520424
18516709 115.082674
18512259 115.082678
18507867 115.643827
18505384 116.203359
18500768 116.763266
18498867 117.321364
18496763 117.879263
18494126 118.436513
18483591 118.436518
18476084 118.998065
18474270 119.552338
18470482 120.107219
18467845 120.663274
18465778 121.218860
18465461 121.772970
18464735 122.326455
18464197 122.879382
18462125 123.431421
18461776 123.982911
18458957 123.982915
18458843 124.533178
18457980 124.533182
18455640 125.084394
18453402 125.635610
18453019 126.185633
18451778 126.185662
18438236 126.734653
18435666 127.284387
18434384 127.832429
18428984 128.376997
18427774 128.925013
18420776 129.474455
18415475 130.019760
18409764 130.564347
18408848 131.109312
18406174 131.653234
18403789 132.198466
18400946 132.741553
18398514 133.284097
18398131 133.830539
18397544 134.372830
18396400 134.916262
18395829 135.457733
18394906 135.998620
18394151 136.539403
18393083 137.081530
18391827 137.622724
18389517 138.162647
18386843 138.702408
18382788 139.243779
18381251 139.782098
18379841 140.322126
18379358 140.859989
18378487 141.399790
18377616 141.937489
18377412 142.476265
18375543 143.015198
18375014 143.552903
18370994 144.089016
18369801 144.623314
18365322 145.160065
18363959 145.696536
18360048 146.233193
18359678 146.769407
18356946 147.304313
18356747 147.840933
18356385 148.376060
18355874 148.908603
18355735 149.444478
18355527 149.444484
18354597 149.976330
18352822 149.976335
18352496 150.509906
18351468 151.041678
18347955 151.576606
18342467 152.113853
18339122 152.645106
18334398 153.178973
18332860 153.710034
18332802 154.242275
18332165 154.774125
18331575 155.306805
18330227 155.839216
18328438 156.371225
18328116 156.900246
18327790 157.428726
18325338 157.956338
18324467 158.486205
18323783 159.013128
18323113 159.541454
18321773 160.067933
18321353 160.596388
18321232 161.121519
18320762 161.645596
18318142 161.645601
18316388 162.167369
18315876 162.690499
18314055 163.213910
18313800 163.735816
18312795 164.777705
18312469 165.292213
18312256 165.808468
18312118 166.322773
18311058 167.860102
18310732 168.875121
18310412 169.882777
18310004 169.882782
18309875 170.381935
18308635 170.883468
18308613 170.883473
18304983 171.382409
18304786 171.879081
18304678 172.371917
18304642 173.352975
18304528 173.840553
18304461 174.327441
18304202 174.811325
18304023 175.294451
18303792 175.294456
18302423 175.294459
18301279 175.775931
18297325 176.724406
18296467 177.197003
18296097 177.667498
18295796 178.135114
18295457 178.597852
18295035 179.058451
18294906 179.519937
18294332 179.978333
18294119 180.434087
18293920 180.889362
18293886 181.342619
18293283 181.789991
18291209 182.235007
18290831 182.676621
18290817 183.120192
18290781 183.558780
18290476 184.422795
18290343 186.543568
18290280 187.777233
18290125 188.184722
18290114 188.992574
18289917 189.390130
18288693 189.787087
18288041 190.184061
18287974 190.960398
18287610 193.589871
18287568 211.124734
18287568 812.374041
