11229954 0.851749
11188881 0.851767
11168261 0.970855
11153964 1.092157
11146162 1.214103
11135335 1.337596
11133090 1.461296
11123970 1.585354
11113234 1.710106
11101823 1.833929
11100814 1.957231
11096116 1.957235
11092823 2.081809
11089343 2.081813
11087281 2.205610
11052984 2.205614
11049771 2.329377
11040249 2.452662
11039691 2.574839
11036196 2.574842
11035775 2.697360
11018989 2.697363
11017067 2.818500
11010246 2.818504
10985304 2.940225
10978732 2.940227
10974336 3.061143
10967924 3.181508
10965364 3.300714
10960700 3.300718
10951947 3.419701
10950658 3.538210
10947118 3.538213
10936131 3.656659
10933445 3.656661
10927115 3.773356
10920798 3.890302
10918724 4.006706
10918615 4.121703
10913082 4.236079
10912589 4.349909
10909430 4.463170
10907025 4.575543
10901784 4.686966
10895581 4.797334
10887040 4.906865
10885319 5.016795
10883403 5.125536
10880980 5.233503
10879896 5.339695
10879404 5.445758
10878421 5.550718
10871908 5.654569
10871582 5.860945
10871123 5.962067
10867755 6.062780
10867033 6.162654
10867033 607.176009
