10161230 0.880722
10108115 0.880736
10098673 0.880738
10051761 0.880739
10019856 0.880741
10018199 0.880742
10007104 1.016509
9998706 1.016512
9971162 1.153070
9960342 1.292774
9960133 1.431835
9955037 1.570842
9949402 1.712008
9948110 1.712011
9935872 1.852915
9908553 1.852918
9904966 1.993305
9902308 2.133702
9886849 2.273966
9885802 2.413817
9885193 2.553003
9884549 2.691859
9867318 2.830114
9852367 2.969182
9846612 3.107097
9845806 3.243899
9837118 3.379856
9833869 3.515021
9830388 3.648573
9829352 3.783323
9820908 3.783326
9820538 3.917290
9814719 4.049598
9812085 4.049602
9785955 4.181556
9783486 4.312434
9769186 4.442027
9765841 4.570457
9759275 4.699091
9757267 4.826402
9752040 4.952585
9745221 5.077751
9744880 5.202892
9744405 5.326419
9741541 5.448685
9740897 5.569776
9740347 5.569779
9739812 5.690400
9737995 5.690403
9737011 5.810528
9734673 5.929110
9732503 6.046761
9731755 6.279290
9729856 6.279292
9729793 6.279294
9723169 6.393757
9711946 6.506544
9711859 6.618262
9709037 6.729431
9708625 6.839985
9706962 6.948583
9706536 7.055681
9705148 7.266681
9702023 7.471232
9702023 608.482330
