13497 16.943713
13485 16.943727
13478 16.943728
13446 16.943730
13443 16.943731
13434 16.943732
13390 16.943734
13387 18.091427
13363 19.227081
13348 20.346712
13344 20.346716
13343 21.462875
13337 21.462879
13327 22.557296
13319 23.646089
13304 24.724546
13298 25.795435
13290 26.857519
13284 27.908572
13279 28.956021
13277 29.989029
13276 29.989033
13271 29.989034
13257 29.989036
13244 31.021076
13223 32.040455
13217 33.054186
13208 34.069001
13203 35.081598
13199 36.083152
13196 37.063353
13192 38.044278
13176 39.017137
13175 39.986828
13174 40.951205
13172 41.908402
13170 42.859643
13157 43.805751
13152 44.747319
13145 45.689156
13143 46.622526
13135 47.557032
13131 48.484776
13130 49.404002
13124 50.318244
13119 51.231833
13117 52.137014
13115 53.044250
13113 53.942247
13111 54.840718
13107 55.733650
13102 56.624833
13096 57.517934
13095 58.405475
13093 59.290377
13090 60.168996
13089 61.045402
13087 61.921589
13083 62.794801
13081 63.658447
13080 64.521853
13078 65.385839
13077 66.243087
13076 67.101166
13075 67.959659
13062 68.814677
13055 69.666671
13054 70.512187
13053 71.356156
13049 72.203816
13046 73.044110
13045 73.882935
13039 74.722860
13038 75.558954
13037 76.395526
13033 77.227988
13032 78.057551
13030 78.889320
13028 79.717991
13027 80.545772
13025 81.366671
13023 82.190657
13022 83.012238
13019 83.830066
13016 84.646243
13014 85.461830
13011 86.277629
13010 87.092229
13009 87.905080
13006 88.715679
13004 89.525564
13003 90.332820
13002 91.137697
13001 91.944922
13000 92.746609
12997 93.558692
12996 94.373393
12995 95.188363
12993 95.994708
12992 96.791857
12991 97.583882
12990 98.382768
12989 99.180013
12988 99.973925
12987 100.767602
12985 101.559979
12984 102.351076
12982 103.140491
12975 103.140496
12974 103.926816
12973 104.713234
12970 105.494669
12969 106.279787
12968 107.062396
12965 107.841759
12963 108.619913
12961 109.400406
12956 110.177865
12955 110.957722
12954 111.734409
12953 111.734414
12948 112.512339
12947 113.284254
12946 114.058998
12944 114.831193
12943 114.831198
12938 115.600078
12936 116.369297
12932 117.139429
12931 117.908593
12930 118.677158
12928 119.445824
12927 120.212219
12926 120.978897
12925 121.749545
12923 122.513400
12922 123.276030
12918 124.040308
12914 124.799194
12913 125.557834
12912 126.318629
12911 127.078588
12910 127.840942
12908 128.600169
12903 129.359859
12901 130.116396
12900 130.874371
12899 131.631490
12898 132.386287
12896 133.142189
12895 133.894419
12893 134.647655
12891 135.402765
12889 136.155305
12885 136.906502
12884 137.657855
12879 138.407180
12878 139.156199
12877 139.902659
12876 140.649265
12872 141.398006
12871 142.143354
12867 142.886627
12866 143.632963
12862 144.377827
12861 145.124043
12853 145.867628
12852 146.610977
12851 147.353282
12848 148.091878
12847 148.832932
12846 149.575076
12845 150.313929
12843 151.053836
12841 151.792318
12839 152.530044
12837 153.267319
12834 154.007928
12833 154.742199
12832 155.484118
12831 156.219502
12830 156.955647
12829 156.955651
12828 157.693087
12826 158.429212
12825 159.164936
12822 159.164941
12819 159.899696
12818 160.629278
12817 161.361703
12815 162.095729
12814 162.829059
12813 162.829064
12811 163.560627
12810 164.294933
12807 165.026403
12806 165.757544
12805 166.490269
12804 166.490273
12803 167.219867
12802 167.951286
12801 167.951291
12800 168.677367
12799 168.677372
12793 169.407866
12790 170.135197
12788 170.865626
12784 171.596425
12782 172.329441
12781 173.059825
12780 173.787842
12779 174.515935
12778 175.241229
12777 175.967060
12776 176.694188
12775 177.423389
12774 178.150536
12773 178.874550
12771 179.599472
12770 180.322494
12769 181.047666
12767 181.047672
12766 181.770597
12765 182.492966
12764 183.216104
12763 183.216109
12762 183.940768
12761 183.940774
12760 184.663095
12758 185.386616
12757 186.109320
12755 186.831433
12752 187.550486
12751 188.273244
12750 188.996026
12749 189.715942
12748 189.715947
12746 190.439423
12745 191.159366
12744 191.880794
12743 192.602203
12740 192.602208
12739 193.321140
12738 194.039844
12737 194.758516
12736 195.478864
12735 196.198280
12732 196.198285
12730 196.913147
12728 197.628359
12725 198.345089
12724 199.063411
12723 199.779973
12720 200.495824
12719 201.210199
12718 201.929844
12708 202.648046
12707 203.361227
12706 204.078754
12704 204.793629
12702 205.510497
12701 206.224372
12698 206.941074
12697 207.659999
12696 208.375824
12693 209.092967
12692 209.807959
12690 210.524206
12689 211.239075
12686 211.957133
12684 212.670386
12682 213.381552
12681 214.100549
12680 214.816394
12679 215.532351
12678 216.246348
12676 216.957816
12675 217.668878
12673 218.380845
12670 219.098492
12669 219.812128
12668 220.525359
12665 221.238578
12663 221.952565
12661 222.665603
12660 223.380236
12659 224.095543
12658 224.808840
12657 225.523530
12655 226.238896
12654 226.952548
12653 227.664389
12650 228.376488
12649 229.088097
12647 229.804127
12646 230.518873
12643 231.232769
12642 231.945401
12641 232.654679
12640 233.369127
12636 234.081078
12635 234.794485
12634 235.508525
12632 236.221405
12631 236.936490
12630 237.651769
12629 238.364394
12627 239.079730
12626 239.791047
12625 240.503136
12623 241.216769
12622 241.930307
12620 242.641003
12619 243.352915
12618 244.067443
12617 244.777471
12611 245.488015
12610 246.199956
12609 246.912856
12608 247.627771
12607 248.338300
12606 249.050685
12604 249.766890
12603 250.481468
12602 251.190129
12601 251.903552
12600 252.618173
12599 253.329536
12598 254.042248
12597 254.758105
12596 255.472810
12595 256.186084
12594 256.898851
12593 257.611352
12592 258.323156
12591 259.034054
12590 259.742853
12589 260.454603
12588 261.163780
12586 261.875814
12585 262.587603
12584 263.301872
12583 264.013917
12582 264.726265
12580 265.439012
12579 266.151947
12578 266.867601
12577 267.577324
12576 268.290910
12575 269.003109
12573 269.716318
12572 270.428786
12571 271.140016
12570 271.851072
12569 272.563229
12567 273.273825
12565 274.696160
12564 276.832358
12563 277.546691
12558 278.254986
12557 279.680053
12556 281.815179
12555 282.524783
12554 283.236764
12553 284.661462
12552 285.374590
12551 288.219135
12550 289.645903
12549 290.353160
12548 292.482659
12547 293.193267
12546 307.336694
12545 308.742575
12544 309.446634
12543 310.146029
12542 311.545188
12541 313.648366
12540 314.346856
12539 322.626804
12538 328.010768
12538 929.375265
