PROBLEM_FILE = /tmp/tsp/576.tmp/sample.tsp
17273345 1.763754
17268956 1.763806
17254198 1.763817
17215615 1.763821
17212661 1.763826
17203532 1.763829
17169277 1.763837
17153614 1.763840
17150653 1.763844
17134082 1.763854
17013183 1.763868
16997393 1.763874
16979875 1.763880
16978139 1.763892
16976215 1.763896
16967532 1.763902
16729305 1.763922
16725879 1.763932
16725434 1.763935
16686354 1.763939
16668478 1.763943
16654595 1.763948
16652476 1.763952
16638852 1.763956
16613568 1.763968
16571487 1.763973
16543997 1.763978
16541604 1.763982
16533008 1.763993
16524957 1.764000
16522113 1.764015
16518855 1.764022
16502595 1.764029
16499820 1.764041
16498341 1.764048
16496164 1.764052
16493677 1.764056
16493600 1.764068
16492340 1.764075
16489417 1.764078
16466975 1.764087
16462529 1.764101
16460475 1.764107
16459820 1.764113
16457785 1.764118
16452148 1.764121
16439624 1.764125
16420860 1.764140
16389765 1.764145
16367612 1.764148
16360046 1.764158
16358861 1.764162
16326652 1.764167
16324071 1.764171
16222325 1.764179
16209011 1.764194
16194718 1.764211
16188589 1.764217
16155112 1.764221
16151542 1.764226
16149767 1.764229
16147804 1.764233
16056975 1.764248
16039312 1.764253
16035784 1.764264
16018691 1.764273
16012164 1.764277
16010426 1.764280
16002983 1.764284
16001857 1.764302
15997896 1.764306
15997362 1.764310
15997174 1.764319
15970756 1.764327
15915098 1.764341
15913243 1.764352
15911603 1.764356
15900987 1.764365
15895831 1.764374
15879007 1.764383
15878000 1.764391
15869872 1.764395
15865248 1.764398
15864226 1.764403
15859117 1.764418
15853833 1.764428
15851095 1.764431
15845523 1.764440
15832697 1.764446
15830925 1.764454
15829990 1.764460
15823636 1.764464
15823480 1.764467
15822667 1.764474
15799676 1.764483
15798274 1.764488
15788609 1.764495
15787270 1.764498
15784765 1.764502
15782494 1.764511
15781811 1.764517
15762681 1.764524
15758360 1.764527
15751651 1.764532
15740192 1.764535
15736474 1.764540
15735340 1.764550
15734681 1.764558
15729300 1.764565
15727675 1.764570
15726612 1.764574
15722124 1.764580
15721150 1.764586
15711631 1.764601
15704803 1.764615
15702966 1.764627
15699947 1.764630
15697816 1.764640
15691558 1.764643
15682745 1.764656
15677775 1.764661
15676272 1.764678
15667836 1.764684
15663759 1.764693
15642162 1.764702
15641353 1.764707
15634522 1.764711
15626946 1.764724
15609176 1.764737
15599572 1.764744
15598913 1.764749
15590962 1.764753
15590300 1.764763
15583128 1.764783
15558744 1.764792
15540865 1.764801
15538780 1.764804
15533533 1.764812
15489803 1.764822
15485201 1.764827
15483789 1.764831
15477853 1.764835
15477728 1.764839
15477305 1.764842
15477054 1.764845
15476938 1.764850
15475034 1.764854
15471332 1.764884
15466594 1.764888
15465022 1.764891
15402956 1.764897
15400396 1.764916
15400339 1.764921
15400203 1.764926
15399085 1.764937
15396943 1.764947
15395446 1.764972
15387706 1.764978
15387343 1.764990
15379626 1.765000
15353577 1.765007
15349717 1.765013
15346373 1.765017
15334808 1.765023
15332369 1.765027
15331209 1.765034
15328224 1.765041
15313097 1.765050
15309932 1.765073
15306740 1.765080
15285632 1.765086
15285413 1.765091
15283063 1.765095
15275241 1.765098
15273449 1.765102
15271634 1.765105
15265872 1.765114
15258806 1.765122
15248076 1.765135
15245737 1.765140
15235734 1.765151
15215091 1.765161
15202958 1.765169
15171786 1.765173
15137460 1.765179
15136018 1.765182
15135319 1.765202
15078313 1.765235
15073147 1.765272
15068240 1.765297
15066104 1.765310
15052705 1.765321
14988821 1.765330
14956716 1.765334
14928410 1.765337
14925335 1.765344
14916170 1.765347
14891726 1.765351
14882011 1.765355
14853956 1.765359
14853939 1.765363
14830247 1.765367
14800463 1.765378
14783491 1.765388
14765859 1.765396
14764191 1.765403
14759170 1.765408
14756205 1.765411
14745607 1.765415
14706659 1.765424
14669844 1.765437
14668677 1.765441
14665525 1.765447
14648785 1.765457
14648362 1.765462
14647278 1.765466
14645301 1.765478
14642076 1.765482
14637373 1.765486
14592403 1.765496
14589708 1.765505
14588187 1.765509
14587031 1.765512
14586760 1.765518
14585681 1.765527
14572929 1.765530
14572884 1.765542
14568803 1.765545
14568742 1.765550
14461229 1.765563
14461001 1.765576
14460848 1.765602
14457054 1.765607
14444546 1.765632
14428385 1.765638
14426931 1.765646
14425432 1.765650
14422869 1.765653
14407627 1.765662
14403358 1.765670
14402720 1.765682
14402347 1.765694
14401851 1.765697
14394498 1.765702
14372348 1.765711
14370334 1.765715
14359451 1.765720
14359308 1.765725
14253841 1.765733
14253473 1.765738
14250328 1.765746
14250264 1.765755
14234427 1.765764
14231254 1.765769
14141194 1.765790
14140188 1.765795
14140075 1.765799
14136713 1.765804
14133287 1.765807
14133212 1.765811
14133161 1.765816
14132818 1.765820
14120495 1.765837
14113879 1.765843
14092985 1.765854
14090452 1.765863
14020872 1.765871
14020754 1.765875
14017712 1.765882
14011217 1.765887
14005645 1.765890
14000793 1.765908
14000733 1.765913
13998770 1.765919
13998558 1.765925
13998243 1.765946
13991471 1.765950
13990798 1.765954
13990302 1.765958
13978661 1.765968
13920537 1.765971
13914531 1.765976
13906828 1.765982
13886897 1.765994
13876666 1.765998
13876105 1.766001
13860055 1.766011
13856718 1.766017
13854978 1.766020
13849593 1.766030
13780541 1.766038
13776373 1.766043
13767923 1.766051
13766805 1.766056
13758945 1.766079
13752081 1.766100
13745735 1.766105
13742830 1.766143
13742423 1.766149
13739922 1.766158
13738534 1.766161
13733928 1.766165
13733181 1.766171
13719180 1.766176
13717801 1.766181
13693194 1.766185
13678247 1.766203
13674826 1.766207
13665952 1.766213
13649484 1.766221
13649250 1.766224
13641776 1.766237
13639072 1.766244
13635763 1.766255
13633553 1.766259
13628089 1.766262
13623044 1.766265
13622509 1.766272
13621883 1.766276
13615649 1.766279
13588792 1.766288
13586803 1.766296
13565493 1.766300
13552658 1.766313
13528792 1.766317
13517795 1.766334
13494775 1.766339
13475800 1.766350
13465200 1.766381
13456337 1.766388
13423519 1.766397
13415650 1.766401
13415499 1.766424
13415240 1.766431
13411644 1.766436
13410372 1.766445
13409064 1.766449
13405385 1.766453
13404461 1.766480
13404091 1.766485
13403195 1.766488
13402312 1.766495
13401939 1.766498
13398813 1.766501
13398800 1.766506
13329273 1.766514
13319382 1.766524
13318559 1.766537
13310349 1.766543
13310195 1.766546
13309151 1.766550
13307914 1.766557
13284801 1.766568
13284435 1.766575
13273484 1.766579
13271468 1.766586
13270514 1.766590
13270433 1.766598
13270031 1.766608
13262811 1.766613
13257260 1.766629
13253275 1.766639
13249606 1.766643
13239016 1.766658
13238701 1.766662
13231310 1.766679
13227087 1.766683
13223039 1.766690
13205412 1.766697
13204070 1.766704
13203641 1.766708
13194908 1.766716
13190729 1.766722
13168932 1.766737
13162806 1.766744
13162748 1.766747
13160991 1.766751
13151787 1.766757
13150379 1.766762
13149316 1.766765
13146722 1.766769
13144652 1.766781
13140790 1.766794
13139723 1.766798
13138839 1.766803
13135216 1.766807
13131672 1.766811
13128024 1.766819
13050811 1.766823
12991393 1.766832
12951307 1.766836
12905377 1.766839
12843164 1.766843
12838459 1.766855
12737750 1.766868
12728034 1.766872
12727668 1.766878
12726984 1.766882
12722795 1.766936
12711979 1.766940
12698063 1.766945
12688067 1.766951
12686582 1.766956
12598752 1.766980
12574058 1.766984
12568052 1.766989
12565666 1.766993
12512584 1.766998
12495778 1.767002
12486220 1.767005
12477295 1.767030
12448911 1.767038
12448577 1.767041
12446277 1.767049
12446019 1.767055
12444360 1.767067
12443670 1.767071
12440593 1.767077
12430054 1.767084
12429048 1.767087
12427404 1.767118
12423729 1.767122
12423526 1.767127
12423348 1.767142
12422870 1.767145
12421295 1.767149
12420705 1.767152
12415463 1.767156
12410844 1.767169
12382608 1.767189
12303016 1.767199
12257570 1.767212
12252765 1.767216
12212403 1.767220
12199231 1.767225
12194304 1.767233
12182378 1.767242
12179325 1.767253
12116340 1.767256
12090271 1.767268
12074441 1.767274
12068432 1.767277
11924064 1.767286
11888678 1.767290
11825172 1.767298
11802365 1.767301
11791119 1.767305
11777604 1.767309
11768538 1.767313
11765031 1.767326
11758507 1.767368
11758308 1.767384
11750007 1.767397
11744536 1.767406
11716757 1.767423
11709559 1.767428
11707790 1.767431
11636280 1.767436
11632537 1.767442
11623293 1.767445
11622443 1.767468
11597873 1.767487
11597422 1.767492
11592685 1.767499
11592597 1.767513
11567773 1.767521
11567159 1.767531
11566700 1.767544
11564988 1.767549
11562796 1.767568
11555415 1.767584
11554684 1.767588
11553864 1.767594
11551690 1.767599
11550880 1.767603
11550704 1.767606
11542587 1.767614
11530747 1.767631
11482368 1.767642
11469424 1.767651
11462213 1.767655
11461600 1.767663
11451658 1.767694
11448554 1.767698
11448162 1.767715
11446972 1.767720
11444052 1.767728
11442625 1.767734
11441215 1.767737
11440206 1.767744
11437754 1.767786
11434358 1.767791
11421796 1.767817
11421344 1.767820
11418832 1.767825
11417736 1.767840
11416302 1.767845
11408750 1.767866
11408673 1.767870
11408058 1.767878
11401705 1.767885
11399572 1.767888
11397429 1.767894
11396295 1.767900
11391689 1.767910
11369608 1.767923
11368974 1.767926
11364376 1.767933
11358525 1.767951
11358215 1.767959
11357502 1.767963
11355455 1.767966
11354023 1.767976
11353676 1.767984
11352584 1.767988
11328645 1.768015
11327523 1.768022
11326973 1.768025
11325966 1.768037
11325177 1.768041
11322115 1.768044
11317510 1.768048
11317386 1.768063
11308853 1.768082
11308533 1.768086
11305286 1.768092
11304953 1.768096
11304349 1.768104
11302692 1.768124
11302096 1.768128
11298808 1.768177
11298506 1.768193
11298315 1.768200
11297241 1.768240
11297040 1.768250
11296526 1.768258
11295946 1.768263
11294477 1.768281
11293999 1.768286
11291878 1.768308
11291671 1.768311
11289866 1.768336
11288040 1.768340
11285788 1.768344
11272180 1.768352
11270860 1.768369
11265709 1.768384
11264406 1.768400
11260526 1.768405
11258351 1.768409
11258288 1.768414
11252906 1.768426
11252650 1.768459
11251361 1.768475
11251139 1.768478
11248973 1.768482
11246801 1.768494
11244201 1.768505
11243134 1.768523
11243122 1.768528
11241439 1.768533
11235371 1.768542
11235158 1.768546
11232369 1.768549
11226863 1.768553
11220538 1.768560
11189702 1.768568
11178269 1.768571
11164252 1.768580
11153598 1.768583
11150048 1.768586
11148314 1.768590
11144339 1.768602
11141955 1.768606
11141799 1.768610
11138652 1.768613
11138177 1.768617
11130797 1.768621
11121687 1.768634
11116611 1.768646
11106906 1.768660
11095613 1.768663
11092243 1.768667
11090809 1.768684
11082982 1.768693
11059661 1.768697
11048992 1.768709
11041306 1.768725
11039943 1.768733
11010275 1.768762
10985027 1.768771
10977450 1.768781
10971506 1.768794
10962020 1.768801
10958099 1.768836
10955987 1.768840
10952285 1.768847
10926942 1.768851
10924593 1.768854
10911529 1.768877
10911149 1.768880
10910969 1.768884
10879755 1.768895
10872254 1.768900
10870787 1.768904
10865975 1.768908
10857147 1.768912
10842620 1.768915
10805460 1.768919
10805404 1.768923
10803816 1.768929
10803376 1.768933
10735085 1.768946
10733403 1.768973
10717621 1.768985
10681484 1.769008
10679944 1.769012
10678011 1.769016
10672950 1.769023
10660537 1.769099
10659546 1.769104
10643422 1.769118
10628689 1.769128
10628544 1.769137
10625734 1.769152
10625179 1.769155
10623627 1.769169
10619452 1.769183
10611582 1.769198
10611510 1.769202
10604495 1.769207
10595133 1.769214
10593643 1.769218
10584572 1.769222
10583236 1.769228
10582235 1.769282
10580472 1.769286
10580412 1.769290
10580328 1.769300
10580306 1.769313
10579707 1.769317
10579084 1.769320
10576968 1.769330
10573888 1.769344
10571537 1.769362
10569222 1.769371
10569142 1.769376
10568060 1.769385
10566072 1.769390
10565830 1.769406
10565634 1.769409
10563279 1.769423
10561993 1.769434
10561692 1.769446
10554999 1.769463
10554963 1.769468
10554223 1.769495
10551512 1.769498
10549425 1.769502
10536932 1.769519
10536899 1.769525
10528176 1.769532
10528076 1.769535
10525986 1.769538
10525311 1.769542
10503278 1.769556
10502792 1.769563
10502564 1.769567
10502373 1.769571
10502288 1.769576
10495139 1.769594
10494934 1.769597
10492512 1.769601
10480308 1.769641
10474356 1.769676
10466719 1.769683
10464950 1.769689
10463511 1.769711
10463104 1.769720
10460694 1.769732
10460193 1.769736
10459113 1.769745
10457650 1.769748
10457112 1.769752
10456849 1.769755
10456763 1.769759
10454234 1.769769
10451250 1.769773
10449397 1.769776
10447174 1.769782
10447115 1.769786
10445335 1.769808
10406809 1.769818
10398926 1.769828
10366972 1.769835
10365793 1.769839
10365780 1.769847
10362863 1.769865
10361502 1.769876
10360791 1.769885
10360476 1.769890
10356299 1.769896
10354633 1.769904
10353786 1.769914
10348259 1.769921
10347595 1.769925
10346760 1.769928
10345772 1.769931
10345389 1.769936
10344202 1.769940
10340609 1.769959
10339263 1.769964
10338904 1.769971
10338778 1.769975
10307192 1.769986
10302528 1.769990
10299381 1.770048
10299174 1.770062
10297684 1.770068
10295368 1.770088
10289992 1.770101
10288747 1.770109
10288135 1.770113
10238404 1.770118
10237948 1.770137
10236998 1.770151
10234594 1.770156
10234074 1.770164
10233485 1.770168
10232526 1.770178
10208611 1.770183
10208149 1.770186
10205954 1.770190
10205481 1.770206
10204816 1.770209
10203522 1.770227
10203101 1.770240
10200115 1.770270
10199718 1.770274
10199385 1.770280
10196358 1.770286
10195999 1.770290
10185016 1.770298
10181663 1.770305
10179618 1.770309
10177979 1.770316
10168708 1.770322
10168362 1.770349
10162342 1.770355
10150930 1.770421
10136320 1.770442
10135222 1.770523
10112536 1.770570
10109684 1.770575
10109371 1.770578
10108205 1.770583
10094433 1.770634
10090165 1.770645
10073510 1.770664
10061613 1.770669
10058568 1.770673
10058354 1.770707
10039122 1.770712
10038755 1.770715
10036931 1.771072
10036435 1.771093
10035865 1.771097
10024594 1.771113
10024402 1.771118
10022774 1.771121
10022570 1.771134
10021803 1.771147
10018399 1.771157
10002540 1.771168
10000834 1.771177
9996376 1.771182
9992053 1.771186
9988023 1.771190
9986555 1.771193
9986291 1.771200
9975357 1.771217
9963120 1.771221
9962172 1.771232
9962145 1.771236
9957577 1.771246
9956475 1.771250
9947262 1.771256
9946776 1.771265
9946449 1.771269
9944474 1.771273
9942192 1.771300
9926772 1.771355
9917010 1.771362
9913913 1.771428
9913361 1.771432
9910415 1.771442
9910282 1.771454
9857100 1.771467
9856700 1.771472
9856005 1.771483
9854072 1.771488
9853975 1.771496
9848847 1.771500
9848604 1.771508
9848200 1.771519
9847968 1.771551
9842769 1.771558
9840588 1.771564
9838893 1.771586
9836075 1.771673
9836069 1.771690
9835124 1.771698
9823560 1.771702
9821394 1.771718
9814649 1.771782
9795224 1.771788
9792856 1.771814
9789462 1.771818
9786716 1.771821
9784225 1.771829
9781090 1.771837
9780366 1.771842
9779812 1.771846
9779091 1.771872
9778582 1.771910
9777369 1.771924
9746847 1.771932
9746789 1.771941
9741136 1.771960
9740695 1.771966
9734234 1.771972
9730719 1.771979
9730365 1.771986
9730301 1.771990
9728801 1.771993
9722231 1.772002
9714498 1.772012
9712390 1.772021
9712177 1.772038
9707894 1.772042
9705802 1.772047
9704344 1.772058
9703638 1.772064
9702280 1.772077
9702047 1.772124
9694405 1.772136
9688353 1.772142
9686928 1.772219
9684496 1.772224
9679820 1.772228
9679568 1.772239
9678298 1.772334
9660533 1.772357
9658585 1.772360
9652526 1.772365
9614070 1.772382
9611469 1.772387
9607578 1.772390
9606645 1.772415
9585158 1.772419
9461573 1.772428
9459418 1.772433
9456839 1.772452
9455001 1.772459
9454132 1.772465
9449967 1.772470
9447508 1.772483
9435575 1.772491
9405639 1.772501
9405563 1.772504
9402626 1.772533
9384796 1.772538
9384720 1.772597
9349099 1.772607
9312790 1.772626
9311146 1.772630
9306956 1.772634
9293847 1.772662
9291148 1.772682
9289954 1.772687
9287227 1.772693
9287121 1.772771
9286459 1.772778
9286104 1.772783
9285703 1.772787
9282607 1.772791
9277895 1.772794
9271176 1.772798
9266074 1.772801
9250009 1.772815
9234809 1.772820
9234724 1.772827
9234708 1.772873
9198774 1.772890
9198369 1.772897
9143921 1.772902
9143527 1.772927
9140235 1.772935
9140121 1.773000
9140065 1.773006
9139071 1.773029
9127656 1.773033
9119559 1.773047
9119119 1.773051
9118230 1.773055
9117623 1.773062
9115298 1.773072
9113238 1.773149
9113023 1.773158
9112951 1.773162
9111735 1.773166
9111207 1.773185
9110769 1.773213
9109426 1.773217
9107988 1.773223
9107621 1.773242
9106899 1.773252
9104284 1.773261
9104021 1.773267
9103501 1.773302
9103329 1.773315
9102845 1.773341
9102409 1.773357
9102202 1.773393
9101485 1.773403
9100996 1.773488
9100187 1.773492
9099852 1.773497
9099016 1.773504
9098301 1.773507
9097572 1.773512
9096380 1.773515
9094292 1.773519
9094012 1.773549
9093939 1.773553
9092176 1.773580
9090334 1.773586
9085242 1.773589
9084852 1.773617
9084265 1.773765
9082978 1.773772
9082540 1.773776
9082238 1.773779
9080821 1.773793
9080263 1.773798
9080099 1.773806
9079452 1.773825
9079311 1.773830
9077398 1.773833
9076942 1.773839
9076466 1.773847
9075156 1.773851
9074640 1.773914
9074260 1.773919
9072361 1.773924
9072354 1.773985
9072026 1.773989
9005525 1.773994
9003998 1.774015
9002427 1.774021
9001451 1.774039
9000573 1.774178
9000167 1.774300
8998172 1.774348
8998132 1.774355
8997975 1.774359
8996136 1.774363
8995914 1.774367
8995721 1.774565
8995573 1.774572
8995287 1.774578
8995237 1.774582
8995040 1.774661
8994759 1.774679
8994419 1.774770
8994305 1.774823
8993290 1.774827
8992967 1.774949
8991121 1.774962
8990821 1.775052
8990708 1.775057
8990703 1.775061
8990273 1.775064
8989943 1.775076
8989853 1.775085
8989675 1.775103
8989293 1.775121
8989105 1.775151
8987973 1.775166
8987740 1.775170
8985082 1.775186
8982542 1.775191
8970466 1.775199
8968908 1.775202
8967975 1.775217
8966167 1.775221
8964422 1.775240
8964152 1.775296
8963164 1.775304
8962857 1.775309
8962484 1.775315
8962345 1.775328
8962335 1.775360
8962124 1.775377
8961817 1.775393
8959936 1.775397
8959488 1.775408
8955337 1.775434
8952753 1.775456
8951312 1.775462
8949691 1.775470
8949522 1.775476
8947669 1.775490
8946347 1.775493
8945330 1.775497
8945175 1.775521
8943573 1.775526
8940629 1.775532
8938976 1.775551
8933486 1.775558
8928532 1.775580
8928340 1.775584
8924128 1.775594
8923188 1.775666
8914560 1.775681
8914089 1.775687
8913597 1.775694
8912384 1.775753
8905778 1.775760
8904422 1.775890
8902956 1.775896
8900749 1.775940
8900178 1.775959
8894861 1.775975
8893273 1.776020
8832312 1.776527
8830212 1.776567
8828047 1.776595
8826665 1.776642
8826307 1.776647
8824401 1.776680
8820775 1.776759
8816635 1.776764
8815615 1.776785
8814200 1.776789
8813621 1.776835
8813180 1.777276
8812515 1.777307
8811229 1.777318
8809400 1.777426
8808520 1.777430
8804619 1.777471
8804071 1.777479
8801645 1.777610
8798736 1.777618
8798611 1.777623
8796767 1.777626
8796730 1.777635
8796675 1.777643
8796523 1.777649
8796215 1.777677
8795020 1.777998
8794806 1.778212
8794739 1.778217
8794471 1.778267
8789254 1.778272
8788794 1.778279
8786489 1.778285
8784189 1.778288
8768000 1.778661
8762614 1.778668
8760483 1.778681
8760204 1.778686
8755774 1.778690
8753008 1.778698
8752061 1.778739
8751847 1.778748
8751687 1.778798
8750946 1.779293
8748575 1.779300
8748502 1.779305
8747898 1.779309
8736792 1.779315
8736333 1.779319
8731565 1.779328
8718738 1.779477
8704955 1.779482
8697225 1.779491
8696925 1.779495
8695482 1.779499
8695232 1.779503
8694096 1.779686
8693156 1.779691
8692802 1.779746
8691780 1.779759
8673575 1.779770
8673235 1.779774
8672834 1.779787
8670512 1.779833
8668751 1.779844
8666924 1.779913
8666175 1.779918
8664577 1.779923
8661023 1.779973
8656801 1.780279
8649315 1.780324
8648783 1.780402
8644822 1.780633
8643577 1.780638
8643447 1.780642
8640925 1.780811
8625780 1.785085
8625063 1.785265
8624841 1.785318
8624130 1.785342
8623695 1.785351
8622345 1.785483
8621749 1.785491
8620702 1.785498
8620369 1.785515
8617710 1.785537
8617122 1.785669
8614773 1.785674
8611642 1.785746
8611228 1.785849
8610320 1.785877
8609892 1.785893
8608144 1.785901
8607926 1.785909
8607054 1.785918
8606410 1.786045
8605112 1.786068
8598327 1.786232
8598222 1.786239
8560523 1.786265
8560450 1.786298
8560188 1.786336
8560115 1.786355
8560096 1.786449
8559934 1.786471
8558782 1.786520
8558614 1.786526
8558318 1.786565
8557588 1.786571
8555089 1.786610
8554519 1.786621
8549710 1.786629
8549365 1.786638
8546218 1.786808
8538611 1.786875
8538442 1.786921
8538264 1.787080
8538176 1.787086
8536687 1.787103
8535660 1.787469
8535173 1.787546
8534756 1.787554
8522710 1.787567
8509734 1.787601
8508689 1.787721
8508374 1.787773
8508251 1.787984
8508183 1.787989
8502148 1.788007
8498224 1.788372
8497883 1.788392
8497156 1.788397
8496727 1.788408
8496666 1.788411
8493337 1.788426
8492885 1.788438
8488338 1.788446
8488135 1.788449
8487624 1.788487
8486151 1.788491
8486073 1.788496
8485079 1.788499
8485008 1.788533
8484953 1.788566
8484341 1.789007
8483521 1.789038
8483370 1.789200
8480433 1.789341
8478614 1.789445
8475301 1.789458
8473974 1.789522
8467652 1.789530
8466792 1.789550
8464308 1.789554
8463893 1.789633
8462185 1.789689
8461888 1.790455
8461772 1.790460
8461669 1.790466
8461027 1.790470
8460771 1.790532
8459862 1.790612
8459657 1.791452
8458324 1.792044
8457300 1.792052
8451151 1.792064
8442357 1.792071
8441572 1.792105
8441006 1.798218
8440448 1.798337
8436261 1.801286
8426938 1.805006
8425105 1.805023
8424976 1.805037
8424974 1.805043
8424454 1.805108
8424453 1.805127
8423604 1.805658
8414728 1.824553
8412101 1.824573
8410967 1.824653
8410884 1.824669
8409041 1.824675
8407884 1.824703
8378319 1.825404
8376675 1.825413
8367535 1.825418
8357734 1.825424
8333038 1.825560
8332365 1.825574
8329504 1.825595
8314311 1.826170
8311941 1.826177
8306874 1.826186
8306321 1.827668
8306190 1.827772
8305750 1.827792
8305648 1.828699
8305518 1.832860
8301277 1.832875
8300120 1.832879
8298533 1.833873
8297235 1.834267
8296985 1.834274
8295917 1.834279
8293829 1.834290
8293825 1.835319
8293656 1.835524
8293605 1.835531
8291683 1.835541
8290655 1.835547
8290219 1.835551
8289305 1.835565
8288904 1.836264
8283428 1.836288
8283025 1.836296
8282052 1.836306
8281932 1.836324
8280490 1.836768
8280353 1.836873
8279576 1.837691
8277494 1.837710
8277174 1.837714
8276866 1.837728
8276365 1.837734
8276233 1.837918
8276142 1.837931
8275553 1.838391
8274739 1.838397
8274536 1.838401
8274461 1.838405
8268684 1.838494
8264888 1.838752
8264575 1.843309
8257966 1.843423
8256038 1.843432
8255201 1.843660
8249213 1.843744
8248627 1.843757
8247567 1.843765
8247504 1.843784
8247295 1.844071
8245206 1.844133
8244646 1.844337
8244598 1.844344
8244397 1.844368
8244095 1.864534
8243636 1.864585
8243126 1.864594
8243099 1.864613
8242738 1.865072
8242517 1.865677
8241298 1.868935
8240714 1.868950
8240462 1.868982
8240390 1.868989
8240342 1.870177
8240045 1.870328
8239041 1.870361
8238515 1.870371
8237088 1.872657
8236729 1.872722
8236718 1.872735
8236513 1.873302
8236384 1.874088
8236167 1.874192
8235059 1.874293
8234984 1.874991
8230462 1.880363
8229183 1.880753
8228252 1.881337
8227480 1.881355
8227145 1.881426
8226866 1.881430
8226863 1.881879
8226714 1.881908
8226252 1.882215
8226105 1.882270
8225909 1.882280
8224637 1.882292
8224238 1.893366
8223281 1.893438
8222443 1.899120
8221506 1.899137
8220865 1.899184
8220858 1.906297
8220856 1.906470
8220351 1.906476
8219609 1.906483
8219535 1.907282
8219470 1.907290
8219044 1.907296
8218943 1.907353
8218802 1.907372
8218419 1.907434
8218186 1.907714
8218107 1.907756
8215853 1.910990
8215445 1.911471
8215100 1.911492
8215015 1.918433
8214013 1.918449
8213925 1.918456
8208704 1.921670
8207093 1.921767
8205873 1.921778
8203727 1.946750
8203563 1.951369
8202918 1.951747
8202860 1.955995
8202716 1.956192
8202480 1.956197
8202123 1.957021
8202103 1.957027
8201189 1.957687
8200948 1.957726
8200926 1.957730
8198059 1.957737
8197691 1.957930
8196388 1.958139
8195973 1.958177
8195883 1.958211
8195799 1.959183
8195753 1.959189
8193940 1.959370
8193351 1.961917
8193335 1.961955
8193043 1.961977
8192459 1.962558
8190554 1.962595
8190540 1.962600
8189225 1.968539
8188040 1.970433
8187972 1.970451
8187947 1.970660
8187468 1.973682
8186843 1.981150
8185369 1.981295
8185245 1.981945
8185223 1.983130
8184878 1.983183
8184777 1.983194
8184610 1.986251
8184336 1.986545
8184008 1.987204
8183988 1.988693
8183872 1.988715
8183793 1.989317
8183751 1.989645
8183582 1.989717
8183439 1.989722
8183124 1.989736
8181326 1.990051
8180884 1.990059
8180033 2.006310
8180008 2.008096
8179063 2.008127
8178991 2.008132
8178095 2.011194
8178076 2.012497
8178056 2.012799
8178047 2.012857
8177869 2.012872
8177838 2.013005
8177396 2.014763
8176852 2.043600
8176363 2.043614
8176118 2.043699
8175998 2.043709
8175647 2.043735
8175191 2.043843
8175107 2.058354
8174991 2.058485
8174355 2.068260
8173952 2.070196
8173632 2.073914
8173584 2.075095
8173514 2.082765
8173442 2.088074
8173141 2.122113
8172333 2.122684
8172156 2.123512
8171835 2.126910
8171687 2.127311
8171324 2.128873
8171276 2.128982
8171192 2.129010
8171006 2.129014
8170550 2.168523
8170346 2.169550
8170150 2.171813
8166994 2.171824
8166962 2.174016
8166870 2.174434
8166599 2.175365
8166555 2.175454
8166204 2.213732
8165910 2.213750
8165686 2.256764
8165285 2.327309
8164514 2.330521
8163862 2.336511
8163477 2.388100
8163146 2.388115
8163042 2.781474
8162485 2.781726
8162466 2.782640
8161331 2.782738
8160990 2.782922
8160868 2.937601
8160807 2.948479
8160355 3.214214
8160346 3.358016
8160156 3.358068
8159777 3.358074
8159196 3.372875
8158634 3.377014
8158420 3.377205
8158376 3.487362
8158244 3.489438
8158220 3.489448
8158187 3.694723
8158024 3.701437
8158010 3.719142
8157895 3.753851
8157345 3.869837
8157111 3.887004
8157048 3.887024
8156817 3.887031
8156399 3.897292
8156284 3.911746
8156093 4.245843
8155543 4.674496
8155451 4.674564
8155202 4.681386
8155171 4.682618
8154888 4.682707
8154613 4.683443
8154235 4.802454
8154213 4.804485
8154032 4.810376
8154024 4.811489
8153982 4.833030
8153754 4.833177
8153540 4.833186
8153434 4.872828
8153376 4.872844
8153310 4.873004
8152946 4.876812
8152924 4.877619
8152896 36.028867
8152895 36.028975
8152873 36.029892
8152873 636.030036
