PROBLEM_FILE = /tmp/tsp/14316.tmp/sample.tsp
11375565 0.665380
11357914 0.665426
11356992 0.665431
11349688 0.665441
11166043 0.665459
11160951 0.665464
11145136 0.665477
11141067 0.665482
11137747 0.665502
11135760 0.665508
11135103 0.665512
11082354 0.665516
11048536 0.665521
11032910 0.665529
11026350 0.665546
10933739 0.665556
10829005 0.665569
10822395 0.665574
10788307 0.665577
10757705 0.665582
10744371 0.665593
10739926 0.665598
10724447 0.665602
10665202 0.665606
10655973 0.665614
10616482 0.665617
10614901 0.665620
10611005 0.665628
10608820 0.665632
10605165 0.665635
10601328 0.665638
10598312 0.665642
10589560 0.665645
10580642 0.665648
10580008 0.665653
10578203 0.665657
10462986 0.665668
10460449 0.665672
10439606 0.665678
10428948 0.665681
10411065 0.665697
10400091 0.665702
10375610 0.665719
10374880 0.665723
10372044 0.665731
10359180 0.665735
10324598 0.665741
10311117 0.665745
10251009 0.665749
10250573 0.665753
10229644 0.665770
10216217 0.665792
10212570 0.665796
10207970 0.665809
10192182 0.665813
10140655 0.665823
10139949 0.665833
10116428 0.665842
10093132 0.665845
10090359 0.665856
10058063 0.665860
10027482 0.665863
10017909 0.665867
10009461 0.665871
10000426 0.665879
9984392 0.665883
9978705 0.665929
9973703 0.665933
9969555 0.665938
9948503 0.665953
9945634 0.665957
9943969 0.665964
9852227 0.665977
9850215 0.665987
9845429 0.665990
9828356 0.666003
9827237 0.666014
9799333 0.666034
9797358 0.666049
9795337 0.666053
9779889 0.666057
9760834 0.666064
9747946 0.666073
9480513 0.666089
9470846 0.666105
9460058 0.666110
9324339 0.666118
9317735 0.666140
9313528 0.666144
9308777 0.666157
9296379 0.666165
9284433 0.666175
9275715 0.666188
9267944 0.666193
9267536 0.666198
9264982 0.666203
9261449 0.666210
9259794 0.666217
9258790 0.666228
9258248 0.666234
9257469 0.666238
9252208 0.666242
9250627 0.666246
9206072 0.666253
9176686 0.666267
9131687 0.666282
9117884 0.666301
9117675 0.666305
9112449 0.666315
9111454 0.666321
9110656 0.666332
9100824 0.666336
9093669 0.666340
9091656 0.666343
9091078 0.666346
9084503 0.666350
9080450 0.666357
9078323 0.666369
9076249 0.666373
9073144 0.666376
9067437 0.666397
9067382 0.666400
9065243 0.666405
9064490 0.666408
9063772 0.666412
9039898 0.666416
9039446 0.666440
9038188 0.666444
9027920 0.666447
9016572 0.666472
9014807 0.666476
9002567 0.666480
9001484 0.666483
9000437 0.666497
8999029 0.666506
8996257 0.666510
8973870 0.666522
8969371 0.666543
8963683 0.666549
8958282 0.666552
8958275 0.666559
8956804 0.666569
8946111 0.666584
8863821 0.666605
8815277 0.666614
8812855 0.666618
8804704 0.666632
8791936 0.666672
8758382 0.666682
8743053 0.666687
8732148 0.666700
8720318 0.666709
8719956 0.666714
8715715 0.666724
8715282 0.666728
8706969 0.666787
8691377 0.666804
8689208 0.666816
8688478 0.666823
8681299 0.666832
8677044 0.666848
8664578 0.666861
8663122 0.666865
8661141 0.666872
8656916 0.666876
8654494 0.666880
8626628 0.666891
8625210 0.666895
8602206 0.666905
8598434 0.666921
8586367 0.666926
8581872 0.666932
8575064 0.666947
8571736 0.666952
8571701 0.666955
8561389 0.666963
8508627 0.666970
8507678 0.666974
8507215 0.666978
8506055 0.666982
8496154 0.666986
8489258 0.666998
8488529 0.667002
8487129 0.667006
8443339 0.667018
8440739 0.667023
8432380 0.667027
8428121 0.667042
8372971 0.667086
8369488 0.667090
8369105 0.667109
8355579 0.667112
8350239 0.667129
8332971 0.667133
8324492 0.667138
8319365 0.667388
8275733 0.667641
8270100 0.667646
8253700 0.667662
8247069 0.667667
8246693 0.667670
8246316 0.667674
8237202 0.667682
8237156 0.667685
8236947 0.668125
8235607 0.668132
8235127 0.668157
8224308 0.668173
8221012 0.668185
8220828 0.668205
8212190 0.668220
8208266 0.668238
8203135 0.668244
8202225 0.668251
8197339 0.668256
8185121 0.668260
8183097 0.668267
8175035 0.668271
8173684 0.668282
8170151 0.668292
8152413 0.668300
8112518 0.668304
8108201 0.668307
8103461 0.668311
8101002 0.668318
8096431 0.668321
8091389 0.668328
8074172 0.668337
8065788 0.668346
8065635 0.668375
8059356 0.668379
8056575 0.668386
8053212 0.668398
8052028 0.668409
8043567 0.668425
8038244 0.668443
8032427 0.668453
8030635 0.668458
8022931 0.668464
8021220 0.668475
8015081 0.668488
8014615 0.668522
8006383 0.668527
8000143 0.668537
7997774 0.668541
7994537 0.668544
7986180 0.668549
7984733 0.668561
7976198 0.668565
7966292 0.668573
7952480 0.668582
7951650 0.668621
7936009 0.668625
7934537 0.668629
7934140 0.668632
7925849 0.668637
7924001 0.668642
7921882 0.668655
7908551 0.668661
7902109 0.668664
7891309 0.668667
7884734 0.668671
7872783 0.668678
7868249 0.668685
7866139 0.668692
7864862 0.668696
7863505 0.668699
7861616 0.668707
7861384 0.668712
7861128 0.668724
7860528 0.668731
7859164 0.668743
7846429 0.668756
7837330 0.668761
7834335 0.668785
7831238 0.668789
7819064 0.668805
7756197 0.668817
7748981 0.668823
7747101 0.668827
7744358 0.668837
7719559 0.668847
7714283 0.668855
7707806 0.668859
7706180 0.668866
7621420 0.668872
7583191 0.668877
7581276 0.668880
7580093 0.668888
7565883 0.668906
7564363 0.668920
7564342 0.668925
7562858 0.668933
7561999 0.668940
7561046 0.668945
7558519 0.668961
7551503 0.668966
7550199 0.668970
7550014 0.668973
7549326 0.668978
7546099 0.668982
7542945 0.668989
7526559 0.668995
7513684 0.669008
7513503 0.669019
7513389 0.669022
7512777 0.669031
7506130 0.669040
7505871 0.669044
7494496 0.669051
7494360 0.669066
7435587 0.669073
7433918 0.669094
7429944 0.669099
7429173 0.669106
7428098 0.669110
7401653 0.669113
7400219 0.669117
7397652 0.669122
7396613 0.669127
7396207 0.669131
7394531 0.669138
7392505 0.669143
7375403 0.669155
7373510 0.669171
7373027 0.669176
7372845 0.669179
7357763 0.669187
7352576 0.669199
7349842 0.669203
7349527 0.669206
7348751 0.669216
7343590 0.669220
7343523 0.669224
7343098 0.669227
7340367 0.669230
7335977 0.669236
7335266 0.669251
7332194 0.669261
7331899 0.669264
7315526 0.669270
7308562 0.669278
7307335 0.669281
7306940 0.669286
7306936 0.669289
7303745 0.669292
7298163 0.669296
7287202 0.669304
7286553 0.669315
7271088 0.669323
7263622 0.669341
7239711 0.669348
7237469 0.669356
7235081 0.669364
7232663 0.669373
7229264 0.669387
7225894 0.669391
7221643 0.669417
7221347 0.669422
7216785 0.669456
7216093 0.669488
7214630 0.669492
7212579 0.669495
7210749 0.669498
7180326 0.669509
7180157 0.669513
7179957 0.669526
7179420 0.669530
7178974 0.669544
7176988 0.669564
7176854 0.669567
7139986 0.669575
7114989 0.669596
7112771 0.669600
7091361 0.669612
7080399 0.669622
7063858 0.669633
7061708 0.669648
7036140 0.669700
7035651 0.669709
7031642 0.669737
7018357 0.669741
7011543 0.669746
6997497 0.669751
6994831 0.669802
6985339 0.669832
6985188 0.669862
6976118 0.669882
6965715 0.669886
6964095 0.669893
6956937 0.669903
6941586 0.669907
6929787 0.669923
6906436 0.669928
6902960 0.669932
6900952 0.669946
6881994 0.669963
6873050 0.669974
6869952 0.669978
6863509 0.669993
6863032 0.669997
6859283 0.670001
6824685 0.670420
6769670 0.670624
6768349 0.670632
6766558 0.670636
6766283 0.670640
6761795 0.670657
6754286 0.670672
6746374 0.670675
6690845 0.670680
6673652 0.670684
6670356 0.670687
6644790 0.670696
6638247 0.670701
6638233 0.670709
6633684 0.670713
6633233 0.670723
6629741 0.670775
6627635 0.670801
6627410 0.670807
6625462 0.670811
6610507 0.670841
6608174 0.670856
6588816 0.670905
6577127 0.670911
6561912 0.670916
6556352 0.670920
6542023 0.670986
6534622 0.670999
6525914 0.671005
6515683 0.671024
6514044 0.671031
6511013 0.671035
6510654 0.671048
6510313 0.671088
6509159 0.671093
6505750 0.671125
6463348 0.671132
6462591 0.671147
6456301 0.671775
6454711 0.671807
6454483 0.671822
6449806 0.671831
6445107 0.671842
6443710 0.671850
6441060 0.671871
6438827 0.671920
6431473 0.671934
6425396 0.671938
6400483 0.671975
6391318 0.671990
6390329 0.671994
6389720 0.672318
6388256 0.672326
6381677 0.672348
6375643 0.672408
6374227 0.672418
6373120 0.672422
6366752 0.672426
6365821 0.672473
6360221 0.672510
6358448 0.672523
6357524 0.672527
6342503 0.672536
6341472 0.672550
6338249 0.672559
6337211 0.672565
6336529 0.672570
6334458 0.672586
6333936 0.672598
6329488 0.672633
6320285 0.672977
6318326 0.672994
6318316 0.673003
6316132 0.673012
6306578 0.673047
6292644 0.673124
6291872 0.673129
6284215 0.673135
6283305 0.673138
6283245 0.673142
6281644 0.673147
6279615 0.673152
6277869 0.673156
6274592 0.673159
6273889 0.673186
6271945 0.673195
6270110 0.673200
6268787 0.673203
6265794 0.673211
6264721 0.673226
6254646 0.673232
6254614 0.673260
6246018 0.673290
6243820 0.673326
6242630 0.673354
6241837 0.673358
6085413 0.673376
6084872 0.673386
6081232 0.673391
6076970 0.673454
6072610 0.673461
6070129 0.673678
6066380 0.673824
6063096 0.673998
6049491 0.674013
6048073 0.674017
6047777 0.674043
6039030 0.674047
6038180 0.674054
6037506 0.674057
6035932 0.674103
6035899 0.674107
6035138 0.674111
6035044 0.674115
6034820 0.674128
6034047 0.674136
6031798 0.674139
6031793 0.674152
6027255 0.674156
6026940 0.674159
6026715 0.674169
6026516 0.674173
6024771 0.674181
6021239 0.674200
6017250 0.674208
6016042 0.674213
6010866 0.674229
6009613 0.674239
6009256 0.674246
6008155 0.674251
6003804 0.674256
6001028 0.674260
5997689 0.674700
5996559 0.674718
5996087 0.674722
5988446 0.674732
5983511 0.674735
5982643 0.674741
5979524 0.674748
5977572 0.674763
5973819 0.674814
5971979 0.674830
5970789 0.674841
5969536 0.674848
5958701 0.674862
5957974 0.674867
5954364 0.674876
5946750 0.674880
5941257 0.674886
5923749 0.674901
5918622 0.675080
5913033 0.675115
5903729 0.675126
5900264 0.675141
5895057 0.675145
5894796 0.675159
5881214 0.675167
5858927 0.675174
5856215 0.675182
5833292 0.675186
5831255 0.675219
5830063 0.675752
5829784 0.675758
5817493 0.675764
5816977 0.676229
5784638 0.676836
5783623 0.677043
5780237 0.677454
5773251 0.677460
5773224 0.677487
5772777 0.677492
5768431 0.677499
5760843 0.677506
5758812 0.677576
5758645 0.677581
5758406 0.677669
5758388 0.677677
5757151 0.677761
5755404 0.677789
5751969 0.678180
5744400 0.678185
5743795 0.678670
5743181 0.679076
5741827 0.679134
5741630 0.679208
5741326 0.679218
5740064 0.679485
5740061 0.679497
5739523 0.680175
5739205 0.680182
5736000 0.680188
5735424 0.680194
5735283 0.680208
5734356 0.680212
5733001 0.680218
5732050 0.680229
5729088 0.680233
5718797 0.682576
5712497 0.682619
5686625 0.686388
5685936 0.686400
5669109 0.686415
5668908 0.686896
5663704 0.687645
5662248 0.687775
5660413 0.687782
5660061 0.687786
5658409 0.687791
5658147 0.687795
5657891 0.687799
5656099 0.687806
5654699 0.687814
5654597 0.689234
5652835 0.689273
5650021 0.689289
5649662 0.689322
5649294 0.689330
5644981 0.689601
5644157 0.691129
5643733 0.691840
5643355 0.692085
5643234 0.692148
5643091 0.692178
5642315 0.692314
5640419 0.692420
5639449 0.692433
5638870 0.692486
5637153 0.692822
5636278 0.693034
5633648 0.693040
5633336 0.693045
5625142 0.693092
5624703 0.693161
5624172 0.693168
5623996 0.693172
5623589 0.693188
5615018 0.693201
5613523 0.693209
5611986 0.693361
5611236 0.693368
5610900 0.694348
5610874 0.694357
5610769 0.694388
5599428 0.695501
5598683 0.696853
5597877 0.697142
5594901 0.697223
5585601 0.697249
5583889 0.697254
5583632 0.697267
5583595 0.699605
5582940 0.699727
5581978 0.703603
5580225 0.703691
5579662 0.704156
5578693 0.705292
5576541 0.705503
5576090 0.705556
5574971 0.705590
5574736 0.709508
5574047 0.709578
5572621 0.709603
5572031 0.709612
5568258 0.709637
5566032 0.709643
5562741 0.709668
5562649 0.710130
5559811 0.710275
5559776 0.710421
5559536 0.710427
5556061 0.710431
5555745 0.710437
5555696 0.711039
5555189 0.711045
5554629 0.711690
5553851 0.711700
5553544 0.711708
5552081 0.711715
5548138 0.713557
5542749 0.713600
5542136 0.713616
5540572 0.713633
5539882 0.713643
5539842 0.713654
5539788 0.713658
5539712 0.713676
5538339 0.713735
5538245 0.720100
5537683 0.720501
5537226 0.720508
5530121 0.720583
5528942 0.720634
5527771 0.720677
5525770 0.727857
5524839 0.727870
5524388 0.728962
5520051 0.729173
5519694 0.729181
5518710 0.729206
5518346 0.729212
5518116 0.729365
5516682 0.731146
5516437 0.731204
5516436 0.731384
5516279 0.731717
5516093 0.731738
5514676 0.731761
5514474 0.737079
5514433 0.737112
5514200 0.738963
5514078 0.738972
5513838 0.738977
5513832 0.738989
5513689 0.738994
5513589 0.739010
5511732 0.741980
5511265 0.742205
5510244 0.743229
5507910 0.743588
5502893 0.746237
5502689 0.748824
5500537 0.748918
5500276 0.759213
5499933 0.759369
5498447 0.759793
5497589 0.761958
5497421 0.762033
5497403 0.763104
5496760 0.763113
5496335 0.765069
5496300 0.765076
5495255 0.769335
5493788 0.772433
5493686 0.774850
5493632 0.774861
5493337 0.777315
5493263 0.784834
5493263 600.785959
