36989423 54.448843
36807974 56.281581
36793095 58.107494
36780966 59.922577
36582193 61.727514
36572880 63.514269
36567046 65.289984
36554519 67.068193
36544680 68.825978
36539291 70.578829
36532228 72.323545
36443079 74.068068
36349914 74.068073
35512882 74.068074
35507592 75.786754
35501767 77.508180
35361953 79.216448
35355590 80.931332
35351938 82.622855
34746822 84.313832
34301394 84.313836
34055678 85.993202
33883253 87.660991
33878653 89.317914
33869386 90.972161
33864491 92.623355
33489244 94.278845
33478314 95.919720
33474060 97.552627
33468046 99.203904
33276260 100.837155
33274567 102.454930
33244255 104.067374
33211172 105.668390
33207502 107.263880
33202152 108.870710
33192627 110.469118
33099301 112.061534
33026960 113.640047
32728900 113.640053
32710225 115.205936
32686895 116.781634
32564716 118.341964
32546877 119.909371
32511846 121.472621
32336445 123.026524
32217010 124.572475
32212989 126.099977
31928369 127.643634
31893265 129.176051
31887146 130.719562
31884616 132.250586
31882077 133.780165
31870893 135.305378
31732849 136.820317
31638195 138.327295
31632262 139.839158
31629608 141.340743
31627379 142.837423
31618860 144.328920
31606665 145.821218
31577011 147.300778
31567822 148.774448
31518111 150.261587
31496285 151.739311
31491944 153.202254
31450787 153.202260
31440533 154.670407
31357731 156.129037
31285567 157.602442
31275560 159.057607
31271589 160.521121
31265058 161.975566
31195907 163.424297
31190500 164.868045
31186885 166.314625
31182882 167.748970
31171763 169.174310
31153297 169.174316
31021301 169.174318
31013064 170.626417
30800992 172.064189
30792083 173.499083
30740486 173.499088
30732326 174.929088
30731330 176.342420
30636531 177.751093
30628989 179.163318
30623699 180.579927
30620202 181.996092
30616496 183.413840
30612857 184.833670
30608889 186.239246
30604851 187.660524
30557856 189.064732
30554337 190.469197
30537289 191.865147
30531961 193.276311
30528691 194.671204
30525762 196.076961
30434051 197.465904
30428615 198.849874
30426327 200.229728
30424719 201.606812
30374933 203.000196
30366559 204.387414
30363100 205.774060
30361611 207.161816
30353410 208.546952
30308210 208.546957
30305702 209.917615
30294421 211.306273
30293398 212.688637
30291174 214.056554
30283734 215.432397
30277174 216.803903
30225618 218.188111
30224796 219.560427
30222790 220.920304
30221044 222.284412
30213588 223.652260
30210302 225.018200
30207542 226.384776
30202183 227.755099
30200087 229.101968
30198139 230.469860
30195449 231.837098
30193155 233.192826
30175890 234.549889
30174713 235.914233
30172691 237.273865
30146388 237.273869
30144050 238.625475
30138945 239.989863
30133355 241.328416
30131081 242.681686
30130071 244.033538
30129012 245.372772
30126365 246.720216
30125529 246.720221
30123315 248.061412
30117845 249.401442
30113838 250.750711
30108800 252.101939
30103542 253.443575
30099809 253.443579
30092059 254.786949
30089270 256.122394
30086932 256.122397
30082970 257.454574
30082902 258.781763
30081226 260.119389
30079853 261.449590
30078569 261.449595
30077542 262.787462
30073040 262.787468
30042234 262.787470
30039782 264.111635
30036689 265.431668
30032932 266.740725
30027864 268.076053
30025629 269.393261
30020410 270.714276
29982440 272.043352
29980592 273.352656
29974079 274.659425
29951387 275.963541
29950500 277.275570
29947818 278.577806
29947191 279.874744
29942060 281.181415
29936097 282.471496
29933476 283.766434
29931769 285.058990
29929978 286.351249
29928349 287.647351
29923120 288.934800
29919116 290.226891
29917913 291.514176
29917371 292.797790
29916529 294.082627
29905900 295.364513
29903567 296.646416
29900057 297.932433
29897107 299.214043
29896494 300.485910
29894714 301.770679
29894020 303.043845
29884803 304.331053
29883351 305.596962
29877432 306.874832
29876198 308.138004
29875597 309.401472
29873617 310.658345
29871032 311.925188
29869121 313.178942
29865535 314.432843
29863376 315.691313
29861215 316.955956
29858864 318.208473
29853488 319.460384
29853281 320.717096
29851988 321.968095
29848096 323.221339
29845771 324.473953
29843904 325.722639
29843284 326.978289
29842511 328.225962
29840109 329.471430
29839498 330.719228
29835677 331.966776
29834228 333.213872
29832688 334.455600
29831762 335.686575
29828544 336.924088
29827984 338.156420
29823859 339.394115
29821773 340.631320
29816211 341.861917
29814001 343.102372
29812829 344.336791
29812086 345.567568
29811821 346.797205
29811343 348.030791
29808738 349.255024
29808114 350.473220
29807812 351.699235
29807059 352.926987
29806903 354.146637
29805151 355.360922
29804555 355.360928
29802161 356.574993
29799774 357.793833
29796920 359.010133
29795739 360.222702
29793818 361.438672
29792816 362.651835
29791954 363.865143
29790515 365.080640
29789163 366.289225
29788085 367.497137
29783136 368.699630
29781535 369.908097
29780162 371.115556
29779991 372.310931
29778960 373.517864
29777827 374.725659
29776293 375.931751
29772074 377.136091
29771435 378.333786
29767959 379.530608
29766450 380.728356
29765965 381.929412
29764522 383.130788
29762626 384.328856
29762620 385.532433
29760978 386.735601
29760745 387.927989
29757746 389.119519
29757352 390.305711
29757196 391.501808
29756546 392.701547
29755175 393.893478
29754495 395.083567
29753804 396.274606
29752811 397.465132
29752518 398.655318
29750948 399.840863
29749751 401.029126
29744186 401.029131
29741080 402.211115
29739701 403.401668
29738344 404.584078
29738073 405.765545
29737472 406.949667
29737099 408.132785
29735294 409.309988
29732131 410.489042
29731142 411.676613
29730300 412.859520
29727372 414.040117
29725984 415.220083
29725653 416.403301
29724043 417.578210
29722277 418.760578
29721747 419.939078
29721006 421.108454
29720643 422.283804
29720073 423.451609
29719398 424.632517
29717497 425.805449
29716006 426.973324
29714922 428.142460
29713821 429.319172
29707205 430.495238
29705251 431.667336
29704440 432.841562
29704150 434.007549
29701380 435.173551
29700193 436.351087
29699828 437.516215
29698261 438.696336
29697531 439.876323
29694620 441.045096
29693378 442.206172
29691426 443.367340
29688254 444.530439
29688031 445.697103
29687995 446.871747
29687163 448.037288
29686642 449.201348
29684877 450.361975
29684470 451.515611
29683251 452.670774
29681916 453.836690
29681132 454.996429
29679609 456.157587
29678916 457.317715
29677339 458.480994
29677304 459.642301
29677083 460.802079
29676987 461.960633
29674926 463.124537
29674057 464.288725
29673479 465.440763
29671435 466.603330
29670062 467.755543
29669307 468.908578
29668547 470.060209
29667317 471.214704
29666660 472.369315
29666528 473.517003
29665730 474.665137
29663819 475.817569
29663653 476.969371
29663112 478.126846
29662852 479.273614
29660861 480.422755
29657893 481.566585
29655729 482.719205
29655630 483.867734
29655097 485.006926
29653881 486.152074
29653503 487.294956
29650849 488.445503
29650264 489.598809
29649658 490.746500
29648498 491.891648
29647898 493.032570
29647442 494.185983
29646458 495.335121
29641228 496.482157
29640086 497.626503
29639382 498.766535
29638655 499.908525
29637849 501.049603
29635532 502.192119
29635053 503.328743
29634575 504.467175
29631957 505.608724
29631745 506.751311
29630887 507.892007
29630293 509.029749
29628582 510.168650
29628388 511.311446
29626585 512.454649
29625095 513.595261
29624642 514.731285
29624581 515.867165
29624527 517.001118
29624418 518.139045
29623660 519.275482
29622902 520.409623
29621980 521.547150
29621507 522.671006
29620911 523.800274
29620637 524.935190
29620041 526.068285
29619580 527.198137
29618237 528.331817
29617172 529.464835
29615904 530.584327
29615237 531.724271
29614728 532.854769
29614412 533.989801
29613202 535.116627
29612353 536.240553
29612235 537.374153
29612092 538.499442
29611666 539.627152
29610149 540.756577
29609432 541.885494
29608936 543.013445
29608361 544.133942
29607851 545.256774
29607594 546.381188
29606856 547.501652
29606538 548.624347
29606342 549.748890
29605939 550.874999
29605924 552.001361
29605297 553.124840
29603094 553.124846
29601539 554.248652
29600879 555.365408
29600400 556.492126
29598466 556.492131
29595504 557.613328
29592728 558.739643
29592221 559.866049
29590660 560.991522
29589864 562.115265
29588707 563.242830
29588596 564.363031
29587964 565.495142
29585531 566.617615
29582891 567.739957
29582854 568.863161
29582734 569.995396
29582533 571.119343
29580405 572.239204
29580089 573.364535
29579534 574.480407
29579259 575.602247
29578498 576.720318
29575866 577.843141
29575069 578.965631
29562407 580.087497
29561577 581.202867
29561545 582.319460
29561207 583.430144
29553187 584.549005
29552636 585.667566
29552368 586.786442
29551288 587.898861
29550040 589.014505
29548035 590.124770
29546172 591.234452
29544730 592.351126
29544089 593.465652
29539036 594.578661
29538256 595.690723
29536873 596.807627
29535782 597.927168
29535087 599.044027
29535054 600.158281
29534864 601.267691
29534404 602.379994
29533553 603.492217
29533391 604.608644
29532970 605.713491
29532220 606.822109
29530450 607.933251
29529719 609.044473
29528843 610.149578
29527788 611.260033
29526746 612.364218
29526590 613.477824
29525268 614.589175
29524178 615.703073
29523341 616.818030
29522778 617.924390
29521908 619.034330
29521721 620.148034
29521682 621.252813
29520914 622.363002
29519774 623.472490
29518631 624.574108
29518261 625.674861
29517205 626.777709
29516976 627.881279
29516485 628.982649
29515180 630.087701
29511601 631.192769
29511453 632.296997
29511362 633.396776
29510573 634.511883
29510137 635.617343
29509446 636.721263
29509105 637.831022
29508786 638.931358
29507708 640.037951
29503391 640.037955
29498814 641.143871
29497920 642.240756
29496822 643.336107
29493710 644.443742
29493662 645.553800
29493186 646.650818
29492355 647.757802
29492176 648.856898
29487172 649.953991
29486574 651.056863
29486285 652.163812
29485209 653.269269
29484009 654.365856
29482858 655.461803
29482738 656.561282
29482082 657.666693
29481829 658.766654
29480971 659.867847
29480794 660.965457
29480272 660.965461
29480065 662.060765
29480062 663.155479
29479777 663.155483
29479557 664.255145
29478850 665.352584
29478828 665.352589
29478755 666.454661
29478633 666.454665
29477876 667.545265
29476475 668.647469
29473322 669.741714
29473117 670.836663
29473057 670.836668
29472878 671.934918
29472515 671.934922
29471750 673.031017
29471201 674.125651
29471080 675.221910
29470879 676.316219
29470229 676.316223
29467776 677.413868
29455100 678.502986
29455038 679.600216
29454714 680.698033
29454267 681.790823
29454179 682.883604
29453266 683.988230
29449680 685.086310
29447241 686.183024
29442280 687.285610
29437709 688.376626
29436654 689.475546
29434603 690.568651
29431470 691.658238
29425911 692.753033
29425032 693.846046
29425028 694.946135
29423720 696.037137
29417747 697.136957
29416146 698.226925
29415332 699.319453
29415224 700.419215
29415103 701.516234
29414883 702.604443
29413238 703.697247
29411203 704.786207
29410725 705.882930
29410487 706.973146
29409500 708.066246
29409089 709.165532
29408994 710.256419
29408570 711.342052
29408107 712.434138
29406933 713.514075
29399372 714.604250
29398607 715.700246
29397504 716.791120
29396444 717.882055
29393735 718.971817
29393257 720.064321
29393251 721.155857
29392693 722.244108
29392283 723.333960
29390621 724.422361
29388674 725.519552
29387750 726.605296
29387396 727.692920
29385013 728.781278
29384462 729.879709
29382574 730.970514
29381483 732.060995
29379978 733.154943
29379901 734.239314
29378818 735.321389
29378593 736.406164
29378487 737.493989
29375864 738.579822
29371828 739.669619
29370964 740.756132
29369864 741.841915
29366728 742.933494
29365684 744.018879
29363550 745.111092
29361116 746.196838
29360869 747.290711
29355173 748.373984
29349321 749.467338
29347733 750.549416
29347516 751.636043
29347093 752.723813
29344138 753.814644
29343520 754.902614
29341664 755.994328
29341017 757.083066
29340148 758.168888
29339972 759.251575
29339570 760.338521
29339167 761.419150
29338558 762.501249
29337858 763.583242
29337792 764.667992
29336546 765.744836
29333899 766.828244
29330997 767.909992
29329860 768.992173
29329798 770.075103
29329418 771.151914
29325935 772.231324
29324386 773.319688
29323919 774.407110
29323380 775.488981
29323369 776.571324
29322658 777.645967
29322649 778.728504
29321920 779.809099
29321621 780.889939
29319599 781.973579
29317907 783.060944
29317767 784.147955
29315795 785.229269
29314072 786.312627
29313627 787.391687
29313271 788.478532
29313097 789.556230
29312860 790.643842
29311268 791.725721
29311069 792.807654
29311042 793.885777
29310981 794.962885
29310103 796.043776
29309684 797.121367
29305559 798.201481
29305006 799.281162
29303764 800.360889
29303654 801.443201
29303074 802.527321
29301441 803.607274
29301237 804.690502
29300060 804.690508
29295067 805.775071
29294475 806.867043
29294431 807.950290
29294025 809.033464
29292967 810.118200
29292405 811.206048
29292327 812.287321
29291748 813.370243
29291584 814.445800
29291295 815.524255
29291037 816.598197
29290516 816.598203
29290188 817.685951
29289131 817.685957
29286799 818.769048
29286482 819.847016
29285971 820.929454
29283368 822.010600
29283186 823.086690
29282672 824.160102
29280538 825.237463
29275419 826.320050
29274608 827.407047
29273699 828.481564
29273672 829.560391
29271940 830.641099
29269833 831.725275
29269647 832.808190
29269340 833.880302
29267990 834.963388
29267041 836.042722
29265886 837.122003
29262602 838.195477
29262369 839.265934
29261681 840.350121
29261650 841.428086
29261573 842.504152
29260946 843.574011
29260861 844.641812
29260809 845.715495
29260479 846.793696
29257955 847.870295
29257925 848.948050
29257670 850.030349
29257448 851.110779
29256313 852.186673
29256056 853.269592
29255849 854.343230
29255224 855.425445
29252092 856.506416
29251105 857.585557
29249257 858.665939
29248720 859.755232
29247753 860.832577
29247729 861.910174
29242815 861.910177
29241892 862.984827
29240063 864.069328
29238599 865.148321
29236474 866.229282
29235838 867.310946
29234306 868.391241
29234160 869.468943
29232524 869.468947
29230229 870.545179
29229409 871.622615
29229134 871.622620
29228546 872.700041
29227982 873.781700
29225382 874.855396
29223579 875.935945
29223223 877.010645
29222804 878.092797
29220196 879.169044
29217384 880.252537
29217319 881.326176
29216962 882.400422
29216937 883.479700
29215580 884.554307
29215545 885.628702
29215171 886.707465
29215145 887.781481
29212110 888.860305
29209971 889.935468
29207354 891.011856
29206922 892.088884
29205784 893.169041
29204451 894.244744
29202366 895.326181
29200971 896.404419
29198746 897.481736
29198258 898.559760
29197826 899.639102
29197221 900.715111
29193036 901.790009
29192350 902.865689
29189088 903.941716
29187565 905.009266
29184859 906.082919
29184459 907.152236
29184335 908.225148
29182845 909.311615
29182505 910.389087
29181198 911.474554
29176351 912.556017
29174951 913.630726
29173699 914.708782
29171406 915.785604
29169657 916.863854
29169115 917.943957
29165949 919.024060
29163981 920.097724
29163916 921.175881
29163486 922.249386
29161442 923.325297
29159610 924.397069
29158595 925.471424
29157878 926.548193
29156845 927.629974
29156018 928.705506
29155937 929.784196
29155148 930.862819
29154983 931.935438
29153419 933.009251
29151707 934.083554
29150260 935.153293
29149850 936.232638
29149560 937.306067
29148615 938.385126
29144838 939.454963
29144392 940.532127
29143384 941.610554
29143270 942.688545
29138883 943.766193
29135530 944.845560
29134356 945.924431
29134012 947.008632
29132898 948.081069
29131660 949.157321
29131551 950.235055
29131378 951.309386
29130707 952.393340
29129547 953.471113
29127258 954.547247
29127135 955.621967
29126530 956.698815
29125794 956.698821
29125247 957.778509
29124853 958.856164
29119771 959.933607
29119736 961.013282
29119263 962.085659
29118466 963.157293
29116139 964.237055
29115795 965.316739
29115298 966.392783
29114896 967.469446
29114058 968.548432
29113667 969.629850
29110869 969.629855
29110036 970.702333
29108477 971.785184
29108272 972.865679
29105829 973.940513
29105816 975.018494
29105774 976.100192
29105690 977.180822
29105615 978.261072
29100547 979.342352
29100280 980.411482
29100136 981.495055
29099072 982.572547
29098667 983.650605
29093161 984.726610
29089313 985.802638
29088450 986.878299
29088060 987.960181
29087374 989.036059
29083637 990.111713
29083513 991.192278
29082011 992.272771
29080950 993.358396
29080654 994.439697
29080634 995.519031
29080113 996.596881
29079646 996.596887
29078009 997.672994
29077009 998.751169
29076877 999.833863
29076575 1000.907950
29073108 1001.988745
29071699 1003.063944
29070113 1004.145726
29068343 1005.225413
29068320 1006.309715
29066916 1007.384582
29065544 1008.464725
29065520 1009.543531
29064271 1010.617243
29063294 1011.699332
29062724 1012.778883
29060966 1013.863037
29059834 1014.946548
29058967 1016.030921
29057999 1017.120590
29056640 1018.199301
29056347 1018.199305
29054974 1019.278191
29054584 1020.355502
29052852 1021.435922
29052804 1022.519747
29051802 1023.600105
29051647 1023.600110
29051230 1024.670765
29050328 1024.670769
29049268 1025.752071
29049136 1025.752075
29048771 1026.829870
29048678 1026.829874
29046738 1027.916039
29045958 1027.916043
29045001 1027.916046
29044980 1029.014800
29044071 1030.097160
29042757 1030.097166
29041965 1031.181133
29037478 1032.263114
29036956 1033.350828
29036928 1034.431366
29036392 1035.509918
29035777 1035.509924
29035697 1036.586265
29034410 1037.666530
29032969 1038.749734
29032187 1039.833123
29031432 1040.916209
29030879 1042.001339
29030409 1043.082665
29028139 1043.082670
29027848 1044.170653
29026647 1045.252363
29025743 1046.334527
29025461 1047.420247
29025139 1048.501604
29022808 1048.501609
29022514 1049.583521
29022342 1050.671341
29022208 1050.671347
29021961 1051.754454
29021856 1051.754461
29016292 1052.832108
29015034 1053.926413
29012241 1055.006314
29012083 1056.089550
29005905 1057.174331
29005719 1058.256791
29003771 1059.335954
29000417 1060.421169
28998241 1061.505178
28996142 1062.585224
28993073 1063.660951
28991319 1064.747228
28991044 1065.834533
28991031 1066.919116
28989964 1068.007228
28989648 1069.092594
28989507 1070.178550
28988076 1071.263812
28987491 1072.349887
28987062 1073.433810
28986706 1074.517950
28985490 1075.597664
28983439 1076.679547
28982721 1077.761087
28980596 1078.852067
28978489 1079.941798
28977525 1081.026033
28977423 1082.116303
28975389 1083.196603
28974140 1084.285157
28972246 1085.368224
28971464 1086.454321
28971420 1087.542264
28969190 1088.626840
28969003 1089.719757
28968258 1090.804839
28967683 1091.890301
28967675 1092.981931
28967007 1094.077862
28963587 1094.077866
28961396 1095.160448
28960521 1096.247828
28960191 1097.336836
28960133 1098.426454
28957368 1099.513669
28956922 1100.598408
28956487 1101.686712
28953858 1101.686718
28952779 1102.768571
28952386 1103.857808
28950983 1104.939566
28949963 1106.025933
28947656 1107.111119
28945864 1108.202981
28944354 1109.292938
28940667 1109.292943
28939577 1110.375901
28937539 1111.466212
28937030 1112.548205
28936963 1113.635695
28936685 1114.716712
28935720 1115.810916
28934508 1115.810921
28934269 1116.901296
28932575 1116.901302
28931374 1117.998053
28930423 1119.102566
28930256 1120.199632
28929678 1120.199639
28929438 1121.285938
28929282 1122.378786
28928668 1122.378792
28928531 1123.469865
28923429 1124.562513
28922948 1125.657666
28922050 1126.751358
28920575 1127.840918
28919790 1128.938253
28918597 1130.026800
28918225 1131.128549
28917169 1132.226701
28915766 1133.316414
28913899 1134.408712
28912724 1135.502360
28911309 1135.502366
28910477 1136.590994
28909172 1137.685733
28908244 1137.685739
28907011 1138.780184
28905174 1138.780191
28904089 1139.870674
28902055 1140.968447
28900458 1142.060954
28899515 1143.152922
28897423 1144.243680
28896064 1145.339220
28893249 1146.432818
28890827 1147.524869
28890815 1148.617764
28890510 1149.717276
28890487 1150.814470
28889812 1151.907834
28889689 1152.999384
28889385 1152.999390
28886904 1154.091235
28886877 1155.186005
28885888 1155.186011
28883553 1156.276543
28882647 1157.374532
28882451 1158.468865
28880926 1159.560770
28880784 1160.650567
28880038 1160.650573
28879253 1161.747516
28879028 1162.845022
28872375 1162.845028
28872307 1163.941001
28872000 1165.036408
28870527 1166.131634
28869954 1167.235845
28868175 1168.328742
28868117 1169.427873
28867828 1170.531177
28866760 1171.630273
28865577 1172.730887
28865065 1173.826081
28864729 1174.914149
28863879 1176.011649
28863446 1177.104468
28863340 1178.196779
28862331 1178.196784
28860258 1179.291420
28859159 1180.388633
28858646 1181.491694
28857158 1182.590056
28855552 1183.684870
28854493 1184.784070
28854384 1185.882750
28853173 1186.980004
28851600 1188.076298
28847172 1189.168491
28846420 1190.264680
28844927 1191.367288
28841345 1192.469149
28839711 1193.569731
28839192 1194.674474
28839063 1195.777791
28838862 1196.876376
28838609 1197.972565
28837650 1199.070374
28837184 1200.171562
28835634 1201.270605
28834490 1202.367884
28834216 1203.459632
28833010 1204.554170
28831746 1205.652351
28829043 1206.744637
28827534 1207.846365
28822960 1208.947598
28822411 1210.052633
28822141 1211.150692
28822022 1212.249642
28820542 1213.351255
28815663 1214.455662
28815599 1215.557277
28814937 1216.659460
28811957 1217.762823
28808634 1218.861271
28808568 1219.967688
28808501 1221.069253
28807449 1222.172266
28807234 1223.275268
28807052 1224.376349
28805919 1225.483803
28803463 1226.590214
28803138 1227.696474
28800095 1228.795673
28798878 1229.905697
28796622 1231.007737
28795232 1232.109464
28795086 1233.220205
28794513 1234.325166
28794379 1235.425648
28793726 1236.534046
28793055 1237.640520
28792662 1238.742544
28788562 1239.849305
28786893 1240.958677
28786009 1242.067527
28785672 1243.175777
28784461 1244.277612
28784029 1245.385135
28779494 1246.494068
28776470 1247.598882
28776200 1248.701506
28776160 1249.808134
28775535 1250.914500
28774718 1252.022178
28774018 1253.131133
28773508 1254.241930
28773033 1255.350892
28771438 1256.459332
28771195 1257.571874
28768821 1258.673523
28768386 1259.777997
28768112 1260.885286
28767125 1261.992298
28766556 1263.098123
28765168 1264.211982
28764790 1265.318895
28763166 1266.432459
28761027 1267.539644
28760151 1268.649561
28760036 1269.760997
28759317 1270.868433
28758462 1271.976387
28758262 1273.083972
28756905 1274.197567
28754956 1275.307979
28753633 1276.416913
28751001 1277.539476
28750355 1278.648091
28750149 1279.760829
28748073 1280.869622
28746287 1281.978190
28742581 1283.093770
28742051 1284.208576
28741983 1285.315246
28741420 1286.437546
28739077 1287.552258
28737652 1288.669666
28736823 1289.781553
28736144 1290.902715
28736097 1292.019422
28734501 1293.129083
28733934 1294.241640
28733204 1295.357373
28733030 1296.468604
28732991 1297.594009
28731576 1298.706955
28731475 1299.814405
28731205 1300.933141
28731025 1302.053528
28730113 1303.167676
28729368 1304.277596
28727070 1305.391884
28726957 1306.519021
28726671 1307.644634
28725372 1308.760480
28723840 1309.874618
28722899 1310.992619
28722024 1312.112369
28721518 1313.230485
28717067 1314.354048
28716468 1315.471403
28714694 1316.595536
28712060 1317.713292
28711170 1318.833680
28710067 1319.953682
28709210 1321.076613
28708396 1322.201121
28707584 1323.319939
28707262 1324.434833
28703576 1325.567096
28702356 1326.689767
28700917 1327.801895
28700375 1328.916200
28699353 1330.034440
28697835 1331.156851
28697454 1332.283623
28696511 1333.406476
28695130 1334.537491
28693757 1335.653526
28690924 1335.653531
28690205 1336.766160
28688060 1337.882513
28687994 1339.002990
28685891 1339.002995
28684515 1340.123686
28681917 1341.242878
28680665 1342.365186
28680388 1343.485090
28678890 1344.607750
28678370 1345.736797
28677700 1346.856259
28677201 1347.980956
28676577 1349.106424
28675578 1350.225656
28675568 1351.352237
28674723 1351.352242
28674465 1352.483003
28673374 1352.483007
28673021 1353.608514
28672855 1354.732365
28672033 1355.856824
28670815 1356.987353
28669659 1358.115986
28669151 1359.244509
28668696 1360.372150
28667787 1361.493347
28667776 1362.620289
28666407 1362.620293
28665358 1363.744709
28664827 1364.867426
28660615 1365.994670
28660421 1367.119195
28660151 1368.244782
28659985 1369.371970
28659196 1370.498490
28655924 1371.627202
28655480 1372.750360
28653890 1373.870157
28652398 1374.996345
28652094 1376.119635
28648665 1377.246589
28648534 1378.373133
28647276 1378.373137
28647187 1379.508858
28644005 1379.508862
28643915 1380.642995
28643504 1381.779750
28641990 1382.909044
28639992 1384.032231
28639126 1385.172315
28638969 1386.310002
28638712 1386.310006
28637979 1387.438494
28636831 1387.438498
28636720 1388.564449
28633723 1388.564454
28633076 1389.693165
28631913 1390.828659
28631529 1391.955395
28631085 1393.082524
28630252 1394.214507
28628886 1395.339061
28625491 1396.465387
28624743 1396.465391
28624324 1397.597010
28623778 1397.597015
28621537 1398.728402
28620371 1399.864471
28619750 1401.002591
28619737 1401.002596
28613954 1402.133787
28612746 1403.277704
28611207 1404.407559
28609872 1405.549650
28609156 1406.683054
28606438 1407.814342
28605538 1408.949907
28604755 1410.088369
28604092 1411.220527
28603797 1412.360612
28602567 1413.495766
28601367 1414.628538
28600999 1415.769518
28598858 1416.909799
28598480 1418.044224
28596483 1419.178872
28595664 1420.311253
28594660 1421.457690
28594016 1422.594069
28593484 1423.729998
28592768 1424.866861
28592126 1426.002271
28590943 1427.132496
28590880 1428.267400
28590799 1429.408164
28590473 1430.547100
28589841 1430.547105
28589831 1431.692236
28589019 1431.692241
28587929 1432.826055
28587409 1433.968819
28587109 1435.113363
28586991 1436.250859
28586835 1437.390096
28586302 1437.390100
28585912 1438.526652
28585304 1439.672001
28584584 1440.813425
28583834 1441.949916
28582409 1441.949920
28580765 1443.087015
28580130 1444.226690
28578748 1445.367428
28578705 1446.509840
28577341 1447.657841
28575348 1448.802670
28574048 1449.942302
28573723 1451.088975
28572872 1452.231122
28572135 1453.374225
28568278 1454.520771
28567034 1455.667803
28566599 1456.807648
28566551 1457.955114
28566385 1459.103822
28565830 1460.248587
28564104 1461.392844
28563170 1462.536998
28563005 1463.684169
28561412 1464.832375
28559533 1465.973100
28559136 1467.119398
28558584 1468.263653
28558367 1469.408034
28557356 1470.564122
28556540 1471.710293
28556498 1472.852586
28556310 1472.852590
28556104 1473.993805
28556050 1473.993809
28553577 1475.139995
28552144 1476.282828
28549726 1477.431928
28548648 1478.587946
28547829 1479.740400
28547660 1480.890273
28547134 1482.035727
28546787 1483.187381
28546260 1484.332469
28545359 1485.485824
28545313 1486.637943
28544340 1487.792880
28537312 1487.792884
28535925 1488.942364
28535651 1490.089009
28535149 1491.239374
28534671 1492.384813
28533841 1493.533564
28532585 1494.686831
28532393 1495.845155
28532157 1497.000881
28531395 1498.151580
28530453 1499.311826
28529931 1500.469950
28529485 1501.619225
28529252 1502.768196
28529017 1503.926720
28528921 1503.926724
28527181 1505.072494
28526483 1506.219797
28525018 1507.370793
28524176 1507.370797
28523448 1508.525679
28522323 1509.682219
28521878 1510.835276
28521721 1510.835281
28521387 1511.984948
28520639 1513.146727
28519773 1514.305145
28519248 1515.457305
28517639 1515.457310
28516694 1516.605561
28516460 1516.605565
28515932 1517.758521
28513270 1517.758526
28512788 1518.925162
28512204 1520.077436
28511633 1521.231525
28510654 1522.382292
28510549 1523.535558
28509668 1524.691624
28509458 1525.849107
28508760 1527.001397
28508472 1528.157703
28508357 1529.313833
28508051 1529.313838
28507633 1530.465114
28504043 1531.624813
28500832 1532.780584
28499073 1533.931697
28498965 1533.931702
28498221 1535.089363
28498028 1536.245691
28495639 1536.245695
28494023 1537.398936
28493869 1538.548969
28492707 1539.718047
28492057 1540.875434
28490390 1542.030883
28489432 1543.191016
28489114 1544.352535
28489094 1545.516618
28488062 1546.679333
28487779 1547.838349
28487126 1547.838353
28486626 1549.001527
28484947 1549.001531
28484266 1550.158518
28483504 1551.317843
28482647 1552.476629
28481912 1553.638895
28481507 1554.794806
28480609 1555.965804
28478482 1557.129836
28478151 1558.289063
28478013 1558.289068
28477530 1559.448061
28477279 1560.614556
28475533 1560.614561
28474686 1561.781157
28473809 1562.946353
28473575 1564.106459
28473174 1564.106464
28472472 1565.271128
28472188 1566.430664
28472118 1566.430669
28470610 1567.595202
28469000 1568.767902
28468536 1569.932305
28467843 1571.103423
28467344 1572.270515
28462705 1573.437379
28462579 1574.601922
28462362 1575.766791
28461474 1576.933814
28461228 1578.106018
28461188 1579.276339
28459181 1580.445301
28456860 1581.616178
28456368 1582.778709
28455686 1583.944949
28455309 1585.115273
28454558 1586.284333
28453788 1587.459644
28453155 1588.625832
28452617 1589.807452
28452215 1590.971800
28450388 1592.149459
28450043 1593.322847
28448983 1594.487978
28448946 1594.487982
28448748 1595.653920
28446125 1595.653924
28444458 1596.828786
28444022 1597.991527
28442771 1599.170809
28441646 1600.336452
28441093 1601.508728
28440868 1602.679817
28438737 1602.679821
28437364 1603.855022
28437258 1605.032065
28437187 1606.205565
28436836 1607.380756
28436739 1607.380760
28436644 1608.555162
28435678 1608.555165
28435148 1609.731979
28434649 1610.902218
28433684 1612.075315
28432999 1613.249354
28432413 1613.249358
28431284 1614.423706
28430635 1615.601468
28429680 1616.771974
28429461 1616.771978
28429226 1617.942574
28428656 1617.942578
28427243 1619.121114
28426705 1620.303821
28425298 1620.303826
28424586 1621.481573
28423656 1621.481576
28422902 1621.481578
28422612 1622.654985
28419830 1623.829917
28419791 1625.004553
28419316 1626.177576
28418765 1627.360734
28418671 1628.540126
28418382 1629.720158
28416082 1630.896832
28410698 1632.068634
28409122 1633.245909
28407248 1634.425734
28406477 1635.602606
28406118 1636.782802
28405695 1637.963472
28405047 1639.143458
28404175 1640.319356
28403626 1641.501007
28402944 1642.680956
28401785 1643.862068
28401178 1645.046636
28400490 1646.231625
28399135 1647.411744
28396227 1648.597265
28396126 1649.774922
28395877 1650.955132
28393798 1652.137638
28393664 1653.324233
28392614 1654.505710
28392517 1655.681692
28392326 1656.865583
28392128 1658.045715
28392087 1659.226965
28391743 1660.413298
28391298 1661.598506
28390119 1662.787771
28390007 1663.975538
28389230 1665.161463
28388412 1666.337704
28387024 1667.523648
28386203 1668.708700
28385995 1669.886943
28385655 1671.080131
28384514 1672.269811
28384183 1673.457346
28383831 1674.634613
28383031 1675.816941
28382585 1677.010340
28382206 1678.191116
28382164 1679.372335
28382034 1680.558617
28380837 1681.741705
28380132 1682.926046
28380117 1684.115322
28379943 1685.310531
28379413 1685.310537
28378973 1686.505567
28378800 1687.684911
28375400 1687.684918
28375130 1688.876477
28374610 1690.064467
28373791 1691.249599
28373428 1692.432045
28372728 1693.615300
28371208 1694.801763
28367866 1694.801769
28367267 1695.992013
28366933 1697.172910
28366562 1698.362871
28365580 1698.362877
28365111 1699.557357
28365043 1700.753864
28364936 1700.753868
28364827 1700.753872
28364689 1701.950451
28364311 1701.950455
28362296 1701.950459
28361647 1703.144982
28359259 1704.331777
28359244 1705.522223
28358899 1706.710981
28357678 1707.905167
28357373 1709.094671
28356866 1710.284801
28356548 1711.470906
28356059 1712.662501
28355411 1713.853381
28354595 1715.047929
28354225 1716.242534
28353730 1717.437476
28353683 1718.632525
28353330 1719.827377
28351871 1721.011238
28350593 1722.209938
28350521 1723.402512
28349945 1724.597103
28349568 1725.793401
28348768 1726.987406
28348264 1728.178645
28348162 1729.377896
28346786 1730.581109
28346650 1731.779265
28346273 1732.974113
28345856 1734.172087
28345471 1734.172094
28345312 1735.374839
28345285 1736.581118
28344996 1737.778416
28344574 1738.968744
28344493 1740.166684
28343163 1740.166691
28342758 1741.356062
28342545 1742.554028
28341441 1743.756953
28341014 1744.952529
28339756 1746.147665
28339434 1747.347953
28338587 1748.544064
28338298 1749.738158
28336031 1750.941615
28334639 1752.139347
28333935 1753.341049
28333790 1754.546292
28333470 1755.742498
28332640 1756.941223
28332136 1758.149276
28328203 1759.355743
28327708 1760.562121
28326990 1761.765399
28326625 1762.968033
28326477 1764.166837
28326266 1765.372516
28325620 1766.574983
28322847 1766.574989
28322530 1767.778304
28322234 1768.985506
28322041 1770.182892
28320660 1771.383915
28320645 1772.582215
28320074 1773.785770
28319539 1774.990892
28319091 1776.194077
28318103 1777.390686
28317418 1778.594800
28316656 1779.795455
28316408 1781.001409
28316293 1782.196750
28315989 1783.406210
28315601 1783.406217
28315226 1784.612248
28315121 1785.814233
28314452 1787.024339
28314043 1788.234488
28313204 1789.434649
28313163 1790.642192
28312713 1791.849484
28312444 1793.057291
28311464 1794.260865
28311050 1795.466647
28310957 1796.670780
28310430 1797.875625
28310085 1799.081046
28309001 1800.289498
28308626 1801.497060
28308464 1802.702344
28307955 1803.914927
28307607 1805.120291
28307157 1805.120298
28306768 1806.326550
28306500 1807.529180
28306363 1808.740238
28306104 1809.940404
28305467 1811.146865
28305418 1811.146869
28305334 1812.348847
28304940 1812.348851
28304288 1813.560128
28303949 1814.769206
28303889 1815.980783
28303839 1817.184148
28303493 1818.392540
28303193 1819.605668
28303083 1819.605674
28303003 1820.817694
28302893 1820.817700
28301763 1822.024505
28301589 1822.024512
28301473 1823.238248
28298826 1823.238252
28298729 1824.451893
28298509 1825.663722
28296200 1825.663729
28296045 1826.871453
28295846 1828.080325
28295517 1829.290293
28295229 1830.501103
28294751 1831.710345
28293724 1832.921168
28293630 1834.132949
28293001 1835.340541
28292869 1836.550116
28292683 1836.550122
28292349 1837.759835
28290793 1838.972062
28290380 1840.180836
28290277 1841.387861
28290189 1842.599824
28289202 1843.810952
28288678 1845.020064
28288289 1846.232339
28286309 1847.445500
28286235 1848.660862
28286133 1849.878631
28285683 1851.087965
28284624 1852.299121
28284519 1853.505938
28284424 1854.718494
28284281 1855.920453
28284092 1857.132135
28283880 1858.344227
28283700 1859.554169
28283533 1860.769317
28282825 1861.983406
28282514 1863.197449
28278936 1864.407797
28278781 1865.621007
28278293 1866.833973
28277924 1868.047994
28277655 1869.251567
28277496 1870.457071
28277230 1871.660931
28277113 1872.861480
28276730 1874.071880
28276585 1875.286060
28276480 1876.497750
28276225 1877.711408
28275265 1878.919310
28274386 1880.130707
28274145 1881.344904
28274075 1882.551916
28273860 1883.766743
28273672 1884.978318
28273434 1886.192558
28273201 1887.410164
28272230 1888.609313
28272017 1889.821192
28271782 1891.034712
28271645 1892.241792
28269983 1893.450087
28269773 1894.658981
28269672 1895.873684
28269405 1897.076610
28269281 1898.287598
28269165 1899.502362
28269008 1900.714049
28268893 1901.921184
28268716 1903.131797
28268655 1904.343818
28268413 1905.545549
28268370 1906.751632
28268336 1907.971229
28268251 1909.174474
28268103 1910.376030
28268000 1911.579418
28267879 1912.797557
28267757 1914.001791
28267642 1915.207104
28267449 1916.418660
28267413 1917.622892
28267321 1918.838377
28267229 1920.057644
28267036 1921.270475
28266904 1921.270481
28266719 1922.477293
28266591 1923.681349
28266339 1924.887195
28265243 1926.097810
28265239 1927.303516
28265090 1928.503389
28262367 1928.503396
28262287 1929.704665
28261889 1930.907668
28261787 1932.111013
28261595 1933.315579
28261545 1934.524907
28261159 1935.739921
28260709 1936.960475
28260516 1938.160213
28260491 1939.369830
28260470 1940.576752
28260323 1941.785702
28260218 1942.991955
28259744 1944.192978
28259474 1945.395077
28259039 1945.395083
28258798 1946.608400
28258759 1947.808849
28258591 1949.011749
28258416 1950.213454
28258385 1951.424122
28258381 1952.630148
28258364 1952.630155
28258176 1953.832346
28257817 1955.040685
28257724 1956.243089
28257574 1957.447354
28257440 1958.659870
28257338 1958.659876
28256910 1959.862025
28256808 1961.060408
28256728 1962.260430
28255930 1963.457257
28255535 1964.653570
28254880 1965.867295
28254730 1967.060747
28254687 1968.257570
28254539 1969.455576
28253979 1970.661099
28253887 1971.855831
28253567 1973.062252
28253440 1974.251004
28253280 1975.450344
28252765 1976.657517
28252714 1977.852967
28252694 1979.056739
28252481 1980.250605
28252368 1981.441110
28251549 1982.635137
28251477 1983.830021
28251453 1985.026953
28250760 1986.225690
28250712 1987.415569
28250703 1988.603785
28250676 1989.795177
28250393 1990.985669
28250379 1992.185835
28250352 1993.377708
28250319 1993.377714
28250278 1994.578143
28250169 1994.578150
28249512 1995.772808
28249488 1996.963022
28249398 1998.158288
28249381 1999.342796
28249279 2001.713123
28248958 2002.907826
28248806 2004.098188
28248737 2005.284798
28248690 2006.461272
28248676 2007.647733
28248644 2008.832740
28248619 2010.016142
28248411 2011.200251
28247865 2012.382464
28247766 2013.570649
28247734 2014.754347
28247527 2015.938764
28247423 2017.119982
28247354 2018.302562
28247274 2019.487559
28247199 2020.660952
28247186 2021.842205
28247166 2023.011623
28247163 2025.363832
28247123 2026.540923
28247088 2027.712581
28247066 2028.889176
28246971 2030.075077
28246956 2031.246389
28246631 2032.419786
28246378 2037.110600
28246169 2038.273281
28246102 2039.441324
28246093 2042.922447
28246080 2044.086873
28246025 2046.409705
28245991 2047.572906
28245986 2048.733977
28245979 2060.301148
28245297 2066.058828
28245033 2080.925079
28245025 2082.060134
28244936 2083.199778
28244816 2084.343406
28244688 2085.487760
28244652 2094.650559
28244638 2095.795178
28244476 2102.640733
28244418 2104.924551
28244354 2107.202991
28244344 2126.544539
28244336 2127.682516
28244327 2128.819013
28244318 2129.948832
28244313 2132.215257
28244036 2133.344057
28244031 2134.472556
28244027 2140.107227
28243864 2150.131219
28243861 2152.331721
28243858 2153.428472
28243856 2155.625657
28243853 2168.622388
28243846 2169.677518
28243837 2170.751078
28243772 2171.814024
28243717 2172.865966
28243710 2173.915787
28243707 2174.966446
28243704 2176.013393
28243601 2193.489732
28243601 2795.181707
