33911726 33.535571
32350521 33.535587
31381455 33.535588
30394685 33.535590
30272173 33.535591
30222088 35.147306
29723532 35.147313
29689836 35.147315
29518802 36.737278
28715875 36.737284
28528724 38.331825
28519158 39.920977
28515701 41.501641
28506776 43.061012
28495986 44.627387
28396064 46.174927
28141310 46.174932
28104208 47.712789
28103719 47.712794
28010464 49.253188
28001383 50.782894
27965875 52.306497
27932663 52.306502
27829671 52.306505
27120708 52.306507
27110357 53.826240
26967778 55.337399
26957234 56.849057
26949081 58.339754
26941748 59.837900
26934714 61.336252
26929007 62.817911
26781196 64.291134
26753583 65.767349
26740896 67.244406
26643786 67.244411
26406569 67.244412
26208162 68.716012
26201197 70.160316
26178153 71.601260
26158208 73.039765
26117979 73.039771
26081381 74.470803
25989787 75.903344
25985024 77.323968
25982058 78.734174
25978491 80.125199
25851286 80.125204
25776336 81.514077
25766354 82.907854
25757295 84.296495
25749743 85.670795
25744189 87.059018
25737984 88.428409
25684963 88.428414
25564748 89.791906
25561095 91.142552
25557995 92.502106
25552249 93.860531
25546661 95.205738
25425457 96.543365
25420247 97.877618
25417178 99.199403
25412306 100.522737
25407421 101.842395
25401666 103.145242
25396789 104.455753
25386023 105.752374
25367569 107.044209
25360971 108.329995
25356362 109.612782
25348758 110.898079
25345018 112.164632
25341458 113.429379
25339197 114.695784
25315838 115.939277
25311607 117.178376
25308890 118.421176
25304294 119.655229
25300432 120.883702
25295093 122.115647
25291511 123.343926
25285462 124.566245
25280570 125.781390
25279203 126.990586
25277466 128.196044
25273967 129.391354
25272643 129.391359
25271070 130.585787
25266166 130.585793
25257213 131.781718
25253441 132.970206
25242203 134.148099
25238963 135.319256
25237685 136.496460
25236090 137.662051
25230065 138.821794
25226359 139.981260
25225387 141.139449
25207513 142.288790
25205615 143.439976
25199764 144.582599
25196139 145.717006
25185729 146.851915
25183743 147.984823
25183080 149.115308
25180548 149.115314
25179341 150.240737
25178423 151.364139
25177476 152.486957
25176547 152.486963
25175914 153.610700
25173817 153.610706
25166367 154.726834
25163187 155.846013
25161887 156.957298
25161086 158.067714
25154127 159.171034
25149384 160.277683
25144079 161.377519
25143473 162.478369
25136936 163.573250
25135267 164.667816
25133191 165.754792
25128280 166.844114
25128103 167.929948
25122438 169.017225
25121009 170.103005
25117608 171.182227
25114251 172.258461
25112553 173.333728
25111869 174.405725
25110044 175.477931
25108150 176.547926
25105779 177.612340
25105161 178.677924
25099896 179.739461
25098720 180.806134
25097753 181.867367
25094830 182.932416
25092425 183.995073
25091550 185.054117
25089911 186.114480
25088229 187.170782
25087973 188.224016
25086663 189.284691
25086570 190.332346
25086286 191.380425
25083908 192.424322
25081074 192.424327
25080416 193.470075
25080172 194.513975
25079465 194.513980
25078740 195.561849
25074880 195.561854
25072813 196.602366
25072502 197.644647
25071943 198.682969
25070859 198.682974
25069858 199.724029
25069764 199.724034
25067664 200.766623
25066671 200.766628
25064901 201.806422
25064691 202.838067
25057020 202.838072
25056260 203.874463
25048250 204.909994
25042842 205.938643
25041364 206.975515
25039589 208.011193
25037578 209.039551
25035249 210.070588
25034494 211.098506
25032665 212.127369
25029430 213.148930
25028502 214.170376
25026990 215.190908
25021789 216.209572
25021373 217.234003
25021031 218.251264
25012531 218.251269
25010084 219.271574
25007092 220.292414
25005262 221.313644
25002945 222.333211
25002744 223.348328
25000084 224.366628
24999799 225.377571
24998470 226.386022
24997996 227.398348
24997981 228.408848
24997162 229.416602
24996646 230.425391
24996113 231.429787
24994780 232.437499
24990369 233.444600
24990089 234.445629
24988642 235.448921
24987809 236.449298
24985907 237.451596
24982728 238.450789
24982055 239.448749
24981626 240.445071
24980799 241.440844
24979700 242.435534
24978004 243.433939
24977776 244.430496
24977070 245.425375
24976490 246.417328
24974672 247.414119
24973311 248.408114
24972914 249.396577
24972152 250.386258
24970595 251.378080
24969643 252.368579
24969614 253.350534
24967957 254.336044
24966532 255.320572
24965649 256.301648
24962367 257.284409
24960254 258.264854
24958858 259.248890
24958715 260.231147
24956714 261.210328
24955005 262.190914
24949996 263.169254
24949253 264.146372
24949147 265.125025
24948580 266.106071
24947560 267.076293
24945090 268.050575
24944877 269.029134
24943552 270.006801
24937286 270.983046
24936604 271.957872
24936520 272.929893
24935828 273.901750
24933163 274.872000
24932981 275.841835
24932516 276.809330
24932230 277.777882
24932102 278.745453
24931035 279.707260
24929689 280.675156
24928343 281.636454
24928252 282.604304
24926220 283.571301
24924702 284.531278
24923689 285.491394
24923285 286.450482
24922867 287.416008
24920358 287.416012
24919663 288.374225
24913594 289.337280
24913444 290.299303
24912863 291.259426
24912311 292.221532
24911443 293.182504
24911270 294.140392
24909607 295.097846
24897915 296.056500
24895929 297.012589
24895550 297.970544
24894044 298.927451
24894008 299.884687
24893517 300.840202
24893318 301.795854
24892018 302.745385
24891682 303.705711
24891450 304.658032
24891290 305.610926
24889572 306.565172
24888786 307.516673
24887180 308.470373
24886434 309.420060
24882181 310.367592
24881767 311.321792
24881527 312.271378
24877367 313.220508
24877143 314.168029
24877074 315.115698
24877035 316.065538
24876746 317.011472
24876576 317.957387
24876448 318.904264
24876357 319.843723
24875466 320.785315
24863310 321.728457
24862671 322.670871
24859010 323.611959
24858485 324.553621
24857133 325.499344
24856761 326.437531
24856403 327.378018
24856297 328.317680
24855426 329.258643
24853393 330.201220
24853118 331.137359
24852590 332.080076
24851664 333.017408
24850497 333.952981
24849633 334.892142
24845785 335.827561
24845289 336.766291
24844272 337.708522
24842873 338.643394
24842425 339.580672
24842363 340.516434
24842112 341.452124
24838414 342.388363
24836518 343.318027
24835293 344.251149
24834672 345.181397
24834538 346.113248
24834388 347.049361
24834145 347.984240
24833987 348.916615
24833220 348.916619
24832493 349.843878
24831267 349.843883
24826123 350.777394
24825082 351.707316
24824140 352.638228
24821078 353.568450
24819832 354.498447
24818989 355.422797
24816523 356.353186
24815442 357.276498
24809389 358.200488
24807825 359.125153
24802811 360.050277
24801747 360.974366
24801733 361.899022
24801439 362.823430
24801386 363.745991
24801072 364.670457
24799401 365.594906
24798699 366.516795
24797855 367.439174
24794805 368.367517
24794165 369.287963
24793346 370.208494
24792636 371.129630
24792004 372.048208
24791195 372.969670
24790479 373.889183
24788322 374.809193
24786219 375.724956
24785497 376.644165
24782103 377.563610
24781940 378.480184
24775823 379.400267
24775763 380.320295
24774908 381.237002
24774527 382.157093
24774358 383.074680
24767499 383.993056
24766378 384.908841
24765775 385.823791
24757703 386.745643
24754507 387.657246
24754424 388.573554
24754150 389.488803
24754058 390.406592
24752073 391.322887
24751820 392.234724
24751394 393.145064
24750781 394.061655
24749093 394.971298
24748367 395.885200
24748283 396.797860
24748156 397.710446
24747867 398.622475
24746909 399.536984
24746498 400.447817
24746062 401.355847
24745892 402.267284
24739963 403.176999
24739711 404.101535
24739698 405.016397
24738025 405.926570
24737989 406.840459
24737715 407.748331
24737255 408.656886
24734474 409.565131
24732318 410.474948
24730567 411.384777
24730509 412.295776
24727831 413.208221
24727802 414.113684
24727664 415.017177
24727286 415.924311
24725003 416.831751
24720709 417.739030
24720498 418.647597
24720158 419.554983
24719393 420.462168
24715867 421.366520
24711936 422.274154
24710377 423.178317
24710273 424.081126
24709552 424.982964
24698679 425.886968
24697038 426.789939
24696777 427.692459
24696535 428.594629
24696163 429.495462
24696021 430.399471
24695041 431.304826
24694903 432.208143
24694221 433.112319
24692945 434.013022
24692102 434.925845
24691854 435.829115
24690279 436.731076
24690027 437.629085
24689682 438.532861
24687250 439.431059
24686989 440.329396
24686213 441.232069
24685408 442.131815
24685371 443.028581
24678798 443.929057
24677450 444.826174
24674703 445.727324
24674536 446.624813
24673994 447.523835
24673116 448.419679
24670716 449.319423
24670041 449.319429
24663328 450.217633
24662651 451.113149
24661544 452.008334
24657738 452.905613
24656593 453.805141
24655664 454.702623
24654690 455.598582
24653196 456.494280
24650967 457.391069
24648946 458.287946
24646212 459.184625
24642165 460.077461
24639845 460.972913
24638643 461.866417
24637173 462.759464
24636292 463.653692
24632778 464.547421
24628627 465.439977
24626547 466.335006
24625898 467.227819
24625265 468.119669
24622411 469.012317
24620446 469.902545
24618039 470.796731
24617545 471.691589
24617135 472.582977
24614828 473.477578
24611899 474.372562
24611651 475.267731
24610183 476.158013
24609970 477.048736
24609532 477.941317
24608649 478.830481
24605667 479.720526
24603044 480.616526
24603012 481.507444
24598859 482.400574
24593169 483.290130
24593147 484.180774
24593140 485.070383
24593117 485.960554
24592119 486.850355
24591460 487.740926
24589209 488.631429
24587566 489.522790
24585915 490.411499
24585082 491.303519
24584455 492.192044
24582886 493.082721
24581824 493.971334
24580953 494.862659
24579628 495.752933
24578256 496.640544
24575397 497.529498
24573312 498.422114
24573078 499.305936
24570160 500.192200
24568953 501.085456
24568404 501.976535
24568092 502.867091
24567794 503.755659
24566814 504.646666
24566454 505.531988
24565594 506.422187
24564806 507.310677
24562613 508.199299
24558745 509.087559
24558401 509.980866
24553386 510.872192
24550610 511.764714
24548274 512.653731
24544032 513.544222
24543886 514.431665
24541150 515.318610
24540810 516.208865
24540146 517.098817
24537515 517.985756
24537021 518.875453
24534309 519.766573
24533064 520.653391
24532078 521.538770
24530651 522.428062
24530549 523.315760
24530157 524.201783
24529936 525.091542
24529574 525.980516
24525044 526.865458
24521029 527.753589
24519568 528.640548
24518482 529.528046
24517697 530.417587
24516415 531.303179
24514636 532.190421
24513257 533.081949
24510379 533.970810
24508544 534.861129
24506575 535.747938
24505271 536.635468
24504822 537.528389
24499510 538.412750
24499074 539.302836
24498608 540.190316
24494590 541.075289
24492469 541.961197
24491188 542.848271
24490341 543.738017
24489753 544.620824
24488582 545.503562
24488018 546.391194
24487661 547.274952
24485666 548.161795
24483573 549.046942
24482732 549.936596
24482470 550.821271
24481685 551.708855
24481162 552.599207
24480907 553.487422
24479697 554.373211
24479473 555.257325
24479389 556.140691
24479270 557.026417
24479253 557.911651
24478995 558.796126
24478916 559.689535
24478851 560.577117
24476558 561.460316
24476367 562.346373
24475427 563.232060
24474545 564.121761
24474413 565.008478
24472740 565.892020
24470942 566.780588
24469803 567.666935
24467872 568.553624
24467783 569.437959
24467782 570.323886
24465830 571.213083
24465417 572.100908
24464020 572.991271
24462114 573.879601
24461993 574.763423
24461644 575.653435
24458584 576.543235
24457837 577.430502
24454679 578.319107
24448935 579.206507
24448261 580.093557
24447563 580.977632
24446716 581.863857
24445920 582.752030
24445854 583.641976
24443851 584.524856
24442280 585.414646
24441689 586.299736
24440250 587.190009
24439807 588.075388
24438871 588.963594
24438468 589.850307
24436520 590.739096
24436175 591.629336
24432879 592.518488
24432847 593.404602
24430146 594.292942
24428762 595.181771
24426281 596.073045
24425916 596.958421
24425625 597.846234
24425125 598.732379
24424341 599.621194
24423405 600.506102
24420378 601.393102
24419755 602.279637
24419032 603.165685
24418392 604.052748
24414250 604.937626
24413756 605.822905
24413014 606.712863
24411503 607.599514
24408878 608.483095
24408662 609.372357
24407925 610.260175
24406781 611.147348
24403039 612.036619
24402818 612.926963
24399333 613.819541
24396188 614.708447
24395572 615.596476
24394964 616.484342
24394366 617.376109
24393611 618.266299
24392466 619.153329
24390133 620.042102
24389202 620.932466
24388574 621.826807
24388303 622.716301
24386109 623.601966
24384238 624.493916
24384110 625.383194
24382688 626.274462
24382252 627.161039
24373819 628.050195
24370803 628.938746
24370779 629.824609
24370640 630.713281
24369598 631.603351
24369381 632.496494
24369101 633.385869
24366102 634.274475
24364772 635.163332
24364150 636.052993
24363170 636.943287
24361139 637.837086
24359925 638.726605
24359187 639.614385
24358057 640.505034
24357309 641.398256
24356943 642.292468
24354592 643.183627
24352134 644.073686
24351907 644.964170
24351144 645.854738
24349506 646.748401
24344980 647.635220
24342508 648.527068
24339112 649.419540
24338848 650.311661
24338281 651.204902
24337061 652.101239
24336529 652.990263
24336407 653.882863
24335904 654.780124
24334973 655.673744
24333181 656.563149
24331547 657.453833
24330855 658.343712
24329993 659.240006
24326006 660.130534
24325696 661.024550
24321733 661.917019
24321579 662.807383
24319573 663.701673
24315700 664.595073
24315362 665.491833
24315036 666.387263
24314688 667.276559
24313792 668.171903
24312815 669.063387
24312273 669.958815
24311549 670.852345
24310780 671.746530
24309804 672.640064
24306706 673.533731
24304807 674.428462
24303486 675.326115
24297668 676.220523
24296649 677.116840
24295713 678.012182
24295613 678.908457
24293783 679.805308
24292906 680.699507
24292197 681.592442
24291783 682.486655
24287975 683.382600
24284742 684.278842
24283179 685.176088
24283155 686.070851
24282028 686.967998
24279942 687.865246
24278852 688.759566
24278311 689.657008
24277273 690.548269
24275654 691.440237
24273059 692.335677
24265740 693.230151
24265295 694.123835
24262960 695.020802
24258984 695.920332
24258500 696.815391
24257957 697.712666
24256930 698.610804
24256055 699.503440
24253664 700.398586
24252389 701.296437
24251542 702.192746
24251347 703.090086
24248932 703.991214
24247437 704.890421
24246049 705.786953
24246021 706.681460
24245493 707.577141
24244323 708.476815
24242256 709.374137
24241345 710.271125
24240083 711.172304
24239099 712.072630
24236912 712.972361
24236474 713.868248
24234520 714.766533
24232830 715.668264
24232042 716.562684
24231039 717.464017
24230354 718.366361
24230009 719.268160
24226789 720.164457
24224899 721.062141
24223046 721.963849
24220426 722.863551
24219794 723.765299
24219703 724.671941
24219401 725.577294
24219099 726.480824
24218068 727.380432
24215375 728.282972
24213998 729.186016
24212041 730.090870
24211908 730.988029
24211464 731.888551
24210529 732.792320
24210410 733.697107
24209349 734.597340
24208477 735.499594
24207884 736.401373
24207656 737.302737
24205613 738.205427
24203526 739.107051
24202848 740.010078
24201667 740.915583
24200998 741.817261
24199833 742.719891
24199463 743.625819
24198854 744.530131
24197446 745.436812
24196315 746.340764
24195946 747.243604
24191023 748.148373
24190534 749.050754
24188948 749.954585
24187976 750.858009
24185580 751.763845
24185056 752.672112
24184916 753.575380
24183995 754.481306
24182979 755.386321
24181561 756.291229
24181363 757.199347
24180915 758.104083
24178586 759.007522
24176918 759.914714
24176360 760.822441
24175859 761.726651
24169547 762.634099
24168002 763.544548
24167743 764.448906
24165561 765.354576
24165340 766.260276
24163579 767.167455
24163296 768.076957
24162768 768.986518
24160679 769.894485
24159813 770.801024
24158356 771.706289
24157958 772.613883
24156515 773.519326
24155747 774.425770
24151338 775.332920
24150810 776.243154
24149867 777.152662
24148633 778.061606
24148323 778.965312
24147562 779.873734
24147020 780.782838
24145450 781.689958
24144702 782.597133
24144015 783.505219
24142435 784.415627
24140738 785.324027
24134280 786.229623
24133014 787.140781
24131491 788.055009
24128848 788.965741
24128302 789.872593
24125927 790.784209
24125579 791.689475
24124847 792.602587
24124716 793.514256
24123346 794.425638
24121620 795.336701
24120800 796.249467
24120103 797.157942
24120082 798.069131
24118617 798.980061
24118573 799.893866
24116268 800.804063
24115320 801.720550
24113981 802.631935
24113144 803.541418
24111923 804.455157
24109603 805.368049
24109430 806.278807
24107264 807.189583
24106567 808.102770
24106523 809.016487
24104533 809.929100
24103293 810.841053
24101872 811.759857
24101231 812.674164
24100554 813.587759
24100347 814.502667
24098944 815.416299
24096994 816.330701
24096151 817.243487
24095392 818.157075
24095280 819.072046
24095018 819.987241
24093653 820.901580
24093467 821.816877
24092580 822.727053
24091720 823.642233
24091403 824.551425
24091015 825.465256
24090358 826.382480
24088480 827.294643
24086878 828.209827
24086472 829.130403
24085611 830.045106
24085378 830.958584
24083595 831.871475
24082505 832.787168
24074840 833.703696
24073647 834.618929
24073051 835.534800
24071721 836.454865
24071020 837.372196
24070639 838.285306
24067831 839.204435
24067430 840.121718
24067394 841.039182
24066589 841.955420
24066120 842.871636
24065454 843.790131
24065422 844.705288
24062144 845.624055
24061699 846.544340
24061027 847.462131
24060830 848.383828
24059712 849.303100
24058236 850.223025
24057813 851.140561
24057287 852.056289
24057285 852.978300
24056637 853.896857
24055033 854.820040
24054143 855.742829
24053582 856.665452
24051724 857.586970
24051324 858.508724
24050794 859.429176
24050494 860.349587
24050076 861.274144
24049053 862.192741
24048687 863.115095
24048205 864.040286
24047977 864.961150
24047508 865.884103
24046492 866.810314
24045943 867.727265
24045393 868.650426
24044198 869.570973
24043577 870.490934
24043308 871.412939
24042954 872.338602
24042599 873.264128
24042187 874.186944
24041796 875.113474
24040110 876.036155
24039996 876.960252
24039702 877.884446
24038726 878.809593
24038456 879.735092
24037731 880.658796
24037369 881.585275
24036221 882.511050
24035782 883.436088
24034724 884.360209
24034313 885.283880
24034093 886.206447
24034003 887.132191
24033082 888.059088
24032884 888.984730
24032464 889.906704
24032314 890.829240
24031850 891.755577
24031737 892.685567
24030940 893.612155
24030166 894.535503
24028982 895.463132
24028048 896.395329
24027818 897.320666
24027190 898.246715
24025080 899.174104
24024349 900.103836
24024027 901.030226
24023595 901.953917
24022768 902.882635
24021988 903.805853
24018512 904.734866
24018111 905.664319
24017371 906.593458
24016490 907.519776
24013850 908.446757
24011476 909.373224
24010598 910.303055
24008702 911.228490
24007304 912.156276
24007269 913.082248
24004768 914.012474
24004052 914.945445
24003634 915.870191
24002366 916.798806
24000651 917.722850
23999875 918.646601
23999729 919.578909
23998495 920.508194
23997823 921.436593
23996780 922.364173
23996084 923.289772
23995054 924.218945
23994300 925.145713
23993970 926.075215
23993467 927.001663
23992623 927.930520
23991811 928.855582
23991270 929.786717
23990729 930.715468
23990192 931.644271
23989216 932.574931
23988900 933.505099
23988796 934.433666
23988424 935.363115
23987881 936.291219
23984810 937.220019
23984200 938.147376
23984062 939.076041
23983638 940.004171
23983558 940.934429
23983172 941.865687
23982779 942.794792
23982383 943.724848
23981305 944.654421
23980969 945.584587
23971075 946.515889
23969931 947.448057
23969839 948.379823
23969344 949.310203
23969229 950.238751
23969021 951.165880
23968793 952.093855
23968510 953.024926
23967756 953.954681
23967029 954.885088
23966335 955.815219
23963046 956.747368
23962630 957.679447
23961453 958.608410
23959872 959.542654
23958962 960.468042
23958514 961.396041
23958343 962.328321
23957947 963.257787
23957737 964.188018
23957373 965.117885
23956926 966.050767
23956613 966.982683
23952695 967.915030
23952460 968.844306
23951110 969.772173
23950846 970.702256
23950472 971.631082
23948217 972.559294
23946554 973.490936
23945069 974.426126
23944972 975.356921
23944071 976.287032
23943479 977.215490
23943132 978.146086
23942636 979.076003
23942445 980.007558
23942320 980.937197
23941122 981.866486
23940835 982.795859
23940640 983.725072
23940553 984.656505
23940040 985.587156
23939788 986.518018
23939567 987.448536
23938939 988.375053
23938898 989.304818
23938159 990.231168
23936396 991.159037
23936190 992.088137
23935918 993.015497
23935784 993.943746
23934258 994.872229
23934026 995.795756
23931162 996.723113
23930832 997.651969
23930689 998.582475
23930137 999.509275
23929870 1000.437628
23929664 1001.365432
23929532 1002.293210
23928903 1003.223232
23928055 1004.159601
23927854 1005.086451
23927777 1006.016734
23927705 1006.943833
23927624 1007.870543
23927261 1008.796951
23926937 1009.724105
23926629 1010.649588
23926328 1011.576587
23925705 1012.505797
23925333 1013.429378
23925122 1014.354504
23924098 1015.275983
23922173 1016.203442
23921728 1017.127192
23921551 1018.050438
23921306 1018.973347
23920904 1019.898879
23920380 1020.824781
23920212 1021.748835
23918364 1022.671556
23917602 1023.595368
23917017 1024.517176
23916891 1025.444150
23916568 1026.366705
23916379 1027.290856
23916277 1028.212366
23916176 1029.131993
23915717 1030.055420
23915090 1030.977915
23912886 1031.896869
23912555 1032.817547
23912436 1033.740381
23912415 1034.662725
23912364 1035.582648
23912147 1036.503834
23911744 1037.426976
23911533 1038.345772
23908045 1039.268494
23906008 1040.187372
23905724 1041.103946
23905407 1042.024308
23904938 1042.941298
23904643 1043.863100
23904439 1044.782032
23904370 1045.698654
23903113 1046.619454
23902663 1047.541889
23902385 1048.457586
23902081 1049.373298
23901848 1050.294070
23901623 1051.210561
23901543 1052.126858
23901296 1053.042891
23900714 1053.957873
23900623 1054.874915
23900015 1055.793378
23899901 1056.709509
23898827 1057.626479
23898820 1058.542900
23898637 1059.458941
23898583 1060.374816
23898501 1061.284937
23898169 1062.198444
23897703 1063.110008
23897471 1064.019748
23897374 1064.932280
23897345 1066.754641
23896590 1067.665610
23895824 1068.573674
23894633 1069.483827
23894564 1070.392648
23894292 1071.298463
23894224 1072.205387
23894002 1073.111067
23893768 1074.022014
23893746 1074.927690
23893653 1075.832635
23893586 1076.740943
23893501 1078.554798
23893351 1079.455426
23892132 1080.359956
23892078 1081.259397
23892055 1082.160759
23891911 1083.062901
23891834 1083.964723
23891711 1084.865001
23890687 1085.764988
23889803 1086.665788
23888814 1087.564413
23888506 1088.461926
23888491 1090.255735
23888442 1091.154100
23888412 1092.054145
23888324 1092.946583
23888285 1094.733936
23888258 1096.516219
23887775 1096.516225
23887326 1097.407240
23887170 1098.298979
23886646 1099.191602
23886623 1100.082913
23886584 1100.972496
23886385 1101.859424
23886071 1102.751431
23885698 1103.639226
23885649 1104.525242
23885555 1105.414761
23885283 1106.297326
23885276 1107.181802
23885254 1108.067738
23884712 1108.955897
23884647 1109.837888
23884484 1110.719621
23884430 1113.360611
23884116 1113.360615
23884100 1114.242290
23884010 1118.639153
23884006 1120.392410
23884004 1121.268759
23883394 1122.146477
23882626 1123.023903
23882434 1123.896843
23882432 1130.893500
23882113 1131.762595
23882082 1132.636302
23881778 1133.505007
23881569 1134.372688
23881353 1135.242788
23881280 1136.113724
23881234 1136.987007
23881232 1137.851435
23881225 1138.717708
23881158 1139.584128
23881143 1140.452194
23881139 1141.320662
23880992 1142.184166
23880990 1151.674035
23880929 1155.942372
23880913 1161.856190
23880911 1165.194567
23880903 1166.023852
23880882 1166.849264
23880866 1167.673026
23880859 1170.130718
23880852 1170.945855
23880305 1174.167539
23880303 1176.539064
23880280 1239.559964
23880215 1618.769208
23880215 2220.078280
