69133491 210.679502
66618030 210.679518
66041311 210.679520
65275440 210.679522
64680923 210.679523
64117244 210.679525
63348841 210.679527
63330826 213.411567
63326908 216.118429
63320924 218.813075
63267154 221.511973
63251118 224.201214
62580684 224.201220
62304287 226.899507
62297504 229.558858
62294902 232.198315
61747023 234.863623
61738414 237.507523
61689087 240.113083
61610137 240.113089
61463307 242.725531
61071762 242.725538
60979965 245.357913
60977533 247.958701
60824639 247.958708
60823510 250.567144
60791435 250.567150
60177923 250.567152
60173322 253.149953
60162572 255.739388
59804349 258.295519
59354689 260.862586
59273552 263.422542
59262518 265.954885
59078105 265.954891
58718266 268.475658
58666732 271.020177
58561095 273.550044
58541605 276.057296
58145827 276.057300
57990434 278.559064
57761199 281.088145
57754484 283.589822
57751646 286.048126
57740414 288.534287
57698189 290.977114
57686861 293.454925
57681947 295.926810
55947479 295.926815
55922206 298.411082
55920336 300.902186
54988529 303.358025
54978016 305.791783
54873413 308.213200
54864735 310.663063
54862043 313.084545
54857130 315.503519
54851886 317.917261
54849342 320.347715
54846651 322.751487
54839356 325.159564
54830972 327.589545
54818110 329.971158
54812474 332.341111
54810280 334.730545
54807101 337.105148
54804061 339.467947
54770728 341.828885
54767673 344.180245
54765048 346.541584
54763271 348.911401
54543757 351.251060
54541051 353.620057
54532933 355.994025
54517554 358.332987
54514788 360.705369
54513295 363.053260
54259794 365.397512
54258165 367.710364
54249833 370.026388
54229446 372.333220
54158937 374.685234
54155767 376.997785
54151202 379.336453
54148515 381.629847
53921534 381.629853
53906784 383.935451
53901578 386.226563
53879107 388.543707
53827726 390.842038
53825679 393.147463
53788637 395.397516
53781731 397.662437
53766440 399.962092
53733426 402.243436
53248412 402.243441
53210964 404.521458
53187769 406.813494
53185558 409.073527
53135601 411.333665
53134619 413.596398
52996355 413.596404
52981307 413.596407
52980641 415.862975
52972126 415.862982
52771402 418.078380
52758303 420.337489
52717481 422.579669
52692847 424.802974
52684863 427.054271
52599367 427.054276
52594827 429.272347
52591688 431.509258
52548051 433.765771
52268298 436.017954
51751042 436.017960
51748437 438.241799
51743445 440.488230
51736406 442.710811
51735915 444.933506
51730218 447.139818
51726268 449.380818
51168588 451.593348
51165251 453.789261
51162829 456.000926
51157557 458.205622
51148726 460.431482
51144685 462.630694
51141971 464.830001
51138568 467.052205
51129283 469.232529
51118475 471.421571
51032160 473.639928
50826162 473.639934
50820825 475.823266
50812255 478.009879
50810831 480.218749
50800658 482.376174
50793815 484.565745
50529787 486.730640
50273522 488.905481
50268395 491.077771
50262600 493.244272
50255664 495.389079
50222713 497.548983
50220054 499.723786
50215470 501.856812
50213260 504.003872
50210259 506.159021
50207648 508.288066
50201347 510.423056
50194900 512.537291
50194154 514.645508
50192973 516.773360
50189576 518.920473
50174316 521.032798
50166726 523.201157
50157925 525.346345
50156590 527.478154
50119060 529.608750
50101579 531.753551
50044336 533.873845
50036685 535.981559
50035417 538.085706
50033465 540.189020
50032423 542.301462
49963245 544.369158
49957799 546.437309
49955543 548.527950
49952004 550.654086
49950408 552.739870
49940429 554.857787
49733704 554.857793
49732535 556.957293
49731340 559.049856
49721180 561.133880
49716143 563.239477
49713692 565.320617
49712024 567.413420
49602644 569.480607
49354383 571.560061
49351375 573.632429
49343222 575.682250
49340406 577.772266
49338482 579.851799
49335877 581.920453
49332308 583.992087
49328040 586.059341
49324532 588.115014
49202951 590.174278
49198288 592.240359
49196750 594.291938
49038817 596.318668
49034148 598.371454
48990566 600.429518
48987530 602.465633
48986130 604.544621
48981854 606.598322
48974368 608.632701
48961782 608.632707
48857661 610.673767
48849066 610.673773
48767211 612.715509
48761591 614.780060
48575457 614.780065
48574209 616.828113
48559408 618.867611
48549088 620.905389
48545107 622.926888
48538645 622.926893
48527228 624.957573
48525367 626.991512
48524699 629.020963
48514894 631.056733
48513499 633.086597
48513168 633.086602
48398113 633.086605
48395712 635.129050
48296891 637.168724
48296494 639.182610
48290405 641.200508
48288341 643.209998
48283964 645.220339
48210244 647.227087
48147920 647.227093
48146223 649.239701
48143013 651.275543
48110835 653.293807
48109347 655.310376
48108270 657.317898
48104125 659.333445
48093858 661.333849
48092350 663.312168
48089006 665.332531
48086887 667.323368
48085634 669.336925
48078002 671.338811
48074567 673.324021
48072716 675.367883
48069116 677.379558
48063936 679.380609
48048565 681.374138
48046887 683.372339
48044654 685.377230
48035800 687.356125
48032599 689.338562
47858585 691.313533
47854480 693.320754
47730756 695.291713
47725219 697.294986
47722186 699.276299
47717753 701.271530
47714939 703.260742
47711551 705.228144
47489274 707.212481
47486336 709.203109
47483301 711.171436
47471033 713.138194
47438703 715.101945
47433567 717.084758
47432084 719.052020
47429484 721.031145
47419292 722.996935
47410591 724.973454
47409847 726.925733
47408729 728.903212
47407708 730.859847
47401163 732.818917
47376223 734.802890
47367927 736.765815
47360107 736.765823
47350118 738.732796
47348923 740.710901
47346500 742.655823
47311415 744.622886
47305359 746.571859
47303026 748.523044
47302993 748.523050
47282423 750.456925
47268750 750.456931
47214578 752.399181
47212157 754.344308
47211662 756.304824
46923056 758.252315
46921221 760.199355
46915847 762.127157
46915064 764.063814
46913903 766.000864
46911170 767.935481
46905657 769.863427
46904411 771.804460
46902499 773.743155
46901779 775.687045
46899168 777.603614
46893948 779.545768
46893018 779.545773
46886835 781.465351
46884277 783.405452
46878229 785.324850
46875133 787.267797
46873910 789.201757
46873905 791.146467
46860937 793.070360
46859877 795.005180
46852769 796.929165
46851543 798.864952
46850948 800.762570
46843781 802.692845
46782441 802.692850
46781434 804.609767
46780979 806.542190
46777107 808.478988
46622885 810.413450
46621825 812.324306
46620097 814.217947
46617235 816.135103
46615833 818.036472
46604090 819.938921
46478565 821.856956
46470375 823.780194
46469156 825.717846
46464284 827.648546
46461415 829.579498
46460312 831.502271
46458670 833.433998
46456965 835.334230
46452430 837.239136
46448769 839.128467
46447506 841.039209
46445694 842.959968
46445442 844.864400
46444566 846.786766
46441630 848.686847
46412193 848.686852
46406909 850.609023
46120599 852.505809
46119056 854.392311
46117164 856.298114
46107702 858.183841
46103286 860.075086
46063536 861.974086
46062267 863.877433
46061385 865.779544
46041308 867.673528
46036052 869.582144
46033134 871.497377
46030987 873.378631
46029735 875.281559
46024377 877.182708
46023214 879.061720
46021961 880.966773
46019780 882.848531
46019140 884.738242
46017315 886.595699
46007939 888.465337
46006698 890.344134
45890737 892.220368
45890394 894.083703
45889328 895.947173
45887659 897.810501
45885143 899.676585
45882595 901.555972
45875174 903.423816
45872282 905.310812
45871290 907.168207
45732784 909.045504
45730865 910.916298
45730456 912.788735
45692233 914.668600
45691701 916.537654
45655150 918.409392
45653246 920.281083
45651386 922.129778
45650481 924.004888
45650275 925.876141
45648543 927.740261
45644853 929.608938
45642861 931.479446
45642623 933.357706
45638952 935.229770
45638560 937.093376
45636961 938.958282
45635172 940.816117
45631302 942.694229
45630446 944.557373
45627773 946.395265
45626165 948.232036
45576739 950.065705
45568089 951.929100
45563059 953.775476
45562068 955.629087
45559922 957.493136
45559211 959.346572
45557092 961.199724
45552706 963.062361
45548372 964.913584
45544918 966.751425
45539397 968.598402
45536301 970.446258
45535402 972.312908
45534189 974.149684
45533872 975.992563
45517597 977.834164
45516137 979.681522
45514679 981.515753
45512880 983.363740
45507470 985.211107
45506014 987.059441
45500014 988.894296
45495098 990.725586
45492777 992.553627
45491660 994.379634
45489175 996.229447
45488172 998.061891
45485534 999.894799
45484944 1001.736263
45484017 1003.573891
45481867 1005.418453
45480863 1007.257142
45471896 1009.077609
45465110 1010.906775
45464903 1012.723375
45463570 1014.547097
45461371 1016.398884
45459191 1018.223229
45455546 1020.042208
45454880 1021.866145
45453585 1023.669786
45451172 1025.476841
45443895 1027.301190
45442148 1029.125781
45437094 1030.936533
45436073 1032.735898
45430704 1034.575213
45429441 1036.375752
45429034 1038.209895
45427073 1040.016274
45424767 1041.842213
45420429 1043.658994
45417007 1045.459943
45283365 1045.459949
45282686 1047.291386
45282187 1049.097893
45279926 1050.905718
45279460 1052.726519
45278837 1054.545003
45275885 1056.366290
45271344 1058.197874
45270446 1060.029244
45270078 1061.833620
45267274 1063.641884
45241914 1065.448169
45239698 1067.285000
45239531 1069.088523
45239174 1070.899830
45236986 1072.724407
45234722 1074.531223
45233115 1076.328988
45187081 1078.124933
45184239 1079.931511
45181918 1081.734041
45169875 1083.525911
45166621 1085.324743
45163459 1087.120584
45159530 1088.901823
45157786 1090.690161
45151339 1092.501805
45149422 1094.290103
45148847 1096.070698
45148252 1097.879977
45133652 1099.684410
45133512 1101.482318
45132176 1103.255172
45130904 1105.049579
45130335 1106.857221
45129203 1108.664313
45126866 1110.460794
45119863 1112.262201
45117741 1114.051817
45110682 1115.855735
45108262 1117.643323
45107315 1119.447405
45106275 1121.230751
45104940 1123.015218
45104269 1124.796731
45104048 1126.607960
45103450 1128.379995
45102985 1130.173853
45101095 1131.938018
45096498 1133.711110
45096034 1135.504910
45093936 1137.295880
45092149 1139.070730
45090700 1140.832144
45090351 1142.619660
45089946 1144.388569
45085390 1146.186424
45082658 1147.956141
45081658 1149.731751
45080847 1151.491291
45079976 1153.290145
45075680 1155.083774
45075433 1156.852271
45074448 1158.628684
45072374 1160.411652
45070539 1162.178376
45070348 1163.974168
45069365 1165.752121
45067243 1167.527366
45066942 1169.301073
45066185 1171.099219
45066058 1172.882621
45064313 1174.677488
45063217 1176.435576
45060477 1178.214439
45060071 1179.998965
45056933 1181.750961
45056833 1183.518834
45024598 1183.518838
45022450 1185.297238
45021501 1187.074881
45019916 1188.847391
45019417 1190.627973
45004081 1192.391950
45002479 1194.174142
44994267 1195.961742
44993628 1197.715795
44992327 1199.481396
44987612 1201.245374
44982349 1202.999422
44981278 1204.759740
44977958 1206.558301
44975580 1208.311652
44974965 1210.070607
44973098 1211.820914
44971877 1213.571724
44956635 1215.333752
44951252 1217.091035
44950271 1218.853208
44947456 1220.631713
44945582 1222.382119
44942294 1224.130022
44942077 1225.879614
44942067 1227.616017
44939378 1229.363959
44938556 1231.100234
44936718 1232.865126
44934357 1234.624845
44933842 1236.376076
44932802 1238.130679
44932319 1239.889504
44931621 1241.632489
44930044 1243.384939
44928389 1245.115000
44927430 1246.878510
44925727 1248.629435
44924076 1250.387999
44923128 1252.139427
44922317 1253.882376
44921121 1255.641445
44916948 1257.371382
44915438 1259.123064
44908373 1260.865676
44907652 1262.618707
44903583 1264.367200
44901103 1266.092000
44900090 1267.845963
44895645 1269.577981
44895423 1271.307311
44895379 1273.066729
44893943 1274.798066
44892871 1276.547696
44891899 1278.277755
44891599 1280.018281
44890897 1281.759727
44887804 1283.502115
44886935 1285.264980
44886228 1286.987154
44875774 1288.724383
44826281 1290.446651
44823498 1292.170495
44820258 1293.879431
44816828 1295.615601
44815774 1297.346485
44814722 1299.086366
44813970 1300.803647
44812776 1302.535497
44812193 1304.257690
44809802 1305.991898
44808723 1307.728616
44807703 1309.441929
44806004 1311.145400
44798131 1312.873520
44797821 1314.572791
44797353 1316.283824
44796604 1317.986353
44796063 1319.705853
44793969 1321.424045
44793655 1323.144362
44793091 1324.860131
44790908 1326.566476
44788510 1328.303713
44788232 1330.019710
44786955 1331.735932
44783710 1333.459671
44783638 1335.158717
44782748 1336.878449
44782154 1338.593306
44778249 1340.298334
44776810 1342.027347
44774323 1343.738301
44773568 1345.460765
44771237 1347.156553
44769141 1348.875972
44766066 1350.593836
44765616 1352.319022
44763677 1354.035816
44763409 1355.728694
44763070 1357.441905
44761593 1359.148963
44760680 1360.865774
44759378 1362.573601
44758128 1364.296075
44754010 1366.013267
44752879 1367.727705
44752128 1369.418237
44751443 1371.113311
44749344 1372.828448
44748368 1374.544999
44747834 1376.268540
44747118 1377.975132
44746838 1379.679166
44746283 1381.393353
44743227 1383.108670
44742845 1384.808367
44741452 1386.515353
44741403 1388.221644
44739901 1389.903580
44739349 1391.583741
44738508 1393.277941
44737951 1394.975010
44737019 1396.673646
44715265 1398.381423
44714867 1400.072962
44713659 1401.763003
44710936 1403.452712
44710362 1405.132295
44707601 1406.824125
44706766 1408.521109
44704118 1410.213297
44701431 1411.917010
44700283 1413.609623
44699904 1415.284548
44699282 1416.972368
44698240 1418.668644
44698157 1420.364855
44697261 1422.052311
44696259 1423.737590
44695122 1425.426939
44694946 1427.125051
44694272 1427.125058
44693793 1428.814654
44693200 1430.505166
44692567 1430.505172
44691278 1432.200451
44690236 1433.884126
44688610 1435.584366
44688389 1437.266221
44687276 1438.964551
44684219 1440.628090
44683855 1442.328006
44682718 1444.011006
44682272 1445.692819
44681366 1447.360628
44680557 1449.032830
44678981 1450.713288
44678806 1452.402418
44677721 1454.082604
44677369 1455.776197
44676794 1457.457143
44676611 1459.132880
44670618 1459.132886
44669986 1460.824665
44669130 1462.484072
44667631 1464.160532
44665743 1465.826770
44664760 1467.492400
44664071 1469.184202
44662736 1470.872275
44662279 1472.554963
44656116 1474.258253
44654697 1475.916868
44654353 1477.588484
44654057 1479.265789
44653588 1480.943738
44652687 1480.943744
44647503 1482.619108
44646718 1484.301551
44646415 1485.975791
44646219 1487.659297
44645009 1487.659303
44638955 1489.318442
44637329 1490.984915
44637097 1492.641697
44636269 1494.294939
44635910 1495.983509
44626804 1495.983515
44626526 1497.653400
44626207 1499.320713
44625933 1500.995831
44623619 1502.669941
44623553 1504.328175
44622614 1506.000153
44621434 1507.667993
44621023 1509.342260
44620725 1509.342266
44620082 1511.018880
44619211 1511.018886
44604017 1512.693549
44603522 1514.376864
44601814 1516.038851
44598027 1517.716472
44597318 1519.394170
44596558 1521.053456
44595550 1522.715299
44594276 1524.389510
44592953 1526.049146
44592859 1527.724307
44592150 1529.377802
44590138 1531.018019
44589083 1532.702663
44588051 1534.358310
44585028 1536.016089
44584605 1537.667109
44583667 1539.319795
44583274 1540.962794
44581464 1542.612273
44580966 1544.284745
44580226 1545.945024
44580120 1547.601560
44578341 1549.256452
44577179 1550.916586
44576247 1552.568211
44570755 1554.216378
44569356 1555.864791
44568051 1557.530862
44567413 1559.177599
44566684 1560.829259
44560541 1562.485747
44560347 1564.149976
44558189 1565.812981
44558157 1567.478852
44557763 1569.145719
44557415 1570.788377
44556660 1572.439875
44550874 1574.100608
44550710 1575.787297
44550621 1575.787303
44549353 1577.448206
44547312 1577.448211
44546983 1579.082978
44546645 1580.733233
44545704 1582.388984
44537430 1582.388990
44536252 1584.020591
44535900 1585.647662
44535608 1587.276010
44531043 1588.919870
44530497 1590.583218
44529499 1592.218395
44528367 1593.867559
44527591 1595.520841
44525414 1597.162704
44524951 1598.806099
44524280 1600.446660
44523738 1602.098078
44522707 1603.763928
44520404 1605.399913
44519590 1607.037414
44519232 1608.680541
44518680 1610.328762
44518425 1611.973016
44517499 1611.973023
44517274 1613.621280
44515876 1615.273002
44514326 1616.895566
44513786 1618.541928
44513124 1620.175310
44510215 1621.807309
44509409 1623.458268
44509060 1625.091258
44508719 1626.731687
44507374 1628.378700
44507210 1630.030610
44506599 1631.682615
44506254 1633.325027
44502219 1634.967565
44497082 1636.604497
44495655 1638.245071
44495645 1639.872642
44494156 1641.512530
44493959 1643.153703
44492262 1644.795872
44489085 1646.441179
44488492 1648.082970
44488313 1649.723642
44488259 1651.369758
44487975 1653.000965
44473524 1654.651696
44472958 1656.285847
44469964 1657.917983
44469182 1659.550210
44468818 1661.181301
44467767 1662.812110
44467274 1664.455229
44467027 1666.090713
44466845 1667.741349
44466112 1669.369020
44463182 1670.991768
44461551 1672.623466
44460397 1674.247162
44460035 1675.884700
44459828 1677.521133
44459467 1679.152820
44457696 1680.775207
44457227 1682.401905
44457094 1684.030876
44455551 1685.643969
44455324 1687.254852
44455127 1688.888445
44454682 1690.512580
44454162 1692.135372
44453156 1693.752329
44452027 1695.369304
44450354 1696.986758
44450046 1698.625164
44449211 1700.253200
44448228 1701.875005
44447114 1703.506149
44446461 1705.123621
44443839 1706.749508
44442273 1708.366773
44440688 1709.986312
44440605 1711.591415
44439217 1713.219342
44438716 1714.848157
44437896 1716.473105
44437755 1718.115103
44435622 1719.727257
44434051 1721.341425
44432658 1722.964749
44427662 1724.591599
44426486 1726.206386
44426288 1727.817066
44424856 1729.431126
44424787 1731.055642
44424223 1732.665594
44423585 1734.274585
44423262 1735.908388
44421069 1737.515249
44420621 1739.154475
44419491 1740.779664
44419473 1742.382082
44418669 1743.987563
44418559 1745.592785
44416796 1747.194118
44414892 1748.809546
44414476 1750.414989
44414176 1752.029412
44414131 1753.649745
44413676 1755.257352
44411408 1756.870331
44410758 1758.479842
44409583 1760.091258
44409084 1761.716797
44408791 1763.324252
44407404 1764.917732
44407055 1766.523915
44406659 1768.136599
44406570 1769.739139
44400100 1771.370138
44399916 1772.983633
44399294 1774.590012
44398892 1776.190118
44398559 1777.804104
44398556 1779.409672
44396971 1781.012188
44396726 1782.613235
44396119 1784.226841
44395889 1785.819591
44391306 1787.418452
44390690 1789.023955
44390387 1790.638576
44388579 1792.238548
44387496 1793.856204
44386304 1795.479126
44385557 1797.066854
44384763 1798.668743
44382709 1800.270802
44382396 1801.868771
44381895 1803.480017
44381858 1805.072983
44380788 1806.685188
44379805 1808.285946
44379471 1809.892920
44379135 1811.500254
44374853 1813.097041
44374061 1814.699275
44373763 1816.292040
44373674 1817.890260
44373664 1819.476313
44373387 1821.064462
44371910 1822.664979
44371652 1824.238931
44371586 1825.832237
44371482 1827.421729
44370136 1829.027412
44369778 1830.607375
44369537 1832.215699
44369311 1833.810055
44368744 1835.400530
44368557 1836.976742
44367380 1838.555071
44367149 1840.155731
44366447 1841.759963
44365978 1843.345661
44365765 1844.926497
44363736 1846.512776
44362191 1848.106293
44361697 1849.698633
44361604 1851.280041
44361393 1852.868753
44360807 1854.457227
44360038 1856.040419
44359113 1857.641199
44358820 1859.211063
44358328 1860.800585
44357594 1860.800590
44356962 1862.357167
44356168 1863.945944
44356066 1865.547280
44355692 1865.547286
44354049 1867.134089
44353798 1868.702861
44352877 1870.294364
44351293 1870.294370
44350959 1871.884804
44349502 1873.470348
44349234 1875.049343
44348514 1876.635566
44348356 1878.222061
44347975 1879.802929
44347686 1881.377153
44347344 1882.964392
44347207 1884.544329
44347116 1886.120523
44347029 1886.120529
44346893 1887.677859
44346810 1887.677864
44341603 1889.254351
44341031 1890.837187
44340862 1892.410752
44337699 1893.988951
44337139 1895.551641
44336911 1897.135589
44336449 1898.707276
44334915 1900.285965
44334557 1901.864611
44334543 1903.448907
44334099 1905.032442
44333946 1906.607553
44333708 1908.182703
44332745 1909.770969
44331312 1909.770975
44331057 1911.334000
44330931 1912.923593
44329747 1912.923599
44329489 1914.501728
44327588 1916.068773
44327394 1917.641619
44326271 1919.213856
44324710 1920.773675
44324200 1922.356264
44323804 1923.941631
44323668 1925.536851
44323017 1927.105818
44322929 1928.690965
44322634 1930.263584
44319351 1931.837154
44318796 1933.414013
44318230 1934.988033
44316005 1936.562353
44314001 1938.133263
44312841 1939.705330
44312824 1941.277921
44311788 1942.866461
44311152 1944.464230
44311044 1946.037559
44292328 1947.603556
44292060 1949.177622
44291887 1950.742683
44291188 1952.321483
44291176 1953.895102
44290438 1955.461236
44290328 1957.035763
44289949 1958.602845
44289539 1960.179152
44288284 1961.733215
44288249 1963.290219
44285944 1964.876968
44285458 1966.436410
44285454 1968.002404
44284949 1969.570821
44284411 1971.132903
44282651 1972.687732
44281873 1974.267541
44281703 1975.824412
44280975 1977.407068
44280668 1978.978860
44279342 1980.559681
44278847 1982.129289
44278527 1983.702502
44275455 1985.270926
44275275 1986.844922
44272954 1988.417249
44272857 1989.986264
44272663 1991.546292
44272385 1993.098021
44271254 1994.678406
44270902 1996.233659
44270296 1997.797335
44270170 1999.367262
44269831 2000.937249
44269781 2002.506896
44268961 2004.067469
44268810 2005.619335
44266670 2007.182271
44266504 2008.748775
44264832 2010.310014
44264061 2011.855152
44264045 2013.408455
44263911 2014.983484
44263378 2016.550336
44263194 2018.104359
44261014 2019.655608
44258500 2021.210064
44253516 2022.774736
44253376 2024.335445
44251962 2025.914068
44250472 2027.474489
44250391 2029.045166
44249757 2030.600631
44249266 2032.152753
44249246 2033.709780
44249074 2035.257737
44248846 2036.822378
44248133 2038.373273
44247734 2039.926817
44247540 2041.474342
44245582 2043.030438
44244990 2044.603210
44239133 2044.603216
44238454 2046.167096
44237629 2047.720961
44233800 2049.281699
44233611 2050.842020
44231587 2052.396385
44229831 2053.946753
44227872 2055.497695
44227819 2057.068672
44227726 2058.602195
44227600 2060.149861
44227397 2061.703755
44227393 2063.256472
44226648 2064.795772
44226624 2066.345993
44226601 2067.889231
44225664 2069.448326
44225534 2070.994802
44225057 2072.535409
44224306 2074.085129
44224237 2075.632902
44222761 2077.190790
44222361 2078.736235
44222177 2080.277592
44220239 2081.820337
44219777 2083.387782
44218908 2084.946242
44218809 2086.495556
44218275 2088.030757
44217037 2089.583090
44216668 2091.138956
44215866 2092.687960
44215839 2094.227927
44213958 2095.782787
44213540 2097.325183
44213502 2098.862175
44213308 2100.409595
44211454 2101.961106
44210792 2103.511846
44209395 2105.049386
44209228 2106.584367
44209107 2108.127278
44208789 2109.677777
44208248 2111.221078
44207156 2112.754864
44206657 2114.291243
44206151 2115.827141
44206000 2117.357516
44205629 2118.892068
44204069 2120.432834
44203940 2121.968828
44203788 2123.518913
44203388 2125.053458
44203076 2126.578386
44202290 2128.124371
44202248 2129.688068
44201370 2131.238031
44201127 2132.792194
44200457 2134.319194
44200418 2135.867444
44198766 2137.410912
44198543 2138.939125
44198528 2140.492150
44195224 2142.041268
44195171 2143.594756
44194700 2145.135657
44194619 2146.678292
44194026 2148.212086
44193980 2149.756898
44193882 2151.287273
44192710 2152.824720
44192213 2154.367155
44189001 2155.901643
44187495 2157.437291
44187179 2158.977325
44187136 2160.496040
44186809 2162.018093
44186387 2163.550465
44185712 2165.072494
44185524 2166.612857
44185257 2168.160036
44182981 2169.703711
44181849 2171.234510
44181762 2172.798992
44181759 2174.337470
44177272 2175.882981
44177256 2177.415859
44174898 2178.950602
44174758 2180.497502
44173378 2182.022988
44173128 2183.565674
44173042 2185.101357
44170538 2186.614900
44169665 2188.144695
44169492 2189.683467
44169390 2191.221132
44168263 2192.763227
44168002 2194.288947
44167523 2195.830133
44167442 2197.359904
44166562 2198.883085
44165130 2198.883091
44161448 2200.415217
44161431 2201.950042
44161150 2203.489027
44158969 2205.003906
44158479 2206.535750
44157646 2208.071646
44154592 2209.604236
44154513 2211.140258
44154395 2212.667014
44154307 2214.206673
44153840 2215.738947
44153266 2217.245421
44146194 2218.776502
44144384 2220.301853
44143197 2221.833928
44142453 2223.360162
44142367 2224.891980
44142270 2226.411242
44141901 2227.955452
44141797 2229.473219
44141140 2230.987374
44141105 2232.517740
44140257 2234.061058
44140225 2235.595807
44140126 2237.124493
44138537 2238.655931
44138422 2240.182043
44138148 2241.720717
44137479 2243.234984
44136901 2244.770482
44136188 2246.296193
44135931 2247.811138
44135153 2249.333234
44134982 2250.850539
44134845 2252.378531
44134550 2252.378536
44134433 2253.897175
44134387 2253.897180
44133741 2255.432334
44133473 2256.978077
44133119 2258.497682
44132546 2260.015176
44132526 2261.539202
44131811 2261.539207
44131330 2263.062533
44128251 2264.581722
44127253 2266.096542
44126877 2267.627888
44126838 2269.166011
44125972 2270.668536
44125583 2272.174241
44125545 2273.701922
44125510 2275.221330
44124598 2276.747940
44124448 2278.275592
44124159 2279.800399
44122552 2281.319069
44121986 2281.319075
44119857 2282.824616
44119418 2284.334888
44119045 2285.852552
44118661 2287.372872
44117030 2287.372878
44115838 2288.893442
44114926 2290.412699
44113880 2291.930107
44113717 2293.462899
44113397 2294.994166
44111993 2296.509711
44111717 2298.025875
44111418 2299.547190
44110251 2301.078788
44109818 2301.078794
44109703 2302.596089
44109678 2304.131194
44109119 2305.646928
44108213 2307.175534
44107234 2308.705492
44105856 2308.705498
44105724 2310.225690
44105221 2311.761522
44103562 2313.265854
44103484 2314.766558
44103218 2316.282207
44103039 2317.803744
44101902 2319.310543
44101842 2320.824964
44098602 2322.345473
44096826 2323.856546
44096276 2325.372741
44093893 2326.906916
44093632 2328.428602
44089570 2329.937044
44089374 2331.447873
44085262 2332.967975
44085011 2334.484586
44083925 2336.008178
44083698 2337.521990
44083108 2339.036010
44082523 2340.564537
44082363 2342.070199
44082151 2343.590698
44081817 2345.098178
44080532 2346.619977
44079479 2348.148044
44078942 2349.673672
44078583 2351.186596
44078408 2352.698647
44077150 2354.214806
44076167 2355.733663
44076079 2357.233758
44075411 2358.731997
44074214 2360.244485
44073010 2361.765454
44072418 2363.285392
44071532 2364.784092
44071516 2366.286542
44070082 2367.806759
44067596 2369.331567
44066774 2370.841085
44066575 2372.348034
44065649 2373.856884
44064639 2375.372121
44063917 2376.883609
44063112 2378.399242
44060123 2379.909854
44060075 2381.405459
44059672 2382.901959
44059174 2384.428693
44058985 2385.953508
44058940 2387.453561
44057112 2388.961361
44055406 2390.479554
44055257 2392.001186
44055096 2393.518062
44055087 2395.040804
44054746 2396.534997
44054187 2398.040952
44054105 2399.530932
44052044 2401.033351
44051778 2402.545169
44049497 2404.049236
44048989 2405.557622
44048588 2407.078135
44047062 2408.573491
44046328 2410.092059
44045707 2411.600244
44044950 2413.114058
44044580 2414.614758
44042108 2416.118479
44039533 2417.621757
44038776 2419.117595
44038466 2420.630380
44038374 2422.137350
44038319 2423.646775
44038220 2425.156783
44038065 2426.660197
44037231 2428.169941
44036299 2429.680498
44036255 2431.189896
44035358 2432.691886
44035162 2434.197892
44033441 2435.712717
44032617 2437.224004
44031752 2438.738462
44031412 2440.241325
44031188 2441.754090
44031070 2443.258338
44030024 2444.756661
44028984 2446.252570
44028132 2447.762563
44027748 2449.265563
44026948 2450.769951
44026673 2452.284583
44026207 2453.793984
44025900 2455.300161
44025531 2456.800866
44025428 2458.302722
44025120 2459.803401
44024940 2461.314445
44020892 2462.809287
44019214 2464.310120
44019109 2465.809488
44018989 2467.323934
44018303 2468.809291
44018184 2470.311326
44018043 2471.823963
44017496 2473.324613
44014938 2474.831561
44012887 2476.340087
44012691 2477.835496
44011635 2479.340803
44011356 2480.842943
44009594 2482.341460
44005955 2483.844828
44005824 2485.348208
44005484 2486.848084
44005411 2488.338308
44004867 2489.858027
44004476 2491.348345
44004273 2492.846745
44003690 2494.344962
44003563 2495.848389
44003483 2497.338268
44002745 2498.822112
44002398 2500.332476
44000629 2501.821727
44000464 2503.327738
44000096 2504.832001
43999732 2506.328538
43999700 2507.822891
43998188 2509.310297
43997136 2510.815694
43996670 2512.320646
43996310 2513.828407
43995722 2515.325190
43995635 2516.829619
43994186 2518.324510
43993758 2519.806121
43991489 2521.307333
43991034 2522.809865
43990492 2524.301044
43988798 2525.811433
43988420 2527.297995
43988161 2528.795007
43985026 2530.279235
43984188 2531.772378
43981612 2533.278463
43980619 2534.786346
43980166 2536.286874
43980050 2537.782278
43978088 2539.273842
43977959 2540.772297
43977896 2542.271251
43977751 2543.762270
43974537 2545.250152
43972608 2546.757038
43971890 2548.270179
43971615 2549.755863
43971507 2551.246081
43971423 2552.733999
43971094 2554.232554
43969496 2555.733827
43968714 2557.212603
43968325 2558.705221
43967729 2560.207141
43967239 2561.697636
43966651 2563.194674
43961621 2564.693180
43961304 2566.190743
43961113 2567.679852
43959245 2569.162203
43959190 2570.648662
43958955 2572.138782
43957623 2573.639760
43955361 2575.114988
43955346 2576.590262
43955080 2578.081543
43955058 2579.585729
43954282 2581.085519
43954274 2582.585431
43954260 2584.070472
43954168 2585.563190
43952403 2587.047831
43952206 2588.545366
43951934 2590.041159
43951378 2591.531752
43950869 2591.531757
43947437 2593.017155
43946169 2594.502657
43945569 2595.998585
43939333 2597.489746
43937143 2598.985933
43936858 2600.464089
43936774 2601.956482
43936082 2603.460131
43935950 2604.944677
43934545 2606.441666
43934418 2607.914565
43933008 2609.385222
43932838 2610.865975
43932431 2612.354223
43932314 2613.849490
43932270 2615.344507
43932268 2616.829355
43931957 2618.330004
43931790 2619.814891
43931187 2621.304482
43930790 2622.799068
43930404 2624.297355
43930302 2625.794175
43930172 2627.311643
43926575 2628.793098
43925889 2630.285433
43924230 2630.285439
43924218 2631.770497
43922547 2633.266055
43922223 2634.750720
43921750 2636.229407
43921650 2636.229413
43919812 2637.710991
43919053 2639.189813
43919021 2640.665888
43918346 2640.665894
43918214 2642.152035
43916792 2643.640345
43916340 2645.124894
43913153 2646.622863
43912046 2648.110595
43911981 2649.582510
43911169 2651.060433
43910335 2652.547287
43909500 2654.030323
43909372 2655.512714
43909230 2657.003139
43909197 2658.488120
43908032 2659.974127
43906856 2661.456889
43906674 2662.935898
43904661 2664.429350
43903658 2665.907745
43902237 2667.380574
43898971 2668.862273
43897821 2670.349959
43895857 2671.833150
43895679 2673.313645
43895620 2674.785646
43895477 2676.268739
43894173 2677.748493
43894060 2679.248226
43893709 2680.734169
43893493 2682.216961
43893448 2683.711308
43893393 2685.198884
43893067 2686.691521
43892363 2688.192416
43891892 2689.680750
43891689 2691.169648
43891376 2692.654668
43891108 2694.139945
43891002 2695.622209
43890911 2697.111836
43889018 2697.111841
43887864 2698.592782
43883514 2698.592788
43880818 2700.071380
43880454 2701.562596
43879472 2703.055275
43879415 2704.551003
43870998 2706.039246
43870997 2707.519455
43869818 2709.002248
43869634 2710.493209
43868313 2711.975045
43867799 2713.464477
43867596 2714.942982
43867223 2716.421487
43867137 2717.904551
43866065 2719.392165
43865049 2720.871969
43862569 2722.359596
43862255 2723.855588
43860378 2725.323635
43860177 2726.808681
43859866 2728.304078
43859547 2729.787214
43859389 2731.258424
43857010 2732.756955
43856043 2734.238219
43855216 2735.722346
43854910 2737.205252
43854733 2738.694743
43853956 2740.182960
43853242 2741.665317
43853106 2743.144228
43853090 2744.616663
43851555 2746.101055
43849250 2747.564454
43847377 2749.045599
43843812 2750.520557
43843793 2751.983277
43842902 2753.459091
43839422 2754.951250
43839179 2756.446617
43837191 2757.929679
43835860 2759.429279
43835462 2760.901727
43835012 2762.386701
43834556 2763.870560
43832673 2765.343690
43832474 2766.836172
43831628 2768.322044
43830992 2769.796675
43830947 2771.270178
43830335 2772.743816
43830144 2774.214391
43826422 2775.697689
43823499 2777.177204
43822207 2778.648856
43822201 2780.126732
43821409 2781.624839
43819822 2783.087982
43814676 2784.555216
43814462 2786.033682
43814071 2787.496371
43813931 2788.971979
43813532 2790.447511
43811476 2791.923511
43809084 2793.397071
43803409 2794.880111
43803337 2796.355529
43802496 2797.848094
43802433 2799.312708
43802373 2800.789593
43801504 2802.273696
43801138 2803.762760
43798981 2805.242752
43796805 2806.714042
43796695 2808.209030
43795852 2809.690223
43794703 2811.171107
43794420 2812.647486
43794054 2814.132267
43794042 2815.628822
43793949 2817.106450
43793402 2818.583299
43791027 2820.082821
43790424 2821.545712
43788919 2823.040657
43787942 2824.517472
43786218 2826.009803
43785355 2827.493612
43782998 2828.981289
43782887 2830.461885
43782716 2831.939523
43782527 2833.411297
43781835 2834.898964
43781716 2836.367042
43781624 2837.848872
43781615 2839.321177
43779386 2840.785469
43779195 2842.258510
43778803 2843.734627
43776562 2845.220029
43775057 2846.698724
43773660 2848.179025
43773659 2849.656131
43772842 2851.138405
43771928 2852.620726
43771735 2854.091083
43771705 2855.570270
43771367 2857.045929
43769871 2858.527990
43768936 2860.003977
43768681 2861.486669
43768361 2862.957675
43768083 2864.424716
43767949 2865.888275
43767821 2867.370702
43766843 2868.848625
43766750 2870.328780
43766733 2871.795664
43766425 2873.269541
43766257 2874.746313
43766125 2876.221527
43765245 2877.713470
43764954 2879.188881
43764427 2880.675824
43763237 2882.170465
43763042 2883.645301
43762476 2885.129909
43762113 2886.603315
43756058 2888.078871
43755644 2889.557828
43755521 2891.048612
43753760 2892.532712
43749768 2894.010887
43749665 2895.497268
43749547 2896.979765
43748146 2898.453082
43747855 2899.926162
43747659 2901.398766
43744251 2902.878781
43742377 2904.364769
43742142 2905.843153
43739993 2907.311613
43738288 2908.804910
43738037 2910.292466
43737549 2911.760157
43737357 2913.242760
43736474 2914.723363
43736385 2916.199357
43735103 2917.671359
43734857 2919.143267
43734825 2920.627030
43732918 2922.117369
43732857 2923.598796
43730271 2925.069877
43728852 2926.531979
43728356 2928.008524
43728193 2929.489875
43727559 2930.975557
43726597 2932.454436
43723714 2933.938911
43723134 2935.403158
43722520 2936.891627
43722283 2938.361922
43722029 2939.836039
43721894 2941.312899
43721606 2942.777888
43721323 2944.247713
43721307 2945.727823
43721001 2947.194185
43719782 2948.669571
43718542 2950.143899
43718520 2951.626062
43716380 2953.091398
43715267 2954.572985
43714458 2956.044959
43714285 2957.517915
43714254 2958.997895
43713896 2960.480483
43708740 2961.960851
43708455 2963.434406
43702937 2964.918895
43702806 2966.386194
43702761 2967.860254
43702743 2969.345770
43702687 2970.809669
43701693 2972.279568
43701226 2973.744420
43701049 2975.234276
43700798 2976.706887
43700559 2978.174601
43699916 2979.638353
43699502 2981.117456
43698559 2982.589831
43697763 2984.070888
43697562 2985.554946
43696805 2987.040654
43696293 2988.505475
43695750 2989.976986
43695243 2991.442442
43694883 2992.911866
43694139 2994.387100
43688027 2995.865413
43687860 2997.345562
43687707 2998.818777
43686130 3000.291605
43683917 3001.769132
43683647 3003.248796
43683224 3004.721795
43683057 3006.186194
43680792 3007.666938
43679073 3009.144855
43678389 3010.616421
43678376 3012.081873
43678336 3013.551176
43677860 3015.017153
43677825 3016.493407
43675288 3017.967588
43673776 3019.422411
43669607 3020.894999
43669429 3022.372766
43669030 3023.846080
43668496 3025.315902
43668394 3026.800521
43667754 3028.268469
43667467 3029.733369
43667219 3031.209587
43666479 3032.690559
43665974 3034.171184
43664369 3035.644045
43664328 3037.102870
43663302 3038.568618
43662676 3040.044548
43659354 3040.044554
43659026 3041.521027
43658923 3042.996159
43658065 3044.486023
43655329 3045.963172
43654980 3047.447562
43654462 3048.909271
43653523 3050.379009
43651588 3051.857018
43651361 3053.315325
43646252 3054.781770
43644500 3056.251705
43644396 3057.716599
43644261 3059.195039
43643997 3060.665215
43643794 3062.137825
43642848 3063.616134
43642610 3065.078683
43642468 3066.549695
43641989 3068.037308
43641123 3069.509941
43639903 3070.982216
43639794 3072.464009
43639068 3073.948298
43638720 3075.421492
43638566 3076.902702
43636617 3078.369761
43635856 3079.829407
43635055 3081.303232
43634420 3082.779058
43632330 3084.264440
43631909 3085.746159
43630852 3087.208507
43629094 3088.686985
43628657 3090.159136
43626817 3091.618624
43626327 3093.088130
43625993 3094.562727
43625289 3096.034215
43624543 3096.034221
43624444 3097.511213
43623703 3098.991013
43621277 3098.991020
43620993 3100.458961
43620924 3101.938595
43620724 3103.411152
43620080 3104.897270
43619740 3106.370567
43617661 3106.370573
43616816 3107.836098
43610401 3109.309118
43609307 3110.798270
43608380 3112.269320
43601437 3113.738036
43600784 3115.208401
43600099 3116.671178
43600065 3118.139615
43599836 3119.620572
43599807 3121.072337
43598777 3122.532497
43598626 3124.006255
43597670 3125.473319
43597477 3126.941846
43596532 3128.406042
43595961 3129.883298
43595138 3131.362013
43594482 3132.832332
43594399 3134.297209
43591758 3135.768234
43588852 3137.231129
43584203 3138.686396
43581804 3140.152380
43580680 3141.628473
43578878 3143.092560
43576871 3144.570722
43575755 3146.022609
43571609 3147.493525
43571523 3148.969313
43569396 3150.445036
43568172 3151.926253
43567950 3153.399837
43566483 3154.862266
43565987 3156.334619
43565497 3157.808152
43565475 3159.270340
43565122 3160.754745
43564331 3162.225931
43563660 3163.702608
43561820 3165.178102
43561684 3166.661969
43558889 3168.142760
43557632 3169.613574
43557520 3171.091388
43557381 3172.570180
43555520 3174.052151
43555061 3175.519420
43554705 3176.990522
43553734 3178.472612
43553596 3179.958477
43552510 3181.448988
43550230 3182.922601
43549712 3184.402848
43549413 3185.881627
43549088 3187.360471
43548977 3188.844494
43548435 3190.327230
43545892 3191.798929
43544810 3193.265868
43544790 3194.742889
43544107 3196.208404
43544066 3197.663623
43543648 3199.134833
43542918 3200.598476
43541268 3202.080802
43540444 3203.557652
43540085 3205.034357
43539178 3206.498892
43537234 3207.979472
43537229 3209.451920
43533278 3210.912055
43532552 3212.382947
43531853 3213.846370
43530315 3215.324009
43529527 3216.791820
43529006 3218.255279
43528741 3219.717803
43527829 3221.195066
43527055 3222.675358
43526235 3224.144391
43525897 3225.603805
43525796 3227.069461
43525761 3228.543951
43523635 3230.023766
43523176 3231.492283
43522012 3232.959941
43521779 3234.436566
43520800 3235.911911
43520087 3237.381197
43519652 3238.862638
43519027 3240.335655
43518519 3241.808746
43518509 3243.275315
43517564 3244.739016
43517213 3246.206097
43516977 3247.680761
43516023 3249.147200
43515378 3250.628796
43515126 3252.094269
43514655 3253.570597
43513649 3255.030017
43513438 3256.502302
43513407 3257.972184
43512594 3259.437381
43512213 3260.907912
43511899 3262.371042
43507935 3263.838949
43507835 3265.304224
43506862 3266.767684
43506686 3268.240299
43504360 3269.717853
43504358 3271.189852
43504196 3272.661320
43503884 3274.134051
43503774 3275.603603
43502784 3277.083147
43502615 3278.571370
43502309 3280.055196
43501179 3281.533586
43500986 3283.009969
43500197 3284.484665
43499612 3285.951997
43495878 3287.419903
43495381 3288.884575
43493738 3290.373159
43493355 3291.850870
43493341 3293.330655
43492169 3294.793243
43486987 3296.259902
43485797 3297.722897
43485577 3299.193734
43485496 3300.658545
43484815 3302.124220
43484282 3303.613756
43481936 3305.091125
43481833 3306.560319
43480922 3308.034670
43479500 3309.498693
43477914 3310.975115
43477740 3312.447952
43477582 3313.917182
43477184 3315.388465
43475579 3316.854528
43474609 3318.323359
43472294 3319.792671
43471724 3321.269740
43469748 3322.745879
43469684 3324.207258
43469517 3325.669247
43468123 3327.137684
43468065 3328.610579
43467668 3330.093477
43467410 3331.564280
43462137 3333.042463
43461467 3334.514958
43461357 3335.976085
43460861 3337.431959
43460199 3338.903430
43459987 3340.378757
43459862 3341.852178
43457267 3343.314112
43456040 3344.798544
43455374 3346.260525
43454895 3347.733835
43454281 3349.211062
43454216 3350.681330
43454117 3352.158322
43453284 3353.635106
43452302 3355.118171
43447541 3356.591561
43447402 3358.060719
43446762 3359.541040
43446654 3361.011734
43446188 3361.011740
43445385 3362.480944
43444320 3363.956004
43443530 3365.429768
43443459 3366.912989
43438503 3366.912994
43435863 3368.399185
43435632 3369.865075
43435568 3371.329220
43435242 3372.798401
43434773 3374.269466
43434244 3375.743107
43433757 3377.220932
43433293 3378.700621
43431776 3380.171808
43431447 3381.660300
43431231 3383.137048
43428919 3384.620131
43428284 3386.099737
43426575 3387.568588
43425690 3389.050675
43425667 3390.516743
43425473 3391.991835
43425467 3393.473146
43424982 3394.947063
43424366 3396.426586
43424116 3397.890217
43424086 3399.370317
43421011 3400.843764
43419685 3402.327067
43418785 3403.808810
43417274 3405.285676
43408103 3406.759249
43406568 3408.235336
43405666 3409.702114
43404935 3411.180864
43399816 3412.662801
43399437 3414.143101
43399150 3415.609123
43398528 3417.090614
43397503 3418.565683
43396509 3418.565689
43396384 3420.029450
43396270 3421.512629
43395218 3422.986738
43391821 3424.475550
43391534 3425.943414
43389873 3427.408728
43389138 3428.876163
43388360 3430.361469
43388160 3431.830561
43387781 3433.307637
43387532 3434.805637
43382661 3436.299146
43381948 3437.763007
43381747 3439.247060
43381560 3440.719801
43380690 3442.194477
43379327 3443.689182
43378488 3445.178741
43377929 3446.638849
43377812 3448.102555
43376782 3449.574155
43376305 3451.043991
43376144 3452.519210
43375936 3453.996286
43373718 3453.996292
43373516 3455.471620
43371184 3456.954075
43370283 3458.437085
43370028 3459.924703
43369805 3461.408415
43368722 3462.885420
43367608 3464.351642
43366574 3465.824258
43365334 3467.292656
43363296 3468.763181
43360316 3470.233302
43359666 3471.702428
43358905 3473.179308
43357795 3474.642094
43357308 3476.122901
43356884 3477.605991
43356560 3479.071499
43355756 3480.555818
43355668 3482.036217
43355171 3483.514903
43354812 3484.989016
43354684 3486.469172
43354022 3487.945760
43350297 3489.442803
43349529 3490.914188
43348848 3492.387192
43348781 3493.859947
43348437 3495.325584
43348149 3496.799897
43347005 3498.276322
43345714 3499.760764
43343905 3499.760769
43343256 3501.246221
43341913 3501.246227
43341705 3502.740374
43338615 3504.226840
43338459 3505.703735
43338235 3507.190047
43332887 3508.672377
43330947 3510.145754
43329920 3511.613960
43327731 3513.091399
43325462 3514.559841
43322221 3516.043556
43322142 3517.511221
43321147 3518.991745
43312517 3520.479619
43311747 3521.966288
43311573 3523.439282
43310772 3524.918004
43310415 3526.393166
43310040 3527.866286
43308557 3529.345200
43307428 3530.817672
43304543 3532.299762
43304475 3533.770603
43303722 3535.235850
43302931 3536.710065
43302414 3538.182954
43301488 3539.652853
43301434 3541.148821
43301377 3542.632425
43301270 3544.120762
43299871 3545.612438
43297730 3547.105830
43297712 3548.591352
43297424 3550.077018
43294343 3551.545166
43292255 3553.033167
43292181 3554.507230
43292137 3555.998287
43292067 3557.481182
43290673 3558.971729
43290540 3560.458783
43288883 3561.940162
43288881 3563.427978
43288774 3564.910216
43284913 3566.386514
43282162 3567.871283
43280983 3569.349081
43278333 3570.820353
43278200 3572.292508
43277396 3573.769461
43275627 3575.237466
43275626 3576.714743
43275177 3578.181247
43275090 3579.671544
43274004 3581.158857
43273641 3582.643518
43272762 3584.140791
43272174 3585.638418
43269702 3587.118997
43268079 3588.606393
43267154 3590.085374
43266585 3591.563375
43266159 3593.052873
43265842 3594.533768
43265590 3596.016390
43265581 3597.519935
43265449 3599.005602
43265390 3600.478261
43265367 3601.967958
43264867 3603.457247
43264166 3604.950281
43264095 3606.430432
43263679 3607.916221
43263489 3609.412057
43262657 3610.884646
43262198 3612.358540
43261828 3613.825718
43259426 3615.313427
43259390 3616.823777
43256679 3618.327022
43253979 3619.817893
43253943 3621.312898
43252290 3622.806950
43252098 3624.297542
43251957 3625.792977
43250843 3627.275151
43249658 3628.762239
43248904 3630.245353
43247842 3631.737741
43247097 3633.232239
43246209 3634.716117
43245834 3636.203627
43243734 3637.685797
43242350 3639.150467
43242029 3640.624756
43240383 3642.115984
43239922 3643.606802
43238189 3645.092546
43237462 3646.579235
43236235 3648.059126
43235132 3649.552149
43234836 3651.045754
43232580 3652.542115
43231001 3654.038621
43230996 3655.519544
43229588 3657.010643
43229345 3658.495721
43228889 3659.988873
43228478 3661.477618
43227550 3662.962260
43227048 3664.439876
43225482 3665.951394
43224193 3667.443103
43224020 3668.927541
43223874 3670.434157
43222614 3671.929269
43221241 3673.421316
43221036 3674.909779
43217775 3676.403567
43217555 3677.895194
43216861 3679.382778
43216744 3680.881375
43216039 3682.364461
43214466 3683.855113
43214059 3685.350874
43211818 3686.843762
43211483 3688.343660
43211449 3689.827174
43211197 3691.307476
43210653 3692.793618
43209198 3694.288377
43209005 3695.785532
43208366 3697.272331
43206405 3697.272337
43206369 3698.771403
43205295 3700.258688
43204966 3701.765842
43204940 3701.765848
43204191 3703.261228
43204068 3704.755582
43203708 3706.259578
43203578 3707.756771
43203135 3709.251598
43202685 3710.735921
43200525 3712.228614
43200255 3713.729171
43199103 3715.209509
43198920 3716.695722
43198134 3716.695728
43198093 3718.177131
43197561 3719.666358
43196991 3721.172110
43196715 3722.664593
43196580 3724.167634
43195962 3724.167641
43195666 3725.667841
43194791 3727.158458
43193016 3728.649902
43192762 3730.128749
43192369 3731.613280
43191469 3733.117965
43190712 3733.117972
43189212 3734.604695
43185847 3736.111848
43184592 3737.618608
43182950 3739.118328
43181716 3740.617991
43181495 3742.120418
43181254 3743.611901
43179235 3745.121245
43178289 3746.621450
43178284 3748.124306
43176461 3749.618836
43176434 3751.119927
43176242 3752.602264
43175739 3754.106453
43175251 3754.106458
43174992 3755.603726
43173873 3757.101039
43172745 3758.603817
43172470 3760.099766
43172261 3761.599078
43171858 3761.599084
43171188 3763.091075
43171184 3763.091082
43170825 3764.600659
43169619 3766.096006
43168507 3767.589739
43167946 3769.095427
43166841 3770.595367
43166726 3770.595373
43163180 3772.106590
43162123 3773.597646
43161652 3775.102558
43159847 3776.602397
43159070 3778.088310
43156687 3779.582909
43156559 3781.068479
43156355 3782.578090
43155695 3784.078993
43155602 3785.588533
43151031 3787.073264
43150012 3788.578833
43149581 3790.076146
43147938 3791.581497
43147439 3793.075121
43147429 3794.587680
43144095 3794.587685
43141934 3796.096218
43141406 3797.592416
43141068 3799.089167
43140861 3800.595586
43138747 3802.087461
43137989 3803.583420
43136722 3805.087418
43135025 3806.598504
43132319 3808.112543
43131821 3809.609464
43131293 3811.108667
43129936 3812.604995
43128783 3814.113974
43127657 3815.606134
43125655 3817.100421
43123507 3818.600444
43122181 3820.115771
43120687 3821.624801
43120146 3823.127482
43119639 3824.614740
43119505 3826.093277
43119183 3827.605998
43117981 3829.113497
43117736 3830.622456
43116212 3832.134942
43115922 3833.635618
43115411 3835.139724
43114624 3836.647223
43112665 3838.156962
43112439 3839.651144
43112397 3841.170256
43110982 3842.675087
43109399 3844.174820
43108208 3845.660242
43108073 3847.173972
43106913 3848.669441
43106582 3850.189588
43106118 3851.680144
43105549 3853.199896
43103440 3854.715744
43101871 3856.221316
43101645 3857.727009
43099700 3859.240701
43097511 3860.742364
43096934 3862.246191
43096668 3863.762325
43095317 3865.267123
43094859 3866.761324
43093195 3868.276333
43093095 3869.790265
43092834 3871.297626
43092595 3872.810374
43089766 3874.328528
43087555 3875.834598
43087329 3877.348096
43086668 3878.870943
43086367 3880.381975
43086252 3881.890701
43085619 3883.382690
43083543 3884.891874
43082142 3886.394375
43081790 3887.904187
43081470 3889.417804
43078563 3890.920802
43074430 3892.428592
43072878 3893.944799
43072292 3895.454986
43071792 3896.965144
43070062 3898.481087
43067770 3899.997033
43067147 3901.512810
43066019 3903.043728
43064447 3904.545594
43062992 3906.048878
43052151 3907.563452
43049301 3909.066508
43049082 3910.569011
43048097 3912.078185
43048016 3913.591386
43047530 3915.096823
43047224 3916.603434
43046530 3918.114413
43044006 3919.633108
43043244 3921.139658
43042940 3922.648709
43042589 3924.187088
43041841 3925.706565
43041624 3927.223711
43041613 3928.713526
43041447 3930.223860
43040231 3931.745943
43039244 3933.248830
43039207 3934.749615
43038441 3936.253855
43037621 3937.773189
43037470 3939.291459
43037196 3940.805772
43036713 3942.306901
43036388 3943.833530
43031820 3945.353240
43031511 3946.860467
43031297 3948.369502
43029372 3949.875396
43029241 3951.391740
43027920 3952.905597
43026383 3954.434080
43026002 3955.928008
43025494 3957.447886
43024432 3958.951270
43024043 3960.458603
43022825 3961.971738
43021574 3963.493547
43020790 3965.015218
43020776 3966.537603
43020570 3968.049700
43018098 3969.554340
43017202 3971.069415
43015892 3972.599732
43014893 3974.123679
43014404 3975.628048
43013347 3977.144626
43012693 3978.665212
43012344 3980.193623
43011504 3981.695571
43010867 3983.206183
43009615 3984.725942
43007962 3986.264181
43006967 3987.779398
43006425 3989.296799
43005519 3990.818632
43005390 3992.340123
43003113 3993.860415
43001896 3995.384642
43000344 3996.901663
42999221 3998.422787
42997698 3999.936752
42996889 4001.446534
42996184 4002.960205
42995768 4004.475516
42994477 4006.001380
42993308 4007.533844
42992227 4009.068962
42991113 4010.583440
42985902 4012.102633
42985371 4013.638431
42984229 4015.163346
42983945 4016.680164
42983102 4018.195113
42982204 4019.721510
42979533 4021.243502
42978597 4022.758556
42978272 4024.260528
42978088 4025.777355
42976797 4027.289155
42973315 4028.800714
42971535 4030.323284
42970489 4031.834616
42969951 4033.366310
42969877 4034.884210
42968498 4036.401360
42968208 4037.920757
42968145 4039.438819
42967697 4040.956343
42967242 4042.473262
42966579 4043.990427
42966398 4045.513714
42965821 4047.046373
42965462 4048.580537
42965396 4050.100726
42965111 4051.610215
42964616 4053.134493
42964131 4054.654423
42964004 4056.175740
42962100 4057.699207
42962036 4059.223710
42961671 4060.739139
42961423 4062.254909
42960514 4063.792885
42960317 4065.328309
42958629 4066.848657
42958355 4068.378756
42957010 4069.910645
42956942 4071.437862
42953538 4072.956094
42951449 4074.490183
42951327 4076.035177
42949508 4077.549648
42948412 4079.068745
42946662 4080.574134
42946621 4082.085498
42946347 4083.600701
42946159 4085.126375
42945009 4086.647083
42941551 4088.179528
42940944 4089.704590
42940665 4091.206312
42938442 4092.725792
42938217 4094.242821
42937781 4095.753148
42936788 4097.268718
42935669 4098.799360
42935644 4100.336571
42934538 4101.852675
42932795 4103.371498
42931931 4104.897119
42931364 4106.429783
42930631 4107.953520
42929326 4109.489579
42926460 4111.016557
42925158 4112.550775
42924418 4114.070289
42924013 4115.587596
42923984 4117.129378
42922632 4118.656470
42921911 4120.185681
42921876 4121.710449
42921457 4123.233086
42920263 4124.761564
42918751 4126.295734
42918043 4127.824230
42917138 4129.347206
42916840 4130.873248
42915324 4132.398794
42914862 4133.927751
42914260 4135.470705
42914243 4137.006072
42910842 4138.557886
42910176 4140.094569
42909439 4141.627564
42908357 4143.151342
42903621 4144.687635
42902852 4146.218607
42902712 4147.750551
42902540 4149.279964
42901506 4150.813366
42901344 4152.340794
42899841 4153.873357
42899532 4155.402095
42899131 4156.942845
42898442 4158.466317
42897787 4160.005344
42895640 4161.537772
42893729 4163.083806
42892383 4164.617382
42891317 4166.146490
42889597 4167.687251
42888684 4169.227225
42888414 4170.754206
42887660 4172.284115
42887535 4173.833733
42887280 4175.356243
42886807 4176.886048
42885932 4178.427169
42885149 4179.964660
42882548 4181.510500
42882124 4183.049486
42881530 4184.578284
42880332 4186.107242
42879786 4187.630565
42879282 4189.164301
42879220 4190.717101
42878788 4192.254109
42878442 4193.802739
42877256 4195.333979
42876573 4196.880080
42875919 4198.421430
42875184 4199.966771
42874162 4201.490761
42874056 4203.024411
42873423 4204.560248
42871992 4206.104915
42870801 4207.641385
42870741 4209.181523
42870692 4210.699402
42867139 4212.230410
42866922 4213.772086
42865510 4215.300982
42865437 4216.830445
42863902 4218.355981
42863671 4219.892331
42863605 4221.423906
42862238 4222.960459
42861648 4224.494036
42860991 4226.023808
42860990 4227.576253
42860286 4229.110605
42859659 4230.641850
42858726 4232.193673
42858315 4233.724636
42857080 4235.256717
42856995 4236.778640
42856253 4238.303543
42855730 4239.852734
42855346 4241.400119
42855054 4242.938725
42854437 4244.491241
42853631 4246.022972
42853436 4247.566083
42853005 4249.092653
42851986 4250.623596
42851533 4252.164932
42848744 4253.693321
42848561 4255.228414
42847846 4256.773745
42844960 4258.310405
42844676 4259.849983
42843144 4261.387568
42841525 4262.947164
42839450 4264.477399
42837173 4266.009972
42836099 4267.552714
42836053 4269.099215
42836006 4270.635105
42832722 4272.185856
42832137 4273.744032
42832017 4275.300855
42831952 4276.854647
42831799 4278.404822
42831362 4279.947698
42831320 4281.491260
42831215 4283.035175
42830151 4284.575626
42828319 4286.118962
42826665 4287.687277
42826630 4289.238054
42826540 4290.784264
42825266 4292.338383
42824220 4293.896054
42823991 4295.443605
42822698 4296.988578
42821628 4298.545912
42821236 4300.099427
42820765 4301.637136
42820117 4303.188560
42818439 4304.733585
42816701 4306.277234
42815430 4307.812277
42815426 4309.369285
42814152 4310.921653
42812665 4312.452005
42812217 4313.997763
42811827 4315.557429
42811021 4317.107160
42809498 4318.662994
42809480 4320.215070
42809071 4321.772875
42808624 4323.315466
42808146 4324.869916
42806824 4326.418784
42806561 4327.973532
42806452 4329.512001
42804730 4331.066366
42803384 4332.616935
42801999 4334.179824
42801457 4335.720480
42801041 4337.282060
42799740 4338.840885
42798996 4340.387695
42798806 4341.932269
42797466 4343.483059
42796975 4345.047415
42796003 4346.613184
42795281 4348.171716
42795051 4349.730600
42795008 4351.272050
42794150 4352.818119
42793281 4354.390808
42792504 4355.957936
42792007 4357.511996
42791993 4359.055405
42791389 4360.604464
42790900 4362.164218
42790566 4363.723862
42788540 4365.297826
42787819 4366.847316
42787244 4368.409122
42786707 4369.981869
42784719 4371.531797
42784367 4373.078928
42782209 4374.636704
42779727 4376.213000
42777771 4377.775876
42777272 4379.336299
42775989 4380.890220
42775426 4382.451864
42774183 4384.019162
42773460 4385.589250
42772898 4387.159397
42772340 4388.711027
42772098 4390.278425
42771550 4391.830110
42771290 4393.389348
42770838 4394.955099
42770779 4396.523987
42769888 4398.091176
42769339 4399.658245
42768114 4401.215839
42767969 4402.778310
42767188 4404.336313
42766694 4405.892667
42766046 4407.453109
42765125 4409.017482
42763703 4410.594258
42763220 4412.165856
42761557 4413.739547
42761499 4415.296839
42760862 4416.870157
42758896 4418.422570
42757994 4419.977819
42757844 4421.554340
42756826 4423.115981
42756740 4424.677872
42755777 4426.248500
42755303 4427.835570
42754919 4429.399006
42753776 4430.965625
42753748 4432.538246
42753161 4434.114468
42752498 4435.679847
42751811 4437.240419
42751748 4438.796148
42751276 4440.364819
42750491 4441.922545
42750338 4443.490711
42750257 4445.057455
42747540 4446.623032
42747059 4448.190019
42746882 4449.744219
42745453 4451.309020
42744991 4452.870306
42744150 4454.445314
42743837 4456.016569
42743830 4457.582996
42741841 4459.162355
42741010 4460.711824
42739890 4462.276376
42739057 4463.833101
42737792 4465.408100
42737068 4466.989641
42736219 4468.546291
42735968 4470.120314
42733817 4471.694050
42733245 4473.253171
42730666 4474.828673
42729613 4476.394546
42728948 4477.965844
42727424 4479.538767
42727207 4481.103380
42727004 4482.686001
42726942 4484.261819
42726350 4485.846205
42725908 4487.414667
42725878 4488.995533
42723825 4490.557738
42723756 4492.125351
42723327 4493.702589
42717957 4495.277436
42717784 4496.854722
42717686 4498.436352
42717654 4500.018335
42716066 4501.566498
42715458 4503.147569
42709954 4504.733161
42709935 4506.310388
42709306 4507.886788
42709040 4509.477510
42708021 4511.054329
42706186 4512.629552
42705392 4514.198393
42703020 4515.768920
42702423 4517.339012
42701442 4518.925218
42699230 4520.511911
42698633 4522.077991
42698221 4523.660782
42695582 4525.244186
42693699 4526.832992
42693394 4528.412442
42692943 4529.998607
42692483 4531.572284
42692148 4533.133093
42691830 4534.717115
42691372 4536.297275
42690933 4537.866397
42690418 4539.445733
42690281 4541.031686
42689288 4542.625932
42684868 4544.201838
42684393 4545.780841
42684243 4547.349027
42683954 4548.937246
42682692 4550.511320
42682337 4552.096866
42682106 4553.682177
42680806 4555.275245
42677221 4556.852102
42676883 4558.426904
42676527 4560.013856
42676280 4561.605713
42675769 4563.184582
42674727 4564.761724
42674645 4566.337074
42674417 4567.929386
42674012 4569.521136
42673836 4571.121284
42673263 4572.700278
42673190 4574.283489
42672748 4575.866782
42671737 4577.447559
42671595 4579.035866
42669948 4580.612275
42669107 4582.212637
42665490 4583.801410
42664870 4585.396569
42663847 4586.981483
42662088 4588.559552
42661692 4590.151438
42660963 4591.740595
42660774 4593.335670
42660141 4594.918676
42659415 4596.494814
42659198 4598.079697
42658204 4599.662344
42656153 4601.248153
42655909 4602.848616
42655462 4604.436482
42655165 4606.025961
42654985 4607.608701
42653912 4609.206148
42653908 4610.782644
42653439 4612.361652
42652387 4613.955392
42651155 4615.553798
42649933 4617.133086
42649850 4618.728111
42649231 4620.313143
42649229 4621.908133
42647466 4623.505049
42647302 4625.095937
42646757 4626.688821
42646463 4628.276107
42646283 4629.865935
42645193 4631.453435
42642332 4633.044910
42641487 4634.657196
42638986 4636.258214
42638971 4637.858349
42638195 4639.453057
42637742 4641.038523
42637123 4642.619055
42634719 4644.184991
42634490 4645.784914
42633738 4647.361787
42633657 4648.952425
42633489 4650.556014
42633202 4652.155694
42632748 4653.767097
42632140 4655.372016
42631919 4656.963077
42630760 4658.554122
42629789 4660.140628
42629690 4661.740542
42627142 4663.338360
42626891 4664.937254
42626745 4666.543715
42626177 4668.141870
42625825 4669.743282
42625478 4671.364007
42625040 4672.963807
42624416 4674.550769
42622267 4676.167958
42621838 4677.765129
42620614 4679.361807
42620532 4680.982989
42620389 4682.583482
42620064 4684.190640
42619494 4685.785903
42618420 4687.389954
42617653 4688.988577
42616914 4690.575820
42616733 4692.181995
42616313 4693.780361
42616189 4695.382815
42615117 4696.991309
42614777 4698.596741
42614518 4700.194463
42614478 4701.798715
42613304 4703.402863
42609193 4705.004390
42608354 4706.610839
42607698 4708.201960
42607530 4709.791810
42607180 4711.368413
42607053 4712.962354
42606792 4714.565402
42606382 4714.565407
42605346 4716.172421
42604964 4717.785958
42603271 4719.377366
42602676 4720.987723
42601777 4722.598886
42601725 4724.185726
42601122 4725.793751
42600394 4727.392354
42600072 4728.995829
42599759 4730.625739
42599661 4732.242895
42597660 4733.855004
42597125 4735.464183
42596732 4737.070373
42596319 4738.670524
42594934 4740.304318
42594291 4741.908134
42594054 4743.527811
42593377 4745.139969
42592368 4746.755763
42590620 4748.369288
42589195 4749.989242
42588683 4751.583428
42588528 4753.200888
42586654 4754.818258
42586555 4756.437064
42586026 4758.059001
42585910 4759.675782
42584850 4761.277129
42584111 4762.896167
42583794 4764.511413
42583715 4766.127731
42583300 4766.127736
42581718 4767.740997
42581428 4769.371190
42580767 4770.997950
42580603 4770.997954
42580488 4772.634325
42579381 4772.634330
42578718 4774.243033
42578230 4775.851433
42578019 4777.462243
42577497 4777.462249
42576397 4779.083167
42575531 4780.694649
42574146 4782.307749
42573425 4783.934098
42573414 4785.539549
42572336 4787.163817
42570936 4788.780727
42569805 4790.397885
42569332 4792.021806
42568611 4793.635163
42567918 4795.258784
42567696 4796.877997
42567225 4798.499592
42566718 4800.124170
42566598 4801.771588
42566187 4803.410026
42565904 4805.023567
42565177 4806.640286
42564758 4808.248683
42561594 4809.864456
42561388 4811.477515
42561095 4813.093970
42560959 4814.711983
42560861 4816.334896
42559889 4817.975070
42559423 4819.595769
42558909 4821.234444
42558280 4822.846707
42557543 4824.468691
42556681 4826.092458
42555661 4827.729540
42554958 4829.355181
42554824 4830.965202
42554113 4832.594197
42553610 4834.222416
42551722 4835.853922
42550966 4837.483326
42547583 4839.112794
42544804 4840.726798
42544346 4842.346342
42544215 4843.979663
42543427 4845.616947
42543374 4847.242137
42542996 4848.862999
42541742 4850.498285
42541126 4852.124257
42538664 4853.739772
42538044 4855.368682
42537910 4856.983974
42536812 4858.625479
42535755 4860.254435
42535339 4861.879024
42535238 4863.522337
42534207 4865.136541
42532627 4866.759218
42531652 4868.391440
42531353 4870.009979
42530928 4871.641573
42530737 4873.279684
42529754 4874.910372
42529615 4876.536702
42526687 4878.164731
42526619 4879.797843
42525494 4881.452134
42525346 4883.098774
42524327 4884.736363
42524075 4886.377911
42523290 4888.020892
42522706 4889.668854
42522547 4891.308896
42521189 4892.929695
42520699 4894.577136
42520580 4896.206256
42520338 4897.835847
42520295 4899.465484
42518753 4901.104466
42517929 4902.735059
42515979 4904.360852
42515501 4905.998960
42514992 4907.626822
42513879 4909.271592
42512494 4910.913677
42511677 4912.565487
42511122 4914.190472
42510262 4915.833148
42510023 4917.469661
42509948 4919.117517
42509434 4920.750747
42509356 4922.390262
42508762 4924.021275
42506539 4925.669671
42506437 4927.299885
42506374 4928.953997
42505137 4928.954002
42504428 4930.593041
42504231 4932.237557
42503031 4933.877157
42502608 4935.503329
42502130 4937.155074
42500903 4938.799084
42500370 4940.440017
42499438 4942.077823
42498022 4943.721818
42497113 4945.376700
42496292 4947.013969
42493089 4948.655504
42492715 4950.313125
42491808 4951.956235
42491041 4953.601045
42490449 4955.246603
42489671 4956.887053
42489377 4958.539669
42488677 4960.193868
42488184 4961.853256
42487444 4963.508063
42486424 4965.153980
42486121 4966.792257
42486096 4968.430692
42485978 4970.071675
42484023 4971.719162
42483805 4973.369009
42483297 4975.037625
42482072 4976.689399
42482016 4978.351913
42479785 4979.996013
42479230 4981.667589
42478741 4983.318060
42478233 4984.982384
42476137 4986.661060
42475513 4988.332946
42474880 4989.998152
42473473 4991.658811
42473144 4993.319654
42473006 4994.980113
42472668 4996.634003
42471739 4998.285637
42471071 4999.942570
42470935 5001.611372
42470039 5003.247101
42469407 5004.915724
42468992 5006.567010
42468924 5008.223267
42467517 5009.877879
42467505 5011.529623
42467192 5013.183816
42466862 5014.840071
42465765 5014.840077
42465424 5016.501900
42464007 5018.149920
42460209 5019.806285
42459334 5021.465154
42457431 5023.129037
42456825 5024.786788
42455854 5026.454728
42455848 5028.112889
42455129 5029.771089
42453997 5031.431281
42453670 5033.091863
42453581 5034.760751
42452792 5036.411777
42452012 5038.087590
42450411 5039.748811
42449170 5041.389591
42448707 5043.055713
42447938 5044.713493
42447768 5046.382679
42446651 5048.038615
42446001 5049.706725
42445291 5051.381469
42444450 5053.058909
42443580 5054.722942
42442032 5056.384228
42440766 5058.046618
42440269 5059.703303
42437574 5061.351865
42436766 5063.024580
42436403 5064.681188
42436103 5066.348328
42435521 5068.029935
42434121 5069.704243
42432838 5071.373943
42431935 5073.037504
42431655 5074.715983
42431147 5076.392719
42430725 5078.061888
42430136 5079.753985
42428973 5081.429209
42428509 5083.109757
42427066 5084.780095
42426687 5086.454503
42425428 5088.138450
42422471 5089.824302
42419804 5091.497862
42419681 5093.164512
42418225 5094.857020
42417713 5096.533317
42416721 5098.213918
42416584 5099.892382
42415794 5101.565222
42414633 5103.251822
42413569 5104.928393
42411977 5106.607255
42410722 5108.299483
42410603 5109.976280
42409416 5111.641657
42405833 5113.311837
42405372 5114.966346
42404907 5116.652711
42404717 5118.333546
42404537 5120.006295
42403714 5121.680306
42403334 5123.344431
42403317 5125.034903
42402485 5126.724334
42401407 5128.406486
42398775 5130.089871
42398762 5131.781465
42398600 5133.467180
42398030 5135.152587
42397772 5136.833713
42397229 5138.526914
42396671 5140.221025
42396656 5141.917895
42396193 5143.589540
42395567 5145.292393
42394948 5146.966480
42394660 5148.653613
42394084 5150.355279
42392238 5152.035781
42392141 5153.742593
42391522 5155.445091
42390381 5157.149000
42389129 5158.841649
42388456 5160.534436
42386922 5162.217640
42385750 5163.915329
42384971 5165.622420
42384486 5167.318651
42384165 5168.996749
42382133 5170.711301
42381918 5172.422963
42381482 5174.119021
42380486 5175.818154
42379958 5177.511331
42379717 5179.211786
42379025 5180.907368
42378131 5182.608577
42377847 5184.304723
42377746 5185.989894
42376002 5187.696795
42375906 5189.400136
42375880 5191.100836
42375138 5192.820053
42374574 5194.529852
42372852 5196.217305
42372691 5197.916130
42372627 5199.611594
42372057 5201.313269
42371037 5203.025189
42369571 5204.741432
42369336 5206.426679
42369120 5208.133069
42368013 5209.838854
42366923 5211.567839
42366470 5213.284879
42365740 5215.007471
42365355 5216.725921
42364836 5218.396639
42364458 5220.093759
42363895 5221.813367
42363859 5223.517609
42362576 5225.235388
42362250 5226.936615
42362027 5228.646451
42361477 5230.356777
42360259 5232.066954
42360007 5233.767542
42359934 5235.474640
42359565 5237.192582
42359385 5238.900779
42358309 5240.615220
42358125 5242.351451
42357869 5244.080768
42356920 5244.080774
42356595 5245.780965
42356075 5247.509045
42355238 5249.217331
42353981 5250.933439
42353677 5252.660329
42353032 5254.376292
42352221 5256.106007
42351473 5257.819257
42350049 5259.557908
42348937 5261.289923
42348095 5263.017163
42347648 5264.712340
42347484 5266.442063
42346565 5268.180286
42345265 5269.901521
42345238 5271.616052
42344923 5273.355295
42344435 5275.079439
42344200 5276.803715
42343329 5278.515889
42342672 5280.226938
42337406 5281.968026
42337131 5283.690116
42336437 5285.434096
42336149 5287.160770
42335776 5288.888569
42334279 5290.602642
42333735 5292.308865
42332337 5294.030901
42332279 5295.763016
42331338 5297.494037
42329080 5299.218218
42328755 5300.954356
42326513 5302.679451
42324784 5304.423677
42323660 5306.144207
42322692 5307.871286
42321955 5309.611754
42321576 5311.344189
42321254 5313.085768
42320204 5314.819311
42319413 5316.548220
42318265 5318.285670
42317142 5320.005968
42315233 5321.756063
42314432 5323.490139
42313575 5325.225720
42312589 5326.966904
42311600 5328.695346
42310272 5330.439833
42308993 5332.171498
42308911 5333.908612
42308087 5335.642394
42306079 5337.410549
42305980 5339.167551
42304291 5340.919558
42303777 5342.659510
42303224 5344.407158
42302601 5346.158989
42302060 5347.914097
42301570 5349.657698
42300748 5351.396579
42300692 5353.130594
42300071 5354.889098
42299645 5356.646977
42299582 5358.396470
42298119 5360.162735
42297842 5361.906709
42297579 5363.653778
42295506 5365.403683
42294877 5367.139478
42294270 5368.885949
42294131 5370.646118
42293125 5372.414296
42292867 5374.176118
42292386 5375.921870
42292221 5377.688288
42292035 5379.459273
42291419 5381.229910
42290321 5382.977272
42289871 5384.737046
42289580 5386.477100
42289191 5388.241014
42288706 5389.995132
42287952 5391.756438
42287708 5393.510382
42286665 5395.267055
42285850 5397.037936
42284768 5398.816909
42284604 5400.583772
42283649 5402.349303
42282394 5404.120664
42281601 5405.876779
42281302 5407.646554
42280866 5409.404756
42280459 5411.172670
42280351 5412.937060
42279859 5414.701371
42279205 5416.464627
42278697 5418.236689
42278286 5420.000379
42277009 5421.773077
42276163 5423.549321
42275995 5425.321262
42274475 5427.091323
42274065 5428.866225
42273989 5430.644219
42273471 5432.422930
42272593 5434.200500
42271977 5435.970549
42270169 5437.754075
42270019 5439.542879
42269531 5441.319777
42269403 5443.109513
42267738 5444.882353
42266986 5446.657812
42266634 5448.452357
42266393 5450.232791
42265516 5452.021620
42264896 5453.794131
42262351 5455.572206
42261718 5457.348797
42261490 5459.144947
42260885 5460.917866
42260272 5462.715773
42259288 5464.501187
42259045 5466.304423
42258430 5468.087075
42258284 5469.881841
42257804 5471.668997
42257663 5473.462080
42255628 5475.259907
42252772 5477.036938
42252206 5478.827342
42251317 5480.621437
42250218 5482.424990
42249633 5484.205421
42249146 5485.981604
42248608 5487.775653
42248542 5489.583451
42247888 5491.390338
42247294 5493.180248
42246805 5494.961099
42246788 5496.752591
42246759 5498.547026
42245792 5500.345388
42243390 5502.144928
42243111 5503.936260
42242272 5505.734476
42241485 5507.544974
42241252 5509.328563
42240573 5511.128409
42240341 5512.935974
42239733 5514.736222
42239293 5516.528015
42238637 5518.314003
42237718 5520.113817
42237352 5521.899049
42237335 5523.690797
42236801 5525.493601
42236483 5527.303604
42235965 5529.101731
42235753 5530.907143
42235340 5532.718329
42235078 5534.513375
42234766 5536.314773
42233706 5538.130978
42233120 5539.940061
42232926 5541.752081
42232590 5543.571628
42232149 5545.385080
42231883 5547.193524
42231561 5549.010764
42231091 5550.829869
42230719 5552.640317
42230519 5554.465779
42230061 5556.288168
42230005 5558.118614
42229518 5559.923032
42229114 5561.750960
42228716 5563.568870
42228145 5565.396778
42227803 5567.218113
42226773 5569.039949
42226478 5570.859379
42226314 5572.686935
42225789 5574.510999
42225199 5576.337787
42225184 5578.156788
42225051 5579.982233
42225033 5581.805125
42224448 5583.639627
42224281 5585.459750
42223631 5585.459755
42220630 5587.289729
42220203 5589.109986
42219678 5590.947315
42219125 5592.788418
42218944 5594.598590
42218716 5596.422964
42218174 5598.241564
42217425 5600.067833
42217214 5601.892843
42216902 5603.719063
42216655 5605.544391
42215952 5607.360732
42215544 5609.193487
42213963 5611.013671
42213446 5612.848321
42213280 5614.671097
42213085 5616.483938
42212153 5618.307313
42211554 5620.136237
42210226 5621.971558
42208852 5623.795223
42208700 5625.610630
42208084 5627.439826
42207787 5629.264808
42207551 5631.086905
42206536 5632.916022
42205556 5634.750645
42204915 5636.580699
42204212 5638.399689
42203784 5640.229442
42203540 5642.065176
42202702 5643.896452
42202110 5645.722874
42201548 5647.559353
42201527 5649.389634
42200435 5651.223111
42200092 5653.056400
42199440 5654.906580
42197737 5656.754378
42197109 5658.595654
42196456 5660.436748
42196432 5662.276767
42194947 5664.114438
42194763 5665.951927
42194150 5667.796148
42193456 5669.632258
42193216 5671.475929
42192686 5673.294424
42192001 5675.151377
42190919 5676.988277
42190338 5678.835185
42189547 5680.691644
42187959 5682.557996
42187779 5684.424611
42187644 5686.264910
42187339 5688.107124
42187282 5689.953054
42186936 5691.794264
42186318 5693.628081
42185597 5695.493342
42184234 5697.354414
42183961 5699.194515
42183198 5701.030962
42183196 5702.879612
42182917 5704.725308
42182487 5706.584844
42182263 5708.429889
42181858 5710.287739
42181672 5712.134885
42181486 5713.982626
42179855 5715.837132
42178780 5717.707042
42178008 5719.575951
42177456 5721.442096
42176712 5723.313953
42175311 5725.184104
42175140 5727.030317
42174620 5728.905152
42174019 5730.747435
42173619 5732.618666
42173249 5734.463888
42172588 5736.328649
42172162 5738.194035
42171375 5740.053260
42170989 5741.925645
42170742 5743.799444
42170499 5745.668239
42170343 5747.524022
42170189 5749.382719
42169890 5751.242876
42169888 5753.122000
42168550 5754.979711
42168270 5756.858381
42167829 5758.724236
42167634 5760.588178
42167404 5762.470554
42167403 5762.470560
42166335 5764.349899
42166174 5764.349905
42165490 5766.218175
42165480 5766.218181
42164571 5768.083130
42161552 5769.953441
42161385 5771.815579
42160530 5773.693034
42160367 5775.576927
42159672 5777.455750
42158971 5779.347791
42158661 5781.214581
42157663 5783.076422
42156781 5784.941979
42156486 5786.819985
42152002 5788.687359
42150350 5790.557045
42148925 5792.439508
42148761 5794.327998
42147916 5796.203608
42147745 5798.071590
42147173 5799.949723
42147129 5801.826798
42146884 5803.694854
42146468 5805.584121
42145780 5807.452403
42145325 5809.334557
42144822 5811.218797
42144499 5813.097261
42144413 5814.972422
42143585 5816.850714
42142616 5818.735911
42142275 5820.626515
42141845 5822.512729
42141333 5824.386664
42140695 5826.275983
42140626 5828.165925
42140526 5830.033998
42140013 5831.930993
42139021 5833.801457
42137026 5835.685473
42136703 5837.564039
42136435 5839.447720
42135070 5841.328639
42134840 5843.222885
42134578 5845.105100
42134004 5846.990186
42133905 5848.873114
42133620 5850.751955
42133480 5852.633725
42133249 5854.509833
42133247 5856.414496
42133080 5858.305068
42132920 5860.201089
42132711 5862.105447
42132389 5863.998985
42131522 5865.874967
42131044 5867.769333
42130368 5869.670938
42129783 5871.576841
42129171 5873.478964
42128347 5875.376661
42128135 5877.272347
42127788 5879.165753
42127024 5881.056671
42126803 5882.950468
42126665 5884.847237
42125829 5886.758062
42124922 5888.663686
42124681 5890.570101
42124346 5892.452504
42124117 5894.358559
42123747 5896.265804
42123439 5898.156439
42123212 5900.065040
42122334 5901.973775
42121921 5903.883995
42121677 5905.794361
42121152 5907.682369
42120765 5909.587387
42119781 5911.489672
42119163 5913.382476
42118760 5915.273961
42118267 5917.172261
42117913 5919.078677
42116106 5920.977797
42115466 5922.894650
42114800 5924.794397
42114328 5926.701320
42114140 5928.627720
42113776 5930.530417
42113746 5932.451158
42113541 5934.371619
42113342 5936.276561
42113109 5938.202128
42112900 5940.106717
42112255 5942.017068
42111962 5943.920738
42111827 5945.824770
42111159 5947.742153
42110469 5949.661108
42109326 5951.566699
42108751 5953.479339
42108620 5955.389567
42108499 5957.302129
42108136 5959.220024
42107527 5961.139957
42106885 5963.064379
42106750 5964.988341
42106307 5966.900068
42105801 5968.820464
42105587 5970.728948
42105129 5972.644741
42104709 5974.552036
42104376 5976.471634
42104303 5978.397081
42104190 5980.316065
42103976 5982.236144
42103166 5984.158062
42103030 5986.091288
42102714 5988.017080
42102247 5989.931154
42102128 5991.864090
42101818 5993.785475
42101391 5995.717387
42101321 5997.645496
42099800 5999.567065
42099421 6001.490457
42099204 6003.412961
42098358 6005.350949
42098215 6007.267175
42097573 6009.195723
42097215 6011.121347
42092113 6011.121353
42086855 6013.043686
42085551 6014.984634
42085446 6016.920069
42084419 6018.857636
42083569 6020.790977
42083376 6022.716008
42082865 6024.643089
42082033 6026.575847
42081902 6028.511870
42081368 6030.446416
42080805 6032.393334
42080606 6034.328958
42078848 6036.267275
42078500 6038.205961
42077907 6040.134766
42077134 6042.075133
42076490 6044.010450
42076021 6045.953039
42075592 6047.895149
42074579 6049.832492
42073861 6051.753076
42073488 6053.679689
42073232 6055.620256
42073052 6057.562122
42072957 6059.502266
42072755 6061.441357
42071202 6063.371183
42071032 6065.328139
42070872 6067.270280
42070563 6069.201375
42070332 6071.133989
42069760 6073.074240
42069559 6075.012179
42069203 6076.975064
42069076 6078.906200
42068875 6080.837148
42068339 6082.772714
42067898 6084.715490
42067482 6086.658860
42067067 6088.605461
42066304 6090.550584
42065540 6092.498989
42064786 6094.448269
42064164 6096.407296
42063485 6098.343979
42063037 6100.289166
42062893 6102.244533
42062824 6104.202998
42062283 6106.152174
42062151 6108.106523
42060689 6110.061999
42060645 6112.012092
42060160 6113.981067
42060074 6115.922371
42059379 6117.873468
42058862 6119.826704
42058221 6121.771401
42057760 6123.725941
42057346 6125.681259
42056905 6127.637994
42056009 6129.589544
42055065 6131.542220
42054939 6133.512594
42054614 6135.464336
42052902 6137.410503
42052716 6139.370420
42052482 6141.329862
42051648 6143.289664
42049777 6145.261615
42047838 6147.225317
42047683 6149.184640
42047180 6151.140441
42043847 6153.100591
42043404 6155.067361
42043132 6157.031591
42042526 6158.976894
42042365 6160.952864
42041910 6162.914086
42041699 6164.870003
42041078 6166.835373
42040629 6168.807456
42040021 6170.782430
42039481 6172.734850
42039228 6174.701087
42038218 6176.672545
42037852 6178.646012
42037559 6180.611644
42037124 6182.576179
42036924 6184.551382
42033412 6186.512043
42032685 6188.479008
42032292 6190.440511
42032078 6192.415618
42031806 6194.369911
42031418 6196.329784
42030954 6198.305130
42030774 6200.281582
42030464 6202.253500
42030295 6204.222376
42029622 6206.200277
42029415 6208.163363
42029236 6210.138199
42029174 6212.109408
42029152 6214.084804
42028963 6216.046810
42028683 6218.006359
42028337 6219.980026
42028231 6221.952785
42027893 6223.910539
42027609 6225.890091
42027079 6227.862165
42026579 6229.854455
42026463 6231.833825
42026412 6233.811772
42026115 6235.787748
42025986 6237.757785
42025932 6239.724695
42025657 6241.706357
42024573 6243.687630
42024079 6245.646726
42023832 6247.612008
42023528 6249.583216
42022943 6251.566269
42022740 6253.524801
42022723 6255.496324
42022376 6257.478599
42021914 6259.460782
42021773 6261.444590
42021704 6263.429096
42021691 6265.405703
42021383 6267.389295
42021211 6269.360977
42020835 6271.336922
42020644 6273.308000
42020120 6275.290152
42016133 6277.272806
42015811 6279.261966
42015463 6281.242336
42014883 6283.223929
42014660 6285.207850
42014301 6287.195010
42010793 6289.186395
42010485 6291.178693
42009770 6293.165888
42009628 6295.148500
42009328 6297.132547
42009171 6299.115970
42009008 6301.103302
42008592 6303.072104
42008587 6305.058828
42008343 6307.044116
42008295 6309.021577
42008220 6311.011475
42008009 6313.004042
42005302 6314.982162
42005033 6316.976650
42004870 6318.962370
42004715 6320.939224
42004412 6322.921685
42004166 6324.911785
42003975 6326.904838
42003320 6328.889211
42002930 6330.878659
42002755 6332.861764
42002536 6334.827860
42002469 6336.814832
42001944 6338.804103
42001633 6340.794843
42001487 6342.782424
42001043 6344.771548
42000944 6346.757986
42000575 6348.743393
42000023 6350.739467
41999889 6352.734708
41999668 6354.723280
41998393 6356.708274
41998368 6358.698354
41998271 6360.705455
41998047 6362.710725
41997824 6364.713772
41997190 6366.711498
41996194 6368.715494
41995947 6370.709989
41995759 6372.702828
41995657 6374.687580
41995411 6376.682807
41995236 6378.684209
41994565 6380.679287
41994480 6382.669968
41994414 6384.667096
41994082 6386.678116
41994006 6388.699918
41993189 6390.695582
41992679 6392.689829
41992515 6394.675629
41992300 6396.677986
41991996 6398.699086
41991930 6400.705366
41991823 6402.720554
41991696 6404.711043
41991566 6406.720964
41991462 6408.732638
41991381 6410.731167
41991273 6412.737958
41990823 6414.742982
41990403 6416.749992
41990315 6418.756321
41990194 6420.768632
41989829 6422.778462
41989320 6424.796083
41988640 6426.795359
41988238 6428.798925
41986194 6430.799887
41985780 6432.805018
41985563 6434.825187
41985332 6436.824024
41985033 6438.833301
41984983 6440.843374
41984849 6442.852541
41984781 6444.858625
41984683 6446.870146
41984534 6448.880855
41982901 6450.897390
41982825 6452.904073
41982492 6454.903094
41982344 6456.907697
41982134 6458.910268
41982106 6460.918724
41981760 6462.924050
41981603 6464.935657
41981378 6466.939089
41981066 6468.965326
41980849 6470.989392
41979717 6473.009055
41979632 6475.028064
41979518 6477.029116
41979365 6479.036874
41979312 6481.050585
41979101 6483.059910
41978737 6485.075742
41977863 6487.088907
41977809 6489.106052
41977756 6491.123849
41977530 6493.127376
41977387 6495.136822
41977261 6497.153673
41977022 6499.184947
41976899 6501.194762
41976839 6503.206605
41976244 6505.238036
41976115 6507.257984
41976102 6509.278412
41975588 6511.288371
41975322 6513.304018
41975171 6515.323537
41975082 6517.333491
41974891 6519.338283
41974708 6521.362464
41974130 6523.373303
41973921 6525.385119
41973846 6527.404918
41973650 6529.418397
41973531 6531.435711
41973398 6533.450811
41973260 6535.471957
41973197 6537.495059
41973177 6539.502929
41973093 6541.518535
41972928 6543.519240
41972459 6545.543055
41972218 6547.560611
41972006 6549.585077
41971986 6551.617653
41971733 6553.648173
41971650 6555.675127
41971591 6559.723259
41971411 6561.750666
41971303 6563.776330
41971254 6565.798286
41971183 6567.817856
41970718 6569.845683
41970211 6571.867068
41970087 6573.901988
41969921 6575.929172
41969764 6577.965007
41969579 6579.988515
41969480 6582.011630
41969322 6584.042646
41969257 6586.065577
41968323 6588.090691
41968122 6590.117433
41968036 6592.152160
41967772 6594.182216
41967540 6594.182220
41967466 6596.204614
41967001 6596.204619
41966908 6598.230745
41966667 6600.249547
41966446 6602.277879
41966085 6604.310013
41965775 6604.310018
41964983 6606.340208
41964933 6608.361806
41964637 6610.391916
41964597 6612.423720
41964486 6614.459473
41964453 6616.479210
41964173 6616.479216
41963582 6616.479217
41963222 6618.514831
41962734 6620.547948
41962645 6622.576868
41962230 6624.615454
41962229 6626.647774
41962171 6628.694103
41960495 6628.694109
41960222 6630.722773
41960037 6632.757648
41960022 6634.778461
41959986 6634.778467
41959475 6636.807299
41959314 6638.839932
41959248 6640.881287
41959019 6642.914359
41957183 6642.914364
41957030 6644.948693
41956235 6646.983664
41956171 6649.010096
41956037 6651.044963
41955783 6653.081488
41955754 6655.109905
41955470 6657.144418
41954934 6659.179767
41954666 6661.208329
41954612 6663.242578
41953775 6665.284369
41953636 6667.305958
41952165 6669.335603
41951837 6671.367686
41951711 6673.398368
41950318 6675.433337
41950156 6677.454889
41950132 6679.493056
41950075 6681.526892
41950029 6683.565618
41949805 6685.594157
41949458 6687.623808
41949155 6689.669636
41948794 6691.706167
41948789 6693.740548
41948606 6695.779937
41947848 6695.779941
41947598 6697.821571
41947339 6699.855188
41947090 6701.896337
41946799 6703.938721
41946687 6705.962937
41946660 6708.003037
41946441 6710.037010
41946227 6712.066417
41944362 6714.111467
41944263 6716.150163
41944245 6718.189502
41943997 6720.228508
41943902 6722.264460
41943793 6724.297894
41942497 6726.319273
41942403 6728.352695
41942225 6730.393598
41941812 6732.424745
41941654 6734.464943
41941572 6736.498321
41941527 6738.521343
41941478 6740.564644
41941103 6742.610109
41940758 6744.661910
41940723 6746.698330
41940589 6748.727476
41940398 6750.777609
41938102 6752.819677
41938031 6754.857455
41937964 6756.900898
41937583 6758.946608
41937479 6760.982275
41937314 6763.019630
41937120 6765.060738
41937031 6767.102803
41936686 6769.141400
41936660 6771.192813
41936602 6773.237865
41936435 6775.275459
41935975 6777.312039
41935415 6779.352317
41935287 6781.385254
41935188 6783.428552
41935024 6785.476396
41935011 6787.511690
41934992 6789.555816
41934900 6791.601720
41934823 6793.653776
41934756 6795.697787
41934620 6797.735762
41934614 6799.771431
41934533 6801.813907
41934436 6801.813913
41934275 6803.840526
41933964 6803.840532
41933922 6805.886303
41933889 6807.928285
41933617 6807.928290
41933069 6809.965290
41932860 6812.003748
41932554 6814.049516
41930106 6814.049522
41929951 6816.091576
41929480 6818.128319
41929356 6820.160490
41929241 6822.203502
41929167 6824.244262
41929032 6826.279153
41928549 6828.309724
41928444 6830.345474
41928402 6832.385340
41928176 6834.432150
41927890 6836.473604
41927824 6838.517757
41927677 6840.558114
41926252 6842.597317
41926167 6844.639292
41926070 6846.679897
41926041 6848.728630
41925946 6850.771496
41925638 6852.816252
41925554 6854.860379
41925416 6856.900766
41925388 6858.940581
41925346 6860.972355
41925101 6863.012180
41924903 6865.057791
41924802 6867.102070
41924668 6869.132379
41924619 6871.176786
41924585 6873.211912
41924477 6875.248873
41924269 6877.296665
41924239 6877.296670
41923982 6879.342185
41923735 6881.389819
41923718 6883.424656
41923661 6885.468549
41923431 6885.468553
41923233 6887.517429
41923175 6889.560300
41922986 6891.594257
41921863 6891.594263
41921719 6893.634297
41921652 6895.674127
41921454 6897.718723
41921320 6899.750669
41921211 6901.788122
41921022 6903.824857
41919641 6905.856181
41919577 6907.887467
41918924 6909.925521
41918580 6911.971110
41918438 6914.007343
41917873 6916.043474
41917722 6918.074908
41917598 6920.120698
41917541 6922.170693
41917368 6924.223310
41917200 6926.260907
41917165 6928.300902
41916914 6930.333199
41916858 6932.367596
41916162 6934.405521
41916109 6936.441758
41916074 6938.474296
41915500 6940.511201
41915442 6942.548784
41915380 6944.585865
41915342 6946.626740
41915216 6948.665445
41914151 6948.665450
41913988 6950.707806
41913902 6952.746212
41913843 6954.779992
41913829 6956.814029
41913828 6956.814035
41913623 6958.851343
41913498 6960.899668
41913347 6962.937185
41912982 6964.969477
41912959 6967.008436
41912201 6969.051586
41912192 6971.080734
41912168 6973.109015
41912133 6973.109020
41912126 6975.14