68871776 183.776735
67407242 183.776748
66886665 183.776749
65388429 183.776751
65158116 183.776752
64430550 183.776754
63881237 183.776755
63195134 183.776757
62623902 183.776759
62579211 186.399620
62571349 189.019462
62563754 191.635164
62311204 194.226333
61754251 196.805161
61735472 199.396446
61698228 201.943918
61690119 204.485070
61661983 207.037510
61302215 207.037515
61299062 209.569781
61290063 212.051684
60968180 212.051689
60543171 214.575356
60534877 217.093117
60255704 217.093123
60209559 219.566519
58908266 219.566524
58882170 222.050813
58876848 224.524359
58202707 226.995487
58192583 229.457807
58185857 231.935276
58181482 234.404654
58003014 236.859623
57999674 239.308511
57749394 241.755187
57742913 244.197206
57725591 246.622467
57716750 249.051611
57485864 249.051616
57484114 251.463593
57482131 253.899848
57457431 256.297712
57232184 258.704784
57225860 258.704790
57139962 258.704792
57136533 261.073944
57128294 263.473169
56708714 263.473174
56696497 265.856936
56690357 268.220576
55858106 268.220580
55847893 270.606523
55557010 273.004633
55547467 275.390136
55538804 277.747284
54505878 280.104001
54501663 282.464168
54499042 284.791247
54316157 287.169924
54311290 289.510515
54308940 291.857903
54305969 294.176994
54297654 296.467725
54296702 298.798945
54286586 301.116309
54279882 303.429894
54276522 305.754089
54166885 308.063148
54166348 310.360280
54162317 312.657379
54154152 314.948239
54151391 317.236920
53045734 317.236927
53023748 319.533798
53019212 321.840993
52975044 324.138096
52972481 326.439022
52960700 328.680749
52957244 330.974134
52948086 333.233953
52944518 335.481534
52935557 337.707320
52928563 339.946445
52919993 342.205147
52753831 344.437639
52000477 346.667865
51995202 348.904765
51944986 351.142520
51942210 353.362390
51936495 355.579256
51932015 357.780790
51926972 360.002079
51919915 362.224970
51916649 364.415803
51907823 366.632101
51574401 368.830117
51571227 371.052750
51557831 373.272746
51556545 375.493844
51449650 377.697663
51446791 379.917050
51445111 382.105299
51306729 384.296885
51295656 386.532389
51294606 388.733163
50611252 390.906900
50582962 393.065515
50582523 395.259259
50577827 397.462658
50565724 399.632374
50519399 401.770780
50517475 403.913521
50512816 406.091626
50507102 408.234938
50503504 410.381160
50498890 412.525101
50493220 414.659265
50325416 414.659271
50320242 416.807522
50302447 418.957454
50287944 421.116759
50282358 423.238255
49999430 425.339860
49991083 427.473251
49985046 429.603890
49847749 429.603896
49834998 431.730500
49833255 433.835089
49831129 435.955183
49701420 438.059913
49699616 440.183846
49689272 442.273486
49686444 444.427782
49677187 446.544810
49673811 448.653505
49671643 450.734378
49668019 452.857172
49662547 454.971473
49661298 457.067437
49652344 459.168490
49645115 461.287905
49642638 463.375737
49606912 463.375743
49604634 465.481302
49593276 467.565304
49591870 469.640046
49586688 471.733680
49584280 473.813982
49571966 475.893016
49568398 478.009549
49559259 478.009554
49557486 480.124731
49540298 480.124736
49230687 482.187877
49230116 484.253595
49224736 486.330037
49165593 488.379124
49153331 490.428568
49098960 492.492132
49089208 494.571629
49084343 496.630277
49078871 498.659697
49037001 498.659701
48720139 498.659703
48718370 500.704763
48716010 502.762597
48713053 504.827032
48711202 506.875223
48709886 508.904825
48641354 510.963189
48638762 513.001894
48608514 513.001899
48605324 515.039748
48600163 517.023136
48571327 519.060282
48397453 519.060286
48395862 521.115784
48394194 523.134917
48390460 525.137199
48378494 525.137205
48377526 527.140506
48370272 529.164146
48276554 529.164151
48211055 531.184580
48165740 531.184584
48162876 533.223027
48047551 533.223032
48045254 535.243797
47557663 537.263603
47320518 539.266431
47315330 541.284660
47310748 543.280528
47259280 545.290155
47257798 547.306434
47251546 549.318593
47245437 551.316106
47164243 553.302587
47162484 555.296591
47161175 557.292902
47149256 559.278951
47146813 561.287951
47145133 563.290971
47142289 565.276766
47136141 567.268068
47135626 569.246715
47117876 571.246108
47117318 573.227959
47115614 575.238223
46899070 577.218908
46885749 579.175169
46880440 581.138843
46878705 583.107571
46878044 585.093963
46876762 587.078449
46875635 589.057410
46867367 591.020789
46860393 592.993299
46850435 594.960936
46845517 596.932697
46838142 598.915644
46835956 600.888796
46834398 602.854114
46832753 604.828282
46831408 606.776177
46829151 608.745398
46825251 610.703306
46822001 612.683791
46817878 614.653050
46814908 616.603012
46758898 618.570007
46757230 620.522800
46755631 622.441778
46753111 624.383467
46748742 626.321495
46745391 628.270551
46737986 630.229901
46727419 632.144009
46725875 634.085761
46725406 636.010065
46722988 637.976885
46721667 639.914469
46719632 641.856503
46674917 643.782062
46674411 645.720884
46672323 647.668609
46671289 649.598098
46666929 651.504356
46665200 653.426707
46663220 655.338261
46525404 655.338267
46522245 657.248938
46515261 659.156249
46500209 661.084122
46475263 662.987923
46446063 664.911251
46433917 666.826497
46431684 668.722352
46428636 670.621849
46427961 672.512185
46384850 674.440434
46314001 676.327560
46308923 678.241974
46308622 680.147968
46308392 682.028261
46303137 683.923857
46301599 685.838460
46296012 687.724045
46228248 687.724050
46226340 689.633072
46104027 691.535886
46101422 693.454377
46096731 695.357723
46091348 697.264922
46087891 699.165153
46083095 701.068977
46080440 702.956272
46078794 704.860998
46071165 706.745361
46064874 708.653158
46055581 710.544710
46054182 712.413048
46044861 714.294559
46012851 714.294565
45751995 716.192516
45749009 718.060749
45748139 719.961061
45614915 721.824323
45614097 723.708522
45586950 725.589403
45583170 727.440505
45575933 729.312323
45574769 731.198388
45563802 733.084036
45550079 734.950156
45545780 736.810733
45543641 738.670436
45535604 740.551294
45517958 742.414689
45498998 742.414694
45494791 744.272418
45493646 746.117597
45377663 747.978230
45368255 749.834403
45364970 751.712753
45362923 753.577798
45358188 755.443202
45355424 757.298103
45293522 759.165469
45290115 761.017371
45287412 762.868507
45285102 764.733968
45283771 766.592005
45283257 768.469420
45279845 770.313671
45279190 772.163149
45274178 773.993980
45273259 775.856188
45271304 777.697291
45269870 779.536824
45210222 779.536829
45205711 781.387020
45195185 781.387024
45150852 783.232674
45140696 783.232679
45137505 785.096046
45123339 786.936488
45118812 788.779568
45111777 790.631894
45110515 792.460877
45109553 794.301086
45105867 796.126369
45049123 796.126374
45047767 797.957823
45044619 799.793442
44932281 801.633738
44931270 803.478976
44930521 805.313494
44928418 807.127997
44910637 808.952537
44908819 810.784832
44898333 812.615542
44895211 814.432044
44892368 816.254257
44883507 816.254262
44872601 818.072939
44871440 819.897769
44864859 821.720144
44864134 823.526307
44779079 825.355888
44777011 827.163380
44776612 828.990820
44767011 830.810105
44766311 832.641447
44757511 834.466685
44756835 836.285866
44756465 838.112783
44754252 839.914394
44729848 841.711593
44638343 843.529726
44637342 845.354440
44636137 847.166616
44630470 848.964082
44627478 850.761521
44625625 852.586666
44620497 854.399879
44609089 856.209669
44607687 858.018693
44603546 859.812473
44601542 861.621877
44598928 863.391618
44593245 865.179580
44591230 866.961626
44589906 868.762749
44587129 870.556113
44585941 872.335207
44583320 874.109525
44582702 875.883888
44582030 877.677223
44576827 879.470122
44575669 881.284337
44571192 883.088833
44502301 884.882152
44500740 886.685527
44499845 888.442116
44499293 890.240832
44498962 892.030729
44497066 893.811408
44494640 895.594837
44492648 897.389057
44484791 899.181380
44482960 900.958329
44481450 902.735747
44472451 902.735752
44463752 904.514712
44462189 906.270649
44438288 906.270654
44437400 908.066077
44430301 909.836441
44429651 911.629566
44428279 913.427420
44417724 915.208028
44416339 916.981254
44413904 918.754527
44412244 920.523029
44411369 922.308744
44409206 924.077039
44374895 925.869421
44372520 927.663353
44370552 929.435847
44303968 929.435875
44302598 931.199091
44291532 932.950408
44291369 934.726415
44205377 936.501902
44172419 938.255862
44165846 940.023337
44165702 941.810825
44164087 943.576130
44159280 945.335618
44158033 947.103742
44120828 948.860365
44115444 950.640089
44113829 952.410193
44109816 954.174922
44106841 955.929546
44104436 957.688476
44101184 959.453473
44100167 961.224909
44096711 962.985933
44094762 964.753086
44094611 966.495887
44092881 968.258147
44086557 969.997158
44084576 971.764403
44083570 973.523076
44083035 975.270034
44081662 977.017625
44078715 978.780502
44076990 980.526052
44035955 982.283271
44034668 984.009480
44033819 985.776336
43961033 987.512245
43960900 989.255578
43958016 990.999656
43951521 992.753497
43950854 994.512019
43950568 996.277134
43949084 998.027420
43939862 999.772360
43937923 1001.505520
43936729 1003.223526
43936135 1004.958726
43934998 1006.682415
43934963 1008.413141
43933703 1010.148413
43932297 1011.875638
43928739 1013.594867
43927203 1015.312235
43925018 1017.029880
43923023 1018.767316
43921548 1020.497259
43920401 1022.234138
43919799 1023.971590
43918488 1025.705155
43917395 1027.436423
43915831 1029.157209
43896371 1030.865221
43895393 1032.590067
43895029 1034.318453
43893598 1036.033852
43892533 1037.766966
43892144 1039.499206
43888404 1041.228473
43882599 1042.951159
43880221 1044.670992
43878975 1046.377226
43875377 1048.083546
43874161 1049.816125
43872983 1051.545771
43872660 1053.261331
43861044 1053.261335
43858556 1054.982824
43856205 1056.698249
43856096 1058.410924
43855562 1060.131967
43854565 1061.855866
43852830 1063.559925
43852305 1065.261868
43850086 1066.959704
43842068 1068.677167
43841320 1070.403866
43840948 1072.110788
43840121 1073.838018
43836671 1075.551334
43835935 1077.271779
43833950 1078.976813
43832523 1080.692516
43831251 1082.423329
43811764 1084.140165
43811031 1085.837834
43809698 1087.538426
43736465 1089.246511
43731590 1090.959941
43731197 1092.657326
43730619 1094.367501
43730100 1096.058178
43729437 1097.766752
43727195 1099.479912
43724532 1101.184042
43723550 1102.869432
43692718 1104.563762
43689083 1106.261395
43687800 1107.945484
43684849 1109.636726
43683047 1111.344852
43682957 1113.034226
43680102 1114.736196
43679611 1116.454215
43677788 1118.148043
43672514 1119.845072
43671613 1121.540834
43669874 1123.221569
43664804 1124.910507
43664242 1126.602800
43663133 1128.288471
43661281 1129.987042
43659932 1131.694098
43659147 1133.391562
43656279 1135.070061
43655719 1136.761582
43654577 1138.455736
43653866 1140.148712
43653300 1141.843527
43650752 1143.506698
43647497 1145.183874
43646535 1146.880807
43645809 1148.563737
43645595 1150.242286
43643852 1151.940138
43643297 1153.615890
43642322 1155.307889
43636719 1157.001228
43635885 1158.678317
43634695 1160.346500
43632570 1162.021144
43632410 1163.700792
43630789 1165.389691
43630464 1167.065222
43629978 1168.740234
43628851 1170.415504
43628390 1172.089444
43625940 1173.752217
43625718 1175.434643
43625143 1177.113869
43624578 1178.800958
43623654 1180.487884
43622504 1182.167548
43620545 1183.853391
43608030 1185.554508
43604557 1187.229224
43604379 1188.904194
43601337 1190.577517
43600070 1192.237000
43599747 1193.901360
43599420 1195.577424
43599035 1197.261367
43598418 1198.933207
43597654 1200.600491
43597070 1202.281393
43595951 1203.936201
43595321 1205.602440
43594826 1207.274351
43593353 1208.956559
43592738 1210.610455
43591211 1212.267413
43587989 1213.937684
43586636 1215.603834
43586445 1217.280184
43583151 1218.949820
43581785 1220.607732
43581474 1222.288067
43580732 1223.949486
43579429 1225.613757
43480570 1227.260564
43479497 1228.910453
43478582 1230.571658
43478139 1232.248519
43476925 1233.925859
43475345 1235.589660
43475074 1237.255088
43473493 1238.913993
43473396 1240.589576
43472617 1242.243317
43472396 1243.901078
43471472 1245.544507
43456468 1247.199924
43456097 1248.850614
43453773 1250.521295
43452605 1252.171221
43447656 1253.826464
43446989 1255.462801
43446092 1257.125429
43445471 1258.767127
43444237 1260.395142
43441176 1262.058829
43439980 1263.712965
43439281 1265.367726
43438487 1267.008201
43438181 1268.637972
43437496 1270.264908
43437258 1271.907769
43436594 1273.569358
43434865 1275.213956
43430452 1276.853270
43428798 1278.513614
43428230 1280.163105
43428006 1281.803439
43425964 1283.457908
43423397 1285.111640
43420174 1286.749105
43418586 1288.379923
43418325 1290.015337
43416791 1291.663465
43415903 1293.286260
43415449 1294.925688
43414422 1296.562698
43413372 1298.191213
43384962 1299.848719
43383599 1301.482154
43383148 1303.122965
43383032 1304.745176
43382377 1306.384110
43380655 1307.996900
43379279 1309.646347
43378440 1311.272458
43377538 1312.901238
43376707 1314.547036
43376539 1316.179517
43375342 1317.819528
43374504 1319.448476
43373810 1321.092855
43373779 1322.721473
43373228 1324.346543
43373136 1325.976096
43372916 1327.607017
43372441 1329.228059
43372231 1330.868426
43370134 1332.499408
43370030 1334.137079
43369175 1335.774308
43354732 1337.387869
43354384 1339.025140
43352810 1340.653258
43350811 1342.281179
43350544 1343.907951
43349150 1345.552131
43348901 1347.176457
43347576 1348.795840
43347102 1350.420204
43345218 1352.021614
43345035 1353.629440
43344798 1355.249435
43344209 1356.863833
43344105 1358.484053
43343906 1360.124674
43343743 1361.743567
43343289 1363.372261
43341705 1364.986872
43341427 1366.599314
43340221 1368.227516
43340020 1369.835084
43339737 1371.470680
43338551 1373.091768
43338102 1374.713624
43337613 1376.333072
43336779 1377.937969
43336600 1379.559356
43335910 1381.190939
43335690 1382.826803
43334107 1384.443209
43331533 1386.064812
43331033 1387.662052
43330655 1389.273682
43330346 1390.889862
43330264 1392.507581
43329918 1394.127963
43325185 1395.716139
43324856 1397.325077
43324680 1398.935858
43323896 1400.524734
43323611 1402.136291
43322747 1403.750834
43321895 1405.360140
43321422 1406.970989
43320107 1408.590991
43318841 1410.203455
43317193 1411.809178
43316026 1413.426768
43315811 1415.035856
43315272 1416.664756
43314016 1418.264685
43313201 1419.878056
43313112 1421.485743
43312678 1423.094005
43312370 1424.686387
43312164 1426.281183
43311394 1427.889848
43310360 1429.467666
43307956 1431.073351
43307950 1432.674641
43307803 1434.272593
43307685 1435.874679
43306784 1437.480183
43305273 1439.078569
43304421 1440.684543
43303971 1442.299607
43303621 1443.895678
43303039 1445.487358
43302614 1447.116803
43302583 1448.733783
43302196 1450.342339
43301306 1451.946904
43297915 1453.546099
43297425 1455.141968
43296924 1456.735292
43296173 1458.330857
43295723 1459.930527
43286546 1461.542046
43286358 1463.151511
43285068 1464.748363
43284909 1466.330420
43284868 1467.921052
43282610 1469.524879
43281871 1471.122405
43280606 1472.711912
43279641 1474.307687
43279041 1475.903655
43275032 1477.477686
43273456 1479.065637
43272974 1480.646786
43271779 1482.227804
43271131 1483.831975
43271005 1485.417305
43270609 1486.985882
43270474 1488.585522
43269692 1490.177237
43269182 1491.774316
43268958 1493.367539
43268887 1494.968427
43268492 1496.547360
43268427 1498.128259
43267664 1499.729086
43267611 1501.311837
43267120 1502.899494
43267082 1504.467244
43264700 1506.050006
43264007 1507.631839
43263434 1509.213415
43260673 1510.811602
43259670 1512.393341
43259059 1513.980432
43258740 1515.572575
43257516 1517.141306
43257368 1518.720637
43256654 1520.301435
43253873 1521.889774
43253554 1523.462241
43252497 1525.037355
43251196 1526.593862
43250664 1528.166307
43250357 1529.738773
43250144 1531.315357
43249768 1532.887321
43249566 1534.467505
43249261 1536.046289
43248583 1537.619521
43248023 1539.193858
43247423 1540.759246
43246975 1542.332795
43244273 1543.902215
43244009 1545.465007
43243874 1547.029992
43242909 1548.590408
43241349 1550.162116
43240861 1551.734842
43240514 1553.296905
43240327 1554.870954
43239854 1556.443288
43239038 1558.004302
43238517 1559.581431
43236671 1561.147886
43235756 1562.727233
43234326 1564.309127
43234234 1565.889455
43234008 1567.454426
43232909 1569.025183
43232655 1570.573970
43232632 1572.132874
43231844 1573.694861
43231244 1575.268793
43230901 1576.825905
43229953 1578.391532
43228264 1579.988698
43228204 1581.566472
43219865 1583.145307
43219087 1584.696194
43216740 1586.264226
43216655 1587.852433
43216237 1589.418630
43215110 1590.985943
43213544 1592.540802
43213393 1594.102679
43211552 1595.668734
43210295 1597.223239
43208798 1598.787134
43208492 1600.355021
43208356 1601.898503
43207693 1603.479181
43204444 1605.039841
43203791 1606.609332
43203358 1608.140324
43203343 1609.697318
43201671 1611.274449
43201126 1612.821910
43200660 1614.379255
43199827 1615.948301
43198017 1617.494467
43197500 1619.050392
43197455 1620.614193
43196521 1622.184855
43196235 1623.729330
43195765 1625.274312
43195138 1626.846035
43194740 1628.409837
43193824 1629.957959
43192958 1631.503036
43192482 1633.058370
43192171 1634.612867
43191480 1636.178602
43184392 1637.726858
43182433 1639.296051
43181439 1640.852013
43180529 1642.404578
43180519 1643.950947
43179297 1645.496134
43179248 1647.029891
43178810 1648.574281
43178294 1650.156508
43177857 1651.711234
43177009 1653.252991
43176402 1654.806580
43175690 1656.355446
43175293 1657.879601
43173711 1659.425766
43168786 1660.982341
43168474 1662.533336
43165837 1664.082088
43165634 1665.634860
43164800 1667.160426
43163958 1668.702194
43163075 1670.249739
43162701 1671.796668
43162057 1673.344691
43161611 1674.886433
43161273 1676.422012
43160824 1677.973430
43158974 1679.508864
43158765 1681.059774
43158592 1682.612243
43158147 1684.167153
43157808 1685.710010
43156486 1687.254908
43155421 1688.803681
43153659 1690.337213
43152789 1691.872810
43152431 1693.431456
43150494 1694.986863
43150099 1696.514455
43150038 1698.045007
43149915 1699.576947
43149349 1701.146572
43149122 1702.694747
43147471 1704.244434
43146258 1705.813680
43146207 1707.348811
43145866 1708.900282
43145728 1710.428860
43145413 1711.969872
43143638 1713.503049
43142736 1715.033855
43141635 1716.568559
43141149 1718.106461
43141017 1719.650948
43140956 1721.198880
43140443 1722.732432
43140187 1724.280179
43136645 1725.824481
43135707 1727.361667
43134756 1728.895202
43130910 1730.420768
43130612 1731.960431
43130599 1733.519729
43129043 1735.062265
43128037 1736.582494
43126732 1738.113637
43124930 1739.657501
43124687 1741.188028
43124377 1742.741059
43122812 1744.278183
43122348 1745.809523
43121702 1747.362300
43121162 1748.889705
43120904 1750.414563
43120892 1751.950503
43120685 1753.503903
43118926 1755.035628
43118917 1756.570479
43118588 1758.104757
43118194 1759.628254
43117443 1761.159458
43116225 1762.710638
43115476 1764.239168
43115341 1765.779713
43115131 1767.308197
43114607 1768.852854
43113609 1770.379030
43113590 1771.897578
43109570 1773.433441
43109539 1774.971758
43108166 1776.474367
43108077 1777.992264
43108040 1779.497130
43107976 1781.030762
43107965 1782.564111
43107858 1784.103384
43107854 1785.641543
43107840 1787.170913
43106666 1788.704907
43105861 1790.227120
43105287 1791.769207
43104946 1793.289331
43104805 1794.816678
43095876 1796.334591
43095292 1797.866379
43093970 1799.397950
43092472 1800.921696
43092052 1802.447110
43091447 1803.977408
43088684 1805.512661
43087714 1807.047255
43086490 1808.568324
43085936 1810.092587
43084526 1811.640159
43083301 1813.149165
43081972 1814.689068
43081942 1816.206893
43080381 1817.726857
43080227 1819.254991
43078653 1820.772805
43075269 1822.296424
43074612 1823.817444
43073738 1825.355111
43073376 1826.884464
43073060 1828.397910
43072328 1829.922773
43071790 1831.447063
43071702 1832.949408
43069578 1834.458711
43069097 1835.989755
43068750 1837.494748
43068696 1839.005530
43068408 1840.535199
43067281 1842.069446
43067255 1843.603623
43064858 1845.127215
43064031 1846.647160
43062539 1848.172209
43056789 1849.682833
43055729 1851.190102
43055405 1852.712616
43055145 1854.222712
43054943 1855.746895
43054570 1857.267614
43054508 1858.785620
43053370 1860.326581
43053319 1861.847593
43053141 1863.368897
43053130 1864.884018
43051471 1866.395740
43050651 1867.929843
43050425 1869.446296
43050315 1870.968064
43050142 1872.474870
43049638 1873.992369
43049401 1875.507539
43048547 1877.006628
43046573 1878.518377
43045693 1880.038307
43045236 1881.568460
43042772 1883.080007
43041686 1884.586834
43041523 1886.108720
43039888 1887.622506
43037534 1889.128511
43037346 1890.642390
43037239 1892.151515
43036221 1893.669700
43034709 1895.160819
43034600 1896.681603
43032314 1898.194835
43032220 1899.703875
43032143 1901.239447
43031266 1902.734029
43030748 1904.243293
43030726 1905.758117
43030695 1907.275410
43030458 1908.768284
43028679 1910.267488
43028597 1911.780703
43028473 1913.297534
43027401 1914.817030
43026983 1916.344106
43025199 1917.869484
43025018 1919.371000
43024908 1920.881457
43019035 1922.378381
43017764 1923.876051
43016995 1925.387766
43016353 1926.872227
43015562 1928.394801
43015028 1929.891693
43014237 1931.415180
43013585 1932.930258
43012957 1934.450021
43012948 1935.955944
43011274 1937.454302
43009455 1938.969482
43009325 1940.460740
43007935 1941.955732
43007799 1943.472022
43007378 1944.988710
43007326 1946.495564
43007288 1947.996489
43006748 1949.492860
43006474 1950.991485
43006473 1952.501041
43002267 1954.003245
43002146 1955.505715
43001571 1957.003231
43000211 1958.504423
42999392 1960.025626
42997664 1961.529883
42997093 1963.047743
42996768 1964.551085
42995677 1966.069213
42995230 1967.572919
42994867 1969.078888
42994718 1970.586699
42994067 1972.109147
42993264 1973.611161
42990179 1975.109546
42987589 1976.612905
42986242 1978.117556
42985542 1979.630314
42984539 1981.144151
42984277 1982.655840
42978645 1984.156208
42978362 1985.676856
42973168 1987.189603
42970681 1988.684204
42967175 1990.189189
42966364 1991.684527
42965146 1993.200623
42959231 1994.701027
42957511 1996.199364
42956540 1997.696958
42955889 1999.186153
42954375 2000.672449
42952174 2002.181346
42951378 2003.683627
42950534 2005.201121
42950513 2006.733456
42947517 2008.243645
42946938 2009.755438
42946350 2011.285335
42946335 2012.784622
42945768 2014.284316
42942863 2015.784217
42942639 2017.296648
42942246 2018.789691
42941583 2020.299288
42941463 2021.805807
42941365 2023.311428
42940721 2024.838716
42934690 2026.336505
42934582 2027.835705
42934358 2029.340377
42934241 2030.854878
42932988 2032.346959
42930075 2033.857172
42929703 2035.350289
42929399 2036.849682
42929376 2038.347040
42928150 2039.843847
42927679 2041.327594
42925006 2042.831940
42924655 2044.323364
42924197 2045.817383
42924144 2047.296403
42923990 2048.800009
42922357 2050.291043
42922274 2051.773943
42922143 2053.278830
42921976 2054.789238
42921220 2056.286808
42920360 2057.773832
42919099 2059.277835
42918638 2060.781104
42918214 2062.264107
42918078 2063.752573
42917986 2065.244142
42912668 2066.732037
42911172 2068.223828
42910423 2069.728991
42908722 2071.234148
42908065 2072.727320
42906564 2074.230002
42905473 2075.732613
42903405 2077.225646
42902826 2078.716747
42902642 2080.222381
42899580 2081.715323
42897447 2083.206620
42897391 2084.696812
42896144 2086.186944
42895888 2087.681469
42895172 2089.169675
42892850 2090.669392
42889292 2092.156750
42887456 2093.634153
42886350 2095.122138
42885718 2096.615619
42885527 2098.112253
42884671 2099.583061
42884607 2101.067060
42882659 2102.561928
42880994 2104.058692
42880939 2105.557561
42877010 2107.053022
42876459 2108.554118
42875853 2110.042743
42875658 2111.526962
42875529 2113.015167
42875152 2114.515448
42875151 2116.022637
42875143 2117.519030
42874278 2119.017267
42873800 2120.516616
42873730 2122.004479
42873401 2123.499256
42873232 2124.983388
42872382 2126.473279
42872148 2127.960841
42872071 2129.463271
42871223 2130.971591
42869825 2132.452801
42869406 2133.953809
42868602 2135.443190
42867955 2136.949639
42867200 2138.452994
42866982 2139.938458
42866498 2141.428487
42865454 2142.922613
42864309 2144.413754
42861965 2145.902965
42861825 2147.407261
42861758 2148.883133
42861737 2150.361874
42861612 2151.849952
42860570 2153.345253
42860545 2154.847430
42859587 2156.341768
42859307 2157.849548
42859049 2159.317738
42858939 2160.823392
42854641 2162.314216
42854448 2163.791154
42854323 2165.278465
42853125 2166.760426
42852388 2168.259514
42851476 2169.744484
42851323 2171.208492
42850935 2172.701330
42845559 2174.178039
42844064 2175.664441
42843983 2177.160809
42841107 2178.643073
42840984 2180.130176
42840744 2181.606969
42840689 2183.091208
42840683 2184.577272
42840367 2186.098529
42838803 2187.583809
42838241 2189.067472
42837618 2190.560432
42836472 2192.054144
42831400 2193.538889
42831220 2195.025244
42830524 2196.496821
42826455 2197.993129
42825499 2199.498786
42825409 2200.993659
42825241 2202.477968
42824587 2203.959571
42824129 2205.453336
42824082 2206.938246
42823948 2208.443526
42823661 2209.916826
42823520 2211.404270
42823255 2212.888132
42820506 2214.376758
42819934 2215.873729
42819516 2217.366417
42818875 2218.857376
42815985 2220.356366
42815410 2221.823072
42811433 2223.286987
42810673 2224.770780
42808849 2226.251920
42808696 2227.741387
42806841 2229.218521
42806687 2230.697168
42804509 2232.172128
42804237 2233.632945
42804088 2235.110764
42803801 2236.596618
42802423 2238.095032
42802359 2239.575632
42802231 2241.055314
42800513 2242.549922
42800194 2244.028430
42799820 2245.503009
42796293 2246.973922
42795689 2248.460202
42794979 2249.948557
42794677 2251.416571
42794419 2252.908453
42794070 2254.373777
42792863 2255.870455
42792309 2257.329133
42790391 2258.812130
42790374 2260.279128
42790336 2261.756220
42789222 2263.244639
42787687 2264.731321
42787354 2266.212557
42786668 2267.688737
42784985 2269.186557
42783855 2270.676250
42782920 2272.160875
42780142 2273.640960
42780087 2275.133180
42779286 2276.623834
42774716 2278.103410
42772745 2279.583599
42772151 2281.067637
42771312 2282.547404
42771222 2284.033840
42769327 2285.524871
42768698 2287.020778
42768514 2288.519943
42768436 2290.000359
42767620 2291.483806
42766927 2292.978585
42766919 2294.470275
42766242 2295.950269
42765838 2297.436453
42764639 2298.935869
42764032 2300.425084
42763966 2301.901459
42763726 2303.382689
42763390 2304.853062
42763130 2306.363255
42762675 2307.848313
42762363 2309.325172
42761032 2310.812425
42760349 2312.307019
42759709 2313.788442
42759663 2315.280887
42759245 2316.763151
42756661 2318.244208
42756525 2319.729200
42755393 2321.203176
42749345 2322.688519
42749123 2324.181566
42748389 2325.661802
42747807 2327.117738
42747450 2328.592022
42747315 2330.076198
42747270 2331.570192
42747129 2333.050378
42746995 2334.536474
42746723 2336.021343
42746532 2337.512906
42746413 2339.007953
42744734 2340.478347
42743420 2341.957033
42742144 2343.430893
42741986 2344.895168
42738686 2346.374351
42738429 2347.872514
42737520 2349.347209
42737116 2350.826763
42736948 2352.306732
42736876 2353.794442
42736761 2355.282837
42733995 2356.761786
42733558 2358.242422
42732902 2359.726862
42731823 2361.199770
42731735 2362.696160
42731205 2364.169459
42730653 2365.655576
42729491 2367.139484
42729268 2368.633300
42728913 2370.113704
42725632 2371.595325
42725056 2373.071031
42720638 2374.550811
42718644 2376.036409
42718570 2377.512814
42718139 2378.983453
42716795 2380.442964
42716105 2381.923579
42714350 2383.408059
42712975 2384.893622
42712947 2386.375068
42712260 2387.842390
42710762 2389.326585
42710063 2390.814838
42708588 2392.303518
42708131 2393.786802
42707838 2395.265541
42707622 2396.734060
42704990 2398.209924
42703944 2399.691316
42703870 2401.185126
42703804 2402.677407
42701448 2404.161752
42700972 2405.640877
42700667 2407.126221
42700559 2408.611534
42700040 2410.110142
42695462 2411.593579
42694657 2413.067745
42694572 2414.548123
42694451 2416.028239
42690079 2417.523469
42689700 2418.990168
42689475 2420.468334
42689393 2421.953431
42687418 2423.409991
42686904 2424.898215
42686815 2426.400341
42686486 2427.869693
42686485 2429.343480
42684183 2430.822140
42683436 2432.316854
42682504 2433.801846
42682176 2435.287219
42681432 2436.782868
42679656 2438.239487
42679308 2439.726150
42677519 2441.196425
42674787 2442.684782
42672497 2444.150793
42671796 2445.647879
42671625 2447.121529
42669200 2448.611372
42669199 2450.098554
42668746 2451.607710
42668242 2453.085786
42666149 2454.569171
42666054 2456.044479
42666016 2457.518508
42665920 2459.023493
42660016 2460.498786
42657676 2461.991838
42655560 2463.473390
42655343 2464.957282
42655326 2466.438982
42649843 2467.934666
42649369 2469.422512
42649110 2470.908505
42648939 2472.382416
42648513 2473.857604
42647271 2475.324101
42647183 2476.815127
42647077 2478.294645
42647069 2479.795360
42646862 2481.264788
42646752 2482.747051
42644269 2484.243848
42641293 2485.743282
42640901 2487.226062
42640701 2488.710620
42640306 2490.191562
42640209 2491.658150
42639364 2493.131439
42638045 2494.614895
42637949 2496.106179
42637207 2497.595259
42634443 2499.077895
42634158 2500.559019
42633677 2502.046678
42633208 2503.547160
42631739 2505.027736
42631342 2506.501230
42628421 2507.969728
42628073 2509.455212
42628071 2510.928093
42627228 2512.407956
42627120 2513.881776
42625619 2515.372469
42620599 2516.861575
42620574 2518.341763
42617827 2519.823135
42615932 2521.310040
42615897 2522.790833
42615573 2524.269225
42613110 2525.731454
42611267 2527.208677
42611174 2528.694957
42610927 2530.176191
42610740 2531.655330
42610701 2533.152029
42610440 2534.628262
42610377 2536.106522
42608713 2537.587149
42608569 2539.062135
42606585 2540.538770
42606450 2542.008012
42605960 2543.475162
42605161 2544.960271
42602368 2546.446957
42601783 2547.918640
42601162 2549.401790
42597903 2550.888915
42597007 2552.370147
42595530 2553.846460
42595455 2555.317734
42595162 2556.793172
42594518 2558.282204
42593582 2559.749200
42591865 2561.225911
42591693 2562.707540
42588039 2564.180970
42587213 2565.657997
42587088 2567.141332
42583485 2568.628793
42580949 2570.114214
42580818 2571.594660
42580353 2573.085976
42580237 2574.571074
42580192 2576.057658
42578182 2577.544065
42575274 2579.003536
42575093 2580.479566
42574199 2581.966910
42574191 2583.445398
42573935 2584.938836
42573578 2586.430675
42573460 2587.913251
42568207 2589.404522
42568074 2590.891071
42567705 2592.373937
42567547 2593.854615
42567288 2595.327705
42566652 2596.807061
42563919 2598.290278
42563218 2599.780835
42562443 2601.247145
42562302 2602.734203
42561882 2604.213929
42560559 2605.697925
42559442 2607.175804
42559270 2608.651700
42558416 2610.126682
42557979 2611.610280
42554967 2613.083798
42553649 2614.564542
42553487 2616.048310
42551865 2617.532402
42548871 2619.018834
42548813 2620.496661
42548223 2621.962528
42547704 2623.469439
42547392 2624.952221
42546531 2626.435104
42545134 2627.923049
42544122 2629.426431
42543288 2630.920423
42542956 2632.401340
42542681 2633.848052
42542680 2635.324721
42542606 2636.798155
42541879 2638.278915
42536927 2639.759016
42535513 2641.235248
42534883 2642.713993
42533830 2644.210745
42533660 2645.697304
42532576 2647.172510
42532378 2648.672651
42531988 2650.156041
42530374 2651.627781
42529403 2653.106444
42528544 2654.586800
42526542 2656.087091
42526271 2657.579674
42526249 2659.065968
42522359 2660.544486
42522339 2662.025310
42521800 2663.524571
42521753 2664.998127
42520987 2666.484566
42520274 2667.976239
42520067 2669.458328
42519840 2670.934035
42518751 2672.417206
42517362 2673.879385
42516848 2675.356093
42516092 2676.846786
42515163 2678.332896
42514613 2679.821894
42512138 2681.313207
42511892 2682.791390
42511313 2684.280463
42510808 2685.773273
42508498 2687.243673
42505980 2688.724884
42505533 2690.198704
42503391 2691.675236
42502669 2693.148993
42498177 2694.633970
42498162 2696.095163
42497513 2697.574735
42496445 2699.070832
42495897 2700.549590
42493741 2702.026854
42493116 2703.508055
42492295 2704.991799
42491857 2706.486105
42491466 2707.978642
42491148 2709.462250
42481848 2710.958636
42481466 2712.446948
42481416 2713.938987
42481107 2715.432177
42480462 2716.909587
42480228 2718.386720
42479174 2719.880392
42478868 2721.372435
42478102 2722.857410
42478093 2724.337609
42475942 2725.816577
42475804 2727.302277
42475779 2728.791691
42475446 2730.258081
42475293 2731.736668
42470824 2733.227402
42470243 2734.732355
42466182 2736.211588
42466161 2737.703045
42466138 2739.195346
42466042 2740.671227
42465529 2742.160531
42465447 2743.660964
42465238 2745.151299
42463479 2746.660569
42462303 2748.149536
42459839 2749.646098
42459525 2751.157702
42459269 2752.636863
42459236 2754.126383
42458224 2755.602868
42457187 2757.063634
42456902 2758.546157
42455657 2760.039154
42453692 2761.529931
42453160 2763.013398
42453128 2764.499208
42452938 2765.990397
42452818 2767.493170
42452271 2768.984944
42451265 2770.464606
42448297 2771.963672
42447177 2773.468736
42447135 2774.955503
42446029 2776.433237
42445478 2777.908663
42445392 2779.398533
42445255 2780.898184
42444799 2782.397655
42442932 2783.872206
42442705 2785.358250
42441805 2786.856098
42441437 2788.352709
42440956 2789.851601
42438291 2791.358142
42437855 2792.858866
42433995 2794.367567
42433682 2795.869610
42432271 2797.361347
42431269 2798.870369
42430859 2800.362870
42430358 2801.859243
42430007 2803.329062
42429597 2804.831262
42429584 2806.325222
42429380 2807.820003
42429305 2809.289213
42429143 2810.772283
42428281 2812.258244
42427442 2813.758206
42426597 2815.265990
42425618 2816.762092
42423003 2818.258509
42422703 2819.761936
42422268 2821.260431
42422176 2822.774248
42421782 2824.266885
42421695 2825.761136
42421430 2827.254567
42421352 2828.747699
42419752 2830.256084
42419375 2831.758955
42419122 2833.264554
42419115 2833.264560
42418695 2834.757937
42415010 2834.757942
42414356 2836.243273
42414337 2837.728376
42414312 2839.239300
42414007 2840.723307
42413066 2840.723312
42411907 2842.209278
42411761 2843.696871
42408853 2843.696877
42408603 2845.179501
42408459 2846.679406
42407415 2848.154372
42406977 2849.650330
42406797 2851.144471
42406578 2852.647772
42406391 2854.146337
42406190 2855.646422
42403480 2855.646428
42403386 2857.171044
42401352 2858.673478
42401226 2860.174425
42401013 2861.667819
42400107 2863.159160
42399875 2864.666186
42398673 2866.150194
42396679 2867.656180
42394292 2869.155084
42393684 2870.649776
42391368 2872.150559
42389051 2873.659867
42388479 2875.164836
42386545 2876.659537
42381332 2878.172067
42379181 2879.686623
42378394 2881.189517
42378389 2882.690906
42376942 2884.200130
42376548 2885.702032
42376015 2887.199055
42375121 2888.694834
42371663 2890.185965
42371534 2891.693329
42366665 2893.181349
42366367 2894.665139
42365343 2896.163629
42364498 2897.674916
42364041 2899.180667
42362666 2900.665053
42362477 2902.174172
42362028 2903.692834
42361990 2905.159145
42360726 2906.667899
42360006 2908.169614
42359306 2909.661517
42359272 2911.163644
42358802 2912.665729
42358569 2914.173247
42357992 2915.666124
42357513 2917.165725
42356436 2918.657653
42355883 2920.150592
42355068 2921.660833
42354828 2923.175282
42354714 2924.684144
42354537 2926.180667
42354361 2927.687805
42352802 2929.193802
42352595 2930.696921
42351912 2932.195226
42351755 2933.685878
42350408 2935.186800
42348518 2936.694597
42347892 2938.203343
42347725 2939.718129
42346427 2941.226164
42343826 2942.717241
42343000 2944.232051
42341895 2945.741986
42334358 2945.741991
42334120 2947.237451
42333453 2948.740248
42332875 2950.252028
42331250 2951.748492
42330889 2953.245389
42329477 2954.756035
42328757 2956.265571
42326832 2957.746086
42325655 2959.251105
42325252 2960.768442
42325224 2962.288629
42324081 2963.808292
42322927 2965.311873
42322286 2966.816511
42320422 2968.335438
42319544 2969.845571
42318961 2971.358025
42317821 2972.873128
42316916 2974.380550
42316095 2975.875387
42315483 2977.393808
42314990 2978.922670
42314328 2980.440723
42313374 2981.947913
42312149 2983.452988
42310827 2984.958276
42309042 2986.471848
42309041 2987.994702
42307303 2989.506979
42305377 2991.010228
42304819 2992.522222
42304631 2994.035935
42303975 2995.538785
42303403 2997.041871
42303010 2998.544776
42302657 2998.544781
42301694 3000.061779
42299742 3001.562271
42299334 3003.067167
42296454 3004.561575
42296444 3006.059970
42296298 3007.565869
42293548 3007.565874
42293195 3009.071460
42292425 3010.592085
42291639 3012.109565
42290394 3013.606664
42289106 3015.127955
42288905 3016.627184
42286911 3018.148606
42286297 3019.661849
42285696 3021.160894
42284212 3022.673566
42283602 3024.169954
42283151 3024.169959
42281953 3025.684496
42281435 3027.201276
42279244 3028.708413
42278475 3030.211359
42278279 3031.739465
42276329 3033.241071
42272546 3034.760290
42272530 3036.267235
42272042 3036.267241
42271597 3037.784696
42271255 3037.784701
42270280 3039.302683
42269073 3040.808783
42267945 3042.306928
42266394 3043.837204
42265847 3045.347256
42265707 3046.875379
42264817 3048.385618
42264297 3049.882606
42264065 3051.400475
42262735 3052.917188
42262087 3054.427240
42261554 3055.943978
42260351 3057.477501
42260000 3058.983785
42258686 3058.983790
42257693 3060.507077
42257578 3062.022045
42257356 3063.540669
42256375 3063.540674
42251992 3065.055944
42251782 3066.574559
42251705 3068.104665
42251610 3069.623813
42249678 3071.148798
42248611 3072.664840
42247140 3074.181356
42247076 3075.700281
42246815 3077.238757
42246129 3078.752896
42245552 3080.270680
42243511 3081.786690
42243472 3083.302905
42242970 3084.838450
42242751 3086.348236
42240583 3087.859436
42240130 3089.362137
42239186 3090.873138
42238258 3092.409078
42237153 3092.409084
42235811 3093.953048
42234910 3095.482345
42234234 3097.008684
42232990 3098.548998
42232863 3100.075721
42232307 3101.578729
42230472 3103.084573
42230449 3104.606210
42228278 3106.120974
42226989 3107.649505
42223663 3109.187482
42222186 3110.711777
42221412 3112.248328
42221353 3113.774005
42220684 3115.301370
42220672 3116.818407
42219410 3118.335361
42219135 3119.890922
42215661 3121.427970
42213451 3122.953878
42212793 3124.476179
42211467 3126.007177
42210662 3127.521109
42210623 3129.045747
42210333 3130.546089
42209598 3132.082202
42209429 3133.604637
42208947 3135.120405
42207291 3136.675626
42207287 3138.196837
42206859 3139.726125
42206562 3141.263402
42204854 3142.791882
42202491 3144.303041
42201465 3145.837417
42200509 3147.364537
42198615 3148.886452
42197834 3150.425117
42195756 3151.950041
42195703 3153.474908
42195665 3155.005401
42194671 3156.532167
42194483 3158.067996
42193206 3159.594259
42192214 3161.114290
42190362 3162.630921
42189424 3164.175327
42188947 3165.710629
42187593 3167.244331
42187311 3168.766709
42186632 3170.271294
42186616 3171.810692
42186305 3173.328951
42184145 3174.860143
42183816 3176.371421
42181195 3177.880949
42180187 3179.422052
42179707 3180.954919
42177904 3182.469257
42176454 3184.017122
42176354 3185.530734
42176283 3187.060588
42175703 3188.575191
42174282 3190.094661
42168742 3191.616521
42168708 3193.144834
42167927 3194.676525
42167200 3196.213591
42162022 3197.746877
42160751 3199.286597
42158465 3200.801753
42158281 3202.337586
42156992 3203.869752
42151768 3205.402026
42150335 3206.916359
42150095 3208.453921
42149700 3209.994024
42147505 3211.528686
42147467 3213.047811
42147200 3214.577763
42146360 3216.091137
42145597 3217.633983
42145581 3219.180476
42145547 3220.716137
42143842 3222.254580
42143832 3223.788741
42143225 3225.314434
42141403 3226.835793
42140803 3228.372270
42140461 3229.912108
42139774 3231.456225
42138663 3232.971811
42138259 3234.498812
42138157 3236.036514
42137617 3237.584021
42135605 3239.119781
42135073 3240.647251
42134198 3242.191384
42131941 3243.732526
42131408 3245.269762
42130830 3246.789223
42129248 3248.328376
42128199 3249.858730
42125137 3251.403195
42124858 3252.917820
42123072 3254.451890
42121260 3255.994985
42121119 3257.546407
42119959 3259.069146
42118464 3260.620655
42117526 3262.154378
42117383 3263.694376
42117361 3265.233241
42117007 3266.775143
42116791 3268.311216
42116452 3269.861617
42114017 3271.396236
42113625 3272.917352
42113309 3274.461776
42112487 3275.993115
42112159 3277.537460
42112049 3279.063161
42110712 3280.597881
42109830 3282.131413
42107900 3283.674334
42106602 3285.216736
42105372 3286.747575
42103262 3288.301130
42102219 3289.857471
42100190 3291.400285
42095382 3292.957400
42093893 3294.482448
42093542 3296.004129
42089926 3297.546364
42089844 3299.089817
42088280 3300.624971
42087785 3302.160921
42087721 3303.719329
42087382 3305.267080
42087134 3306.806561
42085885 3308.354536
42083846 3309.878137
42083781 3311.437948
42081188 3312.977803
42079246 3314.522439
42078092 3316.074261
42077381 3317.632771
42076069 3319.176470
42074872 3320.708899
42073054 3322.254978
42071984 3323.807780
42070584 3325.345010
42070370 3326.886394
42068127 3328.435057
42064504 3329.979745
42064284 3331.526631
42062844 3333.066485
42061340 3334.617013
42059087 3336.153124
42057786 3337.713895
42056308 3339.267837
42055018 3340.833598
42054690 3342.392180
42053581 3343.958948
42053339 3345.505493
42050967 3347.059968
42050723 3348.598814
42048554 3350.149590
42047154 3351.700982
42046188 3353.250168
42044416 3354.813332
42042904 3356.380763
42041303 3357.920614
42040693 3359.475309
42038463 3361.015947
42037692 3362.565201
42036872 3364.113752
42035246 3365.677044
42034791 3367.238390
42034153 3368.798757
42032898 3370.336056
42031097 3371.893121
42029971 3373.444449
42029290 3374.978020
42029288 3376.518386
42028952 3378.064467
42028201 3379.618853
42027086 3381.176118
42026910 3382.748080
42024994 3384.303467
42024759 3385.844117
42022432 3387.400049
42018980 3388.959868
42018796 3390.516875
42017614 3392.079816
42017371 3393.640387
42016702 3395.201545
42015240 3396.775257
42015072 3398.352879
42014841 3399.910514
42013896 3401.456355
42012714 3403.006442
42011963 3404.567249
42011299 3406.133323
42008441 3407.695413
42007617 3409.250277
42005554 3410.828477
42004939 3412.372500
42004885 3413.920933
42004359 3415.511948
42003554 3417.059754
42002326 3418.616529
42000305 3420.179654
41999453 3421.748606
41996255 3423.308326
41996132 3424.863371
41994941 3426.413787
41994152 3427.987089
41993533 3429.549113
41993448 3431.100508
41993322 3432.667937
41992881 3434.213635
41990475 3435.774052
41989377 3437.356123
41988544 3438.902493
41985897 3440.455560
41985806 3442.020801
41984295 3443.580367
41982205 3445.161139
41982057 3446.724389
41981908 3448.282794
41981839 3449.861706
41981737 3451.417183
41981131 3452.982159
41980941 3454.560664
41979510 3456.111158
41978028 3457.680829
41977403 3459.247980
41975562 3460.807190
41975455 3462.365559
41971466 3463.926448
41970746 3465.494834
41969577 3467.061047
41969558 3468.628339
41967208 3470.183023
41966512 3471.746530
41966342 3473.326053
41965980 3474.893384
41965083 3476.441361
41964153 3478.008831
41963671 3479.581730
41963025 3481.163176
41962780 3482.725898
41961496 3484.288784
41960503 3485.868245
41959805 3487.449084
41954086 3489.004542
41952750 3490.550496
41952707 3492.131899
41950412 3493.692410
41949770 3495.262396
41948588 3496.824718
41948231 3498.408262
41947751 3499.991281
41947554 3501.557912
41944920 3503.119892
41943744 3504.677604
41943435 3506.251445
41935750 3507.804342
41935514 3509.372658
41935513 3510.958998
41935433 3512.537314
41934706 3514.108333
41934243 3515.664228
41933829 3517.216358
41933747 3518.791067
41930956 3520.362475
41930911 3521.945401
41930232 3523.498343
41929677 3525.078325
41928862 3526.650128
41926862 3528.238762
41926796 3529.816777
41925400 3531.403066
41925086 3532.974398
41924625 3534.570281
41923899 3536.142125
41922988 3537.720756
41922289 3539.284244
41921842 3540.851478
41921310 3542.423013
41921205 3544.008449
41920917 3545.592966
41918845 3547.173333
41918722 3548.761159
41918300 3550.333537
41917264 3551.918290
41915731 3553.508932
41914891 3555.072941
41913009 3556.635773
41912004 3558.225199
41911062 3559.820511
41910476 3561.385484
41909865 3562.973180
41909201 3564.553450
41907380 3566.133514
41906073 3567.710482
41905757 3569.300399
41904036 3570.879452
41902474 3572.482043
41899519 3574.060443
41897058 3575.635859
41895897 3577.210875
41895074 3578.793621
41895043 3580.403134
41894907 3581.996977
41894707 3583.601360
41894252 3585.186786
41893875 3586.778945
41893550 3588.348632
41893245 3589.941686
41893236 3591.555934
41892904 3593.155192
41890715 3594.754012
41889357 3596.349654
41889221 3597.932381
41883652 3599.523193
41882845 3601.125970
41882380 3602.713159
41881648 3604.316758
41881254 3605.896137
41877865 3607.477604
41876998 3609.057287
41875743 3610.650217
41874326 3612.244764
41873623 3613.832564
41873165 3615.410841
41872831 3617.009126
41872566 3618.590373
41871951 3620.184069
41871015 3621.775924
41868581 3623.369347
41868223 3624.952634
41866489 3626.562988
41866319 3628.154975
41865487 3629.748142
41865409 3631.334431
41865371 3632.935761
41863979 3634.530771
41863017 3636.132638
41854026 3637.736433
41852731 3639.334201
41852166 3640.914266
41848935 3642.529600
41848735 3644.115982
41848491 3645.695039
41848104 3647.286975
41846234 3648.861520
41846081 3650.469512
41845889 3652.073216
41845722 3653.676802
41845681 3655.272528
41843073 3656.860983
41840486 3658.452921
41840411 3660.057533
41838404 3661.650335
41838268 3663.234804
41836872 3664.833931
41835377 3666.418640
41835173 3668.034525
41834859 3669.634803
41834748 3671.217927
41833334 3672.814856
41832335 3674.412181
41831567 3675.989365
41831361 3677.585107
41831286 3679.192961
41831110 3680.794548
41830714 3682.412560
41830356 3684.007085
41829845 3685.595472
41829440 3687.205405
41828021 3688.821365
41827601 3690.413500
41827279 3692.014495
41826858 3693.614626
41826136 3695.226632
41826058 3696.829376
41825093 3698.449572
41822950 3700.072415
41822592 3701.665591
41821996 3703.267573
41820861 3704.871850
41816692 3706.488712
41814269 3708.081329
41813829 3709.683486
41812712 3711.283200
41811085 3712.912342
41810590 3714.527873
41809010 3716.136689
41806804 3717.749531
41806663 3719.364755
41806407 3720.958582
41806188 3722.560548
41805638 3724.168125
41804183 3725.770947
41803088 3727.373586
41802623 3728.994997
41801958 3730.624686
41801670 3732.231379
41801172 3733.817820
41800665 3735.425019
41799886 3737.047948
41796993 3738.645952
41796744 3740.248103
41796231 3741.883609
41796191 3743.492478
41796105 3745.098351
41795935 3746.716890
41795802 3748.312220
41795479 3749.910485
41795466 3751.515080
41791902 3753.121117
41791011 3754.732851
41789904 3756.347096
41789698 3757.944008
41789197 3759.551726
41788578 3761.160718
41786899 3762.782204
41784987 3764.391255
41784095 3765.971217
41783768 3767.594445
41782934 3769.211892
41782604 3770.798170
41781050 3772.415179
41780824 3774.007918
41778148 3775.627708
41775187 3777.241462
41774258 3778.859328
41773763 3780.474702
41770804 3782.090418
41769012 3783.722326
41766644 3785.339438
41766561 3786.963862
41765935 3788.570700
41765901 3790.193661
41765771 3791.822373
41764967 3793.438693
41764840 3795.061160
41763476 3796.693728
41761520 3798.309775
41761253 3799.924245
41761021 3801.541355
41761008 3803.154591
41760250 3804.781443
41758908 3806.393620
41757576 3808.027584
41757205 3809.637948
41756692 3811.255328
41756347 3812.869324
41756123 3814.476603
41754785 3816.102287
41754704 3817.716328
41754369 3819.338102
41753202 3820.958094
41752966 3822.568355
41752704 3824.192239
41752560 3825.801311
41752088 3827.422917
41751234 3829.047808
41751219 3830.680915
41749936 3832.289957
41749386 3833.900919
41749220 3835.520565
41749156 3837.153497
41748716 3838.780507
41748267 3840.409729
41746194 3842.021886
41745092 3843.655772
41744573 3845.271594
41744308 3846.886818
41743735 3848.520436
41742594 3850.143519
41742084 3851.759932
41740646 3853.388300
41740082 3855.036443
41738818 3856.660550
41738787 3858.294044
41726550 3859.927198
41725681 3861.560091
41725519 3863.191732
41724664 3864.827473
41723867 3866.451187
41722881 3868.086356
41720254 3869.711198
41719826 3871.352027
41719401 3872.990051
41718063 3874.616080
41717872 3876.245189
41715751 3877.874094
41714956 3879.516236
41714718 3881.156670
41714434 3882.808321
41714301 3884.419574
41713293 3886.061160
41712191 3887.673898
41710050 3889.304219
41709760 3890.932934
41705297 3892.569043
41704147 3894.202451
41700772 3895.852574
41698249 3897.499311
41698173 3899.146460
41697868 3900.784295
41697559 3902.443813
41696590 3904.088692
41695690 3905.740975
41695338 3907.379665
41694971 3909.017642
41694609 3910.647427
41692950 3912.289680
41692920 3913.931866
41692852 3915.583413
41692083 3917.232771
41690683 3918.869441
41690651 3920.527671
41688227 3922.172621
41687616 3923.824511
41686806 3925.464003
41686152 3927.114869
41684367 3928.768302
41684050 3930.414736
41681892 3932.040778
41681527 3933.662524
41681145 3935.289066
41680277 3936.914415
41678924 3938.561186
41677601 3940.229741
41677598 3941.897177
41676655 3943.540331
41676227 3945.184165
41674376 3946.807554
41673292 3948.449639
41672224 3950.092740
41671763 3951.749015
41670394 3953.396590
41668872 3955.055425
41667768 3956.702946
41666926 3958.345834
41666252 3959.995653
41665254 3961.634580
41664613 3963.271312
41663056 3964.918998
41662964 3966.555133
41660164 3968.216448
41658380 3969.898943
41657296 3971.567011
41657032 3973.211511
41656232 3974.876217
41654064 3976.524883
41653080 3978.190024
41652267 3979.839996
41651235 3981.494672
41649629 3983.140141
41649394 3984.791713
41649336 3986.415859
41648404 3988.067738
41647989 3989.732664
41647781 3991.390537
41646902 3993.047746
41644542 3994.680140
41644397 3996.319966
41643553 3997.984918
41643141 3999.636188
41641762 4001.280947
41641027 4002.921028
41640614 4004.572733
41637835 4006.234079
41637480 4007.893988
41636201 4009.566071
41635934 4011.238224
41634442 4012.893452
41634004 4014.554070
41633858 4016.243971
41633829 4017.902347
41633390 4019.535828
41633094 4021.194662
41632519 4022.852598
41632105 4024.518748
41631073 4026.177050
41630591 4027.831268
41629925 4029.513865
41629320 4031.183588
41628938 4032.854424
41628212 4034.491348
41627634 4036.155537
41625273 4037.828690
41624970 4039.499139
41624788 4041.153079
41624573 4042.827287
41624522 4044.477124
41624216 4046.141142
41624156 4047.789664
41623260 4049.455227
41623130 4051.136263
41622699 4052.812184
41621643 4054.470786
41621478 4056.124107
41620919 4057.789249
41620125 4059.460513
41619105 4061.116456
41616927 4062.779801
41616532 4064.445019
41615151 4066.109869
41614901 4067.795857
41614683 4069.464426
41614629 4071.148394
41614476 4072.811998
41614249 4074.487214
41613892 4076.164751
41613154 4077.838645
41612807 4079.502657
41612201 4081.171118
41608763 4082.836481
41608101 4084.506148
41607781 4086.203396
41607034 4087.885951
41606570 4089.568263
41606296 4091.244663
41605505 4092.905989
41604669 4094.570049
41604479 4096.235534
41603641 4097.913187
41601784 4099.569027
41601621 4101.252036
41600762 4102.927389
41600311 4104.609944
41598963 4106.295138
41598755 4107.964630
41598495 4109.644665
41595474 4111.315631
41595057 4113.002174
41594584 4114.684238
41592408 4116.345865
41591400 4118.024999
41590381 4119.669890
41590275 4121.343876
41589598 4123.046547
41588824 4124.705816
41588381 4126.395386
41587736 4128.061036
41587283 4129.761595
41586555 4131.453319
41585005 4133.143781
41584507 4134.841241
41582387 4136.518995
41582216 4138.221970
41581518 4139.909948
41578927 4141.589994
41577505 4143.282895
41576966 4144.972276
41575678 4146.633626
41574673 4148.304779
41574251 4149.979824
41573511 4151.672580
41573239 4153.340252
41572254 4155.031437
41571190 4156.731401
41570162 4158.434154
41569469 4160.112944
41565499 4161.805600
41565304 4163.505560
41563042 4165.182160
41561982 4166.897863
41561648 4168.592446
41561479 4170.272195
41560596 4171.966288
41559402 4173.650681
41556035 4175.357988
41553512 4177.062284
41552662 4178.764472
41551645 4180.456206
41551506 4182.141380
41551426 4183.849770
41550635 4185.543398
41550610 4187.242301
41550208 4188.941490
41550079 4190.641043
41549729 4192.336862
41549703 4194.019829
41548712 4195.707417
41548429 4197.395070
41547989 4199.084385
41546775 4200.792119
41546583 4202.501642
41546568 4204.210312
41546326 4205.890926
41546227 4207.572235
41545944 4209.270332
41545802 4210.967822
41545475 4212.676506
41544803 4214.387501
41544722 4216.088139
41544044 4217.790953
41543459 4219.487813
41543187 4221.193396
41540738 4222.875797
41540592 4224.606506
41540207 4226.316810
41539117 4228.024224
41538601 4229.727444
41538396 4231.434727
41536060 4233.137541
41534329 4234.851439
41533807 4236.578071
41533333 4238.291078
41532543 4239.999590
41531974 4241.709254
41531564 4243.422580
41529443 4245.127789
41529286 4246.824434
41528422 4248.531575
41527434 4250.249842
41527352 4251.971813
41526899 4253.671003
41526685 4255.371234
41525375 4257.094797
41521237 4258.815842
41520291 4260.527364
41519836 4262.238687
41518267 4263.936538
41516928 4265.653705
41510904 4267.365144
41510288 4269.075906
41509460 4270.786682
41508575 4272.514726
41508520 4274.246141
41508394 4275.965622
41507169 4277.686817
41506179 4279.412771
41506137 4281.146921
41505854 4282.883330
41501085 4284.613907
41500728 4286.339588
41500667 4288.069384
41500445 4289.792839
41500361 4291.514983
41497970 4293.252116
41496954 4294.963749
41496945 4296.681322
41495955 4298.394529
41493095 4300.111863
41492485 4301.820269
41491405 4303.541272
41490852 4305.270076
41490467 4306.995748
41489945 4308.715951
41487425 4310.446919
41486840 4312.185969
41486065 4313.919094
41485519 4315.647085
41483325 4317.372414
41483040 4319.113006
41482990 4320.843210
41482641 4322.564207
41481480 4324.288929
41480740 4326.019876
41479004 4327.737564
41478422 4329.455911
41477909 4331.187290
41476187 4332.928290
41475011 4334.665126
41473481 4336.389586
41472053 4338.103187
41471450 4339.815608
41470718 4341.532423
41470133 4343.267892
41468911 4344.994858
41467672 4346.727481
41466020 4348.459877
41463156 4350.195502
41460373 4351.923873
41459873 4353.660159
41458066 4355.411671
41457752 4357.147537
41457136 4358.893138
41457081 4360.625394
41456751 4362.357447
41456654 4364.080645
41455122 4365.810273
41454312 4367.544203
41452619 4369.285420
41452266 4371.020354
41449672 4372.762181
41448584 4374.523775
41447632 4376.275835
41447422 4378.022834
41447404 4379.742755
41446758 4381.470944
41445005 4383.221238
41444393 4384.977557
41443356 4386.726721
41442644 4388.484617
41439428 4390.223139
41438331 4391.952789
41437291 4393.684351
41436788 4395.426832
41436152 4397.159791
41435755 4398.896515
41435276 4400.634589
41434537 4402.391013
41434137 4404.126195
41432414 4405.889431
41431585 4407.640041
41430221 4409.377818
41430178 4411.122888
41428430 4412.838479
41428353 4414.597060
41427782 4416.357640
41425164 4418.104963
41423333 4419.877864
41422188 4421.625939
41421733 4423.373001
41419865 4425.110779
41419349 4426.865023
41419024 4428.608705
41417501 4430.367448
41417309 4432.119764
41416767 4433.877431
41416558 4435.648066
41415322 4437.415691
41415303 4439.142469
41414082 4440.898145
41413954 4442.669189
41413167 4444.412471
41412751 4446.159920
41412179 4447.910852
41411729 4449.655140
41410412 4451.411656
41409992 4453.161759
41409530 4454.943049
41408788 4456.715538
41407472 4458.472870
41407313 4460.222288
41406376 4461.963556
41404176 4463.726576
41403198 4465.483323
41402895 4467.230919
41402123 4468.991007
41402080 4470.734673
41400539 4472.496921
41399750 4474.255489
41399443 4476.008912
41399137 4477.779081
41398768 4479.556425
41398455 4481.323263
41398060 4483.094914
41397444 4484.851114
41396560 4486.596298
41396315 4488.361625
41395852 4490.108923
41395148 4491.857073
41394980 4493.623327
41393899 4495.409547
41393757 4497.178413
41390733 4498.959260
41389475 4500.730334
41388893 4502.517850
41388535 4504.274844
41387407 4506.049073
41380120 4507.813445
41379652 4509.568229
41378296 4511.351633
41377290 4513.121046
41376723 4514.890158
41376144 4516.652431
41375740 4518.423795
41372017 4520.183892
41371254 4521.954060
41369804 4523.718680
41369554 4525.491608
41368890 4527.247124
41368020 4529.018210
41367882 4530.794049
41367642 4532.570564
41367398 4534.349060
41366368 4536.137541
41366138 4537.902447
41364827 4539.705085
41363791 4541.459739
41363214 4543.226232
41362503 4545.008047
41361945 4546.792122
41361316 4548.573676
41361037 4550.355961
41360415 4552.120132
41360207 4553.921342
41359627 4555.696007
41354227 4557.450301
41352848 4559.215903
41351703 4560.996909
41351586 4562.777997
41351023 4564.574159
41350225 4566.352346
41349350 4568.139027
41349115 4569.904008
41348599 4571.696599
41348479 4573.485415
41347660 4575.276321
41346966 4577.070109
41346375 4578.838182
41346039 4580.633264
41345107 4582.432122
41344798 4584.226125
41343632 4586.024833
41342956 4587.815569
41342049 4589.598698
41341334 4591.398508
41341092 4593.198184
41339154 4595.003004
41337982 4596.807651
41337290 4598.597267
41336585 4600.396802
41336430 4602.183669
41335002 4603.965712
41331650 4605.762295
41330718 4607.547804
41330100 4609.342943
41329846 4611.154109
41329805 4612.944752
41328719 4614.724085
41328160 4616.536589
41327309 4618.338685
41322801 4620.151423
41321962 4621.954147
41321611 4623.759001
41320818 4625.563855
41319991 4627.358244
41319543 4629.167124
41318975 4630.945078
41318022 4632.766041
41316937 4634.589394
41316321 4636.400584
41315849 4638.201543
41314625 4640.000707
41314200 4641.791861
41313730 4643.593633
41312141 4645.395057
41310626 4647.204977
41310204 4649.007934
41309266 4650.803038
41308872 4652.599000
41308395 4654.409510
41308220 4656.210835
41307220 4658.009443
41306978 4659.827426
41306457 4661.604859
41306041 4663.424218
41305396 4665.216262
41304882 4667.048472
41304393 4668.844112
41304122 4670.666867
41303833 4672.435760
41302921 4674.232285
41302628 4676.033394
41302119 4677.828662
41301872 4679.651807
41301056 4681.476648
41300537 4683.299097
41299531 4685.107419
41299428 4686.911044
41299058 4688.716563
41298446 4690.538879
41298079 4692.361809
41297058 4694.175808
41296674 4695.980690
41296606 4697.778158
41295445 4699.580165
41294900 4701.379111
41294477 4703.193161
41294202 4705.017455
41294149 4706.837564
41293730 4708.646731
41293321 4710.473438
41293012 4712.268848
41291810 4714.100072
41290862 4715.923704
41290263 4717.738436
41289757 4719.555339
41289739 4721.386369
41288251 4723.214582
41286602 4725.058075
41286092 4726.892836
41286028 4728.725185
41285223 4730.560620
41282015 4732.386604
41281430 4734.202370
41281396 4736.013836
41281263 4737.848840
41279746 4739.694642
41279308 4741.507517
41279073 4743.342034
41278237 4745.191040
41277629 4747.028423
41277593 4748.853715
41277397 4750.660517
41276907 4752.490950
41276130 4754.316845
41275125 4756.162379
41272236 4758.003652
41269836 4759.838894
41269485 4761.680686
41268770 4763.507620
41268188 4765.332936
41267827 4767.163682
41267635 4769.010763
41266512 4770.862289
41265951 4772.686757
41265815 4774.534986
41265211 4776.358480
41265101 4778.194475
41265064 4780.034576
41264524 4781.867283
41263105 4783.694261
41262708 4785.529192
41262510 4787.380477
41261376 4789.238256
41257746 4791.105124
41256000 4792.968597
41255722 4794.813262
41254548 4796.661679
41253006 4798.487659
41252490 4800.329326
41249652 4802.164701
41249522 4804.013485
41249396 4805.865230
41247945 4807.705350
41244085 4809.529571
41243613 4811.394017
41242963 4813.238671
41242292 4815.107850
41240030 4816.975654
41239073 4818.799729
41238746 4820.659087
41237101 4822.495044
41236539 4824.345711
41236227 4826.212019
41235804 4828.089268
41235155 4829.936934
41231707 4831.786280
41229018 4833.640846
41227621 4835.496028
41225726 4837.342739
41225094 4839.195780
41224898 4841.057762
41223305 4842.905211
41223300 4844.774614
41221811 4846.627104
41221412 4848.477384
41221300 4850.331646
41221294 4852.213632
41221038 4854.085569
41219576 4855.942066
41219035 4857.810179
41218639 4859.665686
41218085 4861.548739
41217502 4863.401959
41216157 4865.259912
41215685 4867.106376
41215559 4868.964245
41214353 4870.832361
41213786 4872.687826
41213708 4874.546107
41213093 4876.430466
41212919 4878.296824
41212843 4880.169841
41212552 4882.049532
41212306 4883.930121
41211028 4885.802074
41210044 4887.679987
41209829 4889.568212
41209399 4891.435485
41208664 4893.279537
41208083 4895.151882
41207163 4897.032353
41206997 4898.896095
41206410 4900.774234
41206149 4902.636573
41205644 4904.513505
41205411 4906.382933
41204742 4908.238672
41204382 4910.113097
41203397 4912.004085
41202796 4913.900153
41202024 4915.773542
41201411 4917.651866
41200661 4919.524375
41197804 4921.412271
41195134 4923.266598
41194414 4925.149195
41194210 4927.034965
41193096 4928.927364
41192993 4930.794068
41192966 4932.656820
41191753 4934.521337
41190356 4936.400531
41189645 4938.272466
41189132 4940.155523
41188778 4942.055288
41188259 4943.937823
41187988 4945.819365
41187702 4947.706714
41186640 4949.581444
41186555 4951.470370
41186008 4953.360917
41185641 4955.256850
41185342 4957.167574
41184983 4959.067633
41184600 4960.931254
41183935 4962.814829
41183434 4964.706987
41183335 4966.586694
41182857 4968.487289
41182691 4970.390832
41182688 4972.290820
41181209 4974.186691
41180449 4976.069423
41179314 4977.979982
41179025 4979.865731
41178110 4981.753272
41177210 4983.641271
41177078 4985.524324
41176583 4987.432352
41176122 4989.368025
41175382 4991.269075
41175164 4993.171095
41175000 4995.078835
41173623 4996.990464
41172940 4998.863239
41171601 5000.748506
41170291 5002.655905
41169651 5004.541186
41169545 5006.448329
41169391 5008.348959
41169376 5010.266103
41168824 5012.156808
41168601 5014.065399
41167018 5015.979752
41166356 5017.870103
41165940 5019.749253
41165579 5021.646003
41165107 5023.571858
41164614 5025.480005
41164278 5027.375660
41163162 5029.283353
41162631 5031.171699
41161615 5033.075379
41161502 5034.975540
41160950 5036.879218
41160420 5038.780611
41159729 5040.696072
41159272 5042.616377
41158982 5044.530181
41158924 5046.419448
41158570 5048.327234
41158229 5050.226771
41157546 5052.143025
41155669 5054.047666
41154964 5055.939887
41153999 5057.865358
41153349 5059.769039
41152845 5061.664336
41152158 5063.587077
41151880 5065.494594
41149984 5067.422749
41149845 5069.341840
41149368 5071.279420
41149134 5073.199365
41148494 5075.132086
41148145 5077.053643
41148004 5078.956968
41146683 5080.879130
41145638 5082.797556
41145553 5084.725475
41145034 5086.638708
41141745 5088.550106
41141155 5090.467472
41140993 5092.380329
41139908 5094.293033
41139203 5096.231954
41138640 5098.167613
41138371 5100.088715
41137864 5101.992584
41137323 5103.922254
41137294 5105.862046
41136386 5107.783536
41133654 5109.713493
41133331 5111.656643
41132764 5113.601945
41132487 5115.517084
41131293 5117.436123
41131209 5119.362434
41129509 5121.295818
41128920 5123.227233
41128130 5125.156962
41126782 5127.087181
41124452 5129.032595
41124075 5130.949215
41123861 5132.900144
41122937 5134.818479
41122663 5136.761911
41121991 5138.706080
41121448 5140.645505
41120546 5142.580405
41120412 5144.513881
41118261 5146.475098
41117740 5148.421111
41117685 5150.362898
41117102 5152.311174
41116993 5154.243795
41116688 5156.196961
41116505 5158.162687
41116220 5160.114935
41116167 5162.061008
41114125 5163.981859
41113805 5165.920019
41113120 5167.861359
41113057 5169.799204
41112514 5171.770623
41111896 5173.720750
41111745 5175.672057
41111672 5177.590585
41110961 5179.541189
41110561 5181.492264
41109381 5183.444053
41108904 5185.410914
41107641 5187.374160
41105836 5189.328234
41105517 5191.275164
41104999 5193.238644
41104637 5195.177348
41104215 5197.109062
41103837 5199.074503
41102984 5201.050977
41102313 5203.005576
41101063 5204.951471
41100312 5206.899680
41099983 5208.888461
41099808 5210.855796
41099254 5212.801657
41098702 5214.749506
41098206 5216.703374
41098186 5218.658085
41096525 5220.624132
41094996 5222.567888
41093467 5224.521323
41090940 5226.481074
41090908 5228.437570
41090142 5230.377006
41090002 5232.334603
41089805 5234.309175
41089390 5236.296716
41088547 5238.258050
41087939 5240.227421
41087383 5242.203683
41087156 5244.162595
41086769 5246.130127
41084355 5248.100293
41083939 5250.076960
41083920 5252.043943
41083301 5254.030203
41082916 5255.997318
41082691 5257.968234
41082102 5259.937676
41082078 5261.903294
41080478 5263.890045
41080129 5265.890755
41080104 5267.860840
41079451 5269.849816
41078573 5271.827551
41078321 5273.784300
41078278 5275.784823
41077881 5277.788968
41077299 5279.750430
41076203 5281.733765
41074499 5283.707401
41074485 5285.674621
41071782 5287.632904
41071272 5289.599653
41070849 5291.581283
41070328 5293.552899
41069482 5295.534880
41068983 5297.531657
41067642 5299.539935
41065585 5301.517157
41065021 5303.502360
41063795 5305.477488
41063640 5307.442387
41063287 5309.422461
41063210 5311.404047
41062909 5313.389498
41062659 5315.375874
41061904 5317.360963
41061133 5319.344965
41060698 5321.328775
41060662 5323.318105
41059431 5325.318354
41058279 5327.326268
41057889 5329.313952
41057127 5331.328011
41056571 5333.327328
41055559 5335.323878
41054841 5337.319535
41054499 5339.312005
41053930 5341.303538
41053601 5343.295849
41052917 5345.276419
41052426 5347.291813
41052316 5349.273231
41052036 5351.266755
41051779 5353.276324
41051072 5355.289272
41051032 5357.288837
41050857 5359.275231
41050149 5361.273560
41049734 5363.267171
41048880 5365.292037
41048480 5367.279944
41048399 5369.297184
41047966 5371.328860
41047510 5373.328344
41047393 5375.319189
41047348 5377.327902
41046726 5379.333485
41046617 5381.346210
41045346 5383.334046
41045192 5385.362542
41044245 5387.384124
41043570 5389.396409
41043307 5391.412143
41042954 5393.426700
41042493 5395.426293
41042195 5397.427902
41041952 5399.437672
41041528 5401.441681
41041225 5403.455667
41040341 5405.450176
41039515 5407.464949
41039026 5409.468112
41036702 5411.487886
41036297 5413.504893
41036239 5415.522880
41033776 5417.534689
41033275 5419.570226
41032917 5421.613096
41032665 5423.643075
41032545 5425.679146
41032166 5427.711050
41031423 5429.742012
41031237 5431.775660
41030715 5433.783170
41030594 5435.812935
41029188 5437.859943
41028603 5439.880034
41027992 5441.910060
41027329 5443.928128
41027008 5445.949246
41026546 5448.001160
41025799 5450.007551
41025383 5452.035342
41024977 5454.071035
41024572 5456.112545
41024256 5458.142338
41023971 5460.187855
41023775 5462.201824
41023724 5464.239396
41023161 5466.276600
41022113 5468.333244
41021549 5470.370736
41020952 5472.412631
41020776 5474.457257
41020123 5476.484057
41019999 5478.539823
41018951 5480.560926
41018050 5482.602143
41017839 5484.673113
41017017 5486.729265
41016266 5488.773748
41015387 5490.818406
41015103 5492.858658
41014793 5494.898951
41014153 5496.950808
41013423 5498.995586
41013205 5501.067459
41013022 5503.116411
41012325 5505.158737
41011999 5507.197670
41011781 5509.236712
41011634 5511.267336
41011374 5513.330841
41011133 5515.392273
41010326 5517.455830
41010219 5519.519460
41009393 5521.575967
41009279 5523.619528
41009017 5525.660883
41008260 5527.709255
41007518 5529.760492
41007265 5531.820351
41006533 5533.880980
41006005 5535.922817
41005991 5537.973685
41005569 5540.024396
41005501 5542.088046
41005163 5544.157168
41004942 5546.205644
41004768 5548.288508
41004511 5550.309006
41004084 5552.391198
40999331 5554.441910
40998625 5556.511780
40998221 5558.586035
40997969 5560.661340
40997496 5562.723727
40996725 5564.788017
40996146 5566.877873
40995782 5568.952911
40995388 5571.045447
40994416 5573.110149
40992527 5575.190910
40992382 5577.267701
40992358 5579.359008
40991958 5581.450906
40991497 5583.524166
40991000 5585.603488
40989132 5587.692446
40988890 5589.768724
40987388 5591.843394
40987077 5593.896939
40984307 5595.957725
40983727 5598.018454
40983216 5600.084351
40983102 5602.156710
40982844 5604.250339
40982716 5606.331257
40982579 5608.404108
40982216 5610.515492
40981838 5612.608408
40980844 5614.693849
40980614 5616.764334
40980171 5618.845309
40979860 5620.953915
40977998 5623.043534
40977542 5625.123625
40977205 5627.214332
40976798 5629.308240
40975835 5631.397531
40975411 5633.464647
40975006 5635.560253
40974790 5637.642590
40974728 5639.748522
40974553 5641.839301
40974493 5643.919580
40974068 5646.033546
40973778 5648.133943
40972622 5650.232297
40971958 5652.315313
40971624 5654.393568
40971407 5656.481293
40970874 5658.574530
40970794 5660.691501
40969434 5662.785615
40969076 5664.887674
40968584 5666.994427
40967623 5669.110326
40967272 5671.192693
40966140 5673.281549
40966015 5675.384125
40965925 5677.492923
40965611 5679.564076
40965398 5681.692107
40965266 5683.805775
40964633 5685.916786
40964230 5688.040387
40962473 5690.147407
40961545 5692.250997
40961195 5694.360985
40960985 5696.465684
40960881 5698.558672
40960681 5700.637959
40960099 5702.754913
40959825 5704.856607
40959516 5706.965133
40959082 5709.062674
40958214 5711.180513
40957577 5713.287039
40956909 5715.403917
40956571 5717.541092
40956375 5719.657471
40956036 5721.774792
40955592 5723.890459
40955066 5726.012926
40954883 5728.135713
40954600 5730.263265
40954594 5732.380111
40954401 5734.493525
40953874 5736.615891
40953725 5738.736103
40953300 5740.872303
40950912 5742.980082
40950406 5745.111913
40949919 5747.237183
40949717 5749.361426
40949051 5751.490739
40948726 5753.624392
40948121 5755.756453
40947982 5757.881117
40947772 5760.018819
40946435 5762.139221
40946029 5764.259707
40945792 5766.377953
40945520 5768.493754
40944166 5770.619315
40944121 5772.739160
40943562 5774.885227
40943396 5777.012579
40942772 5779.164527
40942589 5781.321399
40942488 5783.448925
40942297 5785.601869
40942116 5787.746131
40942033 5789.898925
40941799 5792.041575
40941345 5794.182467
40940439 5796.343247
40940056 5798.518647
40939824 5800.659775
40939523 5802.791569
40939331 5804.927314
40938696 5807.074754
40938505 5809.208444
40938280 5811.382510
40938234 5813.546055
40937895 5815.716345
40937850 5817.860169
40937661 5820.010360
40937377 5822.155896
40935627 5824.296653
40935536 5826.442150
40934811 5828.600008
40934154 5830.748270
40933452 5832.882598
40930697 5835.046853
40930431 5837.205460
40928436 5839.368231
40928253 5841.544618
40927981 5843.712721
40927418 5845.854253
40926963 5847.999164
40926731 5850.146351
40926501 5852.304278
40926348 5854.460742
40924508 5856.614599
40923795 5858.780591
40922349 5860.937118
40920879 5863.095118
40920591 5865.258780
40920567 5867.402556
40920192 5869.569465
40919717 5871.749962
40919204 5873.903419
40918645 5876.056864
40918623 5878.250226
40918229 5880.434146
40918077 5882.579123
40917485 5884.774744
40917278 5886.934538
40916778 5889.094483
40916403 5891.280004
40915059 5893.445363
40914266 5895.588325
40914011 5897.783730
40913870 5899.934871
40913472 5902.107226
40913296 5904.281217
40913122 5906.459124
40913001 5908.646295
40912671 5910.827535
40912370 5913.009001
40912109 5915.268049
40911349 5917.450268
40909694 5919.611676
40909167 5921.766066
40909016 5923.965024
40908672 5926.139543
40908360 5928.308960
40908191 5930.500282
40908109 5932.670244
40907935 5934.838328
40907538 5937.025731
40907476 5939.200603
40906285 5941.369654
40906276 5943.538400
40905998 5945.716876
40903741 5947.917911
40903569 5950.108214
40903010 5952.275388
40902884 5954.448144
40902508 5956.632163
40900680 5958.820829
40900524 5961.011699
40900457 5963.201729
40900190 5965.385048
40899767 5967.585121
40899429 5969.778083
40899203 5971.969763
40898385 5974.149786
40897629 5976.326322
40896010 5978.512649
40895706 5980.709306
40895022 5982.905210
40894625 5985.103413
40894462 5987.292240
40893839 5989.496953
40887683 5991.679665
40887537 5993.902104
40887023 5996.070123
40886771 5998.239875
40886669 6000.436872
40886238 6002.625759
40886006 6004.809563
40885856 6006.998274
40885402 6009.189114
40885246 6011.367776
40885218 6013.570532
40885007 6015.774973
40884722 6017.984370
40884249 6020.171987
40884186 6022.372862
40884027 6024.585013
40883770 6026.786255
40883603 6028.984290
40883546 6031.186441
40883434 6033.383675
40883141 6035.589564
40882819 6037.787380
40882206 6039.998404
40881476 6042.199957
40879559 6044.419160
40877784 6046.632598
40877145 6048.836606
40877072 6051.063825
40875622 6053.267043
40875453 6055.502400
40875354 6057.700042
40875054 6059.917501
40874945 6062.132169
40874547 6064.345601
40874289 6066.562276
40874212 6068.779453
40874085 6070.986097
40873948 6073.186521
40873861 6075.394994
40873762 6077.632328
40873616 6079.874484
40873398 6082.094612
40873374 6084.297522
40873208 6086.525200
40873145 6088.754940
40872834 6090.992614
40872776 6093.224013
40872487 6095.438700
40872470 6097.658374
40872278 6099.893372
40872025 6102.114691
40871890 6104.348430
40871732 6106.571201
40869297 6108.801224
40868394 6111.007752
40868057 6113.258358
40867859 6115.506840
40867653 6117.730771
40867178 6119.953973
40866488 6122.185953
40866211 6124.409736
40866118 6126.633316
40866019 6128.872733
40865822 6131.097704
40865600 6133.318910
40864772 6135.545855
40864531 6137.787136
40864303 6140.034403
40864205 6142.259797
40864052 6144.507920
40863461 6146.749378
40863311 6148.971943
40863259 6151.222356
40863099 6153.470797
40862837 6155.727859
40862681 6157.974971
40862440 6160.211786
40862379 6162.457406
40862167 6164.712946
40862071 6166.944467
40861900 6169.152208
40861876 6171.410895
40861349 6173.650121
40860310 6175.890941
40860199 6178.133919
40860111 6180.386137
40859919 6182.617504
40859675 6184.857049
40858758 6187.093777
40858729 6189.347375
40858110 6191.586191
40858000 6193.824076
40857872 6196.066908
40857757 6198.304409
40854806 6200.529957
40854656 6202.771868
40854609 6205.012258
40854347 6207.237155
40853224 6209.494563
40852988 6211.743579
40852631 6213.994197
40852476 6216.249693
40852370 6218.494960
40852031 6220.756080
40851748 6223.003270
40851614 6225.262535
40851539 6227.524745
40851403 6229.765273
40851028 6232.011023
40850854 6234.279043
40850743 6236.526439
40850671 6238.785021
40850498 6241.029647
40849892 6243.282933
40849815 6245.552740
40849764 6247.813751
40849381 6250.048413
40848770 6252.295285
40848233 6254.554568
40848082 6256.803668
40847836 6259.045703
40847665 6261.291497
40847428 6263.547568
40846974 6265.787979
40846833 6268.015870
40846680 6270.272155
40846599 6272.536786
40846472 6274.792503
40846405 6277.058683
40846011 6279.301530
40845973 6281.554307
40845873 6283.816617
40845790 6286.057853
40845723 6286.057858
40845006 6288.316355
40844947 6290.567413
40842091 6290.567418
40841185 6292.825921
40841176 6295.072761
40840569 6297.342084
40839887 6299.614848
40838793 6301.881366
40838573 6304.138766
40838313 6306.405825
40838070 6308.687785
40838046 6310.952201
40837892 6313.212570
40836757 6315.475433
40836320 6317.719236
40836087 6319.984835
40835615 6322.260865
40833880 6324.524310
40833786 6326.804978
40833644 6329.085730
40833456 6331.346340
40833438 6333.611334
40833039 6335.904286
40832645 6338.181693
40832562 6340.460748
40831915 6342.715773
40831864 6344.995952
40831710 6347.273953
40831607 6349.523546
40831338 6351.786979
40831146 6354.062441
40831050 6356.341850
40830539 6358.617201
40830467 6360.918751
40830385 6363.188954
40830226 6365.474842
40829659 6367.735583
40829499 6369.998267
40828633 6372.291693
40828268 6374.581994
40828257 6376.845704
40828125 6379.133780
40828049 6381.394808
40827650 6383.665507
40826454 6385.946357
40826107 6388.231575
40824804 6390.523186
40824648 6392.802269
40824415 6395.084275
40824190 6397.343908
40824129 6399.635822
40824066 6401.928191
40823562 6404.194251
40823312 6406.456290
40823170 6408.732762
40822943 6411.019386
40822849 6413.307823
40822630 6415.606283
40822547 6417.886965
40822280 6420.180122
40822176 6422.473142
40821979 6424.738201
40821857 6427.019958
40821514 6429.303020
40821272 6431.583982
40821007 6433.892130
40820901 6436.181666
40820200 6438.482529
40820124 6440.779840
40819971 6443.062149
40819834 6445.364781
40819649 6447.666367
40819586 6449.963090
40819490 6452.259204
40819269 6454.536708
40818804 6456.834714
40818757 6459.121844
40817955 6461.412285
40816391 6463.718431
40816298 6466.018810
40816059 6468.309241
40815300 6470.604243
40815185 6472.891492
40814889 6475.173871
40814736 6477.452039
40814482 6479.761675
40814380 6482.059823
40813967 6484.340058
40813189 6486.628148
40813089 6488.936304
40812911 6491.228641
40812856 6493.536909
40812753 6495.835230
40812704 6498.132658
40812261 6500.435836
40812164 6502.756737
40812065 6505.056217
40811962 6507.368104
40811902 6509.661854
40811762 6511.950118
40811640 6514.248965
40811602 6516.557870
40811311 6518.876600
40811143 6521.171908
40811022 6523.470058
40810918 6525.744375
40810259 6528.042233
40810133 6530.335019
40809784 6532.646044
40809529 6534.937457
40809443 6537.237548
40809062 6539.536579
40808950 6541.821679
40808814 6544.116407
40808535 6546.417183
40808441 6548.718170
40808355 6551.005657
40808244 6553.299380
40808229 6555.599840
40808220 6557.896819
40808180 6560.210564
40808035 6562.520554
40807880 6564.839465
40807760 6567.144643
40807338 6569.439258
40807207 6571.728407
40806858 6574.042672
40806758 6576.322690
40806718 6578.615464
40806511 6580.939224
40806278 6583.238302
40806187 6585.563260
40806100 6587.865071
40805796 6590.160004
40805696 6592.456345
40805547 6594.752743
40805424 6597.043486
40805328 6599.328453
40805154 6601.630827
40805119 6603.923812
40804985 6606.236530
40804848 6610.836001
40804678 6613.093598
40804617 6615.389486
40804550 6617.677478
40804537 6619.980614
40804483 6622.277402
40804245 6624.582107
40804113 6626.880031
40804005 6629.158113
40803518 6631.459868
40803008 6633.762746
40802777 6636.044682
40802482 6638.343652
40802421 6640.648194
40802293 6642.950377
40802258 6645.225717
40801419 6647.533421
40801024 6649.827516
40800892 6652.124587
40800764 6654.414166
40800756 6656.717873
40800667 6659.019984
40800526 6661.325888
40800216 6663.617140
40799795 6665.908503
40799503 6668.223754
40799409 6670.507234
40799337 6672.807730
40799242 6675.114896
40799174 6677.423071
40799112 6679.725789
40799094 6682.013192
40799048 6684.331400
40798937 6686.628732
40798914 6686.628737
40798870 6688.924826
40798725 6691.219879
40798648 6693.521199
40798535 6695.808965
40798157 6698.116438
40798071 6700.418650
40797979 6702.708028
40797836 6704.998022
40797731 6707.310502
40797631 6709.619985
40797535 6711.914897
40796651 6714.200630
40796493 6716.490889
40796202 6718.775319
40796195 6721.058325
40796194 6723.358457
40794933 6725.644827
40794884 6727.944447
40794792 6730.230675
40794738 6732.531465
40794737 6734.825541
40794599 6737.111516
40794552 6739.403947
40794529 6741.710135
40794196 6741.710140
40793487 6743.992450
40793401 6746.289444
40793275 6748.582062
40793253 6750.877989
40792373 6753.163892
40792345 6755.467523
40792302 6757.756233
40792195 6760.031371
40792157 6762.327115
40792134 6764.624813
40792086 6766.906933
40791945 6769.214572
40791872 6771.510127
40791867 6773.775110
40791842 6776.047531
40791807 6778.344219
40791767 6780.652580
40791734 6780.652585
40791715 6782.940854
40791692 6785.238342
40791665 6785.238348
40791568 6787.498289
40791551 6789.772526
40791516 6789.772531
40791457 6792.064924
40791426 6794.364895
40791425 6796.645489
40791412 6798.928739
40791408 6798.928745
40791350 6801.222244
40791296 6801.222249
40791208 6803.504638
40791076 6805.781028
40791061 6808.053795
40791027 6810.359044
40791019 6810.359050
40790974 6812.657989
40790431 6812.657994
40790427 6814.944697
40790367 6817.224841
40790333 6819.478716
40790313 6821.759438
40790261 6824.037534
40790224 6826.319282
40790207 6828.597138
40789730 6830.859797
40789655 6833.141646
40788866 6835.425083
40788860 6837.704934
40788810 6839.963934
40788787 6842.229968
40787522 6844.499134
40787489 6846.783039
40787443 6849.044032
40787415 6851.308086
40787331 6853.577990
40787285 6855.842761
40787191 6858.118368
40787172 6860.388385
40787097 6862.672707
40787094 6864.942836
40787077 6867.213238
40787038 6869.501456
40786911 6871.780974
40786908 6876.307878
40786907 6878.587643
40786896 6878.587649
40786424 6880.856007
40786337 6883.129279
40786294 6885.400559
40786292 6889.938383
40786238 6892.196780
40786179 6896.739206
40785990 6899.005226
40785989 6901.274995
40785452 6903.524937
40785359 6905.791044
40785341 6908.042463
40785317 6910.301628
40784572 6912.544452
40784556 6914.819218
40784506 6917.092489
40784463 6919.347196
40784334 6921.594561
40784219 6923.878988
40784199 6926.146121
40784182 6930.666867
40784012 6932.926022
40783926 6935.190875
40783918 6937.445231
40783864 6939.685021
40783824 6941.930723
40783795 6944.179943
40783741 6946.422298
40783687 6948.675180
40783674 6950.941523
40783668 6953.189682
40783643 6955.454373
40783626 6957.711950
40783604 6959.944826
40783457 6959.944830
40783432 6962.190495
40783418 6964.439604
40783290 6966.688295
40783046 6966.688300
40783014 6968.924338
40782911 6968.924343
40782785 6971.169755
40782756 6973.425284
40782696 6975.686527
40782637 6977.956556
40782635 6977.956563
40782621 6980.212824
40782084 6980.212829
40781946 6982.456542
40781931 6984.714210
40781925 6989.219792
40781426 6989.219797
40781386 6991.473050
40781363 6993.694129
40781088 6995.948051
40780731 6998.185534
40780660 7000.451023
40780597 7002.708929
40780508 7004.962294
40780445 7007.199118
40780300 7009.450087
40780265 7011.683687
40780231 7013.918570
40780184 7016.158619
40780159 7018.399531
40779923 7020.643660
40779860 7022.883691
40779831 7025.140548
40779773 7027.365992
40779756 7029.623947
40779737 7031.864127
40779712 