71550701 183.086060
69662930 183.086072
68674300 183.086073
68027755 183.086075
66498443 183.086076
65187537 183.086078
65176163 183.086080
65170223 185.689918
65165782 188.299149
64923956 188.299154
64889287 190.878039
64383204 190.878044
64371135 193.502367
64101590 196.031533
64083124 196.031539
63948220 198.586807
62391853 201.122233
62386883 203.663137
62379853 206.192724
62348384 208.744310
62343310 211.286193
62334726 213.800451
62329264 216.313079
61954901 218.807274
61945202 221.293860
61943037 223.779630
61837242 223.779636
61575150 226.283364
61564683 228.751457
61008607 228.751461
61006077 231.235425
61001787 233.685113
60072567 236.156359
59994749 236.156366
59989279 238.601146
59900448 241.090637
59894648 243.542281
59886088 245.976717
59875757 248.393925
59523192 250.834996
59326323 253.237606
58966437 253.237611
58553330 255.660390
58502876 258.086933
58498926 260.490954
58491991 262.853043
58485180 265.270593
58479732 267.689597
58471207 270.098528
58464590 272.505979
58405620 272.505984
58356073 272.505987
58200312 272.505988
58194569 274.899279
58141981 277.250176
57756894 279.630090
57750732 281.989698
57735321 281.989704
57251977 281.989706
57244542 284.345535
57232444 286.723519
57178492 289.066999
56654686 291.427854
56652234 293.763354
56648094 296.096920
56641671 298.424691
56512135 300.753628
56256522 300.753632
56245571 303.108984
55897095 303.108989
55896082 305.421068
55893279 307.733416
55891604 310.060111
55886137 312.390629
55880751 314.695478
55445268 314.695482
55253854 317.007709
55249687 319.292950
54725996 321.561955
54716696 323.838950
54714475 326.121599
54711481 328.408603
54703255 328.408608
54702250 330.684861
54697520 330.684867
54611913 332.985747
54598938 335.242906
54219990 335.242912
54202623 337.519695
54199119 339.789750
54195900 342.062245
54181802 344.324192
53878141 346.578037
53874510 348.805947
53867708 351.088390
53834630 353.338929
53825876 355.600850
53821801 357.851284
53462473 360.062996
53454802 362.286292
53137369 364.532334
53133433 366.775061
53127378 369.010345
53117037 371.206194
53115927 373.407740
53100100 375.621767
52959917 377.820390
52952967 380.022430
52797354 382.236315
52793198 384.429959
52784348 386.626967
52701131 388.821221
52698974 391.002521
52694750 393.189496
52692000 395.361926
52434914 397.510796
52300985 399.703441
52292944 401.876380
52250385 404.010251
52246159 406.173150
52234814 408.331464
52228232 410.490914
52220239 412.650481
52044898 412.650485
52040414 414.821546
52036244 416.984480
51545972 419.107742
51537713 421.259136
51534987 423.416661
51532904 425.566674
51472758 427.703035
51259234 429.882810
51258773 432.036141
51255874 434.178278
50480051 434.178283
50478514 436.297378
50475165 438.435039
50473240 440.561168
50432069 442.716491
50425001 444.831327
50423424 446.971179
50404058 449.066277
50397399 451.172853
50243388 453.285476
50226846 455.400218
50224927 457.502746
50193534 459.586951
49704742 461.690543
49699870 463.807763
49698253 465.889784
49694446 467.972093
49685082 470.050307
49680922 472.131619
49679541 474.215540
49666049 476.302382
49555794 476.302386
49552396 478.397652
49543902 480.484185
49539780 482.566608
49537346 484.658850
49534145 486.743053
49531775 488.827760
49502480 490.896752
49476763 492.976554
49471571 495.054430
49436789 497.087080
49427562 499.160102
49426974 501.209526
49423990 503.271358
49419307 505.323291
49295044 505.323295
49290637 507.363283
49281396 509.397931
49260125 511.474659
49255321 513.522214
49253875 515.562607
49250015 517.601881
49246915 519.638115
49239865 519.638119
49236792 521.678940
49232580 523.718009
49230644 525.743679
49228415 527.783219
49199858 527.783223
49060700 529.850412
49060188 531.842644
49043228 533.863522
49025911 535.922057
49022459 537.959393
49018216 539.971437
49014220 541.973064
49009303 544.010322
48995020 546.048180
48993945 548.047117
48991126 550.080041
48988402 552.086086
48986050 554.070180
48964416 556.062963
48963671 558.075362
48959838 560.074525
48957335 562.083134
48956482 564.093596
48814247 566.090527
48796813 568.087897
48791933 570.076810
48623695 572.064198
48616066 574.057127
48614686 576.017206
48611474 578.019498
48433554 580.026515
48428336 582.016163
48405917 583.986233
48403663 585.967453
48372338 585.967464
48370518 587.941678
48326296 589.923621
48322825 591.878019
48321914 593.832607
48290132 595.812628
48282932 597.761294
48116086 599.748489
47805256 601.714659
47802520 603.676974
47765213 605.644231
47755017 607.610468
47735494 609.578017
47733827 611.543408
47721058 613.499207
47646620 615.479132
47631487 617.439990
47629925 619.409196
47625600 621.406059
47619557 623.360245
47616899 625.305541
47611617 627.258301
47611109 629.208681
47608812 631.130623
47591913 633.063044
47308526 633.063049
47137756 634.985396
47136120 636.924918
47115758 638.874143
47111914 640.801652
47111408 642.761821
47109620 644.709748
47107522 646.667860
47105583 648.603482
47076509 650.538787
47074213 652.477560
47060773 654.412490
47056714 656.309220
47053516 658.273257
47053139 660.201203
47051981 662.131198
47051349 664.063129
47050455 665.985946
46833121 667.914559
46831909 669.850542
46800594 671.777750
46796186 673.679128
46793794 675.601823
46774005 677.521202
46735262 679.421772
46731784 681.353640
46729328 683.264768
46726002 685.185839
46722177 687.113525
46720686 689.021451
46717647 690.933028
46710080 692.837977
46707277 694.727361
46704292 696.610424
46701103 698.529198
46698273 700.447966
46648860 700.447971
46647020 702.328980
46632789 704.238166
46631546 706.141971
46629954 708.028794
46610320 709.960363
46608046 711.851146
46602187 713.749522
46601542 715.649940
46600564 715.649944
46599789 717.530253
46598864 719.417268
46597897 719.417272
46596384 721.307299
46594618 723.187130
46593744 723.187134
46592088 725.068138
46591296 725.068142
46586192 726.963715
46552034 728.880325
46545631 730.761147
46544787 732.658634
46540433 734.538044
46539605 736.412825
46537086 738.290968
46535333 740.174821
46534470 742.048168
46532232 743.931078
46466450 745.802321
46464925 747.668399
46461848 749.533027
46400442 749.533033
46399757 751.393638
46374897 753.258177
46371986 755.146326
46288723 757.016996
46285322 758.901619
46281876 760.771958
46148880 762.617237
46141669 764.470997
46138125 766.335478
46129429 768.188357
46126349 770.047861
46120590 771.909698
46116039 773.777090
46110377 775.630507
46107644 777.474399
46039515 779.300097
46026271 781.173969
46024975 783.000891
46023902 784.859390
46022608 786.727413
46019147 788.595094
46003516 790.439555
46001650 792.313240
45960659 794.175099
45959820 796.041077
45957421 797.895808
45954945 799.743402
45953549 801.594155
45942980 803.417576
45941778 805.289973
45939970 807.126518
45939529 808.964594
45936871 810.785072
45933897 812.637837
45916253 814.501497
45914145 816.338424
45907422 818.183323
45905380 820.008213
45902240 821.833493
45900970 823.668459
45898267 825.497773
45897269 827.349148
45894815 829.168509
45893769 830.997401
45888880 832.837062
45888862 834.657291
45886986 836.495388
45884632 838.329446
45795831 838.329450
45792726 840.141783
45721074 841.944489
45718238 843.777431
45712805 845.600567
45711320 847.420160
45708502 849.237394
45681030 851.050862
45537859 851.050867
45437456 852.875703
45437033 854.700543
45429048 856.515886
45426356 858.340740
45314960 860.155778
45314311 861.975953
45313272 863.798228
45311377 865.623254
45308756 867.448553
45305432 869.255737
45300663 869.255741
45291778 871.068586
45285740 872.880361
45284345 874.686970
45274239 876.526694
45273505 878.332131
45272416 880.127948
45271838 881.936114
45268616 883.753596
45266039 885.547370
45228748 887.354719
45228673 889.153207
45227237 890.954749
45225487 892.757713
45222527 894.555327
45221165 896.358634
45219479 898.159255
44992476 898.159260
44989374 899.959835
44986448 901.769687
44985532 903.556330
44983795 905.355612
44982109 907.153317
44980514 908.935056
44977547 910.735504
44970791 912.534142
44965525 914.343043
44963281 916.141836
44960866 917.921873
44957873 919.718721
44950313 921.504638
44948600 923.287369
44948152 925.087027
44945796 926.868170
44892891 926.868174
44890533 928.641819
44888367 930.431651
44887174 932.223940
44886668 933.991055
44869963 935.766768
44856588 937.555738
44855627 939.325349
44796837 941.117648
44793525 942.910582
44793200 944.674718
44792952 946.468028
44792709 948.257969
44791377 950.043778
44791065 951.829899
44788959 953.615759
44788020 955.399100
44780453 957.182611
44778623 958.946278
44778297 960.707440
44776569 962.490632
44773823 964.256338
44769029 966.016723
44766111 967.770396
44765756 969.539640
44649123 969.539645
44646599 971.299154
44645321 973.074297
44644625 974.842152
44636936 976.608202
44636689 978.389379
44635750 980.147376
44634907 981.905633
44628871 983.659915
44627280 985.431716
44626288 987.194300
44623222 988.955002
44621293 990.730713
44615210 992.495400
44613458 994.268305
44578902 996.034746
44572527 997.794051
44571078 999.559078
44568341 1001.307063
44556061 1003.071945
44554912 1004.816729
44553358 1006.595056
44552584 1008.346928
44551731 1010.090072
44550327 1011.856324
44546220 1013.611659
44544102 1015.383229
44543550 1017.121457
44541675 1018.874459
44539596 1020.627435
44538356 1022.387548
44536902 1024.144260
44534168 1025.886135
44530993 1027.646819
44521589 1029.372928
44520505 1031.109693
44519091 1032.839833
44518227 1034.583182
44514811 1036.321989
44513310 1038.071583
44508580 1039.815589
44506853 1041.529123
44506110 1043.269935
44505259 1045.016310
44503842 1046.757454
44499362 1048.497458
44499236 1050.251635
44498715 1051.993957
44495028 1053.731754
44494871 1055.480710
44493533 1057.198593
44492799 1058.950291
44491865 1060.687181
44491370 1062.422381
44455210 1064.140286
44453671 1065.860901
44453228 1067.569927
44453190 1069.311079
44451469 1071.034726
44449004 1072.770636
44445535 1074.490327
44444954 1076.234116
44444284 1077.972018
44361581 1077.972022
44360198 1079.697594
44359864 1081.424804
44359111 1083.148118
44357086 1084.874101
44355173 1086.617600
44353793 1088.344390
44350446 1090.070314
44350011 1091.803038
44349732 1093.519190
44349285 1093.519195
44346252 1095.248581
44258909 1095.248585
44257951 1096.970159
44257326 1098.698526
44255125 1100.413319
44253538 1102.153010
44217477 1103.864812
44216969 1105.591298
44216408 1107.318154
44213854 1109.041996
44212234 1110.771481
44211605 1112.472268
44207548 1114.198986
44203926 1115.929997
44202174 1117.624946
44201653 1119.338326
44201126 1121.053077
44133609 1122.761850
44064695 1124.472459
44064280 1126.203841
44062338 1127.920692
44061220 1129.631995
44055117 1131.347604
44053483 1133.066840
44051423 1134.787581
44049375 1136.500348
44048365 1138.215936
44037746 1139.937374
44035897 1141.648806
44035321 1143.362618
44034482 1145.070984
44034194 1146.776333
44033958 1148.489151
44024862 1150.194464
44024805 1151.909482
44023572 1153.629162
44023025 1155.341902
44022462 1157.045322
44020590 1158.753106
44018870 1160.449918
44016342 1162.157675
44015678 1163.849255
44015114 1165.552841
44011538 1167.245208
44010995 1168.934019
44009682 1170.631691
44005445 1172.319816
44004020 1174.022081
43999453 1175.723043
43998849 1177.428558
43998276 1179.157206
43997028 1180.868824
43993372 1182.549712
43992319 1184.241706
43981880 1185.929810
43981573 1187.622546
43977625 1189.310145
43976765 1190.997682
43976256 1192.679405
43974755 1194.380732
43974031 1196.067408
43972911 1197.772382
43971570 1199.464275
43971107 1201.161022
43970216 1202.848593
43966211 1204.553737
43960812 1206.242836
43956267 1207.920898
43953581 1209.597577
43952887 1211.303234
43947776 1212.990133
43946435 1214.686005
43945496 1216.379791
43943316 1218.088074
43941412 1219.785800
43940758 1221.475567
43929951 1223.169883
43929482 1224.871912
43928077 1226.557133
43927987 1228.241229
43927526 1229.916404
43926647 1231.599931
43923881 1233.291986
43923076 1234.987534
43923026 1236.664922
43922669 1238.355080
43922163 1240.024894
43920218 1241.689562
43917518 1243.375419
43916198 1245.048882
43915713 1246.742048
43913777 1248.423353
43912522 1250.099267
43910902 1251.795251
43910462 1253.474201
43909620 1255.146629
43908755 1256.816147
43908235 1258.497094
43906366 1260.175320
43905211 1261.836517
43903688 1263.495595
43899215 1265.144396
43897629 1266.827876
43897023 1268.511881
43896615 1270.195829
43896415 1271.857710
43894507 1273.532091
43893561 1275.201051
43891764 1276.873495
43890775 1278.571379
43890634 1280.235144
43885446 1281.915244
43869863 1283.574254
43869254 1285.230679
43868510 1286.897350
43867718 1288.552642
43865865 1290.241701
43864070 1291.916240
43863200 1293.585752
43862576 1295.263434
43861512 1296.930218
43859587 1298.582766
43857372 1300.259872
43857172 1301.913646
43856514 1303.576365
43855646 1305.229605
43854658 1306.896692
43854250 1308.545786
43853554 1310.211074
43852774 1311.870932
43845352 1313.543537
43844876 1315.196950
43844238 1316.839553
43843949 1318.511599
43842593 1320.149353
43842448 1321.819961
43842196 1323.488343
43841847 1325.153662
43839847 1326.806274
43837610 1328.464100
43833468 1330.104712
43830727 1331.754230
43827948 1333.420728
43777973 1335.067401
43776930 1336.724820
43776501 1338.376791
43775366 1340.046732
43775136 1341.709020
43774921 1343.366137
43774813 1345.013598
43774140 1346.684033
43773030 1348.327331
43772249 1349.996011
43771781 1351.642397
43771459 1353.290509
43770343 1354.934769
43768733 1356.577484
43768632 1358.231827
43768113 1359.880814
43766138 1361.547668
43765517 1363.209611
43763981 1364.865787
43763234 1366.525449
43761805 1368.158948
43760451 1369.799901
43755160 1371.456492
43754451 1373.112536
43753297 1374.765026
43752938 1376.408476
43752052 1378.042582
43751757 1379.676960
43748150 1381.306822
43746122 1382.941219
43744585 1384.581186
43743764 1386.233104
43737452 1387.889223
43729481 1389.521795
43728922 1391.166714
43727792 1392.827110
43685212 1394.457882
43684874 1396.092783
43678909 1397.720057
43676884 1399.347619
43676165 1400.962352
43675687 1402.595044
43674256 1404.229081
43656030 1405.865220
43655650 1407.498288
43654963 1409.134599
43650246 1410.777067
43650215 1412.404823
43647731 1414.024270
43645553 1415.638651
43645097 1417.274858
43644130 1418.924360
43643428 1420.553272
43642321 1422.196530
43641564 1423.842107
43641464 1425.467912
43637260 1427.090115
43637102 1428.738404
43636009 1430.364449
43633029 1431.979800
43631006 1433.616882
43630798 1435.250652
43630537 1436.911363
43629729 1438.542230
43629214 1440.163555
43628739 1441.798724
43628118 1443.423098
43627626 1445.046681
43626498 1446.681150
43625661 1448.313705
43624072 1449.946836
43623318 1451.561497
43622071 1453.187811
43621463 1454.809591
43620165 1456.456844
43619681 1458.067331
43618885 1459.680876
43617054 1461.300579
43615629 1462.923548
43615318 1464.551352
43615043 1466.162674
43614472 1467.783935
43612499 1469.408949
43610208 1471.026794
43609411 1472.648239
43608754 1474.278042
43608119 1475.895179
43607674 1477.528130
43606369 1479.147623
43604159 1480.754583
43600986 1482.392279
43600481 1482.392284
43600325 1484.013149
43598977 1484.013153
43598807 1485.618720
43592567 1487.239522
43592239 1488.877579
43590665 1490.487716
43589080 1492.108412
43587429 1493.721765
43587070 1495.321713
43586573 1496.923227
43585613 1498.547487
43583225 1500.177003
43582865 1501.792632
43582564 1503.407341
43582521 1503.407345
43582225 1505.013703
43581921 1505.013707
43581051 1506.629676
43580239 1508.229147
43578135 1509.844958
43576915 1511.461053
43576661 1513.067187
43571778 1514.672677
43571703 1516.279917
43567915 1517.887122
43567760 1519.495535
43566526 1521.101269
43566292 1522.700985
43564971 1524.316123
43547590 1525.928914
43544823 1527.530248
43543762 1529.162127
43543750 1530.774475
43543006 1532.381969
43542839 1533.988715
43542627 1535.607238
43541847 1537.222648
43541075 1538.842364
43539843 1540.431443
43539830 1542.032484
43539639 1543.633167
43538753 1545.223503
43538262 1546.833464
43537793 1548.458241
43535879 1550.051900
43533487 1551.643468
43533209 1553.245105
43531949 1554.839775
43531924 1556.449876
43531881 1558.053877
43531202 1559.666816
43530364 1561.281959
43530356 1562.882113
43530090 1564.466675
43529186 1566.052605
43528481 1567.658096
43527055 1569.256181
43526133 1570.878795
43524288 1572.485269
43520226 1574.077906
43518314 1575.667510
43517051 1577.246720
43515445 1578.843441
43515267 1580.456673
43514914 1582.057764
43514848 1583.654112
43513712 1585.260536
43509410 1586.852383
43508830 1588.445182
43508131 1590.027432
43507408 1591.601854
43507243 1593.200642
43501980 1593.200646
43501696 1594.798513
43501693 1596.385457
43500871 1597.972887
43500420 1599.550391
43500367 1601.139667
43499721 1602.735041
43499005 1604.332969
43498904 1605.929865
43497536 1607.527874
43497171 1609.105117
43496651 1610.717297
43496191 1610.717302
43495063 1612.281916
43492800 1613.888664
43492385 1615.489961
43492289 1617.086603
43491736 1617.086607
43491627 1618.665611
43491567 1618.665616
43491174 1620.255503
43491159 1620.255507
43490980 1621.847081
43490692 1621.847086
43490390 1623.431843
43490234 1625.025370
43490012 1625.025374
43489849 1626.600289
43488469 1626.600293
43486718 1628.198421
43485786 1629.776857
43485381 1631.373141
43485189 1632.970542
43485129 1634.569178
43481496 1636.146550
43480730 1637.718473
43480288 1639.313652
43480086 1640.896260
43480061 1642.495085
43477078 1644.084338
43475722 1645.666844
43474530 1647.233785
43473721 1648.792546
43473496 1650.373155
43471216 1651.973097
43470801 1653.554788
43469846 1655.133799
43468503 1656.708077
43467924 1658.266082
43466163 1659.860925
43465059 1661.460129
43464567 1663.036651
43464507 1664.610555
43464454 1666.186236
43463228 1667.768576
43462596 1669.345915
43462455 1670.910892
43462224 1672.483799
43461243 1674.055790
43460662 1675.622285
43458852 1677.198464
43457351 1678.783519
43457003 1680.374265
43456310 1681.945514
43456189 1683.506564
43455929 1685.072510
43455784 1686.628333
43455378 1686.628337
43452800 1688.208437
43452035 1689.765586
43451708 1691.345759
43451003 1692.905934
43450226 1692.905938
43449406 1694.482942
43448604 1696.044870
43448269 1696.044874
43448165 1697.637014
43447354 1697.637018
43446975 1699.196130
43446762 1700.761006
43445974 1700.761010
43444764 1702.336497
43443400 1703.911864
43442822 1703.911868
43441626 1705.484028
43441328 1707.067609
43440885 1708.633090
43439935 1710.198353
43439223 1711.780129
43439102 1713.339388
43439076 1714.912245
43438382 1716.470334
43438055 1718.025505
43438016 1719.591036
43437336 1719.591039
43436846 1721.166595
43435511 1721.166599
43433230 1722.743339
43433202 1724.315727
43433059 1725.885495
43432275 1727.439375
43432128 1729.006153
43431039 1730.576835
43430817 1732.155583
43430799 1732.155586
43430395 1733.723673
43429889 1735.280734
43425553 1735.280739
43424906 1736.848859
43424340 1738.406712
43424118 1739.975056
43420145 1741.534958
43420114 1743.081739
43419694 1744.642613
43419301 1744.642618
43418076 1746.192526
43417761 1747.756057
43417416 1747.756062
43416958 1749.307064
43416301 1750.863571
43414261 1750.863575
43413897 1752.433188
43413710 1753.983684
43413108 1755.540351
43411799 1757.109615
43411438 1758.661377
43410762 1760.219426
43410706 1761.790117
43410560 1763.354317
43410513 1764.899814
43410304 1764.899819
43409749 1766.456888
43409352 1766.456892
43409093 1768.020559
43408690 1769.602732
43407926 1769.602736
43407779 1771.163463
43407471 1771.163468
43403729 1772.709689
43402519 1774.274313
43402298 1774.274317
43401507 1775.829291
43400962 1777.382355
43400020 1778.928445
43399475 1780.486353
43399200 1782.040069
43398164 1783.588176
43397286 1785.124041
43396198 1786.686568
43394899 1788.245310
43394623 1789.817050
43393938 1791.381926
43393738 1792.936950
43389111 1794.487219
43387225 1796.036813
43386943 1797.592353
43385876 1799.137565
43385655 1800.684136
43384531 1802.255195
43384269 1803.810913
43384185 1805.359352
43382158 1806.900532
43367849 1808.440852
43366935 1809.994401
43366398 1811.546755
43366060 1813.101375
43365998 1814.631730
43365397 1816.185845
43364687 1817.728980
43364548 1819.257948
43352985 1819.257952
43352742 1820.802336
43349213 1822.354071
43349072 1823.916178
43348079 1825.470862
43347474 1827.016399
43342324 1828.557844
43341656 1830.124898
43340458 1831.690177
43300318 1833.241999
43299840 1834.790056
43299372 1836.336890
43294172 1837.878949
43294063 1839.443966
43293727 1840.992538
43292276 1842.534912
43291528 1844.097662
43290729 1845.653604
43290172 1847.195700
43290080 1848.738661
43287613 1850.304744
43287437 1851.853913
43284511 1853.397574
43284052 1854.958184
43282932 1856.505299
43282116 1858.043478
43281619 1859.573229
43281595 1861.110346
43281269 1862.656502
43280778 1864.189101
43280126 1865.730605
43279858 1867.282700
43279850 1868.831451
43279671 1870.390399
43277852 1871.919438
43277638 1873.454274
43277608 1874.994239
43276395 1876.541342
43276097 1878.072372
43275791 1879.631007
43275630 1881.174768
43275271 1882.718345
43272369 1884.269556
43266340 1885.819717
43265980 1887.356810
43264558 1888.895763
43264335 1890.439199
43263890 1891.977850
43263146 1893.519801
43256978 1895.058716
43256553 1896.583012
43255167 1898.152191
43254441 1899.679104
43254317 1901.207653
43253618 1902.729542
43252590 1904.255905
43250951 1905.800823
43250252 1907.339203
43249944 1908.876900
43249888 1910.408520
43249822 1911.945961
43249253 1913.461873
43248888 1914.996168
43247259 1916.540178
43246603 1918.082997
43245666 1919.616758
43243599 1921.154715
43242498 1922.674319
43242079 1924.215223
43241879 1925.751169
43241264 1927.276631
43240974 1928.819282
43240538 1930.363003
43238779 1931.900174
43238162 1933.442373
43233301 1934.983023
43233267 1936.516437
43232821 1938.052949
43232743 1939.583438
43232560 1941.114359
43232318 1942.632779
43232250 1944.164470
43231780 1945.691562
43230591 1947.218147
43230323 1948.756909
43229777 1950.282624
43227684 1951.806495
43226891 1953.340375
43226185 1954.860795
43225729 1956.387928
43225095 1957.921793
43224539 1959.440573
43223626 1960.982539
43222837 1962.493917
43222527 1964.025076
43221707 1965.565863
43221505 1967.093904
43220791 1968.607778
43220385 1970.140796
43220356 1971.651183
43220264 1973.154484
43218331 1974.683244
43218108 1976.200088
43217540 1977.715413
43216814 1979.245990
43214722 1980.766892
43214166 1982.283126
43214083 1983.822105
43213097 1985.347364
43212634 1986.879319
43212490 1988.392644
43211309 1989.898244
43210943 1991.401748
43210295 1992.933540
43204847 1994.463960
43203762 1995.995326
43203416 1997.524970
43198297 1999.067534
43198246 2000.595080
43197807 2002.116569
43197790 2003.638190
43196698 2005.150739
43196419 2006.685551
43196334 2008.202304
43196114 2009.713009
43195875 2011.244751
43195867 2012.748571
43195302 2014.272034
43194249 2015.780860
43193740 2017.281907
43193704 2018.781170
43193081 2020.295099
43192635 2021.812845
43192564 2023.317948
43189636 2024.828044
43189187 2026.349008
43187711 2027.866898
43187374 2029.386755
43186828 2030.903967
43186436 2032.425694
43186261 2033.938768
43186030 2035.447600
43185957 2036.956604
43185672 2038.473849
43179799 2039.987725
43178746 2041.504086
43178087 2043.020800
43176729 2044.526163
43175271 2046.027587
43174954 2047.526934
43174687 2049.034295
43174438 2050.549543
43171248 2052.051626
43169267 2053.565783
43169170 2055.081847
43167973 2056.588545
43166807 2058.107288
43166633 2059.596802
43165884 2061.099781
43165416 2062.601068
43163633 2064.118690
43163597 2065.639793
43163575 2067.147410
43162771 2068.664577
43162197 2070.178346
43161054 2071.671830
43160863 2073.179765
43160571 2074.679915
43158294 2076.180985
43158245 2077.709166
43157583 2079.218973
43156261 2080.732007
43156063 2082.238750
43151883 2083.740423
43150007 2085.239938
43149824 2086.747705
43147386 2088.256232
43146989 2089.766511
43146841 2091.263108
43146187 2092.786270
43145934 2094.297626
43145289 2095.803535
43144131 2097.309639
43143623 2098.801757
43143543 2100.310723
43143505 2101.799763
43142839 2103.300464
43130745 2104.805561
43128958 2106.319882
43128199 2107.819408
43127709 2109.319287
43125979 2110.825398
43120019 2112.325573
43119327 2113.858271
43119010 2115.373314
43118015 2116.861302
43117951 2118.352193
43117479 2119.851886
43117396 2121.361181
43117357 2122.871896
43116874 2124.382484
43115481 2125.872652
43114920 2127.371180
43114545 2128.883213
43110570 2130.383536
43110074 2131.867846
43109407 2133.371035
43108827 2134.879835
43108812 2136.378217
43108604 2137.881043
43108451 2139.391052
43108199 2140.888654
43108022 2142.377918
43107793 2143.882788
43106004 2145.394432
43105920 2146.894824
43104551 2148.393092
43104532 2149.895044
43104211 2151.391301
43103933 2152.903318
43103135 2154.398120
43102192 2155.902948
43101127 2157.387287
43099380 2158.893313
43099290 2160.383449
43098824 2161.882118
43098036 2163.369427
43094851 2164.869814
43094131 2166.363925
43093676 2167.874225
43093232 2169.380870
43090513 2170.893930
43090421 2172.388302
43089318 2173.888450
43084030 2175.374803
43082945 2176.867717
43082587 2178.366190
43081789 2179.866018
43080943 2181.364567
43075966 2182.867072
43075955 2184.367337
43074971 2185.863731
43074718 2187.346433
43072537 2188.839074
43071517 2190.342427
43070558 2191.825937
43069779 2193.319858
43069262 2194.819131
43067976 2196.324803
43067821 2197.840310
43059447 2199.336414
43059276 2200.840173
43058993 2202.349310
43058436 2203.836979
43058170 2205.335050
43057211 2206.834791
43057154 2208.347797
43056788 2209.856578
43056684 2211.357034
43055761 2212.861879
43055713 2214.351603
43055683 2215.835262
43055514 2217.336836
43054668 2218.838237
43053413 2220.338899
43052813 2221.848429
43052660 2223.341181
43049666 2224.827138
43048658 2226.319297
43048579 2227.809635
43048293 2229.305634
43047889 2230.803678
43047511 2232.307878
43046713 2233.801693
43046676 2235.310025
43045205 2236.813618
43045158 2238.315361
43036242 2239.822813
43036125 2241.334331
43033443 2242.834335
43032777 2244.328344
43032622 2245.830214
43031023 2247.316844
43030441 2248.812969
43030345 2250.317691
43030023 2251.812436
43029996 2253.310447
43029684 2254.814098
43029626 2256.291683
43028265 2257.780153
43027492 2259.274578
43027481 2260.785184
43027155 2262.273741
43025957 2263.770268
43025799 2265.273828
43025483 2266.770386
43025371 2268.259372
43025266 2269.751842
43024291 2271.254175
43023687 2272.749114
43023201 2274.228217
43022852 2275.707788
43021090 2277.202302
43021016 2278.697845
43020084 2280.195965
43019498 2281.691054
43019058 2283.185297
43016345 2284.677070
43014221 2286.168870
43012846 2287.658416
43011347 2289.149775
43010957 2290.655350
43010166 2292.152839
43010086 2293.649901
43010084 2295.149209
43008683 2296.646292
43005217 2298.136154
43004274 2299.631476
43003932 2301.118354
43000940 2302.612065
43000881 2304.109788
43000364 2305.617711
42997894 2307.090648
42996373 2308.584276
42993248 2310.073628
42992143 2311.554946
42991099 2313.061437
42990194 2314.562561
42989888 2316.062969
42988433 2317.552984
42986932 2319.050612
42986772 2320.531990
42986203 2322.025991
42985704 2323.510804
42985324 2324.994825
42984368 2326.484339
42984311 2327.974583
42984201 2329.464996
42980715 2330.950054
42979346 2332.448923
42978084 2333.951675
42977987 2335.430389
42977756 2336.911714
42977456 2338.384942
42976888 2339.868901
42976693 2341.356592
42972428 2342.825040
42972048 2344.317589
42972040 2345.816794
42972000 2347.297707
42971638 2348.763775
42970841 2350.239405
42970833 2351.724242
42970659 2353.215178
42970633 2354.712187
42970312 2356.208971
42967333 2357.687061
42965675 2359.172503
42965140 2360.646638
42964055 2362.128177
42964001 2363.609736
42963225 2365.080728
42963219 2366.563490
42963021 2368.037717
42963013 2369.525171
42962938 2371.003613
42962677 2372.486913
42962577 2373.977662
42962337 2375.471360
42961048 2376.953698
42960991 2378.419712
42960761 2379.906587
42960584 2381.390974
42957929 2382.881919
42954705 2384.364390
42952783 2385.868088
42948692 2387.339096
42948021 2388.820968
42947846 2390.300061
42946959 2391.797295
42946311 2393.272110
42945644 2394.746746
42945081 2396.223160
42943141 2397.708533
42942986 2399.181138
42942348 2400.650210
42941878 2402.136692
42941771 2403.596852
42935638 2405.077733
42935442 2406.566131
42935340 2408.052260
42932476 2409.521515
42931990 2411.021809
42931597 2412.512907
42931547 2413.986938
42931458 2415.459219
42929099 2416.947081
42928702 2418.424118
42925805 2419.897375
42925599 2421.386892
42925467 2422.866932
42924540 2424.361793
42922199 2425.837287
42921796 2427.317367
42920408 2428.781934
42920250 2430.258557
42920229 2431.730851
42910951 2433.216598
42909067 2434.687188
42908323 2436.132424
42908097 2437.618460
42907192 2439.084516
42907126 2440.568045
42907078 2442.037846
42906089 2443.520149
42906024 2444.999744
42905404 2446.473506
42904433 2447.939304
42904010 2449.406930
42901709 2450.901902
42899636 2452.369567
42899627 2453.842058
42899450 2455.313906
42899024 2456.784197
42896516 2458.250827
42895814 2459.720686
42895204 2461.208724
42890327 2462.697193
42889356 2464.178532
42887955 2465.660605
42887890 2467.117350
42886908 2468.591146
42884756 2470.072899
42883891 2471.552276
42883624 2473.024729
42882895 2474.502767
42882556 2475.969457
42881313 2477.444480
42878101 2478.944645
42877994 2480.442207
42877978 2481.917979
42877743 2483.400659
42877206 2484.877408
42877199 2486.360747
42876655 2487.825937
42876164 2489.315323
42875678 2490.785262
42874750 2492.270466
42872294 2493.753565
42871361 2495.237337
42870389 2496.720868
42870205 2498.195190
42865732 2499.665800
42865058 2501.144018
42864570 2502.605498
42864165 2504.069863
42863285 2505.536544
42862818 2507.008153
42859392 2508.490746
42856069 2509.947690
42854559 2511.420386
42854168 2512.902566
42853436 2514.379380
42853056 2515.868047
42852685 2517.338816
42851708 2518.817857
42851273 2520.295888
42851206 2521.770962
42851174 2523.260863
42849158 2524.747333
42847221 2526.210812
42847218 2527.691339
42842567 2529.156217
42838988 2530.637280
42837205 2532.123524
42836344 2533.603333
42835293 2535.066008
42835202 2536.550968
42833488 2538.027910
42833461 2539.490435
42832304 2540.973037
42831216 2542.451514
42829206 2543.918657
42828159 2545.387926
42827762 2546.872976
42827094 2548.353379
42826593 2549.829063
42826339 2551.306777
42826301 2552.782504
42826264 2554.251170
42825607 2555.722347
42825180 2557.196258
42823622 2558.684183
42822268 2560.155338
42822159 2561.629809
42811342 2563.094203
42810602 2564.561496
42810320 2566.036416
42809017 2567.507299
42804466 2568.990828
42803209 2570.466511
42802198 2571.956720
42802020 2573.425066
42801961 2574.891873
42801638 2576.373445
42801572 2577.853396
42801244 2579.321834
42799643 2580.792406
42799305 2582.261040
42799282 2583.742148
42798255 2585.209311
42796327 2586.652928
42796206 2588.123486
42795333 2589.588481
42794189 2591.063943
42792745 2592.535646
42791871 2594.012491
42791847 2595.494743
42791656 2596.967170
42791577 2598.445449
42791542 2599.913598
42790550 2601.399943
42788574 2602.869842
42788356 2604.339117
42788193 2605.820299
42784669 2607.280309
42784504 2608.767250
42783136 2610.247743
42783111 2611.709614
42782085 2613.188238
42778519 2614.671499
42774649 2616.142363
42771192 2617.614982
42770349 2619.092812
42769355 2620.551419
42768632 2622.024339
42768398 2623.494492
42768135 2624.978492
42767880 2626.460476
42767337 2627.942195
42766710 2629.417539
42766548 2630.890244
42766476 2632.367423
42765315 2633.860356
42765162 2635.330151
42764141 2636.800430
42763959 2638.276681
42758216 2639.744252
42758130 2641.218286
42756555 2642.685527
42755915 2644.150937
42755063 2645.621628
42755051 2647.090431
42754733 2648.561325
42753686 2650.037519
42753171 2651.517726
42752163 2652.990590
42751988 2654.471923
42751844 2655.954201
42750341 2657.423347
42749659 2658.890879
42749653 2660.362567
42748531 2661.848082
42747313 2663.329941
42746973 2664.801432
42744620 2666.285146
42744588 2667.752280
42744452 2669.226116
42742980 2670.699522
42739883 2672.165961
42738086 2673.637625
42734725 2675.093819
42734429 2676.563485
42734018 2678.027030
42733775 2679.487949
42732766 2680.963463
42732750 2682.417603
42731163 2683.883700
42729167 2685.349664
42728632 2686.819174
42728331 2688.274052
42726762 2689.756522
42726007 2691.224102
42725598 2692.696413
42725193 2694.161216
42720379 2695.626760
42720000 2697.098861
42719060 2698.577759
42716565 2700.063138
42716554 2701.526481
42714063 2703.021631
42713447 2704.497666
42712659 2705.946882
42711834 2707.417264
42711274 2708.881613
42709808 2710.345156
42709588 2711.818221
42706313 2713.290490
42705875 2714.756118
42705336 2716.221538
42704814 2717.688209
42704030 2719.159066
42703771 2720.628296
42701694 2722.102491
42699301 2723.565000
42697149 2725.022996
42695808 2726.488613
42695774 2727.956496
42695716 2729.430072
42695710 2730.903888
42695624 2732.365439
42695198 2733.842772
42693445 2735.310726
42693283 2736.780001
42691290 2738.238403
42689882 2739.703880
42688908 2741.165043
42687413 2742.642886
42687298 2744.114334
42686476 2745.596438
42685771 2747.061313
42683543 2748.515874
42682372 2749.965792
42681144 2751.441663
42681117 2752.897829
42680638 2754.362438
42680630 2755.825407
42680196 2757.287499
42680080 2758.769390
42677920 2760.230447
42677496 2761.700603
42677372 2763.159336
42676147 2764.640735
42675681 2766.105396
42672075 2767.570041
42671751 2769.039831
42671544 2770.530382
42668931 2771.996556
42668842 2773.464487
42668732 2774.930175
42668660 2776.408249
42668650 2777.892720
42667083 2779.358671
42667069 2780.831285
42666682 2782.288098
42666536 2783.749291
42665436 2785.223397
42663928 2786.694171
42663159 2788.170217
42663112 2789.645680
42662722 2791.100282
42662051 2792.567763
42661422 2794.047675
42660762 2795.517960
42660299 2797.000544
42658907 2798.471487
42658041 2799.945323
42655232 2801.406616
42655099 2802.872517
42654859 2804.344638
42653550 2805.829442
42651801 2807.301133
42651591 2808.763770
42649767 2810.253390
42647413 2811.716212
42647223 2813.193337
42646381 2814.652213
42644296 2816.108282
42640561 2817.585576
42636576 2819.045162
42636520 2820.520564
42630436 2821.992753
42630250 2823.468324
42628962 2824.956960
42628855 2826.413141
42628803 2827.886311
42627363 2829.365544
42624592 2830.841792
42621784 2832.318788
42621496 2833.799401
42620912 2835.267657
42620630 2836.727988
42620489 2838.210287
42617318 2839.676636
42613412 2841.158079
42613186 2842.618224
42612327 2844.079230
42612196 2845.556348
42611356 2847.045013
42611097 2848.520548
42610890 2849.979229
42610646 2851.451383
42610440 2852.921302
42610110 2854.372397
42609928 2855.844416
42608596 2857.295818
42608295 2858.767035
42607192 2860.236470
42605693 2861.701513
42605629 2863.162030
42605578 2864.609495
42605572 2866.063465
42605251 2867.541606
42601095 2869.004463
42600436 2870.484732
42600288 2871.955642
42600014 2873.425861
42599656 2874.882792
42596832 2876.344057
42596686 2877.798578
42596432 2879.285386
42594548 2880.744464
42592108 2882.208621
42591534 2883.673315
42590419 2885.135217
42590010 2886.608658
42589795 2888.068437
42589454 2889.541442
42586679 2891.008874
42586544 2892.473225
42586005 2893.951026
42585997 2895.425791
42585229 2896.920535
42584079 2898.401219
42581956 2899.873506
42581776 2901.342541
42580070 2902.804757
42579770 2904.282491
42579752 2905.746637
42577969 2907.210686
42577691 2908.676899
42577600 2910.150419
42576866 2911.624782
42576546 2913.093235
42576276 2914.566922
42572979 2916.041051
42572676 2917.510059
42572296 2918.986599
42572181 2920.461546
42571541 2921.925641
42570900 2923.389602
42570841 2924.855944
42568729 2926.329783
42568557 2927.802270
42567567 2929.278293
42567176 2930.753633
42567098 2932.220792
42566789 2933.682373
42564056 2935.156360
42563890 2936.619345
42563487 2938.101908
42562541 2939.588479
42561353 2941.053800
42560924 2942.519878
42560623 2943.981198
42559642 2945.465525
42559131 2946.948861
42555361 2948.428461
42555065 2949.905464
42554547 2951.380543
42554479 2952.855004
42553875 2954.334321
42553683 2955.803338
42553460 2957.286952
42552238 2958.771575
42551294 2960.239488
42550877 2961.720475
42550245 2963.188751
42549892 2964.661512
42547065 2966.135742
42546302 2967.609970
42545630 2969.087147
42542434 2970.565514
42541260 2972.031382
42541250 2973.501722
42537976 2974.965587
42536635 2976.438633
42536366 2977.911909
42535395 2979.382163
42533048 2980.870975
42532522 2982.331600
42532163 2983.805386
42528878 2985.271714
42526101 2986.737389
42524728 2988.204969
42523987 2989.686034
42523811 2991.163596
42520531 2992.635083
42520424 2994.092514
42519732 2995.574694
42519183 2997.043605
42519076 2998.508173
42518960 2999.997606
42518587 3001.466253
42518173 3002.940727
42517919 3004.407049
42517173 3005.873104
42516698 3007.345991
42515734 3008.814127
42515534 3010.298480
42513039 3011.769591
42512107 3013.237171
42510374 3014.707966
42510367 3016.191125
42509789 3017.670855
42509541 3019.147361
42509435 3020.626252
42508900 3022.104754
42508788 3023.583710
42507437 3025.064210
42505832 3026.546663
42505237 3028.032605
42505005 3029.508262
42504711 3030.972577
42504202 3032.441600
42499130 3033.912935
42494994 3035.379491
42493496 3036.851090
42493424 3038.311759
42493393 3039.772255
42492211 3041.242729
42490771 3042.723713
42490688 3044.210566
42490364 3045.682363
42487804 3047.160971
42487642 3048.618334
42484064 3050.101770
42483983 3051.578844
42483843 3053.066090
42483298 3054.538982
42483212 3056.017647
42482850 3057.497975
42482697 3058.985600
42481474 3060.470034
42481142 3061.943454
42476994 3063.412443
42476847 3064.899839
42471629 3066.367310
42469774 3067.838491
42469404 3069.308898
42467007 3070.789903
42466935 3072.249668
42466159 3073.724282
42465835 3075.195260
42464761 3076.679748
42464255 3078.158222
42462953 3079.634540
42462755 3081.108093
42462411 3082.572825
42462114 3084.063806
42461930 3085.544761
42456019 3087.016857
42455710 3088.491351
42455683 3089.968223
42455342 3091.450555
42455008 3092.928678
42452975 3094.398420
42452046 3095.879396
42450702 3097.369738
42449572 3098.850051
42446962 3100.331697
42446292 3101.806926
42445579 3103.287642
42445556 3104.777207
42445007 3106.263646
42443033 3107.749331
42442188 3109.226374
42442151 3110.705348
42438546 3112.186407
42438504 3113.655366
42438413 3115.130045
42438362 3116.611622
42438314 3118.101832
42438149 3119.593670
42437950 3121.054513
42437490 3122.540494
42436838 3124.015755
42435748 3125.493899
42435639 3126.973116
42435244 3128.455541
42435059 3129.916848
42429934 3131.384402
42427896 3132.865880
42426920 3134.338341
42425583 3135.820183
42425319 3137.305078
42424279 3138.794015
42424146 3140.265254
42422589 3141.749122
42421512 3143.237351
42421021 3144.733820
42420040 3146.211338
42419013 3147.684588
42417432 3149.162198
42416943 3150.635654
42415466 3152.120417
42415104 3153.615326
42414943 3155.102437
42413922 3156.562854
42412100 3158.023920
42411960 3159.506744
42410860 3160.971366
42410097 3162.465176
42409970 3163.937974
42409652 3165.413903
42408909 3166.891926
42408039 3168.380624
42407667 3169.861624
42404867 3171.346857
42404711 3172.835404
42404528 3174.319351
42403184 3175.813231
42402194 3177.298481
42401019 3178.770632
42397573 3180.271638
42395755 3181.755673
42395713 3183.239855
42394854 3184.718934
42392433 3186.198726
42391639 3187.679863
42390262 3189.166370
42389496 3190.656410
42388869 3192.131430
42387456 3193.605522
42386723 3195.086637
42386222 3196.573272
42384537 3198.061740
42384409 3199.549905
42383851 3201.026368
42382121 3202.509791
42380917 3203.996190
42380777 3205.472746
42380035 3206.947528
42379596 3208.430612
42377695 3209.906268
42377679 3211.396233
42375100 3212.881061
42373703 3214.346988
42373405 3215.824472
42373064 3217.312849
42372903 3218.801725
42370777 3220.273996
42369447 3221.745248
42368247 3223.237042
42368237 3224.710079
42364874 3226.198586
42363807 3227.676580
42357547 3229.169174
42357317 3230.644257
42356927 3232.137099
42356818 3233.624171
42356427 3235.124593
42356204 3236.605360
42355815 3238.100706
42355548 3239.581636
42355528 3241.059517
42355390 3242.536247
42353340 3244.016967
42352921 3245.503869
42352583 3246.994934
42351653 3248.475498
42351431 3249.964136
42351328 3251.458145
42351128 3252.941291
42350820 3254.419923
42350133 3255.918908
42349894 3257.410082
42349602 3258.890693
42347365 3260.368437
42345962 3261.848003
42344266 3263.328866
42341507 3264.802213
42340115 3266.285120
42339416 3267.766883
42339210 3269.258890
42337476 3270.749830
42337125 3272.252476
42336593 3273.732239
42334772 3275.208939
42334543 3276.703868
42333400 3278.182103
42332755 3279.663865
42331188 3281.137112
42327244 3282.627055
42326977 3284.106277
42326865 3285.609642
42324104 3287.102982
42322971 3288.586575
42322378 3290.073349
42322309 3291.548926
42321900 3293.038693
42321763 3294.521878
42319754 3296.026514
42319128 3297.507725
42318361 3298.987749
42315530 3300.470683
42314027 3301.973116
42312749 3303.468003
42310421 3304.952837
42310252 3306.435189
42308626 3307.933327
42308497 3309.425997
42308488 3310.916950
42308482 3312.400812
42307696 3313.886872
42307406 3315.380243
42305684 3316.885493
42303610 3318.372611
42303031 3319.858473
42301058 3321.356601
42299574 3322.858971
42298878 3324.358140
42298807 3325.857011
42298108 3327.338351
42298050 3328.818535
42297437 3330.311608
42296782 3331.781921
42295333 3333.275791
42294865 3334.785468
42294784 3336.270695
42294486 3337.759547
42293427 3339.239726
42291570 3340.731239
42291523 3342.225660
42290669 3343.716104
42290330 3345.200059
42289184 3346.690706
42288742 3348.164701
42286999 3349.672753
42286805 3351.167585
42285340 3352.653980
42284639 3354.149528
42284120 3355.643546
42282718 3357.118063
42280579 3358.614475
42280116 3360.115467
42276032 3361.609930
42274658 3363.096069
42273570 3364.580662
42273087 3366.069468
42270546 3367.555521
42269354 3369.048708
42269033 3370.534819
42268742 3372.021529
42268466 3373.509459
42268410 3375.011994
42267299 3376.501028
42264370 3377.991793
42263547 3379.479743
42263538 3380.979272
42260621 3382.491738
42259981 3383.988389
42259251 3385.486647
42258290 3386.974209
42258196 3388.471517
42257756 3389.973011
42252241 3391.466108
42251973 3392.961903
42249946 3394.454361
42249549 3395.963874
42248778 3397.461752
42248757 3398.948673
42248737 3400.443938
42247847 3401.935799
42247820 3403.425726
42247487 3404.930538
42244683 3406.429332
42244669 3407.934944
42244366 3409.420579
42244083 3410.921239
42243850 3412.419968
42242933 3413.929899
42242399 3415.431653
42242109 3416.924812
42241752 3418.434071
42241691 3419.916826
42241523 3421.411707
42239962 3422.912224
42239316 3424.417912
42238881 3425.926035
42238438 3427.432853
42238380 3428.946049
42236684 3430.453947
42236217 3431.949045
42235663 3433.429239
42235384 3434.940994
42232828 3436.430634
42231744 3437.946770
42231641 3439.450539
42230078 3440.970824
42224309 3442.467774
42223430 3443.963496
42223338 3445.464045
42222142 3446.971116
42220868 3448.484051
42220500 3449.985898
42220476 3451.477628
42219499 3452.975706
42219332 3454.497133
42219193 3456.016359
42218475 3457.526288
42217359 3459.040968
42216414 3460.548159
42216402 3462.073710
42216037 3463.573729
42215251 3465.067459
42213862 3466.571163
42212928 3468.070755
42212697 3469.571230
42210160 3471.088494
42208362 3472.590018
42207707 3474.097497
42207597 3475.612791
42206006 3477.134340
42204531 3478.639098
42202102 3480.157728
42199966 3481.665517
42198535 3483.171303
42195643 3484.668715
42194692 3486.173132
42194446 3487.682311
42194022 3489.205037
42193940 3490.704400
42193549 3492.209887
42192406 3493.721765
42191700 3495.244431
42190054 3496.762588
42189765 3498.284132
42189358 3499.782157
42189034 3501.285368
42188712 3502.784912
42187103 3504.294656
42186895 3505.821741
42183754 3507.326427
42183123 3508.826639
42182804 3510.340241
42182743 3511.845005
42182676 3513.362861
42182640 3514.894280
42181734 3516.398790
42178814 3517.908712
42177589 3519.407930
42176610 3520.918355
42176546 3522.418029
42175811 3523.929655
42175768 3525.445546
42175597 3526.949722
42175526 3528.468897
42173499 3529.985039
42172000 3531.495660
42171963 3533.010193
42170738 3534.525634
42169464 3536.033005
42168472 3537.534514
42168344 3539.046184
42167293 3540.561012
42167079 3542.081880
42166083 3543.594583
42165662 3545.103639
42164709 3546.608683
42164248 3548.119443
42161899 3549.618561
42161508 3551.135444
42161246 3552.635884
42160357 3554.165025
42156830 3555.679164
42156024 3557.194603
42155979 3558.727251
42154087 3560.239682
42152307 3561.748181
42151810 3563.263885
42150758 3564.771475
42148432 3566.288238
42147222 3567.797482
42145429 3569.329230
42145276 3570.855351
42144769 3572.370742
42143785 3573.889325
42142484 3575.389526
42141073 3576.911870
42140741 3578.418168
42136444 3579.938699
42135564 3581.447651
42133634 3582.955911
42132070 3584.487940
42129956 3586.013744
42129911 3587.529046
42129712 3589.042680
42128545 3590.575273
42128007 3592.092816
42127933 3593.605014
42127925 3595.126793
42127487 3596.644954
42126590 3598.162126
42125670 3599.675716
42124143 3601.202380
42123398 3602.725091
42122406 3604.236578
42121768 3605.758840
42121081 3607.275752
42120142 3608.786506
42118496 3610.305764
42117625 3611.831210
42109540 3613.348631
42108910 3614.869594
42108881 3616.376170
42107954 3617.900956
42107784 3619.418496
42105863 3620.939869
42105801 3622.459474
42104737 3623.987479
42104116 3625.501135
42101662 3627.018802
42101435 3628.532521
42101396 3630.049962
42100645 3631.571383
42099993 3633.083436
42099358 3634.612392
42098134 3636.132143
42097126 3637.645836
42096548 3639.178479
42094466 3640.705906
42093499 3642.212509
42092746 3643.734155
42091752 3645.264704
42091413 3646.802940
42089666 3648.316382
42089301 3649.843825
42088905 3651.376739
42088219 3652.898656
42088068 3654.430757
42088039 3655.965030
42087786 3657.475942
42086315 3659.010612
42084388 3660.547049
42084165 3662.067801
42082316 3663.585410
42080840 3665.102317
42080449 3666.630180
42079793 3668.142798
42079447 3669.668267
42077231 3671.199539
42076890 3672.724677
42074311 3674.247038
42072610 3675.769682
42071519 3677.300037
42070825 3678.834453
42070414 3680.365805
42070331 3681.895289
42068672 3683.429096
42067723 3684.955132
42067722 3686.463600
42067267 3687.996258
42066353 3689.528105
42065631 3691.056505
42065287 3692.594734
42065049 3694.122579
42063433 3695.644581
42062374 3697.180427
42062029 3698.724790
42061345 3700.259452
42060992 3701.801481
42060557 3703.318729
42059820 3704.845175
42059817 3706.370181
42058536 3707.900282
42057438 3709.428764
42057044 3710.968522
42056180 3712.497338
42056032 3714.020636
42054661 3715.554192
42052902 3717.072710
42052846 3718.606060
42051853 3720.125641
42049718 3721.668307
42048651 3723.206190
42048102 3724.733648
42047601 3726.277123
42045636 3727.812968
42045624 3729.339766
42045338 3730.868495
42045305 3732.400900
42045234 3733.953923
42044968 3735.489782
42044591 3737.043508
42044384 3738.576118
42044369 3740.099380
42043851 3741.643679
42043816 3743.175884
42043286 3744.723801
42040931 3746.252670
42040576 3747.775669
42040342 3749.304140
42039870 3750.844706
42039065 3752.371504
42037167 3753.906198
42036419 3755.450815
42036403 3756.996595
42033742 3758.532582
42033653 3760.073007
42033002 3761.603227
42032297 3763.160984
42031717 3764.700273
42029562 3766.226787
42029115 3767.779644
42028607 3769.320474
42028166 3770.861543
42027861 3772.403501
42026682 3773.922566
42026421 3775.453326
42026282 3777.008229
42024491 3778.545243
42022964 3780.098063
42022392 3781.639971
42021065 3783.195733
42020377 3784.716966
42017169 3786.250744
42016861 3787.782128
42015696 3789.339283
42013626 3790.876457
42012643 3792.408982
42012098 3793.951093
42011351 3795.504140
42010534 3797.040703
42010369 3798.586525
42009176 3800.123237
42008852 3801.665860
42008135 3803.199163
42006397 3804.732718
42005861 3806.275646
42005243 3807.819477
42004693 3809.369803
42004636 3810.900113
42002495 3812.448505
42001982 3813.994374
42000056 3815.536397
41999783 3817.096383
41999735 3818.640834
41994138 3820.187336
41993912 3821.714253
41992961 3823.241387
41991548 3824.793595
41990960 3826.329481
41990084 3827.863598
41988058 3829.419502
41987628 3830.966554
41987236 3832.496969
41984633 3834.031657
41984611 3835.568739
41984466 3837.106575
41984073 3838.658706
41982542 3840.188168
41981719 3841.724563
41980878 3843.286907
41980431 3844.816345
41980377 3846.369829
41980031 3847.916610
41979908 3849.460817
41979588 3850.997575
41979204 3852.543436
41976979 3854.101255
41976193 3855.631678
41976047 3857.173734
41974311 3858.715828
41973891 3860.264018
41972328 3861.825918
41971208 3863.388947
41971168 3864.937390
41971083 3866.488107
41969902 3868.052895
41969123 3869.601203
41968194 3871.146674
41966801 3872.701214
41966673 3874.245590
41966016 3875.801838
41965345 3877.366377
41963932 3878.919643
41963912 3880.462361
41962937 3882.022257
41961128 3883.571394
41961012 3885.121182
41957485 3886.680905
41953097 3888.235082
41952188 3889.797249
41948793 3891.346002
41948312 3892.899179
41946443 3894.460686
41945910 3896.015795
41944071 3897.577438
41943376 3899.140548
41942993 3900.686370
41941105 3902.232739
41940152 3903.789992
41939824 3905.341984
41939312 3906.898853
41937331 3908.437679
41936606 3909.999373
41934363 3911.566021
41934044 3913.119727
41933597 3914.670094
41932978 3916.224967
41931841 3917.772138
41931361 3919.332817
41930937 3920.897156
41929350 3922.453480
41929008 3923.994696
41928959 3925.543559
41928336 3927.110563
41928162 3928.663288
41927404 3930.218742
41926046 3931.771410
41925083 3933.331147
41924718 3934.884691
41924682 3936.446682
41921075 3938.014364
41920995 3939.565568
41920865 3941.125859
41919831 3942.677331
41919475 3944.233010
41919193 3945.798094
41918781 3947.356568
41918663 3948.904302
41918656 3950.467752
41915734 3952.021220
41913979 3953.584648
41911620 3955.152878
41910909 3956.717571
41910812 3958.280523
41910243 3959.835366
41908879 3961.391005
41907259 3962.952426
41906954 3964.533592
41905919 3966.088466
41901990 3967.658757
41901954 3969.236700
41900503 3970.790904
41899753 3972.376242
41896092 3973.928030
41894910 3975.485450
41894458 3977.055277
41892794 3978.618066
41892771 3980.177069
41892443 3981.729117
41892421 3983.297454
41892121 3984.856122
41891432 3986.427556
41891109 3987.995481
41889925 3989.553627
41888449 3991.121467
41887736 3992.689924
41886778 3994.254641
41886539 3995.821801
41885075 3997.394337
41884538 3998.968385
41883706 4000.532960
41882637 4002.086083
41880913 4003.657247
41880873 4005.217971
41879949 4006.782171
41879877 4008.342444
41878523 4009.902809
41877853 4011.474398
41877191 4013.036199
41875501 4014.602334
41874741 4016.176799
41873681 4017.748041
41873127 4019.325930
41873047 4020.898019
41872323 4022.472519
41871348 4024.047877
41870939 4025.632708
41869056 4027.197902
41868790 4028.762901
41868555 4030.312966
41864720 4031.879219
41863017 4033.461274
41862567 4035.033192
41862044 4036.619407
41861673 4038.190825
41859873 4039.765904
41859636 4041.317988
41858813 4042.902659
41858462 4044.471757
41857827 4046.055711
41857825 4047.630448
41857807 4049.198339
41856631 4050.767466
41856422 4052.354809
41855405 4053.931900
41854180 4055.517613
41853056 4057.109688
41852858 4058.691205
41851722 4060.258237
41851456 4061.849546
41846998 4063.433064
41844405 4064.981282
41842181 4066.553430
41840913 4068.117283
41839050 4069.697184
41838653 4071.263064
41838337 4072.854864
41836071 4074.429322
41835490 4076.015490
41832970 4077.580575
41832509 4079.151045
41832424 4080.720724
41831159 4082.291065
41830996 4083.873278
41830465 4085.463369
41830417 4087.040059
41830046 4088.620421
41829409 4090.190246
41828321 4091.776301
41827895 4093.382857
41827234 4094.970122
41825126 4096.549616
41825046 4098.136736
41823735 4099.737972
41823207 4101.309580
41821698 4102.899730
41820590 4104.474157
41819857 4106.045065
41819712 4107.621147
41819152 4109.217383
41818267 4110.792896
41817684 4112.383887
41816704 4113.968288
41816043 4115.556161
41815447 4117.141933
41814751 4118.726593
41813897 4120.322687
41813411 4121.914327
41813000 4123.515936
41811198 4125.113308
41810234 4126.705931
41809532 4128.300374
41809233 4129.899638
41808926 4131.481079
41808517 4133.059477
41807217 4134.642081
41806245 4136.223719
41804189 4137.801857
41803665 4139.387837
41802345 4140.970405
41801903 4142.564055
41800192 4144.146250
41799840 4145.722315
41799765 4147.291854
41799008 4148.871021
41797986 4150.462515
41796286 4152.057314
41796138 4153.654641
41795412 4155.251672
41792965 4156.821292
41792526 4158.437086
41792461 4160.044497
41792338 4161.624323
41790641 4163.223873
41789903 4164.809577
41789330 4166.398272
41788364 4167.992086
41787806 4169.586678
41786054 4171.177573
41785670 4172.783703
41782713 4174.359184
41779929 4175.939048
41778949 4177.525854
41778541 4179.129488
41778481 4180.727779
41777128 4182.332687
41776980 4183.934351
41775358 4185.533716
41774048 4187.132273
41773646 4188.737125
41771622 4190.314572
41771357 4191.915166
41770597 4193.524657
41770551 4195.145650
41770010 4196.750499
41769232 4198.352543
41768736 4199.947717
41767620 4201.547745
41766884 4203.146680
41764975 4204.762837
41763451 4206.351564
41762042 4207.956673
41761802 4209.527254
41761286 4211.131397
41761216 4212.733500
41758758 4214.336499
41756659 4215.917390
41756338 4217.526348
41756304 4219.130021
41754955 4220.716947
41754774 4222.309145
41754452 4223.913026
41752608 4225.514179
41751364 4227.133302
41750762 4228.739217
41750551 4230.330265
41749774 4231.922268
41749039 4233.530016
41748733 4235.120215
41748078 4236.718895
41746378 4238.334653
41746136 4239.934359
41746097 4241.560668
41745366 4243.162180
41744901 4244.761027
41744034 4246.352327
41742755 4247.952095
41741827 4249.552282
41741609 4251.169420
41741243 4252.775087
41740932 4254.388078
41740589 4256.010273
41738633 4257.606818
41737960 4259.220580
41737269 4260.825349
41735832 4262.452356
41735368 4264.063828
41734484 4265.664309
41734046 4267.270298
41731628 4268.869188
41730402 4270.473989
41730259 4272.085460
41729723 4273.704953
41729625 4275.318824
41728626 4276.941920
41728132 4278.558143
41728116 4280.179616
41726269 4281.804374
41725687 4283.420493
41724505 4285.048898
41722860 4286.669841
41722451 4288.271920
41721759 4289.888761
41720064 4291.497946
41719093 4293.126818
41718496 4294.731746
41717862 4296.329462
41715697 4297.937812
41714721 4299.541572
41714200 4301.155572
41712887 4302.775205
41712547 4304.392182
41712057 4306.007633
41710756 4307.618916
41709967 4309.243375
41707749 4310.853554
41706332 4312.464112
41705852 4314.086466
41705745 4315.688073
41704986 4317.310109
41704618 4318.912758
41703715 4320.537421
41703661 4322.158241
41701375 4323.790108
41701362 4325.402245
41701140 4327.019458
41700719 4328.643657
41699666 4330.270000
41699626 4331.895512
41697618 4333.518603
41697303 4335.143722
41696903 4336.764035
41696592 4338.388828
41694998 4340.011414
41694816 4341.630056
41694153 4343.266417
41692627 4344.908198
41691646 4346.554777
41691104 4348.175317
41690552 4349.804617
41690472 4351.413843
41690089 4353.050011
41689865 4354.680028
41689244 4356.310189
41687247 4357.948839
41685463 4359.565619
41684072 4361.190684
41683973 4362.828792
41683782 4364.451887
41681802 4366.075249
41679418 4367.712726
41678902 4369.333659
41677848 4370.966801
41675955 4372.596876
41675075 4374.226551
41674435 4375.860248
41673700 4377.491610
41672783 4379.104866
41671636 4380.717607
41670310 4382.328673
41669879 4383.939926
41668984 4385.563681
41668189 4387.192265
41667135 4388.821222
41663891 4390.460761
41662614 4392.111885
41661296 4393.763486
41660707 4395.402882
41660696 4397.039580
41659886 4398.651178
41657805 4400.278403
41656972 4401.900385
41656853 4403.532155
41656071 4405.168779
41655642 4406.804762
41655058 4408.437979
41653968 4410.069969
41653379 4411.695032
41652968 4413.329928
41650778 4414.991290
41650770 4416.651548
41649364 4418.303421
41649045 4419.924216
41649006 4421.576312
41649002 4423.193441
41648367 4424.830746
41647967 4426.475242
41647881 4428.129856
41646039 4429.771186
41645270 4431.422573
41643820 4433.075970
41643442 4434.696456
41643241 4436.344291
41642693 4437.990903
41642366 4439.635773
41638454 4441.277690
41637593 4442.921852
41636098 4444.584898
41629732 4446.225703
41627881 4447.875316
41627654 4449.508891
41627023 4451.157760
41626534 4452.807804
41625592 4454.462996
41623576 4456.092261
41622419 4457.716655
41622350 4459.342297
41619713 4460.975911
41619303 4462.612272
41617870 4464.256883
41616917 4465.910830
41615626 4467.563988
41615135 4469.205273
41614984 4470.847870
41614483 4472.490434
41613396 4474.122881
41611588 4475.754068
41611353 4477.388622
41610611 4479.051044
41610121 4480.696336
41609574 4482.359207
41609255 4484.014118
41607872 4485.668555
41607677 4487.303883
41605649 4488.959851
41605309 4490.629622
41604832 4492.260788
41603579 4493.905704
41602565 4495.564435
41602129 4497.229206
41601419 4498.873552
41600808 4500.539151
41598970 4502.189813
41598495 4503.839236
41597674 4505.500358
41597534 4507.168540
41597076 4508.811693
41594774 4510.471874
41593516 4512.110074
41592620 4513.774349
41592009 4515.433533
41590128 4517.081918
41589248 4518.749592
41588764 4520.407801
41588009 4522.070862
41588006 4523.716855
41586918 4525.383257
41586276 4527.034311
41585339 4528.703279
41584597 4530.373276
41584476 4532.039865
41583241 4533.719438
41581835 4535.383164
41581153 4537.047123
41579744 4538.717788
41579228 4540.363788
41578969 4542.043707
41578862 4543.706788
41577608 4545.359210
41575391 4547.028934
41573680 4548.686810
41571749 4550.338452
41571107 4551.994269
41570990 4553.650771
41570070 4555.305913
41569263 4556.977790
41567905 4558.655874
41567446 4560.313820
41566611 4561.985963
41566571 4563.655264
41565678 4565.315987
41564320 4566.982394
41563568 4568.649799
41563549 4570.278722
41562916 4571.939421
41561980 4573.606041
41560799 4575.296767
41559615 4576.973500
41558566 4578.617989
41558036 4580.286048
41557979 4581.965833
41557657 4583.636079
41557432 4585.314773
41556398 4586.983960
41556259 4588.666039
41555652 4590.340571
41555175 4592.006558
41554535 4593.674668
41554103 4595.338227
41553334 4597.018128
41552584 4598.705154
41552013 4600.375236
41551038 4602.044693
41550920 4603.721479
41550505 4605.407628
41549874 4607.081610
41548085 4608.759204
41542444 4610.437143
41541791 4612.122484
41541357 4613.793806
41539492 4615.469008
41539418 4617.139302
41538883 4618.784897
41537849 4620.457830
41537744 4622.137948
41535390 4623.822402
41534554 4625.493625
41534485 4627.169671
41533848 4628.835134
41533188 4630.522212
41531063 4632.215785
41530918 4633.890496
41530358 4635.560622
41529956 4637.236396
41529564 4638.919904
41528720 4640.607430
41527992 4642.289603
41526540 4643.991483
41526313 4645.674389
41524410 4647.377105
41522366 4649.060789
41521587 4650.739972
41520343 4652.417601
41518366 4654.116108
41517932 4655.799390
41517612 4657.482565
41517308 4659.174611
41517050 4660.857141
41516912 4662.545454
41516575 4664.217336
41515755 4665.914899
41513962 4667.607754
41513782 4669.304006
41513105 4670.983966
41512805 4672.667727
41512782 4674.354553
41511954 4676.046827
41511558 4677.735240
41510885 4679.418395
41509622 4681.123276
41507839 4682.829636
41506904 4684.524906
41505923 4686.221953
41505257 4687.896161
41504382 4689.618586
41504214 4691.301430
41503640 4693.016823
41503162 4694.690956
41502753 4696.399944
41502436 4698.108794
41501428 4699.806261
41500149 4701.517694
41499902 4703.220057
41499877 4704.959235
41499241 4706.662482
41498721 4708.359186
41498024 4710.051782
41496981 4711.753893
41496775 4713.465903
41494864 4715.173179
41494415 4716.866282
41492969 4718.594863
41492446 4720.314833
41492421 4722.017711
41492073 4723.703813
41491363 4725.411806
41491345 4727.119912
41490877 4728.810560
41488468 4730.515283
41486044 4732.235124
41486007 4733.937151
41485357 4735.627059
41485195 4737.325475
41482948 4739.023807
41482883 4740.719089
41481661 4742.425328
41479766 4744.144514
41479328 4745.859745
41478335 4747.587042
41478094 4749.299390
41476896 4751.004919
41476141 4752.709164
41475499 4754.414369
41475190 4756.127837
41475165 4757.855573
41474736 4759.582403
41473763 4761.310720
41473353 4763.016589
41472749 4764.727574
41472203 4766.435055
41471575 4768.156019
41471046 4769.884925
41468842 4771.615128
41468187 4773.321747
41467762 4775.045586
41466698 4776.748220
41466285 4778.465416
41465535 4780.186201
41465032 4781.885723
41463861 4783.629344
41463779 4785.341320
41463750 4787.056238
41463089 4788.771306
41460297 4790.489168
41458244 4792.221250
41457819 4793.953258
41457484 4795.690813
41457139 4797.425592
41456069 4799.125909
41455695 4800.853771
41455228 4802.588781
41453815 4804.304050
41453162 4806.029590
41452771 4807.757673
41452204 4809.472669
41451910 4811.201389
41451228 4812.920223
41451102 4814.642973
41450085 4816.360714
41448527 4818.100355
41448503 4819.835547
41447762 4821.549873
41447612 4823.282346
41447092 4825.016107
41445627 4826.748345
41445185 4828.478386
41444769 4830.202046
41444548 4831.940478
41444159 4833.676529
41443524 4835.394555
41442701 4837.129764
41442345 4838.863616
41441268 4840.585268
41440559 4842.308698
41440154 4844.048116
41439619 4845.774160
41439030 4847.513562
41437676 4849.247515
41437028 4850.991643
41436982 4852.723608
41436168 4854.479304
41435559 4856.217473
41435532 4857.978242
41433416 4859.724367
41433167 4861.465283
41432567 4863.197542
41431321 4864.938841
41430559 4866.684925
41430226 4868.422271
41429766 4870.172392
41429414 4871.916634
41429020 4873.642418
41426537 4875.415580
41425983 4877.153439
41425778 4878.896628
41425519 4880.653756
41425236 4882.403020
41424492 4884.131790
41424327 4885.887030
41424207 4887.622888
41424025 4889.378088
41422648 4891.109699
41422361 4892.844131
41421635 4894.590747
41420924 4896.346469
41420385 4898.095264
41419894 4899.860474
41418553 4901.594583
41418508 4903.349419
41416968 4905.100092
41415418 4906.850895
41414958 4908.611284
41414840 4910.348545
41414234 4912.120347
41412532 4913.880754
41411505 4915.642932
41410662 4917.395446
41409062 4919.156266
41408516 4920.890876
41407944 4922.637894
41406636 4924.390736
41406503 4926.133036
41405753 4927.875103
41405609 4929.624438
41405345 4931.376423
41404951 4933.129666
41403798 4934.899758
41402800 4936.663128
41402472 4938.416627
41402335 4940.185003
41400701 4941.945326
41399526 4943.724974
41398166 4945.500492
41396883 4947.271440
41396768 4949.016921
41396182 4950.781851
41395917 4952.540784
41393606 4954.301488
41392384 4956.083742
41392206 4957.844646
41390489 4959.607746
41390376 4961.377763
41390363 4963.160483
41390168 4964.924357
41389800 4966.698645
41389456 4968.470158
41389246 4970.232958
41389022 4972.006550
41387777 4973.766697
41386879 4975.550810
41386668 4977.332096
41385681 4979.092307
41385184 4980.870708
41384498 4982.647321
41383259 4984.414597
41383188 4986.203027
41382172 4987.975753
41381235 4989.762140
41380735 4991.526928
41380565 4993.279517
41379572 4995.051594
41379017 4996.839341
41378964 4996.839346
41378179 4998.620318
41377706 5000.385640
41375431 5002.146522
41375321 5003.927034
41374760 5005.731055
41374367 5007.528847
41373904 5009.301708
41372754 5011.094131
41369581 5012.854587
41368730 5014.623562
41368328 5016.398860
41368005 5018.174251
41367204 5019.958032
41367169 5021.724857
41365563 5023.520902
41365411 5025.301450
41364946 5027.095970
41364422 5028.901061
41364260 5030.690649
41363591 5032.488160
41363167 5034.264566
41362828 5036.057445
41362634 5037.850948
41362120 5039.628500
41361425 5041.423336
41360206 5043.224597
41359259 5045.015759
41358237 5046.805880
41357753 5048.589521
41357051 5050.382170
41355795 5052.182593
41355501 5053.971314
41354093 5055.753636
41354007 5057.574451
41353828 5059.349855
41352622 5061.160540
41352430 5062.960998
41351950 5064.745679
41351763 5066.556098
41351446 5068.364437
41351300 5070.159407
41349889 5071.963067
41348955 5073.747114
41347830 5075.551772
41347453 5077.322538
41347279 5079.134396
41347146 5080.932366
41346314 5082.745003
41345148 5084.554977
41341979 5086.371751
41340032 5088.198011
41338825 5089.997909
41338512 5091.805394
41338071 5093.610904
41337819 5095.427754
41337009 5097.229322
41336017 5099.042997
41335891 5100.861406
41334781 5102.652238
41334734 5102.652244
41333980 5104.451176
41333729 5106.277935
41331613 5106.277941
41329715 5108.082035
41329178 5109.880649
41328698 5111.698247
41328297 5113.500273
41326849 5115.343333
41325357 5117.155849
41324928 5119.000138
41324281 5120.809167
41323670 5122.652440
41323056 5124.481373
41322884 5126.310983
41318972 5128.137544
41318924 5129.960572
41318142 5131.789122
41318123 5133.632219
41317762 5135.433881
41316653 5137.248977
41316561 5139.072356
41316447 5140.917972
41316348 5142.731287
41315778 5144.544803
41314840 5146.362640
41314734 5148.183328
41314206 5150.037917
41313807 5151.839305
41313385 5153.664718
41312423 5155.507661
41312316 5157.339109
41311772 5159.162961
41310565 5160.994079
41310087 5162.844905
41309561 5164.679775
41307195 5166.511991
41306193 5168.372007
41305905 5170.198416
41305715 5172.037613
41305652 5173.863485
41304558 5175.701020
41304325 5177.541802
41303347 5179.396124
41302878 5181.228219
41301971 5183.069627
41301639 5184.908338
41301120 5186.742060
41299816 5188.594101
41299033 5188.594106
41298749 5190.432632
41298120 5192.277711
41296721 5194.127430
41296205 5195.969785
41295497 5197.813640
41295376 5199.660768
41295094 5201.513040
41294594 5203.334660
41293664 5205.137323
41293632 5206.992173
41293527 5206.992178
41291377 5208.857159
41291301 5210.707777
41290557 5212.587045
41290201 5214.423039
41290063 5216.268254
41288704 5216.268259
41288031 5218.125023
41286222 5219.983015
41286133 5221.822040
41284224 5223.679174
41282570 5225.528152
41281584 5227.380512
41280714 5229.267840
41280562 5231.134052
41279939 5233.011929
41278283 5234.846710
41277418 5236.694246
41276806 5238.554354
41276679 5240.424102
41276091 5242.295384
41275928 5244.165726
41275480 5246.010257
41275066 5247.857042
41274924 5249.712181
41274343 5251.587751
41273841 5253.436613
41272923 5255.327436
41272765 5255.327442
41272044 5257.193126
41271220 5259.070885
41270718 5259.070889
41269733 5260.933188
41269521 5262.798268
41269336 5262.798272
41268157 5264.673207
41267754 5266.570993
41267746 5266.570998
41265822 5268.442744
41264405 5270.312979
41262132 5270.312984
41261955 5272.181065
41261036 5274.036917
41259792 5275.912540
41257905 5277.761767
41257326 5279.637289
41255905 5281.533140
41255775 5283.424567
41255296 5285.309823
41254231 5287.184437
41253844 5289.067392
41253384 5290.957112
41253349 5292.851932
41252586 5294.723067
41252339 5296.594245
41251448 5298.483066
41251443 5300.387939
41251393 5300.387943
41251207 5302.281270
41250628 5304.165963
41249659 5306.043402
41249187 5307.932581
41247957 5307.932585
41247225 5309.830654
41246130 5311.704714
41245780 5313.571156
41244411 5315.466869
41243008 5317.363649
41241999 5319.235812
41240755 5321.149906
41240482 5323.044449
41240331 5324.931004
41239256 5326.817968
41239074 5328.709043
41237894 5330.601052
41236504 5332.522595
41235984 5334.415280
41235610 5336.310351
41235470 5338.166535
41235048 5340.058566
41234449 5341.944574
41234010 5343.837932
41233693 5345.726821
41232250 5347.630349
41230303 5347.630354
41230171 5349.538510
41229958 5351.440297
41229657 5353.318352
41225543 5355.248891
41224929 5357.126635
41224472 5359.032319
41224326 5360.941847
41224111 5362.846009
41223394 5364.746806
41221060 5366.648240
41221045 5368.548835
41220589 5370.468094
41220457 5372.352719
41219448 5374.266436
41219103 5376.165308
41216238 5378.089733
41215739 5379.987840
41214256 5381.894295
41213577 5383.812767
41212874 5385.734856
41212778 5387.662893
41212702 5389.586804
41211775 5391.478939
41211622 5393.397416
41210533 5395.307100
41210167 5397.237930
41207502 5399.149242
41206900 5401.072881
41206623 5402.987740
41206353 5404.886335
41205952 5406.798826
41205613 5408.729244
41204878 5410.653731
41204646 5412.573493
41204301 5414.508526
41204178 5416.430237
41203445 5418.352643
41203119 5420.286559
41202857 5422.199977
41202513 5424.120423
41202447 5426.026323
41200860 5427.959290
41200428 5429.869151
41199915 5431.786264
41199586 5433.706494
41198787 5433.706499
41198537 5435.653278
41198343 5437.582202
41197661 5437.582207
41196945 5439.512260
41196096 5441.449474
41194955 5443.388672
41192492 5445.293060
41191558 5447.231373
41190006 5449.164040
41189838 5451.083539
41188471 5453.005194
41187985 5454.919189
41187106 5456.840913
41186453 5458.781390
41184946 5460.724991
41184259 5462.663944
41183739 5464.614095
41182977 5466.585446
41181958 5468.540911
41179713 5470.480403
41179009 5472.417577
41178226 5474.339873
41177843 5476.292734
41177012 5478.237168
41176167 5480.176881
41175499 5482.120211
41175035 5484.067720
41173243 5486.011422
41173206 5487.947148
41172640 5489.893856
41172299 5491.830162
41171810 5493.785394
41171268 5495.737124
41170407 5497.678185
41170029 5499.623298
41169037 5501.569853
41168775 5503.514275
41168092 5505.454771
41167355 5507.422339
41167159 5509.376611
41167112 5511.333938
41166415 5513.291653
41165883 5515.238210
41165539 5517.195639
41165025 5519.170107
41165023 5521.133466
41164032 5523.084902
41163775 5525.039591
41163717 5526.999925
41163196 5528.960658
41162165 5530.928840
41161542 5532.897957
41161291 5534.870684
41160859 5536.836616
41159334 5538.800740
41159322 5540.733991
41158943 5542.717394
41158546 5544.687774
41158038 5546.644272
41157750 5548.601431
41157286 5550.585980
41156260 5552.560256
41155907 5554.540367
41155461 5556.503049
41154975 5558.474238
41154540 5560.425752
41154034 5562.394944
41153876 5564.391222
41153724 5566.379892
41153650 5568.370826
41152666 5568.370831
41151361 5570.346613
41151324 5572.323012
41150904 5574.295117
41150770 5576.272746
41150560 5576.272751
41150486 5578.269287
41150108 5578.269292
41150033 5580.253192
41149897 5580.253198
41148385 5582.265363
41148302 5584.238043
41148212 5586.220692
41148105 5586.220697
41147813 5588.174218
41147557 5588.174223
41147472 5590.186922
41147304 5590.186927
41146953 5592.185130
41146825 5594.193704
41146814 5594.193709
41146124 5596.200669
41146001 5598.185152
41142335 5598.185157
41142298 5600.174526
41141933 5602.153253
41139430 5604.137890
41138382 5606.149068
41137551 5608.140376
41137225 5610.131900
41136716 5612.102893
41135006 5614.114526
41134500 5616.118309
41134496 5618.125599
41133918 5620.132296
41133644 5622.140319
41133191 5624.129688
41133160 5626.150576
41132706 5628.161264
41131436 5630.170303
41129671 5632.173476
41129538 5634.175611
41127631 5636.186334
41127433 5638.205541
41127194 5640.206384
41127019 5642.201556
41126845 5644.213942
41126751 5646.231446
41125953 5648.228557
41125356 5650.231708
41125095 5652.234825
41124994 5654.247956
41124344 5656.253497
41124027 5658.253850
41123668 5660.286671
41123361 5662.298997
41122211 5664.299233
41122140 5666.322767
41121665 5668.341143
41121516 5670.365322
41120882 5672.380478
41120227 5674.395664
41120060 5676.423621
41119817 5678.461720
41119400 5678.461725
41119094 5680.489313
41116974 5682.499912
41116711 5684.503611
41115991 5686.543369
41115382 5688.567462
41115256 5690.585725
41114555 5692.612022
41114134 5694.628963
41113393 5696.657157
41112953 5698.656546
41112398 5700.706399
41111475 5702.743003
41110716 5704.761007
41110543 5706.777860
41109909 5708.815381
41109431 5710.847957
41108980 5712.891678
41108112 5714.940361
41107964 5716.955394
41107945 5719.005803
41107776 5721.046824
41107444 5723.079755
41107270 5725.115799
41106947 5727.161746
41106333 5729.185036
41105918 5731.212500
41105844 5731.212505
41105421 5733.253465
41104965 5735.295153
41104598 5737.336375
41104464 5739.382064
41104079 5741.423264
41103346 5743.478770
41103021 5743.478775
41101937 5745.515945
41101931 5747.571359
41101383 5749.608533
41099881 5751.671720
41099255 5753.712129
41099144 5755.759383
41099117 5757.815583
41098789 5759.856445
41098493 5759.856450
41098105 5761.894478
41098021 5763.935816
41097896 5763.935821
41097437 5765.968205
41097013 5765.968210
41096950 5768.048381
41096707 5768.048386
41095468 5770.100230
41094398 5772.167304
41094272 5774.213958
41094251 5774.213963
41093922 5776.281640
41093854 5776.281645
41093830 5778.360850
41093761 5778.360855
41093630 5780.400213
41093455 5780.400218
41093435 5782.453036
41092887 5784.518580
41092850 5784.518585
41092739 5786.570358
41092607 5786.570363
41092237 5788.622949
41091658 5790.686249
41091341 5792.738021
41090765 5794.774451
41090603 5796.823521
41090416 5798.886819
41090179 5798.886824
41089612 5800.949758
41089229 5802.992629
41088647 5805.056893
41088289 5807.117082
41088077 5809.182700
41087207 5811.263473
41086529 5813.327575
41086349 5815.406314
41086274 5817.468034
41086109 5819.536308
41084780 5819.536313
41084536 5821.623251
41084253 5823.715065
41083590 5825.787375
41082948 5827.872478
41082685 5829.947056
41082275 5832.029328
41080767 5834.099512
41080545 5836.178112
41080001 5838.277733
41079286 5840.350243
41078937 5842.426915
41077052 5844.513619
41076290 5846.586872
41075622 5848.667586
41074696 5850.741176
41073821 5852.824533
41073379 5854.916293
41072777 5856.995166
41071896 5859.082472
41071334 5861.163212
41071049 5863.244212
41070383 5865.332479
41069385 5867.411406
41068324 5869.488238
41067993 5871.588942
41067652 5873.702624
41067409 5875.801043
41066727 5877.907496
41066043 5879.992653
41064083 5882.088898
41063949 5884.193567
41063642 5886.284055
41062893 5888.372984
41062674 5890.470284
41062240 5892.573558
41060989 5894.665182
41060865 5896.791535
41060584 5898.890637
41060396 5900.981932
41060300 5903.088512
41059155 5905.192823
41057538 5905.192827
41057446 5907.274995
41057245 5909.374483
41057065 5911.468901
41056469 5913.581539
41055939 5915.682976
41055755 5917.804382
41054891 5919.928725
41054255 5922.047777
41053427 5924.137718
41052590 5926.264514
41052166 5928.374215
41050861 5930.489384
41050768 5932.579532
41050148 5934.694222
41046821 5936.796695
41046736 5938.911082
41046279 5941.012991
41046074 5943.134029
41045120 5945.249810
41044800 5947.370148
41044725 5949.486444
41044343 5951.602112
41043020 5953.709662
41042911 5955.837849
41041947 5957.939802
41041897 5960.064024
41040276 5962.159028
41039600 5964.301448
41039234 5966.425084
41038761 5968.541376
41037196 5970.650015
41036497 5972.774243
41036020 5974.905146
41035788 5977.023319
41034175 5979.164095
41032614 5981.303463
41031779 5983.437495
41030243 5985.580448
41030039 5987.733011
41029742 5989.868047
41029545 5991.991915
41029277 5994.133899
41029158 5996.263764
41028826 5998.433786
41028311 6000.565786
41027911 6002.693637
41027585 6004.838565
41027041 6006.965443
41024591 6009.102388
41023470 6011.243342
41023182 6013.372684
41022515 6015.508041
41022499 6017.641441
41021943 6019.775282
41021714 6021.918196
41020751 6024.062836
41020606 6026.213570
41020478 6028.347747
41020362 6030.490983
41018692 6032.627682
41018352 6034.771079
41017975 6036.928291
41017475 6039.061475
41017310 6041.184898
41017134 6043.319963
41016944 6045.479529
41016701 6047.635737
41016331 6049.783484
41015723 6051.936254
41015348 6054.061254
41015328 6056.207211
41014903 6058.378065
41014255 6060.539130
41013836 6062.697871
41013389 6064.855279
41013330 6066.997350
41012787 6069.169466
41012225 6071.318399
41011590 6073.472973
41010906 6075.637339
41009605 6077.787507
41009556 6079.949488
41009353 6082.129976
41009081 6084.292777
41008998 6086.450335
41008848 6088.636188
41008507 6090.805533
41008023 6092.952305
41007736 6095.124572
41007511 6097.285724
41007484 6099.421900
41005628 6101.596660
41005313 6103.730496
41005138 6105.910811
41005126 6108.096717
41004987 6110.266327
41004737 6112.447895
41004529 6114.611679
41004159 6116.792865
41003949 6118.966863
41003630 6121.152928
41003602 6123.328001
41003349 6125.494794
41003220 6127.675680
41003204 6129.840446
41002801 6132.012446
41002443 6134.184226
41002366 6136.354579
41001999 6138.537658
41001460 6140.714451
41001331 6142.896557
41000985 6145.059327
41000383 6147.229693
40999879 6149.427939
40999185 6151.610802
40999037 6153.792369
40998048 6155.966563
40997637 6158.125777
40997389 6160.291669
40996986 6162.491330
40996257 6164.669750
40995665 6166.852487
40995174 6169.042187
40995058 6171.206043
40994859 6173.391722
40994687 6175.580036
40994130 6177.763378
40993833 6179.962154
40993653 6182.155198
40993480 6184.368480
40993206 6186.561371
40993046 6188.738192
40993039 6190.938450
40992966 6193.119161
40992908 6195.297342
40992547 6197.497586
40991983 6199.673828
40991434 6201.891411
40984630 6204.098738
40984550 6206.282100
40983867 6208.472396
40983710 6210.669788
40982969 6212.876135
40982518 6215.092815
40982078 6217.314600
40981780 6219.510402
40981678 6221.705525
40980016 6223.913755
40979776 6226.123957
40979696 6228.326925
40979638 6230.498936
40978600 6232.714179
40978531 6234.916727
40978454 6237.124432
40977970 6239.310885
40977794 6241.506545
40977654 6243.728200
40977337 6245.937731
40976868 6248.145861
40976687 6250.361450
40976613 6252.571288
40976427 6254.784082
40976098 6257.004461
40975938 6259.217411
40975663 6261.414655
40975306 6263.648829
40974898 6265.861933
40974581 6268.081040
40974440 6270.299058
40974266 6272.522743
40973824 6274.751721
40973395 6276.980617
40973383 6279.175595
40972806 6281.398110
40972727 6283.591217
40971111 6285.801445
40970662 6288.011065
40970270 6290.221943
40970218 6292.447216
40967113 6294.670361
40966946 6296.869133
40966631 6299.094347
40966474 6301.298189
40966471 6303.528679
40965051 6305.772434
40964817 6308.012613
40964396 6310.249133
40963756 6312.481044
40963522 6314.722747
40963186 6316.951469
40961507 6319.205318
40961201 6321.440494
40961025 6323.650923
40960836 6325.897319
40960759 6328.128593
40959935 6330.359066
40959767 6332.597926
40959641 6334.845543
40959104 6337.078017
40958935 6339.319159
40958422 6341.545459
40958338 6343.795443
40957852 6346.010628
40957779 6348.238713
40957561 6350.479806
40957258 6352.707864
40957033 6354.928392
40956906 6357.176104
40956744 6359.425362
40956557 6361.677110
40956391 6363.903989
40956288 6366.147711
40956203 6368.399372
40956034 6370.626334
40955950 6372.878119
40955720 6375.117267
40955569 6377.353966
40954103 6379.621300
40953891 6381.857721
40953774 6384.110151
40953643 6386.361557
40953368 6388.602481
40953151 6390.822851
40952837 6393.078522
40952543 6395.308835
40952415 6397.564977
40952039 6399.815819
40951782 6402.073173
40951463 6404.325078
40951321 6406.562006
40951084 6408.820315
40950902 6411.086450
40950544 6413.356809
40949533 6415.607634
40948972 6417.879350
40948754 6420.141489
40948568 6422.398544
40948361 6424.653480
40947954 6426.913428
40947573 6429.182791
40946900 6431.456900
40946464 6433.701207
40946108 6435.988577
40945939 6438.238733
40945523 6440.512684
40945417 6442.763619
40945260 6445.022900
40944761 6447.304197
40944523 6449.543594
40944478 6451.806951
40944327 6454.075053
40944278 6456.345741
40943935 6458.619578
40943724 6460.899467
40943238 6463.166191
40942755 6465.449257
40942517 6467.710021
40942508 6469.982550
40941508 6472.254845
40941438 6474.518513
40941361 6476.783325
40940862 6479.058807
40940831 6481.340870
40939545 6483.603802
40939455 6485.883228
40938250 6488.162129
40937145 6490.433039
40936671 6492.690970
40936574 6494.962055
40936399 6497.224122
40936306 6499.471789
40936249 6501.758205
40934994 6504.028728
40934918 6506.305536
40934814 6508.581171
40933726 6510.877170
40933374 6513.154499
40932675 6515.425535
40932491 6517.723736
40932373 6520.001650
40932275 6522.296162
40930762 6524.592746
40930665 6526.881506
40930448 6529.172778
40930149 6531.469353
40929964 6533.745716
40929793 6536.023379
40929629 6538.312181
40929060 6540.591028
40928160 6542.867320
40928063 6545.155328
40927884 6547.430854
40927791 6549.713526
40927787 6552.026666
40927729 6554.329370
40927459 6556.636430
40926078 6558.918960
40925994 6561.205632
40925869 6563.511185
40925582 6565.814188
40925472 6568.091274
40925396 6570.388737
40925270 6572.688904
40925133 6574.982011
40924873 6577.278421
40924616 6579.562376
40924370 6581.869814
40924245 6584.165526
40923558 6586.466355
40923359 6588.769049
40923197 6591.065039
40923027 6593.350737
40922760 6595.647009
40922574 6597.953401
40922247 6600.270683
40922055 6602.580160
40921966 6604.871424
40920569 6607.164539
40920425 6609.451990
40920098 6611.755193
40919881 6614.061798
40918956 6616.356869
40918665 6618.649327
40918241 6620.948176
40918007 6623.242748
40916913 6625.547039
40916308 6627.857987
40916197 6630.144331
40916133 6632.454153
40916000 6634.784035
40915869 6637.088672
40915734 6639.411379
40915613 6641.715771
40915366 6644.021278
40915047 6646.327198
40914926 6648.651015
40914664 6650.943346
40914404 6653.263069
40914317 6655.580649
40914202 6657.898539
40913527 6660.228868
40911966 6662.522320
40911753 6664.836646
40911590 6667.155958
40911544 6669.477670
40911474 6671.800481
40911291 6674.124468
40911225 6676.447676
40911130 6678.771672
40910930 6681.098174
40910790 6683.420156
40910635 6685.726491
40910479 6688.040651
40910359 6690.375586
40909540 6692.686757
40909330 6695.016708
40909251 6697.356228
40908890 6699.684259
40908832 6702.038623
40908795 6704.364864
40908342 6706.682715
40908177 6709.007911
40907870 6711.341136
40907730 6713.679985
40907638 6716.014621
40907527 6718.342545
40906913 6720.673917
40906481 6723.007393
40905142 6725.326998
40905118 6727.649962
40904979 6729.971490
40904928 6732.309555
40904866