54908976 99.263370
52242251 99.263387
51962644 99.263388
51808064 99.263390
51690755 99.263391
51581853 99.263392
50865017 99.263394
50416727 99.263395
49900943 99.263397
49797769 101.414423
49698175 101.414430
49254149 103.570410
49250036 105.700837
48556372 107.834519
48549486 109.974132
48419505 109.974138
48409415 112.104607
48398344 114.242939
48276118 116.363474
48027477 116.363479
47831712 116.363481
47626888 118.480148
47615937 120.598008
47611419 122.678941
47589335 124.768589
47501683 124.768595
46911690 124.768598
46903519 126.846569
46729925 128.932023
46726497 130.999967
46433733 133.075529
46430296 135.130764
46382039 137.177211
46376128 139.257512
45527569 139.257518
45522350 141.296105
45514923 143.334988
45403476 143.334993
45396470 145.370379
45391862 147.385044
45174291 149.394113
45155138 151.406208
45084416 151.406213
45074594 153.443806
45063708 155.424656
44990745 155.424662
44601947 155.424664
44594200 157.416942
44592488 159.431995
44585660 161.431171
44581433 163.413061
44538634 165.408803
44434046 165.408809
44313087 167.379927
44211249 169.326054
44194357 171.282700
44144177 173.232719
43945746 173.232726
43598514 175.200895
43591124 177.143332
43476532 179.093867
43466523 181.026830
43458335 182.951135
43058658 184.851331
43053453 186.787727
43029561 188.692280
43021393 190.625607
43011509 192.524791
43004305 194.435936
42732640 196.328019
42713823 198.212079
42657642 200.110568
42004926 200.110573
41698236 202.009988
41692375 203.880838
41670963 205.759327
41667715 207.618744
41648833 209.489791
41546629 211.360451
41539277 213.238241
41532385 215.100426
41529587 216.963098
41116636 216.963103
41066483 218.806364
41045022 220.651872
41036219 222.469665
40957053 224.318382
40946773 226.158146
40865883 228.011535
40691783 229.846211
40690214 231.679784
40681633 233.520783
40674069 235.350101
40662009 237.162255
40650587 238.983994
40645513 240.797338
40640204 242.601047
40636814 244.394204
40631574 246.183697
40625726 247.982078
40621740 249.767443
40619190 251.576931
40617147 253.372942
40581269 255.177773
40578679 256.967166
40576553 258.743616
40136123 258.743621
40132674 260.531086
39893168 262.317243
39794759 264.080195
39790571 265.856709
39780700 267.612922
39701280 269.379358
39698856 271.128161
39498262 271.128166
39494879 272.893430
39493379 274.624282
39490475 276.385393
39488036 278.153770
39467901 279.892290
39463545 281.631892
39451834 283.362158
39446045 285.111156
39439690 286.858455
39252417 288.614391
39250554 290.335730
39246007 292.069416
39148079 293.823319
39143977 295.553871
39141007 297.270438
39133030 298.992996
39127630 300.736617
39122429 302.462062
39117841 304.169957
39113833 305.871258
39106845 307.575358
39092787 307.575363
38949409 309.278142
38944809 310.986943
38928357 312.691963
38926665 314.378820
38921860 316.087509
38919136 317.777252
38788676 319.482971
38784431 321.170326
38769547 322.859873
38767763 324.543477
38765381 326.225547
38764143 327.912376
38758199 329.581936
38741942 331.255189
38707603 331.255195
38706210 332.923378
38701746 334.599939
38698981 336.265835
38695709 337.933401
38613227 339.590792
38610835 341.258688
38603502 342.912908
38600760 344.585117
38599989 346.249327
38595930 347.866416
38593541 349.525613
38575090 349.525619
38573309 351.165121
38570255 352.804002
38568530 354.512546
38554614 356.161834
38554152 357.781136
38503268 359.441851
38460613 359.441857
38445535 361.078592
38443250 362.704422
38440143 364.334981
38436803 365.970160
38428794 367.600807
38345171 367.600812
38285201 369.237981
38284025 370.862595
38272460 372.478581
38271074 374.111223
38175402 375.737210
38170603 377.334929
38170004 378.960500
38168293 380.567307
38160901 382.186938
38157130 383.796028
38151471 385.408327
38147714 386.994866
38145083 388.590897
38127116 388.590903
38028995 390.208030
38020798 391.837052
38019195 393.419386
38015047 395.011468
37994337 396.603172
37785985 398.210314
37784682 399.805112
37780569 401.383272
37779265 402.982456
37767661 404.567600
37763442 406.143350
37760909 407.743911
37757251 409.326187
37753671 410.894135
37747862 412.484647
37745336 414.054937
37744871 415.633316
37743176 417.214228
37737659 418.794991
37730551 420.385510
37711731 421.950364
37707847 423.506893
37706650 425.087795
37704898 426.659047
37701772 426.659053
37698488 428.214992
37697272 429.790024
37695511 431.349244
37694415 432.896408
37690372 432.896413
37688291 434.463672
37687108 436.015879
37629148 436.015883
37627840 437.564377
37515637 439.124733
37511655 440.671672
37503977 442.219938
37503109 443.781955
37500084 445.344181
37496096 446.894529
37493040 448.448766
37491605 450.011251
37490176 451.560241
37473591 453.107250
37268207 453.107255
37266907 454.652200
37266420 456.181079
37262907 457.707602
37262295 459.237025
37260160 460.762895
37259291 462.295667
37254750 463.824654
37253353 465.340562
37243186 466.866940
37186698 468.406799
37184315 469.943716
37178507 471.478613
37172069 473.002368
37169860 474.528957
37168798 476.059536
37166998 477.579298
37165409 479.100028
37163374 480.628722
37162365 482.154423
37160620 483.691118
37154817 485.204801
37153705 486.720813
37150792 488.233153
37041786 489.767887
37034571 491.278103
37034061 492.792763
37031415 494.306171
37023543 495.814224
37019915 497.324679
37016391 498.828827
37008750 500.341250
37007421 501.855973
36995949 503.362415
36991302 504.864692
36990499 506.359496
36989618 507.864489
36979490 509.355810
36973671 510.864645
36973296 512.365779
36970243 513.863871
36968251 515.366268
36965496 516.866521
36963152 518.347003
36961998 519.847309
36961642 521.337821
36959630 522.838075
36937729 524.321062
36936353 525.817884
36934252 527.309667
36931566 528.803408
36931217 530.283639
36929262 531.780744
36927720 533.270337
36924930 534.767148
36924310 536.250593
36923431 537.727859
36881242 539.213958
36881054 540.699834
36865763 542.191663
36865229 543.674246
36863793 545.158457
36852781 546.633729
36843967 548.114568
36839977 549.587990
36838354 551.073314
36741674 551.073319
36735234 552.550529
36734169 554.013010
36734012 555.487948
36729862 556.949151
36728628 558.427281
36727239 559.898892
36726957 561.374597
36725340 562.835272
36721955 564.329112
36720495 565.797924
36719500 567.274883
36718166 568.731967
36714082 570.198248
36713562 571.660368
36712629 573.125769
36712443 574.600445
36708946 576.062624
36708214 577.534337
36704909 579.003152
36701241 580.461466
36700532 581.934947
36699498 583.379836
36695369 584.817739
36694125 586.292755
36693858 587.732924
36692458 589.176962
36690148 590.635509
36689133 592.094432
36688657 593.560916
36685774 593.560921
36682537 595.012815
36681128 596.450697
36666492 596.450702
36663279 597.885022
36661736 599.328556
36660636 600.758399
36659147 602.201851
36658574 603.632065
36656775 605.074503
36655567 606.527744
36653849 607.973367
36653376 609.414108
36649382 610.868746
36648889 612.313784
36647933 613.754446
36647121 615.194038
36641826 616.638733
36631796 618.098203
36629619 619.526196
36627777 620.957486
36627055 622.391185
36625495 623.830273
36624999 625.264314
36619910 626.715195
36617925 628.152272
36617085 629.599561
36615559 629.599566
36605309 631.041933
36601562 632.477004
36599229 633.910829
36598675 635.342643
36597214 636.758545
36596075 638.171811
36595799 639.603414
36591537 641.044242
36591212 642.478297
36589250 643.895902
36587938 645.308709
36584100 645.308713
36577990 646.723270
36574632 646.723275
36574126 648.152328
36573142 649.564539
36568981 651.000012
36567511 652.420951
36567355 653.829669
36567269 655.247187
36565707 656.664757
36564920 658.088007
36562737 659.501483
36548748 660.914086
36546927 662.324772
36545390 663.748658
36538395 665.183957
36535649 666.603487
36534252 668.005548
36412916 668.005553
36410221 669.421717
36409374 670.839434
36407265 672.247294
36406376 673.661143
36404093 675.083142
36403020 676.494600
36399381 677.901274
36398723 679.301724
36396998 680.718040
36389564 682.121924
36388139 683.520152
36387484 684.928450
36386651 686.333660
36385267 687.747178
36384113 689.144745
36379070 690.534555
36377704 691.936376
36377229 693.337234
36372264 694.740195
36372247 696.137828
36372149 697.536479
36371477 698.935394
36371131 700.343859
36368190 701.720213
36367253 703.119194
36365272 704.516784
36353163 705.918692
36352762 707.321005
36351487 708.722878
36349946 710.124617
36348544 711.506520
36341015 712.899064
36339614 714.301134
36338497 715.690365
36338432 717.086383
36336615 718.486947
36336299 719.880480
36335559 721.260723
36330370 722.651060
36326784 724.038504
36326004 725.400863
36323927 726.801741
36322548 728.196328
36322499 729.574431
36319424 730.960250
36318838 732.345750
36317012 733.737211
36315698 735.119498
36313176 736.498900
36307995 737.891299
36306690 739.271620
36306257 740.651113
36303697 742.022411
36296543 743.412233
36295474 744.797139
36293323 746.186421
36291614 747.579524
36290909 748.949813
36288128 750.345327
36287838 751.716942
36285638 753.097983
36276906 754.488431
36275891 755.866851
36275751 757.251767
36274485 758.620624
36272083 759.991888
36269349 761.375751
36268221 762.755691
36266499 764.129283
36265093 765.513555
36264667 766.885235
36263849 768.267327
36263496 769.639826
36261663 771.014073
36260118 772.391243
36259894 773.780253
36258862 775.153417
36258379 776.528777
36257706 777.910628
36257378 779.269409
36257267 780.638602
36256876 782.017405
36255819 783.394966
36255004 784.764697
36247778 786.126774
36245851 787.496225
36245759 788.861767
36243669 790.230775
36243223 791.597475
36240601 792.956741
36240326 794.313040
36239505 795.678788
36237472 797.034988
36236436 798.397574
36233534 799.756580
36232118 801.124109
36232068 802.486995
36231754 803.843105
36231653 805.191509
36230306 806.552705
36229494 807.909300
36224255 809.275561
36224217 810.637489
36223441 811.976060
36220112 813.338348
36216286 814.697279
36214001 816.047192
36213705 817.408550
36212630 818.763710
36212321 820.124082
36203030 821.483397
36202550 822.850577
36201889 824.200433
36201294 825.560575
36200658 826.908234
36199596 828.270365
36199468 829.627063
36198485 830.965523
36198189 832.316891
36197227 833.660305
36195981 835.008109
36195747 836.357315
36195539 837.692303
36194066 839.031806
36193843 840.380273
36190740 841.737086
36190642 843.082277
36188574 844.425314
36187796 845.765418
36187365 847.104527
36186736 848.438659
36186124 849.772507
36183484 851.117546
36181581 852.469124
36173499 853.816966
36171557 855.154113
36170180 856.495433
36167182 857.836107
36165106 859.189344
36164113 860.511839
36162961 861.851059
36162537 863.181441
36161207 864.524661
36160473 865.859092
36159771 867.195383
36159433 868.537314
36157375 869.876141
36157079 871.201391
36156431 872.527283
36156235 873.874352
36155913 875.207931
36155637 876.554803
36142348 877.899891
36142058 879.237015
36142046 880.582781
36141766 881.918548
36141344 883.242559
36140516 884.577140
36139090 885.905977
36138211 887.248967
36137943 888.592468
36137733 889.915038
36137722 891.240649
36137690 892.566395
36135507 893.901144
36133846 895.234954
36133697 896.565590
36131536 897.898792
36128790 899.238961
36128414 900.563711
36128357 901.893674
36126982 903.215682
36125926 904.546526
36124194 905.878294
36124063 907.211573
36120698 908.538905
36117463 909.874424
36116145 911.218234
36115616 912.547366
36115519 913.883477
36112792 915.213475
36110660 916.537751
36109547 917.858640
36105827 919.180674
36104800 920.508578
36104670 921.841934
36100230 923.176573
36098890 924.512176
36096763 925.836241
36096283 927.159759
36090232 928.479990
36089976 929.795944
36088900 931.125342
36087552 932.441515
36087257 933.751138
36086786 935.080025
36086558 936.396744
36086190 937.714007
36086181 939.027745
36081238 940.353582
36080942 941.676901
36080357 942.999599
36079556 944.321499
36079431 945.640732
36078368 946.955877
36077504 948.271851
36077066 949.580973
36074365 950.906476
36073915 952.225198
36072634 953.529818
36071092 954.835139
36071026 956.155634
36069392 957.465017
36066682 958.774966
36066362 960.087267
36065749 961.405672
36064696 962.713035
36064293 964.033008
36064068 965.354867
36063667 966.669048
36062000 967.994458
36060939 969.303287
36060827 970.615524
36060150 971.947521
36059881 973.259987
36059323 974.562912
36057815 975.882643
36057094 977.198335
36056165 978.503086
36053070 979.812423
36052462 981.126073
36052023 982.430315
36049477 983.739492
36049352 985.039935
36048314 986.356888
36046980 987.661453
36046596 988.977742
36046169 990.292565
36045706 991.613429
36045705 992.927893
36043228 994.234219
36040354 995.545276
36039153 996.860976
36038893 998.171627
36038481 999.485258
36038174 1000.802601
36038170 1002.102467
36037610 1003.409515
36036943 1004.712038
36036287 1006.021111
36036143 1007.325122
36035655 1008.630691
36035278 1009.941601
36034653 1011.237348
36033528 1012.537742
36033016 1013.849261
36030186 1015.155638
36029544 1016.460958
36029440 1017.761952
36029364 1019.071164
36027886 1020.379045
36027398 1021.680982
36023279 1022.983631
36020971 1024.285792
36020265 1025.584661
36004337 1026.881411
36003852 1028.179102
36002099 1029.484774
36001911 1030.792350
36001703 1032.103529
36000978 1033.409688
35999698 1034.698594
35998707 1035.990941
35998078 1037.298605
35996976 1038.610164
35996888 1039.910865
35996297 1041.210206
35995714 1042.501095
35995707 1043.809669
35994386 1045.117954
35991953 1046.415033
35991703 1047.704046
35991489 1048.997722
35991157 1050.297719
35990983 1051.599588
35990711 1052.900834
35990019 1054.195579
35988639 1055.487869
35988261 1056.786763
35986464 1058.077012
35985422 1059.379814
35981999 1060.675223
35980495 1061.969934
35980488 1063.263403
35980310 1064.547711
35980253 1065.843508
35979862 1067.138215
35978562 1068.425130
35978388 1069.726550
35977257 1071.017060
35976613 1072.312305
35976384 1073.614064
35976204 1074.901826
35975777 1076.196461
35975612 1077.495281
35975573 1078.774631
35973771 1080.065756
35969251 1081.364525
35969160 1082.668219
35967848 1083.954897
35965834 1085.248772
35965593 1086.544881
35965151 1087.843768
35964646 1089.138327
35963274 1090.436623
35963190 1091.730634
35962791 1093.013946
35962436 1094.311207
35962396 1095.611152
35960780 1096.898582
35959878 1098.178959
35958720 1099.468850
35957750 1100.763272
35957549 1102.056337
35957298 1103.351589
35957129 1104.644068
35957114 1105.939547
35953680 1107.225587
35953490 1108.512067
35953355 1109.806094
35953255 1111.102201
35952915 1112.389843
35952203 1113.681401
35952018 1114.968558
35951196 1116.262890
35950288 1117.558462
35941590 1118.853495
35941315 1120.135064
35940032 1121.427733
35939914 1122.719548
35939605 1124.000519
35939107 1125.297000
35938155 1126.583818
35938127 1127.868648
35937520 1129.154184
35937145 1130.443908
35936094 1131.745106
35935847 1133.037118
35934925 1134.332604
35934819 1135.614564
35934661 1136.895640
35934285 1138.182265
35932845 1139.466587
35930044 1140.755223
35929337 1142.044468
35929139 1143.331679
35928051 1144.619669
35927796 1145.903630
35927379 1147.192585
35924486 1148.482823
35923988 1149.763681
35922592 1151.053656
35922395 1152.339314
35917628 1153.625264
35914737 1154.912929
35914680 1156.193097
35914309 1157.470785
35913965 1158.748349
35913854 1160.029574
35913610 1161.309512
35912904 1162.594723
35912759 1163.878677
35911965 1165.163053
35911321 1166.446528
35909953 1167.739377
35906421 1169.026445
35905668 1170.309462
35905475 1171.605656
35904340 1172.892340
35903922 1174.181627
35903122 1175.466306
35901414 1176.755478
35900892 1178.036033
35899989 1179.306261
35898233 1180.590587
35896631 1181.863405
35896550 1183.151682
35895845 1184.435862
35895659 1185.715378
35894227 1186.995581
35893414 1188.275580
35893411 1189.565768
35891856 1190.854684
35891658 1192.138406
35890899 1193.417855
35885769 1194.693551
35885044 1195.974176
35884079 1197.256170
35883814 1198.542162
35883671 1199.818073
35878974 1201.097939
35878172 1202.385755
35877854 1203.669236
35875961 1204.938345
35875395 1206.218397
35875241 1207.503868
35874112 1208.781088
35873565 1210.054877
35872754 1211.329463
35872229 1212.609067
35870771 1213.894165
35869567 1215.166418
35863682 1216.446161
35863244 1217.721745
35862455 1218.996484
35862239 1220.273466
35861812 1221.540150
35861341 1222.815020
35861186 1224.093217
35859903 1225.372296
35856376 1226.646652
35856041 1227.920181
35855380 1229.202308
35854650 1230.477448
35853748 1231.752711
35853636 1233.022771
35851235 1234.300965
35850826 1235.576958
35849888 1236.848950
35847583 1238.120535
35847574 1239.398314
35846050 1240.672187
35845049 1241.950177
35843588 1243.222395
35843236 1244.500446
35842845 1245.778417
35842559 1247.058731
35840878 1248.340083
35840796 1249.610781
35840548 1250.892609
35839421 1252.165483
35838833 1253.454123
35837996 1254.725512
35837568 1256.008628
35836302 1257.276012
35835378 1258.547365
35835019 1259.823990
35834388 1261.097374
35833715 1262.378879
35833313 1263.644915
35830897 1264.914947
35829829 1266.192981
35828572 1267.465073
35827498 1268.733884
35827290 1270.010655
35826332 1271.287930
35825876 1272.551369
35823436 1273.827358
35822820 1275.103570
35822681 1276.374288
35822017 1277.647033
35821380 1278.912024
35820566 1280.190132
35820095 1281.455735
35819853 1282.732343
35819837 1284.004226
35819566 1285.280113
35819519 1286.556050
35819350 1287.823637
35818254 1289.099550
35818067 1290.373339
35817957 1291.646489
35813619 1292.926211
35813455 1294.191310
35811896 1295.457350
35811766 1296.734831
35809678 1298.010908
35808719 1299.276072
35808614 1300.558095
35808536 1301.827250
35808012 1303.094127
35807882 1304.370094
35806135 1305.635868
35802352 1306.902034
35802184 1308.176378
35801478 1309.449543
35800860 1310.720214
35800567 1311.991199
35800539 1313.262211
35800137 1314.536133
35799143 1315.800882
35799088 1317.075909
35798499 1318.346659
35797982 1319.621101
35797514 1320.886403
35795167 1322.156871
35794055 1323.422611
35792135 1324.689354
35791655 1325.959743
35790656 1327.231932
35789797 1328.504769
35789335 1329.767284
35789145 1331.027390
35788701 1332.289431
35788655 1333.553977
35787682 1334.832214
35787526 1336.096315
35786806 1337.369512
35786265 1338.636808
35786221 1339.903620
35785946 1341.180981
35784654 1342.466366
35783310 1343.739812
35783098 1345.011449
35777791 1346.279615
35777649 1347.540292
35777604 1348.816255
35775672 1350.090561
35775290 1351.366036
35774831 1352.635726
35774456 1353.899373
35772969 1355.167999
35772842 1356.444249
35771678 1357.718957
35771267 1358.995090
35771029 1360.264887
35770740 1361.545351
35770500 1362.835564
35770415 1364.113441
35770116 1365.392737
35768818 1366.652593
35768719 1367.925241
35767588 1369.198141
35766711 1370.461249
35766635 1371.728223
35766494 1372.993913
35766347 1374.265641
35765245 1375.532636
35764962 1376.794681
35763315 1378.065607
35762884 1379.327977
35762696 1380.597766
35762526 1381.867862
35762298 1383.141417
35760003 1384.409951
35757943 1385.680278
35757887 1386.955209
35757752 1388.220289
35757428 1389.488002
35757270 1390.745721
35756455 1392.006668
35754200 1393.276842
35753448 1394.555200
35750987 1395.824095
35750340 1397.086532
35748490 1398.365309
35747090 1399.634589
35747071 1400.911240
35746185 1402.180764
35744765 1403.445816
35744335 1404.716466
35742098 1405.994574
35741574 1407.255262
35741455 1408.518269
35739721 1409.784566
35739420 1411.051478
35739249 1412.325696
35739151 1413.590880
35739045 1414.864230
35736468 1416.135955
35735130 1417.398409
35732957 1418.663526
35730470 1419.935094
35730036 1421.201607
35728926 1422.476937
35724997 1423.741924
35723250 1425.010110
35720550 1426.278173
35720300 1427.549500
35719901 1428.822624
35719596 1430.087778
35719216 1431.351701
35719211 1432.614855
35716191 1433.878592
35715597 1435.144536
35714233 1436.408255
35711480 1437.683447
35710007 1438.955429
35709973 1440.228353
35708544 1441.493030
35705446 1442.763095
35703252 1444.025851
35702723 1445.292047
35702675 1446.559091
35702020 1447.826962
35701705 1449.096793
35701371 1450.366909
35701283 1451.631434
35701085 1452.884521
35694801 1454.147282
35692638 1455.412488
35687950 1456.675274
35687365 1457.939426
35682458 1459.217149
35682361 1460.488002
35679495 1461.758109
35679368 1463.031839
35679088 1464.303309
35678122 1465.568490
35678012 1466.830506
35675670 1468.099359
35674524 1469.370074
35674217 1470.636791
35673492 1471.906364
35672615 1473.173289
35671342 1474.437687
35670726 1475.710938
35670043 1476.980905
35668708 1478.239260
35668627 1479.501817
35668295 1480.778076
35666809 1482.039708
35665182 1483.312337
35659802 1484.576968
35659234 1485.846219
35656161 1487.115242
35655986 1488.372993
35654996 1489.640848
35652927 1490.900584
35652524 1492.165395
35651756 1493.437478
35649468 1494.699726
35648963 1495.969764
35647929 1497.225853
35647247 1498.498400
35644498 1499.762134
35642293 1501.028235
35641761 1502.297376
35641120 1503.569550
35640905 1504.837652
35639414 1506.099091
35638826 1507.371899
35638316 1508.638458
35637209 1509.908592
35635754 1511.173131
35634962 1512.435933
35634483 1513.700343
35634414 1514.966577
35634365 1516.229615
35633767 1517.501973
35633608 1518.771857
35631904 1520.037631
35631003 1521.310613
35629733 1522.577622
35629093 1523.840247
35626548 1525.107694
35626475 1526.367882
35626406 1527.633963
35626190 1528.899527
35625644 1530.166572
35625593 1531.434967
35625081 1532.703742
35624457 1533.961368
35624451 1535.220638
35624234 1536.482993
35622587 1537.746779
35622566 1539.007166
35620791 1540.269873
35619739 1541.536154
35619483 1542.805191
35618968 1544.065811
35618772 1545.322770
35618769 1546.592263
35618466 1547.856458
35615696 1549.112027
35615091 1550.380890
35610970 1551.633618
35607510 1552.898454
35604324 1554.169343
35604267 1555.436986
35604221 1556.692874
35602163 1557.964855
35600900 1559.232003
35600563 1560.501003
35599845 1561.770963
35598644 1563.039452
35598443 1564.303956
35598244 1565.572323
35597982 1566.833378
35596594 1568.096056
35595107 1569.363773
35595043 1570.632064
35593942 1571.891201
35593897 1573.152811
35592798 1574.412776
35591251 1575.677400
35590729 1576.939235
35589711 1578.194651
35586899 1579.462902
35586701 1580.719837
35586641 1581.985290
35585862 1583.248264
35584884 1584.513261
35583706 1585.782033
35583646 1587.048295
35582151 1588.310765
35581275 1589.573950
35578217 1590.836286
35576757 1592.098820
35576173 1593.357884
35575029 1594.621175
35574432 1595.883112
35574021 1597.143680
35572313 1598.408060
35572240 1599.670655
35571795 1600.931869
35571788 1602.199923
35568254 1603.457596
35566897 1604.719603
35566425 1605.979786
35565779 1605.979791
35565144 1607.250377
35564893 1608.521626
35563541 1609.780629
35562922 1611.040336
35562082 1612.302473
35561964 1612.302478
35560860 1613.562489
35560500 1614.826432
35559771 1616.098661
35558959 1617.360258
35554877 1618.630263
35554790 1619.893824
35554730 1621.156467
35554403 1622.419657
35554334 1622.419662
35553700 1623.685932
35551929 1624.957711
35551095 1626.220078
35547788 1627.485486
35545225 1628.748971
35544860 1630.013727
35541478 1630.013732
35541398 1631.284009
35541392 1632.543100
35540126 1633.811653
35539990 1635.076742
35539919 1636.339558
35539655 1637.600090
35539318 1638.868844
35537807 1640.133070
35537453 1641.394685
35533039 1642.664627
35531596 1643.926390
35531001 1645.187617
35529956 1646.453686
35529020 1647.717628
35527461 1648.982855
35525781 1650.248322
35524555 1651.504939
35524397 1652.768345
35524035 1654.028710
35523200 1655.292045
35522277 1656.561901
35522024 1657.827865
35521923 1657.827870
35521245 1659.090342
35521195 1660.357074
35520963 1661.633339
35518300 1661.633344
35517677 1662.899802
35516416 1664.165390
35515994 1664.165395
35515764 1665.431566
35514818 1666.709366
35514124 1666.709373
35512202 1667.971199
35511902 1669.230907
35508587 1670.500148
35508394 1671.763131
35504284 1673.028081
35503155 1674.291383
35502229 1675.551783
35502198 1676.820433
35500306 1678.087579
35499709 1679.353634
35499512 1680.612818
35499320 1681.881241
35498457 1683.147366
35498186 1684.406862
35497207 1685.681184
35496975 1686.949781
35495669 1688.219574
35495625 1689.481526
35494492 1689.481531
35494162 1690.750642
35493733 1692.016975
35492304 1692.016980
35489508 1693.285722
35487404 1694.554041
35485918 1695.829201
35485364 1697.088501
35485312 1698.360327
35485135 1699.630540
35484656 1700.897462
35484250 1702.171534
35484132 1703.429096
35483867 1704.695602
35483540 1704.695607
35481028 1705.962630
35480928 1707.224666
35476132 1707.224670
35475936 1708.496281
35475919 1709.763638
35475692 1711.029556
35475657 1712.292935
35475379 1712.292941
35473832 1713.557427
35473682 1714.821673
35472994 1716.092350
35472643 1717.354651
35471567 1718.624107
35471368 1719.899207
35471359 1719.899212
35467232 1719.899215
35467042 1721.167207
35467028 1722.434089
35466887 1723.707254
35465840 1724.974909
35464607 1724.974915
35462844 1726.234806
35460193 1727.506915
35459557 1728.777529
35459049 1730.043161
35455959 1731.309086
35453989 1732.576556
35452277 1733.850992
35451748 1735.116139
35449934 1736.381684
35449824 1737.649517
35448104 1738.918424
35448101 1740.185936
35448099 1741.459314
35447447 1742.727116
35446427 1743.990439
35446363 1745.261227
35443666 1746.516074
35442759 1747.788236
35442402 1749.055896
35442074 1750.331465
35442010 1751.601276
35442004 1752.871971
35437452 1754.140586
35437389 1755.406385
35437242 1756.676358
35436952 1757.945112
35435582 1759.214492
35434772 1760.481703
35434562 1761.747535
35431935 1763.017689
35430192 1764.284953
35429643 1765.543362
35429060 1766.807771
35428790 1768.077878
35428311 1769.352418
35426575 1770.617422
35426567 1771.883773
35426180 1773.155545
35420768 1773.155550
35420132 1774.420467
35419480 1775.697370
35416493 1776.968746
35415328 1778.238230
35414179 1779.516591
35414083 1780.788566
35414028 1782.055702
35412233 1783.322228
35412204 1784.590419
35411568 1785.863490
35411436 1787.136088
35411262 1788.398201
35410827 1789.665825
35410461 1790.935564
35408802 1792.197997
35408796 1793.473127
35408651 1794.742592
35408337 1796.015650
35406412 1796.015655
35405218 1797.285426
35403857 1798.556158
35403209 1799.826126
35402429 1801.099131
35400874 1802.368449
35400502 1803.636938
35398705 1804.908449
35398703 1804.908455
35395740 1806.182251
35395258 1807.455896
35394761 1808.725263
35394334 1809.992823
35394020 1811.267693
35391852 1812.537922
35390503 1812.537927
35389748 1813.817862
35388621 1815.091340
35388614 1816.368779
35388272 1817.637871
35387733 1817.637876
35382395 1817.637879
35382067 1818.912878
35381053 1820.183078
35380504 1821.455957
35379880 1822.729423
35379710 1823.997702
35378080 1825.277174
35378009 1826.547040
35377074 1827.825985
35374751 1829.093218
35374105 1830.367223
35372173 1831.639262
35370533 1832.919668
35367948 1834.193935
35366225 1835.463574
35365536 1836.739731
35365426 1838.010576
35365391 1839.291194
35365028 1840.570292
35364384 1841.849848
35363733 1843.123079
35363504 1844.400428
35360732 1845.670254
35359842 1846.946672
35359794 1848.224075
35357819 1849.497599
35357062 1850.776315
35356928 1852.050560
35356854 1853.331613
35356287 1853.331618
35354207 1854.620053
35352631 1855.904434
35350292 1857.180317
35348591 1858.452776
35348077 1859.731594
35346331 1861.013744
35346111 1862.289599
35345291 1863.564515
35345187 1864.841602
35344512 1866.117011
35341989 1867.387684
35341916 1868.660709
35341422 1869.939123
35337659 1871.217609
35337472 1872.492969
35335274 1873.766786
35335249 1875.045601
35333675 1876.327133
35333128 1877.604608
35332784 1878.883145
35329712 1880.162542
35328226 1881.443897
35327684 1882.717418
35327179 1883.994461
35326201 1885.274745
35323919 1886.550604
35322764 1887.833906
35317947 1889.110176
35314489 1890.395254
35314462 1891.677104
35313862 1892.956023
35312912 1894.239841
35311275 1895.523999
35311263 1896.803912
35310959 1898.092236
35309234 1899.369975
35309161 1900.646417
35308667 1901.915973
35308566 1903.191461
35308309 1904.473547
35307723 1905.758116
35306793 1907.042552
35306618 1908.324870
35306562 1909.605161
35304614 1909.605166
35304226 1910.886675
35303579 1912.170481
35302106 1913.447429
35301208 1914.720619
35301127 1915.999820
35299802 1917.282557
35297707 1918.565366
35296914 1918.565371
35295095 1919.847252
35294810 1921.133351
35293028 1922.413383
35292801 1923.700038
35292344 1923.700043
35292227 1923.700044
35291245 1924.993493
35288284 1924.993498
35286902 1926.280374
35284602 1927.558766
35284160 1928.846258
35283164 1930.124021
35282133 1931.408244
35280746 1932.692980
35280502 1933.975728
35279867 1933.975733
35279726 1935.257729
35278806 1935.257734
35278283 1936.539980
35276981 1937.819380
35275421 1939.106538
35275196 1939.106542
35272630 1940.385811
35271908 1941.669501
35271785 1942.951494
35266816 1944.238138
35266555 1945.522880
35266151 1946.816084
35265324 1948.098480
35264085 1949.383458
35263761 1950.665494
35263478 1950.665499
35263195 1951.940868
35262549 1953.235692
35262255 1953.235697
35261096 1954.522164
35258959 1954.522169
35258886 1955.809278
35257391 1957.102602
35255606 1958.384463
35254316 1959.666545
35253480 1960.948957
35252872 1962.237402
35252444 1963.524536
35252442 1963.524541
35251046 1963.524543
35251004 1964.816291
35250936 1964.816297
35250535 1966.104398
35249398 1966.104404
35248449 1967.405139
35248146 1967.405146
35248142 1968.692258
35248054 1969.976990
35247354 1969.976996
35247017 1969.976997
35246956 1971.266201
35246355 1971.266206
35245282 1971.266208
35245053 1972.559295
35244818 1972.559301
35242374 1972.559303
35241699 1973.852719
35239420 1975.133608
35239048 1975.133614
35238959 1976.425460
35237221 1976.425465
35236939 1977.713724
35236626 1979.006970
35235728 1979.006975
35234001 1980.288856
35233423 1981.573482
35232379 1982.853456
35231172 1982.853461
35230322 1984.136762
35228922 1985.417292
35228848 1986.713740
35228530 1987.997878
35227211 1987.997882
35225821 1989.288088
35225572 1990.585826
35224489 1991.880116
35222893 1993.170534
35222864 1994.462351
35221335 1995.753321
35220576 1997.042482
35218555 1998.333382
35217950 1999.628683
35217119 2000.925550
35215935 2002.225439
35209593 2003.507406
35208100 2004.806644
35205648 2006.099958
35204375 2007.394458
35203078 2008.682116
35202222 2009.979918
35201111 2011.279224
35200768 2012.579384
35200024 2013.873915
35197357 2015.166135
35196934 2016.461749
35196253 2017.749840
35193078 2019.046421
35192128 2020.347469
35189200 2021.641820
35189090 2022.941722
35187693 2024.240954
35187209 2025.532804
35186840 2026.826824
35184177 2028.118528
35184119 2029.420028
35183836 2030.714955
35182369 2032.016018
35180772 2033.313708
35180604 2034.618862
35180116 2035.920356
35179759 2037.216955
35177231 2038.509405
35177194 2039.815647
35176896 2041.116699
35176445 2042.410592
35175954 2043.710740
35175757 2045.011097
35175511 2046.306953
35174511 2046.306958
35174313 2047.597698
35173327 2047.597703
35171493 2048.890580
35169954 2050.190573
35169886 2051.495084
35168405 2052.793503
35167983 2054.095730
35165486 2055.386667
35164017 2056.687405
35163120 2057.979679
35161694 2059.274899
35160843 2059.274903
35160775 2060.572186
35160715 2061.871923
35159593 2061.871928
35156040 2063.171043
35155559 2064.479671
35155518 2065.783032
35154134 2065.783036
35153814 2067.085459
35153534 2068.383504
35151836 2069.680534
35151660 2070.976666
35151244 2072.269485
35150063 2073.572766
35147056 2074.875285
35146232 2076.174503
35146173 2077.479566
35145149 2078.784180
35142535 2080.093676
35142247 2081.395067
35140004 2082.710787
35138986 2084.011356
35138750 2085.310977
35137368 2086.619270
35136508 2087.916107
35135951 2089.223206
35134946 2090.526649
35133836 2091.831838
35133227 2093.136030
35130170 2094.441562
35128467 2095.751180
35128273 2097.055147
35127684 2098.367858
35126274 2099.670261
35122315 2100.976755
35120594 2102.280112
35116503 2103.576481
35116240 2104.878360
35115702 2106.185225
35114961 2107.482960
35114933 2108.790088
35114859 2110.099078
35113442 2111.403269
35111971 2112.707096
35111292 2114.010206
35107919 2115.316439
35106800 2116.613324
35106652 2117.922486
35106393 2119.234417
35104724 2120.534155
35103016 2121.837559
35101105 2123.145414
35099740 2124.457191
35099647 2125.770477
35098815 2127.075714
35097836 2128.385196
35097022 2129.696544
35096725 2131.000589
35095795 2132.312904
35095122 2133.617059
35094678 2134.915890
35093867 2136.228656
35093464 2137.536520
35093174 2138.848365
35092329 2140.158811
35090813 2141.469631
35089344 2142.774306
35089293 2144.083491
35087274 2145.393172
35085443 2146.704139
35085092 2148.012303
35084026 2149.327993
35083896 2150.633164
35083740 2151.948515
35080787 2153.257489
35079318 2154.569223
35077901 2155.877127
35077764 2157.191656
35075414 2158.505758
35072979 2159.822833
35070484 2161.124422
35070313 2162.433854
35068952 2163.747405
35068862 2165.047600
35068370 2166.362282
35065687 2167.666145
35065339 2168.975072
35064413 2170.290862
35063084 2171.606593
35061501 2172.918962
35060004 2174.227592
35060003 2175.538445
35059943 2176.855830
35058997 2178.171028
35057744 2179.480643
35055332 2180.796029
35055138 2182.100595
35054637 2183.413353
35054421 2184.729101
35053205 2186.046370
35051168 2187.358859
35048571 2188.670446
35043526 2189.993528
35042797 2191.310024
35040973 2192.622072
35040740 2193.939491
35040580 2195.253017
35038331 2196.576876
35038045 2197.893683
35036937 2199.201239
35035837 2200.510880
35033268 2201.823196
35032830 2203.139527
35032701 2204.453176
35031282 2205.767115
35030695 2207.079951
35030617 2208.396518
35028700 2209.715721
35026972 2211.029905
35026917 2212.340110
35026782 2213.665907
35026582 2214.973798
35026175 2216.293895
35022641 2217.615840
35022306 2218.933886
35022207 2220.253580
35021716 2221.559789
35021244 2222.878248
35021158 2224.188797
35021156 2225.511331
35019192 2226.815827
35018548 2228.128557
35017212 2229.448114
35014936 2230.757037
35014447 2232.078880
35014422 2233.388986
35014309 2234.699403
35010612 2236.014199
35007948 2237.328186
35006852 2238.648087
35005909 2239.968927
35004741 2241.288182
35004081 2242.605606
35003901 2243.929265
35001826 2245.247562
35000598 2246.564754
34999192 2247.889555
34999094 2249.210868
34998646 2250.526366
34997310 2251.851618
34996277 2253.177980
34995485 2254.499791
34995238 2255.828854
34993895 2257.150262
34992965 2258.476960
34992125 2259.796184
34992100 2261.112497
34991472 2262.434156
34990768 2263.753500
34990565 2265.078388
34990261 2266.400791
34989568 2267.731602
34989179 2269.056272
34988721 2270.373011
34987309 2271.699477
34986431 2273.024007
34986010 2274.346718
34985401 2275.672918
34985329 2275.672923
34984660 2276.994718
34983361 2278.319709
34982314 2279.639059
34982066 2280.965305
34981168 2282.291660
34980819 2283.610418
34979795 2284.941771
34978835 2286.268549
34977738 2287.591262
34976345 2288.923617
34976289 2290.248070
34975151 2291.569865
34975074 2291.569869
34974061 2292.898130
34973367 2294.226816
34970915 2294.226821
34969778 2295.544847
34969235 2296.871786
34969088 2298.199710
34968273 2299.527350
34966843 2300.863114
34966686 2302.197864
34966655 2302.197868
34966547 2303.527192
34965603 2303.527197
34963831 2304.850051
34962880 2306.171775
34962433 2306.171780
34957491 2307.502677
34957447 2308.829580
34956515 2310.159509
34955844 2311.482019
34954237 2312.808556
34950115 2314.133074
34948406 2315.465935
34948063 2316.801309
34946176 2318.124938
34945573 2319.455990
34945164 2320.791726
34943537 2322.114391
34941975 2323.440511
34941155 2324.769685
34940013 2326.094299
34938600 2327.419159
34936730 2328.749095
34936377 2330.071827
34935823 2331.408113
34933466 2332.741451
34932925 2334.079552
34932240 2335.414902
34932195 2336.740702
34929324 2338.080250
34928941 2339.420622
34928627 2340.753513
34926123 2342.083096
34924870 2343.421807
34924856 2344.747346
34924551 2346.074622
34923305 2347.402203
34917200 2348.735303
34915742 2350.072624
34915240 2351.403530
34914278 2352.739692
34913456 2354.075001
34912989 2355.402518
34912957 2356.733507
34912407 2358.078669
34912359 2359.415443
34911617 2359.415447
34908239 2360.754673
34907902 2362.089208
34907284 2363.420876
34907211 2364.754048
34905970 2364.754053
34905415 2366.081898
34905252 2367.419707
34904207 2368.758621
34903632 2370.097487
34903311 2370.097492
34903110 2371.431200
34900825 2371.431205
34900584 2372.765764
34898783 2374.103801
34898499 2375.449844
34898242 2376.782793
34896419 2376.782797
34896271 2378.118904
34895994 2378.118909
34892708 2379.450570
34892445 2380.790652
34889892 2382.121435
34888825 2383.464644
34888066 2384.806570
34886254 2384.806575
34885230 2386.141164
34884982 2387.485081
34883488 2388.825225
34882203 2390.163578
34880878 2391.505173
34880288 2392.839856
34880035 2394.178463
34879424 2395.517557
34878730 2395.517583
34878508 2396.865002
34878072 2396.865007
34875633 2398.198127
34874984 2399.531960
34874374 2400.869371
34873598 2400.869376
34873193 2402.207439
34873162 2402.207444
34870668 2403.547536
34870194 2404.898501
34869801 2404.898508
34869667 2406.242351
34869433 2406.242357
34867321 2407.577579
34867122 2407.577584
34867018 2408.918377
34866957 2408.918382
34866325 2410.262760
34864581 2410.262765
34863776 2411.593464
34863774 2411.593469
34863654 2412.943715
34861014 2412.943720
34860966 2414.287896
34858597 2415.623185
34857345 2416.968067
34855832 2418.307403
34855468 2419.641928
34855427 2420.979784
34854506 2422.315609
34853843 2423.653700
34853619 2425.006628
34853191 2426.360700
34850119 2427.703723
34848207 2429.044898
34847062 2430.393290
34847023 2431.738474
34846183 2433.088060
34846052 2434.430499
34844650 2435.779730
34843179 2437.130762
34843020 2438.472252
34842396 2439.813474
34842243 2441.161566
34841325 2442.505342
34839125 2443.845333
34838613 2445.185687
34838112 2446.529573
34834506 2447.883048
34832885 2449.220577
34831692 2450.569275
34831596 2451.910461
34831353 2453.260522
34830598 2454.621442
34828069 2455.972908
34826140 2457.318305
34825312 2458.667129
34824704 2460.012057
34823976 2461.357485
34823688 2461.357489
34823271 2462.703513
34822338 2464.055266
34822194 2464.055271
34821994 2465.404649
34820561 2465.404653
34818246 2466.771286
34816355 2468.139048
34815326 2469.494369
34812026 2470.844193
34811936 2472.185564
34810934 2473.541148
34810005 2474.897141
34808180 2476.248656
34808146 2477.599956
34807675 2478.952543
34807421 2480.307842
34806398 2481.662014
34806292 2483.012569
34805200 2484.360222
34802660 2485.715180
34801874 2487.074873
34800589 2488.424177
34799610 2489.776992
34799562 2491.119831
34797780 2492.477086
34797311 2493.830540
34796548 2493.830545
34795805 2495.175857
34794812 2496.531795
34794552 2497.881534
34794424 2499.245988
34793160 2500.596916
34793000 2501.949872
34792203 2503.306235
34790246 2504.663055
34789049 2506.019940
34788640 2507.372573
34788035 2508.739419
34786803 2510.098402
34786235 2511.457370
34784693 2512.813349
34783730 2514.166020
34782913 2515.519065
34781653 2516.868972
34780597 2518.232530
34779198 2519.601932
34779093 2520.959698
34778609 2522.315940
34778406 2522.315944
34778043 2523.676421
34777783 2525.031599
34777705 2525.031604
34777064 2526.393781
34775450 2526.393785
34774871 2527.757370
34772333 2529.116193
34771410 2530.476851
34771076 2531.834531
34770747 2533.192335
34769995 2534.555949
34769929 2535.922474
34768541 2537.285907
34767482 2538.647309
34766524 2540.004881
34766462 2541.376044
34766096 2542.745779
34765037 2544.113298
34763541 2545.480432
34763419 2546.841967
34763314 2548.205783
34762634 2549.575644
34761603 2550.934504
34761439 2552.299601
34761425 2553.656943
34760585 2553.656947
34760528 2553.656949
34759886 2555.021270
34759269 2556.387375
34759262 2556.387379
34758598 2557.756860
34756957 2559.120767
34756485 2560.483129
34755729 2560.483133
34754709 2561.859472
34754217 2563.224175
34754063 2563.224179
34753621 2564.587185
34752547 2565.942581
34752280 2567.313102
34751960 2567.313108
34751457 2568.683842
34750245 2568.683848
34749958 2570.053743
34748846 2571.415576
34748654 2572.779514
34748390 2572.779521
34748049 2574.148588
34746475 2574.148593
34745525 2575.521350
34745521 2576.889844
34744676 2576.889850
34744072 2578.254720
34744037 2579.626016
34744020 2579.626022
34742751 2580.992739
34741942 2582.358114
34741306 2583.724473
34739985 2585.097757
34739597 2586.478543
34739363 2587.851825
34737692 2589.225693
34737076 2590.600606
34735950 2591.975517
34735326 2593.345941
34734754 2594.722033
34733427 2596.090200
34733291 2597.470562
34732816 2598.843208
34731608 2598.843212
34731445 2600.211324
34729300 2601.582696
34728472 2602.957852
34726925 2604.341808
34726013 2605.716370
34725041 2607.085712
34724572 2608.456794
34723763 2608.456799
34721710 2609.828781
34721696 2611.202415
34720896 2612.569089
34720213 2613.942296
34719879 2615.315528
34718517 2616.685639
34718365 2618.058728
34718003 2619.429434
34717121 2620.799240
34715865 2622.170912
34715573 2623.544367
34714012 2624.925090
34713183 2626.301595
34712797 2627.675090
34711473 2629.044555
34710988 2630.424873
34709835 2631.798892
34708584 2633.174023
34708170 2634.554759
34706720 2635.927215
34706354 2637.307708
34705542 2638.688354
34704605 2640.059658
34703598 2641.433444
34702925 2642.814821
34702659 2644.194715
34701963 2645.571115
34701912 2646.949623
34700012 2646.949627
34698298 2648.320797
34695826 2649.704513
34694794 2651.076704
34694217 2652.452250
34693411 2653.825990
34693289 2655.207546
34692802 2656.590527
34690923 2657.969990
34689705 2659.347997
34689549 2660.730054
34687936 2662.106685
34687922 2663.489171
34685472 2664.865480
34685372 2666.241894
34684432 2667.617950
34683887 2669.003047
34682416 2670.384235
34682362 2671.764765
34682032 2673.155453
34681940 2674.539444
34681461 2674.539449
34681161 2675.922876
34680528 2675.922881
34679381 2677.304428
34677813 2678.682765
34676446 2680.066940
34674499 2681.449940
34673977 2682.841106
34673611 2684.226501
34673416 2685.615430
34672754 2685.615435
34671888 2686.999985
34671853 2686.999990
34671101 2688.383457
34671082 2689.764275
34669195 2689.764280
34668482 2691.151219
34668321 2692.533000
34667558 2692.533005
34667100 2693.916682
34665586 2695.307813
34665172 2696.694539
34664764 2696.694544
34664430 2698.076581
34664201 2699.464431
34663885 2699.464436
34663880 2700.853314
34663097 2700.853320
34662008 2700.853321
34659837 2702.240668
34659530 2703.623016
34658627 2705.007903
34658041 2706.392033
34657691 2707.785461
34657227 2709.171731
34656311 2710.558408
34653197 2711.941505
34652670 2713.327613
34652274 2714.715913
34651685 2714.715919
34649004 2716.099783
34648344 2717.494403
34646485 2718.879516
34645995 2720.265224
34645111 2721.657033
34644240 2723.044712
34644126 2724.432955
34643306 2725.822339
34640888 2727.213039
34640693 2728.597686
34640460 2729.985983
34639436 2731.377944
34637448 2732.770504
34637026 2734.164656
34636509 2735.558825
34636374 2736.952849
34635894 2738.343863
34635602 2739.744379
34635547 2741.137201
34635481 2741.137206
34634950 2741.137209
34633835 2742.523093
34633635 2742.523100
34632645 2743.911929
34632536 2743.911935
34632374 2745.305025
34632118 2745.305031
34629502 2746.697556
34628710 2748.095088
34627602 2749.492881
34627546 2750.880903
34627389 2752.271838
34626789 2752.271842
34626564 2753.671672
34623850 2753.671677
34623497 2755.061146
34621916 2756.456379
34621268 2757.854106
34620111 2759.249521
34619542 2760.646761
34618501 2762.040650
34618086 2763.438606
34617700 2764.842037
34616076 2766.236838
34615436 2767.631963
34614587 2769.026234
34614569 2769.026239
34614222 2770.418475
34614187 2771.808033
34613995 2773.204078
34610323 2773.204083
34609913 2774.597416
34609481 2775.991789
34607663 2777.378944
34607422 2778.779868
34605183 2780.175352
34601700 2781.584107
34600355 2782.980277
34600242 2784.378985
34600007 2785.775947
34599221 2785.775952
34599043 2787.176008
34598903 2788.579625
34598890 2788.579630
34598590 2789.984995
34598162 2791.388070
34596535 2792.792076
34593907 2794.188441
34593463 2795.594280
34592828 2796.995735
34589746 2798.389464
34589225 2799.790160
34588421 2801.186308
34587471 2802.576638
34586352 2803.978587
34585441 2805.372298
34584781 2806.778505
34584422 2808.178284
34583298 2809.578033
34582789 2810.985776
34581696 2812.385308
34580382 2813.794389
34580102 2815.193847
34579965 2816.597342
34579551 2817.999216
34578957 2819.402658
34578414 2820.809155
34575801 2822.212790
34575010 2823.611213
34574693 2825.013006
34574213 2826.417210
34571349 2827.820716
34571303 2829.223879
34568953 2830.627137
34568644 2832.030021
34568315 2833.435090
34568292 2834.849043
34567426 2836.255462
34567307 2837.662587
34566428 2839.066463
34565429 2840.468590
34565034 2841.883346
34563621 2843.285867
34563586 2844.691364
34563417 2846.088661
34562754 2847.496186
34561872 2848.906158
34561171 2850.317387
34560411 2851.727665
34559737 2853.133194
34558183 2854.535015
34557152 2855.937191
34555891 2857.338127
34555376 2858.737165
34553946 2860.146758
34551886 2861.554502
34550790 2862.968248
34550146 2864.377175
34549855 2865.789941
34549467 2867.203208
34549026 2868.615381
34548609 2870.022903
34547751 2871.440356
34547549 2872.851299
34546442 2874.265400
34546128 2875.674051
34545473 2877.087225
34544812 2878.495729
34543519 2879.902588
34543075 2881.311469
34542598 2881.311474
34542195 2882.727333
34541894 2884.141426
34540495 2885.552126
34539868 2886.962600
34538900 2888.377724
34538520 2889.783369
34538253 2891.196548
34537783 2892.608814
34537446 2894.020431
34536597 2895.426532
34536304 2896.837115
34536002 2898.245659
34535945 2898.245664
34535226 2899.655116
34534125 2901.073280
34534057 2901.073284
34533620 2902.486826
34532254 2903.902466
34530902 2905.322281
34530365 2906.737318
34526578 2908.161458
34526211 2909.581164
34526124 2911.001888
34524786 2912.420540
34522989 2913.841788
34521306 2915.257596
34520034 2916.669127
34519775 2918.084026
34519301 2919.503937
34518503 2920.927921
34518026 2922.345615
34517227 2922.345620
34516501 2923.764436
34515720 2925.187814
34515188 2926.610722
34514640 2928.034133
34514201 2928.034138
34513309 2929.460327
34512119 2930.883050
34511887 2932.295133
34511081 2933.713663
34510779 2935.141988
34509997 2936.559067
34508394 2937.979600
34508330 2939.401285
34507255 2940.827286
34506225 2942.251144
34505599 2943.681430
34504857 2945.103394
34504563 2946.520682
34504050 2947.941330
34503124 2949.368727
34503041 2950.791027
34501124 2952.214429
34500228 2953.646333
34500216 2955.070642
34499305 2956.491238
34499259 2957.917925
34498847 2959.340059
34498360 2960.765739
34498027 2962.189464
34497988 2962.189469
34497517 2963.612187
34496563 2965.039730
34494228 2966.466791
34493688 2967.898777
34493214 2969.327459
34492571 2970.760271
34491785 2972.185814
34487444 2972.185820
34487161 2973.618548
34486943 2975.044753
34485797 2976.475222
34485018 2977.901373
34484045 2979.331027
34483601 2980.758688
34483592 2982.197370
34483250 2983.627740
34482822 2985.056700
34482814 2986.478791
34482220 2987.921567
34481901 2989.352222
34481103 2990.787751
34480622 2992.222862
34480303 2993.652371
34480087 2995.090674
34479562 2996.519641
34478245 2997.949187
34476610 2999.383335
34476374 3000.810874
34475495 3002.240494
34474969 3003.673637
34474447 3005.107761
34473765 3006.535711
34473397 3007.966033
34472960 3007.966038
34472600 3009.395829
34472005 3010.830576
34471250 3012.257622
34471186 3013.696437
34470618 3015.131726
34470236 3016.562933
34469454 3017.999246
34468403 3019.432062
34467988 3020.868245
34467185 3022.307886
34466449 3023.740750
34465149 3025.170658
34464837 3026.608729
34463813 3028.041317
34463494 3029.479502
34461629 3030.916893
34461173 3032.359667
34459961 3033.797146
34458921 3035.237255
34458437 3036.678411
34456861 3038.117263
34454667 3039.555301
34454527 3040.985055
34453823 3042.424991
34452797 3043.868059
34452099 3045.305521
34451830 3046.748421
34451728 3046.748426
34451361 3048.185208
34450740 3048.185212
34450244 3049.621384
34449256 3049.621389
34448289 3051.053107
34446144 3052.496296
34445842 3053.939914
34445407 3053.939919
34442731 3055.384416
34442588 3056.823377
34441392 3058.260593
34440615 3059.692306
34440600 3061.136287
34438354 3062.580619
34438070 3064.021803
34437950 3065.462599
34437481 3066.906866
34437086 3068.346357
34436637 3069.790148
34436010 3069.790153
34435960 3071.233592
34433498 3071.233597
34433026 3072.666760
34430169 3074.101722
34429876 3075.547332
34429391 3076.994367
34428724 3078.429419
34427482 3079.868990
34426992 3081.318666
34426442 3082.769483
34425915 3084.211060
34425614 3085.659388
34423707 3087.106814
34423309 3088.554012
34423271 3090.002592
34422677 3091.445076
34422283 3092.896284
34421717 3092.896289
34420511 3094.338448
34420377 3095.780389
34420162 3097.224864
34419826 3098.671055
34419733 3098.671059
34416217 3100.111123
34415637 3101.557583
34415412 3103.007193
34415337 3104.455921
34415090 3104.455926
34414479 3105.909693
34414044 3107.355843
34413554 3108.800744
34412525 3110.252091
34412469 3111.704846
34412309 3113.145738
34411079 3114.589008
34410627 3116.039350
34410237 3116.039355
34409532 3117.489852
34409324 3117.489858
34409178 3118.946642
34408244 3118.946647
34407091 3120.398720
34406664 3121.847528
34405924 3123.301323
34405310 3123.301328
34404833 3124.751457
34402771 3126.198207
34401705 3127.644663
34401143 3129.091908
34400499 3130.540055
34400044 3131.989531
34399880 3133.437012
34398416 3134.887359
34397248 3136.342993
34396245 3137.802304
34396010 3139.251079
34394825 3140.694750
34394237 3142.149258
34392710 3143.602027
34392519 3145.058100
34392234 3146.514673
34392215 3147.965621
34391138 3149.423208
34390593 3150.876620
34390092 3152.319714
34389334 3152.319718
34389274 3153.780983
34388754 3155.236743
34387899 3156.686615
34386942 3158.153561
34385070 3159.610487
34383285 3161.067184
34382613 3162.523104
34382459 3163.980686
34382182 3165.443574
34381644 3166.908378
34381415 3168.368760
34380831 3169.829359
34379835 3171.287614
34379499 3172.741755
34377507 3174.203292
34376828 3175.661389
34376192 3177.118075
34375936 3178.570887
34375687 3180.033348
34374869 3181.491267
34374826 3182.951355
34374580 3184.413282
34374023 3185.868724
34373112 3187.338801
34372616 3188.800513
34372008 3188.800518
34371779 3190.258692
34371459 3190.258697
34370950 3191.717783
34370515 3193.176422
34370299 3194.642415
34369471 3196.106314
34368876 3197.569816
34368054 3199.028262
34367030 3200.494348
34366526 3201.958113
34366488 3203.424392
34365352 3204.889279
34364876 3206.356377
34364771 3207.813609
34364469 3209.272515
34364152 3209.272519
34364042 3210.733744
34363852 3210.733749
34363601 3212.193241
34363157 3212.193245
34362956 3213.656983
34362932 3213.656988
34362721 3215.122144
34362378 3215.122149
34361811 3216.587170
34361395 3218.044961
34360171 3218.044967
34359976 3219.503680
34358001 3220.975250
34357594 3222.444109
34356807 3223.908833
34356233 3225.385262
34355884 3226.852367
34355755 3228.315705
34355117 3229.784981
34352147 3231.251217
34349518 3232.715200
34347780 3234.177864
34347687 3235.645831
34347404 3237.113376
34346520 3238.583205
34345576 3240.056152
34344156 3241.526436
34343934 3242.997263
34343877 3244.469229
34343489 3245.943831
34343191 3247.411343
34343035 3248.880900
34342770 3250.350170
34342681 3251.826651
34341983 3253.296491
34341613 3254.767840
34341185 3256.237891
34340628 3257.709984
34340453 3259.181100
34339785 3260.643557
34339582 3262.116462
34339557 3263.583921
34338946 3265.058548
34338777 3266.525682
34336865 3267.998557
34335967 3269.476875
34334950 3270.951869
34334842 3272.426495
34334211 3273.905015
34333910 3275.383605
34333459 3276.859187
34333432 3278.329799
34333270 3279.807441
34333016 3281.290244
34332674 3282.769784
34332048 3284.247547
34331908 3285.719042
34331706 3287.191530
34331503 3288.665397
34329667 3288.665403
34329197 3290.140695
34329116 3291.622899
34328275 3293.098317
34326978 3294.570448
34325392 3296.045672
34325356 3297.520342
34325138 3298.994281
34323983 3300.470633
34323885 3301.956357
34323678 3303.427732
34323036 3304.899168
34322113 3306.378708
34321840 3307.853592
34321454 3309.329806
34320683 3310.808961
34319946 3312.295292
34319469 3313.773338
34319363 3315.249785
34317641 3316.733488
34317415 3318.204088
34317019 3319.690736
34316835 3321.168512
34316760 3322.646431
34315659 3324.123886
34314252 3325.609525
34314076 3327.092475
34313638 3328.569526
34313061 3330.047963
34312846 3331.526366
34310643 3333.006233
34310594 3334.490132
34310362 3335.970532
34310304 3337.456409
34310202 3338.938290
34309116 3338.938295
34309029 3340.413069
34306683 3341.893095
34305232 3343.383357
34304023 3344.865018
34303752 3346.345593
34303283 3347.824618
34302861 3349.304348
34302590 3350.789543
34302324 3352.273221
34302201 3353.758491
34301926 3355.240800
34301474 3356.726152
34301057 3358.204794
34300829 3359.695709
34300618 3361.188088
34300191 3362.671112
34299830 3364.155952
34299480 3365.641585
34298955 3367.116626
34298653 3368.606799
34298427 3370.092038
34298113 3371.577146
34297889 3373.061821
34297335 3374.550121
34295523 3376.027279
34294904 3377.511082
34294478 3378.998304
34293891 3380.488556
34293371 3381.973991
34293062 3383.454043
34292794 3384.946243
34292409 3386.436466
34291526 3387.916733
34291295 3389.398821
34290979 3390.891410
34290816 3390.891415
34290713 3392.377792
34290104 3393.865731
34289842 3395.363555
34289821 3396.849857
34289388 3396.849861
34288580 3398.339183
34288327 3399.831273
34287015 3401.320546
34286735 3402.809768
34286432 3404.299392
34285144 3405.790355
34284552 3407.277875
34283868 3408.763734
34283710 3410.250037
34283072 3411.740869
34282446 3413.233159
34282200 3414.719455
34282016 3416.209421
34281936 3417.701375
34281601 3419.191429
34281429 3420.686268
34280759 3422.170067
34280342 3423.653491
34279788 3425.147322
34279718 3426.639152
34279546 3428.122528
34279372 3429.608028
34279192 3431.109987
34279064 3432.605630
34278937 3432.605635
34278696 3434.087393
34277754 3435.579448
34277588 3437.071904
34276971 3438.570659
34276963 3440.065055
34276767 3441.549972
34276276 3443.042562
34276005 3444.534197
34274660 3444.534203
34274207 3446.025841
34273810 3447.512222
34273526 3449.004887
34273179 3450.502049
34272757 3452.001197
34271261 3452.001202
34270817 3453.493357
34270731 3454.987237
34270073 3456.478752
34269489 3457.969250
34268802 3459.456804
34268788 3460.945332
34268678 3462.450211
34268395 3463.948567
34268292 3465.450444
34268209 3466.940589
34265945 3468.434569
34265832 3469.925344
34265262 3471.416561
34265014 3472.917391
34264395 3474.415764
34261683 3475.909566
34260682 3477.402770
34259854 3478.898622
34259619 3480.399478
34259229 3481.885243
34258118 3483.375423
34257821 3484.879978
34257637 3486.372434
34257330 3487.868101
34257040 3489.364645
34256726 3490.854439
34256641 3492.352288
34256623 3493.845065
34256404 3493.845070
34256278 3495.348113
34256065 3495.348118
34255671 3496.853550
34254509 3498.354322
34254304 3499.850431
34253882 3501.345443
34253685 3502.845824
34253581 3504.350711
34253580 3505.847435
34253212 3505.847440
34253183 3507.354297
34253025 3507.354302
34252993 3507.354304
34251963 3508.862927
34251571 3510.356953
34250574 3511.860007
34250229 3513.359613
34250105 3514.862116
34249680 3516.369635
34249595 3517.866781
34249045 3519.368592
34248918 3520.868717
34248860 3522.368507
34248657 3523.864310
34246316 3525.357587
34246195 3526.861764
34246121 3528.360560
34245961 3529.871481
34245415 3531.370050
34244772 3532.877050
34243262 3532.877055
34243094 3534.381540
34242233 3535.886359
34242113 3537.382928
34241975 3538.883390
34241757 3540.382132
34239696 3541.880625
34239483 3543.383318
34239173 3544.883607
34239031 3546.380292
34238556 3547.871997
34238075 3549.370670
34238065 3550.875102
34237490 3552.376840
34237210 3553.874846
34236583 3555.375166
34235864 3556.877148
34235779 3558.374674
34235366 3559.872341
34235125 3561.365549
34234829 3562.866194
34234388 3564.374618
34233755 3565.871059
34233514 3567.379275
34233415 3568.882735
34232541 3570.391487
34232021 3571.896683
34231753 3573.406752
34231580 3574.903737
34231433 3576.407202
34231431 3577.915590
34231347 3579.409926
34231260 3580.910859
34230698 3582.409796
34230433 3583.908526
34230163 3585.410809
34229938 3586.908333
34229678 3588.408905
34229435 3589.906779
34229148 3591.409862
34228803 3592.911680
34228165 3594.416991
34227873 3595.920753
34227803 3597.421650
34226184 3598.913324
34224827 3600.414341
34224738 3601.909002
34224406 3603.415386
34224371 3604.920165
34222397 3606.423600
34221960 3607.921973
34221779 3609.418045
34221457 3610.918886
34221244 3612.422299
34221003 3613.923001
34220928 3615.420398
34220763 3616.914898
34220559 3618.413606
34219442 3619.911480
34219282 3621.414647
34218976 3622.918309
34218849 3624.419808
34218700 3625.923945
34218380 3627.423367
34217405 3628.924783
34217223 3630.420572
34217079 3631.915518
34216991 3633.413809
34216942 3634.914515
34216880 3636.408703
34216655 3637.912546
34216580 3639.412272
34216497 3640.909274
34215707 3642.400449
34215626 3643.902639
34215541 3645.406307
34215356 3646.913524
34215334 3648.418423
34215090 3649.921700
34215009 3651.424017
34214881 3652.925819
34214335 3654.423982
34214211 3655.925187
34214123 3657.432163
34214018 3658.932045
34213835 3660.433317
34212559 3661.935718
34212508 3663.430897
34212187 3664.930186
34212035 3666.433614
34211748 3667.935405
34210606 3669.431797
34210485 3670.927027
34210121 3672.427906
34209905 3673.931396
34209891 3675.431164
34209024 3676.927589
34208960 3678.427776
34208474 3679.918307
34208020 3681.417039
34207971 3682.912452
34207895 3684.417235
34207775 3685.916745
34207687 3687.410650
34207419 3688.906148
34207268 3690.403027
34207186 3691.904151
34206989 3693.407244
34206095 3694.909851
34206053 3696.408402
34206001 3697.909394
34205832 3699.408974
34205781 3700.908992
34205641 3702.402826
34205300 3703.894734
34205252 3705.395135
34205113 3706.890452
34205038 3708.386377
34204979 3709.880992
34204948 3711.374793
34204889 3712.865589
34203636 3714.360839
34203528 3715.856862
34203487 3717.342474
34203388 3718.840204
34203353 3720.334023
34203282 3721.837001
34203254 3723.327489
34203186 3724.819901
34203149 3726.320222
34202997 3727.805747
34202981 3729.295939
34202970 3730.783960
34202924 3732.278313
34202883 3733.770509
34202872 3735.258303
34202855 3736.744721
34202813 3738.236759
34202652 3739.717964
34202326 3741.210670
34202311 3742.693093
34201561 3744.186567
34201524 3745.674692
34201435 3747.168298
34201076 3748.657343
34201036 3750.145119
34200971 3751.626669
34200746 3753.113244
34200544 3754.601653
34200518 3756.086730
34199702 3757.574426
34199667 3759.064620
34199589 3760.545735
34199457 3762.033499
34199391 3763.515393
34199349 3765.005074
34199332 3766.487366
34199307 3767.970536
34199292 3769.457877
34198947 3769.457883
34198893 3770.944181
34198878 3772.431300
34198819 3772.431306
34198749 3773.916613
34198471 3773.916617
34198375 3775.397712
34198336 3776.872728
34198293 3776.872733
34198215 3778.344864
34197799 3779.821307
34197693 3781.300853
34197663 3782.779290
34197559 3784.257949
34197544 3785.735903
34197542 3787.217101
34197478 3788.687364
34197477 3790.159340
34197474 3790.159345
34197473 3791.640453
34197448 3791.640458
34197384 3793.108328
34197378 3794.580663
34197348 3794.580668
34197335 3796.047122
34197309 3796.047127
34197160 3797.523034
34196918 3797.523039
34196881 3799.005010
34196304 3799.005015
34196254 3800.483541
34196104 3801.954209
34195947 3803.423929
34195795 3804.897876
34195755 3807.824853
34195529 3809.289701
34195485 3810.756993
34195449 3812.232227
34195445 3813.701506
34194899 3813.701511
34194885 3818.094350
34194804 3819.553999
34194795 3821.015745
34194770 3825.397473
34194728 3826.860787
34194278 3828.327358
34194271 3829.787908
34194232 3831.251477
34194189 3832.709177
34194187 3834.171709
34194155 3838.548558
34194097 3842.922800
34193257 3842.922805
34193252 3844.375876
34193251 3845.831882
34192996 3847.287216
34192940 3848.740048
34192929 3850.195274
34192846 3851.650371
34192817 3853.109446
34192735 3854.562805
34192003 3856.009044
34191726 3857.460100
34191507 3858.911852
34191500 3861.812110
34191432 3863.254685
34191410 3864.706920
34191275 3870.503251
34191269 3871.948988
34191266 3873.392115
34191260 3879.193666
34191258 3880.636537
34191257 3884.979715
34191248 3892.241046
34191225 3898.044314
34190988 3905.299068
34190982 3906.749565
34190956 3934.446175
34190942 3935.911984
34190903 3937.379180
34190888 3938.841344
34190883 3940.307295
34190794 3943.256100
34190777 3944.723883
34190762 3946.185225
34190759 3947.658339
34190734 3949.129955
34190725 3952.080257
34190714 3953.555966
34190708 3955.033675
34190702 3956.505205
34190699 3957.980434
34190689 3959.469437
34190685 3960.948398
34190682 3962.425293
34190680 3963.907014
34190678 3965.392549
34190672 3968.367273
34190646 3995.176375
34190520 4035.249055
34190519 4036.730640
34190516 4038.198865
34190510 4039.671614
34190504 4042.602377
34190502 4045.539493
34190499 4057.211916
34190484 4058.667754
34190470 4060.117976
34190427 4061.567762
34190338 4063.014432
34190257 4064.463430
34190234 4065.909834
34190225 4067.347480
34190218 4068.789365
34190211 4070.239017
34190205 4071.680002
34190199 4073.130466
34190194 4074.567241
34190187 4075.999962
34190173 4077.435499
34190166 4078.866544
34190162 4080.303531
34190156 4081.734720
34190153 4083.163237
34190151 4084.583472
34190149 4086.018981
34190147 4087.447866
34190141 4091.705265
34190141 4693.384476
