38099558 53.689754
38067275 53.689767
35921705 53.689769
35823911 53.689770
35423978 53.689773
35415050 55.482354
35411297 57.256677
35394377 59.010415
35123443 59.010419
34493413 60.762266
34462571 60.762270
34449191 62.494662
34360531 64.211372
34356587 65.939775
34257391 67.646547
33898924 67.646551
33873059 69.348025
33769301 69.348030
33762146 71.041045
33639881 72.728749
33340663 72.728754
33173300 74.412176
33166096 76.087662
33137060 77.750874
33132456 79.405587
33125648 81.071116
33114219 82.725527
32892633 82.725531
32879297 84.358665
32811938 85.992998
32712113 85.993002
32189200 87.631040
32114342 89.248101
32069718 89.248106
32039856 90.866446
31996155 92.490072
31987958 94.106226
31983394 95.710543
31796191 97.302635
31794062 98.891806
31580602 98.891811
31548699 100.470457
31534220 102.031827
31531604 103.611360
31498954 105.167837
31493284 106.741308
31454085 108.287469
31450701 109.847453
31420403 109.847460
31070391 111.392869
31063875 112.935899
31060276 114.468576
31057994 116.017813
30888490 116.017819
30673732 117.531732
30670520 119.042641
30665361 120.574124
30658911 122.080704
30652257 123.599251
30648147 125.099655
30642076 126.604907
30639965 126.604913
30638923 128.093898
30627652 128.093903
30622717 128.093906
30618798 129.565071
30552044 129.565076
30411052 129.565078
30407105 131.052556
30390518 132.532153
30387575 133.997432
30372923 133.997438
30364653 135.469194
30328362 135.469201
30323410 136.951696
30319460 138.424475
29943954 139.900567
29942298 141.352067
29936620 142.814226
29929839 144.280593
29927479 145.732999
29924592 147.174346
29922942 148.636150
29921456 150.085454
29919219 151.531283
29914664 152.983446
29903953 154.425683
29902377 155.859772
29899729 157.315816
29866034 158.740722
29859805 160.178554
29756388 161.607319
29753064 163.030616
29738995 164.449035
29726860 165.867998
29723750 167.275739
29720503 168.692155
29689994 170.110465
29666662 171.525505
29660597 172.922812
29635004 174.330386
29601592 175.731443
29598257 177.134854
29591388 178.526275
29588431 179.933239
29581535 181.322342
29562780 182.712929
29555078 184.093258
29549370 185.474691
29527419 186.848983
29523574 188.227180
29520492 189.607766
29512568 190.971113
29503596 192.342333
29498003 193.711821
29492308 195.076132
29484736 196.450481
29481340 197.827859
29480249 199.195971
29463223 199.195975
29461673 200.566201
29457764 201.931318
29452084 203.287357
29451031 204.636402
29449391 205.999722
29446796 207.348399
29445295 208.699143
29427913 210.054027
29423251 211.400153
29420586 212.749582
29417342 214.103439
29413158 215.454696
29409565 216.796332
29405541 218.140166
29404175 219.491600
29401894 220.833483
29400302 222.186468
29398317 223.540848
29392586 224.890107
29387279 226.234079
29386642 227.567537
29383036 228.911634
29382087 230.253148
29381545 231.606712
29380296 232.956787
29378044 234.277213
29377076 235.622011
29376484 236.957850
29372260 238.287846
29365815 239.624102
29359313 240.958837
29355708 242.283034
29350952 243.608104
29349751 244.934256
29348778 246.266068
29348491 247.596905
29345591 248.935598
29336082 250.255610
29334743 251.581136
29332451 252.906210
29326485 254.233956
29326181 255.563776
29324430 256.887993
29318840 258.213483
29315513 259.539264
29315129 260.862923
29311066 262.180234
29308052 263.498255
29307313 264.800867
29306910 266.124415
29306222 266.124420
29303023 267.448910
29302506 267.448915
29297997 268.767016
29296276 270.078197
29293091 271.394887
29291663 272.716242
29287804 272.716246
29285395 274.026236
29284445 275.326280
29283803 276.631265
29283539 276.631270
29281626 276.631272
29279186 277.950015
29275907 279.265008
29271498 279.265013
29266796 280.568890
29264631 281.884486
29262452 283.184187
29260117 284.489977
29259272 285.789754
29251953 285.789759
29245742 287.102793
29243088 288.413935
29241767 289.716249
29238518 291.022025
29236006 292.329876
29228966 293.625594
29228208 294.928271
29226161 296.222721
29225339 297.522330
29213697 298.816866
29213019 300.108731
29211799 301.404568
29211718 302.696499
29211398 303.989677
29210877 305.281009
29210279 306.573006
29207801 307.864651
29203811 309.158047
29203368 310.446989
29200201 311.734806
29197709 313.021677
29191213 314.307180
29190301 315.587225
29188071 316.881059
29187407 318.176491
29186262 319.465176
29184870 320.756710
29183879 322.041921
29178268 323.325374
29175522 324.605837
29174578 325.888809
29162625 327.174977
29158943 328.444277
29158460 329.734309
29151358 331.011042
29149070 332.291845
29148340 333.564563
29146842 334.845928
29146522 336.124611
29145621 337.409070
29144646 338.685280
29141790 339.960217
29140063 341.227561
29137722 342.497626
29136971 343.778623
29136841 345.053172
29134922 346.320195
29132655 347.586386
29130856 348.851097
29130037 350.118437
29129510 351.388523
29128960 352.648045
29127530 353.922695
29125638 355.190153
29125100 356.460122
29124855 357.726389
29124544 358.990090
29122820 360.252899
29119404 361.516649
29119002 362.778790
29113500 364.036342
29108800 365.300316
29107415 366.559834
29107022 367.821654
29105247 369.090124
29105036 370.351428
29104870 371.618361
29103294 372.875632
29102933 374.136952
29102438 375.384020
29098874 376.635026
29096905 377.880126
29096641 379.127265
29096116 380.375896
29095166 381.630181
29094950 382.885176
29094607 384.135891
29093670 385.389023
29091962 386.633280
29091932 387.879218
29091154 389.130439
29090330 390.367648
29089130 391.613873
29087848 392.856346
29084155 394.096115
29083331 395.344592
29080665 396.592413
29077288 397.853110
29076654 399.087749
29075975 400.322834
29074052 401.572212
29071299 402.809352
29070962 404.063620
29070005 405.299467
29068349 406.545275
29066289 407.781382
29065765 409.027918
29065407 410.268763
29064870 411.503780
29064484 412.753157
29061981 413.981712
29058981 415.222019
29056061 416.453083
29055461 417.690320
29054640 418.929076
29051271 420.167197
29049113 421.399979
29047450 422.640592
29043951 423.876285
29043005 425.113919
29042302 426.349477
29042236 427.588676
29042082 428.820379
29040159 430.063112
29038897 431.296772
29037779 432.529208
29035821 433.765093
29035694 434.999866
29034337 436.235355
29032042 437.468258
29030280 438.699914
29029353 439.933075
29028187 441.171017
29027484 442.406151
29026057 443.639271
29025581 444.865139
29023067 446.095433
29022937 447.332609
29022900 448.550411
29022438 449.781390
29021828 451.007893
29021446 452.228710
29020260 453.457313
29019404 454.682155
29015676 455.907123
29011621 457.139861
29010533 458.358786
29010117 459.578182
29009305 460.806582
29005953 462.037837
29004541 463.257693
29003094 464.482704
29003013 465.702532
28999473 466.919428
28999413 468.141018
28998532 469.364270
28998429 470.579277
28998020 471.803545
28997689 473.032159
28997680 474.243537
28996344 475.459323
28995056 476.677661
28994863 477.894310
28994616 479.118523
28991778 480.338308
28990351 481.556346
28979091 482.767574
28978347 483.983081
28976476 485.194294
28975683 486.404316
28974253 487.623069
28973516 488.843731
28972033 490.057913
28971672 491.263558
28971321 492.479368
28971257 493.693923
28970773 494.903476
28970662 496.105533
28969918 497.316071
28969654 498.530896
28969575 499.740221
28969250 500.951107
28969082 502.158796
28968500 503.372736
28965535 504.588993
28961576 505.803385
28960793 507.019150
28960594 508.228503
28960589 509.429450
28960137 510.638320
28959632 511.845996
28958409 513.060456
28956924 514.265208
28956299 515.467148
28954815 516.675596
28954580 516.675601
28953749 517.876547
28953542 519.095890
28953238 520.308159
28953202 520.308164
28952883 521.507287
28950957 521.507291
28947705 522.714105
28941481 523.916553
28940424 525.120769
28939043 526.317347
28937452 527.517000
28935822 528.733684
28934539 529.922818
28933786 531.130019
28933122 532.334516
28931211 533.538695
28930740 534.738688
28930193 535.935214
28928822 537.130083
28928354 538.336254
28927041 539.536592
28924001 540.739307
28923783 541.943882
28923580 543.142796
28922760 544.338769
28922497 545.538885
28921072 546.727665
28920379 547.928043
28919950 549.121219
28918735 550.324503
28917508 551.527031
28917399 551.527036
28917349 552.728676
28914514 552.728682
28905811 553.915954
28903240 555.108055
28902342 556.308287
28901723 557.509273
28900901 558.709339
28899163 559.910783
28898276 561.101226
28898235 562.300279
28897308 563.488295
28896576 564.691443
28892658 565.892354
28892656 567.088037
28892289 568.285729
28890754 569.480118
28890046 570.680102
28889584 571.863669
28889192 573.057766
28889145 574.244635
28886640 575.432752
28881562 576.623302
28881166 577.811334
28880761 578.996420
28880615 580.189843
28880447 581.387360
28880198 582.582610
28879519 583.778471
28878714 584.975985
28878564 586.177479
28877196 587.368952
28876809 588.560440
28876713 589.752623
28876505 590.939136
28874592 592.134263
28874073 593.321126
28872650 594.504173
28872476 595.687241
28871384 596.864992
28865117 598.051274
28864799 599.237636
28864289 600.422195
28859306 601.618534
28858734 602.805348
28856641 603.985088
28854812 605.168270
28849322 606.360857
28849065 607.550896
28847159 608.739467
28846396 609.912452
28845596 611.102339
28844922 612.283929
28842052 613.468977
28841426 614.657352
28838310 615.847720
28834803 617.031763
28828525 618.220201
28823178 619.413717
28821690 620.602034
28820978 621.782756
28820236 622.972135
28815587 624.161537
28815350 625.351210
28814741 626.533735
28813913 627.713489
28813392 628.888930
28809965 630.074389
28809543 631.265910
28809333 632.445202
28809203 633.622766
28809125 634.805396
28802990 635.990838
28802614 637.169726
28802439 638.364367
28800374 639.550772
28799321 640.732142
28797342 641.914495
28797284 643.088167
28795128 644.271963
28794876 645.455674
28793227 646.638576
28792319 647.824392
28790378 649.017071
28785259 650.194708
28785100 651.371191
28784648 652.556941
28784448 653.732913
28784447 654.907946
28783473 656.094925
28780474 657.271840
28780055 658.450417
28779748 659.635369
28778907 660.820348
28773672 662.000806
28773428 663.183383
28772771 664.361324
28772312 665.538655
28772046 666.714288
28772017 667.894420
28771997 669.074745
28771282 670.256952
28771159 671.430715
28769402 672.603296
28767696 673.788150
28767407 674.970057
28766814 676.149206
28765978 677.335082
28765976 678.510133
28764062 679.691509
28763936 680.867539
28763669 682.048801
28760658 683.232396
28759057 684.409817
28758575 685.587267
28757915 686.772271
28756264 687.952947
28755465 689.130731
28752349 690.309158
28750901 691.493060
28748098 692.669027
28745385 693.845284
28744816 695.033396
28744804 696.212886
28744677 697.398980
28744580 698.569306
28739977 699.742446
28733856 700.921223
28732324 702.100116
28729580 703.270998
28729341 704.446483
28728444 705.619157
28726999 706.796938
28723940 707.970944
28723121 709.146869
28721560 710.320547
28717170 711.497485
28716989 712.664050
28716936 713.844087
28714979 715.033745
28714534 716.204768
28713697 717.389034
28710978 718.562697
28709532 719.733398
28705130 720.907048
28704935 722.078119
28702799 723.249454
28701940 724.420016
28699778 725.588475
28699395 726.764052
28692040 727.928430
28691932 729.101927
28690061 730.277858
28683369 731.462700
28682774 732.627983
28682515 733.797204
28681959 734.969623
28681911 736.141798
28681524 737.311939
28676827 738.488289
28676538 739.663413
28673623 740.833289
28673383 742.004073
28672272 743.175376
28671607 744.337930
28662931 745.524923
28661174 746.705331
28660812 747.878321
28658553 749.056034
28657594 750.226373
28657061 751.390955
28657040 752.564485
28655249 753.733082
28655108 754.906558
28651734 756.065034
28650032 757.234423
28649814 758.409231
28649686 759.589009
28649569 760.757295
28648091 761.923869
28647590 763.097909
28646476 764.271384
28645056 765.447695
28643966 766.625148
28643344 767.810930
28642930 768.989496
28642722 770.163009
28642268 771.345750
28641196 772.515608
28641142 773.686368
28640782 774.855059
28639040 776.017849
28638523 777.192719
28638067 778.363525
28637800 779.537865
28637532 780.713947
28637090 781.889595
28637030 783.060336
28633906 784.232073
28630687 785.398369
28630555 786.575483
28627191 787.750730
28626814 788.916526
28626579 790.082875
28626512 791.253333
28626218 792.431879
28623946 793.601461
28619787 794.776409
28619483 795.941691
28619364 797.110329
28618362 798.281143
28617137 799.455295
28615777 800.625028
28615534 801.788615
28615153 802.962346
28614852 804.125785
28613749 805.296925
28613363 806.467177
28612996 807.642455
28612873 808.818618
28611806 809.985346
28611189 811.167172
28609963 812.335153
28609263 813.499783
28609159 814.672946
28606539 815.838609
28601485 817.008329
28601265 818.181067
28601049 819.347944
28600730 820.517031
28600433 821.685099
28600201 822.853966
28600160 824.016327
28598766 825.184069
28597612 826.359258
28597575 827.527155
28596863 828.701027
28595985 829.872236
28593223 831.045537
28592666 832.214536
28591527 833.378670
28591275 834.545379
28591108 835.714649
28591077 836.884081
28590138 838.054913
28590075 839.224157
28588332 840.384513
28588255 841.562296
28586832 842.728259
28586510 843.900742
28584746 845.059907
28584436 846.235844
28584178 847.414055
28583912 848.581495
28582845 849.755263
28581641 850.916368
28581470 852.086604
28581335 853.259663
28580077 854.424832
28580032 855.593013
28579531 856.767456
28579381 857.939053
28578342 859.114778
28578029 860.284832
28577845 861.460735
28577838 862.628349
28575927 863.797674
28575677 864.973660
28575251 866.144770
28575108 867.315924
28574106 868.487900
28573253 868.487905
28572775 869.658053
28571624 869.658057
28570997 870.827876
28569494 870.827881
28568376 871.994363
28567644 873.168998
28565970 874.333141
28560501 874.333147
28557947 875.506083
28556899 876.680531
28556020 877.848035
28555693 879.006341
28555165 880.171150
28548521 881.338397
28547574 882.505697
28547462 883.681262
28547280 884.849083
28546234 886.029870
28545886 887.201713
28544761 888.374010
28543205 889.538350
28543031 890.707513
28542860 891.875880
28541499 893.049565
28538553 894.213172
28537284 895.389251
28536320 896.556520
28535504 897.725459
28534836 898.904634
28534244 900.072142
28533907 901.239349
28532490 902.407805
28532121 903.577586
28532096 903.577592
28531173 904.748049
28529598 905.916953
28527170 905.916958
28525733 907.088898
28525312 908.262199
28525149 908.262205
28524223 909.431722
28523347 910.594218
28523228 911.768554
28522470 912.939548
28521694 912.939553
28520406 914.101463
28514352 915.278429
28514104 916.451905
28512803 917.622567
28509674 918.796476
28508756 919.981722
28506640 921.148167
28504538 922.313642
28495913 923.483886
28492723 924.658267
28490806 925.834424
28489184 927.012978
28489141 928.189073
28489000 929.359022
28486612 930.532220
28485786 931.699206
28485339 932.873828
28485325 934.040995
28484726 935.209903
28483055 936.387231
28481436 937.571429
28480251 938.746968
28479457 939.915144
28478536 941.093207
28472662 942.263647
28472572 943.435875
28470949 944.611373
28470808 945.780339
28466800 946.954897
28466074 948.138287
28461540 949.308492
28461380 950.493510
28460545 951.658342
28457295 952.833874
28456530 954.012412
28456028 955.190628
28455976 956.366550
28454493 957.540108
28453926 958.715117
28453644 959.892338
28452171 961.064960
28451404 962.243405
28448923 963.422178
28447196 964.591377
28447083 965.758771
28443802 966.942648
28437295 968.126938
28436741 969.301130
28435686 970.471860
28434427 971.647007
28432600 972.835131
28431690 974.010066
28431543 975.186293
28428966 976.367292
28423915 977.533422
28423777 978.710063
28423054 979.892325
28422381 981.058273
28421033 982.234626
28419983 983.418065
28419911 984.591487
28419212 985.774941
28419149 986.954636
28416719 988.124598
28416479 989.302366
28413916 990.476626
28412374 991.667622
28412311 992.849112
28411405 994.030115
28411184 995.211092
28410889 996.386689
28410153 997.574958
28408860 998.757168
28407055 999.938700
28404432 1001.123420
28403666 1002.306442
28403254 1003.489548
28399421 1004.681142
28398178 1005.866192
28396799 1007.050880
28395631 1008.226757
28394386 1009.411044
28391726 1010.585411
28390813 1011.760332
28389794 1012.936738
28387330 1014.117230
28386629 1015.291786
28386114 1016.471204
28384740 1017.656367
28383641 1018.838445
28383305 1020.026231
28383168 1021.203986
28382494 1022.390214
28380159 1023.567624
28378585 1024.753869
28377627 1025.936177
28377402 1027.123315
28376454 1028.315456
28376333 1029.500604
28375373 1030.678732
28374894 1031.861643
28372871 1033.035026
28372526 1034.217147
28370584 1035.394712
28365873 1036.575078
28365765 1037.750262
28365685 1038.925603
28365603 1040.114151
28364871 1041.297479
28363616 1042.482790
28361233 1042.482795
28359973 1043.669014
28359514 1044.844776
28357071 1044.844781
28355589 1046.031804
28355222 1047.219394
28353202 1048.401245
28352419 1049.590328
28349900 1050.775456
28349530 1051.956884
28349365 1053.150841
28348117 1054.328969
28345447 1055.516615
28343092 1056.701930
28343083 1057.890937
28341401 1059.075198
28339607 1060.251880
28339583 1061.436758
28333362 1062.625255
28332955 1063.811240
28331469 1065.007021
28330178 1066.201881
28330006 1067.392503
28329383 1068.572192
28326432 1068.572197
28325324 1069.758104
28325063 1070.941098
28324601 1072.138710
28323656 1073.329469
28322686 1074.522033
28322536 1075.701784
28321430 1076.886358
28319813 1078.066044
28317828 1079.263389
28317460 1080.459947
28316763 1081.646906
28316531 1082.839801
28315717 1084.030929
28315381 1085.212656
28314099 1086.401914
28312626 1087.597098
28312586 1088.789979
28311660 1089.979479
28309488 1091.172364
28308994 1092.364987
28308762 1093.556821
28307175 1094.752554
28304490 1095.943032
28301222 1097.135081
28301186 1098.328213
28301100 1099.517480
28299575 1100.714911
28296275 1101.898282
28294898 1103.085543
28292629 1104.278541
28291868 1105.480335
28291270 1106.672033
28291165 1107.867840
28291149 1107.867845
28291067 1109.065474
28290702 1109.065478
28290328 1110.263099
28290074 1110.263103
28288674 1111.466641
28288395 1112.660034
28287768 1112.660038
28286524 1113.847477
28285942 1115.035711
28285275 1116.233593
28284118 1117.430511
28283793 1118.636178
28283228 1119.828613
28283192 1119.828618
28281667 1121.019511
28281417 1121.019516
28280196 1122.202673
28279113 1123.402003
28278779 1124.591836
28277853 1125.776484
28277575 1126.973929
28276932 1128.174583
28275576 1128.174588
28274329 1129.372962
28273149 1130.580153
28272497 1131.780511
28268655 1132.967452
28268473 1134.165686
28265901 1135.367541
28264899 1136.566987
28264420 1137.763623
28263204 1138.965750
28262254 1140.165251
28261831 1141.369674
28261767 1142.570719
28261577 1143.772643
28261035 1144.979034
28260070 1146.182685
28259863 1147.382616
28258809 1147.382621
28256529 1148.582443
28254335 1149.785500
28254038 1150.986305
28253420 1152.186864
28251966 1153.386550
28250900 1154.579437
28246807 1155.781787
28246290 1156.983354
28245584 1158.175745
28244976 1159.377705
28243846 1160.588362
28243249 1161.792021
28243073 1162.994766
28242539 1164.197581
28240975 1165.395353
28236453 1166.598699
28233881 1167.807577
28233867 1169.009073
28233556 1170.212759
28232190 1171.418934
28230647 1172.615051
28229906 1173.820327
28228321 1175.017531
28228316 1176.228630
28227346 1177.433133
28226402 1178.640221
28224560 1179.860067
28223783 1181.074013
28220885 1182.275629
28220296 1183.477319
28217841 1184.688498
28217034 1185.892886
28216433 1187.107709
28216304 1188.314907
28215162 1189.518896
28214764 1190.729713
28214548 1191.932429
28211067 1193.133159
28210832 1194.339562
28210040 1195.552831
28209117 1196.776188
28206681 1197.983838
28205712 1199.187122
28203300 1200.391700
28202920 1201.599656
28202157 1202.805888
28201606 1204.018556
28200253 1205.220013
28196467 1206.433691
28195812 1207.637090
28195093 1208.852835
28194945 1210.065170
28193951 1211.275207
28192930 1212.482765
28190877 1213.701719
28189056 1214.906046
28187653 1216.109215
28187456 1217.318293
28185845 1218.539019
28185811 1219.738722
28185452 1220.949190
28184328 1222.162704
28183378 1223.379093
28182522 1224.591324
28181632 1225.810094
28180303 1227.013727
28179344 1228.223394
28179013 1229.449196
28178045 1230.659905
28177346 1231.872375
28174992 1233.089300
28172820 1234.308308
28172755 1235.526194
28170239 1236.747592
28169707 1237.968721
28169470 1239.190945
28168433 1240.413578
28166175 1241.630906
28164954 1242.857054
28164739 1244.074032
28162963 1245.290965
28162723 1246.510505
28162142 1247.722033
28162008 1248.940036
28161351 1250.157990
28160726 1251.378105
28159966 1252.605277
28159343 1253.829984
28158384 1255.061135
28158272 1256.290296
28157202 1257.518255
28157104 1257.518259
28156427 1258.741420
28154409 1259.961513
28154169 1261.172723
28151581 1262.396252
28150880 1262.396256
28150071 1263.622131
28149709 1264.835099
28148059 1266.054000
28144821 1267.284956
28141411 1268.513725
28140846 1269.737600
28140783 1270.953447
28139542 1272.169764
28137899 1273.396299
28135801 1274.618677
28135624 1275.845142
28134772 1277.065298
28134046 1278.293258
28133782 1279.522332
28132454 1280.740960
28131294 1281.965386
28130871 1283.191698
28130157 1284.415588
28130129 1285.635778
28129965 1286.859090
28129007 1288.089577
28128420 1289.311677
28127696 1290.533981
28127089 1291.756435
28125366 1292.976157
28124640 1294.201335
28123294 1295.419701
28121814 1296.655806
28121632 1297.887178
28120847 1299.123414
28118444 1300.346404
28117627 1300.346409
28116818 1301.580260
28115855 1301.580265
28115392 1302.812296
28115201 1302.812301
28114478 1304.044288
28114403 1305.272022
28113158 1305.272027
28112636 1306.514877
28112299 1307.745535
28112211 1307.745540
28111913 1308.977721
28111558 1310.214134
28110562 1310.214139
28109832 1311.453086
28109309 1312.682010
28108463 1313.911259
28107766 1315.148358
28106468 1316.385073
28103714 1317.617983
28103257 1318.851612
28102447 1320.085925
28101314 1321.322494
28100699 1322.556888
28100591 1323.792346
28100562 1325.025965
28099466 1325.025970
28098868 1326.262159
28097953 1327.497532
28097096 1328.727129
28096364 1328.727134
28095991 1329.968686
28092569 1329.968691
28089678 1331.204787
28088579 1332.444828
28088558 1333.684983
28087661 1334.927660
28086866 1336.169157
28086808 1337.402560
28086614 1338.624298
28085798 1339.871342
28085021 1341.107515
28082166 1342.355711
28080422 1343.598424
28079006 1344.841014
28077393 1346.076596
28077094 1347.321738
28076382 1348.560057
28075656 1349.802075
28075045 1351.044120
28074818 1352.286706
28073935 1353.527844
28072651 1354.764173
28072447 1356.000216
28067647 1357.243428
28066767 1358.485100
28065634 1359.728309
28065222 1360.975727
28064594 1362.214637
28062358 1363.455200
28061872 1364.702561
28061735 1365.939314
28061395 1367.177780
28060867 1367.177785
28060498 1368.422850
28060145 1369.672988
28057612 1370.927331
28057224 1372.187673
28056254 1373.435482
28054096 1374.683331
28053915 1375.924546
28053452 1377.168084
28053175 1378.413228
28052162 1379.669052
28050395 1380.919333
28049950 1382.170959
28047074 1382.170963
28046783 1383.413928
28040348 1384.656928
28039571 1385.916661
28038614 1387.161205
28038377 1388.421626
28034342 1389.685201
28034073 1390.943238
28033909 1392.194458
28033001 1393.445235
28028735 1394.693102
28028092 1395.943787
28026498 1397.197966
28025832 1398.447255
28025484 1399.695795
28023959 1400.940566
28023621 1402.200424
28023430 1403.453649
28022454 1404.698508
28021721 1405.949659
28019761 1407.199152
28019031 1408.458386
28017924 1409.713020
28016551 1410.974324
28016165 1412.224892
28014786 1413.478399
28014647 1414.733975
28013665 1415.997898
28012307 1417.251383
28012153 1418.506180
28012030 1419.768768
28011723 1421.019954
28010609 1422.280837
28010103 1423.536047
28009303 1424.802810
28008662 1426.061209
28007918 1427.317763
28006924 1428.568512
28006129 1429.824204
28005687 1431.089046
28004594 1432.338092
28004378 1433.598892
28003900 1434.858167
28003477 1436.119162
28003472 1437.376030
28003378 1437.376035
28003037 1438.637017
28002770 1438.637022
28002581 1439.889661
28002371 1441.150356
28000773 1441.150361
28000088 1442.419588
27999141 1443.681943
27996406 1444.950633
27996301 1446.212005
27995329 1446.212010
27994606 1447.480920
27994205 1448.756452
27993349 1450.026446
27989440 1451.289846
27988335 1452.558563
27987559 1453.827431
27987506 1455.089451
27986619 1456.345937
27985857 1457.613009
27985685 1458.878066
27984176 1460.144487
27983056 1461.409636
27981944 1462.677452
27980418 1463.945085
27979719 1465.215010
27979503 1466.478083
27979382 1467.747810
27978649 1469.013782
27978455 1470.296736
27977643 1471.570986
27976748 1472.843781
27975992 1474.117036
27975886 1475.376530
27974498 1475.376535
27973726 1476.651434
27971047 1477.918955
27970516 1479.188564
27969561 1480.452658
27968687 1481.722667
27967751 1482.999398
27966684 1484.265204
27966114 1485.537173
27965559 1486.822270
27964982 1488.098525
27963682 1489.366723
27957341 1490.634392
27956252 1491.919946
27955615 1493.189278
27953487 1494.460298
27952486 1495.738459
27951834 1497.011082
27951114 1498.292973
27950435 1499.570933
27946998 1500.850576
27946855 1502.130979
27945896 1503.413696
27944731 1504.688979
27944062 1505.964584
27943852 1507.236350
27943668 1508.516837
27942531 1509.798487
27941954 1511.084424
27941197 1512.373882
27940708 1513.647891
27940368 1514.927542
27939439 1516.206590
27938921 1517.478749
27938776 1518.758824
27937697 1520.041164
27937149 1521.313132
27936062 1522.599053
27934982 1523.872331
27933911 1525.158125
27933233 1526.438475
27932336 1527.726609
27931961 1529.009174
27931741 1530.296228
27931543 1531.586460
27930944 1532.873152
27930729 1534.149297
27929549 1535.428604
27928734 1536.713100
27928622 1538.006189
27927945 1539.294083
27927918 1540.576429
27925686 1541.859078
27925117 1543.146017
27923045 1544.431481
27921712 1544.431486
27920745 1545.724768
27919528 1547.030139
27919018 1548.310880
27917026 1549.604823
27914919 1550.901294
27914797 1552.193210
27914707 1553.473231
27913168 1554.771915
27912359 1556.058679
27911314 1557.363435
27909173 1558.650891
27908547 1559.940660
27908524 1561.236182
27907408 1562.523791
27904177 1563.826243
27903479 1565.122313
27902989 1566.407442
27902307 1567.698713
27900141 1568.994040
27899891 1570.281461
27898004 1571.576513
27897233 1572.872669
27896048 1574.163364
27895002 1575.454728
27894666 1576.750078
27893955 1578.041358
27893553 1579.327879
27892657 1580.624739
27892251 1581.924101
27891893 1583.225492
27891602 1584.529153
27890975 1585.819325
27890832 1587.113465
27890579 1588.413289
27890196 1589.710898
27889495 1589.710904
27889238 1591.012933
27888643 1591.012938
27887892 1592.312246
27887616 1592.312251
27887472 1593.611138
27887446 1594.895902
27886743 1594.895908
27886303 1596.191831
27886092 1597.498203
27885536 1598.792841
27885470 1600.087141
27885044 1601.390640
27884715 1602.700812
27884335 1603.998382
27884309 1605.292391
27881132 1605.292396
27880070 1606.593636
27879277 1607.883365
27877545 1609.192341
27877509 1610.490456
27877187 1611.785565
27876955 1613.093233
27876339 1614.404261
27876233 1615.712345
27875537 1617.020367
27874816 1618.323436
27874174 1619.627694
27871457 1620.933145
27870447 1622.235811
27870145 1623.528061
27869427 1623.528067
27868725 1624.827212
27864263 1626.135876
27864051 1627.441815
27863494 1628.757064
27862475 1630.063621
27861740 1631.369497
27861151 1632.666528
27860661 1633.977036
27860526 1635.276907
27859775 1636.587418
27857824 1637.891949
27857042 1639.198985
27856755 1640.495783
27856352 1641.808498
27855555 1643.129935
27853462 1644.438277
27853162 1645.742507
27852952 1647.054028
27852878 1648.367414
27850439 1649.677043
27849889 1650.982492
27849655 1652.303856
27849224 1653.619922
27848345 1654.938022
27847582 1656.251503
27847092 1657.564414
27846780 1658.885688
27843363 1660.198020
27843233 1661.505604
27842490 1662.819655
27842272 1664.142581
27841385 1665.452065
27841379 1666.763037
27839161 1668.073756
27838609 1669.395771
27837934 1670.710575
27837403 1672.019802
27835574 1673.332016
27835159 1674.650350
27834879 1675.971204
27834867 1677.284337
27834278 1678.609292
27833865 1679.923504
27832942 1681.239607
27831675 1682.548497
27831533 1683.866978
27831520 1685.181318
27831264 1686.500054
27826534 1687.820049
27825866 1689.132891
27824171 1690.455640
27823597 1691.786061
27823299 1693.089429
27821837 1694.404037
27820571 1695.721376
27820133 1697.043365
27820091 1698.360898
27819693 1699.684209
27819548 1701.002900
27819441 1702.314692
27818697 1703.624490
27818393 1704.946757
27817949 1706.273608
27817780 1707.589711
27816982 1708.903558
27816551 1710.221334
27815553 1711.540677
27814792 1712.867064
27814461 1714.180772
27813866 1715.503714
27813031 1716.819261
27812487 1718.139705
27812194 1719.454857
27812014 1720.771855
27811082 1722.099110
27810881 1723.430430
27810025 1724.767029
27809100 1726.091570
27808878 1727.416046
27808290 1727.416052
27807330 1728.743699
27807052 1730.066315
27806498 1731.388739
27805035 1732.709890
27804275 1734.033151
27803540 1735.361165
27803037 1736.691989
27802921 1738.023680
27802634 1739.346363
27801630 1740.669767
27801006 1741.998664
27800348 1743.330382
27800055 1744.656871
27799102 1745.990237
27798540 1747.305215
27798372 1748.641148
27798199 1748.641154
27797953 1749.970112
27797797 1749.970117
27797403 1751.299202
27797143 1751.299207
27796918 1752.628468
27796912 1753.966712
27795301 1755.290492
27793793 1756.613022
27793322 1757.939746
27791149 1759.275382
27790207 1760.600348
27789581 1761.944183
27789519 1763.275943
27789169 1764.615604
27789055 1765.949558
27788937 1767.281083
27788719 1768.609502
27788536 1769.944617
27787592 1771.284263
27787310 1772.615147
27785217 1772.615153
27783813 1773.943894
27783615 1775.274197
27783325 1776.607247
27783197 1777.940953
27782928 1779.280741
27782889 1780.617308
27782561 1780.617314
27782099 1781.957167
27781415 1783.299612
27781400 1783.299617
27781341 1784.641785
27780603 1784.641790
27779008 1785.970578
27779007 1787.302397
27778781 1788.639478
27778716 1789.984280
27778459 1791.319395
27778315 1792.656097
27777986 1793.990259
27777510 1795.326428
27777359 1796.657457
27776929 1797.996132
27776616 1799.337351
27776387 1800.679407
27776215 1802.022442
27775667 1803.348945
27775402 1804.692634
27775213 1806.033594
27775021 1807.372770
27774285 1808.702501
27774204 1810.044747
27774129 1811.378091
27773669 1812.713326
27773381 1814.045352
27773063 1815.384757
27772797 1816.710170
27772613 1818.045404
27771240 1819.375303
27771008 1820.716236
27770660 1822.050519
27770575 1823.383984
27770267 1824.723898
27769375 1824.723903
27768777 1826.061950
27768565 1827.398351
27768221 1828.727589
27767309 1830.067095
27767115 1831.416694
27766559 1832.752800
27765353 1834.089365
27764340 1835.440398
27764180 1836.773060
27763666 1838.106417
27763534 1839.452956
27761808 1839.452961
27761645 1840.781726
27761298 1842.117168
27760845 1843.451671
27760578 1844.790859
27760292 1846.133872
27759940 1847.457968
27758870 1848.801226
27758640 1850.142647
27757998 1851.468668
27757912 1852.805291
27757877 1854.142338
27757430 1855.482117
27757190 1856.820234
27757053 1858.169263
27756659 1859.512204
27756651 1860.849257
27756393 1862.176755
27756275 1863.515560
27756221 1864.857842
27755934 1866.193086
27755824 1867.529879
27755718 1868.881634
27754073 1870.223025
27753969 1871.559715
27753855 1872.896581
27752789 1874.230153
27751218 1875.566126
27751047 1876.900274
27750910 1878.237252
27750530 1879.581098
27749829 1880.907862
27749634 1882.252702
27749311 1883.592161
27748430 1884.931277
27748333 1886.260433
27748210 1887.605063
27748050 1888.941331
27748014 1890.282064
27747464 1891.621120
27746904 1892.963592
27746844 1894.311009
27746706 1895.651613
27745787 1896.995134
27745594 1898.335217
27744939 1899.684379
27744664 1901.023252
27744618 1902.372467
27744192 1903.714084
27744108 1905.041444
27743978 1906.390260
27743964 1907.721433
27743865 1909.057005
27743671 1910.389986
27743641 1911.727524
27743580 1913.062735
27743479 1914.412054
27742737 1915.748470
27742592 1917.088318
27742529 1918.424102
27742456 1919.757183
27741987 1921.084168
27740368 1922.424223
27740323 1923.765501
27739965 1925.111294
27739651 1926.463421
27739316 1927.803052
27739178 1929.137847
27739045 1930.469545
27738411 1931.802122
27737959 1933.142983
27737808 1934.468511
27737789 1935.799919
27736951 1937.130019
27736780 1938.479452
27736617 1939.811230
27736469 1939.811236
27736434 1941.151720
27736347 1942.492241
27736180 1943.828995
27735650 1943.829002
27735496 1945.163179
27735121 1946.496069
27734660 1947.838488
27734351 1949.160796
27733939 1950.491805
27733808 1951.817862
27733562 1953.151026
27732966 1954.488613
27732564 1955.825620
27732427 1957.149274
27732232 1958.485932
27731206 1959.810623
27731083 1961.145081
27730951 1962.476456
27730771 1963.807919
27730669 1965.139929
27730182 1966.470325
27730006 1967.815130
27729881 1969.148617
27729750 1970.481847
27729435 1971.811943
27729328 1973.142711
27729221 1974.480948
27729135 1975.808875
27728862 1977.145614
27728818 1978.477299
27728651 1979.813367
27728570 1981.146158
27728535 1982.481438
27728390 1983.815650
27728323 1985.143936
27728096 1986.468840
27728032 1989.106399
27727375 1990.432649
27727348 1991.756349
27727250 1993.078493
27727224 1994.406227
27727218 1997.045287
27727076 1998.361195
27727070 1999.685472
27726827 2001.013269
27726785 2002.339682
27726529 2004.984799
27725990 2004.984805
27724788 2006.314411
27724689 2008.953806
27724517 2010.276101
27724507 2011.593688
27724492 2015.571203
27724276 2019.532063
27724269 2020.844887
27723079 2023.471384
27722961 2028.735876
27722558 2030.051092
27722538 2031.377175
27721982 2032.693512
27721938 2034.016207
27721922 2035.340734
27721908 2036.649388
27721889 2037.968012
27721834 2039.286948
27721750 2040.597407
27721748 2041.919334
27721717 2043.221282
27721696 2044.537337
27721448 2047.170370
27721441 2049.791586
27721364 2051.107354
27721324 2052.416585
27721317 2053.718765
27721315 2055.035116
27721309 2056.358203
27721298 2059.001613
27721285 2060.320809
27721281 2061.634598
27721278 2065.576077
27720870 2065.576082
27720630 2066.890265
27720611 2068.199373
27720555 2069.503152
27720536 2070.807024
27720520 2072.114184
27720503 2073.429064
27720501 2074.741139
27720475 2076.048827
27720441 2077.358469
27720430 2078.672568
27720424 2079.980801
27720382 2081.291932
27720356 2082.606474
27720071 2085.219398
27720060 2086.530063
27719589 2089.167925
27719578 2090.474128
27718328 2091.789569
27718295 2094.419062
27718098 2133.755578
27718069 2135.074863
27718034 2156.033601
27718001 2228.440524
27717727 2277.773012
27717346 2341.951063
27717285 2509.706147
27717212 2552.972788
27717146 2891.304785
27717146 3492.849834
