59351560 93.416111
57837650 93.416124
57049580 93.416126
55793322 93.416127
55223410 93.416129
53349407 93.416130
53292098 93.416132
53198787 95.493259
51996064 97.570847
51990882 99.639100
51980523 101.695383
51904545 103.745925
51894630 105.804699
51888717 107.880677
51606840 107.880682
51597233 109.931888
51593375 111.978013
50761071 114.007751
49869158 116.026231
49865888 118.036356
49857712 120.052396
49849953 122.083519
49844211 124.089445
49842653 126.105101
49472403 126.105106
49407687 126.105109
49262241 128.102264
49254665 130.077746
49204230 132.065509
49117907 132.065515
48825114 134.039191
48745485 134.039195
48740819 136.026449
48434893 136.026454
48239973 136.026456
48229545 138.003826
47876495 139.970302
47857630 141.931362
47853353 143.891103
47843839 145.827358
47831521 145.827363
47815951 147.771331
47378935 149.711132
47209923 149.711137
47187417 151.666921
46957067 153.585183
46953679 155.509986
46941811 157.441714
46553088 159.359561
46550354 161.279058
46474052 163.180885
46467905 165.084334
46075689 165.084340
46030492 166.981359
46020098 168.877425
45675792 168.877430
45672080 170.780055
45665046 172.666732
45484848 172.666737
45466671 174.545824
44890105 176.428462
44878901 178.323765
44874434 180.199794
44730054 180.199800
44728788 182.071717
44726836 183.936904
44419494 185.784690
44351009 187.646286
44338249 189.497762
44335462 191.344337
44327753 191.344341
44039456 191.344344
43955894 193.191415
43950915 195.023988
43936944 196.869052
43923544 198.713956
43922101 200.554699
43310315 200.554706
43158199 202.387968
43156200 204.235767
43154337 206.056390
43149343 207.895630
43144028 209.711611
43117709 211.513475
43001871 213.316054
42998369 215.145456
42988414 216.955147
42816348 216.955152
42808820 218.742099
42801823 220.531607
42771277 222.306464
42765404 224.094139
42672089 224.094144
42668845 225.892729
42600385 225.892734
42590068 227.663639
42492015 229.436546
42481234 231.205939
42445618 232.963553
42376828 234.720432
42096913 234.720437
42082517 236.489358
42077514 238.227457
42072205 239.982986
42061270 241.744903
42053914 243.502845
42046238 245.248686
41733736 246.998086
41726157 248.743862
41707145 250.504685
41700946 252.242886
41700559 252.242891
41615158 252.242894
41569702 253.976263
41567006 255.703485
41559854 257.432928
41554760 259.165762
41545035 260.862830
41536068 262.583140
41534193 264.287455
41492395 264.287459
41044570 265.987423
40865777 267.707106
40849261 269.420076
40804742 271.106353
40802121 272.810044
40801006 274.495395
40792861 276.204103
40791014 277.895699
40788418 279.590291
40521441 279.590297
40413958 281.281236
40405731 282.976307
40388364 284.683188
40384505 286.354482
40382711 288.045947
40370631 289.728575
40353496 291.399145
40349538 293.074792
40341312 294.739032
40237923 296.399576
40233352 298.068870
40138160 299.729617
40134099 301.389886
40044063 301.389891
40040503 303.049569
39857836 304.716795
39850799 306.377277
39845350 308.009848
39842498 309.671926
39806802 311.335762
39801874 312.977638
39791363 314.626627
39787477 316.282193
39716739 317.920019
39710217 319.548442
39654249 321.182747
39650370 322.821223
39648263 324.467407
39503128 326.113654
39498149 327.751508
39492667 329.379204
39225517 329.379210
39216559 331.007124
39215117 332.625322
39212724 334.232623
39206460 335.881413
39178167 337.511267
39174964 339.140947
39172770 340.767977
38976267 342.372228
38971166 343.973287
38968289 345.569264
38956340 347.174115
38954284 348.789610
38933991 350.418583
38926708 352.007910
38911408 353.611369
38902246 355.200073
38898814 356.820743
38897158 358.413902
38894649 359.999269
38888859 361.583195
38884388 363.152018
38882106 364.722033
38879834 366.314508
38876323 367.893201
38868629 369.449832
38835953 371.027195
38835356 372.611862
38787353 374.190174
38774347 375.772484
38673428 377.342974
38658851 378.922183
38653606 380.490182
38651131 382.059270
38650568 383.610426
38641179 383.610430
38637675 385.154500
38636014 386.715944
38482260 388.273270
38476492 389.834225
38473141 391.395613
38469910 392.963493
38466729 394.518749
38426009 394.518754
38415024 396.060762
38405222 397.603581
38401711 399.167024
38355976 400.704808
38353882 402.244283
38352083 403.796816
38339987 405.362471
38339528 406.899507
38334589 408.440136
38322490 409.976497
38313574 411.514266
38271540 413.034011
38142306 414.567177
38140092 416.096844
38138948 417.636236
38120945 419.165644
38118442 420.690470
38068669 422.203869
38066997 423.745238
38066333 425.258539
38064313 426.774791
38060631 428.305266
38043961 429.831133
37958505 431.349648
37949828 432.869765
37946755 434.379408
37945367 435.887428
37944032 437.397259
37942257 438.904509
37928548 438.904513
37924911 440.412732
37923119 441.920137
37918792 443.426294
37916236 444.936475
37745918 446.453673
37744917 447.942643
37744482 449.445410
37738003 450.945043
37737119 452.458010
37730922 453.952442
37725563 455.450008
37723374 456.945101
37722272 458.442034
37721246 459.939713
37712234 461.427603
37710270 462.916278
37703344 464.414906
37697929 465.911168
37632329 467.415538
37631526 468.908559
37630849 470.394818
37629200 471.867287
37624608 473.347929
37624225 474.840475
37623382 476.324929
37575134 477.813619
37574485 479.297892
37570212 480.789388
37518010 480.789394
37516472 482.269582
37513501 483.740933
37508895 485.229635
37507122 486.714198
37505472 488.171681
37504379 489.644785
37504114 489.644789
37493696 491.115373
37488815 492.581909
37486075 494.040984
37479658 495.510963
37478387 496.971839
37476422 498.437354
37473453 499.908082
37466694 501.346402
37462567 502.808382
37456851 504.265887
37454248 505.722456
37448194 507.183907
37445178 508.643044
37437110 510.103062
37435310 511.570292
37425929 511.570297
37409845 513.018631
37407829 514.474741
37406338 515.922733
37259470 517.361735
37259306 518.804926
37259063 520.253082
37257206 521.703344
37254968 523.139197
37246233 524.585036
37241100 526.028867
37237581 527.483481
37228496 528.937475
37227826 530.381557
37212933 531.814295
37212757 533.251573
37198787 534.710598
37196010 536.143934
37194622 537.580215
37192413 539.025576
37190301 540.466285
37188229 541.909148
37187154 543.351086
37169112 544.783439
37167201 546.210040
37155758 547.636807
37154190 549.068991
37150019 550.499778
37147784 551.937431
37147321 553.371592
37146151 554.794844
37133918 556.219618
37128151 557.657680
37127699 559.076130
37124284 560.507067
37119993 561.950172
37119186 563.387316
37104467 564.815900
37103180 566.246992
37102301 567.674764
37101208 569.106142
37098249 570.527795
37097453 571.950770
37096528 573.385234
37095673 574.815918
37088353 576.225305
37084310 577.643490
37081060 579.057106
37078436 580.465896
37074313 581.876548
37070150 583.302629
37069808 584.717648
37059902 586.134242
37059018 587.552163
37056606 588.956572
37054568 590.357937
37052285 591.773927
37047104 591.773932
37027739 591.773934
37023832 593.183056
37021854 594.596367
37020003 596.011355
37017784 597.434549
37013558 598.839518
36999961 600.240904
36998566 601.646656
36995737 603.047122
36992655 604.455623
36908073 604.455629
36907567 605.859564
36907045 607.268519
36906578 608.662763
36906076 610.064073
36905234 611.463215
36903263 612.865533
36899402 614.269197
36895172 615.666498
36894799 617.074580
36892422 618.468639
36886895 619.868727
36886614 621.251468
36885790 622.626490
36882742 624.025697
36881885 625.418257
36881810 626.806373
36877012 628.188925
36876224 629.589340
36875713 630.981868
36872895 632.380828
36871272 633.761164
36869979 635.162706
36868705 636.562457
36843021 637.951839
36839421 639.335597
36838719 640.732213
36838013 642.120014
36836606 643.500313
36827868 644.886658
36821746 646.269799
36819916 647.653478
36818244 649.024582
36817109 650.413260
36816484 651.812908
36813752 653.193154
36812834 654.572589
36809391 655.957235
36803809 657.333300
36803314 658.708350
36802467 660.069342
36802105 661.443483
36799769 662.833695
36798467 664.202840
36796420 665.575799
36794550 666.950307
36793362 668.338591
36792320 669.718888
36790339 671.091817
36780618 672.466010
36779895 673.839450
36778872 675.213077
36776551 676.601844
36773854 677.978475
36773374 679.332022
36770905 680.708008
36770103 682.087884
36769108 683.452828
36768938 684.825697
36768363 686.185211
36767752 687.546926
36767026 688.914251
36764362 690.266759
36763705 691.649697
36761562 693.014485
36760364 694.381888
36750898 695.757829
36749539 697.125447
36740050 698.497337
36739851 699.872264
36738911 701.233292
36738041 702.596859
36737018 703.958642
36736528 705.328131
36735190 706.685161
36735000 708.047155
36731853 709.395239
36728387 710.752626
36726703 712.112625
36724771 713.483955
36721487 714.840601
36717088 716.204960
36715404 717.566134
36713952 718.914855
36712385 720.275708
36712058 721.634871
36711549 722.977115
36711287 724.322619
36710329 725.681094
36708614 727.028446
36708153 728.385251
36706472 729.737836
36705398 731.095904
36705332 732.441893
36704772 733.791222
36703508 735.137501
36702228 736.496363
36701930 737.846526
36699336 739.205320
36696050 740.557926
36695202 741.893800
36694070 743.240031
36689170 744.603262
36688651 745.942689
36686580 747.275784
36684370 748.619960
36684278 749.973911
36679897 751.316915
36673015 752.657948
36672858 754.013678
36671835 755.356788
36671736 756.710200
36670291 758.061826
36669073 759.406626
36668276 760.753073
36666757 762.096019
36665996 763.424613
36665360 764.760425
36662633 766.108173
36662514 767.440307
36661803 768.784078
36661069 770.117111
36660360 771.449478
36657148 772.781593
36656333 774.120134
36655586 775.468660
36653296 776.806665
36652122 778.133967
36652005 779.481348
36651069 780.840177
36645232 782.170427
36643695 783.493807
36641438 784.827780
36640771 786.161070
36638844 787.491833
36638748 788.819914
36637957 790.147752
36626760 791.485464
36626373 792.816261
36626268 794.153688
36623224 795.496582
36622238 796.846811
36621964 798.180197
36619934 799.509434
36618696 800.836541
36617046 802.169410
36616260 803.503631
36615633 804.841848
36614915 806.168743
36604931 807.494757
36604664 808.816655
36603789 810.139786
36603476 811.463528
36601362 812.801053
36600090 814.133016
36599723 815.460070
36599103 816.776139
36597615 818.099151
36596561 819.418935
36595091 820.752186
36593750 822.090803
36593054 823.411562
36591572 824.747304
36588902 826.063012
36586949 827.382528
36586168 828.710334
36585631 830.021755
36585179 831.355095
36585082 832.669090
36582156 833.998913
36581536 835.332223
36580982 836.662414
36580171 837.979455
36579906 839.284257
36579518 840.607472
36577684 841.919938
36577212 843.242704
36575046 844.558636
36574362 845.870223
36573199 847.199991
36553703 848.512841
36552529 849.832242
36552478 851.170145
36552234 852.479512
36550759 853.794155
36550143 855.127213
36548959 856.455386
36547440 857.779300
36547232 859.098188
36546529 860.413648
36545531 861.724848
36544721 863.048889
36543319 864.359566
36542333 865.684855
36541766 866.991490
36540751 868.299039
36536551 869.590996
36536203 870.902812
36535825 872.216018
36535518 873.524770
36531715 874.845006
36531679 876.149075
36529694 877.460223
36528483 878.760100
36506837 880.084855
36506437 881.393767
36506079 882.710796
36505977 884.016827
36504910 885.334885
36504730 886.640628
36503941 887.950999
36503492 889.265468
36502996 890.568730
36502389 891.889300
36500968 893.205935
36500195 894.523118
36499553 895.830459
36499274 897.134369
36496390 898.449444
36495333 899.748074
36493463 901.057159
36492991 902.364065
36491948 903.671588
36491238 904.978043
36489082 906.278354
36488848 907.575638
36481361 908.885149
36480529 910.192499
36478992 911.491645
36476573 912.795398
36474107 914.094783
36471260 915.400579
36470507 916.704442
36468728 918.009602
36467452 919.312138
36466841 920.620819
36465433 921.934625
36464536 923.222513
36464184 924.519304
36462845 925.816598
36462159 927.109958
36461447 928.423789
36461236 929.730556
36460869 931.020608
36459810 932.311448
36459209 933.607677
36457711 934.910177
36457323 936.212108
36456871 937.509896
36456503 938.802087
36455901 940.088334
36455302 941.386401
36454546 942.698278
36454073 944.000579
36452309 945.296234
36451935 946.596150
36449357 947.897057
36448477 949.202219
36447092 950.509235
36446613 951.811172
36445971 953.116242
36445742 954.405748
36445344 955.701564
36443450 957.002328
36443342 958.295731
36441684 959.611063
36441404 960.910584
36441252 962.205720
36440654 963.507288
36440104 964.803924
36438579 966.098945
36438092 967.392476
36437396 968.680252
36436868 969.977472
36432642 971.278640
36432623 972.571586
36430697 973.864831
36428485 975.159965
36428386 976.463101
36426771 977.774942
36426634 979.090386
36426220 980.381284
36425422 981.666513
36424767 982.948066
36423847 984.232409
36423435 985.519991
36423414 986.806536
36423322 988.097543
36422777 989.392794
36421650 990.682804
36419953 991.974342
36418843 993.265080
36410068 994.558687
36410057 995.848614
36409173 997.157242
36408162 998.445270
36408103 999.732160
36405378 1001.012995
36405012 1002.309425
36404543 1003.590600
36402265 1004.873328
36401001 1006.162499
36400062 1007.447257
36399399 1008.719169
36397155 1009.978870
36396543 1011.272083
36396177 1012.547235
36395957 1013.837522
36394568 1015.134438
36392311 1016.404947
36391066 1017.702423
36390913 1018.984485
36388809 1020.268800
36387316 1021.551831
36386454 1022.842327
36385609 1024.123072
36384579 1025.416479
36380729 1026.683827
36379953 1027.959111
36379496 1029.244662
36379115 1030.523290
36378398 1031.810602
36377975 1033.094247
36376964 1034.380407
36376212 1035.651684
36376062 1036.926046
36375853 1038.203208
36375224 1039.481502
36374250 1040.760947
36373582 1042.041367
36372860 1043.322490
36367755 1044.603298
36363016 1045.900636
36362544 1047.184173
36362093 1048.462743
36358902 1049.734101
36358305 1051.027466
36358128 1052.296180
36357171 1053.567232
36356974 1054.847059
36356913 1056.121598
36356312 1057.405598
36356125 1058.703417
36354658 1059.985642
36354301 1061.260921
36354148 1062.544284
36353087 1063.828651
36351245 1065.097696
36351064 1066.370068
36349547 1067.645307
36344463 1068.925534
36344099 1070.210595
36343891 1071.466506
36342793 1072.733676
36337898 1074.011291
36337357 1075.282925
36334606 1076.562091
36334604 1077.850637
36331952 1079.140355
36331874 1080.415293
36329718 1081.678142
36328937 1082.950479
36327576 1084.219579
36327012 1085.499438
36326432 1086.784897
36325305 1088.069073
36325103 1089.345567
36324013 1090.619829
36323712 1091.889699
36321883 1093.165975
36320568 1094.427354
36319468 1095.700770
36319244 1096.963822
36316835 1098.230416
36316756 1099.502972
36315589 1100.785416
36314080 1102.066537
36312089 1103.341536
36311442 1104.611514
36311089 1105.880650
36308062 1107.131955
36307842 1108.400652
36307578 1109.668908
36307524 1110.933626
36306227 1112.193317
36305435 1113.464022
36301276 1114.736681
36301209 1116.010881
36300731 1117.286705
36300593 1118.558187
36300420 1119.824226
36299728 1121.102505
36298863 1122.373987
36297072 1123.640227
36296886 1124.925091
36296743 1126.190553
36290179 1127.442887
36289988 1128.706624
36289566 1129.976635
36285677 1131.236435
36285403 1132.498204
36284523 1133.769739
36284215 1135.048363
36284137 1136.318680
36282559 1137.583755
36281572 1138.859554
36280620 1140.130683
36280532 1141.393507
36279421 1142.658712
36277107 1143.923094
36276984 1145.185277
36276653 1146.442672
36274653 1147.710008
36274219 1148.982063
36273768 1150.246268
36273635 1151.522734
36273352 1152.791315
36272815 1154.054094
36272482 1155.327069
36271408 1156.610407
36270593 1157.874348
36269486 1159.136599
36266259 1160.406273
36266231 1161.659733
36264284 1162.927819
36263383 1164.185209
36262921 1165.442935
36262156 1166.702605
36262001 1167.968210
36261390 1169.231875
36261249 1170.486172
36260626 1171.757062
36260313 1173.034495
36260178 1174.291424
36259200 1175.547878
36258029 1176.810414
36255139 1178.063873
36255053 1179.328618
36253071 1180.587959
36252929 1181.850266
36251844 1183.109963
36251394 1184.368431
36251211 1185.635171
36248297 1186.882988
36247996 1188.148973
36247917 1189.417373
36246734 1190.685390
36244786 1191.946970
36242483 1193.218350
36240349 1194.475573
36240335 1195.725553
36237402 1196.984483
36236027 1198.255204
36235926 1199.523932
36234514 1200.787192
36234416 1202.059061
36234235 1203.321049
36227665 1204.582184
36227559 1205.849873
36227126 1207.118037
36226948 1208.375918
36226046 1209.627061
36225969 1210.879980
36225952 1212.142568
36225513 1213.405746
36225278 1214.669118
36225113 1215.926692
36224600 1217.176192
36222501 1218.443615
36222500 1219.691170
36222177 1220.955666
36221924 1222.214944
36221849 1223.469713
36221503 1224.718289
36221466 1225.972584
36221060 1227.226968
36219695 1228.479739
36219189 1229.722799
36211251 1230.986095
36211246 1232.232329
36210943 1233.483606
36210059 1234.744606
36208602 1235.997717
36208495 1237.245919
36205048 1238.502797
36204794 1239.765629
36204793 1241.026776
36204081 1242.276377
36200407 1243.524547
36198476 1244.780282
36198473 1246.032890
36198249 1247.290933
36198143 1248.542149
36198121 1249.787909
36197571 1251.040540
36196082 1252.301493
36195727 1253.553043
36195411 1254.813107
36195190 1256.078451
36194107 1257.331912
36194091 1258.583381
36193756 1259.837305
36193687 1261.087985
36193635 1262.351780
36193530 1263.604780
36192131 1264.860148
36191442 1266.123102
36191018 1267.378271
36189516 1268.628350
36189363 1269.882682
36189288 1271.129749
36188898 1272.377177
36182243 1273.614974
36181648 1274.855828
36180962 1276.109405
36180845 1277.363894
36180232 1278.616013
36180128 1278.616018
36179749 1279.876868
36179022 1279.876873
36178848 1281.122056
36178526 1281.122060
36176560 1282.369055
36172289 1283.630872
36171994 1284.875919
36170773 1286.123241
36170759 1287.374319
36170749 1288.620504
36170574 1289.878175
36169725 1291.127681
36169458 1292.369810
36167724 1293.615483
36167250 1294.868596
36165736 1296.121415
36165409 1297.370144
36165350 1298.607734
36164575 1298.607739
36163774 1299.853433
36162181 1301.099894
36161821 1301.099899
36161536 1302.336154
36159075 1303.585548
36157887 1304.826921
36155985 1306.082239
36155592 1306.082244
36154378 1307.333165
36154183 1308.578529
36153910 1309.826808
36153819 1311.059961
36152789 1312.309717
36152557 1313.557839
36151090 1313.557844
36150455 1314.804260
36149389 1316.065776
36149146 1317.317071
36148707 1318.561984
36148428 1318.561989
36148352 1319.817052
36146959 1319.817056
36146223 1321.072391
36145790 1322.318446
36145645 1323.570519
36142036 1324.817997
36141829 1326.056295
36138750 1327.305242
36138678 1328.551819
36138640 1329.809158
36136250 1331.059660
36135998 1332.301161
36135379 1333.545994
36134369 1334.790190
36133542 1336.024334
36126968 1337.267171
36126891 1338.506832
36126669 1339.760207
36126360 1341.002588
36126118 1342.246659
36124100 1343.484181
36114754 1344.734467
36114439 1345.974305
36112853 1347.212335
36112491 1348.453149
36112191 1349.704578
36111027 1350.948416
36110809 1352.188274
36110648 1353.434835
36110453 1354.674206
36108932 1355.912265
36108368 1357.148511
36107677 1358.391903
36107568 1359.629398
36101791 1360.856935
36101511 1362.106140
36101077 1363.342774
36101043 1364.589921
36098182 1365.836471
36097456 1367.064058
36095783 1368.310618
36095451 1369.536349
36095043 1370.780679
36094036 1372.029084
36093125 1373.272641
36088690 1374.511339
36085743 1375.745873
36084324 1376.994111
36084138 1378.224361
36082518 1379.473899
36082513 1380.726587
36082442 1381.965628
36082156 1383.198909
36081824 1384.448040
36077765 1385.694149
36071419 1386.918152
36070543 1388.145141
36070384 1389.375675
36070245 1390.608952
36069799 1391.865504
36069286 1393.098598
36069257 1394.337185
36069235 1395.580182
36060109 1396.821760
36059337 1398.064600
36058743 1399.305079
36057770 1400.528922
36053222 1401.783948
36052947 1403.015026
36052449 1404.261467
36051828 1405.508572
36051599 1406.741925
36048745 1407.975295
36047085 1409.202593
36046637 1410.443133
36046120 1411.660337
36045654 1412.910911
36042860 1414.143532
36041533 1415.373411
36041355 1416.597575
36040900 1417.826479
36038626 1419.065621
36037776 1420.290523
36037744 1421.519206
36036901 1422.755786
36036867 1423.992651
36035123 1425.233051
36034142 1426.464072
36033718 1427.695677
36033401 1428.936166
36030475 1430.177683
36029439 1431.404308
36028625 1432.631901
36028338 1433.866257
36025250 1435.114623
36022498 1436.353300
36022338 1437.582196
36021181 1438.821804
36017798 1440.054413
36011977 1441.267319
36011858 1442.509335
36007956 1443.746221
36006268 1444.977131
36006204 1446.222577
36001570 1447.469128
36001266 1448.715765
36000564 1449.958874
35998715 1451.193950
35995789 1452.438185
35995044 1453.687856
35992911 1454.931725
35991797 1456.169124
35987814 1457.408678
35987743 1458.640546
35986220 1459.879980
35985868 1461.116539
35984821 1462.363678
35982798 1463.604461
35982346 1464.832854
35981225 1466.069350
35981195 1467.300719
35981047 1468.549894
35980525 1469.784052
35978394 1471.021389
35978219 1472.247078
35977292 1473.474747
35974596 1474.708231
35974299 1475.949891
35974078 1477.194498
35972358 1478.434142
35971615 1479.665292
35971278 1480.907920
35970806 1482.154346
35970581 1483.392695
35970131 1484.623925
35969637 1485.863382
35968921 1487.091744
35964620 1488.338181
35963805 1489.568651
35963348 1490.790436
35963266 1492.002774
35963116 1493.226992
35962619 1494.453277
35958243 1495.676153
35956567 1496.911227
35955312 1498.151292
35953168 1499.378669
35949868 1500.614221
35949363 1501.850338
35948038 1503.080158
35947928 1504.317895
35947639 1505.548108
35946962 1506.768080
35946767 1508.003362
35946523 1509.224716
35946361 1510.452512
35946104 1511.684427
35941820 1512.920485
35940223 1514.162715
35940088 1515.393325
35939329 1516.630034
35939190 1517.856198
35938573 1519.085770
35938517 1520.325074
35938292 1521.572614
35937438 1522.810583
35937183 1524.040225
35936914 1525.282183
35933195 1526.512042
35933052 1527.750473
35932992 1528.995622
35931694 1530.219865
35930020 1531.457594
35928064 1532.687337
35927973 1533.924357
35925787 1535.160263
35924235 1536.375657
35923782 1537.603273
35922991 1538.843232
35922956 1540.080915
35919599 1541.315803
35917948 1542.559021
35917947 1543.798554
35917341 1545.043773
35916950 1546.282430
35913701 1547.514461
35913695 1548.752835
35913449 1549.983937
35912559 1551.219996
35910485 1552.453070
35909234 1553.669348
35906445 1554.894680
35905046 1556.131227
35904929 1557.353056
35904845 1558.581039
35904741 1559.824257
35904673 1561.057419
35903780 1562.296679
35903230 1563.529568
35902550 1564.747781
35901353 1565.993313
35900357 1567.229424
35900070 1568.468840
35898050 1569.711562
35897160 1570.933216
35896071 1572.166225
35894808 1573.389767
35890989 1574.607476
35890717 1575.843112
35889523 1577.072191
35889229 1578.302445
35889159 1579.538165
35888342 1580.776967
35885685 1582.005696
35884309 1583.254458
35881992 1584.489428
35881801 1585.734632
35879266 1586.959581
35878537 1588.202933
35876937 1589.427359
35876751 1590.662632
35875877 1591.898634
35874807 1593.142874
35874484 1594.379680
35873026 1595.602852
35870365 1596.831729
35869201 1598.068213
35868318 1599.292189
35868093 1600.527278
35865356 1601.762180
35864419 1602.998480
35864157 1604.239174
35863360 1605.487405
35863315 1606.720671
35863201 1607.945596
35861970 1609.178074
35860634 1610.410584
35860605 1611.639116
35860564 1612.881200
35859228 1614.116891
35856069 1615.358946
35855807 1616.588597
35855509 1617.821246
35854862 1619.062718
35853542 1620.293997
35853093 1621.531886
35850919 1622.776018
35849898 1624.000602
35848563 1625.228502
35846920 1626.464414
35842870 1627.705199
35842721 1628.946140
35841663 1630.170960
35841225 1631.413185
35839800 1632.646249
35839762 1633.883489
35839724 1635.097007
35839206 1636.331132
35836225 1637.556601
35835527 1638.789086
35835183 1640.010666
35834981 1641.240424
35834940 1642.473785
35833281 1643.704781
35829237 1644.940702
35824483 1646.188090
35823793 1647.414014
35823109 1648.649691
35822438 1649.886090
35822427 1651.114432
35821658 1652.343387
35821022 1653.583238
35820532 1654.832689
35820177 1656.067929
35819530 1657.306748
35819228 1658.533382
35819073 1659.765090
35818990 1661.020587
35818919 1662.259962
35817268 1663.500305
35816568 1664.729545
35814008 1665.946657
35812409 1667.202289
35812348 1668.448138
35811426 1669.699990
35808231 1670.930249
35807470 1672.160270
35805307 1673.383649
35805247 1674.615556
35803499 1675.850761
35800876 1677.077302
35798427 1678.317376
35790571 1679.554986
35790191 1680.799899
35789685 1682.045512
35789037 1683.292069
35788364 1684.508684
35787597 1685.756110
35786984 1686.995733
35786559 1688.212453
35785770 1689.444934
35785617 1690.692103
35783641 1691.928093
35782309 1693.169071
35780884 1694.399331
35780575 1695.639602
35779720 1696.893098
35774331 1698.136224
35774023 1699.364274
35773704 1700.604968
35773586 1701.847488
35773436 1703.088554
35772675 1704.319310
35768941 1705.552841
35767193 1706.785609
35767025 1708.021770
35765934 1709.238441
35762447 1710.486266
35761283 1711.715581
35760953 1712.962746
35759239 1714.210669
35757022 1715.445726
35756292 1716.697003
35755326 1717.935382
35755319 1719.173723
35755089 1720.426947
35754687 1721.687480
35753651 1722.930255
35751313 1724.159501
35751129 1725.380696
35750905 1726.601276
35750791 1727.848080
35746723 1729.083037
35745801 1730.325997
35741795 1731.575969
35739554 1732.818592
35739197 1734.059021
35737515 1735.301945
35737470 1736.545696
35735668 1737.774567
35735520 1739.010080
35735412 1740.238127
35735281 1741.476306
35733686 1742.703372
35732216 1743.943233
35731877 1745.192080
35731875 1746.427988
35729775 1747.656776
35728808 1748.905345
35728422 1750.145405
35726805 1751.383396
35724510 1752.632830
35723881 1753.867294
35719519 1755.112971
35716192 1756.340426
35715666 1757.583313
35715304 1758.806397
35711796 1760.033354
35710795 1761.258800
35709294 1762.498528
35705778 1763.735698
35703518 1764.983882
35702978 1766.238416
35702405 1767.481932
35701939 1768.720118
35700770 1769.952034
35699274 1771.195211
35698349 1772.414253
35696887 1773.658951
35692938 1774.900459
35692209 1776.141902
35686580 1777.391913
35685005 1778.618737
35684365 1779.865788
35684295 1781.099252
35683361 1782.326798
35678095 1783.576196
35677805 1784.814900
35677150 1786.047900
35676268 1787.277745
35675907 1788.506013
35675130 1789.753969
35672925 1790.994012
35672732 1792.225510
35671536 1793.463448
35669906 1794.699793
35668263 1795.925734
35667329 1797.164345
35665582 1798.405316
35663447 1799.641775
35663341 1800.890350
35663273 1802.130194
35662454 1803.373902
35661557 1804.612526
35659883 1805.866621
35659877 1807.113275
35657991 1808.358588
35654197 1809.597697
35653836 1810.833143
35653021 1812.065152
35652913 1813.318914
35651833 1814.560448
35651751 1815.791098
35649172 1817.033912
35648474 1818.268330
35648137 1819.503683
35647530 1820.737531
35646691 1821.978322
35645194 1823.215288
35645148 1824.451455
35644970 1825.699591
35643116 1826.939584
35642939 1828.182512
35640749 1829.425290
35639191 1830.682041
35638639 1831.920930
35638441 1833.156220
35637911 1834.403872
35636329 1835.654300
35634435 1836.890478
35634354 1838.140632
35633217 1839.393660
35632434 1840.639406
35631873 1841.889823
35629622 1843.142751
35627637 1844.381887
35627454 1845.635536
35626838 1846.873093
35626831 1848.121921
35625783 1849.372223
35622171 1850.614590
35621985 1851.852500
35620840 1853.101380
35620692 1854.349314
35620174 1855.595782
35620116 1856.840219
35619700 1858.087263
35618764 1859.335122
35618545 1860.568684
35615812 1861.822842
35615554 1863.064960
35615016 1864.305190
35612896 1865.564045
35612331 1866.807680
35610074 1868.051618
35609391 1869.281116
35608022 1870.538483
35605023 1871.785783
35602265 1873.036219
35602164 1874.263204
35600524 1875.512854
35600413 1876.760041
35599543 1878.019605
35599517 1879.268340
35598310 1880.523734
35597555 1881.756288
35594376 1883.016397
35592975 1884.255337
35590809 1885.499533
35589588 1886.743728
35588600 1887.984314
35587994 1889.234723
35587455 1890.485706
35587027 1891.724380
35586010 1892.971173
35585957 1894.216664
35585943 1895.450426
35585264 1896.713833
35584336 1897.961912
35582913 1899.200868
35582713 1900.451197
35581197 1901.690076
35580407 1902.946337
35578536 1904.203914
35576193 1905.461909
35576191 1906.706196
35575102 1907.955847
35574144 1909.214022
35573094 1910.457498
35572076 1911.709784
35571607 1912.967175
35571161 1914.207702
35571033 1915.444508
35570715 1916.704072
35570302 1917.966902
35570171 1919.230605
35569769 1920.491954
35569515 1921.753854
35568870 1923.016099
35567834 1924.250863
35567729 1925.509217
35567429 1926.763601
35562053 1928.021058
35561940 1929.285679
35561572 1930.530164
35561063 1931.782635
35560038 1933.049273
35559084 1934.308991
35559049 1935.552181
35556391 1936.800558
35554050 1938.063908
35552124 1939.312363
35551446 1940.572240
35551414 1941.831570
35551162 1943.077048
35550852 1944.315447
35549944 1945.548968
35549567 1946.808730
35547553 1948.059351
35547538 1949.318066
35545420 1950.576910
35545114 1951.840303
35539273 1953.094467
35538013 1954.359037
35535675 1955.614201
35534927 1956.872944
35534530 1958.130585
35533221 1959.393329
35532698 1960.647067
35532620 1961.919443
35530494 1963.181665
35530418 1964.440643
35530387 1965.703812
35529366 1966.963383
35528518 1968.219659
35527009 1969.482972
35526358 1970.747276
35524667 1972.001277
35524611 1973.260651
35524499 1974.523731
35521743 1975.780459
35518876 1977.043078
35517453 1978.305231
35517057 1979.572082
35514917 1980.844519
35513231 1982.109808
35512233 1983.367119
35511843 1984.613971
35511543 1985.876395
35510836 1987.127338
35508262 1988.384981
35505641 1989.636283
35505050 1990.899997
35504630 1992.163438
35503651 1993.414060
35502326 1994.686559
35501446 1995.953353
35500666 1997.224391
35499222 1998.478968
35499146 1999.745106
35499097 2000.997905
35498379 2002.256070
35497123 2003.536926
35496493 2004.792284
35496248 2006.047308
35495565 2007.312159
35494897 2008.578101
35494090 2009.842953
35493895 2011.122057
35492897 2012.382609
35492012 2013.645532
35491445 2014.899974
35488417 2016.147296
35488261 2017.412921
35487281 2018.684172
35485666 2019.953196
35484876 2021.219627
35482855 2022.480301
35482597 2023.737774
35481554 2025.018725
35479696 2026.294753
35474624 2027.571142
35474142 2028.845623
35473991 2030.113634
35473377 2031.388124
35473085 2032.647680
35471935 2033.903826
35470812 2035.168781
35469043 2036.424785
35468053 2037.675720
35467419 2038.944938
35466876 2040.212699
35464476 2041.497211
35464341 2042.759031
35463974 2044.025566
35461328 2045.296545
35460324 2046.573461
35457895 2047.849167
35457825 2049.112845
35456375 2050.379551
35456350 2051.658165
35455042 2052.929443
35453734 2054.208328
35453459 2055.479996
35452069 2056.756866
35451122 2058.021694
35450021 2059.304663
35449536 2060.562587
35448689 2061.832656
35447713 2063.108153
35446517 2064.390620
35444639 2065.662486
35443014 2066.933246
35442861 2068.203381
35442253 2069.465497
35442185 2070.733716
35441425 2072.012433
35438549 2073.283195
35437139 2074.562681
35437020 2075.840337
35436710 2077.096412
35433591 2078.375217
35431648 2079.638277
35431053 2080.917868
35429981 2082.173599
35428810 2083.434914
35428790 2084.701699
35427031 2085.973272
35426577 2087.248320
35426305 2088.532898
35426144 2089.829373
35424099 2091.109976
35421329 2092.403593
35420766 2093.670862
35419835 2094.969608
35419260 2096.249340
35419067 2097.543095
35418949 2098.810763
35418597 2100.072930
35417707 2101.377298
35417156 2101.377303
35414609 2102.649491
35410980 2103.919931
35410283 2105.202940
35410214 2106.485330
35409653 2107.783473
35408223 2109.053806
35408211 2110.322355
35408166 2111.609923
35407221 2112.883312
35405102 2114.169095
35404630 2115.452424
35404334 2115.452428
35402788 2116.736666
35402035 2118.020933
35399829 2119.312356
35399186 2119.312361
35399062 2120.589839
35398311 2120.589844
35397005 2121.871216
35396243 2123.152817
35391530 2123.152823
35390672 2124.425739
35390125 2125.709567
35388644 2126.986216
35383302 2128.262418
35383165 2129.541241
35382143 2130.814554
35382142 2132.093238
35381915 2133.376044
35381875 2134.676881
35381698 2135.947133
35380745 2137.228785
35379661 2138.513182
35379079 2139.797721
35378488 2141.099521
35377569 2142.386345
35377470 2143.662861
35375134 2143.662866
35372421 2144.938406
35371857 2146.224289
35369847 2147.516430
35368078 2148.808407
35364480 2150.101468
35363275 2151.405735
35362482 2152.687675
35360480 2153.980563
35360187 2155.261862
35358697 2156.564964
35357765 2157.863099
35356732 2159.149689
35356248 2160.428100
35354569 2161.708941
35353659 2163.001648
35351507 2164.278344
35351207 2165.589544
35347191 2166.890630
35347084 2168.178026
35346657 2169.481061
35346349 2170.774810
35345890 2172.065789
35343311 2173.356706
35343194 2174.647677
35342075 2175.937633
35341347 2177.236821
35340700 2178.525330
35340547 2179.815362
35339128 2181.115832
35339083 2182.398485
35338423 2183.682786
35338077 2184.973777
35337143 2186.266143
35335750 2187.576052
35335342 2188.867488
35332845 2190.165784
35331754 2191.468502
35330309 2192.757074
35328515 2194.060550
35327969 2195.362231
35327092 2196.640125
35326609 2197.952576
35325534 2199.247712
35325495 2200.553891
35325428 2201.830538
35322748 2201.830542
35322570 2203.141444
35321357 2204.452556
35318310 2205.755490
35318120 2207.052490
35317479 2208.343219
35317208 2209.625908
35314466 2209.625912
35314150 2210.926052
35312555 2212.232696
35312302 2213.534620
35311523 2214.834501
35310731 2216.133522
35308681 2217.434068
35307256 2218.729544
35307103 2220.019196
35305218 2221.320894
35304892 2222.627560
35304882 2223.941999
35303186 2223.942004
35302049 2225.256840
35298844 2226.554559
35297567 2227.853828
35296671 2229.158948
35295599 2230.464233
35294388 2231.753538
35292517 2233.066463
35290003 2234.379497
35287670 2235.683332
35287540 2236.990918
35285432 2238.306741
35285371 2239.613224
35285085 2240.919929
35284300 2242.216307
35283372 2243.516495
35283244 2244.812013
35281795 2246.120715
35280946 2247.428081
35279767 2248.725521
35279667 2250.024474
35273346 2251.322341
35272988 2252.634085
35272534 2253.931373
35269635 2255.262502
35268991 2256.561825
35268148 2257.884219
35267518 2257.884223
35266517 2259.171315
35266236 2259.171320
35266193 2260.464726
35265066 2261.778222
35264406 2261.778227
35263538 2263.097902
35260714 2264.400584
35260526 2265.701595
35260494 2267.006889
35259584 2268.322745
35258143 2269.638669
35258095 2270.954157
35258032 2270.954161
35257912 2272.264215
35257583 2272.264219
35255567 2273.575935
35254411 2274.873033
35253598 2276.182973
35252567 2277.504254
35252444 2277.504259
35252117 2278.817909
35251350 2280.143629
35251334 2281.462022
35251154 2282.786207
35250470 2284.103792
35250015 2285.427092
35249630 2285.427097
35248730 2286.732675
35248162 2288.037316
35247360 2289.378087
35247017 2290.703451
35245227 2292.024868
35244525 2293.343707
35242435 2294.666116
35242389 2295.978668
35240098 2297.307414
35239841 2298.619331
35236850 2298.619336
35236789 2299.921007
35236401 2301.256679
35235437 2302.582910
35234343 2303.900053
35233149 2305.219244
35232906 2306.525046
35232217 2306.525050
35229956 2307.841965
35228945 2309.166512
35228368 2310.482989
35228298 2311.794935
35228163 2313.104993
35222835 2314.442649
35222188 2315.763058
35221768 2317.083845
35221679 2318.406970
35220021 2319.723671
35219229 2321.046336
35219198 2322.375361
35218267 2323.685834
35216819 2325.009665
35214471 2325.009669
35212419 2326.350413
35212202 2327.674004
35211589 2329.004118
35210254 2330.329262
35209312 2331.669158
35208653 2332.997211
35208128 2334.329875
35205718 2335.650534
35204627 2336.974485
35203367 2338.302297
35203073 2339.648295
35201309 2340.970644
35199755 2342.307299
35197765 2343.638948
35197302 2344.967414
35196379 2346.309611
35194010 2347.644834
35193142 2348.978750
35192380 2350.303429
35188777 2351.636036
35187448 2352.959282
35187106 2354.298608
35186099 2355.632748
35184317 2356.958322
35183019 2358.277401
35182766 2359.603096
35182637 2360.927690
35178169 2362.261791
35177951 2363.599951
35176370 2364.948770
35175022 2366.284131
35173435 2367.608822
35171993 2368.938137
35171685 2370.264564
35170642 2371.613279
35169910 2372.947125
35169397 2374.270035
35167313 2375.582046
35166330 2376.933604
35166326 2378.271465
35163309 2379.609910
35162298 2380.942932
35161111 2382.274401
35159870 2383.606754
35156825 2384.936338
35156311 2386.273317
35153798 2387.627051
35152845 2388.973721
35152129 2390.302634
35152032 2391.649685
35151288 2392.990706
35150475 2394.333041
35149859 2395.672143
35147962 2397.012050
35145730 2398.368234
35141723 2399.704283
35140560 2401.058094
35140307 2402.402813
35139151 2403.757506
35138352 2405.109397
35137663 2406.452783
35137481 2407.789039
35137184 2409.136052
35137123 2410.466337
35135899 2411.813053
35135328 2413.163374
35132884 2414.505832
35132747 2415.853084
35128013 2417.221000
35127563 2418.575579
35125867 2419.936527
35124279 2421.277607
35122116 2422.650864
35121561 2423.985616
35119812 2425.319521
35119769 2426.661562
35117966 2428.026099
35117403 2429.367062
35117195 2430.721533
35117133 2432.063411
35116234 2433.431953
35111860 2434.801968
35111741 2436.167810
35111483 2437.528336
35110888 2438.867909
35109856 2440.224873
35108265 2441.585849
35107385 2442.955531
35107215 2444.313293
35107064 2445.667029
35107023 2447.017335
35106214 2448.379846
35104734 2449.728260
35103907 2451.081590
35103420 2452.436681
35103117 2453.807207
35102778 2455.177463
35100974 2456.555100
35099683 2457.916532
35099561 2459.276144
35099556 2460.648028
35096461 2461.993999
35095964 2463.351028
35095532 2464.707152
35095446 2466.074760
35092520 2467.424981
35090281 2468.778987
35090200 2470.134112
35089191 2471.483941
35088059 2472.844748
35084834 2474.205063
35084766 2475.576403
35084664 2476.946124
35083043 2478.309735
35082098 2479.676740
35081939 2481.041816
35081570 2482.396459
35081090 2483.742171
35080705 2485.099371
35078830 2486.468860
35078479 2487.832021
35078048 2489.211112
35077675 2490.585496
35077251 2491.953031
35076139 2493.318548
35075923 2494.688458
35075119 2496.067375
35075040 2497.441677
35074339 2497.441682
35074022 2498.804592
35073481 2500.158540
35072538 2501.531819
35071669 2502.911823
35071557 2502.911828
35070754 2504.294385
35070742 2505.670007
35070269 2505.670011
35068953 2507.040184
35067089 2508.416364
35066856 2509.788040
35065389 2511.169811
35064854 2512.555535
35064287 2513.927460
35064151 2515.312975
35063488 2516.673874
35062629 2518.053869
35062534 2518.053875
35061427 2519.438068
35060613 2520.807595
35060276 2522.179645
35060150 2523.554898
35059190 2523.554902
35058986 2524.947366
35057617 2524.947371
35054807 2526.306755
35053704 2527.693989
35052461 2527.693994
35051855 2529.064319
35051647 2529.064324
35051573 2530.448832
35050344 2530.448837
35049709 2531.831901
35049066 2533.217966
35048863 2534.616711
35047994 2535.998039
35046067 2537.388677
35044668 2538.776227
35044510 2540.161204
35043363 2541.540460
35040211 2542.925980
35039921 2544.304101
35039124 2545.682321
35037231 2547.069913
35035695 2548.472361
35035651 2549.851328
35035207 2551.234559
35034155 2552.621839
35032805 2554.012266
35031618 2555.395293
35031270 2556.782000
35029640 2558.182708
35029198 2559.576156
35028813 2560.976717
35025732 2562.365573
35025628 2563.763588
35023212 2565.143149
35021705 2566.549288
35021077 2567.955269
35020493 2569.357542
35019673 2570.744465
35019399 2572.145307
35018873 2573.549667
35017672 2574.961418
35016636 2574.961424
35014892 2576.363100
35013833 2577.747091
35012699 2579.141007
35010297 2579.141011
35006463 2580.535311
35005317 2581.933092
35002046 2583.329727
34999974 2584.723816
34999467 2586.126972
34999355 2587.524310
34998446 2588.919340
34997445 2590.324533
34996415 2591.734831
34994916 2593.118294
34993978 2594.518801
34992762 2595.931986
34991692 2597.329711
34991374 2598.742470
34988112 2600.147430
34987951 2601.567298
34987849 2602.971921
34987399 2604.384923
34986427 2605.780295
34985401 2607.179173
34985096 2607.179177
34984054 2608.577184
34982254 2608.577189
34981492 2609.985527
34981183 2611.380178
34980956 2612.797568
34978741 2612.797573
34977979 2614.214823
34977614 2615.619534
34976497 2617.026803
34976491 2618.436426
34976261 2619.833370
34975945 2621.255871
34974093 2622.664236
34972311 2624.074399
34971935 2625.487895
34971236 2626.898456
34969316 2628.305519
34968464 2629.708671
34965708 2631.129692
34964707 2632.543868
34958937 2633.947774
34955054 2635.376143
34954797 2636.784180
34949909 2638.187269
34949529 2639.604369
34947787 2641.036145
34946610 2642.461286
34945752 2643.879214
34944520 2645.293171
34943401 2646.718218
34942990 2648.139039
34941926 2649.538471
34941207 2650.958906
34940534 2652.356290
34940134 2653.802079
34939982 2655.227367
34938919 2656.666607
34938700 2658.086912
34936839 2659.509767
34936300 2660.935306
34935294 2662.352220
34934978 2663.753011
34933104 2665.171040
34932594 2666.599871
34930200 2668.010052
34930133 2669.424746
34929256 2670.842618
34928718 2672.266542
34927558 2673.702095
34926662 2675.133025
34925740 2676.572392
34925132 2678.003427
34924853 2679.425761
34924121 2680.844303
34921464 2682.272706
34921285 2683.690590
34916864 2685.129926
34916448 2686.565932
34916359 2687.997024
34916269 2689.439838
34914224 2690.860387
34914087 2692.293188
34913763 2693.705446
34913553 2695.137162
34912495 2696.575294
34911835 2698.005271
34910910 2699.427881
34909937 2700.885138
34909741 2702.330628
34902022 2703.749689
34901476 2705.199789
34901466 2706.651754
34900726 2708.075402
34899866 2709.549680
34898921 2710.991334
34898211 2712.430430
34897628 2713.878625
34897601 2715.315333
34897174 2716.774089
34895834 2718.203723
34894024 2719.635792
34893453 2721.088604
34890515 2722.534891
34890051 2723.969975
34889626 2725.401368
34886398 2726.845234
34886237 2728.298363
34885081 2729.771435
34885045 2731.194011
34884527 2732.631695
34882658 2734.087109
34882587 2735.532819
34882357 2737.010172
34880312 2738.451762
34879054 2739.901209
34878719 2741.341137
34878228 2742.792218
34876581 2744.253562
34876213 2745.711242
34874535 2747.159890
34872559 2748.605471
34871182 2750.048604
34870320 2751.493681
34869608 2752.933540
34869453 2754.386442
34869023 2755.839846
34867387 2757.297009
34866316 2758.768491
34866270 2760.236859
34864917 2761.695191
34864697 2763.142291
34862867 2764.604402
34862679 2766.071742
34861587 2767.557898
34860703 2769.023395
34860006 2770.499262
34859704 2771.945457
34858946 2773.419160
34857327 2774.892377
34855727 2776.348454
34855512 2777.819359
34855375 2779.276408
34854920 2780.764005
34853949 2782.217866
34853184 2783.705869
34853050 2785.169023
34851906 2786.641168
34851870 2788.114479
34850194 2789.565731
34847890 2791.027412
34844712 2792.498280
34843597 2793.972759
34843207 2795.434836
34841835 2796.895969
34840082 2798.370514
34838838 2799.827207
34838503 2801.290763
34838023 2802.754633
34836640 2804.220505
34835945 2805.702382
34834753 2807.159024
34834152 2808.652672
34833914 2810.134672
34833636 2811.615170
34832329 2813.081600
34831920 2814.560212
34831418 2816.024838
34830546 2817.495106
34830176 2818.977549
34829597 2820.452502
34827829 2821.926487
34826815 2823.415497
34826813 2824.885911
34826095 2826.367625
34825154 2827.852589
34824323 2829.348552
34823794 2830.848792
34823732 2832.342318
34823731 2833.849219
34823052 2835.347547
34821738 2836.846398
34821459 2838.327392
34820347 2839.819826
34819048 2841.301254
34818494 2842.792851
34818241 2844.282051
34817880 2845.761258
34816603 2847.261726
34816133 2848.747633
34815253 2850.235644
34813125 2851.722228
34813109 2853.222229
34811723 2854.746224
34810458 2856.247026
34809460 2857.744656
34808753 2859.269017
34808371 2860.772654
34807863 2862.285455
34807445 2863.776485
34805188 2865.272237
34804529 2866.787601
34803520 2868.292734
34797601 2869.813853
34797469 2871.318923
34796876 2872.820998
34796736 2874.329553
34796559 2875.837829
34796014 2877.332310
34794868 2878.852045
34794669 2880.378017
34794192 2881.894055
34793765 2883.430438
34793444 2884.953215
34793012 2886.475514
34792901 2887.972783
34788794 2889.489487
34787343 2891.011928
34786135 2892.517623
34785437 2894.009134
34785102 2895.522499
34784932 2897.033653
34784844 2898.561041
34784456 2898.561046
34784016 2900.085518
34783393 2900.085524
34783186 2901.605717
34782762 2903.132311
34781477 2903.132316
34780820 2904.656775
34780497 2906.184442
34780110 2906.184448
34779659 2907.724823
34778844 2907.724828
34776630 2909.224251
34775148 2910.743511
34775002 2912.275949
34773824 2913.806522
34773688 2913.806527
34773207 2915.327654
34772480 2915.327660
34771314 2916.857930
34769629 2918.381905
34768185 2919.910584
34766465 2921.440201
34765795 2922.954875
34764897 2924.477944
34763987 2926.005357
34763233 2927.547545
34762665 2929.089256
34762410 2930.609607
34761247 2932.151007
34760377 2933.681571
34760169 2935.191246
34759459 2936.748816
34758898 2938.279746
34758684 2938.279751
34757773 2939.826019
34753620 2939.826025
34749438 2941.364157
34747413 2942.900840
34747154 2944.429190
34745075 2945.970057
34744072 2947.508049
34743633 2949.057881
34742031 2950.614335
34741594 2952.180541
34739682 2953.734721
34739372 2955.272534
34738621 2956.824027
34738175 2958.361687
34735117 2959.913247
34734348 2961.471165
34733886 2963.025780
34732994 2964.570165
34731880 2966.103455
34730966 2967.659353
34730268 2969.217514
34729871 2970.760824
34729333 2972.310804
34729051 2973.876717
34728585 2975.421574
34726031 2976.982474
34725106 2978.544309
34723906 2980.091783
34719721 2981.654004
34718399 2983.223181
34716998 2984.754344
34716646 2986.312212
34715965 2987.861340
34715267 2989.399954
34714666 2990.965295
34713804 2992.525544
34712698 2994.075341
34712301 2995.641456
34712145 2997.220022
34708557 2998.789808
34707497 3000.343368
34707296 3001.909794
34706255 3003.486803
34705821 3005.042696
34705426 3006.616247
34701111 3008.197122
34701025 3009.763101
34700268 3011.335187
34699199 3012.897653
34698816 3014.487238
34695639 3016.054614
34695038 3017.608927
34694362 3019.194839
34693968 3020.792977
34693830 3022.376904
34693499 3023.968319
34692630 3025.546921
34690707 3027.129292
34688845 3028.719374
34687799 3030.284578
34687501 3031.851392
34687041 3033.427288
34686279 3035.012794
34685706 3036.585483
34685032 3038.156142
34683715 3039.748881
34683570 3041.333189
34679681 3042.915486
34676905 3044.503431
34674665 3046.093220
34674190 3047.686945
34673394 3049.268694
34672337 3050.855855
34671596 3052.444970
34670550 3054.034871
34670242 3055.631253
34667827 3057.225168
34666747 3058.844975
34666480 3060.434829
34666128 3062.031156
34665313 3063.615930
34665089 3065.219189
34665017 3066.813744
34664623 3068.423282
34664302 3070.009449
34663744 3071.621005
34662507 3073.221707
34661433 3074.813039
34661042 3076.419256
34658092 3078.030926
34657534 3079.638673
34656247 3081.248455
34656124 3082.855204
34655379 3084.464140
34655009 3086.090149
34654520 3087.716248
34653661 3089.342300
34650283 3090.967095
34649282 3092.590430
34648419 3094.194654
34648155 3095.821744
34647715 3097.430074
34647532 3099.074621
34647175 3100.677895
34646107 3102.286734
34645354 3103.901966
34644778 3105.522517
34644159 3107.152144
34643829 3108.767303
34642376 3110.386307
34641942 3112.016566
34641621 3113.632653
34641298 3115.275259
34640134 3116.892568
34639905 3118.513586
34639491 3120.105257
34635575 3121.722180
34634687 3123.362858
34634294 3125.004946
34633238 3126.635102
34632971 3128.267535
34632019 3129.886266
34630318 3131.511221
34628795 3133.166624
34628014 3134.778141
34627696 3136.415390
34627267 3138.058370
34626439 3139.707610
34626378 3141.333193
34624233 3142.956749
34623812 3144.577694
34623779 3146.213015
34623277 3147.870465
34622379 3149.528617
34622071 3151.191813
34621760 3152.809216
34621340 3154.455698
34620272 3156.095685
34620022 3157.747887
34619334 3159.388452
34619148 3161.033003
34619091 3162.696255
34618120 3164.347536
34617148 3165.993173
34616112 3167.637257
34614843 3169.288669
34613693 3170.941670
34613519 3172.584882
34613152 3174.246530
34612986 3175.909395
34611552 3177.576270
34611394 3179.218965
34610662 3180.902716
34610446 3182.543375
34610153 3184.188429
34610122 3185.861452
34609746 3187.523055
34609137 3189.178424
34608923 3190.842360
34607483 3192.512369
34606608 3194.150988
34605423 3195.828740
34602697 3197.501891
34602566 3199.186103
34601922 3200.836516
34600983 3202.511380
34600232 3204.176652
34599234 3205.843601
34598865 3207.505889
34598148 3209.188821
34597911 3210.854834
34597573 3212.548230
34597497 3214.221282
34596844 3215.900133
34596161 3217.584065
34595387 3219.267214
34595155 3220.958333
34594958 3222.625195
34594432 3224.282316
34593981 3225.964249
34593133 3227.624606
34592727 3229.306701
34592401 3231.007530
34591656 3232.685866
34590650 3234.364636
34590526 3236.041091
34589846 3237.726455
34589485 3239.418200
34589084 3241.110664
34588898 3242.823547
34588680 3244.518702
34587681 3246.205531
34587288 3247.891647
34586489 3249.579593
34586301 3251.279780
34585927 3252.974463
34585645 3254.681554
34585545 3256.342505
34584978 3258.033340
34584871 3259.740801
34583484 3261.429289
34580310 3263.125815
34580152 3264.826147
34579126 3264.826152
34578658 3266.540485
34578652 3268.236240
34578459 3268.236246
34577500 3269.928318
34577469 3269.928323
34576272 3271.647730
34576072 3271.647735
34575496 3273.361873
34575385 3275.064049
34574925 3276.766988
34574372 3278.472006
34572290 3278.472011
34571030 3280.187673
34570550 3281.905922
34570374 3283.584659
34569679 3285.295685
34569270 3287.004481
34568720 3288.719194
34567885 3290.427600
34567154 3292.153684
34567010 3293.875015
34566407 3295.603948
34566057 3297.324921
34565980 3299.043385
34565634 3300.767292
34564531 3302.494563
34563329 3304.226788
34562183 3305.940872
34561901 3307.675620
34559581 3309.410479
34559150 3311.151672
34558599 3312.880453
34558243 3314.598154
34556727 3316.334142
34555904 3318.075068
34555358 3319.801301
34554929 3321.542462
34554697 3323.262862
34553643 3324.975614
34553136 3326.715175
34552891 3328.444854
34550730 3330.178597
34550181 3331.920564
34550180 3333.654382
34549278 3335.397980
34548643 3337.156161
34548410 3338.900742
34546916 3340.639353
34546151 3342.397390
34546044 3344.142069
34543432 3345.908149
34542679 3347.645080
34542200 3349.379382
34541549 3351.143550
34538054 3352.881470
34537850 3354.623655
34537461 3356.358823
34537368 3358.116411
34537105 3359.852967
34536691 3361.609917
34536389 3363.358277
34535588 3365.118260
34535254 3366.873622
34535135 3368.629380
34534456 3370.409786
34533772 3372.169319
34533744 3373.925911
34532859 3375.692047
34529384 3377.463023
34529033 3379.219854
34525066 3380.998963
34523840 3382.764154
34523630 3384.541217
34523275 3386.296686
34522833 3388.063430
34522797 3389.829473
34522729 3391.601404
34522630 3393.372886
34521620 3395.134898
34521470 3396.916184
34520885 3398.691276
34520617 3400.452774
34520230 3402.237218
34519721 3404.000288
34519340 3405.781411
34518994 3407.550452
34518859 3409.351995
34518505 3411.125842
34518449 3412.910752
34518257 3414.691091
34517873 3416.463404
34517835 3418.254550
34517791 3420.040672
34517419 3421.819611
34517072 3423.603396
34516325 3425.384213
34516213 3427.179034
34515912 3428.955067
34515795 3428.955071
34515158 3430.751714
34515144 3432.543475
34514571 3432.543480
34514079 3434.351178
34513429 3436.159745
34513313 3437.953550
34512885 3439.752923
34510898 3441.540819
34510707 3443.345796
34510706 3445.162459
34510469 3446.964543
34509990 3448.757235
34509498 3450.559523
34508850 3452.363027
34508834 3454.172553
34508217 3454.172558
34507774 3455.968029
34507650 3455.968034
34506878 3457.757951
34506733 3459.542237
34506504 3459.542242
34506385 3459.542244
34506259 3461.355437
34505150 3461.355442
34504069 3463.172723
34503663 3464.956243
34501958 3466.753474
34501654 3468.575355
34500960 3470.400840
34500828 3472.197798
34500434 3473.992125
34500328 3473.992131
34500249 3475.801748
34499958 3475.801755
34497625 3477.612834
34497345 3479.439225
34497145 3481.258463
34495833 3483.086430
34495348 3484.893891
34495200 3486.715209
34494870 3488.532354
34494757 3490.363222
34494420 3490.363227
34494104 3492.193810
34494094 3492.193816
34493885 3494.013720
34493634 3494.013725
34492888 3495.834878
34492821 3497.640254
34492804 3497.640261
34488778 3499.476060
34488447 3501.293291
34488315 3503.098380
34486948 3504.911312
34486666 3506.743806
34486631 3508.560940
34486311 3510.382486
34486293 3512.234843
34486169 3514.042273
34485463 3515.888967
34485084 3517.726160
34484620 3519.546547
34484410 3521.387757
34484205 3523.211194
34483682 3525.048805
34479350 3526.882222
34478830 3528.730990
34476469 3530.559799
34476035 3532.398805
34475695 3534.236658
34475012 3536.069699
34474780 3537.911792
34474529 3539.737433
34474276 3541.571453
34473850 3543.426794
34473476 3545.270812
34473198 3547.110616
34473051 3548.967571
34472806 3550.841737
34472406 3552.694053
34470806 3554.541194
34470245 3556.378975
34469669 3558.205211
34469586 3560.047242
34469300 3561.908352
34469079 3563.750479
34468934 3565.591660
34468028 3567.456972
34467802 3569.301967
34467384 3571.159718
34467264 3572.994777
34467038 3574.841704
34464746 3576.692058
34464610 3578.557553
34463711 3580.424483
34458725 3582.259964
34458214 3584.114090
34457753 3585.966110
34457509 3587.839134
34457264 3589.701859
34457081 3591.560652
34456718 3593.420302
34456581 3595.286917
34456235 3597.153594
34455632 3599.003768
34455506 3600.876176
34455215 3602.732988
34454616 3604.595540
34454374 3606.455585
34454087 3608.303294
34453962 3610.154492
34453868 3612.030939
34453610 3613.894026
34453520 3615.765794
34453011 3617.631354
34449857 3619.493229
34449328 3621.367306
34448921 3623.230808
34448728 3625.096491
34447315 3626.949864
34446578 3628.811894
34445791 3630.677229
34445533 3632.530536
34445470 3634.393078
34445337 3636.274737
34444976 3638.135987
34444713 3640.008759
34444462 3641.887526
34443994 3643.759208
34443884 3645.635788
34443737 3647.496946
34443249 3649.364053
34443189 3651.247506
34442932 3653.112549
34442774 3655.004637
34442697 3656.880591
34442375 3658.752967
34441905 3660.618468
34441525 3662.486606
34440864 3664.377273
34440042 3666.276697
34439506 3668.171723
34439180 3670.060012
34439127 3671.927871
34437643 3673.803884
34437530 3675.698500
34437453 3677.578331
34437218 3679.474318
34436778 3681.365356
34436092 3683.245771
34435877 3685.133759
34435825 3687.023505
34435517 3688.912181
34435312 3690.812853
34434834 3692.705577
34431801 3694.608042
34431725 3696.503073
34431712 3698.392154
34431106 3700.297407
34431049 3702.197035
34430700 3704.088884
34428996 3705.978693
34428785 3707.888054
34428668 3709.786162
34428453 3711.659175
34428311 3713.574423
34428074 3715.471372
34427956 3717.357628
34427263 3719.254704
34427143 3721.141978
34427078 3723.046033
34427022 3724.938227
34426923 3726.827468
34426767 3728.718112
34426647 3730.610720
34426401 3732.504835
34426139 3734.402459
34425510 3736.305132
34425448 3738.199184
34425316 3740.096654
34425305 3741.999928
34425174 3743.907208
34424636 3745.810263
34424127 3747.707481
34424058 3749.605010
34424011 3751.511102
34423656 3753.412493
34423487 3755.305426
34422524 3757.222152
34422117 3759.117150
34421913 3760.988586
34421865 3762.880880
34420446 3762.880885
34420197 3764.783645
34420056 3766.702025
34419853 3768.613273
34419465 3770.516550
34419439 3772.432885
34419377 3774.332163
34418141 3774.332169
34418101 3776.237068
34418038 3778.144890
34415460 3780.043706
34415327 3781.968243
34415232 3783.871849
34415193 3785.781690
34414987 3787.686948
34414603 3789.592747
34414491 3791.518425
34413793 3793.435878
34411989 3795.341179
34411793 3797.251478
34411242 3799.155964
34411140 3801.057727
34411038 3802.954627
34410377 3804.863374
34410074 3806.758663
34409730 3808.671961
34404520 3810.597516
34404104 3812.531266
34403695 3814.435358
34402489 3816.339735
34402428 3818.234026
34402283 3820.131374
34401889 3822.052016
34401640 3823.968607
34401425 3825.881453
34401302 3827.777611
34401060 3829.682749
34401007 3831.592380
34400912 3833.507221
34400275 3835.411988
34400238 3837.313880
34400144 3839.211313
34400084 3841.127164
34400053 3843.057223
34399849 3844.952928
34399590 3846.861989
34399473 3848.775119
34399320 3850.678270
34397921 3852.579305
34397688 3854.478279
34397597 3856.401061
34397119 3858.301602
34396868 3860.215110
34396601 3862.131515
34396518 3864.044774
34396368 3865.968082
34396292 3867.882655
34396122 3869.788273
34396042 3871.699908
34395618 3873.618841
34395586 3875.519230
34395293 3877.426998
34395169 3881.243442
34394998 3883.155664
34394927 3885.078073
34394716 3886.989076
34394696 3888.896910
34394691 3890.808763
34394654 3892.731716
34394609 3894.626149
34394428 3896.538024
34394296 3898.456719
34393444 3900.384152
34393142 3902.302890
34393034 3904.194584
34392692 3908.030459
34392681 3909.941211
34392380 3913.771734
34392266 3915.695570
34392240 3917.602045
34392120 3919.503993
34391876 3921.421908
34391834 3923.346619
34391818 3925.268470
34391775 3927.177381
34391353 3929.092924
34391222 3930.998035
34390407 3932.907477
34390187 3934.804614
34390077 3936.726252
34390069 3938.612723
34390007 3940.507544
34389987 3942.404308
34389950 3944.304402
34389830 3946.208465
34389819 3948.106185
34389813 3950.007815
34389811 3951.899550
34389803 3953.796027
34389802 3955.685803
34389789 3957.601469
34389756 3959.496695
34389591 3961.392578
34389530 3965.186284
34389457 3967.101270
34389432 3969.003226
34389422 3970.894296
34389365 3972.801936
34389342 3974.717163
34389265 3976.627913
34389210 3980.441408
34388800 3982.330515
34388775 3984.225265
34388655 3986.116563
34388630 3988.032171
34388598 3989.909141
34388582 3991.819896
34388568 3995.605404
34388536 3997.501456
34388517 3999.393766
34388499 4001.274104
34388479 4003.180275
34388418 4006.970330
34388393 4014.569100
34387975 4016.460334
34387948 4020.241558
34387734 4022.126222
34387709 4024.031190
34387475 4025.927524
34387337 4027.835093
34387280 4031.617582
34387238 4033.516536
34387187 4033.516540
34387151 4035.419598
34387111 4037.290977
34386752 4039.197480
34386737 4041.081585
34386714 4042.965515
34386702 4044.852156
34386684 4046.742373
34386656 4048.621426
34386607 4050.502649
34386603 4052.417249
34386577 4054.301918
34386571 4054.301923
34386526 4056.185125
34386516 4058.064962
34386246 4059.954035
34386217 4061.818982
34386192 4063.701492
34386187 4065.597782
34386184 4067.486932
34385731 4069.361381
34385161 4073.125878
34385103 4075.006411
34384798 4078.769742
34384788 4082.517192
34384750 4084.390533
34384673 4086.253570
34384659 4088.149841
34384438 4090.042966
34384422 4091.927520
34383960 4097.592150
34383853 4099.459530
34383649 4101.343999
34383646 4105.099694
34383627 4107.001861
34383585 4114.546667
34383581 4116.434391
34383561 4125.871054
34383550 4135.269324
34383543 4188.131640
34383523 4190.033389
34383522 4191.934426
34383514 4193.824718
34383510 4195.730266
34383507 4197.624555
34383506 4201.423562
34383495 4216.709252
34383479 4230.096599
34383258 4237.812380
34383258 4838.844426
