35986613 42.567299
35776884 42.567315
35116513 42.567316
33686712 42.567318
33431730 42.567319
32979021 42.567321
32853011 42.567323
32620868 44.241832
32616043 44.241839
32570568 45.887329
32457558 45.887334
32147705 45.887337
32133299 47.527694
31897099 49.153385
31769403 50.774211
31741018 50.774216
31290791 50.774218
31225218 52.375557
30873093 53.976145
30638090 55.541301
30619295 57.114813
30551962 57.114818
30539970 58.684725
30517101 60.244479
30422622 60.244485
30288242 60.244486
30008081 61.801267
30001762 61.801274
29995836 63.360316
29797965 63.360321
29780495 64.921306
29775626 66.451814
29767963 67.974613
29426222 69.499003
29419353 71.003824
29405041 72.526285
29314829 74.022486
28903144 74.022491
28898418 75.520873
28884974 77.003139
28746839 78.486394
28740080 79.969791
28735742 81.432411
28618828 81.432416
28591640 82.889137
28587733 84.343333
28579129 85.797967
28573577 87.238438
28568162 87.238444
28549476 88.671405
28544643 88.671409
28518675 90.094239
28515002 91.513494
28472115 91.513499
28272617 92.932373
28261769 94.351549
28245837 95.757226
28240604 97.176335
28235016 98.591178
28223135 99.980104
28038117 101.365114
28027492 102.762649
28020491 104.149253
28015861 105.534886
28010164 106.905424
27956222 106.905429
27940876 108.275900
27822463 109.643235
27818306 111.012977
27815225 111.012982
27773227 112.385602
27771271 113.751912
27762188 113.751918
27735226 113.751921
27733979 115.100982
27728333 115.100988
27709402 116.453216
27707393 117.791908
27701362 119.130834
27695165 120.473148
27693766 121.795997
27682340 123.130156
27621075 124.465512
27583586 125.795958
27577472 127.126460
27565574 128.444698
27541005 128.444703
27536543 129.756018
27528776 129.756023
27524862 131.065410
27499309 131.065415
27489270 132.382568
27483278 133.693637
27475637 133.693642
27446001 135.002801
27441041 136.313158
27438909 137.617206
27365193 138.928642
27361705 140.230873
27344665 141.534258
27339485 142.825836
27331958 144.127260
27323631 145.424986
27313783 146.718804
27305216 146.718809
27299320 148.007500
27267926 149.296653
27262162 150.589110
27259419 151.887734
27253484 153.172668
27249802 154.457874
27197667 155.742475
27193477 157.025932
27183848 158.304791
27181240 159.590700
27179422 160.871042
27162970 162.128232
27152913 163.404529
27150080 164.662495
27147682 165.938106
27137893 167.204640
27132677 168.458737
27127250 169.716733
27123786 170.975793
27120681 172.234761
27117641 173.483327
27114855 174.745131
27099478 176.010810
27095825 177.265688
27093146 178.522873
27086873 179.770707
27083225 181.015487
27078317 182.258868
27073021 183.505617
27070249 184.748459
27068169 185.988926
27066238 187.216668
27062402 188.453088
27058857 189.681509
27054564 190.902737
27051530 192.140620
27050705 193.370209
27048918 194.590160
27040092 195.814349
27037553 197.038547
27036166 198.260242
27028334 199.474618
27026753 200.690833
27023864 201.891857
27022083 203.101923
27018324 204.311063
27017547 205.522337
27016614 206.730866
27013857 207.932604
27013075 207.932610
27011726 209.135941
27010440 209.135947
27009604 210.330426
27008702 210.330433
27006797 211.521919
27004168 212.715438
27002577 213.905129
26999900 215.104982
26999753 216.296548
26996235 217.468929
26995346 218.653508
26995014 218.653515
26991656 219.836306
26989617 221.012180
26988216 221.012187
26987491 222.185818
26986591 222.185824
26984572 223.365867
26983418 224.544616
26982465 225.724330
26973631 225.724336
26967771 226.896448
26966910 228.075825
26959710 229.245201
26958963 230.414461
26953101 231.580759
26947021 232.744401
26945446 233.902794
26944293 235.059385
26941138 236.226281
26939653 237.394610
26933102 238.562021
26932651 239.728520
26930404 240.885316
26928915 242.042999
26928194 243.197843
26927241 244.350064
26923255 245.504424
26921959 246.660312
26920154 247.806051
26918054 248.952922
26916759 250.093912
26914077 251.233848
26912779 252.376646
26911991 253.524159
26910938 254.670377
26909558 255.808812
26907298 256.957657
26907088 258.097683
26906446 259.242567
26904698 260.378354
26903113 261.519688
26902233 262.653613
26901994 263.789691
26901974 264.919092
26901182 266.048784
26899955 267.192697
26897903 268.320481
26897151 269.444939
26896744 270.576094
26896354 271.701194
26891894 272.816585
26891752 273.938015
26891375 273.938022
26890376 275.052956
26889920 276.184400
26887043 277.303948
26882686 278.425122
26879693 279.545649
26877569 280.663635
26877369 281.785736
26876382 282.907030
26875687 284.023072
26873509 285.138393
26870126 286.255183
26869851 287.370703
26868710 288.484212
26865450 289.594545
26865126 290.704706
26863114 291.824595
26862267 292.937069
26862077 294.052078
26860581 295.157066
26859990 296.268514
26858741 297.386678
26858666 298.497744
26858419 299.608828
26857609 300.722366
26857155 301.817177
26855081 302.928075
26853133 304.030194
26848957 305.139067
26848514 306.237751
26848040 307.344033
26847982 308.451911
26842642 308.451917
26839700 309.547142
26838583 310.648121
26838523 311.750785
26837982 312.856640
26833824 312.856645
26833252 313.953704
26832412 315.047505
26831550 316.148457
26830559 317.240208
26829164 318.328244
26827590 319.419198
26826123 320.506313
26826043 321.591239
26825584 322.686223
26825166 323.777340
26821719 324.872258
26820419 325.965810
26817482 327.056304
26816848 328.141605
26815937 329.230559
26813027 330.313253
26811444 331.394168
26811313 332.485375
26810895 333.579809
26809121 334.666496
26808852 335.753055
26807987 336.838161
26806888 337.920137
26806444 339.001712
26804888 340.090296
26804431 341.180787
26802587 341.180793
26802144 342.262565
26802129 343.341525
26799793 344.416346
26797635 345.488664
26797372 346.574350
26797269 347.645321
26795426 348.727032
26794366 349.805460
26794225 350.884112
26793074 351.959374
26792455 353.032140
26792047 354.107434
26791184 355.180013
26789511 356.257431
26788427 357.324572
26787712 358.397875
26786741 359.468434
26786726 360.540248
26785833 360.540254
26785331 361.611470
26783537 362.680181
26783441 363.747962
26783284 363.747968
26782835 364.811786
26781977 364.811792
26780202 365.874890
26779154 366.945167
26777330 368.016030
26776061 369.077901
26775990 370.145323
26775728 371.209145
26775366 372.272244
26775228 372.272249
26774590 373.333077
26773261 373.333083
26771908 374.391475
26771481 375.453882
26771464 375.453888
26771032 376.514193
26770703 377.576766
26770489 378.641616
26770275 378.641621
26768300 379.700903
26767766 380.764784
26767428 380.764790
26766162 381.823850
26765289 381.823857
26763044 382.889841
26762281 383.950318
26761478 385.009185
26757535 386.067305
26756780 387.126918
26755833 388.183681
26755187 389.236501
26753248 390.296138
26752732 391.352347
26752437 392.405683
26751935 393.453824
26751440 394.511192
26748356 395.569572
26745857 396.618126
26744620 397.671300
26743871 398.721383
26743250 399.774028
26740453 400.829034
26740066 401.876284
26737014 402.926310
26736996 403.979653
26736921 405.030077
26736826 406.086732
26735589 407.131054
26732363 408.173004
26731155 409.221585
26730578 410.277628
26729492 411.323465
26728372 412.367814
26728121 413.419530
26727961 414.459996
26725485 415.503413
26725017 416.546156
26724858 417.587972
26724758 418.632955
26722607 419.677539
26722177 420.719836
26720677 421.761158
26719444 422.803542
26718424 423.855408
26717918 424.898767
26716205 425.937702
26712156 426.976811
26711493 428.026917
26710605 429.070206
26710524 430.109191
26709755 430.109196
26708565 431.151479
26706958 432.187748
26704992 432.187752
26704139 433.221554
26704006 434.259726
26703763 435.297306
26702752 436.340731
26702308 437.379847
26700190 437.379853
26698540 438.422882
26697924 439.461223
26697843 440.493130
26697058 441.536333
26695043 442.576504
26694687 442.576508
26694470 443.618793
26693320 444.659708
26693209 445.699994
26691253 446.737833
26690956 447.781652
26690460 448.821993
26689311 448.821997
26687267 449.855004
26687019 450.895110
26685116 451.929807
26684381 452.970383
26683696 454.001969
26683230 455.033567
26681177 456.064642
26680667 457.095594
26679998 457.095598
26679792 458.128464
26679168 459.160212
26678290 460.187367
26678117 461.224010
26656196 461.224015
26653284 462.255140
26652599 463.287868
26651467 464.315566
26651018 465.345226
26650330 466.377334
26649297 467.394461
26648288 468.429848
26647829 469.459374
26647756 470.485588
26646871 471.517448
26646725 472.539566
26644104 473.570898
26640715 474.602669
26639511 475.633993
26639048 476.654023
26638659 477.677495
26634799 478.695840
26633142 479.724301
26632730 480.753611
26629738 481.778098
26629408 482.802983
26625887 483.829483
26625126 484.853216
26625121 485.872708
26624764 486.892052
26624263 487.913983
26624097 488.943184
26623448 489.971935
26622078 490.993938
26618535 492.018042
26617568 493.037786
26616462 494.059788
26614986 495.079472
26614015 496.108809
26606421 497.128054
26606370 498.139952
26605491 499.160005
26603286 500.176629
26603180 501.199542
26602828 502.218338
26602752 503.238537
26602382 504.262717
26601430 505.278268
26598295 506.301004
26598266 507.317127
26597671 508.335230
26597221 509.356218
26597042 510.378699
26596804 511.401796
26596769 512.418646
26595473 513.435085
26595280 514.450188
26594159 515.471791
26592516 516.492164
26590040 517.512375
26588640 518.531507
26587701 519.542218
26586289 519.542224
26586090 520.556484
26585785 521.573860
26585730 522.586417
26585450 523.608760
26585423 524.628765
26585404 525.641681
26584458 525.641687
26581980 526.653057
26581901 527.670790
26581620 528.684884
26580646 529.696718
26579439 530.711021
26579204 531.721111
26577555 531.721117
26577506 532.734171
26577451 533.750584
26576995 534.766181
26575750 535.781429
26574847 536.791258
26573252 537.802456
26572554 538.820902
26572279 539.834663
26563755 539.834669
26556415 540.853163
26554827 541.864036
26547783 542.883052
26547310 543.896147
26544346 544.911581
26541324 545.918125
26537518 546.937656
26535301 547.960442
26534941 548.976918
26534128 549.999141
26533225 551.018495
26533188 552.025835
26532625 553.043646
26531218 554.057317
26531049 555.065075
26529300 556.081161
26523007 557.090569
26521935 558.105368
26519068 559.119475
26519055 560.139304
26515723 561.149537
26515446 562.163790
26513497 563.175747
26513019 564.180986
26512812 565.195449
26512668 566.200246
26512148 567.206306
26511883 568.216820
26511617 569.226817
26507737 570.234214
26506780 571.248477
26506451 572.253618
26503995 573.261880
26502799 574.269468
26498991 575.276102
26498052 576.287619
26497083 577.297397
26496424 578.311057
26495742 579.322322
26491641 580.327904
26490752 581.336670
26486205 582.342970
26486147 583.348762
26484097 584.355189
26481761 585.367308
26480479 586.374061
26479994 587.381396
26478978 588.394810
26478866 589.399850
26478858 590.406437
26476122 591.410807
26475546 592.421412
26473469 593.423579
26470087 594.427699
26468823 595.436941
26468804 596.442737
26467752 597.440282
26466318 598.439974
26466058 599.451908
26465892 600.452439
26465728 601.459954
26464057 602.461533
26464035 603.464902
26463722 604.467487
26458716 605.463937
26458257 606.469304
26457870 607.478677
26456513 608.489238
26456503 609.493753
26455754 610.497885
26454967 611.507782
26454650 612.516231
26454492 613.521030
26454449 614.521741
26454218 615.536502
26453658 615.536507
26451806 616.544730
26450337 616.544734
26449125 617.555108
26448990 618.560541
26448983 619.559563
26448852 619.559568
26448604 620.564860
26448442 621.570920
26447533 622.569568
26446635 623.572138
26444872 624.575457
26443285 625.572826
26438771 626.579483
26437901 627.589360
26437356 628.591424
26435451 629.600268
26434196 630.607238
26432876 631.609069
26431579 632.631163
26431554 633.641290
26426969 634.653512
26421990 635.657436
26421678 636.658120
26421463 637.668308
26420045 638.671470
26419987 639.672911
26419752 640.673522
26418737 641.677461
26418693 642.686585
26418628 643.694564
26415649 644.695404
26414580 645.700460
26414393 646.702468
26413704 647.705785
26410743 648.710507
26410531 649.716895
26409464 650.719873
26406987 651.722448
26406680 652.723616
26406591 653.723453
26406452 654.733405
26403998 655.741582
26400940 656.746670
26400320 657.757137
26400223 658.751749
26393955 659.755442
26393567 660.758663
26391562 661.764064
26391470 662.767194
26390596 663.772773
26390577 664.775278
26389676 665.781364
26389161 666.788089
26387899 667.788630
26387761 668.789340
26387053 668.789344
26387022 669.788253
26384654 670.799945
26381980 671.799153
26380962 672.796431
26379656 673.803867
26378595 674.806588
26378439 675.811185
26374360 676.811228
26373134 677.815138
26371750 678.813949
26370291 679.811399
26369642 680.816001
26366855 681.820571
26366146 682.823487
26365967 683.831852
26365900 683.831857
26365590 684.830324
26362964 685.839245
26360904 686.847531
26359901 687.847868
26359499 688.847885
26358137 689.852199
26355782 690.851857
26355703 691.861741
26354404 692.867082
26352998 693.875190
26348074 694.879689
26345368 695.888950
26344459 696.884429
26343927 697.887175
26343850 698.889639
26335642 699.895153
26335516 700.891327
26335390 701.891594
26332987 702.899610
26331407 703.897550
26329423 704.904838
26328719 705.912054
26327572 706.916315
26326755 707.916895
26326669 708.917064
26323890 709.923454
26322803 710.923351
26322000 711.928976
26321736 712.943886
26320001 713.945104
26319494 714.950300
26319101 715.948296
26318071 716.949600
26317726 717.953224
26314167 718.962885
26313881 719.972488
26311077 720.977610
26309071 721.978455
26308830 722.982012
26306130 723.983315
26304357 724.986442
26303629 725.999147
26301267 727.009087
26301127 728.013032
26299140 729.016888
26295732 730.025407
26292733 731.031371
26292727 732.033510
26291140 733.034347
26290003 734.038762
26289437 735.048651
26287487 736.058028
26286463 737.067375
26284200 738.068356
26281605 739.080545
26280805 740.084579
26279685 741.095085
26278030 742.104737
26275862 743.112791
26273739 744.121194
26273545 745.132291
26272317 746.138345
26268503 747.143418
26267061 748.145675
26265313 749.149541
26263560 750.148875
26263107 751.155079
26261300 752.162863
26260623 753.165066
26260322 754.170448
26259260 755.169395
26256597 756.177687
26254212 757.180679
26253493 758.194150
26253410 759.205508
26251569 760.208259
26250112 761.217729
26249855 762.226270
26247357 763.240184
26244232 764.245387
26242868 765.249994
26242598 766.260111
26236414 767.269056
26236237 768.277664
26233201 769.279994
26233038 770.289305
26232583 771.295240
26232110 772.309240
26228663 773.312174
26227783 774.318267
26227602 775.317457
26227584 776.330784
26227175 777.340011
26226122 778.350262
26224376 779.352118
26222951 780.354623
26221885 781.365236
26219582 782.372602
26217850 783.372056
26216362 784.379470
26216170 785.392155
26215696 786.403080
26215418 787.410406
26214106 788.428738
26213267 789.436589
26211568 790.443337
26210476 791.451308
26210340 792.467148
26210263 793.476329
26209988 794.486477
26209166 795.498027
26209043 796.506727
26208883 797.519371
26208802 798.534087
26205901 799.541505
26202094 800.553515
26200737 801.566290
26200505 802.578019
26199477 803.588916
26196150 804.598432
26195283 805.615890
26195259 806.626733
26195095 807.640303
26194506 808.649797
26192699 809.663707
26192512 810.673208
26191840 811.686063
26191837 812.702957
26191306 813.716361
26190492 813.716367
26189523 814.735107
26185306 815.743811
26184391 816.757478
26183262 817.768098
26182774 818.789644
26182593 819.812152
26182271 820.825852
26178261 821.843336
26177900 822.856290
26176387 823.873466
26176221 824.890407
26174423 825.897133
26173911 826.912962
26173901 827.925804
26173067 828.938774
26171068 829.954077
26170788 829.954083
26168275 830.964542
26167795 830.964548
26167093 831.979043
26166671 832.991521
26165319 834.004164
26164482 835.015837
26162710 836.032950
26160776 837.047072
26159836 837.047077
26150388 838.066826
26150359 839.087666
26148971 840.108533
26148785 841.127045
26147506 842.148812
26146740 843.167215
26146301 844.178647
26145858 845.199058
26142558 846.218828
26142443 847.236155
26140953 848.254117
26140551 848.254123
26139518 849.275151
26139499 850.300974
26138122 851.320296
26136464 852.333175
26135353 853.349393
26132425 854.370234
26131046 855.392349
26130990 856.411416
26129477 857.429259
26124683 858.447396
26124298 859.466054
26120815 860.494096
26118144 861.512989
26115821 862.532965
26109463 863.555969
26107445 864.576472
26104039 865.593779
26102887 866.618077
26101060 867.631967
26100972 868.648473
26097295 869.671872
26096651 870.699919
26096311 871.722838
26094820 872.739650
26093655 873.765446
26092074 874.784289
26092071 875.808093
26090491 876.832331
26090084 877.858102
26089708 878.886252
26089561 879.900484
26088698 880.926468
26088083 881.953276
26087070 882.977508
26085904 883.994170
26084471 885.018587
26082038 886.043317
26080710 887.063777
26076529 888.089520
26073882 889.110519
26073589 890.131032
26072718 891.145413
26070154 892.173895
26069591 893.203151
26068795 894.229637
26067512 895.255025
26066704 896.282526
26064625 897.307830
26064330 898.334246
26063809 899.356761
26063579 900.383056
26062443 901.413056
26056847 902.442908
26054413 903.462771
26053954 904.492753
26052034 905.517408
26049452 906.545167
26048027 907.573018
26047156 908.601005
26046714 909.629563
26045386 910.658805
26044994 911.683241
26044569 912.715134
26044007 913.739671
26043970 914.768984
26042000 915.801007
26041738 916.831793
26040673 917.860064
26040643 918.885725
26040192 919.914976
26039776 920.947826
26038820 921.975039
26038398 923.007803
26036298 924.041215
26036102 925.076380
26035667 926.104552
26035300 927.138534
26032517 928.170926
26031008 929.206774
26030967 930.237447
26030753 931.275741
26030240 932.314668
26028970 933.343785
26028793 934.378063
26027882 935.407344
26026837 936.441038
26026381 937.470789
26020983 938.499136
26020832 939.535796
26020220 940.563603
26019148 941.595271
26018179 942.630716
26016485 943.670529
26015034 944.708616
26014686 945.748253
26013356 946.782480
26012024 947.818465
26011780 948.853113
26011373 949.891259
26011195 950.929962
26009578 951.960199
26007864 952.991490
26006670 954.027895
26006012 955.061134
26005063 956.094986
26005043 957.131849
26003280 958.172673
26002167 959.213777
26002100 960.253725
26001259 961.295829
26000834 962.337835
26000384 963.380677
26000169 964.412358
25998776 965.453027
25998399 966.491288
25997676 967.535265
25997485 968.572114
25994812 969.611288
25994446 970.651419
25993942 971.693680
25992836 972.729573
25991907 973.769976
25991229 973.769981
25991053 974.805094
25989963 974.805099
25988627 975.845927
25986929 976.886095
25986579 976.886101
25986375 977.922688
25985437 977.922694
25985260 978.965097
25984823 978.965103
25983791 980.000018
25983511 981.041748
25981895 981.041753
25981848 982.080165
25981616 982.080172
25981538 983.124178
25981393 983.124184
25980174 984.167641
25979073 984.167648
25979011 985.214313
25977028 985.214321
25976289 986.253209
25975483 987.294214
25974495 988.332952
25972874 989.379462
25972756 990.418844
25971679 990.418851
25971066 991.460542
25970837 992.503891
25969450 993.551035
25968934 993.551039
25968678 994.592381
25968088 995.637581
25967142 996.678754
25967013 997.719652
25966731 997.719659
25966372 998.763044
25966019 998.763051
25964912 998.763053
25963731 999.802744
25961260 1000.840329
25959369 1001.886174
25959127 1002.928348
25958812 1002.928356
25957510 1003.968008
25956258 1005.013005
25955631 1006.059014
25953760 1007.102792
25953030 1008.149101
25951626 1009.191317
25950371 1010.234068
25948889 1011.274925
25947601 1012.322185
25941500 1013.365887
25940614 1014.412757
25940246 1015.451313
25939022 1016.500904
25937706 1017.548822
25936363 1018.595777
25935550 1019.647325
25935393 1020.698106
25934379 1021.747973
25934365 1022.788414
25933569 1023.840679
25932684 1024.886745
25931692 1025.941657
25930041 1026.995041
25929858 1028.043611
25928388 1029.090181
25928219 1030.143386
25927015 1031.196053
25926814 1032.242262
25926472 1033.286655
25924839 1033.286661
25923523 1034.332368
25922514 1035.383897
25922060 1036.434088
25920810 1037.482391
25920673 1038.533090
25919487 1038.533097
25917791 1039.583780
25917777 1040.632718
25914190 1041.678723
25912736 1042.732716
25909329 1043.784237
25908733 1044.839052
25905487 1045.889697
25904984 1046.939618
25904159 1047.991908
25903754 1049.039086
25902403 1050.094923
25901291 1051.149861
25898830 1052.199107
25898639 1053.251203
25897325 1054.307768
25897181 1055.363796
25892488 1056.414162
25890997 1057.467108
25886131 1058.518045
25885302 1059.569657
25884895 1060.625803
25884773 1061.687264
25884212 1062.745447
25882522 1063.794194
25881705 1064.845640
25881124 1065.901903
25880351 1066.951601
25877566 1068.006233
25874956 1069.060040
25871846 1070.115550
25871656 1071.175983
25867932 1072.236815
25866044 1073.292351
25865819 1074.349052
25865363 1075.404532
25865358 1076.457350
25864971 1077.513691
25864687 1078.574470
25864167 1079.630177
25862076 1080.688031
25860922 1081.746349
25858868 1082.803351
25858228 1083.865594
25856711 1084.925104
25855645 1085.983349
25854993 1087.039969
25854834 1088.096877
25852481 1089.162227
25850382 1090.226975
25847184 1091.285212
25844708 1092.341906
25843628 1093.403268
25838030 1094.458373
25836363 1095.515614
25835258 1096.578971
25835130 1097.640725
25835116 1098.699507
25834008 1099.753221
25833213 1100.806737
25832613 1101.862515
25831967 1102.914025
25831839 1103.972946
25831656 1105.038410
25830556 1106.099007
25830262 1107.157833
25828884 1108.214161
25828225 1109.276148
25827661 1110.328497
25822808 1111.391921
25821848 1112.454837
25821081 1113.514791
25819420 1114.577039
25818715 1115.641246
25818561 1116.700472
25816967 1117.758998
25815597 1118.823432
25814581 1119.880143
25814305 1120.942211
25813642 1122.007342
25812889 1123.074900
25812598 1124.138316
25811444 1125.194504
25810574 1126.256391
25807826 1127.318780
25807577 1128.380237
25807043 1129.446992
25805159 1130.508396
25804748 1131.572165
25804455 1132.636245
25801086 1133.702726
25800758 1134.766905
25799339 1135.833887
25798635 1136.901462
25797852 1137.966713
25796940 1139.034463
25796683 1140.100296
25796005 1141.170842
25793925 1142.232501
25792513 1143.297222
25792222 1144.360283
25790991 1145.424272
25789832 1146.488325
25789217 1147.551626
25788857 1148.618314
25788122 1149.683957
25787228 1150.757090
25787121 1151.819600
25786296 1152.884183
25784829 1153.953142
25783817 1155.020810
25783046 1156.086809
25782777 1157.155940
25782336 1158.221459
25781802 1159.299104
25780926 1160.368674
25780042 1161.432838
25779678 1162.504577
25778594 1163.570731
25777610 1164.641463
25776555 1165.709151
25775529 1166.777948
25775198 1167.846041
25774384 1168.914794
25772095 1169.982849
25771725 1171.051820
25771420 1172.121022
25768980 1173.188341
25768662 1174.255987
25768039 1175.318452
25767433 1176.386600
25766681 1177.447557
25765515 1178.512785
25763384 1179.588224
25762708 1180.658351
25761895 1181.728425
25761602 1182.794482
25760948 1183.859695
25757638 1184.931049
25756422 1186.000876
25756209 1187.070375
25755883 1188.144968
25755407 1189.214181
25755254 1190.289005
25754844 1191.357021
25754420 1192.428275
25753130 1193.499973
25752672 1194.572760
25752103 1195.646365
25751659 1196.718619
25749124 1197.791224
25747408 1198.863758
25746912 1199.935652
25745744 1201.006402
25745590 1202.073284
25744696 1203.146954
25743470 1204.225003
25741439 1205.294426
25740793 1206.365677
25739821 1207.437406
25739747 1208.511536
25739416 1208.511540
25738119 1209.586067
25738057 1210.661550
25737008 1211.735014
25736855 1212.808756
25736623 1213.882347
25736407 1214.957435
25736345 1216.033525
25735739 1216.033530
25735464 1217.108815
25735198 1217.108820
25734441 1218.190210
25733740 1219.264771
25733180 1219.264775
25732817 1220.338069
25731462 1220.338073
25730736 1221.410809
25730238 1222.484104
25729945 1223.554911
25729877 1224.627376
25729729 1225.709673
25729589 1225.709677
25729107 1226.784090
25728904 1226.784095
25728320 1227.857793
25728054 1228.934074
25727677 1230.008112
25726938 1231.085399
25724861 1232.163274
25722611 1233.238141
25721446 1234.309590
25721207 1235.381517
25721184 1236.449456
25719675 1237.524509
25719637 1238.599540
25719166 1239.675805
25718728 1240.751942
25718288 1241.827474
25717902 1242.900877
25716314 1243.984785
25714526 1245.058345
25714319 1246.138970
25714114 1247.217802
25711931 1248.290669
25711371 1249.365674
25710946 1250.439982
25710619 1251.511175
25710238 1252.583807
25706673 1253.659278
25706559 1254.735942
25706333 1255.819715
25706149 1256.895966
25705861 1257.975235
25705646 1259.054892
25705398 1259.054897
25704601 1260.125452
25704541 1261.202397
25703081 1262.279986
25699701 1262.279991
25699489 1263.357893
25698509 1264.436401
25697717 1265.517545
25697425 1266.586487
25694991 1267.663230
25694744 1268.737115
25694214 1269.820508
25693756 1270.900563
25693102 1271.975899
25692746 1273.049130
25692031 1274.117855
25689644 1275.193865
25685902 1276.274232
25685365 1277.350830
25684658 1278.430339
25684044 1279.502464
25683863 1280.579569
25683166 1281.656966
25682350 1282.737952
25681894 1283.813181
25680442 1284.891917
25680188 1285.967156
25679721 1287.037025
25678404 1288.118663
25677916 1289.199453
25677104 1290.275744
25676535 1291.351847
25676391 1292.424270
25676023 1293.499192
25674659 1294.580647
25673973 1295.654289
25673160 1296.730973
25673152 1297.800448
25672592 1298.881439
25672358 1299.955507
25671395 1301.023595
25671366 1302.099315
25671291 1303.170049
25670041 1304.247665
25669379 1305.324233
25669163 1306.403404
25668993 1306.403409
25668293 1307.476759
25666896 1307.476764
25666845 1308.553194
25665946 1308.553198
25663460 1309.625973
25663383 1310.705235
25661797 1311.780539
25661631 1312.854534
25661305 1313.927745
25660064 1314.999307
25659863 1316.075324
25659485 1317.144061
25659174 1318.227373
25658408 1319.296709
25655964 1320.371755
25655688 1321.448912
25655297 1322.525626
25655107 1323.603982
25654812 1324.673265
25653538 1325.747937
25652644 1326.829578
25650389 1327.899808
25649322 1328.971590
25645996 1330.048339
25645765 1331.122439
25644593 1332.191268
25642209 1333.263107
25641672 1334.338069
25640923 1335.408000
25640854 1336.481506
25640371 1337.560928
25640219 1338.634770
25639843 1339.703823
25639591 1340.772262
25638203 1341.847534
25638020 1342.922669
25637642 1344.000013
25637611 1345.069269
25637209 1346.141220
25636982 1347.211114
25636846 1348.282766
25636489 1349.352927
25635876 1350.423263
25634358 1351.491283
25633036 1352.559850
25631906 1353.631455
25631516 1354.694871
25631491 1355.760868
25631238 1356.828258
25630875 1357.899516
25630065 1358.966687
25629305 1360.034997
25628763 1361.104078
25628632 1362.165719
25628166 1363.229961
25627932 1364.299280
25627916 1365.366315
25627677 1366.435331
25625504 1367.494313
25625187 1368.562387
25624681 1369.632944
25621047 1370.696421
25620879 1371.762152
25620494 1372.828418
25620275 1373.896442
25619661 1374.960149
25619134 1376.030458
25618958 1377.095436
25618933 1378.154882
25617607 1379.217785
25617374 1380.276133
25617110 1381.335821
25616987 1382.399028
25615897 1383.458814
25615753 1384.520966
25615501 1385.582586
25615396 1386.645148
25613501 1387.707656
25613478 1388.772341
25613165 1389.830573
25613034 1390.886860
25612748 1391.942374
25612560 1393.001894
25610388 1394.062860
25609915 1395.116837
25609751 1396.179265
25609439 1397.238987
25609354 1398.295938
25609219 1399.357535
25609185 1400.413219
25608770 1401.471743
25608722 1402.525047
25608359 1403.581607
25608348 1404.633905
25608311 1405.687480
25608075 1406.737925
25608029 1407.793203
25607704 1408.843728
25607602 1409.890866
25607560 1410.943018
25607092 1411.993344
25606980 1413.041013
25606195 1414.098909
25606174 1415.148031
25606008 1416.196865
25605893 1417.249868
25605807 1418.296863
25605629 1419.343530
25605382 1420.392794
25605225 1421.436839
25605212 1422.486174
25605156 1423.529038
25605081 1424.569639
25605016 1425.609112
25604964 1426.649677
25604509 1427.692218
25604182 1428.732307
25604171 1429.774319
25604147 1430.810860
25604118 1431.853181
25604052 1432.893459
25603818 1434.970683
25603773 1436.010661
25603318 1437.047748
25603298 1438.078695
25603257 1439.111144
25603239 1440.145656
25603228 1441.181112
25603213 1442.213121
25603151 1443.249463
25603132 1445.310008
25603103 1446.338506
25602898 1447.366449
25602652 1448.396810
25602544 1449.419340
25601793 1450.441913
25601616 1451.464190
25601566 1452.485452
25601538 1453.508303
25601507 1454.534256
25601503 1455.550630
25601326 1457.591520
25601315 1459.634585
25601276 1461.672108
25599440 1462.693093
25599028 1463.705874
25597709 1464.716200
25595933 1465.726972
25595810 1466.737781
25595426 1468.751781
25595421 1469.758926
25595373 1470.760293
25595325 1471.763887
25594958 1472.763152
25594947 1473.766815
25594903 1475.768914
25594871 1476.768462
25594841 1478.757085
25594827 1479.755238
25594824 1481.734941
25594813 1482.724044
25593974 1484.699211
25593932 1485.688910
25593927 1487.654695
25592465 1488.635463
25592455 1489.617048
25592265 1494.496790
25591967 1494.496796
25591944 1495.469800
25591882 1496.441259
25591820 1497.413311
25591031 1498.381262
25590908 1499.348143
25590835 1500.316113
25590798 1501.275110
25590768 1502.240817
25590522 1503.202153
25590475 1504.159861
25590376 1505.117037
25590071 1506.070468
25590060 1507.025839
25590033 1507.983443
25590024 1508.940021
25590003 1509.897432
25589819 1511.803367
25589786 1512.756404
25589736 1513.704179
25589723 1514.653376
25589713 1515.597008
25589708 1516.543346
25589688 1517.488921
25589672 1518.430376
25589482 1520.314588
25589468 1521.254273
25589457 1522.188682
25589452 1523.121395
25589449 1524.055945
25589439 1525.925432
25589431 1526.857737
25589405 1575.465132
25589355 1576.315704
25589056 1577.157603
25589046 1583.810021
25588869 1595.777144
25588838 1842.766762
25588838 2443.864934
