8425043 0.003103
6710126 0.013527
6707010 0.018420
6705199 0.019617
6664146 0.025104
6655780 0.030638
6651205 0.032797
6642074 0.035631
6640484 0.035778
6637515 0.053716
6626571 0.056812
6617505 0.060289
6616289 0.062914
6615332 0.064076
6614825 0.065540
6613768 0.074900
6613493 0.075363
6612456 0.084726
6612392 0.093490
6612096 0.099686
6594626 0.107243
6594604 0.109309
6594542 0.114523
6594236 0.123395
6593397 0.136510
6593296 0.140936
6593293 0.142039
6592974 0.146615
6589840 0.153525
6589602 0.155024
6589147 0.155786
6589031 0.159357
6586329 0.196947
6586064 0.206871
6583762 0.217267
6583740 0.219057
6581943 0.224612
6579686 0.225038
6573703 0.245282
6573487 0.286067
6572758 0.383713
6570008 0.385987
6569237 0.393802
6569077 0.430204
6568944 0.434657
6566601 0.478949
6566522 0.494188
6565472 0.535616
6564036 0.552641
6563637 0.589329
6559051 0.785921
6558830 0.830919
6558214 1.377393
6558054 1.391106
6557114 1.532732
