8593664 0.006354
7472705 0.022782
7470605 0.024348
7469698 0.033974
7464914 0.037168
7464759 0.037782
7460966 0.038319
7451777 0.045889
7450388 0.057997
7448619 0.063350
7448106 0.063630
7445734 0.065392
7445149 0.067916
7443570 0.070084
7442674 0.070482
7441458 0.076247
7440660 0.078031
7439200 0.080938
7438520 0.087968
7438251 0.088507
7432763 0.089684
7431534 0.092623
7431254 0.094924
7431010 0.099305
7430234 0.099773
7429592 0.100025
7429580 0.100564
7429456 0.101153
7429115 0.106873
7428234 0.107006
7428220 0.107441
7427331 0.136178
7426623 0.136925
7426468 0.185335
7426174 0.185658
7425353 0.206318
7425011 0.206689
7421060 0.216914
7420884 0.220761
7419075 0.234343
7417219 0.238866
7417113 0.241845
7416573 0.245631
7415468 0.254540
7412451 0.256148
7408200 0.274826
7406725 0.278273
7404309 0.309350
7404123 0.313728
7403709 0.314576
7403356 0.314744
7402185 0.316445
7402099 0.337759
7394547 0.350113
7393823 0.354700
7393776 0.357219
7391750 0.363754
7391569 0.364444
7389080 0.375074
7388785 0.377538
7388327 0.390506
7388012 0.397156
7386466 0.400044
7386251 0.400748
7385185 0.428734
7384597 0.441563
7384466 0.457871
7384032 0.494265
7382647 0.520870
7382639 0.545324
7382539 0.550922
7382454 0.551922
7382161 0.561170
7381720 0.596706
7381645 0.708469
7381542 0.742828
7381499 0.922167
7380978 0.936485
7380878 0.958974
7380060 1.021721
7379940 1.126409
7379601 1.139690
7379522 1.214028
7378933 1.218178
7378698 1.370442
7378611 1.469551
7378530 1.546620
7378402 1.704239
7378184 1.706031
7377681 1.951817
7377426 2.106598
7377045 2.117731
7377025 2.155234
7376841 2.160079
7376765 2.181573
7376746 2.221607
7376281 3.099355
7376164 3.129708
7376088 3.265987
7376052 3.378109
7375054 3.399255
7370608 3.413779
7370402 3.634767
7369457 3.641162
7368976 4.253309
7368969 4.254644
7368931 4.491110
7368534 21.176872
7368344 21.232087
7368144 21.508912
7367963 157.546789
7367880 158.027708
