46187459 168.19865939
46180211 168.956923455
46098500 169.677747313
46062428 170.407978271
46037583 171.117304281
45916165 171.835889108
45828696 172.552992975
45797603 173.939799136
45787519 174.609489368
45770888 175.300161471
45738042 175.982038777
45729650 176.6676923
45534015 177.338361234
45451147 178.003372285
45443974 178.694668755
45408180 179.413246958
45334210 180.117961459
45294668 180.803092325
45037695 181.511996422
45033049 182.181307627
45022508 182.866267323
45018027 183.551851484
44797802 184.227841797
44765957 184.91819501
44759940 185.594059687
44755495 186.271559815
44753749 186.997779026
44742034 187.713453116
44738330 188.392118936
44728932 189.052761109
44727235 189.716901719
44725295 190.405219354
44720660 191.081053318
44702072 191.76700433
44646947 192.448008862
44644902 193.122281836
44638674 193.817140923
44540523 194.500243659
44536528 195.174219049
44529023 195.830689841
44526689 196.5219938
44524529 197.186895035
44500427 197.863748277
44478596 198.546928421
44403553 199.226469948
44399005 199.904973976
44390521 200.560334341
44387403 201.216833298
44381643 201.896437489
44378208 202.576250629
44374078 203.260011919
44348783 203.942347895
44346633 204.630238834
44284342 205.310704581
44279230 206.00209264
44260178 206.666272884
44193014 207.34389671
44189933 208.029593577
44187244 208.689830153
44179468 209.350579113
44159989 210.061683897
44156108 210.720152141
44151078 211.382001464
44149707 212.081719509
44140646 212.759792334
44137444 213.424085343
44133195 214.109896555
44127913 214.820556382
44121083 215.487995454
44095037 216.15577617
44092428 216.822964249
44088902 217.481132722
44085878 218.143804191
44082891 218.79347538
44078812 219.48316304
44007977 220.181614853
43998654 220.859191739
43994603 221.550527328
43993502 222.240362679
43972412 222.915524298
43968918 223.585216914
43963042 224.238723991
43958440 224.955869627
43955285 225.61080789
43950470 226.287545118
43946930 226.965647426
43812435 227.643579853
43801463 228.296899013
43798328 228.957499265
43711652 229.658344742
43709237 230.35588271
43706649 231.019061398
43704645 231.67736842
43700167 232.346250617
43693591 233.041465683
43691721 233.710990456
43689986 234.353460724
43687689 235.011698174
43676426 235.686630238
43668455 236.330576375
43664126 236.999766742
43659633 237.658957944
43655388 238.313815537
43633583 238.997395656
43630752 239.67488173
43627921 240.321940867
43626611 241.016155887
43622846 241.69436044
43620553 242.364612917
43599587 243.045797759
43597457 243.696849523
43596182 244.344692791
43592758 244.987784072
43591037 245.648786392
43573627 246.307299654
43571185 246.971928983
43571024 247.634524208
43568473 248.31686245
43563585 248.961833189
43562287 249.717041454
43553949 250.416670126
43551033 251.209221192
43546972 251.943161849
43533297 252.654312447
43532008 253.37008404
43526757 254.045504746
43523050 254.73960883
43496732 255.428454389
43494135 256.177194904
43488131 256.907806171
43453010 257.613087573
43315610 258.290478053
43312153 259.01674357
43308581 259.732422469
43304396 260.469808113
43279871 261.213417616
43278160 261.926697192
43274892 262.654120798
43273057 263.381764868
43268626 264.06440068
43239242 264.767098114
43237447 265.504332445
43236134 266.234781593
43181524 266.94771436
43177545 267.693905043
43175721 268.40486146
43173055 269.097376183
43169942 269.836379952
43165502 270.600602476
43161244 271.266213604
43159001 271.960112231
43148806 272.619704769
43145531 273.289396956
43144291 273.936367623
43138640 274.625365346
43137456 275.292546457
43135826 275.986089013
43133776 276.648448613
43132055 277.307837523
43119251 277.965093241
43116162 278.614447039
43110709 279.267444299
43103016 279.928966874
43099028 280.57992991
43097913 281.23260704
43089815 281.867375877
43088097 282.528472531
43086515 283.192792507
43079029 283.866698206
43074885 284.533091438
43051604 285.196105347
43043080 285.863885335
43041239 286.536264732
43030845 287.219583619
43026137 287.884196469
43023986 288.527655612
43019124 289.187824458
43016258 289.839165891
43013317 290.508923202
43011357 291.16995405
43009461 291.818003228
43007645 292.510416587
43001992 293.174622024
42990000 293.846973201
42934506 294.507991697
42930763 295.174476674
42927082 295.867107856
42923042 296.533910237
42920698 297.195629956
42916766 297.864097038
42908972 298.531343612
42905489 299.223527653
42896970 299.880457314
42894355 300.521196988
42892458 301.1882762
42889493 301.833957816
42885274 302.497691797
42844742 303.174835507
42844038 303.849552523
42842160 304.523403525
42841231 305.212452017
42831148 305.870355059
42829660 306.553897198
42815163 307.197027961
42807227 307.869310732
42804241 308.553080991
42801620 309.217805963
42796923 309.902379662
42794522 310.553534603
42793142 311.211337375
42790916 311.890420183
42789528 312.559967215
42787060 313.208039899
42783665 313.866506303
42779244 314.518214985
42774976 315.191477437
42771012 315.847054711
42770150 316.507226198
42769041 317.175395678
42767667 317.852185547
42766511 318.5374105
42764413 319.188688579
42763802 319.868620116
42761828 320.546726304
42758629 321.214114711
42756705 321.905380342
42754116 322.561216372
42753243 323.20184089
42750697 323.871848619
42747411 324.558700943
42736779 325.22490496
42734907 325.87431356
42731489 326.538615508
42729450 327.207082126
42717307 327.862145924
42716382 328.538768248
42713983 329.198469278
42710556 329.839581049
42709424 330.497840483
42707360 331.169542821
42703999 331.817588163
42699711 332.457198416
42673209 333.126968524
42669168 333.784326611
42667967 334.490852578
42657682 335.162226172
42655982 335.835900343
42655018 336.506538339
42654572 337.173534823
42651304 338.523586473
42648465 339.186175073
42647417 339.865807573
42644964 340.543311316
42640722 341.216103978
42639057 341.850661085
42638021 342.527066524
42637115 343.206154092
42635722 343.878548174
42634739 344.534053759
42634010 345.187593331
42627912 345.881678471
42625481 346.543333575
42624635 347.222784011
42621594 347.876299586
42615042 348.551100575
42612471 349.229333999
42610466 349.900723688
42601366 350.55403687
42595667 351.24572323
42591714 351.902560824
42589920 352.580714086
42589011 353.252139441
42583292 353.924161063
42580613 354.596984862
42579623 355.926142415
42575212 356.612353253
42570191 357.287156987
42562781 357.962044807
42557932 358.66152267
42550985 359.362418687
42548794 360.023137906
42546881 360.695102203
42533587 361.368073415
42530232 362.063475825
42525010 362.737403583
42523588 363.399842748
42511848 364.068833194
42508119 364.734306988
42506910 365.414075155
42506351 366.078711568
42504150 366.761484625
42499736 367.428507681
42499141 368.106280567
42498864 368.771549602
42497582 369.444701444
42493057 370.104604805
42491281 370.769255335
42489621 371.435503661
42458290 372.075524444
42457303 372.737778398
42453667 373.415084993
42452458 374.058185577
42451331 374.720866737
42450484 375.387290184
42446161 376.045557982
42445675 376.714301893
42439081 377.361193536
42438165 378.038068386
42437982 378.682549368
42436212 379.334915691
42417133 379.962214896
42415797 380.622849924
42413185 381.296453504
42399904 381.945161294
42398875 382.584781591
42396063 383.214375258
42389011 383.868581901
42388810 384.520725488
42385280 385.162800007
42377311 385.826115409
42376546 386.45790238
42368466 387.11586954
42360358 387.743364987
42357848 388.383492206
42356932 389.024191663
42355488 389.668066852
42353852 390.306637321
42351286 390.935552543
42349342 391.560147583
42346499 392.202519117
42342136 392.824514977
42339869 393.465118294
42331752 394.094502619
42329570 394.726540907
42321671 395.356497826
42316575 395.979977274
42295857 396.648766586
42294812 397.309036517
42287408 397.962863636
42281634 398.608502908
42280718 399.256959854
42277300 399.922585634
42275721 400.563584085
42267515 401.242963769
42260929 401.902373932
42258797 402.562081267
42254899 403.222460032
42253284 403.887039151
42247639 404.521271292
42246159 405.183866747
42244394 405.822221992
42239528 406.484513082
42238626 407.148078255
42236241 407.789146148
42234702 408.427902581
42233477 409.059941219
42229143 409.691898283
42228380 410.307648476
42227982 410.946347695
42225265 411.578243131
42220396 412.220947815
42217952 412.864673428
42210813 413.499564311
42207949 414.135883594
42202794 414.784513711
42200209 415.414943442
42197085 416.060144667
42195212 416.685091056
42174093 417.312862998
42171643 417.935895612
42170704 418.596313648
42169948 419.232403432
42168041 419.861499153
42161689 420.491771377
42158931 421.14538654
42158529 421.783688085
42156059 422.411605169
42149193 423.026226582
42148342 423.653160972
42144421 424.27741443
42137523 424.91986191
42136617 425.541314752
42135472 426.15296016
42129606 426.776232724
42127970 427.402739291
42126149 428.005852297
42125515 428.60861208
42125069 429.217502446
42123522 429.839534188
42118011 430.454724033
42114497 431.072174206
42112740 431.672476978
42112359 432.276633125
42110241 432.890115633
42109326 433.511997937
42104693 434.117616921
42103632 434.721382753
42103298 435.349947495
42101757 435.964664295
42101070 436.575877278
42097034 437.180576996
42094564 437.794063578
42094020 438.395094909
42087783 438.995111086
42086792 439.604970351
42084729 440.223040848
42084220 440.812586449
42083200 441.419353427
42082421 442.02682989
42078659 442.644189668
42073357 443.255378813
42070853 443.845123108
42068390 444.484913222
42067478 445.086228065
42058180 445.690574593
42055612 446.284235534
42054412 446.880117944
42053652 447.504694774
42048728 448.107815934
42046139 448.711720657
42045757 449.343140149
42044117 449.937579031
42042605 450.548137941
42037479 451.146205419
42034312 451.760486934
42033678 452.359624494
42030686 452.951234737
42029933 453.555975594
42029119 454.161095807
42023270 454.767133317
42019477 455.383246395
42015521 455.992780969
42014465 456.564100006
42013621 457.110435692
42011155 457.679522161
42009582 458.235707494
42006037 458.804987671
42005239 459.375350001
42004197 459.939909418
42003275 460.492098138
42000560 461.044217309
41999781 461.613249265
41998825 462.166289172
41997442 462.742359793
41990832 463.316574391
41988676 463.889382015
41982278 464.447545409
41982091 465.019837013
41980184 465.611063483
41973926 466.189744661
41970919 466.764212743
41967267 467.356869781
41966706 467.930242906
41966160 468.521786152
41965547 469.097751556
41962409 469.688386795
41961319 470.262098528
41953827 470.839000995
41943659 471.40941353
41936481 471.985389974
41932703 472.566151154
41930634 473.15042519
41929668 473.724330623
41929058 474.886574576
41927916 475.463104474
41927537 476.03141016
41926469 476.626170658
41925971 477.187989087
41924541 477.746349833
41923547 478.327008611
41920647 478.893086205
41918167 479.470334471
41917483 480.037849624
41917098 480.608156043
41917080 481.185287831
41914346 481.751870039
41912091 482.327808231
41909676 482.900241368
41908583 483.467406216
41907463 484.05380746
41903537 484.610654804
41901166 485.739405111
41899242 486.32446144
41898589 486.898583844
41896262 487.476547707
41895739 488.04786997
41894952 488.606677602
41890886 489.159089119
41890418 489.721887761
41888500 490.292195189
41885116 490.859908776
41884219 491.424624519
41879721 492.006493432
41877430 492.584819323
41874877 493.15396224
41871096 493.714186148
41870793 939.283260789
41869952 939.828225843
41869095 940.388560932
41866177 940.947855709
41862544 941.511011248
41859348 942.057833895
41858625 942.617535968
41851748 943.167996989
41849987 944.281737656
41848005 944.841672641
41839024 945.390853775
41838436 945.940478258
41834336 1400.584108303
