14913857 3.664268488
14905004 3.936244178
14878627 4.070253314
14867366 4.182964399
14851453 4.295021982
14833447 4.412758053
14819192 4.522476135
14811481 4.629574418
14796435 4.739392271
14783710 4.845576965
14756671 4.949761667
14741618 5.050507009
14732940 5.149542897
14730464 5.247439633
14724282 5.343659547
14715048 5.452219429
14676011 5.548634077
14672142 5.645209581
14668616 5.739197668
14653340 5.8334718
14636030 5.927947763
14613472 6.024705476
14607587 6.118654662
14599732 6.212718401
14593951 6.305116535
14572408 6.397020692
14563353 6.488393295
14560093 6.578146837
14546257 6.668841441
14539335 6.762941849
14536992 6.85081505
14532623 6.941487332
14530535 7.030671486
14524718 7.12106759
14515999 7.210468641
14511600 7.298323673
14505507 7.387538501
14503041 7.47347976
14499430 7.561825882
14490162 7.64559108
14477506 7.731606272
14474287 7.816383903
14472050 7.901721504
14465844 7.986039443
14459076 8.070570257
14455677 8.155604596
14444728 8.238903922
14440886 8.321061232
14426174 8.403083115
14422319 8.486175974
14414308 8.569115279
14410974 8.650970411
14407881 8.730784424
14405454 8.81074945
14394745 8.89014212
14390673 8.970752512
14387402 9.053165072
14382236 9.132244796
14380144 9.211240074
14371128 9.290150104
14365273 9.367054557
14364021 9.444693155
14362308 9.522333486
14358792 9.599689143
14356078 9.676746001
14352814 9.75187698
14346760 9.828433836
14340693 9.903776011
14334856 9.979304595
14329149 10.053474888
14319511 10.126450647
14316530 10.199298736
14315396 10.273137551
14312393 10.344994096
14310920 10.416388226
14309915 10.488332262
14307888 10.559736387
14304995 10.630034499
14302115 10.70033139
14296904 10.769383497
14295285 10.838529843
14293234 10.905793815
14290265 10.974351816
14290105 11.042476074
14281121 11.10855883
14278054 11.17679503
14277581 11.241646043
14276883 11.307270603
14272379 11.372204467
14270639 11.437959636
14269450 11.502125838
14267552 11.564528681
14267013 11.627611202
14266143 11.690145008
14264783 11.750439186
14257795 11.810188379
14256705 11.870689074
14256159 11.929028768
14251736 11.987208204
14251465 12.045282799
14250945 12.102303018
14249921 12.158866102
14248841 12.214704761
14248297 12.270659064
14247533 12.380349761
14247436 12.435526027
14246355 12.488047862
14245935 12.539618938
14245416 12.590992556
14244125 12.640665778
14243778 12.689380715
14243432 12.73772467
14243298 12.784973128
14242751 12.832720813
14242678 12.879226662
14242220 12.924684859
14242006 12.969565833
14241618 13.014487002
14241594 13.059081865
14241124 13.103898984
14240939 13.147094164
14240908 13.189243835
14240716 13.23129218
14240489 13.273499369
14240324 13.314821612
14240305 13.354964194
14240113 13.510866426
14239867 13.582218759
