28553070 24.066670915
28275504 24.560132343
28239705 24.958082542
28233135 25.336485363
28153866 25.730194413
28148329 26.1072237
28029583 26.47321416
27912559 26.858695225
27875768 27.222911301
27873284 27.57741501
27653675 27.940918327
27632146 28.299804375
27627191 28.673192588
27620326 29.029774626
27599521 29.384926945
27594660 29.73488113
27586865 30.086904792
27569780 30.432176543
27564990 30.784949
27561360 31.129264914
27548466 31.483705574
27528456 31.827901141
27524621 32.169664407
27522437 32.498143217
27515510 32.846840787
27461581 33.188652506
27455093 33.5187991
27451342 33.859290505
27394298 34.196497852
27388026 34.530458963
27367257 34.872004068
27361996 35.213450464
27359320 35.538076593
27339537 35.866380191
27286850 36.195584618
27280936 36.524966223
27272715 36.853556757
27266645 37.178124728
27263891 37.494847817
27261335 37.819769894
27250706 38.148311517
27217679 38.482769687
27205879 38.800561848
27203467 39.119828059
27195383 39.453492037
27188581 39.785814486
27178156 40.102904503
27176213 40.434209664
27164003 40.739613836
27150003 41.047494043
27130998 41.359826402
27122769 41.662983808
27119219 41.970881491
27117281 42.283366467
27114776 42.618071602
27105816 42.930985953
27097973 43.245745564
27095067 43.560052218
27069708 43.887736422
27067624 44.200021394
27053347 44.503988967
27044779 44.809799168
27042898 45.125946819
27039437 45.427866078
27038875 45.737131813
26990794 46.042306881
26987545 46.336839134
26985628 46.645390524
26984192 46.944248853
26978035 47.238074971
26962630 47.53868951
26960414 47.831078038
26952465 48.141292821
26945673 48.449925591
26943238 48.750244559
26935269 49.043382817
26921488 49.34133749
26911677 49.643494992
26906730 49.936329739
26902664 50.242739608
26892237 50.542575088
26871445 50.840364519
26869551 51.136543958
26857436 51.434001009
26849346 51.716510314
26843749 52.007042274
26838169 52.303574751
26832732 52.59248458
26831246 52.881160022
26821190 53.180454988
26811544 53.481896724
26810521 53.771230846
26800914 54.060280024
26798731 54.347357176
26793466 54.631496837
26790832 54.914060036
26767304 55.212458507
26765615 55.499961773
26763232 55.785676294
26761186 56.067118682
26755776 56.350428896
26750763 56.641562898
26746290 56.918311591
26726487 57.197490008
26724445 57.486421692
26716608 57.77195973
26712171 58.043322822
26709780 58.325330715
26702106 58.610497698
26698627 58.890539211
26695146 59.170403771
26693551 59.459646097
26688843 59.735560341
26686345 60.019756451
26683573 60.296111686
26681829 60.586061651
26672725 60.858570231
26666591 61.148360079
26664284 61.427843686
26658565 61.706219008
26656503 61.980800572
26652393 62.256714183
26648779 62.538617002
26641158 62.810476233
26637789 63.079767836
26633311 63.355057296
26632126 63.633527178
26627876 63.906358231
26625572 64.173570573
26621522 64.454660943
26612874 64.725365595
26604339 64.996395118
26601423 65.267557744
26595869 65.533422638
26591270 65.798319433
26569598 66.072509825
26567213 66.342985849
26564376 66.601838017
26562249 66.863311682
26560024 67.126267524
26557889 67.392029618
26553899 67.658143448
26541920 67.921411152
26539887 68.180321043
26533938 68.436314539
26531900 68.702974293
26527330 68.962353147
26525980 69.219947277
26522997 69.481570488
26520823 69.738732534
26516023 70.006785459
26503304 70.266248218
26496038 70.525448634
26494094 70.786854987
26491011 71.045126391
26489060 71.303001734
26474599 71.559726379
26471582 71.823658147
26469169 72.081709931
26467123 72.336157023
26465261 72.588480334
26461750 72.84078366
26459769 73.086410132
26457522 73.342173404
26447299 73.591453079
26446802 73.846229666
26443363 74.093112535
26439029 74.34865024
26436595 74.597997138
26433984 74.852123374
26433202 75.10499877
26431395 75.368663832
26429500 75.619666333
26425816 75.873629406
26420680 76.116694233
26419572 76.370761252
26418072 76.620648081
26417310 76.874168869
26416004 77.123446099
26412064 77.368788092
26407269 77.61297598
26405356 77.866614783
26398434 78.12017627
26397432 78.363226188
26395759 78.606060262
26388308 78.850674253
26387497 79.099838328
26379730 79.342497261
26378400 79.581805942
26375465 79.828879111
26374145 80.071584451
26371791 80.322642345
26370994 80.564160735
26367144 80.802206441
26362527 81.045562334
26358653 81.276551197
26356019 81.515588869
26355202 81.748216724
26352771 81.984085629
26352117 82.226134098
26349080 82.463484843
26348545 82.705126259
26345064 82.934471832
26344364 83.169066319
26341590 83.406775309
26340911 83.640146566
26340100 83.869534036
26339073 84.100909111
26335972 84.329908707
26331468 84.567361479
26330877 84.799630384
26330127 85.034087705
26315804 85.269967227
26314431 85.509648689
26312982 85.739879658
26309599 85.964995472
26308431 86.186947116
26306159 86.399205874
26303937 86.617467843
26303535 86.834309903
26301266 87.049282937
26300239 87.262089453
26293121 87.485037812
26290505 87.70291711
26288943 87.917758322
26288224 88.136018627
26287964 88.351882915
26286742 88.561560051
26286354 88.77247327
26285395 88.985973017
26284446 89.197095463
26282669 89.408371583
26282164 89.630615209
26279647 89.845108036
26278268 90.066229774
26277445 90.286674824
26275759 90.49572081
26275370 90.700730778
26272034 90.906130724
26271114 91.117180407
26267889 91.325295864
26265914 91.532891193
26263498 91.739981923
26263193 91.941389664
26262098 92.147305657
26259112 92.352912771
26256226 92.557424483
26255570 92.761143049
26255151 92.961856689
26254832 93.162995482
26254621 93.371825247
26254216 93.572382688
26253552 93.778894927
26252876 93.977032887
26250782 94.180514496
26250342 94.380085711
26248463 94.587488946
26246103 94.787263054
26245204 94.988111442
26244512 95.190517117
26244120 95.395765237
26242414 95.593834922
26241824 95.786913974
26241316 96.387072357
26240985 96.584484258
26240065 96.78538175
26239800 96.984652384
26239525 97.177241194
26239096 97.373416023
26238703 97.575943663
26236281 97.769909613
26235800 97.972637537
26233931 98.166438331
26232359 98.363012771
26231303 98.550280164
26227594 98.748541244
26227147 99.133025616
26226288 99.327826505
26225753 99.518662229
26224000 99.898552113
26222563 100.090262273
26222015 100.274065199
26221191 100.458027069
26218385 100.646847848
26217438 101.032103966
26216162 101.40868351
26215984 101.594084925
26215336 101.984526532
26215085 102.371287568
26214861 102.568663411
26214248 102.957817158
26213784 103.749690139
26213258 104.149917742
26212731 104.343482364
26212216 104.535049574
26211386 104.735206086
26211312 104.930219065
26210816 105.120765663
26210630 105.31171011
26209676 105.499415247
26208776 105.688675331
26207507 106.063206471
26205769 106.25086507
26204120 106.434271943
26203475 106.622147573
26203129 106.813607396
26202465 107.005280631
26201879 107.193185804
26201264 107.376434744
26201050 107.562251059
26199551 107.747574579
26199018 108.292914522
26198617 108.488309758
26197409 108.673335352
26197190 108.867362293
26196195 109.256858869
26195784 109.444423417
26195065 109.798698275
26193294 109.980463898
26193076 110.156666585
26192535 111.037650641
26190548 111.213580502
26190514 111.391434755
26190173 111.563726848
26189902 112.089817523
26189675 112.783011316
26189632 112.957727063
26189128 113.126996032
26188869 113.295295387
26188353 113.475571633
26187799 113.647983962
26187556 113.814521625
26186576 113.982822519
26186527 114.331588065
26185930 114.509890705
26185783 114.683810232
26185321 114.855230612
26185317 115.021136844
26184104 115.359698535
26183997 115.530627893
26183978 115.694619982
26183291 115.861576589
26183218 116.026887486
26182685 116.186442002
26182405 116.353141179
26181968 116.516155719
26181887 116.676229522
26181755 116.842353388
26181681 117.170008213
26181484 117.3367381
26181442 117.495444904
26181348 117.661793669
26181330 117.823320632
26181104 117.990051803
26180551 118.156447936
26180258 118.31907186
26180077 118.478175986
26179983 118.641706834
26179818 118.800919332
26179620 118.964540106
26179407 119.282847249
26179015 119.607684995
26178996 119.769862221
26178938 119.934569745
26178390 120.09799801
26178209 120.261259722
26178081 120.418907948
26178068 120.580453775
26178024 120.903259404
26177951 121.228398702
26177950 121.383631716
26177817 121.543395926
26177774 121.69988548
26177767 121.858748306
26177729 122.016629538
26177690 122.17433217
26177511 122.491182365
26177453 122.648073978
26177449 122.967932431
26177373 123.125324257
26177356 123.758966387
26177308 124.070546707
26177187 124.2253804
26177045 124.375574007
26176917 124.534145135
26176853 124.689571842
26176796 124.848330793
26176753 125.003449871
26176673 125.16364456
26176639 125.319180664
26176600 125.47716914
26176540 125.636949212
26176463 125.794952196
26176278 125.954109831
26176204 126.10963131
26176156 126.267497651
26176114 126.425307475
26176056 126.581628181
26176020 126.742579782
26175905 126.903187079
26175696 127.223716573
26175685 127.538827617
26175671 127.858251762
26175655 129.620622417
26175651 130.079728974
26175579 130.400435836
26175505 130.710553005
26175458 131.95950105
26175337 132.572346687
26175287 261.398270205
26175162 261.551896467
26174998 261.703904096
26174984 262.169715494
26174950 262.324027943
26174890 262.774641468
26174886 262.924386961
26174879 263.369833424
26174805 263.522073367
26174801 263.825384342
26174785 264.273202715
26174713 264.735970082
26174657 267.278005726
