42603530 121.481548736
42565798 122.203329414
41873947 122.843307985
41872137 123.478431169
41774356 124.102693088
41769236 124.700454577
41764371 125.337933402
41637680 125.97151719
41405287 126.616951169
41403905 127.234807184
41401622 127.880255137
41399894 128.48200942
41365510 129.115916628
41314534 129.738370025
41308063 130.341773952
41303986 130.968395717
41298175 131.564218181
41283201 132.198896641
41278976 132.811018147
41274435 133.410376414
41228726 134.011203305
41225796 134.634498796
41223984 135.237758123
41221213 135.852576733
41202498 136.468248047
41196907 137.061813921
41176752 137.667579364
41173331 138.283664056
41103344 138.887405854
41029056 139.494703974
41003764 140.109679792
40997531 140.70129319
40993994 141.305154601
40991392 141.889252091
40981510 142.50015427
40933371 143.101972774
40929562 143.700831693
40842325 144.300450732
40658654 144.895758542
40655423 145.492750446
40653301 146.083998107
40651114 146.678679684
40624399 147.296058981
40621315 147.88763547
40616706 148.484664591
40612548 149.091686939
40597948 149.681669321
40596974 150.279699237
40595242 150.883683232
40568422 151.485181998
40565840 152.085326202
40556981 152.676954881
40553927 153.269615477
40548777 153.866785478
40544251 154.469043555
40538093 155.065140539
40424138 155.658821686
40423389 156.283401101
40422196 156.877268206
40415665 157.458575784
40412844 158.05667645
40409337 158.625046718
40396457 159.231645136
40392623 159.832844822
40383248 160.422121342
40373898 161.008665368
40348484 161.595759855
40325377 162.192722913
40272702 162.813179822
40270919 163.418019433
40266815 164.007866388
40265452 164.593025925
40246180 165.185138752
40242462 165.774013764
40238565 166.349710964
40237713 166.949170061
40233559 167.535298389
40231892 168.129961395
40192969 168.711773281
40048257 169.294440994
40044332 169.90924178
40042206 170.510122071
40041061 171.11673176
40036830 171.71683475
40036077 172.290798544
40000787 172.891175871
39986238 173.495221699
39983359 174.103731896
39978669 174.688723989
39909285 175.290294382
39904706 175.868504798
39903211 176.448906906
39900001 177.053687694
39899279 177.646234398
39895462 178.244327187
39890563 178.854378786
39887021 179.470935211
39885703 180.071865808
39817374 180.670340857
39806324 181.275687828
39805556 181.868194383
39802409 182.470326448
39800061 183.058243341
39793091 183.682259476
39792375 184.276864369
39791012 184.881766654
39773308 185.496431283
39767276 186.12732438
39762546 186.738720691
39759520 187.349690195
39757682 187.939979492
39753559 188.544409668
39751169 189.147361153
39748475 189.765108858
39745642 190.387472872
39744583 190.998117375
39739887 191.619733719
39734571 192.228258866
39728137 192.823729951
39723999 193.41699527
39720651 194.022431297
39718519 194.65028239
39713757 195.292965189
39709923 195.922254801
39708674 196.523843863
39700134 197.138422197
39698506 197.697808977
39690854 198.245036772
39689143 198.804880039
39683075 199.375813898
39675538 199.952157036
39671526 200.52214721
39669068 201.087892718
39574911 201.63889822
39574069 202.208232188
39573121 202.765507353
39570173 203.35076388
39569058 203.9515192
39559773 204.524039914
39558422 205.116629587
39556336 205.704737744
39554209 206.311176064
39553183 206.914905755
39547305 207.530399899
39546410 208.103543037
39540415 208.709973305
39536677 209.304674115
39535079 209.888320907
39532049 210.50312985
39530118 211.092281313
39526171 211.723854194
39525391 212.326897579
39515111 212.910125577
39513810 213.535297255
39511339 214.120659515
39504971 214.705605872
39499874 215.320459453
39498899 215.904914004
39462214 216.495401698
39450365 217.105843592
39436067 217.717210215
39422656 218.307888683
39420524 218.911404106
39416364 219.485432413
39414270 220.083417987
39409636 220.689471073
39406291 221.264561519
39403659 221.87510354
39402149 222.454651298
39397034 223.044468401
39386832 223.653639698
39384504 224.237073055
39374474 224.825255019
39373511 225.424865116
39366760 226.003909413
39365854 226.587642637
39361764 227.17691234
39359199 227.789991959
39348919 228.387904246
39336496 228.983077462
39335295 229.607376788
39329121 230.223489612
39317548 230.824218424
39314939 231.422888639
39313756 232.049508152
39313360 232.656175521
39310583 233.238645512
39306107 233.82950902
39297787 234.444637288
39296866 235.03794663
39291207 235.634897742
39290235 236.230531973
39286064 236.84826903
39282457 237.465449844
39274543 238.082597653
39273259 238.704897874
39271410 239.317018029
39270247 239.900533655
39259998 240.471229991
39257662 241.094808525
39256510 241.689837548
39252268 242.293866965
39248332 242.869064772
39241893 243.455229432
39239799 244.058058802
39238691 244.650555065
39230226 245.220811914
39227405 245.803744688
39223443 246.375606727
39221221 246.970995262
39219952 247.555166887
39212411 248.152559625
39203411 248.722731007
39192327 249.311764028
39191405 249.920513963
39190740 250.513227627
39186024 251.133444139
39172985 251.744746747
39166959 252.329316225
39163061 252.939221521
39158214 253.530943597
39155245 254.153415986
39122583 254.752835876
39121381 255.356524152
39118735 255.947444682
39117578 256.543077457
39115232 257.144495387
39113850 257.736855564
39107201 258.324261241
39105815 259.496088637
39104183 260.070662166
39099393 260.654675781
39097609 261.250611926
39089152 261.86283916
39085125 262.451745947
39084297 263.046379119
39079714 263.649178377
39077276 264.2514596
39074714 264.837428429
39067161 265.433653228
39063804 266.048300395
39061739 267.227245657
39058963 267.832554748
39057560 268.424896966
39050118 269.015302654
39049490 269.614696122
39045934 270.201755648
39041853 270.792985099
39033674 271.386293525
39031097 271.964903888
39020912 272.537936863
39012486 273.136171556
39011491 273.711715378
39001605 274.299334443
38999899 274.886225724
38996694 275.469418521
38995254 276.045802847
38992004 276.634324124
38971643 277.212331192
38970682 277.804841087
38962700 278.395522386
38958506 278.985329066
38955323 279.566063705
38951748 280.169381117
38948991 280.737653834
38946339 281.325440491
38942402 281.899629915
38940968 282.469448318
38938484 283.031010555
38933722 283.594811464
38932813 284.17924906
38930629 284.759500195
38928026 285.3305468
38926638 285.916316092
38919987 286.496119788
38907812 287.075568019
38907476 287.668741546
38906995 288.244618362
38904232 288.828864025
38902180 289.404898202
38900280 289.988887665
38898750 290.573585593
38892818 291.133893515
38887401 291.710916548
38884979 292.288989619
38880181 292.845862358
38879593 293.410725594
38878689 293.985403482
38873555 294.554071903
38869781 295.14080767
38869106 295.712215654
38868161 296.270082218
38867334 296.840277087
38862458 297.412840614
38860968 297.974187437
38856495 298.53488984
38846562 299.109956619
38844288 299.685279617
38841585 300.25806352
38839616 300.819035062
38830835 301.375477602
38828031 301.944936671
38825080 302.520371446
38822142 303.079027367
38820809 303.64413611
38814152 304.198238546
38810684 304.752851957
38809661 305.30778602
38802543 305.8641601
38798452 306.432102866
38797535 306.990341173
38797055 307.555186238
38795445 308.103247218
38794471 308.660892714
38792763 309.220313971
38789497 309.764212274
38786014 310.325644011
38776066 310.870956599
38775123 311.415972795
38768915 311.957935475
38765667 312.518341492
38756176 313.066273403
38750987 313.62910829
38742710 314.170841873
38735258 314.72000236
38734088 315.26503712
38730358 315.822290662
38727756 316.368914381
38726861 316.936448083
38724714 317.494421454
38724371 318.05090133
38719813 318.616067184
38718038 319.17015133
38716179 319.70204117
38713619 320.249117788
38710477 320.790151217
38705808 321.353772429
38703634 321.901058896
38702601 322.445368325
38690706 322.978125485
38687826 323.516944333
38686831 324.062414897
38683483 324.620329516
38680815 325.174540521
38679305 325.731686561
38674007 326.278519478
38672196 326.816223373
38670237 327.357518864
38668258 327.889787557
38667934 328.434011452
38664183 328.979891539
38662393 329.5170185
38661074 330.056096857
38660445 330.594048105
38650458 331.13230084
38647153 331.660432592
38644542 332.199768755
38644429 332.737013478
38642416 333.274646809
38641549 333.821826858
38638521 334.337500069
38637306 334.868223895
38636835 335.41101593
38632237 335.956768235
38630810 336.500687083
38630335 337.048909834
38628513 337.57959479
38627587 338.112866699
38623109 338.64662423
38622456 339.177946631
38622102 339.712849783
38620046 340.237133202
38617434 340.767394816
38614139 341.307809384
38610870 341.844172597
38601256 342.395072353
38596474 342.926269534
38596410 343.476559254
38594170 344.00111537
38593981 344.523444912
38592632 345.046218286
38592224 345.580155369
38590558 346.103786116
38584674 346.635712451
38583944 347.170425256
38581913 347.704398141
38578826 348.239573323
38575957 348.771359003
38575347 349.297026774
38572749 349.824584904
38553020 350.353752459
38546516 350.897930192
38545138 351.437195559
38544578 351.951121066
38542339 352.460153577
38539320 352.982924859
38538304 353.506180237
38537670 354.031668139
38533664 354.55282085
38532609 355.075468012
38531566 355.580754088
38530602 356.103112251
38529951 356.634601539
38528913 357.160608881
38527646 357.687685087
38526346 358.210443658
38522080 358.729349418
38521119 359.256351464
38519871 359.773294662
38517407 360.290015528
38510621 360.793749049
38508540 361.312690226
38507659 361.851445874
38506305 362.366204873
38505162 362.879765346
38499769 363.401503926
38499501 363.92969826
38498108 364.446538083
38496815 364.95313121
38493168 365.472154749
38489428 366.001150448
38487339 366.512504435
38485949 367.04194583
38484182 367.55593817
38483357 368.065101236
38478815 368.586901179
38478101 369.107205894
38477375 369.610009449
38475996 370.128388026
38475712 370.632496328
38473224 371.153147666
38471839 371.669476698
38471800 372.179138525
38464935 372.695724145
38464260 373.214883664
38463746 373.736466863
38460973 374.241929373
38457833 374.74466564
38456698 375.250606985
38454008 375.743301294
38445197 376.248044365
38444661 376.754497042
38442645 377.263441009
38441251 377.773852452
38439765 378.276603368
38437515 378.776496457
38437093 379.285894097
38435239 379.781099325
38432063 380.274269024
38431605 380.773497352
38428628 381.265225228
38422327 381.75411551
38420761 382.245857938
38419610 382.740699721
38418280 383.230986451
38414177 383.720642628
38410261 384.210075327
38409007 384.699262957
38406064 385.184404569
38405321 385.672104208
38404745 386.156942243
38402194 386.651300348
38401457 387.144248364
38400328 387.638882432
38397033 388.135221154
38395357 388.620414976
38392386 389.101919846
38391264 389.585162664
38390406 390.072440442
38389418 390.558409947
38388724 391.051631193
38388051 391.53865281
38385644 392.021986446
38383796 392.509538376
38380411 392.994089462
38377895 393.480079494
38377259 393.950956835
38376711 394.431262881
38374206 394.908856149
38373356 395.380543331
38372468 395.843555764
38372225 396.308224422
38363981 396.779512119
38362632 397.255007199
38359589 398.206748409
38358587 398.673982166
38353007 399.146151822
38350391 399.615189689
38346538 400.085400917
38346110 400.559807913
38345468 401.036927766
38343829 401.512798312
38342820 401.977294607
38340844 402.45014261
38340112 402.913905671
38338267 403.371008855
38338061 403.828648751
38336555 404.290241365
