29437526 30.934015412
29238975 31.431990434
29229637 31.838225807
29099090 32.246757985
29093908 32.659334627
28855968 33.093834159
28725806 33.492375611
28721579 33.883187256
28520647 34.262029437
28517261 34.66863036
28511796 35.083351841
28507461 35.489028441
28499597 35.874672797
28490898 36.267279354
28461748 36.672771336
28457354 37.064849329
28450870 37.440333532
28447458 37.817500153
28408978 38.222323157
28402748 38.599239568
28367150 38.977709861
28359026 39.367867972
28311170 39.732428833
28294230 40.109185876
28289996 40.490560523
28280282 40.870897948
28275191 41.2402121
28269487 41.617069722
28258505 41.995351611
28250842 42.349060161
28204797 42.713442306
28197317 43.087991049
28190085 43.444448856
28176157 43.820612386
28166705 44.200108271
28160706 44.566288431
28152803 44.936589962
28138204 45.318905171
28134161 45.688194811
28123425 46.056911326
28116058 46.419865212
28113421 46.783162198
28110989 47.150671568
28051970 47.496362208
28045192 47.85303232
28040636 48.22331872
28038178 48.589691774
28031779 48.973637647
28030643 49.342302553
28019106 49.713861883
28015822 50.091113047
27992280 50.445609735
27989412 50.81820653
27985388 51.192525047
27981246 51.556403735
27974339 51.924472838
27969458 52.280339477
27964054 52.637947277
27953271 53.015888502
27950652 53.371541945
27949477 53.728647755
27914095 54.089639289
27909981 54.432645073
27908258 54.784582463
27904382 55.154731713
27901770 55.523553063
27898687 55.8701932
27895000 56.228651745
27864541 56.591257707
27857041 56.941671717
27852134 57.280517269
27847946 57.609507433
27846034 57.937659235
27839139 58.26156536
27830602 58.594830207
27825851 58.934059817
27819370 59.268869759
27815925 59.5883434
27807560 59.907890574
27799791 60.24091244
27785463 60.565318702
27769861 60.883702616
27767790 61.223243884
27767139 61.548032696
27761495 61.876918477
27757702 62.199522338
27753998 62.533129478
27737630 62.841842523
27736634 63.509831213
27734454 63.835300469
27722377 64.162750061
27714818 64.490166226
27709830 64.826157036
27708099 65.147722825
27704135 65.480301111
27693748 65.805696664
27684788 66.110792554
27681210 66.442837095
27672247 66.763942953
27658366 67.071428496
27652132 67.397618016
27650556 67.707604704
27646323 68.028792346
27636034 68.348654753
27633478 68.661557576
27631791 68.985034956
27628329 69.301124161
27621035 69.622530726
27617362 69.940273268
27604220 70.243952944
27600757 70.555783594
27598673 70.871480367
27587372 71.197444906
27581828 71.508340556
27570453 71.825141034
27568325 72.15246872
27559315 72.473411371
27554125 72.775902932
27545792 73.086380296
27543306 73.394731218
27540611 73.695030136
27538196 73.996137148
27530520 74.295029308
27526661 74.600736983
27516548 74.919859219
27514685 75.230163715
27508106 75.537140495
27504430 75.847995026
27502063 76.15658344
27498161 76.458628117
27487704 76.776378774
27486364 77.084226307
27483609 77.421012291
27477182 77.757121272
27474620 78.08148716
27471261 78.417459283
27462630 78.732830862
27460714 79.087868157
27458971 79.432291799
27457791 79.756024919
27453473 80.068796501
27451757 80.401309013
27443672 80.720900298
27441091 81.060045843
27438017 81.369926235
27427299 81.700656232
27422499 82.023599573
27420146 82.345863159
27413947 82.668889182
27412069 83.010651081
27407072 83.340491613
27403148 83.66934156
27400789 84.004917958
27395565 84.317472608
27394691 84.619488806
27393359 84.946518223
27387798 85.269130719
27385133 85.570780714
27382585 85.885682439
27374940 86.199635908
27373431 86.520785209
27368982 86.857032493
27366226 87.157140301
27362726 87.481143452
27359235 87.788712451
27354196 88.094459119
27347578 88.418914558
27346550 88.728774168
27342447 89.046119317
27336856 89.358722989
27332784 89.667125011
27329235 89.982778772
27323665 90.288071036
27320078 90.598221306
27316174 90.925830645
27311541 91.276049129
27309358 91.611679973
27302537 91.950305932
27301505 92.265050339
27295448 92.597403777
27294238 92.926762891
27289034 93.256064501
27286251 93.587257361
27285277 93.923154033
27278895 94.251128396
27276686 94.572955791
27270876 94.902464864
27267876 95.228686371
27263686 95.553770086
27256571 95.88164316
27250110 96.20235089
27245083 96.504434576
27243009 96.826116103
27241701 97.153130199
27235786 97.467153223
27234423 97.77519282
27233894 98.086219481
27231208 98.403516739
27229684 98.71728202
27226400 99.034050992
27223749 99.355080917
27220218 99.667040493
27214085 99.980763534
27210803 100.302543536
27208812 100.620837751
27203865 100.932920178
27202659 101.240005969
27202121 101.550712254
27198990 101.858890432
27193640 102.158970745
27191666 102.460811325
27190126 102.777077668
27187015 103.082239698
27184731 103.381761729
27183342 103.678305092
27179175 103.973269349
27178822 104.274282882
27173314 104.571737841
27170047 104.872464699
27166854 105.161667841
27165769 105.469091647
27157085 105.774820926
27152261 106.06928168
27151306 106.366651742
27147732 106.667445041
27138874 106.960977662
27137555 107.254839891
27136085 107.548529738
27134331 107.84290206
27131008 108.126530171
27125561 108.411558158
27124307 108.704514616
27123522 108.99958807
27117095 109.294701345
27110938 109.584441902
27110345 109.879684842
27108387 110.162241836
27108157 110.452873836
27106966 110.74454531
27101415 111.02823233
27100460 111.322211451
27097837 111.615323501
27095203 111.894101656
27092775 112.184796001
27089899 112.468013373
27087063 112.743227086
27084775 113.02199114
27080312 113.305484188
27079575 113.580902902
27078122 113.87624235
27072261 114.160800287
27071364 114.432693298
27070147 114.707031108
27068141 114.978826989
27065449 115.254171358
27064111 115.540809147
27060367 115.818221618
27059758 116.087766264
27059361 116.353518377
27057097 116.626942723
27053997 116.896071002
27053703 117.168853017
27052556 117.439139505
27051142 117.709821445
27041262 117.976090292
27040441 118.239638604
27038574 118.500838612
27037045 118.764868758
27035902 119.03509618
27033132 119.295823609
27028517 119.563624771
27027919 119.830915899
27026782 120.09992569
27024119 120.361512651
27021331 120.620939168
27020776 120.887571607
27018223 121.146779673
27016869 121.409575246
27016160 121.661018178
27012748 121.919993082
27010442 122.182480039
27009978 122.444979686
27009295 122.708719066
27007070 122.964217917
27005107 123.214930139
27004234 123.469208132
27003574 123.72021495
27000242 123.974114517
26999971 124.227762114
26998918 124.477830352
26996813 124.727519231
26995455 124.969712374
26995036 125.219411114
26993167 125.465245858
26991059 125.702232452
26989619 125.951523466
26988467 126.197662179
26985168 126.444403948
26985014 126.682899092
26983360 126.929016704
26981807 127.410859667
26980315 127.651427435
26978035 127.900224954
26976772 128.137419386
26970329 128.371888732
26969608 128.616282609
26968097 128.852805601
26964633 129.085948382
26964023 129.327996465
26962758 129.560618996
26962019 129.793994306
26961290 130.030465513
26960520 130.260174275
26957420 130.495703834
26956853 130.721970494
26956427 130.948259187
26955640 131.174479904
26955128 131.404748867
26953953 131.636137971
26947236 131.868691223
26945131 132.096220869
26943412 132.317669604
26943157 132.54638539
26940095 132.765242107
26939443 132.990920608
26938112 133.2097109
26937050 133.440369415
26935381 133.657887586
26934602 133.882496749
26933251 134.108088418
26932271 134.327048406
26931866 134.543094692
26930414 134.764584676
26929353 134.980589486
26929023 135.199395425
26928091 135.642074511
26926427 135.85952211
26925325 136.075508867
26923645 136.286475234
26923591 136.500891497
26923022 136.717822004
26922538 136.92723387
26921928 137.141680253
26921848 137.356806697
26920135 137.565235681
26920054 137.776568078
26918587 137.987328671
26918539 138.194706873
26916172 139.024638439
26916098 139.236186124
26915692 139.450330864
26914783 140.073007774
26914348 140.281362963
26913231 140.486140493
26912800 140.690281163
26912773 140.891509695
26912145 141.092184884
26912115 141.293859374
26911466 141.488707471
26910543 141.689572204
26910440 141.885160377
26909480 142.088430243
26909332 142.28651392
26908273 142.486886492
26907323 142.684652808
26905493 142.879753794
26904522 143.271710366
26904083 143.463510433
26903697 144.042639106
26903478 144.230911215
26902611 144.611243019
26902323 144.801623815
26902067 144.991826873
26901938 145.37044916
26901792 145.558862441
26901664 145.751744185
26901634 145.939555767
26901002 146.124288579
26900667 146.315704876
26900259 146.500475206
26900173 146.880528719
26900033 147.063376934
26899708 147.245690006
26898937 147.615895291
26898576 147.79561915
26897696 147.975988006
26897089 148.158815638
26896141 148.342677815
26895855 148.523790697
26895271 148.706469635
26894909 149.07562858
26894759 149.255010725
26894026 149.43880442
26893700 150.527245055
26893657 150.886424348
26893181 151.067085007
26892978 151.432008893
26892856 151.7963732
26892601 151.977511972
26892485 152.153722306
26892272 152.699494966
26891421 152.881128897
26890951 153.064317045
26890792 153.242533735
26890573 153.420325746
26890531 153.601992178
26890485 153.780899585
26890283 153.960054494
26890043 154.313145283
26890026 154.489107384
26889609 154.667632948
26889457 155.204525834
26889145 155.38212646
26889069 155.558474382
26888959 155.919459696
26888704 156.27538085
26888617 156.629490181
26888293 156.805251242
26888143 156.981403759
26888060 157.162830068
26887992 157.342967884
26887920 157.521355558
26887713 157.704505852
26887670 157.891622935
26887099 158.242967664
26886974 158.418701879
26886767 158.599338323
26886668 159.313946774
26886588 159.494895377
26886583 159.669108803
26886457 160.196902047
26886350 160.370809125
26886290 160.720223924
26886244 160.893004573
26886046 161.067529334
26886010 161.413689434
26885970 161.755532436
26885844 162.281716877
26885824 162.454859965
26885622 163.144729959
26885362 163.313665468
26885316 163.647324261
26885270 163.815671434
26885173 163.986695337
26885158 164.161996418
26885089 164.33000119
26885072 164.503386851
26885007 164.67733803
26885001 164.852958231
26884984 165.382634118
26884888 325.371862768
26884870 325.521110992
26884832 325.667595015
26884814 325.816221303
26884794 325.963468105
26884772 326.111618662
26884579 326.559647285
26884567 326.707353598
26884482 487.363552862
26884461 646.445235895
26884414 646.588449823
26884404 646.729937023
26884362 646.871998049
26884353 647.295917
