25339797 19.295393433
25317284 19.737536217
24990667 20.08774843
24984665 20.432902163
24874118 20.783545992
24844313 21.138354081
24685844 21.483570041
24662920 21.83221338
24609576 22.174553991
24593297 22.520279344
24558218 22.863890034
24508286 23.187979586
24492956 23.50649848
24485112 23.82166904
24472095 24.137641229
24469128 24.464693727
24463822 24.792294678
24400089 25.103756337
24397356 25.41559087
24390151 25.727622394
24349078 26.032432034
24345749 26.328331362
24340454 26.642427129
24287406 26.94795719
24267573 27.257990172
24243804 27.549127586
24233470 27.849180158
24178917 28.150780528
24164806 28.450984243
24151740 28.742484985
24139470 29.035817953
24136890 29.326658773
24127716 29.607463656
24125984 29.893154158
24122478 30.168033635
24121428 30.445412401
24115375 30.724488551
24111259 31.009563197
24101778 31.281410688
24097563 31.557280732
24089813 31.828852499
24083661 32.093732711
24078323 32.357976209
24064390 32.620868963
24059653 32.886197076
24046579 33.1441036
24036573 33.401982591
24028459 33.65818437
24017296 33.915645903
24014827 34.168853577
23984557 34.422033535
23977400 34.669553085
23974980 34.916474867
23968770 35.157045677
23963833 35.402027144
23954156 35.641355203
23950688 35.883693318
23946894 36.119919971
23937534 36.361235139
23936581 36.598542956
23925657 36.836105521
23919186 37.081880695
23914496 37.323070992
23902187 37.561024189
23887770 37.796523431
23880764 38.036127531
23875499 38.27200768
23851234 38.50471351
23848769 38.736784667
23832828 38.973081971
23818249 39.202818321
23816147 39.443571206
23809151 39.674913796
23806485 39.904423894
23803685 40.135820313
23802212 40.364333969
23736946 40.591827958
23732829 40.818850404
23731731 41.046347423
23729812 41.274054783
23727633 41.495779284
23726023 41.72636227
23723401 41.955576189
23709242 42.18232699
23706586 42.406465072
23705369 42.632949937
23704811 43.086989403
23694783 43.311299338
23694346 43.536932463
23691330 43.758154582
23690230 43.98155398
23689317 44.204062772
23682257 44.430246698
23679730 44.6518313
23678651 44.875036313
23677304 45.103419196
23675197 45.325066266
23673299 45.544977742
23672670 45.769573007
23662815 45.9886591
23661981 46.212668463
23657800 46.431115091
23653146 46.650947643
23644079 46.871393513
23638956 47.086550981
23631710 47.30358736
23628651 47.515571466
23620652 47.732050375
23618272 47.944189456
23612094 48.157338034
23610506 48.373334571
23604894 48.586675383
23603503 48.80189721
23597849 49.011899063
23582854 49.223101279
23580855 49.431540926
23576787 49.641354399
23575650 49.85020692
23566402 50.059761966
23559484 50.26799625
23554993 50.474468724
23549277 50.682417491
23548039 50.8851341
23543987 51.086952184
23539990 51.28801573
23535751 51.489118876
23532419 51.687237915
23531471 51.898746009
23526473 52.103466264
23513699 52.302841857
23511028 52.505124771
23502203 52.706008686
23499200 52.903913486
23494887 53.102232102
23493003 53.297399612
23491607 53.492919204
23490970 53.689855929
23485564 53.886688263
23484519 54.081141984
23480550 54.277363851
23475903 54.470644468
23469158 54.663163312
23468430 54.858989624
23466400 55.048606465
23462427 55.238407094
23456682 55.429923689
23453369 55.620970523
23450677 55.809095827
23441049 55.99695053
23439692 56.185486782
23431692 56.375340299
23425207 56.561125203
23421536 56.750933909
23419339 56.935194267
23417384 57.122455661
23414944 57.306141653
23412850 57.488841237
23409732 57.671243761
23401324 57.859914926
23400618 58.043121367
23399902 58.22445698
23399224 58.405112839
23398833 58.582042576
23395677 58.759132347
23389671 58.936268392
23387290 59.11606892
23380566 59.292222964
23376243 59.465966432
23375301 59.642281499
23368352 59.816937051
23366813 59.992150849
23364864 60.166143377
23361473 60.337566524
23361031 60.508203812
23359722 60.678474554
23357744 60.851309581
23356793 61.023990283
23355397 61.198468979
23354927 61.368260249
23353696 61.538863563
23352509 61.708868429
23347440 61.877133729
23344387 62.044319595
23342206 62.211771742
23340349 62.377702006
23338367 62.543915839
23335760 62.711715197
23335248 62.881525895
23333691 63.047998552
23332012 63.210477855
23330245 63.374904128
23328639 63.534810821
23327718 63.696493835
23325727 63.85724911
23323715 64.014316546
23323046 64.172709967
23319543 64.330101334
23318225 64.483190122
23314238 64.638698137
23312655 64.79629782
23310552 64.953460918
23309160 65.10711061
23308206 65.258538473
23306389 65.411911414
23303583 65.563745349
23300916 65.714083687
23299893 65.865915184
23299248 66.014610184
23298740 66.162683198
23298331 66.310056402
23297743 66.46173886
23294805 66.612800508
23293874 66.761725231
23292767 66.909869117
23288699 67.056351979
23287367 67.203952921
23284791 67.349571097
23282198 67.494747361
23281959 67.639818333
23281737 67.926682751
23279711 68.068278696
23279504 68.209998386
23277862 68.353217618
23277298 68.495868049
23276543 68.635379831
23274373 68.774769547
23273541 68.914993321
23272094 69.052263845
23271536 69.187500043
23270627 69.327179471
23270140 69.464093993
23269705 69.603014955
23269016 69.739013761
23267824 69.874438063
23267007 70.143929871
23266136 70.279059
23265718 70.413512448
23265257 70.545888306
23264427 70.67811318
23263251 70.80996939
23262409 70.942600191
23262231 71.073296147
23262038 71.201869757
23260596 71.332678374
23260088 71.461127834
23259319 71.591076217
23257495 71.719057605
23256687 71.845863683
23256104 71.97374741
23255025 72.101115
23252658 72.229147432
23252344 72.356361159
23250734 72.483715716
23249479 72.611304723
23248806 72.742376406
23247611 72.867576418
23247252 73.11531037
23246997 73.247044485
23246500 73.370673624
23246174 73.497061311
23245935 73.61958315
23245644 73.738919913
23244631 73.973500348
23244015 74.090658941
23243880 74.208555661
23243717 74.326107271
23243174 74.44282236
23242250 74.557806035
23241778 74.67250441
23240057 74.788918181
23239813 74.903706784
23238944 75.020538886
23238271 75.25038885
23238222 75.363973418
23237836 75.592175371
23237487 75.705128739
23237262 75.820313375
23236355 75.93288738
23236353 76.046492764
23236195 76.15790434
23235699 76.269234143
23235373 76.380238409
23234409 76.600962526
23234169 76.711867616
23233792 76.821360318
23233236 76.929473515
23232988 77.039778539
23232528 77.148639666
23232370 77.256156291
23232028 77.363805227
23231143 77.580704055
23230698 77.689974106
23229791 77.796866103
23229686 77.905089426
23229530 78.012600478
23229378 78.116282279
23229025 78.222804166
23228890 78.327021116
23228874 78.432626524
23228767 78.536294854
23228349 78.63802754
23228078 78.741234847
23227780 78.846174857
23227737 78.949124991
23227336 79.052261012
23227293 79.154432693
23227074 79.257470262
23227025 79.358572893
23226915 79.561572849
23226780 79.662331873
23226634 79.764762504
23226396 79.865804218
23226321 79.968446742
23226280 80.069109228
23226099 80.168462875
23226054 80.268721247
23226027 80.36811789
23225966 80.563835344
23225921 80.660384331
23225827 80.761021594
23225763 80.862516648
23225669 80.963676097
23225660 81.061350495
23225653 81.25501005
23225582 81.350653703
23225520 81.445416875
23225518 81.539933845
23225473 81.636503737
23225441 81.738786483
23225267 81.837455429
23225219 82.029213376
23225191 82.30596832
23225187 82.397305269
23225134 166.176763079
23225038 166.280574826
23225035 166.479267195
23225009 166.579920949
23224897 166.678198784
23224849 166.777109104
23224822 166.973364369
23224814 167.167732569
23224767 167.550057321
23224650 167.742417216
23224513 168.023584487
