45141026 160.143399351
45137993 160.969607081
45048924 161.694199812
44871369 162.398901877
44724721 163.076748025
44719822 163.773155234
44715949 164.482421629
44609640 165.163352515
44605742 165.868323991
44516445 166.588879097
44198386 167.279848099
44179157 167.97436986
44176973 168.643243494
44159942 169.337764618
44156469 169.999747943
44047787 170.673490181
44043814 171.35321786
44038350 172.019874839
44032876 172.683091593
44024855 173.36636013
44015990 174.060352038
44008284 174.739998953
43998792 175.420215438
43993343 176.09124695
43985675 176.768052461
43934309 177.441423749
43887170 178.140089719
43885706 178.811084181
43832039 179.476656907
43686349 180.154381977
43683715 180.821938926
43622945 181.487313069
43611905 182.150271223
43596408 182.810500263
43590293 183.458772672
43585896 184.118030425
43584574 184.7825091
43580746 185.456159197
43532190 186.111464399
43527869 186.778369087
43526191 187.431195813
43521738 188.104462645
43516297 188.752291427
43472829 189.420939074
43137051 190.068935001
43135868 190.770573801
43128608 191.432572489
43126650 192.111972764
43118831 192.792994508
43115158 193.444330331
43091237 194.121426946
43089382 194.780999775
43083232 195.439963364
43071683 196.101190358
43069742 196.758241617
43065372 197.423911324
43062852 198.068841691
43047353 198.74008439
42990423 199.405588335
42985754 200.061937088
42983409 200.725529534
42980708 201.405444573
42978030 202.114882727
42974807 202.790157352
42970108 203.459738864
42962693 204.124830324
42958174 204.785927845
42956568 205.430911609
42953968 206.098738404
42948285 206.742513752
42944563 207.396063695
42937448 208.063940936
42930745 208.72146729
42928826 209.385815146
42924451 210.056002365
42923322 210.695040916
42921946 211.349138766
42831116 212.014929071
42820653 212.684457619
42816963 213.33019559
42806342 213.981607895
42802248 214.649703496
42799589 215.308389431
42791850 215.9569575
42787168 216.616447115
42784456 217.260974793
42778886 217.902346516
42776381 218.549141983
42758629 219.198250984
42747754 219.85458609
42738686 220.522440115
42730416 221.192385823
42728876 221.853561456
42726884 222.515463495
42714650 223.193977571
42712008 223.860903523
42701401 224.493381831
42652887 225.153187715
42652180 225.823953189
42651105 226.46240773
42648362 227.107984167
42601897 227.749531721
42595696 228.379107405
42590987 229.044052096
42578112 229.704414072
42572144 230.371030299
42562389 231.017189675
42560042 231.712802401
42549120 232.369863551
42545022 233.043773621
42543504 233.708476324
42540156 234.439376654
42537429 235.097158905
42536075 235.78305149
42533996 236.476762682
42531576 237.169238777
42530134 237.842164986
42526369 238.508090693
42520325 239.161205769
42516287 239.857048996
42514084 240.539646262
42510254 241.219904321
42507139 241.871709926
42504955 242.53530248
42503788 243.187850888
42501885 243.891703799
42498256 244.567995263
42494949 245.235416816
42487958 245.922143506
42486026 246.633938121
42484149 247.328229501
42455112 248.024304934
42453838 248.706818986
42451325 249.371885958
42445237 250.04020549
42443447 250.707867324
42438745 251.397988528
42436007 252.069910647
42379009 252.769367967
42376625 253.413045768
42375772 254.081890754
42372868 254.746750132
42370244 255.387623569
42368145 256.049590502
42365586 256.738149637
42355374 257.416476113
42350394 258.087860778
42347663 258.787100719
42345628 259.454811948
42344266 260.152123747
42327417 260.833035892
42326087 261.517415252
42323856 262.196144863
42317524 262.904003607
42314339 263.568779698
42306803 264.238386424
42302781 264.922033947
42295972 265.62849146
42292932 266.312462788
42291919 266.991981828
42288769 267.640292425
42277499 268.324111261
42273496 268.994486199
42263522 269.695979464
42260382 270.396846087
42259593 271.07099911
42256550 271.748581845
42254013 272.436836593
42253009 273.106239412
42247348 273.781804134
42231210 274.456564773
42181389 275.144460664
42178978 275.837973412
42176523 276.502518604
42175684 277.179287501
42142125 277.859701895
42132195 278.566677213
42124668 279.252237308
42123104 279.943443466
42122061 280.612932386
42117806 281.275996787
42115068 281.953023255
42113219 282.621355045
42107755 283.297857952
42105839 283.965254011
42074797 284.630680633
42062766 285.316634041
42053765 286.008272565
42051188 286.663482268
42048428 287.378155707
42041064 288.028062998
42038008 288.676965343
42031931 289.3065847
42030380 290.002290505
42026999 290.691068101
42025851 291.362910029
42018847 292.035778907
42017828 292.737038231
42016227 293.40178839
42011886 294.100643243
42011364 294.785552643
42007008 295.472985372
42004611 296.165984187
42003867 296.883637426
42002423 297.583655975
41989810 298.284157114
41985111 298.974582512
41982312 299.675812487
41979239 300.344760031
41977079 301.025799604
41971235 301.742712041
41969490 302.435776696
41966398 303.132494913
41963269 303.811407897
41960482 304.506279308
41954773 305.179334548
41949055 305.887965511
41946897 306.58414801
41944914 307.256042899
41944042 307.950279595
41928348 308.653251384
41927230 309.357699053
41895940 310.064925202
41892243 310.769302905
41891539 311.488444506
41890878 312.173810012
41879086 312.840668524
41877758 313.538847891
41876276 314.247154134
41871045 314.949433291
41860843 315.658348262
41860327 316.369995626
41856840 317.040659708
41855290 317.735174084
41849461 318.422386896
41814379 319.11099413
41810119 319.810979575
41809810 320.526644806
41807539 321.22067402
41799061 322.591972007
41795816 323.267229618
41781458 323.939778289
41771912 324.639960803
41768412 325.34888001
41767572 326.046340432
41755971 326.749167032
41755038 327.416250049
41754412 328.121516913
41752637 328.840791914
41750884 329.517293443
41746715 330.216577391
41744523 330.921341131
41739437 331.627455251
41730758 332.346454338
41725609 333.030230586
41725211 333.758182201
41723525 334.448920147
41721187 335.148037728
41718120 335.850302726
41713620 336.539773388
41707470 337.220925447
41703834 337.926400191
41699037 338.616719778
41696580 339.349008607
41696067 340.038538707
41695452 340.739141763
41693136 341.436033664
41691612 342.164289372
41690018 342.865227991
41685981 343.567798518
41668570 344.296220155
41659636 345.000316628
41659478 345.724710407
41653976 346.462623617
41651371 347.177926603
41650735 347.883814963
41650365 348.59902414
41647181 349.281630152
41646480 349.987521761
41605552 350.698443685
41599418 351.395092006
41596810 352.074524268
41593447 352.777702607
41592831 353.507350243
41588597 354.235710356
41586501 354.957246361
41583966 355.666990326
41583191 356.374674179
41581093 357.093026572
41579297 357.80582178
41578152 358.532231625
41577513 359.246837873
41573621 359.950212815
41570206 360.677983671
41567043 361.390272288
41565725 362.107576665
41564226 362.840769131
41559910 363.540763269
41558632 364.251808502
41557748 364.987013343
41556928 365.728445962
41556064 366.440626611
41553217 367.161724906
41550842 367.876571191
41547928 368.566748366
41542710 369.282632944
41540234 369.984823168
41533031 370.713752778
41529340 371.394567942
41528655 372.787073313
41527271 373.491070432
41524661 374.215219605
41517457 374.920127771
41516956 375.623712791
41512644 376.311921137
41511930 376.990105884
41510363 377.711288732
41507714 378.43827652
41505993 379.15321432
41499157 379.869373798
41497096 380.57904201
41495859 381.31488067
41494433 382.024150791
41490291 382.732813834
41482938 383.442109089
41479847 384.16106577
41477669 384.909460453
41457833 385.662091813
41455045 386.389491357
41448706 387.074820287
41447358 387.764457722
41445075 388.478745233
41443318 389.185529691
41440757 389.932213747
41438814 390.632181642
41436993 391.34901623
41435067 392.058549501
41430764 392.785297928
41428437 393.517948136
41418861 394.250882205
41417750 394.968319605
41416506 395.722550225
41409430 396.432291927
41406975 397.155560953
41405432 397.880930324
41397724 398.603471105
41396249 399.310773523
41390400 400.022507142
41389291 401.486714158
41387888 402.201627527
41386084 402.910651987
41381194 403.636343442
41376741 404.362309261
41373485 405.064737266
41366864 405.795943906
41360394 406.490040164
41358682 407.218027168
41355934 407.94565412
41349104 408.660025224
41345066 409.366315654
41342938 410.075195703
41341560 410.768016469
41332284 411.49946316
41330133 412.206593538
41328924 412.900301075
41327668 413.604881143
41323631 414.31564287
41318531 415.039890983
41318080 415.764862534
41313959 416.443499731
41311977 417.134307941
41306698 417.821379534
41305916 418.53054049
41302116 419.215198295
41301131 419.908147521
41292255 420.617896165
41290696 421.324259336
41289203 422.038537649
41285980 422.734248184
41284809 423.39677069
41283881 424.112689872
41281637 424.797747299
41279155 425.50785947
41278675 426.187255598
41277172 426.871555719
41276347 427.566068193
41271735 428.254931098
41270506 428.943151951
41269198 429.653878967
41261780 430.351202453
41259251 431.05876265
41257452 431.729090981
41256292 432.413758281
41246080 433.09005182
41240444 433.779486448
41236615 434.486880635
41235115 435.198040671
41231745 435.898728694
41230713 436.58584147
41229932 437.297471286
41229175 438.029021528
41226564 438.712914532
41224499 439.390294571
41223293 440.081319956
41220297 440.789248437
41206414 441.467317357
41205003 442.147542185
41204247 442.826847875
41202858 443.522955846
41201394 444.241020921
41199024 444.934914795
41193405 445.610310495
41190449 446.292094014
41184831 446.979187992
41184567 447.645567423
41179797 448.298581805
41177016 448.982641976
41173362 449.643464888
41171225 450.314676736
41169540 450.994378609
41165569 451.670944816
41163033 452.380248871
41160929 453.039464133
41159053 453.711289576
41153116 454.372589273
41151453 455.024949866
41147551 455.69986812
41146921 456.345435457
41145582 457.026047625
41144472 457.691683493
41141867 458.386265853
41131664 459.025776728
41128046 459.709121375
41125826 460.368315751
41125200 461.033219489
41124111 461.692407597
41121882 462.335652903
41119602 462.990803048
41119039 463.675886666
41115097 464.35603019
41113702 465.019143339
41109354 465.677497678
41108036 466.316030737
41105209 466.967935636
41102842 467.637994215
41101914 468.275648307
41094390 468.939470688
41093126 469.600532294
41092297 470.268877909
41088369 470.901791529
41087869 471.553849909
41086826 472.22220465
41083680 472.872996254
41077272 473.53544585
41076593 474.19122515
41074016 474.8435629
41072854 475.496990043
41068602 476.170176437
41067860 476.828141232
41064372 477.473442525
41059916 478.148777033
41056762 478.791243816
41054618 479.437404775
41052513 480.089960846
41049895 480.737219619
41048828 481.399998634
41047457 482.032970934
41043208 482.682123267
41042308 483.316766177
41040235 483.968159876
41032488 484.618271145
41031013 485.278541366
41024031 485.944930285
41023591 486.588494809
41020413 487.236902542
41020299 487.882847871
41017464 488.520569563
41013990 489.178351436
41009947 489.778829693
41009150 490.416523979
41002305 491.066439677
40999597 491.703480009
40998819 492.342129018
40996111 492.979443121
40994326 493.619733187
40992523 494.262741746
40990576 494.886433058
40989573 495.50668073
40988390 496.170072292
40987344 496.796115133
40981480 497.417669322
40978982 498.029417164
40972027 498.665014162
40970712 499.28940356
40968411 499.902239511
40960263 500.508986932
40960112 501.129360673
40959112 501.76386167
40957035 963.951315851
40954586 964.593086965
40954004 965.220872307
40951904 1425.555558846
40948474 1426.149836361
40946055 1426.753932758
40940620 1427.32760034
40940523 1883.728978638
40937735 1884.345580363
40936521 1884.960341483
40933095 1885.571901065
40931926 1886.182889356
40928365 1886.795894466
40925874 1887.396034099
40925292 1887.993027181
40924354 1888.599769846
