22583492 13.239021044
22363611 13.606267112
22291165 13.856189742
22188079 14.109303087
22160217 14.353638861
22139316 14.612163259
22092505 14.865030098
22086051 15.119777233
21879760 15.342974044
21877352 15.586954825
21869105 15.817470839
21850115 16.057067041
21801348 16.289103866
21789766 16.529026662
21785035 16.763007721
21781589 17.006438428
21767665 17.224211294
21749399 17.459896527
21739785 17.681845717
21733100 17.929054105
21645614 18.139390632
21636599 18.357845445
21622038 18.578637812
21608419 18.794913344
21595402 19.014905851
21590976 19.227376479
21586582 19.441977915
21578065 19.669422929
21562254 19.877658424
21539673 20.088526201
21525076 20.304061675
21521449 20.500286401
21517621 20.71088434
21501807 20.91172245
21498650 21.127159766
21494447 21.331654213
21492419 21.547701371
21482968 21.748901716
21455002 21.958431284
21451513 22.155359902
21424522 22.364127562
21422529 22.565364918
21397110 22.767252194
21390985 22.967819186
21389932 23.164018534
21380994 23.367606325
21374601 23.571129234
21369796 23.779364013
21364641 23.97024811
21358053 24.166174756
21348377 24.361009383
21345966 24.56300187
21336215 24.764631672
21333877 24.950661414
21327237 25.151573173
21326309 25.345426122
21296245 25.545545972
21288722 25.740399221
21285072 25.939308206
21280188 26.133110557
21278167 26.321523478
21259120 26.494629451
21257168 26.666702915
21252491 26.848727445
21228343 27.020454102
21224228 27.188171018
21217050 27.364698077
21215183 27.532317174
21209739 27.707076387
21204717 27.878372814
21201551 28.041409345
21200381 28.217602079
21199855 28.378305121
21196723 28.555957554
21185168 28.722081413
21182777 28.889114787
21170117 29.061275196
21168030 29.226278748
21161457 29.398837511
21152305 29.565686171
21150284 29.730305676
21146846 29.899681603
21141763 30.061167412
21136369 30.230324084
21127661 30.393791748
21125548 30.552837212
21120110 30.718446689
21096588 30.882933861
21083690 31.050550069
21073480 31.216191043
21067956 31.38346855
21066544 31.549659148
21065703 31.706560089
21054458 32.032462426
21048288 32.194434227
21041494 32.351390218
21039421 32.506864822
21032146 32.67101177
21030491 32.823237159
21030021 32.978658015
21027575 33.146685399
21022017 33.295505736
21018342 33.449529296
21010007 33.608042219
21006523 33.758928049
21005947 33.91481483
21003276 34.079160733
21000820 34.239366562
20997297 34.409280278
20995210 34.567044214
20992222 34.72684963
20989292 34.893878077
20987091 35.050102684
20982837 35.207440674
20974623 35.368515045
20970132 35.529902354
20963687 35.68651527
20953352 35.845460172
20952091 36.002570509
20947701 36.158513024
20943145 36.319399369
20941643 36.474544505
20937942 36.623789392
20931362 36.78181124
20927675 36.937693501
20923526 37.098912078
20911689 37.254220833
20902241 37.406337928
20900634 37.565937542
20896631 37.716213313
20894001 37.867034447
20893153 38.023363115
20892237 38.170723674
20889743 38.32083813
20884996 38.477646125
20883304 38.628528462
20880876 38.77148614
20878544 38.92295678
20872870 39.069426487
20865176 39.210810799
20860301 39.351617541
20859801 39.499498902
20853279 39.642799084
20852501 39.788165051
20851990 39.933692194
20849428 40.071653376
20847890 40.210619839
20845334 40.354021687
20839731 40.633848105
20839102 40.783939099
20837855 40.922050547
20836534 41.054490904
20836000 41.198487654
20835645 41.336258698
20834852 41.470888377
20832106 41.603714994
20828313 41.74506307
20827517 41.879938273
20826227 42.009923572
20825493 42.144623304
20824524 42.282232218
20822521 42.413066658
20820971 42.544252961
20819112 42.680513382
20818395 42.808697859
20817819 42.934711669
20816397 43.066805884
20813482 43.199487556
20811701 43.328011367
20809949 43.45234897
20808885 43.585439804
20807917 43.713335915
20805724 43.83965665
20805568 43.965238285
20801794 44.09934559
20801544 44.228190717
20801027 44.35105252
20798644 44.475870226
20798082 44.601675638
20796818 44.722772464
20796584 44.843223442
20795825 44.96987258
20793217 45.096667739
20789594 45.2167774
20789456 45.332711585
20788983 45.453985633
20788880 45.578900239
20787116 45.698198157
20786003 45.813325966
20785127 45.937654711
20784998 46.05909765
20783288 46.171271199
20781130 46.286592828
20780331 46.405749211
20778510 46.524975648
20777226 46.639250941
20776824 46.753462099
20776663 46.873733179
20774299 46.99039271
20772338 47.102197967
20772041 47.219722775
20771552 47.338586416
20771053 47.449153739
20770810 47.561587808
20770323 47.680396905
20770263 47.795229753
20769401 48.011818162
20768813 48.126666308
20767739 48.241793987
20767398 48.457878999
20766976 48.56902873
20766240 48.679458471
20765738 48.788515812
20764754 48.89621704
20764108 49.010497766
20763787 49.115905637
20763172 49.21882992
20762633 49.440185199
20762196 49.649729019
20761691 49.756018544
20760708 49.971210375
20760170 50.073768174
20759897 50.182696877
20759099 50.289809488
20758622 50.395773548
20758393 50.499441657
20757854 50.604204134
20757657 50.71945438
20757618 50.924217101
20757411 51.023521272
20756390 51.236271866
20756193 51.548568521
20756099 51.648898268
20755450 51.746984373
20755314 51.847702264
20755052 52.062813904
20754882 52.160611838
20754597 52.259214472
20754486 52.360226565
20754307 52.468006346
20753918 52.568702685
20753782 52.664307089
20753701 52.768869639
20753167 52.875596769
20753100 53.171339454
20752987 53.475179473
20752887 53.570545253
20752798 53.8790396
20752698 53.975283236
20752221 54.177471625
20751796 54.276082774
20751751 54.570871476
20751554 54.775142994
20751446 54.967314553
20751295 55.066207227
20751198 55.164662381
20751093 55.261628059
20751015 55.35521587
20750946 55.45535953
20750842 55.5556619
20750768 55.656920175
20750440 55.94594733
20750374 56.239532303
20750269 56.54101662
20750265 56.828681017
20750223 56.929395256
20750070 57.023538628
20750014 57.2124992
20749976 57.311379243
20749953 57.601974515
20749865 57.695614471
20749697 58.280077169
20749300 61.268272376
20748964 61.552789042
20748557 61.736908662
20748540 62.658285497
20748523 64.126219477
20748300 65.335934279
20748283 65.427252272
20747649 67.173481382
20747637 133.491996231
20747254 133.877713833
20747140 135.366635914
20746639 135.458640246
20745684 138.148804646
20745314 138.426709649
20745132 138.622738061
20745016 141.28535378
20744967 146.303416772
20744670 148.618681891
20744532 205.3229757
20744308 205.524248301
20744167 205.632931968
20744100 205.73190019
20743830 205.832794422
20743770 205.931884876
20743747 206.142582015
20743659 206.757673511
20743341 206.863155782
20743295 207.374998186
20743278 207.663687202
20743110 207.762704854
20742922 208.060983009
20742587 208.155525967
20742570 208.253206422
20742532 208.358306685
20742423 209.88461379
20742176 210.267720773
20742160 211.312766328
