7691056 0.837076903
7667781 0.971385528
7652663 1.020702423
7644822 1.065995261
7619217 1.106142585
7602161 1.142097532
7596362 1.178473851
7593610 1.210148123
7586878 1.242290239
7578631 1.2742324
7572717 1.305863902
7564584 1.336152586
7556143 1.366839935
7552570 1.396971902
7546674 1.427804998
7538737 1.458340098
7535173 1.488683999
7531466 1.51888489
7518241 1.548781611
7508188 1.578003612
7507271 1.607775907
7502647 1.635872839
7500301 1.66321729
7499499 1.691613895
7495003 1.71986454
7491348 1.747492874
7490591 1.776073085
7490181 1.804413425
7488965 1.831754484
7483729 1.85765997
7478176 1.884043866
7473942 1.936045384
7469899 1.962281931
7466843 1.98825965
7464823 2.013519829
7464515 2.041697806
7461368 2.06954572
7459489 2.096070568
7459012 2.120246601
7458667 2.143255536
7456904 2.190286049
7456427 2.212873023
7455618 2.234588859
7453929 2.255654245
7451501 2.27618693
7450755 2.335627008
