49203795 223.409202926
49201925 224.263647838
49199441 225.070979047
48905224 225.905095017
48898078 226.710311558
48893616 227.491683546
48889517 228.276458985
48861533 229.035831665
48857264 229.808754178
48492303 230.560995469
48409886 231.327338087
48343202 232.115503836
48336988 232.882373888
48334680 233.676579313
48331616 234.445960189
48329559 235.216043595
48298215 235.978142538
48297152 236.742402043
48290441 237.53759828
48286905 238.313554691
48207179 239.096534156
48199475 239.890791831
48173252 240.666238949
48115941 241.474442465
47881552 242.238502488
47878173 243.03305675
47870472 243.782794941
47866229 244.545222898
47863952 245.291483659
47862090 246.050494549
47859645 246.800465178
47855747 247.590528854
47448160 248.352838848
47447515 249.097677818
47444900 249.867810554
47443329 250.639608227
47442184 251.369351066
47438955 252.112752442
47433831 252.88447426
47432885 253.64617871
47429123 254.386629005
47423857 255.137980448
47405881 255.89364996
47401559 256.634180996
47385405 257.402133129
47380083 258.146825183
47295085 258.899161262
47289188 259.652103238
47283417 260.383269628
47279271 261.138482092
47265229 261.900899286
47261536 262.66364465
47260918 263.401244561
47257736 264.18975651
47212113 264.93506343
47177241 265.648910185
47174735 266.402319749
47162707 267.167426035
47161088 267.928583286
47159275 268.662506519
47155101 269.406653714
47152815 270.175644984
47092557 270.916362543
47077778 271.642472574
47075169 272.380332779
47058694 273.114664587
47054478 273.853782794
47053376 274.594301137
47038472 275.345114836
47037239 276.113890773
47009207 276.863772125
47007986 277.590114285
47002491 278.31347925
47001044 279.038305525
46975677 279.767166382
46964874 280.519773631
46930753 281.273141985
46926486 282.028994444
46914371 282.811543954
46905031 283.564299028
46893627 284.352041005
46817217 285.121863217
46815566 285.891765362
46813763 286.646434929
46739169 287.390050015
46735402 288.161776848
46725124 288.917166519
46704630 289.675991544
46701802 290.419964948
46699096 291.170867285
46695702 291.9555045
46694258 292.719898402
46691369 293.478783182
46639049 294.259736891
46634784 295.012209274
46616653 295.77901564
46612563 296.521190946
46609273 297.276440114
46598304 298.041937821
46595200 298.80027781
46531202 299.549343053
46529271 300.335159272
46527743 301.088485208
46526448 301.88135455
46524780 302.635949641
46519888 303.381275252
46514932 304.117784319
46330630 304.899767478
46329709 305.642868771
46325236 306.383538504
46322561 307.153393583
46318764 307.917128833
46316795 308.668731449
46247347 309.429891605
46244782 310.208606558
46240264 310.945419196
46207093 311.690558843
46202621 312.451175175
46201998 313.192157852
46199747 313.923971523
46197291 314.711064435
46186233 315.48848385
46183715 316.240464919
46181595 316.978670518
46180357 317.7509862
46177392 318.510012296
46176591 319.262583952
46170949 320.018782927
46170372 320.781365362
46163977 321.508954455
46159287 322.276107619
46152427 323.03569111
46144505 323.762547644
46142950 324.529219841
46125982 325.299804911
46123955 326.059346531
46114819 326.844729169
46111683 327.577662615
46106996 328.35259459
46098479 329.117505554
46096886 329.903271133
46008206 330.648416055
46004867 331.408585802
46003291 332.191506632
45998985 332.94881463
45988440 333.691657356
45987066 334.433665149
45971805 335.167648091
45970619 335.947409312
45966588 336.71104409
45963349 337.465168185
45956182 338.243573917
45950016 339.018307626
45946132 339.767649821
45943589 340.486801631
45939838 341.229962127
45935876 341.984238882
45924565 342.727036668
45920637 343.443711337
45918236 344.166720619
45917090 344.942877652
45914081 345.71754531
45911245 346.463319014
45858569 347.238497815
45856257 347.962332323
45846765 348.716913382
45843106 349.461203835
45842332 350.210622002
45840366 350.989213283
45831986 351.710790112
45754441 352.449549555
45751924 353.206348467
45745443 353.999856143
45737849 354.742936627
45735091 355.489093561
45733968 356.233799134
45728321 356.989468984
45727240 357.717951668
45724300 358.467844675
45720274 359.20724642
45717434 359.946062221
45715350 360.679015548
45712807 361.431115038
45710614 362.171987574
45708950 362.897120902
45707458 363.65691181
45706833 364.366518661
45700671 365.098801544
45696669 365.868989777
45694298 366.621195701
45690473 367.356364909
45686157 368.10298248
45681736 368.854527563
45630909 369.617789625
45629423 370.375688735
45623776 371.150081466
45621746 371.925967859
45615984 372.696262334
45605520 373.451359934
45600697 374.212068922
45598963 374.952549071
45597772 375.690294889
45595547 376.466864677
45592951 377.212903836
45586717 377.932182986
45580452 378.676489954
45579563 379.411188214
45578101 380.136842383
45577115 380.893871475
45573552 381.6603512
45572125 382.412500821
45493431 383.196923582
45491109 383.971883529
45488366 384.720741031
45485898 385.448960798
45483209 386.207904183
45482150 386.965339405
45477803 387.724312252
45474944 388.505615692
45473902 389.29368239
45469982 390.054738211
45468835 390.798941008
45467467 391.551307184
45460516 392.288134224
45459639 393.033251567
45457536 393.805053433
45456667 394.539072031
45455278 395.338162882
45454426 396.088116171
45452856 396.830591383
45450391 397.584329373
45447926 398.363077241
45445757 399.881531092
45444560 400.667253742
45442903 401.420665921
45438701 402.160985294
45435218 402.92983861
45427941 403.682316567
45417782 404.426863853
45417445 405.194455921
45414846 405.95348763
45409931 406.738800112
45408224 407.497230276
45404706 408.254265322
45399823 409.001827036
45394350 409.758816353
45390387 410.529813074
45388067 411.276044231
45385672 412.016821078
45382201 412.75831933
45378344 413.543514212
45374305 414.283615046
45372729 415.055751019
45371913 415.79810441
45308328 416.556319449
45307983 417.303613666
45307583 418.056208747
45305776 418.819193072
45302169 419.532304322
45298007 420.282565284
45296359 421.020249176
45289305 421.773198094
45284996 422.533880653
45284100 423.279112523
45283150 424.77484837
45279696 425.543284759
45274027 426.289479536
45269967 427.035826058
45268412 427.800664482
45266208 428.568824195
45264073 429.31815169
45262898 430.076805589
45262054 430.826232728
45258865 431.593823247
45255568 432.337026807
45233655 433.103930217
45229030 433.862167927
45223413 434.626469393
45214837 435.356709941
45214101 436.12901338
45212200 436.861510476
45209359 437.634660166
45204191 438.38038404
45203307 439.183466635
45199172 439.928358746
45195838 440.71341931
45194561 441.481135257
45191288 442.240706875
45157032 442.964922695
45153357 443.738769641
45143936 444.500702044
45141785 445.249984729
45139375 446.023151163
45136074 446.782313492
45130375 447.538056113
45128730 448.269910909
45127352 449.038381147
45125868 449.78186499
45122373 450.547441889
45121695 451.290851368
45120892 452.069663097
45118690 452.829020194
45115822 453.585734549
45109757 454.338567174
45108182 455.075094187
45100593 455.821377387
45097706 456.575947934
45089608 457.327399973
45083031 458.08020275
45074548 458.842897563
45072901 459.571790567
45070654 460.329898427
45069337 461.116242094
45068423 461.87632313
45066165 462.627924499
45063196 463.369623816
45060211 464.112582241
45057096 464.881095307
45053946 465.655457205
45053262 466.387954974
45049963 467.142482066
45046994 467.891945401
45043675 468.664954093
45042859 469.412587326
45040927 470.196819472
45038670 470.964393006
45037171 471.726933972
45010406 472.457436545
45009448 473.244781292
45007043 473.982924737
44999229 474.758348218
44997980 475.524097182
44994696 476.310849431
44991976 477.070531957
44985022 477.803038756
44982986 478.556372354
44978131 479.335216757
44976557 480.114443448
44947871 480.870760438
44946040 481.621535715
44943352 482.395107604
44935855 483.155171204
44926495 483.951424651
44919971 484.756556862
44912372 485.534498615
44911057 486.299471494
44910481 487.090081269
44907559 487.800886967
44906252 488.580468132
44900949 489.337605275
44899749 490.101052287
44889258 490.836411238
44882727 491.626481011
44879561 492.399586745
44877572 493.17509304
44875670 493.917109022
44871683 494.676224302
44871233 495.435844439
44864209 496.223879374
44860616 496.987279114
44860195 497.739233489
44859455 498.521190957
44857539 499.292920456
44854408 500.069833279
44850690 500.829406571
44849374 501.580909205
44848676 502.353828378
44845879 503.175184193
44845295 503.956038423
44843937 504.754941868
44840330 505.506290664
44839315 506.242746174
44836720 507.016400727
44835279 507.772204418
44832520 508.522580179
44830978 509.322708167
44829146 510.090864409
44825927 510.86643437
44824761 511.646812926
44822984 512.409015409
44820238 513.179725017
44818641 513.960902911
44818124 514.737145763
44817448 515.548596953
44814743 516.357570131
44813616 517.114458129
44810646 517.889841054
44808222 518.649275913
44805994 519.396986932
44804662 520.135781101
44802461 520.852070675
44800870 521.614049053
44800557 522.399179808
44797824 523.180785694
44796597 523.924936561
44784780 524.698707929
44781758 525.46131637
44780517 526.208803472
44777043 526.98436481
44773412 527.778825735
44771122 528.533907968
44769311 529.304647547
44768518 530.077326901
44766830 530.862031032
44765557 531.655181945
44764798 532.443564283
44761538 533.186535264
44758610 533.97701506
44755648 534.762951609
44744354 535.514482739
44740409 536.291356226
44735245 537.067279236
44732695 537.817610936
44728803 538.619922495
44724713 539.404702943
44722928 540.195055441
44721043 540.986167904
44719887 541.77417151
44718895 542.542842546
44716871 543.322075654
44712962 544.098813572
44710745 544.887221158
44704712 545.670590071
44703355 546.436429663
44701812 547.224466599
44693810 548.028359827
44677808 548.833748018
44677039 549.655843944
44675041 550.453981579
44671176 551.247791663
44668164 552.001728583
44667147 552.76810875
44664828 553.538974756
44662002 554.325255813
44660036 555.09779835
44656400 555.872071643
44655117 556.664613199
44653398 557.420780928
44647319 558.24316981
44642381 559.06374696
44638834 559.852546897
44637027 560.668731868
44634535 561.462509732
44634094 562.247154082
44631975 563.029960386
44630661 563.785992677
44630124 564.58511187
44629773 565.39365263
44628395 566.170603919
44617258 566.9347633
44612682 567.746536199
44612279 568.532462865
44610557 569.308434278
44610258 570.07332217
44609194 570.869472921
44608546 571.652533068
44604425 572.432009947
44603841 573.216197119
44597505 574.010177152
44595085 574.786775786
44593233 575.599068379
44592938 576.398417492
44592257 577.194053646
44591673 577.979231262
44588509 578.767562438
44587131 579.595292949
44584713 580.37992994
44583574 581.16603601
44579882 581.988322668
44573267 582.792198898
44543567 583.586572892
44540183 584.365859828
44539260 585.138536134
44535687 585.932888104
44534585 586.754117148
44533882 587.527877183
44530453 588.322302634
44524841 589.117449469
44524570 589.905756732
44524123 590.717954077
44520606 591.515736315
44519273 592.296353752
44516774 593.085135299
44515171 593.884024428
44513616 594.649691701
44511825 595.480049061
44507075 596.25011546
44501679 597.024221767
44500790 597.856514234
44499588 598.650767098
44498546 599.427326391
44496408 600.190962761
44494603 600.983378913
44489726 601.829026502
44486522 602.640995876
44480886 603.423092677
44478895 604.21045876
44476518 604.976325226
44473965 605.762400064
44473362 1141.463558322
44472415 1142.235287823
44471555 1143.009021374
44465416 1143.768832408
44461496 1144.485585655
44458576 1145.254235389
44453514 1146.004494296
44452915 1146.764467336
44449415 1147.510108387
44448142 1148.254763442
44447838 1149.003557007
44447164 1149.751942856
44443244 1150.506808347
44441515 1151.258374003
44437528 1152.020019171
44432579 1152.742943499
