17655749 5.286499547
17501741 5.572036222
17452457 5.718345629
17434843 5.887266171
17296597 6.033601292
17277408 6.170525231
17272728 6.301183943
17264691 6.433985446
17254920 6.561052741
17251130 6.694781553
17247706 6.828495317
17232511 6.957265533
17191627 7.07990367
17182115 7.201628648
17165609 7.319930053
17153623 7.43744472
17144023 7.553297398
17137709 7.669251687
17125317 7.78522775
17121075 7.899081243
17097286 8.011943801
17092132 8.120462705
17086161 8.227461937
17078930 8.336901045
17068886 8.445274208
17063723 8.553029573
17060960 8.659557587
17055890 8.766718521
16999156 8.872575407
16993419 8.981593643
16988570 9.087173134
16977314 9.194101234
16957608 9.299609131
16952340 9.403559516
16929570 9.507206682
16925052 9.611761661
16918325 9.717011673
16910373 9.82001919
16901735 9.924223067
16899437 10.025107181
16889892 10.126225459
16888087 10.228908296
16883742 10.331404152
16871904 10.434199887
16869060 10.536220391
16865051 10.644020677
16855474 10.747126071
16850189 10.846623798
16846244 10.946955304
16840569 11.047005627
16823177 11.145517788
16820895 11.243496584
16814358 11.34199118
16809812 11.439912314
16808373 11.537859942
16805291 11.635338395
16799656 11.733503754
16797504 11.832389419
16796797 11.927893452
16792227 12.022162947
16782497 12.116314808
16776537 12.209955822
16775261 12.303679107
16772451 12.397246729
16761897 12.490505873
16757042 12.584527653
16750484 12.6764952
16746981 12.77165508
16745436 12.86524767
16742059 12.95701968
16736774 13.050874461
16730225 13.142866473
16712395 13.234255906
16706934 13.326833914
16701938 13.417647854
16700541 13.507863118
16684829 13.60343214
16684139 13.691473942
16681549 13.779307903
16678050 13.865599939
16672776 13.952770466
16669827 14.039832571
16666954 14.126591845
16663219 14.211666707
16662016 14.29937431
16660879 14.384407863
16659212 14.469474674
16658232 14.554635075
16654322 14.634981743
16652506 14.718132711
16649451 14.799238275
16646162 14.881022182
16633640 14.962253756
16631519 15.042570352
16630308 15.121725842
16628735 15.201311285
16627244 15.280454103
16625981 15.358187658
16623719 15.434750569
16623057 15.512253144
16620678 15.589524267
16618810 15.666346984
16617302 15.741928526
16614859 15.816161335
16613605 15.89000499
16612243 15.963345327
16611142 16.036634239
16610743 16.10915287
16608988 16.25166845
16608103 16.322491933
16604232 16.393091186
16603640 16.473401074
16602698 16.54230693
16598995 16.611688705
16595792 16.681133343
16593319 16.749203212
16593041 16.815919394
16591306 16.883777081
16590731 17.016661183
16589822 17.081583394
16588898 17.146212198
16587507 17.210824524
16587317 17.275117019
16587008 17.338291608
16586530 17.402696588
16586118 17.46592241
16585780 17.52859043
16585287 17.709798997
16584545 17.77019239
16583384 17.830898184
16582905 17.890659539
16582734 17.949966607
16581281 18.00888078
16580884 18.066203036
16580617 18.123359554
16579540 18.179431653
16579445 18.236821312
16579274 18.404579059
16578776 18.460548628
16578391 18.571366959
16577775 18.625821916
16577600 18.679825248
16577419 18.733471368
16576612 18.78660194
16576459 18.839846981
16575126 18.892786372
16574633 18.945378416
16574408 19.049802809
16574377 19.100040173
16573902 19.1506535
16573879 19.201170465
16573370 19.300512236
16572329 19.349294078
16572280 19.398539867
16572245 19.494986325
16572241 19.589725942
16572197 19.637714231
16572123 19.780765567
16571998 19.87380676
16571993 19.966329406
16571960 20.012529023
16571807 20.059281371
16571763 20.23936293
