50978497 264.080275004
50935978 265.031344776
50581885 265.873467217
50497527 266.740944349
50495879 267.58708841
50057922 268.434694112
50048602 269.268354472
50045357 270.08590957
50039323 270.916256598
50035140 271.754091194
50026213 272.609780935
50016930 273.440032473
50011247 274.28410322
49784348 275.088631139
49780296 275.912782615
49713274 276.734689134
49707191 277.533493397
49704401 278.348043028
49701637 279.157168217
49692574 279.981245353
49452056 280.813197429
49449347 281.617350403
49441121 282.424499521
49435779 283.251408673
49432801 284.061023154
49424313 284.868304176
49419357 285.716934561
49395314 286.557450327
49280289 287.399828398
49275445 288.260364818
49272692 289.056409925
49191155 289.881943181
49150467 290.690851718
49004731 291.500652289
48975871 292.331119151
48959256 293.145141381
48955171 293.939684235
48949563 294.746764934
48946945 295.57015546
48944102 296.365100704
48941981 297.156767869
48938074 297.96109825
48930005 298.767607121
48865140 299.563766894
48858711 300.374319181
48855187 301.181887047
48839153 301.970475183
48836412 302.811068265
48736413 303.607979512
48733131 304.40616123
48721187 305.211314219
48719190 306.026992731
48709424 306.860421644
48700613 307.66942881
48664083 308.495672775
48600825 309.304502146
48595811 310.087636847
48593574 310.876402906
48502013 311.722641626
48392168 312.52477504
48390423 313.342948655
48389531 314.143515561
48368846 314.938172129
48360481 315.758395759
48352799 316.559812752
48349476 317.357884384
48313613 318.164250552
48309797 318.975710339
48307535 319.753107496
48038412 320.563359798
48023411 321.356351125
48000806 322.196755836
47996855 323.019213231
47994043 323.806466474
47972792 324.59989085
47965101 325.388403212
47958634 326.175253458
47954339 326.962014214
47948287 327.760791491
47944901 328.56756354
47868853 329.356228786
47863609 330.15220075
47848650 330.956555065
47848152 331.787531982
47846921 332.581679953
47842260 333.383666521
47837213 334.169612941
47835248 334.976865355
47830723 335.763273809
47817917 336.530257422
47814843 337.339224812
47813017 338.135797981
47727186 338.945280309
47715146 339.75334336
47706191 340.560514756
47704641 341.355253889
47701376 342.158699504
47700253 342.967397685
47685950 343.753820529
47678327 344.581600817
47676759 345.387986116
47671581 346.186620473
47669056 346.974399743
47665583 347.758557232
47660068 348.552262844
47656772 349.334256232
47651721 350.12248771
47646498 350.927423007
47644332 351.706807045
47640866 352.491537623
47632253 353.276364018
47629579 354.07303196
47622640 355.676561351
47619807 356.480267474
47616316 357.284520467
47448713 358.063495845
47443051 358.855085094
47439644 359.659159448
47436436 360.456811455
47381708 361.272259863
47374737 362.036125568
47370872 362.835502499
47367761 363.659912721
47366158 364.446449269
47359628 365.237105833
47352558 366.029405948
47350782 366.81203314
47348647 367.597955277
47346611 368.397499481
47339138 369.209298395
47336617 369.997885372
47334443 370.757225092
47330904 371.541517252
47327397 372.338108112
47322459 373.117314419
47321966 373.910604457
47319562 374.685148767
47315174 375.469889625
47314117 376.284376415
47310950 377.089949612
47307801 377.887059664
47305409 378.671869993
47302218 379.475225906
47297922 380.263736476
47281202 381.059486963
47266968 381.843645149
47232432 382.627964172
47225768 383.40370497
47221341 384.173382276
47217550 384.956825513
47216081 385.746555498
47213830 386.542333642
47210122 387.3368886
47209179 388.113259618
47207263 388.901179334
47202288 389.713205969
47201097 390.470664617
47197559 391.243883841
47185765 392.050017299
47184322 392.849610707
47180426 393.632944947
47175866 394.402257001
47174260 395.178056442
47168828 395.947217198
47166159 396.735191601
47162428 397.505120055
47150234 398.296994768
47146168 399.078833993
47143625 399.870186392
47138675 400.654079083
47137230 401.407179108
47135932 402.190042516
47118606 402.996215876
47111269 403.774051266
47087218 404.545810931
47083367 405.309672839
47072561 406.090084199
47070003 406.861025528
47068443 407.649755351
47066246 408.441540123
47064659 409.212175416
47040182 409.998146453
47036967 410.764823524
47034771 411.528207088
47033752 412.295899942
47032614 413.06787393
47027417 413.863480273
47023130 414.635770759
47014433 415.423803367
47008647 416.198340929
47007393 416.959793033
47006004 417.752319182
46997999 418.528563826
46991358 419.293040678
46987089 420.070478411
46984146 420.830512867
46980429 421.601126245
46978953 422.373611478
46974950 423.133133331
46971109 423.904412706
46966899 424.702704998
46963659 425.506753481
46959774 426.275760537
46901215 427.047740828
46892253 427.806544976
46888704 428.558580742
46888118 429.336263498
46883440 430.113977727
46882685 430.914359905
46878034 431.718274503
46874531 432.487154462
46872567 433.267319484
46869118 434.044673428
46862321 434.827473647
46856565 435.605435294
46853214 436.389395878
46849396 437.13981639
46790142 437.903288739
46789120 438.648390962
46788169 439.442069326
46787763 440.236139232
46784249 441.015994163
46781855 441.801753609
46779700 442.589856809
46772669 443.355443585
46769518 444.153426275
46767012 444.943199888
46763479 445.710553367
46760117 446.50776803
46759598 447.300160785
46756920 448.108386538
46753051 448.890620619
46751395 449.69929101
46749263 450.489326305
46748305 451.255405495
46741814 452.055757721
46737793 452.852002163
46736866 453.600194946
46732439 454.424782384
46701457 455.259104123
46696452 456.074693996
46693715 456.870878372
46688449 457.629157366
46686181 458.409939822
46682446 459.210715263
46675488 460.049615902
46672676 460.827683932
46669486 461.62288132
46666076 462.424954441
46665295 463.181670413
46661172 463.971954164
46658912 464.747079495
46655416 465.535090729
46652581 466.339073892
46649186 467.134400476
46646762 467.941034648
46643942 468.727742391
46643397 469.516749519
46641596 470.302300656
46636561 471.090006993
46635445 471.885261529
46632551 472.6986845
46631543 473.51850787
46628548 474.323919843
46627150 475.106916065
46624614 475.881590162
46621973 476.696579744
46620821 477.517165456
46619201 478.293996113
46617938 479.109127098
46616578 479.924496641
46603031 480.709445999
46597748 481.511222018
46595517 482.306377003
46591126 483.093027767
46589264 483.888122376
46588733 484.668728692
46561553 486.258928266
46558657 487.054133413
46556886 487.848124799
46555259 488.626067607
46554902 489.427285968
46553188 490.239449695
46549826 491.02295589
46546407 491.835763914
46508709 492.652593775
46507387 493.436948905
46502553 494.223771674
46497783 495.016651391
46495581 495.778209911
46488620 496.587603415
46483018 497.36018062
46478966 498.159381325
46477145 499.005404316
46476180 499.825189851
46475218 500.61095382
46474887 501.383509834
46474085 502.19528884
46473344 503.007384133
46472060 503.799830066
46462218 504.612478578
46452921 505.400523847
46450398 506.215509337
46450023 507.010490268
46448877 507.80240859
46447639 508.625491739
46446019 509.441480907
46445233 510.268490369
46444550 511.087342508
46443487 511.869499511
46442576 512.658930762
46440708 513.487008097
46436391 514.262298544
46414552 515.061154137
46412187 515.827388078
46411205 516.631387934
46407335 517.435626492
46406241 518.261375507
46402098 519.050823384
46394119 519.858897048
46393752 520.678969863
46392208 521.464566051
46390960 522.246950821
46387391 523.071737458
46387192 523.877028493
46386644 524.656610224
46382342 525.449970602
46371368 526.261999291
46369473 527.063406927
46363001 527.874224948
46361291 528.699946262
46360277 529.525255828
46359962 530.298733177
46354099 531.114041638
46351848 531.929641168
46349720 532.726774585
46346742 533.543832421
46346046 534.346396637
46339463 535.165825693
46336002 535.995724274
46331233 536.844743795
46321205 537.658895299
46311043 538.464968134
46309513 539.282446452
46307623 540.109698192
46303415 540.927186748
46302265 542.538035767
46296815 543.34212846
46294945 544.152295537
46293943 544.952999751
46291797 545.785132427
46287340 546.61638916
46285361 547.434868613
46282993 548.266739733
46277866 549.043097692
46275664 549.852644864
46274964 550.66446327
46273804 551.474541055
46268537 552.299759221
46266570 553.109799462
46262931 553.923485717
46260088 554.751058051
46257009 555.570855855
46255196 556.43592264
46252509 557.230729364
46251506 558.018530862
46246645 558.839388417
46244939 559.642493567
46244028 560.432208294
46243257 561.230227122
46242353 562.041847914
46241730 562.811248773
46239676 563.644607503
46238794 564.418835369
46229445 565.20238806
46229065 566.022577945
46222611 566.803841076
46221810 567.616167961
46221314 568.432960975
46218910 569.267697889
46217923 570.08245366
46206055 570.90806078
46203459 571.718089116
46197429 572.520544005
46195827 573.317571204
46171370 574.12524306
46169694 574.967851509
46167670 575.801594614
46159720 576.600726203
46155590 577.432535453
46154187 578.26481548
46153862 579.110003877
46144838 579.913154116
46144279 580.73138613
46141527 581.556031031
46140875 582.373129239
46137482 583.163513849
46135992 583.967713987
46135268 584.774244569
46133841 585.590940781
46131955 586.427581432
46130781 587.229645746
46128316 588.058406737
46126505 588.864085193
46125460 589.698933544
46117828 590.493685305
46117201 591.310164047
46115119 592.136528807
46112327 592.920899755
46111870 593.759618829
46109577 594.583989589
46107433 595.390814854
46097624 596.213819466
46090456 597.086953747
46089952 597.930536247
46088244 598.761182965
46086849 599.565757925
46085653 600.412065242
46084730 601.262803147
46084258 602.075793223
46079166 602.88833255
46076983 603.71070457
46075650 604.532822498
46073436 605.358102485
46072232 606.207985525
46071325 607.017608726
46070093 607.848536662
46065571 608.652396052
46060894 609.474854416
46056717 610.289835695
46045704 611.133160814
46040093 611.937903764
46039194 612.742788804
46036142 613.541113002
46033658 614.344296386
46033153 615.136716382
46032701 615.958587413
46032140 616.786097557
46029656 617.589560821
46020049 618.43303225
46016661 619.267638805
46015657 620.118066613
46014283 620.925423987
46005075 621.761924172
46004193 622.608817048
46002918 623.419636086
46000934 624.247610873
45998842 625.097122582
45996865 625.958452454
45994871 626.793984962
45993825 627.632508694
45979051 628.439291211
45972240 629.247698167
45969078 630.056857609
45966787 630.893916817
45964355 631.713240646
45962970 632.545634387
45959314 633.380554608
45954323 634.180410936
45953179 634.97266413
45951487 635.802644549
45949758 636.639957562
45947925 638.282640611
45931199 639.09714481
45927732 639.929655742
45926519 640.760630302
45923443 641.611596437
45922737 642.424568069
45922188 643.279746257
45917078 644.108260961
45915009 644.967330462
45912720 645.804091541
45910393 646.667530806
45909949 647.534650535
45909525 648.387836374
45905464 649.205228283
45903783 650.038816192
45901378 650.862203087
45900274 651.67511429
45898428 652.460059713
45896502 653.331903291
45891436 654.144597252
45889704 654.97205767
45888080 655.783222595
45886330 656.618132779
45885621 657.436640274
45884895 658.279719186
45884114 659.098510739
45883184 659.92245111
45877734 660.760529306
45876886 661.565961938
45870077 662.406204545
45858049 663.281459304
45850959 664.138756966
45847899 664.977218832
45846968 665.799938856
45843024 666.638861822
45841369 1259.613799442
45838758 1260.415000903
45830217 1261.2303528
45829439 1262.052409026
45828217 1262.860332066
45827303 1263.68300753
45822348 1264.511755399
45821618 1265.335763498
45817205 1853.498904677
45816532 1854.285173098
45813073 1855.061506954
45812863 1855.856817635
45812661 1856.676388168
45811845 1857.465193893
45809188 1858.275846381
45808068 1859.080061781
45805482 1859.86353337
45803841 1860.66784201
45801177 1861.451371613
45799468 1862.243079735
45794992 1863.061855424
45792218 1863.855186245
45791614 1864.652429975
45788173 1865.472797811
45787481 1866.284843311
