38682143 84.286279021
38581799 84.921503319
38563185 85.484628162
38560739 86.019685745
38521607 86.551052078
37744343 87.066620081
37739064 87.64280808
37731428 88.177776774
37722848 88.70505863
37710489 89.249115299
37693831 89.77534705
37686635 90.304722225
37654051 90.820394541
37649891 91.337936134
37594823 91.867719941
37044513 92.406533241
37038474 92.943051516
37022750 93.474606021
37016521 93.96356555
37008946 94.480854862
36993898 95.029826191
36988849 95.545553842
36899216 96.07291031
36892310 96.61339222
36888777 97.134363583
36817895 97.649690652
36813029 98.157069151
36807698 98.679014055
36789288 99.20438465
36718278 99.71611505
36659484 100.232700578
36657370 100.736835435
36652134 101.265576417
36642383 101.79179176
36636191 102.317691643
36632927 102.843486697
36627596 103.340928035
36619858 103.871867941
36613703 104.384091949
36612382 104.913964526
36605189 105.439919282
36598144 105.966002154
36591269 106.494557663
36586663 107.022035539
36580504 107.556674132
36570681 108.069253751
36564804 108.581601901
36492143 109.107250765
36484139 109.614790258
36472329 110.128751502
36458547 110.647441827
36429111 111.165965304
36333480 111.70614163
36324839 112.1966899
36321438 112.718492823
36254915 113.238916868
36249656 113.735147386
36243180 114.253350795
36239797 114.764484401
36235773 115.284021018
36215610 115.800134706
36207636 116.332144626
36195868 116.85409452
36194149 117.362810141
36191057 117.900247807
36189378 118.426246547
36184618 118.945977363
36184235 119.471504161
36180944 119.993150555
36165792 120.505274002
36162537 121.022787189
36157428 121.559638285
36152993 122.099390735
36147507 122.606552309
36132000 123.101344823
36127191 123.612758678
36121930 124.14590337
36118895 124.694357748
36100802 125.22285341
36061765 125.759919236
36058328 126.289537132
36052910 126.833794573
36049922 127.38331924
36043761 127.911325556
36036670 128.424407107
35989842 128.940941336
35985594 129.44769001
35984949 129.96328841
35983458 130.501769268
35971710 131.024982158
35946444 131.542726115
35941997 132.058527359
35937421 132.567647034
35936613 133.07887156
35934415 133.589132616
35874765 134.104585108
35866712 134.627944707
35863741 135.153469465
35858968 135.68906223
35856983 136.216736243
35853839 136.754538902
35847248 137.253533997
35794905 137.755046318
35790273 138.27489708
35782619 138.802014633
35779245 139.32073423
35776677 139.833362126
35775236 140.362809587
35769604 140.881632383
35748976 141.414098189
35742917 141.901499733
35738952 142.398879964
35736416 142.890620304
35735260 143.388183105
35729225 143.882994135
35728312 144.391405901
35720560 144.909536411
35718646 145.421436762
35716553 145.929057462
35709095 146.42357561
35697622 146.926249991
35688141 147.419304482
35687383 147.93069386
35683570 148.441569708
35681914 148.962167483
35677422 149.466322736
35666996 149.978630754
35654058 150.489849565
35643258 151.006716092
35641296 151.524278065
35634396 152.05619035
35631590 152.598252759
35630559 153.125982125
35629979 153.635189295
35628512 154.145496818
35623209 154.659079935
35621406 155.179347605
35599261 155.688113799
35596709 156.199441646
35594381 156.700572703
35589447 157.207306225
35588022 157.719188058
35577233 158.22878723
35573665 158.731805182
35563341 159.225915729
35551514 159.723020244
35548140 160.226699896
35543184 160.7332318
35540236 161.219930365
35536856 161.72142969
35514336 162.257284968
35510251 162.779926205
35507100 163.292542813
35506017 163.799273073
35505413 164.320427475
35503439 164.805348602
35501020 165.313791506
35495115 165.806808781
35491788 166.308156176
35487289 166.808176041
35484320 167.297608124
35480410 167.813333778
35452796 168.318974038
35451282 168.811663874
35449886 169.323960918
35441847 169.828063662
35437733 170.328924241
35436599 170.834450866
35434114 171.310939867
35430924 171.812030535
35424727 172.321482829
35421185 172.822074782
35413013 173.313896506
35408575 173.814788415
35402535 174.318367724
35401280 174.824846023
35398870 175.317838916
35388082 175.803787994
35379646 176.297973763
35379330 176.811416122
35378151 177.302995937
35376760 177.801605245
35372579 178.285053432
35371777 178.779975888
35362629 179.258920567
35361761 179.744919297
35360820 180.240995132
35358546 180.727402604
35355193 181.2120021
35338351 181.69634733
35335094 182.186415389
35334046 182.671764062
35331620 183.147097158
35319013 183.648946511
35307675 184.15129835
35302349 184.631408393
35296053 185.111893337
35294291 185.578426455
35291878 186.057466438
35290656 186.532963248
35288562 187.0179427
35287926 187.50562977
35286303 188.004241243
35282255 188.473991758
35280985 188.951398156
35279080 189.453898295
35268535 189.907555733
35261389 190.372802739
35260341 190.864181756
35252938 191.336065171
35252717 191.824677848
35243360 192.293991664
35238707 192.772752943
35233424 193.250147845
35228415 193.737253956
35225296 194.223289314
35223545 194.706612335
35221794 195.186885449
35218022 195.656803823
35216197 196.12539909
35215853 196.614400048
35210547 197.082888908
35209790 197.568963492
35205114 198.044477825
35201643 198.522307202
35193257 199.000364453
35182598 199.484435883
35171437 199.959504095
35167976 200.904643776
35165442 201.377008893
35159908 201.857529675
35155947 202.32938254
35154620 202.812154359
35148095 203.271296153
35141938 203.724299727
35140530 204.208366192
35138265 204.677614974
35132763 205.152396172
35132148 205.614075211
35126263 206.087949506
35125719 206.576458746
35122131 207.045980392
35120308 207.515975575
35119800 207.986980727
35108099 208.456173801
35107747 208.929905678
35103935 209.392535611
35096626 209.855237893
35093099 210.325892838
35085468 210.7986023
35084848 211.273347601
35080532 211.754527335
35067109 212.21648665
35064746 212.671652906
35059093 213.135480344
35057304 213.604883781
35050545 214.072633216
35049286 214.53445964
35048790 214.995186629
35047917 215.469096088
35046402 215.942639885
35039835 216.414114569
35039017 216.895995275
35035784 217.363202642
35035135 217.818238369
35033242 218.262683728
35025470 218.728499826
35011212 219.182143157
35007525 219.653543313
35006477 220.107235772
35001791 220.584047958
34998871 221.056290933
34996433 221.511496042
34995810 221.961445638
34991042 222.414625434
34985083 222.865823289
34984418 223.330073232
34982372 223.780286667
34979640 224.231082425
34978377 224.686234466
34976208 225.131045984
34970308 225.577526908
34968350 226.024789057
34965813 226.473871956
34963912 226.920887023
34962234 227.373265099
34961459 227.830828284
34960661 228.297567146
34955720 228.744009454
34954979 229.180182591
34954341 229.626321727
34945608 230.066087385
34943121 230.514030726
34941312 230.960297666
34940914 231.412565753
34940360 231.865518662
34937232 232.307001788
34933492 232.744619068
34932884 233.191106229
34929033 233.630562465
34925380 234.086130977
34919305 234.522549442
34918715 234.968121818
34916022 235.404084807
34910218 235.841156873
34907171 236.275727367
34904229 236.722959565
34898617 237.149788665
34897463 237.601022513
34895166 238.033637523
34892624 238.466622385
34887447 238.89689151
34885207 239.331718514
34883957 239.760034887
34880938 240.188983421
34877837 240.637751644
34866567 241.081429571
34865981 241.502068261
34860330 241.938143212
34858149 242.366336878
34846992 242.791572628
34844901 243.217914766
34842354 243.635502401
34839984 244.065435704
34838791 244.481720283
34836188 244.90048317
34834659 245.312409637
34829885 245.727062904
34829186 246.148183763
34821432 246.565428744
34819169 246.983941742
34815555 247.403503619
34809855 247.822099364
34808972 248.236944266
34802262 248.645114041
34801586 249.058700052
34795151 249.471759336
34793694 249.881407702
34793068 250.29377804
34787764 250.694149533
34787084 251.096664808
34783800 251.514649623
34780418 251.919718763
34777276 252.327208045
34774944 252.751969524
34774223 253.165374663
34773436 253.565170757
34770763 253.971935122
34769252 254.365666915
34762792 254.790463427
34760653 255.197537429
34755137 255.59788306
34753162 255.996562432
34751678 256.399035266
34750720 256.795826304
34750105 257.194847274
34745925 257.593244479
34742423 257.981779097
34739397 258.374269571
34735008 258.765947723
34731503 259.161888278
34725110 259.547200961
34723917 259.931645601
34721987 260.322965367
34720890 260.712576472
34719739 261.089070546
34718936 261.475249821
34718583 261.858764266
34715031 262.237274688
34712700 262.624265975
34709729 263.006118391
34707736 263.382831226
34706640 263.761302932
34706311 264.147489164
34704846 264.531524172
34703672 264.91183423
34700497 265.290553888
34697802 265.666160658
34695839 266.050647251
34693919 266.432532323
34690350 266.807061839
34689446 267.18649992
34687066 267.560337637
34685046 267.933158924
34682325 268.31162934
34681906 268.679337799
34678535 269.054025067
34676605 269.427880097
34673732 269.799088126
34672509 270.170401397
34672004 270.545617703
34671490 270.916029011
34669382 271.272426354
34668350 271.646542396
34666110 272.016581401
34658017 272.380400498
34655999 272.748116877
34655471 273.113705195
34655022 273.479397197
34654575 273.834979398
34653172 274.199760343
34649695 274.558987051
34648362 274.922115026
34647881 275.277140195
34647660 275.638383241
34644769 275.997103773
34644371 276.351927484
34643600 276.712800296
34641528 277.067982162
34639757 277.426657628
34637576 277.786498813
34635895 278.140950757
34635660 278.500974745
34634816 278.848108398
34634337 279.208893769
34633638 279.561111416
34631266 279.909131516
34628319 280.25034463
34628101 280.600764542
34621594 280.945584412
34620785 281.296984717
34619960 281.650326212
34619203 281.998066694
34618516 282.347708082
34617348 282.695069533
34615297 283.039736577
34614792 283.390870788
34610942 283.734322476
34608624 284.074325606
34606056 284.416591004
34603304 284.773775258
34602727 285.138142494
34601386 285.49588249
34600612 285.839943308
34598904 286.184170256
34597538 286.53677896
34595713 286.875347405
34592772 287.215659682
34592616 287.556522526
34591966 287.896167953
34588207 288.237108237
34587163 288.577829252
34585519 288.918503204
34584102 289.253474302
34583326 289.59421672
34581070 289.935522856
34580671 290.275048332
34578273 290.613970264
34576777 290.951100364
34575150 291.27857775
34572644 291.615252122
34570954 291.951071592
34568756 292.286784993
34566974 292.622309321
34564812 292.964600653
34562196 293.293169202
34562060 293.611975803
34561107 293.943603847
34560238 294.275731126
34557618 294.608504351
34557468 294.937867023
34555180 295.260377099
34554211 295.585894013
34553505 295.916506322
34552538 296.246125361
34552119 296.568733228
34551797 296.894427737
34551047 297.220003272
34549508 297.546427886
34548142 297.873716849
34546894 298.198225344
34545600 298.525617677
34544541 298.856230755
34543617 299.18057742
34542307 299.50176327
34541491 299.825089559
34540215 300.147679735
34539979 300.465337075
34538911 300.793253254
34537679 301.114380422
34536591 301.432115468
34536070 301.752344355
34535622 302.074188047
34535596 302.396574588
34533803 302.708745913
34533227 303.027045351
34531920 303.338772024
34530555 303.659056451
34530186 304.297391993
34529514 304.617335201
34529199 304.935792083
34527879 305.247857147
34527277 305.56297669
34526089 305.875838328
34525592 306.186064115
34525155 306.503339011
34524427 306.818712816
34523242 307.127994974
34521623 307.440169868
