32415901 40.319057793
32393185 40.852774207
32264700 41.272902378
31726142 41.696730218
31717759 42.124693999
31677375 42.543711823
31624935 42.983893055
31469779 43.413323119
31357046 43.843866636
31339907 44.2741752
31331705 44.693782485
31322525 45.104851203
31317263 45.513963684
31222477 45.924193588
31209796 46.332302476
31204441 46.730742975
31189894 47.137809839
31184649 47.531492788
31180661 47.936909812
31167878 48.327666711
30958829 48.731095717
30952867 49.150591559
30950234 49.572996504
30946380 49.992549608
30944509 50.385241701
30942224 50.775280565
30934739 51.173374461
30886043 51.567559927
30835620 51.96474088
30802934 52.367868498
30797698 52.777426319
30776299 53.182984939
30768965 53.577220166
30749441 53.99559151
30744010 54.39084372
30731305 54.790245317
30676069 55.193931967
30674690 55.601612412
30671305 55.993906437
30660153 56.375978655
30657767 56.751770742
30642797 57.15034582
30640213 57.5365138
30616566 57.918677191
30608964 58.306228846
30605918 58.71661001
30599419 59.116450014
30596550 59.488634516
30549830 59.858159248
30548036 60.24189175
30545368 60.650896685
30541512 61.040585284
30531308 61.438311539
30528401 61.836160186
30522212 62.229712303
30486201 62.636597781
30484355 63.037236838
30479677 63.428185304
30467227 63.814179425
30455933 64.219444684
30450754 64.578856788
30449456 64.981362141
30441560 65.3745558
30402376 65.76158057
30398804 66.137988166
30396395 66.527287082
30391029 66.918151972
30364434 67.312475053
30343645 67.705870733
30340604 68.085602073
30339138 68.466990109
30332963 68.863687851
30324029 69.256332167
30319612 69.639958095
30318907 70.001814058
30300777 70.404716236
30298405 70.791797936
30292701 71.17244365
30290026 71.55534381
30287414 71.939046264
30282360 72.320246106
30276217 72.67677174
30273614 73.055704029
30271018 73.448032847
30263307 73.828788355
30256181 74.188966486
30253832 74.582944073
30249983 74.97486469
30248122 75.361231832
30241947 75.715924017
30233601 76.09420077
30221780 76.480478796
30202512 76.857712649
30199876 77.220991465
30198177 77.595672097
30191292 77.972179384
30171060 78.330852124
30164625 78.688283216
30161754 79.054550792
30159597 79.439411304
30151803 79.803441475
30149212 80.197782707
30105752 80.594177595
30104424 80.954871907
30098834 81.328768469
30096433 81.710242345
30084356 82.08254211
30083478 82.447809186
30080999 82.83220548
30070582 83.219960046
30064350 83.585642942
30063150 83.939343745
30061803 84.319119674
30058270 84.691682869
30055869 85.052612905
30054403 85.427842624
30052347 85.807831913
30046453 86.177341613
30044190 86.545753675
30032159 86.925476612
30028500 87.290224165
30027141 87.639115399
30026328 88.012861098
30016834 88.387653918
30014455 88.752318672
30010367 89.110199919
30007374 89.477688666
30000132 89.845688246
29997452 90.233826883
29993997 90.606437858
29987185 90.97984283
29986202 91.352572175
29980336 91.728159578
29976014 92.087540332
29968343 92.452136899
29963133 92.814887476
29961152 93.186553865
29952766 93.540069135
29951387 93.910143632
29938757 94.276328714
29936182 94.625522905
29933430 94.986588595
29930128 95.350965399
29928863 95.712902008
29908348 96.076804972
29905348 96.43628227
29904083 96.802329714
29896332 97.170540292
29894191 97.51260857
29890140 97.887198083
29882110 98.263229506
29876706 98.618615292
29867743 98.98145657
29865976 99.354554118
29863036 99.720120171
29860131 100.070544918
29858163 100.421665967
29856350 100.791064863
29848070 101.158838454
29842373 101.526589477
29837472 101.874009795
29836089 102.221017695
29818526 102.589347164
29816581 103.292245986
29814829 103.656036907
29811987 103.998180084
29799139 104.355680253
29796572 104.721367451
29794742 105.063204298
29793961 105.427203823
29782689 105.783786928
29774861 106.143170409
29768534 106.481254281
29765138 106.831959609
29764325 107.193470425
29763230 107.535971043
29762412 107.888004874
29749311 108.234230367
29747156 108.572785094
29745628 108.916303429
29738226 109.272531512
29733067 109.614795021
29730310 109.95320007
29726715 110.305761611
29716111 110.645768895
29710144 111.005917557
29703312 111.362059529
29702357 111.713302836
29700629 112.059748753
29699179 112.413599835
29689286 112.754413013
29685155 113.084743361
29683440 113.427685393
29677662 113.767975519
29668246 114.101624044
29662773 114.443759742
29658032 114.782929895
29657324 115.125949393
29653430 115.459151283
29649830 115.798366907
29644909 116.129302689
29642237 116.466319474
29640168 116.807122092
29636211 117.131846955
29631101 117.467877509
29629698 117.803841866
29629043 118.124832274
29627756 118.456836985
29623768 118.784783029
29619984 119.114261146
29616650 119.462188557
29611592 119.784463389
29609122 120.108497808
29607822 120.448739515
29602925 120.767479572
29598644 121.101449995
29597201 121.4302498
29593922 121.745879364
29591014 122.082715221
29590349 122.417978307
29574241 122.737069455
29573357 123.063512327
29571980 123.385195345
29569161 123.713086318
29565018 124.041963942
29561868 124.356853375
29552752 124.68501867
29550276 125.015058054
29549512 125.332060071
29544643 125.654983887
29534613 125.983263474
29533252 126.303835867
29530943 126.623269404
29528325 126.957345983
29527428 127.2753872
29525086 127.581861382
29520776 127.898812278
29517158 128.210237376
29516381 128.534739102
29514645 128.849223751
29512467 129.159752878
29507961 129.485892815
29506612 129.811493923
29505138 130.131474502
29500401 130.460271775
29491194 130.765977994
29490602 131.088445899
29480433 131.395919215
29477144 131.699471614
29475577 132.021558218
29473951 132.318478693
29472422 132.640122115
29471536 132.961546865
29464772 133.255636292
29463022 133.571461883
29462282 133.885348698
29460280 134.191760525
29457289 134.492480739
29454776 134.788589848
29444628 135.115583896
29444184 135.433407624
29442513 135.745335206
29439657 136.058641095
29436370 136.35433256
29433040 136.658569355
29432379 136.964738331
29430306 137.262245628
29426538 137.570951227
29426427 137.873095488
29419663 138.180380084
29417436 138.472667134
29412454 138.77857055
29405071 139.074790723
29401468 139.366161708
29400566 139.66088764
29399905 139.950666931
29398264 140.242655993
29395949 140.53030722
29394878 140.831229119
29393255 141.135093845
29391710 141.427250331
29390387 141.726796275
29388478 142.010304594
29385254 142.311865935
29383508 142.593017301
29381734 142.889398735
29379334 143.165601264
29377607 143.466605877
29376867 143.751335414
29372720 144.048658005
29368309 144.333987482
29366687 144.612845487
29363668 144.897684397
29360966 145.172625481
29358387 145.45503756
29356838 145.738021758
29353452 146.01344094
29349719 146.295745208
29349106 146.57850924
29348781 146.863255221
29346728 147.149478548
29346232 147.426045362
29346062 147.709175159
29345674 147.975105407
29338823 148.256378412
29334693 148.521755973
29332528 148.795397081
29329882 149.058269095
29327157 149.335341327
29325505 149.601159782
29323595 149.868705191
29319879 150.402135151
29319605 150.677160234
29318319 150.9336213
29317131 151.206864004
29314571 151.464848211
29313596 151.728590338
29313405 151.987872267
29311869 152.264287617
29309339 152.521985701
29309211 152.796233842
29307337 153.053216796
29306698 153.326826383
29305376 153.582228289
29303634 153.850324454
29301706 154.106176224
29301459 154.373491833
29300272 154.636864921
29299098 154.885730806
29298255 155.145708266
29297604 155.397960411
29293628 155.643159662
29292643 155.895357767
29290280 156.137167951
29289902 156.396944218
29287426 156.644129889
29286410 156.891256426
29284821 157.137050631
29279622 157.388961085
29277178 157.628789479
29276224 157.877662378
29275828 158.120564737
29273684 158.372348
29272906 158.870792948
29272453 159.123801738
29271276 159.373435103
29271032 159.618829523
29269131 159.86805102
29268720 160.104400392
29266722 160.352431306
29266174 160.596399905
29264872 160.846280136
29261837 161.078026214
29261258 161.561964883
29259156 161.810596629
29257432 162.091444707
29257189 162.625603501
29255885 162.866642235
29254557 163.10185721
29253976 163.338186785
29252991 163.591746397
29252007 163.846190107
29247699 164.10633845
29247300 164.357764369
29244994 164.844802485
29244485 165.068451895
29243583 165.290916079
29242111 165.513194357
29241766 165.736113809
29240088 165.944743684
29239456 166.162517077
29238406 166.376134484
29238060 166.598239364
29237730 166.807635141
29236261 167.030251503
29233989 167.234925099
29233541 167.445742067
29232513 167.658196992
29230998 167.885130847
29230217 168.096738919
29229147 168.304675762
29228247 168.521412185
29227520 168.734135767
29227173 168.949449081
29226853 169.160133468
29224938 169.368456506
29224529 169.579541812
29223960 169.784250861
29223446 169.995585132
29221040 170.206276927
29220323 170.415308687
29219857 170.628280492
29219396 170.830300843
29218450 171.045758275
29217481 171.251292834
29217371 171.449773774
29216448 171.660221127
29215726 171.856951373
29214945 172.065142136
29213967 172.264479348
29213415 172.465684233
29213304 172.671583947
29212470 172.870531565
29212139 173.07338908
29211656 173.270251165
29210910 173.471760971
29210088 173.668711324
29209727 173.863744831
29209593 174.064184433
29208005 174.267374656
29207528 174.46419977
29207120 174.670229736
29206711 174.860259597
29206606 175.065399159
29205555 175.262805785
29204687 175.462610251
29204587 175.661069103
29204452 175.850388944
29204186 176.040564765
29202996 176.235604245
29202141 176.42538381
29201995 176.812413051
29201454 177.000322375
29201095 177.197817611
29199108 177.387646126
29198894 177.581381399
29198847 177.961720331
29198192 178.164496688
29198063 178.359067409
29197681 178.549252478
29196484 178.749356085
29196372 178.93596181
29195890 179.127685517
29195138 179.319854912
29194640 179.504984243
29194175 179.698766761
29194136 179.888630454
29193795 180.093280262
29193248 180.278873558
29192299 180.466878169
29191914 180.659440926
29191690 180.841638269
29191155 181.055778091
29190634 181.262044526
29190005 181.44675815
29189845 181.652767182
29189028 181.857791479
29188399 182.237377184
29188136 182.425076097
29187778 182.800146791
29187604 183.002578781
29187044 183.209406972
29186758 183.399710102
29186657 183.960617569
29186652 184.14359206
29186649 184.522775914
29185950 184.706745454
29185437 185.080030983
29185300 185.271355637
29185202 185.456181499
29184939 185.638748697
29184653 185.830186119
29184316 186.030519496
29184194 186.216811628
29183944 186.407231886
29183792 186.59209586
29183198 186.784094651
29182720 187.14342654
29182487 187.336318185
29181989 187.514446849
29181821 187.70530519
29181627 187.888880783
29181535 188.067237494
29181197 188.249998845
29181177 188.438450908
29180979 188.82070833
29180740 189.022378245
29180498 189.203931178
29180306 189.391874044
29179685 189.572280374
29179490 189.755172382
29179190 189.947563219
29178926 190.309090523
29178842 190.49952667
29178819 367.624392983
29178685 368.179683086
29178494 368.37004054
29178336 368.736396151
29178127 369.675096401
29177934 551.508400612
29177469 552.072715495
