PROBLEM_FILE = /tmp/10738.tmp/sample.tsp
11166224 0.509904
11155714 0.509923
11155340 0.509932
11153100 0.509936
11153023 0.509941
11150858 0.509945
11144698 0.509955
11127788 0.509958
11120820 0.509961
11119372 0.509965
11116939 0.509968
11108849 0.509975
11100598 0.509979
11093038 0.509983
11079288 0.509991
11076542 0.510005
11061011 0.510010
11058824 0.510013
11051082 0.510019
11039620 0.510022
11038988 0.510025
11033703 0.510047
11033147 0.510054
11029212 0.510062
11029041 0.510065
11025640 0.510072
11021641 0.510075
11021354 0.510081
11017610 0.510084
11015924 0.510088
11014836 0.510092
11014202 0.510102
11013021 0.510105
11001658 0.510118
11000880 0.510122
10997925 0.510139
10992325 0.510149
10991646 0.510159
10988175 0.510163
10986444 0.510170
10977451 0.510177
10973401 0.510183
10973205 0.510195
10972854 0.510198
10969614 0.510202
10955075 0.510214
10953766 0.510219
10952026 0.510233
10939842 0.510248
10918195 0.510257
10912766 0.510262
10910383 0.510266
10891786 0.510280
10889902 0.510284
10852050 0.510287
10848281 0.510295
10846169 0.510299
10844738 0.510310
10840983 0.510316
10839452 0.510319
10837233 0.510323
10827752 0.510327
10827640 0.510333
10826459 0.510337
10805965 0.510344
10796959 0.510358
10796897 0.510364
10795348 0.510369
10794993 0.510375
10791539 0.510394
10785509 0.510401
10783953 0.510410
10778023 0.510414
10770428 0.510427
10764845 0.510430
10755437 0.510439
10752906 0.510443
10748138 0.510447
10744704 0.510450
10741431 0.510459
10733105 0.510463
10704529 0.510475
10673520 0.510479
10671057 0.510483
10619230 0.510490
10612401 0.510494
10603400 0.510497
10594869 0.510505
10588839 0.510513
10578402 0.510529
10572475 0.510535
10563047 0.510538
10561839 0.510541
10560937 0.510544
10558460 0.510550
10532665 0.510555
10531565 0.510560
10525416 0.510565
10523894 0.510568
10517383 0.510576
10516674 0.510579
10516188 0.510586
10512279 0.510592
10505816 0.510606
10505151 0.510610
10503654 0.510613
10502726 0.510617
10491135 0.510637
10473799 0.510640
10442482 0.510645
10440742 0.510651
10425102 0.510655
10422317 0.510659
10418536 0.510662
10416816 0.510665
10405388 0.510670
10391918 0.510674
10382576 0.510682
10361037 0.510687
10350873 0.510693
10349863 0.510698
10345177 0.510701
10344443 0.510705
10344348 0.510708
10327440 0.510720
10326580 0.510743
10324410 0.510752
10301060 0.510757
10296346 0.510761
10296188 0.510765
10295865 0.510769
10295628 0.510773
10289761 0.510780
10289367 0.510783
10283881 0.510793
10283744 0.510800
10276551 0.510814
10265789 0.510820
10256896 0.510823
10233703 0.510830
10222386 0.510990
10196567 0.510997
10191617 0.511000
10187473 0.511007
10178780 0.511021
10174991 0.511025
10158592 0.511029
10158219 0.511039
10157275 0.511042
10156731 0.511051
10128249 0.511056
10126340 0.511067
10117804 0.511076
10116668 0.511081
10086359 0.511092
10081753 0.511101
10079157 0.511105
10077507 0.511115
10069485 0.511124
10067081 0.511132
10043044 0.511140
10025763 0.511150
10018524 0.511154
10017245 0.511166
10013635 0.511174
10011445 0.511177
9997184 0.511182
9994011 0.511188
9993524 0.511191
9967052 0.511205
9962138 0.511213
9954858 0.511219
9953641 0.511308
9950095 0.511312
9946300 0.511321
9939695 0.511336
9939660 0.511339
9939114 0.511360
9936491 0.511365
9934874 0.511379
9907647 0.511395
9907645 0.511398
9901457 0.511409
9898591 0.511413
9894258 0.511417
9891530 0.511420
9890050 0.511423
9886681 0.511427
9870266 0.511441
9869934 0.511448
9865890 0.511464
9860139 0.511483
9859066 0.511490
9829207 0.511498
9828580 0.511504
9822697 0.511533
9816632 0.511541
9806952 0.511545
9800353 0.511553
9792894 0.511558
9786617 0.511563
9785470 0.511573
9770466 0.511576
9765200 0.511579
9742565 0.511593
9735726 0.511605
9726663 0.511617
9725628 0.511626
9716788 0.511645
9662913 0.511654
9647783 0.511658
9647570 0.511661
9646932 0.511675
9632355 0.511690
9631057 0.511693
9621981 0.511697
9615800 0.511702
9610292 0.511708
9592809 0.511717
9592424 0.511720
9585107 0.511725
9541216 0.511732
9536833 0.511737
9536738 0.511744
9531222 0.511747
9522060 0.511762
9514401 0.511773
9512883 0.511782
9446379 0.511796
9446072 0.511816
9435923 0.511821
9434183 0.511825
9426565 0.511829
9420260 0.511834
9413360 0.511841
9409115 0.511845
7716968 0.511865
7713272 0.511872
7712723 0.511879
7695518 0.511894
7684442 0.511907
7645341 0.511912
7637791 0.511920
7628877 0.511925
7622900 0.512022
7620343 0.512026
7620131 0.512037
7617558 0.512040
7617461 0.512044
7609329 0.512051
7603801 0.512057
7597028 0.512067
7591245 0.512071
7558669 0.512089
7556477 0.512093
7524293 0.512109
7521626 0.512113
7519952 0.512116
7516769 0.512122
7514836 0.512134
7511464 0.512142
7498813 0.512147
7494408 0.512157
7493963 0.512164
7486956 0.512167
7484674 0.512172
7469259 0.512187
7469053 0.512191
7465662 0.512201
7460531 0.512206
7457007 0.512212
7449298 0.512216
7440209 0.512220
7417873 0.512229
7415960 0.512239
7399070 0.512247
7395088 0.512253
7394930 0.512256
7393239 0.512262
7377967 0.512265
7376426 0.512268
7375953 0.512272
7372566 0.512277
7371383 0.512282
7366074 0.512286
7365751 0.512290
7365572 0.512294
7347545 0.512306
7347499 0.512339
7344938 0.512345
7342704 0.512350
7341305 0.512354
7340681 0.512358
7337514 0.512361
7330438 0.512368
7329019 0.512378
7326446 0.512390
7325435 0.512399
7325067 0.512413
7323951 0.512424
7323170 0.512428
7322552 0.512431
7322125 0.512435
7315407 0.512447
7314945 0.512453
7313024 0.512467
7309015 0.512476
7306537 0.512480
7305625 0.512484
7304081 0.512489
7303770 0.512492
7291331 0.512501
7288267 0.512512
7264723 0.512522
7262622 0.512530
7255432 0.512535
7254914 0.512539
7254828 0.512542
7249245 0.512550
7242564 0.512554
7241944 0.512558
7230535 0.512562
7219531 0.512565
7212166 0.512578
7196687 0.512583
7195636 0.512586
7177469 0.512591
7175603 0.512601
7174000 0.512607
7158410 0.512624
7155975 0.512628
7153402 0.512633
7153259 0.512637
7151725 0.512654
7151596 0.512658
7151489 0.512663
7151341 0.512666
7150431 0.512709
7147857 0.512713
7141487 0.512722
7138100 0.512726
7137792 0.512732
7136987 0.512739
7136859 0.512743
7136144 0.512753
7126711 0.512795
7125831 0.512798
7111946 0.512813
7110337 0.512817
7109771 0.512825
7108726 0.512842
7108331 0.512850
7103145 0.512865
7100351 0.512886
7100207 0.512900
7097120 0.512926
7093659 0.512933
7091904 0.512937
7090996 0.512945
7090641 0.512950
7088711 0.512954
7083149 0.512957
7077278 0.512971
7070147 0.512974
7057354 0.512978
7044983 0.512988
7043313 0.512991
7043189 0.512994
7038093 0.513004
7037981 0.513009
7030421 0.513012
7010865 0.513017
6978399 0.513022
6972289 0.513029
6968056 0.513034
6965427 0.513048
6962454 0.513055
6960589 0.513059
6957304 0.513062
6956945 0.513075
6949749 0.513079
6925644 0.513157
6922413 0.513161
6921117 0.513180
6913354 0.513184
6895775 0.513188
6895410 0.513212
6895269 0.513216
6893123 0.513220
6893042 0.513231
6892467 0.513242
6881703 0.513254
6881645 0.513257
6881028 0.513281
6877981 0.513287
6876382 0.513290
6875344 0.513323
6874164 0.513327
6866701 0.513332
6857387 0.513339
6856131 0.513349
6855514 0.513361
6851540 0.513366
6849954 0.513373
6844185 0.513377
6840536 0.513395
6825763 0.513402
6823667 0.513413
6821908 0.513424
6817515 0.513428
6797242 0.513431
6783706 0.513443
6765201 0.513450
6763665 0.513458
6737832 0.513467
6728334 0.513470
6725900 0.513477
6720898 0.513492
6717057 0.513515
6716321 0.513518
6713616 0.513524
6713129 0.513527
6712962 0.513532
6712768 0.513536
6699697 0.513541
6695801 0.513547
6692348 0.513550
6691069 0.513553
6689686 0.513559
6686581 0.513563
6683425 0.513567
6679234 0.513572
6662586 0.513578
6651749 0.513585
6651263 0.513596
6650884 0.513600
6648316 0.513614
6639363 0.513618
6637569 0.513623
6637281 0.513627
6635404 0.513635
6622905 0.513639
6614436 0.513645
6612038 0.513651
6572615 0.513681
6569213 0.513686
6565172 0.513702
6564093 0.513718
6563989 0.513735
6561525 0.513749
6546603 0.513753
6544196 0.513757
6541645 0.513761
6538349 0.513777
6534493 0.513785
6510155 0.513794
6501867 0.513798
6494482 0.513805
6493629 0.513813
6486674 0.513821
6486166 0.513835
6484960 0.513854
6484919 0.513858
6476759 0.513876
6475654 0.513881
6472587 0.513890
6471370 0.513899
6471265 0.513908
6458598 0.513912
6458462 0.513973
6457120 0.513980
6456296 0.514005
6453469 0.514009
6450199 0.514101
6437566 0.514115
6436606 0.514119
6435062 0.514133
6434801 0.514143
6433980 0.514147
6426268 0.514151
6421493 0.514161
6420817 0.514165
6411914 0.514176
6408353 0.514865
6377289 0.517370
6376513 0.517376
6326744 0.517406
6323103 0.518136
6317030 0.518157
6315461 0.518196
6315278 0.518200
6296657 0.520593
6292423 0.520600
6290311 0.520604
6289389 0.524072
6287192 0.546026
6286651 0.546042
6283165 0.546047
6282842 0.546070
6278215 0.546076
6276348 0.546085
6266920 0.546332
6262497 0.546338
6259175 0.546343
6254291 0.546383
6253434 0.546406
6252122 0.546444
6251228 0.546456
6233608 0.546484
6232637 0.546489
6232400 0.546495
6231213 0.546503
6199631 0.546507
6196670 0.546510
6195814 0.546521
6189980 0.546525
6187283 0.546540
6186166 0.546545
6181344 0.546558
6178049 0.546562
6177795 0.546566
6177053 0.546569
6176951 0.546612
6175662 0.546628
6174014 0.546638
6139598 0.546649
6138186 0.546663
6137870 0.546696
6136657 0.546710
6136297 0.546741
6136005 0.546761
6135876 0.546765
6115080 0.546810
6106187 0.560158
6105956 0.560164
6105015 0.560169
6104386 0.560180
6090517 0.560188
6090419 0.560191
6084886 0.560197
6083187 0.560207
6082172 0.560310
6076126 0.560314
6074998 0.560330
6072017 0.560347
6071609 0.560372
6058274 0.560393
6058072 0.560397
6057754 0.560406
6056607 0.560413
6056361 0.560416
6056140 0.560419
6040146 0.560430
6038161 0.560434
6037202 0.560610
6036079 0.560768
6035101 0.560772
6034502 0.561330
6032197 0.561338
6029492 0.561343
6028104 0.561349
6018240 0.561357
6011542 0.561394
6011176 0.561416
6010971 0.561431
6009821 0.561651
6007487 0.561659
6006806 0.561667
6006330 0.561677
6004589 0.561791
6003964 0.561801
6003047 0.561863
6001991 0.561896
6000806 0.561951
6000737 0.561968
5999406 0.561999
5997006 0.562010
5996148 0.562066
5990994 0.562109
5990740 0.562230
5988127 0.562235
5986170 0.562262
5985761 0.562266
5983585 0.562296
5983017 0.562302
5980292 0.562307
5978547 0.562312
5976050 0.562316
5973970 0.562335
5973525 0.562401
5972752 0.562412
5970000 0.562418
5969489 0.562429
5968325 0.562473
5965757 0.562477
5963203 0.562507
5963127 0.562513
5960923 0.562517
5959206 0.562607
5958870 0.562625
5956823 0.562661
5956639 0.562667
5956398 0.562671
5955218 0.562703
5954027 0.563278
5953510 0.563308
5952927 0.563336
5951738 0.563453
5951466 0.563840
5950636 0.563958
5950477 0.563980
5949767 0.564675
5947588 0.564788
5947403 0.565029
5942843 0.565055
5941721 0.565651
5940848 0.566670
5938166 0.930891
5937352 0.931007
5933188 0.931012
5932445 0.931055
5929404 0.931061
5926182 0.931074
5924628 0.931080
5914942 0.931447
5914811 0.931454
5912451 0.931458
5912358 0.931624
5903424 0.931642
5900496 0.931648
5900436 0.931657
5890793 0.931663
5885745 0.931668
5884993 0.931677
5884182 0.931696
5883137 0.931796
5880946 0.931801
5879488 0.931804
5876291 0.931912
5868927 0.931999
5868606 0.932135
5866529 0.932146
5866210 0.932316
5866075 0.932326
5865849 0.932330
5864411 0.932485
5864406 0.932508
5863690 0.932654
5863350 0.933140
5863172 0.933145
5862658 0.933633
5862519 0.933654
5861054 0.933666
5860618 0.935835
5857055 0.935857
5856435 0.936202
5855688 0.936215
5855051 0.936255
5854515 0.938116
5852462 0.940019
5851330 0.940256
5850533 0.940479
5850093 0.940541
5849643 0.940609
5849545 0.940664
5848649 0.940698
5846967 0.940793
5846923 0.940800
5846656 0.941155
5846164 0.941948
5845943 0.943070
5845827 0.945344
5845825 0.945393
5844645 1.010515
5841671 1.011234
5841283 1.011321
5841127 1.012908
5840994 1.012923
5840716 1.013692
5837774 1.013710
5837637 1.013726
5837489 1.013734
5837263 1.013739
5836986 1.014824
5835570 1.015269
5835549 1.019899
5834846 1.020350
5833484 1.020622
5831714 1.023924
5831485 1.026784
5830592 1.032864
5829875 2.215275
5829650 2.218734
5829621 2.643320
5829503 2.643738
5829478 6.838594
5829457 6.838817
5829130 6.841557
5829130 607.160512
