PROBLEM_FILE = /tmp/18358.tmp/sample.tsp
29542415 0.521456
29527944 0.521494
29514848 0.521498
29493299 0.521503
29488192 0.521508
29487669 0.521517
29487203 0.521526
29444001 0.521530
29441357 0.521534
29426137 0.521537
29410255 0.521543
29409328 0.521552
29388143 0.521556
29385918 0.521560
29384843 0.521563
29325748 0.521572
29319090 0.521592
29312206 0.521595
29286380 0.521599
29281417 0.521603
29245256 0.521609
29226442 0.521619
29166405 0.521630
29144295 0.521643
29133118 0.521649
29126535 0.521652
29121949 0.521667
29013990 0.521675
29002319 0.521678
28997509 0.521682
28946566 0.521686
28882439 0.521704
28859384 0.521716
28858797 0.521722
28811636 0.521728
28804997 0.521731
28753284 0.521739
28729299 0.521747
28725227 0.521751
28704966 0.521757
28700929 0.521761
28693756 0.521778
28679429 0.521784
28676263 0.521788
28664320 0.521802
28649619 0.521813
28643968 0.521817
28037604 0.521822
27990813 0.521825
27969413 0.521832
27958356 0.521836
27954820 0.521840
27946657 0.521844
27923250 0.521851
27921161 0.521859
27916370 0.521862
27911753 0.521874
27911207 0.521878
27888716 0.521884
27882079 0.521888
27880081 0.521892
27861028 0.521908
27856062 0.521913
27781180 0.521939
27766552 0.521943
27715705 0.521960
27705410 0.521968
27695366 0.521971
27686432 0.521978
27651608 0.521993
27650212 0.521998
27594627 0.522011
27591473 0.522025
27577386 0.522035
27564009 0.522040
27560047 0.522050
27558361 0.522054
27555594 0.522059
27548181 0.522081
27530872 0.522085
27527471 0.522089
27519269 0.522092
27511664 0.522096
27475183 0.522100
27055264 0.522107
27047058 0.522112
27014047 0.522117
26998127 0.522120
26979754 0.522136
26959267 0.522139
26946291 0.522150
26895152 0.522162
26832213 0.522170
26829167 0.522174
26710303 0.522179
26698720 0.522186
26682360 0.522193
26677603 0.522204
26674430 0.522209
26667102 0.522213
26655105 0.522216
26641390 0.522220
26636126 0.522234
26629603 0.522261
26588051 0.522270
26528008 0.522276
26524369 0.522286
26515804 0.522302
25900447 0.522314
25899612 0.522317
25762171 0.522325
25701452 0.522337
25693177 0.522344
25650558 0.522351
25631289 0.522355
25618273 0.522362
25588408 0.522367
25575961 0.522384
25553739 0.522398
25529834 0.522406
25492291 0.522410
25484806 0.522415
25452048 0.522429
25445958 0.522433
25443468 0.522436
25441172 0.522442
25433197 0.522445
25429459 0.522452
25399806 0.522460
25396648 0.522467
25336342 0.522482
25320749 0.522489
25302596 0.522497
25299542 0.522505
25299016 0.522509
25289612 0.522519
25287698 0.522523
25277206 0.522531
25248317 0.522535
25246015 0.522539
25199391 0.522542
25155152 0.522551
25140330 0.522559
25128665 0.522566
25099362 0.522569
24640586 0.522591
24604361 0.522597
24597769 0.522601
24595419 0.522625
24595382 0.522633
24573629 0.522645
24555712 0.522649
24501605 0.522653
24494003 0.522659
24486085 0.522663
24468400 0.522667
24423527 0.522675
24422497 0.522678
24312998 0.522682
24312522 0.522694
24301784 0.522699
24280895 0.522706
24226653 0.522715
24211926 0.522721
24210594 0.522725
24194601 0.522728
24140844 0.522737
24133867 0.522740
24120116 0.522746
24015380 0.522753
24013344 0.522768
24009645 0.522773
24001706 0.522778
23985218 0.522785
23979545 0.522788
23931202 0.522791
23923573 0.522795
23912816 0.522803
23905046 0.522809
23901545 0.522812
23880347 0.522816
23878092 0.522830
23875615 0.522835
23838155 0.522838
23809304 0.522842
23797017 0.522855
23792230 0.522864
23737916 0.522872
23732648 0.522875
23694923 0.522897
23683239 0.522902
23675064 0.522905
23663654 0.522909
23658377 0.522940
23652918 0.522949
23643286 0.522956
23632480 0.522972
23629009 0.522977
23617063 0.522994
23605509 0.523000
23594778 0.523010
23590351 0.523014
23588740 0.523017
23587948 0.523021
23555487 0.523028
23547942 0.523035
23494509 0.523039
23492237 0.523074
23486231 0.523079
23485052 0.523092
23480854 0.523095
23443801 0.523098
23440339 0.523105
23423745 0.523110
23404935 0.523121
23401908 0.523125
23390055 0.523130
23347963 0.523136
23347912 0.523141
23342540 0.523144
23328134 0.523149
23322385 0.523155
23308187 0.523159
23289930 0.523170
23289704 0.523174
23289516 0.523182
23275832 0.523191
23264167 0.523196
23263209 0.523205
23248122 0.523223
23227538 0.523235
23210049 0.523241
23203853 0.523245
23201804 0.523248
23197839 0.523253
23179017 0.523258
23173650 0.523262
23168730 0.523265
23138386 0.523275
23126561 0.523278
23110377 0.523286
23108950 0.523328
23011177 0.523333
22995787 0.523340
22964750 0.523346
22881381 0.523353
22765292 0.523367
22707588 0.523374
22695775 0.523381
22351802 0.523393
22350665 0.523396
22288984 0.523410
22251462 0.523424
22245616 0.523429
22099026 0.523433
22089758 0.523437
22085974 0.523440
22080845 0.523443
22074716 0.523446
22061838 0.523463
22046290 0.523482
21969465 0.523488
21933370 0.523492
21917312 0.523499
21893155 0.523503
21865280 0.523507
21863819 0.523510
21859554 0.523513
21832737 0.523516
21818512 0.523519
21784884 0.523529
21777539 0.523533
21776483 0.523536
21773148 0.523540
21767616 0.523544
21766054 0.523558
21762307 0.523564
21745913 0.523580
21723374 0.523585
21690962 0.523590
21632072 0.523601
21631132 0.523607
21626914 0.523612
21318574 0.523626
21292585 0.523631
21254837 0.523644
21241768 0.523648
21241313 0.523679
21208960 0.523686
21121762 0.523694
21121243 0.523699
21103617 0.523703
21089282 0.523719
21087742 0.523729
21086502 0.523735
21085583 0.523739
21072233 0.523742
21070987 0.523751
20946764 0.523760
20936522 0.523764
20895449 0.523776
20821381 0.523781
20821323 0.523791
20812123 0.523830
20802255 0.523959
20758145 0.523966
20751910 0.523972
20688167 0.523983
20682343 0.523990
20677743 0.524002
20674661 0.524022
20666581 0.524033
20615292 0.524038
20615212 0.524047
20589081 0.524051
20563640 0.524081
20524735 0.524084
20504049 0.524092
20496006 0.524097
20494332 0.524100
20482250 0.524111
20471711 0.524114
20453194 0.524120
20446585 0.524124
20345859 0.524132
20343294 0.524136
20343139 0.524171
20338611 0.524175
20331270 0.524183
19733007 0.524195
19653349 0.524208
19644112 0.524212
19512545 0.524221
19477967 0.524229
19462404 0.524232
19424645 0.524241
19405365 0.524251
19339474 0.524278
19337458 0.524286
19331216 0.524308
19328570 0.524321
19297309 0.524333
19286443 0.524341
19278081 0.524345
19270798 0.524349
19241239 0.524382
19146389 0.524387
19146324 0.524390
19109506 0.524395
19104980 0.524398
19089606 0.524401
19083869 0.524404
19069666 0.524414
19025799 0.524417
19012111 0.524420
18969419 0.524425
18933600 0.524440
18920397 0.524457
18898492 0.524461
18859862 0.524466
18858305 0.524476
18820313 0.524487
18813576 0.524503
18800442 0.524506
18775601 0.524512
18761465 0.524515
18739085 0.524528
18728749 0.524532
18659801 0.524536
18625859 0.524542
18624824 0.524576
18616509 0.524580
18612276 0.524585
18456278 0.524594
18453683 0.524604
18420871 0.524609
18418249 0.524613
18417099 0.524618
18379769 0.524622
18375994 0.524628
18374756 0.524631
18367772 0.524636
18359956 0.524641
18340556 0.524651
18333747 0.524655
18320386 0.524664
18320236 0.524673
18295985 0.524678
18277970 0.524684
18275501 0.524691
18258625 0.524695
18243738 0.524698
18235434 0.524702
18230874 0.524705
18182715 0.524713
18178051 0.524716
18166371 0.524721
18159010 0.524725
18155720 0.524728
18145979 0.524740
18140692 0.524743
18131178 0.524749
18126935 0.524752
18126211 0.524761
18124477 0.524774
18122923 0.524778
18118065 0.524782
18100112 0.524789
18095406 0.524806
18066929 0.524812
18065010 0.524822
18057807 0.524827
18057489 0.524834
18052709 0.524838
18052223 0.524851
18005280 0.524859
17991737 0.524883
17990020 0.524887
17968316 0.524893
17967591 0.524906
17955313 0.525026
17954900 0.525030
17893872 0.525067
17381070 0.525077
17378975 0.525154
17377240 0.525177
17376945 0.525187
17374889 0.525212
17374085 0.525217
17352680 0.525227
17348515 0.525232
17334228 0.525242
17324660 0.525247
17304580 0.525252
17228574 0.525268
17216248 0.525283
17189804 0.525300
17189265 0.525303
17172396 0.525311
17138445 0.525364
17123986 0.525369
17103783 0.525376
17101572 0.525452
16978245 0.525482
16970048 0.525492
16967251 0.525496
16965565 0.525500
16917130 0.525508
16877876 0.525522
16873063 0.525526
16869990 0.525534
16855771 0.525537
16855470 0.525541
16848664 0.525547
16845206 0.525565
16844108 0.525604
16826313 0.525611
16810343 0.525616
16809177 0.525630
16802669 0.525641
16789743 0.525645
16678650 0.525657
16659605 0.525695
16652477 0.525702
16647102 0.525708
16634148 0.525719
16628938 0.525722
16620752 0.525731
16610073 0.525747
16589569 0.525752
16584535 0.525758
16570466 0.525765
16569950 0.525831
16559929 0.525841
16533402 0.525859
16498572 0.525903
16498156 0.525909
16491632 0.525919
16489649 0.525945
16471230 0.525984
16461510 0.526011
16417721 0.526023
16412757 0.526030
16397962 0.526033
16368320 0.526086
16363154 0.526102
16359567 0.526111
16352917 0.526115
16350532 0.526120
16338821 0.526126
16329054 0.526148
16323772 0.526156
16321107 0.526180
16318457 0.526218
16315858 0.526222
16313291 0.526231
16299857 0.526252
16286498 0.526266
16281435 0.526270
16233293 0.526273
16225097 0.526284
16222478 0.526288
16215278 0.526291
16203001 0.526307
16186607 0.526318
16183527 0.526332
16181953 0.526342
16179071 0.526364
16177978 0.526368
16147657 0.526385
16107762 0.526389
16106264 0.526408
16082772 0.526413
16081287 0.526420
16078976 0.526426
16072755 0.526429
16065640 0.526438
16063739 0.526443
16060297 0.526453
16044013 0.526458
16019892 0.526461
16008837 0.526472
15996217 0.526560
15990579 0.526565
15977106 0.526606
15975814 0.526622
15961429 0.526626
15930772 0.526636
15915432 0.526644
15905529 0.526706
15896560 0.526711
15887884 0.526716
15853387 0.526761
15852577 0.526934
15848898 0.526939
15846509 0.527007
15838058 0.527026
15834416 0.527039
15828937 0.527043
15828743 0.527059
15827461 0.527156
15823871 0.527173
15822116 0.527200
15797638 0.527204
15787377 0.527240
15783649 0.528296
15782304 0.528376
15771374 0.528668
15771071 0.528795
15770121 0.528800
15763406 0.528821
15762823 0.528846
15761800 0.528853
15748609 0.528867
15747871 0.528889
15745667 0.528893
15715221 0.528897
15687818 0.528909
15678818 0.528916
15660611 0.528938
15650472 0.528942
15631688 0.528946
15631236 0.528952
15626294 0.528958
15614900 0.528962
15607209 0.529014
15602493 0.529021
15599280 0.529025
15598227 0.529077
15597244 0.529116
15594699 0.529120
15589099 0.529126
15588980 0.529130
15587196 0.529134
15573749 0.529140
15563838 0.529153
15538453 0.529333
15534611 0.529343
15534497 0.529348
15520140 0.529354
15186437 0.529702
15159317 0.529886
14951188 0.529960
14950741 0.529977
14945747 0.530008
14945555 0.530070
14945334 0.530098
14926230 0.530117
14924005 0.530141
14886474 0.530152
14870638 0.530175
14868096 0.530180
14856852 0.530199
14845773 0.530220
14845331 0.530229
14842958 0.530297
14840185 0.530368
14838806 0.530468
14836048 0.530484
14826115 0.530488
14824406 0.530491
14816864 0.530495
14811034 0.530500
14810823 0.530512
14796297 0.530515
14794158 0.530519
14785613 0.530547
14781075 0.530573
14780921 0.530576
14765413 0.530583
14763598 0.530592
14761131 0.530599
14754279 0.530633
14727092 0.530673
14710562 0.530686
14671614 0.530690
14670584 0.530694
14656469 0.530698
14655535 0.530711
14653872 0.530715
14646346 0.530722
14643310 0.530801
14637685 0.530812
14622413 0.530820
14612536 0.530826
14597413 0.530852
14591740 0.530855
14589344 0.530913
14569395 0.530917
14564382 0.530923
14556776 0.530937
14541052 0.530947
14536242 0.530950
14514877 0.531063
14506133 0.531081
14498878 0.531087
14491971 0.531094
14483324 0.531098
14473772 0.531136
14455533 0.531140
14453036 0.531145
14449897 0.531213
14446902 0.531371
14438232 0.531410
14437815 0.531433
14400442 0.531438
14399963 0.531571
14384590 0.531576
14379710 0.531907
14372329 0.531959
14372052 0.532008
14371507 0.532024
14370241 0.532212
14369017 0.533486
14368651 0.632076
14364896 0.632182
14359476 0.632187
14359444 0.632586
14358748 0.632606
14358528 0.633044
14358053 0.633062
14314095 0.633068
14306488 0.633078
14304112 0.633083
14301417 0.633120
14296431 0.633130
14290882 0.633262
14290361 0.633300
14284160 0.633310
14275841 0.633343
14264330 0.633420
14250258 0.633425
14247220 0.633429
14238941 0.633438
14233993 0.633569
14233461 0.633590
14231066 0.633604
14222447 0.633608
14220059 0.633611
14218641 0.633730
14217597 0.633738
14205684 0.633748
14190010 0.633751
14158212 0.633786
14154169 0.633876
14149124 0.633883
14148476 0.633937
14148079 0.856838
14140731 0.856860
14132938 0.856871
14132894 0.856875
14128918 0.856879
14127635 0.856900
14124492 0.856988
14124260 0.857021
14121375 0.857031
14120532 0.857672
14119173 0.857682
14112596 0.857692
14106377 0.858633
14103482 0.858681
14102334 0.859535
14094991 0.860073
14093936 0.860080
14087844 0.860085
14085549 0.860259
14080621 0.860264
14080115 0.871647
14077913 0.871718
14075911 0.871810
14074314 0.871815
14074148 0.871893
14066592 0.871925
14046828 0.873623
14018233 0.873636
14013144 0.873856
14003101 0.873872
14002709 0.884145
13998883 0.884415
13993528 0.884891
13991035 0.884910
13989716 1.052975
13969990 1.052982
13964385 1.053001
13963161 1.053033
13961753 1.072226
13958598 1.072356
13958325 1.072574
13956291 1.072591
13956176 1.072620
13954798 1.072835
13952867 1.073062
13952256 1.073068
13951163 1.073083
13944417 1.074132
13937056 1.367762
13934698 1.367809
13930466 1.367834
13928572 1.368531
13927213 1.368537
13925614 1.368592
13922852 1.776984
13920638 1.777164
13919694 1.777323
13917499 1.777329
13917197 1.777439
13915002 1.777675
13911176 2.837019
13908208 2.837193
13902973 3.594150
13901398 3.594172
13901364 3.594429
13900567 3.594438
13900096 3.595108
13899538 3.595261
13897963 3.595267
13896976 4.191434
13896122 4.191455
13895821 4.191460
13895008 4.191558
13893530 4.191577
13892626 4.192246
13892300 4.192636
13891842 5.122022
13889907 5.122035
13889216 5.376465
13888012 6.063704
13887261 6.063777
13887138 6.063785
13885695 6.063791
13884755 6.585073
13881179 6.585205
13878511 6.585218
13876938 6.585251
13876358 7.751419
13876232 7.751439
13873976 7.751458
13871795 7.890539
13865685 7.890931
13864326 7.890942
13862000 8.082870
13860300 8.085526
13859414 8.085619
13859398 8.313415
13857432 8.380598
13857416 8.380812
13855882 9.339989
13855601 12.055600
13854853 18.386820
13854086 18.386829
13853483 37.893890
13853422 37.895234
13852815 47.993346
13852753 162.484902
13852203 490.733919
13852174 587.808644
13851002 674.468341
13850694 680.779204
13850694 1280.811722
