PROBLEM_FILE = /tmp/12815.tmp/sample.tsp
56383137 1.121441
56378459 1.121467
56334798 1.121472
56252442 1.121484
56251645 1.121490
56237475 1.121498
56192078 1.121509
56124872 1.121518
56097949 1.121524
56078859 1.121529
56031898 1.121540
56016378 1.121545
55988492 1.121550
55851759 1.121557
55816688 1.121563
55806793 1.121572
55748170 1.121576
55745197 1.121599
55713081 1.121603
55697331 1.121612
55628678 1.121620
55556573 1.121628
55527497 1.121644
55515279 1.121654
55500001 1.121664
55486611 1.121668
55413553 1.121672
55403707 1.121683
55388476 1.121693
55380554 1.121709
55348266 1.121717
55311515 1.121721
55297173 1.121728
55263028 1.121732
55241401 1.121742
55238977 1.121746
55232026 1.121764
55208569 1.121768
55040717 1.121781
55034466 1.121785
55012249 1.121789
55002459 1.121794
54996174 1.121801
54985172 1.121810
54965911 1.121817
54625908 1.121823
54481365 1.121830
54464927 1.121837
54448524 1.121841
54446777 1.121861
54445217 1.121875
54297861 1.121884
54245840 1.121890
54164916 1.121901
54141032 1.121907
54020148 1.121912
54008579 1.121916
53957681 1.121924
53952058 1.121930
53930928 1.121951
53828488 1.121966
53824420 1.121977
53792086 1.121980
53768558 1.121983
53751359 1.121994
53750207 1.121998
53723426 1.122007
53582682 1.122014
53504416 1.122025
53484542 1.122029
53469820 1.122038
53371470 1.122042
53361918 1.122050
53349281 1.122074
53321990 1.122096
53304000 1.122101
53247659 1.122123
53237238 1.122127
53222844 1.122131
52968093 1.122137
52948309 1.122141
52913109 1.122145
52910425 1.122149
52879306 1.122160
52786076 1.122164
52726833 1.122178
52703600 1.122184
52693076 1.122188
52665230 1.122202
52656795 1.122205
52646505 1.122218
52638264 1.122223
52624323 1.122229
52615044 1.122246
52597994 1.122249
52555179 1.122253
52546376 1.122259
52494156 1.122267
52453027 1.122274
52446462 1.122280
52414399 1.122284
52408726 1.122302
52407213 1.122306
52389092 1.122313
52382058 1.122327
52376036 1.122336
52293913 1.122344
52253058 1.122352
52142701 1.122361
52139078 1.122369
52047307 1.122383
52012777 1.122391
51981776 1.122402
51913228 1.122411
51881979 1.122416
51864739 1.122420
51799459 1.122429
51798648 1.122432
51776885 1.122435
51713385 1.122444
51674718 1.122447
51659687 1.122452
51428319 1.122461
51378851 1.122487
51323326 1.122495
51320540 1.122499
51280908 1.122508
51266776 1.122512
51246727 1.122519
51217884 1.122526
51016092 1.122534
50994010 1.122556
50979249 1.122559
50946460 1.122569
50830050 1.122582
50829816 1.122592
50742135 1.122603
50721282 1.122606
50666404 1.122635
50632418 1.122640
50604640 1.122650
50567301 1.122654
50564066 1.122662
50527536 1.122666
50478495 1.122680
50440339 1.122701
50374483 1.122711
50350019 1.122721
50315031 1.122728
50147506 1.122744
49640900 1.122750
49548258 1.122768
49435738 1.122771
49425422 1.122776
49417047 1.122779
49342154 1.122784
49340746 1.122787
49246943 1.122794
49214347 1.122798
49170492 1.122802
49149575 1.122807
48290618 1.122815
48289076 1.122819
48280680 1.122827
48276709 1.122835
48269565 1.122846
48089682 1.122855
48064474 1.122860
48036363 1.122866
48006209 1.122870
48003067 1.122896
47999733 1.122901
47969319 1.122914
47967039 1.122925
47963908 1.122933
47951169 1.122938
47950341 1.122942
47857828 1.122961
47850601 1.122976
47843784 1.122980
47820758 1.122985
47757509 1.122988
47756783 1.122991
47753562 1.123005
47740231 1.123011
47739855 1.123019
47715833 1.123026
47712140 1.123040
47651873 1.123043
47622726 1.123061
47618271 1.123069
47591642 1.123097
47482914 1.123105
47421017 1.123113
47251259 1.123168
47244455 1.123173
47241558 1.123177
47205173 1.123181
47188915 1.123185
46826073 1.123193
46807909 1.123196
46807121 1.123203
46779392 1.123219
46771494 1.123229
46763513 1.123232
46754645 1.123237
46751802 1.123241
46741888 1.123255
46724948 1.123261
46716478 1.123264
46697104 1.123279
46677678 1.123286
46675984 1.123289
46672377 1.123296
46667290 1.123303
46513031 1.123309
46500898 1.123313
46464936 1.123321
46447195 1.123325
46348760 1.123329
46308726 1.123337
46301509 1.123341
46165187 1.123349
46160199 1.123356
46075559 1.123362
46066023 1.123365
45956994 1.123385
45886193 1.123389
45881628 1.123393
45807392 1.123396
45742484 1.123402
45665974 1.123406
45650162 1.123420
45647064 1.123426
45620309 1.123435
45619364 1.123438
45598973 1.123444
45598021 1.123448
45581020 1.123457
45536025 1.123461
45530133 1.123474
45494625 1.123497
45490981 1.123501
45473776 1.123507
45406940 1.123518
45391449 1.123524
45281118 1.123540
45177785 1.123544
45147470 1.123554
45076541 1.123562
45044095 1.123567
45022461 1.123577
45016656 1.123604
44992588 1.123609
44954659 1.123633
44952221 1.123636
44929977 1.123640
44875737 1.123647
44832562 1.123650
44768454 1.123671
44692016 1.123700
44668858 1.123706
44665136 1.123709
44655605 1.123718
44638911 1.123721
44625662 1.123725
44624789 1.123728
44610244 1.123733
44587157 1.123742
44561620 1.123752
44490863 1.123771
44481010 1.123775
44371346 1.123786
44331019 1.123794
44319342 1.123800
44269986 1.123811
44262414 1.123817
44229998 1.123822
44229381 1.123825
44221920 1.123828
44203210 1.123832
44201375 1.123835
44189881 1.123843
44177874 1.123847
44176415 1.123850
44167453 1.123854
44088835 1.123873
44055476 1.123900
44039808 1.123945
44024411 1.123950
44002942 1.123959
43937642 1.123969
43849991 1.123973
43706098 1.123983
43693604 1.123987
43680154 1.123991
43672398 1.123999
43600280 1.124003
43584251 1.124009
43567011 1.124012
43535641 1.124016
43517345 1.124020
43488817 1.124025
43447445 1.124029
43404937 1.124038
43374243 1.124048
43360275 1.124057
43343761 1.124062
43339488 1.124074
43311785 1.124079
43294986 1.124083
43255211 1.124091
43238635 1.124104
43176405 1.124168
43133176 1.124173
43129289 1.124178
43115187 1.124207
43114787 1.124219
43039848 1.124229
43022258 1.124244
43011363 1.124248
42957344 1.124252
42935921 1.124258
42894365 1.124264
42882553 1.124268
42872045 1.124275
42853766 1.124279
42838575 1.124294
42835963 1.124302
42831917 1.124306
42827450 1.124319
42760665 1.124323
42740575 1.124326
42707119 1.124337
42694331 1.124341
42693483 1.124345
42683775 1.124349
42658100 1.124353
42617814 1.124356
42590231 1.124361
42564293 1.124364
42564047 1.124376
42562578 1.124406
42545719 1.124416
42517647 1.124421
42489692 1.124424
42487957 1.124433
42475378 1.124437
42339506 1.124454
42320633 1.124471
42317625 1.124485
42274611 1.124492
42262905 1.124497
42216647 1.124502
42216431 1.124509
42210745 1.124512
42210135 1.124516
42152028 1.124519
42143521 1.124523
42130407 1.124526
42125877 1.124538
42118586 1.124544
42089911 1.124548
42073375 1.124551
42035711 1.124555
41844452 1.124572
41844246 1.124594
41832003 1.124603
41804048 1.124607
41799330 1.124618
41795336 1.124636
41652405 1.124647
41486802 1.124662
41444592 1.124672
41429489 1.124685
41354645 1.124696
41345456 1.124699
41345040 1.124740
41302348 1.124747
41300924 1.124751
41298693 1.124759
41295102 1.124764
41237200 1.124767
41224080 1.124770
41199836 1.124782
41192894 1.124793
41160158 1.124802
41150949 1.124811
41144047 1.124815
41143659 1.124818
41122283 1.124821
41120873 1.124826
41102108 1.124830
41096168 1.124834
41089011 1.124873
41055668 1.124885
41026649 1.124901
40970189 1.124908
40937126 1.124911
40934083 1.124923
40897883 1.124940
40890136 1.124949
40828040 1.124999
40825504 1.125005
40822842 1.125009
40724758 1.125023
40718185 1.125026
40656307 1.125038
40648415 1.125045
40634221 1.125053
40632086 1.125066
40594751 1.125070
40437135 1.125079
40377076 1.125089
40374552 1.125099
40368043 1.125104
40304969 1.125114
40301251 1.125118
40166004 1.125135
40137018 1.125140
40062028 1.125145
40057342 1.125148
40051522 1.125165
40040271 1.125170
40029771 1.125175
40021853 1.125179
39980948 1.125182
39975265 1.125188
39974577 1.125192
39974360 1.125195
39962129 1.125207
39903795 1.125213
39901613 1.125217
39857182 1.125220
39682710 1.125231
39628861 1.125234
39626142 1.125240
39622913 1.125267
39620162 1.125297
39620112 1.125304
39525103 1.125316
39523079 1.125322
39516836 1.125329
39504009 1.125332
39480441 1.125339
39428013 1.125345
39396173 1.125353
39375170 1.125356
39363029 1.125359
39349908 1.125362
39048552 1.125370
39048379 1.125437
39027985 1.125443
39012500 1.125454
39011824 1.125475
38931734 1.125484
38910323 1.125487
38879203 1.125495
38824476 1.125505
38734512 1.125514
38707600 1.125518
38641103 1.125521
38628434 1.125525
38621681 1.125543
38603577 1.125547
38594902 1.125551
38585612 1.125554
38529804 1.125558
38528996 1.125586
38514169 1.125591
38487016 1.125598
38483687 1.125601
38475143 1.125605
38435450 1.125652
38398746 1.125660
38397594 1.125664
38396900 1.125667
38392956 1.125670
38348207 1.125674
38341050 1.125677
38330992 1.125681
38267518 1.125685
38242123 1.125688
38237245 1.125721
38184968 1.125731
38172998 1.125735
38154185 1.125740
38151047 1.125744
38141719 1.125750
38138793 1.125774
38107174 1.125778
38061905 1.125783
38019387 1.125802
37863414 1.125812
37819633 1.125816
37819601 1.125841
37741547 1.125848
37739866 1.125858
37723568 1.125879
37719059 1.125889
37714530 1.125900
37681506 1.125905
37666635 1.125915
37657197 1.125919
37649388 1.125923
37648002 1.125941
37634958 1.125946
37622380 1.125949
37600737 1.125961
37583918 1.125969
37484073 1.125977
37468034 1.125981
37434316 1.125988
37432159 1.125992
37429608 1.125996
37426257 1.126000
37315568 1.126004
37284379 1.126008
37233867 1.126029
37210549 1.126036
37177381 1.126040
37167360 1.126044
37156279 1.126107
37151539 1.126120
37151160 1.126335
37032037 1.126345
37031591 1.126362
37013788 1.126366
36947900 1.126396
36791654 1.126415
36786830 1.126423
36782347 1.126432
36756419 1.126436
36738635 1.126442
36690935 1.126452
36451885 1.126456
36439073 1.126465
36430614 1.126469
36411919 1.126519
36409476 1.126526
36401551 1.126538
36285701 1.126550
36247070 1.126560
36222511 1.126564
36143686 1.126570
36140642 1.126574
36046070 1.126609
36004670 1.126613
35938730 1.126625
35909301 1.126632
35898864 1.126636
35883157 1.126640
35861796 1.126644
35835865 1.126650
35822601 1.126655
35805246 1.126659
35796390 1.126664
35785744 1.126679
35722599 1.126684
35722031 1.126695
35719301 1.126720
35666954 1.126728
35630661 1.126737
35527735 1.126746
35400188 1.126758
35393591 1.126774
35388707 1.126788
35380970 1.126792
35267923 1.126824
35259442 1.126839
35255281 1.126843
35252845 1.126866
35239734 1.126877
35222746 1.126892
35156554 1.126904
35148512 1.126955
35135001 1.126959
35114962 1.126976
35112523 1.127004
35101643 1.127011
35090348 1.127014
35079030 1.127056
35032187 1.127061
35024549 1.127067
34984738 1.127107
34925340 1.127111
34911867 1.127164
34899444 1.127203
34745972 1.127293
34745663 1.127307
34711217 1.127320
34663031 1.127328
34645062 1.127341
34631242 1.127374
34619766 1.127386
34557291 1.127391
34551075 1.127396
34545550 1.127400
34545394 1.127451
34444521 1.128078
34441528 1.128086
34410728 1.128090
34396280 1.128098
34392079 1.128156
34388584 1.128186
34373033 1.128213
34358224 1.128222
34338629 1.128231
34316948 1.128234
34305639 1.128259
34305108 1.128290
34302293 1.128299
34294189 1.128305
34280906 1.128326
34219316 1.128345
34210649 1.128353
34183406 1.128358
34182612 1.128366
34156428 1.128372
34155442 1.128389
34148886 1.128421
34143566 1.128438
34136160 1.128450
34128681 1.128547
34122921 1.128562
34038874 1.128570
34033385 1.128789
34029558 1.128843
34011968 1.128862
34008432 1.128868
33998927 1.128890
33995904 1.128923
33975767 1.128959
33917809 1.128964
33907345 1.128974
33886498 1.128978
33833288 1.128982
33800594 1.128996
33798624 1.129019
33761327 1.129053
33753711 1.129062
33751173 1.129072
33749344 1.129097
33747109 1.129103
33737406 1.129108
33735975 1.129118
33717887 1.129137
33701436 1.129143
33695620 1.129169
33686008 1.129181
33684689 1.129241
33683789 1.129254
33676121 1.129259
33618456 1.129285
33594398 1.129290
33592197 1.129298
33582477 1.129310
33581216 1.129314
33567292 1.129323
33532445 1.129333
33531372 1.129337
33477168 1.129344
33469394 1.129352
33465374 1.129356
33244949 1.129380
33212723 1.129397
33202923 1.129490
33201033 1.129496
33183265 1.129500
33171706 1.129505
33171287 1.129511
33167412 1.129517
33166162 1.129529
33152121 1.129542
33149535 1.129567
33141683 1.129787
33123534 1.129936
33105665 1.129962
33091095 1.130021
33080584 1.130027
33074641 1.130060
33071494 1.130086
33065940 1.130091
33010107 1.130105
32958748 1.130114
32955374 1.130118
32914067 1.130122
32900313 1.130127
32878230 1.130131
32870405 1.130134
32870221 1.130153
32864601 1.130165
32856126 1.130203
32831361 1.130239
32829914 1.130247
32822465 1.130268
32804557 1.130272
32803395 1.130278
32800352 1.130362
32795657 1.130371
32788605 1.130388
32779852 1.130406
32773962 1.130412
32753695 1.130418
32745216 1.130473
32729640 1.130494
32698349 1.130505
32692663 1.130508
32690831 1.130532
32684860 1.130536
32679295 1.130544
32662653 1.130550
32656963 1.130561
32552264 1.130938
32543083 1.130963
32525146 1.130976
32512589 1.130994
32500079 1.130999
32499053 1.131005
32493557 1.131013
32489543 1.131024
32485794 1.131035
32471404 1.131090
32453120 1.131095
32453086 1.131098
32440958 1.131102
32404318 1.131105
32398141 1.131139
32396792 1.131146
32355071 1.131174
32344204 1.131183
32342361 1.131195
32329240 1.131198
32300250 1.131207
32294551 1.131213
32290533 1.131217
32283878 1.131221
32266787 1.131233
32250738 1.131241
32248811 1.131251
32239700 1.131266
32180550 1.131270
32180266 1.131283
32179734 1.131309
32175203 1.131322
32168903 1.131335
32164015 1.131339
32160721 1.131418
32156954 1.131434
32142596 1.131470
32141549 1.131482
32138805 1.131488
32135541 1.131493
31940314 1.131577
31919772 1.131589
31912284 1.131593
31893907 1.131615
31893874 1.131624
31887531 1.131781
31860009 1.131788
31855686 1.131795
31846709 1.131799
31830720 1.131824
31828029 1.131832
31816158 1.131839
31811055 1.131870
31807226 1.132035
31803403 1.133031
31795188 1.133065
31769020 1.133075
31724962 1.133108
31724584 1.133116
31719364 1.133125
31666690 1.133129
31666104 1.133162
31643394 1.133262
31641647 1.133266
31639156 1.133294
31361533 1.133900
31359554 1.133916
31358922 1.133923
31344905 1.133926
31329299 1.133968
31314766 1.133993
31314128 1.133998
31312157 1.134002
31231298 1.134005
31222877 1.134012
31220210 1.134016
31217818 1.134070
31215364 1.134276
31214914 1.134289
31214518 1.134477
31208360 1.134518
31206890 1.134554
31194122 1.134577
31191865 1.134629
31188504 1.134634
31170983 1.134819
31135496 1.134835
31134892 1.134901
31128480 1.134922
31110184 1.134939
31106876 1.134969
31033717 1.134985
31033496 1.135025
31020737 1.135028
31020305 1.135063
31001594 1.135073
30992720 1.135078
30946610 1.135083
30936322 1.135129
30930648 1.135136
30915164 1.135141
30910056 1.135148
30900259 1.135184
30899268 1.135200
30887303 1.135273
30883416 1.135283
30857901 1.135288
30856631 1.135370
30844202 1.136112
30843100 1.136130
30829823 1.136222
30819574 1.136238
30805026 1.136244
30797577 1.136425
30776897 1.136550
30768736 1.136630
30768645 1.136635
30763319 1.136661
30734560 1.136710
30731098 1.136720
30724619 1.136724
30704745 1.136734
30699935 1.136782
30693559 1.137286
30676608 1.137292
30654420 1.137333
30653354 1.137338
30652611 1.137397
30647604 1.137402
30647488 1.137431
30641124 1.137441
30627972 1.137452
30624439 1.137456
30615857 1.137465
30598367 1.137468
30597450 1.137472
30597226 1.137475
30592944 1.137480
30572077 1.137484
30570809 1.137502
30569097 1.137578
30566495 1.137584
30566099 1.137587
30556847 1.137602
30553450 1.137657
30547038 1.137662
30537828 1.137822
30531125 1.137866
30522349 1.137871
30459704 1.137898
30450984 1.137906
30420217 1.137918
30418050 1.137927
30416615 1.137997
30400703 1.138002
30399970 1.138038
30391983 1.138324
30388515 1.138332
30300904 1.138375
30300789 1.138520
30284783 1.138541
30282482 1.138575
30269129 1.138581
30266014 1.138680
30259245 1.138713
30258083 1.138719
30256892 1.139045
30256714 1.139050
30253606 1.139079
30240402 1.139145
30220258 1.139153
30218844 1.139462
30218528 1.139473
30211721 1.140019
30211244 1.140085
30208163 1.140152
30207951 1.142948
30202488 1.143011
30200293 1.143031
30191674 1.143141
30187455 1.143146
30183943 1.143158
30174361 1.143187
30169320 1.143889
30167125 1.143897
30148434 1.143931
30143111 1.143935
30140988 1.143996
30138089 1.144124
30131694 1.144142
30129318 1.144146
30112488 1.144278
29637154 1.144342
29628689 1.144355
29599304 1.144363
29589068 1.145676
29586067 1.145701
29582533 1.145737
29579248 1.145742
29575155 1.145779
29567757 1.145846
29553007 1.146243
29552595 1.146391
29549673 1.146414
29407976 1.146422
29406581 1.146466
29400950 1.146611
29396540 1.147914
29393401 1.147944
29379837 1.148190
29364692 1.148735
29357171 1.148743
29345203 1.148934
29339280 1.150338
29336383 1.150401
29333544 1.151358
29332803 1.151574
29330546 1.151589
29327902 1.151902
29320309 1.151924
29319318 1.151928
29318184 1.151937
29315618 1.151974
29313596 1.151988
29312784 1.152184
29309664 1.152254
29308344 1.152310
29282735 1.153696
29212333 1.153754
29170198 1.153769
29167331 1.153777
29165242 1.153783
29152509 1.153833
29118093 1.153838
29108002 1.153846
29090164 1.153892
29089823 1.154211
29087826 1.154216
29074421 1.154228
28757158 1.154461
28756575 1.154472
28751484 1.154493
28749298 1.154560
28748583 1.154583
28740375 1.154597
28733904 1.154655
28728574 1.154664
28716789 1.154988
28694730 1.154999
28694276 1.155059
28693122 1.155177
28688147 1.155182
28683039 1.155202
28682739 1.155527
28677462 1.155532
28671050 1.155590
28659419 1.155594
28655535 1.155600
28640290 1.155845
28639439 1.155885
28638255 1.155894
28627528 1.155910
28618070 1.155943
28612631 1.155947
28611421 1.156039
28610723 1.156046
28608267 1.156134
28596529 1.156188
28590337 1.156758
28585855 1.157152
28584693 1.157157
28583253 1.157185
28582091 1.157193
28574719 1.159456
28570303 1.160489
28558122 1.160598
28554665 1.162248
28554617 1.162283
28550625 1.162291
28546796 1.162425
28545251 1.165196
28544068 1.165406
28542192 1.170824
28541072 1.171478
28533494 1.171483
28531638 1.171487
28528824 1.171504
28515821 1.172027
28514474 1.173523
28510860 1.174947
28507327 1.174975
28507071 1.177281
28503429 1.179050
28502393 1.179328
28501152 1.179351
28499074 1.180020
28490672 1.180039
28487218 1.180056
28478824 1.180286
28478651 1.181811
28469093 1.181818
28457176 1.181824
28449773 1.181841
28446911 1.181920
28445512 1.182230
28444521 1.182247
28443054 1.182370
28432473 1.182417
28429215 1.182439
28427945 1.182579
28427853 1.182761
28416939 1.184016
28413947 1.184045
28412326 1.184053
28411003 1.184076
28410383 1.184086
28408659 1.184091
28406844 1.184273
28389742 1.184632
28388104 1.185915
28378112 1.186642
28377652 1.187240
28375464 1.191048
28374005 1.191138
28372464 1.192061
28369349 1.193137
28364803 1.193153
28363203 1.196888
28359691 1.202935
28356421 1.202942
28348687 1.203389
28347799 1.203398
28347073 1.204533
28338433 1.204564
28336989 1.204572
28332832 1.204576
28330145 1.204595
28329975 1.205716
28324340 1.207531
28322199 1.211463
28320881 1.211484
28320144 1.212769
28318977 1.212868
28317299 1.223859
28316806 1.225993
28316801 1.239228
28308683 1.239397
28308105 1.251834
28307684 1.264219
28305195 1.274405
28304961 1.285366
28304818 1.337376
28303782 1.337389
28303390 1.337828
28302159 1.338472
28301297 1.338494
28299862 1.339365
28299338 1.339808
28299030 1.339815
28297572 1.339978
28296773 1.340998
28296206 1.341071
28295637 1.343039
28293484 1.569581
28292824 1.570052
28292331 1.571170
28291592 1.578985
28288620 1.637570
28285109 1.651215
28283906 1.652668
28282472 1.673351
28279945 1.701713
28277465 1.884846
28277396 3.467380
28276060 3.469330
28271568 3.476171
28268326 4.644749
28260888 4.831576
28260888 604.832594
