PROBLEM_FILE = /tmp/17756.tmp/sample.tsp
54176868 1.095785
54175419 1.095821
54120547 1.095834
54106227 1.095839
54105521 1.095844
54063601 1.095850
54058290 1.095866
54047266 1.095871
54015594 1.095876
54012447 1.095882
53988027 1.095896
53975700 1.095907
53960545 1.095917
53838903 1.095923
53506916 1.095939
53501636 1.095945
53478522 1.095950
53477029 1.095954
53462114 1.095957
53451273 1.095961
53448382 1.095965
53443575 1.095990
53438091 1.096027
53431462 1.096034
53184847 1.096044
53126950 1.096065
53022125 1.096071
53013291 1.096087
53011942 1.096091
52997493 1.096103
52967115 1.096111
52965880 1.096114
52918244 1.096119
52897754 1.096124
52877634 1.096141
52800227 1.096148
52629820 1.096158
52614235 1.096164
52610856 1.096168
52542863 1.096177
52505162 1.096182
52488363 1.096197
52380116 1.096226
52319325 1.096232
52292169 1.096259
52283269 1.096263
52281996 1.096267
52272029 1.096270
52270433 1.096274
52270406 1.096277
52268536 1.096280
52131402 1.096291
52122592 1.096295
51997383 1.096309
51982828 1.096318
51981617 1.096333
51980571 1.096353
51827047 1.096372
51825043 1.096376
51814966 1.096383
51814170 1.096388
51808493 1.096396
51786734 1.096400
51777353 1.096404
51717688 1.096424
51705760 1.096430
51399507 1.096436
51388426 1.096439
51360939 1.096445
51351982 1.096449
51325708 1.096453
51307934 1.096468
51238353 1.096481
51150266 1.096490
51130383 1.096493
51035600 1.096501
50987639 1.096505
50972572 1.096509
50953341 1.096515
50948958 1.096534
50901617 1.096539
50883564 1.096543
50841036 1.096552
50788584 1.096567
50785937 1.096571
50775718 1.096574
50756998 1.096579
50656233 1.096593
50654975 1.096597
50479650 1.096609
50243346 1.096617
50204935 1.096629
50170051 1.096640
50165063 1.096644
50153237 1.096647
50150344 1.096650
50147884 1.096653
50136204 1.096673
50117670 1.096680
50099108 1.096683
50098584 1.096693
49985062 1.096701
49974101 1.096704
49972292 1.096712
49948891 1.096738
49925136 1.096747
49905830 1.096769
49890968 1.096776
49866298 1.096780
49850800 1.096803
49800733 1.096811
49799126 1.096826
49769000 1.096830
49758459 1.096837
49756904 1.096865
49743078 1.096872
49740464 1.096889
49739626 1.096893
49732407 1.096912
49708411 1.096926
49633068 1.096930
49626944 1.096943
49607320 1.096950
49583813 1.096954
49570115 1.096957
49554881 1.096961
49553978 1.096965
49541418 1.096979
49539810 1.096988
49497225 1.096995
49485275 1.097003
49478924 1.097011
49449317 1.097026
49408436 1.097030
49380103 1.097045
49345159 1.097052
49341796 1.097061
49340074 1.097067
49330411 1.097073
49329968 1.097077
49315997 1.097095
49279147 1.097109
49201931 1.097115
49199442 1.097125
49177509 1.097132
49133295 1.097141
49118519 1.097144
49098348 1.097163
49094365 1.097174
49083587 1.097178
49076572 1.097186
49060378 1.097193
49046375 1.097198
49036306 1.097202
48949747 1.097207
48878422 1.097211
48773551 1.097216
48686247 1.097222
48681032 1.097235
48377030 1.097249
48327689 1.097252
48302267 1.097256
48298446 1.097263
48270347 1.097274
48245080 1.097278
48242452 1.097287
48224824 1.097291
48204534 1.097294
48152082 1.097301
48129698 1.097305
48111926 1.097317
48084078 1.097327
48080430 1.097335
48076002 1.097339
48063096 1.097344
48053158 1.097353
48049611 1.097364
48034362 1.097372
48024936 1.097375
48006966 1.097379
48001943 1.097382
47968502 1.097385
47962116 1.097389
47941994 1.097393
47915765 1.097397
47824753 1.097407
47780776 1.097423
47755351 1.097431
47709741 1.097441
47696983 1.097445
47623437 1.097454
47463972 1.097459
47288446 1.097468
47284592 1.097486
47281104 1.097504
47249301 1.097508
47224016 1.097518
47164918 1.097523
47155911 1.097534
47141023 1.097538
47122100 1.097544
47096798 1.097549
47089912 1.097553
47007816 1.097556
47001070 1.097564
46999851 1.097569
46976271 1.097573
46955295 1.097576
46890627 1.097604
46831583 1.097608
46820439 1.097612
46803904 1.097615
46789163 1.097620
46777558 1.097624
46753683 1.097630
46744745 1.097635
46630299 1.097648
46588107 1.097662
46459512 1.097691
46358319 1.097710
46337820 1.097714
46336152 1.097717
46330156 1.097721
46328058 1.097724
46323104 1.097747
46322262 1.097751
46287113 1.097765
46278722 1.097768
46269291 1.097772
46181935 1.097780
46169937 1.097801
46141003 1.097805
46137796 1.097808
46087108 1.097841
46053069 1.097856
46032802 1.097864
46032237 1.097868
45975700 1.097871
45962097 1.097877
45942539 1.097885
45924162 1.097891
45909544 1.097905
45865784 1.097915
45841707 1.097918
45832592 1.097929
45776406 1.097936
45719971 1.097949
45700722 1.097953
45698029 1.097960
45488400 1.097977
45480565 1.097981
45471301 1.097984
45458940 1.097988
45350543 1.097992
45332776 1.097996
45279838 1.098002
45276971 1.098006
45253817 1.098010
45252026 1.098016
45244381 1.098019
45239961 1.098028
45200359 1.098035
45086460 1.098062
45072268 1.098074
45039330 1.098077
45020851 1.098082
44951961 1.098088
44794756 1.098092
44647258 1.098114
44631521 1.098118
44591071 1.098121
44582505 1.098130
44569328 1.098142
44512606 1.098146
44502085 1.098151
44471526 1.098162
44455682 1.098166
44356520 1.098179
44330080 1.098182
44311194 1.098193
44166592 1.098201
44150173 1.098207
44027598 1.098220
43985684 1.098224
43976897 1.098228
43969035 1.098243
43949286 1.098247
43932218 1.098250
43911766 1.098253
43911040 1.098257
43905330 1.098273
43879834 1.098286
43833434 1.098290
43794445 1.098305
43787102 1.098311
43782049 1.098314
43685435 1.098319
43645015 1.098322
43576975 1.098330
43572823 1.098349
43541375 1.098354
43486281 1.098358
43465768 1.098362
43450959 1.098367
43216560 1.098376
43216488 1.098379
43111473 1.098392
43059026 1.098396
43022106 1.098406
43007670 1.098410
43004410 1.098418
42986580 1.098422
42948221 1.098431
42931128 1.098436
42906727 1.098440
42896527 1.098452
42854241 1.098459
42852770 1.098462
42794980 1.098465
42791908 1.098469
42786710 1.098472
42781775 1.098475
42778180 1.098488
42756372 1.098501
42722670 1.098505
42697532 1.098509
42658440 1.098518
42649144 1.098521
42631151 1.098525
42597550 1.098530
42592053 1.098534
42560646 1.098541
42533891 1.098544
42525475 1.098548
42507609 1.098570
42452465 1.098577
42451640 1.098584
42419962 1.098587
42401780 1.098620
42355941 1.098639
42291598 1.098644
42289928 1.098651
42282163 1.098655
42269774 1.098666
42257700 1.098686
42236189 1.098694
42075705 1.098706
42070355 1.098710
42064355 1.098714
42053489 1.098717
42053096 1.098736
42041791 1.098741
42032904 1.098744
42014494 1.098748
42012633 1.098759
42011972 1.098768
41931979 1.098776
41923118 1.098783
41919407 1.098791
41896935 1.098795
41885455 1.098800
41878719 1.098807
41834054 1.098828
41805013 1.098831
41776819 1.098834
41762124 1.098857
41752406 1.098861
41740540 1.098869
41734789 1.098876
41621418 1.098882
41467085 1.098890
41462014 1.098909
41313345 1.098922
41304680 1.098927
41293923 1.098933
41279470 1.098939
41279382 1.098964
41273286 1.098968
41252076 1.098971
41245514 1.098974
41235813 1.098984
41227253 1.098993
41195391 1.099037
41195300 1.099041
41177579 1.099111
41169815 1.099132
41159025 1.099136
41144255 1.099140
41139076 1.099155
41059142 1.099172
41034410 1.099183
41007961 1.099186
40912008 1.099192
40906759 1.099195
40883603 1.099199
40847301 1.099203
40825481 1.099212
40790208 1.099230
40726111 1.099237
40711457 1.099241
40699770 1.099255
40599894 1.099267
40514396 1.099272
40512110 1.099275
40476235 1.099278
40460010 1.099282
40453666 1.099290
40447235 1.099294
40428147 1.099298
40427361 1.099305
40371952 1.099318
40366788 1.099322
40200904 1.099332
40191367 1.099340
40124079 1.099345
40120291 1.099349
40111106 1.099353
40106609 1.099361
40047391 1.099375
40012544 1.099378
39989253 1.099386
39962892 1.099391
39957900 1.099394
39886013 1.099400
39872377 1.099407
39733544 1.099412
39597125 1.099416
39535713 1.099420
39493336 1.099434
39484443 1.099444
39439949 1.099447
39438154 1.099459
39404448 1.099462
39401214 1.099477
39371461 1.099480
39350855 1.099500
39337955 1.099505
39319184 1.099510
39306682 1.099513
39280136 1.099518
39186478 1.099547
39117173 1.099584
39114268 1.099589
39111315 1.099607
38765790 1.099621
38692848 1.099631
38685755 1.099635
38658783 1.099641
38651924 1.099644
38539993 1.099656
38539602 1.099659
38537969 1.099663
38535841 1.099673
38511287 1.099679
38484311 1.099682
38482345 1.099685
38475544 1.099689
38468369 1.099693
38463298 1.099697
38443875 1.099702
38394192 1.099707
38387982 1.099710
38387754 1.099722
38359772 1.099729
38341521 1.099738
38298608 1.099747
38292616 1.099752
38273115 1.099755
38267518 1.099760
38266942 1.099767
38247224 1.099788
38244771 1.099794
38244073 1.099799
38240345 1.099802
38235397 1.099806
38230056 1.099815
38228154 1.099823
38209260 1.099826
38189534 1.099835
38161725 1.099841
38150821 1.099845
38126283 1.099849
38087433 1.099858
38083500 1.099870
38076604 1.099974
38056026 1.099978
38003346 1.099985
37974033 1.099991
37953997 1.099994
37949767 1.100000
37927872 1.100009
37924568 1.100015
37920896 1.100019
37851174 1.100034
37841174 1.100037
37807179 1.100052
37801255 1.100063
37782415 1.100079
37721842 1.100089
37702874 1.100111
37688367 1.100119
37638772 1.100126
37631312 1.100130
37602361 1.100151
37598262 1.100160
37505191 1.100165
37487126 1.100169
37457908 1.100175
37312861 1.100184
37273970 1.100188
37273425 1.100192
37200024 1.100198
37174857 1.100212
37139543 1.100215
37096982 1.100225
37087430 1.100234
36971196 1.100239
36967812 1.100243
36955464 1.100246
36946314 1.100249
36938871 1.100252
36888294 1.100258
36884002 1.100272
36881934 1.100277
36871697 1.100310
36847683 1.100315
36844564 1.100320
36825696 1.100339
36820154 1.100343
36804052 1.100347
36797395 1.100354
36791288 1.100373
36783510 1.100385
36649090 1.100395
36554000 1.100415
36552630 1.100419
36516511 1.100429
36502894 1.100461
36502606 1.100465
36484644 1.100473
36453296 1.100478
36434015 1.100483
36409913 1.100486
36408103 1.100490
36395566 1.100530
36357540 1.100538
36307556 1.100543
36297830 1.100547
36275165 1.100561
36225496 1.100568
36224373 1.100571
36173824 1.100581
36151329 1.100592
36102184 1.100596
36032712 1.100600
35951589 1.100607
35910690 1.100612
35909917 1.100615
35899684 1.100634
35899242 1.100654
35894419 1.100660
35606807 1.100672
35596826 1.100681
35587335 1.100692
35571986 1.100696
35544287 1.100710
35544063 1.100748
35543435 1.100754
35541741 1.100758
35536224 1.100801
35524063 1.100807
35477244 1.100841
35432012 1.100845
35304299 1.100849
35271751 1.100857
35248008 1.100863
35223569 1.100866
35211348 1.100875
35202502 1.100900
35152088 1.100973
35123655 1.101006
35123138 1.101084
35099824 1.101089
35091132 1.101101
35015239 1.101115
35010861 1.101167
34985379 1.101175
34969723 1.101192
34938780 1.101197
34911766 1.101201
34910493 1.101217
34903669 1.101250
34888931 1.101267
34870864 1.101271
34868371 1.101275
34829507 1.101279
34790370 1.101286
34785821 1.101290
34775603 1.101296
34762535 1.101303
34762249 1.101317
34725465 1.101322
34705262 1.101351
34693118 1.101368
34681105 1.101372
34681082 1.101375
34667221 1.101380
34660367 1.101400
34629824 1.101426
34612600 1.101431
34608675 1.101464
34602914 1.101569
34600357 1.101574
34569905 1.101586
34538066 1.101613
34516963 1.101619
34514203 1.101626
34513365 1.101629
34497597 1.101633
34492736 1.101641
34485958 1.101646
34473501 1.101656
34466331 1.101661
34450582 1.101677
34448298 1.101682
34433779 1.101689
34432274 1.101704
34411516 1.101814
34409740 1.101819
34407710 1.101839
34382487 1.101860
34368435 1.101881
34363993 1.101907
34354352 1.101934
34346372 1.101939
34345797 1.101946
34345774 1.101949
34339826 1.101971
34334036 1.101996
34317584 1.102008
34299945 1.102015
34180753 1.102021
34166284 1.102027
34164648 1.102035
34143927 1.102045
34136893 1.102050
34120107 1.102054
33977747 1.102057
33973184 1.102073
33969566 1.102077
33942630 1.102081
33917243 1.102084
33915961 1.102090
33912630 1.102094
33892075 1.102097
33848566 1.102113
33773989 1.102126
33747611 1.102130
33744811 1.102148
33713738 1.102161
33712777 1.102218
33707109 1.102233
33706514 1.102247
33690800 1.102255
33684688 1.102259
33671984 1.102262
33666681 1.102266
33626032 1.102271
33617055 1.102274
33582348 1.102285
33577943 1.102290
33576417 1.102309
33555523 1.102312
33451800 1.102323
33442271 1.102326
33432539 1.102329
33420494 1.102338
33374963 1.102341
33312285 1.102395
33304608 1.102399
33284494 1.102413
33215438 1.102421
33178685 1.102425
33178555 1.102441
33174374 1.102451
33171596 1.102457
33153827 1.102464
33149694 1.102488
33141189 1.102492
33075337 1.102517
33047293 1.102557
33046002 1.102568
33035916 1.102606
33017351 1.102655
33008700 1.102677
33006459 1.102685
33002320 1.102722
32991038 1.102735
32928862 1.102746
32904080 1.102757
32896866 1.102771
32893507 1.102778
32887363 1.102788
32882934 1.102792
32863573 1.102795
32856019 1.102799
32789819 1.102807
32788140 1.102878
32267687 1.102904
32262306 1.102909
32261665 1.102915
32256596 1.102928
32253861 1.103016
32250401 1.103021
32196064 1.103026
32194284 1.103029
32192288 1.103040
32181322 1.103045
32177854 1.103049
32177569 1.103085
32171254 1.103089
32140981 1.103136
32137074 1.103157
32115323 1.103161
32102841 1.103200
32097709 1.103205
32079679 1.103229
32059634 1.103235
32055677 1.103260
32004782 1.103266
31975912 1.103284
31953378 1.103291
31941583 1.103340
31935311 1.103343
31898295 1.103349
31881528 1.103353
31827358 1.103370
31813157 1.103375
31782807 1.103378
31781071 1.103386
31762188 1.103391
31705025 1.103394
31680925 1.103397
31678217 1.103541
31677889 1.103559
31670578 1.103588
31669772 1.103617
31652982 1.103627
31647777 1.103766
31640339 1.104651
31625480 1.104690
31615341 1.104712
31607888 1.104725
31606026 1.104772
31603326 1.104836
31598200 1.104853
31575683 1.104858
31542628 1.104863
31351126 1.104878
31345736 1.104883
31065969 1.104980
31055898 1.105034
31053149 1.105052
31045034 1.105057
30978369 1.105114
30933995 1.105205
30933631 1.105210
30925365 1.105237
30922749 1.105242
30904644 1.105252
30864474 1.105255
30832580 1.105260
30801180 1.105282
30796474 1.105295
30779153 1.105311
30776867 1.105316
30775994 1.105332
30757250 1.105338
30752531 1.105342
30660523 1.105362
30656407 1.105367
30625004 1.105371
30425399 1.105398
30417295 1.105408
30412566 1.105415
30396193 1.105420
30392827 1.105424
30352689 1.105453
30345274 1.105503
30342450 1.105681
30334282 1.105688
30325284 1.105692
30322979 1.105695
30315530 1.105700
30275004 1.105704
30265858 1.105709
30262076 1.105725
30222161 1.105741
30213673 1.106015
30211041 1.106045
30210045 1.106050
30190156 1.106083
30186978 1.106106
30181801 1.106138
30157812 1.106163
30149755 1.106168
30139606 1.106413
30137477 1.106425
30135632 1.106430
30129746 1.106439
30125999 1.106455
30116616 1.106469
30091720 1.106506
30081854 1.106522
30073464 1.106584
30053473 1.106589
30045767 1.106597
30043054 1.106606
30041346 1.106615
30039524 1.106653
30038357 1.106657
30037656 1.106708
30029203 1.106771
30023659 1.106779
30021297 1.106797
29944626 1.106803
29937986 1.106809
29920854 1.106813
29919612 1.106816
29908098 1.106820
29907463 1.106827
29907419 1.106851
29903023 1.106857
29901794 1.106861
29895652 1.106873
29893594 1.106985
29884865 1.106992
29882837 1.107081
29848499 1.107087
29840356 1.107091
29840170 1.107095
29838339 1.107111
29837222 1.107115
29835658 1.107119
29831012 1.107537
29800154 1.107552
29791692 1.107725
29787416 1.107739
29785852 1.107783
29770779 1.107821
29770536 1.107955
29737723 1.107998
29724154 1.108002
29719340 1.108013
29711912 1.108018
29705732 1.108023
29705624 1.108053
29695724 1.108079
29671685 1.108083
29671589 1.108090
29667151 1.108138
29658672 1.109277
29656125 1.109281
29655761 1.109534
29653096 1.109538
29647533 1.109547
29645567 1.109550
29624224 1.109557
29616538 1.109570
29614025 1.109574
29612239 1.109639
29609540 1.109669
29607057 1.109826
29590835 1.109921
29589676 1.109927
29572357 1.109936
29558786 1.109942
29556611 1.110063
29548169 1.110068
29543786 1.110080
29539115 1.110089
29533286 1.110193
29530686 1.110253
29504225 1.110279
29478295 1.110283
29460528 1.110289
29460306 1.110302
29459199 1.110305
29456648 1.110341
29434622 1.110349
29433909 1.111178
29417429 1.111586
29412800 1.111739
29404820 1.111814
29404500 1.111822
29398623 1.111832
29395927 1.111958
29394563 1.111994
29392471 1.112006
29390621 1.112022
29379896 1.112027
29379328 1.112049
29367407 1.112053
29364720 1.112059
29345333 1.112115
29323508 1.112505
29319006 1.112512
29315806 1.112516
29310950 1.112531
29305626 1.112541
29305491 1.112756
29305161 1.112936
29295400 1.113030
29259883 1.113655
29241772 1.113660
29238902 1.113705
29236408 1.113712
29235395 1.113788
29232241 1.113919
29222707 1.113924
29214049 1.113929
29207196 1.113982
29201659 1.114018
29197803 1.114159
29195954 1.114167
29192802 1.114497
29136553 1.114535
29130162 1.115305
29123399 1.115317
29061952 1.115408
29061924 1.115898
29058741 1.115904
29058478 1.115944
29057675 1.115975
29053905 1.116281
29051466 1.116312
29049563 1.117130
29048438 1.117167
29046700 1.117621
29034984 1.117627
28988605 1.117706
28987820 1.117847
28967636 1.117993
28967436 1.118149
28966234 1.119145
28965989 1.120326
28961377 1.120400
28948796 1.120428
28942614 1.120502
28921655 1.120537
28887482 1.120542
28886178 1.120555
28886136 1.120775
28878016 1.120811
28877285 1.120816
28867797 1.120828
28864178 1.120884
28857485 1.120890
28852811 1.120918
28850132 1.120922
28847277 1.121030
28840620 1.121652
28840310 1.121823
28823376 1.121971
28806766 1.122693
28797578 1.122716
28792512 1.122726
28788987 1.122818
28788431 1.124245
28751171 1.124257
28747562 1.124261
28747362 1.124278
28744770 1.124328
28744268 1.124346
28731303 1.125085
28725419 1.125209
28720696 1.125217
28717407 1.125551
28715515 1.125556
28709122 1.125560
28692565 1.125571
28687839 1.125587
28686662 1.125778
28660005 1.125826
28657098 1.125831
28656604 1.126239
28645528 1.126365
28642912 1.128011
28636609 1.128092
28629420 1.128129
28628098 1.128151
28626920 1.128155
28622082 1.128351
28621787 1.128356
28620309 1.128364
28612275 1.128469
28611852 1.129414
28510480 1.129890
28497298 1.129940
28491941 1.129946
28475943 1.129991
28475210 1.130018
28465999 1.130023
28460860 1.130073
28459422 1.130093
28450367 1.130099
28445863 1.130168
28441070 1.130174
28435853 1.130178
28434740 1.130188
28434008 1.130191
28419739 1.130236
28417184 1.130272
28409319 1.131341
28342332 1.131377
28340605 1.131381
28303609 1.131386
28296277 1.132699
28292710 1.132718
28280634 1.132723
28280132 1.132853
28277704 1.132868
28277524 1.132874
28275002 1.133569
28263011 1.133574
28261070 1.134476
28259770 1.134598
28259527 1.134726
28231741 1.134760
28231527 1.134769
28230346 1.134778
28221251 1.135033
28219006 1.135039
28206887 1.135138
28199929 1.135430
28195997 1.136884
28195807 1.137190
28193129 1.137959
28188828 1.137973
28187055 1.143715
28186525 1.143727
28172515 1.143743
28170994 1.143748
28091371 1.143751
28090760 1.143827
28082596 1.143920
28077967 1.146011
28059946 1.188776
28058267 1.188909
28055716 1.189244
28055449 1.189909
28053160 1.193404
28052859 1.194875
28049460 1.195483
28048614 1.197125
28042621 1.197160
28040772 1.197210
28036518 1.197247
28033626 1.197276
28032857 1.197315
28032619 1.197853
28023057 1.197866
28007518 1.197921
28007106 1.198713
28006863 1.199304
28005015 1.199388
28003299 1.199428
28003084 1.199511
28002181 1.199855
28002087 1.202550
28001991 1.202570
27999563 1.232514
27998356 1.232526
27996619 1.232766
27989767 1.232990
27978577 1.233052
27976288 1.233070
27957472 1.233272
27947109 1.233291
27945891 1.233307
27940837 1.233479
27939191 1.233648
27930879 1.234597
27929558 1.234650
27929393 1.234660
27922899 1.234888
27920585 1.235655
27918090 1.235661
27917239 1.244275
27916454 1.245546
27910379 1.245623
27908720 1.245630
27900120 1.245686
27895182 1.247921
27894815 1.247996
27894047 1.248018
27893454 1.248042
27893442 1.248072
27877186 1.251458
27874483 1.251698
27867289 1.251723
27866355 1.252348
27859894 1.252354
27850689 1.253746
27847663 1.255817
27841005 1.263588
27837504 1.263621
27833129 1.276150
27832494 1.296106
27829392 1.322439
27828549 1.664814
27828338 1.827876
27826161 2.051286
27825189 2.051350
27822189 2.051357
27819857 2.052351
27817368 2.056240
27810353 2.060447
27808830 2.064874
27808784 2.068104
27808218 2.910739
27808218 602.917092
