PROBLEM_FILE = /tmp/21047.tmp/sample.tsp
56834753 1.078062
56827005 1.078089
56575279 1.078131
56483272 1.078144
56446770 1.078156
56436605 1.078162
56397602 1.078167
56389208 1.078179
56329192 1.078190
56321032 1.078197
56314902 1.078201
56273013 1.078205
56159494 1.078209
55724030 1.078217
55678734 1.078220
55675855 1.078228
55521697 1.078249
55513149 1.078255
55326389 1.078261
55268569 1.078264
55256862 1.078267
55209655 1.078273
55061443 1.078293
55010201 1.078300
55008461 1.078304
54972069 1.078314
54966618 1.078322
54954398 1.078329
54946750 1.078340
54942239 1.078355
54933501 1.078359
54914758 1.078362
54713285 1.078375
54662657 1.078383
54636302 1.078388
54618719 1.078393
54617814 1.078397
54601617 1.078400
54600362 1.078404
54580267 1.078408
54544413 1.078420
54529483 1.078424
54482808 1.078433
54472792 1.078436
54456679 1.078440
54449832 1.078443
54435539 1.078449
54350777 1.078459
54340811 1.078467
54334199 1.078495
54326614 1.078499
54132412 1.078504
54032357 1.078514
54025952 1.078525
54010650 1.078530
53926409 1.078534
53897625 1.078538
53878222 1.078541
53869528 1.078544
53855347 1.078548
53851015 1.078551
53819546 1.078557
53793032 1.078567
53760729 1.078572
53697951 1.078581
53632311 1.078585
53607131 1.078604
53597737 1.078608
53584058 1.078611
53582944 1.078615
53551090 1.078618
53546873 1.078625
53440964 1.078665
53409939 1.078693
53408492 1.078715
53402026 1.078721
53359574 1.078725
53346896 1.078730
53346091 1.078733
53342259 1.078737
53334732 1.078753
53230619 1.078757
53194202 1.078762
53146886 1.078766
53141133 1.078771
53048233 1.078775
53042558 1.078778
52942438 1.078784
52899080 1.078788
52875719 1.078791
52861283 1.078796
52786940 1.078805
52780224 1.078808
52735439 1.078929
52640401 1.078938
52589544 1.078951
52566240 1.078956
52479344 1.078962
52461486 1.078971
52457408 1.078975
52440293 1.078985
52429607 1.079001
52429228 1.079006
52343002 1.079012
52324942 1.079016
52264713 1.079020
52233224 1.079023
52195981 1.079029
52174222 1.079033
52150264 1.079042
52075920 1.079048
52016843 1.079058
52016295 1.079072
51984706 1.079077
51975352 1.079084
51931303 1.079091
51904996 1.079094
51878821 1.079112
51863831 1.079122
51853618 1.079126
51838603 1.079139
51796511 1.079142
51788753 1.079145
51755547 1.079150
51747391 1.079155
51739612 1.079178
51736490 1.079181
51656248 1.079203
51648255 1.079210
51631640 1.079215
51599539 1.079224
51586970 1.079243
51579632 1.079247
51558019 1.079250
51551041 1.079256
51540166 1.079262
51515469 1.079283
51477310 1.079288
51446046 1.079291
51403039 1.079308
51377493 1.079315
51340493 1.079319
51303270 1.079332
51294099 1.079338
51288553 1.079349
51274059 1.079352
51266329 1.079356
51264000 1.079360
51234483 1.079372
51228180 1.079383
51214380 1.079388
51177818 1.079393
51174759 1.079397
51172870 1.079401
51108043 1.079405
51090406 1.079410
51082577 1.079430
51037118 1.079435
51006867 1.079442
50984258 1.079445
50921628 1.079449
50778180 1.079457
50674572 1.079465
50649291 1.079473
50649185 1.079494
50609943 1.079502
50576570 1.079506
50576348 1.079515
50568452 1.079518
50537664 1.079545
50512641 1.079557
50496145 1.079562
50419320 1.079588
50412737 1.079592
50403371 1.079595
50397977 1.079601
50377419 1.079612
50331594 1.079622
50319574 1.079625
50244286 1.079635
50059804 1.079642
50049828 1.079649
50002319 1.079657
49986735 1.079673
49983244 1.079689
49943645 1.079703
49938704 1.079715
49912119 1.079719
49885477 1.079730
49856708 1.079735
49769452 1.079745
49765820 1.079763
49755956 1.079775
49430133 1.079783
49403960 1.079788
49353267 1.079796
49307401 1.079801
49299268 1.079810
49284507 1.079816
49255449 1.079820
49252042 1.079825
49045435 1.079833
48953526 1.079840
48950360 1.079845
48917136 1.079853
48903586 1.079857
48848002 1.079867
48840709 1.079870
48770418 1.079887
48749474 1.079901
48739700 1.079904
48664442 1.079911
48663304 1.079914
48367461 1.079919
48363540 1.079923
48362009 1.079926
48361662 1.079930
48343084 1.079933
48336732 1.079939
48331085 1.079953
48321656 1.079957
48275060 1.079961
48248860 1.079965
48245561 1.079968
48212351 1.079988
48206559 1.079993
48203256 1.080008
48122776 1.080013
48110906 1.080017
48102220 1.080036
48097791 1.080040
48067416 1.080043
48058415 1.080051
48056569 1.080071
47819188 1.080081
47812850 1.080085
47786372 1.080089
47772749 1.080099
47718547 1.080103
47659410 1.080107
47658746 1.080110
47658438 1.080119
47657656 1.080123
47639895 1.080126
47186959 1.080135
47158395 1.080139
47140949 1.080144
47132967 1.080147
47051956 1.080156
47045604 1.080161
46966473 1.080178
46929950 1.080182
46925588 1.080190
46914204 1.080194
46888675 1.080199
46803386 1.080203
46792527 1.080206
46762781 1.080209
46746760 1.080217
46690282 1.080221
46672156 1.080224
46657668 1.080234
46631147 1.080238
46446615 1.080245
46432988 1.080253
46430172 1.080271
46407574 1.080276
46311401 1.080290
46283746 1.080293
46257549 1.080303
46154879 1.080310
46151575 1.080314
45959403 1.080322
45909219 1.080334
45891312 1.080346
45884433 1.080358
45859079 1.080372
45825101 1.080389
45808721 1.080400
45580797 1.080405
45564157 1.080414
45541374 1.080418
45521812 1.080424
45520264 1.080431
45518272 1.080442
45449053 1.080448
45428426 1.080453
45405960 1.080456
45381604 1.080459
45376545 1.080465
45365527 1.080474
45352420 1.080485
45340369 1.080490
45330148 1.080506
45323300 1.080511
45318727 1.080516
45266841 1.080520
45181418 1.080532
44731152 1.080536
44729446 1.080548
44671056 1.080561
44668596 1.080587
44602957 1.080592
44602898 1.080596
44532252 1.080600
44513593 1.080606
44512075 1.080627
44501274 1.080643
44496367 1.080648
44466104 1.080652
44290947 1.080662
44264765 1.080669
44212865 1.080681
44160422 1.080688
44124885 1.080698
44118591 1.080702
44007902 1.080709
43965141 1.080713
43950927 1.080717
43902052 1.080721
43873210 1.080735
43867505 1.080739
43855843 1.080776
43854418 1.080780
43850010 1.080787
43849053 1.080801
43844467 1.080807
43825815 1.080810
43820016 1.080820
43774926 1.080827
43750990 1.080831
43726274 1.080834
43719048 1.080841
43710648 1.080845
43692720 1.080849
43673893 1.080857
43666993 1.080874
43650060 1.080878
43622301 1.080882
43521485 1.080889
43515728 1.080894
43488964 1.080899
43484901 1.080902
43457627 1.080907
43453460 1.080911
43446793 1.080935
43413196 1.080939
43385971 1.080944
43379241 1.080949
43329817 1.080959
43328841 1.080968
43326004 1.080971
43324736 1.080983
43303536 1.080992
43240766 1.081005
43235243 1.081010
43228802 1.081014
43205896 1.081023
43179509 1.081027
43176182 1.081030
43143675 1.081035
43141695 1.081038
43140659 1.081051
43137576 1.081057
43136776 1.081061
43027691 1.081074
43014041 1.081081
43010245 1.081084
43003731 1.081089
42987053 1.081096
42642361 1.081104
42569935 1.081124
42491268 1.081133
42428520 1.081141
42324377 1.081150
42313599 1.081153
42266591 1.081163
42266482 1.081167
42234502 1.081171
42179795 1.081179
42175840 1.081182
42004027 1.081194
41971306 1.081198
41959276 1.081205
41888817 1.081215
41880608 1.081220
41877135 1.081232
41874801 1.081247
41863223 1.081251
41829843 1.081254
41801341 1.081263
41717611 1.081283
41684367 1.081321
41667363 1.081332
41618157 1.081336
41614990 1.081340
41606599 1.081347
41588117 1.081354
41578104 1.081357
41574308 1.081360
41556463 1.081364
41479488 1.081371
41479403 1.081374
41472795 1.081380
41455894 1.081388
41440158 1.081394
41413184 1.081438
41395926 1.081452
41330681 1.081456
41312240 1.081462
41248303 1.081467
41210219 1.081475
41162101 1.081479
40965361 1.081483
40965051 1.081489
40946903 1.081495
40855804 1.081502
40752033 1.081513
40734907 1.081516
40731594 1.081519
40725044 1.081524
40632164 1.081530
40568990 1.081539
40565214 1.081544
40551516 1.081547
40372146 1.081554
40322080 1.081558
40314623 1.081563
40295378 1.081569
40235655 1.081573
40208957 1.081579
40158442 1.081588
40084624 1.081592
40047725 1.081595
40037385 1.081600
40008803 1.081603
39930326 1.081606
39913756 1.081612
39903902 1.081621
39845224 1.081626
39839364 1.081629
39833892 1.081632
39829908 1.081637
39808853 1.081650
39656564 1.081657
39633036 1.081676
39611170 1.081685
39506761 1.081694
39505183 1.081698
39492815 1.081711
39492383 1.081715
39461033 1.081718
39377289 1.081722
39324135 1.081733
39319420 1.081736
39298888 1.081754
39296477 1.081758
39272219 1.081761
39246348 1.081772
39215443 1.081781
39167861 1.081790
39132452 1.081793
39104069 1.081798
39093841 1.081807
39060785 1.081810
39011892 1.081815
38966276 1.081818
38924963 1.081822
38883943 1.081830
38881427 1.081855
38874598 1.081858
38834871 1.081893
38822653 1.081909
38798745 1.081912
38789440 1.081916
38764028 1.081920
38745819 1.081923
38722846 1.081933
38715331 1.081937
38702973 1.081941
38673686 1.081946
38661495 1.081958
38633358 1.081962
38614386 1.081967
38611791 1.081970
38592941 1.081975
38540345 1.081988
38519579 1.081995
38506863 1.081999
38457793 1.082005
38417242 1.082008
38340202 1.082015
38337678 1.082018
38258915 1.082023
38231369 1.082036
38223684 1.082043
38215036 1.082049
38200729 1.082052
38164888 1.082056
38139770 1.082063
38066931 1.082068
38025605 1.082072
37998395 1.082075
37992756 1.082089
37833687 1.082094
37777570 1.082099
37760548 1.082102
37740783 1.082105
37739559 1.082121
37685100 1.082137
37624099 1.082140
37618760 1.082149
37611876 1.082153
37560696 1.082169
37531877 1.082172
37511536 1.082176
37509484 1.082180
37445537 1.082188
37397126 1.082195
37383155 1.082217
37370659 1.082223
37044087 1.082235
37025991 1.082238
37024194 1.082242
37020060 1.082245
36853790 1.082257
36828465 1.082260
36817835 1.082266
36817351 1.082272
36769200 1.082275
36767736 1.082296
36762342 1.082304
36762179 1.082307
36760741 1.082328
36752898 1.082331
36726312 1.082334
36709432 1.082338
36668310 1.082350
36615185 1.082360
36609743 1.082363
36596253 1.082394
36571556 1.082403
36525741 1.082460
36516369 1.082464
36472892 1.082476
36467679 1.082485
36343297 1.082498
36343199 1.082513
36342076 1.082517
36306703 1.082537
36224483 1.082541
36217925 1.082552
36208214 1.082561
36169899 1.082567
36127587 1.082586
36105335 1.082597
36096601 1.082610
36095371 1.082614
36085365 1.082618
36039741 1.082634
35970960 1.082669
35970920 1.082709
35956734 1.082714
35955334 1.082722
35938141 1.082725
35928648 1.082738
35925466 1.082755
35920251 1.082769
35908595 1.082803
35850835 1.082814
35817364 1.082817
35641347 1.082826
35620600 1.082830
35591792 1.082833
35590455 1.082836
35567278 1.082860
35538072 1.082865
35536426 1.082868
35534150 1.082886
35516928 1.082892
35500436 1.082897
35467757 1.082903
35430340 1.082912
35427003 1.082915
35351759 1.082923
35266444 1.082926
35237711 1.082938
35235425 1.082942
35233815 1.082950
35215183 1.082954
35201287 1.082973
35190711 1.082991
35189597 1.082995
35185365 1.083026
35185280 1.083045
35174526 1.083105
35171934 1.083110
35165720 1.083117
35074301 1.083135
35003504 1.083144
34987703 1.083171
34978020 1.083175
34964663 1.083179
34906296 1.083187
34836825 1.083194
34827902 1.083215
34822230 1.083231
34820495 1.083244
34784314 1.083269
34764178 1.083303
34743572 1.083311
34725019 1.083350
34713191 1.083354
34700625 1.083369
34694501 1.083373
34680144 1.083401
34668716 1.083413
34653355 1.083422
34644938 1.083425
34631637 1.083429
34593487 1.083490
34584779 1.083512
34569497 1.083521
34552308 1.083538
34550985 1.083543
34513908 1.083547
34513796 1.083771
34513416 1.083819
34475297 1.083856
34266976 1.083876
34260623 1.083887
34257839 1.083891
34257624 1.083911
34246833 1.083934
34245811 1.083938
34241303 1.083949
34237218 1.083964
34235641 1.083968
34218626 1.083977
34216522 1.083982
34200753 1.084012
34198389 1.084032
34188222 1.084399
34187439 1.084407
34170482 1.084497
34159795 1.084502
34140910 1.084509
34128707 1.084513
34088708 1.084608
34086985 1.084614
34073906 1.084623
34071635 1.084629
34061442 1.084635
34055797 1.084640
34051761 1.084643
34051655 1.084672
34042345 1.084717
34041663 1.084740
34040531 1.084746
33995799 1.084752
33978358 1.084755
33955723 1.084791
33954348 1.084875
33951222 1.084891
33945110 1.084907
33937590 1.084913
33919210 1.084923
33909987 1.084927
33891083 1.084934
33856278 1.084941
33850313 1.084952
33643054 1.084973
33609531 1.084977
33513838 1.084984
33507123 1.084991
33484497 1.084994
33467346 1.084998
33461831 1.085011
33455571 1.085049
33439152 1.085053
33418482 1.085060
33409523 1.085066
33407501 1.085070
33398737 1.085080
33393044 1.085115
33381908 1.085119
33376506 1.085155
33374176 1.085168
33372217 1.085177
33368111 1.085192
33367514 1.085197
33307257 1.085202
33294934 1.085287
33289625 1.085327
33285822 1.085330
33284672 1.085334
33280047 1.085340
33255163 1.085347
33221616 1.085353
33216340 1.085361
33165381 1.085365
33146122 1.085368
33133739 1.085378
33121228 1.085384
33110151 1.085396
33108720 1.085413
33102853 1.085420
33101080 1.085431
33085413 1.085436
33025189 1.085441
32988392 1.085448
32986355 1.085502
32960731 1.085509
32953232 1.085514
32950082 1.085525
32946566 1.085535
32946327 1.085542
32937058 1.085546
32867481 1.085562
32865283 1.085567
32861462 1.085583
32835319 1.085601
32825624 1.085607
32814983 1.085629
32773633 1.085674
32770521 1.085680
32760844 1.085689
32755130 1.085694
32673301 1.085700
32649303 1.085706
32645124 1.085717
32636031 1.085730
32629010 1.085743
32288591 1.085751
32269541 1.085756
32266799 1.085760
32262158 1.085764
32256598 1.085767
32235672 1.085775
32201613 1.085787
32188944 1.085793
32188677 1.085797
32172031 1.085818
32137891 1.085856
32073177 1.085865
32048970 1.085870
32028598 1.085873
31987701 1.085879
31959810 1.085883
31917245 1.085935
31885022 1.085961
31881399 1.085985
31864148 1.085989
31842510 1.086001
31824500 1.086005
31821937 1.086014
31819518 1.086019
31815118 1.086026
31800317 1.086034
31785960 1.086049
31751464 1.086060
31739499 1.086097
31737782 1.086141
31711963 1.086153
31706911 1.086168
31683765 1.086184
31673417 1.086188
31672236 1.086191
31665452 1.086210
31581058 1.086215
31575365 1.086232
31573282 1.086237
31563873 1.086240
31551414 1.086243
31371852 1.086288
31369109 1.086294
31366189 1.086301
31361988 1.086317
31360895 1.086323
31295361 1.086332
31289367 1.086335
31268883 1.086355
31239753 1.086365
31193425 1.086397
31186479 1.086402
31116494 1.086410
31110850 1.086421
31105619 1.086428
31100575 1.086446
31099583 1.086456
31094563 1.086462
31084313 1.086602
31078250 1.086746
31060445 1.086808
31053074 1.086824
31050243 1.086827
31046131 1.086832
31040400 1.086843
31011677 1.086848
31010207 1.086862
31000792 1.087019
30973571 1.087024
30971994 1.087081
30970189 1.087282
30955450 1.087286
30953484 1.087304
30926029 1.087308
30924406 1.087343
30916348 1.087347
30903084 1.087428
30899863 1.087538
30894806 1.087546
30892932 1.087602
30889752 1.087628
30726860 1.087910
30712088 1.087921
30704387 1.087924
30699675 1.087981
30686289 1.088424
30679255 1.088443
30677771 1.088484
30676561 1.088490
30634323 1.088495
30631173 1.088511
30607396 1.088517
30585833 1.088524
30572865 1.088531
30525571 1.088538
30510186 1.088542
30487752 1.088546
30485105 1.088567
30484629 1.088780
30481844 1.088843
30464124 1.088873
30431381 1.088882
30430800 1.088937
30422909 1.088946
30419440 1.088951
30418318 1.088999
30417151 1.089003
30408169 1.089008
30404796 1.089020
30401568 1.089051
30389523 1.089067
30388734 1.089071
30366360 1.089077
30360161 1.089087
30359132 1.089195
30351722 1.089199
30349931 1.089231
30333450 1.089239
30330314 1.089310
30315813 1.089333
30310290 1.089439
30300946 1.089490
30298733 1.089494
30291416 1.089524
30289790 1.089700
30288186 1.089805
30273501 1.089883
30272491 1.089916
30255940 1.089922
30255084 1.089928
30250219 1.089946
30249331 1.089952
30239181 1.089967
30234997 1.089978
30231862 1.090013
30224860 1.090028
30216183 1.090039
30207149 1.090043
30190302 1.090057
30175341 1.090063
30167664 1.090070
30158422 1.090082
30148363 1.090142
30141544 1.090154
30134175 1.090223
30129497 1.090246
30119436 1.090342
30114517 1.090360
30109159 1.090460
30108538 1.090467
30105561 1.090483
30103580 1.090532
30083820 1.090543
30074117 1.091150
30066311 1.091379
30020896 1.091384
30020859 1.091390
30008672 1.091417
30004689 1.091542
30002230 1.091545
29996720 1.091594
29990873 1.091605
29982893 1.091645
29976194 1.091840
29976079 1.092113
29964532 1.092121
29961861 1.092146
29960934 1.092153
29955674 1.092157
29933519 1.092216
29930544 1.092221
29928729 1.092244
29927961 1.092294
29920168 1.092313
29917212 1.092354
29916586 1.092436
29909008 1.092820
29854379 1.092848
29835203 1.092853
29832296 1.092901
29816394 1.092924
29816285 1.093084
29809892 1.093212
29806742 1.093305
29805882 1.093318
29783155 1.093431
29779020 1.093446
29774796 1.093458
29767685 1.093513
29757675 1.093524
29737450 1.093553
29732475 1.093740
29730727 1.093757
29721318 1.093764
29719625 1.093848
29692623 1.093852
29686313 1.093860
29678834 1.093868
29663434 1.093872
29661766 1.094139
29659114 1.094182
29655817 1.094187
29646608 1.094191
29646004 1.094225
29640902 1.094242
29632182 1.094248
29606870 1.094253
29604778 1.094270
29589996 1.094371
29589684 1.094460
29582668 1.094487
29575691 1.095114
29573177 1.095203
29544792 1.095381
29544769 1.095393
29535883 1.095975
29525296 1.096524
29501173 1.096536
29493845 1.096540
29473176 1.096544
29466038 1.096568
29457947 1.097924
29454129 1.097941
29448305 1.098012
29435548 1.098517
29432040 1.098593
29426788 1.098776
29425962 1.098960
29424151 1.098983
29420833 1.098987
29367416 1.099268
29363051 1.099378
29356836 1.099399
29353137 1.099542
29338490 1.099556
29333022 1.099562
29329829 1.099580
29327379 1.099599
29325633 1.099626
29319552 1.099630
29314629 1.099638
29311558 1.099670
29309427 1.100006
29264418 1.100051
29158728 1.100057
29155049 1.100063
29151879 1.100071
29143145 1.100075
29139456 1.100126
29131625 1.100178
29124428 1.100188
29109583 1.100201
29097764 1.100208
29095833 1.100215
29093565 1.100308
29087389 1.104122
29077626 1.104129
29077469 1.104137
29074171 1.104159
29053415 1.104174
29037307 1.104409
29035019 1.104463
29031959 1.104476
29031738 1.104566
29031105 1.104609
29023755 1.104620
29022268 1.104642
29021686 1.104647
29020561 1.104653
29012997 1.104869
29012875 1.105345
28990619 1.106483
28989041 1.106975
28987510 1.107002
28987163 1.107012
28955407 1.111300
28938487 1.111306
28902475 1.111574
28898067 1.111640
28877999 1.111678
28870657 1.111683
28865389 1.112741
28831765 1.112961
28823714 1.113488
28811239 1.113615
28808345 1.113622
28802092 1.113770
28793083 1.113775
28789093 1.113865
28787036 1.113890
28786786 1.114579
28773895 1.120599
28765207 1.122625
28757452 1.122655
28754994 1.124946
28739955 1.131691
28695832 1.131734
28679515 1.131749
28655631 1.131762
28654791 1.132106
28647968 1.132210
28644963 1.132216
28636915 1.132271
28628985 1.132332
28586341 1.132375
28562313 1.132390
28557334 1.132404
28552795 1.134110
28545727 1.134195
28537798 1.134268
28522503 1.134329
28516693 1.134347
28484784 1.135176
28483951 1.135182
28482931 1.136155
28482663 1.136165
28480778 1.136232
28476420 1.140256
28475430 1.140288
28453671 1.140293
28452262 1.140410
28444733 1.142408
28439056 1.144710
28437616 1.144770
28437023 1.144975
28429266 1.145204
28428834 1.145208
28417244 1.146665
28414681 1.146741
28408429 1.146745
28406899 1.146754
28403928 1.146763
28394540 1.150332
28392501 1.150370
28390504 1.150389
28387430 1.150398
28378421 1.150474
28377313 1.150624
28370524 1.152013
28356023 1.152048
28353580 1.152311
28338840 1.152847
28334574 1.152938
28328555 1.152942
28322379 1.152948
28318822 1.152955
28298653 1.152998
28295579 1.153443
28292696 1.153448
28291571 1.153518
28283225 1.154571
28271574 1.154594
28267681 1.154721
28255485 1.154791
28254430 1.154823
28245783 1.154827
28243229 1.156586
28232642 1.156666
28223776 1.157476
28221709 1.157894
28214741 1.159623
28210398 1.160360
28197192 1.160387
28183715 1.160401
28182874 1.160831
28163775 1.161627
28153530 1.161725
28138789 1.161729
28134948 1.165771
28125803 1.165829
28125561 1.165846
28124630 1.166696
28121361 1.167304
28118914 1.167512
28115788 1.168247
28115752 1.168294
28113924 1.169234
28112625 1.169256
28111648 1.176872
28111632 1.178896
28110028 1.178903
28108588 1.179218
28104643 1.179233
28103332 1.179448
28099763 1.180094
28098246 1.180111
28095035 1.188606
28094464 1.200648
28092135 1.200658
28091542 1.200684
28090231 1.200803
28089311 1.235200
28088484 1.235211
28087962 1.243263
28087882 1.344311
28087798 1.344693
28087053 1.349643
28080482 1.352306
28080111 1.352312
28076441 1.787267
28075207 1.787324
28075018 1.826452
28074826 3.691869
28074785 3.855991
28073110 8.165414
28073069 8.179103
28072997 12.450522
28072921 12.452998
28072880 12.523623
28071111 59.126907
28066449 59.182093
28066309 59.365898
28064655 59.732582
28064372 59.733538
28064000 60.098793
28064000 660.098825
