PROBLEM_FILE = /tmp/12643.tmp/sample.tsp
56810402 1.081705
56799211 1.081731
56759516 1.081735
56752559 1.081742
56746408 1.081748
56741202 1.081761
56735301 1.081769
56716409 1.081773
56642530 1.081779
56640148 1.081783
56608646 1.081800
56603247 1.081804
56584254 1.081819
56556067 1.081824
56545083 1.081828
56542091 1.081831
56236261 1.081841
56225491 1.081844
56223427 1.081849
56123191 1.081862
56109956 1.081866
55991350 1.081875
55829638 1.081883
55760715 1.081887
55756304 1.081891
55750247 1.081895
55732741 1.081899
55721180 1.081902
55687343 1.081910
55636181 1.081919
55635456 1.081923
55616562 1.081926
55613356 1.081930
55545393 1.081940
55520736 1.081944
55508246 1.081949
55482542 1.081954
55474023 1.081961
55434133 1.082000
55425208 1.082036
55375873 1.082049
55254974 1.082064
55222852 1.082067
55208628 1.082079
55118560 1.082090
55092703 1.082099
55046234 1.082105
55039974 1.082111
55016871 1.082120
55008187 1.082123
54987418 1.082129
54904134 1.082133
54881317 1.082136
54875060 1.082150
54847227 1.082154
54749825 1.082163
54732001 1.082166
54692992 1.082170
54652156 1.082173
54602335 1.082197
54594661 1.082206
54527294 1.082221
54485966 1.082228
54474651 1.082231
54448806 1.082240
54411862 1.082243
54385268 1.082253
54379657 1.082257
54379290 1.082260
54364418 1.082273
54318977 1.082288
54269659 1.082298
54258229 1.082301
54235081 1.082306
54064229 1.082318
54052931 1.082342
54046761 1.082370
54039100 1.082376
54027015 1.082402
53959104 1.082418
53907734 1.082431
53906737 1.082438
53898532 1.082443
53751371 1.082465
53743366 1.082471
53641646 1.082485
53418268 1.082491
53352825 1.082497
53300955 1.082511
53280180 1.082514
53275812 1.082517
53247549 1.082522
53194125 1.082531
53191212 1.082535
53188771 1.082542
53137676 1.082549
53018610 1.082564
53015577 1.082570
53015576 1.082574
52971751 1.082579
52967833 1.082591
52946455 1.082608
52936231 1.082612
52933161 1.082615
52873766 1.082623
52873237 1.082631
52777318 1.082651
52754874 1.082663
52708686 1.082674
52683222 1.082680
52676570 1.082683
52660381 1.082690
52571726 1.082701
52531717 1.082709
52529113 1.082720
52356846 1.082726
52354372 1.082729
52312732 1.082735
52310450 1.082739
52245978 1.082759
52225532 1.082762
52192998 1.082768
52186800 1.082771
52156971 1.082776
52141237 1.082779
52090396 1.082783
51939310 1.082786
51933688 1.082790
51875733 1.082795
51871199 1.082802
51669955 1.082811
51650077 1.082817
51576143 1.082823
51537163 1.082827
51491675 1.082834
51485508 1.082859
51481388 1.082862
51468423 1.082870
51455450 1.082877
51449098 1.082891
51401240 1.082906
51390772 1.082911
51372370 1.082915
51329421 1.082952
51209097 1.082958
51205501 1.082965
51202241 1.082975
51162817 1.082999
51131102 1.083003
51128259 1.083006
51114088 1.083010
50991117 1.083027
50960349 1.083031
50877334 1.083038
50876448 1.083061
50865784 1.083084
50844196 1.083098
50753561 1.083102
50742251 1.083106
50729993 1.083114
50696189 1.083118
50525685 1.083134
50450602 1.083138
50375774 1.083142
50370375 1.083147
50199139 1.083158
50197255 1.083161
50191987 1.083170
50182503 1.083174
50154271 1.083187
50143919 1.083191
50143897 1.083208
50110401 1.083214
50099867 1.083228
50095832 1.083231
50078766 1.083234
50026778 1.083242
50011892 1.083246
49918517 1.083257
49904006 1.083267
49841345 1.083272
49688444 1.083282
49665359 1.083290
49664579 1.083293
49662497 1.083297
49657145 1.083307
49653666 1.083311
49645550 1.083329
49625081 1.083338
49613641 1.083341
49473308 1.083363
49406320 1.083369
49404298 1.083380
49339238 1.083391
49247488 1.083399
49242558 1.083402
49237475 1.083405
49222130 1.083409
49200734 1.083413
49153757 1.083416
49102615 1.083420
49100251 1.083423
49045859 1.083427
49020250 1.083432
49004670 1.083439
48956547 1.083445
48943091 1.083455
48879837 1.083460
48866346 1.083465
48781438 1.083468
48743660 1.083473
48735072 1.083484
48716460 1.083488
48691034 1.083501
48676298 1.083516
48669045 1.083521
48664978 1.083548
48659405 1.083552
48607589 1.083569
48602603 1.083573
48567861 1.083577
48557822 1.083585
48546739 1.083602
48529326 1.083606
48376826 1.083626
48370331 1.083645
48207598 1.083664
48191634 1.083715
48115970 1.083722
48113977 1.083730
48110001 1.083735
47988449 1.083741
47982855 1.083751
47958535 1.083757
47953924 1.083760
47900047 1.083776
47895728 1.083779
47875226 1.083786
47854326 1.083791
47835417 1.083795
47832525 1.083800
47801097 1.083806
47798460 1.083809
47758825 1.083818
47738252 1.083829
47718945 1.083878
47685574 1.083884
47662787 1.083887
47647150 1.083891
47592045 1.083895
47589810 1.083899
47563490 1.083904
47553595 1.083907
47393207 1.083917
47382880 1.083928
47378588 1.083932
47375180 1.083935
47358376 1.083943
47329201 1.083948
47327575 1.083959
47312798 1.083970
47292292 1.083974
47287424 1.083987
47255825 1.083993
47166327 1.084000
47100781 1.084005
47057096 1.084016
47053249 1.084020
46901799 1.084033
46899071 1.084037
46896470 1.084040
46875729 1.084045
46830000 1.084051
46822174 1.084066
46801200 1.084071
46792030 1.084075
46709210 1.084079
46704111 1.084083
46675660 1.084098
46656725 1.084109
46651973 1.084119
46573085 1.084132
46552114 1.084143
46547886 1.084148
46345965 1.084155
46225990 1.084164
46203861 1.084172
46203026 1.084188
46187760 1.084206
46183238 1.084210
46166030 1.084219
46143756 1.084223
46138521 1.084226
46043262 1.084233
46015732 1.084237
46010275 1.084241
45992342 1.084245
45969592 1.084252
45944306 1.084260
45916385 1.084263
45911108 1.084302
45908898 1.084306
45899401 1.084317
45895922 1.084324
45866621 1.084334
45865904 1.084346
45851283 1.084350
45848891 1.084368
45799496 1.084381
45754652 1.084384
45750301 1.084390
45740050 1.084405
45739288 1.084414
45727713 1.084417
45722700 1.084421
45720249 1.084425
45690556 1.084446
45687399 1.084458
45658542 1.084466
45495694 1.084469
45401688 1.084482
45395155 1.084494
45374136 1.084502
45366745 1.084508
45360840 1.084512
45339800 1.084519
45180409 1.084527
45130715 1.084531
45082476 1.084543
45073021 1.084553
45068020 1.084561
45063838 1.084568
45000649 1.084573
44910266 1.084588
44881908 1.084601
44855532 1.084606
44671308 1.084618
44666621 1.084635
44646331 1.084643
44643343 1.084647
44628139 1.084650
44601179 1.084655
44588349 1.084662
44556855 1.084667
44537463 1.084677
44501653 1.084680
44499713 1.084686
44444629 1.084689
44439191 1.084692
44372640 1.084701
44328900 1.084707
44304792 1.084713
44267528 1.084727
44266334 1.084733
44265203 1.084743
44257496 1.084747
44239115 1.084752
44229994 1.084756
44228792 1.084772
44087036 1.084784
44058858 1.084788
44037106 1.084791
43973070 1.084798
43880106 1.084806
43841421 1.084821
43726289 1.084830
43708401 1.084855
43703831 1.084859
43687011 1.084863
43681212 1.084878
43669290 1.084887
43594957 1.084901
43585279 1.084906
43525096 1.084914
43523611 1.084918
43522902 1.084928
43515039 1.084947
43403243 1.084953
43380076 1.084956
43356819 1.084978
43332909 1.084986
43318038 1.084990
43315311 1.084994
43309273 1.084997
43302301 1.085009
43139692 1.085013
43110309 1.085022
43095390 1.085028
43038459 1.085033
43012190 1.085054
42999208 1.085059
42880547 1.085070
42879563 1.085076
42866445 1.085079
42833657 1.085083
42813137 1.085096
42678014 1.085100
42666087 1.085105
42442776 1.085113
42426866 1.085121
42416913 1.085137
42410822 1.085141
42387886 1.085153
42258026 1.085164
42242052 1.085171
42239645 1.085175
42229226 1.085187
42223094 1.085196
42214075 1.085217
42164938 1.085224
42146415 1.085237
42145067 1.085240
42119069 1.085245
42047146 1.085251
42021253 1.085265
41928635 1.085273
41879067 1.085280
41743212 1.085289
41702015 1.085319
41694802 1.085329
41689702 1.085333
41652876 1.085337
41641319 1.085340
41640282 1.085351
41614944 1.085357
41593343 1.085387
41495652 1.085396
41484983 1.085404
41473483 1.085415
41428956 1.085428
41411157 1.085432
41393232 1.085447
41369053 1.085454
41360966 1.085459
41341365 1.085470
41315561 1.085477
41286993 1.085485
41264257 1.085488
41241410 1.085497
41237818 1.085506
41236216 1.085531
41224344 1.085536
41158273 1.085560
41078151 1.085563
40981982 1.085573
40979899 1.085577
40934558 1.085594
40880861 1.085614
40871036 1.085627
40823938 1.085632
40818007 1.085636
40812385 1.085639
40770726 1.085643
40761138 1.085650
40760420 1.085654
40750466 1.085676
40626595 1.085681
40600910 1.085690
40537469 1.085698
40537201 1.085701
40516554 1.085704
40504679 1.085708
40502521 1.085712
40461255 1.085715
40431403 1.085718
40386058 1.085722
40334325 1.085741
40320011 1.085752
40306671 1.085757
40304801 1.085763
40258786 1.085769
40255116 1.085774
40178642 1.085779
40146157 1.085785
40132705 1.085810
40113812 1.085814
40041474 1.085819
39911686 1.085831
39906115 1.085835
39899929 1.085840
39826634 1.085846
39807413 1.085850
39776057 1.085856
39767802 1.085864
39729729 1.085881
39700983 1.085885
39687110 1.085895
39627711 1.085902
39512989 1.085912
39502536 1.085915
39481210 1.085919
39351020 1.085924
39317646 1.085935
39294999 1.085939
39293781 1.085956
39275135 1.085970
39174509 1.085976
39155144 1.085981
39086509 1.085985
39084696 1.085988
38931587 1.085999
38918682 1.086006
38891742 1.086009
38837984 1.086012
38767771 1.086015
38765507 1.086021
38730864 1.086025
38703789 1.086030
38673630 1.086033
38592819 1.086036
38588201 1.086040
38563785 1.086044
38515644 1.086074
38510786 1.086092
38509580 1.086095
38445659 1.086099
38372686 1.086131
38338452 1.086143
38327654 1.086149
38321036 1.086173
38316129 1.086177
38315758 1.086182
38311530 1.086185
38226547 1.086193
38214808 1.086196
38201784 1.086215
38196357 1.086218
38125333 1.086224
38120510 1.086229
38075788 1.086233
38071291 1.086236
38033773 1.086259
38030557 1.086267
37976120 1.086270
37919150 1.086278
37904598 1.086284
37902049 1.086337
37900125 1.086375
37877383 1.086393
37876290 1.086396
37865128 1.086405
37864781 1.086410
37766453 1.086424
37745988 1.086429
37728322 1.086442
37699902 1.086447
37699420 1.086452
37676531 1.086455
37649974 1.086476
37608099 1.086490
37605854 1.086496
37582505 1.086500
37552342 1.086504
37549586 1.086507
37527103 1.086511
37495138 1.086515
37493848 1.086518
37465929 1.086522
37444540 1.086525
37322581 1.086533
37282519 1.086544
37033104 1.086554
37023859 1.086575
36988078 1.086579
36955619 1.086592
36944580 1.086597
36939817 1.086602
36933297 1.086606
36927793 1.086614
36893962 1.086619
36835298 1.086622
36818528 1.086629
36806806 1.086642
36794650 1.086654
36788128 1.086657
36709992 1.086687
36661158 1.086698
36630594 1.086701
36607524 1.086705
36592710 1.086719
36585321 1.086730
36480559 1.086735
36478856 1.086743
36472793 1.086749
36432905 1.086754
36357361 1.086776
36350766 1.086783
36322665 1.086828
36306897 1.086832
36267561 1.086836
36262274 1.086869
36254042 1.086880
36244563 1.086883
36244001 1.086896
36231230 1.086915
36187484 1.086918
36149379 1.086930
36091708 1.086938
36088262 1.086950
36086041 1.086960
36067331 1.087008
36059146 1.087047
36049120 1.087051
36016014 1.087054
35904629 1.087066
35898947 1.087082
35895505 1.087085
35889257 1.087092
35790911 1.087100
35416197 1.087109
35395231 1.087120
35392297 1.087145
35386425 1.087155
35385307 1.087173
35385267 1.087180
35373899 1.087184
35360378 1.087187
35338137 1.087191
35335473 1.087208
35329193 1.087225
35277339 1.087237
35254570 1.087241
35227844 1.087254
35227807 1.087272
35211606 1.087307
35200433 1.087317
35198827 1.087348
35194178 1.087370
35193330 1.087374
35190748 1.087377
35179390 1.087391
35156715 1.087395
35156409 1.087411
35136299 1.087459
35134002 1.087474
35119940 1.087483
35090634 1.087791
35088860 1.087817
35039044 1.087823
35026073 1.087873
34975556 1.087891
34974226 1.087895
34958776 1.087921
34948203 1.087929
34915272 1.087933
34895519 1.087941
34890704 1.087945
34748671 1.087952
34736146 1.087961
34668878 1.087975
34654535 1.088016
34637172 1.088020
34627838 1.088040
34626685 1.088047
34610277 1.088057
34566650 1.088061
34540860 1.088065
34527198 1.088077
34498434 1.088084
34477061 1.088087
34406131 1.088091
34405705 1.088094
34396635 1.088098
34386130 1.088102
34330053 1.088109
34324301 1.088151
34318592 1.088168
34302151 1.088180
34300813 1.088197
34294030 1.088202
34281726 1.088206
34230423 1.088215
34219979 1.088254
34218588 1.088257
34215428 1.088263
34213513 1.088275
34187702 1.088279
34175996 1.088285
34164673 1.088289
34156575 1.088299
34154352 1.088305
34137309 1.088317
34134249 1.088323
33998449 1.088335
33982956 1.088340
33979018 1.088357
33933143 1.088371
33932775 1.088377
33932051 1.088382
33928507 1.088416
33923059 1.088453
33901384 1.088458
33859330 1.088472
33847347 1.088478
33847171 1.088498
33815758 1.088506
33798595 1.088532
33795344 1.088536
33756199 1.088539
33750060 1.088543
33746156 1.088547
33744422 1.088550
33713644 1.088555
33708369 1.088558
33689888 1.088611
33688968 1.088659
33667700 1.088666
33656111 1.088678
33654131 1.088684
33648934 1.088690
33628647 1.088700
33618281 1.088711
33616999 1.088818
33613078 1.088832
33584997 1.088850
33579489 1.088880
33568104 1.088911
33565387 1.088963
33541162 1.088968
33536393 1.088973
33534400 1.089239
33518043 1.089374
33501743 1.089380
33498222 1.089421
33492720 1.089427
33490931 1.089469
33488937 1.089500
33487451 1.089531
33471694 1.089537
33460987 1.089555
33449967 1.089583
33427530 1.089593
33420664 1.089597
33419196 1.089602
33407503 1.089606
33362141 1.089625
33337367 1.089630
33329015 1.089633
33320020 1.089645
33296282 1.089682
33286766 1.089687
33268869 1.089693
33268048 1.089703
33267338 1.089709
33256479 1.089712
33252513 1.089718
33248829 1.089722
33222698 1.089726
33217436 1.089729
33212277 1.089734
33211292 1.089755
33206338 1.089762
33200002 1.089767
33188487 1.089774
33188322 1.089794
33188227 1.089809
33181250 1.089843
33176447 1.089851
33175131 1.089856
33174227 1.089867
33135713 1.089898
32951095 1.089927
32933595 1.089931
32913066 1.089935
32673199 1.089953
32572256 1.089963
32570666 1.090118
32566843 1.090275
32504819 1.090284
32479380 1.090288
32456403 1.090294
32451123 1.090322
32446607 1.090333
32439721 1.090345
32399084 1.090365
32393325 1.090372
32216174 1.090473
32203477 1.090479
32188847 1.090543
32185990 1.090548
32101484 1.090559
32097000 1.090564
32055579 1.090575
32019527 1.090595
32013009 1.090633
31997783 1.090637
31992817 1.090655
31986289 1.090748
31981144 1.090752
31973686 1.090759
31969423 1.090925
31934255 1.091093
31933645 1.091102
31911063 1.091124
31892395 1.091163
31841857 1.091177
31837534 1.091180
31784976 1.091227
31769999 1.091232
31760037 1.091287
31721891 1.091291
31719599 1.091306
31708178 1.091323
31703038 1.091327
31702752 1.091337
31694553 1.091355
31693950 1.091360
31677883 1.091369
31655305 1.091374
31654207 1.091427
31633246 1.091482
31596262 1.091500
31587164 1.091615
31583781 1.091661
31576494 1.091717
31571851 1.091721
31551109 1.091738
31532754 1.092129
31494906 1.092136
31431225 1.092155
31412019 1.092226
31410270 1.092253
31401390 1.092302
31278168 1.092343
31263445 1.092475
31259875 1.092486
31248188 1.092592
31017984 1.092721
30967848 1.092955
30933233 1.092960
30926566 1.092973
30926549 1.093011
30911426 1.093112
30889705 1.093116
30886378 1.093124
30879064 1.093140
30856745 1.093144
30850788 1.093150
30844120 1.093169
30834786 1.093174
30823040 1.093178
30817124 1.093181
30806302 1.093227
30799793 1.093258
30794059 1.093274
30782149 1.093280
30761452 1.093389
30759004 1.093395
30750960 1.093428
30740232 1.093516
30731660 1.093575
30729407 1.093599
30723649 1.093788
30713013 1.093797
30708543 1.093827
30684329 1.093837
30683961 1.093848
30681479 1.093859
30678097 1.093875
30675620 1.093959
30674908 1.093996
30674043 1.094020
30672716 1.094062
30672648 1.094082
30672064 1.094101
30667816 1.094105
30666132 1.094130
30665777 1.094164
30664374 1.094199
30652619 1.094441
30614995 1.094449
30541916 1.094638
30490739 1.094679
30469043 1.094689
30463697 1.094693
30435677 1.094697
30429642 1.094731
30429347 1.094735
30422751 1.094779
30415286 1.094783
30412863 1.094789
30410438 1.094793
30405799 1.094818
30405038 1.094974
30399644 1.094981
30384214 1.094990
30378746 1.094999
30368633 1.095013
30355716 1.095021
30351054 1.095214
30330278 1.095219
30326757 1.095258
30324968 1.095280
30322974 1.095298
30311725 1.095306
30303443 1.096087
30104156 1.096136
30098799 1.096142
30087948 1.096166
30025954 1.096176
30018655 1.096179
30001829 1.096188
29995051 1.096192
29989522 1.096215
29966885 1.096220
29961381 1.096236
29956769 1.096286
29955754 1.096342
29950134 1.096393
29949693 1.096487
29945009 1.096547
29944559 1.096551
29921240 1.096564
29918164 1.097874
29913330 1.097959
29893740 1.097966
29887737 1.097975
29852533 1.097979
29848033 1.098019
29842492 1.098227
29809915 1.098279
29783078 1.098283
29778528 1.098658
29750018 1.098675
29743317 1.098697
29737001 1.098708
29733038 1.098890
29718469 1.098895
29718335 1.098917
29659438 1.098993
29647612 1.099004
29643424 1.099011
29631371 1.099015
29629844 1.099045
29628666 1.099165
29625352 1.099169
29621592 1.099218
29606635 1.099238
29594355 1.099242
29583655 1.099270
29580295 1.099292
29579548 1.099302
29563950 1.099346
29556345 1.099370
29548880 1.099379
29532946 1.099392
29515505 1.099405
29514413 1.099728
29513519 1.099737
29508260 1.099755
29502140 1.099916
29492164 1.099976
29489103 1.099983
29484415 1.100051
29480759 1.100781
29478949 1.100807
29476351 1.101218
29473563 1.101344
29472359 1.101365
29471864 1.101418
29471005 1.101439
29468102 1.101690
29424245 1.101696
29407668 1.101756
29406411 1.101785
29405560 1.101856
29393989 1.101864
29372510 1.101897
29363110 1.101929
29347934 1.101944
29344328 1.101980
29344263 1.101983
29325328 1.101987
29313012 1.102015
29289178 1.102022
29258145 1.102073
29252096 1.102119
29240327 1.102163
29234943 1.102362
29233968 1.102960
29207664 1.102969
29206355 1.102984
29190495 1.103010
29187464 1.103015
29183537 1.103109
29183158 1.103380
29043083 1.103747
29038526 1.103801
29031713 1.103813
29020557 1.103993
29020340 1.104120
29019437 1.104256
29013400 1.104266
28966941 1.104281
28961108 1.104317
28955498 1.104340
28952673 1.104402
28952219 1.104460
28948038 1.104487
28945248 1.104495
28941704 1.105142
28941320 1.105154
28933136 1.105159
28931304 1.105316
28921485 1.105332
28907211 1.105337
28904494 1.105346
28893819 1.105350
28890136 1.105354
28886018 1.105362
28882414 1.105377
28878631 1.105419
28872086 1.105704
28868141 1.106233
28862746 1.106240
28725690 1.106290
28670934 1.106596
28667467 1.106836
28667344 1.106841
28661840 1.106852
28659479 1.106857
28654558 1.106994
28654167 1.107463
28649292 1.107535
28644744 1.107541
28601720 1.107614
28601675 1.107917
28595432 1.108534
28584097 1.108552
28574898 1.109080
28572147 1.109095
28544315 1.109121
28539290 1.109603
28536199 1.109611
28530719 1.109615
28518205 1.109619
28518203 1.109622
28514451 1.109720
28510471 1.109724
28490404 1.109908
28488032 1.109918
28484259 1.109923
28478606 1.109927
28476159 1.109930
28473374 1.109933
28470335 1.109939
28463315 1.109991
28459946 1.110168
28455391 1.110173
28420791 1.110179
28407014 1.110185
28392644 1.126845
28376530 1.127082
28366117 1.127147
28355556 1.128065
28354352 1.128162
28352145 1.128386
28351767 1.128408
28350421 1.128544
28341321 1.128550
28333313 1.128626
28313531 1.130120
28312274 1.130452
28305646 1.130463
28305300 1.130943
28297877 1.138176
28297189 1.138189
28296919 1.138886
28292614 1.138914
28286452 1.139261
28284151 1.139297
28280670 1.140085
28280242 1.145656
28277989 1.145793
28268888 1.145805
28258519 1.149236
28256212 1.149246
28249438 1.149279
28247758 1.149365
28235930 1.149372
28183120 1.149377
28177215 1.149663
28176178 1.149674
28174498 1.149944
28174434 1.150285
28171570 1.150488
28170871 1.150517
28169778 1.150605
28169776 1.150622
28168625 1.150829
28167623 1.151049
28160548 1.151745
28157384 1.151752
28153043 1.151800
28152386 1.152105
28144279 1.152132
28143361 1.152140
28141353 1.152151
28135577 1.152156
28134399 1.152329
28132482 1.153831
28131115 1.156270
28130118 1.156277
28126144 1.156284
28125983 1.157238
28124757 1.159075
28124728 1.169187
28118329 1.169871
28117974 1.169914
28117394 1.169967
28115991 1.170052
28114136 1.175529
28107425 1.175541
28106258 1.175555
28099221 1.175667
28097463 1.175691
28091395 1.175728
28084563 1.175795
28074604 1.175805
28069176 1.175809
28060996 1.175817
28057480 1.175831
28037136 1.175844
28025029 1.175849
28023851 1.175890
27994547 1.175898
27990764 1.175902
27985372 1.177433
27983770 1.177628
27980809 1.177922
27967566 1.177928
27966904 1.178093
27964403 1.178174
27963472 1.179434
27960206 1.179514
27956881 1.179737
27956223 1.179886
27950829 1.180106
27944787 1.180112
27940734 1.181520
27931601 1.181640
27930137 1.181662
27929083 1.181912
27919208 1.181921
27918628 1.181930
27916799 1.183084
27909657 1.188749
27906686 1.189107
27903309 1.189166
27902131 1.189842
27900395 1.190520
27886173 1.190741
27883009 1.190767
27881937 1.190840
27857240 1.192505
27853456 1.192527
27849326 1.192534
27841318 1.192651
27834271 1.192730
27832377 1.192756
27831245 1.196939
27825972 1.228242
27825105 1.329857
27825020 1.329872
27821880 1.334568
27821215 1.346763
27818274 1.525957
27816775 1.731693
27815530 1.801274
27811250 1.828283
27809501 1.828320
27809501 601.828516
