PROBLEM_FILE = /tmp/12432.tmp/sample.tsp
45180045 1.570465
45168168 1.570499
45166034 1.570503
45148911 1.570518
45128212 1.570521
45108133 1.570526
45064181 1.570537
45053101 1.570546
45047779 1.570557
45044045 1.570562
45040296 1.570573
45039609 1.570576
45032898 1.570582
45029832 1.570586
45029678 1.570590
45029214 1.570604
45025784 1.570609
45004332 1.570612
44928194 1.570616
44922849 1.570622
44919330 1.570626
44905360 1.570630
44859416 1.570641
44849703 1.570647
44831922 1.570650
44826982 1.570653
44822152 1.570657
44820417 1.570660
44820044 1.570664
44734953 1.570678
44732810 1.570682
44725276 1.570685
44714610 1.570689
44712819 1.570693
44680702 1.570706
44648094 1.570716
44640639 1.570728
44622923 1.570740
44612460 1.570746
44604659 1.570751
44591718 1.570754
44587531 1.570758
44572528 1.570775
44566002 1.570783
44498732 1.570788
44478084 1.570791
44474778 1.570797
44473684 1.570806
44436837 1.570822
44406222 1.570832
43871777 1.570842
43858368 1.570856
43833614 1.570860
43831492 1.570864
43812901 1.570872
43745964 1.570885
43730713 1.570889
43708448 1.570894
43703409 1.570897
43649331 1.570901
43601036 1.570910
43600729 1.570925
43588902 1.570929
43577596 1.570932
43547146 1.570937
43523466 1.570941
43520481 1.570946
43496010 1.570950
43478188 1.570953
43476940 1.570956
43458247 1.570971
43457434 1.570975
43383155 1.570987
43377034 1.570994
43369008 1.570998
43351543 1.571010
43303024 1.571015
43276342 1.571023
43274804 1.571037
43264154 1.571042
43259615 1.571055
43229715 1.571058
43228708 1.571062
43200368 1.571078
43193535 1.571081
43114354 1.571091
43109787 1.571129
43088599 1.571161
43082516 1.571164
43078162 1.571172
43072556 1.571176
43069426 1.571179
43061865 1.571182
43061194 1.571191
43053437 1.571196
43027000 1.571200
43025184 1.571206
43021807 1.571216
43013007 1.571221
43004331 1.571228
43003728 1.571232
42986794 1.571236
42986179 1.571240
42975056 1.571249
42947328 1.571253
42943576 1.571261
42941418 1.571265
42930159 1.571272
42927583 1.571278
42918493 1.571291
42911378 1.571294
42909575 1.571304
42900917 1.571308
42899031 1.571313
42884893 1.571329
42883222 1.571333
42881582 1.571342
42865179 1.571345
42627351 1.571353
42625889 1.571356
42566406 1.571368
42565237 1.571373
42558456 1.571376
42545522 1.571383
42540866 1.571386
42498758 1.571391
42497451 1.571397
42496073 1.571407
42485447 1.571410
42481101 1.571413
42376123 1.571424
42339364 1.571428
42310024 1.571439
42277845 1.571447
42276362 1.571450
42265164 1.571454
42260674 1.571458
42235638 1.571500
42230119 1.571513
42229731 1.571517
42227176 1.571522
42153924 1.571526
42148503 1.571534
42140500 1.571538
42124641 1.571552
42105900 1.571561
42097153 1.571565
42085715 1.571569
42068415 1.571573
42067731 1.571576
42023285 1.571579
41799905 1.571597
41796622 1.571601
41759464 1.571612
41754287 1.571615
41751289 1.571619
41743679 1.571624
41723231 1.571628
41719793 1.571634
41695933 1.571639
41622298 1.571646
41559287 1.571654
41557091 1.571658
41492788 1.571663
41487687 1.571671
41487154 1.571674
41481992 1.571677
41469774 1.571683
41466668 1.571693
41457072 1.571699
41413736 1.571714
41412773 1.571725
41397565 1.571732
41381829 1.571737
41377738 1.571741
41351523 1.571755
41327867 1.571768
41325882 1.571771
41276477 1.571775
41272309 1.571778
41261011 1.571782
41243328 1.571786
41230590 1.571794
41226306 1.571807
41201707 1.571811
41195514 1.571816
41193382 1.571822
41193035 1.571826
41191148 1.571829
41181484 1.571833
41176831 1.571836
41116939 1.571849
41109111 1.571855
41105775 1.571864
41097140 1.571875
41083714 1.571878
41069165 1.571882
41045872 1.571894
41022481 1.571897
41015254 1.571910
40985958 1.571920
40983661 1.571923
40981852 1.571926
40979893 1.571930
40937663 1.571933
40908397 1.571935
40896416 1.571945
40892204 1.571950
40891219 1.571965
40888950 1.571973
40884526 1.571976
40869530 1.571980
40868523 1.571984
40856218 1.571990
40854745 1.571993
40838139 1.572004
40754165 1.572012
40740870 1.572016
40727050 1.572019
40723106 1.572023
40675359 1.572026
40623422 1.572033
40589208 1.572050
40584514 1.572054
40584154 1.572063
40511891 1.572082
40449789 1.572103
40434807 1.572106
40396394 1.572113
40388395 1.572122
40283422 1.572130
40253466 1.572134
40218806 1.572139
40213229 1.572142
40194665 1.572150
40095667 1.572156
40070648 1.572160
40070226 1.572165
40035100 1.572173
40018320 1.572181
40010929 1.572184
40000618 1.572196
39964108 1.572210
39958992 1.572216
39920255 1.572223
39890777 1.572229
39834424 1.572235
39830844 1.572238
39799332 1.572246
39798656 1.572254
39793319 1.572267
39789404 1.572282
39330927 1.572308
39272725 1.572321
39266112 1.572324
39236590 1.572329
39217783 1.572337
39210582 1.572341
39203967 1.572345
39187350 1.572353
39178991 1.572366
39171721 1.572382
39150707 1.572400
38956954 1.572416
38919510 1.572428
38918262 1.572441
38911367 1.572449
38880700 1.572463
38868873 1.572469
38824753 1.572488
38792884 1.572491
38751596 1.572501
38686346 1.572510
38610235 1.572523
38603257 1.572538
38594674 1.572542
38562917 1.572549
38537952 1.572563
38536872 1.572568
38412518 1.572574
38411061 1.572578
38402318 1.572586
38400348 1.572592
38397999 1.572611
38396150 1.572624
38383914 1.572635
38352448 1.572644
38339732 1.572653
38327363 1.572659
38312793 1.572665
38293034 1.572670
38270124 1.572673
38265380 1.572676
38261682 1.572679
38193983 1.572685
38175780 1.572690
38171931 1.572694
38158728 1.572697
38152337 1.572711
38151287 1.572715
38139429 1.572718
37670502 1.572732
37614954 1.572745
37576858 1.572753
37576337 1.572760
37550251 1.572765
37536380 1.572770
37523078 1.572785
37520368 1.572789
37515644 1.572793
37507938 1.572796
37497326 1.572799
37494746 1.572802
37426470 1.572808
37421857 1.572812
37411010 1.572815
37388286 1.572826
37367155 1.572831
37029688 1.572850
37011393 1.572854
37011027 1.572880
36997675 1.572895
36922307 1.572901
36921072 1.572904
36893843 1.572911
36892208 1.572915
36653653 1.572932
36617986 1.572941
36606167 1.572951
36597870 1.572955
36584868 1.572961
36564403 1.572970
36553063 1.572974
36493776 1.572992
36490534 1.572997
36478990 1.573000
36468555 1.573004
36465119 1.573011
36456562 1.573016
36451049 1.573019
36411894 1.573028
36408750 1.573031
36399619 1.573035
36394322 1.573039
36372085 1.573050
36348619 1.573054
36345242 1.573061
36310666 1.573066
36309822 1.573073
36302911 1.573083
36301969 1.573088
36279791 1.573094
36277149 1.573105
36264385 1.573117
36264327 1.573122
36248979 1.573128
36245967 1.573133
36244617 1.573140
36242546 1.573144
36235068 1.573150
36229836 1.573162
36210959 1.573168
36027085 1.573175
36013212 1.573181
36009410 1.573190
36005789 1.573193
36000279 1.573196
35992477 1.573199
35989312 1.573202
35989126 1.573208
35979425 1.573217
35979241 1.573222
35952903 1.573225
35802625 1.573231
35790875 1.573256
35775414 1.573264
35740677 1.573278
35710645 1.573286
35702703 1.573290
35696694 1.573295
35696148 1.573299
35684125 1.573302
35682473 1.573305
35679405 1.573318
35666771 1.573332
35656974 1.573338
35654861 1.573346
35654217 1.573350
35643026 1.573357
35637128 1.573362
35631348 1.573364
35618053 1.573369
35610900 1.573378
35602607 1.573385
35547731 1.573396
35536179 1.573400
35535927 1.573403
35411427 1.573416
35367594 1.573425
35366149 1.573444
35327138 1.573481
35305072 1.573505
35288035 1.573510
34330114 1.573522
34325252 1.573531
34322841 1.573535
34302521 1.573539
34288653 1.573543
34195219 1.573567
34185454 1.573576
34184136 1.573591
34182406 1.573595
34179186 1.573598
34142145 1.573640
34137106 1.573663
34127164 1.573680
34075560 1.573687
34075345 1.573691
34073788 1.573696
34073646 1.573699
34050541 1.573703
34042757 1.573705
34039685 1.573710
34028209 1.573714
33997558 1.573726
33986698 1.573731
33979023 1.573734
33971445 1.573742
33959925 1.573745
33955299 1.573763
33953916 1.573767
33945765 1.573772
33941728 1.573777
33939329 1.573782
33935324 1.573789
33912999 1.573798
33910630 1.573802
33898269 1.573835
33896633 1.573869
33896190 1.573874
33880258 1.573877
33371810 1.573899
33363970 1.573907
33318703 1.573913
33307771 1.573933
33300211 1.573950
33298298 1.573962
33296452 1.573973
33292954 1.573978
33252539 1.573996
33251358 1.574003
33249955 1.574006
33225223 1.574012
33208828 1.574032
33191571 1.574044
33167720 1.574051
33158243 1.574058
33107321 1.574070
33104402 1.574074
33100493 1.574077
33099639 1.574085
33066300 1.574098
33052523 1.574104
33029550 1.574111
32829041 1.574121
32826524 1.574128
32818402 1.574137
32809501 1.574142
32764926 1.574145
32760062 1.574151
32745031 1.574164
32741822 1.574173
32734055 1.574186
32695063 1.574191
32684992 1.574196
32683653 1.574208
32679212 1.574211
32467112 1.574221
32405623 1.574237
32388984 1.574245
32384681 1.574248
32371478 1.574260
32370979 1.574265
32370173 1.574268
32331531 1.574279
32331288 1.574302
32320913 1.574308
32315988 1.574311
32315254 1.574316
32280394 1.574323
32268034 1.574333
32267141 1.574350
32264512 1.574355
32257559 1.574361
32248902 1.574370
32238386 1.574375
32227427 1.574378
32188148 1.574388
32153473 1.574392
32147057 1.574395
32134200 1.574398
32124109 1.574403
32120194 1.574407
32106485 1.574411
32088383 1.574423
32086010 1.574440
32064833 1.574444
32062220 1.574457
32044566 1.574461
32017414 1.574473
32016236 1.574481
31838093 1.574489
31797974 1.574496
31759066 1.574502
31756056 1.574508
31729951 1.574511
31600557 1.574518
31577568 1.574522
31567273 1.574526
31554004 1.574544
31519242 1.574552
31515858 1.574557
31507826 1.574560
31500626 1.574565
31486814 1.574571
31482745 1.574584
31409269 1.574593
31397340 1.574602
31379456 1.574609
31379009 1.574616
31353851 1.574620
31346628 1.574623
31343672 1.574626
31322317 1.574633
31320395 1.574667
31303813 1.574671
31274258 1.574677
31258120 1.574691
31245683 1.574694
31245514 1.574697
31242311 1.574707
31242237 1.574719
31217766 1.574729
31217126 1.574733
31211271 1.574736
31205225 1.574740
31147972 1.574745
31146475 1.574748
31134419 1.574760
31089294 1.574764
31078658 1.574770
31064104 1.574782
31049908 1.574808
31041424 1.574814
31041368 1.574817
31035400 1.574842
31027869 1.574907
30994175 1.574919
30990382 1.574922
30986201 1.574927
30977023 1.574935
30967402 1.574939
30958445 1.574942
30941179 1.574950
30940964 1.574955
30933316 1.574966
30825363 1.574974
30818209 1.574978
30817579 1.574982
30745443 1.574989
30722839 1.575008
30719863 1.575018
30713617 1.575021
30685324 1.575028
30647228 1.575033
30639365 1.575036
30636821 1.575040
30624067 1.575045
30618851 1.575049
30616408 1.575065
30580435 1.575069
30557068 1.575073
30530838 1.575079
30529639 1.575105
30414863 1.575116
30413172 1.575120
30408761 1.575123
30408755 1.575127
30324591 1.575150
30323244 1.575156
30315128 1.575164
30251044 1.575168
30240051 1.575177
30198435 1.575183
30198263 1.575208
30192689 1.575227
30185515 1.575232
30176151 1.575241
30173007 1.575246
30166616 1.575255
30163008 1.575260
30155999 1.575264
30151507 1.575273
30145936 1.575287
30131562 1.575290
30123052 1.575301
30093684 1.575305
30090962 1.575317
30077199 1.575321
30054826 1.575324
30050393 1.575330
30038091 1.575347
30001881 1.575353
29986319 1.575356
29978893 1.575360
29947330 1.575365
29946429 1.575371
29913461 1.575374
29897476 1.575384
29880489 1.575388
29876013 1.575401
29867097 1.575412
29854440 1.575417
29831923 1.575431
29793627 1.575440
29772487 1.575445
29760222 1.575469
29758021 1.575478
29756138 1.575485
29737316 1.575495
29730843 1.575501
29697847 1.575514
29685895 1.575525
29659308 1.575529
29603526 1.575536
29572217 1.575540
29564494 1.575543
29562356 1.575546
29561241 1.575549
29544164 1.575554
29544009 1.575557
29533674 1.575566
29522451 1.575572
29509645 1.575595
29490666 1.575605
29481669 1.575614
29481216 1.575630
29326410 1.575643
29318110 1.575646
29318039 1.575659
29314791 1.575663
29310323 1.575667
29286662 1.575675
29276906 1.575689
29271004 1.575694
29253663 1.575701
29217438 1.575707
29214529 1.575727
29213799 1.575734
29212612 1.575791
29206888 1.575797
29205900 1.575800
29202457 1.575805
29193795 1.575810
29191893 1.575818
29189280 1.575833
29178339 1.575849
29175663 1.575856
29156831 1.575859
29149267 1.575863
29131941 1.575866
29110619 1.575878
29103635 1.575881
29086430 1.575885
29042908 1.575893
29041241 1.575897
29036714 1.575900
29036293 1.575905
28979184 1.575912
28931428 1.575921
28922922 1.575931
28905522 1.575937
28882425 1.575940
28879506 1.575944
28866187 1.575950
28865341 1.575955
28864990 1.575966
28852637 1.575969
28849042 1.575973
28843038 1.575977
28833930 1.575984
28801910 1.575999
28799139 1.576004
28790405 1.576008
28779946 1.576021
28774752 1.576025
28764967 1.576031
28752886 1.576037
28750819 1.576042
28746545 1.576056
28741693 1.576060
28724954 1.576063
28717461 1.576066
28709871 1.576071
28707388 1.576074
28703581 1.576077
28695436 1.576089
28634000 1.576095
28599863 1.576101
28590061 1.576104
28550520 1.576109
28532208 1.576121
28532019 1.576129
28528597 1.576138
28520701 1.576142
28500119 1.576156
28497555 1.576160
28491716 1.576164
28488664 1.576194
28474289 1.576212
28457647 1.576217
28454465 1.576227
28435987 1.576231
28432925 1.576235
28390081 1.576239
28388178 1.576247
28336888 1.576252
28328163 1.576263
28327481 1.576270
28318761 1.576281
28316597 1.576289
28309052 1.576294
28304752 1.576299
28295220 1.576303
28289817 1.576317
28271703 1.576323
28271285 1.576331
28264779 1.576335
28249966 1.576338
28236562 1.576344
28214378 1.576357
28212736 1.576369
28204456 1.576376
28189919 1.576381
28186770 1.576396
28177319 1.576401
28170623 1.576404
28169230 1.576407
28161078 1.576410
28160020 1.576438
28136575 1.576460
28125600 1.576464
28113360 1.576481
28107746 1.576492
28023832 1.576503
28019592 1.576507
28019017 1.576511
27998486 1.576515
27945453 1.576532
27923653 1.576541
27918579 1.576552
27911705 1.576559
27907615 1.576596
27901174 1.576600
27880464 1.576606
27880163 1.576610
27870599 1.576620
27866655 1.576623
27865259 1.576630
27850510 1.576653
27848965 1.576662
27837479 1.576671
27823219 1.576686
27804168 1.576690
27785488 1.576694
27783595 1.576697
27777912 1.576710
27772338 1.576713
27768598 1.576725
27767096 1.576729
27764833 1.576732
27762962 1.576751
27745207 1.576756
27637337 1.576768
27627301 1.576783
27612950 1.576789
27611862 1.576792
27607124 1.576795
27604813 1.576806
27602106 1.576848
27588149 1.576894
27585991 1.576898
27584920 1.576952
27581963 1.576957
27581456 1.576989
27574762 1.576992
27557310 1.577004
27539351 1.577008
27534724 1.577012
27531183 1.577016
27506793 1.577026
27492780 1.577029
27487151 1.577032
27475833 1.577035
27470414 1.577041
27458587 1.577055
27455747 1.577059
27454573 1.577062
27431762 1.577072
27427991 1.577394
27423090 1.577427
27412161 1.577477
27405858 1.577484
27396739 1.577493
27394314 1.577496
27392588 1.577516
27391342 1.577528
27371473 1.577532
27368113 1.577549
27344705 1.577553
27320418 1.577565
27320012 1.577661
27311063 1.577666
27307872 1.577680
27304249 1.577689
27302143 1.577693
27297655 1.577722
27287941 1.577726
27278170 1.577733
27274742 1.577755
27262698 1.577778
27254474 1.577784
27247165 1.577787
27244318 1.577791
27233365 1.577795
26719480 1.577809
26717223 1.577813
26717041 1.577817
26711082 1.577880
26702244 1.577900
26691489 1.577906
26648929 1.577916
26545051 1.577923
26539632 1.577929
26538055 1.577949
26474407 1.577958
26457759 1.577962
26453310 1.577972
26423685 1.577976
26408248 1.577987
26399442 1.577990
26393607 1.577993
26392744 1.577997
26377561 1.578001
26218928 1.578011
26215955 1.578015
25202020 1.578024
25179969 1.578029
25176432 1.578032
25162708 1.578038
25153073 1.578047
25152464 1.578112
25145006 1.578117
25143876 1.578121
25139848 1.578126
25130475 1.578130
25130122 1.578146
25129078 1.578181
25111316 1.578187
25100955 1.578191
25098223 1.578199
25084799 1.578204
25076387 1.578207
25048616 1.578211
25048515 1.578373
25038974 1.578391
25036299 1.578396
25034807 1.578399
25020987 1.578404
25005945 1.578411
24310582 1.578429
24288880 1.578439
24262922 1.578444
24259776 1.578558
24259132 1.578593
24251509 1.578602
24219169 1.578629
24216264 1.578636
24212867 1.578640
24211175 1.578689
24207739 1.578693
24197761 1.578700
24191432 1.578736
24189367 1.578741
24158366 1.578806
24145308 1.578822
24137595 1.578853
24137469 1.578857
24134540 1.578862
24108159 1.578882
24098714 1.578892
24064597 1.578896
24062935 1.578902
24054779 1.578907
24051498 1.578918
24048759 1.578922
24044340 1.578926
24036236 1.578935
24031952 1.578961
24031359 1.578978
24031205 1.579044
24028943 1.579048
24023394 1.579056
23973031 1.579065
23970207 1.579082
23969849 1.579086
23951830 1.579094
23942096 1.579097
23886312 1.579102
23873880 1.579123
23857803 1.579126
23844209 1.579135
23819674 1.579175
23812306 1.579179
23809896 1.579183
23805246 1.579208
23802595 1.579213
23801148 1.579216
23722156 1.579270
23717468 1.579274
23703477 1.579283
23691453 1.579295
23679850 1.579299
23671562 1.579303
23660691 1.579306
23640584 1.579318
23640480 1.579329
23621426 1.579340
23616486 1.579345
23585058 1.579352
23581618 1.579380
23573931 1.579414
23569219 1.579421
23564294 1.579425
23561636 1.579428
23551831 1.579441
23533016 1.579448
23410951 1.579599
23398227 1.579604
23371151 1.579622
23370079 1.579640
23364947 1.579644
23359675 1.579679
23354443 1.579693
23325400 1.579699
23323485 1.579725
23323265 1.579735
23316214 1.579753
23230754 1.579765
23223768 1.579769
23218424 1.579774
22918789 1.579862
22917193 1.579874
22916723 1.579886
22913748 1.579893
22906456 1.579971
22901389 1.580012
22898637 1.580019
22864303 1.580053
22862980 1.580057
22859260 1.580063
22852006 1.580067
22851395 1.580071
22826529 1.580088
22817928 1.580092
22816581 1.580104
22687450 1.580139
22674131 1.580143
22673515 1.580147
22669115 1.580175
22667512 1.580179
22662276 1.580220
22654390 1.580233
22653443 1.580352
22651259 1.580360
22645662 1.580402
22644974 1.580407
22644517 1.580487
22638782 1.580500
22635722 1.580546
22630838 1.580558
22627929 1.580593
22622195 1.580596
22621735 1.580604
22616926 1.580618
22603030 1.580621
22603023 1.580639
22599338 1.580647
22590025 1.580656
22586761 1.580660
22584172 1.580667
22583359 1.580678
22577438 1.580685
22540182 1.580698
22538612 1.580717
22532623 1.580739
22525205 1.580814
22517968 1.580883
22508178 1.580887
22505700 1.580900
22502996 1.580950
22498858 1.580958
22398793 1.580962
22379818 1.580968
22379613 1.580974
22379229 1.580983
22378733 1.580998
22378194 1.581004
22356278 1.581014
22355638 1.581122
22347977 1.581130
22347069 1.581134
22340123 1.581138
22338804 1.581150
22334340 1.581172
22326227 1.581178
22316483 1.581190
22297733 1.581196
22296159 1.581199
22293405 1.581203
22285454 1.581214
22275658 1.581229
22271636 1.581237
22257376 1.581241
22254383 1.581247
22254061 1.581261
22242483 1.581267
22237631 1.581275
22236066 1.581280
22232671 1.581319
22230180 1.581324
22225513 1.581355
22223056 1.581363
22221124 1.581366
22213882 1.581369
22213156 1.581397
22207741 1.581441
22206190 1.581452
22204899 1.581459
22204769 1.581487
22148612 1.581547
22143280 1.581600
22141724 1.581618
22138919 1.581622
22137689 1.581626
22137313 1.581667
22115404 1.581707
22109776 1.581737
22102303 1.581747
22098199 1.581751
22061309 1.581758
22047497 1.581762
22042946 1.581772
22033257 1.581776
22015062 1.581781
22014406 1.581834
22012392 1.581838
22012153 1.581867
22011767 1.581926
22000546 1.581930
21996819 1.581937
21993260 1.581952
21991154 1.581958
21981992 1.581969
21975741 1.581973
21974384 1.582040
21972522 1.582046
21970070 1.582055
21969691 1.582059
21968454 1.582113
21967856 1.582117
21960663 1.582120
21959767 1.582127
21958242 1.582266
21957479 1.582404
21955435 1.582410
21924549 1.582469
21923500 1.583204
21923371 1.583210
21910326 1.583219
21905391 1.583224
21903673 1.583283
21899246 1.583300
21898970 1.583308
21898942 1.583391
21896367 1.583396
21884829 1.583406
21882221 1.583432
21881720 1.583475
21881315 1.583489
21868713 1.583613
21865206 1.583617
21859236 1.583662
21642481 1.583725
21624156 1.583754
21597899 1.583809
21591564 1.583814
21539919 1.583833
21530741 1.583848
21524046 1.583946
21508575 1.583956
21507399 1.583972
21501203 1.583975
21498791 1.584031
21497999 1.584035
21496371 1.584132
21495877 1.584153
21484527 1.584167
21483732 1.584176
21483328 1.584315
21481403 1.584324
21474205 1.584329
21463240 1.584341
21432374 1.584408
21431077 1.584541
21417953 1.584545
21417196 1.584557
21410175 1.584704
21401668 1.585145
21397008 1.585167
21394611 1.585290
21390652 1.585308
21389394 1.585314
21386894 1.585371
21384589 1.585376
21384255 1.585379
21382776 1.585385
21382042 1.585388
21377284 1.585392
21377117 1.585424
21351732 1.585428
21350833 1.585431
21344980 1.585435
21342524 1.585475
21337119 1.585480
21335003 1.585485
21334270 1.585500
21333670 1.585512
21329192 1.585519
21318890 1.585522
21312234 1.585529
21307638 1.585774
21301811 1.585779
21293878 1.585786
21281271 1.585791
21277998 1.585795
21274757 1.585801
21260482 1.585919
21255083 1.586044
21245750 1.586050
21242775 1.586055
21242154 1.586061
21240560 1.586101
21240113 1.586121
21238514 1.586128
21238351 1.586171
21227729 1.586900
21224662 1.586942
21222819 1.586969
21221312 1.586977
21218841 1.586996
21217907 1.587069
21213211 1.587761
21212333 1.587787
21202628 1.587791
21185762 1.587795
21185333 1.587798
21181032 1.587805
21177520 1.587825
21170701 1.587860
21162406 1.587882
21161020 1.587899
21158488 1.588173
21156018 1.588229
21152498 1.588252
21145924 1.588258
21133625 1.588375
21129571 1.588380
21129193 1.588411
21119553 1.588416
21117424 1.588428
21114393 1.588711
20911528 1.588745
20899145 1.588754
20897200 1.588796
20897003 1.588809
20890874 1.588816
20890815 1.588820
20889983 1.588826
20889890 1.588841
20888533 1.588855
20888085 1.588887
20887006 1.588907
20515454 1.588921
20488619 1.588928
20483318 1.588931
20482217 1.588935
20479105 1.589072
20478416 1.589087
20474266 1.589092
20470931 1.589120
20456638 1.589350
20451645 1.589386
20446743 1.589570
20446450 1.589582
20446107 1.589586
20445923 1.589591
20445763 1.589594
20436353 1.589602
20413364 1.589606
20401720 1.589813
20396580 1.589820
20395738 1.589834
20390949 1.589841
20388182 1.589956
20372435 1.589964
20358384 1.589973
20355833 1.589977
20343278 1.589996
20342775 1.590065
20330138 1.590077
20329296 1.590092
20327647 1.590097
20325241 1.590120
20321223 1.590188
20320537 1.590228
20311963 1.590255
20311185 1.590315
20295994 1.590322
20294789 1.590338
20294688 1.590345
20286253 1.590391
20253396 1.590397
20252206 1.590407
20251770 1.590453
20247258 1.590537
20245274 1.592282
20242539 1.592325
20236687 1.592329
20235771 1.592551
20233870 1.592913
20233030 1.592927
20228329 1.592931
20227443 1.592979
20224595 1.592986
20218114 1.592994
20201236 1.593004
20196845 1.593008
20184059 1.593012
20177409 1.593017
20174234 1.593048
20166380 1.593053
20166131 1.593070
20160273 1.593076
20157373 1.593167
20156712 1.593201
20150509 1.594178
20148416 1.594720
20132240 1.594726
20120970 1.594730
20107039 1.594744
20105263 1.594999
20104178 1.595006
20100065 1.595009
20096910 1.595034
20093396 1.595038
20091201 1.595158
20091038 1.595263
20089609 1.595301
20086835 1.596217
20086711 1.596251
20075030 1.596264
20073142 1.596282
20071884 1.596286
20071603 1.596372
20071579 1.596646
20070645 1.596653
20067126 1.596774
20065552 1.596841
20065081 1.596903
20061070 1.596909
20056781 1.597476
20055594 1.597488
20055015 1.597577
20053055 1.597624
20051320 1.597636
20050078 1.597739
20048323 1.598498
20042857 1.599202
20039091 1.599518
20037890 1.599599
20033264 1.599609
20021805 1.599931
20019750 1.600002
20019431 1.600055
20019358 1.600063
20013211 1.600069
20012457 1.600095
20012361 1.600106
20011841 1.600144
20009294 1.600149
20008576 1.600225
20007036 1.600256
20000601 1.600267
19998432 1.600413
19996477 1.600417
19995600 1.600429
19993523 1.605253
19988525 1.612491
19977907 1.613796
19977835 1.613804
19976650 1.614152
19974499 1.614158
19970074 1.614789
19969429 1.616922
19968463 1.616945
19935469 1.621300
19915053 1.621414
19889066 1.621424
19885630 1.621434
19884751 1.621451
19884322 1.621454
19865974 1.621459
19861422 1.621491
19857205 1.621506
19855674 1.621525
19840624 1.623190
19834331 1.623261
19832296 1.623277
19832221 1.623497
19828532 1.623528
19814053 1.623566
19813145 1.623917
19812997 1.625740
19811802 1.625882
19811622 1.628480
19807964 1.628571
19807940 1.628579
19802795 1.628590
19800449 1.628774
19798367 1.629133
19767409 1.629142
19767144 1.631151
19764008 1.631474
19761795 1.631480
19754193 1.645335
19753980 1.645460
19750272 1.647254
19742515 1.647720
19742213 1.647732
19738349 1.650082
19737825 1.650145
19735865 1.650226
19732800 1.650234
19732273 1.650260
19732203 1.651503
19728175 1.651527
19728140 1.651533
19727844 1.651974
19723353 1.652115
19721011 1.652173
19705225 1.652191
19702649 1.652222
19696616 1.652484
19687402 1.652776
19684757 1.652783
19679086 1.652882
19669803 1.653038
19663112 1.653042
19661098 1.653045
19659294 1.653049
19655561 1.653087
19655101 1.653132
19651158 1.653915
19647551 1.653970
19647075 1.653995
19642944 1.654505
19641908 1.654510
19640562 1.654525
19639377 1.655057
19638387 1.655064
19637900 1.655069
19634460 1.655886
19629520 1.656008
19614571 1.656053
19607516 1.657020
19606580 1.657031
19605499 1.657040
19603931 1.657068
19602356 1.657085
19602058 1.657126
19598285 1.657136
19596623 1.657142
19593241 1.657189
19590189 1.657275
19588176 1.657531
19584374 1.657562
19583892 1.659098
19579964 1.662064
19579618 1.662156
19577356 1.665161
19575542 2.200611
19573977 2.200619
19572707 2.200623
19569592 2.200632
19568925 2.200636
19556840 2.200642
19554959 2.200651
19541682 2.200654
19541357 2.201109
19541224 2.201543
19541005 2.202156
19539685 2.204836
19539514 2.205040
19537596 2.205484
19534245 2.205596
19531968 2.205625
19530069 2.209577
19528620 2.209618
19528472 2.209705
19527277 2.209847
19525306 2.210226
19521870 2.210263
19520235 2.210350
19519334 2.210654
19518966 2.211704
19516289 2.218072
19512316 2.218101
19500974 2.218122
19499197 2.218347
19498260 2.221171
19494918 2.221799
19492339 2.222228
19481383 2.222234
19480799 2.222336
19480541 2.222433
19472858 2.222444
19472472 2.223508
19471441 2.223588
19471431 2.224255
19470786 2.224339
19469222 2.224382
19469170 2.224394
19468139 2.224443
19467901 2.224479
19467882 2.224491
19467385 2.224496
19467250 2.225920
19466830 2.228844
19466570 2.252401
19461558 2.265233
19460850 2.265334
19454484 2.265351
19449922 2.265369
19446956 2.455472
19443198 2.460058
19441387 2.464629
19441266 2.464669
19440598 2.464902
19439093 2.465704
19436904 2.465790
19436516 2.487607
19436189 2.527041
19429525 2.527049
19428917 2.527302
19426491 2.527535
19426208 2.527735
19423594 2.998960
19421376 2.999260
19420922 3.000862
19420569 3.000874
19418459 3.023559
19416844 3.023597
19416157 3.023615
19414956 3.023643
19414143 3.023683
19412494 3.023688
19408466 3.024623
19408191 3.030132
19401949 3.030180
19400511 3.578666
19398021 3.589591
19396747 4.786662
19395355 4.786870
19394944 4.786878
19391897 7.473648
19391612 17.210106
19391190 32.429080
19390693 32.480535
19390402 51.834462
19390086 51.836477
19388864 51.836686
19387759 51.837224
19387629 58.159976
19387449 58.225797
19387283 58.226773
19387052 58.226840
19385362 159.636946
19384937 159.649956
19384530 159.650215
19383025 159.747974
19382672 161.709305
19379807 161.712744
19379656 161.713053
19379231 161.714080
19377074 161.714440
19373447 162.994526
19370733 206.412520
19370467 206.456823
19370467 806.511626
