PROBLEM_FILE = /tmp/13894.tmp/sample.tsp
12645117 0.191975
12636461 0.191996
12633781 0.192005
12598475 0.192011
12593546 0.192021
12584911 0.192030
12573159 0.192034
12565502 0.192038
12562442 0.192045
12559401 0.192051
12558395 0.192054
12557331 0.192058
12555203 0.192069
12547294 0.192073
10291073 0.192082
10288053 0.192089
10286632 0.192098
10286302 0.192112
10268985 0.192115
10264155 0.192124
10218757 0.192134
10215251 0.192139
10210483 0.192165
10203241 0.192192
10188814 0.192213
10180036 0.192218
10179550 0.192224
10178516 0.192227
10161637 0.192232
9678582 0.192238
9675102 0.192241
9673794 0.192244
9667470 0.192250
9648629 0.192255
9646020 0.192261
9639546 0.192264
9583466 0.192279
9580929 0.192284
9579230 0.192287
9205894 0.192298
9196633 0.192301
9192133 0.192318
9189821 0.192321
9174864 0.192325
9153615 0.192335
9148721 0.192339
9148354 0.192343
9134769 0.192350
9125166 0.192357
9122841 0.192363
9112534 0.192366
9064777 0.192375
9055973 0.192380
9052184 0.192383
9051613 0.192396
9046256 0.192407
9043471 0.192411
9023937 0.192420
8999199 0.192424
8998794 0.192427
8998662 0.192430
8995569 0.192433
8991555 0.192439
8967846 0.192442
8966189 0.192446
8963761 0.192454
8955247 0.192463
8949414 0.192479
8949262 0.192487
8948386 0.192492
8946323 0.192500
8939107 0.192503
8930214 0.192506
8923720 0.192509
8913104 0.192519
8895595 0.192525
8895535 0.192543
8883962 0.192546
8855391 0.192554
8854772 0.192587
8846235 0.192595
8828934 0.192599
8826623 0.192603
8826440 0.192634
8824721 0.192640
8821228 0.192659
8805004 0.192663
8799656 0.192669
8786051 0.192680
8780887 0.192687
8778483 0.192694
8775374 0.192715
8775149 0.192719
8293027 0.192732
8292548 0.192743
8269432 0.192756
8266491 0.192760
8249466 0.192766
8249235 0.192769
8242886 0.192772
8240092 0.192780
8239805 0.192785
8231761 0.192790
8201732 0.192794
8199771 0.192797
8196229 0.192801
8182072 0.192807
7717224 0.192819
7713789 0.192823
7663882 0.192832
7659501 0.192843
7641994 0.192854
7640029 0.192857
7603371 0.192888
7214482 0.192904
7210081 0.192910
7210057 0.192914
7147497 0.192917
7144916 0.192922
7137806 0.192931
7136857 0.192935
7129992 0.192950
7129493 0.192953
7128572 0.192989
7121322 0.192997
6678145 0.193037
6677685 0.193041
6673214 0.193057
6671783 0.193068
6670132 0.193080
6669865 0.193101
6668914 0.193141
6668487 0.193161
6652485 0.193170
6652267 0.193173
6647884 0.193218
6051541 0.193227
6050719 0.193231
6046432 0.193240
6041039 0.193253
6028798 0.193258
6025923 0.193266
6024808 0.193269
6012757 0.193274
6001942 0.193289
6001203 0.193292
5975181 0.193297
5961859 0.193302
5918858 0.193306
5917498 0.193310
5912681 0.193319
5907834 0.193332
5894081 0.193348
5891159 0.193355
5883286 0.193358
5882827 0.193365
5868641 0.193375
5860616 0.193387
5853388 0.193391
5836471 0.193455
5829160 0.193459
5827255 0.193463
5823942 0.193467
5812266 0.193477
5809950 0.193488
5798863 0.193491
5783883 0.193495
5783503 0.193507
5773595 0.193514
5766707 0.193517
5746781 0.193522
5729705 0.193529
5723194 0.193539
5691043 0.193543
5685499 0.193548
5649275 0.193567
5645124 0.193574
5644923 0.193595
5638773 0.193600
5619744 0.193612
5616194 0.193619
5602005 0.193623
5601611 0.193627
5598281 0.193630
5591417 0.193640
5581780 0.193645
5569710 0.193648
5564590 0.193660
5563871 0.193678
5547926 0.193784
5542769 0.193788
5542006 0.193791
5494573 0.193802
5491376 0.193869
5490915 0.193878
5490545 0.193891
5489997 0.193904
5486891 0.193918
5486212 0.193925
5485326 0.193951
5477205 0.193961
5476446 0.193965
5476286 0.193968
5470610 0.193973
5469647 0.194100
5452463 0.194104
5451135 0.194112
5449062 0.194121
5448561 0.194128
5447702 0.194134
5447407 0.194156
5447162 0.194162
5446538 0.194165
5445763 0.194168
5445435 0.194171
5443388 0.194202
5443008 0.194206
5440140 0.194210
5438030 0.194213
5431960 0.194216
5431389 0.194223
5422655 0.194227
5421534 0.194233
5419863 0.194249
5414707 0.194305
5413865 0.194330
5408633 0.194338
5404985 0.194346
5403853 0.194353
5335642 0.194361
5302598 0.194373
5299112 0.194376
5296041 0.194381
5286345 0.194398
5277174 0.194402
5269853 0.194437
5268006 0.194441
5267473 0.194479
5263312 0.194493
5261990 0.194505
5260818 0.194510
5260365 0.194549
5259539 0.194572
5258582 0.194594
5256441 0.194608
5252141 0.194613
5244306 0.194617
5229719 0.194753
5229158 0.194769
5229026 0.194778
5229003 0.194815
5224267 0.194821
5218767 0.194843
5218544 0.194870
5215479 0.194888
5214850 0.194894
5213755 0.194898
5210741 0.194901
5209175 0.194905
5202818 0.194908
5199742 0.194912
5195097 0.194930
5181877 0.194949
5181169 0.195079
5180073 0.195105
5178712 0.195111
5178659 0.195124
5178225 0.195202
5177201 0.198471
5176278 0.198506
4752924 0.198523
4749622 0.198673
4749206 0.198718
4744609 0.198723
4744351 0.198747
4740897 0.198780
4739318 0.198786
4738512 0.198790
4732197 0.198794
4731922 0.198810
4728222 0.198840
4725536 0.198851
4709631 0.198854
4708569 0.198871
4699955 0.198883
4697451 0.198890
4696561 0.198915
4689019 0.198929
4685044 0.198939
4683794 0.198953
4681515 0.199023
4678906 0.199063
4669481 0.199069
4668341 0.199078
4665375 0.199129
4662295 0.199404
4658543 0.199419
4658502 0.199481
4657588 0.199578
4657480 0.200162
4656972 0.200171
4656842 0.200436
4656835 0.200440
4656377 0.200500
4654425 0.200522
4652258 0.200529
4650911 0.200544
4617216 0.200813
4579429 0.200832
4569174 0.200843
4566587 0.201105
4565274 0.201119
4563803 0.201142
4559080 0.201148
4557952 0.201151
4557041 0.201158
4556585 0.201177
4554361 0.201853
4553177 0.201993
4552425 0.202000
4549705 0.202005
4548735 0.202299
4542788 0.202306
4541550 0.202314
4540277 0.202419
4538957 0.202438
4536527 0.202442
4520667 0.202445
4517081 0.202930
4504415 0.212036
4503660 0.212065
4503496 0.379723
4502293 0.380208
4501571 0.380214
4500671 0.380230
4498251 0.380242
4496081 0.380247
4495606 0.380275
4495333 0.565469
4495280 0.565566
4494143 0.565573
4488998 0.565581
4488431 0.747286
4487401 0.828961
4487070 0.829533
4483155 0.829567
4482952 0.834909
4482634 0.835829
4479784 0.835848
4477288 0.837539
4473274 0.837543
4469679 0.837749
4462016 0.897930
4461351 0.898311
4461106 0.898561
4460672 0.898584
4456860 0.900836
4455573 0.900858
4453830 0.900885
4452135 0.900893
4451773 1.060727
4451179 1.148759
4450611 1.183378
4450092 1.379376
4449713 1.760272
4448895 1.760281
4447133 1.788769
4444623 2.209994
4444559 2.210117
4442998 2.210226
4442998 602.410143
