PROBLEM_FILE = /tmp/10017.tmp/sample.tsp
17894751 0.191557
17889718 0.191590
17771698 0.191596
17764959 0.191603
17764787 0.191607
17762654 0.191611
17760044 0.191618
17722479 0.191625
17713708 0.191637
17709627 0.191643
16824441 0.191648
16809182 0.191653
16797989 0.191662
16779685 0.191671
16774259 0.191680
16768659 0.191684
16764770 0.191688
16753968 0.191691
16750753 0.191694
16743208 0.191697
16521970 0.191700
16509933 0.191711
16509515 0.191714
16110865 0.191720
16110590 0.191723
16106792 0.191737
16103914 0.191742
16099783 0.191759
16094031 0.191762
16078163 0.191765
16073430 0.191769
15892218 0.191783
15889542 0.191796
15888745 0.191800
15886250 0.191810
15883269 0.191813
15882427 0.191823
15872845 0.191827
15871228 0.191831
15847532 0.191839
15843903 0.191843
15830436 0.191851
15827381 0.191860
15804707 0.191864
15798232 0.191869
15797960 0.191873
15781200 0.191882
15780331 0.191888
15770341 0.191895
15767613 0.191898
15752887 0.191908
15749763 0.191912
15747995 0.191915
15489144 0.191933
14771726 0.191941
14769673 0.191945
14760131 0.191948
14757260 0.191961
14752347 0.191967
14205320 0.191971
14203731 0.191976
14202788 0.191994
13682758 0.192002
13682190 0.192006
13679462 0.192015
13670417 0.192021
13652835 0.192025
13649589 0.192028
13638377 0.192032
13634244 0.192035
13574226 0.192043
13570854 0.192052
13545280 0.192059
13542715 0.192063
13201630 0.192073
13195467 0.192080
13185197 0.192092
13173339 0.192095
13170179 0.192101
12757680 0.192114
12757204 0.192119
12756854 0.192122
12601004 0.192128
12588447 0.192134
12582206 0.192137
12576089 0.192149
12561916 0.192153
12531518 0.192160
12528497 0.192164
12473946 0.192175
12468450 0.192181
12463595 0.192191
12459083 0.192196
12454738 0.192199
12446945 0.192205
12437945 0.192210
11962086 0.192214
11954635 0.192224
11945433 0.192228
11924621 0.192234
11923164 0.192241
11897788 0.192247
11125679 0.192262
11114530 0.192265
11078346 0.192274
11071384 0.192283
11066156 0.192288
11061554 0.192291
11057294 0.192298
11054686 0.192303
11053620 0.192309
11045062 0.192312
11042330 0.192318
11041959 0.192322
11041506 0.192326
11021387 0.192331
10998472 0.192339
10998290 0.192348
10969309 0.192358
10942912 0.192365
10918872 0.192369
10911001 0.192372
10884512 0.192375
10882165 0.192379
10870542 0.192385
10861256 0.192404
10861113 0.192416
10851905 0.192426
10843485 0.192430
10842648 0.192435
10834237 0.192440
10829955 0.192447
10829169 0.192451
10826051 0.192457
10821579 0.192460
10812477 0.192470
10811338 0.192502
10810955 0.192508
10809165 0.192511
10789618 0.192516
10782028 0.192529
10772167 0.192533
10771849 0.192537
10767370 0.192540
10754701 0.192544
10752076 0.192547
10726937 0.192550
10726792 0.192554
10725912 0.192560
10718917 0.192565
10710764 0.192569
10707482 0.192573
10705348 0.192578
10685710 0.192584
10683220 0.192594
10562814 0.192603
10539231 0.192606
10526708 0.192609
10491743 0.192620
10481825 0.192624
10475306 0.192631
10473029 0.192634
10424929 0.192640
10418218 0.192643
9812957 0.192658
9811722 0.192663
9802185 0.192667
9771926 0.192673
9751412 0.192681
9723894 0.192694
9710338 0.192701
9695608 0.192705
8585308 0.192715
8566297 0.192721
8563542 0.192726
8561693 0.192730
8551098 0.192736
8549327 0.192749
8544006 0.192753
8540653 0.192759
8511371 0.192763
8292728 0.192779
8115483 0.192789
8069261 0.192798
8068025 0.192802
8063215 0.192806
8058831 0.192811
8055190 0.192824
8040589 0.192829
8039722 0.192834
7992675 0.192842
7988632 0.192851
7978133 0.192859
7973499 0.192865
7973286 0.192868
7966739 0.192872
7963066 0.192881
7959407 0.192889
7946504 0.192893
7944046 0.192896
7939971 0.192900
7924523 0.192907
7923245 0.192925
7922896 0.192971
7914241 0.192979
7913801 0.192983
7905345 0.192990
7890659 0.192997
7889766 0.193001
7854877 0.193020
7843343 0.193058
7841133 0.193071
7840759 0.193078
7840024 0.193082
7839103 0.193088
7820319 0.193095
7817898 0.193112
7815187 0.193124
7814790 0.193134
7813111 0.193151
7809747 0.193170
7798306 0.193179
7770603 0.193188
7768451 0.193192
7760555 0.193196
7755522 0.193200
7747068 0.193207
7742979 0.193213
7741548 0.193294
7740855 0.193307
7740334 0.193312
7735926 0.193316
7735697 0.193322
7696498 0.193380
7695242 0.193387
7355860 0.193396
7349652 0.193404
7347561 0.193409
7346733 0.193413
7346681 0.193416
7345446 0.193420
7342335 0.193425
7341727 0.193436
7339184 0.193445
7322220 0.193449
7320023 0.193455
7293471 0.193464
7282915 0.193468
7282320 0.193473
7282091 0.193492
7277140 0.193519
7274048 0.193535
7206818 0.193550
7201288 0.193555
7200968 0.193573
7198609 0.193577
7198338 0.193592
7191411 0.193600
7190900 0.193606
7189738 0.193611
7189223 0.193724
7184840 0.193728
7182761 0.193733
7174093 0.193751
7168380 0.193761
7152155 0.193846
7151843 0.193850
7149414 0.193925
7147191 0.193944
7145575 0.193960
7131232 0.193971
7130491 0.193977
7128769 0.193986
7115441 0.193992
7113881 0.193996
7109575 0.194002
7097186 0.194094
7093886 0.194098
7086893 0.194101
7085653 0.194104
7075793 0.194117
7063650 0.194126
7053298 0.194143
7048766 0.194148
7048643 0.194155
7034727 0.194229
7031303 0.194233
7028590 0.194241
7024917 0.194281
7015911 0.194295
7015851 0.194311
7007613 0.194329
7002992 0.194356
7001854 0.194362
6999970 0.194374
6999114 0.194382
6998701 0.194391
6998369 0.194956
6997457 0.194971
6995681 0.194982
6994641 0.194985
6993817 0.194990
6993719 0.195320
6992761 0.195430
6991889 0.195437
6982945 0.195453
6981985 0.195458
6978868 0.195468
6968639 0.195477
6966427 0.195483
6965921 0.195510
6965434 0.195516
6961853 0.195575
6956463 0.195600
6956396 0.195604
6955314 0.195610
6954615 0.195618
6949805 0.195635
6946892 0.195642
6946778 0.195646
6942139 0.195664
6940694 0.195751
6938022 0.195778
6937359 0.195791
6901365 0.195838
6899506 0.195861
6897551 0.195943
6896130 0.195948
6895828 0.195973
6892479 0.195987
6887543 0.196079
6886549 0.196095
6880742 0.196111
6879643 0.196127
6875735 0.196144
6875323 0.196156
6863367 0.196168
6858116 0.196185
6853725 0.196189
6853052 0.196196
6843158 0.196218
6840763 0.196222
6835266 0.196248
6834267 0.196252
6830054 0.196259
6829179 0.198440
6825952 0.198492
6823384 0.198633
6822878 0.199814
6820549 0.201328
6617023 0.232773
6610020 0.232786
6602159 0.232795
6601799 0.232875
6601027 0.232963
6585027 0.233097
6584007 0.233102
6582024 0.233194
6574278 0.233233
6569534 0.233237
6568868 0.233240
6568147 0.233279
6567806 0.233616
6562823 0.233627
6562157 0.233631
6561655 0.235622
6561176 0.235712
6556124 0.235754
6556006 0.235776
6546701 0.236507
6546678 0.236518
6535318 0.236557
6519250 0.236687
6517032 0.236691
6493508 0.236703
6480048 0.236770
6475809 0.236774
6472558 0.236784
6472461 0.236797
6464814 0.239933
6463902 0.239965
6463083 0.239969
6451197 0.239983
6437658 0.239992
6431206 0.240225
6429404 0.240236
6429157 0.240244
6398051 0.240262
6391656 0.240266
6387536 0.240285
6386015 0.240288
6382737 0.240316
6380506 0.240320
6379746 0.240326
6364935 0.240331
6353020 0.240335
6352232 0.240349
6349739 0.240353
6340112 0.240357
6335194 0.240364
6331863 0.240642
6329767 0.240874
6329764 0.240894
6215700 0.243295
6208814 0.243304
6207097 0.243376
6195739 0.243381
6187248 0.243385
6186760 0.243392
6185469 0.243396
6184786 0.243399
6184073 0.243404
6163947 0.243438
6157112 0.251330
6075583 0.252930
6075185 0.252943
6072451 0.252950
6071642 0.252955
6070758 0.253167
6059297 0.253183
6047095 0.253229
6036633 0.253246
6032836 0.253250
6031743 0.253288
6030474 0.253297
6030381 0.253304
6030258 0.253362
6024815 0.253511
6019776 0.253587
6004926 0.253595
5999701 0.253604
5996729 0.254081
5995219 0.254094
5994901 0.254181
5994231 0.254222
5993509 0.254230
5991526 0.324262
5991470 0.324361
5991051 0.324374
5988846 0.324700
5986343 0.324773
5983753 0.324787
5980990 0.325045
5979349 0.326064
5978088 0.326079
5977150 0.326201
5971148 0.347559
5970914 0.347612
5965970 0.347621
5955469 0.347640
5955149 0.347662
5953087 0.347692
5952858 0.347705
5948769 0.357434
5948424 0.357442
5944337 0.357490
5943818 0.357507
5942093 0.357782
5940379 0.357835
5939582 0.357845
5937881 0.357943
5929075 0.358096
5927446 0.358100
5921368 0.358122
5919854 0.358152
5917549 0.358167
5913947 0.358201
5911085 0.358229
5909793 0.358237
5901277 0.358252
5894272 0.358268
5892683 0.358272
5891547 0.358693
5887305 0.358819
5886737 0.358829
5880908 0.358841
5879936 0.358873
5879094 0.358879
5878605 0.358890
5877882 0.358982
5875774 0.358997
5875403 0.359003
5874646 0.359008
5872849 0.359188
5872525 0.359272
5869457 0.359280
5861357 0.359287
5860170 0.369027
5855811 0.369073
5854897 0.369080
5852856 0.369226
5852529 0.369244
5851547 0.369319
5848863 0.369361
5847922 0.495158
5847736 0.569510
5847260 0.569620
5844304 0.589729
5841887 0.605354
5840434 0.622087
5839995 0.644590
5839960 0.694200
5839751 0.694945
5836345 0.694968
5835838 0.745198
5835318 0.827791
5834062 0.827812
5833771 0.828045
5832560 0.828503
5832147 0.829120
5829139 0.829129
5828426 0.829161
5828066 1.327472
5826090 1.327492
5824422 1.331740
5824422 601.353703
