PROBLEM_FILE = /tmp/515.tmp/sample.tsp
15008257 0.191649
14971360 0.191673
14964882 0.191686
14944527 0.191691
14938488 0.191695
14937898 0.191700
14929692 0.191708
14927538 0.191712
14927519 0.191720
14664818 0.191739
14533404 0.191742
14530801 0.191746
14525594 0.191761
14460917 0.191767
14436172 0.191773
14434176 0.191777
14232235 0.191781
14222695 0.191784
14220955 0.191788
14215149 0.191799
14210846 0.191803
14175903 0.191854
14156214 0.191859
14145113 0.191866
14141933 0.191882
13093295 0.191903
13068500 0.191908
13056249 0.191912
13038822 0.191921
12993164 0.191925
12544093 0.191934
12534079 0.191939
12525787 0.191943
12524133 0.191947
12497165 0.191951
12487029 0.191955
12444601 0.191962
12404241 0.191969
12403312 0.191979
12392940 0.191986
12384351 0.191990
12379746 0.191997
12377128 0.192001
11525840 0.192005
11506355 0.192009
10726610 0.192027
10723155 0.192031
10697177 0.192037
10667130 0.192040
10658175 0.192049
10658055 0.192061
10649014 0.192065
10644603 0.192070
10644574 0.192076
10633614 0.192093
10632285 0.192098
10627982 0.192101
10608681 0.192110
10601276 0.192128
10588310 0.192139
10583407 0.192144
10564927 0.192155
10558464 0.192159
10555984 0.192178
10546570 0.192182
10542162 0.192189
10519826 0.192204
10515076 0.192207
10503754 0.192211
10424688 0.192216
10416957 0.192220
10384382 0.192228
10383050 0.192232
10366212 0.192235
10363605 0.192239
10360905 0.192243
10350646 0.192246
10348281 0.192250
10334520 0.192256
10329817 0.192268
9830109 0.192272
9827673 0.192280
9825083 0.192285
9806715 0.192293
9805552 0.192296
9762344 0.192300
9737552 0.192311
9583199 0.192325
9573508 0.192329
9569548 0.192334
9565867 0.192338
9558276 0.192341
9556180 0.192348
9553171 0.192356
9551934 0.192359
9393572 0.192376
9392966 0.192384
8772678 0.192406
8770409 0.192416
8767711 0.192427
8764864 0.192442
8749049 0.192454
8748895 0.192458
8738839 0.192483
8734064 0.192489
8732774 0.192557
8732698 0.192565
8730269 0.192570
8726316 0.192574
8715150 0.192577
8702533 0.192585
8701168 0.192593
8697557 0.192596
8696980 0.192599
8695024 0.192624
8692414 0.192628
8685925 0.192632
8685568 0.192639
8684902 0.192645
8683790 0.192656
8682559 0.192662
8679880 0.192666
8676352 0.192672
8673134 0.192680
8667648 0.192685
8662415 0.192708
8653224 0.192713
8641779 0.192717
8491960 0.192741
8479034 0.192760
8478084 0.192823
8467288 0.192838
8460906 0.192845
8452695 0.192849
8450041 0.192852
8447676 0.192856
8444180 0.192859
8429759 0.192878
8421173 0.192883
8412523 0.192887
8412191 0.192906
8409793 0.193061
8406506 0.193066
8391672 0.193071
8389049 0.193081
8377278 0.193095
8362972 0.193100
8352103 0.193115
8346997 0.193118
8341005 0.193122
8331257 0.193195
8323436 0.193204
8312349 0.193232
8309078 0.193236
8302910 0.193241
8302471 0.193259
8300041 0.193263
8288104 0.193273
8267187 0.193278
8263146 0.193281
8259364 0.193291
8245904 0.193300
8244160 0.193304
8242470 0.193312
8044045 0.193363
8016411 0.193368
8006628 0.193375
8001026 0.193378
8000101 0.193381
7967115 0.193389
7959546 0.193393
7955428 0.193396
7955396 0.193404
7932309 0.193408
7924362 0.193411
7923042 0.193426
7922683 0.193442
7912691 0.193446
7898061 0.193450
7888106 0.193454
7887803 0.193458
7884708 0.193461
7882484 0.193467
7867401 0.193471
7867263 0.193481
7863159 0.193488
7857884 0.193492
7857253 0.193496
7789017 0.193502
7752372 0.193506
7747035 0.193516
7742404 0.193519
7702199 0.193537
7688145 0.193546
7683608 0.193550
7673816 0.193556
7673080 0.193566
7671843 0.193571
7670828 0.193575
7669364 0.193578
7663978 0.193585
7650977 0.193600
7650870 0.193646
7646488 0.193669
7641429 0.193690
7637744 0.193806
7635541 0.193811
7632873 0.193814
7631791 0.193831
7614748 0.193839
7570707 0.194500
7556832 0.194505
7556121 0.194509
7548735 0.194568
7526341 0.194575
7515542 0.194581
7514131 0.194584
7488912 0.194590
7488309 0.194593
7214435 0.194596
7214194 0.194599
7112461 0.194621
7112414 0.194625
7111953 0.194629
7104748 0.194660
7101999 0.194679
7087256 0.194684
7086530 0.194689
7081227 0.194696
7080953 0.194700
7079455 0.194712
7062483 0.194716
6915174 0.194783
6912704 0.194791
6912058 0.194804
6910845 0.194812
6905186 0.194818
6904666 0.195437
6900329 0.195443
6897895 0.195447
6895357 0.195454
6891359 0.195559
6888705 0.195563
6886490 0.195584
6885071 0.195588
6884247 0.195595
6880613 0.195605
6878710 0.195612
6873671 0.195619
6864822 0.195627
6853100 0.195641
6852252 0.195645
6849895 0.195648
6835347 0.195652
6824497 0.195661
6817903 0.195665
6817224 0.195673
6815509 0.195685
6811357 0.195711
6799492 0.195716
6797769 0.195732
6795040 0.195736
6770873 0.195745
6765725 0.195749
6765295 0.195759
6661371 0.196610
6660999 0.196619
6659552 0.196623
6659119 0.196874
6659104 0.196972
6656261 0.196993
6639859 0.197360
6638391 0.197376
6635659 0.197380
6629486 0.197386
6619253 0.197400
6615262 0.197424
6614950 0.197429
6608857 0.197466
6603955 0.197471
6603558 0.197517
6603147 0.197564
6566630 0.198796
6561391 0.198804
6545102 0.198808
6542991 0.198935
6539675 0.198949
6538559 0.198955
6536453 0.198962
6531443 0.198970
6525233 0.198976
6525055 0.198983
6524438 0.198987
6523922 0.199042
6523634 0.199129
6520998 0.199137
6518760 0.199141
6518336 0.199149
6517170 0.199155
6513324 0.199168
6510519 0.199175
6510269 0.199182
6510099 0.199207
6509737 0.199251
6502249 0.199255
6499817 0.199259
6480464 0.199269
6476602 0.199272
6476145 0.199282
6475677 0.199286
6473015 0.199324
6470581 0.201107
6467170 0.201133
6465967 0.201137
6457645 0.201147
6450564 0.201151
6450363 0.201388
6448588 0.201407
6447048 0.221115
6445551 0.221124
6439134 0.221145
6439101 0.221150
6434753 0.221157
6322174 0.221170
6316314 0.221174
6311543 0.221190
6310226 0.221194
6305073 0.221217
6296816 0.245156
6296693 0.245344
6296585 0.245606
6294193 0.245910
6291525 0.246260
6290669 0.246264
6286277 0.246429
6280965 0.246817
6280881 0.247538
6280044 0.248237
6279138 0.258962
6278253 0.258971
6268376 0.285279
6267162 0.334231
6251894 0.355517
6249939 0.355559
6237456 0.355570
6223949 0.355603
6220065 0.355608
6218860 0.384669
6218727 0.384806
6217912 0.396321
6217655 0.396418
6217155 0.456723
6216906 0.456735
6214554 0.566270
6209051 0.566280
6200588 0.566319
6198041 0.566339
6197837 0.566348
6195057 0.566473
6174708 0.566494
6172283 0.572887
6172253 0.576727
6169608 1.078926
6167856 1.078938
6167442 1.162646
6166361 1.162652
6162609 1.162656
6162598 1.202469
6160278 1.202478
6157494 1.202496
6155886 1.227964
6152174 1.228861
6150422 1.228963
6150148 1.228981
6145913 1.232592
6143181 1.232626
6142665 1.232634
6141038 1.233646
6137794 1.256163
6137458 1.256253
6136016 1.257650
6135742 1.258286
6135363 1.258318
6135089 1.541580
6134267 1.625506
6120154 2.030238
6117151 2.030254
6109520 2.030282
6108099 2.030303
6107779 2.030314
6103834 2.030323
6103194 2.030332
6099565 2.030340
6097082 2.030345
6093929 2.030552
6089423 2.030573
6088169 2.030580
6087913 2.030597
6085751 2.030601
6083955 2.030605
6080604 2.030657
6065705 2.030661
6063911 2.030691
6059717 2.030725
6059351 2.030729
6057009 2.030760
6055186 2.030788
6053862 2.030794
6051252 2.030815
6049579 2.030825
6043244 2.030883
6040822 2.030923
6038269 2.030953
6027749 2.031005
6027339 2.031086
6022049 2.031791
6021629 2.032176
6019518 2.032180
6018692 2.032184
6017589 2.032247
6011810 2.042734
6010327 2.108186
6009993 7.066843
6009993 607.185722
