PROBLEM_FILE = /tmp/28826.tmp/sample.tsp
13510454 0.214529
13489680 0.214556
13487441 0.214566
13474616 0.214575
13473565 0.214579
13453519 0.214588
13428745 0.214597
13412094 0.214602
13401289 0.214613
13391915 0.214620
13378987 0.214623
13336637 0.214635
12399095 0.214647
12393033 0.214658
12388750 0.214671
12385424 0.214676
12379638 0.214681
12379255 0.214699
12364512 0.214704
12360548 0.214707
11983174 0.214716
11976410 0.214720
11976168 0.214724
11967660 0.214727
11960581 0.214732
11533629 0.214745
10676746 0.214752
10667558 0.214757
10658976 0.214771
10657869 0.214778
9849952 0.214788
9825537 0.214799
9813177 0.214815
9800390 0.214821
9794726 0.214825
9787897 0.214833
9782603 0.214837
9781886 0.214840
9767454 0.214844
9746414 0.214857
9742837 0.214861
9730423 0.214864
9698384 0.214880
9692995 0.214884
9688067 0.214891
9675667 0.214895
9673534 0.214898
9656256 0.214912
9654076 0.214917
9623168 0.214928
9602515 0.214935
9596513 0.214949
9587149 0.214958
9576940 0.214962
9575132 0.214966
9558985 0.214969
9057396 0.214980
9048607 0.214984
9038631 0.214992
9014529 0.214995
9001294 0.215009
8993341 0.215013
8988805 0.215026
8963991 0.215029
8962657 0.215032
8923405 0.215035
8922748 0.215044
8917725 0.215049
8915786 0.215053
8800931 0.215065
8779333 0.215089
8777575 0.215094
8773769 0.215097
8760592 0.215101
8751794 0.215106
8747880 0.215110
8744022 0.215113
8738281 0.215171
8735811 0.215175
8706214 0.215180
8697755 0.215184
8607977 0.215191
8606521 0.215194
8557975 0.215206
8557132 0.215210
8553492 0.215216
8553339 0.215226
8551276 0.215245
8539111 0.215250
8536863 0.215254
8518452 0.215267
8513543 0.215271
8510776 0.215278
8492195 0.215286
8490416 0.215290
8486313 0.215293
8465579 0.215298
8450713 0.215303
8432072 0.215306
8431453 0.215309
8429080 0.215312
8424594 0.215315
8424298 0.215318
8418894 0.215327
8404881 0.215350
8396576 0.215358
8391842 0.215365
8384621 0.215368
8380472 0.215372
8368492 0.215380
8364116 0.215384
8333689 0.215388
8326227 0.215391
8325687 0.215394
8323709 0.215399
8315505 0.215410
8315395 0.215413
8298358 0.215422
8297838 0.215427
8287679 0.215433
8258790 0.215439
8249646 0.215446
8240789 0.215450
8230375 0.215453
8230335 0.215457
8224252 0.215468
8217709 0.215472
8214396 0.215477
8159087 0.215487
8157185 0.215492
8149015 0.215495
8137084 0.215502
8126810 0.215507
8124641 0.215510
8124462 0.215516
8116402 0.215523
8113393 0.215529
8111650 0.215535
8110458 0.215542
8110415 0.215546
8110322 0.215553
8098834 0.215556
8092355 0.215559
8089983 0.215563
8074189 0.215573
8067629 0.215581
8060384 0.215589
8058517 0.215594
8053299 0.215601
8051204 0.215604
8044414 0.215609
8035130 0.215612
8027960 0.215616
8022457 0.215625
8018672 0.215629
8016058 0.215633
8010290 0.215637
8007794 0.215643
8007108 0.215647
8002508 0.215651
7935332 0.215656
7931789 0.215660
7917202 0.215663
7917130 0.215667
7915909 0.215670
7912650 0.215673
7861387 0.215701
7859007 0.215705
7858678 0.215722
7402873 0.215761
7397181 0.215766
7377337 0.215772
7371030 0.215776
7355056 0.215789
7288947 0.215798
7261453 0.215823
7258170 0.215829
7124557 0.215906
7124027 0.215910
7123877 0.215915
7120619 0.215933
7120152 0.215950
7118134 0.215959
7116418 0.215963
7116176 0.215966
7089535 0.215989
7087160 0.216021
7084085 0.216043
7075937 0.216056
6976926 0.216120
6889423 0.216131
6889010 0.216142
6120362 0.216172
6114035 0.216181
6098429 0.219421
6046605 0.219476
6038997 0.219495
6036666 0.219500
6035604 0.219509
6034392 0.219527
6032141 0.219534
6017769 0.219537
6015159 0.219540
6002417 0.219544
6000796 0.219549
5986402 0.219565
5970692 0.219569
5970223 0.219604
5963289 0.219707
5628971 0.219718
5616986 0.219722
5613759 0.219737
5610854 0.219744
5607914 0.219748
5606059 0.219760
5572946 0.219770
5572097 0.219775
5571359 0.219787
5570517 0.219792
5567879 0.219795
5567822 0.219813
5565839 0.220145
5561344 0.220151
5560531 0.220157
5559752 0.220163
5557171 0.220174
5556834 0.220179
5555343 0.220184
5552027 0.220197
5546201 0.220201
5531311 0.220211
5529133 0.220218
5527324 0.220236
5523018 0.220316
5521258 0.220330
5520143 0.220367
5518628 0.220374
5514311 0.220407
5513836 0.220416
5512042 0.220421
5508981 0.220494
5508583 0.220499
5506326 0.220508
5492141 0.220516
5480826 0.220520
5477836 0.220632
5474756 0.220661
5473412 0.220687
5467349 0.220747
5467315 0.220751
5465826 0.220755
5465112 0.220761
5461889 0.220781
5457251 0.220785
5456662 0.220810
5455300 0.220813
5454728 0.220822
5452353 0.220826
5448504 0.220830
5427218 0.220834
5410526 0.220842
5408494 0.220849
5400191 0.220862
5400162 0.220869
5393932 0.220873
5384257 0.220880
5367216 0.220886
5365871 0.220889
5365370 0.220902
5363378 0.220907
5351870 0.221235
5347772 0.221241
5345940 0.221269
5345504 0.221310
5344769 0.221320
5341108 0.221324
5338365 0.221337
5328671 0.221410
5328151 0.221429
5327895 0.221434
5324443 0.221440
5323535 0.222526
5322425 0.222536
5315767 0.222694
5310637 0.222698
5308237 0.222703
5306229 0.223025
5305969 0.223073
5304137 0.223086
5303619 0.223112
5301270 0.223255
5300124 0.223437
5300084 0.223458
5299765 0.223462
5299541 0.223524
5299074 0.223574
5298556 0.223588
5298243 0.223684
5295345 0.234900
5293845 0.234982
5293722 0.235008
5293328 0.348484
5293032 0.386467
5292403 0.386478
5289718 0.386918
5286624 0.387518
5284400 0.388006
5283465 0.388296
5279438 0.388313
5277977 0.388317
5264787 0.388379
5263321 0.457981
5263071 0.458145
5260876 0.458156
5260729 0.618754
5260172 0.618763
5260112 0.618787
5259418 0.618791
5259278 0.619215
5250898 0.619245
5221219 0.619286
5214786 0.619297
5212651 0.619387
5212014 0.619393
5204701 0.619949
5204306 0.652251
5204247 1.177796
5170693 1.275262
5169661 1.275426
5162044 1.298632
5161760 1.518700
5161094 1.518707
5158027 1.529048
5156893 3.606473
5156279 3.633864
5152313 3.633890
5142970 3.633895
5142326 3.633899
5137773 3.633903
5136367 3.633920
5128829 3.634375
5126169 3.634444
5124704 3.634500
5124317 3.634559
5121994 3.634590
5121938 3.634595
5119563 3.634601
5119121 3.634607
5096269 3.634696
5095533 3.634871
5090131 3.701754
5089634 3.701911
5089112 3.701918
5088620 3.701922
5084387 3.701926
5082365 3.701935
5079294 3.702094
5078347 3.702183
5074438 3.702203
5074196 3.702398
5070348 3.702419
5064145 3.703193
5059886 3.838875
5059773 3.845107
5056619 3.845196
5056469 3.890736
5054920 3.890749
5052182 3.890755
5052074 3.890918
5051917 3.890988
5051767 3.891067
5049871 3.898594
5046393 3.898607
5046246 4.095321
5045689 4.095506
5044821 5.169740
5044218 5.169757
5044033 6.624953
5043375 6.634633
5043307 6.798683
5043113 6.798747
5043113 606.804018
