PROBLEM_FILE = /tmp/7837.tmp/sample.tsp
5681296 0.060576
5657084 0.060602
5544276 0.060615
5538251 0.060623
5471747 0.060628
5453803 0.060632
5452564 0.060636
5410389 0.060642
5388427 0.060654
5367155 0.060660
5362655 0.060679
5355249 0.060684
5293184 0.060692
5292506 0.060702
5289937 0.060706
5275223 0.060712
5262178 0.060715
5259701 0.060719
5258939 0.060722
5253323 0.060728
5236365 0.060733
5228567 0.060736
5174197 0.060742
5169552 0.060745
5154322 0.060749
5134366 0.060753
5102398 0.060759
5088184 0.060772
5039038 0.060775
4996727 0.060781
4947102 0.060786
4896490 0.060797
4869891 0.060807
4868658 0.060812
4861733 0.060818
4838147 0.060822
4807067 0.060832
4805133 0.060835
4798799 0.060839
4746823 0.060842
4744961 0.060848
4699500 0.060859
4688807 0.060871
4635897 0.060883
4627071 0.060887
4570473 0.060891
4549386 0.060899
4516586 0.060903
4469954 0.060907
4466313 0.060914
4444740 0.060924
4441358 0.060927
4415120 0.060931
4370706 0.060943
4361767 0.060960
4350561 0.060966
4337624 0.060974
4291888 0.060986
4288432 0.060990
4196636 0.060999
4186366 0.061006
4183084 0.061024
4161711 0.061028
4129079 0.061041
4102084 0.061059
4068486 0.061064
4049388 0.061068
4048637 0.061080
3831655 0.061085
3821718 0.061090
3778115 0.061094
3772624 0.061108
3762521 0.061126
3762013 0.061176
3754482 0.061190
3748030 0.061196
3743407 0.061200
3736918 0.061214
3731635 0.061220
3721680 0.061227
3719870 0.061231
3705005 0.061252
3647727 0.061256
3630722 0.061269
3630664 0.061288
3611168 0.061293
3608062 0.061306
3605319 0.061440
3604218 0.061515
3603363 0.061519
3602748 0.061533
3602310 0.061537
3595410 0.061568
3587190 0.061572
3587138 0.061709
3586895 0.061713
3580512 0.062650
3580369 0.062655
3565869 0.062672
3560175 0.063072
3555694 0.063778
3553951 0.065951
3550264 0.067550
3550264 600.071303
