PROBLEM_FILE = /tmp/27002.tmp/sample.tsp
31238904 1.123602
31219372 1.123636
31217771 1.123643
31185976 1.123658
31176503 1.123662
31172892 1.123676
31156465 1.123683
31112998 1.123692
31083915 1.123697
31081755 1.123701
30800252 1.123705
30799114 1.123708
30785574 1.123712
30781363 1.123715
30762208 1.123728
30757624 1.123735
30752804 1.123741
30726423 1.123753
30702209 1.123759
30689188 1.123765
30687893 1.123770
30668635 1.123779
30665583 1.123794
30661422 1.123798
30659265 1.123805
30658200 1.123810
30624251 1.123815
30614500 1.123819
30582750 1.123826
30576212 1.123834
30546460 1.123842
30545643 1.123847
30543164 1.123850
30534928 1.123854
30532869 1.123858
30520872 1.123862
30519965 1.123865
30519053 1.123870
30500643 1.123873
30496775 1.123876
30484918 1.123887
30470443 1.123893
30196542 1.123907
29852408 1.123913
29840403 1.123928
29828097 1.123935
29808579 1.123940
29779835 1.123949
29767674 1.123956
29764419 1.123961
29743461 1.123965
29742591 1.123970
29675258 1.123985
29608836 1.123994
29585028 1.124008
29315056 1.124015
29310755 1.124018
29305515 1.124027
29085673 1.124031
29076777 1.124040
29075002 1.124043
29058903 1.124051
29034031 1.124059
29033632 1.124062
29002053 1.124067
28986793 1.124070
28976470 1.124073
28976272 1.124077
28973682 1.124080
28967866 1.124087
28967751 1.124098
28899920 1.124109
28850774 1.124115
28843979 1.124118
28833284 1.124125
28827584 1.124135
28770828 1.124141
28719512 1.124149
28690215 1.124158
28660788 1.124168
28653627 1.124173
28650047 1.124178
28607383 1.124186
28606983 1.124189
28606821 1.124212
28495318 1.124220
28486576 1.124225
28465292 1.124230
28462045 1.124233
28461498 1.124236
28438869 1.124241
28420477 1.124248
28419899 1.124251
28419649 1.124257
28415985 1.124260
28411481 1.124263
28404234 1.124267
28369194 1.124270
28365425 1.124295
28354067 1.124304
28352393 1.124318
28348397 1.124324
28343713 1.124327
28322829 1.124330
28308138 1.124339
28307309 1.124347
28306634 1.124351
28287797 1.124355
28275094 1.124418
28273505 1.124431
27926988 1.124442
27922302 1.124458
27915148 1.124480
27877405 1.124493
27876187 1.124503
27863710 1.124511
27815112 1.124520
27794441 1.124523
27794084 1.124526
27755953 1.124541
27738513 1.124548
27734612 1.124551
27732435 1.124559
27704949 1.124568
27334106 1.124579
27332573 1.124601
27331256 1.124606
27313165 1.124611
27285871 1.124618
27282039 1.124624
27132393 1.124654
27115833 1.124658
27115516 1.124666
26955561 1.124674
26944891 1.124686
26931245 1.124690
26834786 1.124701
26824271 1.124743
26817521 1.124752
26792325 1.124756
26784803 1.124769
26039715 1.124780
26028325 1.124790
26017044 1.124794
26007388 1.124801
25987050 1.124805
25985300 1.124810
25923909 1.124821
25915659 1.124825
25912848 1.124828
25911238 1.124834
25911224 1.124837
25908459 1.124841
25903152 1.124845
25889222 1.124849
25879069 1.124856
25872718 1.124859
25872201 1.124862
25855438 1.124870
25854565 1.124873
25846681 1.124890
25840485 1.124901
25838110 1.124935
25807749 1.124939
25788594 1.124949
25781383 1.124955
25766513 1.124958
25757744 1.124967
25734888 1.124979
25727471 1.124984
25719775 1.124988
25559642 1.124996
25559297 1.125005
25547770 1.125011
25547210 1.125015
25544900 1.125020
25543905 1.125023
25539583 1.125035
25531326 1.125044
25507064 1.125057
25505254 1.125062
25499103 1.125078
25490830 1.125088
25478422 1.125096
25476979 1.125101
25404279 1.125108
25401263 1.125114
25391069 1.125118
25351270 1.125124
25349692 1.125128
25344080 1.125131
25329871 1.125134
25322204 1.125154
25319115 1.125165
25314025 1.125173
25313568 1.125188
25312991 1.125196
25312939 1.125199
25196854 1.125213
25192749 1.125219
25181284 1.125222
25177389 1.125234
25173576 1.125238
25028139 1.125255
24994812 1.125266
24993902 1.125271
24986562 1.125275
24966934 1.125278
24936337 1.125282
24930837 1.125286
24925415 1.125295
24903917 1.125308
24903663 1.125312
24899002 1.125316
24887155 1.125321
24869388 1.125329
24849809 1.125345
24842523 1.125349
24840437 1.125352
24839820 1.125367
24836545 1.125371
24082625 1.125379
24077299 1.125383
24077250 1.125387
24076862 1.125391
24055935 1.125398
24048565 1.125415
24042359 1.125419
24040419 1.125423
24035755 1.125432
24005324 1.125437
24003121 1.125450
23981610 1.125459
23978056 1.125462
23945316 1.125473
23942791 1.125477
23909360 1.125480
23898072 1.125483
23889551 1.125487
23884808 1.125496
23882749 1.125500
23873218 1.125511
23870368 1.125532
23864989 1.125536
23860689 1.125541
23828195 1.125551
23823566 1.125556
23808859 1.125569
23796405 1.125576
23424566 1.125586
23399537 1.125594
23398142 1.125604
23360056 1.125613
23357777 1.125616
23309170 1.125623
23308123 1.125630
23307729 1.125634
23301809 1.125637
23300908 1.125643
23299924 1.125653
23288932 1.125658
23286831 1.125665
23283330 1.125675
23252015 1.125681
23248824 1.125687
23227197 1.125690
23226073 1.125696
23223778 1.125699
23222122 1.125703
23205795 1.125713
23203911 1.125717
23201383 1.125721
23197696 1.125728
23196553 1.125731
23167290 1.125743
23161820 1.125760
23157193 1.125787
23144895 1.125798
23143794 1.125801
23139697 1.125806
23138731 1.125809
23137819 1.125826
23074725 1.125832
23068880 1.125849
23066367 1.125852
22975845 1.125862
22973956 1.125867
22973333 1.125876
22967976 1.125915
22961843 1.125918
22917793 1.125925
22917019 1.125929
22859427 1.125941
22858638 1.125947
22854450 1.125951
22852985 1.125959
22850614 1.125967
22826880 1.125973
22823383 1.125980
22823191 1.125986
22799317 1.125995
22795809 1.126001
22765413 1.126013
22725952 1.126018
22717302 1.126025
22716215 1.126054
22693352 1.126058
22651676 1.126067
22648951 1.126073
22597945 1.126079
22594440 1.126083
22568140 1.126091
22527928 1.126102
22527160 1.126105
22524271 1.126108
22511309 1.126114
22491406 1.126139
22489859 1.126144
22489431 1.126152
22478566 1.126157
22474951 1.126170
22470943 1.126181
22466491 1.126193
22465289 1.126216
22464732 1.126224
22453386 1.126232
22451732 1.126245
22447442 1.126257
22434943 1.126265
22427628 1.126269
22386575 1.126278
22370252 1.126283
22361989 1.126286
22347981 1.126291
22337466 1.126295
22336817 1.126298
22336468 1.126303
22327779 1.126322
22324158 1.126331
22289572 1.126339
22191940 1.126362
22180961 1.126374
22174451 1.126384
22157944 1.126399
22155110 1.126403
22133769 1.126406
22132090 1.126409
22123278 1.126415
22104540 1.126431
22103885 1.126435
22098292 1.126441
22092253 1.126447
22084635 1.126450
22041361 1.126470
22039801 1.126474
22031021 1.126482
22025812 1.126486
22024500 1.126503
21989067 1.126508
21978907 1.126513
21977826 1.126532
21977442 1.126536
21976895 1.126564
21974499 1.126568
21968510 1.126572
21966305 1.126598
21959979 1.126601
21951813 1.126605
21950771 1.126609
21949161 1.126618
21946076 1.126621
21941491 1.126628
21912716 1.126638
21911302 1.126690
21910508 1.126694
21900150 1.126698
21768990 1.126712
21766542 1.126719
21765375 1.126723
21762214 1.126727
21761067 1.126733
21735388 1.126749
21733851 1.126759
21719986 1.126764
21715473 1.126768
21713934 1.126793
21710804 1.126801
21704027 1.126816
21702096 1.126822
21698192 1.126826
21686059 1.126830
21684198 1.126842
21671039 1.126847
21646796 1.126850
21646606 1.126853
21641511 1.126856
21624935 1.126861
21621643 1.126867
21619205 1.126876
21619082 1.126880
21614697 1.126883
21602843 1.126888
21596389 1.126900
21572302 1.126908
21570609 1.126912
21531659 1.126916
21524811 1.126919
21524664 1.126924
21495377 1.126933
21475481 1.126937
21455243 1.126954
21444918 1.126958
21425068 1.126962
21419531 1.126973
21402905 1.126980
21388927 1.126988
21387685 1.126999
21379177 1.127005
21364978 1.127011
21363578 1.127014
21363308 1.127031
21361666 1.127035
21352872 1.127038
21316020 1.127057
21302978 1.127061
21298211 1.127064
21293029 1.127071
21281897 1.127075
21267844 1.127088
21234947 1.127105
21201251 1.127110
21196897 1.127116
21196364 1.127126
21196026 1.127129
21195519 1.127132
21165064 1.127150
21161721 1.127156
21155044 1.127168
21153524 1.127187
21135607 1.127209
21124362 1.127213
21124245 1.127217
21123618 1.127222
21119811 1.127232
21116589 1.127249
21113674 1.127252
21111128 1.127257
21109201 1.127265
21108964 1.127269
21069293 1.127272
21054369 1.127276
21047097 1.127284
21039734 1.127306
21036692 1.127311
21036417 1.127356
21032420 1.127360
21029778 1.127370
21022778 1.127375
20994066 1.127381
20987107 1.127386
20965439 1.127389
20960021 1.127393
20956837 1.127397
20945075 1.127407
20847095 1.127421
20832940 1.127424
20792924 1.127437
20788912 1.127441
20759900 1.127448
20733670 1.127455
20714882 1.127469
20710014 1.127472
20704821 1.127487
20702011 1.127491
20690116 1.127505
20687870 1.127511
20685486 1.127516
20683815 1.127522
20681761 1.127526
20645747 1.127532
20493508 1.127547
20475150 1.127563
20471143 1.127569
20455857 1.127572
20454989 1.127575
20451588 1.127579
20447254 1.127584
20415084 1.127589
20411659 1.127600
20408777 1.127607
20400784 1.127612
20392922 1.127615
20388364 1.127618
20383082 1.127621
20378223 1.127625
20377009 1.127629
20374109 1.127634
20372014 1.127644
20361909 1.127647
20357160 1.127661
20354306 1.127667
20347921 1.127671
20346873 1.127674
20345869 1.127677
20327621 1.127680
20326057 1.127688
20317170 1.127720
20309055 1.127725
20301058 1.127729
20291189 1.127737
20139475 1.127746
20138629 1.127749
20123124 1.127764
20116708 1.127770
20101450 1.127777
20091799 1.127788
20088759 1.127792
20084505 1.127795
20070154 1.127805
20066859 1.127831
20047278 1.127836
19914988 1.127844
19908247 1.127847
19893365 1.127851
19885723 1.127855
19650725 1.127871
19649585 1.127874
19643444 1.127877
19634322 1.127890
19634127 1.127894
19627970 1.127902
19617661 1.127905
19608359 1.127910
19585625 1.127916
19550374 1.127933
19519410 1.127937
19519114 1.127942
19511379 1.127946
19505134 1.127950
19503583 1.127967
19470216 1.127980
19460846 1.127991
19440906 1.127995
19440899 1.128001
19440194 1.128004
19439064 1.128012
19429412 1.128019
19348892 1.128035
19347570 1.128057
19340950 1.128061
19339459 1.128064
19331334 1.128067
19313329 1.128082
19298080 1.128091
19292981 1.128097
19290841 1.128101
19277056 1.128104
19247549 1.128112
19242092 1.128115
19240771 1.128119
19237952 1.128128
19233802 1.128138
19226318 1.128160
19213319 1.128164
19212869 1.128168
19211754 1.128179
19208499 1.128188
19207199 1.128191
19186267 1.128204
19182263 1.128207
19180892 1.128212
19176190 1.128218
19167610 1.128221
19167531 1.128224
19166811 1.128232
19156121 1.128249
19146945 1.128256
19141530 1.128273
19131012 1.128278
19121130 1.128281
19118818 1.128295
19118064 1.128309
19115703 1.128312
19114192 1.128338
19106315 1.128366
19105493 1.128379
19105324 1.128397
19104866 1.128400
18913270 1.128406
18900608 1.128415
18898611 1.128419
18897992 1.128423
18892168 1.128426
18891139 1.128429
18866474 1.128434
18860197 1.128443
18846273 1.128457
18845344 1.128466
18844749 1.128469
18787149 1.128480
18780082 1.128484
18772319 1.128487
18761142 1.128494
18753494 1.128501
18750521 1.128510
18726840 1.128515
18719117 1.128545
18710212 1.128549
18705526 1.128571
18700082 1.128576
18695818 1.128596
18651930 1.128603
18569515 1.128619
18569254 1.128626
18555472 1.128629
18265042 1.128636
18241714 1.128643
18226231 1.128647
18224253 1.128654
18169762 1.128662
18163653 1.128665
18149871 1.128669
18142852 1.128672
18142317 1.128696
18141343 1.128705
18129521 1.128710
18060219 1.128721
18058999 1.128736
18057255 1.128739
18056678 1.128745
18028992 1.128757
18010298 1.128768
17998343 1.128776
17991586 1.128784
17966495 1.128796
17964183 1.128799
17954706 1.128805
17891324 1.128810
17879638 1.128815
17870407 1.128824
17867781 1.128859
17857896 1.128871
17843207 1.128883
17842760 1.128887
17839225 1.128896
17836940 1.128902
17833826 1.128945
17802983 1.128967
17800563 1.128973
17784022 1.128987
17782939 1.128993
17777593 1.129005
17771458 1.129028
17767140 1.129046
17765909 1.129050
17501975 1.129054
17496847 1.129066
17495562 1.129074
17495114 1.129078
17493500 1.129086
17487637 1.129089
17487026 1.129093
17486606 1.129101
17477446 1.129104
17434767 1.129138
17412496 1.129143
17402129 1.129146
17397453 1.129150
17381830 1.129158
17378260 1.129161
17376965 1.129165
17361628 1.129169
17357588 1.129197
17357265 1.129224
17355962 1.129228
17352437 1.129250
17351322 1.129255
17340399 1.129267
17335600 1.129278
17333137 1.129281
17329983 1.129312
17329401 1.129318
17324056 1.129321
17319117 1.129328
17316916 1.129338
17316815 1.129346
17313360 1.129357
17307924 1.129361
17293193 1.129431
17260663 1.129464
17257201 1.129510
17241556 1.129513
17240050 1.129541
17209900 1.129566
17204757 1.129576
17188837 1.129580
17178073 1.129610
16948247 1.129632
16946292 1.129637
16943678 1.129642
16913256 1.129680
16900334 1.129696
16899491 1.129701
16876389 1.129713
16828183 1.129735
16826995 1.129744
16817915 1.129772
16811934 1.129781
16810018 1.129789
16798000 1.129792
16792996 1.129797
16789333 1.129812
16770919 1.129825
16769194 1.129853
16748233 1.129857
16746084 1.129863
16743694 1.129866
16742544 1.129895
16731556 1.129905
16719442 1.129938
16717770 1.129941
16717585 1.129955
16710648 1.129962
16710407 1.129967
16707479 1.130093
16701803 1.130150
16698765 1.130159
16693199 1.130173
16688210 1.130178
16687060 1.130184
16679442 1.130194
16678533 1.130202
16660112 1.130224
16654329 1.130228
16652651 1.130233
16647702 1.130248
16646076 1.130252
16645894 1.130266
16645079 1.130272
16643932 1.130276
16642000 1.130306
16635789 1.130316
16611333 1.130322
16608883 1.130325
16593484 1.130330
16590132 1.130334
16589728 1.130337
16565074 1.130343
16511423 1.130372
16507821 1.130377
16393799 1.130387
16392651 1.130399
16387106 1.130420
16386063 1.130426
16385612 1.130433
16384609 1.130443
16343016 1.130456
16322744 1.130462
16313965 1.130545
16311770 1.130577
16310477 1.130582
16299292 1.130585
16297079 1.130597
16296269 1.130601
16272788 1.130604
16271211 1.130607
16262438 1.130613
16259549 1.130630
16252382 1.130635
16252303 1.130722
16214321 1.130737
16200096 1.130798
16192860 1.131218
16171586 1.131224
16170902 1.131231
16151615 1.131247
16129638 1.132924
16112495 1.132929
16095321 1.132996
16070525 1.133018
16068839 1.133026
16063423 1.133056
16057695 1.133060
16055425 1.133064
16050348 1.133070
16025283 1.133121
16024155 1.133128
15978660 1.133142
15974316 1.133149
15973358 1.133154
15966262 1.133158
15963693 1.133162
15962699 1.133170
15961331 1.133208
15960685 1.133212
15957279 1.133258
15955593 1.133266
15935100 1.133277
15908419 1.133293
15902315 1.133305
15894001 1.133309
15889813 1.133313
15889337 1.133317
15878349 1.133328
15875371 1.133350
15872154 1.133354
15871345 1.133358
15868326 1.133362
15868177 1.133397
15858978 1.133401
15800307 1.133445
15798578 1.133448
15797991 1.133481
15785717 1.133484
15781534 1.133500
15781400 1.133506
15780330 1.133533
15778871 1.133537
15771938 1.133553
15693287 1.133568
15691093 1.133592
15685844 1.133599
15677268 1.133605
15672044 1.133608
15657334 1.133626
15646427 1.133630
15644592 1.133634
15643635 1.133647
15643090 1.133724
15642055 1.133734
15641863 1.133743
15640516 1.133746
15632147 1.133754
15630334 1.133771
15614143 1.133780
15613062 1.133784
15607631 1.133787
15603285 1.133801
15602019 1.133821
15601349 1.133826
15597998 1.133829
15588017 1.133833
15548336 1.133837
15531583 1.133841
15490243 1.133847
15487856 1.133851
15486190 1.133854
15481490 1.133858
15479261 1.133865
15478665 1.133869
15478528 1.133872
15478109 1.133876
15472125 1.133880
15454486 1.133889
15445787 1.133902
15427586 1.133909
15423979 1.133913
15423611 1.133926
15412551 1.133933
15407518 1.133940
15405318 1.133953
15400788 1.133958
15399017 1.133963
15397185 1.133971
15394809 1.134253
15388401 1.134258
15387658 1.134272
15383747 1.134276
15358878 1.134288
15358744 1.134292
15356272 1.134295
15343652 1.134300
15343567 1.134309
15341870 1.134322
15341757 1.134383
15332425 1.134392
15329367 1.134439
15326967 1.134651
15326923 1.134746
15053641 1.134750
15052259 1.134791
15050789 1.134842
15050054 1.134846
15045757 1.134894
15026141 1.134903
15025621 1.134907
15012140 1.134930
15011866 1.134934
14972727 1.135054
14968662 1.135837
14967795 1.135844
14963496 1.135849
14961802 1.135857
14947972 1.135870
14937855 1.135956
14935925 1.135976
14935837 1.136139
14935291 1.136187
14934926 1.147466
14914574 1.158460
14913667 1.158469
14912083 1.158475
14898719 1.158480
14898491 1.158487
14890889 1.158502
14889237 1.158510
14887142 1.158539
14884185 1.158551
14883260 1.158557
14882505 1.158561
14882396 1.158577
14882061 1.158642
14881509 1.158729
14879790 1.158747
14821936 1.158759
14804152 1.158781
14792724 1.158793
14789371 1.158798
14784720 1.158815
14778707 1.158855
14772440 1.158866
14770805 1.158870
14763541 1.158893
14747896 1.158899
14743053 1.158904
14739790 1.158910
14728057 1.158927
14722083 1.159000
14720105 1.159010
14716073 1.159059
14711238 1.159064
14707549 1.159068
14706314 1.159071
14705947 1.159102
14704873 1.159108
14700486 1.159151
14697656 1.159326
14687206 1.159344
14680217 1.159372
14680004 1.159521
14676259 1.159862
14676000 1.159943
14672773 1.159954
14669593 1.159967
14662530 1.159986
14662249 1.160005
14660313 1.160138
14655957 1.160143
14655248 1.160185
14650066 1.160190
14645909 1.160193
14620125 1.160199
14597211 1.160205
14592685 1.160211
14528762 1.160226
14521230 1.160230
14516778 1.160234
14510144 1.160267
14508435 1.160603
14310015 1.160806
14307220 1.160823
14294749 1.160827
14293492 1.160833
14149228 1.161054
14143082 1.161289
14142138 1.161393
14142083 1.161397
14140102 1.161910
14136756 1.161918
14131923 1.161932
14131226 1.162165
14125945 1.162203
14116812 1.162235
14114844 1.162326
14113429 1.162331
14112982 1.162346
14111576 1.162898
14110433 1.163072
14109385 1.163076
14104274 1.163080
14100971 1.163083
14097919 1.163110
14084662 1.163145
14083955 1.163241
14079574 1.163282
14077606 1.163318
14074453 1.163367
14073306 1.163389
14071698 1.163395
14069279 1.163403
14068770 1.163429
14057669 1.163477
14053119 1.163481
14049428 1.163488
14048360 1.163494
14038854 1.163501
14037844 1.174433
13993300 1.178744
13992266 1.178891
13992133 1.178896
13991537 1.178918
13988968 1.178937
13985737 1.179078
13981347 1.179113
13977639 1.179794
13976827 1.179799
13976803 1.179805
13975937 1.179808
13973015 1.179811
13971105 1.179822
13968791 1.179827
13966139 1.179961
13955184 1.179965
13954962 1.179975
13954910 1.179991
13952072 1.180099
13941472 1.180103
13940952 1.180109
13939162 1.180122
13936881 1.180126
13936731 1.180131
13933699 1.180187
13932263 1.180375
13930638 1.180577
13924408 1.180748
13890593 1.180763
13890091 1.181386
13889832 1.181390
13869657 1.181395
13869488 1.181854
13813101 1.181890
13810524 1.182235
13810156 1.182475
13808825 1.182481
13807713 1.182498
13807190 1.182648
13806956 1.182656
13794191 1.182715
13793944 1.192146
13792961 1.192308
13790601 1.192325
13790054 1.213647
13789986 1.213683
13789703 1.213724
13789562 1.213864
13788501 1.213871
13774854 1.213956
13774718 1.214126
13773845 1.214131
13772399 1.214654
13765615 1.245713
13765233 1.246194
13763835 1.246806
13762832 1.247446
13754803 1.248779
13754409 1.249292
13748626 1.250547
13747441 1.250552
13742053 1.250564
13742012 1.250571
13740424 1.254710
13736357 1.258380
13735257 1.258390
13735130 1.258745
13733232 1.258877
13732665 1.260113
13731952 1.260134
13730851 1.264961
13730847 1.265111
13730053 1.267004
13729719 1.269738
13729061 1.270027
13725843 1.270333
13725278 1.270341
13725111 1.272101
13724802 1.272106
13715625 1.272174
13715115 1.274430
13713084 1.274478
13711921 1.277222
13691944 1.277264
13689067 1.278115
13688789 1.278120
13687843 1.278238
13685349 1.278253
13682253 1.278309
13643521 1.278313
13642984 1.278318
13641618 1.278334
13639547 1.278771
13639098 1.280616
13633570 1.280738
13633199 1.303528
13633084 1.303554
13625625 1.303561
13623822 1.303565
13623300 1.303665
13605504 1.314003
13603433 1.314009
13601999 1.387872
13599854 1.387883
13597049 2.534146
13596681 2.536089
13596447 2.553036
13593016 2.553231
13579436 2.553236
13570278 2.553247
13569580 2.553253
13569194 2.553269
13547561 2.554315
13545901 2.570559
13545747 2.570575
13545300 2.570579
13545036 2.570599
13544801 2.571134
13544285 2.571249
13543588 2.571446
13543378 3.551434
13542610 3.551458
13541722 3.551474
13541260 3.551740
13538959 3.551820
13538512 3.551845
13538411 3.551926
13538329 3.552442
13537179 3.554881
13514478 3.561884
13514351 3.561907
13513284 3.561921
13512399 3.573715
13511388 3.573735
13510847 3.573781
13508675 3.573802
13508262 3.573818
13501368 3.575785
13499564 3.575802
13499359 3.576190
13498602 3.576583
13498525 3.578430
13497462 3.578438
13497038 3.578506
13496165 3.578720
13491453 3.578735
13490518 3.578943
13489953 3.578950
13489205 3.578978
13489027 3.580508
13487555 3.583399
13481156 3.583710
13457393 3.583718
13455250 3.583721
13450580 3.590854
13445545 3.590867
13443028 3.590875
13441218 3.590882
13440123 3.590891
13438397 3.590901
13436093 3.600075
13435883 3.616625
13418581 3.616650
13417504 3.733050
13415582 3.733056
13413940 3.733169
13413599 3.733198
13412346 3.892120
13410835 3.892126
13410597 4.056915
13409719 4.067069
13402957 4.078362
13401960 4.080589
13401819 4.081241
13400148 4.106657
13381330 4.121167
13380287 4.134066
13360289 4.134294
13359367 4.231747
13357994 4.231991
13353924 4.232418
13350596 4.237061
13350317 4.241458
13346771 4.241776
13344844 4.241788
13343912 4.241798
13343331 4.362572
13343013 4.362578
13341732 4.411717
13341396 4.411740
13340700 4.411749
13339799 4.411782
13339117 4.411788
13338706 4.442359
13337965 4.442368
13336582 4.442377
13335709 4.442500
13335572 4.748406
13335233 4.773040
13333535 4.773069
13332318 4.824544
13331264 4.847911
13330636 4.847916
13329763 4.848403
13328336 4.848412
13327965 4.848425
13326890 5.118373
13325727 5.157525
13325387 5.283422
13325241 5.283818
13323346 5.395715
13323160 6.421689
13322127 6.427928
13321357 6.484853
13321156 8.624824
13320989 13.876579
13320432 13.877765
13318961 13.877775
13316878 13.877867
13316592 13.887686
13316154 13.906738
13315450 14.015298
13315094 14.015305
13313813 14.059302
13313147 14.207918
13313068 14.286153
13312758 14.347909
13309225 14.510260
13308264 16.766935
13305411 16.766945
13303434 18.764398
13297764 49.023909
13296038 49.170503
13292897 49.207360
13292605 49.366475
13292322 49.377270
13282507 49.377277
13281357 49.377288
13258664 49.396757
13256203 49.406465
13255431 49.422406
13254535 49.422517
13253837 49.422639
13253451 49.422644
13251016 49.422650
13243245 49.422655
13241901 50.423446
13241500 50.425982
13241308 50.425989
13241067 50.426069
13236468 50.426074
13236338 50.430088
13232472 50.440768
13229944 50.440856
13225884 50.440874
13224746 50.448855
13223581 50.448936
13216106 50.448948
13214309 50.460663
13214140 50.460670
13213872 50.467976
13212435 50.475403
13208442 50.475447
13208177 50.475496
13206038 50.475660
13201156 50.476456
13200450 50.515008
13200389 50.586798
13199808 50.608230
13198848 50.608240
13198051 52.300177
13197006 52.300187
13196727 52.300219
13194978 52.301284
13194866 52.302063
13194691 52.379095
13193204 52.460331
13190545 52.469246
13189585 52.469253
13189477 54.027536
13189365 54.027553
13189011 54.027585
13188866 54.027613
13188519 56.131038
13188341 56.131048
13186971 56.131052
13186858 57.019270
13185993 57.019328
13185497 57.019411
13185429 57.019416
13184762 61.562197
13184694 61.564021
13184410 63.502805
13184363 63.502919
13184267 63.503052
13183638 63.503059
13183205 63.503328
13182871 63.503488
13182850 63.506184
13182571 63.506211
13181934 63.510825
13181865 63.535504
13180316 70.456858
13179888 70.703801
13179682 85.127436
13178686 85.127513
13177088 85.127533
13175481 91.574992
13174360 107.499236
13174159 127.955527
13174063 133.024591
13172423 133.024955
13171946 133.191735
13171309 133.191747
13170933 146.025438
13170534 146.027833
13170515 146.027844
13169853 146.278963
13168934 242.490644
13168934 842.848922
