PROBLEM_FILE = /tmp/3114.tmp/sample.tsp
42186911 0.353261
42088828 0.353288
42082054 0.353292
42059173 0.353296
41999356 0.353305
41942266 0.353309
41933489 0.353312
41770124 0.353318
41682038 0.353322
41551983 0.353335
41452772 0.353338
41352858 0.353348
41342879 0.353354
41319942 0.353367
41294018 0.353370
41250680 0.353374
41224968 0.353377
41204453 0.353382
41135190 0.353386
40786896 0.353399
40775144 0.353402
40768994 0.353406
40559114 0.353412
40553919 0.353431
40539590 0.353435
40487923 0.353447
40398909 0.353455
40298091 0.353467
40291727 0.353473
40287547 0.353476
40246545 0.353488
40190819 0.353494
40152334 0.353498
40088761 0.353507
40031989 0.353512
39958269 0.353520
39955220 0.353524
39907964 0.353532
39859343 0.353536
39807947 0.353541
39801539 0.353545
39771421 0.353549
39741394 0.353553
39687036 0.353570
39475987 0.353583
39438449 0.353587
39434692 0.353590
39427078 0.353594
39337640 0.353597
39322243 0.353600
39320537 0.353608
39291658 0.353611
39231618 0.353617
39023139 0.353624
38898825 0.353631
38879574 0.353644
38838864 0.353652
38834379 0.353655
38825643 0.353658
38820170 0.353664
38785180 0.353674
38763212 0.353680
38591454 0.353693
38575728 0.353702
38573075 0.353711
38513464 0.353716
38495108 0.353719
38494239 0.353724
37923636 0.353730
37919225 0.353735
37908048 0.353740
37859430 0.353753
37568489 0.353773
37538091 0.353789
37523450 0.353798
37455403 0.353805
37342998 0.353814
37320530 0.353818
37070834 0.353828
36831702 0.353836
36788974 0.353844
36747220 0.353849
36620340 0.353853
36535305 0.353862
36483182 0.353865
36480859 0.353870
36462597 0.353890
36319725 0.353900
36276317 0.353908
36261656 0.353916
36237701 0.353929
35796511 0.353934
35789812 0.353941
35777814 0.353947
35747356 0.353961
35711731 0.353974
35676914 0.353981
35641698 0.353988
35632821 0.353993
35528073 0.354001
35515698 0.354005
35492123 0.354014
35447806 0.354018
35392763 0.354033
35390451 0.354042
35384245 0.354045
35352508 0.354050
35313397 0.354054
35285671 0.354058
35139751 0.354068
35121757 0.354071
35029875 0.354075
35025159 0.354083
35021422 0.354123
34984522 0.354131
34979177 0.354135
34805983 0.354146
34622378 0.354151
34607598 0.354154
34591883 0.354157
34587619 0.354163
34580103 0.354166
34569143 0.354176
34518581 0.354183
34496101 0.354190
34493146 0.354194
34488964 0.354197
34481232 0.354203
34386966 0.354209
34375661 0.354221
34375456 0.354245
34366778 0.354248
34344251 0.354256
34319271 0.354259
34304840 0.354262
34125095 0.354272
34095199 0.354291
34053854 0.354298
34016036 0.354305
34003356 0.354310
33860395 0.354330
33826282 0.354336
33801590 0.354340
33789635 0.354346
33755758 0.354352
33733382 0.354368
33723826 0.354371
33711529 0.354374
33685351 0.354378
33676745 0.354387
33668464 0.354391
33666933 0.354395
33622179 0.354401
33619662 0.354405
33599590 0.354419
33550998 0.354427
33513958 0.354436
33490975 0.354445
33486135 0.354450
33200715 0.354457
33130698 0.354464
32833082 0.354468
32739942 0.354472
32625041 0.354478
32525273 0.354482
32508610 0.354486
32447717 0.354500
32404471 0.354505
32402423 0.354515
32399462 0.354519
32362164 0.354522
32356782 0.354526
32273130 0.354529
32259667 0.354542
32236000 0.354561
32209452 0.354570
32135185 0.354585
32008753 0.354596
31986798 0.354606
31904522 0.354611
31895532 0.354616
31805392 0.354625
31606864 0.354630
31533910 0.354634
31485245 0.354637
31464704 0.354644
31309448 0.354655
31261786 0.354658
31233118 0.354662
31231154 0.354666
31202202 0.354672
31183802 0.354677
31180148 0.354682
31138567 0.354696
31128589 0.354718
31122636 0.354721
31118744 0.354725
31089558 0.354732
31067163 0.354736
31021880 0.354742
30967926 0.354750
30948164 0.354753
30921837 0.354757
30719882 0.354769
30685044 0.354780
30636793 0.354801
30603952 0.354804
30564783 0.354812
30556299 0.354815
30547327 0.354820
30386982 0.354827
30340540 0.354855
30312491 0.354859
30298353 0.354862
30189896 0.354867
30112122 0.354875
30058286 0.354882
30046745 0.354892
30032861 0.354914
30027815 0.354925
30023444 0.354928
29937548 0.354931
29931779 0.354935
29905908 0.354941
29901214 0.354944
29843707 0.354948
29836816 0.354958
29836165 0.354962
29830026 0.354965
29798978 0.354968
29798676 0.354992
29781748 0.355002
29771444 0.355005
29766406 0.355010
29692880 0.355018
29590586 0.355032
29584054 0.355039
29572780 0.355045
29461873 0.355050
29441444 0.355072
29400258 0.355087
29397687 0.355091
29345168 0.355094
29224319 0.355104
29197363 0.355118
29196487 0.355122
29190923 0.355126
29152392 0.355129
29035439 0.355137
29006290 0.355140
29005770 0.355147
28988365 0.355166
28936721 0.355174
28907969 0.355178
28874170 0.355187
28851639 0.355192
28781578 0.355197
28746681 0.355203
28636462 0.355215
28621374 0.355219
28562826 0.355222
28539627 0.355226
28512166 0.355229
28447983 0.355239
28415292 0.355244
28383992 0.355247
28376950 0.355250
28327094 0.355258
28319424 0.355262
28134600 0.355270
28127343 0.355274
28093176 0.355283
28052301 0.355289
28046293 0.355293
27929240 0.355303
27926585 0.355306
27829977 0.355311
27804135 0.355324
27790969 0.355334
27723549 0.355340
27709668 0.355343
27594456 0.355351
27560674 0.355355
27440281 0.355360
27395352 0.355364
27394271 0.355367
27366230 0.355371
27351204 0.355374
27308827 0.355379
27276177 0.355393
27248100 0.355397
27241065 0.355411
27239562 0.355427
27031761 0.355436
26996611 0.355445
26764763 0.355459
26744178 0.355469
26727341 0.355473
26698893 0.355476
26548765 0.355484
26485799 0.355500
26480733 0.355504
26471965 0.355534
26436286 0.355553
26416828 0.355574
26098217 0.355587
26034149 0.355603
25965582 0.355632
25962863 0.355636
25956583 0.355641
25951772 0.355667
25943002 0.355680
25933130 0.355695
25862693 0.355700
25772393 0.355721
25678093 0.355745
25628076 0.355752
25624934 0.355755
25593872 0.355758
25583829 0.355762
25539323 0.355765
25526950 0.355772
25517520 0.355778
25472134 0.355788
25435256 0.355791
25292889 0.355799
25291071 0.355803
25280132 0.355817
25264808 0.355826
25224021 0.355835
25219719 0.355839
25215064 0.355842
25207965 0.355867
25152802 0.355873
25133523 0.355891
25120450 0.355895
25084686 0.355922
25084310 0.355937
25007581 0.355954
24992897 0.355958
24898002 0.355963
24890692 0.355970
24857468 0.355973
24855045 0.355985
24847364 0.355990
24816730 0.356021
24770873 0.356032
24667667 0.356048
24659116 0.356053
24650306 0.356059
24608441 0.356063
24592935 0.356081
24572318 0.356102
24423760 0.356115
24364145 0.356124
24355404 0.356129
24340164 0.356136
24331308 0.356143
24306773 0.356148
24293684 0.356152
24292156 0.356163
24262382 0.356167
24218805 0.356171
24173236 0.356174
24159779 0.356189
24144843 0.356200
24120356 0.356204
24103511 0.356210
24096044 0.356215
24084158 0.356227
24071181 0.356240
24043125 0.356244
24040724 0.356253
24016221 0.356269
23973364 0.356273
23972540 0.356281
23967884 0.356289
23959137 0.356294
23958822 0.356306
23957907 0.356344
23937524 0.356350
23898558 0.356353
23891929 0.356358
23872963 0.356373
23260775 0.356380
23249730 0.356384
23247923 0.356395
23234803 0.356398
23192138 0.356404
23140328 0.356407
23127656 0.356416
23121475 0.356422
23055341 0.356429
22989159 0.356432
22929310 0.356436
22928737 0.356440
22799711 0.356447
22774080 0.356451
22757395 0.356460
22737834 0.356464
22737407 0.356468
22728760 0.356471
22705408 0.356482
22704096 0.356485
22697130 0.356494
22689208 0.356497
22658745 0.356501
22512485 0.356506
22488363 0.356510
22466808 0.356515
22459886 0.356521
22451185 0.356524
22447440 0.356527
22367514 0.356532
22345321 0.356535
22327562 0.356539
22250506 0.356544
22250313 0.356548
22229535 0.356571
22227914 0.356600
22225630 0.356603
22144557 0.356608
22132289 0.356613
22114800 0.356624
22110643 0.356627
22106765 0.356635
22089546 0.356642
22058430 0.356645
22034915 0.356688
21970937 0.356806
21970417 0.356814
21952982 0.356833
21947906 0.356857
21904906 0.356907
21894686 0.356916
21891045 0.356951
21851229 0.356961
21843872 0.356966
21459504 0.356976
21458109 0.356982
21440339 0.356995
21424478 0.357007
21402135 0.357068
21397953 0.357072
21392791 0.357076
21390843 0.357079
21386090 0.357096
21380276 0.357122
21362569 0.357139
21356590 0.357157
21338649 0.357164
21324476 0.357192
21319546 0.357215
21298508 0.357220
21259072 0.357224
21245532 0.357259
21239977 0.357335
21239895 0.357356
21215719 0.357405
21210937 0.357444
21209985 0.357457
21206727 0.357581
21175032 0.357587
21163097 0.357608
21161129 0.357636
21122163 0.357639
21099508 0.357701
21079333 0.357706
21071406 0.357719
21062190 0.357724
21052213 0.357730
21044602 0.357733
21015746 0.357736
21011815 0.357749
20997672 0.357753
20977182 0.357765
20960844 0.357769
20913427 0.357773
20906464 0.357777
20902994 0.358548
20895593 0.359349
20884359 0.359362
20596719 0.361448
20577088 0.361509
20568526 0.361520
20563254 0.361527
20561740 0.361601
20550938 0.361692
20540762 0.361696
20534471 0.361712
20523124 0.361722
20514382 0.362111
20513062 0.362116
20509700 0.362159
20508674 0.362212
20505380 0.363517
20485886 0.363579
20482717 0.363641
20395558 0.363822
20393548 0.363844
20393381 0.365721
20385836 0.370317
20378892 0.370400
20370833 0.370581
20358731 0.376453
20358191 0.376459
20353871 0.376463
20304884 0.376620
20304379 0.376699
20302674 0.376850
20293530 0.376903
20287786 0.376917
20287135 0.377039
20263414 0.377045
20250560 0.377048
20237453 0.377054
20235668 0.377058
20235241 0.377092
20234353 0.377169
20228753 0.377173
20220008 0.377229
20212868 0.377372
20205719 0.377377
20205469 0.377380
20204798 0.377412
20197394 0.379512
20196977 0.380198
20195217 0.382448
20194792 0.387852
20193766 0.387857
20192691 0.388827
20179856 0.388856
20175978 0.388864
20171143 0.389082
20170524 0.389200
20149972 0.389804
20141602 0.389816
20132526 0.389822
20129818 0.389841
20125664 0.390244
20125533 0.390830
20124213 0.391708
20121505 0.391882
20103907 0.392968
20102826 0.392973
20102603 0.394499
20100782 0.407049
20100125 0.463526
20092477 0.468402
20090546 0.500604
20089039 5.474591
20082192 5.474617
20082192 605.474621
