PROBLEM_FILE = /tmp/31995.tmp/sample.tsp
31627254 1.601739
31613138 1.601769
31593318 1.601773
31549230 1.601784
31545351 1.601790
31540527 1.601793
31521624 1.601797
31513176 1.601807
31503405 1.601813
31445207 1.601822
31436451 1.601827
31422830 1.601844
31420097 1.601847
31417289 1.601851
31401062 1.601865
31394154 1.601880
31358932 1.601887
31291434 1.601892
31285162 1.601903
31252410 1.601914
31251111 1.601918
31249231 1.601921
31247468 1.601924
31239489 1.601928
31215906 1.601932
31205167 1.601935
31202748 1.601955
31192013 1.601966
31151790 1.601977
31142897 1.601987
31139280 1.601997
31126520 1.602004
31120303 1.602014
31119103 1.602022
31112019 1.602026
31104332 1.602029
31101651 1.602033
31070402 1.602039
31061324 1.602042
31055979 1.602045
31046608 1.602049
31041878 1.602052
31021076 1.602056
31016533 1.602070
31013222 1.602074
30966512 1.602080
30966016 1.602088
30962068 1.602094
30956251 1.602102
30956223 1.602108
30941598 1.602112
30937240 1.602115
30932289 1.602122
30932232 1.602126
30896309 1.602130
30879329 1.602136
30853855 1.602140
30853170 1.602151
30852572 1.602159
30834350 1.602168
30828009 1.602172
30827547 1.602177
30821222 1.602182
30818107 1.602186
30534999 1.602203
30520298 1.602216
30492887 1.602221
30481194 1.602224
30477261 1.602228
30477078 1.602233
30469974 1.602237
30465494 1.602242
30379117 1.602248
30368056 1.602253
30363313 1.602257
30347757 1.602267
30346263 1.602270
30326230 1.602273
30261338 1.602283
30249791 1.602289
30248283 1.602295
30240540 1.602299
30226197 1.602303
30224431 1.602310
30211512 1.602319
30196107 1.602322
30187703 1.602327
30186341 1.602333
30176707 1.602340
30172136 1.602344
30161939 1.602347
30149393 1.602355
30148752 1.602363
30143723 1.602387
30141053 1.602391
30138409 1.602396
30132402 1.602405
30127322 1.602408
30124374 1.602415
30123956 1.602419
30118377 1.602429
30115483 1.602434
30109846 1.602438
30107336 1.602441
30069451 1.602448
30066874 1.602451
30060201 1.602460
30057962 1.602463
30053093 1.602471
30051655 1.602485
30038486 1.602491
30037332 1.602503
30032435 1.602508
30022766 1.602518
29896321 1.602524
29751827 1.602534
29736897 1.602544
29730974 1.602565
29727463 1.602568
29726232 1.602572
29716965 1.602577
29714921 1.602580
29707736 1.602608
29705297 1.602612
29686370 1.602615
29684220 1.602621
29648140 1.602665
29643423 1.602675
29643386 1.602679
29635581 1.602683
29479848 1.602696
29474855 1.602707
29445783 1.602722
29438969 1.602733
29431668 1.602748
29382354 1.602759
29379371 1.602762
29377880 1.602766
29371693 1.602784
29371644 1.602791
29362133 1.602796
29356529 1.602800
29349294 1.602805
29349084 1.602819
29328263 1.602829
29327341 1.602836
29318565 1.602843
29295063 1.602851
29277055 1.602860
29275961 1.602863
29270308 1.602875
29269584 1.602883
29267898 1.602886
29251074 1.602890
29241227 1.602900
29241105 1.602906
29236885 1.602909
29233666 1.602914
29222568 1.602920
29214541 1.602931
29209694 1.602939
29187938 1.602950
29179881 1.602953
29172241 1.602957
29165538 1.602971
29159017 1.602978
29151839 1.602989
29150339 1.603001
29149308 1.603005
29139973 1.603018
29129736 1.603025
29129307 1.603029
29127658 1.603038
29123387 1.603041
29122837 1.603046
29113383 1.603052
29111802 1.603056
29090160 1.603062
29016492 1.603068
29010722 1.603071
28990536 1.603079
28986947 1.603101
28984199 1.603106
28980560 1.603115
28974887 1.603120
28974588 1.603132
28950721 1.603146
28949749 1.603150
28949019 1.603154
28948466 1.603175
28946914 1.603183
28945171 1.603195
28933296 1.603199
28931705 1.603202
28880252 1.603228
28880185 1.603264
28873345 1.603275
28863554 1.603281
28820841 1.603285
28817505 1.603290
28801223 1.603296
28781727 1.603300
28772171 1.603307
28761948 1.603311
28752167 1.603336
28750082 1.603341
28738219 1.603351
28731758 1.603368
28721427 1.603371
28707929 1.603390
28707022 1.603407
28700828 1.603410
28696638 1.603420
28691583 1.603423
28666582 1.603445
28644966 1.603454
28627869 1.603458
28617818 1.603469
28578736 1.603505
28558976 1.603517
28556268 1.603521
28548078 1.603527
28546422 1.603532
28053735 1.603544
28051850 1.603550
28041805 1.603555
28034667 1.603570
28034658 1.603582
28034194 1.603586
28006995 1.603592
27961016 1.603597
27944830 1.603601
27944629 1.603608
27921378 1.603614
27921312 1.603618
27911515 1.603621
27907013 1.603634
27902132 1.603641
27895241 1.603651
27891208 1.603657
27889962 1.603666
27887735 1.603671
27884961 1.603674
27875142 1.603681
27864754 1.603703
27863547 1.603707
27856047 1.603713
27845557 1.603717
27842218 1.603724
27836153 1.603728
27835963 1.603731
27831895 1.603734
27821379 1.603740
27817516 1.603748
27814932 1.603751
27793709 1.603767
27785784 1.603781
27777062 1.603787
27774760 1.603800
27754426 1.603813
27753319 1.603816
27753179 1.603819
27751718 1.603831
27734278 1.603845
27720700 1.603854
27713772 1.603857
27706041 1.603863
27705334 1.603866
27704581 1.603869
27695498 1.603882
27690360 1.603885
27690244 1.603897
27687954 1.603900
27687803 1.603904
27646275 1.603920
27641259 1.603927
27638325 1.603934
27628240 1.603940
27627287 1.603947
27623913 1.603951
27611925 1.603963
27607046 1.603967
27548724 1.603974
27534908 1.603983
27534277 1.603989
27529641 1.604025
27522103 1.604031
27339215 1.604043
27328459 1.604054
27271878 1.604064
27259047 1.604068
27244857 1.604071
27238136 1.604076
27235731 1.604082
27229783 1.604086
27222891 1.604090
27221546 1.604094
27221500 1.604097
27216296 1.604100
27215698 1.604104
27193624 1.604116
27192439 1.604119
27191135 1.604124
27181647 1.604127
27177972 1.604140
27157025 1.604144
27156980 1.604151
27151624 1.604155
27146227 1.604166
27130586 1.604172
27113513 1.604180
27107384 1.604186
27080009 1.604196
27053235 1.604204
27050669 1.604208
27049906 1.604214
27049541 1.604218
27042043 1.604224
27033426 1.604228
27025659 1.604231
26982768 1.604235
26981309 1.604239
26980371 1.604242
26973172 1.604246
26962811 1.604251
26951194 1.604258
26950593 1.604265
26947521 1.604273
26939635 1.604279
26834238 1.604283
26831024 1.604287
26825617 1.604296
26806512 1.604301
26804054 1.604314
26800000 1.604383
26783337 1.604408
26780977 1.604412
26779745 1.604450
26773167 1.604455
26768854 1.604459
26768313 1.604468
26763793 1.604473
26762786 1.604477
26760291 1.604480
26755594 1.604487
26751799 1.604509
26750792 1.604513
26749109 1.604516
26745178 1.604541
26742090 1.604544
26727746 1.604549
26727254 1.604559
26721774 1.604569
26713035 1.604572
26711629 1.604576
26708840 1.604597
26706334 1.604603
26534391 1.604612
26529091 1.604616
26528247 1.604619
26521588 1.604623
26521269 1.604629
26491240 1.604636
26490240 1.604640
26433787 1.604646
26432517 1.604653
26396327 1.604656
26388448 1.604659
26380110 1.604663
26375263 1.604666
26297952 1.604672
26297023 1.604681
26295369 1.604684
26293550 1.604689
26292443 1.604699
26290473 1.604717
26261984 1.604732
26243622 1.604737
26223963 1.604747
26222881 1.604762
26222777 1.604765
26222187 1.604768
26219758 1.604776
26219174 1.604790
26203614 1.604802
26199407 1.604811
26197672 1.604815
26193229 1.604843
26192863 1.604848
26182870 1.604856
26166363 1.604863
26164218 1.604866
26161999 1.604869
26159427 1.604901
26137198 1.604911
26134744 1.604915
26133322 1.604925
26126228 1.604950
26117413 1.604963
26117204 1.604967
26081032 1.604974
26078093 1.604978
26071950 1.604982
26067342 1.604985
26025118 1.605001
26003257 1.605009
26001560 1.605014
25991632 1.605018
25980507 1.605022
25963021 1.605025
25962083 1.605037
25944759 1.605042
25919590 1.605050
25908121 1.605053
25902701 1.605058
25873832 1.605065
25841777 1.605071
25841747 1.605074
25840397 1.605078
25838473 1.605083
25820659 1.605098
25809363 1.605102
25735984 1.605108
25735850 1.605114
25734016 1.605117
25711809 1.605121
25711163 1.605125
25705785 1.605132
25701076 1.605150
25700301 1.605157
25690840 1.605164
25690139 1.605173
25689981 1.605179
25641641 1.605188
25637914 1.605191
25633631 1.605198
25622908 1.605204
25602860 1.605209
25580772 1.605214
25564900 1.605246
25562806 1.605249
25562748 1.605260
25491206 1.605269
25490199 1.605274
25465931 1.605287
25463933 1.605298
25459844 1.605303
25433246 1.605313
25374383 1.605320
25317739 1.605341
25297646 1.605346
25260916 1.605353
25250753 1.605358
25245367 1.605369
25240732 1.605374
25240469 1.605384
25240227 1.605389
25235250 1.605393
25218466 1.605403
25211955 1.605411
25200699 1.605423
25154091 1.605431
25150866 1.605434
25141202 1.605444
25121144 1.605450
25116687 1.605453
25084263 1.605460
25078729 1.605464
25071656 1.605473
25070075 1.605489
25070063 1.605496
25061505 1.605499
25010005 1.605507
24994768 1.605510
24989817 1.605524
24986515 1.605527
24986012 1.605533
24981431 1.605536
24974205 1.605562
24966739 1.605566
24961611 1.605585
24957060 1.605594
24952814 1.605598
24949666 1.605602
24939405 1.605606
24930012 1.605615
24913154 1.605619
24903071 1.605630
24903006 1.605633
24894047 1.605637
24881271 1.605640
24875122 1.605649
24864178 1.605654
24859167 1.605661
24857683 1.605695
24852446 1.605698
24849646 1.605710
24847498 1.605716
24785045 1.605720
24782952 1.605731
24764991 1.605734
24677727 1.605745
24669195 1.605748
24665833 1.605766
24660009 1.605772
24659299 1.605775
24631918 1.605784
24629277 1.605787
24629273 1.605791
24629120 1.605794
24621726 1.605806
24262857 1.605816
24258437 1.605820
24252516 1.605823
24252410 1.605843
24250634 1.605847
24241666 1.605853
24237976 1.605857
24237047 1.605862
24232866 1.605872
24208619 1.605875
24185279 1.605889
24172543 1.605893
24154166 1.605912
24153158 1.605925
24108534 1.605929
24097941 1.605933
24096242 1.605938
24094223 1.605949
24075745 1.605966
24069583 1.605976
24062030 1.605985
24045017 1.605988
24033358 1.605992
24031883 1.606005
24027037 1.606034
24012999 1.606046
24001415 1.606053
23986256 1.606056
23975661 1.606061
23963997 1.606067
23963454 1.606071
23962640 1.606080
23932628 1.606084
23899519 1.606088
23891849 1.606092
23883763 1.606112
23872001 1.606117
23871913 1.606124
23867599 1.606130
23866457 1.606136
23863865 1.606147
23858082 1.606150
23854853 1.606156
23845100 1.606160
23824349 1.606175
23802926 1.606191
23773242 1.606198
23769836 1.606208
23767122 1.606211
23749926 1.606219
23747370 1.606223
23731123 1.606226
23721588 1.606231
23709602 1.606235
23705936 1.606254
23696076 1.606266
23683079 1.606271
23675310 1.606276
23651595 1.606280
23645736 1.606284
23641884 1.606319
23632714 1.606331
23632518 1.606335
23628921 1.606347
23628889 1.606362
23622916 1.606366
23610240 1.606377
23602367 1.606383
23600442 1.606386
23590871 1.606396
23577337 1.606404
23575019 1.606426
23565996 1.606429
23536977 1.606434
23518821 1.606444
23498947 1.606455
23497920 1.606465
23497508 1.606471
23497302 1.606484
23489211 1.606488
23482353 1.606493
23480610 1.606506
23473777 1.606521
23436128 1.606525
23420460 1.606528
23410591 1.606531
23408988 1.606535
23371029 1.606544
23349405 1.606549
22763683 1.606557
22757327 1.606568
22749378 1.606572
22744854 1.606579
22744026 1.606590
22736856 1.606593
22666503 1.606606
22659852 1.606617
22657928 1.606621
22651220 1.606640
22650477 1.606646
22644312 1.606649
22642916 1.606653
22642798 1.606656
22642318 1.606680
22642200 1.606684
22642156 1.606688
22641655 1.606693
22640229 1.606701
22628862 1.606715
22622716 1.606722
22621017 1.606731
22620708 1.606742
22605621 1.606750
22493281 1.606761
22491708 1.606771
22119089 1.606781
22106739 1.606786
22084172 1.606792
22076554 1.606798
22073930 1.606815
22067258 1.606820
22059648 1.606948
22042461 1.606953
22039899 1.606956
22039307 1.606981
22035637 1.606985
22026632 1.606991
22002560 1.607006
22001586 1.607016
22000353 1.607020
21999417 1.607024
21945000 1.607031
21943462 1.607050
21941026 1.607057
21935777 1.607070
21932988 1.607073
21930107 1.607081
21928705 1.607087
21927465 1.607094
21921859 1.607123
21915875 1.607129
21913681 1.607132
21910848 1.607136
21908991 1.607141
21908037 1.607155
21906306 1.607173
21903541 1.607189
21900487 1.607206
21897914 1.607227
21894895 1.607242
21892945 1.607246
21890429 1.607252
21881591 1.607258
21871783 1.607266
21869242 1.607270
21865600 1.607273
21864807 1.607278
21863077 1.607281
21861336 1.607285
21851009 1.607288
21834992 1.607292
21817578 1.607305
21808483 1.607316
21806548 1.607322
21757647 1.607346
21753829 1.607350
21749961 1.607357
21716477 1.607363
21702217 1.607371
21693112 1.607384
21684259 1.607396
21683821 1.607403
21680086 1.607407
21676429 1.607415
21673511 1.607436
21651715 1.607445
21639218 1.607450
21637204 1.607473
21615918 1.607482
21609737 1.607487
21593826 1.607505
21587882 1.607510
21584709 1.607525
21565423 1.607528
21562846 1.607535
21556086 1.607553
21541605 1.607564
21527867 1.607569
21521170 1.607572
21516957 1.607575
21495845 1.607579
21490599 1.607587
21484571 1.607591
21484053 1.607598
21479299 1.607603
21474782 1.607637
21459595 1.607646
21451040 1.607685
21449816 1.607691
21425298 1.607708
21393099 1.607716
21389614 1.607734
21385553 1.607740
21385047 1.607756
21382338 1.607762
21371940 1.607766
21357331 1.607769
21325691 1.607773
21321560 1.607777
21320654 1.607780
21316297 1.607784
21307541 1.607792
21080173 1.607803
21078926 1.607807
21055641 1.607819
21050462 1.607823
21049585 1.607842
21041869 1.607852
21006873 1.607858
20996125 1.607864
20987499 1.607870
20981306 1.607874
20979955 1.607888
20979476 1.607903
20977667 1.607912
20959939 1.607930
20953489 1.607941
20951025 1.607954
20946433 1.607959
20945650 1.607962
20933556 1.607966
20929735 1.607970
20926244 1.607979
20918036 1.607983
20915609 1.608002
20911416 1.608036
20910778 1.608042
20907277 1.608046
20878188 1.608056
20851433 1.608059
20840788 1.608064
20831396 1.608070
20825472 1.608078
20821876 1.608083
20815599 1.608086
20811288 1.608090
20807112 1.608093
20746787 1.608105
20730226 1.608116
20729405 1.608134
20728730 1.608138
20694571 1.608157
20683081 1.608223
20678743 1.608236
20678134 1.608240
20673404 1.608243
20620237 1.608261
20616725 1.608273
20607550 1.608276
20607164 1.608282
20605871 1.608285
20599390 1.608290
20597761 1.608296
20594736 1.608311
20577158 1.608319
20571623 1.608323
20560703 1.608331
20547103 1.608343
20543483 1.608347
20537884 1.608362
20531956 1.608386
20526530 1.608404
20525072 1.608419
20520237 1.608474
20519944 1.608479
20502543 1.608482
20486410 1.608487
20477252 1.608496
20464669 1.608503
20460849 1.608509
20460705 1.608520
20459507 1.608524
20455334 1.608536
20286028 1.608548
20285969 1.608553
20280685 1.608569
20266138 1.608576
20252445 1.608579
20246139 1.608583
20236504 1.608589
20226919 1.608592
20215903 1.608606
20214613 1.608610
20209432 1.608616
20202752 1.608622
20190452 1.608691
20190213 1.608695
20187947 1.608698
20187073 1.608725
20184432 1.608732
20179958 1.608740
20166745 1.608745
20166389 1.608754
20161734 1.608757
20161188 1.608783
20139418 1.608798
20138972 1.608811
20133575 1.608833
20132231 1.608838
20129132 1.608843
20128708 1.608891
20128136 1.608896
20128134 1.608933
20125999 1.608947
20121336 1.608953
20119724 1.608958
20119688 1.608990
20119509 1.609008
20117334 1.609013
20117175 1.609018
20115791 1.609021
20087991 1.609034
20077074 1.609048
20062310 1.609051
20061709 1.609061
20058528 1.609065
20057383 1.609068
20054295 1.609073
20054014 1.609076
20048173 1.609087
20038426 1.609090
20037426 1.609097
20037091 1.609103
20034284 1.609107
20032491 1.609110
20026844 1.609114
20021338 1.609118
20019560 1.609129
20016932 1.609134
19876646 1.609151
19875649 1.609155
19852484 1.609158
19824489 1.609161
19805323 1.609199
19804664 1.609203
19801459 1.609214
19788434 1.609218
19778687 1.609221
19775318 1.609272
19771249 1.609275
19769786 1.609279
19769746 1.609293
19763474 1.609302
19760727 1.609318
19759600 1.609321
19759445 1.609332
19731788 1.609343
19731032 1.609412
19728398 1.609469
19727401 1.609473
19726410 1.609477
19725126 1.609507
19715032 1.609511
19711011 1.609514
19710719 1.609518
19707433 1.609528
19706726 1.609531
19706288 1.609535
19702427 1.609549
19671457 1.609552
19657197 1.609598
19657053 1.609601
19653897 1.609620
19653302 1.609628
19652068 1.609633
19637197 1.609645
19631240 1.609650
19621727 1.609657
19614404 1.609663
19610458 1.609673
19582089 1.609702
19579043 1.609719
19578550 1.609724
19578292 1.609727
19574528 1.609743
19541825 1.609755
19541075 1.609760
19481994 1.609771
19396120 1.609775
19394402 1.609782
19240517 1.609861
19237959 1.609915
19237195 1.609919
19237072 1.609923
19226345 1.609929
19219724 1.609998
19219600 1.610007
19219491 1.610040
19213637 1.610043
19209395 1.610049
19192651 1.610054
19174744 1.610058
19170838 1.610061
19159261 1.610064
19159081 1.610071
19158472 1.610078
19157645 1.610100
19157585 1.610106
19154193 1.610109
19152857 1.610160
19143199 1.610170
19141984 1.610180
19141442 1.610185
19135994 1.610210
19133043 1.610232
19121191 1.610236
19113544 1.610268
19108607 1.610279
19107050 1.610307
19093111 1.610310
19092062 1.610314
19089156 1.610319
19060348 1.610325
19013714 1.610333
19008066 1.610339
18996713 1.610355
18987966 1.610359
18927884 1.610363
18892550 1.610375
18888852 1.610419
18881912 1.610425
18874580 1.610428
18854947 1.610437
18844245 1.610454
18844063 1.610459
18839432 1.610482
18839228 1.610485
18838326 1.610534
18834486 1.610579
18833690 1.610583
18815381 1.610614
18811338 1.610621
18805780 1.610662
18801447 1.610675
18787906 1.610681
18780821 1.610686
18776658 1.610693
18772347 1.610698
18771520 1.610703
18770127 1.610711
18768628 1.610718
18768294 1.610762
18767213 1.610781
18766469 1.610845
18761649 1.610849
18754260 1.610860
18750672 1.610864
18750249 1.610869
18750177 1.610884
18743529 1.610906
18619863 1.610940
18598359 1.610956
18597614 1.610961
18595264 1.611008
18593672 1.611019
18589356 1.611025
18587079 1.611031
18586224 1.611041
18582021 1.611049
18576319 1.611053
18575651 1.611075
18573449 1.611081
18563436 1.611085
18556156 1.611089
18523603 1.611113
18521182 1.611118
18517696 1.611161
18511672 1.611184
18503701 1.611200
18502370 1.611204
18496973 1.611212
18487315 1.611216
18485834 1.611247
18480997 1.611250
18477482 1.611257
18470755 1.611262
18467140 1.611265
18466882 1.611268
18466073 1.611279
18463327 1.611307
18460283 1.611313
18448590 1.611317
18435574 1.611320
18433270 1.611330
18427607 1.611334
18427174 1.611346
18167316 1.611358
18167255 1.611396
18161725 1.611412
18139616 1.611426
18138526 1.611432
18135118 1.611441
18131722 1.611445
18130344 1.611448
18129892 1.611451
18128853 1.611460
17616637 1.611471
17610959 1.611474
17594503 1.611478
17591640 1.611510
17591011 1.611516
17569496 1.611527
17549434 1.611540
17546904 1.611549
17538835 1.611557
17532683 1.611581
17530898 1.611586
17215195 1.611606
17191532 1.611618
17191459 1.612356
17188542 1.612501
17187817 1.612508
17187804 1.612522
17156529 1.612538
17155955 1.612549
17155142 1.612560
17152604 1.612698
17148369 1.612717
17147733 1.612743
17144255 1.612753
17144185 1.612757
17142216 1.612761
17140741 1.612790
17133634 1.612800
17130991 1.612810
17126048 1.612814
17119480 1.612817
17117681 1.612849
17108845 1.612859
17103769 1.612879
17093459 1.612884
17092166 1.612892
17090734 1.613139
17086307 1.613164
17084221 1.613168
17083477 1.614905
17083247 1.614914
17057190 1.614922
17052307 1.614926
17051305 1.614943
17028685 1.615022
17017213 1.615029
16961766 1.615047
16933858 1.615072
16914073 1.615076
16913329 1.615082
16913203 1.615085
16911726 1.615091
16911410 1.615225
16895522 1.615253
16882324 1.615258
16876087 1.615261
16868917 1.615274
16855235 1.615280
16850403 1.615284
16849658 1.615288
16843572 1.615301
16842150 1.615305
16840116 1.615327
16837168 1.615333
16836834 1.615337
16836725 1.615348
16831402 1.615354
16830222 1.615369
16822384 1.615373
16817135 1.615425
16816216 1.615430
16814570 1.615462
16810136 1.615467
16789528 1.615475
16735258 1.615479
16724839 1.615482
16724242 1.615491
16721414 1.615552
16720098 1.615557
16716627 1.615560
16715982 1.615585
16707526 1.615596
16700087 1.615610
16694119 1.615614
16690263 1.615621
16689834 1.615638
16688438 1.615658
16683256 1.615716
16682965 1.615722
16682313 1.615729
16670119 1.615747
16668875 1.615755
16662002 1.615812
16657530 1.615891
16645092 1.615916
16643158 1.615921
16642943 1.615949
16639633 1.615955
16639086 1.615959
16635951 1.615984
16632620 1.616120
16624800 1.616126
16618225 1.616130
16613020 1.616171
16611847 1.616175
16605635 1.616334
16604613 1.616342
16602998 1.616346
16601088 1.616376
16596295 1.616383
16595370 1.616392
16593367 1.616395
16593327 1.616399
16592680 1.616403
16592162 1.616408
16592087 1.616447
16591978 1.616524
16590241 1.616908
16588657 1.616922
16588179 1.616930
16579341 1.616934
16574111 1.616938
16572700 1.616943
16569738 1.617453
16569545 1.617464
16567854 1.617469
16566370 1.617475
16561829 1.617492
16552092 1.617498
16551648 1.617512
16549965 1.617516
16547412 1.617526
16547215 1.618837
16545595 1.618845
16545319 1.618857
16543632 1.618882
16542066 1.618892
16542002 1.618896
16537760 1.618935
16534537 1.618941
16504682 1.618956
16502868 1.618962
16502456 1.618972
16502413 1.619022
16501062 1.619027
16500429 1.619040
16496458 1.619054
16495608 1.619068
16492864 1.619204
16491506 1.619371
16486100 1.620239
16485839 1.620270
16485615 1.620283
16480768 1.620423
16480504 1.620471
16480005 1.620700
16477788 1.620727
16477712 1.620737
16475963 1.621666
16471386 1.621673
16470779 1.621685
16467653 1.622510
16467155 1.622520
16452939 1.622778
16452194 1.622789
16448980 1.622794
16448522 1.622800
16445957 1.622817
16442003 1.622831
16437393 1.622835
16424657 1.622843
16424470 1.622871
16419066 1.622882
16412083 1.622886
16409373 1.622895
16408764 1.622900
16405722 1.622904
16404194 1.622940
16403184 1.623006
16399304 1.623011
16399280 1.623112
16397372 1.623127
16397192 1.623144
16387092 1.623152
16383835 1.623157
16383812 1.623164
16381043 1.623177
16372593 1.623187
16369380 1.623191
16369190 1.623215
16368678 1.623226
16368544 1.623229
16367573 1.623254
16360471 1.623263
16359740 1.623268
16353766 1.623290
16350825 1.623293
16350367 1.623307
16347699 1.623365
16347154 1.623476
16344037 1.623482
16341883 1.623490
16341870 1.623504
16333747 1.623507
16323078 1.623515
16317404 1.623525
16315758 1.623532
16311703 1.623536
16310486 1.623548
16307991 1.623554
16305350 1.623559
16301854 1.623568
16299416 1.623577
16292990 1.623861
16282474 1.623880
16281172 1.623922
16279572 1.623928
16279459 1.624018
16275975 1.624031
16273269 1.624036
16273258 1.625125
16273242 1.625143
16269623 1.625162
16267820 1.625193
16267255 1.625209
16259716 1.625281
16258695 1.627225
16258038 1.627362
16257803 1.627440
16256498 1.627446
16255923 1.627455
16254748 1.627460
16254137 1.627464
16251504 1.628720
16240632 1.628855
16239983 1.628861
16239592 1.629108
16235355 1.629165
16234758 1.629178
16230181 1.629214
16229537 1.629219
16224611 1.629224
16217640 1.630393
16213905 1.630534
16213358 1.630538
16212178 1.630787
16211001 1.630819
16209540 1.630823
16209217 1.630834
16204013 1.631074
16202035 1.631078
16201382 1.631082
16170874 1.631088
16158808 1.631117
16155556 1.634403
16155307 1.634410
16154616 1.634432
16153903 1.634516
16152530 1.634531
16147923 1.634538
16135021 1.634541
16131221 1.634546
16130842 1.634579
16125519 1.634589
16124763 1.634597
16122187 1.634601
16120887 1.634621
16120521 1.634797
16118497 1.634823
16117929 1.634829
16117098 1.634948
16115526 1.634967
16114560 1.635661
15551127 1.635945
15512042 1.635953
15511787 1.635958
15511366 1.635970
15511172 1.635979
15509108 1.635985
15508687 1.636146
15507028 1.636192
15505043 1.636216
15502743 1.636234
15501276 1.636251
15500777 1.636631
15500671 1.636664
15500628 1.636674
15498074 1.636681
15497879 1.636686
15497654 1.636700
15493630 1.636704
15493277 1.637698
15492275 1.637705
15492001 1.637713
15491605 1.637899
15488846 1.638067
15488739 1.638073
15488397 1.638599
15487778 1.641464
15485891 1.641502
15476841 1.641886
15476474 1.641937
15473112 1.641947
15469981 1.642007
15467947 1.642178
15451395 1.642185
15450984 1.642283
15448583 1.642328
15446867 1.642380
15445387 1.642384
15441851 1.642391
15439277 1.642397
15435649 1.642404
15434914 1.642444
15433595 1.642460
15433555 1.642505
15432529 1.642574
15429243 1.642626
15428512 1.642632
15422244 1.642665
15419376 1.643037
15418585 1.643088
15416424 1.643099
15334618 1.643401
15317673 1.643422
15315169 1.643427
15314726 1.643439
15314565 1.643447
15313703 1.643521
15313687 1.643529
15313285 1.643677
15312980 1.648960
15312089 1.648975
15310504 1.648982
15310193 1.650254
15297545 1.650453
15296276 1.650474
15292725 1.651204
15291540 1.651663
15288483 1.651688
15287937 1.651820
15287839 1.651825
15285330 1.651832
15282115 1.651854
15281277 1.651908
15280478 1.654039
15259713 1.655248
15259575 1.655266
15257457 1.655313
15257359 1.655353
15255915 1.655666
15253645 1.655676
15253616 1.665252
15251708 1.668765
15251521 1.668907
15217491 1.669787
15215155 1.672972
15209607 1.673009
15207961 1.673025
15207187 1.673215
15206675 1.673228
15205333 1.673243
15190710 1.691332
15190026 1.691736
15189589 1.692067
15187808 1.692085
15184446 1.692091
15182670 1.692100
15176140 1.692104
15170320 1.692108
15156580 1.692117
15148040 1.692127
15145812 1.692217
15145516 1.692225
15144618 1.692231
15143914 1.692555
15142922 1.692905
15142296 1.692911
15141337 1.692915
15141334 1.694971
15128733 1.703447
15125647 1.703454
15125492 1.703493
15121069 1.703500
15120831 1.703840
15119417 1.703854
15118749 1.703859
15116653 1.703872
15107814 1.703893
15106132 1.704209
15103253 1.704358
15102032 1.704369
15101528 1.706165
15094457 1.706269
15094272 1.706295
15078151 1.706558
15077742 1.706632
15076943 1.707242
15074607 1.707696
15073228 1.707754
15070437 1.707826
15064206 1.708516
15054281 1.709412
15043410 1.709437
15041524 1.709443
15027910 1.709452
15023973 1.709473
15018888 1.709483
15016308 1.709844
15015612 1.709852
15007036 1.709887
15006373 1.709890
15006207 1.709961
15005042 1.709998
15004383 1.710096
15004367 1.710103
15004322 1.710220
15002091 1.711385
14980471 1.711393
14976554 1.711432
14971908 1.713977
14971597 1.713982
14968724 1.713985
14964985 1.713991
14964707 1.714042
14960843 1.714131
14960478 1.719520
14959613 1.719685
14955469 1.719715
14955360 1.720359
14954162 1.720386
14953513 1.720391
14950962 1.720473
14948145 1.720602
14948141 1.720639
14946825 1.720643
14946727 1.720734
14945973 1.720857
14943038 1.720885
14942094 1.721707
14939583 1.721905
14938510 1.724844
14937698 1.724865
14936601 1.724869
14935740 1.724905
14934176 1.724982
14932028 1.724991
14931815 1.725767
14920048 1.725772
14918976 1.726192
14918150 1.726242
14917391 1.726248
14917129 1.726261
14913314 1.733637
14912583 2.154725
14912206 2.155034
14910637 2.155048
14909791 2.155277
14909637 2.155285
14909461 2.155289
14908788 2.155343
14904621 2.155400
14898765 2.155444
14897043 2.155488
14896899 2.155492
14896532 2.155507
14896471 2.155582
14896289 2.155588
14895656 2.155594
14894317 2.159799
14894245 2.159806
14893082 2.159813
14891935 2.160376
14890991 2.161482
14890417 2.161490
14882784 2.161497
14881053 2.166550
14871740 2.166702
14871112 2.166712
14870713 2.167828
14868705 2.167843
14868567 2.169387
14868429 2.169441
14867141 2.169449
14859994 2.169515
14859933 2.170849
14857612 2.172614
14855422 2.172779
14847623 2.172799
14846912 2.172806
14845534 2.172817
14844882 2.172894
14842979 2.173356
14842878 2.180684
14842877 2.180708
14842057 2.194035
14841549 2.194049
14840175 2.194132
14839567 2.194149
14838097 2.194217
14836648 2.199563
14835357 2.199622
14835160 2.200189
14835037 2.202014
14832406 2.212768
14831546 2.213147
14828762 2.213152
14828003 2.215754
14827676 2.216417
14827574 2.216671
14826217 2.216724
14825341 2.217218
14824769 2.219110
14824516 2.219839
14824339 2.219846
14824329 2.219922
14820737 2.220450
14820326 2.222466
14819915 2.222720
14816313 2.223260
14810211 2.223364
14809888 2.223383
14789641 2.223737
14782192 2.224034
14782001 2.226724
14781557 2.226731
14781389 2.226919
14781266 2.228153
14780146 2.228631
14779708 2.230230
14779133 2.231392
14778838 2.231397
14778396 2.232251
14777326 2.232256
14772658 2.234333
14771894 2.234357
14770840 2.234361
14769546 2.234366
14763684 2.234483
14762164 2.234491
14760989 2.234494
14759608 2.234616
14759297 2.234620
14757860 2.234642
14753059 2.252037
14752177 2.252045
14751427 2.252049
14751018 2.252106
14742728 2.252119
14740007 2.252161
14738629 2.252165
14737622 2.265067
14736122 2.265081
14734287 2.265365
14734004 2.265406
14732407 2.265410
14731609 2.265438
14729288 2.279006
14722563 2.279022
14721116 2.279217
14715019 2.279239
14713297 2.303566
14713033 2.303594
14712929 2.303759
14711918 2.303775
14711235 2.303833
14703440 2.303845
14701304 2.303849
14700568 2.303908
14696731 2.304209
14696457 2.304233
14694622 2.306274
14694047 2.306992
14693609 2.307692
14693122 2.307878
14691695 2.307883
14679060 2.307896
14678218 2.307906
14677662 2.307967
14676073 2.307974
14675959 2.308062
14673048 2.308410
14671237 2.308432
14669329 2.308468
14668570 2.308729
14667575 2.309215
14665679 2.309729
14665405 2.309737
14665251 2.309748
14663704 2.309761
14661480 2.317023
14660803 2.317033
14660031 2.317038
14659279 2.320467
14659102 2.330082
14656100 2.330089
14654412 2.331499
14651701 2.331623
14649198 2.331686
14648069 2.331778
14647052 2.333289
14644542 2.333714
14644340 2.352627
14644177 2.367050
14641642 2.388273
14641175 2.402056
14640408 2.595876
14640043 2.595884
14639629 3.393389
14638688 3.402769
14638685 4.289757
14637316 8.175736
14637316 608.191259
