PROBLEM_FILE = /tmp/4256.tmp/sample.tsp
4590371 0.036623
4543060 0.036640
4298748 0.036645
4098876 0.036650
4073514 0.036654
3946269 0.036657
3884494 0.036660
3677911 0.036665
3619562 0.036670
3587014 0.036674
3581275 0.036687
3479381 0.036698
3473012 0.036701
3372293 0.036706
3155888 0.036710
3127964 0.036714
3082759 0.036735
3079923 0.036738
3079225 0.036749
2734692 0.036759
2701817 0.036763
2694927 0.036766
2651745 0.036769
2557824 0.036773
2544982 0.036777
2505897 0.036786
2473809 0.036791
2453581 0.036794
2443655 0.036801
2438116 0.036804
2223705 0.036814
2214034 0.036834
2203335 0.036839
2196740 0.036844
2192416 0.036851
2191455 0.036855
2188924 0.036862
2187094 0.036925
2181311 0.036929
2159949 0.037026
2159249 0.037032
2158992 0.037054
2158991 0.038072
2157411 0.038097
2157220 0.038117
2156621 0.038122
2156619 1.303604
2156577 2.240757
2156576 34.435676
2156575 204.841586
2156575 804.841914
