PROBLEM_FILE = /tmp/30472.tmp/sample.tsp
25844438 0.084563
25826659 0.084582
25391298 0.084588
25281609 0.084591
25281607 0.084595
24947484 0.084610
24899918 0.084619
24849203 0.084628
24543147 0.084634
24507686 0.084640
24425411 0.084644
24324022 0.084651
24268204 0.084655
24218393 0.084658
23870394 0.084663
22527913 0.084673
22462491 0.084676
22459854 0.084681
21759571 0.084691
21626816 0.084695
21595594 0.084699
21575595 0.084702
21277966 0.084706
21187958 0.084710
20938128 0.084713
20371765 0.084717
19556069 0.084726
19468849 0.084733
18680542 0.084738
18638200 0.084742
16464042 0.084746
16432437 0.084750
15519696 0.084763
15081057 0.084772
14678154 0.084776
14375872 0.084780
13953006 0.084789
13932214 0.084794
13652214 0.084798
13592841 0.084802
13520642 0.084814
13349402 0.084819
13172200 0.084822
13143800 0.084831
13052271 0.084837
12613023 0.084841
12095527 0.084851
12085249 0.084854
11678967 0.084858
11413457 0.084878
11166850 0.084881
10995421 0.084885
10889742 0.084889
10771807 0.084892
10724318 0.084897
10686422 0.084901
10665071 0.084905
10589919 0.084941
10558382 0.084946
10558002 0.084951
10431097 0.084956
10424672 0.084960
9735190 0.084964
9688766 0.084997
9579390 0.085002
9562602 0.085005
9453912 0.085011
9381423 0.085014
9372133 0.085019
9361695 0.085024
8622244 0.085029
8621173 0.085032
8608817 0.085036
8536346 0.085042
7974992 0.085047
7968961 0.085051
7880432 0.085055
7529730 0.085058
7478244 0.085062
7395310 0.085102
7251444 0.085111
7240806 0.085117
7211894 0.085126
7186203 0.085130
7143832 0.085134
7137003 0.085253
7125709 0.085259
6997575 0.085264
6995407 0.085267
6995405 0.085273
6995403 0.085277
6984439 0.085282
6947317 0.085340
6935739 0.085348
6909108 0.085351
6843304 0.085356
6828068 0.085360
6823581 0.085381
6806031 0.085420
6780232 0.085426
6778311 0.085432
6768470 0.085436
6765979 0.085441
6765978 0.085445
6765812 0.085449
6743139 0.086376
6727761 0.087882
6724030 0.087890
6723014 0.087907
6721803 0.087925
6715011 0.087941
6715009 0.088930
6714819 0.089018
6709828 0.089030
6709088 0.089909
6703373 0.090807
6703371 0.091833
6703315 0.093343
6700696 0.103579
6700658 0.104190
6700276 0.110098
6700020 0.160846
6698950 0.160902
6698214 0.169072
6698068 0.169567
6697208 0.170374
6695773 3.792439
6695771 3.792448
6695770 3.806095
6694473 15.694978
6694469 261.393530
6694469 861.394531
