6819 6.406700
6767 6.406711
6739 6.406712
6706 6.406713
6694 6.406716
6689 7.050164
6684 7.050168
6676 7.688428
6674 8.326035
6671 8.326039
6664 8.959400
6663 9.588882
6643 9.588886
6641 10.215232
6635 10.839435
6628 11.454326
6617 12.064960
6610 12.675111
6609 13.277607
6608 13.878766
6606 13.878769
6591 14.475297
6587 15.070573
6586 15.659199
6584 16.242124
6582 16.824494
6580 17.402888
6577 17.976379
6574 18.547282
6571 19.114480
6569 19.679600
6566 20.240004
6562 20.797080
6553 21.352140
6550 21.903326
6549 22.452428
6546 22.997633
6544 23.538464
6542 24.078835
6540 24.615598
6539 25.151162
6538 25.686059
6535 26.215716
6534 26.742107
6533 27.269026
6532 27.790831
6529 28.311820
6528 28.829572
6527 28.829577
6526 29.346457
6523 29.346463
6520 29.861155
6519 30.375288
6517 30.886144
6516 31.394910
6515 31.901011
6513 32.407226
6510 32.909866
6509 33.409200
6507 33.908228
6504 34.406203
6503 34.406209
6497 34.899701
6496 35.392693
6493 35.886067
6490 36.375663
6489 36.863486
6487 37.350200
6481 37.836433
6479 38.319537
6476 38.804438
6475 39.285678
6469 39.766105
6468 40.246064
6465 40.723275
6464 41.197931
6462 41.672410
6461 42.145206
6460 42.618263
6459 43.090393
6458 43.559267
6457 44.026304
6456 44.492918
6455 44.958053
6453 45.422508
6449 45.884651
6447 46.344839
6446 46.344842
6445 46.803582
6441 47.260691
6440 47.717630
6437 48.171904
6436 48.171908
6435 48.626206
6434 49.079465
6433 49.533133
6428 49.533138
6425 49.983521
6424 50.432885
6423 50.883015
6419 51.332525
6417 51.778982
6416 52.224889
6415 52.669442
6414 53.113533
6411 53.555257
6410 53.997736
6409 54.437872
6401 54.879399
6400 55.319944
6399 55.757386
6398 56.193692
6396 56.630694
6395 57.069373
6393 57.506454
6392 57.941243
6391 58.378372
6390 58.812479
6389 59.244590
6387 59.675824
6385 60.106992
6384 60.538938
6382 60.968827
6381 61.399267
6380 61.829590
6378 62.259831
6377 62.687346
6376 63.113990
6375 63.541836
6374 63.968120
6373 64.394459
6371 64.817985
6370 65.241534
6369 65.666119
6368 66.091672
6367 66.516114
6366 66.940632
6365 67.363499
6364 67.788398
6363 68.210734
6362 68.632993
6361 69.055325
6360 69.475985
6359 69.896453
6358 70.317428
6353 70.739711
6351 71.161452
6350 71.581197
6349 72.003249
6348 72.423688
6347 72.843418
6346 73.263030
6345 73.263034
6344 73.683699
6342 74.103082
6341 74.521086
6340 74.940422
6338 75.360438
6337 75.778816
6336 76.196609
6335 76.613932
6334 77.032650
6333 77.451687
6332 77.870754
6331 78.287648
6330 78.706707
6329 79.125534
6327 79.545045
6326 79.961502
6325 80.379973
6324 80.797304
6323 81.216714
6321 82.054547
6320 82.475258
6319 82.894083
6318 83.313033
6317 83.729477
6316 84.148784
6315 84.565288
6314 84.985562
6313 85.405396
6312 85.827709
6310 86.248010
6308 86.667893
6307 87.929359
6306 88.770750
6305 89.611843
6304 94.198128
