5699232 1.083835373
5697903 1.229422611
5687990 1.284725219
5683593 1.342379301
5677566 1.394301283
5673326 1.444292941
5661720 1.493630639
5660698 1.542812391
5653974 1.591775934
5651690 1.642254316
5635098 1.691995201
5633973 1.741352045
5630181 1.788179246
5625963 1.835805949
5621442 1.88201678
5618034 1.92847028
5611504 1.975593585
5608672 2.022595748
5601525 2.070083913
5599893 2.11791192
5595543 2.163641739
5594216 2.208402496
5592161 2.253407375
5588138 2.297728313
5583592 2.341214353
5572425 2.386437336
5567239 2.47580118
5566492 2.519163402
5565401 2.562170025
5564216 2.60493977
5556362 2.646961947
5555480 2.689087952
5553845 2.730096176
5552865 2.771941407
5544502 2.812743232
5540519 2.854561382
5539873 2.895462425
5538220 2.935215998
5537491 2.975557244
5537011 3.014159993
5536508 3.052528271
5535815 3.090352555
5535657 3.127639674
5534385 3.163791985
5533520 3.199518107
5532105 3.235087988
5530880 3.270108101
5530007 3.304775815
5528089 3.338671371
5527188 3.37233177
5525751 3.405308771
5525483 3.437915216
5522763 3.470400811
5522409 3.502638265
5521911 3.534043223
5519567 3.564025141
5519355 3.594092214
5518904 3.62365741
5518807 3.655841831
5518744 3.687732456
5517836 3.717421076
5517802 3.745809183
5517791 3.800832574
5517679 3.827561933
5517593 3.853511021
5517472 3.878628033
5517438 3.90293487
5517414 3.927400911
5517343 3.950902352
5517172 3.974234381
5516902 3.995284257
5516731 4.015331999
