7722050 1.982352393
7719089 2.127400191
7714449 2.20366713
7706392 2.279108138
7695730 2.347957016
7691120 2.416145199
7682704 2.483301234
7680027 2.556617091
7676086 2.620352847
7671789 2.685047776
7664903 2.748370776
7657377 2.808618232
7652272 2.86887383
7649829 2.927487873
7646293 2.985272927
7642241 3.043535893
7621150 3.100818653
7619475 3.157860692
7616347 3.214627315
7615383 3.272241332
7613640 3.329079942
7612473 3.3856758
7609509 3.442436669
7597782 3.498299256
7596590 3.55497719
7591676 3.610134675
7589494 3.665590802
7577060 3.720393151
7576122 3.775380645
7571843 3.829739702
7569080 3.884345984
7568200 3.937241727
7564733 3.990634198
7562636 4.043756484
7557924 4.097284222
7551569 4.149874067
7544173 4.203059231
7542869 4.25587732
7539845 4.308121034
7538383 4.360438239
7537561 4.412169753
7533040 4.464179105
7530792 4.515286563
7529150 4.565720029
7527631 4.616123367
7525329 4.666585275
7524667 4.716591964
7518281 4.765707796
7517496 4.815195252
7517316 4.8643821
7516864 4.913293442
7512163 4.962645536
7511096 5.011541296
7509355 5.059564506
7507218 5.107753056
7506050 5.154787436
7503226 5.201702968
7501960 5.248657092
7500653 5.294929704
7499381 5.341326048
7496628 5.431931614
7494784 5.476379596
7493767 5.521425184
7490737 5.565675912
7490275 5.609853963
7489812 5.653317818
7487059 5.696309546
7486410 5.739609398
7485308 5.781641405
7483949 5.82478339
7479953 5.866579638
7479483 5.908096704
7477850 5.948958464
7476990 5.988883195
7475980 6.029731717
7472806 6.068713421
7472370 6.147876013
7472037 6.187104019
7471792 6.225906851
7471589 6.264138435
7470480 6.302330339
7468470 6.340190596
7468189 6.37735248
7467975 6.414439608
7467962 6.485888617
7467724 6.521508198
7467650 6.556927926
7467622 6.6258312
7467408 6.659589665
7466968 6.69346743
7466709 6.726699486
7466021 6.758234019
7465068 6.789434949
7464882 6.879700938
7464463 6.91359892
7464402 6.945676213
7464119 7.051613727
7464008 7.078356432
7463951 7.128024865
7463942 7.174308004
7463938 7.196338763
7463929 7.217872099
