6142201 0.470162565
6136854 0.560154594
6134379 0.594769578
6128227 0.617617811
6122374 0.640127003
6119721 0.66065175
6116825 0.67896505
6114077 0.696259377
6109743 0.712869507
6107068 0.729264956
6104251 0.745485202
6100581 0.761516437
6095520 0.776755293
6090195 0.791889758
6087926 0.806704768
6086380 0.821456743
6082469 0.836257607
6081578 0.850430022
6072126 0.864248023
6071300 0.878251438
6070817 0.904734251
6070380 0.917586649
6067920 0.930254048
6067739 0.942746536
6067500 0.954916921
6066742 0.966844639
6066131 0.980405876
6064834 0.993898922
6064502 1.006470427
6064153 1.030721461
6063895 1.04169414
6063535 1.052331976
6063474 1.072282645
6063114 1.081861213
6063090 1.107727542
