53553839 96.811650
51474732 96.811671
51032002 96.811672
50416151 96.811674
50291553 96.811677
50276279 96.811679
50273511 96.811681
50185540 99.154279
50180503 101.475250
50178924 101.475255
49418714 101.475257
49404296 103.767774
49171939 106.053446
48812086 108.351288
48482064 110.642321
48475130 112.915691
47978960 115.187022
47842011 117.466386
47780142 117.466393
47604659 117.466396
46472139 119.717237
46464852 121.948978
46456152 124.198630
46452584 126.375402
46446008 128.593858
46218407 130.817585
46051122 130.817591
45992457 133.008757
45882815 133.008764
45874226 135.213191
45673764 137.415947
45616892 139.616030
45573384 141.821039
45471544 141.821045
44733678 144.019137
44729584 146.237662
44715728 148.452497
44710735 150.674774
44606028 150.674780
44291503 150.674782
44213154 152.861764
44171433 155.071370
44084329 155.071377
44039575 157.245736
43226829 157.245742
43215397 159.421583
43208668 161.550992
42910516 163.650487
42890624 165.755850
42595157 165.755857
42591376 167.839289
42589011 169.948536
42585407 172.014099
42583861 172.014104
42141746 174.102398
42138205 176.191024
42122235 178.253042
41797187 180.320629
41793538 182.392701
41771407 184.450369
41680733 186.504551
41579638 188.561993
41569166 190.595929
41558919 192.648413
41529702 194.697442
41521533 196.743901
41155356 196.743908
41151988 198.793951
40513175 200.789741
40511595 202.790213
40436923 204.768404
40435257 206.778088
40425074 208.771344
40407604 210.742567
40405907 212.732230
40402322 214.711833
40398701 216.681493
40394312 218.664969
40389727 220.609001
40367003 222.572613
40364052 224.544040
40116913 226.489212
40111380 228.456827
40106581 230.398331
39980228 230.398338
39965578 232.356573
39810057 234.295826
39752338 236.228680
39739689 238.176086
39682759 238.176093
39679025 240.105588
39539510 242.026289
39534546 243.949428
39528683 245.870282
39522946 247.772285
39512741 249.684691
39051540 249.684698
39050224 251.583984
39041696 253.507786
39025910 255.406306
39021005 257.292682
39008564 259.198109
39006928 261.086553
39004920 262.998666
38998473 264.890224
38988742 266.777497
38984057 268.653473
38973326 270.521364
38853864 272.429650
38850157 274.689361
38848413 276.550472
38847229 278.385387
38725897 280.248007
38723131 282.101721
38719043 283.968452
38712824 285.824020
38707586 287.668649
38701708 289.517593
38698922 291.359691
38693388 293.208513
38689367 295.071149
38669968 296.917561
38646551 298.757108
38563189 300.565010
38528958 302.391844
38527281 304.216933
38521972 306.019370
38517203 307.841905
38514427 309.655432
38513563 311.448533
38247311 311.448538
38245165 313.258983
38242058 315.058348
38197948 316.846182
38164057 318.646806
38097593 318.646812
38093533 320.443583
37743601 322.224745
37725416 324.022589
37724176 325.802221
37714832 327.590337
37564923 329.375451
37560878 331.168289
37490402 332.941865
37486836 334.738261
37484374 336.550013
37482672 338.312576
37474933 340.083436
37471726 341.844395
37209063 343.605381
37198026 345.374688
37191548 347.132927
37186779 348.859106
37180997 350.610904
37178040 352.361321
37175433 354.125961
37173935 355.878629
37043146 355.878634
37035471 357.613248
37032413 359.342089
37028522 361.101467
36994737 362.817353
36983206 364.550080
36982233 366.275133
36981276 368.018998
36978818 369.746276
36976709 371.446988
36976057 373.171174
36905976 374.899489
36904753 376.648877
36901354 378.375502
36898579 380.080451
36837928 381.794031
36804092 383.491153
36799052 385.209294
36790689 386.901161
36786693 388.605071
36779353 390.295294
36778125 392.008018
36675051 393.725038
36674061 395.436213
36663730 397.114598
36660363 398.790051
36656513 400.476451
36652449 402.171937
36648878 403.840597
36626499 405.521208
36623891 407.195069
36617468 408.890752
36615468 410.566994
36613333 412.247250
36611563 413.919334
36551847 415.586253
36548490 417.234290
36540547 418.906896
36525180 420.563026
36524137 422.231803
36521518 423.917697
36515403 425.573098
36509238 427.232576
36508299 428.902977
36472356 430.549387
36471119 432.217673
36470160 433.881126
36458508 433.881133
36455440 435.530961
36370149 437.194719
36365748 438.858973
36331918 440.519759
36328695 442.159778
36321051 443.801555
36318126 445.458257
36317169 447.110581
36314025 448.746171
36303877 450.375528
36301046 452.007319
36297718 453.623954
36287029 455.260585
36285269 456.896765
36282211 458.528213
36281575 460.165767
36274368 461.801440
36271460 463.424549
36270348 465.046924
36263648 466.672102
36260751 468.288562
36259521 469.919699
36223266 471.545611
36217768 473.182415
36215422 474.795126
36213294 476.403397
36212635 478.023199
36206654 479.637402
36205503 481.242370
36202279 482.875385
36199812 484.475805
36198961 484.475811
36148328 486.077847
36144854 487.675159
36143542 489.286874
36142987 490.899983
36140770 492.510468
36090992 492.510475
36038733 494.115686
36036244 495.720869
36030703 497.320719
36028613 498.919243
36026211 500.506793
36023386 502.099765
36020530 503.698104
36005937 505.280224
36001895 506.868775
35997342 508.446715
35915774 510.027018
35911426 511.593114
35903222 513.194113
35900813 514.775020
35886630 516.361626
35885828 517.953718
35883813 519.521817
35879980 521.110200
35879542 522.680700
35870148 524.241707
35865987 525.796866
35863133 527.370369
35861250 528.943513
35858736 530.495875
35856516 532.062677
35853819 533.630028
35853138 535.190981
35852031 536.751899
35851473 538.316663
35849403 539.885766
35847693 541.438746
35844947 543.017846
35842690 544.567897
35840971 546.141593
35840118 547.718894
35839257 549.257441
35793739 550.809652
35791538 552.352285
35776738 553.916005
35776627 555.453611
35768387 557.007645
35762408 558.552994
35757867 560.097182
35756181 561.649033
35741028 563.178769
35738566 564.720702
35734233 566.266467
35734008 567.805908
35733368 569.351226
35732511 570.900783
35731535 572.448600
35709511 574.001975
35708828 575.861497
35656198 575.861505
35651639 577.395664
35650072 578.938622
35649455 580.475898
35648833 582.014333
35646674 583.565159
35637906 585.097539
35627234 586.628349
35624551 588.174226
35621587 589.704625
35619557 591.236354
35612881 592.787969
35611951 594.309514
35611049 595.833629
35610878 597.362895
35605787 598.886575
35605427 600.411338
35598987 601.932212
35584347 603.460878
35582504 604.979795
35580755 606.493802
35579470 608.027936
35574135 609.556251
35555192 611.068273
35554784 612.582475
35548485 614.105139
35547002 615.620586
35541026 617.138247
35540797 618.667008
35539693 620.180841
35534060 621.705934
35533641 623.224914
35532927 624.745609
35528813 626.250163
35527823 627.758125
35526153 629.261684
35521538 630.760624
35520506 632.248230
35518272 632.248235
35469361 633.752164
35467337 635.238251
35464970 636.728619
35464487 638.225495
35461081 639.721164
35460529 641.202206
35458910 642.682361
35457371 644.179942
35456804 645.666225
35448040 647.161266
35444881 648.636823
35441350 650.116110
35439559 651.599802
35439407 653.075459
35437903 654.544338
35436314 656.022254
35436164 657.478317
35431470 658.959062
35429374 660.422763
35426399 661.914919
35424412 663.393112
35424108 664.868688
35422348 666.346255
35417466 667.808688
35417345 669.275876
35416961 670.753470
35416776 672.229989
35414463 673.699823
35412987 675.164179
35412353 676.614152
35410450 678.069112
35409708 679.524244
35408704 680.985429
35407048 682.453380
35403570 683.889469
35403292 685.345772
35402919 686.799748
35402076 688.262464
35400759 689.724310
35396462 691.201005
35394918 692.651432
35392798 694.102893
35383059 695.566828
35381730 697.013839
35379089 698.481714
35378938 699.916813
35377624 701.375920
35375092 702.824383
35372921 704.265392
35369918 705.719704
35368576 707.170242
35365343 708.618400
35362697 710.060512
35360909 711.503719
35359638 712.950186
35359155 714.400301
35358740 715.838737
35357514 717.269111
35355171 718.692191
35353626 720.133154
35350212 721.564031
35346979 722.994019
35343907 724.418841
35337944 725.875102
35335848 727.311773
35335063 728.736621
35334667 730.183276
35329758 730.183282
35327380 731.619184
35327056 733.048778
35326224 734.480021
35325548 735.928001
35323959 737.359457
35322194 738.770954
35316931 740.199817
35316468 741.631592
35311744 743.067040
35310733 744.488272
35309519 745.921623
35308365 747.346491
35308063 748.773745
35305238 750.186484
35304119 751.603493
35303810 753.023321
35303248 754.445140
35296183 754.445145
35295776 755.860612
35292212 757.285312
35292127 758.704741
35290027 760.112737
35288984 761.530598
35285264 762.937100
35283888 764.351659
35282382 765.764945
35281043 767.179618
35279335 768.594229
35278026 770.009558
35277200 771.419446
35276165 772.811628
35274535 774.226947
35274519 775.628659
35273760 777.027443
35272093 778.441832
35271662 779.849110
35271086 781.249625
35270781 782.660950
35270417 784.068509
35269105 785.465797
35268339 786.870145
35267530 788.276966
35262899 789.670850
35261385 791.084763
35260839 792.492819
35259315 793.890912
35258198 795.297170
35257284 796.712066
35255764 798.121374
35255509 799.518377
35254675 800.903561
35252404 802.294451
35251613 803.695579
35250674 805.088705
35250382 806.486621
35250344 807.874222
35249793 809.261714
35247161 810.666718
35245357 812.056624
35245314 813.437671
35245075 814.827279
35244647 816.203715
35241488 817.598345
35239943 818.977682
35239371 820.365720
35238153 821.763303
35237139 823.153418
35236926 824.518542
35236451 825.892888
35235544 827.268260
35234509 828.643472
35231983 830.021891
35231603 831.415789
35227974 832.806056
35227177 834.178626
35225871 835.559023
35225690 836.933209
35225607 838.310095
35224566 838.310103
35223800 839.682101
35223764 839.682107
35223421 841.076029
35223003 841.076035
35222589 842.460985
35221218 842.460991
35219457 843.835870
35219125 845.212817
35217975 846.576598
35216703 847.935331
35214895 849.306117
35211558 850.677653
35205290 852.054314
35204940 853.430477
35204729 854.800225
35202575 856.162100
35202271 857.523801
35201830 858.919644
35199322 860.303488
35198538 861.672934
35195661 863.046382
35193773 864.414880
35193096 865.788092
35192939 867.158114
35192761 868.517181
35192194 869.883229
35191088 871.253995
35185875 872.608984
35185683 873.974435
35184591 875.325991
35184228 876.908889
35184009 878.385377
35183323 879.759134
35181614 881.129952
35179713 882.506768
35179497 883.885596
35178509 885.251093
35177012 886.623591
35175804 888.013800
35175239 889.395261
35174913 890.782901
35173294 892.164247
35170963 893.543057
35170782 894.920209
35169590 896.296275
35169540 897.664438
35168217 899.036319
35157339 900.411148
35156654 901.777771
35156527 903.151500
35156250 904.523964
35155998 905.888855
35155888 907.270712
35155714 908.651437
35154793 910.031477
35154579 911.392716
35154049 912.765272
35153922 914.146776
35153921 915.501667
35152749 916.869710
35151203 918.242712
35151099 919.604549
35149669 920.977571
35149211 922.353065
35148837 923.728063
35147038 925.091106
35144634 926.460198
35142682 927.822134
35142567 929.180254
35142059 930.544744
35140087 931.908299
35138459 933.274810
35138419 934.638589
35138382 936.006831
35133501 937.352625
35131783 938.735374
35131053 940.090797
35130775 941.445728
35130396 942.802275
35130180 944.159993
35129872 945.533284
35129493 946.887867
35128279 948.243584
35127619 949.614131
35127246 950.964792
35127051 952.319188
35126128 953.688260
35126118 955.044444
35125492 956.393522
35125471 957.728013
35125098 959.088639
35123916 960.443229
35123830 961.797742
35123123 963.152120
35121402 964.503293
35120352 965.835178
35119796 967.183375
35119733 968.541271
35118900 969.892633
35117274 971.260013
35116657 972.614005
35115444 973.944365
35113688 975.298970
35113486 976.628816
35112739 977.969311
35111104 979.334421
35110670 980.683546
35110105 982.030273
35109360 983.391827
35108840 984.744123
35108694 986.091006
35108688 987.433803
35106081 988.776205
35105527 990.116142
35104037 991.453183
35102945 992.793155
35100516 994.126911
35098387 995.463937
35097888 996.799167
35097817 998.148085
35095861 999.476451
35094984 999.476456
35094586 1000.814837
35090029 1002.151077
35089833 1003.492746
35088934 1004.823641
35088176 1006.166460
35087995 1007.499565
35087540 1008.841593
35086349 1010.191512
35085976 1011.521128
35085911 1012.858144
35082201 1014.186502
35078864 1015.525774
35078816 1016.846906
35077897 1018.169579
35077776 1019.501690
35077600 1020.834514
35077162 1022.161357
35076948 1023.491640
35074839 1024.819917
35074820 1026.156282
35073746 1027.484455
35072884 1028.822164
35071048 1030.147528
35069771 1031.474000
35069742 1032.799347
35068360 1034.125220
35060586 1035.447003
35060541 1036.772927
35058382 1038.109738
35058294 1039.447668
35058131 1040.778106
35057303 1042.106026
35057260 1043.419335
35054476 1044.746182
35054324 1046.083772
35053986 1047.418113
35052661 1048.756665
35051509 1050.128454
35050980 1051.511586
35045848 1052.896085
35044956 1054.268111
35044138 1055.643187
35042651 1057.007192
35042099 1058.381543
35042007 1059.709730
35036288 1061.031472
35035812 1062.354443
35035474 1063.665879
35035345 1064.972306
35034391 1066.289754
35034339 1067.602435
35033491 1068.917925
35032529 1070.231149
35029729 1071.533024
35029190 1072.866368
35028789 1074.182552
35028273 1075.497279
35025448 1076.817823
35025427 1078.132711
35023361 1079.428682
35023296 1080.750975
35022419 1082.070339
35021854 1083.374503
35020669 1084.690685
35019771 1086.008696
35019495 1087.322877
35019042 1088.637417
35017577 1089.952155
35016765 1091.257942
35016323 1092.571287
35015658 1093.889233
35014905 1095.206529
35014854 1096.512012
35013817 1097.817160
35013663 1099.118681
35013448 1100.432763
35013446 1101.741375
35011481 1103.048484
35010561 1104.366884
35010374 1105.676829
35008678 1106.978985
35008267 1108.288505
35008167 1109.597574
35006529 1110.902354
35004133 1112.196917
34998752 1113.499794
34997816 1114.793176
34997187 1116.095747
34995964 1117.401375
34995745 1118.701724
34995162 1119.996610
34994659 1121.301944
34994223 1122.602273
34993444 1123.912838
34992466 1125.223177
34992030 1126.528257
34991759 1127.827499
34991360 1129.139175
34991155 1130.439050
34990937 1131.726057
34990421 1133.026879
34989794 1134.331527
34989466 1135.639157
34988061 1136.938830
34987089 1138.242980
34986922 1139.549674
34984145 1139.549680
34984123 1140.852132
34984118 1142.148709
34983743 1143.453607
34983424 1144.745497
34982764 1144.745502
34982554 1146.038584
34981259 1147.344599
34980926 1148.649642
34980854 1149.944305
34980804 1151.234082
34980582 1152.531590
34979988 1153.815955
34979837 1155.114731
34979738 1156.396739
34979640 1156.396744
34979314 1157.689805
34978687 1158.981242
34977657 1158.981247
34977489 1160.279340
34977144 1160.279345
34975688 1161.574039
34975673 1162.871289
34975495 1164.157788
34971608 1165.447042
34971433 1166.752255
34962120 1168.036918
34961901 1169.333219
34961456 1170.618727
34957511 1171.904964
34955806 1173.196456
34955781 1174.487767
34955534 1175.790251
34955255 1177.087780
34954678 1178.678732
34953949 1180.014531
34953816 1181.300753
34953063 1182.593214
34952509 1183.877306
34950562 1185.154754
34949480 1186.445839
34948576 1187.721962
34948269 1189.016821
34948156 1190.310831
34947555 1191.647047
34947542 1192.974692
34946929 1194.300627
34946696 1195.622409
34945354 1196.945780
34944251 1198.273696
34942533 1199.606240
34941483 1200.922925
34940465 1202.242172
34938728 1203.591310
34938633 1204.904128
34937993 1206.193316
34937361 1207.482694
34930199 1208.773987
34927997 1210.058956
34927961 1211.324624
34927084 1212.603985
34927062 1213.887238
34926758 1215.168311
34926349 1216.456222
34925670 1217.743915
34925623 1219.021144
34925615 1220.300018
34925005 1221.566549
34923841 1222.856099
34918445 1224.165855
34917036 1225.446393
34916941 1226.735743
34914813 1228.028464
34914370 1229.318819
34914247 1230.609653
34914047 1231.913439
34912758 1233.185272
34912272 1234.465375
34911859 1235.753404
34911795 1237.023919
34911704 1238.304100
34911622 1239.595335
34911366 1240.872606
34911238 1242.159605
34911055 1243.436198
34910923 1244.720269
34909418 1245.999183
34907766 1247.255913
34907583 1248.535111
34906780 1249.809236
34905270 1251.088169
34905184 1252.378135
34905012 1253.648421
34904717 1254.927680
34904638 1256.200862
34904517 1257.490356
34903634 1258.760920
34903355 1260.034456
34899142 1261.317883
34894621 1262.605668
34894565 1263.882694
34893707 1265.159955
34893502 1266.435155
34893294 1267.708893
34893264 1267.708899
34892595 1268.966586
34892529 1270.246557
34892309 1270.246564
34892199 1271.525929
34892036 1271.525935
34891982 1272.795008
34891647 1274.085340
34890319 1274.085347
34886695 1275.367427
34884976 1276.643320
34884962 1277.915607
34881922 1279.198608
34881369 1280.471944
34881257 1281.750882
34880490 1283.021471
34880188 1284.318425
34878928 1285.592739
34878716 1286.858848
34878571 1288.133084
34878135 1289.412105
34877767 1290.701392
34877515 1290.701397
34876736 1291.976039
34876233 1293.241099
34875024 1293.241106
34874734 1294.521402
34873706 1295.789749
34873475 1297.056003
34872786 1298.328730
34871484 1298.328736
34869853 1299.597707
34867846 1300.883563
34867671 1302.160525
34867340 1303.429055
34866593 1304.711868
34866083 1305.997310
34859828 1307.291103
34856317 1308.589232
34855864 1309.867780
34850168 1311.168497
34850110 1312.472364
34849298 1313.773369
34849281 1315.073985
34848282 1316.374218
34847030 1317.674803
34840677 1318.977450
34840419 1320.279351
34840002 1321.579450
34836995 1322.872533
34833235 1324.173957
34830546 1325.469410
34830167 1326.775344
34829189 1328.069822
34828074 1329.358114
34827518 1330.668161
34827242 1331.967336
34827178 1333.275308
34825512 1334.575875
34825505 1335.884505
34819432 1337.177824
34818843 1338.473410
34817154 1339.764142
34816490 1341.059987
34816359 1342.367044
34816338 1343.655442
34814072 1344.953699
34814044 1346.265847
34812312 1347.566179
34812282 1348.858117
34811519 1350.157450
34811346 1351.471091
34810527 1352.768823
34809141 1354.066189
34808854 1355.358618
34806720 1356.648798
34805763 1357.944492
34805533 1359.220904
34804994 1360.494269
34803726 1361.753814
34802895 1363.029118
34801997 1364.309043
34801023 1365.600404
34799466 1366.835099
34798852 1368.065405
34798814 1369.287725
34797763 1370.511092
34797634 1371.739255
34797628 1372.969663
34795384 1374.198496
34795271 1375.433817
34795262 1376.669901
34794750 1377.889376
34792799 1379.118878
34792669 1380.362519
34792646 1381.585938
34792216 1381.585945
34791477 1382.820761
34789803 1384.049397
34789640 1385.280392
34789102 1385.280397
34782629 1386.518505
34782139 1387.742427
34781834 1388.972650
34781458 1390.196279
34779282 1391.425197
34779240 1392.642853
34776883 1393.867979
34776632 1395.092712
34776616 1396.309801
34774207 1397.541016
34773772 1398.777360
34773098 1399.995161
34772960 1401.230558
34772593 1402.455666
34772003 1403.690404
34771964 1404.916316
34771606 1404.916322
34771155 1406.147284
34768168 1407.385966
34767739 1408.609007
34766972 1408.609013
34762500 1409.837680
34758223 1411.067580
34757261 1412.299959
34757241 1413.533976
34757090 1414.764398
34756930 1416.001624
34754993 1417.224681
34754653 1418.452991
34754201 1419.690757
34754132 1420.916903
34752171 1422.135140
34749195 1423.373413
34748083 1424.602855
34746685 1425.842458
34746426 1427.065316
34745711 1428.296574
34745668 1429.519863
34745042 1430.741738
34744736 1430.741745
34744680 1431.960742
34744258 1433.182865
34742218 1434.412575
34741871 1435.635995
34740746 1436.860715
34740494 1438.088162
34740064 1438.088169
34738723 1439.313901
34736726 1440.546417
34736290 1441.766760
34735163 1442.994632
34733556 1444.233111
34732650 1445.466062
34732551 1446.702755
34732252 1447.928836
34732189 1449.162286
34731040 1449.162292
34730413 1450.392073
34726889 1451.621956
34726789 1452.843939
34726598 1454.069943
34725654 1455.294261
34725653 1456.526189
34725404 1457.753618
34724794 1458.976543
34724301 1460.202654
34721366 1460.202660
34720981 1461.427138
34720912 1462.646544
34720653 1463.870407
34720000 1465.092845
34719676 1466.315774
34719670 1467.542496
34718490 1468.775039
34718407 1470.011333
34717701 1471.236190
34717370 1472.465076
34717107 1473.693261
34716738 1474.919625
34716440 1476.143708
34715883 1477.368100
34715246 1478.602137
34714652 1478.602143
34714512 1480.010428
34714275 1480.010437
34712719 1481.399662
34712256 1482.652152
34709923 1483.893467
34708589 1485.135998
34707475 1486.378405
34705676 1487.631484
34705043 1488.874292
34704586 1490.107005
34703970 1491.357135
34703648 1492.601390
34702689 1492.601396
34702245 1493.841821
34702040 1493.841827
34701772 1495.095107
34701771 1496.348788
34701092 1496.348794
34699588 1497.593347
34698373 1497.593354
34698029 1498.858040
34697106 1500.090654
34696796 1501.329550
34695106 1501.329556
34694281 1502.576418
34692837 1503.829739
34691860 1505.071473
34691241 1506.317681
34687684 1507.567539
34683660 1508.819634
34683356 1510.072429
34681374 1511.342738
34680333 1512.631864
34680283 1513.888929
34679780 1515.132291
34679487 1516.376254
34677327 1517.625860
34677268 1518.883112
34677165 1520.127883
34677090 1521.379156
34677025 1522.625722
34676882 1523.868014
34676741 1525.105712
34676570 1526.337965
34672814 1527.584920
34671423 1528.826236
34668521 1530.065686
34668136 1531.309818
34667527 1532.552309
34661802 1533.801289
34657196 1535.059781
34655963 1536.301815
34654195 1537.547470
34653680 1538.794042
34653401 1540.050370
34653240 1541.299003
34652658 1542.549956
34651673 1543.798096
34650409 1545.048530
34650216 1546.299422
34649798 1547.549924
34649446 1548.795248
34649109 1550.025384
34648915 1551.276043
34647383 1552.524538
34646490 1553.775471
34643255 1555.027858
34642945 1556.268016
34641240 1557.517876
34641077 1558.775987
34640077 1560.020566
34639650 1561.273790
34636570 1562.521409
34636543 1563.768735
34635254 1565.015297
34634215 1566.248650
34633914 1567.487627
34629901 1568.740980
34628387 1569.994378
34625872 1571.238399
34625753 1572.497160
34624734 1573.745131
34624647 1574.996330
34623541 1576.240722
34623323 1577.480919
34623172 1578.723512
34622980 1579.969199
34622801 1581.212412
34621613 1582.464157
34620217 1582.464161
34620127 1583.706782
34620062 1584.951684
34618055 1584.951691
34617868 1586.192006
34616621 1587.437918
34616612 1588.692114
34616298 1588.692119
34612995 1588.692122
34608725 1589.943562
34608698 1591.191262
34608554 1592.448216
34608530 1593.703281
34608156 1594.947859
34607308 1596.193216
34606446 1597.437833
34605671 1598.699452
34604425 1599.948263
34604332 1601.195424
34604190 1602.436348
34602081 1603.675062
34601941 1604.926935
34601890 1606.176108
34600657 1607.422984
34599592 1608.676316
34597842 1609.916475
34597262 1611.169721
34590969 1612.423373
34589129 1613.665278
34580659 1614.915275
34580123 1616.163199
34577224 1617.394008
34573597 1618.646677
34573202 1619.893271
34572909 1621.145863
34572795 1622.385245
34572734 1623.632277
34571597 1624.875457
34571322 1626.141825
34570487 1627.388838
34569981 1628.641895
34569485 1629.897160
34568871 1631.137460
34568763 1632.393642
34568226 1633.655175
34567377 1634.913198
34566669 1636.157334
34566256 1637.406541
34565207 1638.651845
34564647 1639.897776
34563021 1639.897782
34562453 1641.147485
34561964 1642.401363
34561209 1642.401371
34559915 1643.652917
34559804 1644.904213
34559026 1646.151416
34558611 1647.395321
34558489 1648.654061
34554711 1648.654069
34553932 1649.893417
34551873 1651.136551
34551727 1652.389526
34551187 1653.640536
34550766 1654.893813
34548507 1656.145832
34534773 1657.394091
34533978 1658.642378
34532574 1659.897302
34531524 1661.139729
34530341 1662.380453
34530087 1663.645380
34528561 1664.894892
34525259 1666.147248
34525244 1667.388733
34524001 1668.645356
34523705 1669.891141
34522568 1671.145954
34513168 1672.402319
34511791 1673.659887
34510688 1674.919411
34509745 1676.173024
34509465 1677.433850
34507625 1678.677065
34505780 1679.925747
34503371 1681.164696
34500120 1682.433475
34500107 1683.682659
34496728 1684.919947
34496296 1686.167487
34495631 1687.430706
34495353 1688.679960
34495269 1689.937735
34495078 1691.197537
34494933 1692.438651
34493910 1693.692977
34492946 1694.946438
34490253 1696.208649
34489264 1697.458967
34487319 1698.721160
34486622 1699.968765
34485325 1701.230114
34485028 1702.474563
34484556 1703.729858
34481417 1704.996229
34473619 1706.256729
34473129 1707.504283
34470072 1708.760828
34468952 1710.009332
34466400 1711.251750
34466290 1712.517843
34465109 1713.773464
34464874 1715.025854
34464841 1716.278215
34462453 1717.528261
34459728 1718.787030
34459701 1720.050632
34459486 1721.300921
34458840 1722.554081
34458631 1723.802326
34458300 1725.049890
34456263 1726.299986
34453971 1727.558697
34453805 1728.815108
34450014 1730.077686
34449143 1731.345731
34447145 1732.615694
34445604 1733.868591
34445193 1735.124910
34444600 1736.379760
34444478 1737.641027
34443596 1738.886470
34442660 1740.144664
34442658 1741.405012
34439962 1742.677385
34437939 1743.930074
34437898 1745.178679
34437678 1746.441089
34436962 1747.686425
34436742 1748.949116
34435772 1750.211661
34435642 1751.470388
34434317 1752.733238
34433163 1753.983790
34430801 1755.235033
34430568 1756.492621
34429871 1757.750608
34429486 1759.007364
34428368 1760.265199
34427213 1761.534912
34426505 1762.805581
34425932 1764.062289
34424528 1765.330967
34423550 1766.586213
34422353 1767.834420
34419125 1769.085096
34417142 1770.342877
34416420 1771.598296
34416293 1772.849177
34413275 1774.109787
34410040 1775.362993
34409976 1776.611090
34406927 1777.851497
34405373 1779.111907
34403677 1780.361998
34401597 1781.826639
34401510 1783.192480
34399660 1784.478664
34399440 1785.765085
34398194 1787.044289
34396509 1788.324634
34396195 1789.609304
34395308 1790.878089
34393674 1792.155861
34390981 1793.439849
34390159 1794.711852
34389437 1795.989888
34386505 1797.272180
34384760 1798.560958
34381889 1799.846518
34381641 1801.109435
34381505 1802.392806
34381453 1803.679155
34381176 1804.994501
34380440 1806.262910
34380239 1807.533734
34376710 1808.815792
34376624 1810.091007
34372615 1811.370658
34371944 1812.655528
34371668 1813.931681
34367591 1815.204512
34366783 1816.482716
34366727 1817.761370
34364562 1819.033189
34364534 1820.316878
34363251 1821.588348
34362212 1822.856070
34361461 1824.115986
34360903 1825.405290
34359216 1826.685279
34357900 1827.978607
34357101 1829.249372
34356944 1830.539329
34355053 1831.809754
34354520 1833.079503
34354153 1834.360483
34353992 1835.662907
34353861 1836.941507
34353029 1838.215086
34352472 1839.496367
34352440 1840.762839
34350566 1842.036011
34350514 1843.308701
34350248 1844.610803
34349216 1845.889695
34348391 1847.162730
34348105 1848.440273
34347088 1849.732254
34346971 1851.010558
34344762 1852.299580
34342751 1853.572725
34339959 1854.849507
34338563 1856.135312
34338484 1857.417385
34337691 1858.703549
34337576 1859.984662
34335378 1861.272754
34332562 1862.556849
34329809 1863.835939
34329763 1865.113977
34329729 1866.394330
34329659 1867.679271
34328618 1868.961586
34328509 1870.262641
34328373 1871.543338
34327198 1872.842366
34326402 1874.138083
34326210 1875.431553
34325428 1876.722209
34323834 1878.007016
34321746 1879.296865
34321695 1880.579100
34321221 1881.858790
34319324 1883.138609
34318730 1884.441326
34318059 1885.732312
34317343 1887.021435
34315545 1888.314157
34314553 1889.614526
34313268 1890.902378
34310689 1892.177849
34310677 1893.467833
34310373 1894.766881
34308879 1896.055799
34306730 1897.340018
34305364 1898.632575
34303114 1899.912367
34301365 1901.200967
34301016 1902.468612
34300885 1903.759266
34298140 1905.059941
34298068 1906.350755
34294010 1907.637359
34293120 1908.923253
34290085 1910.212975
34289244 1911.511272
34288864 1912.780948
34288354 1914.064263
34287754 1915.346168
34286305 1916.642653
34284817 1917.921102
34284072 1919.210118
34282624 1920.509584
34281764 1921.801885
34281399 1923.080386
34280561 1924.364276
34279648 1925.656424
34279032 1926.948271
34275856 1928.238704
34275175 1929.534257
34273517 1930.830351
34269852 1932.123741
34269771 1933.408171
34268527 1934.704213
34265202 1936.003476
34264582 1937.292738
34262887 1938.605893
34262644 1939.907065
34261927 1941.211926
34260044 1942.501721
34258179 1943.798125
34256763 1945.097539
34255492 1946.390778
34254845 1947.694304
34254376 1948.985659
34254087 1950.272397
34253415 1951.569285
34251604 1952.850160
34249930 1954.129949
34248970 1955.426091
34247964 1956.722071
34245036 1957.998562
34243837 1959.299595
34242449 1960.624228
34241763 1961.947934
34240021 1963.262845
34236799 1964.554557
34236049 1965.836774
34235857 1967.118845
34235292 1968.406297
34233795 1969.679501
34233072 1970.969692
34232898 1972.262938
34231371 1973.555112
34231344 1974.842570
34231133 1976.136522
34228620 1977.429583
34226363 1978.725891
34225571 1980.018691
34224576 1981.312991
34224105 1982.595223
34220511 1983.879615
34219978 1985.173592
34218488 1986.478795
34218208 1987.782228
34217521 1989.074136
34215523 1990.373817
34213503 1991.681851
34212841 1992.971005
34209937 1994.260366
34209284 1995.546657
34207116 1996.840991
34206717 1998.130792
34204764 1999.419991
34204616 2000.717156
34200891 2002.021388
34200290 2003.319732
34199862 2004.610942
34195637 2005.905193
34194140 2007.196318
34191425 2008.481654
34188539 2009.786199
34186642 2011.088715
34185471 2012.384954
34184524 2013.686899
34184157 2014.983727
34184144 2016.289209
34181341 2017.579213
34179412 2018.883459
34178384 2020.186362
34177439 2021.492870
34177008 2022.797653
34175192 2024.087274
34173489 2025.372873
34173146 2026.678233
34172980 2027.965839
34171402 2029.252826
34170704 2030.556206
34169823 2031.865426
34168820 2033.160415
34167073 2034.471151
34166884 2035.778424
34165588 2037.099738
34163468 2038.418107
34161713 2039.732913
34160331 2041.046976
34159442 2042.337584
34158519 2043.632425
34158256 2044.924202
34157184 2046.233003
34154304 2047.536103
34153576 2048.842780
34153493 2050.156551
34150650 2051.473141
34150007 2052.759382
34149736 2054.065857
34149276 2055.382386
34147289 2056.690924
34146846 2057.995328
34146270 2059.294261
34144675 2060.603941
34144525 2061.897903
34143836 2063.211680
34143690 2064.523548
34140267 2065.826179
34139796 2067.123921
34138567 2068.425630
34138288 2069.735755
34138174 2071.051637
34136922 2072.366802
34132563 2073.687071
34132429 2075.006107
34128920 2076.328372
34126457 2077.636017
34126278 2078.953062
34126187 2080.276547
34123659 2081.590863
34121754 2083.053224
34120618 2084.515719
34117233 2085.833019
34117121 2087.147415
34116067 2088.473839
34115542 2089.787287
34115337 2091.111300
34115151 2092.422763
34113921 2093.736085
34111990 2095.054597
34110902 2096.383329
34110704 2097.710617
34108778 2099.026855
34106101 2100.342044
34106083 2101.662443
34103297 2102.977881
34102813 2104.299754
34101250 2105.599073
34100341 2106.929015
34099821 2108.235144
34099310 2109.555144
34097292 2110.858819
34095908 2112.166846
34095693 2113.482865
34094707 2114.802627
34093160 2116.116146
34092420 2117.451030
34092045 2118.766618
34090671 2120.095751
34090375 2121.403932
34089415 2122.718684
34088901 2124.027795
34087691 2125.348282
34086844 2126.672952
34086001 2127.993371
34084159 2129.311708
34084137 2130.632145
34083983 2131.943754
34080616 2133.251145
34079664 2134.583034
34078364 2135.904091
34077496 2137.218208
34076866 2138.537277
34076236 2139.850216
34076088 2141.169119
34075395 2142.481943
34074882 2143.794835
34073694 2145.131633
34073123 2146.452280
34072861 2147.784623
34072753 2149.112181
34072517 2150.445195
34071616 2151.770115
34070095 2153.097182
34069893 2154.423898
34067528 2155.749688
34065475 2157.081262
34065082 2158.415147
34064661 2159.742149
34063976 2161.062348
34061834 2162.377656
34060810 2163.702405
34060738 2165.030829
34060084 2166.360709
34060083 2167.687915
34058603 2169.025095
34058131 2170.358920
34057715 2171.678354
34056091 2173.004192
34055999 2174.346550
34055038 2175.687943
34053977 2175.687948
34051371 2177.032090
34050864 2178.395411
34050262 2179.773909
34047650 2181.145474
34047337 2182.513439
34047313 2183.897594
34047074 2185.261808
34046446 2186.628425
34046250 2186.628432
34044357 2188.001188
34043346 2189.376819
34042450 2190.762133
34041769 2190.762139
34041711 2192.136620
34040509 2193.506019
34040505 2194.853629
34040287 2194.853636
34039376 2196.183163
34037474 2197.512613
34037410 2197.512619
34036677 2198.847811
34036210 2198.847817
34035717 2200.187827
34035092 2201.539274
34029254 2201.539280
34024299 2202.868580
34020279 2204.211071
34018756 2205.555679
34013968 2206.893476
34013867 2208.223220
34010951 2209.545433
34009807 2210.880067
34009550 2212.224594
34009399 2213.566407
34006238 2214.888566
34005017 2216.215212
34004220 2217.557308
34003970 2218.901664
34002797 2220.237156
34001683 2221.574861
34001068 2222.934261
34000324 2224.269713
33999042 2225.600317
33997410 2226.949298
33996519 2228.287846
33995376 2229.619952
33995267 2230.980706
33995041 2232.328769
33993398 2233.676207
33993026 2235.022500
33990554 2236.376280
33990525 2237.721633
33990239 2239.051788
33988284 2240.405593
33987842 2241.742975
33987763 2243.078991
33986964 2244.419239
33986113 2245.764767
33985261 2247.113211
33984381 2248.451491
33983973 2249.802423
33983786 2251.157069
33981957 2252.510886
33978296 2253.863198
33977767 2255.206557
33976707 2256.556332
33972944 2257.914340
33971395 2259.265817
33969533 2260.626593
33968726 2261.990662
33966991 2263.336922
33965904 2264.675895
33965698 2266.034443
33964662 2267.392935
33963541 2268.748792
33962308 2270.099165
33961168 2271.458581
33960250 2272.819763
33958693 2274.170903
33953458 2275.529819
33951805 2276.904385
33951059 2278.277452
33949835 2279.639752
33949605 2280.989111
33947083 2282.356986
33945179 2283.718543
33944996 2285.062218
33940765 2286.421933
33938236 2287.795524
33937281 2289.156775
33936961 2290.505010
33936859 2291.857699
33936159 2293.205323
33933519 2294.568140
33932498 2295.924222
33931792 2297.284735
33931168 2298.666978
33930386 2300.031250
33929063 2301.393748
33924308 2302.753424
33923798 2304.124412
33922322 2305.488476
33919100 2306.844223
33917578 2308.216109
33917220 2309.602643
33916244 2310.963552
33915693 2312.322834
33915084 2313.694215
33911365 2315.063969
33911077 2316.442267
33910693 2317.812207
33910118 2319.192314
33909779 2320.549409
33907942 2321.925011
33906448 2323.301300
33905118 2324.670943
33903233 2326.048822
33901104 2327.414293
33900951 2328.803954
33900713 2330.177502
33899945 2331.547703
33898629 2332.917199
33898524 2334.293649
33897256 2335.661660
33896221 2337.018157
33896098 2338.379812
33895801 2339.745879
33895597 2341.117592
33893655 2342.491508
33893039 2343.863565
33892838 2345.251289
33891918 2346.632897
33890348 2348.012740
33889671 2349.383018
33888116 2350.759200
33886728 2352.145089
33885938 2353.521274
33885855 2354.903245
33885328 2356.274124
33883839 2357.668414
33883414 2359.057623
33880650 2360.442196
33880282 2361.833303
33878825 2363.223654
33877342 2364.603789
33876339 2365.989001
33876307 2367.370199
33875588 2368.754573
33874709 2370.147112
33874544 2371.526039
33873167 2372.915200
33872616 2374.283607
33871685 2375.679253
33870699 2377.080087
33870154 2378.464516
33870030 2379.856388
33868739 2381.262422
33866416 2382.679108
33866077 2384.225000
33861610 2385.864056
33860749 2387.260743
33858945 2388.675848
33858153 2390.074650
33858045 2391.488686
33857720 2392.889089
33856689 2394.272804
33855670 2395.670901
33855550 2397.073636
33855275 2398.448882
33854281 2399.847828
33853522 2401.239912
33852519 2402.635966
33852440 2404.035497
33851990 2405.433767
33850109 2406.834442
33849665 2408.232733
33848136 2409.619351
33847148 2411.007462
33845400 2412.421112
33844628 2413.816964
33844449 2415.206913
33843109 2416.609491
33841418 2418.006417
33841389 2419.411378
33840579 2420.791259
33840459 2422.197014
33838822 2423.593347
33838332 2424.996743
33837663 2426.386499
33837300 2427.785650
33836398 2429.213674
33835357 2430.616034
33834448 2432.020170
33834272 2433.433436
33834244 2434.833648
33833983 2436.243941
33832359 2437.655045
33831165 2439.059973
33830411 2440.475061
33829951 2441.883683
33829126 2443.284093
33827724 2444.687448
33825951 2446.101334
33825101 2447.508214
33824611 2448.920810
33823150 2450.325887
33823065 2450.325895
33822411 2451.736991
33822092 2451.736999
33821753 2453.156956
33820079 2453.156963
33819906 2454.577283
33819883 2455.999718
33819599 2455.999725
33818942 2457.418797
33818479 2457.418805
33817889 2458.847880
33816768 2458.847888
33814692 2460.264287
33814311 2461.692440
33813593 2463.116270
33812590 2464.538832
33812231 2465.961580
33811521 2467.376398
33810313 2468.781812
33809078 2470.197230
33807883 2471.631405
33807250 2473.053313
33806877 2474.475743
33805704 2475.917886
33804402 2477.339742
33803694 2478.759075
33803242 2480.175147
33803220 2481.584698
33802183 2481.584706
33800167 2483.006702
33799907 2484.436267
33799764 2485.872462
33799664 2485.872470
33798030 2487.301200
33796183 2488.730366
33794927 2490.152499
33794276 2491.576212
33792951 2492.999093
33792159 2494.430672
33791775 2495.862989
33791755 2497.290810
33789026 2498.710639
33788081 2500.152222
33787389 2501.575311
33787191 2502.992191
33786394 2504.425392
33786166 2505.848708
33785279 2507.287533
33784813 2508.721663
33783648 2510.158813
33782168 2510.158820
33781412 2511.592582
33780438 2511.592591
33780122 2513.018670
33779688 2514.453073
33779116 2515.886741
33777750 2517.319729
33777152 2518.756348
33777013 2518.756356
33768710 2520.194403
33767910 2521.631655
33766738 2523.085114
33765611 2524.540097
33764988 2526.024419
33764907 2527.515930
33763568 2529.001334
33762247 2530.500341
33758707 2532.004113
33754008 2533.495224
33753236 2535.011915
33753043 2536.510175
33752437 2538.002292
33751460 2539.500082
33748989 2541.001056
33747924 2542.484921
33747126 2543.968429
33745903 2545.463407
33745247 2546.964526
33744377 2548.451147
33741675 2549.913040
33740712 2551.349082
33738781 2552.789607
33737489 2554.232843
33737287 2555.690244
33736153 2557.137724
33732107 2558.592210
33731572 2560.044535
33729971 2561.501233
33729769 2562.946992
33729212 2564.410240
33727307 2565.857243
33723986 2567.313773
33722530 2568.782063
33720850 2570.240586
33718962 2571.704532
33718721 2573.168220
33717996 2574.628679
33717538 2576.110379
33717527 2577.564830
33717184 2579.029760
33715165 2580.486841
33714332 2581.957121
33712095 2583.422443
33711052 2584.876314
33707981 2586.327513
33707472 2587.783713
33706218 2589.262259
33705140 2590.724335
33704997 2592.185876
33704183 2593.636552
33703708 2595.090740
33701808 2596.540804
33700957 2598.001383
33699981 2599.472192
33699814 2600.930233
33699388 2602.397443
33697864 2603.861611
33697546 2605.333988
33696640 2606.796523
33696126 2608.265554
33695827 2609.721117
33695031 2611.184586
33694332 2612.666368
33693930 2614.139091
33693461 2615.628353
33692910 2617.105945
33691639 2618.574316
33691596 2620.053197
33691356 2621.525169
33690571 2622.981372
33690371 2624.454689
33689270 2625.935565
33688605 2627.427877
33687899 2628.892099
33687094 2630.387655
33686544 2631.858236
33685550 2633.357011
33684994 2634.842222
33684701 2636.348512
33684476 2637.831550
33683756 2639.296921
33679934 2640.770812
33679400 2642.248209
33679094 2643.724853
33676855 2645.228754
33673933 2646.716669
33673649 2648.184942
33671914 2649.677192
33671906 2651.163249
33670818 2652.649516
33669261 2654.132383
33668933 2655.616182
33667547 2657.100293
33666359 2658.603885
33665863 2660.107933
33663559 2661.604419
33662368 2663.091848
33660933 2664.580960
33659631 2666.072667
33656836 2667.566526
33656340 2669.062449
33654426 2670.566149
33654404 2672.057150
33652857 2673.542176
33651421 2675.039263
33650590 2676.548984
33648923 2678.053607
33648368 2679.543216
33647291 2681.051507
33643023 2682.559805
33641903 2684.052011
33641374 2685.555742
33640855 2687.461349
33640811 2688.963885
33639448 2690.457379
33639422 2691.952676
33637295 2693.436337
33637238 2694.913613
33636619 2696.403590
33635635 2697.916137
33634814 2699.413397
33634745 2700.895355
33633749 2702.394430
33632916 2703.893301
33632013 2705.405436
33631960 2706.902777
33631765 2708.396420
33631752 2709.898531
33631462 2711.387357
33631269 2712.892947
33630669 2714.382486
33629346 2715.881534
33629218 2717.380769
33628896 2718.890043
33628548 2720.397062
33627357 2721.905268
33626900 2723.409799
33626678 2724.915023
33626022 2726.429767
33625929 2727.930236
33624751 2729.426563
33624499 2730.939142
33624178 2732.446909
33623686 2732.446917
33621092 2733.961142
33620902 2733.961149
33619684 2735.476613
33619076 2736.994688
33618902 2738.494063
33618248 2738.494071
33618027 2740.009353
33617489 2741.527952
33616063 2743.042819
33615323 2744.562775
33614337 2746.076345
33613190 2747.590142
33612505 2749.099014
33611153 2750.620855
33610814 2752.129537
33610326 2753.654811
33609798 2755.184227
33608962 2756.716586
33608228 2758.223077
33608188 2759.729320
33607690 2759.729328
33607591 2761.237699
33607550 2762.761830
33606536 2762.761838
33606031 2764.293758
33604532 2765.828572
33603956 2767.361655
33603661 2768.902749
33603425 2770.437127
33603264 2770.437134
33602830 2771.966286
33602454 2773.496298
33601813 2773.496306
33601766 2775.048018
33600976 2775.048026
33600275 2776.593877
33598949 2778.118002
33598575 2778.118009
33598506 2779.655178
33596445 2779.655186
33596354 2781.169491
33594512 2782.694958
33592742 2784.208283
33592286 2785.736733
33590991 2787.250838
33590606 2788.776191
33590007 2790.304728
33588893 2791.851263
33586845 2793.407371
33586167 2794.942523
33585960 2796.475882
33583971 2798.024897
33583886 2799.558550
33581863 2801.106640
33580732 2802.650088
33580500 2804.189681
33579912 2805.728310
33579402 2807.270529
33578535 2808.830232
33577542 2810.372389
33576507 2811.911044
33575219 2813.440957
33575051 2814.976857
33574982 2816.514897
33574703 2818.060010
33574062 2819.627819
33573977 2821.171030
33573849 2822.736015
33573197 2824.291692
33572291 2825.853354
33571752 2827.392443
33569114 2828.939025
33567992 2830.506581
33567233 2832.068453
33566010 2833.619065
33563417 2835.186468
33562772 2836.728662
33561558 2838.285928
33560838 2839.857993
33560165 2841.401715
33559226 2842.946417
33558707 2844.518064
33558345 2846.083631
33557386 2847.650584
33556573 2849.210510
33555751 2850.771051
33555633 2852.324199
33555505 2853.873371
33554626 2855.444839
33553820 2857.024000
33553342 2858.588809
33552825 2860.172055
33552513 2860.172061
33551862 2861.734205
33551194 2863.300326
33550491 2864.871206
33549033 2866.458002
33547648 2868.025227
33546392 2869.580689
33545610 2871.144738
33544699 2872.708510
33544168 2874.286350
33544061 2875.852375
33543024 2877.424756
33542450 2878.982951
33540073 2878.982957
33539668 2880.561455
33538527 2882.144208
33537747 2882.144216
33537445 2883.712480
33536307 2885.277133
33536001 2886.838619
33535746 2886.838627
33535406 2888.427772
33535098 2888.427780
33533916 2890.009188
33533223 2891.570522
33533027 2893.148956
33531545 2894.713657
33528227 2896.294348
33527195 2897.872198
33525604 2899.446263
33525560 2901.020685
33525278 2902.606493
33524513 2904.174685
33522400 2905.758018
33522280 2907.343577
33522145 2908.932500
33521879 2910.504517
33521276 2912.070388
33520323 2913.642387
33519963 2915.216289
33519677 2916.812225
33519367 2918.395918
33518919 2919.994170
33518697 2919.994175
33518627 2921.579509
33518099 2923.173252
33518041 2923.173258
33517335 2924.769126
33516590 2926.354607
33515158 2927.927135
33514371 2929.500786
33514358 2931.091918
33514009 2932.670932
33513801 2932.670939
33509837 2934.264023
33509586 2935.853807
33509518 2937.448547
33508686 2939.046765
33507958 2940.630511
33507804 2942.222266
33505854 2943.815430
33505693 2945.404323
33505044 2947.008782
33503311 2948.598021
33502257 2950.194616
33501838 2951.791374
33501760 2953.376793
33501635 2954.974511
33501600 2954.974519
33501317 2956.571580
33499723 2956.571587
33499437 2958.175049
33499277 2959.782489
33498054 2959.782497
33497694 2961.419393
33497383 2963.041354
33496665 2964.640018
33496244 2966.253777
33494977 2967.854995
33494526 2969.461462
33494524 2969.461470
33494378 2971.065694
33493497 2971.065701
33491052 2972.654450
33490137 2974.248643
33488747 2975.856489
33486503 2977.464362
33486392 2979.068499
33486103 2980.679527
33485749 2982.279231
33485239 2983.879921
33485084 2985.497454
33484239 2985.497461
33484102 2987.099029
33483720 2989.046518
33483445 2989.046526
33483420 2990.638186
33482997 2990.638193
33482082 2992.238894
33482011 2992.238900
33481725 2993.852828
33480825 2995.470221
33480221 2997.086273
33478999 2998.708050
33478719 3000.321478
33478188 3001.950419
33477153 3003.557721
33476733 3005.169467
33475634 3006.769552
33475496 3008.377724
33473599 3008.377733
33473451 3009.983646
33473321 3011.582137
33472404 3013.190048
33471017 3014.802376
33470263 3016.427386
33469557 3018.040611
33468860 3019.658012
33466602 3021.272311
33466001 3022.883800
33465075 3024.494137
33465030 3026.103337
33464818 3027.726157
33462830 3029.344516
33462379 3030.961713
33462026 3032.579105
33460919 3034.200792
33460899 3034.200797
33460501 3035.822460
33460291 3037.445237
33459747 3039.077313
33459538 3039.077319
33458613 3040.707423
33457427 3042.332025
33454130 3043.958914
33454048 3045.590902
33453975 3047.217592
33453812 3048.853892
33452937 3050.486451
33452546 3052.116413
33450625 3053.751886
33450375 3055.392946
33449729 3057.021933
33447562 3058.648863
33447247 3060.266946
33444579 3061.893236
33444223 3063.536798
33444126 3065.171166
33443083 3066.803026
33442246 3068.440066
33441855 3070.074902
33440639 3071.712871
33439676 3073.347253
33438526 3074.970623
33438517 3076.621344
33437689 3078.264358
33437353 3079.906572
33436102 3081.541159
33435923 3083.172441
33435653 3084.799945
33435177 3086.433570
33434734 3088.073707
33434516 3089.705576
33434487 3091.341885
33433592 3092.979800
33432162 3094.636291
33429737 3096.280701
33429600 3097.930461
33428409 3099.558001
33428182 3101.188784
33427815 3102.831660
33427589 3104.470806
33427497 3106.119282
33427051 3107.747539
33426723 3109.373391
33426691 3109.373399
33425667 3111.006735
33424796 3112.653027
33424020 3114.293039
33423728 3115.930869
33423499 3117.561279
33423241 3119.187369
33423072 3120.835468
33422523 3122.477537
33422211 3124.119961
33422019 3125.764858
33421549 3127.401857
33421197 3129.045854
33420764 3130.680750
33420402 3132.321677
33417103 3132.321683
33416415 3133.960530
33415372 3135.601092
33415116 3137.238529
33414811 3138.883696
33414046 3140.523172
33413814 3142.175330
33413496 3143.822416
33411791 3145.473110
33411457 3147.120333
33411329 3148.778268
33411124 3150.423231
33410299 3152.056331
33410004 3153.703478
33408796 3155.338231
33408195 3156.991939
33407413 3158.646330
33406911 3160.292312
33406773 3161.938959
33405944 3163.569499
33405758 3165.218983
33405547 3166.871630
33403065 3168.524915
33402684 3170.179225
33402117 3171.838876
33400746 3173.496229
33400481 3175.125329
33398903 3176.777848
33398170 3178.423387
33398018 3180.067429
33397546 3181.723766
33395997 3183.384759
33395741 3185.037733
33394898 3186.690273
33392796 3188.350027
33392467 3190.003867
33392024 3191.643350
33391576 3193.300404
33390819 3194.957273
33390541 3196.606465
33390338 3198.265225
33389792 3199.915596
33387912 3201.574312
33387870 3203.229655
33387341 3204.886379
33387196 3206.548265
33387012 3208.209118
33386561 3209.877522
33386461 3211.539634
33385929 3213.205902
33385329 3214.874367
33384803 3216.527306
33384378 3218.182807
33383696 3219.849540
33383355 3221.511722
33382872 3223.167294
33382793 3224.836689
33382511 3226.507798
33381881 3228.169429
33381851 3229.829564
33381028 3231.484582
33380282 3233.147646
33379071 3234.807999
33378584 3236.452950
33378113 3238.126625
33377268 3239.794507
33376817 3241.471550
33376199 3243.140714
33375088 3244.809153
33375021 3246.480555
33372852 3248.148937
33372656 3249.815694
33372436 3251.483586
33370845 3253.161465
33370362 3254.837026
33369741 3256.507590
33369455 3258.163604
33369251 3259.838885
33367369 3261.514539
33367059 3263.190848
33366765 3264.861460
33366552 3266.536219
33366284 3268.202832
33366113 3269.873688
33365993 3271.546114
33365766 3273.213771
33364046 3274.887944
33363773 3276.549621
33363163 3278.226143
33362035 3279.887312
33361668 3281.555339
33361503 3283.227573
33361363 3284.905796
33361142 3286.587474
33360162 3288.265097
33359936 3290.259924
33359783 3292.009096
33359297 3293.670645
33358373 3295.343796
33358024 3297.012862
33357775 3298.684326
33357639 3300.343575
33357421 3302.022439
33357096 3303.702941
33356776 3305.376971
33356549 3307.056793
33356413 3307.056802
33356303 3308.733193
33356193 3308.733201
33355431 3310.414697
33354935 3312.096174
33354832 3313.770684
33353910 3313.770692
33353594 3315.435748
33353555 3317.106355
33353265 3317.106362
33352600 3318.787451
33351768 3320.461791
33351568 3322.146776
33350757 3323.825748
33350699 3325.5