47140103 86.983367
46767437 86.983380
46549542 86.983381
45885260 86.983382
45528744 86.983384
45220093 86.983385
45072580 86.983387
45044666 86.983389
43780642 86.983391
43591625 89.193627
43537962 91.388041
43252448 91.388045
43247477 93.569296
43239280 95.723348
42749002 97.858696
42737024 99.971380
41772971 102.114066
41768094 104.226752
41763493 106.320710
41756167 108.427262
41682066 110.526462
41639619 112.615566
41514578 114.696407
41420398 114.696413
41356414 116.770488
41243141 116.770493
41240680 118.831807
41236022 120.897170
41231478 122.940920
41220118 125.011322
41207521 125.011327
40382436 127.046818
40315487 129.049419
40026364 129.049424
40021269 131.042176
40016746 133.065827
39811135 135.072955
39809380 137.056323
39194084 139.053136
39088359 141.019871
39079735 143.011047
39074756 144.977320
38848622 144.977327
38844347 146.946516
38706386 148.919758
38703819 150.863036
38696005 152.808489
38066339 152.808494
38021167 154.750524
37929010 156.683540
37920960 158.612833
37911545 160.551805
37904842 162.479582
37700512 164.399810
37691328 166.301288
37677393 168.213047
37642412 170.102782
37638338 171.993747
37629293 173.878100
37620721 175.760609
37615529 177.642468
37606628 179.534097
37570341 181.396529
37445816 183.268361
37441057 185.131443
37436359 187.386250
37387967 189.296802
37379676 191.163401
37374463 193.034592
37372902 193.034598
37369243 194.897586
37363942 194.897592
37359172 196.764455
37356538 198.628347
37354756 198.628354
37317384 200.492147
37276803 200.492154
37274099 202.347033
37270938 204.199772
37254080 206.046364
37248973 207.894492
37240766 209.758556
37047610 209.758562
36959985 211.612969
36934879 211.612974
36928041 213.467082
36926061 215.306483
36905967 217.137519
36865649 218.979249
36863653 220.795679
36811110 220.795686
36803053 222.607437
36689008 222.607443
36664937 224.429059
36661131 226.261909
36567365 228.085604
36565766 229.906881
36501103 231.721995
36499838 233.528635
36494613 235.323110
36491055 237.118273
36480454 237.118280
36310803 238.940872
36273838 238.940879
36144684 240.765172
36136903 242.564101
36128819 244.374184
36124527 246.167245
36028761 247.938644
35982391 249.716980
35981854 251.493057
35972132 251.493063
35964547 253.262663
35957105 255.028778
35951068 256.800553
35922823 258.563697
35919946 260.338539
35915686 262.082861
35885140 263.827532
35881888 265.598083
35876459 267.340859
35869619 269.067484
35865316 270.791336
35863037 272.539673
35852264 274.293070
35831887 274.293074
35821557 276.005741
35816340 277.723241
35733692 277.723247
35725670 279.452471
35663151 279.452478
35584763 281.171853
35559982 282.873338
35291292 282.873343
35289036 284.584979
35287380 286.318123
35284560 288.033281
35228180 289.749404
35212625 291.450073
35210554 293.140756
35209008 294.839851
35206705 296.555514
35201552 298.250066
35198986 299.940388
35197669 301.625879
35195712 303.311998
35189450 305.001329
35158758 306.673402
35155381 308.355978
35148959 310.049917
35140961 311.749173
35136573 313.422416
35134637 315.106303
35132733 316.783339
35129924 318.457739
35128084 320.116641
35126221 321.787134
35082719 321.787142
35018153 323.452833
35007730 325.101615
34972266 325.101621
34966518 326.776992
34964548 328.421773
34961421 330.090275
34957834 331.733859
34955001 333.358082
34953668 335.005611
34948622 336.657217
34945157 338.304665
34898157 339.943914
34879745 341.596645
34874761 343.249669
34873774 344.888288
34870674 346.524017
34866405 348.180138
34759911 348.180145
34684613 349.793316
34678538 351.430413
34677964 353.068682
34671282 354.703183
34667967 356.345044
34666016 357.962877
34662181 359.580786
34650235 361.202461
34646026 362.847713
34644015 364.470816
34639358 366.092549
34637542 367.704940
34623087 369.331860
34583760 370.939473
34580522 372.540882
34578369 374.145540
34570122 375.756644
34565022 377.342886
34563517 378.941515
34548505 380.548553
34544479 382.141135
34540290 383.735582
34532750 385.340435
34530862 386.941836
34523089 386.941842
34521860 388.526204
34521618 390.106508
34518639 390.106514
34517411 391.711691
34515257 391.711697
34514322 393.296878
34513718 394.899528
34504975 394.899534
34484727 394.899538
34479381 396.483026
34475184 398.058687
34473926 399.652647
34472358 401.250895
34465998 402.825447
34447020 402.825452
34442431 404.404084
34439957 405.982014
34439582 407.553374
34306777 409.118832
34304107 410.685887
34300067 412.261069
34297870 413.825997
34296172 415.392332
34295200 416.961530
34291062 418.533603
34287391 420.084145
34284726 421.654975
34279892 423.219627
34270868 424.789573
34268825 426.349105
34264467 427.902531
34263014 429.468678
34259220 431.022469
34250523 432.582547
34247270 434.149889
34245516 435.701330
34238401 437.239298
34236913 438.788746
34231316 440.348030
34228068 441.893486
34226335 443.448078
34224458 445.007389
34221613 446.548527
34216286 448.092396
34213583 449.632098
34209526 451.169003
34208809 452.710365
34207780 454.252793
34191147 455.772129
34188262 457.318326
34186686 458.857301
34184603 460.398225
34172483 461.932698
34170760 463.482841
34157298 463.482848
34155735 465.014158
34153948 466.550703
34153582 468.099460
34151107 469.627715
34149896 471.149089
34147056 472.678647
34144548 474.196919
34143888 475.719057
34142226 477.249378
34141500 478.766536
34139020 480.283882
34136552 481.813285
34134392 481.813290
34134102 483.341064
34132359 483.341069
34130510 484.875414
34122533 484.875420
34121219 486.402883
34119407 488.268407
34117714 489.767329
34114685 491.265585
34110767 492.751843
34109762 494.249686
34106794 495.748791
34104579 497.250979
34066098 497.250986
34064830 498.740601
34060122 500.232779
34055447 501.723266
34050580 503.203684
34048703 504.703129
34048283 506.213412
34048147 507.706888
34046533 509.192501
34044362 510.693215
34043703 512.189552
34043679 513.676031
34042415 515.151435
34040528 516.643714
34039016 518.138600
34035498 519.615062
34033712 521.096339
34032220 522.567664
34031216 524.048253
34028284 525.526747
34027028 527.008678
34026663 527.008684
34022731 528.487760
34021574 529.975151
34021477 529.975158
34019964 531.468098
34019755 531.468103
34016555 532.944674
34014140 534.422608
34010184 535.914155
34010142 537.401070
34010013 537.401076
34007038 538.878227
34004858 540.368800
34003751 541.840245
34001633 543.326809
34000772 544.805766
34000268 546.292427
33999467 547.776300
33998221 547.776305
33996785 549.260045
33995459 550.725851
33993520 552.210062
33993209 553.679156
33989901 555.144090
33989069 556.619784
33987759 558.080635
33984034 559.551202
33981176 561.006654
33981070 562.474322
33980305 563.938891
33980165 565.413825
33978848 566.864656
33976527 568.335111
33974196 569.788572
33970093 571.259344
33968250 572.710455
33967367 574.165792
33965365 575.609740
33961352 577.068094
33959653 578.517737
33958981 579.969050
33957779 581.430934
33957286 582.888948
33956213 584.348479
33953713 585.788992
33952232 587.233111
33950444 588.674986
33949202 590.113983
33948346 591.547897
33943486 592.983522
33942825 594.409086
33940624 595.851342
33938679 597.289052
33936399 597.289058
33934866 598.715969
33933039 600.155223
33932316 601.594418
33932043 601.594423
33930943 603.029198
33930317 603.029203
33929034 604.469692
33928742 605.905161
33926851 605.905166
33926118 607.333538
33916343 608.768844
33914916 610.201796
33911896 611.641870
33911253 613.064907
33910194 614.484332
33910106 615.924174
33908741 617.354034
33906904 618.779504
33906003 620.202742
33905891 621.623786
33905352 623.048910
33905071 624.460304
33903931 624.460310
33901660 625.883470
33901372 627.312538
33899534 628.743676
33897567 630.164640
33895141 631.583401
33894865 632.995654
33891745 634.413335
33890096 635.825001
33886731 637.253522
33886655 638.670799
33886299 640.087089
33883583 641.511709
33882993 642.933887
33881275 644.343424
33879857 645.755817
33878545 647.174468
33876772 648.580133
33876427 649.987849
33875970 651.405922
33875465 652.830965
33870886 654.240794
33870808 655.659191
33868591 657.068938
33866033 658.489987
33864970 659.900583
33862884 661.314472
33859960 662.721900
33857977 664.123793
33856971 665.533564
33854801 666.943750
33853385 666.943755
33849965 668.351626
33849948 669.745685
33848775 669.745690
33847894 671.161940
33847202 672.572160
33846158 672.572166
33845182 673.968822
33845089 673.968828
33843885 675.374978
33842736 676.790096
33839466 678.210891
33836151 679.611462
33830492 681.015142
33828472 682.421954
33828391 683.821995
33827893 685.226168
33827380 686.639014
33825221 688.033059
33825183 689.437198
33823844 690.834943
33823274 692.232384
33823222 693.631310
33822865 695.032616
33822267 696.425038
33821845 697.820893
33821591 699.219678
33819288 699.219685
33819267 700.605261
33819055 701.992616
33811958 701.992621
33811830 703.371768
33809452 704.771931
33806567 706.166032
33804770 707.576042
33804687 708.967091
33803338 710.340911
33800107 711.734493
33799582 713.121602
33795781 714.510459
33795411 715.895408
33793006 717.284698
33792015 718.675045
33790047 720.059393
33788701 721.449836
33788017 722.830829
33786150 724.208639
33783941 725.594256
33778868 726.976053
33778496 728.371918
33778409 729.752553
33778173 731.133766
33777287 732.509266
33776587 733.903447
33775821 735.283714
33771841 736.671038
33771583 738.030285
33771432 739.418674
33771234 740.787875
33770577 742.181570
33766646 743.564022
33765896 744.943947
33765812 746.336995
33764538 747.700087
33764209 749.087364
33762791 750.459983
33761592 751.836579
33761474 753.206691
33759444 754.568829
33757676 755.942951
33751287 757.307855
33750196 758.667150
33749141 760.036623
33748413 761.407378
33748108 762.776424
33747965 764.153986
33747758 765.526895
33746055 766.899799
33745451 768.272668
33745187 769.633343
33742877 771.009571
33736347 772.382082
33735935 773.754328
33735812 775.120038
33735385 776.483183
33735114 777.851827
33734333 779.236312
33733254 780.592089
33733171 781.956978
33732930 783.319959
33732141 784.693466
33731876 786.065590
33730285 787.435200
33729940 789.206585
33729746 790.590752
33728445 791.966819
33728272 793.347791
33727698 794.720630
33727651 796.088561
33727103 797.454182
33726847 798.823091
33726823 800.196329
33726194 801.571482
33725456 802.941893
33724607 804.297112
33723218 805.671177
33723081 807.043494
33722281 808.413370
33721465 809.777133
33720747 809.777139
33720405 811.158297
33720118 812.530792
33719004 813.895921
33718921 815.260235
33718438 816.641226
33716436 816.641233
33715741 818.003454
33715703 819.370075
33715076 820.739799
33714187 822.100766
33713134 823.468722
33712509 824.832651
33712110 826.209662
33710494 827.573223
33709682 828.940456
33708688 830.309747
33707210 831.672604
33707022 833.041602
33707000 834.407508
33706555 835.757975
33705951 837.103948
33705675 838.455261
33705557 839.797888
33704972 841.151913
33704820 842.508954
33703539 843.848950
33703434 845.204003
33700177 846.550658
33699959 847.895255
33695742 847.895260
33695249 849.234757
33695062 850.581550
33694740 851.932671
33694261 853.294744
33693350 854.638221
33693226 855.982658
33692154 857.341237
33691976 858.681094
33691800 858.681101
33691719 860.033375
33689207 860.033379
33688581 861.389421
33688147 862.742248
33687536 864.098527
33687065 864.098532
33685053 865.453874
33682159 865.453880
33681776 866.803572
33678800 868.152012
33678788 869.499778
33677918 870.846735
33677295 872.187499
33676992 873.529485
33676152 874.873336
33674756 876.209430
33674463 877.548710
33674083 877.548717
33672949 878.888800
33672428 880.239117
33672171 881.584648
33667448 882.930532
33665426 884.272333
33665241 885.619436
33664264 886.968822
33663675 888.311141
33663184 889.657175
33661565 889.657180
33661295 891.009234
33660418 892.380662
33658915 893.765103
33658401 895.152284
33657891 895.152290
33657023 896.532423
33656845 897.900966
33655472 899.244098
33655300 900.590395
33655273 901.920248
33654957 903.258292
33654510 903.258298
33653673 904.590287
33651987 905.931529
33647536 907.260515
33647069 908.595508
33647056 909.931998
33645273 911.263343
33644941 912.598326
33644882 913.929449
33643938 915.247729
33643920 916.592856
33642045 917.914840
33640039 919.253325
33639874 920.587004
33638966 921.921196
33638634 923.270940
33638239 924.632613
33637486 926.002690
33636819 927.368262
33636624 928.722528
33635668 930.089116
33635335 931.448365
33632860 932.800177
33632337 934.163110
33629701 935.522247
33629416 936.893107
33629156 938.255013
33628469 939.616149
33627002 940.986300
33625986 942.346697
33625949 943.706320
33625792 945.064616
33625469 946.444223
33625021 947.811616
33624875 949.169829
33624708 950.534842
33624646 951.891442
33624431 953.249800
33623710 954.610027
33623468 955.930047
33623213 957.249848
33622990 958.579285
33622873 959.915015
33622491 961.245197
33621312 962.569787
33621271 963.890773
33620160 965.208896
33619495 965.208902
33616721 966.533229
33616564 967.854812
33615780 969.170870
33613159 970.480684
33611804 971.797469
33611329 973.121945
33608651 974.443661
33608465 975.757375
33608403 977.076976
33601085 978.402853
33600572 979.731089
33599916 981.062133
33599373 982.384029
33598906 983.712662
33598616 985.031687
33598289 986.355397
33597140 987.678866
33597054 989.001110
33595752 990.314631
33594217 991.628721
33594179 992.951953
33583987 994.281804
33583804 995.612600
33576654 996.928194
33576473 998.249847
33575301 999.569668
33572819 1000.876368
33572779 1002.189327
33572123 1003.506705
33571403 1004.836135
33571084 1006.169285
33570893 1007.487576
33570628 1008.793749
33570368 1010.118904
33569920 1011.444126
33569545 1012.761235
33569291 1014.081866
33569110 1015.396649
33565530 1016.705454
33562869 1018.019257
33561202 1019.338160
33560306 1020.655042
33560109 1021.968474
33559345 1023.264439
33559246 1024.579655
33558044 1025.897566
33557849 1027.205937
33557447 1028.531020
33556420 1029.845278
33555388 1031.166912
33555119 1032.483812
33554506 1033.791351
33554474 1035.108086
33554122 1036.422980
33552552 1037.741689
33552510 1039.054958
33551821 1040.369966
33548588 1041.688940
33548256 1042.995660
33547536 1044.313540
33547445 1045.623260
33546779 1046.931337
33546279 1048.248512
33545518 1049.567447
33544927 1050.874119
33544602 1052.182864
33542168 1053.493403
33541622 1054.799903
33541587 1056.110738
33539378 1057.412157
33538698 1058.716657
33538664 1060.031826
33538063 1061.340857
33537994 1062.654852
33537876 1063.960204
33537671 1065.279306
33534454 1065.279312
33533687 1066.583623
33532110 1067.892529
33528943 1069.205986
33528609 1070.521103
33528442 1070.521109
33527902 1071.830537
33526974 1071.830544
33525025 1073.149716
33524935 1074.460054
33524349 1075.761412
33524274 1077.071286
33517206 1077.071291
33516654 1078.387255
33516345 1079.690794
33514634 1081.012114
33514024 1082.322749
33513795 1083.628738
33512581 1084.941881
33510780 1086.243489
33510674 1087.550068
33510667 1088.860631
33510123 1090.582416
33509849 1091.900881
33509474 1093.219925
33508395 1094.538963
33504119 1095.855575
33499514 1095.855580
33499413 1097.165031
33499017 1098.474417
33497207 1099.791183
33496823 1101.109867
33496107 1102.430503
33494108 1103.744749
33491183 1105.069150
33490345 1106.390096
33489678 1107.717372
33489387 1109.046176
33489257 1110.364073
33489087 1111.683952
33488790 1112.999606
33487163 1114.312423
33486929 1115.629790
33486074 1116.937387
33485404 1118.262298
33484925 1119.582644
33484811 1120.909050
33483827 1122.231785
33483738 1123.550428
33483207 1124.877820
33482958 1126.197881
33481940 1127.507165
33476963 1128.824866
33476628 1130.164868
33476376 1131.488621
33476357 1132.798152
33475979 1134.123916
33475625 1135.455361
33473688 1136.769574
33473242 1138.098409
33472997 1139.416183
33472824 1140.733277
33470833 1142.052981
33469465 1143.365710
33467913 1144.665612
33467840 1145.983228
33467227 1147.309231
33467217 1148.630342
33466048 1149.954982
33465360 1151.273370
33465009 1152.585525
33464859 1153.896176
33464570 1155.209619
33462579 1156.522951
33461926 1157.845675
33458784 1159.169932
33458744 1160.493202
33458326 1161.804322
33458114 1163.133582
33457407 1163.133588
33457380 1164.457779
33457147 1164.457784
33456797 1165.763393
33456777 1165.763399
33453857 1167.079262
33453384 1168.399503
33447988 1169.715423
33446515 1171.034483
33446090 1172.353281
33444784 1173.678669
33444654 1174.987556
33439396 1176.301221
33436973 1177.624161
33436592 1178.926151
33436042 1180.245906
33432110 1181.557076
33431722 1182.880512
33431679 1184.200378
33431512 1185.524364
33431486 1186.837149
33431459 1188.153160
33430945 1189.471462
33430733 1190.784988
33429509 1192.090395
33426887 1193.407638
33426700 1194.721326
33426253 1196.043155
33426180 1197.358548
33425474 1197.358555
33419806 1198.669380
33418333 1199.983875
33415719 1201.300326
33415620 1202.608761
33414728 1203.927774
33414278 1205.239321
33414059 1206.548920
33413544 1206.548925
33412959 1207.864972
33412869 1209.178940
33412254 1210.489649
33408906 1211.808444
33406072 1213.116199
33405908 1214.427569
33405472 1215.740547
33405342 1217.049944
33404974 1217.049951
33403612 1218.364009
33403180 1219.690649
33402551 1219.690656
33402330 1221.001718
33401382 1222.315473
33401086 1223.628880
33400508 1223.628886
33400318 1224.939036
33399258 1226.255864
33399225 1227.579882
33399023 1227.579887
33397540 1228.896549
33395618 1230.222692
33395513 1231.533007
33394477 1232.854755
33393981 1234.164111
33393896 1235.480072
33393196 1236.798877
33390284 1238.112954
33389791 1239.425897
33389303 1240.738446
33384569 1240.738451
33384495 1242.059289
33384042 1243.376484
33383002 1244.695683
33382264 1246.014751
33382179 1247.330831
33380420 1248.643956
33379813 1249.951227
33379673 1251.269297
33378877 1251.269303
33378280 1252.586879
33377195 1253.898619
33377077 1253.898624
33376165 1255.208318
33373852 1256.533534
33373521 1257.838872
33373271 1259.158514
33370802 1259.158520
33365254 1260.466760
33364968 1261.773617
33364905 1263.078135
33364162 1264.384125
33363651 1265.698174
33362741 1267.006714
33361558 1268.304009
33361284 1268.304015
33360754 1269.620321
33359341 1270.939328
33357551 1272.240097
33356638 1273.559760
33354720 1274.869012
33353505 1276.179135
33353038 1277.484231
33352350 1277.484237
33351389 1278.788142
33351194 1280.098758
33350945 1280.098764
33350800 1281.409380
33350690 1281.409385
33349936 1282.727974
33349856 1282.727980
33349411 1284.043003
33348615 1284.043010
33348239 1285.356536
33346545 1285.356541
33346244 1286.674042
33345661 1287.984481
33343797 1289.290978
33343727 1290.603364
33342933 1291.916779
33342874 1291.916785
33338751 1293.227944
33338152 1294.539041
33336841 1294.539049
33336337 1295.856355
33332735 1297.163334
33327205 1298.479513
33327161 1299.788874
33327106 1301.096507
33327071 1302.406773
33326615 1303.719554
33326495 1305.034583
33326150 1305.034590
33325221 1306.344131
33324713 1307.644729
33323701 1307.644737
33322869 1308.962445
33322585 1310.274312
33322189 1311.585397
33321838 1312.898634
33321504 1312.898641
33320791 1314.211420
33320634 1315.527086
33320225 1315.527093
33319320 1316.840540
33317780 1318.144067
33316156 1319.452951
33316056 1320.769230
33315810 1322.079387
33315437 1323.383360
33315092 1324.698438
33314845 1326.006033
33313718 1327.316709
33312874 1328.637867
33312394 1329.950805
33311983 1331.263882
33311793 1332.576622
33311480 1332.576628
33310344 1332.576631
33308889 1333.885576
33308662 1335.190539
33307292 1335.190547
33304384 1336.505908
33304322 1337.815720
33303169 1339.125223
33301511 1340.437937
33295442 1341.750839
33294989 1343.052097
33294670 1344.362777
33288399 1345.681124
33287923 1346.987369
33287678 1348.299089
33287267 1349.617112
33287155 1350.930015
33286532 1352.242599
33285274 1353.562148
33284770 1354.868813
33284060 1356.180070
33280901 1357.489519
33280292 1358.797350
33279613 1360.098440
33278321 1361.403126
33276807 1362.725794
33276201 1364.027695
33275741 1365.338567
33273084 1366.652856
33272999 1367.960754
33272281 1369.273478
33272114 1370.586282
33268529 1371.913366
33266494 1373.223773
33260645 1374.532209
33260097 1375.841532
33259463 1377.163817
33258640 1378.477751
33258616 1379.791584
33258461 1381.103207
33254670 1382.414758
33253727 1383.730508
33252895 1385.056333
33252486 1386.372457
33251397 1387.683664
33251138 1388.989993
33249708 1390.439570
33249619 1392.018588
33249362 1393.335837
33248646 1394.652625
33248073 1395.963762
33248009 1397.279275
33246459 1398.595336
33244426 1399.905532
33240943 1401.227272
33239486 1402.534420
33238774 1403.838926
33237731 1405.156976
33237630 1406.480517
33237505 1407.803633
33237396 1409.118450
33235310 1410.433235
33232482 1411.739983
33230759 1413.057514
33228271 1414.373295
33227747 1415.693833
33227607 1417.016136
33227267 1418.340646
33226656 1419.657125
33226099 1420.974042
33226002 1422.281362
33224427 1423.592030
33223002 1424.904201
33221657 1426.222769
33221626 1427.541946
33221082 1428.854870
33220406 1430.174571
33220352 1431.497256
33219916 1432.808536
33219627 1434.135487
33214244 1434.135493
33213656 1435.456405
33212514 1436.770804
33211285 1438.086616
33211195 1439.406251
33211122 1440.717520
33210201 1440.717527
33207985 1442.036370
33207925 1443.345736
33207705 1444.668179
33206915 1445.987302
33206805 1447.303499
33206055 1448.630946
33203427 1449.949222
33203415 1451.273224
33200731 1452.587642
33200602 1453.896476
33200205 1455.228416
33195030 1456.542935
33192696 1457.867886
33192046 1459.188711
33191786 1460.514355
33191752 1460.514361
33190332 1461.833160
33188749 1461.833166
33187823 1463.140963
33187204 1464.458349
33186492 1465.775674
33186470 1465.775680
33182238 1467.095588
33181926 1468.414479
33181769 1469.743269
33180201 1469.743276
33179614 1471.065352
33178426 1472.384382
33176802 1473.703874
33176590 1475.030356
33173502 1476.351064
33173007 1477.668912
33172045 1479.000181
33171073 1480.322929
33171031 1481.645189
33168987 1482.971145
33167338 1484.306280
33167030 1485.626673
33166616 1486.950613
33165784 1488.276231
33165589 1489.586168
33165463 1489.586174
33164625 1490.912521
33163777 1490.912526
33163220 1492.232716
33161655 1493.560522
33161316 1493.560527
33159677 1494.885330
33158982 1496.199237
33157071 1497.524578
33155105 1497.524583
33154976 1498.837630
33149532 1500.156709
33143765 1501.483831
33143438 1502.808928
33141664 1504.128332
33139950 1505.445234
33138769 1506.770266
33138557 1508.090348
33136596 1509.421076
33135512 1510.740458
33135370 1512.057214
33135320 1513.379575
33132032 1514.703044
33130696 1516.026389
33130531 1517.354109
33130446 1518.680090
33128476 1520.008610
33127736 1521.342222
33124075 1522.674750
33123395 1523.998793
33123373 1525.322653
33120293 1526.657284
33120204 1527.988044
33119988 1529.311774
33119206 1530.639904
33118957 1531.972789
33116244 1533.311094
33115659 1534.636190
33114858 1535.954198
33114693 1537.291556
33111391 1538.607535
33111058 1539.935440
33110100 1541.265193
33110061 1542.598477
33109230 1543.930259
33108534 1545.269715
33107994 1546.596631
33107074 1547.926648
33105667 1549.255836
33105531 1550.589835
33103882 1551.923587
33103052 1553.262730
33102771 1554.590245
33101671 1555.925082
33101135 1557.263186
33097773 1558.599326
33097321 1559.932803
33097259 1561.261732
33097224 1562.589190
33093740 1563.915960
33093685 1565.248865
33091093 1566.573789
33089071 1567.908297
33088590 1569.237993
33085276 1570.574893
33085179 1571.901965
33085079 1573.244400
33082554 1574.582024
33081461 1575.910668
33080542 1577.241381
33078738 1578.574821
33077522 1579.900901
33076124 1581.226286
33074151 1582.554169
33072147 1583.896151
33070137 1585.234798
33068534 1586.567381
33067701 1587.902478
33067596 1589.235815
33064338 1590.575368
33063390 1591.905927
33061036 1593.230138
33058445 1594.564385
33057040 1595.904827
33055362 1597.241527
33054658 1598.578627
33054277 1599.915292
33051284 1601.255038
33049899 1602.586665
33048102 1603.920895
33048010 1605.261227
33047501 1606.602597
33044205 1607.943997
33043321 1609.280049
33042272 1610.611921
33041613 1611.946770
33040282 1613.288767
33040245 1614.635461
33038652 1615.971168
33037140 1617.318908
33036721 1618.656404
33036235 1619.986788
33035640 1621.325451
33034343 1622.666110
33034250 1624.006276
33034039 1625.344452
33033101 1626.675924
33032434 1628.020555
33031994 1629.361034
33031051 1630.702177
33030597 1632.033525
33028788 1633.373765
33025237 1634.707562
33025143 1636.055556
33024986 1637.400624
33024019 1638.752444
33023696 1640.093442
33022718 1641.441031
33022660 1642.783709
33022269 1644.114333
33020460 1645.460462
33017401 1646.800797
33017373 1648.141744
33015706 1649.489437
33014918 1650.834401
33013421 1652.179536
33004725 1653.516358
33002481 1654.865111
33000212 1656.210567
32998961 1657.567878
32998781 1658.940619
32996528 1660.321619
32995494 1661.691109
32995135 1663.069042
32995061 1664.448537
32994737 1665.826223
32994569 1667.210016
32994460 1668.587574
32994309 1669.967629
32994097 1671.344625
32994036 1672.726265
32993262 1674.110891
32993204 1675.492986
32993085 1676.879422
32991972 1678.255221
32991544 1679.631285
32990749 1681.014033
32989654 1682.399977
32987978 1683.783096
32983913 1685.167196
32983489 1686.555394
32982826 1687.925298
32981470 1689.304361
32981390 1690.681235
32980883 1692.425652
32980689 1693.812017
32972457 1695.169743
32970121 1696.532942
32969707 1697.889926
32968047 1699.256030
32967358 1700.614159
32964532 1701.972230
32963283 1703.333379
32963272 1704.693510
32962527 1706.054119
32962230 1707.408753
32960964 1708.768401
32959663 1710.129086
32958074 1711.491697
32957257 1712.859097
32955903 1714.211598
32955607 1715.589345
32953309 1716.947397
32950997 1718.302969
32950709 1719.666002
32949126 1721.012891
32948137 1722.381287
32947792 1723.746131
32947782 1725.107646
32945414 1726.466133
32943710 1727.828668
32943444 1729.191473
32942176 1730.560552
32942121 1731.924441
32941601 1733.290667
32940361 1734.663574
32939380 1736.036831
32938643 1737.404073
32938144 1738.776947
32936902 1740.154221
32935174 1741.555295
32934153 1742.958220
32922134 1744.352265
32921722 1745.751923
32921157 1747.148265
32920449 1748.513234
32919770 1749.889273
32918960 1751.263766
32918502 1752.630462
32918041 1753.995851
32916029 1755.362161
32915173 1756.725578
32914626 1758.103611
32913851 1759.469526
32912913 1760.844150
32912388 1762.206786
32911469 1763.569029
32911291 1764.933204
32910029 1766.301105
32906033 1767.666197
32905756 1769.040978
32905484 1770.416842
32902735 1771.797281
32901665 1773.171764
32901590 1774.544386
32899848 1775.930648
32897940 1777.292956
32897455 1778.667446
32896208 1780.050654
32895657 1781.421832
32895200 1782.794173
32894797 1784.171964
32893975 1785.550695
32893404 1786.924393
32893335 1788.295783
32893250 1788.295788
32892951 1789.674597
32892870 1789.674604
32892694 1791.047720
32892416 1791.047727
32891793 1792.425539
32890953 1792.425545
32889990 1793.792838
32889865 1795.163876
32889566 1796.538246
32889066 1797.915518
32889062 1799.296729
32888411 1799.296735
32887897 1800.678895
32885255 1802.057467
32885107 1803.437428
32884414 1804.803147
32883706 1806.176963
32883203 1807.561366
32883131 1808.945686
32881882 1810.321759
32881087 1810.321765
32879583 1811.719542
32878876 1813.103625
32878705 1814.485222
32878351 1815.860191
32878154 1817.235856
32877559 1818.617342
32877488 1819.997457
32875908 1819.997464
32875780 1819.997466
32875598 1821.375894
32873447 1821.375899
32871241 1822.756444
32871193 1824.137565
32870681 1825.515199
32869895 1825.515204
32868687 1826.896807
32868603 1826.896813
32867319 1828.278825
32866754 1829.653888
32866430 1831.037183
32866257 1831.037190
32865067 1831.037192
32863183 1832.412534
32862889 1833.798627
32862642 1833.798633
32860553 1835.172158
32860504 1836.559336
32860055 1836.559342
32858617 1837.943542
32856320 1839.327818
32855576 1840.707215
32855429 1842.091242
32854171 1843.472801
32853576 1844.861340
32851903 1846.247060
32847819 1846.247066
32845777 1847.640806
32844756 1849.032137
32844220 1850.411076
32843243 1851.784785
32842507 1853.171223
32842439 1854.567078
32841546 1855.955604
32838112 1857.345572
32835767 1858.740556
32835324 1860.131343
32834905 1861.523128
32833352 1862.904656
32829755 1864.282134
32829412 1865.672520
32828489 1867.070481
32827637 1868.445960
32827197 1869.836055
32825085 1871.226204
32821632 1872.621824
32820538 1874.006532
32818693 1875.395668
32817756 1876.776188
32815473 1878.162355
32815357 1879.543775
32813157 1880.936880
32811904 1882.320604
32810550 1883.711957
32809943 1885.094694
32808304 1886.487878
32807424 1887.882990
32806736 1889.270655
32805729 1890.669826
32805082 1892.057186
32801431 1893.438544
32798133 1894.841420
32797568 1896.237119
32796050 1897.631558
32795739 1899.023220
32794772 1900.428767
32793123 1901.822438
32793078 1903.222089
32792278 1904.616647
32791053 1906.008923
32790510 1907.399311
32787512 1908.806496
32786717 1910.197714
32783001 1911.593769
32781898 1912.989794
32780853 1914.385452
32779864 1915.789866
32779061 1917.190290
32779010 1918.579184
32779004 1919.984675
32777551 1921.384685
32777285 1922.786549
32774893 1924.183302
32773898 1925.571919
32773354 1926.961951
32772650 1928.358004
32772550 1929.770565
32771875 1931.183274
32770744 1932.579263
32770574 1933.974844
32770155 1935.367338
32769407 1936.760233
32767845 1938.162845
32767733 1939.567280
32766669 1940.973995
32765859 1942.389609
32761945 1943.795032
32761930 1945.195341
32760457 1946.608543
32759902 1948.017638
32759470 1949.414320
32757030 1950.827402
32756253 1952.227451
32756121 1953.638641
32752972 1955.039232
32750102 1955.039237
32750095 1956.440519
32748984 1957.857352
32748256 1959.267475
32747817 1960.714922
32746171 1962.183719
32745933 1963.649612
32743351 1965.108484
32742656 1966.564632
32742489 1968.014463
32742218 1969.462581
32737164 1969.462589
32736099 1970.921095
32733967 1972.385378
32731849 1973.837185
32731656 1975.292397
32731263 1976.706193
32728117 1978.120016
32728026 1979.544672
32727808 1980.953169
32726758 1982.372936
32726062 1983.790636
32723914 1985.203484
32722128 1986.602200
32720616 1988.016493
32720558 1989.431328
32719405 1990.854544
32717899 1992.262662
32717080 1994.007574
32716032 1995.414395
32714309 1996.823638
32713811 1998.237265
32712765 1999.644910
32712521 2001.058183
32711498 2002.480743
32709891 2003.894593
32708600 2005.306775
32708152 2006.719399
32706808 2008.137993
32706787 2009.551732
32705399 2010.970225
32704078 2012.393266
32703714 2013.814057
32702964 2015.237843
32700784 2016.655349
32700307 2018.071685
32698744 2019.494959
32697311 2020.920851
32696943 2022.344558
32696700 2023.767042
32696466 2025.192884
32696110 2026.599657
32694303 2028.018563
32693797 2029.440393
32692367 2030.857718
32690793 2032.280412
32689382 2033.699697
32688359 2035.126877
32687325 2036.541550
32685754 2037.957807
32684784 2039.373306
32684706 2040.793630
32680108 2042.216765
32679668 2043.638944
32678617 2045.065835
32678117 2046.484185
32676276 2047.903768
32674821 2049.330127
32674080 2050.744137
32672481 2052.169548
32671870 2053.606317
32668965 2055.029847
32667775 2056.454401
32664391 2057.887851
32661943 2059.314033
32661126 2060.740448
32659783 2062.162169
32658421 2063.586128
32658073 2065.021280
32656119 2066.448427
32655911 2067.877422
32654820 2069.309384
32653944 2070.738505
32653901 2072.175372
32653683 2073.603225
32653172 2075.037662
32651146 2076.465981
32646870 2077.903217
32646858 2079.337302
32645548 2080.772246
32644098 2082.198641
32643857 2083.624350
32642947 2085.054905
32642495 2086.478523
32642386 2087.908768
32641857 2089.333964
32641419 2090.768637
32639761 2092.200548
32638398 2093.634041
32638027 2095.060477
32636517 2096.489966
32636377 2097.923005
32635589 2099.358703
32631826 2100.796426
32631607 2102.223773
32631204 2103.647226
32629305 2105.084448
32627282 2106.510158
32625274 2107.946632
32624871 2109.378057
32624078 2110.814493
32623944 2112.249328
32621203 2113.682613
32619401 2115.118857
32617911 2116.554411
32616994 2117.991777
32616509 2119.431440
32615412 2120.869535
32614860 2122.308901
32613645 2123.736600
32613508 2125.175693
32613389 2126.615960
32613295 2128.051516
32612272 2129.487004
32611777 2130.920380
32610272 2132.361195
32609079 2133.800614
32607535 2135.239314
32606495 2136.676215
32606336 2138.115389
32605773 2139.558025
32605363 2140.999796
32605148 2142.431514
32603096 2143.867964
32601812 2145.303586
32601743 2146.741546
32600700 2148.184654
32600390 2149.617128
32600106 2151.064951
32597924 2152.509299
32597417 2153.959531
32596883 2155.397958
32595770 2156.834662
32595432 2158.276434
32593586 2159.726213
32593344 2161.169064
32592711 2162.612140
32591598 2164.058871
32591535 2165.495567
32590278 2166.942974
32589792 2166.943000
32585716 2168.388656
32585672 2169.828959
32584891 2171.285332
32582751 2172.741861
32582590 2174.185870
32582559 2175.638787
32582253 2175.638792
32582059 2177.078925
32581604 2177.078931
32579962 2178.536479
32579179 2178.536485
32578724 2179.979798
32578153 2181.416566
32577858 2182.868372
32576991 2182.868377
32576128 2184.322565
32575121 2185.761703
32574463 2187.219515
32572978 2187.219521
32571909 2188.672390
32569387 2188.672395
32569244 2190.132639
32567878 2191.580230
32566670 2193.029126
32565437 2194.480177
32563776 2195.923826
32562604 2197.379431
32561823 2197.379436
32560664 2198.827621
32559915 2200.273660
32559854 2201.726868
32558262 2203.175901
32558015 2204.622823
32557370 2206.070213
32556673 2207.514183
32556106 2208.960645
32556010 2208.960652
32554616 2210.411912
32554220 2210.411918
32552568 2211.857852
32552476 2211.857857
32550849 2213.319629
32550306 2214.775419
32548835 2214.775426
32548301 2216.223547
32546020 2217.677087
32545534 2219.133593
32544788 2220.584648
32544342 2222.030853
32543370 2223.511341
32542124 2224.973572
32541906 2226.429264
32540635 2227.880435
32539736 2229.340353
32538908 2230.797828
32538525 2232.256902
32538075 2233.711074
32537821 2235.170203
32536719 2235.170208
32535273 2236.618077
32533665 2236.618083
32533541 2238.071825
32532424 2239.543507
32531134 2241.020460
32528956 2242.479697
32527168 2243.934136
32527025 2245.393342
32526101 2246.862288
32524196 2248.326576
32523732 2249.789793
32522529 2251.257770
32520698 2252.718700
32520130 2254.186307
32519158 2255.676306
32517552 2257.189808
32516437 2258.652786
32515947 2260.108913
32514628 2261.563880
32512817 2263.015436
32511849 2264.479489
32511084 2265.942531
32510383 2267.409922
32504858 2268.866691
32502779 2270.319900
32501725 2271.783200
32500336 2273.243209
32498794 2274.701749
32497820 2276.164333
32496811 2277.630512
32495665 2279.094458
32495269 2280.547766
32494688 2282.008109
32494034 2283.474843
32493281 2284.934032
32492643 2286.400668
32491088 2287.860661
32490132 2289.318675
32488836 2290.788335
32487644 2292.258621
32487630 2293.734189
32487593 2295.538245
32486343 2296.983880
32484975 2298.432605
32483679 2299.881410
32482445 2301.329121
32482178 2302.793214
32481805 2304.249103
32480884 2305.700685
32479484 2307.155668
32478391 2308.610799
32477651 2310.071449
32477165 2311.525228
32475796 2312.978480
32475293 2314.435537
32474885 2315.914327
32474301 2317.375599
32470505 2318.842883
32470024 2320.309047
32469856 2321.764210
32469784 2323.220867
32469571 2324.694042
32469165 2326.149094
32467553 2327.595997
32467379 2329.048400
32466569 2330.505493
32466428 2331.964672
32465685 2333.416039
32464402 2334.868279
32464106 2336.322635
32463750 2337.779318
32463295 2339.235821
32460096 2340.685730
32457601 2342.141608
32456497 2343.608593
32452722 2345.069244
32452309 2346.528684
32451568 2347.987296
32450203 2349.447610
32449305 2350.909920
32446353 2352.372201
32445844 2353.844444
32445837 2355.318453
32445143 2356.788219
32443390 2358.253779
32442623 2359.716546
32441364 2361.184824
32440993 2362.652998
32439667 2364.109762
32438133 2365.570181
32437889 2367.034228
32437693 2368.495121
32436670 2369.957336
32435163 2371.421669
32434219 2372.895315
32433260 2374.373253
32432077 2375.840570
32429942 2377.310843
32429333 2378.774452
32429154 2380.241475
32428445 2381.707827
32427891 2383.171819
32427784 2384.648119
32421834 2386.120826
32421361 2387.593183
32420342 2389.054371
32419405 2390.530612
32417771 2391.999002
32416820 2393.471282
32415214 2394.940443
32414083 2396.410111
32413581 2397.880079
32413483 2399.353076
32413269 2400.822817
32412360 2402.299446
32411981 2403.779268
32411727 2405.250007
32408276 2406.725572
32407167 2408.199361
32406764 2409.668836
32406036 2411.140993
32405350 2412.619297
32404641 2414.083221
32404364 2415.573094
32403467 2417.050922
32402672 2418.516098
32402351 2419.988739
32401713 2421.470928
32401573 2422.940220
32401116 2424.420118
32400160 2425.898836
32399483 2427.369492
32398892 2428.858569
32398102 2430.336358
32396110 2431.828194
32394070 2433.312525
32393514 2434.796214
32393146 2436.287123
32392468 2437.770187
32392068 2439.253749
32390788 2440.733370
32389988 2442.222259
32389182 2443.708132
32388307 2445.190133
32387157 2446.671183
32385663 2448.163592
32385498 2449.647789
32385117 2451.128958
32384630 2452.612683
32384080 2454.108472
32381996 2455.603822
32381148 2457.092578
32380148 2458.586314
32379615 2460.085650
32378738 2461.578468
32378420 2463.071784
32378212 2464.572164
32378096 2466.077920
32377857 2467.580074
32376046 2469.069249
32375345 2470.559821
32374326 2472.049459
32374123 2473.534773
32373487 2475.032033
32372881 2476.529640
32371231 2478.022043
32369972 2479.513645
32369772 2481.001192
32369476 2482.498150
32368909 2483.996195
32368030 2485.488189
32367506 2486.984131
32367149 2488.478382
32366747 2489.975196
32365798 2491.475304
32365692 2492.973785
32364365 2494.469645
32364159 2495.964969
32363703 2495.964974
32363465 2497.462435
32363265 2497.462441
32362532 2498.967792
32361487 2498.967797
32361131 2500.453722
32360809 2500.453729
32360656 2501.956413
32359472 2501.956418
32359240 2503.447974
32359059 2503.447979
32357669 2503.447981
32357602 2504.944864
32356874 2504.944870
32356760 2506.441552
32355925 2506.441557
32355067 2507.935215
32353971 2509.431141
32353893 2510.921224
32353892 2510.921230
32353236 2510.921232
32352001 2512.414954
32350211 2512.414961
32348552 2513.908668
32348196 2515.407686
32347119 2516.913636
32345448 2518.426167
32345221 2519.930237
32344210 2521.432816
32344153 2521.432821
32343497 2522.933775
32342897 2522.933779
32341780 2524.433831
32341356 2525.926736
32340488 2525.926742
32339780 2527.425198
32339431 2528.930155
32336569 2528.930161
32336535 2530.423092
32334597 2531.928138
32333865 2533.426049
32333078 2534.926804
32332317 2536.429017
32332071 2537.926630
32331888 2537.926636
32330287 2539.432863
32329898 2540.925013
32328937 2542.432694
32327964 2543.936039
32327004 2545.426972
32326598 2546.935473
32326255 2548.456658
32325490 2549.954095
32325263 2551.457726
32324625 2552.969778
32324384 2554.468778
32323547 2555.972801
32323024 2557.474120
32322860 2558.970999
32322564 2560.476306
32321308 2561.979021
32320862 2563.486748
32320706 2563.486756
32319762 2564.988707
32319432 2566.501171
32319321 2566.501177
32318966 2568.006322
32318944 2568.006329
32317652 2569.515418
32316982 2571.018947
32313859 2571.018954
32313082 2572.532748
32311895 2574.039278
32311352 2575.551211
32310383 2577.057577
32309656 2578.559212
32308955 2580.069915
32307208 2581.586866
32306876 2583.094085
32304023 2584.601982
32303556 2586.105738
32302067 2587.616085
32300947 2589.124464
32299217 2590.628454
32298824 2592.141653
32296531 2593.642162
32295428 2595.319506
32294835 2597.021979
32293930 2598.533419
32293402 2600.039957
32292773 2601.547031
32292002 2603.058605
32291339 2604.555704
32291268 2606.068931
32289256 2607.575959
32287852 2609.082955
32287092 2610.601400
32286934 2612.107094
32286018 2613.612609
32285202 2615.132682
32280782 2616.652368
32279976 2618.173268
32279303 2619.687761
32278632 2621.203166
32278404 2622.718714
32276818 2624.231572
32275393 2625.739002
32275148 2627.249841
32274358 2628.752183
32272657 2630.263416
32272003 2631.773284
32271433 2633.287409
32270916 2634.801302
32269725 2636.322348
32267771 2637.850517
32267217 2639.367362
32266222 2640.884097
32264660 2642.404623
32264497 2643.914828
32264094 2645.429955
32263676 2646.945488
32263124 2648.477057
32262877 2649.990795
32262044 2651.514067
32261631 2653.030195
32261333 2654.549388
32261302 2656.071567
32259714 2657.590343
32256810 2659.104325
32256721 2660.617107
32256337 2662.135113
32255786 2663.646637
32255371 2665.166879
32253555 2666.690848
32252589 2668.207952
32251187 2669.730438
32251015 2671.244577
32250192 2672.757903
32249908 2674.279112
32249602 2675.797380
32249149 2677.317132
32246338 2678.832974
32245649 2680.351978
32244450 2681.876420
32243625 2683.400490
32243543 2684.929225
32242989 2686.457380
32242020 2687.976804
32239510 2689.497370
32238976 2691.014818
32237777 2692.529250
32236424 2694.064562
32236197 2695.587658
32236026 2697.105785
32235811 2698.629131
32235204 2700.147151
32234668 2701.673484
32234218 2703.200684
32233953 2704.736024
32233675 2706.265439
32233184 2707.783568
32233010 2709.304523
32232590 2710.827827
32232171 2712.363724
32231405 2713.895108
32230797 2715.421046
32230651 2716.933768
32229551 2718.449217
32228162 2719.983368
32227743 2721.514280
32227335 2723.053526
32227072 2724.582768
32226905 2726.110034
32226205 2727.642180
32225858 2729.168137
32225356 2730.701969
32224942 2732.228550
32224397 2733.758912
32223971 2735.295089
32223953 2736.832375
32223471 2738.360005
32222784 2739.887619
32222234 2741.425899
32222081 2742.962478
32219670 2744.496107
32219451 2746.021118
32218574 2747.548277
32217637 2749.083306
32217429 2750.623368
32217150 2752.142757
32216327 2753.669961
32215640 2755.205675
32215089 2756.737442
32214250 2758.271012
32214234 2759.790567
32213387 2761.316430
32212827 2762.840711
32211983 2764.373120
32211432 2765.901415
32211190 2767.437457
32209008 2768.966205
32208355 2770.490581
32207594 2772.026603
32206169 2773.547276
32206110 2775.081354
32205813 2776.624973
32205476 2778.160810
32204960 2779.698446
32204062 2781.238330
32203939 2782.774556
32202444 2784.310257
32201665 2785.838082
32201410 2787.370821
32201122 2788.899058
32199504 2790.435858
32198709 2791.961238
32197868 2793.499630
32197721 2795.046808
32196630 2796.586220
32196504 2798.138437
32196098 2799.673325
32195791 2801.207648
32194891 2802.737847
32194639 2804.285495
32194478 2805.819016
32193387 2807.355120
32192338 2808.891304
32192028 2810.427153
32191693 2811.967371
32191111 2813.494076
32190793 2815.027640
32190531 2816.562564
32190262 2818.110181
32189933 2819.645732
32189448 2821.176644
32188709 2822.716890
32186965 2824.256543
32186416 2825.794312
32186087 2827.340371
32185700 2828.879005
32185021 2830.414155
32184661 2831.953925
32184595 2833.490098
32184205 2835.028911
32183874 2836.578006
32183203 2838.110469
32182806 2839.648640
32182638 2841.180055
32181338 2842.716949
32180127 2844.251180
32179740 2845.786306
32179372 2847.331591
32178991 2848.864418
32178882 2850.402311
32178833 2851.944613
32178452 2853.480752
32178246 2855.017623
32178066 2856.554916
32177575 2858.098149
32177076 2859.643727
32176711 2861.180368
32176578 2862.717640
32176382 2864.267424
32175678 2865.818923
32174597 2867.359620
32172682 2868.902996
32172279 2870.437284
32170972 2871.985578
32170646 2873.526264
32170061 2875.069491
32169981 2876.607962
32169937 2878.146472
32169479 2879.688081
32168951 2879.688087
32168902 2881.220975
32168858 2882.753174
32168495 2882.753182
32168252 2884.304787
32168128 2885.842588
32166619 2885.842594
32166166 2887.385728
32165916 2888.932214
32164514 2890.476305
32163214 2892.028222
32162814 2893.565128
32162318 2895.100389
32161778 2896.944143
32161274 2898.554959
32160767 2900.077736
32160700 2901.596581
32159925 2903.116608
32159144 2904.646147
32158794 2906.176394
32158368 2907.704310
32157398 2909.226353
32157237 2910.757196
32154262 2912.285181
32153478 2913.810932
32153165 2915.347140
32152908 2916.870754
32152096 2918.388625
32151245 2919.917103
32150802 2921.444936
32150588 2922.969447
32149767 2924.490140
32149296 2926.009643
32148992 2927.540631
32148914 2929.075521
32148692 2930.600186
32148540 2932.126646
32147638 2933.655738
32147286 2935.180630
32146724 2936.708100
32146516 2938.241333
32146117 2939.757116
32145629 2941.275344
32143381 2942.794367
32142039 2944.314290
32142000 2945.839799
32141455 2947.366082
32140906 2948.881069
32138795 2950.412545
32135923 2951.943850
32135835 2953.475684
32134821 2954.998350
32133342 2956.529264
32133278 2958.056860
32132047 2959.594653
32131858 2961.116628
32131534 2962.642530
32130957 2964.174423
32129018 2965.705750
32129014 2967.232348
32128394 2968.760598
32128193 2970.290254
32127912 2971.813439
32127899 2973.340150
32127538 2974.864278
32127249 2976.389417
32126090 2977.912107
32125981 2979.435103
32124614 2980.954963
32124464 2982.488819
32124405 2984.015529
32124074 2985.541641
32123913 2987.074973
32123318 2988.603410
32123135 2990.136786
32122898 2991.665465
32122590 2993.181701
32122161 2994.708137
32121946 2996.236127
32120766 2997.754337
32120628 2999.282608
32120498 3000.802900
32120465 3002.324177
32120330 3003.834209
32120057 3005.356890
32119987 3006.880485
32119875 3008.406838
32119713 3009.929861
32119618 3011.451668
32119469 3012.976385
32119363 3014.501337
32118969 3016.022311
32118282 3017.551485
32117613 3019.071420
32117382 3020.592382
32117167 3022.112215
32116893 3023.631656
32116200 3025.164070
32116143 3026.676440
32115886 3028.192834
32115657 3029.717923
32115194 3031.238940
32114354 3032.772594
32114253 3034.304210
32113633 3035.835700
32112815 3037.367127
32112608 3038.904679
32112384 3040.439224
32110570 3041.965844
32110304 3043.494618
32110266 3045.012904
32109828 3046.542113
32109663 3048.056510
32109535 3049.570554
32109342 3051.086240
32108908 3052.605366
32108279 3054.125648
32107580 3055.639842
32107160 3057.154207
32107129 3058.663672
32106956 3060.184856
32106494 3061.705712
32106407 3063.224738
32106240 3064.750619
32105941 3066.269743
32105726 3067.781396
32105618 3069.300019
32104550 3070.827839
32104227 3072.354304
32103846 3073.868163
32103486 3075.390128
32102982 3076.915170
32102735 3078.436561
32102693 3079.949778
32101730 3081.473585
32101602 3082.988473
32099926 3084.507744
32099739 3086.025179
32098693 3087.549194
32098543 3089.065719
32098347 3090.588752
32098111 3092.105882
32097876 3093.624005
32097692 3095.139804
32097634 3096.656745
32097416 3098.172049
32096802 3099.689652
32096615 3101.197581
32096320 3102.704505
32095980 3104.220389
32095936 3105.724497
32095658 3107.237301
32095489 3108.755828
32094882 3110.263065
32094817 3111.776225
32094512 3113.286370
32094468 3114.795543
32094324 3116.304469
32094090 3117.821202
32093950 3119.324244
32093460 3120.830257
32093342 3122.343162
32093180 3123.843759
32093068 3125.353308
32092786 3126.865411
32092745 3128.370933
32092400 3129.880661
32092337 3131.391673
32092231 3132.898244
32091911 3134.401373
32091732 3135.916387
32091611 3137.415875
32091523 3138.923247
32091310 3140.429795
32091200 3141.945132
32090856 3143.450639
32090528 3144.958400
32090360 3146.465442
32090291 3147.972262
32089760 3149.486845
32089533 3150.994226
32089329 3152.502897
32089032 3154.006798
32088482 3155.508775
32087087 3157.017294
32087060 3158.521113
32086032 3160.018423
32084032 3161.518685
32083962 3163.014206
32083932 3164.514243
32083889 3166.016600
32083841 3167.509814
32083763 3169.014290
32083671 3170.521070
32083583 3172.019655
32083527 3173.518093
32083464 3175.019003
32083452 3176.512315
32083141 3178.014644
32082438 3179.510331
32082211 3181.009383
32081959 3182.517666
32081884 3184.013841
32081849 3185.497150
32081691 3186.989329
32081570 3188.482998
32081520 3191.472720
32081509 3192.967884
32081494 3194.464316
32081396 3195.954120
32080342 3197.583376
32080300 3199.314540
32080137 3200.818776
32080128 3202.337665
32080113 3203.857567
32079666 3205.365306
32079568 3206.880826
32079383 3208.405768
32079271 3211.443482
32079220 3212.969835
32079179 3214.481387
32078651 3215.990822
32078530 3217.497961
32078468 3219.008433
32078138 3220.513940
32078080 3222.022345
32077900 3223.534882
32076804 3225.045084
32076548 3226.559396
32075412 3228.081841
32075358 3229.595413
32075340 3231.108435
32075262 3232.617829
32075214 3234.123956
32075152 3235.623389
32075122 3237.145443
32075097 3238.654971
32074996 3240.152642
32074804 3241.653881
32074502 3243.160344
32074435 3244.662440
32074295 3246.166016
32074167 3247.675441
32073573 3250.669991
32073453 3252.167499
32073142 3253.669703
32072949 3255.164777
32072923 3256.657241
32072843 3258.152478
32072780 3259.645526
32072744 3261.144802
32072717 3262.630262
32072665 3264.123020
32072632 3265.635296
32072579 3267.137963
32072307 3267.137969
32072288 3268.649029
32072267 3274.684584
32072104 3276.180240
32071957 3277.690204
32071894 3279.192659
32071598 3279.192665
32071061 3282.213244
32071047 3283.713146
32071020 3285.231740
32070922 3289.856834
32070843 3289.856841
32070759 3295.971320
320707