18641757 8.044624
18188527 8.044642
18030342 8.044643
17808652 8.044644
17772388 8.044645
17402826 8.044646
17352781 8.891860
17348062 9.738699
17346328 9.738703
17284602 9.738705
17221441 9.738707
16914954 10.586816
16900163 11.434107
16881926 12.279507
16723108 12.279512
16710762 13.123944
16710335 13.961538
16702667 13.961543
16683851 13.961545
16649103 13.961546
16637489 14.799216
16502194 14.799223
16493768 15.630078
16480911 16.458636
16471585 17.282311
16443746 18.098636
16432933 18.903582
16409317 19.706066
16401377 20.501779
16395091 21.289218
16387337 22.070701
16370877 22.070707
16360152 22.846081
16355897 23.612102
16346874 24.375888
16344243 25.125767
16335231 25.870168
16328863 26.608174
16326961 27.335691
16320234 28.057231
16314533 28.775313
16312455 29.489048
16310407 29.489054
16305432 30.201491
16304777 30.201496
16304419 30.906750
16304078 30.906756
16294005 31.606062
16291004 32.303430
16282637 32.999337
16279390 33.689284
16275282 34.377789
16273111 35.063501
16269313 35.742740
16266706 36.421934
16265368 37.099815
16262273 37.778166
16261251 38.449695
16260804 39.118526
16259871 39.785607
16258667 39.785611
16257370 40.450943
16256804 41.114753
16254262 41.114759
16252376 41.777102
16251661 41.777107
16249111 42.435570
16245315 42.435575
16243880 43.088253
16243852 43.744676
16240994 43.744681
16239822 44.396757
16239179 44.396762
16237924 45.045125
16232402 45.045130
16225485 45.692775
16221192 46.339182
16218750 46.984519
16217820 47.629585
16215748 48.273095
16214934 48.913635
16212922 49.553028
16206452 50.191892
16203337 50.830240
16202639 51.466235
16200581 52.101391
16199691 52.732589
16197941 53.363260
16196855 53.363265
16193993 53.994200
16192364 54.622563
16191311 55.248422
16190177 55.873598
16189532 56.497675
16187813 57.120449
16187698 57.742900
16187512 58.362706
16187042 58.980940
16186387 58.980944
16186307 58.980946
16179135 59.601748
16177588 60.218055
16174457 60.218061
16174343 60.835790
16173223 61.452391
16167805 62.068228
16166772 62.681865
16157009 63.293730
16154444 63.908549
16154091 64.520414
16151924 65.131837
16151826 65.742387
16149364 66.350761
16148947 66.957488
16148141 67.565936
16147309 68.175559
16146291 68.780394
16144558 69.383332
16132021 69.986789
16128194 70.587524
16126094 71.188807
16123349 71.789714
16122534 72.390802
16121800 72.989766
16121667 73.588485
16120981 74.188584
16120208 74.785092
16118606 75.379740
16118380 75.379746
16117601 75.976128
16116795 75.976134
16116348 76.572751
16116201 77.167577
16114504 77.760017
16111045 77.760022
16098192 78.352752
16097291 78.946763
16096879 79.538598
16096750 80.132308
16096290 80.725533
16096181 81.317089
16095066 81.906469
16093067 82.495847
16092233 83.083748
16091384 83.669444
16087877 83.669448
16087614 84.257162
16083429 84.839314
16083237 85.425623
16082168 86.010931
16081610 86.593967
16076114 87.179503
16074560 87.763667
16073969 88.347023
16072109 88.931077
16067850 89.514403
16067223 90.096750
16065654 90.678455
16065280 91.258466
16064587 91.837688
16063393 92.417015
16060247 92.417019
16059260 92.994074
16058240 93.572141
16058127 94.148691
16055140 94.725009
16049126 95.301782
16046377 95.875050
16044883 96.450168
16044790 97.025047
16044256 97.600331
16039275 98.174149
16038300 98.748706
16036541 99.321179
16036265 99.891719
16036184 100.462889
16035715 101.032728
16034204 101.602837
16034158 102.173439
16033209 102.740139
16030514 103.309945
16027935 103.877343
16027646 104.447320
16027027 105.014736
16026692 105.581457
16020692 106.147579
16019782 106.715264
16019316 107.281655
16016805 107.848198
16015788 108.415368
16010630 108.415372
16003791 108.980455
16003277 109.546902
15998850 110.109436
15997342 110.672634
15997288 111.235308
15995031 111.797274
15991642 112.360842
15987144 112.923125
15981555 113.482200
15978636 114.044396
15978326 114.604036
15976617 115.165132
15976314 115.726020
15974957 116.285203
15974588 116.845706
15960208 117.404586
15954334 117.963798
15954058 118.520295
15952244 119.079816
15950373 119.638216
15948836 120.195938
15947152 120.754398
15945151 121.310817
15944403 121.869324
15937122 122.427531
15935506 122.986245
15934394 123.543022
15930259 124.099131
15926836 124.654392
15926121 125.211577
15922861 125.768688
15919869 126.320874
15918915 126.875825
15916421 127.430596
15914445 127.985228
15911246 128.541274
15908062 129.095027
15907754 129.651269
15904875 130.207082
15904114 130.759198
15901943 131.313414
15900430 131.863556
15897715 132.415865
15896065 132.970309
15890605 133.523011
15888824 134.073961
15885147 134.624912
15884541 135.175984
15882608 135.724530
15881073 136.277952
15879155 136.830588
15875324 137.381485
15874868 137.930391
15868334 138.480159
15865197 139.031630
15863904 139.581829
15863216 140.130996
15860706 140.683860
15860509 141.235565
15859752 141.787474
15858611 142.337376
15851021 142.887805
15850791 143.439480
15850719 143.990122
15850539 144.541786
15846475 145.091584
15844568 145.641849
15843185 146.192091
15842665 146.741425
15841593 147.293844
15841474 147.841067
15841130 148.389712
15838746 148.940936
15836462 149.490085
15835975 150.039020
15835958 150.586221
15835468 151.135323
15835142 151.682184
15832835 152.232948
15832191 152.782418
15830733 153.330988
15829520 153.879340
15829451 154.426307
15828965 154.972681
15826939 155.520143
15825399 156.069863
15825337 156.618791
15825257 156.618795
15825115 157.168233
15822693 157.168237
15821177 157.717804
15820765 158.265950
15816826 158.813147
15813539 159.358318
15812084 159.902367
15810902 160.450254
15809134 160.996302
15805906 161.543796
15804556 162.091887
15804231 162.642478
15801261 163.188491
15798083 163.734572
15796086 164.282334
15795611 164.830265
15794148 165.379039
15792808 165.923414
15791259 166.469505
15791186 167.016826
15791053 167.561870
15789601 168.108624
15787059 168.653935
15784953 169.199053
15784000 169.743949
15783664 170.291249
15782703 170.837198
15781053 171.384238
15780383 171.928217
15778680 172.471734
15776943 173.018416
15774680 173.563471
15774212 174.107708
15772741 174.654218
15770666 175.196371
15768770 175.741961
15765723 176.285157
15762481 176.827714
15761294 177.371758
15758287 177.914322
15757294 178.458850
15755890 179.001645
15755800 179.545321
15754767 180.086702
15748385 180.630422
15748308 181.171612
15747380 181.713869
15746892 182.254548
15745511 182.254554
15743959 182.797183
15740909 183.337559
15739925 183.876162
15739729 184.416330
15739273 184.957658
15738043 185.496819
15736707 186.037597
15735488 186.577536
15735209 187.118893
15734961 187.658350
15734277 188.196944
15734110 188.196951
15732250 188.735399
15730577 189.276855
15730058 189.814711
15725762 190.353233
15724418 190.893147
15722865 191.431427
15722371 191.967256
15722270 192.504282
15722262 192.504288
15721247 192.504290
15720702 193.040665
15720048 193.040671
15716519 193.577800
15715025 194.116076
15714412 194.649243
15713719 194.649249
15712120 195.183899
15711700 195.722636
15709737 196.257126
15709170 196.793087
15709044 197.325306
15708132 197.856846
15708122 198.391551
15705667 198.921527
15703927 199.453092
15702876 199.987124
15702356 200.522635
15700990 201.055698
15700317 201.585288
15700197 202.114893
15700062 202.648053
15699225 202.648059
15699101 203.180222
15698306 203.180228
15697333 203.710432
15697048 204.237210
15696482 204.766691
15696458 205.295718
15695757 205.826351
15695077 206.356323
15693745 206.885678
15693479 207.414534
15693206 207.939826
15691449 207.939832
15690919 208.466186
15690871 208.992843
15690073 208.992847
15688154 208.992851
15687950 209.517030
15686469 210.043166
15686276 210.043171
15685091 210.568338
15684164 211.095088
15683135 211.615022
15682967 211.615026
15682322 212.139034
15681948 212.661895
15681032 213.183526
15680686 213.704564
15679521 214.230921
15678908 214.753048
15678661 215.275058
15678054 215.798892
15676876 216.321657
15675858 216.842904
15675808 217.363358
15674603 217.882426
15674337 218.403133
15673602 218.921920
15671725 219.445318
15669744 219.965218
15669351 220.485357
15668362 221.002548
15668316 221.518361
15668156 221.518367
15667779 221.518369
15667116 222.034346
15667108 222.034351
15666671 222.551076
15666318 223.068381
15666029 223.068387
15664158 223.068389
15664114 223.583595
15662799 224.098212
15662173 224.612865
15661973 225.129309
15661707 225.642156
15661500 226.153387
15661117 226.667848
15659547 227.181608
15659251 227.701160
15659146 227.701167
15659112 228.214212
15658477 228.214218
15656603 228.724446
15655989 229.233084
15655569 229.742357
15655022 230.247821
15655019 230.755065
15654771 231.262246
15653041 231.767397
15651268 232.270638
15651264 232.772417
15651228 233.274458
15650514 233.775522
15647440 234.273897
15646765 234.772562
15646755 235.268843
15646745 236.259945
15646382 237.249045
15646374 238.231615
15644635 242.555255
15643477 243.966085
15643312 244.430953
15643058 251.942145
15642931 254.405083
15642895 254.804180
15642496 254.804186
15642399 257.881299
15642296 258.254992
15642230 258.985560
15642222 259.703395
15642222 860.883071
