56681640 129.129388
56478276 129.129402
54439864 129.129403
54131918 129.129404
52587380 129.129406
52326976 129.129408
51425597 129.129410
51103184 131.902029
50941923 134.623732
50593337 137.240388
50579862 139.853604
50272928 142.464306
50258722 145.060700
50163420 147.642059
50111060 150.190357
49953751 150.190362
49950381 150.190364
49299399 150.190366
49290168 152.763060
49273175 155.372433
49166669 157.925998
48840439 160.464447
48758902 162.960532
48577544 165.520005
48310171 165.520012
48007410 168.037942
48000023 170.571386
47505161 170.571392
47500780 173.038970
47143318 175.538486
47137949 178.037470
47053997 180.557544
47025620 180.557549
46668750 183.043206
45828793 183.043213
45814217 185.481379
45798912 187.894161
45762712 190.331696
45758521 192.748611
45633148 192.748619
45527230 195.158832
45234117 197.503817
45227205 199.861055
44390064 199.861061
44376523 202.335619
44356590 204.760403
44340990 207.165208
44319023 209.505361
44318931 211.843277
44315786 211.843286
44315160 214.172942
44309386 214.172949
44264754 216.466106
44227205 218.784911
43690382 218.784918
43683507 221.073762
43676908 223.391466
43643570 225.695386
43219064 228.067894
43211236 230.381398
43192721 232.660676
43143516 234.935833
42764268 237.249389
42757566 239.451497
42752620 241.711511
42727708 241.711517
42723184 243.870397
42722064 246.112298
42687459 248.349999
42562259 250.598739
42559465 252.854479
42553028 255.108241
42547975 255.108249
42530499 257.290008
42459130 257.290014
42448799 259.504765
42323862 259.504771
42312567 261.680753
42311310 263.869140
42310504 266.059921
42148680 266.059926
42083451 268.256096
42080607 268.256102
42067376 270.458989
41944245 270.458995
41936623 272.613617
41572515 274.822560
41568737 276.987261
41537245 279.173848
41529062 281.355969
41521139 283.547362
41510958 285.711817
41496800 287.870149
41424019 290.053212
41386316 290.053219
41301861 292.203279
41288756 294.332289
41245524 296.467328
41242883 298.599552
40913962 298.599559
40890084 300.694589
40886101 302.832333
40869524 305.013500
40865160 307.151602
40863583 309.311265
40842667 311.443423
40838504 313.578542
40795045 315.618832
40792419 317.693589
40669487 319.738956
40665150 321.807593
40660325 323.874889
40576173 325.946601
40573067 327.983637
40572739 330.073738
40571038 332.178944
40568421 334.228920
40502236 336.295625
40498313 338.338747
40469322 338.338755
40441481 340.400264
40185889 342.492595
40061228 344.571821
39942019 346.630447
39940108 348.687893
39932622 350.803460
39918546 352.858427
39917322 354.901835
39907766 356.958052
39905546 359.014967
39903987 361.091299
39840052 361.091307
39829557 363.149882
39825952 365.125464
39816881 367.107639
39813711 369.084258
39809357 371.077893
39803631 373.082403
39775231 373.082409
39771337 373.082410
39766581 375.131931
39751738 377.138509
39699049 377.138514
39692728 379.177292
39609448 379.177298
39407213 379.177300
39400524 381.204610
39383425 383.245568
39363324 385.270637
39360715 387.250151
39353826 389.306821
39346454 391.297367
39342500 393.286434
39339494 395.219733
39327993 397.236453
39325555 399.311950
39320599 401.281224
39309266 403.265231
39294760 405.210859
39286062 407.193970
39284277 409.170412
39282931 411.098225
39273201 413.048954
39266798 414.984068
39233090 414.984075
39229757 416.966358
39223384 418.895179
39184847 420.873445
39057100 420.873450
39048234 422.852926
39034876 424.800972
39030457 426.753611
39017436 428.745083
39011540 430.666992
39007074 432.582940
39002990 434.541469
38982547 436.512003
38979849 438.462106
38919231 440.447328
38911423 442.364100
38599932 444.293429
38597665 446.218627
38594190 448.121682
38590827 450.049031
38587034 451.997086
38584799 453.936156
38540507 455.841552
38534649 457.767403
38532280 459.686857
38528925 461.613277
38519185 463.479195
38518218 465.392623
38513340 467.316082
38478674 469.246404
38474749 471.115449
38469988 472.974329
38467338 474.843741
38464143 476.715042
38449368 476.715048
38392466 478.619203
38389261 480.484810
38382258 482.316875
38368227 484.152888
38364383 486.078095
38358944 487.970640
38356658 489.883907
38268404 491.786436
38265090 493.688095
38260368 495.553800
38256104 497.425512
38254018 499.306487
38249590 501.212976
38249065 503.083629
38245926 504.958867
38243769 506.869037
38205237 508.738496
38195093 510.648967
38190634 512.521780
38159735 514.418674
38157900 516.271502
38155811 518.132391
38149720 519.996059
38141044 521.849176
38125666 521.849182
38118976 523.741627
38116572 525.624527
38058847 527.481844
38044066 529.349733
38043047 531.245763
38042192 533.098523
38039087 534.927488
38036846 536.744579
38036036 538.571623
38032710 540.402546
38020814 542.248920
38018750 544.105224
38017307 545.869357
38013969 547.698007
38011661 549.536018
38004048 551.367868
38002676 553.199057
37999881 555.031328
37943890 556.885912
37942864 558.714385
37941514 560.545641
37912693 562.360539
37910959 564.220132
37906152 566.076927
37903973 567.899265
37894929 569.687019
37893306 571.502910
37881092 573.330727
37877351 575.119866
37874822 576.941122
37857865 578.748756
37853159 580.537709
37850800 582.397143
37819774 582.397149
37816549 584.208946
37815317 586.012780
37781472 587.839533
37779414 589.636372
37778234 591.488991
37774593 593.321541
37770168 595.192243
37765010 597.027478
37763142 598.818651
37759863 600.613563
37759350 602.405441
37753255 604.145692
37750975 605.914141
37749522 607.681981
37748573 609.446394
37748153 611.221197
37746417 613.009658
37744789 614.829273
37744402 616.598909
37742121 618.360467
37741379 620.114658
37735349 621.899858
37727134 623.650599
37726244 625.442571
37717359 627.282660
37668364 629.168305
37665903 631.026963
37660506 632.809604
37658958 634.603118
37656264 636.412661
37654799 638.165247
37652791 639.990042
37651965 641.765120
37647930 643.549030
37646447 645.333348
37643788 647.082577
37613137 647.082583
37595431 648.821994
37594542 650.580969
37593528 652.357036
37582110 654.109249
37579403 655.907366
37570677 657.637054
37552409 657.637061
37551700 659.392632
37551075 661.115222
37549982 662.843227
37547929 664.591494
37547037 666.356582
37545034 666.356589
37542732 668.130570
37542004 669.873390
37536329 671.627650
37532526 673.401255
37532288 675.189466
37531470 676.964691
37527846 678.722980
37526657 680.458257
37525592 682.138846
37520655 683.872426
37519055 685.585773
37516873 685.585779
37511396 687.320981
37509031 687.320987
37502871 689.055468
37499049 690.775408
37495834 692.531859
37495368 694.251717
37493568 695.999038
37492226 697.753557
37489556 699.479887
37486954 701.248496
37485155 703.003082
37483028 704.721336
37482664 706.434033
37482333 708.192575
37480208 709.966709
37479803 711.680879
37479778 713.406650
37478482 713.406656
37477541 715.087884
37476505 716.786660
37473576 716.786667
37468807 718.529391
37450083 720.266624
37442635 722.000678
37440745 723.701456
37439082 725.412831
37437460 727.120709
37435534 728.829119
37433762 730.542571
37433453 732.296546
37430391 734.009721
37429279 735.740664
37428372 737.466637
37425412 739.190238
37425253 740.934631
37423646 742.656515
37421876 744.380988
37418892 746.083454
37416986 747.789140
37415652 749.533283
37413140 751.273142
37412884 753.019416
37384096 754.687719
37379199 756.350754
37375804 758.045807
37375313 759.762529
37372807 761.537989
37370176 763.268705
37367278 764.932993
37365568 766.591746
37364656 768.262002
37357119 769.913720
37354413 771.577856
37351866 773.208365
37350761 774.916962
37349634 776.621827
37344012 778.305241
37342201 779.970753
37337398 781.630768
37335139 783.297073
37334569 784.956933
37333825 786.603690
37266582 786.603696
37265346 788.309759
37262876 790.031685
37261985 791.707128
37259770 793.426424
37259105 795.097992
37258674 796.774707
37258586 798.469733
37253409 800.122976
37251934 801.791694
37251467 803.470925
37250076 805.151467
37249633 806.795400
37247343 808.483372
37242432 810.152750
37239777 811.802569
37239617 813.458839
37238073 815.144179
37236302 816.799128
37235485 818.485467
37234563 820.161743
37234078 821.848635
37231807 823.529093
37230965 825.193229
37230221 826.845222
37229776 828.466731
37228588 830.114537
37225999 831.737963
37225265 833.376074
37223574 835.035886
37218605 836.748857
37210809 838.470863
37210363 840.106068
37209441 841.740314
37208625 843.309630
37205941 844.955754
37204599 846.605369
37204505 848.269432
37204288 849.912573
37203337 851.530697
37202744 853.174595
37197780 854.829013
37197400 856.477147
37196422 858.142708
37195583 859.776788
37194756 861.422156
37193366 863.070972
37192124 864.735528
37191548 866.392049
37191509 868.022499
37191066 869.687595
37190111 871.348130
37188061 872.998221
37186514 874.619489
37186100 876.262742
37184914 877.925190
37181558 879.527228
37177875 881.138294
37177173 882.758239
37176132 884.372435
37175973 885.974332
37173331 887.600774
37172514 889.212177
37172352 890.822978
37170692 892.466854
37169813 894.118267
37167964 895.759994
37166866 897.402613
37166649 898.997075
37165932 900.623676
37165290 902.246830
37164216 903.889010
37161204 905.522530
37159154 907.128461
37158815 908.704879
37157893 910.287242
37155818 911.902473
37155077 913.508264
37147636 915.116198
37147266 916.733272
37146237 918.356089
37145874 919.970610
37144726 921.571103
37143342 923.204249
37141615 924.791804
37139225 926.423311
37139224 928.042402
37137155 929.624273
37135194 931.228296
37123005 932.802479
37121693 934.360121
37120953 935.986688
37118593 937.607134
37118572 939.210625
37115376 940.823043
37111800 942.443424
37110950 944.025614
37110398 945.655149
37109469 947.228576
37108241 948.833672
37106624 950.420406
37105319 952.041064
37103109 953.629717
37102552 955.255924
37101389 956.880327
37099777 958.482098
37090624 960.076610
37089463 961.675649
37089096 963.220698
37088988 964.810764
37088802 966.413225
37086911 968.005160
37085633 969.610124
37084522 971.189963
37084438 972.745888
37084032 974.343075
37083780 975.959584
37083675 977.546669
37083327 979.152665
37083277 980.770474
37081744 982.332998
37080061 983.936964
37079846 985.522960
37079321 987.120219
37078491 988.699395
37078462 990.262074
37074389 991.852429
37073849 993.463186
37073365 995.023408
37073041 996.597207
37072527 998.179702
37070780 999.753584
37069942 1001.329941
37069823 1002.932682
37067081 1004.511928
37066219 1006.102410
37060188 1007.663107
37059474 1009.237141
37058816 1010.832770
37058395 1012.410471
37057827 1014.058449
37057221 1015.640776
37056432 1017.188751
37055781 1018.751031
37055356 1020.295034
37053916 1021.836733
37053721 1023.392434
37051854 1024.936461
37051698 1026.489155
37049738 1028.065175
37049235 1029.656850
37047915 1031.247832
37047285 1032.805239
37046963 1034.356064
37044522 1035.924730
37044094 1037.505112
37043779 1039.021995
37039939 1040.599775
37039796 1042.169249
37039534 1043.731597
37038855 1045.269716
37038548 1046.822425
37037286 1048.345095
37035833 1049.910881
37035650 1051.450826
37034798 1052.993873
37033477 1054.539777
37032913 1056.076221
37031569 1057.632451
37030674 1059.184243
37030366 1060.741304
37029785 1062.309422
37026906 1063.840892
37025222 1065.388792
37024746 1066.947028
37023561 1068.508297
37022078 1070.075565
37017449 1071.623412
37015768 1073.149523
37015239 1074.667808
37013904 1076.231544
37013408 1077.798855
37013122 1079.296350
37010639 1080.824240
37009001 1082.323806
37008836 1083.818634
37008348 1085.349510
37007806 1086.898349
37003020 1088.424918
37002015 1089.955840
37001399 1091.486953
37000560 1093.027467
36999799 1094.604979
36999690 1096.174295
36999033 1097.740952
36999003 1099.277679
36998764 1100.834116
36998500 1102.387937
36997361 1103.948873
36997194 1105.473405
36997091 1107.030812
36996244 1108.571869
36996037 1110.118923
36995641 1111.667277
36994202 1113.238946
36993871 1114.794407
36992799 1116.340046
36991660 1117.850685
36989484 1119.396360
36989423 1120.935233
36988205 1122.448591
36987726 1123.961790
36987200 1125.498849
36986571 1127.045100
36983636 1128.587975
36982975 1130.115082
36981850 1131.650944
36978499 1133.158341
36978223 1134.674192
36977612 1136.203966
36976614 1137.743850
36975333 1139.222293
36974982 1140.774926
36973130 1142.299966
36972319 1143.772823
36972313 1145.237827
36971444 1146.705464
36971403 1148.142264
36970806 1149.757186
36969894 1151.273327
36967776 1152.804739
36967623 1154.338551
36966956 1155.978730
36966858 1157.710616
36966785 1159.440670
36966431 1161.162823
36962541 1162.881426
36960928 1164.605882
36958667 1166.311426
36958134 1168.029823
36956916 1169.751458
36955768 1171.471354
36955539 1173.193857
36954459 1174.904862
36953246 1176.608378
36949265 1178.320339
36939665 1180.028652
36938213 1181.731204
36938203 1183.445234
36936614 1185.141178
36932848 1186.853864
36932700 1188.547670
36932686 1190.263288
36932030 1191.968762
36931616 1193.672742
36931263 1195.374667
36931142 1197.065550
36929543 1198.757629
36928082 1200.473423
36927777 1202.156559
36926917 1203.849194
36926745 1205.533900
36926235 1207.229091
36925655 1208.926332
36922413 1210.598330
36921962 1212.297642
36920992 1213.972193
36919316 1215.644595
36919102 1217.313351
36918962 1219.003509
36917527 1220.684018
36917484 1222.370041
36917048 1224.053827
36916253 1225.711735
36915903 1227.395058
36914646 1229.064408
36914186 1230.736483
36913923 1232.410002
36912600 1234.076620
36912012 1235.735859
36910007 1237.394107
36909876 1239.053114
36907615 1240.555757
36905397 1242.016138
36905202 1243.486913
36904802 1244.926585
36904739 1246.376409
36904013 1247.824891
36903884 1249.280606
36903540 1250.723636
36903187 1252.163129
36902914 1253.603198
36902820 1255.107145
36900740 1256.548514
36897134 1257.997237
36897004 1259.445645
36896817 1260.887805
36896110 1262.320820
36893720 1263.745226
36892402 1265.171377
36891505 1266.598691
36891125 1268.025699
36889355 1269.470459
36885028 1270.907847
36884491 1272.356160
36884397 1273.794159
36884267 1275.234175
36880039 1276.686151
36878456 1278.104412
36878299 1279.546271
36877664 1280.997269
36876994 1282.466866
36876897 1283.977783
36876417 1285.501898
36875377 1287.003262
36873378 1288.530723
36871805 1290.063327
36871795 1291.586298
36871143 1293.101710
36870758 1294.635531
36869104 1296.161343
36867639 1297.678458
36865871 1299.204355
36864526 1300.721094
36864042 1302.243625
36863954 1303.777226
36863913 1305.297898
36863059 1306.821293
36862829 1308.329495
36861766 1309.845024
36860210 1311.370180
36859565 1312.890760
36859387 1314.420042
36859056 1315.939273
36856219 1317.423673
36856143 1318.934989
36855884 1320.381776
36852381 1321.825008
36851988 1323.256117
36851755 1324.688698
36844310 1326.132311
36844127 1327.567245
36843899 1329.013460
36843057 1330.476225
36842268 1331.900752
36840409 1333.341921
36839941 1334.784662
36839472 1336.225420
36838393 1337.668531
36837745 1339.111665
36836928 1340.544258
36835303 1342.013596
36835041 1343.465904
36833888 1344.923536
36833863 1346.369462
36833518 1347.832161
36833319 1349.268553
36833132 1350.694824
36833071 1352.127887
36831847 1353.547800
36830478 1354.988957
36828787 1356.426217
36827305 1357.856917
36826980 1359.293407
36826823 1360.737965
36826422 1362.176429
36826220 1363.616098
36826031 1365.045673
36825964 1366.518473
36824954 1367.962183
36824075 1369.392386
36819386 1370.826886
36818927 1372.265184
36817794 1373.705757
36817554 1375.141943
36817319 1376.574055
36817218 1378.003624
36816396 1379.435949
36816146 1380.869942
36815458 1382.310932
36815030 1383.732624
36813957 1385.196912
36811850 1386.632249
36808563 1388.068779
36807595 1389.523685
36806149 1390.970814
36805766 1392.417816
36805449 1393.848503
36804633 1395.288986
36804382 1396.732308
36803260 1398.178287
36803178 1399.628912
36803145 1401.049362
36802180 1402.452298
36802127 1403.871061
36800565 1405.298860
36800560 1406.751963
36800250 1408.175580
36799262 1409.599442
36799010 1411.053712
36797370 1412.502737
36796239 1413.976333
36796205 1415.417001
36795686 1416.860303
36795284 1418.298537
36793071 1419.717223
36792799 1421.146751
36792590 1422.564176
36792220 1423.987666
36791625 1425.428562
36791371 1426.856791
36791269 1428.294007
36791067 1429.725665
36790956 1431.154916
36790281 1432.602334
36787818 1434.020504
36787429 1435.445511
36787167 1436.868830
36785964 1438.293251
36785375 1439.726900
36784712 1441.154962
36784487 1442.576435
36783809 1444.000497
36783719 1445.439132
36783548 1446.878007
36782874 1448.307737
36782108 1449.764789
36781182 1451.196585
36780650 1452.616543
36779937 1454.051811
36779643 1455.460258
36779567 1456.886070
36778950 1458.326698
36778178 1459.768340
36778018 1461.178813
36777318 1462.606586
36776948 1464.046493
36776840 1465.456132
36776397 1466.872529
36775738 1468.312206
36775595 1469.749319
36774181 1471.170303
36774114 1472.576151
36774072 1474.001991
36773669 1475.440302
36770380 1476.862196
36767675 1478.299677
36767213 1479.744465
36766456 1481.150072
36764984 1482.564690
36761956 1483.987792
36761738 1485.411204
36761151 1486.830955
36761083 1488.258314
36760474 1489.700615
36760301 1491.146417
36759595 1492.568748
36759527 1493.990666
36759012 1495.420384
36758955 1496.840724
36752885 1498.271850
36752494 1499.704624
36752389 1501.151073
36751777 1502.609457
36751366 1504.034026
36750934 1505.465604
36750280 1506.905758
36748041 1508.349455
36747340 1509.779806
36746988 1511.202056
36746754 1512.623609
36744939 1514.080259
36742446 1515.504105
36742299 1516.915736
36741941 1518.337632
36741804 1519.746246
36741707 1521.148882
36741138 1522.571506
36741051 1523.982280
36740326 1525.410099
36740230 1526.827183
36739738 1528.238381
36739476 1529.653286
36739374 1531.084512
36737996 1532.498262
36737485 1533.924000
36737053 1535.333565
36731646 1536.765611
36731077 1538.237291
36729789 1539.650914
36729042 1541.089602
36728939 1542.536613
36727475 1543.961469
36727228 1545.414170
36726402 1546.916634
36726124 1548.427471
36725569 1549.922648
36725276 1551.397039
36725074 1552.894399
36724775 1554.387437
36724741 1555.875574
36718748 1557.375438
36716786 1558.868227
36716331 1560.356255
36716159 1561.759583
36716073 1563.180076
36716072 1564.680526
36713956 1566.196104
36712954 1567.695421
36712040 1569.182021
36710885 1570.608696
36710408 1572.067759
36710398 1573.559540
36709691 1575.021774
36709662 1576.419495
36709622 1577.831994
36708979 1579.232051
36708208 1580.638732
36706107 1582.048845
36705601 1583.453373
36705279 1584.879779
36704235 1586.295172
36704197 1587.700292
36704024 1589.118852
36702675 1590.534188
36702638 1591.934073
36701810 1593.342622
36701411 1594.754716
36701406 1596.167795
36700884 1597.575456
36698781 1598.977509
36698512 1600.394316
36698323 1601.799870
36698297 1603.200863
36694744 1604.604527
36694717 1606.016644
36692374 1607.443343
36691040 1608.864323
36687617 1610.270109
36685197 1611.683144
36682717 1613.102815
36677257 1614.518832
36676306 1615.938531
36676125 1617.349397
36676115 1618.777897
36675580 1620.197006
36674101 1621.605182
36673028 1623.021883
36672666 1624.442635
36672259 1625.849077
36670775 1627.265857
36668119 1628.690888
36668066 1630.099194
36668020 1631.508228
36666913 1632.920375
36666811 1634.330208
36660514 1635.738610
36660013 1637.163538
36659743 1638.585022
36654903 1639.993869
36654800 1641.400954
36653950 1642.820255
36653946 1644.230838
36653194 1645.639219
36652905 1647.039451
36647091 1648.441871
36645951 1649.833366
36642952 1651.239562
36642634 1652.655671
36642022 1654.070361
36641982 1655.466820
36641744 1656.871158
36641078 1658.286111
36638388 1659.689915
36637220 1661.103040
36634463 1662.507409
36634376 1663.911330
36634366 1665.344645
36632812 1666.754430
36632335 1668.175165
36631678 1669.591288
36629699 1671.000937
36629657 1672.401239
36625826 1673.824686
36625551 1675.241529
36625006 1676.663109
36624565 1678.104271
36623028 1679.515707
36621112 1680.941788
36620678 1682.348922
36618910 1683.753522
36618816 1685.148986
36615510 1686.561188
36614920 1687.984797
36614734 1689.394988
36614626 1690.810388
36613692 1692.202766
36611961 1693.617457
36611871 1695.030501
36611815 1696.451047
36610448 1697.860226
36610233 1699.268030
36609223 1700.677652
36609074 1702.083836
36608961 1703.521219
36608638 1704.934761
36608571 1706.321037
36606629 1707.741319
36606566 1709.159800
36606492 1710.581437
36603163 1711.988003
36602997 1713.400392
36602530 1714.813571
36601725 1716.231925
36601549 1717.632914
36601304 1719.044186
36598448 1720.451967
36595672 1721.871348
36595266 1723.276339
36594890 1724.693708
36593304 1726.105485
36590524 1727.508516
36586642 1728.918873
36585974 1730.329293
36585065 1731.741102
36583986 1733.155777
36583380 1734.557785
36582622 1735.964777
36582406 1737.361814
36578370 1738.762997
36576334 1740.163287
36576300 1741.570108
36576087 1742.964691
36575685 1744.361000
36575058 1745.774378
36575043 1747.175688
36574990 1748.570188
36574695 1750.168336
36574660 1751.645127
36574285 1753.113150
36574215 1754.585011
36573147 1756.096622
36573079 1757.744663
36571627 1759.403769
36571204 1761.060830
36570771 1762.711072
36570158 1764.369853
36570125 1766.014880
36568751 1767.655540
36568348 1769.300133
36567517 1770.955974
36567502 1772.595172
36565449 1774.249382
36565252 1775.870066
36565178 1777.489096
36564900 1779.101440
36564046 1780.742076
36564039 1782.371338
36563403 1784.006358
36563319 1785.639158
36562681 1785.639164
36561779 1787.266419
36561682 1787.266425
36560161 1788.892241
36559118 1790.526290
36558829 1792.150447
36558013 1792.150453
36554375 1793.775165
36553211 1795.403996
36552419 1797.045257
36552254 1798.677643
36550949 1800.302969
36550931 1801.948131
36550728 1801.948137
36548439 1803.599061
36548327 1805.252733
36548263 1806.899719
36547291 1808.547144
36546101 1810.196064
36545773 1811.835614
36545367 1813.480258
36544881 1815.097301
36544192 1816.751761
36539679 1818.367521
36539545 1819.995046
36538990 1821.622536
36538056 1823.241848
36537783 1823.241854
36537505 1824.869847
36535437 1826.505877
36535311 1828.148867
36534502 1829.778430
36533953 1831.412772
36527589 1833.041690
36525050 1834.670860
36522603 1836.293272
36522303 1837.919072
36522184 1839.549764
36521960 1841.148747
36521774 1842.762264
36521683 1844.386631
36521401 1846.003374
36520772 1847.628939
36516732 1847.628945
36516603 1849.240111
36513721 1850.854405
36513686 1852.484586
36512864 1854.080397
36511549 1855.584325
36511532 1857.027399
36510520 1858.458810
36509567 1859.919973
36506882 1861.365157
36506609 1862.842407
36506346 1864.311351
36506326 1865.778307
36505833 1867.253495
36505347 1868.706122
36504876 1870.195693
36504413 1871.689474
36501313 1873.177074
36500363 1874.665839
36498082 1876.147893
36497477 1877.631378
36496721 1879.101084
36496057 1880.574027
36495654 1882.066523
36495644 1883.522512
36495190 1884.954915
36494924 1886.364583
36494668 1887.783466
36494629 1889.280870
36493581 1890.764710
36492663 1892.227858
36490655 1893.697643
36490329 1895.145914
36488203 1896.622130
36487246 1898.081486
36486811 1899.535271
36485963 1900.977071
36485410 1902.469487
36482167 1903.911026
36482062 1905.389467
36481479 1906.835953
36481180 1908.291730
36481077 1909.774952
36479962 1911.212740
36474651 1912.689156
36473958 1914.143620
36473915 1915.622551
36472044 1917.097795
36470125 1918.584316
36466626 1920.063754
36466273 1921.572394
36463697 1923.048071
36463232 1924.450782
36462293 1925.944183
36461988 1927.425216
36461915 1928.918238
36459324 1930.411788
36459207 1931.911165
36449209 1933.413835
36449130 1934.906804
36449016 1936.393244
36446233 1937.842657
36445369 1939.310448
36445309 1940.782148
36444558 1942.284277
36443411 1943.775681
36440734 1945.278421
36440169 1946.742987
36439419 1948.245175
36438385 1949.683512
36437228 1951.143892
36436356 1952.595445
36436013 1954.043119
36435894 1955.531159
36433922 1956.984086
36432471 1958.450756
36432185 1959.948431
36431110 1961.413339
36429193 1962.913860
36428752 1964.388590
36425362 1965.863386
36422764 1967.364166
36422484 1968.856720
36421863 1970.346142
36421147 1971.838778
36415637 1973.330126
36415626 1974.775050
36411576 1976.259784
36410481 1977.741570
36407800 1979.201310
36406405 1980.684031
36405853 1982.156614
36405810 1983.645929
36404316 1985.122497
36402851 1986.609053
36400978 1988.074316
36400300 1989.566292
36399701 1991.036002
36397903 1992.521861
36395998 1994.010848
36395954 1995.501719
36395421 1997.003491
36393877 1998.491065
36393746 1999.949346
36392961 2001.420493
36392932 2002.871925
36392403 2004.362129
36391807 2005.837391
36390625 2007.315173
36385436 2008.776812
36385012 2010.261496
36384571 2011.746374
36383771 2013.255861
36383201 2014.753168
36382212 2016.245491
36381066 2017.744295
36380960 2019.218259
36380255 2020.649542
36380197 2022.101195
36379116 2023.566377
36379073 2025.034163
36379046 2026.519245
36372942 2027.997911
36372531 2029.491406
36372119 2030.975628
36370873 2032.465016
36369852 2033.948732
36369465 2035.429793
36368481 2036.913390
36366574 2038.417644
36364750 2039.880179
36364343 2041.313287
36363226 2042.757257
36362743 2044.233092
36362661 2045.726850
36359446 2047.206461
36359296 2048.693551
36358776 2050.184408
36358518 2051.672231
36358477 2053.123316
36357881 2054.596603
36352973 2056.043609
36351796 2057.500766
36348341 2059.002682
36346991 2060.494154
36346890 2061.970469
36346538 2063.420296
36344064 2064.868818
36343120 2066.352169
36342733 2067.837531
36338604 2069.305141
36337989 2070.782384
36337959 2072.231907
36336897 2073.693863
36334487 2075.172250
36334242 2076.677745
36328314 2078.155164
36327636 2079.634064
36326038 2081.119691
36323987 2082.617366
36323390 2084.091920
36322919 2085.597918
36320981 2087.078957
36320516 2088.572496
36318671 2090.065435
36318138 2091.556411
36317522 2093.020747
36317110 2094.502622
36317098 2095.993248
36316735 2097.523975
36314927 2099.025719
36314834 2100.535604
36314526 2102.046370
36313704 2103.554358
36313583 2105.043655
36312026 2106.544786
36311302 2108.030480
36310787 2109.516090
36310246 2111.008856
36309591 2112.526716
36307859 2114.023579
36302983 2115.528948
36301995 2117.027968
36300867 2118.502009
36299193 2119.967870
36296502 2121.457536
36294113 2122.934220
36292619 2124.397229
36291643 2125.859316
36290638 2127.359255
36290116 2128.854114
36288501 2130.348993
36287571 2131.844354
36286995 2133.342932
36284779 2134.850443
36284095 2136.340200
36283943 2137.829705
36282937 2139.317800
36282676 2140.821338
36282668 2142.312437
36280085 2143.817459
36278644 2145.264267
36276272 2146.742672
36275786 2148.246363
36275521 2149.741202
36273729 2151.240475
36272336 2152.732213
36271597 2154.226153
36270660 2155.743486
36269640 2157.219288
36269340 2158.686747
36269266 2160.202539
36268988 2161.690730
36265331 2163.139938
36265107 2164.650767
36265073 2166.099603
36264463 2167.592626
36261957 2169.086974
36258392 2170.570050
36257773 2172.059496
36257661 2173.517101
36256961 2174.972795
36256615 2176.484229
36254257 2178.002070
36253516 2179.468919
36248298 2180.987815
36247714 2182.504049
36245559 2184.004930
36245434 2185.506746
36245419 2186.987395
36245396 2188.489626
36244509 2189.975449
36243496 2191.482115
36241611 2193.040134
36239435 2194.549602
36239216 2196.021671
36235109 2197.489433
36233947 2198.999558
36233459 2200.484582
36231310 2201.992776
36230819 2203.480758
36230103 2205.010933
36228248 2206.501843
36227932 2207.984663
36226159 2209.455100
36226102 2210.927634
36223300 2212.440629
36222505 2213.946841
36220274 2215.447776
36220205 2216.957317
36218888 2218.444141
36218080 2219.952039
36217222 2221.456609
36217122 2222.961201
36212745 2224.495205
36211041 2225.969493
36207984 2227.473285
36207792 2229.002024
36203506 2230.493388
36203437 2232.004060
36201921 2233.516598
36200014 2235.004232
36199442 2236.489212
36198931 2237.987108
36198803 2239.438305
36195462 2240.947885
36195067 2242.431134
36195052 2243.928152
36191644 2245.394169
36189561 2246.933407
36188743 2248.491011
36186839 2250.007594
36185923 2251.526267
36184529 2253.063981
36183263 2254.542025
36182153 2256.041192
36179905 2257.569414
36177597 2259.107326
36176237 2260.624968
36174852 2262.140893
36174721 2263.638396
36174386 2265.128192
36173532 2266.652943
36173055 2268.168423
36172525 2269.692449
36171593 2271.204961
36170426 2272.688718
36169184 2274.183806
36168596 2275.693853
36167819 2277.209651
36167317 2278.720071
36167049 2280.234830
36166032 2281.755349
36161752 2283.270484
36160688 2284.803798
36159920 2286.318931
36159775 2287.821980
36159606 2289.349237
36158607 2290.844825
36158432 2292.305139
36157836 2293.828671
36155582 2295.325736
36151978 2296.819029
36150983 2298.335249
36150958 2299.838809
36150153 2301.348305
36148028 2302.831670
36147923 2304.369363
36147808 2305.858975
36147704 2307.381774
36147651 2308.876215
36146928 2310.357853
36146842 2311.845631
36145514 2313.352048
36145409 2314.827381
36144685 2316.349607
36144355 2317.862915
36142495 2319.380925
36142437 2320.844843
36140369 2322.367694
36140367 2323.866394
36139336 2325.346061
36138697 2326.820991
36138511 2328.317203
36136900 2329.855471
36136679 2331.333629
36134719 2332.840240
36132397 2334.396650
36131494 2335.906854
36130182 2337.416479
36126830 2338.976275
36126790 2340.502787
36126510 2342.034446
36126003 2343.569717
36125677 2345.099957
36123933 2346.641166
36122125 2348.142468
36121108 2349.642071
36119254 2351.183204
36119024 2352.719799
36117681 2354.187469
36116602 2355.690310
36115533 2357.200328
36113897 2358.731696
36111991 2360.232451
36111840 2361.752479
36111306 2363.295969
36110893 2364.818352
36109564 2366.339711
36109491 2367.823402
36108694 2369.339213
36107517 2370.850466
36106936 2372.347665
36106131 2373.860057
36105351 2375.396668
36103315 2376.927741
36102476 2378.456496
36102345 2379.967225
36102186 2381.508119
36101608 2383.034540
36101560 2384.545222
36101073 2386.056943
36099539 2387.591404
36099431 2389.137375
36098994 2390.684953
36097633 2392.210646
36097398 2393.717261
36097240 2395.261582
36097195 2396.773567
36097174 2398.307339
36097021 2399.850824
36096550 2401.391128
36095342 2402.913600
36093701 2404.469134
36087653 2405.955980
36086933 2407.485651
36085808 2408.999873
36085531 2410.521488
36085382 2412.035625
36085061 2413.564078
36084886 2415.106726
36083129 2416.623568
36082362 2418.144236
36081123 2419.671177
36080000 2421.217091
36079563 2422.780213
36078894 2424.335262
36078885 2425.847847
36077938 2427.355644
36077399 2428.870945
36075130 2430.394946
36072041 2431.943658
36071074 2433.496144
36070869 2435.014096
36068769 2436.585171
36068489 2438.110474
36068301 2439.660229
36066217 2441.204677
36065015 2442.720735
36063613 2444.223976
36062561 2445.761321
36062261 2447.293516
36061493 2448.830012
36060693 2450.371064
36060264 2451.901316
36059624 2453.437867
36058590 2454.940118
36058553 2456.446546
36058537 2457.961760
36057187 2459.475275
36056949 2461.015037
36056587 2462.534995
36055116 2464.090122
36053167 2465.643503
36052686 2467.173755
36051231 2468.696711
36050029 2470.222239
36049919 2471.739389
36048982 2473.266930
36048905 2474.801421
36047924 2476.350968
36047362 2477.889603
36046780 2479.440938
36046361 2480.982777
36046285 2482.516934
36045593 2484.066678
36045478 2485.614878
36044912 2487.168649
36044705 2488.698122
36043409 2490.236513
36043041 2491.745281
36042082 2493.295670
36040805 2494.877322
36040659 2496.440522
36038741 2497.987269
36038574 2499.499538
36035893 2501.031124
36035808 2502.558575
36035358 2504.101277
36033709 2505.646372
36032486 2507.177690
36032295 2508.732806
36030604 2510.260796
36028906 2511.821204
36028878 2513.363173
36027909 2514.887260
36023116 2516.412543
36022704 2517.920998
36022457 2519.451110
36021871 2520.987973
36021638 2522.542280
36020570 2524.079514
36019759 2525.626871
36019598 2527.167464
36019158 2528.709736
36018746 2530.250974
36018240 2531.796667
36017480 2533.355553
36017056 2534.922295
36015777 2536.468143
36015135 2538.026957
36015063 2539.570385
36014730 2541.127646
36010877 2542.678070
36009287 2544.248307
36004629 2545.816264
36003531 2547.362371
36002470 2548.918056
36002207 2550.496958
36001534 2552.082731
36000120 2553.650908
35996288 2555.203768
35996094 2556.783188
35993594 2558.339273
35992858 2559.905887
35991861 2561.416110
35990285 2562.983550
35988582 2564.516272
35986841 2566.065727
35984361 2567.589928
35983320 2569.163491
35983039 2570.754324
35982899 2572.316474
35980976 2573.841981
35978229 2575.389592
35978221 2576.945763
35977880 2578.502776
35976795 2580.049264
35975960 2581.598370
35975418 2583.122004
35975381 2584.696576
35974279 2586.283817
35971783 2587.849229
35971289 2589.425186
35971286 2590.995728
35970262 2592.563420
35968923 2594.134456
35967845 2595.692814
35967131 2597.238193
35966808 2598.809967
35966638 2600.390740
35963942 2601.938570
35963861 2603.528111
35961619 2605.088758
35960652 2606.673322
35960082 2608.200879
35959993 2609.771731
35959635 2611.285566
35958602 2612.857011
35957551 2614.444405
35956499 2616.024176
35956108 2617.591844
35955025 2619.170560
35953944 2620.731035
35953333 2622.298427
35952345 2623.894215
35951933 2625.448206
35951929 2627.006265
35951227 2628.567723
35948997 2630.155911
35948197 2631.723587
35946216 2633.297591
35944964 2634.835172
35942393 2636.391362
35942012 2637.983814
35940394 2639.566651
35937939 2641.155447
35937552 2642.718574
35936729 2644.298337
35934111 2645.841863
35931467 2647.387803
35928457 2648.963220
35928359 2650.546771
35927390 2652.109354
35927144 2653.655852
35926482 2655.197498
35926363 2656.772512
35925771 2658.357337
35925456 2659.905877
35925253 2661.452645
35925143 2663.037800
35925102 2664.621809
35923863 2666.195511
35922612 2667.744973
35922415 2669.311871
35921133 2670.896110
35921053 2672.489497
35920237 2674.056463
35919478 2675.652653
35919285 2677.238247
35919019 2678.808467
35918269 2680.357124
35916583 2681.934805
35916445 2683.516615
35916374 2685.109369
35912673 2686.722186
35912021 2688.339967
35911188 2689.923185
35910780 2691.528927
35908889 2693.124592
35908219 2694.729980
35907804 2696.291462
35907014 2697.880466
35906482 2699.439841
35903197 2701.023672
35902253 2702.635455
35902001 2704.222448
35901274 2705.809749
35895415 2707.372467
35895014 2708.981819
35893096 2710.573084
35892885 2712.164485
35891717 2713.748715
35889893 2715.344866
35889731 2716.930329
35889292 2718.535397
35888982 2720.160650
35888795 2721.772208
35887533 2723.369870
35887114 2724.991061
35883155 2726.585079
35882709 2728.181986
35881752 2729.788467
35879598 2731.382537
35879385 2732.935058
35879373 2734.532973
35879307 2736.126167
35877270 2737.701753
35876588 2739.308090
35874809 2740.903749
35873451 2742.528303
35873024 2744.101538
35871241 2745.666513
35871215 2747.265158
35871139 2748.860464
35867745 2750.456316
35866467 2752.096647
35866108 2753.661610
35865532 2755.238930
35864539 2756.842384
35864387 2758.439324
35862392 2760.031323
35862340 2761.603028
35858222 2763.175020
35853227 2764.752043
35852137 2766.345107
35851138 2767.945529
35850370 2769.524192
35846989 2771.080793
35846044 2772.663281
35844919 2774.258541
35844510 2775.830185
35842142 2777.394614
35841305 2778.984056
35840784 2780.557003
35840525 2782.127002
35838418 2783.722148
35838293 2785.296484
35838128 2786.880032
35837227 2788.508054
35837010 2790.108254
35836782 2791.696116
35836689 2793.269907
35836428 2794.866348
35832963 2796.443330
35831959 2798.051315
35829233 2799.651165
35828213 2801.219022
35826408 2802.824825
35825483 2804.426995
35823988 2806.048794
35823779 2807.648254
35823697 2809.259191
35822547 2810.871708
35821702 2812.500642
35820648 2814.082489
35819204 2815.659245
35819039 2817.271226
35817776 2818.916879
35816858 2820.553890
35816342 2822.150867
35815378 2823.735070
35814215 2825.331290
35811951 2826.918220
35811216 2828.492568
35811103 2830.094368
35809156 2831.709317
35808545 2833.289100
35807659 2834.867177
35805653 2836.462194
35804911 2838.090411
35802673 2839.694729
35802522 2841.272263
35802193 2842.885592
35801573 2844.517614
35801505 2846.152122
35801199 2847.756930
35800531 2849.373315
35798750 2850.988554
35797480 2852.628909
35796149 2854.254200
35795892 2855.870207
35795826 2857.518458
35793993 2859.159412
35793042 2860.812293
35791610 2862.415795
35789469 2864.040896
35787754 2865.653997
35786717 2867.250126
35785948 2868.827216
35785587 2870.442244
35785425 2872.053201
35785320 2873.685537
35784925 2875.326585
35784586 2876.984354
35784335 2878.605403
35783631 2880.223323
35783619 2881.849529
35782052 2883.487930
35781054 2885.110847
35780666 2886.767477
35779192 2888.365109
35778182 2889.997012
35778019 2891.624667
35776781 2893.282380
35774866 2894.912594
35771560 2896.549146
35770229 2898.155220
35768725 2899.763095
35768086 2901.397858
35767228 2903.055368
35766923 2904.674952
35765742 2906.321445
35764937 2907.965126
35764589 2909.594697
35763859 2911.241349
35761464 2912.858389
35761049 2914.498383
35760500 2916.118057
35759659 2917.722852
35759328 2919.343752
35759137 2920.929639
35756106 2922.582411
35755544 2924.212957
35754740 2925.855941
35753402 2927.483927
35752271 2929.114892
35752058 2930.793718
35751773 2932.400895
35751294 2933.993326
35751061 2935.584489
35749915 2937.220600
35749285 2938.858932
35747523 2940.510293
35746194 2942.163199
35745918 2943.781206
35740790 2945.413373
35740186 2947.084547
35737769 2948.737052
35736165 2950.345414
35732123 2951.981180
35731682 2953.587183
35730470 2955.260632
35730095 2956.904085
35730029 2958.549162
35729034 2960.210289
35728874 2961.842412
35728773 2963.493640
35727955 2965.149801
35727303 2966.785675
35726259 2968.427206
35724982 2970.107601
35722127 2971.702535
35721938 2973.369386
35721785 2975.030562
35721746 2976.674661
35720946 2978.322870
35720027 2979.956990
35719398 2981.591151
35717804 2983.242916
35717173 2984.895981
35716825 2986.656313
35714815 2988.298988
35712279 2989.925648
35712268 2991.590548
35712222 2993.435572
35711192 2995.305791
35709550 2997.165520
35708945 2999.025011
35707409 3000.899174
35706475 3002.769703
35706148 3004.636533
35705917 3006.492791
35705763 3008.325539
35705371 3010.225760
35704561 3012.058475
35703964 3013.924042
35703887 3015.799135
35703244 3017.677136
35702857 3019.577975
35702460 3021.453119
35701853 3023.453490
35701254 3025.393807
35700132 3027.331390
35700040 3029.333498
35699121 3031.448518
35699006 3033.554548
35698488 3035.615413
35697462 3037.685929
35696764 3039.770934
35695942 3041.881032
35694968 3043.977044
35693429 3046.079806
35692369 3048.170907
35691365 3050.264272
35691156 3052.360770
35690305 3054.449790
35690035 3056.527814
35689954 3058.609335
35687691 3060.691849
35687479 3062.793870
35687455 3064.866909
35686811 3066.954558
35685908 3069.040714
35685170 3071.141627
35684371 3073.250458
35682911 3075.341226
35682813 3077.427377
35681890 3079.516514
35681167 3081.594475
35680669 3083.679660
35677811 3085.753714
35676450 3087.845976
35676267 3089.926921
35673701 3092.005237
35673241 3094.095166
35671348 3096.165920
35670400 3098.234458
35669924 3100.293717
35669377 3102.273688
35668105 3104.160078
35667798 3106.115348
35667073 3108.086704
35665882 3110.037269
35665015 3112.023625
35664932 3113.963928
35664793 3115.899579
35664379 3117.818705
35664185 3119.746697
35663322 3121.675300
35663028 3123.573624
35662409 3125.505213
35662192 3127.431717
35662177 3129.357049
35661433 3131.260234
35661202 3133.018824
35660467 3134.694450
35660287 3136.342426
35659945 3137.987619
35659629 3139.708560
35658599 3141.477020
35658383 3143.268474
35657922 3144.921435
35657175 3146.618191
35656628 3148.370735
35655691 3150.123243
35655544 3151.897313
35655336 3153.658314
35654637 3155.434617
35653481 3157.188665
35653069 3158.810456
35652593 3160.471109
35652034 3162.177332
35651589 3163.885145
35651081 3165.608056
35649679 3167.325411
35649321 3169.028253
35648708 3170.771366
35648698 3172.574919
35648184 3174.342262
35647849 3176.150978
35647642 3177.946002
35646076 3179.752721
35645807 3181.520364
35645278 3183.255032
35644062 3184.930468
35642916 3186.631867
35641972 3188.326308
35640840 3190.005974
35640589 3191.710298
35639570 3193.354422
35639242 3195.073705
35638278 3196.812472
35638081 3198.486875
35637161 3200.177619
35636186 3201.874153
35635638 3203.552805
35635555 3205.269116
35634536 3206.963999
35632638 3208.668660
35631982 3210.363190
35630526 3212.017337
35629688 3213.712893
35629294 3215.397563
35629030 3217.163398
35628924 3218.910346
35628365 3220.614753
35628070 3222.376382
35626116 3224.094014
35624335 3225.864290
35624240 3227.581637
35623641 3229.265896
35623151 3230.952996
35622717 3232.679132
35620762 3234.373581
35620273 3236.057532
35619449 3237.724888
35618912 3239.411373
35618125 3241.102607
35617588 3242.791373
35617184 3244.512550
35616106 3246.254570
35614812 3247.990799
35614235 3249.821604
35613260 3251.619592
35612152 3253.371768
35611425 3255.090822
35608970 3256.779796
35608660 3258.564488
35608562 3260.356388