41154984 50.244299
38177312 50.244325
37086860 50.244327
37073244 50.244329
36875413 50.244330
36498681 52.100042
36479329 53.935528
36364196 53.935534
36233777 55.765581
36193639 55.765588
36018379 57.588914
35957258 57.588919
35936988 59.406744
35836319 59.406750
35323191 61.208925
34835521 61.208932
34826667 63.009343
34821777 64.802127
34814935 66.579355
34800502 68.350867
34429424 70.136858
34411330 71.907737
34404582 73.659762
34311486 75.402904
33951964 75.402911
33878994 77.142952
33674969 77.142957
33661356 78.882479
33185480 80.615478
33180944 82.337294
33104069 84.064169
32751796 84.064174
32693731 85.761997
32688710 87.452102
32682843 89.146063
32677513 90.844929
32605972 90.844935
32601477 92.534427
32513100 94.209911
32181025 95.876597
32173392 97.538399
32171092 99.194891
32167207 100.830877
32156094 102.476195
32146089 102.476201
32135014 104.109984
31968357 105.739906
31951140 105.739912
31940215 107.368801
31771637 107.368806
31768643 108.973491
31764471 108.973499
31399741 108.973500
31264285 110.578685
31225029 112.171378
31142226 112.171383
31136098 113.750602
31132231 115.342036
31130555 116.943845
31095242 118.526890
31091015 120.094446
31046539 121.646814
30955323 121.646820
30951387 123.190647
30945464 124.750071
30940590 126.282102
30916406 126.282107
30873991 127.828628
30778899 129.381403
30775575 130.920324
30766595 132.452812
30748830 133.994713
30740124 135.526478
30698366 135.526484
30694043 137.034480
30688340 138.537332
30654546 138.537339
30614430 140.051083
30447222 140.051089
30404507 141.558138
30356820 143.076459
30297723 144.578968
30126320 146.070987
30116679 147.574613
30113971 149.057527
30110331 150.570030
30105945 152.056444
30104003 153.560737
30026392 153.560743
30020051 155.043285
30014872 156.511080
30007530 158.159293
30002417 159.922943
29978742 161.420873
29970466 162.893191
29966996 164.387226
29962211 165.881268
29953423 167.363311
29920914 167.363318
29916739 168.849777
29911813 170.330444
29903840 171.807246
29901336 173.278727
29885323 174.752071
29875226 176.226015
29838897 177.702714
29836952 179.170823
29798723 179.170828
29791503 180.636629
29764820 182.103232
29760570 183.554968
29652769 183.554973
29648932 185.018574
29645943 186.483890
29640717 187.942729
29635962 189.403116
29632371 190.863716
29629696 192.309876
29626255 193.763223
29591434 195.231881
29590016 196.689595
29586696 198.121748
29585135 199.568444
29569528 201.011981
29564828 202.455844
29562678 203.891956
29558340 205.342121
29556757 206.798231
29548206 208.253396
29545449 209.699955
29541105 211.151382
29538420 212.580369
29534141 214.023802
29531712 215.471583
29530650 216.911802
29526477 218.352789
29515278 219.793910
29509179 221.213956
29508469 222.644185
29505519 224.061391
29503674 225.487753
29497060 226.923129
29494127 226.923134
29489163 228.362826
29488157 229.791823
29485591 231.214120
29484676 232.641679
29483552 232.641686
29483160 234.058571
29479574 234.058576
29478518 235.483305
29476238 235.483311
29474932 236.903091
29463795 236.903097
29453434 238.331770
29449928 239.759615
29443759 241.201810
29440702 242.614381
29434874 244.030246
29433322 245.446119
29431523 246.864822
29426000 248.284564
29424930 248.284569
29421473 249.715219
29420035 251.122143
29417088 251.122149
29415465 252.537923
29408817 253.939229
29406272 255.346707
29404342 256.753105
29402231 258.152910
29400678 259.552715
29397766 260.963233
29396129 262.360489
29393612 263.760734
29389212 265.159822
29388455 266.552479
29386337 266.552486
29385188 267.947492
29383518 267.947499
29383389 269.334080
29381761 269.334087
29381358 270.733072
29380005 270.733078
29378358 272.113325
29376513 273.497831
29371778 274.887311
29364973 276.264837
29361422 277.646305
29361320 279.014507
29357642 279.014514
29355016 280.374584
29351513 281.742266
29346877 283.112123
29344285 284.483313
29342334 285.855773
29341692 285.855779
29338236 287.220626
29328695 288.579503
29326632 289.939613
29322721 291.298446
29318964 292.653822
29312079 294.022326
29311248 295.380208
29309339 296.730192
29306779 298.087648
29305824 299.440411
29303888 300.795166
29302827 300.795172
29302344 302.137971
29297587 302.137977
29294473 303.484658
29283050 304.822184
29281418 306.156309
29278753 307.502694
29276247 308.847883
29272722 310.182101
29272245 311.512967
29268842 312.845616
29266229 314.175533
29265256 315.506336
29263532 316.836633
29261889 318.162089
29260445 319.478404
29255917 320.800706
29255193 322.129535
29253816 323.452063
29252808 324.775778
29251504 326.097963
29251252 327.405751
29249208 328.732828
29246898 330.052409
29246222 331.371301
29239818 332.690969
29233429 333.999358
29231026 335.316762
29227382 336.641554
29226601 337.949041
29226029 339.259125
29222963 340.583696
29221432 341.902713
29218064 343.230806
29217994 344.541955
29215552 345.841775
29210845 347.135363
29210460 347.135369
29209943 348.431952
29209131 348.431959
29207561 349.726178
29202938 351.020332
29201980 352.313353
29201535 353.611966
29199947 354.921280
29199295 356.221721
29199157 357.523029
29198067 358.815392
29196346 358.815398
29195846 360.107072
29194715 360.107077
29192110 361.390421
29190538 362.685497
29190085 362.685502
29189788 363.975944
29186636 363.975950
29184865 365.263136
29184277 366.565426
29181055 366.565433
29178997 367.851710
29178109 369.149295
29174051 370.431789
29173043 371.714055
29173035 372.998886
29170883 372.998891
29169487 374.285831
29165738 375.560917
29165171 376.846379
29164345 376.846385
29162923 378.126479
29162449 379.402498
29160218 380.671316
29159851 381.941238
29158093 381.941244
29156981 383.221580
29153692 384.504562
29153329 385.782775
29152267 387.056457
29150877 388.333461
29148329 389.599626
29146327 390.866629
29135331 392.139489
29133757 393.418342
29132196 394.683522
29130890 395.952018
29129611 397.223493
29127870 398.492470
29126887 399.758443
29125557 401.021725
29125066 402.290663
29123291 403.545531
29118353 404.807241
29116874 406.082203
29116592 407.345553
29116509 408.606175
29115842 409.869977
29115668 411.125135
29113277 412.387894
29112544 413.646253
29111894 414.905141
29111023 416.162417
29110845 417.409965
29110386 418.660211
29107259 419.919453
29105269 421.168925
29103604 422.425080
29102892 423.675560
29102773 424.937305
29102422 426.177512
29100155 427.433446
29096256 428.682193
29095393 429.926988
29094873 431.183118
29093628 432.430287
29091891 433.681074
29090862 434.928431
29089515 436.178525
29086651 437.427101
29084266 438.667265
29082606 439.907599
29080709 441.150932
29080175 442.389525
29079741 443.629278
29079608 444.866356
29078665 446.108413
29076774 447.349317
29076592 448.583019
29076321 449.827059
29075968 451.070920
29068204 452.310042
29067398 453.557184
29065834 454.789036
29064816 456.032053
29064776 457.277984
29064059 458.521163
29063666 460.170310
29061912 461.454864
29060811 462.694049
29060515 463.939632
29060247 465.192037
29058860 465.192042
29058000 466.436833
29057032 467.688822
29056965 467.688827
29048441 468.927754
29046085 470.173571
29044419 471.412452
29044139 472.655366
29043319 473.896651
29041563 475.124918
29040946 476.357688
29039430 477.600405
29038976 478.850485
29038477 480.087387
29037409 481.323942
29030424 482.564846
29029846 483.805645
29029822 485.034427
29029497 486.275465
29020745 487.506640
29019937 488.736908
29018489 489.972603
29017499 491.208578
29016931 492.438056
29015937 493.682902
29015255 494.916843
29013268 496.152157
29012454 497.390798
29011433 498.629878
29011085 499.858380
29010658 501.095110
29009500 502.323639
29009263 503.558289
29008490 504.786149
29002118 506.014474
29000132 507.241564
28996715 508.463483
28994773 509.693277
28993773 510.911449
28993315 512.147147
28992888 513.379182
28991399 514.612276
28990801 515.839537
28989405 517.072385
28984190 518.304240
28982455 519.527949
28981588 520.753641
28978286 521.974882
28977800 523.202164
28976169 524.431169
28975946 525.643879
28975546 526.862934
28975454 528.088639
28971992 529.312408
28968300 530.525509
28967535 531.742377
28967103 532.964712
28966740 534.174874
28966000 535.398269
28964572 536.616158
28963970 537.837234
28962380 539.058141
28960361 540.277683
28959598 541.489157
28956274 542.705902
28955430 543.928300
28954747 545.144522
28953044 546.354789
28952799 547.573006
28950049 548.792257
28949671 550.013155
28949075 551.223923
28949074 552.431235
28948999 553.641798
28948002 554.845266
28946298 556.049298
28940982 557.259526
28940146 558.464709
28940104 559.662742
28938825 560.875799
28938423 562.078167
28936576 563.289994
28936525 564.493083
28935797 565.709249
28934790 566.916939
28933168 568.131213
28933023 569.349683
28925574 570.559355
28925413 571.775791
28924854 572.984052
28921760 574.201395
28917046 575.404818
28915543 576.610627
28915254 577.826851
28913722 579.039978
28912859 580.249141
28912310 581.456976
28908366 582.660555
28907947 583.867276
28907443 585.069753
28902976 586.272254
28900927 587.480955
28900178 588.680921
28898854 589.874557
28898029 591.075188
28896894 592.274656
28896400 593.474841
28896141 594.675343
28895410 595.879879
28893387 597.080283
28891934 598.276488
28891562 599.475218
28889688 600.685782
28888570 601.889553
28888165 603.092430
28887607 604.286430
28885921 605.476570
28882918 606.676581
28880130 607.868830
28879986 609.063950
28877314 610.257507
28876499 611.452644
28875540 612.649388
28875267 613.837158
28874693 615.031221
28874601 616.229875
28874446 617.433272
28873966 618.623510
28871610 619.822415
28871558 621.028906
28870625 622.216745
28863178 623.411218
28862900 624.618637
28855416 625.813156
28854730 627.005026
28854363 628.199589
28853574 629.395788
28853260 630.593601
28853130 631.804338
28853083 632.992251
28852931 634.179052
28852872 635.373989
28850015 636.567580
28849459 637.758214
28847633 638.947289
28845718 640.141099
28845465 641.336825
28843998 642.527794
28843434 643.726882
28843393 644.915459
28843278 646.108121
28841195 647.292931
28840933 648.500739
28840160 649.688746
28839431 650.881274
28838985 652.072598
28838269 653.258842
28837935 654.443010
28833152 655.629928
28832246 656.830495
28832087 658.024988
28831637 659.213745
28830950 660.409125
28830639 661.592661
28830478 662.768028
28830187 663.962386
28823980 665.149012
28823904 666.336891
28815576 667.524551
28815536 668.720924
28813658 669.901836
28813305 671.074989
28813121 672.259895
28812316 673.439714
28812089 674.623248
28811661 675.796444
28809998 676.981472
28809736 678.178378
28809588 679.355788
28809434 680.540219
28809185 681.730906
28809123 682.911896
28808275 684.095487
28807486 685.267153
28807296 686.454759
28806975 687.625261
28806949 688.802140
28806371 689.987238
28794554 691.164723
28793008 692.344223
28790984 693.525380
28790657 694.708499
28788716 695.896575
28788441 697.067380
28788139 698.247077
28787994 699.431981
28786415 700.603523
28779698 701.778918
28778762 702.961951
28777627 704.126910
28777275 705.308762
28776140 706.477689
28776133 707.654379
28769038 708.827871
28766671 710.004279
28765363 711.191831
28765353 712.363493
28762949 713.533279
28754824 714.702287
28754535 715.881254
28754321 717.057829
28748768 718.227661
28744868 719.397698
28742661 720.585965
28741999 721.758620
28741980 722.921187
28741755 724.094150
28740841 725.265063
28739655 726.436829
28739321 727.614191
28734908 728.789490
28729310 729.966409
28725921 731.140644
28725409 732.309251
28722734 733.481439
28720792 734.645730
28719794 735.820873
28718467 736.993555
28717659 738.168229
28715346 739.357995
28708832 740.540410
28705492 741.707370
28703390 742.879280
28700942 744.055227
28698440 745.226918
28696675 746.400457
28695169 747.570684
28693109 748.740596
28691987 749.910592
28688951 751.074117
28688136 752.254665
28686717 753.415171
28685532 754.587244
28684933 755.763586
28684891 756.933021
28683560 758.095468
28681520 759.273551
28681443 760.586396
28681001 761.971895
28680576 763.150576
28680466 764.322673
28679204 765.492858
28678968 766.664956
28678312 767.843519
28678055 769.007185
28673939 770.180260
28673290 771.346701
28673156 772.503310
28669911 773.677818
28668844 774.843159
28666892 776.000874
28659673 777.163370
28659099 778.326007
28657633 779.497520
28655875 780.667674
28653390 781.832478
28653335 782.989075
28653191 784.141896
28649669 785.301235
28640936 786.474716
28640333 787.625793
28637978 788.783507
28635107 789.947488
28634758 791.096997
28634291 792.261540
28633540 793.428219
28633458 794.600187
28632883 795.753508
28630371 796.918478
28622169 798.081920
28621033 799.253973
28620612 800.407146
28620539 801.569217
28619543 802.726127
28617931 803.888777
28617216 805.058798
28614610 806.227699
28613684 807.385923
28612906 808.542947
28608689 809.709280
28607485 810.872748
28606064 812.025447
28603997 813.194960
28602701 814.343140
28601476 815.502552
28600133 816.666339
28599885 817.831044
28599753 818.987450
28599394 820.145855
28598161 821.305425
28593809 822.465308
28592839 823.621888
28592366 824.784046
28591762 825.940611
28591667 827.104587
28590560 828.281288
28587982 829.435796
28587752 830.602811
28587604 831.765438
28587400 832.929682
28586403 834.087352
28586393 835.254532
28586298 836.417893
28582795 837.572407
28578507 838.737923
28577392 839.899815
28576236 841.058053
28574677 842.222505
28574099 843.378400
28572282 844.534796
28571305 845.688891
28570908 846.855529
28569952 848.021648
28569922 849.177523
28569179 850.344294
28567443 851.505748
28566780 852.667913
28566743 853.831670
28566148 854.996902
28565990 856.162775
28565657 857.333980
28565191 858.496490
28564536 859.661424
28564452 860.821927
28563511 861.988616
28560998 863.152658
28560835 864.320243
28560606 865.480162
28558537 866.649615
28557252 867.811647
28556356 868.981562
28554149 870.143839
28554143 871.311639
28553309 872.468454
28553139 873.630912
28550630 874.800401
28550095 875.974956
28549784 877.155557
28549098 878.327495
28543675 879.476727
28543361 880.645815
28541079 881.804760
28540818 882.970388
28539543 884.136491
28535232 885.294595
28534666 886.454009
28533070 887.618974
28521099 888.773058
28520770 889.938471
28518853 891.094624
28518077 892.271131
28517661 893.432003
28517126 894.592967
28516467 895.753714
28514354 896.910161
28514124 898.070123
28511912 899.238694
28510293 900.402791
28510160 901.570260
28510103 902.737172
28507749 903.906172
28505779 905.063389
28504356 906.219508
28503268 907.379585
28502064 908.540369
28501714 909.700830
28500259 910.861987
28498174 912.025196
28497092 913.194625
28496770 914.356247
28493830 915.523024
28488135 916.688427
28484858 917.849636
28483814 919.023079
28483150 920.185986
28483142 921.357853
28482750 922.523866
28482437 923.688813
28482252 924.853611
28481351 926.024002
28478725 927.188220
28478134 928.351059
28475288 929.512497
28474988 930.681051
28474422 931.839425
28472827 933.001077
28472817 934.158222
28472303 935.326196
28472215 936.475336
28471274 937.640130
28468474 938.811298
28466818 939.981745
28463418 941.148747
28460571 942.312476
28459365 943.479732
28458818 944.652508
28456698 945.817836
28454258 946.974616
28453025 948.149741
28450315 949.316058
28448916 950.484874
28448085 951.651546
28447686 952.825796
28445895 953.988104
28445462 955.155334
28444467 956.318425
28443339 957.478381
28442980 958.635624
28441845 959.804350
28440374 960.972555
28439263 962.129021
28439056 963.295671
28438927 964.460612
28438431 965.632479
28437533 966.795451
28435532 967.965307
28435459 969.137805
28433636 970.294752
28431714 971.461554
28431181 972.631791
28426990 973.803575
28425944 974.972994
28423771 976.141602
28419498 977.302751
28417991 978.470397
28416955 979.641010
28414152 980.821745
28413940 981.997975
28413652 983.166924
28410943 984.342040
28408779 985.521401
28406774 986.686020
28406161 987.860542
28405076 989.026245
28404487 990.188087
28402298 991.359387
28402189 992.527229
28399461 993.692958
28397371 994.867614
28394813 996.040290
28391060 997.211461
28391006 998.386218
28390985 999.554794
28390937 1000.717902
28390842 1001.886943
28390177 1003.047068
28388212 1004.208943
28385777 1005.366025
28385346 1006.535604
28384080 1007.689462
28383145 1008.847056
28379733 1010.006037
28379270 1011.169537
28374459 1012.315336
28373961 1013.486652
28373789 1014.652630
28373702 1015.808221
28373680 1016.966377
28371085 1018.117732
28370762 1019.285094
28369223 1020.446053
28368572 1021.613787
28368015 1022.776427
28366624 1023.937192
28365040 1025.091913
28362249 1026.264376
28362011 1027.430864
28356434 1028.602532
28354866 1029.767529
28354163 1030.931138
28349822 1032.100044
28348413 1033.260268
28348337 1034.423635
28348203 1035.590790
28345821 1036.753250
28345043 1037.921539
28344836 1039.084114
28343874 1040.237694
28342663 1041.404242
28341531 1042.568625
28339729 1043.737513
28338446 1044.902392
28338422 1046.076575
28335051 1047.246430
28333510 1048.423565
28332535 1049.591066
28331938 1050.753041
28326145 1051.922318
28325550 1053.080286
28324996 1054.240357
28324869 1055.421427
28324456 1056.588301
28321852 1057.767124
28321817 1058.929302
28314558 1060.104242
28313617 1061.274452
28311189 1062.791656
28310280 1063.980269
28308062 1065.168405
28305249 1066.353416
28303210 1067.540604
28303152 1068.737130
28302382 1069.918397
28300435 1071.100049
28299768 1072.275613
28298649 1073.448908
28298552 1074.642763
28295709 1075.829004
28295067 1077.012639
28293778 1078.202924
28291761 1079.401729
28291250 1080.591496
28290259 1081.785300
28289652 1082.967542
28288984 1084.155203
28288806 1085.332872
28288073 1086.513709
28287536 1087.699836
28286490 1088.896755
28286353 1090.091943
28283837 1091.274657
28280842 1092.455651
28278986 1093.641846
28277273 1094.841399
28277140 1096.041610
28275057 1097.228233
28274926 1098.413989
28266948 1099.610123
28266442 1100.795141
28265806 1101.980660
28264151 1103.182153
28263505 1104.367708
28260947 1105.568508
28259791 1106.758630
28258693 1107.948654
28258302 1109.146779
28257153 1110.346012
28256867 1111.544814
28256428 1112.732096
28253794 1113.925152
28253698 1115.114903
28253184 1116.303790
28252952 1117.493837
28250957 1118.691292
28250881 1119.882131
28247885 1121.068368
28247704 1122.275785
28246356 1123.469333
28245327 1124.657406
28244744 1125.848319
28243945 1127.044978
28242023 1128.239776
28241659 1129.432139
28239984 1130.622381
28238422 1131.807046
28237954 1133.005950
28237687 1134.207979
28236623 1135.401515
28235243 1136.604269
28230971 1137.792779
28228989 1138.988903
28227983 1140.184814
28226827 1141.374893
28226426 1142.567363
28225852 1143.766628
28223650 1144.959601
28220068 1146.161736
28217737 1147.371186
28214952 1148.573734
28213366 1149.777633
28212736 1150.978096
28212167 1152.176520
28211732 1153.374336
28209050 1154.572415
28209048 1155.770674
28206784 1156.965660
28205996 1158.159479
28205202 1159.359687
28205109 1160.568287
28202468 1161.774372
28200430 1162.983869
28199875 1164.188940
28197691 1165.394834
28197422 1166.589922
28195149 1167.799280
28194149 1168.992529
28192486 1170.193491
28191197 1171.397562
28190557 1172.605695
28190139 1173.809112
28189607 1175.018136
28186543 1176.217973
28186302 1177.418995
28185526 1178.617711
28183904 1179.825612
28183872 1181.033679
28181239 1182.220313
28179668 1183.419679
28177979 1184.629207
28176889 1185.832551
28176412 1187.040221
28172043 1188.243003
28171322 1189.442679
28168586 1190.656025
28167280 1191.855608
28162484 1193.062511
28161392 1194.270371
28159600 1195.473422
28159367 1196.683886
28159271 1197.894095
28157886 1199.099578
28156965 1200.306879
28154811 1201.525595
28153172 1202.740345
28152774 1203.954936
28152768 1205.161119
28152747 1206.386768
28151607 1207.611661
28150448 1208.834216
28149607 1210.062112
28148752 1211.274080
28147056 1212.486410
28145182 1213.696184
28144937 1214.883331
28144916 1216.093309
28140837 1217.307795
28138618 1218.500522
28138230 1219.721089
28138059 1220.928211
28136891 1222.143894
28136145 1223.353634
28135342 1224.573583
28135162 1225.791479
28134105 1227.008796
28132399 1228.223072
28131164 1229.428007
28130277 1230.635363
28117782 1231.841752
28116149 1233.060623
28115667 1234.279613
28114746 1235.494124
28114347 1236.694227
28113189 1237.899475
28112254 1239.124558
28111841 1240.341135
28110625 1241.549837
28109494 1242.755173
28108097 1243.971220
28106818 1245.197519
28105835 1246.425932
28103195 1247.637217
28102388 1248.847725
28100327 1250.058048
28099364 1251.275858
28098820 1252.498181
28097544 1253.712635
28093050 1254.931651
28092123 1256.128483
28091554 1257.338358
28087992 1258.553022
28087547 1259.765052
28087546 1260.976341
28087149 1262.190321
28086698 1263.414504
28085021 1264.636069
28082464 1265.857737
28080950 1267.076965
28080158 1268.320337
28077836 1269.552221
28076165 1270.788269
28076075 1272.008606
28076048 1273.244980
28071677 1274.480180
28067890 1275.711089
28065994 1276.947860
28064551 1278.167398
28063828 1279.408177
28062539 1280.640861
28061971 1281.877614
28060989 1283.126094
28059006 1284.369127
28058582 1285.616122
28056694 1286.848170
28056423 1288.085165
28055566 1289.321980
28055159 1290.559707
28054623 1291.789383
28054444 1293.035540
28053731 1294.257219
28053253 1295.489742
28050852 1296.714820
28050460 1297.948756
28048452 1299.189854
28048328 1300.430553
28047326 1301.656784
28046618 1302.891668
28046303 1304.135788
28046007 1305.357048
28045303 1306.580253
28044646 1307.822560
28043123 1309.049220
28041431 1310.272344
28040441 1311.512835
28039785 1312.752290
28038729 1313.981823
28036096 1315.210249
28034779 1316.437037
28034311 1317.666791
28033028 1318.898497
28031885 1320.128489
28031880 1321.355479
28031067 1322.575604
28030443 1323.815161
28028515 1325.052803
28026891 1326.275870
28026411 1327.504325
28023801 1328.746674
28023495 1329.977209
28022997 1331.209424
28022593 1332.433766
28020535 1333.677856
28018786 1334.917448
28018222 1336.167561
28017590 1337.407250
28016457 1338.641212
28015646 1339.904516
28014587 1341.150175
28013538 1342.407920
28012656 1343.648649
28011414 1344.897239
28009020 1346.151961
28008042 1347.403357
28005667 1348.647683
28005152 1349.901323
28003731 1351.153640
28003091 1352.405213
28002810 1353.667415
28001935 1354.919551
28001315 1356.174961
27997686 1357.413113
27997027 1358.660183
27996371 1359.913079
27994474 1361.166074
27993806 1362.423567
27993517 1364.121868
27991769 1365.405361
27991710 1366.648720
27991342 1367.881739
27990078 1369.111530
27989117 1370.338866
27987793 1371.575336
27986015 1372.801061
27985934 1374.039072
27984048 1375.282674
27983777 1376.522774
27983581 1377.771617
27982839 1378.997666
27982802 1380.232634
27981829 1381.475945
27980903 1382.711781
27979955 1383.954464
27979343 1385.197916
27976744 1386.438832
27976307 1387.680024
27976173 1388.921236
27974549 1390.159090
27973857 1391.384534
27972678 1392.616172
27972659 1393.850422
27971843 1395.091644
27970548 1396.326996
27970150 1397.562703
27969261 1398.812852
27966094 1400.049724
27965645 1401.282810
27965466 1402.520927
27957945 1403.755968
27956470 1405.000509
27956456 1406.250290
27956295 1407.489206
27955602 1408.723483
27955428 1409.960456
27954889 1411.196694
27954113 1412.436687
27953792 1413.671960
27953151 1414.906616
27952542 1416.141204
27952301 1417.388691
27952004 1418.638928
27949613 1419.884249
27948589 1421.135472
27948347 1422.377578
27947357 1423.618692
27947222 1424.870726
27946182 1426.118766
27945276 1427.367688
27944364 1428.601025
27943855 1429.848801
27938935 1431.082368
27937001 1432.322220
27936566 1433.584725
27935640 1434.830016
27934945 1436.082977
27934409 1437.321410
27934171 1438.571652
27933714 1439.820438
27933158 1441.067710
27932010 1442.311954
27931144 1443.561978
27931082 1444.809090
27930900 1446.060366
27930768 1447.306328
27928802 1448.545444
27928482 1449.793789
27927661 1451.033482
27926607 1452.281451
27925208 1453.525935
27923836 1454.787940
27922618 1456.042676
27921997 1457.295270
27921011 1458.536690
27920339 1459.784912
27920229 1461.027767
27919780 1462.274928
27919314 1463.539308
27917872 1464.786815
27915752 1466.031528
27914982 1467.281568
27914362 1468.529834
27913943 1469.761121
27913677 1471.015409
27913450 1472.268428
27913216 1473.512095
27912288 1474.776294
27911772 1476.014961
27911378 1477.265568
27910415 1478.519099
27909802 1479.776490
27907729 1481.024313
27905565 1482.278137
27904860 1483.523471
27904447 1484.776699
27904050 1486.029043
27903782 1487.279592
27903445 1488.529355
27902778 1489.786189
27901881 1491.032832
27899804 1492.277721
27898293 1493.537207
27896540 1494.785103
27896158 1496.039822
27895642 1497.281204
27893078 1498.535100
27892317 1499.799058
27891446 1501.049722
27890938 1502.315156
27890283 1503.571421
27889802 1504.824096
27888720 1506.073286
27888505 1507.338361
27888285 1508.593746
27887614 1509.852054
27886046 1511.098323
27885586 1512.374435
27884795 1513.629197
27884366 1514.872894
27883501 1516.135925
27882684 1517.400695
27881204 1518.656372
27880351 1519.925665
27880090 1521.180415
27879211 1522.440931
27878551 1523.706192
27878353 1524.973046
27877807 1526.239184
27877441 1527.499712
27876592 1528.768969
27876415 1530.025175
27875386 1531.292747
27875177 1532.556971
27874184 1533.806367
27871735 1535.074393
27869985 1536.338406
27869576 1537.598467
27868630 1538.845967
27868483 1540.111677
27867957 1541.382841
27867675 1542.648627
27866556 1543.912545
27866009 1545.173323
27865158 1546.432063
27864723 1547.682774
27864660 1548.939151
27864424 1550.201600
27864421 1551.462399
27864034 1552.729523
27863824 1553.989409
27863634 1555.244327
27862503 1556.506205
27861576 1557.766849
27861200 1559.028004
27860988 1560.285076
27859741 1561.551784
27859192 1562.815195
27858747 1564.066708
27858125 1565.331047
27857679 1566.590543
27856976 1567.844101
27856702 1569.111695
27849341 1570.369475
27849063 1571.620275
27848928 1572.886209
27847348 1574.141275
27847296 1575.399271
27847193 1576.656982
27846765 1577.930011
27845906 1579.190781
27845382 1580.456726
27845053 1581.727266
27835396 1582.994947
27835265 1584.266700
27834744 1585.536067
27834384 1586.811892
27832286 1588.081276
27831273 1589.345551
27831136 1590.613045
27830892 1591.875975
27830366 1593.140723
27830196 1594.418274
27830101 1595.671575
27829729 1596.939368
27829136 1598.205371
27828121 1599.466875
27826165 1600.734218
27825871 1602.002628
27825320 1603.264958
27824532 1604.535918
27824053 1605.801950
27823570 1607.075551
27823144 1608.343412
27822896 1609.617286
27822650 1610.880989
27822408 1612.154515
27822331 1613.420653
27822049 1614.692945
27821571 1615.972716
27821167 1617.246537
27820523 1618.511949
27819780 1619.788313
27819061 1621.049869
27818777 1622.322418
27817877 1623.598075
27817484 1624.855259
27816797 1626.116316
27814615 1627.388554
27812952 1628.664476
27812324 1629.928555
27811849 1631.196754
27811074 1632.466338
27810992 1633.740597
27810350 1635.006503
27810147 1636.275336
27808567 1637.545418
27807738 1638.822403
27807407 1640.087205
27807289 1641.369458
27806994 1642.649498
27806473 1643.917423
27806165 1645.192522
27802942 1646.458082
27802355 1647.725726
27801742 1648.994524
27800752 1650.259786
27800718 1651.526433
27800431 1652.794669
27798586 1654.063208
27798061 1655.333509
27797913 1656.610054
27797717 1657.894581
27797621 1659.162447
27796975 1660.430739
27796246 1661.713606
27796110 1662.987843
27796044 1664.556281
27795571 1665.942556
27795213 1667.238700
27794665 1668.525217
27793224 1669.804025
27793070 1671.085366
27792991 1672.357190
27792103 1673.622444
27791345 1674.907480
27790726 1676.182172
27789851 1677.458767
27789723 1678.728063
27789305 1680.005407
27787560 1681.271782
27787388 1682.550384
27787314 1683.826103
27786465 1685.099515
27785967 1686.378267
27785382 1687.659607
27777517 1688.945899
27777206 1690.229420
27777076 1691.500553
27776610 1692.772705
27776517 1694.049700
27776491 1695.327375
27776105 1696.608938
27773752 1697.880003
27773653 1699.162143
27773260 1700.441889
27772955 1701.724857
27772368 1703.004716
27772270 1704.284869
27771987 1705.565170
27771051 1706.845005
27771044 1708.120314
27769622 1709.401354
27769571 1710.674332
27769329 1711.937446
27768948 1713.205243
27766882 1714.477756
27766682 1715.752637
27766499 1717.043350
27766272 1718.323535
27765233 1719.595840
27764540 1720.883626
27764009 1722.165986
27763257 1723.446254
27762754 1724.716139
27762320 1725.990965
27762283 1727.265914
27762114 1728.537846
27762082 1729.816778
27761843 1731.102843
27761693 1732.390043
27761623 1733.665951
27761108 1734.948877
27760231 1736.222384
27759728 1737.496979
27759532 1738.786740
27759105 1740.071051
27756185 1741.337050
27756062 1742.615587
27755599 1743.892990
27755483 1745.160140
27755016 1746.441196
27754859 1747.724382
27753185 1749.009143
27753174 1750.287597
27752323 1751.571624
27752098 1752.852318
27751681 1754.132371
27751568 1755.401850
27751377 1756.675428
27751321 1757.949586
27751241 1759.219254
27748101 1760.496875
27747672 1761.775490
27747506 1763.042057
27747345 1764.316929
27747259 1765.590982
27747158 1766.852187
27746943 1768.124328
27746771 1769.382526
27745445 1770.659072
27744816 1771.941162
27744237 1773.195351
27744060 1774.464072
27743887 1775.722174
27742176 1776.997441
27733641 1778.265676
27733586 1779.527723
27732759 1780.788788
27732195 1782.060753
27732038 1783.336034
27730661 1784.608564
27730125 1785.877396
27729809 1787.140495
27729763 1788.403961
27729719 1789.672647
27729436 1790.953818
27729142 1792.219159
27727864 1793.495073
27726222 1794.760828
27725769 1796.031048
27725519 1797.293394
27725401 1798.564191
27723675 1799.843730
27723535 1801.114581
27723504 1802.391882
27722756 1803.667760
27722721 1804.934216
27722646 1806.203372
27722326 1807.463287
27722137 1808.725725
27722057 1809.994742
27721688 1811.266016
27721532 1812.525348
27721484 1813.791701
27721382 1815.065047
27721348 1816.329145
27721099 1817.600041
27721088 1818.874398
27720927 1820.154482
27719541 1821.416186
27719485 1822.678036
27718721 1823.942267
27718696 1825.194667
27718668 1826.463275
27718580 1827.722148
27718566 1828.984043
27718384 1830.244530
27718291 1831.510118
27717467 1832.768651
27717402 1835.296217
27716871 1836.559328
27716632 1837.818514
27716413 1839.094951
27716013 1840.363231
27713331 1841.610795
27713193 1842.868685
27713104 1844.133672
27712808 1845.387336
27712804 1846.650303
27712710 1847.914577
27712682 1849.194488
27712652 1850.456107
27712588 1851.723552
27712448 1852.982296
27712271 1854.243013
27711857 1855.502140
27711582 1856.755034
27711574 1858.026516
27711329 1860.542071
27711296 1861.801339
27711268 1863.054821
27711231 1864.300147
27711206 1865.555160
27711201 1866.794333
27711127 1868.048987
27711017 1869.308291
27710972 1871.805288
27710742 1873.055736
27710658 1874.294452
27710460 1875.550137
27710341 1876.792051
27710291 1878.034615
27708983 1879.277501
27708922 1880.529734
27708917 1883.032561
27708774 1884.262729
27708743 1885.510424
27708706 1886.751135
27708689 1887.983008
27708667 1889.224864
27708660 1890.460027
27708560 1891.691648
27708442 1892.925155
27708416 1894.155077
27708197 1896.634081
27707955 1897.878471
27707825 1899.127598
27707810 1900.365390
27707799 1904.074152
27707795 1906.557162
27707657 1909.029149
27707613 1911.489438
27707600 1915.186248
27707511 1918.901743
27707494 1922.592597
27707420 1929.938566
27706691 1934.805509
27706578 1938.457620
27706518 1942.099228
27706457 1943.316650
27706446 1951.823120
27706438 1953.032280
27706421 1954.251949
27706133 1955.466336
27706021 1956.675501
27705995 1957.893095
27705990 1959.095713
27705976 1960.302828
27705903 1961.511761
27705896 1962.708503
27705885 1963.909808
27705841 1967.891898
27705752 1970.353753
27705731 1976.491745
27705727 1978.934605
27705133 1985.063400
27705044 1987.528047
27705029 1988.754157
27705024 1989.966265
27705020 1991.193411
27705013 1992.416184
27705008 1993.651606
27704994 1994.873485
27704972 1996.113482
27704955 1997.350415
27704953 2002.255448
27704924 2004.706589
27704922 2008.378182
27704900 2018.200589
27704863 2023.091639
27704841 2024.320266
27704714 2025.537839
27704709 2026.763541
27704702 2027.974739
27704698 2029.184814
27704696 2031.631852
27704691 2032.833978
27704602 2048.456515
27704481 2051.974414
27704471 2078.167668
27704469 2079.271923
27704404 2093.382147
27704373 2094.463197
27704362 2095.534136
27704357 2097.647706
27704357 2699.072406
