10205592 2.036240
10152534 2.036261
10066902 2.036264
10058964 2.322638
10054634 2.616156
10032966 2.910152
10025804 3.200721
10022772 3.496172
10016743 3.791753
10011122 4.085674
9986775 4.381038
9984197 4.671543
9978044 4.965170
9974313 5.256776
9971972 5.549201
9967742 5.836658
9964641 6.127910
9964410 6.416476
9964208 6.703161
9962184 6.993644
9961858 7.282143
9959647 7.567127
9958533 7.854323
9949554 8.139410
9947942 8.421812
9940152 8.707673
9939214 8.988832
9934278 9.273716
9929757 9.553780
9927926 9.833265
9926544 10.115346
9924101 10.394172
9923914 10.670791
9921077 10.952574
9919814 11.228443
9917007 11.505966
9906287 11.781545
9902537 12.060468
9897010 12.334514
9890553 12.606882
9889434 12.880997
9888391 13.154866
9886851 13.424992
9886085 13.697903
9877722 13.966847
9875494 14.237948
9871481 14.504874
9865740 14.772596
9865202 15.040778
9864183 15.310548
9861876 15.575316
9860623 15.839464
9856161 16.102843
9853424 16.102848
9853392 16.367640
9852423 16.629865
9848429 16.629870
9839345 16.891754
9839222 17.155524
9834499 17.415412
9832627 17.673891
9830030 17.932966
9829006 17.932970
9823374 18.190036
9822113 18.449719
9819604 18.706313
9816193 18.960390
9811900 19.218438
9811467 19.472939
9810775 19.725971
9803888 19.977234
9800733 20.228106
9799221 20.480900
9797218 20.730723
9793809 20.978393
9789585 21.225650
9781243 21.471877
9777425 21.719887
9777413 21.966022
9775447 22.210041
9774849 22.451926
9773648 22.692578
9770961 22.937198
9769117 23.178128
9769005 23.415785
9768796 23.653533
9762663 23.889800
9762631 24.124451
9762213 24.360483
9761527 24.591921
9760121 24.823906
9759275 25.056030
9757787 25.284557
9755517 25.511846
9755111 25.738230
9754430 25.963743
9753635 26.188327
9753323 26.410767
9751935 26.632234
9748251 26.851691
9747299 27.073324
9746922 27.293358
9745616 27.507471
9745005 27.724500
9744408 27.938730
9743842 28.149459
9743026 28.362669
9742046 28.573432
9741315 28.782398
9739911 28.989405
9739417 29.195323
9738671 29.401702
9738008 29.604752
9737570 29.808105
9736264 30.010533
9735522 30.209580
9733545 30.209585
9729859 30.411499
9729365 30.609996
9728888 30.805778
9728450 30.999412
9727481 31.195557
9727247 31.578366
9727242 31.766742
9725254 32.322686
9724861 33.038260
9723907 33.215967
9723281 33.389551
9722525 33.732982
9722367 34.230218
9722362 34.557318
9722240 34.715218
9722240 635.770315
