76795408 230.159086
76079804 230.159104
75505276 230.159106
75067126 230.159107
74723038 230.159109
73794662 230.159110
72685144 230.159111
72672399 233.302638
72235621 233.302645
70910858 236.492112
70902886 239.647961
70886635 242.817171
70880466 245.961989
70875076 249.091838
70871794 252.174968
70859356 255.279223
70855097 258.402762
70845015 261.503016
70832251 264.625554
70703730 267.689415
70699298 270.740608
70425706 270.740615
70368615 273.748825
69169727 276.817112
67705977 279.846446
67313057 282.865487
67307531 285.865962
67302971 288.853065
67291704 291.883795
67286527 294.919660
65839076 297.945799
65831810 300.909728
65823254 303.786445
65792147 306.642328
65788727 309.628107
65778678 312.575896
65747185 315.501801
64841454 318.389803
64040351 321.341165
63304651 324.253919
62990293 327.180982
62836300 330.138136
62821948 333.067651
62819433 335.986909
62814335 338.932556
62811056 341.810189
62790100 344.719066
62787858 347.658529
62779499 350.590656
62777211 353.467364
62775248 356.309838
62767268 359.143093
62724007 362.022044
62714041 364.905737
62698414 367.787913
62690905 370.618294
62682806 373.490007
62678812 376.371431
62661668 379.227567
62643520 382.125550
62641517 384.989647
62633241 387.843408
62629980 390.630851
62625578 393.444654
62583069 393.444661
62572704 396.231784
62566278 399.022616
62547096 401.875711
62543269 404.708778
62489376 404.708784
62471776 407.507766
62183531 407.507773
62072042 410.282362
62068922 413.089998
61597748 413.090005
61582086 415.856479
61578712 418.606162
61208358 421.321817
61204464 424.016835
61201256 426.761080
61089386 429.544153
61085161 432.268677
61084943 435.050195
61074196 437.777193
61070279 440.511728
61056032 443.244762
60772708 443.244769
60760260 445.966650
60601591 448.684115
60595398 451.457326
60591400 454.190022
60586597 456.844790
60582477 459.576673
60478499 462.185973
60469193 464.814005
60185329 464.814013
60171249 467.497385
60004206 470.142641
59735095 470.142647
59445033 472.795130
59443209 475.468882
59432180 478.096936
59429813 480.798514
59037607 480.798519
59032978 483.459193
59028663 486.130823
58498688 488.824529
58491750 491.439951
58484660 494.042803
58480968 496.685342
58479413 499.345802
58472011 502.026484
58470607 504.712727
58465675 507.338856
58454322 509.980303
58323151 509.980310
58301578 512.620496
58297670 515.250211
58296327 517.916540
58291804 520.569117
58193147 523.231338
58156402 525.854494
57925724 528.489395
57922612 531.125137
57712845 531.125142
57701628 533.716134
57698610 536.322651
57694359 538.969109
57680757 541.550883
57673283 544.155762
57409273 546.692183
57387698 549.246311
57382374 551.797197
57362584 554.358243
57354931 556.954145
57334885 559.486070
57017173 559.486076
57015817 562.100038
57011190 564.644406
56936111 567.133862
56932169 569.733410
56929954 572.308040
56926398 574.911890
56690095 577.725409
56632975 580.419044
56622580 582.985976
56617111 585.552354
56615853 588.100085
56611201 590.628679
56605285 593.188453
56150612 593.188460
56145762 595.706790
56132156 598.255382
56126967 600.884611
56121623 603.430786
56113691 605.928704
56109641 608.495028
56104601 610.996318
56091283 613.581190
56089578 616.075547
56044157 618.536891
56034985 621.043859
56022840 623.569816
55836237 626.073785
55835695 628.573117
55825535 631.045498
55670325 631.045503
55567486 633.550103
55565299 636.078047
55559244 638.560170
55557360 641.036493
55550737 643.524025
55547845 645.975123
55514760 648.416424
54830725 650.903358
54828624 653.358302
54826186 655.816916
54822234 658.266780
54818108 660.713392
54816951 663.158982
54782629 665.586234
54773052 668.019598
54772071 670.478618
54735547 672.903293
54732849 675.300214
54658061 675.300220
54594938 677.713095
54559093 680.125710
54476810 682.613300
54471647 685.054973
54469339 687.533643
54463753 689.970626
54404967 692.414548
54403894 694.843499
54391987 697.259798
54251273 699.683576
54201697 702.060025
54199214 704.450989
54194322 706.848453
54191510 709.251757
54188503 711.637449
54123195 711.637455
54118251 714.037097
54116949 716.426891
54116387 718.794616
53848965 721.206717
53843072 723.600436
53798455 725.976342
53790432 728.393204
53782799 730.822924
53781260 733.221783
53219708 733.221790
53091660 733.221791
53088607 735.610533
53062930 737.991321
53046026 740.351137
53039068 742.769994
53032927 745.177187
53025552 747.575921
53022695 749.980767
52588129 752.354230
52585932 754.740846
52583591 757.085825
52582765 759.462988
52576956 761.796560
52575375 764.127063
52493513 766.502573
52481776 768.884508
52478806 771.265577
52473268 773.649628
52469667 776.027825
52421530 778.365855
52407966 780.751925
52402712 783.107587
52401280 785.485629
52400163 787.871163
52399652 790.216046
52161908 792.512739
51981657 794.860684
51978636 797.214646
51975819 799.527837
51974140 801.871021
51949261 804.194366
51941825 806.507428
51939907 808.843793
51938150 811.190503
51934046 813.513855
51931288 815.822037
51926825 818.132357
51925288 820.460113
51921039 822.768483
51915886 825.109419
51879201 827.417183
51877692 829.712258
51874569 831.986043
51873133 834.273283
51792031 836.555035
51790747 838.868355
51786527 841.203145
51774560 843.533735
51714711 843.533742
51712288 845.813318
51709800 848.112705
51698855 850.385263
51697425 852.679797
51584865 854.929368
51581450 857.227392
51577946 859.472063
51574491 861.772010
51570780 864.093588
51563131 864.093595
51561227 866.350535
51560640 866.350542
51559342 868.645161
51558864 868.645168
51554469 870.914811
51552910 873.149508
51551762 873.149514
51503357 875.443393
51498727 877.738002
51494818 880.028126
51475315 882.294966
51471922 884.594457
51470299 886.887607
51467464 889.137195
51316225 891.421199
51314290 893.715118
51307848 895.985100
51306055 898.190320
51301916 900.461986
51300449 902.785288
51297850 905.050356
51295082 907.329522
51293203 909.633426
51290541 911.962195
51285822 914.355825
51071730 914.355832
51067928 916.955550
51063433 919.527708
51058659 922.086131
51009513 924.676396
51005312 927.290727
51002738 929.867973
50998069 932.441019
50839389 934.967866
50836749 937.332325
50835581 939.590093
50832664 941.865738
50831046 944.118987
50827371 946.323872
50823436 948.581813
50785021 950.786085
50783073 953.010347
50781830 955.234365
50767208 957.508370
50764330 959.760093
50763140 962.032671
50732186 964.252688
50730226 966.488610
50721101 968.692200
50717963 970.953824
50714800 973.233841
50711988 975.471309
50710505 977.728232
50561665 979.948278
50555948 982.189168
50554045 984.427416
50552297 986.634403
50550026 988.843860
50529277 991.069204
50524964 993.304605
50521722 995.561863
50440818 997.820444
50439024 1000.012965
50080696 1000.012970
50079507 1002.196854
50071726 1004.363438
50070714 1006.538840
50069153 1008.779482
50064939 1010.995380
50063541 1013.238051
50059474 1015.422885
50051879 1017.599720
50001415 1019.778066
49998946 1021.972504
49997218 1024.158890
49996726 1026.297681
49994812 1028.524963
49992659 1030.729987
49975582 1032.907698
49966883 1035.133714
49958424 1037.333435
49957390 1039.479576
49953197 1041.647131
49952229 1043.864652
49950758 1046.054328
49948338 1048.239760
49946854 1050.432658
49942945 1052.617717
49905077 1052.617721
49904313 1054.804236
49807266 1056.973533
49717163 1059.159758
49715209 1061.317067
49714158 1063.510487
49710280 1065.704131
49709521 1065.704136
49708835 1067.876934
49707378 1067.876939
49704427 1070.028484
49702149 1072.211772
49590787 1074.396184
49589100 1076.575069
49587452 1078.760049
49394850 1078.760054
49393755 1080.936223
49349195 1083.107187
49296421 1085.266670
49295013 1087.467933
49292660 1089.625143
49289413 1091.776208
49286248 1093.938102
49282923 1096.081805
49246600 1098.244206
49245492 1100.424120
49244528 1102.589988
49241496 1104.741987
49235442 1106.903872
49233263 1109.065252
49231442 1111.205958
49227735 1113.346260
49219699 1115.506763
49219418 1117.682686
49213793 1119.790975
49212774 1121.964299
49211031 1124.085823
49209128 1126.207525
49207781 1128.378549
49202881 1130.520742
49023779 1130.520748
49009295 1132.626467
49007581 1134.747553
48997492 1136.896103
48994838 1139.023302
48993919 1141.166421
48992904 1143.320277
48915670 1145.478627
48912232 1147.588644
48910988 1149.701408
48908779 1151.837625
48891338 1153.974081
48889765 1156.098815
48889445 1158.179035
48886457 1160.282006
48885125 1162.396457
48879256 1164.553550
48878267 1166.645521
48877455 1168.773198
48876924 1170.890758
48869409 1173.063320
48865938 1175.184142
48864657 1177.310655
48859838 1179.445577
48851384 1181.564621
48851235 1183.700431
48850192 1185.804282
48848600 1187.901658
48836169 1187.901664
48812878 1190.023303
48811605 1192.157038
48807871 1194.290893
48807464 1196.385595
48805299 1198.505687
48804290 1200.641588
48800971 1200.641594
48797215 1202.749596
48712888 1202.749602
48556046 1204.888844
48554135 1207.053855
48552395 1209.177376
48550847 1211.279878
48548574 1213.392547
48547848 1215.501794
48546554 1217.591802
48545788 1219.721800
48543744 1221.829275
48542578 1223.924122
48538738 1226.074425
48536932 1228.209654
48533234 1230.355263
48530924 1232.453623
48527262 1234.595680
48525954 1236.739494
48523963 1238.857693
48520727 1240.983463
48518801 1243.089499
48502867 1245.214143
48400006 1247.323667
48398302 1249.450097
48396715 1251.574754
48306011 1253.696884
48304735 1255.744214
48295589 1257.833509
48292856 1259.922798
48292326 1262.040296
48273109 1264.165854
48272129 1266.253336
48270678 1268.338758
48270332 1270.464212
48269653 1272.568137
48156974 1274.657775
48156450 1276.764476
48153688 1278.882862
48099965 1280.947970
48073692 1283.066429
48060402 1285.178807
48057001 1287.297867
48053741 1289.568707
48052723 1291.865710
48051864 1294.031640
48050259 1296.132562
48043952 1298.196682
48039624 1300.276402
48039231 1302.327933
48038398 1304.406672
48037925 1306.534890
48036523 1308.639688
48035672 1310.729284
48032134 1312.795099
48031324 1314.874526
47984920 1316.926306
47983556 1319.027213
47983004 1321.123984
47982332 1323.239114
47981366 1325.316728
47979399 1327.388478
47978901 1329.458472
47977882 1331.589110
47975199 1333.702188
47974799 1335.794681
47953163 1337.906893
47952881 1340.009288
47952749 1342.098769
47816043 1344.169783
47814887 1346.239406
47813076 1348.308285
47812194 1350.385037
47811228 1352.462359
47807836 1354.523887
47806694 1356.600288
47804595 1358.664725
47804185 1360.736180
47803698 1362.810740
47799979 1364.903102
47706327 1366.982011
47706143 1369.062434
47702451 1371.150974
47701498 1373.239307
47700790 1375.301759
47674652 1377.358431
47671310 1379.444861
47670250 1381.491137
47669999 1383.573473
47666123 1385.657905
47664558 1387.735139
47664032 1389.818666
47661565 1391.898731
47660080 1393.985032
47659224 1396.046314
47656685 1398.107518
47655772 1400.154749
47655135 1402.213053
47629436 1404.270249
47627143 1406.315108
47625409 1408.356278
47624530 1410.428598
47624188 1412.475045
47528763 1414.547641
47527189 1416.588125
47526632 1418.672039
47525124 1420.718230
47524534 1422.777423
47513591 1424.816619
47507308 1426.882352
47458340 1428.947243
47457850 1431.018607
47456563 1433.081275
47456064 1435.147588
47455676 1437.196654
47454931 1439.260907
47450574 1439.260913
47447895 1441.332164
47447430 1443.397535
47434858 1443.397540
47433074 1445.416299
47432861 1447.454250
47432788 1449.525150
47404475 1451.559542
47401295 1453.640048
47390232 1455.697966
47389657 1457.742685
47389457 1459.767427
47386616 1461.797145
47385709 1463.846512
47384272 1465.916430
47383858 1467.934919
47376127 1469.979191
47374280 1472.045908
47373927 1474.083576
47370170 1476.121428
47368985 1478.108901
47362189 1480.125918
47362104 1482.145652
47359217 1484.169910
47359001 1486.192588
47358678 1488.234211
47357913 1490.273174
47250867 1490.273180
47248997 1492.303806
47245228 1494.356001
47199001 1496.388057
47196017 1498.389306
47183538 1500.407800
47179910 1502.456916
47178206 1504.522549
47172365 1506.540526
47171860 1508.566066
47171434 1510.582965
47167007 1512.592036
47162865 1514.637244
47159061 1516.683604
47158057 1518.695716
47136130 1520.706280
47135348 1522.730809
47133425 1524.767528
47131580 1526.812764
47131293 1528.851002
47129387 1530.887244
47091790 1530.887250
47091406 1532.866980
47090303 1534.890000
47089039 1536.947787
47087420 1538.959342
47083122 1540.948289
47082681 1542.959722
47079972 1544.975333
47077262 1547.006970
47075829 1549.023814
47075288 1551.066933
47073846 1553.116880
47071436 1555.122611
47054428 1557.148409
47050725 1559.166245
47049886 1561.185345
47048729 1563.205082
47044382 1563.205087
46995637 1565.220588
46994953 1567.235405
46994382 1569.216338
46993585 1571.230714
46991989 1573.236130
46990213 1575.223092
46986404 1577.225637
46984276 1579.229465
46983015 1581.251038
46982590 1583.270170
46932998 1583.270176
46931542 1585.289224
46929479 1587.299262
46929266 1589.270549
46928015 1591.264313
46926763 1593.290004
46926372 1595.274466
46921177 1597.240571
46920839 1599.185917
46919040 1601.176829
46912524 1603.168845
46910738 1605.142692
46908921 1607.112325
46792987 1609.077022
46792024 1611.045199
46785948 1613.014691
46784168 1614.986704
46783603 1616.988792
46783136 1618.962738
46782111 1620.959082
46779639 1622.908778
46778515 1624.883667
46777949 1626.860847
46777846 1628.842724
46777606 1630.841210
46776539 1632.817393
46700354 1632.817399
46699022 1634.819547
46698525 1636.858540
46696188 1638.822155
46692492 1640.798253
46657339 1642.793726
46657067 1644.763293
46656941 1646.751539
46652451 1648.714457
46650364 1650.682109
46649117 1652.668742
46646230 1654.646180
46644052 1656.611419
46643612 1658.624582
46641760 1660.612998
46641157 1662.605607
46640306 1664.623782
46616056 1666.603107
46614244 1668.583752
46590803 1670.557786
46589510 1672.561621
46588089 1674.521504
46588026 1676.476826
46587312 1678.481520
46585879 1680.490240
46584848 1682.506044
46584470 1684.475810
46574418 1686.423079
46573155 1688.372107
46572806 1690.382769
46570618 1692.371436
46569734 1694.366103
46569609 1696.359179
46562728 1698.330148
46562038 1700.322196
46552117 1702.269879
46551399 1704.209967
46549496 1706.161485
46443867 1708.100688
46442357 1710.066857
46442219 1712.046664
46439083 1714.007041
46438676 1715.944812
46436726 1717.903405
46435811 1719.867491
46435488 1721.871481
46435187 1723.801407
46423503 1725.753690
46423229 1727.732153
46421183 1729.698505
46419410 1731.649746
46417825 1733.601457
46412956 1735.563761
46411671 1737.503624
46411364 1739.456415
46397801 1741.422297
46380580 1743.379546
46376437 1745.334889
46376237 1747.316719
46375673 1749.344550
46375501 1751.309469
46374031 1753.237579
46372902 1755.187248
46363760 1757.160533
46363421 1759.130294
46362903 1761.096375
46360197 1763.064418
46360019 1765.031995
46358329 1766.967761
46355845 1768.875646
46355319 1770.816593
46354478 1772.756802
46353407 1774.720120
46350425 1776.647376
46349106 1778.586763
46299734 1780.516780
46298052 1782.520346
46297140 1784.510534
46294609 1786.431599
46291904 1788.365450
46290539 1790.270367
46287980 1792.230583
46287372 1794.149152
46286797 1796.075644
46285762 1798.000595
46284278 1799.937576
46282645 1801.870165
46280970 1803.802643
46263925 1805.752019
46263083 1807.666096
46260810 1809.571481
46259600 1811.519086
46255834 1813.419148
46255166 1815.353618
46253756 1817.307508
46251648 1819.262630
46249192 1821.201328
46248931 1823.094482
46247450 1825.019201
46247308 1826.948023
46246230 1828.850267
46245417 1830.772142
46242453 1832.702174
46239424 1834.633080
46235312 1836.575199
46218160 1838.477652
46217239 1840.411306
46217042 1842.343535
46215853 1844.276049
46215589 1846.203602
46215364 1848.121047
46211359 1850.057510
46209427 1851.930838
46209266 1853.869570
46206402 1855.800788
46205697 1857.734659
46204619 1859.668160
46203673 1861.602745
46201576 1863.534251
46200888 1865.411409
46200236 1867.302346
46199754 1869.222308
46196555 1871.096798
46194958 1872.966318
46193794 1874.947345
46193533 1876.969860
46191550 1879.190054
46191059 1881.371341
46190275 1883.538770
46189010 1885.704759
46188241 1887.871807
46187984 1890.039968
46184932 1892.205220
46183373 1894.383211
46182281 1896.536085
46181564 1898.668073
46181409 1900.561266
46180359 1902.461645
46179157 1904.371664
46175635 1906.281035
46172905 1908.158023
46172644 1910.080257
46172534 1911.988473
46169796 1913.881870
46168233 1915.794163
46167952 1917.696523
46167093 1919.623612
46166153 1921.558196
46165582 1923.463927
46161877 1925.367350
46161221 1927.284320
46160922 1929.203940
46159052 1931.095375
46158018 1933.040865
46157124 1934.961394
46156982 1936.865949
46155474 1938.786135
46154839 1940.712197
46153606 1942.613448
46151889 1944.487796
46151316 1946.400051
46148708 1948.422441
46148513 1950.516842
46147315 1952.495735
46146116 1954.426699
46145171 1956.312309
46144104 1958.218045
46142152 1960.117435
46141344 1961.992140
46140219 1963.889750
46139350 1965.801992
46139013 1967.682794
46138578 1969.545365
46137341 1971.420785
46136559 1973.300358
46136133 1975.184263
46135465 1977.101948
46134901 1978.990951
46134821 1980.869646
46134388 1982.729056
46133585 1984.639697
46133483 1986.533599
46131530 1988.439781
46129270 1990.367611
46129080 1992.227178
46126032 1994.095074
46123298 1995.997836
46122202 1997.932370
46120647 1999.810236
46120262 2001.708208
46119850 2003.594959
46119443 2005.456116
46118637 2007.319234
46118463 2009.184553
46117162 2011.068652
46116682 2012.898944
46116413 2014.771003
46114938 2016.654517
46028963 2018.527197
46027647 2020.337478
46027080 2022.198483
46025531 2024.129357
46025156 2025.999042
46024146 2027.841928
46022205 2029.703322
46021870 2031.573616
46021268 2033.428209
46021192 2035.329681
46020540 2037.209583
46020536 2039.071917
46019575 2040.945499
46019355 2042.787462
46018104 2044.645506
46017600 2046.502063
46016912 2048.330736
46016108 2050.212936
46015908 2052.098541
46015438 2053.937676
46014702 2055.740930
46008398 2057.596910
46007993 2059.461464
46007609 2061.319161
46006190 2063.197446
46005264 2065.031792
46004936 2066.885510
46004083 2068.699773
46002895 2070.552379
46001212 2072.422689
45999367 2074.303010
45996098 2076.136642
45995828 2077.982924
45995634 2079.808440
45993193 2081.655617
45990816 2083.517724
45990640 2085.372881
45986926 2087.196247
45986307 2089.049107
45986080 2090.892883
45985583 2092.736439
45968341 2094.567600
45965121 2096.379765
45964077 2098.197592
45964009 2100.012180
45963871 2101.848650
45961907 2103.659238
45961009 2105.451431
45959031 2107.290233
45957512 2109.152516
45957316 2111.080256
45956990 2112.894786
45956536 2114.737142
45955882 2116.570842
45954639 2118.405472
45954427 2120.201273
45953806 2122.010120
45953074 2123.884474
45952297 2125.704091
45951157 2127.549676
45950138 2129.408130
45949768 2131.315103
45949450 2133.158088
45949299 2135.019422
45947593 2136.842546
45947246 2138.681216
45946160 2140.531208
45944559 2142.348313
45943260 2144.222719
45942868 2146.058610
45942718 2147.877494
45942506 2149.703721
45942358 2151.547606
45942230 2153.357174
45941759 2155.157101
45941475 2156.974962
45939076 2158.817088
45938748 2160.645091
45937471 2162.489980
45936861 2164.347777
45936364 2166.136824
45935881 2167.920336
45935858 2169.772738
45935310 2171.580241
45934107 2173.405247
45931941 2175.238816
45931236 2177.046615
45930648 2178.833606
45930107 2180.639859
45929709 2182.491047
45928732 2184.324925
45928505 2186.167569
45928365 2187.986590
45927582 2189.781244
45924774 2191.634225
45924461 2193.467572
45923872 2195.330472
45921039 2197.129843
45920744 2198.961504
45920374 2200.776763
45919420 2202.589764
45918921 2204.419087
45917539 2206.238888
45917260 2208.094218
45914584 2209.926283
45914418 2211.728809
45914024 2213.589146
45913989 2215.409453
45913344 2217.218991
45913003 2219.051594
45910774 2220.846599
45910596 2222.666612
45910472 2224.490927
45908916 2226.294997
45908316 2228.101974
45907841 2229.912414
45905665 2231.744155
45904998 2233.554950
45904939 2235.425829
45904805 2237.227657
45904488 2239.021677
45904411 2240.810365
45901889 2242.587348
45900976 2244.398779
45899794 2246.237706
45897148 2248.058072
45896793 2249.872535
45896590 2251.699864
45895729 2253.530894
45895646 2255.354828
45894867 2257.153528
45894663 2258.944684
45894632 2260.744609
45894145 2262.537462
45892663 2264.325949
45892120 2266.126894
45891774 2267.926266
45890613 2269.727147
45890390 2271.564275
45890256 2273.376876
45884526 2275.190976
45884303 2276.970795
45884096 2278.772088
45883610 2280.563991
45880536 2282.348919
45879436 2284.163084
45879015 2285.988759
45877810 2287.813365
45877198 2289.622231
45877196 2291.403493
45876199 2293.190011
45875702 2295.008510
45875503 2296.806754
45874124 2298.575037
45873705 2300.360473
45873294 2302.174955
45873009 2303.954935
45872952 2305.745296
45872753 2307.539918
45872643 2309.318439
45872489 2311.115579
45872018 2312.931854
45871467 2314.742932
45871200 2316.505842
45867533 2318.260992
45866993 2320.065631
45866107 2321.866722
45865848 2323.651783
45865443 2325.454840
45864161 2327.223541
45864053 2329.037699
45864006 2330.786395
45862928 2332.580831
45862384 2334.369645
45857964 2336.177036
45857936 2337.981309
45857641 2339.757961
45856891 2341.552601
45856461 2343.332109
45856246 2345.093704
45856083 2346.941274
45854528 2348.718789
45854103 2350.521565
45852783 2352.340842
45852661 2354.140872
45851881 2355.941977
45851442 2357.713922
45851101 2359.512121
45851029 2361.292440
45850803 2363.083368
45848462 2364.843335
45848175 2366.618627
45848164 2368.449020
45845814 2370.242283
45845698 2372.004215
45844904 2373.802925
45843120 2375.600788
45839374 2377.383272
45838801 2379.126260
45837203 2380.892523
45836259 2382.680164
45835998 2384.473297
45835708 2386.239273
45835232 2388.032454
45835036 2389.844965
45834992 2391.648170
45834609 2393.436468
45830709 2395.206886
45830505 2396.970547
45828897 2398.735377
45828847 2400.521511
45827936 2402.312274
45827033 2404.080759
45826297 2405.850068
45825904 2407.596556
45824350 2409.304280
45822203 2411.064658
45821463 2412.852397
45820292 2414.654414
45819818 2416.391092
45819653 2418.147564
45819150 2419.893658
45817676 2421.643519
45817509 2423.408845
45816697 2425.184502
45815836 2427.006405
45815600 2428.794646
45815111 2430.554642
45814926 2432.283022
45814845 2434.041921
45811805 2435.759038
45809674 2437.543061
45809075 2439.332993
45808924 2441.106270
45808641 2442.873212
45808145 2444.633601
45808097 2446.373995
45807195 2448.125675
45806360 2449.898927
45805280 2451.648416
45805216 2453.392471
45805107 2455.182868
45804237 2456.936384
45804000 2458.699695
45803945 2460.486245
45803863 2462.213753
45803649 2463.960124
45803579 2465.703421
45803124 2467.441794
45801757 2469.187197
45800413 2470.927169
45800005 2472.676740
45798712 2474.478312
45797385 2476.287648
45797334 2478.058182
45789591 2479.815620
45787567 2481.600421
45787507 2483.352264
45784933 2485.101697
45784546 2486.827602
45784180 2488.564623
45783969 2490.305150
45783614 2492.071414
45783555 2493.821579
45783478 2495.615149
45783260 2497.386121
45782993 2499.157148
45782445 2501.009258
45781214 2502.742439
45780767 2504.489098
45780628 2506.232984
45779313 2506.232989
45778593 2507.991723
45777307 2509.733749
45777170 2511.468147
45777043 2513.220573
45776429 2514.970758
45772946 2516.697232
45772852 2518.441829
45772229 2520.189367
45771831 2521.920364
45771203 2523.647613
45770839 2525.384926
45770689 2527.122578
45769286 2528.869923
45768784 2530.631201
45768540 2532.371544
45767478 2534.109621
45767339 2535.853463
45767306 2537.595792
45767137 2537.595797
45764386 2539.371559
45760965 2539.371564
45759612 2541.148066
45759111 2542.924259
45757597 2544.680716
45757209 2546.405606
45756382 2548.141836
45719080 2549.888469
45716504 2551.635149
45714402 2553.355733
45713666 2555.116655
45711789 2556.865211
45711778 2558.609886
45711041 2560.347620
45710982 2562.084508
45710523 2563.863165
45710312 2565.631855
45709739 2567.397374
45703453 2569.125563
45702713 2570.858202
45692109 2572.640590
45691391 2574.376688
45691178 2576.067548
45690802 2577.775735
45688742 2579.501914
45688731 2581.252023
45688541 2582.969220
45688052 2584.728470
45687762 2586.459096
45686521 2588.159601
45686244 2589.872211
45685977 2591.573614
45684982 2593.356500
45684522 2595.126461
45684270 2596.889905
45681468 2598.629811
45681218 2600.379451
45680658 2602.123858
45680329 2603.852271
45678218 2605.579655
45677972 2607.308908
45677139 2609.036123
45676875 2610.776371
45676386 2612.513239
45675959 2614.293027
45675302 2616.085806
45675139 2617.786292
45674438 2619.511229
45674033 2621.230856
45673566 2622.979488
45673270 2624.740054
45672580 2626.467189
45671265 2628.258006
45670739 2630.005926
45667984 2630.005931
45667829 2631.715482
45667786 2633.467283
45667730 2635.205792
45666512 2636.955534
45665025 2638.680149
45664766 2640.428651
45664622 2642.144904
45663854 2643.909524
45659062 2645.725598
45658885 2647.584289
45657299 2649.452447
45656922 2651.280566
45656581 2652.991955
45655392 2654.711075
45654929 2656.455630
45653156 2658.170729
45653097 2659.888662
45652007 2661.624943
45650418 2663.308531
45650302 2665.019208
45650032 2666.741908
45649763 2668.496222
45645796 2670.195333
45644109 2671.871587
45626897 2673.602646
45625560 2675.346990
45625559 2677.068771
45623889 2678.769322
45623454 2680.493831
45622245 2682.221614
45622069 2683.960753
45621181 2685.683966
45620785 2687.421810
45620675 2689.131074
45620604 2690.839591
45618657 2692.557433
45618512 2694.272198
45616335 2695.990042
45615700 2697.687048
45615643 2699.412427
45615194 2701.136939
45614086 2702.839055
45610636 2704.560528
45610374 2706.273991
45609718 2708.021964
45609414 2709.776169
45608647 2711.483478
45605869 2713.175943
45605816 2714.853570
45605185 2716.542133
45604754 2718.223069
45603725 2719.914542
45603120 2721.607370
45601483 2723.280091
45597694 2724.970546
45594127 2726.654787
45592987 2728.379975
45592651 2730.074160
45592643 2731.809087
45592459 2733.498022
45591322 2735.223967
45591152 2736.916357
45590659 2738.643936
45589502 2740.332970
45588896 2742.019509
45587674 2743.719927
45583771 2745.398835
45583525 2747.072790
45582578 2748.769982
45582052 2750.485710
45581948 2752.188000
45581482 2753.885645
45581451 2755.570480
45581257 2757.259489
45580630 2758.948087
45580428 2760.659215
45579526 2762.336124
45579043 2764.025797
45579008 2765.717522
45578907 2767.427017
45577948 2769.103312
45576631 2770.787884
45576507 2772.435967
45576032 2774.097516
45575711 2775.744550
45575582 2777.402565
45574877 2779.090396
45571671 2780.793886
45569737 2782.496056
45568817 2784.202774
45568686 2785.882901
45567353 2787.565247
45567319 2789.266866
45566763 2790.929025
45566632 2792.622635
45566459 2794.272666
45566365 2795.981224
45565370 2797.662621
45565151 2799.406362
45565054 2801.090694
45564835 2802.764689
45564834 2804.438959
45564413 2806.113770
45564404 2807.821194
45564358 2809.471917
45563158 2811.164449
45562892 2812.837523
45562854 2814.535955
45561728 2816.235339
45558757 2817.917534
45558678 2819.628744
45558554 2821.281442
45557379 2822.975086
45556512 2824.640882
45556394 2826.335820
45555971 2828.012870
45554783 2829.674408
45554650 2831.349645
45554567 2833.054561
45554385 2834.730087
45554244 2836.406212
45552891 2838.102656
45552391 2839.739656
45552350 2841.435409
45550393 2843.088655
45550339 2844.791167
45550148 2846.466590
45550113 2848.165335
45549475 2849.828004
45548223 2851.504623
45548115 2853.177767
45546799 2854.840720
45546148 2856.521135
45545658 2858.211759
45541999 2859.884434
45541540 2861.564623
45540663 2863.270182
45540183 2864.937729
45537510 2866.615497
45537063 2868.302814
45537058 2870.011118
45535739 2871.655940
45534975 2873.358711
45534458 2875.048699
45531336 2876.737714
45531156 2878.403043
45529396 2880.099972
45529392 2881.779554
45528968 2883.455763
45528928 2885.157228
45526628 2886.840360
45524807 2888.503987
45524521 2890.189275
45521174 2891.876694
45520911 2893.540209
45520596 2895.210456
45520142 2896.917396
45519792 2898.604277
45519780 2900.253635
45519743 2901.916191
45517743 2903.588692
45514870 2905.254449
45512855 2906.926723
45512470 2908.592544
45511479 2910.250435
45511394 2911.911711
45510791 2913.586427
45510577 2915.261633
45509233 2916.919537
45508903 2918.562583
45508613 2920.222903
45508286 2921.893406
45507626 2923.588929
45507410 2925.253693
45507355 2926.913189
45499838 2928.583732
45498715 2930.258642
45496064 2931.922324
45494087 2933.611471
45493744 2935.278787
45493716 2936.913549
45493335 2938.583727
45492543 2940.310936
45492358 2942.000250
45490049 2943.679779
45489587 2945.341637
45489537 2947.026270
45487744 2948.688728
45487531 2950.365088
45487225 2952.037470
45486834 2953.720272
45486617 2955.405875
45485965 2957.089971
45485078 2958.740624
45483275 2960.420073
45483158 2962.074568
45483012 2963.731997
45482871 2965.417897
45481350 2967.071857
45480624 2968.748253
45478982 2970.391352
45477844 2972.050485
45477264 2973.725620
45476501 2975.389535
45475962 2977.073943
45475017 2978.757294
45473638 2980.400604
45473583 2982.070093
45473360 2983.755720
45472938 2985.414626
45471933 2987.063352
45471539 2988.695890
45470306 2990.343739
45469297 2992.000401
45466716 2993.632448
45466249 2995.339970
45465225 2996.993562
45464410 2998.640697
45463304 3000.318114
45462435 3001.990663
45462329 3003.646098
45461771 3005.291836
45458743 3006.966646
45458297 3008.638273
45457835 3010.275540
45456980 3011.932387
45456921 3013.563930
45456549 3015.208235
45455990 3016.881898
45452313 3018.545540
45451249 3020.203732
45450523 3021.847282
45450342 3023.469516
45449238 3025.118001
45447222 3026.759040
45447221 3028.413885
45446689 3030.072896
45445862 3031.753199
45445854 3033.416731
45444189 3035.114290
45442391 3036.760570
45441339 3038.401088
45436977 3040.079125
45436521 3041.750510
45435816 3043.409180
45435426 3045.071390
45434927 3046.761104
45434765 3048.387600
45434523 3050.054883
45433885 3051.701158
45433868 3053.352820
45433743 3054.984527
45433701 3056.642720
45432307 3058.306891
45432035 3059.947663
45431520 3061.612959
45430473 3063.281431
45428842 3064.960797
45428775 3066.623041
45428773 3068.282241
45428049 3069.965719
45427814 3071.664304
45427653 3073.315948
45427100 3074.993108
45425232 3076.642952
45425026 3078.296358
45424858 3079.952555
45424843 3081.602557
45424246 3083.245120
45424231 3084.885505
45424179 3086.562391
45424102 3088.191584
45423676 3089.862753
45423380 3091.528257
45422923 3093.162836
45421682 3094.803099
45421371 3096.448314
45420831 3098.097219
45417625 3099.743038
45417392 3101.449426
45413968 3103.149858
45413315 3104.806471
45413241 3106.468765
45410552 3108.133957
45409972 3109.774580
45409942 3111.437732
45408051 3113.100528
45407644 3114.749252
45407443 3116.405717
45406861 3118.056550
45405921 3119.707131
45405894 3121.361178
45405747 3122.988214
45405460 3124.655295
45405125 3126.304442
45404953 3127.985760
45404888 3129.625717
45402305 3131.275569
45402055 3132.927135
45401838 3134.583682
45401038 3136.232414
45399674 3137.899579
45398884 3139.560655
45398780 3141.217281
45393736 3142.887359
45391615 3144.538368
45390814 3146.186467
45390306 3147.846700
45390171 3149.465349
45388785 3151.110537
45388454 3152.766940
45387671 3152.766945
45387624 3154.396339
45386465 3156.076836
45386249 3157.723060
45386176 3159.363461
45385908 3161.017586
45385596 3162.666206
45384091 3164.322443
45383424 3164.322449
45383176 3165.958693
45382748 3167.588371
45381872 3167.588378
45381826 3167.588380
45381477 3169.215559
45381140 3170.840986
45379888 3170.840991
45379567 3172.481258
45377842 3174.108346
45377682 3175.764787
45372943 3177.423179
45372322 3179.051421
45372156 3180.681389
45371844 3182.300853
45371607 3183.907766
45370433 3185.534451
45369021 3187.146452
45366741 3188.807380
45366078 3190.459410
45365566 3192.099919
45362872 3193.715598
45361940 3195.340064
45359112 3196.985874
45358889 3198.610286
45358832 3200.244000
45358682 3200.244006
45357999 3201.895298
45356251 3203.546496
45352394 3205.186892
45351968 3206.826755
45351774 3208.464697
45350419 3210.093548
45349646 3211.717472
45348977 3213.347913
45347980 3214.992162
45344980 3216.646585
45344811 3218.290759
45339917 3219.912998
45339367 3221.532463
45339276 3223.161093
45339059 3224.799273
45337641 3226.435184
45337306 3228.091333
45336460 3229.736426
45336152 3231.381798
45336121 3231.381803
45335136 3232.997307
45334853 3234.654340
45333975 3236.288327
45333874 3237.914296
45331977 3239.542612
45331471 3241.191894
45331385 3242.833692
45331091 3244.475414
45331019 3246.096605
45330930 3247.719168
45329798 3249.325514
45327016 3250.946801
45326246 3252.586068
45323119 3254.195935
45322602 3255.824093
45321958 3257.451106
45321065 3259.105098
45321010 3260.732494
45320656 3262.304330
45320159 3263.930059
45319805 3265.573911
45319742 3267.190866
45318734 3268.834021
45318093 3270.467609
45315747 3272.075955
45315318 3273.732847
45314653 3275.384155
45313492 3277.001943
45312425 3278.636974
45312404 3280.251484
45312366 3281.878907
45312341 3283.527489
45308017 3283.527494
45303841 3285.173010
45300316 3286.806050
45299542 3288.455300
45298590 3290.065297
45298338 3291.684428
45297534 3293.331658
45296522 3294.952729
45295568 3296.580113
45295117 3298.201435
45294935 3299.851895
45290781 3301.461928
45290660 3303.085452
45290613 3304.731637
45289899 3306.375099
45288597 3308.019532
45288413 3309.654020
45288197 3311.292588
45287225 3312.898429
45283973 3314.549818
45281287 3316.194755
45280623 3317.825588
45280058 3319.440690
45279357 3321.074657
45278977 3322.689625
45277163 3324.330280
45274544 3326.004166
45274103 3327.635303
45273820 3329.262707
45273661 3330.918655
45272640 3332.552922
45272581 3334.328606
45272557 3336.137589
45272277 3337.949667
45270645 3339.765563
45270367 3341.617483
45270130 3343.497961
45270044 3345.354529
45267804 3347.182257
45267727 3349.002730
45267628 3350.818207
45267609 3352.615623
45267474 3354.403213
45266759 3356.054173
45265468 3357.715602
45262260 3359.352503
45261990 3360.998913
45261802 3362.624827
45259749 3364.290976
45259739 3365.912033
45258695 3367.533885
45257938 3369.200218
45255167 3370.826759
45254499 3372.454147
45254428 3374.106487
45253189 3375.749332
45253041 3377.357305
45252205 3378.960590
45250203 3380.567524
45250037 3382.230384
45249885 3383.859486
45249557 3385.496319
45248916 3387.129209
45248899 3388.734698
45247814 3390.344680
45247436 3391.974590
45247435 3393.627110
45247377 3395.261652
45247095 3396.882342
45246786 3398.526095
45245525 3400.131638
45245482 3401.740020
45244111 3401.740026
45244035 3403.377639
45236597 3405.015191
45235141 3406.638245
45234327 3408.271461
45233715 3409.897510
45233519 3411.551716
45231714 3413.182045
45226529 3414.805215
45224812 3416.440266
45224199 3418.062824
45223670 3419.687990
45222873 3421.306599
45222236 3422.953690
45221119 3424.593217
45220996 3426.232551
45220102 3427.913373
45215844 3429.534860
45215685 3431.166424
45215166 3432.790652
45215158 3434.384528
45215108 3436.000747
45214464 3437.637361
45213621 3439.273779
45212326 3440.878257
45212087 3442.519225
45211573 3444.172265
45211321 3445.812269
45210712 3447.447114
45210565 3449.049137
45208710 3450.657450
45208559 3452.270288
45207924 3453.887211
45206747 3455.508630
45206719 3457.132806
45206660 3458.729000
45206645 3460.332006
45205808 3461.944305
45205778 3463.556402
45204600 3465.156684
45204588 3466.767737
45204566 3468.401686
45204368 3470.042878
45201380 3471.626791
45201088 3473.261007
45200377 3474.869566
45200154 3476.462818
45200074 3478.071874
45200006 3479.663558
45197450 3481.282143
45197330 3482.883073
45196161 3484.508215
45192889 3486.126742
45192809 3487.743852
45192100 3489.347762
45191619 3490.964773
45190538 3492.591733
45190465 3494.206457
45186154 3495.812499
45185576 3497.434463
45184428 3499.074112
45183349 3500.723499
45182535 3502.355753
45182147 3503.992673
45181406 3505.595410
45180399 3507.197438
45180343 3508.828931
45179464 3510.462120
45178891 3512.086304
45178339 3513.750178
45178318 3515.397558
45178240 3517.046036
45177745 3518.684808
45177523 3520.302042
45175588 3521.935101
45175545 3523.556613
45175444 3525.189470
45175243 3526.826247
45173935 3528.446062
45173372 3530.060453
45170272 3531.673757
45169805 3533.294685
45169668 3534.907351
45169521 3536.505057
45169474 3538.125452
45169301 3539.727412
45167142 3541.317911
45166832 3541.317916
45166021 3542.934292
45165647 3542.934297
45165502 3544.546131
45165326 3544.546136
45165057 3546.160683
45162273 3547.778035
45161973 3549.411649
45160408 3551.035579
45158680 3552.611552
45157624 3554.226399
45157074 3555.843569
45156226 3557.461253
45155958 3559.053742
45153953 3560.684116
45153803 3562.283461
45152926 3563.872309
45152057 3565.488837
451499