26838134 23.173493
26783417 23.173506
26322480 23.173508
26318988 23.173509
26304778 23.173511
26047868 23.173512
25378671 23.173514
25265038 23.173516
25256893 23.173517
24646018 23.173518
24635385 24.762425
24605799 26.343912
24542183 27.912936
24517557 29.470742
24365300 29.470748
24318453 31.021269
24223378 32.569073
23795042 32.569079
23769637 34.107246
23538924 35.640638
23511384 37.163200
23337990 37.163208
23331304 38.677699
23091829 38.677706
23083240 40.166274
23075945 41.656967
22936626 43.138573
22828421 44.609151
22821493 46.083706
22818512 47.542218
22811492 48.997318
22740608 50.424521
22721778 50.424525
22693628 50.424528
22566280 50.424529
22554372 51.844765
22532452 53.257023
22527713 54.658673
22526787 54.658678
22519872 56.054713
22515086 56.054717
22408070 57.423121
22277376 58.801485
22272116 60.153403
22192008 61.503856
22187794 62.832726
22183741 64.154283
22182446 65.468817
22180773 65.468824
22164154 65.468825
22161414 66.776384
22148015 68.067514
22146140 69.355148
22143376 70.630857
22111388 70.630863
22104357 70.630864
22103626 71.902199
22068118 71.902205
22065429 71.902207
22063273 73.160213
22059921 73.160217
22052919 74.410997
22027308 75.654836
22021996 76.885541
21971617 76.885546
21970396 78.113401
21968371 79.331201
21967179 80.541038
21963703 81.748442
21962279 82.951877
21960651 82.951882
21959573 84.151025
21958420 84.151031
21955776 85.345772
21954397 85.345777
21946775 86.541210
21907971 87.727993
21905883 88.911809
21900555 90.088830
21899453 91.260016
21897133 92.433320
21879116 93.600823
21874137 94.761088
21872272 95.919678
21866591 97.074969
21862160 98.224356
21859444 99.371937
21858983 100.530569
21856121 101.683335
21850842 102.822295
21850765 102.822301
21844557 103.955202
21844065 103.955208
21843229 105.091306
21841404 105.091313
21840771 106.225015
21836079 106.225021
21832862 107.361371
21830307 108.490674
21822476 108.490680
21816383 109.608084
21814199 110.733143
21810843 111.857052
21808087 111.857060
21807208 112.969994
21805844 112.970000
21804386 114.090434
21802147 115.209285
21801514 116.326133
21788901 117.439273
21787085 118.548186
21786768 119.652581
21778087 120.758062
21777053 121.863224
21774465 122.965697
21773066 124.064231
21771675 125.156135
21770132 125.156141
21769353 126.244982
21767470 127.340906
21767020 128.427525
21762847 128.427531
21757655 129.519764
21755691 130.604736
21750760 131.691393
21749801 132.781910
21747312 133.878618
21744898 134.967849
21739105 136.049664
21732943 137.128434
21731425 138.201957
21728848 139.278248
21725058 140.347568
21722798 141.426225
21722762 142.494420
21718266 143.557908
21715541 144.623983
21712832 145.692079
21711861 146.759987
21709748 147.833310
21708247 148.898967
21706315 149.961322
21706054 151.015370
21704458 152.070338
21703855 153.130501
21703087 154.185469
21701072 155.241430
21700767 156.300509
21698557 157.356240
21698113 158.403606
21696156 159.450937
21696086 160.492161
21693568 161.540231
21691016 162.592289
21689726 163.635942
21688983 164.683972
21685829 165.726997
21685171 166.768451
21685072 167.811244
21684515 168.850476
21680930 168.850484
21679631 169.895032
21679031 170.944143
21678746 171.978537
21677827 171.978543
21675639 173.010765
21675402 174.046750
21674976 175.085774
21674929 175.085780
21672888 176.120916
21668389 176.120925
21666697 177.154334
21666337 178.191192
21664411 179.219606
21662399 180.252136
21661110 181.281103
21660269 182.311981
21659854 183.336702
21659007 184.369246
21655822 185.395369
21654821 186.420123
21650773 187.450156
21650326 188.467948
21650151 189.485770
21649986 190.509101
21649691 191.527921
21647857 192.551893
21644983 193.568179
21641973 194.581514
21641498 195.601830
21640335 196.619902
21639971 197.639823
21638234 198.649291
21635096 198.649297
21634169 199.664958
21631677 200.679871
21631373 201.696457
21630808 202.712485
21630278 203.720400
21629176 203.720406
21628181 204.726088
21626247 205.733015
21618279 205.733021
21616978 206.745486
21616781 207.755196
21616447 208.770300
21616370 209.775257
21616133 210.781380
21613712 211.791563
21612569 212.793063
21612138 213.790739
21607124 214.782462
21605892 215.780812
21605724 216.784402
21604845 217.779804
21604034 218.783828
21601514 219.780231
21601043 220.783623
21596627 221.783536
21594579 222.780916
21593352 223.786755
21591192 224.776682
21590692 225.773729
21590438 226.772251
21589224 227.763195
21587672 228.758614
21587163 229.753105
21586271 230.740409
21585718 231.738397
21585170 232.726388
21584563 233.710467
21584199 234.692465
21584066 235.680242
21583030 236.669485
21582391 237.656025
21581270 238.642146
21578806 239.618845
21578653 240.603287
21578518 240.603293
21578342 241.584851
21576128 241.584857
21576064 242.573204
21574847 243.566067
21571671 243.566074
21569751 244.568112
21567850 245.550721
21560331 246.533747
21537256 247.514718
21535057 248.491720
21533625 249.472333
21533334 250.458402
21530657 251.435794
21529544 252.412521
21528177 253.392668
21526061 254.367119
21519096 255.339303
21518892 256.323428
21518625 257.299608
21517373 258.271477
21517346 259.242828
21516595 260.228799
21515457 261.211943
21514123 262.199357
21511099 263.179958
21508981 264.160938
21508418 265.147508
21508191 266.121103
21507647 267.091703
21506792 268.054452
21506256 269.025620
21504928 270.006512
21504561 270.978876
21503123 271.948225
21502914 272.920528
21502830 273.887444
21502015 274.846191
21500108 275.813151
21499810 276.786850
21498562 277.752126
21498359 278.730473
21497964 279.697396
21493837 280.661906
21488758 281.772666
21484045 282.894708
21482880 283.854120
21482157 284.811344
21479189 285.774992
21478870 286.739946
21477127 287.708743
21475741 288.677036
21472481 289.635387
21471351 290.587316
21469651 291.548383
21468530 292.508911
21468049 293.468995
21466340 294.439519
21466289 295.399160
21466108 296.364754
21465823 297.327214
21465049 298.287206
21463848 299.246452
21462767 300.215221
21462363 301.174066
21461744 302.124933
21461638 303.080300
21461533 304.032889
21458699 304.988710
21457121 305.944530
21456990 306.899182
21456732 307.849183
21455371 308.796691
21455051 309.752667
21454559 310.708721
21452307 311.659895
21450578 312.608324
21449414 313.556882
21449349 314.507937
21449143 315.453932
21448832 316.398859
21448151 317.354484
21446245 318.298412
21445555 319.249521
21444560 320.195117
21444033 321.150152
21443414 322.100862
21441593 323.050325
21441285 323.997278
21441001 324.939678
21439219 325.887815
21437596 326.836295
21434612 327.775886
21434306 328.729811
21432612 329.674653
21430169 330.612369
21429321 331.553784
21427498 332.498701
21427388 333.442018
21424812 334.387227
21424576 335.331811
21423733 336.269452
21422452 337.208559
21422386 338.157644
21421628 339.100302
21420841 340.042519
21420624 340.989287
21420070 341.930015
21418874 342.877611
21417299 343.823649
21415884 344.762839
21410305 345.706180
21408016 346.641706
21407353 347.580962
21401684 348.520642
21396973 349.453364
21396030 350.386545
21394309 351.321366
21389548 352.269192
21389319 353.212078
21389233 354.149317
21389037 355.090101
21388142 356.032360
21386514 356.964280
21380255 357.908302
21378189 358.845799
21373658 359.779956
21373543 360.713926
21373088 361.657677
21372850 362.595456
21370020 363.538323
21369757 364.480151
21368652 365.423255
21368045 366.367197
21367946 367.298116
21367434 368.231429
21366549 369.159113
21366384 370.092221
21365058 371.026339
21361739 371.956856
21361071 372.896142
21361022 373.840107
21360798 374.777986
21356136 375.717190
21355451 376.655651
21354514 377.592212
21354433 378.526893
21354054 379.464101
21352784 380.400392
21351230 380.400397
21351075 381.337126
21349358 382.268213
21348968 383.203547
21348255 383.203552
21347597 384.133761
21347395 385.058867
21346662 385.058872
21345955 385.992497
21345111 386.925945
21344904 387.850055
21342765 387.850061
21340907 388.788748
21340419 389.721645
21338844 390.657764
21338827 391.590715
21336973 391.590720
21335163 392.524276
21333733 393.453351
21333007 394.387130
21331369 394.387137
21329209 395.315835
21327030 396.254964
21317356 397.189271
21317234 398.119466
21315557 399.056328
21315441 399.990185
21314803 400.922325
21314372 401.854396
21314068 402.785478
21307315 403.713595
21306462 404.647671
21303711 405.576913
21300332 406.504596
21298001 407.434043
21294582 408.365578
21293655 409.299548
21291705 410.230995
21282329 411.161970
21281403 412.091497
21281330 413.023533
21281288 413.947292
21280770 414.876311
21279042 415.813587
21277955 416.750126
21274771 417.673453
21273415 418.601618
21272812 419.539488
21267926 420.467943
21267258 421.404689
21259174 422.332318
21258860 423.258029
21257443 424.188650
21257207 425.113975
21255541 426.045832
21255080 426.974211
21253800 427.905331
21252579 428.837439
21251657 429.759855
21248189 430.696393
21248070 431.634086
21247915 432.564645
21242039 433.484292
21240398 434.407495
21238718 435.337729
21237930 436.260442
21237851 437.190331
21235974 438.116103
21234622 439.040419
21231735 439.973169
21231282 440.897189
21230445 441.828462
21230406 442.754705
21229480 443.685773
21228215 444.614586
21227034 445.548386
21225266 446.481898
21224979 447.411558
21224480 448.338131
21222372 449.270553
21220333 450.195845
21219079 451.137531
21218549 452.062152
21216224 452.998616
21210254 453.920354
21207697 454.841883
21204291 455.769070
21202191 456.696471
21201694 457.620848
21201625 458.549574
21199498 459.479941
21198916 460.409576
21198297 461.340511
21196913 462.263852
21196485 463.193445
21194994 464.122925
21190328 465.044614
21186190 465.973209
21185746 466.907807
21184363 467.836945
21182993 468.763367
21177193 469.690155
21176929 470.616063
21175596 471.545338
21172923 472.471296
21169671 473.395927
21165256 474.326646
21161906 475.256195
21161703 476.183040
21158858 477.111052
21158764 478.049538
21158763 478.982091
21158646 479.909278
21156900 480.840074
21156773 481.768992
21153512 482.689734
21152576 483.618186
21148981 484.554086
21146798 485.478535
21145695 486.410636
21145521 487.341802
21144323 488.267739
21142906 489.197617
21141788 490.126561
21139803 491.056662
21138488 491.990618
21137372 492.924645
21137045 493.860294
21135825 494.792433
21135293 495.722249
21134837 496.648895
21133268 497.581216
21132067 498.515105
21130500 499.446665
21130025 500.371343
21127212 501.300916
21124415 502.230791
21122477 503.163727
21119688 504.092107
21119066 505.022055
21118951 505.957453
21117358 506.890122
21115638 507.821850
21115206 508.755385
21112931 509.680448
21111393 510.615324
21111293 511.536736
21110482 512.470313
21107150 513.400430
21104834 514.331108
21103668 515.254292
21102622 516.192574
21101392 517.124404
21101044 518.057018
21098678 518.987350
21098521 519.919053
21097563 520.852666
21097024 521.782139
21096240 522.715342
21093319 522.715349
21092785 523.641453
21091516 523.641460
21090897 524.569082
21089029 525.497041
21089002 526.423426
21088388 527.350508
21084375 527.350513
21082968 528.278687
21080425 529.205216
21078644 530.136590
21076577 531.070461
21075786 532.006837
21073180 532.935250
21072894 533.876093
21071597 534.810931
21070992 535.758907
21069166 536.694720
21066597 537.629463
21065930 538.563980
21065418 539.502384
21064166 540.434727
21058586 541.371289
21057527 542.311573
21057022 543.236251
21056257 544.165343
21055327 545.103068
21054789 546.041569
21052154 546.978485
21051561 547.909864
21049766 548.844380
21049382 549.784709
21048938 550.719830
21048906 551.657603
21048247 552.595208
21047048 552.595214
21046237 553.527598
21045841 554.470526
21045005 554.470532
21044473 555.407336
21043400 555.407342
21041052 556.337433
21040486 557.277679
21038147 558.209895
21036427 559.147541
21033719 560.083005
21033123 561.011960
21026662 561.011967
21026642 561.949737
21025071 562.884156
21023654 563.813565
21023466 563.813570
21022090 564.764554
21021399 565.700368
21020488 566.638299
21020384 567.573930
21020064 568.509100
21019161 569.447023
21018691 570.383491
21017968 571.323212
21014871 571.323217
21013910 572.262039
21013307 573.197099
21012310 574.133550
21011270 574.133558
21009681 575.067210
21008416 576.010412
21007046 576.010420
21005560 576.936071
21005312 577.864800
21004912 578.797518
21003388 578.797525
21002374 579.731024
20999948 580.668445
20998136 581.603048
20996557 582.542703
20992163 583.791935
20991830 584.734740
20990569 585.660833
20988945 586.597418
20988388 587.535296
20988149 588.463114
20982114 589.396234
20981778 590.326629
20981317 591.258507
20980535 592.193082
20980014 593.127121
20979408 594.052734
20978935 594.052740
20975904 594.988244
20975302 595.918011
20974752 596.856334
20973320 597.787853
20971584 598.720679
20969354 599.655806
20969222 600.586955
20966275 601.514720
20966271 602.440174
20963780 603.374345
20962990 604.303249
20962454 605.233861
20960582 606.169366
20959864 607.099593
20958894 607.099600
20958162 608.034995
20957228 608.961477
20956791 609.894394
20954673 610.823891
20953712 611.747237
20953177 612.685777
20952578 613.619382
20951591 614.553069
20950083 615.488407
20949487 615.488413
20949266 616.422851
20945298 616.422858
20944793 617.355196
20943952 618.296915
20943631 619.244739
20943178 620.181973
20941887 620.181978
20941786 621.120646
20941375 622.058698
20940636 622.996341
20937143 623.945413
20936696 624.886985
20935945 625.829015
20934718 626.767293
20933974 627.718852
20933425 628.666980
20931832 629.610546
20928393 629.610553
20927599 630.562293
20925368 631.507720
20925316 632.448143
20921740 633.387596
20920037 634.320643
20918648 635.258288
20917292 636.194848
20915659 637.137810
20913070 638.078377
20911994 639.018961
20910692 639.959220
20907010 640.898164
20906148 641.846013
20904305 642.787173
20902400 643.726323
20901633 644.670411
20900729 645.612301
20899812 646.560858
20898906 647.506570
20897836 648.451378
20896882 649.396841
20895698 650.336715
20893876 651.286258
20893374 652.229656
20892272 653.172375
20890482 654.111632
20889580 655.051435
20889486 655.993247
20888907 656.925412
20887354 657.871580
20884813 658.812661
20884766 659.756593
20884403 660.702501
20882109 661.646393
20881492 662.590471
20878558 663.532433
20877284 664.475820
20877221 665.415501
20876174 666.359830
20875642 667.306884
20875046 668.250158
20873992 669.189904
20873088 670.135154
20872725 671.079178
20871399 672.023427
20869700 672.023433
20867629 672.966355
20867227 673.908250
20865624 674.853633
20863799 675.794305
20863562 676.739418
20862426 677.686936
20861319 678.626968
20861030 679.573775
20860263 680.524809
20859900 681.483229
20859368 682.430915
20859182 683.371961
20858590 683.371968
20858002 684.322143
20857625 685.269512
20856147 686.215060
20854491 687.162986
20853704 688.105228
20853364 689.043726
20852816 689.981389
20852011 690.921856
20851138 691.861980
20850781 692.805370
20850382 693.739819
20849982 694.677829
20847322 695.617121
20846745 696.555646
20846130 697.504219
20845814 698.450531
20845420 699.387241
20843798 700.322734
20843640 701.265568
20843106 702.213235
20842429 703.154446
20841898 704.091234
20838464 704.091240
20837757 705.030835
20837198 705.977211
20836858 706.920721
20835285 707.860961
20833738 708.797617
20833083 709.742115
20832617 710.676987
20831758 711.618309
20830980 712.549302
20830456 713.494186
20829117 713.494191
20828461 714.422959
20825397 715.367833
20824771 716.303591
20824126 717.237239
20820727 718.178105
20820359 719.112223
20820135 720.055234
20819641 720.993773
20817378 721.925791
20816895 722.859300
20816383 723.796026
20816352 724.730972
20815637 725.664778
20815168 726.604795
20814417 727.538576
20813883 728.471705
20813846 729.407996
20811588 729.408001
20809838 730.342077
20809321 731.285830
20808716 732.218356
20808164 732.218362
20807509 733.157001
20806348 734.089640
20805814 735.020069
20804996 735.953295
20804693 736.891990
20803598 737.820156
20803328 738.746040
20801934 739.678990
20801563 739.678997
20801146 740.613375
20801033 741.546240
20800770 741.546245
20800706 742.476966
20799290 742.476972
20798856 743.409472
20798183 744.344033
20797466 745.267234
20796999 746.196433
20795721 747.122107
20795415 748.048613
20794596 748.979991
20793997 749.911460
20792158 750.830900
20791810 750.830906
20791613 751.760348
20790927 752.681037
20790393 753.607424
20790243 754.533010
20789611 755.449590
20789189 756.377210
20786910 757.304501
20785896 758.235759
20785688 759.166700
20785036 760.090610
20783761 761.005478
20783682 761.924482
20783342 762.842344
20783292 763.764374
20783083 764.687792
20781392 765.605089
20781253 766.521134
20780770 767.443482
20780235 768.362514
20779496 769.284685
20779418 770.202458
20779010 771.118710
20778513 772.038787
20778077 772.951222
20777566 773.870430
20776735 774.785998
20776443 774.786005
20776393 775.695857
20776147 776.616076
20775043 776.616082
20773542 777.526192
20772553 778.433620
20772198 779.346547
20771948 780.263695
20771822 781.176951
20771751 782.090568
20771251 783.002774
20771057 783.909535
20770680 784.814496
20769673 784.814502
20767933 785.720941
20767784 786.628624
20766766 787.539727
20766534 788.444860
20766158 789.349243
20765953 790.254109
20765532 791.166356
20765396 792.077106
20765355 792.077112
20765167 792.984240
20765125 793.892242
20764911 794.796432
20764713 794.796439
20764278 795.692513
20764186 796.594051
20764161 797.492344
20764023 798.383595
20763998 798.383601
20763320 799.278971
20763260 800.173015
20762650 800.173022
20762237 801.073670
20759659 801.073676
20759554 801.965578
20759406 802.858128
20759034 803.751332
20758774 804.647147
20758647 805.548124
20758440 806.438721
20758308 807.337449
20758159 808.222079
20757874 809.117998
20757387 810.013339
20757033 810.911083
20756963 811.800598
20756855 812.688389
20756765 813.580763
20754019 814.468162
20753988 815.345969
20752369 816.232849
20752207 817.119051
20751984 818.885714
20751959 819.766502
20751644 820.644790
20751576 821.525325
20751538 822.408608
20751521 823.296249
20751485 824.175108
20751470 825.052184
20750766 825.925171
20750575 826.798376
20750501 827.677467
20749996 828.554855
20749990 829.431451
20749935 830.308305
20749863 830.308313
20749717 831.180174
20749701 831.180181
20749398 832.053315
20749380 832.053324
20749280 832.925221
20749158 832.925227
20749024 833.793567
20748059 835.528663
20748042 837.271782
20748040 839.014201
20748013 840.757906
20747959 841.621341
20747837 841.621346
20747407 841.621349
20747317 842.485744
20747099 843.347601
20746950 844.214747
20746817 845.081490
20746624 845.081496
20745901 845.081498
20745880 845.950833
20745842 846.814985
20745737 846.814991
20745462 847.675243
20745439 848.528057
20745401 849.370866
20745387 851.085035
20745208 851.931358
20745202 853.632698
20744302 854.477720
20743932 859.555017
20743896 860.396756
20743856 861.237258
20743841 862.069992
20743817 862.069999
20743804 862.906593
20743779 863.746775
20743773 864.577467
20743474 865.412733
20743463 866.246285
20743446 867.064926
20743375 869.525628
20742633 869.525635
20742567 871.160638
20742289 874.368381
20741933 877.519546
20741910 909.344985
20741879 909.969746
20741854 910.601729
20741831 911.227399
20741810 911.855135
20741796 912.481014
20741785 913.096019
20741762 913.716109
20741724 914.342066
20741718 914.954046
20741718 1516.020599
