71416705 235.137462
70490438 235.137476
69769093 235.137479
69706241 235.137480
69702102 238.315233
69640104 241.476760
68778420 244.634572
68771205 247.799552
68646281 250.936881
68404244 250.936887
68395885 254.085251
68376965 254.085257
68176140 257.223759
68171320 260.285123
67877961 260.285128
67874350 263.346884
67296708 266.450151
66908682 269.527525
66799550 272.560286
66787174 275.656556
66144598 275.656563
66139371 278.688926
66129789 281.727851
65974140 284.779054
65503388 287.814352
65500311 290.868935
65387327 293.881680
65273104 293.881685
65265327 296.859078
64928990 299.870284
64920293 302.905402
64900763 305.895938
64896746 308.866949
64734403 311.777845
64727309 314.815746
64133145 317.807259
64089351 320.748714
64050096 320.748720
63935426 323.712992
63863718 323.712998
63856139 326.657764
63640930 329.655481
63438114 329.655486
63416724 332.648215
63026704 332.648221
62937893 335.596778
62813144 338.511031
62554464 338.511037
62544436 341.440564
62500261 344.370559
61774437 344.370564
61763209 347.240389
61563096 350.133121
61553232 353.013766
61549996 355.938818
61456765 358.844504
59848079 358.844509
59844173 361.733964
59545237 364.611143
59538380 367.472151
59332182 370.336105
59329117 373.237283
59324562 376.101049
59321743 378.971338
59316666 381.845132
59302960 384.619291
59292331 387.474880
59286263 390.319576
59277418 393.113837
59266238 395.936740
59227023 398.726716
59218001 401.546633
59211324 404.351966
58814278 407.137197
58527199 409.968449
58516997 412.752326
58514111 415.520130
58509322 418.277909
58503644 421.073600
58431971 423.822699
58261408 426.565002
58253465 429.361581
58077685 432.204257
58075220 435.301210
58068875 438.466208
58034900 441.565586
58032731 444.703200
58024781 447.821389
57951412 450.894286
57947664 453.975221
57310363 453.975227
57303366 456.965469
57025730 459.685723
57000735 462.436737
56999499 465.192553
56991838 467.887486
56988642 470.550098
56987084 473.202076
56981755 475.960646
56817768 478.692877
56816522 481.424354
56810635 484.179725
56809392 486.859400
56807259 489.577028
56781828 489.577034
56777808 492.260411
56763919 494.967849
56682645 494.967855
56217873 497.796205
56215002 500.595991
56211243 503.365036
56210201 506.112968
56107158 506.112974
55960841 508.811358
55953149 511.475324
55919770 514.129469
55910021 516.774139
55745952 519.458993
55737878 522.114858
55731092 524.788857
55723779 527.472839
55675997 530.113592
55672981 532.714595
55042123 532.714599
55039767 535.359205
55037276 538.173604
55033963 540.932787
55022775 543.588666
54288325 546.216719
54009726 548.844688
53999575 551.484189
53984429 554.096945
53981257 556.700680
53977727 559.301221
53974994 561.921455
53968815 564.532142
53965685 567.159571
53960785 569.776554
53958499 572.363566
53956834 574.944115
53955980 577.573563
53952038 580.188927
53948398 582.994900
53947361 585.826864
53939496 588.511054
53934121 591.083218
53931676 593.665784
53633988 596.210803
53620547 598.846748
53608528 601.418643
53585942 603.997296
53584490 606.538164
53577023 609.145391
53568574 611.730956
53564692 614.282844
53561626 616.769284
53558246 619.308573
53546776 621.863806
53545172 624.374994
53544250 626.923285
53412691 626.923292
53382322 629.430741
53379907 631.960032
53376057 634.453537
53368562 637.000029
53221471 637.000036
53190217 639.535060
53189687 642.039070
53068107 644.563129
52948054 647.078912
52944173 649.598805
52942657 652.099197
52888618 652.099204
52879568 654.562680
52874729 657.032069
52865786 659.507663
52859054 661.997987
52854577 664.504122
52849414 666.970539
52844290 669.461884
52689078 669.461892
52641432 671.961128
52501491 674.442348
52496827 676.952645
52364387 679.479610
52360586 681.907965
52355600 684.433044
52321179 686.945939
52309304 689.398132
52306983 691.852763
52302363 694.342951
52293330 696.801339
52292380 699.269767
52289144 701.659198
52284895 704.112094
52277751 706.580628
52277208 709.031148
52173892 711.477899
52173063 713.955621
52165454 716.395312
52159208 718.864958
52157981 721.332299
52113808 723.746211
52109432 726.140991
52049350 728.574222
52041413 728.574252
52037618 730.988418
52030508 733.425361
51990377 733.425366
51988983 735.863317
51964421 735.863323
51962150 738.300074
51746531 738.300078
51726901 740.702090
51725710 743.114026
51458438 745.513313
51451203 747.940956
51324692 750.376936
51313082 752.822726
51310749 755.252657
51309115 757.634640
51085752 757.634646
51049299 760.008537
51048340 762.402883
51046245 764.806437
51040730 767.210337
51037147 769.613179
51030660 771.983094
51022662 774.398034
51019983 776.753333
51017730 779.119494
51012286 781.489003
51009623 783.820109
50836612 786.158892
50835076 788.571328
50832557 790.933033
50830623 793.359018
50812775 795.759197
50810375 798.127981
50807135 800.494214
50803604 802.872991
50802717 805.230979
50796018 807.619912
50753468 809.958344
50674054 809.958349
50673324 812.345265
50592049 814.660373
50587578 817.009388
50586572 819.377050
50583602 821.737342
50582151 824.109132
50124823 824.109137
49991837 826.473226
49988096 828.807954
49983386 831.189148
49980821 833.544548
49976082 835.886899
49974657 838.220719
49972988 840.604286
49969318 842.946277
49748058 845.286814
49745434 847.599938
49743466 849.975802
49740888 852.373204
49734084 854.722427
49648619 857.024601
49637007 859.384727
49635373 861.719827
49633483 864.038992
49629463 866.377191
49625507 868.720245
49620019 871.081191
49616094 873.380337
49609864 875.718567
49609571 878.089165
49607215 880.384365
49604145 882.718710
49595260 885.027125
49592999 887.352214
49587566 889.680797
49585472 892.034431
49583979 894.331735
49580416 896.607270
49578770 898.921360
49577962 898.921367
49538400 901.240630
49536792 903.542290
49533295 905.862146
49528233 908.157471
49522210 908.157478
49516808 910.382199
49414917 912.698897
49413446 915.018814
49410274 917.331880
49409226 919.635854
49324613 919.635861
49318726 921.975153
49298900 924.292621
49270766 926.611899
49262212 928.969248
49255953 931.225703
49254816 933.567949
49252627 935.803419
49250097 938.102753
49242881 940.417822
49238291 942.723305
49235126 945.026167
49233576 947.312714
49230696 949.607980
49210461 951.897608
49209570 954.182100
49207761 956.482606
48889305 958.793460
48885868 961.069612
48880855 963.327106
48875940 965.607869
48872162 967.923805
48858075 970.212457
48852703 972.448220
48584672 974.685301
48583879 976.923362
48582677 979.202305
48542295 981.479455
48538055 983.700795
48537587 985.976956
48499507 988.274001
48498649 990.503046
48496042 992.776279
48489943 992.776285
48450711 995.089801
48449885 997.355136
48446184 999.606322
48441307 1001.868094
48093692 1004.161652
48084853 1006.372062
48082335 1008.630799
48078666 1010.868957
48075639 1013.112536
48073745 1015.351937
48071046 1017.600601
48065673 1019.816195
48065068 1022.075003
48061484 1024.303850
48059078 1026.503998
48053325 1028.805799
48049483 1031.007961
48020052 1033.201135
48008606 1035.437158
47815903 1037.697776
47809871 1039.953556
47805740 1042.185193
47804099 1044.452532
47790081 1046.723620
47785650 1048.985917
47784529 1051.253736
47781542 1053.488942
47778073 1055.712597
47770403 1057.927346
47768543 1060.169519
47764163 1062.405604
47758228 1064.661081
47755729 1066.892936
47755210 1069.160415
47753974 1071.447676
47752698 1073.668646
47728103 1075.886714
47726935 1078.084373
47717397 1080.341147
47714201 1082.592591
47703756 1084.824503
47699623 1087.092177
47698099 1089.345690
47697161 1091.610111
47695300 1093.874401
47693489 1096.108970
47689132 1098.318244
47688472 1100.546469
47686210 1102.768606
47652329 1104.970426
47650467 1107.150859
47647379 1109.339546
47638231 1111.564468
47635333 1113.768699
47634221 1115.988408
47628832 1115.988415
47625688 1118.160330
47625273 1120.393825
47624581 1120.393833
47623237 1122.608582
47623004 1124.865334
47621701 1124.865341
47616687 1127.050224
47607874 1127.050231
47565986 1127.050233
47563509 1129.261240
47547424 1131.473288
47546050 1133.709232
47542224 1135.921801
47538478 1138.102134
47537549 1140.283440
47529867 1142.457279
47525461 1144.671889
47523738 1146.850432
47520476 1149.058238
47374754 1151.242159
47373316 1153.430228
47368665 1155.632039
47362200 1157.834612
47352862 1160.023792
47348406 1162.228288
47345932 1164.456166
47343203 1166.602253
47339982 1168.754049
47318501 1170.934530
47316684 1173.084579
47312616 1175.263688
47311288 1177.396101
47307384 1179.560720
47305104 1181.916273
47295127 1184.280747
47290736 1186.630249
47288111 1188.800648
47286769 1190.994757
47261138 1193.164199
47260021 1195.335693
47257756 1197.554504
47241598 1199.714846
47240226 1201.899407
47227819 1204.072897
47227137 1206.191725
47224104 1208.353423
47221579 1210.539429
47158876 1210.539435
47156092 1212.700671
47153215 1214.869567
47152602 1217.061738
47151255 1219.222284
47148660 1221.410721
47147493 1223.553813
47147065 1225.744192
47145231 1227.907820
47142808 1230.039063
47139337 1232.191865
47137049 1234.347249
47136147 1236.508679
47135022 1236.508686
47134418 1238.673777
47133891 1238.673783
47133506 1240.857654
47132596 1240.857659
47128444 1243.029494
47124923 1245.196480
47112751 1247.362576
47110671 1249.523021
47107829 1251.637291
47104646 1253.782939
47103872 1255.922364
47101297 1255.922370
47042217 1258.081249
47024427 1260.244558
47013110 1262.370587
47012914 1264.521536
47011676 1266.681053
47011271 1268.813494
47010190 1270.912387
47007996 1273.012308
47005682 1275.110289
47004434 1277.237170
47001517 1279.369038
46878658 1281.520412
46876171 1283.668723
46872829 1285.801105
46863525 1287.926674
46860647 1290.032903
46860383 1292.198480
46858807 1294.318636
46856637 1296.471450
46854339 1298.578081
46853876 1300.737624
46850529 1302.881745
46847216 1305.016144
46829757 1305.016150
46797744 1307.122064
46797260 1309.220318
46796353 1311.350867
46794051 1313.486701
46788465 1315.625703
46777199 1317.767453
46773329 1319.859787
46773009 1321.947619
46771919 1324.053884
46740787 1326.126508
46735972 1328.260879
46673809 1328.260884
46672187 1330.386792
46670858 1332.486412
46669763 1334.572203
46666964 1336.662493
46654700 1338.776791
46652145 1340.940572
46651348 1343.081471
46650469 1345.141666
46528096 1347.238101
46522961 1349.375527
46516670 1351.443257
46513771 1353.529403
46509046 1355.629363
46499709 1357.731951
46359303 1359.842835
46358795 1361.954810
46356075 1364.045383
46354127 1366.109989
46352602 1368.193441
46351796 1370.277249
46350143 1372.392741
46349478 1374.557742
46348969 1376.613911
46321878 1378.689291
46321873 1380.811110
46320975 1382.858009
46312110 1384.940537
46307030 1387.035516
46305215 1389.150523
46304179 1391.213385
46299441 1393.305702
46299168 1395.370132
46285542 1397.420638
46278376 1399.481879
46266522 1401.590254
46266512 1403.671251
46266470 1405.762771
46265152 1407.811806
46263537 1409.916858
46262723 1411.993226
46262082 1414.071222
46260198 1416.133722
46195966 1416.133727
46178939 1418.225315
46178517 1420.290570
46176451 1422.344069
46171598 1424.441443
46168903 1426.539716
46166632 1428.619301
46164142 1430.668209
46159952 1432.708278
46159284 1434.763532
46107775 1436.805690
46107089 1438.874104
46102467 1440.966660
46100441 1443.032155
46094961 1445.103161
46086350 1447.167476
46085469 1449.231334
46084503 1451.338807
46077330 1453.389874
46076612 1455.434176
46073799 1457.506512
46071016 1459.589998
46067504 1461.645205
46065414 1463.679106
46062685 1465.745454
46061947 1467.757815
46061117 1469.808486
45993426 1471.874891
45991986 1473.938038
45989908 1476.002535
45987828 1478.041493
45987374 1480.105549
45986136 1482.154429
45983599 1484.149098
45982918 1486.196305
45981511 1488.237420
45977198 1490.272021
45976759 1492.325458
45885390 1494.378394
45884706 1496.408668
45883714 1498.436726
45874542 1500.465666
45873598 1502.508876
45872700 1504.519227
45870665 1506.566376
45868551 1508.604583
45866743 1510.682255
45865015 1512.720699
45860827 1514.726843
45860797 1516.766967
45860503 1518.822882
45860329 1520.853196
45859047 1522.874480
45856607 1524.964641
45855014 1526.987660
45851313 1529.057219
45849327 1531.104065
45848477 1533.141533
45847768 1535.154523
45846258 1537.178582
45843578 1539.213327
45842115 1541.261969
45840883 1543.284393
45840513 1545.327448
45839492 1547.332230
45838282 1549.352761
45833123 1551.393220
45832079 1553.401043
45831630 1555.430204
45830094 1557.435155
45827972 1559.478540
45827482 1561.501354
45826589 1563.557898
45826187 1565.561657
45825481 1567.563997
45824275 1569.574910
45822749 1571.587532
45821066 1573.543534
45811475 1573.543540
45810748 1575.504305
45808366 1577.518725
45807451 1579.504197
45806402 1579.504202
45804975 1581.528767
45804328 1583.549990
45803802 1585.574803
45801587 1585.574808
45778266 1587.609951
45776233 1589.583376
45767914 1591.589559
45767250 1593.593117
45763570 1595.567331
45761649 1597.538855
45759406 1599.536898
45756559 1601.537437
45755856 1603.560294
45755252 1605.532934
45754717 1607.531768
45752761 1609.525696
45752571 1611.474170
45714568 1613.441940
45711595 1615.431100
45708393 1617.408845
45707167 1619.419312
45705989 1621.364450
45705272 1623.380048
45704258 1625.405036
45701683 1627.409896
45700848 1629.361692
45698638 1631.339119
45698282 1633.350409
45697891 1635.367586
45689707 1637.326793
45685820 1639.307149
45684771 1641.286355
45676905 1643.258463
45675928 1645.230902
45672610 1647.173235
45672085 1649.169895
45670964 1651.169839
45670741 1653.194502
45667736 1655.176971
45664913 1657.154661
45657014 1659.137646
45655736 1661.129783
45653041 1663.108688
45651669 1665.086062
45650618 1667.066621
45650150 1669.041438
45644842 1671.013221
45643562 1673.021297
45642830 1674.981456
45642712 1676.938037
45642650 1678.889079
45641889 1680.900278
45641104 1682.882926
45640248 1684.841381
45639358 1686.799924
45638537 1688.750358
45637662 1690.712236
45637259 1692.650604
45633717 1694.607008
45631853 1696.591441
45622540 1698.562883
45621889 1700.546041
45621410 1702.553247
45620484 1704.521205
45618993 1706.478956
45617575 1708.432777
45616832 1710.435148
45616520 1712.378284
45615773 1714.340792
45615304 1716.311371
45614393 1718.290647
45613549 1720.267283
45613372 1722.211373
45605065 1724.175821
45596291 1726.168505
45595382 1728.135102
45594794 1730.108523
45594309 1732.068923
45594037 1734.019447
45593332 1735.959303
45593235 1737.930046
45592764 1739.889576
45591953 1741.835390
45589243 1743.787094
45588662 1745.734015
45584541 1747.708954
45582440 1749.661840
45582074 1751.630478
45581660 1753.561662
45580918 1755.548150
45578388 1757.533163
45576883 1759.460231
45572629 1761.404993
45572132 1763.350284
45568977 1765.322482
45560188 1765.322488
45550627 1767.262478
45549007 1769.227317
45545902 1771.157332
45544222 1773.109820
45543291 1774.995485
45542657 1776.929453
45541965 1778.872297
45541174 1780.784770
45539040 1782.723838
45537629 1784.755667
45537470 1786.720393
45537286 1788.651893
45537052 1790.573850
45535966 1790.573856
45535125 1792.494759
45534509 1794.423045
45510580 1796.361180
45508012 1798.291848
45507034 1800.230893
45505046 1802.164754
45504742 1804.075617
45502400 1805.975563
45501539 1807.880146
45439046 1809.806297
45438286 1811.724632
45434099 1813.656808
45433489 1815.548355
45433232 1817.463613
45426698 1819.375965
45426526 1821.293098
45425939 1823.184514
45421542 1825.082726
45408465 1826.999229
45408295 1828.913235
45408158 1830.865324
45407700 1832.771733
45407477 1834.709387
45407202 1836.623076
45407182 1838.565021
45404352 1840.484502
45404315 1842.435653
45389656 1844.353915
45389172 1846.268117
45388835 1848.175879
45387155 1850.099284
45384400 1852.015478
45383630 1853.917580
45383172 1855.819125
45382196 1857.736371
45381800 1859.667617
45380897 1861.552375
45379334 1863.487644
45379133 1865.420995
45378682 1867.336163
45377103 1869.263991
45375411 1871.179454
45373857 1873.132166
45373767 1875.012055
45371805 1876.954332
45370292 1878.848913
45337667 1880.755037
45337024 1882.679117
45335859 1884.581374
45334814 1886.514288
45334624 1888.377109
45331699 1890.277422
45331127 1892.198320
45330073 1894.097157
45328498 1896.027369
45327078 1897.948938
45326746 1899.887368
45325973 1901.773458
45324558 1903.705348
45323635 1905.627333
45323079 1907.553036
45321236 1909.498807
45320165 1911.395241
45319103 1913.267005
45318802 1915.167891
45318508 1917.067109
45318153 1918.993908
45315265 1920.892568
45314901 1922.782827
45313712 1924.678291
45313598 1926.612147
45312831 1928.481831
45312159 1930.375937
45310535 1932.296156
45306206 1934.157371
45305084 1936.016699
45304777 1937.920725
45303449 1939.798130
45298950 1941.653686
45297389 1943.572348
45297055 1945.480428
45295073 1947.365236
45292486 1949.248844
45292092 1951.144443
45291112 1953.008728
45288990 1954.886984
45288187 1956.774635
45287169 1958.669725
45286756 1960.554914
45286259 1962.445223
45282166 1964.357907
45281481 1966.263777
45280787 1968.144066
45280316 1970.013697
45279850 1971.884022
45279606 1973.763844
45277609 1975.628904
45276784 1977.565970
45276180 1979.428678
45274728 1981.287492
45270172 1983.175854
45269832 1985.076867
45269235 1986.944938
45268399 1988.845209
45268146 1990.722863
45267233 1992.604743
45267101 1994.494377
45266911 1996.346460
45264902 1998.236918
45264513 2000.157150
45263173 2002.068098
45262545 2003.956040
45261562 2005.856274
45260810 2007.713707
45259797 2009.611131
45259272 2011.473884
45258816 2013.365578
45257067 2015.206586
45255179 2017.083971
45254129 2018.945480
45241844 2020.796866
45240740 2022.638079
45238723 2024.504708
45238193 2026.363447
45237134 2028.221741
45234056 2030.096288
45232710 2031.979250
45231918 2033.840489
45230827 2035.730062
45230487 2037.599404
45229225 2039.473074
45227503 2041.339382
45226373 2043.233949
45225677 2045.083781
45224573 2046.940942
45224106 2048.827743
45223827 2050.665342
45223322 2052.522631
45221542 2054.378853
45219679 2056.287501
45218377 2058.182294
45218348 2060.056842
45217824 2061.930824
45216489 2063.801018
45215451 2065.704585
45213316 2067.585631
45212172 2069.429909
45210964 2071.297649
45210786 2073.211482
45210144 2075.051809
45208699 2076.958932
45208513 2078.812873
45206546 2080.679543
45206439 2082.528825
45206045 2084.391335
45205471 2086.264308
45205084 2088.133750
45204662 2090.001930
45202911 2091.873751
45202175 2093.699790
45201827 2095.546102
45201532 2097.398317
45201035 2099.234263
45200173 2101.111673
45197411 2102.976433
45196486 2104.862032
45196112 2106.686875
45194493 2108.566943
45193318 2110.432546
45192614 2112.272030
45191582 2114.129143
45191438 2116.016404
45187814 2117.878670
45185716 2119.735585
45184700 2121.592302
45184103 2123.465764
45183729 2125.302495
45183527 2127.155952
45182244 2129.007988
45176657 2130.848023
45176374 2132.685627
45176210 2134.506844
45175540 2136.390045
45175006 2138.244676
45174585 2140.058610
45174318 2141.922704
45174144 2143.761800
45173643 2145.625003
45168231 2145.625010
45168045 2147.448144
45167448 2149.271557
45167439 2151.138834
45167214 2153.007249
45166505 2154.869047
45166498 2156.738422
45166269 2158.579542
45166082 2160.451815
45165060 2162.293475
45164311 2164.109792
45164173 2165.931401
45161840 2167.777337
45160930 2169.581291
45160135 2171.428132
45159624 2173.280463
45154897 2175.145229
45154643 2177.181090
45154444 2179.253779
45152848 2181.339390
45152810 2183.423280
45152509 2185.582438
45151382 2187.886593
45150775 2190.228206
45150266 2192.518908
45150201 2194.579046
45144601 2196.591578
45143304 2198.635978
45142777 2200.675884
45142384 2202.549482
45140933 2204.360486
45140617 2206.203920
45139724 2208.035413
45136447 2209.857265
45133216 2211.717992
45133131 2213.580468
45132491 2215.443109
45129207 2217.310035
45129196 2217.310042
45129010 2219.140662
45128736 2220.966894
45128249 2220.966901
45127183 2222.849713
45126101 2224.748910
45125842 2226.671316
45125534 2228.564955
45125333 2230.440865
45124608 2232.290518
45124138 2234.156268
45123801 2236.055955
45122399 2236.055961
45120864 2237.851091
45120797 2239.690344
45120575 2241.528995
45117164 2243.357945
45116855 2245.212550
45072212 2247.097671
45071919 2248.933920
45070339 2250.822922
45069998 2252.638737
45069245 2254.468889
45068702 2256.313728
45068316 2258.184750
45066499 2259.995051
45065354 2261.802359
45064643 2263.615400
45064167 2265.416914
45062754 2267.222642
45062539 2269.059760
45061800 2270.905984
45060328 2272.744435
45059750 2274.572961
45058603 2276.372623
45057732 2278.195673
45056411 2280.012337
45055900 2281.851438
45055572 2283.694510
45055122 2285.472868
45054507 2287.298949
45054246 2289.116278
45054160 2290.937534
45053450 2292.744721
45051902 2294.578881
45051737 2296.414239
45051441 2298.255257
45050920 2300.047886
45050501 2301.859366
45049812 2303.667961
45049161 2305.432359
45049054 2307.238528
45048799 2309.057603
45048047 2310.861170
45047635 2312.701071
45047562 2314.486067
45044578 2316.276014
45044091 2318.123339
45043449 2319.899753
45042576 2321.712307
45040685 2323.505817
45039579 2325.311240
45038623 2327.151943
45035091 2328.936738
45034517 2330.754281
45034504 2332.566519
45031896 2334.394082
45031197 2336.153580
45028193 2337.928161
45028016 2339.739949
45027310 2341.564264
45026948 2343.381601
45025313 2345.145691
45024748 2346.930768
45024732 2348.730698
45024013 2350.518941
45023865 2352.323580
45023206 2354.171040
45022906 2356.013599
45021834 2357.811724
45021729 2359.607700
45021369 2361.396491
45021039 2363.199519
45020971 2365.008088
45020463 2366.776689
45019279 2368.587295
45017797 2370.356787
45016871 2372.138706
45016775 2373.885515
45016354 2375.649555
45015871 2377.458086
45015577 2379.216842
45015477 2380.977770
45015129 2382.805223
45014584 2384.595955
45013771 2386.364020
45013351 2388.173028
45012908 2389.932431
45012680 2391.696224
45012615 2393.483663
45012548 2395.284357
45012031 2397.073334
45011762 2398.856673
45009864 2400.650436
45009755 2402.458109
45009598 2404.234106
45009527 2405.998455
45008458 2407.784812
45005750 2409.570722
45004997 2411.330334
45004854 2413.117553
45001736 2414.928362
44999900 2416.688829
44999732 2418.460706
44999233 2420.252589
44998409 2422.063477
44997922 2423.845864
44997130 2425.578522
44995096 2427.357203
44993428 2429.168316
44992903 2430.945232
44992648 2432.776793
44992335 2434.569921
44991194 2436.370394
44990662 2438.235502
44990207 2440.000848
44988489 2441.792527
44986943 2443.602057
44986497 2445.422279
44985272 2447.218722
44985181 2448.998811
44984945 2450.851901
44984616 2452.653639
44984525 2454.433138
44983496 2456.199759
44983425 2457.967735
44983023 2459.726970
44981534 2461.474627
44981248 2463.219296
44980925 2464.972890
44980326 2466.733884
44980227 2468.498589
44980119 2470.271641
44977159 2470.271648
44975033 2472.008015
44975025 2473.795612
44973765 2475.594966
44973093 2477.346145
44971812 2479.110580
44971344 2480.895004
44970974 2482.632522
44970543 2484.407682
44970499 2486.188369
44970385 2487.983134
44969723 2489.732836
44968590 2491.521777
44967084 2493.268638
44966759 2495.026657
44966727 2496.785780
44953113 2496.785787
44946625 2498.551459
44946499 2500.317275
44944716 2502.087483
44943587 2503.880897
44932972 2505.639660
44932902 2507.399448
44932764 2509.109205
44932728 2510.866845
44931875 2512.646073
44928988 2514.403922
44926340 2516.167956
44926249 2517.950873
44926232 2519.721216
44925820 2521.485099
44924710 2523.220728
44924505 2524.988563
44924349 2526.759781
44924048 2528.531633
44923859 2530.303557
44923658 2532.065450
44920977 2533.784995
44920326 2535.552289
44920111 2537.277046
44919959 2539.062101
44919502 2540.849932
44919317 2542.596762
44919233 2544.337937
44918203 2546.103231
44918152 2547.884532
44917990 2549.650780
44916329 2551.379568
44916310 2553.114799
44916295 2554.863652
44915773 2556.622657
44913564 2558.382809
44912260 2560.163567
44911904 2561.915371
44911086 2563.673269
44909197 2565.399313
44909024 2567.150431
44908297 2568.915835
44907821 2570.664970
44907688 2572.392019
44905204 2574.132714
44904602 2575.871076
44904255 2577.617265
44903204 2579.390231
44902697 2581.082389
44900989 2582.828507
44900428 2584.555779
44900065 2586.279083
44900049 2587.996309
44899352 2589.789104
44898034 2591.531960
44896143 2593.286857
44895909 2595.033683
44895873 2596.767626
44895452 2598.535479
44895263 2600.285012
44894924 2602.032718
44894821 2603.775758
44894384 2605.493487
44894383 2607.254832
44894013 2609.000226
44893276 2610.743798
44892985 2612.513020
44892374 2614.279426
44889472 2616.048666
44887180 2617.789818
44883422 2619.540544
44883091 2621.290733
44882619 2623.053228
44881915 2624.783663
44876061 2626.498503
44875427 2628.228505
44875204 2629.964057
44874905 2631.673259
44874010 2633.418350
44872097 2635.171090
44869973 2636.911772
44869349 2638.668636
44868677 2640.399402
44868297 2642.148061
44868078 2643.896274
44867640 2645.640146
44867160 2647.382953
44866967 2649.132812
44866208 2650.872709
44864568 2652.612506
44862521 2654.343518
44862467 2656.102365
44861691 2657.842701
44861524 2659.571461
44861420 2661.308344
44860921 2663.044864
44859976 2664.800877
44859913 2666.582717
44858938 2668.365305
44858250 2670.147159
44856357 2671.931566
44855407 2673.708587
44854827 2675.460519
44854713 2677.253188
44854318 2679.025031
44852328 2680.819508
44851559 2682.551480
44850861 2684.338211
44849357 2686.127813
44848283 2687.873980
44848173 2689.635575
44848057 2691.348843
44847679 2693.074235
44847561 2694.804484
44847190 2696.557015
44846980 2698.323341
44846609 2700.051777
44845463 2701.762291
44845409 2703.493752
44844937 2705.222558
44844827 2706.972994
44843240 2708.776256
44843039 2710.525158
44841962 2712.251967
44841572 2713.985802
44841025 2715.709494
44840747 2717.431495
44838238 2719.161609
44833480 2720.913109
44832806 2722.683308
44832715 2724.459134
44829802 2726.180518
44829697 2727.887484
44827786 2729.620165
44826071 2731.314501
44826013 2733.039932
44825956 2734.785136
44825658 2736.516540
44825022 2738.225489
44824960 2739.920355
44823975 2741.643903
44823163 2743.351320
44822561 2745.068607
44822331 2746.812722
44821057 2748.538065
44820993 2750.292095
44819065 2752.040921
44818934 2753.767339
44818854 2755.523034
44818541 2757.246851
44816626 2759.032446
44816529 2760.826287
44814635 2762.586480
44814479 2764.315076
44813456 2766.043819
44812107 2767.740189
44812014 2769.461837
44811879 2771.225267
44811669 2772.938323
44811515 2774.638756
44811341 2776.329037
44809833 2778.023869
44808769 2779.775484
44808640 2781.522295
44808519 2783.239934
44808394 2784.949010
44807944 2786.686711
44805964 2788.403967
44805066 2790.129137
44804466 2791.843744
44804227 2793.567348
44803716 2795.320595
44803595 2797.022326
44803471 2798.730774
44802770 2800.440442
44802737 2802.142754
44802673 2803.863161
44801294 2805.585011
44801240 2807.278785
44799164 2808.995101
44797602 2810.735232
44797211 2812.503049
44796768 2814.212567
44796612 2815.926715
44796408 2817.663198
44795784 2819.380863
44786742 2821.097042
44783993 2822.801711
44783287 2824.526204
44776747 2826.261417
44776606 2827.965052
44776523 2829.667539
44776087 2831.383860
44775455 2833.097267
44775437 2834.833783
44775311 2836.532890
44774662 2838.218801
44774466 2839.920655
44773397 2841.665922
44773302 2843.377045
44773158 2845.128029
44772619 2846.836129
44772507 2848.545365
44771380 2850.237639
44770845 2851.938853
44770004 2853.637174
44769967 2855.355947
44769907 2857.069262
44769157 2858.782286
44768449 2860.509990
44768080 2862.254537
44765331 2863.992809
44765168 2865.723353
44764824 2867.429834
44761200 2869.147418
44760441 2870.840388
44760346 2872.562617
44758666 2874.260057
44758415 2875.967754
44757898 2877.645989
44757723 2879.335405
44756947 2881.054997
44755223 2882.835914
44755166 2884.688232
44753171 2886.577452
44752813 2888.426051
44752792 2890.139241
44752564 2891.929442
44748223 2893.719119
44748065 2895.485174
44747676 2897.280251
44746504 2899.028612
44746176 2900.788280
44741293 2902.587500
44741024 2904.346059
44739986 2906.158615
44736737 2907.972898
44734550 2909.878180
44733068 2911.922764
44731777 2913.950714
44730778 2915.987282
44730725 2918.022492
44730646 2920.041710
44730275 2922.079603
44728002 2924.129645
44727789 2926.155388
44727407 2928.191421
44726267 2930.225872
44725901 2932.239327
44725733 2934.175956
44724140 2936.002110
44719650 2937.736145
44718928 2939.532326
44718402 2941.332057
44718110 2943.164219
44717992 2944.967891
44717373 2946.758157
44717250 2948.554042
44717234 2950.324045
44716761 2952.120842
44716350 2953.916519
44715839 2955.707707
44715380 2957.508402
44715030 2959.293048
44713557 2961.095812
44713511 2962.883187
44713409 2964.698087
44713386 2966.514649
44712734 2968.317509
44712340 2970.122051
44712277 2971.941110
44708185 2973.705729
44707586 2975.515858
44707430 2977.337377
44707371 2979.144400
44707159 2980.945500
44706912 2982.768559
44706907 2984.548462
44706120 2986.363211
44703504 2988.168992
44697371 2989.975747
44691852 2991.797155
44691721 2993.628393
44691054 2995.426859
44690803 2997.227153
44690021 2999.029894
44688420 3000.831984
44688281 3002.585650
44687425 3004.375171
44687280 3006.205877
44686920 3008.018598
44683161 3009.825417
44680124 3011.611059
44679648 3013.429506
44678545 3015.256737
44677511 3017.092802
44677293 3018.865794
44674280 3020.679314
44672971 3022.513373
44672330 3024.282488
44672136 3026.070752
44672135 3027.882489
44671429 3029.696377
44669302 3031.498637
44669059 3033.301192
44668512 3035.116921
44667416 3036.890750
44667187 3038.721719
44667130 3040.532492
44666801 3042.284317
44666515 3044.070392
44666219 3045.845864
44665730 3047.652428
44665530 3049.456207
44665398 3051.254586
44664279 3053.089088
44664100 3054.896894
44663859 3056.702455
44663623 3058.481739
44663304 3060.266229
44663196 3062.071658
44663131 3063.855836
44661078 3065.661772
44659930 3067.489629
44658219 3069.271785
44658166 3071.064091
44657835 3072.870032
44656274 3074.702944
44653046 3076.509665
44650153 3078.291682
44650135 3080.121188
44648939 3081.913973
44645774 3083.717229
44645683 3085.513666
44645101 3087.315813
44644693 3089.115921
44643410 3090.906159
44643355 3092.687004
44643326 3094.501034
44643224 3096.291320
44643152 3098.122144
44640205 3099.947903
44639586 3101.731160
44637584 3103.499313
44637201 3105.324491
44636399 3107.093486
44636369 3108.858145
44635879 3110.677514
44632639 3112.407825
44631554 3114.222860
44630318 3116.019663
44629885 3117.790871
44628977 3119.607132
44628610 3121.414920
44628387 3123.219453
44627588 3125.005344
44627433 3126.819156
44627019 3128.635158
44626621 3130.454316
44626513 3132.257469
44626337 3134.041710
44625759 3135.823222
44625454 3137.604067
44624726 3139.388423
44624688 3141.153341
44624060 3142.894685
44623706 3144.692652
44623208 3146.463067
44622272 3148.228777
44621843 3150.016675
44621707 3151.782309
44620332 3153.571388
44620325 3155.320145
44617209 3157.103261
44617069 3158.880004
44616327 3160.635117
44616196 3162.392144
44614129 3164.185533
44612446 3165.964924
44612378 3167.751351
44612374 3169.525288
44612137 3171.298205
44611362 3173.106852
44611097 3174.878206
44610959 3176.651163
44610248 3178.394702
44610060 3180.187102
44609970 3181.980201
44608397 3183.793464
44608175 3185.582623
44604691 3187.356596
44604606 3189.130956
44604114 3190.883325
44603713 3192.646372
44603628 3194.422981
44602699 3196.201179
44602428 3197.974739
44600553 3199.727804
44599599 3201.503365
44599015 3203.286455
44599008 3205.040777
44598363 3206.763616
44597401 3208.423677
44596518 3210.120793
44596057 3211.826002
44595891 3213.541799
44595786 3215.277141
44594379 3216.992160
44594277 3218.682540
44594212 3220.395930
44593897 3222.121255
44593515 3223.852955
44590703 3225.581302
44588226 3227.259426
44586420 3228.970138
44585444 3230.700072
44584030 3232.430571
44583955 3234.151807
44583656 3235.881827
44582377 3237.597621
44582361 3239.303194
44582329 3240.980286
44581765 3242.645768
44581422 3244.314967
44577967 3246.013506
44577849 3247.672361
44577255 3249.360160
44577177 3251.059509
44576942 3252.849442
44575253 3254.610053
44573006 3256.315779
44572833 3258.026509
44570694 3259.736325
44567798 3261.435372
44567712 3263.154806
44567325 3264.889656
44566623 3266.657116
44565476 3268.373851
44560679 3270.098498
44560562 3271.808015
44558941 3273.516381
44558129 3275.219291
44558085 3276.906216
44556659 3278.594143
44556572 3280.322429
44554786 3282.032419
44554739 3283.737722
44549266 3285.439050
44546504 3287.144971
44545994 3288.837889
44545381 3290.540393
44545265 3292.255919
44545058 3293.954157
44544711 3295.649856
44543588 3297.370878
44543174 3299.021103
44543165 3300.691978
44542962 3302.360494
44542867 3304.075292
44541825 3305.734838
44541477 3307.434035
44541473 3309.097416
4454