24326020 2.850664
24282913 2.850683
24261304 2.850684
24211745 2.850687
24184013 3.267653
24158573 3.692684
24130902 4.121825
24114260 4.558822
24101029 4.979544
24094905 5.352048
24064694 5.352054
24062150 5.724628
24030389 6.098497
24022840 6.471461
24003654 6.844200
23991957 7.216347
23984121 7.588246
23982175 7.958675
23980861 8.328968
23977407 8.328973
23975093 8.696794
23970504 9.064298
23962048 9.064303
23960630 9.064304
23950627 9.430726
23947329 9.430731
23946703 9.794143
23946189 10.157013
23942406 10.157018
23930503 10.520556
23929164 10.520560
23927905 10.882791
23926061 10.882795
23922342 11.244377
23903320 11.602734
23881454 11.961664
23878740 12.321395
23876194 12.678301
23866142 12.678306
23841932 13.037202
23839627 13.394151
23827739 13.749723
23822285 14.104160
23808439 14.460017
23807671 14.812728
23806922 15.164040
23805024 15.164045
23781134 15.514967
23776831 15.864199
23774433 16.213788
23695296 16.213792
23679653 16.561833
23665935 16.908515
23659223 17.254603
23645843 17.600083
23644939 17.942889
23595873 18.284562
23594872 18.627554
23568255 18.969703
23539202 19.309425
23528394 19.647988
23528216 19.985024
23526961 20.323250
23518416 20.658282
23512728 20.992043
23500316 21.324948
23488144 21.656514
23474490 21.989074
23469870 22.319263
23453809 22.647238
23448920 22.975438
23442511 23.301926
23441889 23.625646
23439550 23.950188
23426090 24.273828
23418514 24.594827
23415044 24.915210
23401829 25.233858
23384563 25.551664
23369930 25.866806
23361805 26.181646
23353721 26.493803
23351787 26.807226
23351168 27.118398
23347923 27.428242
23346413 27.736376
23334200 28.045089
23331636 28.351670
23321226 28.655416
23320646 28.959088
23318033 29.259839
23312111 29.560131
23306522 29.859411
23304125 30.156788
23297068 30.452221
23286654 30.747536
23283795 31.040175
23282584 31.331694
23280595 31.623654
23272232 31.912389
23269272 32.200934
23267759 32.487411
23266846 32.771445
23266545 33.056042
23261214 33.339553
23260445 33.621226
23256250 33.901386
23249835 34.178493
23245217 34.454454
23239317 34.727941
23237068 35.270695
23236909 35.539932
23234743 36.871935
23233590 37.391649
23233192 38.648135
23233116 41.034259
23232286 41.260952
23231517 41.487437
23230004 41.711353
23229752 41.711356
23229097 41.931233
23228573 42.362849
23228187 42.575473
23228026 42.787093
23227249 43.608311
23227090 43.807393
23227090 644.813607
