6734805 2.742333
6712198 2.742350
6696224 2.742351
6688257 2.742352
6670237 2.742353
6668181 2.742355
6662643 2.742356
6649508 3.114843
6642286 3.486253
6635708 3.863200
6632522 4.241011
6632074 4.617262
6630931 4.993388
6628714 5.371822
6623022 5.749606
6620555 6.126539
6617871 6.501606
6617323 6.876297
6616418 7.249966
6615157 7.249970
6610492 7.623759
6610097 7.995918
6608773 7.995922
6607651 8.368805
6607167 8.368809
6606778 8.739997
6605296 8.740002
6604046 9.109158
6603709 9.109162
6603296 9.478505
6596590 9.478510
6593056 9.847518
6592004 10.214906
6591383 10.582102
6591239 10.949530
6589264 11.315953
6588186 11.680346
6587443 12.043822
6584514 12.043830
6578106 12.406300
6577463 12.770360
6572528 13.132576
6572412 13.493860
6570591 13.854062
6569618 14.214357
6569409 14.571045
6568274 14.927431
6564668 15.283154
6564261 15.638053
6564018 15.990893
6560174 16.347119
6559850 16.700746
6556763 17.053932
6550228 17.406040
6547780 17.755847
6546350 18.105486
6545970 18.455831
6545738 18.803911
6545606 19.151422
6543733 19.496568
6543469 19.842947
6543404 20.189072
6541601 20.532568
6540980 20.876644
6539772 21.218169
6537735 21.218174
6537436 21.558054
6536240 21.896100
6535667 22.236026
6533891 22.236031
6531595 22.572879
6529138 22.909660
6528912 22.909664
6528599 23.244969
6528140 23.244973
6526953 23.579550
6526379 23.914391
6524062 24.247380
6523664 24.579715
6520686 24.910799
6520516 25.240596
6519397 25.240601
6516589 25.569582
6516458 25.569586
6515015 25.897265
6514185 26.222819
6511545 26.222823
6509955 26.548942
6509435 26.872408
6507463 27.195969
6503893 27.518927
6502242 27.840352
6501141 28.160284
6500862 28.479984
6499785 28.797935
6498013 29.115631
6497193 29.431190
6496592 29.745907
6495928 30.061176
6494463 30.373607
6494156 30.686307
6493092 30.996759
6492772 31.304176
6491288 31.304180
6490569 31.611640
6490392 31.919217
6490139 31.919220
6488871 32.223379
6487465 32.526752
6486669 32.828289
6486390 33.129129
6485301 33.129135
6485032 33.427211
6484797 33.725243
6483674 33.725248
6480900 34.023405
6480206 34.319585
6478893 34.614734
6477034 34.907707
6476850 35.199500
6475004 35.488660
6474025 35.777591
6473443 35.777597
6472411 36.064579
6471810 36.350646
6471016 36.635036
6469171 36.919065
6469122 37.200147
6467784 37.200152
6467157 37.480582
6465998 37.759257
6465915 38.035793
6465247 38.309765
6461979 38.309769
6460451 38.583537
6460312 38.857261
6459197 39.128298
6458657 39.397946
6458335 39.665858
6458089 39.933169
6457790 40.198063
6457483 40.459956
6457146 40.722086
6456654 40.981897
6456599 41.238710
6456059 41.495194
6455772 41.751174
6455628 42.004287
6455528 42.255675
6455487 43.242617
6455453 44.659292
6455012 44.659297
6454957 44.888091
6454280 45.341199
6454027 45.341203
6453931 45.789593
6453416 46.009499
6453091 46.439906
6453091 647.489350
