17882955 1.000889
17641423 1.000905
17553717 1.000907
17515177 1.000908
17483858 1.000909
17441190 1.000910
17407566 1.000912
17365073 1.000914
17351591 1.164030
17296599 1.329029
17272238 1.494037
17270009 1.657751
17203545 1.657756
17190460 1.821504
17184266 1.987392
17181545 2.154969
17164104 2.320374
17149212 2.485186
17143355 2.649015
17114976 2.812749
17068123 2.980229
17047476 3.146588
17045913 3.312654
17035783 3.473969
17028643 3.636465
17026794 3.636470
17014066 3.796753
17009929 3.796758
17007745 3.958081
16998130 3.958086
16989428 4.108156
16986707 4.248368
16960410 4.248371
16953225 4.385370
16946395 4.521529
16936041 4.656756
16932741 4.656760
16924373 4.790738
16884745 4.923149
16879041 5.053452
16860394 5.183058
16848542 5.311660
16846237 5.438620
16842851 5.563649
16839071 5.687812
16834156 5.687815
16824327 5.810683
16816477 5.933266
16807139 5.933269
16804418 6.053713
16802481 6.053717
16801283 6.171936
16797057 6.171940
16784615 6.171941
16780191 6.288799
16776763 6.288804
16775012 6.403580
16773555 6.403584
16773527 6.516275
16767133 6.516279
16763806 6.626922
16763221 6.736476
16744939 6.736480
16744939 607.744197
