5030 3.209303
5014 3.209318
4981 3.209320
4944 3.209321
4899 3.209322
4895 3.593367
4882 3.593372
4878 3.977744
4875 4.364399
4872 4.749896
4870 5.134981
4867 5.520652
4861 5.904188
4859 6.290332
4855 6.673558
4846 7.056001
4845 7.440346
4843 7.822653
4840 8.204137
4836 8.583834
4835 8.961593
4833 8.961596
4832 9.342336
4827 9.720041
4825 10.096991
4819 10.472245
4816 10.846688
4814 11.220822
4813 11.594200
4812 11.964948
4810 12.335632
4809 12.704564
4805 13.072424
4802 13.441167
4794 13.808108
4790 14.174866
4789 14.540086
4785 14.905690
4783 15.269080
4781 15.631529
4775 15.991557
4769 16.350866
4768 16.708528
4767 17.065338
4766 17.421119
4764 17.775291
4763 18.128766
4762 18.481000
4761 18.831045
4756 19.179412
4755 19.527544
4754 19.874765
4753 20.220563
4751 20.565742
4750 20.907625
4749 21.249518
4748 21.590347
4747 21.929194
4746 22.267606
4742 22.604033
4741 22.938767
4737 23.270437
4735 23.601993
4733 23.932424
4732 24.258770
4730 24.585174
4729 24.910503
4728 25.235216
4726 25.559242
4724 25.880589
4723 26.202112
4722 26.527265
4721 26.845405
4715 26.845409
4713 27.161222
4709 27.477192
4706 27.790316
4705 28.102315
4703 28.412421
4702 28.721639
4701 29.028326
4699 29.332997
4692 29.635944
4690 29.939302
4689 30.238863
4688 30.536966
4687 31.129267
4685 31.714384
4684 32.003204
4683 32.291817
4682 32.578017
4679 32.863157
4678 33.146485
4677 33.427854
4676 33.984305
4674 34.259548
4673 34.532637
4672 35.074652
4671 35.344184
4670 35.876121
4669 36.140302
4668 36.401009
4667 37.170122
4666 39.351191
4666 640.447630
