604906 35.797654
602138 35.797669
598832 35.797671
598389 35.797672
597589 35.797674
596909 35.797675
596773 35.797676
592075 35.797677
590101 35.797679
589530 35.797680
588829 35.797682
588635 37.563541
588565 37.563546
588251 37.563548
587435 39.323662
587325 41.078369
587185 41.078374
586989 42.831407
586930 42.831412
586762 44.569425
586752 44.569430
586055 44.569432
585871 46.306025
585440 48.024332
585179 48.024337
584737 48.024340
584372 49.740369
584287 51.445520
584003 53.137189
583890 54.816533
582717 54.816537
582464 56.494143
582285 58.149607
582204 59.805882
582119 61.458317
582031 61.458322
581998 63.100717
581809 63.100721
581654 64.738741
581451 66.356088
581342 66.356092
581258 67.968220
580648 67.968225
580543 69.581810
580446 71.186820
580351 72.774219
580282 72.774223
580209 74.361152
580031 74.361157
579972 75.940249
579946 77.509821
579650 79.077748
579559 80.635529
579401 82.194775
579297 83.744466
579139 85.291922
579015 86.836465
578782 88.376704
578722 89.899727
578665 91.430023
578589 92.942022
577870 94.447136
577869 95.952538
577802 97.451332
577755 98.947336
577622 98.947341
577573 100.432196
577537 101.914892
576948 103.403047
576861 104.882432
576797 106.356743
576652 107.826687
576628 109.297114
576578 110.763853
576527 112.228900
576488 113.683322
576378 115.130681
576148 116.576825
576127 118.029750
576070 119.479738
576037 120.916995
576022 120.917001
575961 122.361690
575856 123.797826
575730 123.797832
575603 125.229421
575578 126.663284
575540 128.089944
575495 129.512801
575195 130.938893
575163 132.349017
575083 133.767705
574999 135.182431
574934 136.594418
574929 138.000062
574924 139.398341
574874 140.799274
574850 142.192334
574745 143.588224
574622 144.977620
574601 146.368745
574572 147.757918
574516 149.147156
574498 150.528920
574497 151.909329
574466 153.288588
574459 154.659966
574416 156.033321
574369 157.405813
574328 158.770353
574310 160.137239
574219 161.504290
574149 162.866576
573953 164.227861
573816 165.583989
573752 166.944991
573675 168.300434
573580 169.654408
573437 171.006239
573436 172.366637
573404 173.719162
573387 175.067081
573374 176.413310
573363 177.743670
573346 179.083530
573339 180.416434
573146 181.749858
573121 183.081487
573085 184.407975
573084 185.738686
573009 187.068393
572973 188.394606
572951 189.719984
572938 191.040776
572896 192.359268
572861 193.681916
572836 194.992303
572823 196.315940
572779 197.624144
572729 198.929710
572684 200.238870
572659 201.540842
572634 202.843203
572626 204.139506
572607 205.438273
572561 206.735664
572512 208.036563
572486 209.334045
572460 210.631750
572369 211.912973
572344 213.202499
572269 214.486135
572253 215.762577
572228 217.046352
572222 218.328631
572209 219.608862
571579 219.608867
571573 220.885713
571552 222.165119
571544 223.435456
571484 224.708063
571451 225.974107
571441 227.242600
571151 228.511747
571096 229.776903
571093 231.054966
571081 232.334383
570715 233.614003
570699 234.868151
570589 236.120618
570506 237.372489
570492 238.631701
570460 239.883353
570417 241.133628
570362 242.388609
569985 243.632974
569973 244.885856
569969 246.127185
569921 247.367763
569885 248.612539
569854 249.848820
569784 251.091619
569728 252.322798
569706 253.557411
569636 254.800805
569634 256.025534
569594 257.248443
569440 258.471189
569354 259.692070
569120 260.923982
569119 262.150486
569007 263.378676
568309 264.604289
568042 265.827968
568032 267.047559
567549 268.259412
567512 269.472139
567500 270.687960
567449 271.897151
567425 273.102946
567378 274.304105
567369 275.505721
567315 276.709665
567296 277.915505
567155 279.109541
567114 280.310498
566858 281.506947
566837 282.701120
566734 283.888542
566694 285.079786
566663 286.269281
566451 287.458611
566431 288.640375
566348 289.824526
566254 291.011547
566222 292.196371
566214 293.381763
566168 294.562894
566138 295.740625
566116 296.910726
566082 298.084517
566064 299.255603
565926 299.255608
565872 300.426852
565864 301.592965
565834 302.762669
565807 303.928236
565771 305.094889
565720 306.250546
565715 307.407516
565696 308.561507
565682 309.719614
565652 310.866779
565291 312.024601
565210 313.176630
565029 314.327268
564990 315.480283
564970 316.622871
564945 317.766742
564889 318.910008
564793 320.053162
564789 321.196903
564774 322.334183
564759 323.475934
564746 324.613206
564731 325.749743
564475 326.882861
564463 328.018186
564428 329.143586
564421 330.267746
564348 331.392451
564254 332.518486
564138 333.642976
564062 334.771167
564013 335.896151
563966 337.009696
563939 338.125793
563932 339.244565
563905 340.356652
563846 341.474459
563808 342.583541
563772 343.688678
563715 344.799348
563677 345.902403
563620 347.006881
563615 348.108983
563510 349.212311
563483 350.312775
563459 351.412221
563436 352.506088
563372 353.610622
562941 354.705359
562895 355.801306
562880 356.895258
562850 357.984203
562804 359.083633
562607 360.178709
562566 361.267175
562521 362.354086
562518 363.442396
562455 364.531094
562433 365.628781
562388 366.704983
562337 367.794484
562230 368.872760
562193 369.952840
562174 371.033715
561875 372.106907
561844 373.187306
561830 374.259098
561751 375.327735
561702 376.399893
561667 377.472717
561632 378.539127
561601 379.615454
561563 380.679634
561500 381.736272
561482 382.802467
561445 383.865867
561407 384.923550
561370 385.988937
561347 387.053351
561293 388.109738
561249 389.170240
561214 390.226613
561166 391.280239
561102 392.329184
561063 393.387665
561059 394.441466
561030 395.486983
561005 396.537497
560909 397.588669
560882 398.633433
560818 399.676294
560770 400.724114
560765 401.768559
560755 402.810267
560742 403.850454
560723 404.889189
560644 405.919229
560516 406.956265
560498 407.994095
560486 409.029972
560439 410.063558
560405 411.102009
560363 412.134342
560352 413.164032
560328 414.191865
560311 415.218780
560270 416.241729
560216 417.267578
560191 418.288913
560136 419.313483
560000 420.344913
559993 421.363315
559936 422.385969
559885 423.410694
559850 424.433610
559815 425.460116
559799 426.482644
559682 427.501029
559636 428.521463
559609 429.540868
559548 430.556304
559518 431.563666
559514 432.574757
559483 433.583501
559411 434.599113
559354 435.614582
559328 436.633450
559240 437.655469
559232 438.672410
559227 439.682730
559098 440.694430
559070 441.705843
559046 442.714828
559039 443.725229
559032 444.728496
558543 445.733470
558499 446.735285
558474 447.742140
558410 448.745970
558383 449.750011
558378 450.755391
558344 451.756754
558288 452.769953
558251 453.771566
558164 454.779197
558163 455.784377
558152 456.790733
558062 457.788290
558018 458.792720
557954 459.790807
557900 460.795548
557866 461.791800
557841 462.787861
557801 463.786691
557756 464.778500
557683 465.777831
557664 466.771600
557633 467.767820
557606 468.764272
557562 469.762107
557542 470.763862
557392 471.763993
557383 472.765736
557371 473.757636
557370 474.751964
557362 475.750407
557344 476.747082
557332 477.739993
557296 478.738344
557281 479.735168
557252 480.726470
557163 481.721898
557140 482.718919
557134 483.711655
557030 484.700570
556966 485.689139
556952 486.687198
556924 487.682424
556920 488.674128
556908 489.662921
556875 490.662899
556833 491.652367
556801 492.648040
556791 493.638846
556723 494.630084
556708 495.624603
556700 496.608230
556698 497.599000
556651 498.586734
556643 499.594308
556642 500.591326
556629 501.576680
556583 502.566554
556581 503.550032
556576 504.538259
556569 505.530541
556558 506.520265
556553 507.503217
556535 508.492910
556528 509.475629
556512 510.464075
556492 511.443861
556488 512.442638
556485 513.425655
556483 514.413512
556461 515.402194
556455 516.387855
556417 517.375307
556408 518.359807
556376 519.345246
556368 520.330684
556359 521.319523
556344 522.310410
556339 523.297117
556307 524.285689
556304 525.272623
556284 526.264687
556283 527.259637
556280 528.249887
556245 529.240106
556240 530.226029
556231 531.213021
556221 532.203315
556204 533.199609
556202 534.201933
556196 535.196186
556195 536.191893
556185 538.175971
556181 539.166882
556176 540.161168
556172 541.151287
556156 542.142818
556153 544.136945
556152 548.138273
556150 550.133233
556075 551.133906
556064 562.117053
556061 563.099900
556058 564.092194
556056 565.084503
556052 566.075066
556051 567.062970
556049 569.029690
556048 570.009113
556047 570.986546
556046 572.934586
556045 576.784235
556045 1177.977462
