17522468 0.687368805
17456502 0.814969723
17434899 0.864529355
17383627 0.895453907
17366513 0.928691964
17345824 0.960493823
17302161 0.986974292
17274274 1.012793054
17234522 1.043168082
17206662 1.069619482
17182956 1.095362556
17151390 1.120736189
17142421 1.145492369
17120396 1.170486807
17107863 1.194954902
17093763 1.219119056
17050374 1.243632513
17043114 1.267868412
17040653 1.292201269
17035892 1.316029776
17028253 1.339565324
17020341 1.364616893
17010910 1.389649099
16962192 1.412756442
16959731 1.478691077
16958414 1.521550375
16939430 1.542727938
16926209 1.563886706
16923286 1.584708025
16920311 1.605431451
16920265 1.686761371
16919911 1.706482427
16918177 1.745334208
16918065 8.910624903
