27347970 2.109649473
27294124 2.30622512
27285103 2.40515974
27236953 2.491080307
27215598 2.578306724
27193315 2.668331693
27163535 2.760370792
27125265 2.849662705
27109473 2.939346452
27088117 3.027706467
27062931 3.116406352
27047369 3.202043484
27019591 3.284171746
26972744 3.367565204
26938401 3.450313561
26923587 3.532975808
26915710 3.615399534
26896026 3.695380044
26854289 3.775321356
26820724 3.854991624
26797675 3.933621267
26781502 4.013410364
26767213 4.089467956
26759716 4.167516273
26750658 4.242778644
26749866 4.319861386
26740232 4.393807451
26730542 4.469665258
26720898 4.543153754
26720720 4.616917508
26710354 4.693003067
26693675 4.765040433
26690960 4.83892796
26665294 4.911981776
26644707 4.985062508
26642022 5.056858426
26632279 5.131173022
26587164 5.200576697
26568845 5.269951007
26563046 5.340430995
26532076 5.411344246
26528893 5.482818953
26523000 5.552364338
26510878 5.623330807
26505069 5.691826363
26474647 5.757833382
26473364 5.826412607
26462932 5.89306214
26458762 5.960780134
26455593 6.027573411
26451001 6.09390184
26427775 6.158968805
26418960 6.223433267
26382851 6.289223445
26368696 6.418564323
26366924 6.482057378
26364375 6.546600627
26355852 6.614104646
26353348 6.676946037
26339623 6.737814209
26334048 6.798315555
26329392 6.859253064
26314634 6.92060955
26312029 6.983199004
26298944 7.041341618
26288445 7.099165981
26281963 7.157139556
26268474 7.215118298
26263832 7.273666189
26259961 7.329841135
26257463 7.384436318
26253141 7.439909846
26249875 7.495866399
26242824 7.550143322
26231184 7.603805243
26230677 7.65681868
26227167 7.709782423
26224634 7.763147793
26223926 7.814171871
26217631 7.863213917
26217100 7.913584226
26216697 8.054050871
26216652 8.098472667
26216262 8.140382814
26215158 8.181280703
26214802 8.294434208
