80766058 93.913283735
80750958 94.863542317
80719720 95.772603092
80709949 96.659832052
80697036 97.551793699
80687732 98.456912688
80678262 99.370959771
80637234 100.338671383
80633239 101.227093546
80565236 102.034456866
80555733 102.835392974
80542155 103.627046436
80520794 104.405552816
80484347 105.198462806
80471388 105.995517162
80455811 106.767391158
80450062 107.541673256
80439252 108.345647248
80419673 109.147189915
80409346 109.955562361
80397843 110.754687871
80380263 111.542880021
80374752 112.349076085
80359301 113.14351659
80339662 113.92692332
80335386 114.729690148
80324853 115.521522552
80306536 116.305218741
80281388 117.058447556
80271386 117.869496833
80256111 118.668069597
80248561 119.413072105
80233229 120.176025508
80216770 120.985039354
80210632 121.756211815
80198304 122.555917045
80182730 123.353559085
80166797 124.103880978
80146123 124.895405324
80117252 125.696462621
80114980 126.484445234
80104382 127.282531642
80086480 128.045751955
80075108 128.81225124
80044053 129.601113491
80035662 130.397885233
80007187 131.193639665
79993953 131.9796992
79977499 132.772909568
79970461 133.57722642
79964534 134.346673049
79962131 135.162464341
79950649 135.975478473
79944065 136.74519603
79933831 137.525858379
79915494 138.32063527
79911833 139.110241559
79895385 139.928485596
79892858 140.734858198
79854753 141.538797807
79842820 142.35681879
79819667 143.166938796
79812507 143.960313727
79792029 144.765525241
79771662 145.556515368
79765169 146.341774598
79752135 147.123577582
79740104 147.925748433
79734367 148.737510376
79718635 149.538234643
79690074 150.342428767
79687965 151.170376059
79683857 151.980823885
79678162 152.78124296
79673792 153.576183037
79665347 154.416775
79662391 155.222176681
79659171 156.004092925
79646701 156.809274673
79642681 157.616945864
79637117 158.435716507
79636742 159.212037597
79619925 160.041031272
79602999 160.841527521
79580560 161.658785767
79562971 162.461910607
79557363 163.260725222
79542318 164.042545881
79540924 164.868265936
79535271 165.642690354
79524981 166.458045119
79522995 167.277736578
79516294 168.089745478
79505229 168.902808134
79495243 169.712321562
79449189 170.526545107
79431852 171.31898063
79405260 172.072404008
79394689 172.877860257
79392476 173.708064297
79387703 174.497590589
79379410 175.335108797
79376712 176.130699732
79366508 176.911741347
79359322 177.713529508
79353681 178.479187145
79349006 179.281472265
79343140 180.073072957
79339326 180.874507943
79330075 181.696262377
79323097 182.474548147
79320194 183.290456523
79309347 184.102796527
79295174 184.918851564
79291528 185.700184083
79282250 186.521891509
79273692 187.36135112
79263156 188.252811309
79253088 189.076518534
79227197 189.915143553
79221712 190.741619608
79216816 191.57282108
79214238 192.425126783
79202656 193.283995984
79196088 194.145631799
79193634 194.963639409
79191169 195.787071016
79172079 196.61286124
79165701 197.430183269
79151785 198.298472284
79146263 199.153847383
79132867 199.993095305
79130681 200.846859041
79108891 201.675116713
79104361 202.498944584
79097296 203.32921388
79091882 204.167913866
79085346 205.014677707
79059689 205.858333161
79054459 206.732039577
79046419 207.641553963
79039210 208.472352478
79034101 209.27783387
79019000 210.114065595
78987969 210.953285928
78972403 211.829860485
78970632 212.651757779
78963741 213.509560898
78956790 214.32037978
78948400 215.157061781
78939519 215.966082479
78938377 216.837664219
78926263 217.715738595
78921967 218.522356396
78920183 219.382345975
78919089 220.242068841
78918427 221.066440222
78901519 221.936527158
78896074 222.810119051
78863494 223.61714991
78858474 224.455374035
78852748 225.296774567
78849356 226.154716482
78847688 227.012494587
78841409 227.903494743
78835131 228.766658333
78817961 229.675875132
78806899 230.530570258
78801075 231.378248869
78793793 232.222858922
78786410 233.0726175
78779839 233.89555562
78776465 234.763533155
78769079 235.584255297
78758867 236.418032308
78754145 237.253864508
78750699 238.107833788
78740362 238.963827681
78713801 239.810246953
78705252 240.657017718
78702501 241.466750393
78700705 242.350433391
78700279 243.186779792
78697538 244.047107818
78680008 244.911504335
78675425 245.783538992
78668869 246.63576332
78660752 247.463729393
78650241 248.333767274
78647520 249.148636073
78644163 249.995408268
78643011 250.846459215
78638376 251.675260119
78624604 252.51198079
78612284 253.350489411
78593341 254.193100251
78589950 255.014551335
78586755 255.89200617
78583796 256.753153384
78572243 257.580381035
78561435 258.400136746
78557642 259.211583421
78556595 260.06086694
78554712 260.884642314
78540037 261.714141179
78538419 262.565022332
78518913 263.394523414
78505148 264.245690291
78499597 265.070191029
78495752 265.910446318
78485633 266.747559856
78482124 267.602426543
78472515 268.480630717
78471347 269.325125637
78464039 270.208332127
78459423 271.063629735
78449738 271.927264952
78435019 272.821415578
78429601 273.70304399
78421313 274.548767603
78411339 275.390411555
78410347 276.248573643
78401329 277.1168655
78383093 278.007485569
78380533 278.889594922
78367841 279.768581632
78364933 280.600857093
78362081 281.464830725
78355894 282.314559017
78333053 283.159339104
78304824 284.013826601
78293973 284.896646936
78291392 285.74670864
78274494 286.59578566
78271920 287.465948435
78267118 288.338211244
78257760 289.180084325
78247922 290.059618328
78243518 290.906952619
78234375 291.778608684
78218455 292.639911577
78213691 293.535700478
78212397 294.445462588
78209675 295.247547652
78207957 296.112924248
78199342 296.956056347
78184534 297.833692813
78169592 298.715885425
78168750 299.577826137
78157311 300.447722987
78153731 301.319550769
78149308 302.187414575
78147292 303.055214158
78144194 303.949524815
78141699 304.807291854
78132233 305.669836311
78130792 306.519640381
78107800 307.380183185
78094173 308.227610987
78073796 309.101040539
78070835 309.943236922
78063069 310.830257007
78060621 311.669207805
78059002 312.533639113
78048761 313.41872619
78047133 314.264202443
78046362 315.091487805
78043081 315.900841838
78029533 316.805992759
78015970 317.670291869
78014299 318.524570472
78006471 319.412433384
78005801 320.311309842
78001396 321.188842353
77997083 322.063000038
77993086 322.921940189
77977754 323.789910333
77976313 324.676701259
77971907 325.579443166
77958629 326.442605075
77957615 327.336460446
77950373 328.181549384
77941570 329.033836706
77925211 329.885692574
77919036 330.784533698
77905613 331.656605026
77890232 332.508880296
77881754 333.390403706
77878606 334.259456793
77877092 335.151875056
77858956 336.02390018
77856426 336.893400825
77852081 337.757156892
77851148 338.597027174
77846685 339.48984994
77842497 340.392692459
77841423 341.286829685
77828168 342.182023618
77822204 343.038076273
77815905 343.910422874
77810942 344.78417768
77804116 345.647480807
77800418 346.498574382
77789137 347.38947111
77781051 348.329247484
77780507 349.205745574
77779962 350.060615173
77777916 350.925293623
77761277 351.836730559
77759376 352.732334172
77753999 353.628220224
77744346 354.560255693
77732998 355.447009657
77714229 356.342133231
77698299 357.24292674
77693384 358.139332004
77692671 359.005013444
77690313 359.869249243
77683854 360.742407498
77676431 361.631380715
77671585 362.564053141
77660971 363.471044131
77626967 364.375052224
77605135 365.228477804
77602607 366.090209792
77595222 367.025773058
77592020 367.931268075
77589566 368.83145534
77586299 369.715796946
77577728 370.593232255
77553286 371.477657183
77549643 372.340080751
77544720 373.242342774
77526983 374.1369879
77523525 375.026193094
77517971 375.929700923
77491541 376.839975163
77487364 377.758026268
77487188 378.620828135
77477099 379.489550486
77476868 380.365176282
77463476 381.274423629
77447129 382.173073013
77445751 383.05638759
77444101 383.928345819
77437051 384.827079628
77435006 385.77006247
77418677 386.680809329
77408290 387.558596438
77404579 388.46919717
77403488 389.392316311
77400931 390.283167249
77399569 391.204232533
77389201 392.122501623
77385514 393.034136797
77373767 393.918340599
77373128 394.838689183
77365261 395.702833613
77360927 396.609332906
77360101 397.538473416
77359031 398.474168403
77357769 399.402312516
77355731 400.279913968
77354509 401.200441976
77343738 402.08435982
77342207 402.994983095
77340374 403.905862459
77332734 404.848793627
77328747 405.753297748
77309414 406.660777333
77296624 407.552774648
77290869 408.456751478
77289607 409.384727645
77288526 410.251928445
77287709 411.10379694
77282476 411.985011712
77278123 413.774701487
77276672 414.696565025
77273901 415.685137076
77268355 416.5941447
77255395 417.520954706
77253084 418.451894039
77252653 419.409344101
77247879 420.330431415
77245580 421.251759893
77239877 422.157696753
77235247 423.075471731
77229398 423.957816451
77228402 424.891677065
77228153 425.80789843
77227970 426.694457046
77222162 427.609574928
77219609 428.537718255
77217815 429.445234023
77215139 430.373301632
77214092 431.312373666
77212388 432.255168347
77205326 433.193050947
77202549 435.046023181
77189702 435.95522262
77180962 436.910532858
77178369 437.832395278
77175912 439.730786478
77175172 440.618545668
77170183 441.549779656
77167402 442.49295466
77164649 443.37197136
77153029 444.274040013
77146959 445.163416897
77143326 446.098112484
77137794 447.013885249
77116486 447.905078715
77114837 448.814884156
77113347 449.729882705
77112161 450.650357452
77111377 451.542553744
77106879 452.399834612
77104338 454.179920004
77102342 455.129944455
77092554 456.037743027
77090469 456.900596601
77084039 457.853967097
77081971 458.745024818
77078026 459.648715103
77074171 460.578044762
77072928 461.484624794
77067415 462.378944018
77066332 463.306109753
77064241 464.202928467
77062810 465.125684516
77060891 466.060014867
77060329 466.959728187
77037716 467.795067149
77034578 468.656611063
77028068 469.573467326
77019978 470.44663534
77016886 471.326024597
77014903 472.193296603
77012743 473.095976252
77007390 474.002317223
77003759 475.806949621
77001481 476.687825099
76962995 477.59112459
76962544 478.461545718
76958647 480.222324567
76948374 481.050541655
76945235 481.953211544
76927156 482.816651362
76925289 483.653223883
76923917 484.534077252
76919270 485.393695588
76917390 486.230189453
76916410 487.107953263
76915324 487.966980594
76901159 488.832225146
76898289 489.714567417
76893759 490.566939231
76889352 491.420424328
76886925 492.283326008
76875056 493.161441921
76874166 494.851464186
76873661 495.745572067
76872631 496.637894117
76866833 497.506133028
76865728 499.260944514
76860860 500.131420454
76849668 501.88788252
76847658 503.588883739
76830330 504.479738643
76826537 505.362926313
76821337 506.198439323
76808732 507.058384203
76805988 507.932413612
76805272 508.816926444
76796632 509.689511457
76791103 512.31814301
76789157 513.150084176
76786671 514.00619367
76783735 514.864302304
76779532 515.738589633
76769637 516.606477042
76766096 517.419292814
76759122 518.292538769
76750376 519.134031303
76749650 520.008296466
76748343 520.875767146
76747579 521.691063314
76736764 522.558033192
76735716 523.396391567
