79316298 85.602904332
79297278 86.514243171
79287153 87.335560908
79256329 88.113623779
79232196 88.918605412
79216197 89.716708882
79206057 90.578492141
79196635 91.430812073
79187324 92.208468006
79152743 93.00810889
79142066 93.806121002
79116890 94.60590205
79102846 95.413674903
79090882 96.222540247
79074886 97.030274953
79055794 97.827552457
79039725 98.64735509
79016642 99.465256209
79004120 100.258759611
79001861 101.087698377
78983495 101.880181233
78964626 102.68997392
78942458 103.498764757
78929441 104.260512215
78922604 105.072944447
78914621 105.877645866
78857100 106.668792354
78840478 107.477471103
78815496 108.245124312
78785524 109.067997535
78766390 109.841017914
78763964 110.615437592
78746896 111.418161461
78731053 112.199555245
78706610 113.009897519
78695135 113.8156888
78683192 114.617388863
78673905 115.407479693
78667235 116.200585586
78651030 116.99945754
78642927 117.811173951
78628350 118.614122012
78592384 119.404201233
78588208 120.191099017
78571729 120.996921219
78553312 121.809640187
78552389 122.601387373
78549712 123.427391393
78539971 124.23200628
78531077 125.035195082
78513127 125.814662623
78473520 126.602818342
78465474 127.459425375
78459013 128.258352692
78451509 129.073286583
78422389 129.890738189
78405417 130.695028282
78402862 131.544806542
78400260 132.314350111
78375816 133.130015074
78359408 133.943350115
78339114 134.736583748
78331645 135.559670331
78325373 136.388195627
78316563 137.201560877
78311927 138.019273184
78309125 138.830565412
78306387 139.628683467
78277495 140.457290039
78264639 141.288121764
78257799 142.098903196
78255067 142.927189212
78239682 143.697917962
78231415 144.48884526
78228997 145.275354191
78214094 146.048767857
78204669 147.49533318
78190768 148.224566509
78178494 148.937213573
78160522 149.659235528
78152905 150.378086134
78135862 151.18049085
78133081 151.95121183
78119121 152.732424613
78105330 153.532828115
78101463 154.306208438
78081445 155.094317466
78061742 155.883288882
78058585 156.670442853
78044727 157.477436064
77993047 158.247003742
77981530 159.017616488
77959143 159.770738583
77946700 160.565167376
77932820 161.387010207
77917163 162.150240075
77910717 162.94005977
77899799 163.710207483
77888961 164.463416722
77874403 165.248617839
77864543 166.032925972
77852130 166.793914368
77846950 167.582088413
77844428 168.324826791
77836189 169.111701154
77833126 169.901628167
77816588 170.669272541
77796672 171.457875787
77791757 172.256130982
77781825 173.084575211
77779022 173.83009791
77776378 174.621562107
77758561 175.40752232
77753921 176.174003787
77746583 176.965136243
77721571 177.738836947
77695277 178.535529625
77692761 179.311491438
77669367 180.086109238
77660440 180.848776769
77659100 181.602815781
77655182 182.352069442
77643993 183.116829763
77615388 183.900575141
77595930 184.667724801
77584241 185.461202938
77579814 186.248457964
77575213 187.079165779
77570099 187.848098829
77562679 188.627630292
77560937 189.42115234
77551337 190.157630709
77527622 190.945349765
77525896 191.744907207
77513057 192.482641148
77498262 193.287467366
77492530 194.074043514
77490742 194.868132746
77483397 195.645739907
77481661 196.44084196
77477024 197.221211886
77467927 198.002232557
77463729 198.775949148
77445440 199.549552157
77434811 200.327900046
77430197 201.127644296
77423668 201.885131536
77415119 202.684304522
77401021 203.465498316
77397356 204.242016699
77393277 204.998774838
77376417 205.752026052
77368272 206.536975449
77360473 207.320975281
77352081 208.105164968
77349990 208.879477718
77341506 209.642203937
77336925 210.469925364
77333596 211.260293386
77324124 212.080496819
77315659 212.896748032
77309685 213.70500385
77284680 214.513965678
77279866 215.334162326
77275298 216.103861592
77264363 216.915145223
77253241 217.725712198
77250640 218.496577888
77243855 219.264970768
77239138 220.036370179
77229059 220.815779158
77225986 221.613773072
77222432 222.38058233
77221090 223.15644474
77220133 223.916365495
77217710 224.684692029
77216069 225.422622831
77201862 226.21354068
77199689 227.046037068
77197578 227.815894558
77193538 228.651449986
77189422 229.452743309
77167728 230.20993537
77166321 230.998274974
77148988 231.77848072
77134476 232.56289026
77133128 233.366941186
77131748 234.168484311
77124396 234.921021379
77117243 235.669652097
77109455 236.449761458
77091352 237.232741479
77085647 238.04652831
77082140 238.877833825
77068417 239.678119639
77063834 240.481376249
77056787 241.269161887
77054269 242.063744005
77045916 242.843367306
77026442 243.644442468
77024889 244.430716098
77017857 245.218250288
77007498 245.983956134
76993219 246.811245799
76979460 247.588764204
76973977 248.32234924
76972756 249.104079936
76968470 249.912278755
76949175 250.674076941
76946685 251.44558304
76942774 252.248486966
76940777 253.01636092
76922506 253.791113994
76920500 254.563994743
76912946 255.358283792
76908935 256.148190274
76907037 256.955675695
76892585 257.744498643
76843902 258.549971871
76840360 260.188551378
76826420 260.977206884
76823252 261.752156342
76804103 262.543338141
76801957 263.308401413
76799624 264.06994724
76793009 264.847322591
76791451 265.636990809
76787176 266.422677499
76763585 267.176023532
76742870 267.942097166
76726047 268.736713362
76719408 269.511386062
76716953 270.331693331
76711805 271.147070227
76708141 271.943228793
76701698 272.738799307
76699377 273.54907721
76688877 274.35599807
76682121 275.137268885
76681151 275.921631141
76670417 276.724189857
76665445 277.538195175
76639897 278.278440647
76635218 279.008659884
76626008 279.763987043
76621288 280.505502658
76617192 282.047660614
76612174 282.784408099
76579739 283.578146534
76575921 284.351488618
76562436 285.125519835
76546541 285.871479342
76542542 286.634363976
76539561 287.376119273
76533496 288.137459714
76530100 288.902615896
76524335 289.63013807
76521986 290.372125739
76520029 291.161411658
76517669 291.91558894
76509936 292.690289855
76507553 293.437144545
76483960 294.203193189
76480778 294.964703872
76478398 295.709898604
76468909 296.468404801
76454448 297.23227907
76450242 298.017929674
76448525 298.77018131
76438260 299.534041334
76430924 300.301646226
76417582 301.117739946
76408334 301.890198293
76398567 302.658337132
76394977 303.429627979
76392284 304.225582625
76385043 304.987354731
76366406 305.770739925
76366257 306.522506559
76354771 307.292625678
76350649 308.041790511
76341066 308.821566907
76328643 309.570454199
76323770 310.338734747
76320986 311.089386904
76312658 311.869521663
76306160 312.688741492
76298863 313.466512249
76283607 314.246681958
76279939 315.01910602
76276240 315.80223717
76275337 316.567922626
76269896 317.353464228
76253140 318.131627057
76251278 318.918820866
76236609 319.679247278
76233424 320.47510148
76231407 321.272735767
76229867 322.11214928
76225101 322.899584038
76216252 323.655970816
76208290 324.45902736
76205331 325.232862138
76202871 326.009706347
76200270 326.81148296
76198785 327.605459774
76195067 328.370939761
76185738 329.16974208
76178384 329.97598025
76176517 330.762521854
76161978 331.547350934
76152111 332.362228363
76148016 333.14485727
76145878 333.904640482
76137289 334.694126031
76127461 335.516853061
76123235 336.305391033
76121479 337.096637867
76121063 337.897047944
76118862 338.680010568
76111926 339.49139381
76093128 340.245439387
76090960 341.07557063
76088701 341.84112562
76088182 342.65997328
76073007 343.422925136
76065933 344.25913313
76057015 345.036406505
76047798 345.822407067
76041395 346.606948168
76023835 347.406696004
76020674 348.243002282
76013207 349.131776661
76005080 349.957005388
76000348 350.839897791
75992928 351.694519771
75992511 352.591743373
75990737 354.261532354
75967315 355.096138058
75963851 355.970285415
75953845 356.811236038
75952531 357.611821702
75940950 358.462812658
75939194 359.293632742
75935020 360.129455832
75931130 360.967706265
75921803 361.817073351
75908886 362.64694284
75903367 363.505840543
75892894 364.328624957
75888250 365.193548108
75886330 366.048172183
75878972 366.897103554
75869738 367.714037815
75856243 369.490288687
75854669 370.364880152
75851006 371.236160319
75831562 372.122144897
75826647 373.03056399
75816375 373.934126032
75812996 374.816678966
75809332 375.740729941
75807353 377.504021294
75806434 378.41281597
75805634 379.305559637
75804411 380.171854327
75799970 381.064534895
75789528 381.949876248
75785515 382.833631225
75784430 383.700871366
75775620 384.566556782
75771546 385.462507369
75769993 386.35882848
75760682 387.272093464
75759715 388.185939447
75757824 389.084879149
75754203 389.983940688
75738044 390.860756603
75734626 391.77488976
75733332 392.685864538
75721254 393.58511622
75710354 394.439823148
75709133 395.303612393
75704686 396.17415378
75695905 397.084656412
75694153 397.971739735
75692280 398.86898752
75691901 399.733057953
75690413 400.714967284
75684843 401.628742776
75671648 402.553137288
75669889 403.469232831
75667288 404.371807715
75651249 405.267238467
75648448 406.199057793
75640859 407.09791291
75612001 407.999602496
75573950 408.88864872
75572968 409.806670188
75571485 410.761795578
75568212 411.695623281
75562789 412.633988601
75555456 414.447882225
75555256 416.227424973
75551091 417.117872035
75538718 418.027609761
75535174 418.919239107
75532431 419.864120992
75527683 420.761203245
75514242 421.626110797
75506565 422.521648996
75503476 423.415631438
75498435 424.306395228
75491040 425.192840858
75488691 426.103931866
75484116 426.979260521
75480915 427.876507945
75479590 428.744880275
75461758 429.665752455
75459777 431.498815862
75457783 432.410612771
75454470 433.304034352
75453283 434.176550335
75452504 435.086853936
75451023 435.978322455
75447067 436.847707341
75445068 438.632192169
75441181 439.487910391
75436269 440.359586625
75436037 441.220051564
75432209 442.06506899
75424600 442.952946299
75422937 444.664670689
75415859 445.56657936
75413705 448.213267432
75409770 449.106261067
75406796 450.021155319
75405992 450.952992364
75403582 451.877700749
75398326 452.782277438
75395117 453.656399233
75392891 454.608240271
75392094 455.532325704
75391477 456.459985475
75389823 457.384274026
75384571 458.282600235
75374918 460.035705893
75366977 460.900424088
75353451 461.748867205
75352577 463.527220645
75352013 464.432580937
75350947 465.272071407
75344375 466.164290233
75343610 467.886934085
75339520 468.786095189
75338570 469.65946858
75336285 470.555146764
75335289 471.432846937
75324082 472.285043239
75322109 473.113585125
75318098 473.963078795
75315504 474.847586313
75310217 475.724690722
75302831 476.583179244
75295355 477.389091566
75294241 478.252698324
75292377 479.11384265
75285939 479.948605077
75260623 480.79183438
75255589 481.654327549
75226268 482.505521982
75221672 483.373490301
75210252 484.230438979
75207322 485.100058797
75204500 485.941967822
75199999 486.800143522
75199942 487.676112128
75197904 488.595003487
75196959 489.45288333
75194873 490.282157497
75187474 491.087631425
75186349 491.939473537
75180271 492.815543117
75180039 493.655244758
75177351 494.500086768
75176473 981.787262546
75175413 982.603468536
