73201169 58.849969485
73192850 59.517030241
73185944 60.121645345
73172165 60.727459256
73159790 61.34596486
73139528 61.941813358
73126894 62.560722412
73106324 63.152956398
73097557 63.756755527
73069163 64.351142863
73053321 64.977205705
73047537 65.6037091
73037666 66.171421123
73018120 66.757365547
73007475 67.343022083
73004372 67.959102462
72973014 68.53859967
72964864 69.120396621
72954731 69.71275765
72929984 70.305354096
72925320 70.903897245
72914902 71.490711846
72896136 72.095805584
72874812 72.693714995
72859349 73.296352652
72833507 73.858001974
72827045 74.452312531
72797264 75.054987235
72775586 75.670280865
72761355 76.258826796
72745672 76.844923693
72733560 77.437915882
72722667 78.020909173
72694284 78.603316534
72686251 79.184513873
72671616 79.805650654
72666012 80.392996989
72649487 80.97638919
72632182 81.568732904
72598292 82.156101228
72591302 82.772837916
72562895 83.369713002
72559922 83.956019605
72549822 84.565600423
72542044 85.149198319
72529347 85.737298965
72497198 86.357807466
72489086 86.946087229
72481426 87.559723914
72460068 88.159295801
72450446 88.753378761
72443502 89.355915324
72413129 89.972686085
72410642 90.590311666
72384905 91.207472951
72376755 91.797129654
72369194 92.397198807
72357697 93.001797034
72350407 93.602644618
72346313 94.20519442
72343458 94.802144124
72337651 95.389311819
72333072 96.005594925
72327334 96.604652691
72320022 97.202713024
72313277 97.805513148
72304181 98.42467741
72288716 99.032130364
72276679 99.627502399
72271433 100.240732569
72260277 100.843875945
72245377 101.460824928
72235859 102.054222348
72216403 102.644162918
72203726 103.281274921
72194431 103.87966271
72181637 104.485716112
72176643 105.065436536
72167673 105.661497047
72131466 106.250617091
72121246 106.857241756
72099749 107.468267171
72076383 108.085208351
72062523 108.689257563
72058898 109.272679995
72039883 109.8733714
72034556 110.477770223
72026382 111.060303442
72004773 111.654369451
71994368 112.22652939
71989867 112.811543491
71986700 113.427922764
71983624 114.013257735
71978384 114.618611745
71967540 115.19391135
71946851 115.787177126
71937397 116.396945086
71934345 117.00034347
71919666 117.606784065
71915362 118.216845193
71901059 118.853825077
71884857 119.465333778
71876346 120.083334153
71869219 120.698944857
71862234 121.315091252
71854037 121.909556164
71836229 122.530929673
71815784 123.14311377
71805585 123.73522507
71793708 124.347677024
71791776 124.933570959
71786203 125.540141853
71758475 126.151335548
71744567 126.756520689
71742024 127.347638895
71685728 127.9755265
71669253 128.590743879
71655114 129.200084772
71648634 129.786961827
71643792 130.386922636
71638146 131.004208115
71620942 131.599082693
71618053 132.201314837
71609437 132.833442607
71599244 133.443045935
71587255 134.054099674
71568071 134.633468052
71565436 135.251941502
71562694 135.851200885
71561263 136.455545111
71557922 137.047777681
71554420 137.670159049
71532254 138.289255041
71508716 138.890622757
71495265 139.483763616
71491936 140.04665262
71484406 140.664404914
71478477 141.304565585
71474122 141.891329648
71462778 142.504101893
71457988 143.100766599
71450797 143.718267034
71450099 144.321849159
71441623 144.911576843
71435533 145.532671154
71433954 146.169029838
71427858 146.761261299
71421487 147.378349076
71400535 148.018493523
71393343 148.618937332
71387819 149.235679184
71359925 149.85233439
71350968 150.468535809
71345951 151.080566263
71341446 151.697832718
71336472 152.329335556
71323565 152.9743163
71314537 153.561015251
71309333 154.180312947
71305767 154.760048435
71297879 155.366650775
71295324 155.983248338
71290144 156.604071953
71280119 157.244789526
71266543 157.875137126
71264383 158.484885982
71257834 159.094276362
71248210 159.712376648
71241728 160.335399603
71234992 160.94723644
71216955 161.57193473
71209527 162.198976294
71203376 162.814238975
71199777 163.43616785
71195879 164.071398056
71186828 164.684068809
71183013 165.289304048
71176464 165.907214818
71155003 166.525021703
71143039 167.148366386
71129230 167.750008716
71128834 168.355902879
71126522 168.975085031
71122324 169.569068143
71118588 170.199488923
71093654 170.80120061
71080885 171.429453933
71076031 172.047078384
71068855 172.646002533
71063349 173.319400934
71059233 173.964599471
71053416 174.579082709
71042806 175.194190064
71032025 175.807491346
71027330 176.434635087
71024233 177.078029094
71014900 177.693061708
71009070 178.300146828
70973949 178.934013837
70961773 179.536605201
70957958 180.191008331
70957419 180.817732147
70947305 181.444827803
70944319 182.052441313
70939531 182.661443269
70927870 183.290983927
70914260 183.916904055
70905722 184.559771002
70902280 185.188855596
70872588 185.814193192
70856939 186.457920112
70854813 187.109017095
70853459 187.738335651
70840644 188.349638698
70832927 188.994268154
70828344 189.617346529
70824405 190.256755188
70806966 190.887873795
70803443 191.506143645
70796283 192.119036575
70789515 192.732069679
70784532 193.404185444
70774362 194.019752652
70770819 194.65273639
70766063 195.268896875
70759146 195.914312496
70754066 196.534234184
70750448 197.161297642
70738322 197.804414865
70726704 198.424531507
70725219 199.021679635
70714957 199.634036964
70704639 200.294728191
70698672 200.934277211
70692745 201.546165565
70685912 202.189775137
70662830 202.813611308
70660321 203.434823446
70635607 204.038315903
70632584 204.67856477
70629197 205.323800234
70624441 205.950143538
70621715 206.562725999
70606940 207.203586863
70604409 207.840700597
70594223 208.469267933
70556622 209.082357594
70542667 209.722803534
70535630 210.359792997
70531973 210.983602859
70524822 211.594520508
70524000 212.216090782
70517484 212.835892813
70505793 213.474892874
70494122 214.093094238
70472912 214.719372797
70466060 215.328984144
70464326 215.932728828
70463504 216.597822045
70461817 217.24484701
70459614 217.875725542
70447331 218.511464844
70445779 219.154836232
70440864 219.776592566
70435836 220.410805938
70432269 221.032230897
70430158 221.647141042
70428600 222.285206875
70412104 222.902144145
70410124 223.525491899
70409885 224.191084758
70407467 224.819272625
70405889 225.44438075
70404899 226.095151749
70401820 226.742577466
70383110 227.362784886
70371106 227.996951597
70360244 228.644111417
70352314 229.302419395
70351064 229.953918359
70347762 230.6032142
70346480 231.252428804
70330398 231.891052971
70315479 232.527791279
70314802 233.159889843
70313121 233.813011779
70311239 234.467125184
70303410 235.130403765
70297429 235.763384588
70290620 236.386877777
70282467 237.011911438
70270132 237.656211446
70267803 238.30688014
70260965 238.952278439
70258441 239.608074716
70250396 240.216934174
70229907 241.478414386
70229099 242.122294484
70223895 242.764602708
70218843 243.386390016
70211587 244.029995514
70200732 244.669435439
70198238 245.312333062
70196493 245.931486521
70196366 246.580851239
70185348 247.221785874
70183574 247.882683147
70180001 248.505836301
70162939 249.145526626
70150604 249.801995956
70150040 250.419548545
70140628 251.053175579
70134193 251.707157467
70110643 252.342643173
70106627 253.000823358
70093776 253.647831145
70081915 254.287649564
70077731 254.911852273
70069124 255.526449473
70059816 256.134943598
70057846 256.766178187
70054737 257.397157679
70053112 258.01992147
70045013 258.656838196
70044476 259.276150452
70042829 259.892194121
70041307 260.541748463
70038889 261.173704683
70035480 261.784028957
70033245 262.394928233
70032565 263.034508895
70029009 263.665064215
70023469 264.298021864
70014544 264.922046013
70007309 265.550881247
70005495 266.152220183
69994115 266.788603387
69992616 267.375920604
69988468 267.99829244
69983574 268.619639962
69978815 269.247103163
69977252 269.853649929
69974918 270.480826866
69962774 271.095897663
69959945 271.739192824
69946894 272.372693736
69937664 273.007975093
69936146 273.630957058
69934756 274.229515653
69925528 274.871389872
69922321 275.490864451
69916027 276.115133929
69905207 276.747339642
69903557 277.380186742
69899265 278.009786255
69886150 278.633428686
69865018 279.245432274
69858920 279.864552653
69856900 280.523296941
69852074 281.142623236
69850636 281.769180756
69844833 282.410166798
69843483 283.002551084
69833756 283.625089097
69822600 284.233805838
69821271 285.439578752
69820253 286.068548573
69813371 286.701667608
69812847 287.336782247
69808490 287.970774334
69793457 288.572271069
69777629 289.192649798
69772993 289.793839655
69771797 290.37833949
69762748 290.971834957
69759235 291.579706138
69758302 292.190413314
69753722 292.793957115
69751820 293.406651813
69750913 294.014297749
69746351 294.6282498
69741501 295.245548613
69737463 295.8395241
69725411 296.453617401
69724146 297.047552904
69721554 297.651446859
69715706 298.240786907
69708804 298.842512069
69705980 299.450162916
69704500 300.068439302
69699566 301.254752236
69691760 301.82391226
69689361 302.423106656
69687259 303.018468256
69684669 304.197618157
69683907 304.78180462
69679324 305.374385966
69664723 305.980321781
69654727 306.565806268
69643293 307.174798909
69640786 307.776959749
69638936 308.398990338
69630251 308.983425436
69630070 310.168505153
69628390 310.756591294
69619853 311.342382834
69618062 311.915260726
69615682 312.489328212
69612063 313.624955321
69607467 314.198494527
69596288 314.778654498
69595023 315.366500599
69588689 315.934827259
69586761 316.522192509
69581163 317.128245772
69580453 317.707238494
69564393 318.25968844
69552503 318.833891409
69550996 319.427776356
69550521 320.003124363
69545981 320.574417489
69545497 321.140085188
69542673 321.700889893
69541161 322.288070003
69541098 322.863672953
69536356 323.433998658
69528044 324.000483564
69525122 324.536431786
69518562 325.079220608
69514707 325.622135725
69513074 326.754635394
69511987 327.309744029
69510265 327.863487017
69507318 328.415252671
69503365 328.965112492
69495182 329.520146107
69472929 330.635174211
69472465 331.15919867
69471196 331.730128823
69458745 332.285693024
69447170 332.820420251
69444955 333.363189423
69444393 333.900296558
69443927 334.477925188
69439911 335.01266619
69436958 335.5670661
69434011 336.092364832
69430754 336.613123184
69427077 337.137080484
69425047 337.670854247
69423572 338.217342629
69421401 338.738836504
69419780 339.267066332
69412251 339.799481162
69408523 340.338609804
69402055 340.868742928
69397183 341.404425621
69396708 341.94136457
69394202 342.461434792
69393056 342.993901631
69391412 343.534741239
69387330 344.048604137
69384864 345.088504296
69384049 345.590567028
69377580 346.083081328
69376800 346.59374297
69373492 347.106193127
69372339 347.602787396
69367282 348.135309845
69361271 348.639965012
69359670 349.133304529
69358950 349.625156043
69356743 350.1385872
69352736 350.650697468
69351433 351.161258972
69347231 351.688189558
69345022 352.181864023
69343797 352.657684403
69342231 353.151044326
69341747 353.670351212
69339594 354.165119596
69338346 354.665481535
69338263 355.173839596
69333069 355.682803549
69331345 356.180452014
69330252 356.682720073
69327255 357.176252819
69323463 357.652439434
69319856 358.149525639
69314297 358.63123721
69310444 359.124839416
69309905 359.620231076
