67777068 45.255231121
67772498 45.978864923
67768175 46.646302523
67749018 47.275462746
67722955 47.911107066
67658065 48.53930178
67648751 49.175517823
67628068 49.811861935
67585004 50.442228402
67569473 51.066188168
67554836 51.740008293
67527504 52.354371607
67509221 52.990034499
67498673 53.611171279
67472328 54.250576164
67446096 54.927838313
67419829 55.567412318
67413209 56.194864824
67405875 56.818114873
67396472 57.439337353
67374711 58.055080718
67358701 58.705934963
67351703 59.334387585
67306067 59.96073726
67290574 60.589137786
67277927 61.244021721
67273914 61.913656638
67257854 62.5644469
67252957 63.199053188
67242235 63.840086948
67225068 64.462061303
67204459 65.111554243
67186186 65.754761003
67177270 66.395250517
67144657 67.045769368
67136860 67.679261541
67116133 68.325422675
67107273 68.946529961
67086411 69.599163215
67070309 70.253639431
67056688 70.881715807
67039356 71.504885151
67023351 72.787959837
67019786 73.437906089
67011378 74.058551876
67000036 74.704732925
66973382 75.356561155
66960266 76.000819691
66950699 76.641340826
66948873 77.280736932
66946891 77.939410364
66940654 78.581053228
66934965 79.211407329
66927175 79.864048055
66923863 80.492892397
66900215 81.13382994
66889344 81.778243684
66875000 82.422066772
66848349 83.087800003
66813095 83.75239672
66791968 84.377614876
66786461 85.036833633
66776939 85.720573271
66765790 86.334455779
66755110 86.986594426
66731612 87.656980175
66725579 88.307895416
66709119 88.966615607
66693835 89.61952383
66685217 90.254144862
66677974 90.881751741
66671998 91.543601564
66668339 92.172587424
66646247 92.842419029
66643381 93.506684632
66640532 94.163560415
66604076 94.811680198
66597234 95.47075634
66593825 96.109047391
66575674 96.791899114
66571347 97.436406587
66539206 98.102360934
66537467 98.72702028
66520532 99.374905263
66510015 100.022387245
66486720 100.686950971
66485182 101.335979925
66481842 101.969456776
66472877 102.624382277
66465061 103.276353266
66450216 103.93075818
66439446 104.583435485
66433670 105.202901372
66425896 105.880139754
66415778 106.544450831
66391280 107.204050126
66386644 107.88130329
66378146 108.533256977
66374552 109.181835805
66340969 109.839697626
66328037 110.488854917
66323450 111.125864155
66316714 111.781596276
66311333 112.420533033
66300769 113.061009991
66292534 113.730019262
66284805 114.390595676
66245971 115.055797801
66239756 115.707619646
66237039 116.357229974
66233572 117.003768235
66227916 117.650778271
66214096 118.310812268
66209998 118.993440368
66206896 119.634804872
66203497 120.289985504
66197185 120.949806052
66185541 121.61566892
66144657 122.280858529
66143765 122.94987891
66134195 123.64417429
66130481 124.29085354
66128231 124.948444606
66098670 125.627053746
66093414 126.306357332
66088427 126.970423519
66082505 127.653430259
66068754 128.344674133
66050194 129.009465209
66038481 129.663892415
66031787 130.368479867
66027342 131.012760326
66011508 131.661700873
66002122 132.326092626
65970149 132.993156074
65956851 133.66623615
65952548 134.321896467
65948681 135.008978305
65947813 135.660605196
65933495 136.31353127
65900095 136.967318835
65896020 137.628466943
65878401 138.2946377
65873020 138.942942171
65870693 139.59161028
65868684 140.268125163
65866139 140.921482686
65863560 141.5539909
65841426 142.243583811
65829162 142.917228964
65808597 143.584656145
65806194 144.244644281
65805185 144.904992632
65804027 145.581528778
65789496 146.267764159
65764699 146.919043245
65758117 147.567130533
65755040 148.226624783
65752353 148.892569962
65742853 149.572153015
65737592 150.259462585
65724806 150.91258373
65723714 151.580249927
65721708 152.242789677
65689697 152.907669394
65685122 153.572462867
65681823 154.254041222
65670146 154.914362952
65662967 155.5886408
65654644 156.290526768
65643678 156.972714302
65624781 157.6608464
65600454 158.329116087
65556527 158.990103398
65544960 159.668751293
65543349 160.348579044
65521231 161.030459689
65509907 161.715755662
65501974 162.375031156
65500925 163.047597994
65488159 163.724338686
65483156 164.407901251
65472520 165.062009529
65467880 165.700243068
65466803 166.380935921
65457417 167.088444835
65448919 167.756994916
65436730 168.475162095
65435973 169.163842899
65430244 169.855191793
65427731 170.527694922
65421559 171.19102566
65418478 171.88876486
65412753 172.532507055
65406733 173.184673735
65400904 173.851241677
65395149 174.540552406
65393600 175.207814163
65389516 175.82328058
65386668 176.424430004
65385347 176.979676618
65383114 177.554644401
65375858 178.134606486
65371987 178.712139101
65351213 179.296637176
65345072 179.845991397
65337185 180.420478987
65334650 180.998474822
65324874 181.588960026
65287668 182.161605295
65285086 182.731061874
65260667 183.3152059
65242008 183.904660839
65234597 184.478567682
65234375 185.049822434
65230548 185.657638736
65221207 186.256638887
65205070 186.836358919
65200725 187.480886636
65182716 188.086222789
65182051 188.700192693
65180871 189.358907
65172567 189.982202195
65170076 190.604637058
65167465 191.240393962
65149419 191.885690555
65149187 192.528346144
65145866 193.184161213
65137366 193.815895805
65128673 194.452296557
65115463 195.0793598
65110216 195.751033812
65097962 196.364148848
65096564 196.990688753
65094621 197.583907117
65086721 198.166871045
65077708 198.764501922
65071911 199.357802182
65068550 199.95139783
65066953 200.526175624
65060501 201.108697338
65060236 201.724027788
65057336 202.303897633
65047288 203.472870676
65044959 204.075857518
65043257 204.654537274
65035653 205.244992355
65027237 206.426916471
65009843 207.01140845
64990978 207.587745632
64987110 208.185985601
64982680 208.770664266
64975087 209.342787799
64956335 209.968006599
64949278 210.563402626
64947165 211.153631843
64943804 211.734857978
64938377 212.311165449
64936151 212.890856075
64932059 213.452753049
64905507 214.045668203
64904594 214.615890474
64903534 215.203232089
64902394 215.778970692
64900686 216.359659908
64897833 216.945214385
64889047 217.518163298
64887566 218.129638058
64886544 218.725852628
64864859 219.314866028
64858767 219.90723157
64857085 220.487867362
64854435 221.085682766
64850377 221.666983497
64844852 222.248277391
64834518 222.821024896
64830071 223.409113988
64826321 224.006875486
64824163 224.574235617
64822883 225.133080704
64816512 225.69552387
64812457 226.273822775
64798455 226.829146546
64784779 227.42301088
64782601 227.999429006
64764080 228.557230545
64754580 229.131205269
64753416 229.707552522
64750684 230.292713987
64747043 230.869502672
64737841 231.453667737
64737097 232.038861816
64736562 232.621099864
64733495 233.199658558
64729457 233.742190199
64727471 234.311057542
64719023 234.886201463
64716921 235.450298258
64715080 236.012349732
64706563 236.560754402
64704814 237.133640485
64703069 237.676323362
64689845 238.230911599
64677852 238.778669643
64666911 239.321274567
64658546 239.858161242
64656774 240.425469923
64652219 240.965427682
64652046 241.513130751
64646442 242.052281747
64627246 242.609119909
64623828 243.169918391
64619369 243.774202378
64614097 244.959523348
64609506 245.550933434
64607991 246.116310963
64604592 246.7312015
64596167 247.33454339
64585178 247.906041705
64581964 248.495817829
64581062 249.085585544
64579192 249.654661314
64564655 250.233907976
64554146 250.832275721
64549946 251.4196006
64549167 252.002301644
64545340 252.590157537
64542940 253.158049313
64527386 253.73306266
64521914 254.322253599
64518296 254.898999083
64514791 256.033002892
64511588 256.592045422
64505972 257.16275121
64504228 257.727965323
64496150 258.271949271
64494824 258.85016037
64482092 259.41924356
64481833 259.963020568
64481101 260.535650948
64479349 261.110089508
64470955 261.674676906
64467679 262.233041882
64464901 262.765888159
64458752 263.337362797
64449809 263.912797304
64442347 264.484215374
64436736 265.042530501
64434958 265.630332602
64432819 266.209186142
64428501 266.763766553
64422368 267.895123213
64420419 268.456440747
64415982 269.005780217
64414631 269.548563202
64409952 270.091759705
64408868 270.664365034
64408265 271.210348275
64405200 271.762791807
64403230 272.310952681
64372484 272.84903833
64371439 273.413694521
64369014 273.97093533
64366880 274.519319991
64365572 275.046359899
64361953 275.589651023
64358683 276.121589104
64355770 276.688488554
64352257 277.203515846
64341234 277.735347996
64335845 278.283796484
64329606 278.82714145
64327710 279.366783819
64322642 279.911013751
64321771 280.443486911
64317860 280.954186307
64315962 281.477742431
64307313 282.011539903
64303430 282.521042992
64300950 283.048490742
64298508 283.562121697
64297228 284.079953029
64295787 285.130369788
64293668 286.184308703
64286689 286.699390168
64281592 287.177349518
64278997 287.681296903
64275246 288.194911695
64273835 288.718629103
64273422 289.239251435
64272085 289.731551917
64270749 290.25227786
64267978 290.757045532
64267145 291.260261299
64266278 291.756396341
64264401 292.271030982
64263180 292.771600753
64254626 293.282785202
64253343 293.792506852
64250422 294.286221977
64247238 294.772711786
64240730 295.281989692
64230345 295.769040145
64229797 296.271254261
64228685 297.234198206
64227442 297.723527289
64223778 298.214314776
64221920 298.709110296
64221208 299.702344349
64213424 300.181157305
64212553 300.659992004
64211447 301.1543572
64210218 301.646496169
64210001 302.144646768
64209415 302.639928512
64208982 303.106117524
64205977 303.573477285
64204073 304.511888549
64203058 304.964088531
64201279 305.431093812
64194056 306.38624989
64193530 307.276491986
64188057 307.746328605
64187474 308.216421952
64185151 308.691582134
64179453 309.159469706
64175310 309.63189925
64173876 310.087040958
64169905 310.553138141
64168649 311.000258143
64167662 311.445680939
64165086 311.909585024
64162499 312.362845708
64158603 312.827840078
64156823 313.749968162
64152766 314.217308178
64146828 314.657295994
64144312 315.12137084
64140789 316.046265762
64140686 316.49240265
64140005 316.947369302
64139059 317.39263425
64137795 317.874355089
64136160 318.31516405
64134524 318.754982898
64133687 319.202287513
64133256 319.63072078
64132916 320.043377339
64132703 320.489196345
64131386 320.923039987
64131153 321.379989507
64130083 321.820452132
64126536 322.270353843
64122749 322.686963224
64122336 323.127045568
64117772 324.019105919
64115685 324.448995634
64114379 324.877629346
64112595 325.308742053
64110277 325.729253235
64109591 326.167155314
64109032 326.59773221
64107856 327.509786486
64105699 327.961842095
64104851 328.793656687
64101585 329.239268087
64099027 329.684585957
64090604 330.134984005
64089182 330.566692915
64088861 331.825282106
64087518 332.241578636
64085780 333.515448016
64083034 334.807080193
64082965 335.212299385
64082435 336.049742036
64081817 336.457420185
64081644 653.973226034
