61080780 29.0439202
61069448 29.686683888
61049144 30.240658717
61046682 30.777475725
61008660 31.374245643
60981394 31.913226134
60953184 32.484149346
60913551 33.030083751
60907384 33.560899648
60854898 34.089351966
60829577 34.625910665
60750539 35.176020558
60745115 35.709145528
60718312 36.237776392
60712005 36.776505292
60705851 37.30420603
60696253 37.85446245
60687988 38.373335303
60680604 38.928357761
60678051 39.490168879
60645751 40.053917835
60617635 40.599932634
60575800 41.142786339
60535950 41.667747261
60510280 42.20694805
60505520 42.748225619
60484039 43.268666733
60469826 43.827136489
60447950 44.377124469
60403287 44.924589888
60394102 45.473247984
60382828 46.039230375
60376993 46.587336678
60363453 47.124164026
60343907 47.657085625
60333460 48.213550792
60315910 48.785126091
60304757 49.304322121
60297638 49.844226565
60292509 50.37634016
60286219 50.922096912
60270523 51.449866848
60267845 51.978966419
60232531 52.524347247
60224656 53.081747742
60218426 53.62693884
60209563 54.151651734
60198788 54.704529231
60182222 55.234341928
60144204 55.782960343
60134794 56.323252842
60119635 56.894024215
60115930 57.454781431
60111992 58.010144987
60090022 58.570375451
60081680 59.106745445
60063832 59.667295331
60057392 60.228180427
60047713 60.785228187
60033268 61.349771759
60013487 61.910328689
59977147 62.465188369
59955644 63.003756258
59949773 63.554986355
59941273 64.110730987
59917760 64.663141644
59889044 65.229565133
59884638 65.776730249
59877207 66.339357832
59847030 66.855876129
59842996 67.405616666
59838035 67.962512884
59825646 68.508011612
59815174 69.062522944
59759844 69.613516743
59746455 70.177953893
59739760 70.743111075
59719079 71.316773414
59713114 71.860185909
59707863 72.429814983
59696793 72.973384788
59681928 73.503136809
59677677 74.05253371
59662942 74.597726867
59655495 75.145244735
59646086 75.706984567
59640220 76.280583721
59630962 76.821167291
59604428 77.363638728
59600415 77.897884201
59597826 78.445324393
59593852 78.97091795
59576748 79.545856873
59563551 80.102632895
59560561 80.638254355
59546576 81.196103764
59543002 81.736950898
59528065 82.283341992
59519619 82.853412365
59517566 83.410851344
59493840 83.968598824
59476985 84.520459905
59472824 85.080680777
59459609 85.611837223
59457021 86.155028436
59447430 86.713888153
59434237 87.263772802
59427701 87.816285044
59419994 88.374348273
59406413 88.907840494
59381218 89.445920986
59376365 89.999252911
59373224 90.559462541
59349944 91.103518655
59340743 91.651833697
59337320 92.182167439
59325235 92.740631445
59305837 93.336833803
59304570 93.884830494
59298827 94.434337526
59292478 94.963475353
59281225 95.506169516
59256675 96.053855656
59254220 96.588395551
59238495 97.140482544
59223932 97.698793986
59208912 98.264499733
59202635 98.808133605
59192646 99.358425869
59188716 99.891998748
59172415 100.451634456
59160502 100.996893701
59157972 101.542800021
59148407 102.080080231
59144200 102.642077785
59139088 103.194122851
59136175 103.732543395
59118271 104.255541471
59115501 104.797969485
59102099 105.367992314
59068938 105.907455816
59065778 106.442047929
59052686 106.956079039
59045310 107.490384132
59040817 108.032671214
59020024 108.568599218
59003932 109.088736193
59000930 109.633763785
58994203 110.19071754
58977789 110.730841199
58970965 111.271323527
58966406 111.804589646
58946909 112.350519303
58943280 112.877105155
58936267 113.413583445
58917269 113.959646471
58910628 114.46009416
58902518 114.977463718
58900142 115.513150458
58897910 116.0321702
58888532 116.56380858
58886087 117.083030001
58876839 117.622477991
58876602 118.152628437
58873495 118.691185601
58866225 119.216216123
58865492 119.729133439
58858120 120.250230558
58856478 120.796965913
58843352 121.338250636
58820496 121.860806516
58816449 122.392560879
58812685 122.921549378
58811961 123.459047439
58802407 123.985700502
58788598 124.518579827
58784724 125.026953389
58780340 125.540042057
58765750 126.054575536
58747774 126.576437357
58738470 127.106275273
58714947 127.62761786
58710062 128.136136518
58704553 128.647682432
58699787 129.189537425
58695314 129.685900457
58692599 130.201731863
58685769 130.746485264
58664647 131.274708791
58662481 131.790835577
58661547 132.323508329
58652350 132.833114224
58650349 133.369038267
58644633 133.867565429
58617152 134.365220727
58603458 134.873171586
58597371 135.388216284
58592790 135.897447141
58589438 136.409803971
58584488 136.944720312
58580162 137.449873704
58546836 137.951939188
58544288 138.448066456
58542588 138.971805139
58535409 139.473821119
58529325 139.978560978
58526312 140.460568652
58518658 140.971227046
58514106 141.481984359
58504189 141.967091711
58500488 142.446553886
58488968 142.921202562
58478085 143.440320523
58467149 143.938649648
58460754 144.434868076
58449353 144.929780541
58446626 145.430450068
58435663 145.914355017
58430666 146.402847994
58425522 146.887964544
58421943 147.355494384
58420358 147.838798143
58404551 148.352927703
58387539 148.823268006
58373140 149.313270396
58366646 149.777070586
58337902 150.249820965
58333637 150.728474649
58332825 151.1990799
58329635 151.660229854
58324718 152.141648196
58316937 152.596755475
58315510 153.069611527
58314117 153.558714247
58306143 154.037311404
58291135 154.527796022
58287533 154.988791125
58286056 155.459431906
58282853 155.918141443
58267209 156.380750639
58265224 156.859483651
58256470 157.319924464
58248664 157.795926801
58238487 158.250957161
58235754 158.713119409
58222173 159.18202448
58220192 159.658577716
58211596 160.097510646
58202912 160.558687127
58198969 161.014198524
58188792 161.479620564
58185343 161.940939326
58176870 162.386886306
58175450 162.834620993
58174024 163.291250677
58158249 163.753615417
58153722 164.213942951
58143555 164.668249597
58137054 165.129098236
58132236 165.576655547
58127213 166.02103082
58124424 166.466902922
58124007 166.904985934
58115107 167.368934464
58104708 168.232728319
58104294 168.656517904
58102726 169.06788629
58102097 169.49431508
58097623 169.930959537
58092794 170.357601089
58089959 170.782928107
58089018 171.214471639
58079200 171.652148378
58074874 172.060196716
58073327 172.483285139
58066524 172.900452012
58062779 173.31564561
58043076 173.738424779
58042945 174.156011162
58041563 174.568129944
58036629 174.976568153
58025418 175.389708186
58021673 175.787187944
58020387 176.191264782
58020084 176.608958267
58016760 177.011688513
58014037 177.416111464
58008108 177.80036824
58006551 178.198066546
57992329 178.583732395
57988232 178.997587369
57986276 179.399450645
57973229 179.800124505
57972186 180.20946939
57968517 180.607117116
57966575 181.036754938
57962816 181.429965268
57961131 181.819951908
57959589 182.213838094
57955451 182.610697885
57951496 182.981287206
57950656 183.361810616
57946280 183.741321148
57937527 184.135718405
57936090 184.523154777
57928510 184.910464894
57923447 185.290883768
57919803 185.690497128
57918941 186.061248749
57901893 186.422444974
57901244 187.217899636
57899794 187.605496433
57895900 187.994567572
57889083 188.369358985
57887071 188.745526517
57879365 189.137032131
57876584 189.884532746
57864521 190.254035548
57861988 190.619226723
57860990 190.988852451
57859345 191.341551023
57852868 191.70893399
57850752 192.062371473
57849407 192.423882542
57848348 192.785748585
57846367 193.14284368
57843034 193.487308448
57841286 193.865898056
57837764 194.227217202
57834555 194.575855327
57828772 194.909772916
57827932 195.262992457
57825696 195.607448083
57818196 195.964026049
57810710 196.302554865
57810084 196.638732778
57807019 196.977503168
57806500 197.307517653
57805916 197.650194461
57804459 197.991405674
57804260 198.331230669
57804020 198.662569484
57801784 198.992004451
57800754 199.322941879
57800479 199.667393582
57799703 200.002746213
57798832 200.355957985
57797579 200.714808834
57796077 201.065486695
57790436 201.414843318
57789438 202.456172699
57785188 202.788631457
57766985 203.12711391
57763922 203.473291367
57763501 203.803191279
57763020 204.146577083
57761689 204.48114514
57758284 204.812341166
57756884 205.149355302
57755789 205.481092512
57754863 206.153317037
57752974 206.484986418
57748991 206.811039856
57748602 207.135930009
57746389 207.785093389
57744836 208.100652372
57744269 208.413982898
57744149 208.73038777
57743679 209.661810431
57741898 209.987950642
57740374 210.305694208
57736449 210.62201631
57733102 211.224398394
57732198 211.537634766
57731814 211.861643381
57731338 212.492228275
57731180 212.806138925
57727813 213.116443969
57726768 213.430186863
57724276 213.745275887
57724050 214.046845568
57722659 214.346500187
57722358 214.646731512
57721767 214.955369743
57716965 215.255344667
57716455 215.83996724
57715341 216.442157199
57715003 216.743396264
57711350 217.035097638
57710993 217.330937376
57710153 217.61630233
57709775 218.515932366
57708571 219.711238374
57707946 220.001365173
57707784 220.298371688
57707685 222.393256632
57707606 222.973698557
57706135 223.267570313
57705392 223.567611129
57705029 224.164027441
57704518 224.448433513
57703686 225.011089653
57701779 225.297877389
57700260 225.588661878
57699998 225.876865855
57699340 226.463359484
57698903 226.765929666
57697605 227.350970843
57696805 227.643668218
57696230 227.937098898
57695026 228.211190737
57694357 228.501013975
57693795 229.113218641
57693489 229.408136467
57693323 229.705651075
57692804 230.305430566
57691625 230.592261526
57691380 231.183366406
57690457 231.481568681
57690440 232.36630705
57689879 232.965319808
57689578 233.253609334
57687758 233.857184458
57687381 234.157934025
57687016 234.452272545
57686882 234.765800331
57686758 235.084314973
57686211 235.380386727
57686156 236.854015737
57685731 237.164653937
57685701 237.456102777
57685165 237.762282267
57684560 238.068362168
57683413 239.27270914
57682625 239.857340573
57679789 240.466644075
57679490 242.883874311
57678047 244.111535743
57676837 245.94016863
57676380 246.563326672
57676358 490.297240574
57676043 490.984546839
57675742 491.324371243
57675543 491.995945377
57675194 492.329825564
