72932167 59.737702577
72915046 60.462574665
72906220 61.114003542
72897616 61.77892036
72875013 62.438283319
72870782 63.097129053
72853532 63.787405284
72846027 64.449958639
72825460 65.091930895
72822114 65.75951213
72817346 66.415033621
72801711 67.04508637
72783023 67.718522915
72769738 68.386066458
72758963 69.05273861
72713279 69.690839392
72709162 70.355607538
72696769 70.98921369
72683028 71.639036135
72677953 72.282461843
72656459 72.962436796
72652259 73.602105219
72636039 74.238999116
72618455 74.898198724
72607883 75.565306225
72600593 76.213271128
72578471 76.859690565
72568355 77.520598722
72546632 78.172084509
72532782 78.827371876
72492831 79.465154442
72488986 80.116353819
72472497 80.776066459
72462311 81.451940288
72448818 82.114233786
72429872 82.735336862
72424082 83.397717279
72418556 84.061099925
72411426 84.708203607
72403783 85.350494251
72397049 86.029015193
72378234 86.680162677
72364668 87.360560669
72351398 88.01901813
72333453 88.716203948
72329319 89.360978291
72316845 90.006520201
72299261 90.665008602
72277712 91.3188454
72269771 91.980564873
72253806 92.632852489
72252217 93.285485814
72241765 93.934330201
72235733 94.600928032
72233643 95.249060845
72211479 95.900777209
72196208 96.527945753
72178754 97.218804411
72160863 97.889340659
72143643 98.529641836
72136730 99.229505052
72113607 99.887062074
72103764 100.540469641
72089489 101.190974005
72083750 101.832078671
72072847 102.499202988
72047880 103.176421057
72045512 103.846531037
72030880 104.518658484
72017418 105.194818728
72004675 105.86879004
71996815 106.546543798
71986066 107.228143205
71981728 107.89016188
71965045 108.564636179
71958147 109.248790855
71945611 109.880991869
71928025 110.554887621
71899498 111.240913362
71884824 111.897883012
71879204 112.557599412
71874525 113.240604816
71871692 113.919164279
71869163 114.604824882
71864273 115.253803795
71853400 115.928973514
71840689 116.590170953
71832161 117.25929902
71808502 117.919826217
71800895 118.570514735
71746521 119.23159785
71738992 119.909255217
71735830 120.598066633
71723912 121.249170337
71715813 121.911774481
71699405 122.578926999
71678023 123.229823
71674365 123.9208324
71663506 124.595944668
71649263 125.299301376
71646171 125.972181708
71641373 126.632727558
71634341 127.324464317
71626743 128.014190014
71623534 128.690003626
71619332 129.388364325
71612890 130.055478747
71596725 130.715440927
71584222 131.409634914
71568403 132.093086659
71558295 132.774357752
71543996 133.427104795
71539520 134.094431227
71524729 134.753153855
71518381 135.410846429
71491561 136.089756081
71482874 136.768175206
71469021 137.435210303
71466464 138.090406961
71445517 138.787161644
71434223 139.457233315
71417434 140.111208561
71405966 140.781586613
71401127 141.453832529
71398661 142.113789227
71392823 142.773326663
71387030 143.441155411
71378649 144.104487623
71375180 144.796381306
71363498 145.486038851
71353788 146.145746531
71338004 146.795127559
71331147 147.469921692
71327189 148.127121629
71306254 148.811887286
71303212 149.489657326
71260661 150.19207257
71258161 150.868747242
71255761 151.522277769
71252771 152.217683506
71246592 152.90272484
71244128 153.58610031
71236291 154.248172957
71233968 154.904707495
71219480 155.601316822
71207951 156.272294744
71193914 156.950930809
71188152 157.66713639
71185807 158.360188319
71178767 159.027914192
71177560 159.708489951
71175475 160.386825316
71167024 161.071942
71161331 161.74278353
71144427 162.456667653
71126801 163.178686444
71121216 163.843650847
71104443 164.541687738
71100801 165.2236238
71098148 165.863278275
71090783 166.555847138
71064391 167.233161416
71061721 167.912892013
71058060 168.592942186
71040572 169.250626455
71028520 169.948039371
71011786 170.636590611
70996683 171.319674685
70995500 172.015908652
70989357 172.723827349
70984183 173.415943166
70981717 174.098051741
70968125 174.795630907
70955263 175.491748277
70949357 176.184010493
70936279 176.871895532
70935271 177.578103212
70929922 178.289482041
70920319 178.995693469
70911223 179.678894401
70907165 180.336603007
70901004 181.017745987
70891875 181.699073056
70873928 182.397336777
70871506 183.081302267
70863837 183.769908922
70851010 184.470000725
70833746 185.155181061
70817435 185.854860734
70800503 186.531661489
70798300 187.197399051
70794622 187.902085149
70787631 188.606721462
70760085 189.292776842
70759314 189.962417214
70752317 190.645512621
70751290 191.357337977
70713710 192.060164614
70708698 192.793682271
70703236 193.498085624
70698315 194.178052857
70696078 194.845960537
70661494 195.540599047
70653919 196.237005423
70645674 196.935710566
70642796 197.634885309
70639433 198.346818182
70630041 199.042955138
70629302 199.746712131
70611202 200.444835898
70608702 201.154300696
70596973 201.874896514
70589267 202.600233252
70585329 203.295552338
70579688 204.011736996
70571317 204.705699787
70563627 205.394473774
70541268 206.123270677
70540688 206.827590198
70527218 207.559563897
70522962 208.23401961
70514203 208.933982788
70504543 209.637551976
70502187 210.354822353
70500010 211.105824911
70491042 211.796702887
70482086 212.4912702
70481078 213.205015708
70479098 213.942226643
70476925 214.680064759
70468404 215.375997
70453911 216.094194145
70432151 216.831580239
70423115 217.543688302
70420913 218.260080433
70419317 218.950681312
70414878 219.633996842
70394223 220.372107911
70386545 221.074619345
70372129 221.778878701
70367500 222.511682052
70367094 223.221208692
70362814 223.92990385
70360156 224.666932874
70359321 225.380555407
70340953 226.113988597
70339199 226.848831011
70323206 227.583414695
70318893 228.315131839
70312283 229.030405397
70307592 229.727500468
70299546 230.477723532
70296820 231.17258775
70294426 231.888276882
70294240 232.598817287
70278640 233.292289453
70268989 234.00754268
70264287 234.686281635
70246891 235.411798594
70244634 236.124527664
70235425 236.855921507
70233708 237.572704012
70192267 238.313660376
70188126 239.027420813
70179947 239.736629914
70179912 240.475496828
70178282 241.217077932
70166222 241.948413095
70163536 242.653621401
70160458 243.346210494
70157147 244.053991484
70153160 244.783631473
70147410 246.236747177
70131290 246.975949349
70130435 247.710761641
70127705 248.425224112
70119332 249.117326821
70115094 249.816428862
70107540 250.536583478
70099049 251.266629914
70091914 251.991991024
70088220 252.694400721
70084740 253.419661698
70083272 254.134617472
70081716 254.856594522
70079454 255.566820935
70073307 256.32254753
70071078 257.021525465
70058170 257.734979933
70056864 258.443539848
70051850 259.142607191
70039063 259.855786263
70037087 260.568535989
70014495 261.27924354
70010051 261.995039049
70007586 262.717971599
69998084 263.427739931
69989516 264.152220781
69987124 264.866183845
69960671 265.612326913
69956656 266.367969242
69956322 267.098598953
69952652 267.811602271
69945450 268.581001091
69945239 269.314151227
69944490 270.028912578
69937145 270.768196953
69935617 271.490000204
69930206 272.193193741
69925734 272.892574386
69922172 273.598204563
69908374 274.327765538
69894416 275.010265047
69892233 275.721962149
69878704 276.455527527
69871666 277.191291282
69866943 277.902362776
69864986 278.585171017
69858837 279.289496492
69852611 280.007950874
69840824 280.713726231
69838810 282.154030928
69836951 282.834506072
69836174 283.532215632
69830299 284.226065171
69811772 284.93510167
69810177 285.655670614
69808190 286.376226525
69801005 287.086533498
69791447 287.789210458
69788934 288.473001531
69778606 289.188306357
69777115 289.916312467
69768956 290.613408894
69763946 291.997823482
69759741 292.717043462
69754792 293.414494849
69747445 294.130718235
69743984 294.843751953
69733533 295.557423409
69731594 296.273179566
69717777 296.989456421
69708848 297.689000825
69708216 298.378462906
69701907 299.116998339
69693810 299.811683827
69683200 300.498720868
69675803 301.214042523
69656087 301.919664534
69654472 302.640569946
69648375 303.344383164
69647773 304.027270526
69645676 304.748767357
69638495 305.420818518
69630558 306.130989751
69628025 306.834682136
69622981 307.531902872
69621537 308.225818315
69615380 308.932917251
69612757 309.605885497
69606538 310.292116921
69592966 310.96497334
69590141 311.662724856
69588732 312.353486944
69584650 313.068930845
69581452 313.754686174
69576064 314.458965236
69566039 315.155941716
69563796 315.872249352
69550182 316.550705861
69549409 317.251211278
69544424 318.646026681
69542302 319.328391401
69539412 319.998195319
69536518 320.678995423
69529607 321.355233987
69522205 322.063131965
69513201 322.737886029
69512264 323.430804201
69511072 324.142466093
69507902 324.82670222
69506782 325.517481147
69506154 326.225834018
69496218 326.91850383
69493749 327.603801344
69476673 328.278313746
69475469 328.944971117
69469347 329.63097837
69458182 330.269034222
69457290 330.945096071
69451554 331.625302112
69451260 332.280147047
69443118 332.95012797
69440591 333.647791562
69437977 334.309855671
69435325 334.998805721
69426400 335.676276106
69424655 336.364436731
69417910 337.033662002
69417140 337.706546057
69412649 339.045085043
69406390 339.722673895
69399897 340.407470691
69392234 341.049059136
69388112 341.692893994
69378506 342.339971247
69377758 343.024235797
69375682 343.68699797
69373335 344.363511934
69371586 345.016848735
69363667 345.65887418
69356193 346.336962641
69350531 347.008755218
69345493 347.665270309
69343383 348.320261895
69343292 349.000921259
69342602 349.664033915
69339684 350.304300052
69334108 350.966543945
69329904 351.644980953
69326814 352.310222998
69320065 352.969477092
69318458 353.610212187
69314882 354.259863089
69313276 354.897952311
69310524 355.543983867
69309504 356.206579799
69305967 356.844253194
69297100 357.494240084
69292595 358.13441901
69289513 358.768456248
69289001 359.412954188
69259064 360.041726927
69257300 360.691222972
69249354 361.338035284
69246861 362.60938327
69245934 363.241568695
69243720 363.874260521
69239261 365.132706794
69235961 365.769912144
69229176 366.40142237
69226601 367.034480561
69216043 367.662070303
69213300 368.290578295
69211555 368.908554573
69208919 369.50902157
69205396 370.128262187
69200093 370.73763709
69198047 371.34464883
69188293 371.966661477
69187179 372.561506543
69182838 373.170776293
69181859 373.781481072
69180321 374.385531412
69178595 375.009610183
69176884 375.632912447
69176698 376.248821616
69176002 377.440889304
69173221 378.06764673
69172873 379.301088544
69171973 379.907182778
69169948 380.521650827
69160991 381.131042498
69160510 381.723688994
69142823 382.31353595
69138668 382.921770394
69134962 384.149605325
69131824 385.350285653
69129532 385.927906669
69126668 386.500184217
69124750 387.089076781
69124312 388.259392378
69121774 389.417546833
69120847 389.99288085
69120046 390.581279148
69115408 391.181615737
69112413 391.754985881
69111398 392.357820989
69110883 392.943280036
69110858 393.516494255
69110088 394.694093438
69108277 395.291637319
69107041 396.996429603
69105700 397.575586744
69104062 398.140937607
69103523 762.476918046
69098097 763.003404568
69096418 763.533577645
69091808 764.621904888
