98890754 214.84242628
98885293 215.949683128
98867769 217.040726501
98852609 218.082568417
98840891 219.116057881
98822115 220.226354588
98801122 221.283085837
98769705 222.338457127
98751374 223.377032748
98736636 224.443173774
98730100 225.467772865
98721834 226.491914454
98713736 227.546217339
98670834 228.591162859
98664627 229.646874556
98654978 230.687734322
98647733 231.732905815
98630023 232.799447981
98608772 233.872396204
98606641 234.993767228
98603583 236.094097941
98583104 237.220600194
98571761 238.307529839
98561250 239.436001765
98554987 240.532123251
98546985 241.636200136
98510568 242.762778036
98500688 243.83738707
98481359 244.917828874
98469404 245.984132686
98453650 247.097181403
98444394 248.181800256
98416972 249.270396998
98400825 250.347704072
98390112 251.432386001
98376074 252.611032791
98362067 253.71500229
98346800 254.827518189
98339516 255.910381711
98327212 257.036719025
98307977 258.173936299
98287336 259.280978602
98284227 260.339416405
98276878 261.426578818
98247178 262.510792939
98235391 263.608862042
98216441 264.699643553
98199745 265.786806887
98191298 266.880562343
98179017 268.022946745
98171341 269.106634915
98168929 270.202834521
98159192 271.326662215
98145497 272.435757751
98138019 273.539624735
98137454 274.632188004
98120292 275.717740514
98103995 276.77306818
98094581 277.870664844
98080803 278.96884243
98065925 280.034523148
98062109 281.148371993
98054039 282.236990279
98046548 283.293038443
98042262 284.398946824
98029002 285.507641357
98019851 286.651582151
98017006 287.776562019
97997184 288.855289391
97989112 289.937655424
97987422 291.034047856
97971881 292.136146086
97950972 293.224663702
97934365 294.326337414
97920222 295.381395877
97912848 296.478187069
97905265 297.541690135
97896674 298.655912575
97867789 299.743797177
97856479 300.844727677
97852461 301.955399526
97847156 303.042962589
97840114 304.124014175
97825497 305.204147924
97821674 306.316121179
97815742 307.398336633
97806580 308.481942791
97791845 309.563505588
97789943 310.707209306
97787428 311.855573247
97785626 312.929809152
97778927 313.968536038
97774423 315.038869266
97768432 316.112844649
97761935 317.226614761
97753952 318.321166784
97748150 319.438080407
97729705 320.571802043
97726026 321.689118418
97698397 322.785395991
97691866 323.863874104
97682060 324.954451127
97660100 326.057173025
97656720 327.189502137
97638419 328.286319161
97633669 329.350380618
97629806 330.40019042
97620004 331.501577588
97616360 332.602711823
97612151 333.686815518
97588163 334.752767056
97573288 335.857908029
97561057 336.949845231
97559553 338.052421766
97557446 339.151218924
97551519 340.224076017
97540138 341.318479978
97539493 342.408485228
97517544 343.48641699
97510182 344.589742171
97504710 345.723653785
97484901 346.834172254
97479904 347.941203192
97476388 349.029761384
97467249 350.17054277
97452860 351.233527807
97444175 352.323827992
97432922 353.404383333
97429297 354.519025419
97412787 355.594266463
97399248 356.639502353
97393800 357.747214114
97390618 358.870902777
97381483 359.953717603
97376672 361.074284136
97372143 362.150074748
97360320 363.230802367
97355526 364.263926248
97352494 365.314019852
97338097 366.361113816
97335361 367.443110157
97332749 368.504106315
97327452 369.589134746
97324093 370.684394421
97307098 371.7153155
97280937 372.778385106
97278443 373.823782651
97267949 374.897321093
97254383 375.943346886
97250610 377.011644632
97245918 378.058396711
97242657 379.150438038
97234292 380.202895188
97220248 381.262201719
97216723 382.366104352
97213162 383.453611606
97201603 384.543001149
97196353 385.613717427
97186932 386.655903483
97173523 387.742477386
97169440 388.795318983
97163267 389.899760303
97149345 390.907465524
97142009 391.93842868
97135759 393.027207326
97133221 394.077897036
97120568 395.153706945
97115587 396.237828565
97099875 397.346582973
97092258 398.378095674
97077867 399.439944114
97074713 400.488310639
97066182 401.609075833
97053570 402.659161609
97049247 403.712875917
97039706 404.806635785
97030794 405.890920251
97027835 406.934847445
97012488 407.985864541
97010995 409.046684545
96981150 410.108866688
96978439 411.201694933
96974208 412.307859324
96948893 413.31547136
96947840 414.391493003
96926115 415.442021254
96922391 416.477114473
96911563 417.527133072
96901448 418.595945009
96896970 419.686306996
96882263 420.794750229
96877433 421.859137132
96875487 422.924325301
96869918 423.964045612
96866317 424.997970089
96852326 426.042629255
96847894 427.121190233
96837613 428.188090866
96829402 429.241050208
96816982 430.282100444
96799524 431.333822191
96794221 432.366972604
96776072 433.435980386
96770823 434.53817729
96752092 435.629592505
96750217 436.707401291
96743845 437.770958928
96722325 438.822127723
96716789 439.872934329
96699929 440.924530457
96688470 441.98053884
96684044 443.068958815
96672321 444.136617806
96669132 445.165884716
96664358 446.226356449
96657356 447.274395982
96653408 448.295427867
96652296 449.36354379
96637203 450.466630037
96629357 451.501186822
96623282 452.619269909
96615827 453.680164679
96613749 454.739334981
96592873 455.868043145
96580331 456.912636498
96571562 458.011349105
96568276 459.056355228
96554863 460.117647669
96552774 461.127841316
96546448 462.186211752
96544637 463.256952277
96538579 464.296578117
96530737 465.358826272
96524912 466.393050877
96521091 467.480174232
96514802 468.547851251
96501691 469.618804378
96500113 470.709089198
96494120 471.774252644
96491756 472.851473708
96489921 473.957699229
96486525 475.036420107
96471680 476.088453803
96470313 477.158379
96459846 478.231075791
96457569 479.3026267
96454041 480.349136092
96430051 481.419385413
96416687 482.471263309
96415689 483.555054302
96412980 484.626914437
96404460 485.700718337
96403622 486.728775784
96390825 487.824543003
96389006 488.857702887
96386375 489.914022179
96375730 490.977651349
96373884 492.034393669
96372460 493.054487236
96367941 494.101393745
96366381 495.201532694
96360583 496.242839555
96357427 497.291635001
96341627 498.330225734
96338293 499.405770703
96331153 500.481042352
96328136 501.597276359
96324589 502.639057501
96319710 503.734074882
96317869 504.778943134
96310051 505.88250869
96300797 506.954107421
96297287 508.023977781
96291756 509.086221545
96288637 510.11668151
96284593 511.168117309
96283384 512.220761055
96282205 513.294529708
96280873 514.336681033
96259278 515.406113988
96253390 516.445295501
96251088 517.471479664
96246740 518.547902436
96242848 519.627048793
96234359 520.692262607
96220371 521.794052134
96198517 522.856398563
96167229 523.951740716
96159972 525.016569716
96129740 526.068773855
96125278 527.123299185
96118456 528.206991383
96115997 529.255014531
96107403 530.328035851
96089395 531.391051477
96088462 532.460996881
96079261 533.590536241
96067829 534.705865578
96062920 535.757930832
96052730 536.846920679
96044291 537.936903878
96039620 539.106564405
96034433 540.331423481
96004536 541.72184555
95996214 542.886710916
95991478 544.025383213
95988223 545.142534309
95980936 546.315936257
95971761 547.485461335
95970014 548.641489293
95964294 549.771200655
95962012 550.961150469
95961421 552.146641422
95957588 553.326812755
95955330 554.440416335
95951598 555.585724927
95944301 556.786077411
95939877 557.980837497
95935478 559.135802355
95934059 560.283154877
95930622 561.437521741
95929199 562.577336576
95921869 563.763769794
95890624 564.934581368
95889553 566.084108896
95877009 567.242327083
95875335 568.372116918
95873383 569.546868341
95835959 570.721142099
95816614 571.900420999
95814491 573.053312945
95811738 574.253537944
95808408 575.495223527
95805792 576.55138594
95801464 577.634765274
95797918 578.714794082
95785602 579.774085313
95780152 580.83980731
95779363 581.920075652
95775634 582.977651739
95771902 584.044773172
95764429 585.094569691
95762754 586.13749754
95755991 587.202075964
95746676 588.281268696
95742379 589.293104207
95736820 590.381841951
95735259 591.390263834
95733156 592.463078847
95718995 593.507038532
95699130 594.601124908
95696073 595.646464507
95691718 596.722304417
95684541 597.824541888
95682117 598.907227727
95679285 599.985322965
95672862 601.034653158
95671466 602.050335778
95656848 603.151969544
95648951 604.214179917
95647315 605.234976545
95646146 606.338830297
95644246 607.399232357
95639419 608.456100821
95638103 609.536098385
95617354 610.55500005
95607698 611.629912062
95604864 612.701263379
95600001 613.764576074
95597628 614.812293863
95592448 615.888699205
95588313 616.931635
95585812 617.990422714
95582075 619.01940434
95581717 620.008231241
95576716 621.054886988
95572178 622.123771572
95563905 623.172099413
95556494 624.24374322
95545434 625.30809655
95540279 626.384613923
95538715 627.489400902
95531153 628.556930045
95529118 629.608852597
95523063 630.652857563
95516844 631.709233917
95505422 632.773847956
95496916 633.851523058
95492990 634.919200471
95484275 636.020381675
95477589 637.1129916
95472254 638.192536907
95470245 639.28325373
95467721 640.3661491
95460100 641.470041344
95451089 642.532766384
95449975 643.584807479
95449203 644.668221714
95439600 646.818091489
95437955 647.835788515
95436305 648.900461755
95433518 649.975358609
95415832 651.035501593
95410516 652.074548743
95406607 653.136243246
95405021 654.197167378
95400202 655.296417975
95394454 656.359370974
95377341 657.431688835
95360303 658.498857093
95353708 659.54941686
95349047 660.615397683
95345871 661.689000967
95331116 662.767514061
95330285 663.854068338
95325576 664.879404681
95299787 665.999005171
95298007 667.007945695
95297417 668.054952032
95294716 669.12961809
95291101 670.190955813
95281757 671.23025245
95279821 672.274826383
95267653 673.407053997
95266390 674.493249612
95263358 675.552498239
95247794 676.626311321
95244784 677.703093733
95238245 678.735835087
95236162 679.83674791
95230422 680.906173426
95226139 682.007775162
95222369 683.056954181
95219936 684.089555834
95217392 685.156219664
95212290 686.264949037
95207576 687.347935612
95205446 688.414800829
95190696 689.449702528
95187082 690.524754897
95178324 691.602356934
95175615 692.647635265
95151952 693.659512279
95147606 694.731223539
95139640 695.768098123
95139307 696.859433004
95138419 697.959623697
95130983 699.041918213
95128984 700.084389548
95127587 701.143977258
95127108 702.216395536
95110594 703.269960783
95104440 704.315067871
95089070 705.399713933
95086088 706.465092686
95076492 707.510236557
95072734 708.536804727
95071823 709.575141599
95065188 710.618311892
95045250 711.658842379
95041835 712.723712453
95036748 713.831317816
95018079 714.904767138
95014484 715.939105938
95013875 717.006532111
95012363 718.095141634
95007957 719.107662434
95002417 720.184183215
95001479 721.285616159
94995145 722.379215337
94992721 723.444303261
94981902 724.497683244
94979333 725.623653995
94977920 726.681878018
94973427 727.779041971
94971703 728.868109816
94967613 729.924094237
94959100 730.978709108
94956848 732.061149937
94953829 733.150206537
94953783 734.219498146
94952339 735.253219555
94945797 737.40956582
94942819 738.452726071
94942405 739.527478736
94940649 740.562411172
94937706 741.622011673
94935980 742.682220991
94934711 743.720880566
94929463 744.767022383
94928139 745.815784001
94927284 746.899984582
94926048 747.953602694
94923902 749.024296466
94908092 750.132452162
94899097 751.164754359
94885425 752.271093297
94884310 753.320405299
94876841 754.409160424
