73680839 59.808553231
73622288 60.552139868
73594450 61.222111447
73547260 61.891860753
73534171 62.551415003
73526832 63.243604915
73518273 63.893511095
73495206 64.550822467
73487942 65.210044905
73478281 65.854379453
73459956 66.544279757
73454004 67.206419857
73445050 67.861991806
73435355 68.501764488
73429693 69.156888742
73423787 69.826002285
73401807 70.50754574
73400062 71.178859343
73395055 71.848663073
73387607 72.528336409
73381997 73.206976513
73377308 73.882522886
73367171 74.531808433
73363732 75.189186174
73356589 75.846239345
73339637 76.508686091
73328235 77.20418554
73296674 77.859581742
73289227 78.538913963
73275020 79.229927268
73257402 79.892255803
73247428 80.569815242
73238711 81.214856125
73227490 81.89495634
73217673 82.551025084
73195206 83.231885936
73194960 83.872308559
73190129 84.552544748
73177938 85.224041919
73134268 85.87670094
73106977 86.537921507
73090949 87.173104878
73086671 87.832747051
73077559 88.480500322
73074471 89.131251522
73072784 89.775132823
73063042 90.459886533
73043772 91.158947164
73037577 91.81781292
73029603 92.461811993
73023193 93.117134251
73015681 93.789394237
72963899 94.439576834
72957336 95.119338192
72948361 95.784010865
72940829 96.458105211
72927519 97.111347996
72894608 97.781860624
72874916 98.432048413
72857748 99.10150117
72850637 99.776453915
72845413 100.448298659
72838228 101.099946708
72829613 101.764065975
72819516 102.439958139
72810131 103.099640057
72799962 103.770129943
72778001 104.430619889
72770808 105.111048776
72764306 105.787534002
72757082 106.453353581
72739412 107.139602455
72734246 107.817606809
72721145 108.50939878
72719967 109.174810766
72710509 109.840361834
72695039 110.532707118
72665712 111.224738161
72651202 111.908237
72639109 112.565944217
72637309 113.2450939
72624133 113.911829018
72607286 114.607576043
72596260 115.281863156
72581637 115.926417992
72579818 116.608811199
72568744 117.3105165
72559081 117.954752676
72540347 118.641062142
72536926 119.316875927
72530300 119.970824642
72521044 120.670385966
72515979 121.338060925
72501492 122.007764578
72485564 122.668001583
72471611 123.351402357
72463626 124.021666462
72446575 124.725256357
72437261 125.410106349
72417610 126.09206179
72405444 126.781312791
72396001 127.454883
72351124 128.166439283
72348942 128.870220549
72341148 129.543982633
72311603 130.227697448
72306441 130.917523275
72298132 131.609014501
72273387 132.293946525
72269547 132.944713898
72265037 133.611534511
72260992 134.286680279
72244946 134.978091302
72229054 135.653442194
72220349 136.359235458
72204858 137.068082419
72195271 137.757119165
72188656 138.452962968
72181592 139.13240488
72176237 139.819145913
72168235 140.476302593
72161774 141.172709313
72154939 141.874917427
72149393 142.58643312
72138855 143.270289365
72132077 143.959847341
72126975 144.61796346
72118486 145.298261195
72105653 145.981287027
72097365 146.652792068
72093719 147.343228879
72082969 148.045261992
72076579 148.743062707
72072114 149.422916012
72035242 150.134927015
72012835 150.821048417
72008351 151.503896553
71987915 152.161964801
71972577 152.847929182
71970061 153.516346115
71961741 154.213745419
71958628 154.899095648
71942834 155.619343801
71934749 156.321147889
71916095 157.034277245
71910779 157.701713983
71903561 158.397594971
71895064 159.124526026
71891957 159.809005603
71874964 160.499559436
71871238 161.203686445
71868992 161.89233976
71866858 162.596424926
71846513 163.277591884
71836553 163.989940871
71832295 164.703312672
71820123 165.381454552
71804975 166.069669154
71803098 166.762125713
71793581 167.437931869
71786579 168.10912267
71773452 168.833150335
71760743 169.530448821
71757318 170.212788646
71750803 170.90584387
71743640 171.629123296
71740863 172.327466375
71710712 173.033137399
71697755 173.724864377
71692900 174.418344228
71682721 175.106390011
71670949 175.80969265
71669491 176.522416181
71662701 177.217821896
71657650 177.918653031
71650841 178.622878376
71636904 179.325536914
71626561 180.044451888
71606396 180.724697589
71598704 181.469165537
71595456 182.14871043
71593911 182.849189702
71582653 183.53493644
71580827 184.241835399
71576516 184.956042868
71565815 185.684260415
71562036 186.393723332
71560323 187.118220325
71550864 187.817576021
71548255 188.543693782
71535588 189.265590522
71516828 190.008257038
71512927 190.719000984
71504272 191.423948291
71496595 192.101846375
71491092 192.807109248
71478148 193.548255311
71467600 194.245731724
71459836 194.953612443
71446076 195.652541704
71443152 196.347926371
71426841 197.050880095
71423629 197.76768875
71418642 198.440870268
71392094 199.163609614
71387362 199.873179124
71383894 200.599340092
71374134 201.312597998
71369935 202.022717047
71367712 202.74112734
71352323 203.436534072
71343755 204.183144426
71342664 204.872513416
71331947 205.598023834
71321521 206.320897005
71302751 207.032076869
71301205 207.747760878
71287190 208.466669567
71271407 209.191811282
71254172 209.897316759
71248026 210.606615641
71241841 211.331783712
71238166 212.034666836
71230391 212.754098117
71225476 213.467803519
71224241 214.167239603
71220494 214.876918883
71217319 215.59077762
71214193 216.320574983
71205933 217.029170737
71203338 217.756618004
71199047 218.460308042
71186693 219.182471131
71161375 219.942655037
71155016 220.674271205
71145831 221.404878073
71143685 222.096519261
71142999 222.839939926
71128142 223.553159942
71126801 224.277898233
71120913 225.0037478
71116178 225.748639544
71108728 226.462143082
71105500 227.203060532
71102083 227.946369385
71101939 228.656474282
71099144 229.389695596
71094279 230.124007385
71092536 230.873189221
71084080 231.626884583
71080986 232.354582857
71052343 233.048067031
71043780 233.769529616
71042117 234.477832573
71039751 235.204651624
71038389 235.932044441
71023516 236.663107935
71009099 237.388235577
71002230 238.129826123
70994962 238.838625992
70993103 239.584543554
70985264 240.298798074
70981127 241.041175862
70975017 241.759763434
70957439 242.45061662
70944535 243.156572769
70941704 243.887263965
70938022 244.655563294
70936141 245.386484364
70935200 246.092673387
70920599 246.862458789
70919758 247.582937929
70892854 248.30450744
70888256 249.037431963
70885901 249.784022113
70885379 250.521799269
70857524 251.287630799
70854204 252.022238834
70849289 252.745566761
70842393 253.480924614
70840517 254.195418137
70833640 254.911572174
70824861 255.659776767
70820079 256.419083492
70807784 257.147128861
70798416 257.884353065
70787232 258.602473502
70778954 259.343453629
70776846 260.059882345
70769804 260.811591607
70754662 261.569930903
70754279 262.318338388
70748692 263.063718349
70743357 263.791138406
70722254 264.540481172
70718411 265.284838712
70710925 266.024853639
70704467 266.725306785
70702016 267.455296914
70698634 268.215595331
70687252 268.906669625
70679014 269.645921966
70673673 270.406204287
70673295 271.14585333
70670594 271.863760556
70659082 272.606283198
70646774 273.3573941
70619706 274.111827503
70610806 274.814352409
70609661 275.56365919
70604033 276.288373645
70590330 277.030903665
70588604 277.749062846
70586892 278.47038392
70585997 279.22637333
70584638 279.993278918
70583285 280.73027769
70581743 281.451783895
70581026 282.195870336
70580123 282.924994161
70579373 284.323515344
70548837 285.082815764
70543052 285.822228889
70532803 286.573511993
70531211 287.271583666
70529422 288.00117754
70528872 288.735775746
70521925 289.463808496
70514644 290.207239272
70508943 290.935152043
70508233 291.651956375
70497340 292.386170859
70489931 293.098922384
70485571 293.836797474
70473648 294.576120802
70471587 295.307332486
70461436 296.040539893
70453829 296.76924387
70438320 297.505984761
70422609 298.213586282
70410983 298.892984697
70392170 299.582285084
70391460 300.326231237
70386699 301.043645037
70381977 301.751135797
70378223 302.460099621
70349455 303.207882595
70346676 303.937458799
70343317 304.609366782
70334447 305.315234869
70334302 306.035039622
70325880 306.737406495
70320953 307.47518423
70319453 308.169723459
70316275 308.877282273
70312026 310.278520242
70309404 311.726908346
70307355 312.407145965
70304417 313.127696148
70300971 313.81542461
70297947 314.566439574
70297185 315.296851446
70292661 316.030979229
70292414 316.741265531
70290733 317.414314679
70289176 318.099297119
70283891 318.802070829
70272038 319.491796156
70269198 320.188356742
70261569 320.899767594
70250187 321.623959668
70248614 322.324181345
70234985 323.028607302
70225593 323.716378893
70224286 324.409996038
70219834 325.129584261
70218885 325.851385666
70211354 326.570142702
70202359 327.243284441
70194203 327.933187313
70189145 328.642468023
70186856 329.344447933
70185545 330.014549321
70181782 330.679271546
70174188 331.353912949
70172629 332.02295215
70155614 332.730243036
70153605 334.078613288
70149021 334.77449382
70142728 335.44988451
70142422 336.149223504
70133931 336.846353684
70131652 337.506767594
70130835 338.177509457
70121550 338.86566674
70116011 339.549808455
70111916 340.216337284
70103765 340.916829662
70101113 342.858448648
70096348 343.530496024
70092658 344.191780807
70089082 344.875414705
70087959 346.173255562
70078286 346.809409912
70074475 347.465310515
70072324 348.154488288
70068662 348.82618567
70062448 349.500599531
70060460 350.13528098
70056582 350.800107219
70051998 351.450861342
70047114 352.090396393
70041957 352.758442016
70029319 353.405181469
70020880 354.042331751
70018443 354.686970937
70005840 355.323972429
70003913 356.001606853
70002308 356.66068674
69997754 357.337289279
69992244 357.973581706
69980234 358.590696238
69975627 359.226826992
69971490 359.874021671
69970864 360.482959815
69956057 361.138871173
69953737 361.740271107
69952533 362.337665517
69950448 362.976830199
69945503 363.611571106
69941694 364.21854858
69941116 364.812615915
69930664 365.441969467
69929626 367.313613298
69929064 367.946691243
69921578 368.554576859
69919765 369.187626942
69918055 369.798406573
69916947 370.419011043
69910662 371.036694111
69905737 371.643720583
69902655 372.249051602
69894650 373.444341564
69893837 374.010196313
69891195 375.842427298
69886601 376.455789582
69885308 377.058220271
69883131 377.692805818
69879385 378.297775083
69872558 378.871124859
69869395 379.473726851
69866099 380.077143768
69861881 380.693833829
69856499 381.259718759
69846154 381.837867752
69841729 382.454090486
69841557 383.045474911
69836030 384.240631589
69833723 384.825698166
69830808 385.394630096
69828504 386.006469397
69823687 387.163084737
69819862 387.752285141
69812492 388.312605203
69811676 388.891641846
69809575 389.462203131
69785220 390.016681283
69784947 390.591522257
69782865 391.192011584
69782569 391.769239495
69782377 392.351666818
69781612 392.910720299
69779087 393.467719795
69777660 394.048261495
69775730 396.319773999
69775465 396.87459084
69772943 397.975741075
69771197 398.529193013
69770186 399.080933827
69769332 399.625890238
69768113 400.187549783
69766396 400.75343816
